2017-01-14 00:17:18.257354

topic-folder:/home/ec2-user/data/topics/
cl-file:../tfidf/result-new/b3-3-1.txt
cl-floder:/home/ec2-user/data/ldaclass-64-2000-top1000/
zipf:0.2
stype[0(tfidf)/1(tfidf2)/2(lsa)/3(lda)]:3
dtype[<0(diff*rand)/0(diff)/1(same)/>=2(diff*same)]:0
output-floder:result

三菱マテリアル株式会社

@/home/ec2-user/data/topics/3866 0
@/home/ec2-user/data/topics/2093 0
@/home/ec2-user/data/topics/3546 1
@/home/ec2-user/data/topics/3470 2
@/home/ec2-user/data/topics/1638 3
@/home/ec2-user/data/topics/3520 4
@/home/ec2-user/data/topics/1085 5
@/home/ec2-user/data/topics/3630 6
日本精機株式会社

@/home/ec2-user/data/topics/1398 7
@/home/ec2-user/data/topics/4709 7
@/home/ec2-user/data/topics/4690 8
@/home/ec2-user/data/topics/4875 9
@/home/ec2-user/data/topics/4907 10
@/home/ec2-user/data/topics/4972 11
コニカ株式会社

@/home/ec2-user/data/topics/3370 12
@/home/ec2-user/data/topics/2162 12
@/home/ec2-user/data/topics/1946 13
@/home/ec2-user/data/topics/3533 14
@/home/ec2-user/data/topics/3419 15
@/home/ec2-user/data/topics/3426 16
@/home/ec2-user/data/topics/3357 17
@/home/ec2-user/data/topics/3431 18
@/home/ec2-user/data/topics/3486 19
@/home/ec2-user/data/topics/3418 20
@/home/ec2-user/data/topics/3414 21
埼玉日本電気株式会社

@/home/ec2-user/data/topics/4279 22
@/home/ec2-user/data/topics/1620 22
@/home/ec2-user/data/topics/4283 23
@/home/ec2-user/data/topics/4242 24
@/home/ec2-user/data/topics/4496 25
@/home/ec2-user/data/topics/4998 26
@/home/ec2-user/data/topics/4468 27
@/home/ec2-user/data/topics/5010 28
@/home/ec2-user/data/topics/1512 29
アルプス電気株式会社

@/home/ec2-user/data/topics/2012 30
@/home/ec2-user/data/topics/1434 30
@/home/ec2-user/data/topics/2089 31
@/home/ec2-user/data/topics/3429 32
@/home/ec2-user/data/topics/1253 33
@/home/ec2-user/data/topics/3582 34
@/home/ec2-user/data/topics/4791 35
三菱重工業株式会社

@/home/ec2-user/data/topics/3833 36
@/home/ec2-user/data/topics/4862 36
@/home/ec2-user/data/topics/3944 37
@/home/ec2-user/data/topics/4687 38
@/home/ec2-user/data/topics/4563 39
@/home/ec2-user/data/topics/5022 40
@/home/ec2-user/data/topics/4882 41
@/home/ec2-user/data/topics/3591 42
@/home/ec2-user/data/topics/3637 43
@/home/ec2-user/data/topics/4412 44
@/home/ec2-user/data/topics/3529 45
@/home/ec2-user/data/topics/3503 46
村田機械株式会社

@/home/ec2-user/data/topics/4638 47
@/home/ec2-user/data/topics/4441 47
@/home/ec2-user/data/topics/4941 48
@/home/ec2-user/data/topics/4746 49
@/home/ec2-user/data/topics/4645 50
@/home/ec2-user/data/topics/1293 51
@/home/ec2-user/data/topics/3528 52
@/home/ec2-user/data/topics/1074 53
@/home/ec2-user/data/topics/4835 54
@/home/ec2-user/data/topics/1511 55
@/home/ec2-user/data/topics/4565 56
@/home/ec2-user/data/topics/4570 57
@/home/ec2-user/data/topics/5000 58
@/home/ec2-user/data/topics/4596 59
@/home/ec2-user/data/topics/3740 60
@/home/ec2-user/data/topics/4556 61
@/home/ec2-user/data/topics/1607 62
川崎製鉄株式会社

@/home/ec2-user/data/topics/3929 63
@/home/ec2-user/data/topics/3413 63
@/home/ec2-user/data/topics/1459 64
@/home/ec2-user/data/topics/1037 65
@/home/ec2-user/data/topics/3553 66
@/home/ec2-user/data/topics/3611 67
@/home/ec2-user/data/topics/3532 68
@/home/ec2-user/data/topics/3483 69
@/home/ec2-user/data/topics/4615 70
ダイキン工業株式会社

@/home/ec2-user/data/topics/4858 71
@/home/ec2-user/data/topics/4701 71
@/home/ec2-user/data/topics/4400 72
@/home/ec2-user/data/topics/1565 73
@/home/ec2-user/data/topics/4845 74
@/home/ec2-user/data/topics/1600 75
@/home/ec2-user/data/topics/4753 76
@/home/ec2-user/data/topics/4515 77
@/home/ec2-user/data/topics/4367 78
@/home/ec2-user/data/topics/4734 79
@/home/ec2-user/data/topics/3888 80
三菱自動車工業株式会社

@/home/ec2-user/data/topics/1428 81
@/home/ec2-user/data/topics/3815 81
@/home/ec2-user/data/topics/4189 82
@/home/ec2-user/data/topics/3502 83
@/home/ec2-user/data/topics/1816 84
@/home/ec2-user/data/topics/1527 85
@/home/ec2-user/data/topics/3940 86
@/home/ec2-user/data/topics/2101 87
日産自動車株式会社

@/home/ec2-user/data/topics/4074 88
@/home/ec2-user/data/topics/3497 88
@/home/ec2-user/data/topics/4982 89
@/home/ec2-user/data/topics/3829 90
@/home/ec2-user/data/topics/3501 91
@/home/ec2-user/data/topics/3677 92
@/home/ec2-user/data/topics/3489 93
@/home/ec2-user/data/topics/3936 94
@/home/ec2-user/data/topics/3723 95
@/home/ec2-user/data/topics/3645 96
@/home/ec2-user/data/topics/3712 97
トヨタ自動車株式会社

@/home/ec2-user/data/topics/4543 98
@/home/ec2-user/data/topics/2218 98
@/home/ec2-user/data/topics/1551 99
@/home/ec2-user/data/topics/4426 100
@/home/ec2-user/data/topics/3699 101
@/home/ec2-user/data/topics/4633 102
@/home/ec2-user/data/topics/3725 103
@/home/ec2-user/data/topics/3481 104
@/home/ec2-user/data/topics/3405 105
@/home/ec2-user/data/topics/3758 106
@/home/ec2-user/data/topics/3671 107
@/home/ec2-user/data/topics/4617 108
@/home/ec2-user/data/topics/4144 109
@/home/ec2-user/data/topics/4647 110
@/home/ec2-user/data/topics/4064 111
@/home/ec2-user/data/topics/4658 112
@/home/ec2-user/data/topics/1494 113
@/home/ec2-user/data/topics/4008 114
@/home/ec2-user/data/topics/4298 115
@/home/ec2-user/data/topics/4346 116
@/home/ec2-user/data/topics/4030 117
@/home/ec2-user/data/topics/2111 118
@/home/ec2-user/data/topics/4920 119
@/home/ec2-user/data/topics/3356 120
@/home/ec2-user/data/topics/3731 121
@/home/ec2-user/data/topics/3783 122
@/home/ec2-user/data/topics/3587 123
@/home/ec2-user/data/topics/3943 124
@/home/ec2-user/data/topics/4767 125
オリンパス光学工業株式会社

@/home/ec2-user/data/topics/1981 126
@/home/ec2-user/data/topics/1739 126
@/home/ec2-user/data/topics/4007 127
@/home/ec2-user/data/topics/4878 128
@/home/ec2-user/data/topics/1835 129
@/home/ec2-user/data/topics/1586 130
@/home/ec2-user/data/topics/1107 131
@/home/ec2-user/data/topics/2026 132
@/home/ec2-user/data/topics/1869 133
@/home/ec2-user/data/topics/1155 134
@/home/ec2-user/data/topics/5006 135
@/home/ec2-user/data/topics/4013 136
ブラザー工業株式会社

@/home/ec2-user/data/topics/3507 137
@/home/ec2-user/data/topics/3613 137
@/home/ec2-user/data/topics/1076 138
@/home/ec2-user/data/topics/2085 139
@/home/ec2-user/data/topics/3686 140
@/home/ec2-user/data/topics/1697 141
@/home/ec2-user/data/topics/1636 142
@/home/ec2-user/data/topics/1906 143
@/home/ec2-user/data/topics/4548 144
@/home/ec2-user/data/topics/1183 145
@/home/ec2-user/data/topics/3477 146
@/home/ec2-user/data/topics/3789 147
@/home/ec2-user/data/topics/2086 148
@/home/ec2-user/data/topics/1164 149
@/home/ec2-user/data/topics/1300 150
富士通株式会社

@/home/ec2-user/data/topics/3802 151
@/home/ec2-user/data/topics/2227 151
@/home/ec2-user/data/topics/3846 152
@/home/ec2-user/data/topics/3538 153
@/home/ec2-user/data/topics/4191 154
@/home/ec2-user/data/topics/3381 155
@/home/ec2-user/data/topics/3751 156
@/home/ec2-user/data/topics/3400 157
@/home/ec2-user/data/topics/1123 158
@/home/ec2-user/data/topics/1271 159
@/home/ec2-user/data/topics/3870 160
@/home/ec2-user/data/topics/5004 161
@/home/ec2-user/data/topics/3850 162
@/home/ec2-user/data/topics/3749 163
@/home/ec2-user/data/topics/2216 164
@/home/ec2-user/data/topics/3636 165
@/home/ec2-user/data/topics/1609 166
@/home/ec2-user/data/topics/3428 167
@/home/ec2-user/data/topics/3799 168
@/home/ec2-user/data/topics/3765 169
@/home/ec2-user/data/topics/3460 170
@/home/ec2-user/data/topics/3399 171
@/home/ec2-user/data/topics/1998 172
@/home/ec2-user/data/topics/1264 173
@/home/ec2-user/data/topics/1547 174
@/home/ec2-user/data/topics/2215 175
@/home/ec2-user/data/topics/3862 176
@/home/ec2-user/data/topics/3883 177
@/home/ec2-user/data/topics/3912 178
@/home/ec2-user/data/topics/3962 179
@/home/ec2-user/data/topics/1874 180
@/home/ec2-user/data/topics/3970 181
静岡日本電気株式会社

@/home/ec2-user/data/topics/4531 182
@/home/ec2-user/data/topics/4365 182
@/home/ec2-user/data/topics/4314 183
@/home/ec2-user/data/topics/4507 184
@/home/ec2-user/data/topics/4326 185
@/home/ec2-user/data/topics/4250 186
住友重機械工業株式会社

@/home/ec2-user/data/topics/1900 187
@/home/ec2-user/data/topics/3952 187
@/home/ec2-user/data/topics/4854 188
@/home/ec2-user/data/topics/2039 189
@/home/ec2-user/data/topics/1019 190
@/home/ec2-user/data/topics/1505 191
@/home/ec2-user/data/topics/1373 192
@/home/ec2-user/data/topics/3868 193
@/home/ec2-user/data/topics/1553 194
大日本印刷株式会社

@/home/ec2-user/data/topics/1564 195
@/home/ec2-user/data/topics/3569 195
@/home/ec2-user/data/topics/1099 196
@/home/ec2-user/data/topics/1145 197
@/home/ec2-user/data/topics/1262 198
@/home/ec2-user/data/topics/3388 199
日本電気株式会社

@/home/ec2-user/data/topics/1624 200
@/home/ec2-user/data/topics/4162 200
@/home/ec2-user/data/topics/1937 201
@/home/ec2-user/data/topics/1122 202
@/home/ec2-user/data/topics/4595 203
@/home/ec2-user/data/topics/4300 204
@/home/ec2-user/data/topics/4808 205
@/home/ec2-user/data/topics/4682 206
@/home/ec2-user/data/topics/4082 207
@/home/ec2-user/data/topics/2166 208
@/home/ec2-user/data/topics/4689 209
@/home/ec2-user/data/topics/1326 210
@/home/ec2-user/data/topics/4092 211
@/home/ec2-user/data/topics/4561 212
@/home/ec2-user/data/topics/4876 213
@/home/ec2-user/data/topics/4657 214
@/home/ec2-user/data/topics/1928 215
@/home/ec2-user/data/topics/4485 216
@/home/ec2-user/data/topics/4742 217
@/home/ec2-user/data/topics/1500 218
@/home/ec2-user/data/topics/4240 219
@/home/ec2-user/data/topics/2127 220
@/home/ec2-user/data/topics/4142 221
@/home/ec2-user/data/topics/3995 222
@/home/ec2-user/data/topics/4398 223
@/home/ec2-user/data/topics/4926 224
@/home/ec2-user/data/topics/1867 225
@/home/ec2-user/data/topics/1362 226
@/home/ec2-user/data/topics/4549 227
@/home/ec2-user/data/topics/4892 228
@/home/ec2-user/data/topics/4434 229
@/home/ec2-user/data/topics/4342 230
@/home/ec2-user/data/topics/3766 231
@/home/ec2-user/data/topics/4785 232
@/home/ec2-user/data/topics/4584 233
@/home/ec2-user/data/topics/4779 234
@/home/ec2-user/data/topics/4609 235
@/home/ec2-user/data/topics/4244 236
@/home/ec2-user/data/topics/4940 237
@/home/ec2-user/data/topics/4254 238
@/home/ec2-user/data/topics/1661 239
@/home/ec2-user/data/topics/4288 240
@/home/ec2-user/data/topics/4764 241
@/home/ec2-user/data/topics/3744 242
@/home/ec2-user/data/topics/4530 243
@/home/ec2-user/data/topics/1764 244
@/home/ec2-user/data/topics/4359 245
@/home/ec2-user/data/topics/4725 246
@/home/ec2-user/data/topics/4081 247
@/home/ec2-user/data/topics/4696 248
@/home/ec2-user/data/topics/4278 249
@/home/ec2-user/data/topics/4877 250
@/home/ec2-user/data/topics/4138 251
@/home/ec2-user/data/topics/4276 252
@/home/ec2-user/data/topics/4186 253
@/home/ec2-user/data/topics/1557 254
@/home/ec2-user/data/topics/4666 255
@/home/ec2-user/data/topics/1710 256
@/home/ec2-user/data/topics/3954 257
@/home/ec2-user/data/topics/3897 258
@/home/ec2-user/data/topics/1567 259
@/home/ec2-user/data/topics/4360 260
@/home/ec2-user/data/topics/1634 261
@/home/ec2-user/data/topics/4100 262
@/home/ec2-user/data/topics/4824 263
@/home/ec2-user/data/topics/4320 264
@/home/ec2-user/data/topics/4243 265
@/home/ec2-user/data/topics/4246 266
@/home/ec2-user/data/topics/4236 267
@/home/ec2-user/data/topics/2041 268
@/home/ec2-user/data/topics/4238 269
@/home/ec2-user/data/topics/4338 270
@/home/ec2-user/data/topics/4071 271
@/home/ec2-user/data/topics/4343 272
@/home/ec2-user/data/topics/2022 273
@/home/ec2-user/data/topics/1523 274
@/home/ec2-user/data/topics/4760 275
@/home/ec2-user/data/topics/1078 276
@/home/ec2-user/data/topics/4247 277
@/home/ec2-user/data/topics/4257 278
@/home/ec2-user/data/topics/4281 279
@/home/ec2-user/data/topics/4389 280
@/home/ec2-user/data/topics/4313 281
@/home/ec2-user/data/topics/4644 282
@/home/ec2-user/data/topics/4603 283
@/home/ec2-user/data/topics/4371 284
@/home/ec2-user/data/topics/3853 285
@/home/ec2-user/data/topics/4168 286
@/home/ec2-user/data/topics/4158 287
@/home/ec2-user/data/topics/4352 288
@/home/ec2-user/data/topics/1360 289
@/home/ec2-user/data/topics/4480 290
@/home/ec2-user/data/topics/1815 291
@/home/ec2-user/data/topics/2088 292
@/home/ec2-user/data/topics/4659 293
@/home/ec2-user/data/topics/4319 294
@/home/ec2-user/data/topics/1612 295
@/home/ec2-user/data/topics/4646 296
@/home/ec2-user/data/topics/4626 297
@/home/ec2-user/data/topics/4838 298
@/home/ec2-user/data/topics/4578 299
@/home/ec2-user/data/topics/1844 300
@/home/ec2-user/data/topics/4750 301
@/home/ec2-user/data/topics/4708 302
@/home/ec2-user/data/topics/1383 303
@/home/ec2-user/data/topics/4272 304
@/home/ec2-user/data/topics/4134 305
@/home/ec2-user/data/topics/3767 306
@/home/ec2-user/data/topics/4458 307
@/home/ec2-user/data/topics/4728 308
@/home/ec2-user/data/topics/4460 309
@/home/ec2-user/data/topics/1773 310
@/home/ec2-user/data/topics/4447 311
@/home/ec2-user/data/topics/1364 312
@/home/ec2-user/data/topics/4770 313
@/home/ec2-user/data/topics/4309 314
@/home/ec2-user/data/topics/1783 315
@/home/ec2-user/data/topics/4634 316
@/home/ec2-user/data/topics/4393 317
@/home/ec2-user/data/topics/4613 318
@/home/ec2-user/data/topics/1973 319
@/home/ec2-user/data/topics/4204 320
@/home/ec2-user/data/topics/4017 321
@/home/ec2-user/data/topics/4775 322
@/home/ec2-user/data/topics/1923 323
@/home/ec2-user/data/topics/4537 324
@/home/ec2-user/data/topics/3896 325
@/home/ec2-user/data/topics/4216 326
@/home/ec2-user/data/topics/4536 327
@/home/ec2-user/data/topics/1116 328
@/home/ec2-user/data/topics/4093 329
@/home/ec2-user/data/topics/3729 330
@/home/ec2-user/data/topics/4718 331
@/home/ec2-user/data/topics/4267 332
@/home/ec2-user/data/topics/4418 333
@/home/ec2-user/data/topics/1791 334
@/home/ec2-user/data/topics/4446 335
@/home/ec2-user/data/topics/4227 336
@/home/ec2-user/data/topics/4129 337
@/home/ec2-user/data/topics/4665 338
@/home/ec2-user/data/topics/4275 339
@/home/ec2-user/data/topics/4154 340
@/home/ec2-user/data/topics/2119 341
@/home/ec2-user/data/topics/4850 342
@/home/ec2-user/data/topics/4427 343
@/home/ec2-user/data/topics/4532 344
@/home/ec2-user/data/topics/1879 345
@/home/ec2-user/data/topics/2144 346
@/home/ec2-user/data/topics/4721 347
@/home/ec2-user/data/topics/4759 348
@/home/ec2-user/data/topics/1101 349
@/home/ec2-user/data/topics/4260 350
@/home/ec2-user/data/topics/1852 351
@/home/ec2-user/data/topics/1100 352
@/home/ec2-user/data/topics/4533 353
@/home/ec2-user/data/topics/2031 354
@/home/ec2-user/data/topics/4490 355
@/home/ec2-user/data/topics/4192 356
@/home/ec2-user/data/topics/4273 357
@/home/ec2-user/data/topics/4442 358
@/home/ec2-user/data/topics/3886 359
@/home/ec2-user/data/topics/4153 360
@/home/ec2-user/data/topics/4171 361
@/home/ec2-user/data/topics/4315 362
@/home/ec2-user/data/topics/1199 363
@/home/ec2-user/data/topics/1457 364
@/home/ec2-user/data/topics/4699 365
@/home/ec2-user/data/topics/4816 366
@/home/ec2-user/data/topics/3875 367
@/home/ec2-user/data/topics/4003 368
@/home/ec2-user/data/topics/4643 369
@/home/ec2-user/data/topics/4433 370
@/home/ec2-user/data/topics/1016 371
@/home/ec2-user/data/topics/4497 372
@/home/ec2-user/data/topics/3724 373
@/home/ec2-user/data/topics/4063 374
@/home/ec2-user/data/topics/1891 375
@/home/ec2-user/data/topics/4598 376
@/home/ec2-user/data/topics/4429 377
@/home/ec2-user/data/topics/4209 378
@/home/ec2-user/data/topics/2150 379
@/home/ec2-user/data/topics/4440 380
@/home/ec2-user/data/topics/4097 381
@/home/ec2-user/data/topics/4120 382
@/home/ec2-user/data/topics/4477 383
@/home/ec2-user/data/topics/4650 384
@/home/ec2-user/data/topics/3971 385
@/home/ec2-user/data/topics/4318 386
@/home/ec2-user/data/topics/4207 387
@/home/ec2-user/data/topics/1044 388
@/home/ec2-user/data/topics/4388 389
@/home/ec2-user/data/topics/1464 390
@/home/ec2-user/data/topics/1486 391
@/home/ec2-user/data/topics/4185 392
@/home/ec2-user/data/topics/1052 393
@/home/ec2-user/data/topics/4119 394
@/home/ec2-user/data/topics/1595 395
@/home/ec2-user/data/topics/5034 396
@/home/ec2-user/data/topics/4404 397
@/home/ec2-user/data/topics/1281 398
@/home/ec2-user/data/topics/4137 399
@/home/ec2-user/data/topics/1112 400
@/home/ec2-user/data/topics/4128 401
@/home/ec2-user/data/topics/4651 402
@/home/ec2-user/data/topics/4425 403
@/home/ec2-user/data/topics/1948 404
@/home/ec2-user/data/topics/4062 405
@/home/ec2-user/data/topics/4486 406
@/home/ec2-user/data/topics/4902 407
@/home/ec2-user/data/topics/1724 408
@/home/ec2-user/data/topics/4390 409
@/home/ec2-user/data/topics/4196 410
@/home/ec2-user/data/topics/3938 411
@/home/ec2-user/data/topics/4258 412
@/home/ec2-user/data/topics/4749 413
@/home/ec2-user/data/topics/4116 414
@/home/ec2-user/data/topics/3956 415
@/home/ec2-user/data/topics/4310 416
@/home/ec2-user/data/topics/3865 417
@/home/ec2-user/data/topics/4414 418
松下電器産業株式会社

@/home/ec2-user/data/topics/1633 419
@/home/ec2-user/data/topics/4817 419
@/home/ec2-user/data/topics/4867 420
@/home/ec2-user/data/topics/1477 421
@/home/ec2-user/data/topics/3694 422
@/home/ec2-user/data/topics/4558 423
@/home/ec2-user/data/topics/1635 424
@/home/ec2-user/data/topics/3746 425
@/home/ec2-user/data/topics/2129 426
@/home/ec2-user/data/topics/4355 427
@/home/ec2-user/data/topics/4968 428
@/home/ec2-user/data/topics/4574 429
@/home/ec2-user/data/topics/4667 430
@/home/ec2-user/data/topics/4160 431
@/home/ec2-user/data/topics/4936 432
@/home/ec2-user/data/topics/2156 433
@/home/ec2-user/data/topics/4945 434
@/home/ec2-user/data/topics/1070 435
@/home/ec2-user/data/topics/3386 436
@/home/ec2-user/data/topics/4307 437
@/home/ec2-user/data/topics/2056 438
@/home/ec2-user/data/topics/1158 439
@/home/ec2-user/data/topics/3807 440
@/home/ec2-user/data/topics/1179 441
@/home/ec2-user/data/topics/4098 442
@/home/ec2-user/data/topics/3680 443
@/home/ec2-user/data/topics/4101 444
@/home/ec2-user/data/topics/4491 445
@/home/ec2-user/data/topics/2080 446
@/home/ec2-user/data/topics/1829 447
@/home/ec2-user/data/topics/3960 448
@/home/ec2-user/data/topics/1026 449
@/home/ec2-user/data/topics/4394 450
@/home/ec2-user/data/topics/1762 451
@/home/ec2-user/data/topics/1136 452
@/home/ec2-user/data/topics/3514 453
@/home/ec2-user/data/topics/4503 454
@/home/ec2-user/data/topics/2029 455
@/home/ec2-user/data/topics/3739 456
@/home/ec2-user/data/topics/4885 457
@/home/ec2-user/data/topics/3761 458
@/home/ec2-user/data/topics/5024 459
@/home/ec2-user/data/topics/4126 460
@/home/ec2-user/data/topics/4280 461
@/home/ec2-user/data/topics/4464 462
@/home/ec2-user/data/topics/1252 463
@/home/ec2-user/data/topics/4215 464
@/home/ec2-user/data/topics/4180 465
@/home/ec2-user/data/topics/1516 466
@/home/ec2-user/data/topics/3704 467
@/home/ec2-user/data/topics/4043 468
@/home/ec2-user/data/topics/3402 469
@/home/ec2-user/data/topics/4586 470
@/home/ec2-user/data/topics/1339 471
@/home/ec2-user/data/topics/4102 472
@/home/ec2-user/data/topics/4229 473
@/home/ec2-user/data/topics/1257 474
@/home/ec2-user/data/topics/3692 475
@/home/ec2-user/data/topics/3721 476
@/home/ec2-user/data/topics/3979 477
@/home/ec2-user/data/topics/4139 478
@/home/ec2-user/data/topics/4806 479
@/home/ec2-user/data/topics/4459 480
@/home/ec2-user/data/topics/4264 481
@/home/ec2-user/data/topics/1525 482
@/home/ec2-user/data/topics/4797 483
@/home/ec2-user/data/topics/5028 484
@/home/ec2-user/data/topics/4804 485
@/home/ec2-user/data/topics/2222 486
@/home/ec2-user/data/topics/1701 487
@/home/ec2-user/data/topics/4676 488
@/home/ec2-user/data/topics/1540 489
@/home/ec2-user/data/topics/3585 490
@/home/ec2-user/data/topics/4917 491
@/home/ec2-user/data/topics/4707 492
@/home/ec2-user/data/topics/1898 493
@/home/ec2-user/data/topics/3719 494
@/home/ec2-user/data/topics/3676 495
@/home/ec2-user/data/topics/3847 496
@/home/ec2-user/data/topics/4193 497
@/home/ec2-user/data/topics/4274 498
@/home/ec2-user/data/topics/4625 499
@/home/ec2-user/data/topics/4577 500
@/home/ec2-user/data/topics/4599 501
@/home/ec2-user/data/topics/1748 502
@/home/ec2-user/data/topics/1955 503
@/home/ec2-user/data/topics/4000 504
@/home/ec2-user/data/topics/1706 505
@/home/ec2-user/data/topics/4918 506
@/home/ec2-user/data/topics/4422 507
@/home/ec2-user/data/topics/1589 508
@/home/ec2-user/data/topics/3404 509
@/home/ec2-user/data/topics/4754 510
@/home/ec2-user/data/topics/4448 511
@/home/ec2-user/data/topics/1885 512
@/home/ec2-user/data/topics/4159 513
@/home/ec2-user/data/topics/3455 514
@/home/ec2-user/data/topics/4382 515
@/home/ec2-user/data/topics/1157 516
@/home/ec2-user/data/topics/4385 517
@/home/ec2-user/data/topics/4303 518
@/home/ec2-user/data/topics/3619 519
@/home/ec2-user/data/topics/3904 520
@/home/ec2-user/data/topics/1705 521
@/home/ec2-user/data/topics/1509 522
@/home/ec2-user/data/topics/4761 523
@/home/ec2-user/data/topics/4501 524
@/home/ec2-user/data/topics/3558 525
@/home/ec2-user/data/topics/3510 526
@/home/ec2-user/data/topics/1881 527
@/home/ec2-user/data/topics/4961 528
@/home/ec2-user/data/topics/4475 529
@/home/ec2-user/data/topics/4157 530
@/home/ec2-user/data/topics/1812 531
@/home/ec2-user/data/topics/3519 532
@/home/ec2-user/data/topics/3920 533
@/home/ec2-user/data/topics/2170 534
@/home/ec2-user/data/topics/3658 535
@/home/ec2-user/data/topics/3951 536
@/home/ec2-user/data/topics/4502 537
@/home/ec2-user/data/topics/4787 538
@/home/ec2-user/data/topics/4798 539
@/home/ec2-user/data/topics/3494 540
セイコーインスツルメンツ株式会社

@/home/ec2-user/data/topics/1707 541
@/home/ec2-user/data/topics/4088 541
@/home/ec2-user/data/topics/4203 542
@/home/ec2-user/data/topics/3626 543
@/home/ec2-user/data/topics/4997 544
@/home/ec2-user/data/topics/3825 545
@/home/ec2-user/data/topics/4036 546
@/home/ec2-user/data/topics/4151 547
@/home/ec2-user/data/topics/4190 548
ミノルタ株式会社

@/home/ec2-user/data/topics/4321 549
@/home/ec2-user/data/topics/1152 549
@/home/ec2-user/data/topics/3810 550
@/home/ec2-user/data/topics/3584 551
@/home/ec2-user/data/topics/4970 552
@/home/ec2-user/data/topics/4984 553
@/home/ec2-user/data/topics/4986 554
@/home/ec2-user/data/topics/4951 555
@/home/ec2-user/data/topics/2190 556
@/home/ec2-user/data/topics/4977 557
@/home/ec2-user/data/topics/4971 558
@/home/ec2-user/data/topics/3545 559
株式会社リコー

@/home/ec2-user/data/topics/1106 560
@/home/ec2-user/data/topics/2200 560
@/home/ec2-user/data/topics/1776 561
@/home/ec2-user/data/topics/1083 562
@/home/ec2-user/data/topics/1718 563
@/home/ec2-user/data/topics/3775 564
@/home/ec2-user/data/topics/3411 565
@/home/ec2-user/data/topics/1755 566
@/home/ec2-user/data/topics/1593 567
@/home/ec2-user/data/topics/3711 568
@/home/ec2-user/data/topics/1190 569
@/home/ec2-user/data/topics/2182 570
@/home/ec2-user/data/topics/1095 571
@/home/ec2-user/data/topics/1433 572
@/home/ec2-user/data/topics/1974 573
@/home/ec2-user/data/topics/1669 574
@/home/ec2-user/data/topics/1436 575
@/home/ec2-user/data/topics/3394 576
@/home/ec2-user/data/topics/4879 577
@/home/ec2-user/data/topics/3424 578
@/home/ec2-user/data/topics/3574 579
@/home/ec2-user/data/topics/4344 580
@/home/ec2-user/data/topics/3495 581
@/home/ec2-user/data/topics/1976 582
@/home/ec2-user/data/topics/1775 583
@/home/ec2-user/data/topics/1740 584
@/home/ec2-user/data/topics/1282 585
@/home/ec2-user/data/topics/3378 586
@/home/ec2-user/data/topics/4037 587
@/home/ec2-user/data/topics/3484 588
@/home/ec2-user/data/topics/1610 589
@/home/ec2-user/data/topics/4781 590
@/home/ec2-user/data/topics/1663 591
@/home/ec2-user/data/topics/3436 592
@/home/ec2-user/data/topics/4616 593
@/home/ec2-user/data/topics/3759 594
@/home/ec2-user/data/topics/2090 595
@/home/ec2-user/data/topics/3687 596
@/home/ec2-user/data/topics/1691 597
@/home/ec2-user/data/topics/1774 598
@/home/ec2-user/data/topics/2189 599
@/home/ec2-user/data/topics/2006 600
@/home/ec2-user/data/topics/1668 601
@/home/ec2-user/data/topics/3530 602
@/home/ec2-user/data/topics/1806 603
@/home/ec2-user/data/topics/4265 604
@/home/ec2-user/data/topics/3669 605
@/home/ec2-user/data/topics/2219 606
@/home/ec2-user/data/topics/3523 607
@/home/ec2-user/data/topics/1225 608
@/home/ec2-user/data/topics/1780 609
@/home/ec2-user/data/topics/3446 610
@/home/ec2-user/data/topics/3557 611
@/home/ec2-user/data/topics/3880 612
@/home/ec2-user/data/topics/3633 613
@/home/ec2-user/data/topics/1064 614
@/home/ec2-user/data/topics/3474 615
@/home/ec2-user/data/topics/3548 616
@/home/ec2-user/data/topics/3750 617
@/home/ec2-user/data/topics/1878 618
@/home/ec2-user/data/topics/3837 619
@/home/ec2-user/data/topics/1478 620
@/home/ec2-user/data/topics/1670 621
@/home/ec2-user/data/topics/2043 622
@/home/ec2-user/data/topics/1482 623
@/home/ec2-user/data/topics/3713 624
@/home/ec2-user/data/topics/3472 625
@/home/ec2-user/data/topics/1627 626
@/home/ec2-user/data/topics/1514 627
@/home/ec2-user/data/topics/2201 628
@/home/ec2-user/data/topics/3555 629
独立行政法人産業技術総合研究所

@/home/ec2-user/data/topics/4739 630
@/home/ec2-user/data/topics/4740 630
@/home/ec2-user/data/topics/4777 631
@/home/ec2-user/data/topics/4869 632
@/home/ec2-user/data/topics/4800 633
@/home/ec2-user/data/topics/1356 634
ソニー株式会社

@/home/ec2-user/data/topics/1059 635
@/home/ec2-user/data/topics/2075 635
@/home/ec2-user/data/topics/2052 636
@/home/ec2-user/data/topics/1397 637
@/home/ec2-user/data/topics/3401 638
@/home/ec2-user/data/topics/1602 639
@/home/ec2-user/data/topics/1291 640
@/home/ec2-user/data/topics/1749 641
@/home/ec2-user/data/topics/2094 642
@/home/ec2-user/data/topics/2048 643
@/home/ec2-user/data/topics/1491 644
@/home/ec2-user/data/topics/1102 645
@/home/ec2-user/data/topics/4351 646
@/home/ec2-user/data/topics/1218 647
@/home/ec2-user/data/topics/4219 648
@/home/ec2-user/data/topics/1884 649
@/home/ec2-user/data/topics/1912 650
@/home/ec2-user/data/topics/3392 651
@/home/ec2-user/data/topics/2037 652
@/home/ec2-user/data/topics/1233 653
@/home/ec2-user/data/topics/4224 654
@/home/ec2-user/data/topics/1471 655
@/home/ec2-user/data/topics/1892 656
@/home/ec2-user/data/topics/1926 657
@/home/ec2-user/data/topics/1426 658
@/home/ec2-user/data/topics/1414 659
@/home/ec2-user/data/topics/2058 660
@/home/ec2-user/data/topics/3975 661
@/home/ec2-user/data/topics/1147 662
@/home/ec2-user/data/topics/3456 663
@/home/ec2-user/data/topics/1967 664
@/home/ec2-user/data/topics/1435 665
@/home/ec2-user/data/topics/1836 666
@/home/ec2-user/data/topics/3924 667
@/home/ec2-user/data/topics/1298 668
@/home/ec2-user/data/topics/1380 669
@/home/ec2-user/data/topics/2105 670
@/home/ec2-user/data/topics/3872 671
@/home/ec2-user/data/topics/4184 672
@/home/ec2-user/data/topics/3955 673
@/home/ec2-user/data/topics/1778 674
@/home/ec2-user/data/topics/1873 675
@/home/ec2-user/data/topics/1954 676
@/home/ec2-user/data/topics/2059 677
@/home/ec2-user/data/topics/1686 678
@/home/ec2-user/data/topics/5027 679
@/home/ec2-user/data/topics/1679 680
富士ゼロックス株式会社

@/home/ec2-user/data/topics/3473 681
@/home/ec2-user/data/topics/3782 681
@/home/ec2-user/data/topics/1947 682
@/home/ec2-user/data/topics/3564 683
@/home/ec2-user/data/topics/5031 684
@/home/ec2-user/data/topics/3640 685
@/home/ec2-user/data/topics/3366 686
@/home/ec2-user/data/topics/3662 687
@/home/ec2-user/data/topics/3407 688
@/home/ec2-user/data/topics/3661 689
@/home/ec2-user/data/topics/4108 690
@/home/ec2-user/data/topics/3790 691
@/home/ec2-user/data/topics/3695 692
@/home/ec2-user/data/topics/1560 693
@/home/ec2-user/data/topics/3383 694
住友金属工業株式会社

@/home/ec2-user/data/topics/4295 695
@/home/ec2-user/data/topics/4661 695
@/home/ec2-user/data/topics/4322 696
@/home/ec2-user/data/topics/4182 697
@/home/ec2-user/data/topics/4991 698
@/home/ec2-user/data/topics/4021 699
@/home/ec2-user/data/topics/3577 700
@/home/ec2-user/data/topics/3826 701
@/home/ec2-user/data/topics/4534 702
@/home/ec2-user/data/topics/3655 703
@/home/ec2-user/data/topics/4733 704
@/home/ec2-user/data/topics/1268 705
日立電線株式会社

@/home/ec2-user/data/topics/4356 706
@/home/ec2-user/data/topics/4329 706
@/home/ec2-user/data/topics/3930 707
@/home/ec2-user/data/topics/1117 708
@/home/ec2-user/data/topics/1305 709
@/home/ec2-user/data/topics/1027 710
@/home/ec2-user/data/topics/4357 711
@/home/ec2-user/data/topics/3756 712
@/home/ec2-user/data/topics/1388 713
キヤノン株式会社

@/home/ec2-user/data/topics/4054 714
@/home/ec2-user/data/topics/2145 714
@/home/ec2-user/data/topics/1118 715
@/home/ec2-user/data/topics/4521 716
@/home/ec2-user/data/topics/3415 717
@/home/ec2-user/data/topics/2243 718
@/home/ec2-user/data/topics/1895 719
@/home/ec2-user/data/topics/1438 720
@/home/ec2-user/data/topics/1631 721
@/home/ec2-user/data/topics/1866 722
@/home/ec2-user/data/topics/1848 723
@/home/ec2-user/data/topics/4610 724
@/home/ec2-user/data/topics/3843 725
@/home/ec2-user/data/topics/4628 726
@/home/ec2-user/data/topics/3454 727
@/home/ec2-user/data/topics/1745 728
@/home/ec2-user/data/topics/1455 729
@/home/ec2-user/data/topics/1847 730
@/home/ec2-user/data/topics/1539 731
@/home/ec2-user/data/topics/3416 732
@/home/ec2-user/data/topics/1889 733
@/home/ec2-user/data/topics/3722 734
@/home/ec2-user/data/topics/1228 735
@/home/ec2-user/data/topics/4947 736
@/home/ec2-user/data/topics/4068 737
@/home/ec2-user/data/topics/3737 738
@/home/ec2-user/data/topics/3958 739
@/home/ec2-user/data/topics/1124 740
@/home/ec2-user/data/topics/3445 741
@/home/ec2-user/data/topics/3438 742
@/home/ec2-user/data/topics/3730 743
@/home/ec2-user/data/topics/2107 744
@/home/ec2-user/data/topics/1961 745
@/home/ec2-user/data/topics/3967 746
@/home/ec2-user/data/topics/1646 747
@/home/ec2-user/data/topics/2231 748
@/home/ec2-user/data/topics/1975 749
@/home/ec2-user/data/topics/3376 750
@/home/ec2-user/data/topics/4350 751
@/home/ec2-user/data/topics/3949 752
@/home/ec2-user/data/topics/1802 753
@/home/ec2-user/data/topics/3852 754
@/home/ec2-user/data/topics/4020 755
@/home/ec2-user/data/topics/1790 756
@/home/ec2-user/data/topics/3434 757
@/home/ec2-user/data/topics/3628 758
@/home/ec2-user/data/topics/1519 759
@/home/ec2-user/data/topics/1568 760
@/home/ec2-user/data/topics/1080 761
@/home/ec2-user/data/topics/3374 762
@/home/ec2-user/data/topics/3642 763
@/home/ec2-user/data/topics/3430 764
@/home/ec2-user/data/topics/1216 765
@/home/ec2-user/data/topics/4937 766
@/home/ec2-user/data/topics/1513 767
@/home/ec2-user/data/topics/1744 768
@/home/ec2-user/data/topics/3720 769
@/home/ec2-user/data/topics/4520 770
@/home/ec2-user/data/topics/2053 771
@/home/ec2-user/data/topics/4363 772
@/home/ec2-user/data/topics/2004 773
@/home/ec2-user/data/topics/3410 774
@/home/ec2-user/data/topics/3755 775
@/home/ec2-user/data/topics/3660 776
@/home/ec2-user/data/topics/1590 777
@/home/ec2-user/data/topics/4948 778
@/home/ec2-user/data/topics/2117 779
@/home/ec2-user/data/topics/1208 780
@/home/ec2-user/data/topics/3656 781
@/home/ec2-user/data/topics/3996 782
@/home/ec2-user/data/topics/3441 783
@/home/ec2-user/data/topics/3420 784
@/home/ec2-user/data/topics/3417 785
三洋電機株式会社

@/home/ec2-user/data/topics/1515 786
@/home/ec2-user/data/topics/4066 786
@/home/ec2-user/data/topics/4212 787
@/home/ec2-user/data/topics/4099 788
@/home/ec2-user/data/topics/4060 789
@/home/ec2-user/data/topics/1321 790
@/home/ec2-user/data/topics/4001 791
@/home/ec2-user/data/topics/2054 792
@/home/ec2-user/data/topics/4474 793
@/home/ec2-user/data/topics/5002 794
@/home/ec2-user/data/topics/4179 795
@/home/ec2-user/data/topics/1980 796
@/home/ec2-user/data/topics/4720 797
@/home/ec2-user/data/topics/4612 798
@/home/ec2-user/data/topics/1451 799
@/home/ec2-user/data/topics/3491 800
@/home/ec2-user/data/topics/4328 801
@/home/ec2-user/data/topics/4061 802
@/home/ec2-user/data/topics/3581 803
@/home/ec2-user/data/topics/4384 804
@/home/ec2-user/data/topics/5011 805
@/home/ec2-user/data/topics/4978 806
@/home/ec2-user/data/topics/4654 807
@/home/ec2-user/data/topics/4039 808
@/home/ec2-user/data/topics/1671 809
@/home/ec2-user/data/topics/1246 810
@/home/ec2-user/data/topics/4571 811
@/home/ec2-user/data/topics/3974 812
@/home/ec2-user/data/topics/3492 813
@/home/ec2-user/data/topics/1386 814
@/home/ec2-user/data/topics/4763 815
@/home/ec2-user/data/topics/1479 816
@/home/ec2-user/data/topics/3781 817
@/home/ec2-user/data/topics/3808 818
@/home/ec2-user/data/topics/1488 819
@/home/ec2-user/data/topics/3953 820
@/home/ec2-user/data/topics/2230 821
@/home/ec2-user/data/topics/3754 822
@/home/ec2-user/data/topics/3403 823
@/home/ec2-user/data/topics/3817 824
@/home/ec2-user/data/topics/4837 825
@/home/ec2-user/data/topics/4150 826
@/home/ec2-user/data/topics/3830 827
@/home/ec2-user/data/topics/4376 828
@/home/ec2-user/data/topics/1163 829
@/home/ec2-user/data/topics/4178 830
@/home/ec2-user/data/topics/4604 831
@/home/ec2-user/data/topics/4301 832
@/home/ec2-user/data/topics/1289 833
@/home/ec2-user/data/topics/4983 834
@/home/ec2-user/data/topics/3906 835
@/home/ec2-user/data/topics/4788 836
@/home/ec2-user/data/topics/4726 837
@/home/ec2-user/data/topics/3804 838
@/home/ec2-user/data/topics/3845 839
@/home/ec2-user/data/topics/3539 840
@/home/ec2-user/data/topics/4492 841
@/home/ec2-user/data/topics/4679 842
@/home/ec2-user/data/topics/2194 843
@/home/ec2-user/data/topics/2098 844
@/home/ec2-user/data/topics/4527 845
@/home/ec2-user/data/topics/2063 846
@/home/ec2-user/data/topics/4304 847
@/home/ec2-user/data/topics/3926 848
@/home/ec2-user/data/topics/2071 849
@/home/ec2-user/data/topics/4015 850
@/home/ec2-user/data/topics/3708 851
@/home/ec2-user/data/topics/3986 852
@/home/ec2-user/data/topics/1652 853
@/home/ec2-user/data/topics/3398 854
@/home/ec2-user/data/topics/3889 855
@/home/ec2-user/data/topics/3859 856
@/home/ec2-user/data/topics/3681 857
@/home/ec2-user/data/topics/2014 858
@/home/ec2-user/data/topics/1653 859
@/home/ec2-user/data/topics/1079 860
@/home/ec2-user/data/topics/1722 861
@/home/ec2-user/data/topics/3625 862
@/home/ec2-user/data/topics/4960 863
三菱電機株式会社

@/home/ec2-user/data/topics/3774 864
@/home/ec2-user/data/topics/4419 864
@/home/ec2-user/data/topics/1536 865
@/home/ec2-user/data/topics/3397 866
@/home/ec2-user/data/topics/4181 867
@/home/ec2-user/data/topics/4305 868
@/home/ec2-user/data/topics/4980 869
@/home/ec2-user/data/topics/3800 870
@/home/ec2-user/data/topics/3616 871
@/home/ec2-user/data/topics/4614 872
@/home/ec2-user/data/topics/3595 873
@/home/ec2-user/data/topics/3609 874
@/home/ec2-user/data/topics/1220 875
@/home/ec2-user/data/topics/4552 876
@/home/ec2-user/data/topics/4663 877
@/home/ec2-user/data/topics/1792 878
@/home/ec2-user/data/topics/3469 879
@/home/ec2-user/data/topics/4047 880
@/home/ec2-user/data/topics/4221 881
@/home/ec2-user/data/topics/3592 882
@/home/ec2-user/data/topics/4282 883
@/home/ec2-user/data/topics/4149 884
@/home/ec2-user/data/topics/3409 885
@/home/ec2-user/data/topics/3465 886
@/home/ec2-user/data/topics/1872 887
@/home/ec2-user/data/topics/2146 888
@/home/ec2-user/data/topics/4076 889
@/home/ec2-user/data/topics/4220 890
@/home/ec2-user/data/topics/5032 891
@/home/ec2-user/data/topics/4133 892
@/home/ec2-user/data/topics/3490 893
@/home/ec2-user/data/topics/3856 894
@/home/ec2-user/data/topics/4235 895
@/home/ec2-user/data/topics/3820 896
@/home/ec2-user/data/topics/1738 897
@/home/ec2-user/data/topics/3873 898
@/home/ec2-user/data/topics/3412 899
@/home/ec2-user/data/topics/4041 900
@/home/ec2-user/data/topics/3921 901
@/home/ec2-user/data/topics/4562 902
@/home/ec2-user/data/topics/5033 903
@/home/ec2-user/data/topics/3451 904
@/home/ec2-user/data/topics/4233 905
@/home/ec2-user/data/topics/4518 906
@/home/ec2-user/data/topics/3612 907
@/home/ec2-user/data/topics/1754 908
@/home/ec2-user/data/topics/3666 909
@/home/ec2-user/data/topics/1110 910
@/home/ec2-user/data/topics/3466 911
@/home/ec2-user/data/topics/4880 912
@/home/ec2-user/data/topics/3747 913
@/home/ec2-user/data/topics/4834 914
@/home/ec2-user/data/topics/3453 915
@/home/ec2-user/data/topics/3493 916
@/home/ec2-user/data/topics/3841 917
@/home/ec2-user/data/topics/4514 918
@/home/ec2-user/data/topics/3506 919
@/home/ec2-user/data/topics/3963 920
住友ゴム工業株式会社

@/home/ec2-user/data/topics/4406 921
@/home/ec2-user/data/topics/4597 921
@/home/ec2-user/data/topics/4048 922
@/home/ec2-user/data/topics/2007 923
@/home/ec2-user/data/topics/1758 924
@/home/ec2-user/data/topics/1114 925
@/home/ec2-user/data/topics/4568 926
セイコーエプソン株式会社

@/home/ec2-user/data/topics/3589 927
@/home/ec2-user/data/topics/4109 927
@/home/ec2-user/data/topics/1938 928
@/home/ec2-user/data/topics/4022 929
@/home/ec2-user/data/topics/3505 930
@/home/ec2-user/data/topics/2165 931
@/home/ec2-user/data/topics/1641 932
@/home/ec2-user/data/topics/3910 933
@/home/ec2-user/data/topics/3476 934
@/home/ec2-user/data/topics/1343 935
@/home/ec2-user/data/topics/3887 936
@/home/ec2-user/data/topics/4802 937
@/home/ec2-user/data/topics/4585 938
@/home/ec2-user/data/topics/1484 939
@/home/ec2-user/data/topics/3819 940
@/home/ec2-user/data/topics/4605 941
@/home/ec2-user/data/topics/1890 942
@/home/ec2-user/data/topics/4801 943
@/home/ec2-user/data/topics/3361 944
@/home/ec2-user/data/topics/4386 945
@/home/ec2-user/data/topics/4719 946
@/home/ec2-user/data/topics/3985 947
@/home/ec2-user/data/topics/2078 948
@/home/ec2-user/data/topics/4454 949
@/home/ec2-user/data/topics/1378 950
@/home/ec2-user/data/topics/1423 951
株式会社三共

@/home/ec2-user/data/topics/2123 952
@/home/ec2-user/data/topics/1086 952
@/home/ec2-user/data/topics/1648 953
@/home/ec2-user/data/topics/1665 954
@/home/ec2-user/data/topics/4374 955
@/home/ec2-user/data/topics/1377 956
@/home/ec2-user/data/topics/1189 957
@/home/ec2-user/data/topics/4868 958
@/home/ec2-user/data/topics/2060 959
沖電気工業株式会社

@/home/ec2-user/data/topics/4308 960
@/home/ec2-user/data/topics/3621 960
@/home/ec2-user/data/topics/1531 961
@/home/ec2-user/data/topics/3395 962
@/home/ec2-user/data/topics/3764 963
@/home/ec2-user/data/topics/3964 964
@/home/ec2-user/data/topics/3690 965
@/home/ec2-user/data/topics/3457 966
@/home/ec2-user/data/topics/1188 967
@/home/ec2-user/data/topics/4299 968
@/home/ec2-user/data/topics/3433 969
@/home/ec2-user/data/topics/4693 970
@/home/ec2-user/data/topics/4575 971
@/home/ec2-user/data/topics/3571 972
株式会社三星

@/home/ec2-user/data/topics/2108 973
@/home/ec2-user/data/topics/2198 973
@/home/ec2-user/data/topics/1260 974
@/home/ec2-user/data/topics/3942 975
@/home/ec2-user/data/topics/1733 976
@/home/ec2-user/data/topics/1728 977
日本ビクター株式会社

@/home/ec2-user/data/topics/3882 978
@/home/ec2-user/data/topics/4672 978
@/home/ec2-user/data/topics/3620 979
@/home/ec2-user/data/topics/1823 980
@/home/ec2-user/data/topics/4056 981
@/home/ec2-user/data/topics/1389 982
@/home/ec2-user/data/topics/1440 983
@/home/ec2-user/data/topics/1520 984
@/home/ec2-user/data/topics/3603 985
@/home/ec2-user/data/topics/3939 986
@/home/ec2-user/data/topics/4123 987
花王株式会社

@/home/ec2-user/data/topics/3753 988
@/home/ec2-user/data/topics/3999 988
@/home/ec2-user/data/topics/4827 989
@/home/ec2-user/data/topics/1767 990
@/home/ec2-user/data/topics/4249 991
@/home/ec2-user/data/topics/4211 992
@/home/ec2-user/data/topics/3812 993
@/home/ec2-user/data/topics/4287 994
@/home/ec2-user/data/topics/4445 995
@/home/ec2-user/data/topics/2214 996
@/home/ec2-user/data/topics/1022 997
@/home/ec2-user/data/topics/3884 998
@/home/ec2-user/data/topics/1196 999
三田工業株式会社

@/home/ec2-user/data/topics/1766 1000
@/home/ec2-user/data/topics/2136 1000
@/home/ec2-user/data/topics/1034 1001
@/home/ec2-user/data/topics/2155 1002
@/home/ec2-user/data/topics/3604 1003
@/home/ec2-user/data/topics/1269 1004
@/home/ec2-user/data/topics/1033 1005
@/home/ec2-user/data/topics/3842 1006
@/home/ec2-user/data/topics/3923 1007
豊丸産業株式会社

@/home/ec2-user/data/topics/1726 1008
@/home/ec2-user/data/topics/1677 1008
@/home/ec2-user/data/topics/1401 1009
@/home/ec2-user/data/topics/1284 1010
@/home/ec2-user/data/topics/1126 1011
@/home/ec2-user/data/topics/1713 1012
@/home/ec2-user/data/topics/1097 1013
@/home/ec2-user/data/topics/2011 1014
@/home/ec2-user/data/topics/1588 1015
@/home/ec2-user/data/topics/4847 1016
@/home/ec2-user/data/topics/1914 1017
@/home/ec2-user/data/topics/1353 1018
@/home/ec2-user/data/topics/3672 1019
@/home/ec2-user/data/topics/1138 1020
@/home/ec2-user/data/topics/2169 1021
鐘紡株式会社

@/home/ec2-user/data/topics/2223 1022
@/home/ec2-user/data/topics/1901 1022
@/home/ec2-user/data/topics/3566 1023
@/home/ec2-user/data/topics/1870 1024
@/home/ec2-user/data/topics/1842 1025
@/home/ec2-user/data/topics/3551 1026
@/home/ec2-user/data/topics/2185 1027
@/home/ec2-user/data/topics/4195 1028
@/home/ec2-user/data/topics/1054 1029
@/home/ec2-user/data/topics/3560 1030
@/home/ec2-user/data/topics/1304 1031
@/home/ec2-user/data/topics/1367 1032
@/home/ec2-user/data/topics/2034 1033
@/home/ec2-user/data/topics/1178 1034
@/home/ec2-user/data/topics/3634 1035
@/home/ec2-user/data/topics/1886 1036
株式会社デンソー

@/home/ec2-user/data/topics/1855 1037
@/home/ec2-user/data/topics/4498 1037
@/home/ec2-user/data/topics/4622 1038
@/home/ec2-user/data/topics/3480 1039
@/home/ec2-user/data/topics/4423 1040
@/home/ec2-user/data/topics/3710 1041
@/home/ec2-user/data/topics/3421 1042
@/home/ec2-user/data/topics/4164 1043
@/home/ec2-user/data/topics/4024 1044
@/home/ec2-user/data/topics/4483 1045
@/home/ec2-user/data/topics/4046 1046
@/home/ec2-user/data/topics/1028 1047
@/home/ec2-user/data/topics/3406 1048
@/home/ec2-user/data/topics/4840 1049
@/home/ec2-user/data/topics/4656 1050
@/home/ec2-user/data/topics/4805 1051
@/home/ec2-user/data/topics/4675 1052
富士写真フイルム株式会社

@/home/ec2-user/data/topics/1570 1053
@/home/ec2-user/data/topics/2134 1053
@/home/ec2-user/data/topics/3911 1054
@/home/ec2-user/data/topics/1244 1055
@/home/ec2-user/data/topics/4962 1056
@/home/ec2-user/data/topics/1603 1057
@/home/ec2-user/data/topics/3354 1058
@/home/ec2-user/data/topics/3918 1059
@/home/ec2-user/data/topics/1662 1060
@/home/ec2-user/data/topics/3857 1061
@/home/ec2-user/data/topics/3447 1062
京セラ株式会社

@/home/ec2-user/data/topics/1741 1063
@/home/ec2-user/data/topics/4513 1063
@/home/ec2-user/data/topics/1485 1064
@/home/ec2-user/data/topics/4901 1065
@/home/ec2-user/data/topics/1708 1066
@/home/ec2-user/data/topics/3593 1067
@/home/ec2-user/data/topics/3615 1068
@/home/ec2-user/data/topics/3869 1069
@/home/ec2-user/data/topics/1913 1070
@/home/ec2-user/data/topics/4340 1071
@/home/ec2-user/data/topics/3741 1072
@/home/ec2-user/data/topics/4031 1073
イビデン株式会社

@/home/ec2-user/data/topics/2033 1074
@/home/ec2-user/data/topics/3814 1074
@/home/ec2-user/data/topics/1682 1075
@/home/ec2-user/data/topics/1315 1076
@/home/ec2-user/data/topics/1952 1077
@/home/ec2-user/data/topics/1336 1078
@/home/ec2-user/data/topics/1770 1079
株式会社東芝

@/home/ec2-user/data/topics/3780 1080
@/home/ec2-user/data/topics/2241 1080
@/home/ec2-user/data/topics/4631 1081
@/home/ec2-user/data/topics/4755 1082
@/home/ec2-user/data/topics/3851 1083
@/home/ec2-user/data/topics/1757 1084
@/home/ec2-user/data/topics/3688 1085
@/home/ec2-user/data/topics/3363 1086
@/home/ec2-user/data/topics/3716 1087
@/home/ec2-user/data/topics/1205 1088
@/home/ec2-user/data/topics/3948 1089
@/home/ec2-user/data/topics/3734 1090
@/home/ec2-user/data/topics/3732 1091
@/home/ec2-user/data/topics/4165 1092
@/home/ec2-user/data/topics/4057 1093
@/home/ec2-user/data/topics/4096 1094
@/home/ec2-user/data/topics/4361 1095
@/home/ec2-user/data/topics/4566 1096
@/home/ec2-user/data/topics/1132 1097
@/home/ec2-user/data/topics/4381 1098
@/home/ec2-user/data/topics/4535 1099
@/home/ec2-user/data/topics/4623 1100
@/home/ec2-user/data/topics/4140 1101
@/home/ec2-user/data/topics/1997 1102
@/home/ec2-user/data/topics/3360 1103
@/home/ec2-user/data/topics/3462 1104
@/home/ec2-user/data/topics/3834 1105
@/home/ec2-user/data/topics/4751 1106
@/home/ec2-user/data/topics/3683 1107
@/home/ec2-user/data/topics/1585 1108
@/home/ec2-user/data/topics/4863 1109
@/home/ec2-user/data/topics/3542 1110
@/home/ec2-user/data/topics/3990 1111
@/home/ec2-user/data/topics/4292 1112
@/home/ec2-user/data/topics/4197 1113
@/home/ec2-user/data/topics/3795 1114
@/home/ec2-user/data/topics/3352 1115
@/home/ec2-user/data/topics/3689 1116
@/home/ec2-user/data/topics/3890 1117
@/home/ec2-user/data/topics/4183 1118
@/home/ec2-user/data/topics/1819 1119
@/home/ec2-user/data/topics/3881 1120
@/home/ec2-user/data/topics/4009 1121
@/home/ec2-user/data/topics/4089 1122
@/home/ec2-user/data/topics/4302 1123
@/home/ec2-user/data/topics/3598 1124
@/home/ec2-user/data/topics/1090 1125
@/home/ec2-user/data/topics/4842 1126
@/home/ec2-user/data/topics/4881 1127
@/home/ec2-user/data/topics/4935 1128
@/home/ec2-user/data/topics/3618 1129
@/home/ec2-user/data/topics/4594 1130
@/home/ec2-user/data/topics/3380 1131
@/home/ec2-user/data/topics/4336 1132
@/home/ec2-user/data/topics/1332 1133
@/home/ec2-user/data/topics/3351 1134
@/home/ec2-user/data/topics/4172 1135
@/home/ec2-user/data/topics/1756 1136
@/home/ec2-user/data/topics/3988 1137
@/home/ec2-user/data/topics/4509 1138
@/home/ec2-user/data/topics/4912 1139
ヤマハ株式会社

@/home/ec2-user/data/topics/4084 1140
@/home/ec2-user/data/topics/4125 1140
@/home/ec2-user/data/topics/1720 1141
@/home/ec2-user/data/topics/4954 1142
@/home/ec2-user/data/topics/4010 1143
@/home/ec2-user/data/topics/4919 1144
@/home/ec2-user/data/topics/1443 1145
@/home/ec2-user/data/topics/1676 1146
@/home/ec2-user/data/topics/4045 1147
@/home/ec2-user/data/topics/1911 1148
@/home/ec2-user/data/topics/4177 1149
@/home/ec2-user/data/topics/4145 1150
@/home/ec2-user/data/topics/3972 1151
東洋紡績株式会社

@/home/ec2-user/data/topics/4366 1152
@/home/ec2-user/data/topics/3769 1152
@/home/ec2-user/data/topics/1613 1153
@/home/ec2-user/data/topics/4284 1154
@/home/ec2-user/data/topics/4362 1155
@/home/ec2-user/data/topics/1029 1156
三菱化学株式会社

@/home/ec2-user/data/topics/3513 1157
@/home/ec2-user/data/topics/1699 1157
@/home/ec2-user/data/topics/3638 1158
@/home/ec2-user/data/topics/3458 1159
@/home/ec2-user/data/topics/1197 1160
@/home/ec2-user/data/topics/1902 1161
カシオ計算機株式会社

@/home/ec2-user/data/topics/2180 1162
@/home/ec2-user/data/topics/1794 1162
@/home/ec2-user/data/topics/1047 1163
@/home/ec2-user/data/topics/1368 1164
@/home/ec2-user/data/topics/1535 1165
@/home/ec2-user/data/topics/2237 1166
@/home/ec2-user/data/topics/1235 1167
@/home/ec2-user/data/topics/3391 1168
コナミ株式会社

@/home/ec2-user/data/topics/4681 1169
@/home/ec2-user/data/topics/2100 1169
@/home/ec2-user/data/topics/1302 1170
@/home/ec2-user/data/topics/2151 1171
@/home/ec2-user/data/topics/1621 1172
@/home/ec2-user/data/topics/4602 1173
@/home/ec2-user/data/topics/5015 1174
@/home/ec2-user/data/topics/1672 1175
大日本スクリーン製造株式会社

@/home/ec2-user/data/topics/1130 1176
@/home/ec2-user/data/topics/3742 1176
@/home/ec2-user/data/topics/1779 1177
@/home/ec2-user/data/topics/2209 1178
@/home/ec2-user/data/topics/1173 1179
@/home/ec2-user/data/topics/1608 1180
@/home/ec2-user/data/topics/2172 1181
オムロン株式会社

@/home/ec2-user/data/topics/3700 1182
@/home/ec2-user/data/topics/3863 1182
@/home/ec2-user/data/topics/1933 1183
@/home/ec2-user/data/topics/3594 1184
@/home/ec2-user/data/topics/3597 1185
@/home/ec2-user/data/topics/1533 1186
@/home/ec2-user/data/topics/2096 1187
@/home/ec2-user/data/topics/3748 1188
@/home/ec2-user/data/topics/1657 1189
@/home/ec2-user/data/topics/1135 1190
@/home/ec2-user/data/topics/1067 1191
@/home/ec2-user/data/topics/1579 1192
@/home/ec2-user/data/topics/1841 1193
@/home/ec2-user/data/topics/1151 1194
@/home/ec2-user/data/topics/4771 1195
株式会社日立製作所

@/home/ec2-user/data/topics/4420 1196
@/home/ec2-user/data/topics/1340 1196
@/home/ec2-user/data/topics/3596 1197
@/home/ec2-user/data/topics/3965 1198
@/home/ec2-user/data/topics/3350 1199
@/home/ec2-user/data/topics/2239 1200
@/home/ec2-user/data/topics/4551 1201
@/home/ec2-user/data/topics/3570 1202
@/home/ec2-user/data/topics/1278 1203
@/home/ec2-user/data/topics/1640 1204
@/home/ec2-user/data/topics/2019 1205
@/home/ec2-user/data/topics/1667 1206
@/home/ec2-user/data/topics/4943 1207
@/home/ec2-user/data/topics/1487 1208
@/home/ec2-user/data/topics/1562 1209
@/home/ec2-user/data/topics/1296 1210
@/home/ec2-user/data/topics/4401 1211
@/home/ec2-user/data/topics/4402 1212
@/home/ec2-user/data/topics/1826 1213
@/home/ec2-user/data/topics/1334 1214
@/home/ec2-user/data/topics/3665 1215
@/home/ec2-user/data/topics/1072 1216
@/home/ec2-user/data/topics/5030 1217
@/home/ec2-user/data/topics/4559 1218
@/home/ec2-user/data/topics/1082 1219
@/home/ec2-user/data/topics/4040 1220
@/home/ec2-user/data/topics/3432 1221
@/home/ec2-user/data/topics/3440 1222
@/home/ec2-user/data/topics/3384 1223
@/home/ec2-user/data/topics/3993 1224
@/home/ec2-user/data/topics/3973 1225
@/home/ec2-user/data/topics/3779 1226
@/home/ec2-user/data/topics/4547 1227
@/home/ec2-user/data/topics/1880 1228
@/home/ec2-user/data/topics/5029 1229
@/home/ec2-user/data/topics/1882 1230
@/home/ec2-user/data/topics/4990 1231
@/home/ec2-user/data/topics/4122 1232
@/home/ec2-user/data/topics/4489 1233
@/home/ec2-user/data/topics/3471 1234
@/home/ec2-user/data/topics/1105 1235
@/home/ec2-user/data/topics/4830 1236
@/home/ec2-user/data/topics/3659 1237
@/home/ec2-user/data/topics/1501 1238
@/home/ec2-user/data/topics/1825 1239
@/home/ec2-user/data/topics/1987 1240
@/home/ec2-user/data/topics/3691 1241
@/home/ec2-user/data/topics/3488 1242
@/home/ec2-user/data/topics/2081 1243
@/home/ec2-user/data/topics/3588 1244
@/home/ec2-user/data/topics/3994 1245
@/home/ec2-user/data/topics/3524 1246
@/home/ec2-user/data/topics/4545 1247
@/home/ec2-user/data/topics/3822 1248
@/home/ec2-user/data/topics/4058 1249
@/home/ec2-user/data/topics/3772 1250
@/home/ec2-user/data/topics/1651 1251
@/home/ec2-user/data/topics/1833 1252
@/home/ec2-user/data/topics/3461 1253
@/home/ec2-user/data/topics/1249 1254
@/home/ec2-user/data/topics/3531 1255
@/home/ec2-user/data/topics/4493 1256
@/home/ec2-user/data/topics/4799 1257
@/home/ec2-user/data/topics/4621 1258
@/home/ec2-user/data/topics/3648 1259
@/home/ec2-user/data/topics/3599 1260
@/home/ec2-user/data/topics/1693 1261
@/home/ec2-user/data/topics/3439 1262
@/home/ec2-user/data/topics/1463 1263
@/home/ec2-user/data/topics/1247 1264
@/home/ec2-user/data/topics/3968 1265
@/home/ec2-user/data/topics/3706 1266
@/home/ec2-user/data/topics/4166 1267
@/home/ec2-user/data/topics/2184 1268
凸版印刷株式会社

@/home/ec2-user/data/topics/3500 1269
@/home/ec2-user/data/topics/1977 1269
@/home/ec2-user/data/topics/1091 1270
@/home/ec2-user/data/topics/3526 1271
@/home/ec2-user/data/topics/4874 1272
@/home/ec2-user/data/topics/1765 1273
@/home/ec2-user/data/topics/3624 1274
株式会社ノーリツ

@/home/ec2-user/data/topics/2116 1275
@/home/ec2-user/data/topics/1618 1275
@/home/ec2-user/data/topics/1598 1276
@/home/ec2-user/data/topics/4776 1277
@/home/ec2-user/data/topics/4206 1278
@/home/ec2-user/data/topics/1290 1279
@/home/ec2-user/data/topics/1760 1280
@/home/ec2-user/data/topics/4354 1281
川崎重工業株式会社

@/home/ec2-user/data/topics/4572 1282
@/home/ec2-user/data/topics/4866 1282
@/home/ec2-user/data/topics/1172 1283
@/home/ec2-user/data/topics/4944 1284
@/home/ec2-user/data/topics/1162 1285
@/home/ec2-user/data/topics/4793 1286
@/home/ec2-user/data/topics/5025 1287
@/home/ec2-user/data/topics/4756 1288
ティーディーケイ株式会社

@/home/ec2-user/data/topics/3798 1289
@/home/ec2-user/data/topics/3909 1289
@/home/ec2-user/data/topics/2210 1290
@/home/ec2-user/data/topics/1409 1291
@/home/ec2-user/data/topics/4619 1292
@/home/ec2-user/data/topics/2202 1293
@/home/ec2-user/data/topics/3792 1294
@/home/ec2-user/data/topics/1510 1295
@/home/ec2-user/data/topics/1129 1296
京セラミタ株式会社

@/home/ec2-user/data/topics/4174 1297
@/home/ec2-user/data/topics/1032 1297
@/home/ec2-user/data/topics/4985 1298
@/home/ec2-user/data/topics/4973 1299
@/home/ec2-user/data/topics/4564 1300
@/home/ec2-user/data/topics/1930 1301
@/home/ec2-user/data/topics/2141 1302
株式会社クボタ

@/home/ec2-user/data/topics/4745 1303
@/home/ec2-user/data/topics/3919 1303
@/home/ec2-user/data/topics/1012 1304
@/home/ec2-user/data/topics/4251 1305
@/home/ec2-user/data/topics/1448 1306
@/home/ec2-user/data/topics/3854 1307
@/home/ec2-user/data/topics/1734 1308
@/home/ec2-user/data/topics/3823 1309
@/home/ec2-user/data/topics/1280 1310
@/home/ec2-user/data/topics/4379 1311
シャープ株式会社

@/home/ec2-user/data/topics/3832 1312
@/home/ec2-user/data/topics/1685 1312
@/home/ec2-user/data/topics/2084 1313
@/home/ec2-user/data/topics/3966 1314
@/home/ec2-user/data/topics/1965 1315
@/home/ec2-user/data/topics/4245 1316
@/home/ec2-user/data/topics/2087 1317
@/home/ec2-user/data/topics/4214 1318
@/home/ec2-user/data/topics/1154 1319
@/home/ec2-user/data/topics/4252 1320
@/home/ec2-user/data/topics/4469 1321
@/home/ec2-user/data/topics/3422 1322
@/home/ec2-user/data/topics/3895 1323
@/home/ec2-user/data/topics/2020 1324
@/home/ec2-user/data/topics/4516 1325
@/home/ec2-user/data/topics/4861 1326
@/home/ec2-user/data/topics/2118 1327
@/home/ec2-user/data/topics/3452 1328
@/home/ec2-user/data/topics/3981 1329
@/home/ec2-user/data/topics/3978 1330
@/home/ec2-user/data/topics/4683 1331
@/home/ec2-user/data/topics/3941 1332
@/home/ec2-user/data/topics/4648 1333
@/home/ec2-user/data/topics/1396 1334
@/home/ec2-user/data/topics/1561 1335
@/home/ec2-user/data/topics/4263 1336
@/home/ec2-user/data/topics/4256 1337
@/home/ec2-user/data/topics/1349 1338
@/home/ec2-user/data/topics/1431 1339
@/home/ec2-user/data/topics/1209 1340
@/home/ec2-user/data/topics/4105 1341
@/home/ec2-user/data/topics/4323 1342
@/home/ec2-user/data/topics/3679 1343
@/home/ec2-user/data/topics/1288 1344
@/home/ec2-user/data/topics/4127 1345
@/home/ec2-user/data/topics/1419 1346
@/home/ec2-user/data/topics/4173 1347
@/home/ec2-user/data/topics/3537 1348
@/home/ec2-user/data/topics/4005 1349
@/home/ec2-user/data/topics/4349 1350
@/home/ec2-user/data/topics/4019 1351
@/home/ec2-user/data/topics/3871 1352
@/home/ec2-user/data/topics/3610 1353
@/home/ec2-user/data/topics/1804 1354
@/home/ec2-user/data/topics/4519 1355
@/home/ec2-user/data/topics/1384 1356
@/home/ec2-user/data/topics/4782 1357
@/home/ec2-user/data/topics/1970 1358
@/home/ec2-user/data/topics/1174 1359
@/home/ec2-user/data/topics/3606 1360
@/home/ec2-user/data/topics/4095 1361
@/home/ec2-user/data/topics/4113 1362
@/home/ec2-user/data/topics/3450 1363
@/home/ec2-user/data/topics/4228 1364
@/home/ec2-user/data/topics/4691 1365
@/home/ec2-user/data/topics/3760 1366
@/home/ec2-user/data/topics/1318 1367
@/home/ec2-user/data/topics/1840 1368
@/home/ec2-user/data/topics/3855 1369
@/home/ec2-user/data/topics/3678 1370
@/home/ec2-user/data/topics/4717 1371
@/home/ec2-user/data/topics/3762 1372
@/home/ec2-user/data/topics/1563 1373
@/home/ec2-user/data/topics/3858 1374
@/home/ec2-user/data/topics/4230 1375
@/home/ec2-user/data/topics/3578 1376
@/home/ec2-user/data/topics/3813 1377
@/home/ec2-user/data/topics/4744 1378
@/home/ec2-user/data/topics/4152 1379
@/home/ec2-user/data/topics/3698 1380
@/home/ec2-user/data/topics/3793 1381
@/home/ec2-user/data/topics/3777 1382
@/home/ec2-user/data/topics/4103 1383
@/home/ec2-user/data/topics/3673 1384
@/home/ec2-user/data/topics/4124 1385
@/home/ec2-user/data/topics/3649 1386
@/home/ec2-user/data/topics/1258 1387
@/home/ec2-user/data/topics/3957 1388
@/home/ec2-user/data/topics/4583 1389
@/home/ec2-user/data/topics/4430 1390
@/home/ec2-user/data/topics/3776 1391
日本輸送機株式会社

@/home/ec2-user/data/topics/2221 1392
@/home/ec2-user/data/topics/1456 1392
@/home/ec2-user/data/topics/2065 1393
@/home/ec2-user/data/topics/1940 1394
@/home/ec2-user/data/topics/1191 1395
@/home/ec2-user/data/topics/1108 1396
@/home/ec2-user/data/topics/1493 1397
@/home/ec2-user/data/topics/3573 1398
東京エレクトロン株式会社

@/home/ec2-user/data/topics/4906 1399
@/home/ec2-user/data/topics/1263 1399
@/home/ec2-user/data/topics/4023 1400
@/home/ec2-user/data/topics/3947 1401
@/home/ec2-user/data/topics/4618 1402
@/home/ec2-user/data/topics/1800 1403
@/home/ec2-user/data/topics/1736 1404
@/home/ec2-user/data/topics/4053 1405
@/home/ec2-user/data/topics/4002 1406
@/home/ec2-user/data/topics/1508 1407
@/home/ec2-user/data/topics/4702 1408
@/home/ec2-user/data/topics/4345 1409
株式会社村田製作所

@/home/ec2-user/data/topics/4795 1410
@/home/ec2-user/data/topics/4378 1410
@/home/ec2-user/data/topics/4271 1411
@/home/ec2-user/data/topics/1411 1412
@/home/ec2-user/data/topics/3885 1413
@/home/ec2-user/data/topics/2229 1414
@/home/ec2-user/data/topics/4432 1415
@/home/ec2-user/data/topics/4070 1416
@/home/ec2-user/data/topics/1374 1417
@/home/ec2-user/data/topics/4042 1418
@/home/ec2-user/data/topics/4325 1419
@/home/ec2-user/data/topics/4417 1420
@/home/ec2-user/data/topics/3697 1421
@/home/ec2-user/data/topics/4703 1422
@/home/ec2-user/data/topics/3435 1423
@/home/ec2-user/data/topics/4163 1424
@/home/ec2-user/data/topics/3482 1425
日本電信電話株式会社

@/home/ec2-user/data/topics/4964 1426
@/home/ec2-user/data/topics/4505 1426
@/home/ec2-user/data/topics/4208 1427
@/home/ec2-user/data/topics/4087 1428
@/home/ec2-user/data/topics/3586 1429
@/home/ec2-user/data/topics/1230 1430
@/home/ec2-user/data/topics/4146 1431
@/home/ec2-user/data/topics/4025 1432
@/home/ec2-user/data/topics/4664 1433
@/home/ec2-user/data/topics/4836 1434
@/home/ec2-user/data/topics/3650 1435
@/home/ec2-user/data/topics/4118 1436
@/home/ec2-user/data/topics/4488 1437
@/home/ec2-user/data/topics/3544 1438
@/home/ec2-user/data/topics/4335 1439
@/home/ec2-user/data/topics/4131 1440
@/home/ec2-user/data/topics/3894 1441
@/home/ec2-user/data/topics/3425 1442
@/home/ec2-user/data/topics/1408 1443
@/home/ec2-user/data/topics/4965 1444
@/home/ec2-user/data/topics/3521 1445
@/home/ec2-user/data/topics/4870 1446
@/home/ec2-user/data/topics/3915 1447
@/home/ec2-user/data/topics/2130 1448
@/home/ec2-user/data/topics/3509 1449
@/home/ec2-user/data/topics/4175 1450
@/home/ec2-user/data/topics/1934 1451
@/home/ec2-user/data/topics/3552 1452
@/home/ec2-user/data/topics/4925 1453
@/home/ec2-user/data/topics/3824 1454
@/home/ec2-user/data/topics/4865 1455
@/home/ec2-user/data/topics/1042 1456
@/home/ec2-user/data/topics/2017 1457
@/home/ec2-user/data/topics/4115 1458
@/home/ec2-user/data/topics/3785 1459
@/home/ec2-user/data/topics/3928 1460
@/home/ec2-user/data/topics/1787 1461
@/home/ec2-user/data/topics/4121 1462
@/home/ec2-user/data/topics/4511 1463
@/home/ec2-user/data/topics/3927 1464
@/home/ec2-user/data/topics/3811 1465
@/home/ec2-user/data/topics/3359 1466
@/home/ec2-user/data/topics/4560 1467
@/home/ec2-user/data/topics/1809 1468
@/home/ec2-user/data/topics/4232 1469
@/home/ec2-user/data/topics/4104 1470
@/home/ec2-user/data/topics/4952 1471
@/home/ec2-user/data/topics/3568 1472
@/home/ec2-user/data/topics/3641 1473
@/home/ec2-user/data/topics/4916 1474
@/home/ec2-user/data/topics/1556 1475
@/home/ec2-user/data/topics/3536 1476
@/home/ec2-user/data/topics/4114 1477
@/home/ec2-user/data/topics/1229 1478
@/home/ec2-user/data/topics/4443 1479
@/home/ec2-user/data/topics/4792 1480
日本鋼管株式会社

@/home/ec2-user/data/topics/4161 1481
@/home/ec2-user/data/topics/1404 1481
@/home/ec2-user/data/topics/4289 1482
@/home/ec2-user/data/topics/4455 1483
@/home/ec2-user/data/topics/3572 1484
@/home/ec2-user/data/topics/1690 1485
@/home/ec2-user/data/topics/2095 1486
株式会社神戸製鋼所

@/home/ec2-user/data/topics/1465 1487
@/home/ec2-user/data/topics/2064 1487
@/home/ec2-user/data/topics/3902 1488
@/home/ec2-user/data/topics/3475 1489
@/home/ec2-user/data/topics/4949 1490
@/home/ec2-user/data/topics/3674 1491
@/home/ec2-user/data/topics/3632 1492
株式会社ケンウッド

@/home/ec2-user/data/topics/2036 1493
@/home/ec2-user/data/topics/3878 1493
@/home/ec2-user/data/topics/1617 1494
@/home/ec2-user/data/topics/1186 1495
@/home/ec2-user/data/topics/1424 1496
@/home/ec2-user/data/topics/1896 1497
@/home/ec2-user/data/topics/1115 1498
@/home/ec2-user/data/topics/1345 1499
@/home/ec2-user/data/topics/4038 1500
@/home/ec2-user/data/topics/4467 1501
@/home/ec2-user/data/topics/3801 1502
@/home/ec2-user/data/topics/1698 1503
@/home/ec2-user/data/topics/3839 1504
@/home/ec2-user/data/topics/1241 1505
@/home/ec2-user/data/topics/4167 1506
@/home/ec2-user/data/topics/3969 1507
@/home/ec2-user/data/topics/3463 1508
@/home/ec2-user/data/topics/3794 1509
@/home/ec2-user/data/topics/4050 1510
@/home/ec2-user/data/topics/2163 1511
@/home/ec2-user/data/topics/3977 1512
東陶機器株式会社

@/home/ec2-user/data/topics/2135 1513
@/home/ec2-user/data/topics/3583 1513
@/home/ec2-user/data/topics/3821 1514
@/home/ec2-user/data/topics/1692 1515
@/home/ec2-user/data/topics/1735 1516
@/home/ec2-user/data/topics/1626 1517
本田技研工業株式会社

@/home/ec2-user/data/topics/4033 1518
@/home/ec2-user/data/topics/4783 1518
@/home/ec2-user/data/topics/4888 1519
@/home/ec2-user/data/topics/1143 1520
@/home/ec2-user/data/topics/4199 1521
@/home/ec2-user/data/topics/4375 1522
@/home/ec2-user/data/topics/1605 1523
@/home/ec2-user/data/topics/2000 1524
@/home/ec2-user/data/topics/2016 1525
@/home/ec2-user/data/topics/5026 1526
@/home/ec2-user/data/topics/1215 1527
@/home/ec2-user/data/topics/3685 1528
@/home/ec2-user/data/topics/1822 1529
@/home/ec2-user/data/topics/1266 1530
@/home/ec2-user/data/topics/1226 1531
@/home/ec2-user/data/topics/1444 1532
@/home/ec2-user/data/topics/4132 1533
@/home/ec2-user/data/topics/4331 1534
@/home/ec2-user/data/topics/1818 1535
新日本製鐵株式会社

@/home/ec2-user/data/topics/5008 1536
@/home/ec2-user/data/topics/3899 1536
@/home/ec2-user/data/topics/3663 1537
@/home/ec2-user/data/topics/3368 1538
@/home/ec2-user/data/topics/4472 1539
@/home/ec2-user/data/topics/3861 1540
松下電工株式会社

@/home/ec2-user/data/topics/3670 1541
@/home/ec2-user/data/topics/1311 1541
@/home/ec2-user/data/topics/3511 1542
@/home/ec2-user/data/topics/4012 1543
@/home/ec2-user/data/topics/4083 1544
@/home/ec2-user/data/topics/4450 1545
@/home/ec2-user/data/topics/4094 1546
@/home/ec2-user/data/topics/3565 1547
@/home/ec2-user/data/topics/3549 1548
@/home/ec2-user/data/topics/4317 1549
@/home/ec2-user/data/topics/4347 1550
@/home/ec2-user/data/topics/3932 1551
@/home/ec2-user/data/topics/3835 1552
@/home/ec2-user/data/topics/3651 1553
@/home/ec2-user/data/topics/1011 1554
@/home/ec2-user/data/topics/4592 1555
@/home/ec2-user/data/topics/3778 1556
@/home/ec2-user/data/topics/4029 1557
@/home/ec2-user/data/topics/1803 1558
@/home/ec2-user/data/topics/2045 1559
@/home/ec2-user/data/topics/1251 1560
@/home/ec2-user/data/topics/3379 1561
usernum: 72
simhit: 1483
simmax: 0.621532156368
simmin: 0.0
simavg: 0.199775647995
total: 1562
simhit/total: 0.949423815621

2017-01-14 00:20:59.815817
