2017-01-13 23:12:35.481737

topic-folder:/home/ec2-user/data/topics/
cl-file:rand
cl-floder:/home/ec2-user/data/ldaclass-64-2000-top1000/
zipf:-0.2
stype[0(tfidf)/1(tfidf2)/2(lsa)/3(lda)]:3
dtype[<0(diff*rand)/0(diff)/1(same)/>=2(diff*same)]:0
output-floder:result

三菱マテリアル株式会社

@/home/ec2-user/data/topics/3630 0
@/home/ec2-user/data/topics/3546 0
@/home/ec2-user/data/topics/2093 1
@/home/ec2-user/data/topics/3520 2
@/home/ec2-user/data/topics/1085 3
@/home/ec2-user/data/topics/3470 4
@/home/ec2-user/data/topics/3866 5
@/home/ec2-user/data/topics/1638 6
日本精機株式会社

@/home/ec2-user/data/topics/4907 7
@/home/ec2-user/data/topics/1398 7
@/home/ec2-user/data/topics/4690 8
@/home/ec2-user/data/topics/4709 9
@/home/ec2-user/data/topics/4875 10
@/home/ec2-user/data/topics/4972 11
コニカ株式会社

@/home/ec2-user/data/topics/3418 12
@/home/ec2-user/data/topics/3357 12
@/home/ec2-user/data/topics/3370 13
@/home/ec2-user/data/topics/2162 14
@/home/ec2-user/data/topics/3414 15
@/home/ec2-user/data/topics/3431 16
@/home/ec2-user/data/topics/1946 17
@/home/ec2-user/data/topics/3419 18
@/home/ec2-user/data/topics/3533 19
@/home/ec2-user/data/topics/3426 20
@/home/ec2-user/data/topics/3486 21
埼玉日本電気株式会社

@/home/ec2-user/data/topics/5010 22
@/home/ec2-user/data/topics/1620 22
@/home/ec2-user/data/topics/4283 23
@/home/ec2-user/data/topics/4279 24
@/home/ec2-user/data/topics/4496 25
@/home/ec2-user/data/topics/4242 26
@/home/ec2-user/data/topics/1512 27
@/home/ec2-user/data/topics/4468 28
@/home/ec2-user/data/topics/4998 29
アルプス電気株式会社

@/home/ec2-user/data/topics/2012 30
@/home/ec2-user/data/topics/3582 30
@/home/ec2-user/data/topics/2089 31
@/home/ec2-user/data/topics/3429 32
@/home/ec2-user/data/topics/4791 33
@/home/ec2-user/data/topics/1434 34
@/home/ec2-user/data/topics/1253 35
三菱重工業株式会社

@/home/ec2-user/data/topics/4687 36
@/home/ec2-user/data/topics/4882 36
@/home/ec2-user/data/topics/3944 37
@/home/ec2-user/data/topics/3503 38
@/home/ec2-user/data/topics/3833 39
@/home/ec2-user/data/topics/4862 40
@/home/ec2-user/data/topics/4412 41
@/home/ec2-user/data/topics/3637 42
@/home/ec2-user/data/topics/3529 43
@/home/ec2-user/data/topics/5022 44
@/home/ec2-user/data/topics/4563 45
@/home/ec2-user/data/topics/3591 46
村田機械株式会社

@/home/ec2-user/data/topics/4746 47
@/home/ec2-user/data/topics/5000 47
@/home/ec2-user/data/topics/4835 48
@/home/ec2-user/data/topics/4570 49
@/home/ec2-user/data/topics/1511 50
@/home/ec2-user/data/topics/4596 51
@/home/ec2-user/data/topics/1074 52
@/home/ec2-user/data/topics/3740 53
@/home/ec2-user/data/topics/1607 54
@/home/ec2-user/data/topics/4638 55
@/home/ec2-user/data/topics/4645 56
@/home/ec2-user/data/topics/4941 57
@/home/ec2-user/data/topics/4441 58
@/home/ec2-user/data/topics/4556 59
@/home/ec2-user/data/topics/4565 60
@/home/ec2-user/data/topics/1293 61
@/home/ec2-user/data/topics/3528 62
川崎製鉄株式会社

@/home/ec2-user/data/topics/3532 63
@/home/ec2-user/data/topics/1459 63
@/home/ec2-user/data/topics/3413 64
@/home/ec2-user/data/topics/4615 65
@/home/ec2-user/data/topics/1037 66
@/home/ec2-user/data/topics/3611 67
@/home/ec2-user/data/topics/3483 68
@/home/ec2-user/data/topics/3929 69
@/home/ec2-user/data/topics/3553 70
ダイキン工業株式会社

@/home/ec2-user/data/topics/4400 71
@/home/ec2-user/data/topics/4753 71
@/home/ec2-user/data/topics/1600 72
@/home/ec2-user/data/topics/4858 73
@/home/ec2-user/data/topics/4701 74
@/home/ec2-user/data/topics/3888 75
@/home/ec2-user/data/topics/4515 76
@/home/ec2-user/data/topics/4845 77
@/home/ec2-user/data/topics/1565 78
@/home/ec2-user/data/topics/4367 79
@/home/ec2-user/data/topics/4734 80
三菱自動車工業株式会社

@/home/ec2-user/data/topics/1527 81
@/home/ec2-user/data/topics/3502 81
@/home/ec2-user/data/topics/4189 82
@/home/ec2-user/data/topics/2101 83
@/home/ec2-user/data/topics/3815 84
@/home/ec2-user/data/topics/1816 85
@/home/ec2-user/data/topics/3940 86
@/home/ec2-user/data/topics/1428 87
日産自動車株式会社

@/home/ec2-user/data/topics/4982 88
@/home/ec2-user/data/topics/3501 88
@/home/ec2-user/data/topics/3829 89
@/home/ec2-user/data/topics/3489 90
@/home/ec2-user/data/topics/3677 91
@/home/ec2-user/data/topics/3723 92
@/home/ec2-user/data/topics/3936 93
@/home/ec2-user/data/topics/3497 94
@/home/ec2-user/data/topics/4074 95
@/home/ec2-user/data/topics/3645 96
@/home/ec2-user/data/topics/3712 97
トヨタ自動車株式会社

@/home/ec2-user/data/topics/3731 98
@/home/ec2-user/data/topics/4008 98
@/home/ec2-user/data/topics/2111 99
@/home/ec2-user/data/topics/2218 100
@/home/ec2-user/data/topics/4543 101
@/home/ec2-user/data/topics/3405 102
@/home/ec2-user/data/topics/4658 103
@/home/ec2-user/data/topics/1551 104
@/home/ec2-user/data/topics/4298 105
@/home/ec2-user/data/topics/4617 106
@/home/ec2-user/data/topics/3783 107
@/home/ec2-user/data/topics/3587 108
@/home/ec2-user/data/topics/3943 109
@/home/ec2-user/data/topics/3758 110
@/home/ec2-user/data/topics/4920 111
@/home/ec2-user/data/topics/4647 112
@/home/ec2-user/data/topics/4030 113
@/home/ec2-user/data/topics/4767 114
@/home/ec2-user/data/topics/4144 115
@/home/ec2-user/data/topics/3356 116
@/home/ec2-user/data/topics/4633 117
@/home/ec2-user/data/topics/4426 118
@/home/ec2-user/data/topics/3725 119
@/home/ec2-user/data/topics/1494 120
@/home/ec2-user/data/topics/3671 121
@/home/ec2-user/data/topics/4064 122
@/home/ec2-user/data/topics/4346 123
@/home/ec2-user/data/topics/3481 124
@/home/ec2-user/data/topics/3699 125
オリンパス光学工業株式会社

@/home/ec2-user/data/topics/1869 126
@/home/ec2-user/data/topics/1107 126
@/home/ec2-user/data/topics/4007 127
@/home/ec2-user/data/topics/5006 128
@/home/ec2-user/data/topics/1155 129
@/home/ec2-user/data/topics/1739 130
@/home/ec2-user/data/topics/4878 131
@/home/ec2-user/data/topics/2026 132
@/home/ec2-user/data/topics/1835 133
@/home/ec2-user/data/topics/1586 134
@/home/ec2-user/data/topics/4013 135
@/home/ec2-user/data/topics/1981 136
ブラザー工業株式会社

@/home/ec2-user/data/topics/1164 137
@/home/ec2-user/data/topics/2085 137
@/home/ec2-user/data/topics/1636 138
@/home/ec2-user/data/topics/3613 139
@/home/ec2-user/data/topics/3477 140
@/home/ec2-user/data/topics/1183 141
@/home/ec2-user/data/topics/3507 142
@/home/ec2-user/data/topics/1300 143
@/home/ec2-user/data/topics/3789 144
@/home/ec2-user/data/topics/4548 145
@/home/ec2-user/data/topics/3686 146
@/home/ec2-user/data/topics/2086 147
@/home/ec2-user/data/topics/1076 148
@/home/ec2-user/data/topics/1697 149
@/home/ec2-user/data/topics/1906 150
富士通株式会社

@/home/ec2-user/data/topics/1271 151
@/home/ec2-user/data/topics/3751 151
@/home/ec2-user/data/topics/1123 152
@/home/ec2-user/data/topics/3850 153
@/home/ec2-user/data/topics/5004 154
@/home/ec2-user/data/topics/3962 155
@/home/ec2-user/data/topics/3636 156
@/home/ec2-user/data/topics/1264 157
@/home/ec2-user/data/topics/1998 158
@/home/ec2-user/data/topics/3749 159
@/home/ec2-user/data/topics/2216 160
@/home/ec2-user/data/topics/3912 161
@/home/ec2-user/data/topics/3802 162
@/home/ec2-user/data/topics/3399 163
@/home/ec2-user/data/topics/1874 164
@/home/ec2-user/data/topics/3883 165
@/home/ec2-user/data/topics/3970 166
@/home/ec2-user/data/topics/3381 167
@/home/ec2-user/data/topics/2227 168
@/home/ec2-user/data/topics/3799 169
@/home/ec2-user/data/topics/2215 170
@/home/ec2-user/data/topics/1609 171
@/home/ec2-user/data/topics/3460 172
@/home/ec2-user/data/topics/3538 173
@/home/ec2-user/data/topics/3862 174
@/home/ec2-user/data/topics/3846 175
@/home/ec2-user/data/topics/3400 176
@/home/ec2-user/data/topics/4191 177
@/home/ec2-user/data/topics/1547 178
@/home/ec2-user/data/topics/3428 179
@/home/ec2-user/data/topics/3870 180
@/home/ec2-user/data/topics/3765 181
静岡日本電気株式会社

@/home/ec2-user/data/topics/4314 182
@/home/ec2-user/data/topics/4326 182
@/home/ec2-user/data/topics/4507 183
@/home/ec2-user/data/topics/4531 184
@/home/ec2-user/data/topics/4365 185
@/home/ec2-user/data/topics/4250 186
住友重機械工業株式会社

@/home/ec2-user/data/topics/3868 187
@/home/ec2-user/data/topics/3952 187
@/home/ec2-user/data/topics/4854 188
@/home/ec2-user/data/topics/1373 189
@/home/ec2-user/data/topics/1019 190
@/home/ec2-user/data/topics/1505 191
@/home/ec2-user/data/topics/1553 192
@/home/ec2-user/data/topics/2039 193
@/home/ec2-user/data/topics/1900 194
大日本印刷株式会社

@/home/ec2-user/data/topics/1262 195
@/home/ec2-user/data/topics/1564 195
@/home/ec2-user/data/topics/3388 196
@/home/ec2-user/data/topics/1099 197
@/home/ec2-user/data/topics/3569 198
@/home/ec2-user/data/topics/1145 199
日本電気株式会社

@/home/ec2-user/data/topics/1852 200
@/home/ec2-user/data/topics/4785 200
@/home/ec2-user/data/topics/4749 201
@/home/ec2-user/data/topics/1867 202
@/home/ec2-user/data/topics/4892 203
@/home/ec2-user/data/topics/2041 204
@/home/ec2-user/data/topics/1710 205
@/home/ec2-user/data/topics/2150 206
@/home/ec2-user/data/topics/4458 207
@/home/ec2-user/data/topics/4442 208
@/home/ec2-user/data/topics/4097 209
@/home/ec2-user/data/topics/2088 210
@/home/ec2-user/data/topics/1100 211
@/home/ec2-user/data/topics/4536 212
@/home/ec2-user/data/topics/1661 213
@/home/ec2-user/data/topics/3724 214
@/home/ec2-user/data/topics/4440 215
@/home/ec2-user/data/topics/4093 216
@/home/ec2-user/data/topics/4725 217
@/home/ec2-user/data/topics/4138 218
@/home/ec2-user/data/topics/4227 219
@/home/ec2-user/data/topics/4209 220
@/home/ec2-user/data/topics/3729 221
@/home/ec2-user/data/topics/1364 222
@/home/ec2-user/data/topics/1937 223
@/home/ec2-user/data/topics/4129 224
@/home/ec2-user/data/topics/4425 225
@/home/ec2-user/data/topics/4309 226
@/home/ec2-user/data/topics/4071 227
@/home/ec2-user/data/topics/1567 228
@/home/ec2-user/data/topics/4578 229
@/home/ec2-user/data/topics/4644 230
@/home/ec2-user/data/topics/4390 231
@/home/ec2-user/data/topics/3897 232
@/home/ec2-user/data/topics/4315 233
@/home/ec2-user/data/topics/4254 234
@/home/ec2-user/data/topics/4100 235
@/home/ec2-user/data/topics/4940 236
@/home/ec2-user/data/topics/3954 237
@/home/ec2-user/data/topics/4728 238
@/home/ec2-user/data/topics/4342 239
@/home/ec2-user/data/topics/4142 240
@/home/ec2-user/data/topics/4246 241
@/home/ec2-user/data/topics/4666 242
@/home/ec2-user/data/topics/1016 243
@/home/ec2-user/data/topics/4490 244
@/home/ec2-user/data/topics/4657 245
@/home/ec2-user/data/topics/1362 246
@/home/ec2-user/data/topics/4477 247
@/home/ec2-user/data/topics/4186 248
@/home/ec2-user/data/topics/4359 249
@/home/ec2-user/data/topics/1383 250
@/home/ec2-user/data/topics/1101 251
@/home/ec2-user/data/topics/4764 252
@/home/ec2-user/data/topics/4742 253
@/home/ec2-user/data/topics/4389 254
@/home/ec2-user/data/topics/4272 255
@/home/ec2-user/data/topics/3875 256
@/home/ec2-user/data/topics/4137 257
@/home/ec2-user/data/topics/1199 258
@/home/ec2-user/data/topics/4838 259
@/home/ec2-user/data/topics/4427 260
@/home/ec2-user/data/topics/1523 261
@/home/ec2-user/data/topics/4275 262
@/home/ec2-user/data/topics/4153 263
@/home/ec2-user/data/topics/4650 264
@/home/ec2-user/data/topics/4276 265
@/home/ec2-user/data/topics/1844 266
@/home/ec2-user/data/topics/2022 267
@/home/ec2-user/data/topics/4171 268
@/home/ec2-user/data/topics/4651 269
@/home/ec2-user/data/topics/4063 270
@/home/ec2-user/data/topics/4343 271
@/home/ec2-user/data/topics/4485 272
@/home/ec2-user/data/topics/4808 273
@/home/ec2-user/data/topics/4288 274
@/home/ec2-user/data/topics/4584 275
@/home/ec2-user/data/topics/4721 276
@/home/ec2-user/data/topics/4338 277
@/home/ec2-user/data/topics/1634 278
@/home/ec2-user/data/topics/4062 279
@/home/ec2-user/data/topics/4320 280
@/home/ec2-user/data/topics/4533 281
@/home/ec2-user/data/topics/4760 282
@/home/ec2-user/data/topics/1764 283
@/home/ec2-user/data/topics/2119 284
@/home/ec2-user/data/topics/1122 285
@/home/ec2-user/data/topics/4530 286
@/home/ec2-user/data/topics/4082 287
@/home/ec2-user/data/topics/4696 288
@/home/ec2-user/data/topics/5034 289
@/home/ec2-user/data/topics/4119 290
@/home/ec2-user/data/topics/4460 291
@/home/ec2-user/data/topics/3956 292
@/home/ec2-user/data/topics/4497 293
@/home/ec2-user/data/topics/1281 294
@/home/ec2-user/data/topics/4718 295
@/home/ec2-user/data/topics/3767 296
@/home/ec2-user/data/topics/4447 297
@/home/ec2-user/data/topics/1464 298
@/home/ec2-user/data/topics/4682 299
@/home/ec2-user/data/topics/1557 300
@/home/ec2-user/data/topics/4134 301
@/home/ec2-user/data/topics/4168 302
@/home/ec2-user/data/topics/3766 303
@/home/ec2-user/data/topics/1044 304
@/home/ec2-user/data/topics/3744 305
@/home/ec2-user/data/topics/4360 306
@/home/ec2-user/data/topics/4243 307
@/home/ec2-user/data/topics/4240 308
@/home/ec2-user/data/topics/4429 309
@/home/ec2-user/data/topics/4310 310
@/home/ec2-user/data/topics/2127 311
@/home/ec2-user/data/topics/1879 312
@/home/ec2-user/data/topics/4244 313
@/home/ec2-user/data/topics/4634 314
@/home/ec2-user/data/topics/4418 315
@/home/ec2-user/data/topics/4267 316
@/home/ec2-user/data/topics/3971 317
@/home/ec2-user/data/topics/3896 318
@/home/ec2-user/data/topics/4643 319
@/home/ec2-user/data/topics/1116 320
@/home/ec2-user/data/topics/4665 321
@/home/ec2-user/data/topics/4216 322
@/home/ec2-user/data/topics/1360 323
@/home/ec2-user/data/topics/2166 324
@/home/ec2-user/data/topics/4926 325
@/home/ec2-user/data/topics/4699 326
@/home/ec2-user/data/topics/4877 327
@/home/ec2-user/data/topics/4603 328
@/home/ec2-user/data/topics/4371 329
@/home/ec2-user/data/topics/4204 330
@/home/ec2-user/data/topics/4207 331
@/home/ec2-user/data/topics/4318 332
@/home/ec2-user/data/topics/4595 333
@/home/ec2-user/data/topics/4708 334
@/home/ec2-user/data/topics/4876 335
@/home/ec2-user/data/topics/4092 336
@/home/ec2-user/data/topics/1457 337
@/home/ec2-user/data/topics/4613 338
@/home/ec2-user/data/topics/1724 339
@/home/ec2-user/data/topics/1773 340
@/home/ec2-user/data/topics/4300 341
@/home/ec2-user/data/topics/4247 342
@/home/ec2-user/data/topics/2144 343
@/home/ec2-user/data/topics/4446 344
@/home/ec2-user/data/topics/3853 345
@/home/ec2-user/data/topics/4313 346
@/home/ec2-user/data/topics/4393 347
@/home/ec2-user/data/topics/4388 348
@/home/ec2-user/data/topics/1891 349
@/home/ec2-user/data/topics/4158 350
@/home/ec2-user/data/topics/1815 351
@/home/ec2-user/data/topics/4850 352
@/home/ec2-user/data/topics/4532 353
@/home/ec2-user/data/topics/1326 354
@/home/ec2-user/data/topics/4689 355
@/home/ec2-user/data/topics/4017 356
@/home/ec2-user/data/topics/4646 357
@/home/ec2-user/data/topics/4154 358
@/home/ec2-user/data/topics/2031 359
@/home/ec2-user/data/topics/4192 360
@/home/ec2-user/data/topics/4750 361
@/home/ec2-user/data/topics/4258 362
@/home/ec2-user/data/topics/4537 363
@/home/ec2-user/data/topics/4480 364
@/home/ec2-user/data/topics/4273 365
@/home/ec2-user/data/topics/4816 366
@/home/ec2-user/data/topics/1928 367
@/home/ec2-user/data/topics/4404 368
@/home/ec2-user/data/topics/4260 369
@/home/ec2-user/data/topics/4775 370
@/home/ec2-user/data/topics/4549 371
@/home/ec2-user/data/topics/4196 372
@/home/ec2-user/data/topics/1783 373
@/home/ec2-user/data/topics/1948 374
@/home/ec2-user/data/topics/4770 375
@/home/ec2-user/data/topics/4398 376
@/home/ec2-user/data/topics/4278 377
@/home/ec2-user/data/topics/4120 378
@/home/ec2-user/data/topics/4081 379
@/home/ec2-user/data/topics/1612 380
@/home/ec2-user/data/topics/4486 381
@/home/ec2-user/data/topics/4319 382
@/home/ec2-user/data/topics/4236 383
@/home/ec2-user/data/topics/4185 384
@/home/ec2-user/data/topics/1973 385
@/home/ec2-user/data/topics/4281 386
@/home/ec2-user/data/topics/1500 387
@/home/ec2-user/data/topics/4257 388
@/home/ec2-user/data/topics/1112 389
@/home/ec2-user/data/topics/3938 390
@/home/ec2-user/data/topics/4824 391
@/home/ec2-user/data/topics/4759 392
@/home/ec2-user/data/topics/4561 393
@/home/ec2-user/data/topics/1052 394
@/home/ec2-user/data/topics/3865 395
@/home/ec2-user/data/topics/4434 396
@/home/ec2-user/data/topics/4116 397
@/home/ec2-user/data/topics/4609 398
@/home/ec2-user/data/topics/1923 399
@/home/ec2-user/data/topics/4433 400
@/home/ec2-user/data/topics/3995 401
@/home/ec2-user/data/topics/4659 402
@/home/ec2-user/data/topics/4003 403
@/home/ec2-user/data/topics/4626 404
@/home/ec2-user/data/topics/4902 405
@/home/ec2-user/data/topics/4128 406
@/home/ec2-user/data/topics/1078 407
@/home/ec2-user/data/topics/1791 408
@/home/ec2-user/data/topics/3886 409
@/home/ec2-user/data/topics/4414 410
@/home/ec2-user/data/topics/1486 411
@/home/ec2-user/data/topics/4598 412
@/home/ec2-user/data/topics/4162 413
@/home/ec2-user/data/topics/4352 414
@/home/ec2-user/data/topics/4238 415
@/home/ec2-user/data/topics/1624 416
@/home/ec2-user/data/topics/4779 417
@/home/ec2-user/data/topics/1595 418
松下電器産業株式会社

@/home/ec2-user/data/topics/1706 419
@/home/ec2-user/data/topics/4797 419
@/home/ec2-user/data/topics/3694 420
@/home/ec2-user/data/topics/4502 421
@/home/ec2-user/data/topics/4229 422
@/home/ec2-user/data/topics/1589 423
@/home/ec2-user/data/topics/2080 424
@/home/ec2-user/data/topics/3979 425
@/home/ec2-user/data/topics/3514 426
@/home/ec2-user/data/topics/4422 427
@/home/ec2-user/data/topics/4459 428
@/home/ec2-user/data/topics/4806 429
@/home/ec2-user/data/topics/3404 430
@/home/ec2-user/data/topics/2156 431
@/home/ec2-user/data/topics/2029 432
@/home/ec2-user/data/topics/3510 433
@/home/ec2-user/data/topics/3960 434
@/home/ec2-user/data/topics/2056 435
@/home/ec2-user/data/topics/4577 436
@/home/ec2-user/data/topics/4667 437
@/home/ec2-user/data/topics/4385 438
@/home/ec2-user/data/topics/4043 439
@/home/ec2-user/data/topics/4307 440
@/home/ec2-user/data/topics/3807 441
@/home/ec2-user/data/topics/4945 442
@/home/ec2-user/data/topics/1955 443
@/home/ec2-user/data/topics/4558 444
@/home/ec2-user/data/topics/1157 445
@/home/ec2-user/data/topics/4464 446
@/home/ec2-user/data/topics/4501 447
@/home/ec2-user/data/topics/1339 448
@/home/ec2-user/data/topics/1881 449
@/home/ec2-user/data/topics/3739 450
@/home/ec2-user/data/topics/3658 451
@/home/ec2-user/data/topics/4761 452
@/home/ec2-user/data/topics/1509 453
@/home/ec2-user/data/topics/3455 454
@/home/ec2-user/data/topics/3847 455
@/home/ec2-user/data/topics/1252 456
@/home/ec2-user/data/topics/3386 457
@/home/ec2-user/data/topics/1257 458
@/home/ec2-user/data/topics/3402 459
@/home/ec2-user/data/topics/3951 460
@/home/ec2-user/data/topics/4394 461
@/home/ec2-user/data/topics/4303 462
@/home/ec2-user/data/topics/4160 463
@/home/ec2-user/data/topics/4787 464
@/home/ec2-user/data/topics/1136 465
@/home/ec2-user/data/topics/3904 466
@/home/ec2-user/data/topics/1026 467
@/home/ec2-user/data/topics/3585 468
@/home/ec2-user/data/topics/3704 469
@/home/ec2-user/data/topics/4586 470
@/home/ec2-user/data/topics/3746 471
@/home/ec2-user/data/topics/4676 472
@/home/ec2-user/data/topics/4599 473
@/home/ec2-user/data/topics/3680 474
@/home/ec2-user/data/topics/4798 475
@/home/ec2-user/data/topics/4917 476
@/home/ec2-user/data/topics/1701 477
@/home/ec2-user/data/topics/4574 478
@/home/ec2-user/data/topics/4193 479
@/home/ec2-user/data/topics/3920 480
@/home/ec2-user/data/topics/1885 481
@/home/ec2-user/data/topics/3721 482
@/home/ec2-user/data/topics/4264 483
@/home/ec2-user/data/topics/1762 484
@/home/ec2-user/data/topics/1477 485
@/home/ec2-user/data/topics/4101 486
@/home/ec2-user/data/topics/4804 487
@/home/ec2-user/data/topics/4867 488
@/home/ec2-user/data/topics/4159 489
@/home/ec2-user/data/topics/3519 490
@/home/ec2-user/data/topics/1898 491
@/home/ec2-user/data/topics/4707 492
@/home/ec2-user/data/topics/4180 493
@/home/ec2-user/data/topics/1829 494
@/home/ec2-user/data/topics/4936 495
@/home/ec2-user/data/topics/4000 496
@/home/ec2-user/data/topics/4280 497
@/home/ec2-user/data/topics/4625 498
@/home/ec2-user/data/topics/4754 499
@/home/ec2-user/data/topics/4098 500
@/home/ec2-user/data/topics/3692 501
@/home/ec2-user/data/topics/4968 502
@/home/ec2-user/data/topics/2129 503
@/home/ec2-user/data/topics/2170 504
@/home/ec2-user/data/topics/5024 505
@/home/ec2-user/data/topics/4503 506
@/home/ec2-user/data/topics/4961 507
@/home/ec2-user/data/topics/4918 508
@/home/ec2-user/data/topics/1812 509
@/home/ec2-user/data/topics/3494 510
@/home/ec2-user/data/topics/4355 511
@/home/ec2-user/data/topics/3761 512
@/home/ec2-user/data/topics/1540 513
@/home/ec2-user/data/topics/4491 514
@/home/ec2-user/data/topics/4817 515
@/home/ec2-user/data/topics/4448 516
@/home/ec2-user/data/topics/3676 517
@/home/ec2-user/data/topics/4215 518
@/home/ec2-user/data/topics/4126 519
@/home/ec2-user/data/topics/1070 520
@/home/ec2-user/data/topics/1705 521
@/home/ec2-user/data/topics/1179 522
@/home/ec2-user/data/topics/1516 523
@/home/ec2-user/data/topics/3558 524
@/home/ec2-user/data/topics/4157 525
@/home/ec2-user/data/topics/5028 526
@/home/ec2-user/data/topics/1525 527
@/home/ec2-user/data/topics/4382 528
@/home/ec2-user/data/topics/2222 529
@/home/ec2-user/data/topics/1158 530
@/home/ec2-user/data/topics/3619 531
@/home/ec2-user/data/topics/1635 532
@/home/ec2-user/data/topics/1748 533
@/home/ec2-user/data/topics/4274 534
@/home/ec2-user/data/topics/4102 535
@/home/ec2-user/data/topics/4885 536
@/home/ec2-user/data/topics/3719 537
@/home/ec2-user/data/topics/1633 538
@/home/ec2-user/data/topics/4139 539
@/home/ec2-user/data/topics/4475 540
セイコーインスツルメンツ株式会社

@/home/ec2-user/data/topics/4088 541
@/home/ec2-user/data/topics/3626 541
@/home/ec2-user/data/topics/4190 542
@/home/ec2-user/data/topics/4997 543
@/home/ec2-user/data/topics/1707 544
@/home/ec2-user/data/topics/4151 545
@/home/ec2-user/data/topics/3825 546
@/home/ec2-user/data/topics/4036 547
@/home/ec2-user/data/topics/4203 548
ミノルタ株式会社

@/home/ec2-user/data/topics/4321 549
@/home/ec2-user/data/topics/3584 549
@/home/ec2-user/data/topics/4970 550
@/home/ec2-user/data/topics/3545 551
@/home/ec2-user/data/topics/2190 552
@/home/ec2-user/data/topics/4951 553
@/home/ec2-user/data/topics/1152 554
@/home/ec2-user/data/topics/4986 555
@/home/ec2-user/data/topics/4977 556
@/home/ec2-user/data/topics/4984 557
@/home/ec2-user/data/topics/3810 558
@/home/ec2-user/data/topics/4971 559
株式会社リコー

@/home/ec2-user/data/topics/1482 560
@/home/ec2-user/data/topics/2201 560
@/home/ec2-user/data/topics/3880 561
@/home/ec2-user/data/topics/1064 562
@/home/ec2-user/data/topics/3495 563
@/home/ec2-user/data/topics/1776 564
@/home/ec2-user/data/topics/2189 565
@/home/ec2-user/data/topics/2043 566
@/home/ec2-user/data/topics/1974 567
@/home/ec2-user/data/topics/3484 568
@/home/ec2-user/data/topics/1593 569
@/home/ec2-user/data/topics/3687 570
@/home/ec2-user/data/topics/3750 571
@/home/ec2-user/data/topics/1718 572
@/home/ec2-user/data/topics/1106 573
@/home/ec2-user/data/topics/1282 574
@/home/ec2-user/data/topics/1190 575
@/home/ec2-user/data/topics/4344 576
@/home/ec2-user/data/topics/1976 577
@/home/ec2-user/data/topics/1514 578
@/home/ec2-user/data/topics/1225 579
@/home/ec2-user/data/topics/3837 580
@/home/ec2-user/data/topics/4616 581
@/home/ec2-user/data/topics/2090 582
@/home/ec2-user/data/topics/4879 583
@/home/ec2-user/data/topics/3394 584
@/home/ec2-user/data/topics/1775 585
@/home/ec2-user/data/topics/3775 586
@/home/ec2-user/data/topics/4781 587
@/home/ec2-user/data/topics/3759 588
@/home/ec2-user/data/topics/3472 589
@/home/ec2-user/data/topics/3446 590
@/home/ec2-user/data/topics/1478 591
@/home/ec2-user/data/topics/3378 592
@/home/ec2-user/data/topics/1691 593
@/home/ec2-user/data/topics/1083 594
@/home/ec2-user/data/topics/1433 595
@/home/ec2-user/data/topics/3436 596
@/home/ec2-user/data/topics/1670 597
@/home/ec2-user/data/topics/1780 598
@/home/ec2-user/data/topics/3523 599
@/home/ec2-user/data/topics/3711 600
@/home/ec2-user/data/topics/3548 601
@/home/ec2-user/data/topics/3424 602
@/home/ec2-user/data/topics/1774 603
@/home/ec2-user/data/topics/3574 604
@/home/ec2-user/data/topics/1806 605
@/home/ec2-user/data/topics/2006 606
@/home/ec2-user/data/topics/3633 607
@/home/ec2-user/data/topics/1627 608
@/home/ec2-user/data/topics/1878 609
@/home/ec2-user/data/topics/1663 610
@/home/ec2-user/data/topics/3411 611
@/home/ec2-user/data/topics/2200 612
@/home/ec2-user/data/topics/1668 613
@/home/ec2-user/data/topics/3530 614
@/home/ec2-user/data/topics/2219 615
@/home/ec2-user/data/topics/3669 616
@/home/ec2-user/data/topics/3474 617
@/home/ec2-user/data/topics/4265 618
@/home/ec2-user/data/topics/3713 619
@/home/ec2-user/data/topics/1669 620
@/home/ec2-user/data/topics/1755 621
@/home/ec2-user/data/topics/4037 622
@/home/ec2-user/data/topics/2182 623
@/home/ec2-user/data/topics/1095 624
@/home/ec2-user/data/topics/3555 625
@/home/ec2-user/data/topics/1740 626
@/home/ec2-user/data/topics/1436 627
@/home/ec2-user/data/topics/3557 628
@/home/ec2-user/data/topics/1610 629
独立行政法人産業技術総合研究所

@/home/ec2-user/data/topics/4777 630
@/home/ec2-user/data/topics/4869 630
@/home/ec2-user/data/topics/4740 631
@/home/ec2-user/data/topics/1356 632
@/home/ec2-user/data/topics/4800 633
@/home/ec2-user/data/topics/4739 634
ソニー株式会社

@/home/ec2-user/data/topics/3924 635
@/home/ec2-user/data/topics/1749 635
@/home/ec2-user/data/topics/2059 636
@/home/ec2-user/data/topics/1884 637
@/home/ec2-user/data/topics/1892 638
@/home/ec2-user/data/topics/1147 639
@/home/ec2-user/data/topics/2052 640
@/home/ec2-user/data/topics/1686 641
@/home/ec2-user/data/topics/3955 642
@/home/ec2-user/data/topics/1233 643
@/home/ec2-user/data/topics/1926 644
@/home/ec2-user/data/topics/2105 645
@/home/ec2-user/data/topics/3401 646
@/home/ec2-user/data/topics/1778 647
@/home/ec2-user/data/topics/4184 648
@/home/ec2-user/data/topics/2075 649
@/home/ec2-user/data/topics/1967 650
@/home/ec2-user/data/topics/4219 651
@/home/ec2-user/data/topics/1912 652
@/home/ec2-user/data/topics/3975 653
@/home/ec2-user/data/topics/1426 654
@/home/ec2-user/data/topics/4351 655
@/home/ec2-user/data/topics/1602 656
@/home/ec2-user/data/topics/1435 657
@/home/ec2-user/data/topics/1218 658
@/home/ec2-user/data/topics/2037 659
@/home/ec2-user/data/topics/1397 660
@/home/ec2-user/data/topics/1873 661
@/home/ec2-user/data/topics/3392 662
@/home/ec2-user/data/topics/2094 663
@/home/ec2-user/data/topics/5027 664
@/home/ec2-user/data/topics/1836 665
@/home/ec2-user/data/topics/1298 666
@/home/ec2-user/data/topics/1954 667
@/home/ec2-user/data/topics/2048 668
@/home/ec2-user/data/topics/3456 669
@/home/ec2-user/data/topics/3872 670
@/home/ec2-user/data/topics/1491 671
@/home/ec2-user/data/topics/1471 672
@/home/ec2-user/data/topics/4224 673
@/home/ec2-user/data/topics/1059 674
@/home/ec2-user/data/topics/2058 675
@/home/ec2-user/data/topics/1679 676
@/home/ec2-user/data/topics/1414 677
@/home/ec2-user/data/topics/1102 678
@/home/ec2-user/data/topics/1380 679
@/home/ec2-user/data/topics/1291 680
富士ゼロックス株式会社

@/home/ec2-user/data/topics/3695 681
@/home/ec2-user/data/topics/3640 681
@/home/ec2-user/data/topics/5031 682
@/home/ec2-user/data/topics/3662 683
@/home/ec2-user/data/topics/1560 684
@/home/ec2-user/data/topics/3366 685
@/home/ec2-user/data/topics/3661 686
@/home/ec2-user/data/topics/3407 687
@/home/ec2-user/data/topics/3790 688
@/home/ec2-user/data/topics/1947 689
@/home/ec2-user/data/topics/3473 690
@/home/ec2-user/data/topics/3383 691
@/home/ec2-user/data/topics/3782 692
@/home/ec2-user/data/topics/4108 693
@/home/ec2-user/data/topics/3564 694
住友金属工業株式会社

@/home/ec2-user/data/topics/3655 695
@/home/ec2-user/data/topics/4322 695
@/home/ec2-user/data/topics/4534 696
@/home/ec2-user/data/topics/4733 697
@/home/ec2-user/data/topics/4021 698
@/home/ec2-user/data/topics/4295 699
@/home/ec2-user/data/topics/1268 700
@/home/ec2-user/data/topics/4661 701
@/home/ec2-user/data/topics/4182 702
@/home/ec2-user/data/topics/4991 703
@/home/ec2-user/data/topics/3577 704
@/home/ec2-user/data/topics/3826 705
日立電線株式会社

@/home/ec2-user/data/topics/1388 706
@/home/ec2-user/data/topics/1117 706
@/home/ec2-user/data/topics/3930 707
@/home/ec2-user/data/topics/4357 708
@/home/ec2-user/data/topics/1027 709
@/home/ec2-user/data/topics/1305 710
@/home/ec2-user/data/topics/3756 711
@/home/ec2-user/data/topics/4329 712
@/home/ec2-user/data/topics/4356 713
キヤノン株式会社

@/home/ec2-user/data/topics/2145 714
@/home/ec2-user/data/topics/1216 714
@/home/ec2-user/data/topics/3445 715
@/home/ec2-user/data/topics/3730 716
@/home/ec2-user/data/topics/1513 717
@/home/ec2-user/data/topics/3438 718
@/home/ec2-user/data/topics/1848 719
@/home/ec2-user/data/topics/1744 720
@/home/ec2-user/data/topics/4350 721
@/home/ec2-user/data/topics/3949 722
@/home/ec2-user/data/topics/3374 723
@/home/ec2-user/data/topics/3415 724
@/home/ec2-user/data/topics/1519 725
@/home/ec2-user/data/topics/1961 726
@/home/ec2-user/data/topics/1745 727
@/home/ec2-user/data/topics/3416 728
@/home/ec2-user/data/topics/3656 729
@/home/ec2-user/data/topics/3967 730
@/home/ec2-user/data/topics/3843 731
@/home/ec2-user/data/topics/1646 732
@/home/ec2-user/data/topics/2053 733
@/home/ec2-user/data/topics/1228 734
@/home/ec2-user/data/topics/1847 735
@/home/ec2-user/data/topics/1590 736
@/home/ec2-user/data/topics/2107 737
@/home/ec2-user/data/topics/4520 738
@/home/ec2-user/data/topics/4054 739
@/home/ec2-user/data/topics/4947 740
@/home/ec2-user/data/topics/2231 741
@/home/ec2-user/data/topics/1118 742
@/home/ec2-user/data/topics/3722 743
@/home/ec2-user/data/topics/1080 744
@/home/ec2-user/data/topics/3737 745
@/home/ec2-user/data/topics/3417 746
@/home/ec2-user/data/topics/4068 747
@/home/ec2-user/data/topics/4937 748
@/home/ec2-user/data/topics/3410 749
@/home/ec2-user/data/topics/4020 750
@/home/ec2-user/data/topics/1895 751
@/home/ec2-user/data/topics/3660 752
@/home/ec2-user/data/topics/1802 753
@/home/ec2-user/data/topics/3376 754
@/home/ec2-user/data/topics/3420 755
@/home/ec2-user/data/topics/3852 756
@/home/ec2-user/data/topics/1455 757
@/home/ec2-user/data/topics/1631 758
@/home/ec2-user/data/topics/2243 759
@/home/ec2-user/data/topics/1539 760
@/home/ec2-user/data/topics/4610 761
@/home/ec2-user/data/topics/3434 762
@/home/ec2-user/data/topics/4628 763
@/home/ec2-user/data/topics/4948 764
@/home/ec2-user/data/topics/1889 765
@/home/ec2-user/data/topics/4363 766
@/home/ec2-user/data/topics/3430 767
@/home/ec2-user/data/topics/1124 768
@/home/ec2-user/data/topics/2004 769
@/home/ec2-user/data/topics/3441 770
@/home/ec2-user/data/topics/1975 771
@/home/ec2-user/data/topics/3755 772
@/home/ec2-user/data/topics/3996 773
@/home/ec2-user/data/topics/1208 774
@/home/ec2-user/data/topics/1790 775
@/home/ec2-user/data/topics/3958 776
@/home/ec2-user/data/topics/3720 777
@/home/ec2-user/data/topics/2117 778
@/home/ec2-user/data/topics/3628 779
@/home/ec2-user/data/topics/3642 780
@/home/ec2-user/data/topics/1568 781
@/home/ec2-user/data/topics/4521 782
@/home/ec2-user/data/topics/3454 783
@/home/ec2-user/data/topics/1866 784
@/home/ec2-user/data/topics/1438 785
三洋電機株式会社

@/home/ec2-user/data/topics/1289 786
@/home/ec2-user/data/topics/1479 786
@/home/ec2-user/data/topics/4763 787
@/home/ec2-user/data/topics/2098 788
@/home/ec2-user/data/topics/4328 789
@/home/ec2-user/data/topics/3974 790
@/home/ec2-user/data/topics/3625 791
@/home/ec2-user/data/topics/2054 792
@/home/ec2-user/data/topics/4474 793
@/home/ec2-user/data/topics/1451 794
@/home/ec2-user/data/topics/1246 795
@/home/ec2-user/data/topics/4384 796
@/home/ec2-user/data/topics/4066 797
@/home/ec2-user/data/topics/4015 798
@/home/ec2-user/data/topics/3492 799
@/home/ec2-user/data/topics/4720 800
@/home/ec2-user/data/topics/3398 801
@/home/ec2-user/data/topics/4978 802
@/home/ec2-user/data/topics/3953 803
@/home/ec2-user/data/topics/4983 804
@/home/ec2-user/data/topics/4788 805
@/home/ec2-user/data/topics/3926 806
@/home/ec2-user/data/topics/4060 807
@/home/ec2-user/data/topics/4061 808
@/home/ec2-user/data/topics/4654 809
@/home/ec2-user/data/topics/3804 810
@/home/ec2-user/data/topics/1488 811
@/home/ec2-user/data/topics/4150 812
@/home/ec2-user/data/topics/4612 813
@/home/ec2-user/data/topics/4726 814
@/home/ec2-user/data/topics/3830 815
@/home/ec2-user/data/topics/3889 816
@/home/ec2-user/data/topics/1163 817
@/home/ec2-user/data/topics/1321 818
@/home/ec2-user/data/topics/3808 819
@/home/ec2-user/data/topics/2071 820
@/home/ec2-user/data/topics/4376 821
@/home/ec2-user/data/topics/4001 822
@/home/ec2-user/data/topics/2014 823
@/home/ec2-user/data/topics/1515 824
@/home/ec2-user/data/topics/3681 825
@/home/ec2-user/data/topics/3708 826
@/home/ec2-user/data/topics/1653 827
@/home/ec2-user/data/topics/3581 828
@/home/ec2-user/data/topics/1980 829
@/home/ec2-user/data/topics/3781 830
@/home/ec2-user/data/topics/3986 831
@/home/ec2-user/data/topics/4039 832
@/home/ec2-user/data/topics/4492 833
@/home/ec2-user/data/topics/3403 834
@/home/ec2-user/data/topics/3906 835
@/home/ec2-user/data/topics/4212 836
@/home/ec2-user/data/topics/4099 837
@/home/ec2-user/data/topics/2063 838
@/home/ec2-user/data/topics/5002 839
@/home/ec2-user/data/topics/4178 840
@/home/ec2-user/data/topics/1386 841
@/home/ec2-user/data/topics/4571 842
@/home/ec2-user/data/topics/2230 843
@/home/ec2-user/data/topics/1079 844
@/home/ec2-user/data/topics/4179 845
@/home/ec2-user/data/topics/4604 846
@/home/ec2-user/data/topics/5011 847
@/home/ec2-user/data/topics/1722 848
@/home/ec2-user/data/topics/3859 849
@/home/ec2-user/data/topics/3491 850
@/home/ec2-user/data/topics/2194 851
@/home/ec2-user/data/topics/3817 852
@/home/ec2-user/data/topics/4304 853
@/home/ec2-user/data/topics/3539 854
@/home/ec2-user/data/topics/4301 855
@/home/ec2-user/data/topics/3754 856
@/home/ec2-user/data/topics/1671 857
@/home/ec2-user/data/topics/4960 858
@/home/ec2-user/data/topics/1652 859
@/home/ec2-user/data/topics/3845 860
@/home/ec2-user/data/topics/4527 861
@/home/ec2-user/data/topics/4837 862
@/home/ec2-user/data/topics/4679 863
三菱電機株式会社

@/home/ec2-user/data/topics/4552 864
@/home/ec2-user/data/topics/3963 864
@/home/ec2-user/data/topics/3921 865
@/home/ec2-user/data/topics/1754 866
@/home/ec2-user/data/topics/3506 867
@/home/ec2-user/data/topics/4149 868
@/home/ec2-user/data/topics/4181 869
@/home/ec2-user/data/topics/4980 870
@/home/ec2-user/data/topics/4834 871
@/home/ec2-user/data/topics/4880 872
@/home/ec2-user/data/topics/3453 873
@/home/ec2-user/data/topics/3873 874
@/home/ec2-user/data/topics/5033 875
@/home/ec2-user/data/topics/3397 876
@/home/ec2-user/data/topics/4221 877
@/home/ec2-user/data/topics/4514 878
@/home/ec2-user/data/topics/4614 879
@/home/ec2-user/data/topics/3469 880
@/home/ec2-user/data/topics/5032 881
@/home/ec2-user/data/topics/3856 882
@/home/ec2-user/data/topics/3465 883
@/home/ec2-user/data/topics/1792 884
@/home/ec2-user/data/topics/2146 885
@/home/ec2-user/data/topics/4235 886
@/home/ec2-user/data/topics/3820 887
@/home/ec2-user/data/topics/3493 888
@/home/ec2-user/data/topics/3612 889
@/home/ec2-user/data/topics/3409 890
@/home/ec2-user/data/topics/3774 891
@/home/ec2-user/data/topics/4047 892
@/home/ec2-user/data/topics/3490 893
@/home/ec2-user/data/topics/4305 894
@/home/ec2-user/data/topics/3609 895
@/home/ec2-user/data/topics/3412 896
@/home/ec2-user/data/topics/3747 897
@/home/ec2-user/data/topics/1738 898
@/home/ec2-user/data/topics/4282 899
@/home/ec2-user/data/topics/3592 900
@/home/ec2-user/data/topics/4041 901
@/home/ec2-user/data/topics/1220 902
@/home/ec2-user/data/topics/3466 903
@/home/ec2-user/data/topics/4562 904
@/home/ec2-user/data/topics/4233 905
@/home/ec2-user/data/topics/4220 906
@/home/ec2-user/data/topics/1872 907
@/home/ec2-user/data/topics/4663 908
@/home/ec2-user/data/topics/4419 909
@/home/ec2-user/data/topics/3595 910
@/home/ec2-user/data/topics/4076 911
@/home/ec2-user/data/topics/3666 912
@/home/ec2-user/data/topics/3616 913
@/home/ec2-user/data/topics/3800 914
@/home/ec2-user/data/topics/4133 915
@/home/ec2-user/data/topics/3451 916
@/home/ec2-user/data/topics/4518 917
@/home/ec2-user/data/topics/3841 918
@/home/ec2-user/data/topics/1110 919
@/home/ec2-user/data/topics/1536 920
住友ゴム工業株式会社

@/home/ec2-user/data/topics/4048 921
@/home/ec2-user/data/topics/4406 921
@/home/ec2-user/data/topics/1758 922
@/home/ec2-user/data/topics/4597 923
@/home/ec2-user/data/topics/1114 924
@/home/ec2-user/data/topics/4568 925
@/home/ec2-user/data/topics/2007 926
セイコーエプソン株式会社

@/home/ec2-user/data/topics/4022 927
@/home/ec2-user/data/topics/1423 927
@/home/ec2-user/data/topics/3887 928
@/home/ec2-user/data/topics/4605 929
@/home/ec2-user/data/topics/4585 930
@/home/ec2-user/data/topics/4454 931
@/home/ec2-user/data/topics/4386 932
@/home/ec2-user/data/topics/1343 933
@/home/ec2-user/data/topics/2165 934
@/home/ec2-user/data/topics/1890 935
@/home/ec2-user/data/topics/3985 936
@/home/ec2-user/data/topics/1378 937
@/home/ec2-user/data/topics/3819 938
@/home/ec2-user/data/topics/2078 939
@/home/ec2-user/data/topics/3476 940
@/home/ec2-user/data/topics/3505 941
@/home/ec2-user/data/topics/4801 942
@/home/ec2-user/data/topics/3589 943
@/home/ec2-user/data/topics/1484 944
@/home/ec2-user/data/topics/3361 945
@/home/ec2-user/data/topics/4109 946
@/home/ec2-user/data/topics/3910 947
@/home/ec2-user/data/topics/4802 948
@/home/ec2-user/data/topics/1938 949
@/home/ec2-user/data/topics/4719 950
@/home/ec2-user/data/topics/1641 951
株式会社三共

@/home/ec2-user/data/topics/2060 952
@/home/ec2-user/data/topics/1086 952
@/home/ec2-user/data/topics/1648 953
@/home/ec2-user/data/topics/1377 954
@/home/ec2-user/data/topics/4374 955
@/home/ec2-user/data/topics/2123 956
@/home/ec2-user/data/topics/1665 957
@/home/ec2-user/data/topics/1189 958
@/home/ec2-user/data/topics/4868 959
沖電気工業株式会社

@/home/ec2-user/data/topics/4308 960
@/home/ec2-user/data/topics/3395 960
@/home/ec2-user/data/topics/3764 961
@/home/ec2-user/data/topics/3621 962
@/home/ec2-user/data/topics/4575 963
@/home/ec2-user/data/topics/4693 964
@/home/ec2-user/data/topics/3457 965
@/home/ec2-user/data/topics/1188 966
@/home/ec2-user/data/topics/3433 967
@/home/ec2-user/data/topics/3690 968
@/home/ec2-user/data/topics/4299 969
@/home/ec2-user/data/topics/3964 970
@/home/ec2-user/data/topics/3571 971
@/home/ec2-user/data/topics/1531 972
株式会社三星

@/home/ec2-user/data/topics/1260 973
@/home/ec2-user/data/topics/2108 973
@/home/ec2-user/data/topics/1728 974
@/home/ec2-user/data/topics/1733 975
@/home/ec2-user/data/topics/2198 976
@/home/ec2-user/data/topics/3942 977
日本ビクター株式会社

@/home/ec2-user/data/topics/3603 978
@/home/ec2-user/data/topics/4672 978
@/home/ec2-user/data/topics/1520 979
@/home/ec2-user/data/topics/3882 980
@/home/ec2-user/data/topics/4123 981
@/home/ec2-user/data/topics/1823 982
@/home/ec2-user/data/topics/1440 983
@/home/ec2-user/data/topics/3939 984
@/home/ec2-user/data/topics/4056 985
@/home/ec2-user/data/topics/3620 986
@/home/ec2-user/data/topics/1389 987
花王株式会社

@/home/ec2-user/data/topics/4827 988
@/home/ec2-user/data/topics/3753 988
@/home/ec2-user/data/topics/1196 989
@/home/ec2-user/data/topics/4287 990
@/home/ec2-user/data/topics/2214 991
@/home/ec2-user/data/topics/1767 992
@/home/ec2-user/data/topics/4445 993
@/home/ec2-user/data/topics/4211 994
@/home/ec2-user/data/topics/1022 995
@/home/ec2-user/data/topics/3999 996
@/home/ec2-user/data/topics/4249 997
@/home/ec2-user/data/topics/3884 998
@/home/ec2-user/data/topics/3812 999
三田工業株式会社

@/home/ec2-user/data/topics/1034 1000
@/home/ec2-user/data/topics/3923 1000
@/home/ec2-user/data/topics/1766 1001
@/home/ec2-user/data/topics/2136 1002
@/home/ec2-user/data/topics/1269 1003
@/home/ec2-user/data/topics/3604 1004
@/home/ec2-user/data/topics/3842 1005
@/home/ec2-user/data/topics/1033 1006
@/home/ec2-user/data/topics/2155 1007
豊丸産業株式会社

@/home/ec2-user/data/topics/2011 1008
@/home/ec2-user/data/topics/1138 1008
@/home/ec2-user/data/topics/1677 1009
@/home/ec2-user/data/topics/1097 1010
@/home/ec2-user/data/topics/1401 1011
@/home/ec2-user/data/topics/1126 1012
@/home/ec2-user/data/topics/1713 1013
@/home/ec2-user/data/topics/3672 1014
@/home/ec2-user/data/topics/1284 1015
@/home/ec2-user/data/topics/2169 1016
@/home/ec2-user/data/topics/4847 1017
@/home/ec2-user/data/topics/1588 1018
@/home/ec2-user/data/topics/1353 1019
@/home/ec2-user/data/topics/1726 1020
@/home/ec2-user/data/topics/1914 1021
鐘紡株式会社

@/home/ec2-user/data/topics/1367 1022
@/home/ec2-user/data/topics/1054 1022
@/home/ec2-user/data/topics/1304 1023
@/home/ec2-user/data/topics/3566 1024
@/home/ec2-user/data/topics/1901 1025
@/home/ec2-user/data/topics/3551 1026
@/home/ec2-user/data/topics/1178 1027
@/home/ec2-user/data/topics/2223 1028
@/home/ec2-user/data/topics/1886 1029
@/home/ec2-user/data/topics/3634 1030
@/home/ec2-user/data/topics/1842 1031
@/home/ec2-user/data/topics/1870 1032
@/home/ec2-user/data/topics/3560 1033
@/home/ec2-user/data/topics/4195 1034
@/home/ec2-user/data/topics/2185 1035
@/home/ec2-user/data/topics/2034 1036
株式会社デンソー

@/home/ec2-user/data/topics/3406 1037
@/home/ec2-user/data/topics/4024 1037
@/home/ec2-user/data/topics/4622 1038
@/home/ec2-user/data/topics/3421 1039
@/home/ec2-user/data/topics/4498 1040
@/home/ec2-user/data/topics/4423 1041
@/home/ec2-user/data/topics/4805 1042
@/home/ec2-user/data/topics/1028 1043
@/home/ec2-user/data/topics/3710 1044
@/home/ec2-user/data/topics/4483 1045
@/home/ec2-user/data/topics/4675 1046
@/home/ec2-user/data/topics/4656 1047
@/home/ec2-user/data/topics/4840 1048
@/home/ec2-user/data/topics/4046 1049
@/home/ec2-user/data/topics/4164 1050
@/home/ec2-user/data/topics/3480 1051
@/home/ec2-user/data/topics/1855 1052
富士写真フイルム株式会社

@/home/ec2-user/data/topics/3857 1053
@/home/ec2-user/data/topics/1662 1053
@/home/ec2-user/data/topics/3447 1054
@/home/ec2-user/data/topics/3918 1055
@/home/ec2-user/data/topics/3911 1056
@/home/ec2-user/data/topics/3354 1057
@/home/ec2-user/data/topics/1570 1058
@/home/ec2-user/data/topics/1603 1059
@/home/ec2-user/data/topics/1244 1060
@/home/ec2-user/data/topics/2134 1061
@/home/ec2-user/data/topics/4962 1062
京セラ株式会社

@/home/ec2-user/data/topics/3615 1063
@/home/ec2-user/data/topics/4513 1063
@/home/ec2-user/data/topics/3741 1064
@/home/ec2-user/data/topics/4340 1065
@/home/ec2-user/data/topics/1708 1066
@/home/ec2-user/data/topics/4031 1067
@/home/ec2-user/data/topics/1741 1068
@/home/ec2-user/data/topics/1913 1069
@/home/ec2-user/data/topics/3593 1070
@/home/ec2-user/data/topics/3869 1071
@/home/ec2-user/data/topics/4901 1072
@/home/ec2-user/data/topics/1485 1073
イビデン株式会社

@/home/ec2-user/data/topics/1682 1074
@/home/ec2-user/data/topics/3814 1074
@/home/ec2-user/data/topics/1770 1075
@/home/ec2-user/data/topics/1952 1076
@/home/ec2-user/data/topics/1315 1077
@/home/ec2-user/data/topics/2033 1078
@/home/ec2-user/data/topics/1336 1079
株式会社東芝

@/home/ec2-user/data/topics/4197 1080
@/home/ec2-user/data/topics/4009 1080
@/home/ec2-user/data/topics/4594 1081
@/home/ec2-user/data/topics/3462 1082
@/home/ec2-user/data/topics/4292 1083
@/home/ec2-user/data/topics/4912 1084
@/home/ec2-user/data/topics/4381 1085
@/home/ec2-user/data/topics/3834 1086
@/home/ec2-user/data/topics/1090 1087
@/home/ec2-user/data/topics/3795 1088
@/home/ec2-user/data/topics/3598 1089
@/home/ec2-user/data/topics/4509 1090
@/home/ec2-user/data/topics/3683 1091
@/home/ec2-user/data/topics/4755 1092
@/home/ec2-user/data/topics/4302 1093
@/home/ec2-user/data/topics/4057 1094
@/home/ec2-user/data/topics/1585 1095
@/home/ec2-user/data/topics/3380 1096
@/home/ec2-user/data/topics/1757 1097
@/home/ec2-user/data/topics/3780 1098
@/home/ec2-user/data/topics/4172 1099
@/home/ec2-user/data/topics/3990 1100
@/home/ec2-user/data/topics/4566 1101
@/home/ec2-user/data/topics/3851 1102
@/home/ec2-user/data/topics/4535 1103
@/home/ec2-user/data/topics/4881 1104
@/home/ec2-user/data/topics/1997 1105
@/home/ec2-user/data/topics/4165 1106
@/home/ec2-user/data/topics/3948 1107
@/home/ec2-user/data/topics/3881 1108
@/home/ec2-user/data/topics/1132 1109
@/home/ec2-user/data/topics/4089 1110
@/home/ec2-user/data/topics/4863 1111
@/home/ec2-user/data/topics/3363 1112
@/home/ec2-user/data/topics/3351 1113
@/home/ec2-user/data/topics/3890 1114
@/home/ec2-user/data/topics/3732 1115
@/home/ec2-user/data/topics/3352 1116
@/home/ec2-user/data/topics/4935 1117
@/home/ec2-user/data/topics/4842 1118
@/home/ec2-user/data/topics/4336 1119
@/home/ec2-user/data/topics/4751 1120
@/home/ec2-user/data/topics/1819 1121
@/home/ec2-user/data/topics/4140 1122
@/home/ec2-user/data/topics/4361 1123
@/home/ec2-user/data/topics/1756 1124
@/home/ec2-user/data/topics/3734 1125
@/home/ec2-user/data/topics/3988 1126
@/home/ec2-user/data/topics/3618 1127
@/home/ec2-user/data/topics/3542 1128
@/home/ec2-user/data/topics/3689 1129
@/home/ec2-user/data/topics/1332 1130
@/home/ec2-user/data/topics/4096 1131
@/home/ec2-user/data/topics/4631 1132
@/home/ec2-user/data/topics/1205 1133
@/home/ec2-user/data/topics/4183 1134
@/home/ec2-user/data/topics/4623 1135
@/home/ec2-user/data/topics/3688 1136
@/home/ec2-user/data/topics/2241 1137
@/home/ec2-user/data/topics/3360 1138
@/home/ec2-user/data/topics/3716 1139
ヤマハ株式会社

@/home/ec2-user/data/topics/1443 1140
@/home/ec2-user/data/topics/4954 1140
@/home/ec2-user/data/topics/1720 1141
@/home/ec2-user/data/topics/4045 1142
@/home/ec2-user/data/topics/4084 1143
@/home/ec2-user/data/topics/1911 1144
@/home/ec2-user/data/topics/4145 1145
@/home/ec2-user/data/topics/4010 1146
@/home/ec2-user/data/topics/4125 1147
@/home/ec2-user/data/topics/1676 1148
@/home/ec2-user/data/topics/4177 1149
@/home/ec2-user/data/topics/4919 1150
@/home/ec2-user/data/topics/3972 1151
東洋紡績株式会社

@/home/ec2-user/data/topics/1613 1152
@/home/ec2-user/data/topics/3769 1152
@/home/ec2-user/data/topics/4362 1153
@/home/ec2-user/data/topics/1029 1154
@/home/ec2-user/data/topics/4366 1155
@/home/ec2-user/data/topics/4284 1156
三菱化学株式会社

@/home/ec2-user/data/topics/3638 1157
@/home/ec2-user/data/topics/3458 1157
@/home/ec2-user/data/topics/1902 1158
@/home/ec2-user/data/topics/1197 1159
@/home/ec2-user/data/topics/1699 1160
@/home/ec2-user/data/topics/3513 1161
カシオ計算機株式会社

@/home/ec2-user/data/topics/2237 1162
@/home/ec2-user/data/topics/2180 1162
@/home/ec2-user/data/topics/1535 1163
@/home/ec2-user/data/topics/1235 1164
@/home/ec2-user/data/topics/1368 1165
@/home/ec2-user/data/topics/1047 1166
@/home/ec2-user/data/topics/3391 1167
@/home/ec2-user/data/topics/1794 1168
コナミ株式会社

@/home/ec2-user/data/topics/1621 1169
@/home/ec2-user/data/topics/5015 1169
@/home/ec2-user/data/topics/4681 1170
@/home/ec2-user/data/topics/2151 1171
@/home/ec2-user/data/topics/2100 1172
@/home/ec2-user/data/topics/1302 1173
@/home/ec2-user/data/topics/1672 1174
@/home/ec2-user/data/topics/4602 1175
大日本スクリーン製造株式会社

@/home/ec2-user/data/topics/3742 1176
@/home/ec2-user/data/topics/1608 1176
@/home/ec2-user/data/topics/2209 1177
@/home/ec2-user/data/topics/1779 1178
@/home/ec2-user/data/topics/1173 1179
@/home/ec2-user/data/topics/2172 1180
@/home/ec2-user/data/topics/1130 1181
オムロン株式会社

@/home/ec2-user/data/topics/1933 1182
@/home/ec2-user/data/topics/1657 1182
@/home/ec2-user/data/topics/4771 1183
@/home/ec2-user/data/topics/1533 1184
@/home/ec2-user/data/topics/1841 1185
@/home/ec2-user/data/topics/3597 1186
@/home/ec2-user/data/topics/1151 1187
@/home/ec2-user/data/topics/3863 1188
@/home/ec2-user/data/topics/1135 1189
@/home/ec2-user/data/topics/1067 1190
@/home/ec2-user/data/topics/2096 1191
@/home/ec2-user/data/topics/3700 1192
@/home/ec2-user/data/topics/3748 1193
@/home/ec2-user/data/topics/1579 1194
@/home/ec2-user/data/topics/3594 1195
株式会社日立製作所

@/home/ec2-user/data/topics/2184 1196
@/home/ec2-user/data/topics/3779 1196
@/home/ec2-user/data/topics/3993 1197
@/home/ec2-user/data/topics/3659 1198
@/home/ec2-user/data/topics/3531 1199
@/home/ec2-user/data/topics/3461 1200
@/home/ec2-user/data/topics/1640 1201
@/home/ec2-user/data/topics/1825 1202
@/home/ec2-user/data/topics/4621 1203
@/home/ec2-user/data/topics/4402 1204
@/home/ec2-user/data/topics/1562 1205
@/home/ec2-user/data/topics/3599 1206
@/home/ec2-user/data/topics/1487 1207
@/home/ec2-user/data/topics/3350 1208
@/home/ec2-user/data/topics/3439 1209
@/home/ec2-user/data/topics/3588 1210
@/home/ec2-user/data/topics/4799 1211
@/home/ec2-user/data/topics/1296 1212
@/home/ec2-user/data/topics/4545 1213
@/home/ec2-user/data/topics/4830 1214
@/home/ec2-user/data/topics/4547 1215
@/home/ec2-user/data/topics/5030 1216
@/home/ec2-user/data/topics/1463 1217
@/home/ec2-user/data/topics/1882 1218
@/home/ec2-user/data/topics/1082 1219
@/home/ec2-user/data/topics/3973 1220
@/home/ec2-user/data/topics/3488 1221
@/home/ec2-user/data/topics/3968 1222
@/home/ec2-user/data/topics/3706 1223
@/home/ec2-user/data/topics/3772 1224
@/home/ec2-user/data/topics/1651 1225
@/home/ec2-user/data/topics/3570 1226
@/home/ec2-user/data/topics/3665 1227
@/home/ec2-user/data/topics/4943 1228
@/home/ec2-user/data/topics/3965 1229
@/home/ec2-user/data/topics/1880 1230
@/home/ec2-user/data/topics/1247 1231
@/home/ec2-user/data/topics/1105 1232
@/home/ec2-user/data/topics/2239 1233
@/home/ec2-user/data/topics/4058 1234
@/home/ec2-user/data/topics/1501 1235
@/home/ec2-user/data/topics/4401 1236
@/home/ec2-user/data/topics/1249 1237
@/home/ec2-user/data/topics/3822 1238
@/home/ec2-user/data/topics/3691 1239
@/home/ec2-user/data/topics/4559 1240
@/home/ec2-user/data/topics/1826 1241
@/home/ec2-user/data/topics/5029 1242
@/home/ec2-user/data/topics/3440 1243
@/home/ec2-user/data/topics/3432 1244
@/home/ec2-user/data/topics/1072 1245
@/home/ec2-user/data/topics/1278 1246
@/home/ec2-user/data/topics/4420 1247
@/home/ec2-user/data/topics/3384 1248
@/home/ec2-user/data/topics/2081 1249
@/home/ec2-user/data/topics/1340 1250
@/home/ec2-user/data/topics/4551 1251
@/home/ec2-user/data/topics/3524 1252
@/home/ec2-user/data/topics/4489 1253
@/home/ec2-user/data/topics/3471 1254
@/home/ec2-user/data/topics/1667 1255
@/home/ec2-user/data/topics/3994 1256
@/home/ec2-user/data/topics/1987 1257
@/home/ec2-user/data/topics/4122 1258
@/home/ec2-user/data/topics/3648 1259
@/home/ec2-user/data/topics/1833 1260
@/home/ec2-user/data/topics/3596 1261
@/home/ec2-user/data/topics/1693 1262
@/home/ec2-user/data/topics/4166 1263
@/home/ec2-user/data/topics/1334 1264
@/home/ec2-user/data/topics/4040 1265
@/home/ec2-user/data/topics/2019 1266
@/home/ec2-user/data/topics/4493 1267
@/home/ec2-user/data/topics/4990 1268
凸版印刷株式会社

@/home/ec2-user/data/topics/4874 1269
@/home/ec2-user/data/topics/3526 1269
@/home/ec2-user/data/topics/1091 1270
@/home/ec2-user/data/topics/1977 1271
@/home/ec2-user/data/topics/3624 1272
@/home/ec2-user/data/topics/1765 1273
@/home/ec2-user/data/topics/3500 1274
株式会社ノーリツ

@/home/ec2-user/data/topics/1618 1275
@/home/ec2-user/data/topics/1290 1275
@/home/ec2-user/data/topics/4206 1276
@/home/ec2-user/data/topics/2116 1277
@/home/ec2-user/data/topics/1760 1278
@/home/ec2-user/data/topics/4354 1279
@/home/ec2-user/data/topics/4776 1280
@/home/ec2-user/data/topics/1598 1281
川崎重工業株式会社

@/home/ec2-user/data/topics/4793 1282
@/home/ec2-user/data/topics/4866 1282
@/home/ec2-user/data/topics/1162 1283
@/home/ec2-user/data/topics/5025 1284
@/home/ec2-user/data/topics/4944 1285
@/home/ec2-user/data/topics/1172 1286
@/home/ec2-user/data/topics/4756 1287
@/home/ec2-user/data/topics/4572 1288
ティーディーケイ株式会社

@/home/ec2-user/data/topics/3792 1289
@/home/ec2-user/data/topics/1129 1289
@/home/ec2-user/data/topics/1510 1290
@/home/ec2-user/data/topics/2210 1291
@/home/ec2-user/data/topics/2202 1292
@/home/ec2-user/data/topics/1409 1293
@/home/ec2-user/data/topics/3909 1294
@/home/ec2-user/data/topics/3798 1295
@/home/ec2-user/data/topics/4619 1296
京セラミタ株式会社

@/home/ec2-user/data/topics/4174 1297
@/home/ec2-user/data/topics/4973 1297
@/home/ec2-user/data/topics/4564 1298
@/home/ec2-user/data/topics/1930 1299
@/home/ec2-user/data/topics/2141 1300
@/home/ec2-user/data/topics/1032 1301
@/home/ec2-user/data/topics/4985 1302
株式会社クボタ

@/home/ec2-user/data/topics/1280 1303
@/home/ec2-user/data/topics/4251 1303
@/home/ec2-user/data/topics/3823 1304
@/home/ec2-user/data/topics/3854 1305
@/home/ec2-user/data/topics/3919 1306
@/home/ec2-user/data/topics/4379 1307
@/home/ec2-user/data/topics/1448 1308
@/home/ec2-user/data/topics/1734 1309
@/home/ec2-user/data/topics/4745 1310
@/home/ec2-user/data/topics/1012 1311
シャープ株式会社

@/home/ec2-user/data/topics/3957 1312
@/home/ec2-user/data/topics/3678 1312
@/home/ec2-user/data/topics/3422 1313
@/home/ec2-user/data/topics/1840 1314
@/home/ec2-user/data/topics/4152 1315
@/home/ec2-user/data/topics/1685 1316
@/home/ec2-user/data/topics/1174 1317
@/home/ec2-user/data/topics/4583 1318
@/home/ec2-user/data/topics/4691 1319
@/home/ec2-user/data/topics/4214 1320
@/home/ec2-user/data/topics/3858 1321
@/home/ec2-user/data/topics/3537 1322
@/home/ec2-user/data/topics/4245 1323
@/home/ec2-user/data/topics/4105 1324
@/home/ec2-user/data/topics/2084 1325
@/home/ec2-user/data/topics/1349 1326
@/home/ec2-user/data/topics/3981 1327
@/home/ec2-user/data/topics/3679 1328
@/home/ec2-user/data/topics/1384 1329
@/home/ec2-user/data/topics/1561 1330
@/home/ec2-user/data/topics/3793 1331
@/home/ec2-user/data/topics/1563 1332
@/home/ec2-user/data/topics/3832 1333
@/home/ec2-user/data/topics/3578 1334
@/home/ec2-user/data/topics/1288 1335
@/home/ec2-user/data/topics/3649 1336
@/home/ec2-user/data/topics/3760 1337
@/home/ec2-user/data/topics/4019 1338
@/home/ec2-user/data/topics/4256 1339
@/home/ec2-user/data/topics/3450 1340
@/home/ec2-user/data/topics/1396 1341
@/home/ec2-user/data/topics/1258 1342
@/home/ec2-user/data/topics/4113 1343
@/home/ec2-user/data/topics/1154 1344
@/home/ec2-user/data/topics/4683 1345
@/home/ec2-user/data/topics/3978 1346
@/home/ec2-user/data/topics/4228 1347
@/home/ec2-user/data/topics/4782 1348
@/home/ec2-user/data/topics/1804 1349
@/home/ec2-user/data/topics/1970 1350
@/home/ec2-user/data/topics/4516 1351
@/home/ec2-user/data/topics/3762 1352
@/home/ec2-user/data/topics/1209 1353
@/home/ec2-user/data/topics/3895 1354
@/home/ec2-user/data/topics/4717 1355
@/home/ec2-user/data/topics/4861 1356
@/home/ec2-user/data/topics/3606 1357
@/home/ec2-user/data/topics/3673 1358
@/home/ec2-user/data/topics/3610 1359
@/home/ec2-user/data/topics/4005 1360
@/home/ec2-user/data/topics/4323 1361
@/home/ec2-user/data/topics/2087 1362
@/home/ec2-user/data/topics/3776 1363
@/home/ec2-user/data/topics/4173 1364
@/home/ec2-user/data/topics/2118 1365
@/home/ec2-user/data/topics/3777 1366
@/home/ec2-user/data/topics/4103 1367
@/home/ec2-user/data/topics/4519 1368
@/home/ec2-user/data/topics/1965 1369
@/home/ec2-user/data/topics/4648 1370
@/home/ec2-user/data/topics/4095 1371
@/home/ec2-user/data/topics/3855 1372
@/home/ec2-user/data/topics/4469 1373
@/home/ec2-user/data/topics/4252 1374
@/home/ec2-user/data/topics/4263 1375
@/home/ec2-user/data/topics/3871 1376
@/home/ec2-user/data/topics/3966 1377
@/home/ec2-user/data/topics/1419 1378
@/home/ec2-user/data/topics/1318 1379
@/home/ec2-user/data/topics/4430 1380
@/home/ec2-user/data/topics/3941 1381
@/home/ec2-user/data/topics/3452 1382
@/home/ec2-user/data/topics/1431 1383
@/home/ec2-user/data/topics/4230 1384
@/home/ec2-user/data/topics/3698 1385
@/home/ec2-user/data/topics/3813 1386
@/home/ec2-user/data/topics/4124 1387
@/home/ec2-user/data/topics/2020 1388
@/home/ec2-user/data/topics/4127 1389
@/home/ec2-user/data/topics/4744 1390
@/home/ec2-user/data/topics/4349 1391
日本輸送機株式会社

@/home/ec2-user/data/topics/3573 1392
@/home/ec2-user/data/topics/1493 1392
@/home/ec2-user/data/topics/1940 1393
@/home/ec2-user/data/topics/2065 1394
@/home/ec2-user/data/topics/1456 1395
@/home/ec2-user/data/topics/1191 1396
@/home/ec2-user/data/topics/2221 1397
@/home/ec2-user/data/topics/1108 1398
東京エレクトロン株式会社

@/home/ec2-user/data/topics/4002 1399
@/home/ec2-user/data/topics/1263 1399
@/home/ec2-user/data/topics/4023 1400
@/home/ec2-user/data/topics/4906 1401
@/home/ec2-user/data/topics/4345 1402
@/home/ec2-user/data/topics/1508 1403
@/home/ec2-user/data/topics/4053 1404
@/home/ec2-user/data/topics/4618 1405
@/home/ec2-user/data/topics/1800 1406
@/home/ec2-user/data/topics/1736 1407
@/home/ec2-user/data/topics/4702 1408
@/home/ec2-user/data/topics/3947 1409
株式会社村田製作所

@/home/ec2-user/data/topics/3482 1410
@/home/ec2-user/data/topics/4042 1410
@/home/ec2-user/data/topics/4070 1411
@/home/ec2-user/data/topics/4703 1412
@/home/ec2-user/data/topics/3885 1413
@/home/ec2-user/data/topics/4163 1414
@/home/ec2-user/data/topics/2229 1415
@/home/ec2-user/data/topics/4271 1416
@/home/ec2-user/data/topics/4795 1417
@/home/ec2-user/data/topics/1374 1418
@/home/ec2-user/data/topics/4378 1419
@/home/ec2-user/data/topics/3697 1420
@/home/ec2-user/data/topics/4417 1421
@/home/ec2-user/data/topics/1411 1422
@/home/ec2-user/data/topics/4432 1423
@/home/ec2-user/data/topics/3435 1424
@/home/ec2-user/data/topics/4325 1425
日本電信電話株式会社

@/home/ec2-user/data/topics/1556 1426
@/home/ec2-user/data/topics/1229 1426
@/home/ec2-user/data/topics/3521 1427
@/home/ec2-user/data/topics/4952 1428
@/home/ec2-user/data/topics/3894 1429
@/home/ec2-user/data/topics/4208 1430
@/home/ec2-user/data/topics/4025 1431
@/home/ec2-user/data/topics/4965 1432
@/home/ec2-user/data/topics/2017 1433
@/home/ec2-user/data/topics/1230 1434
@/home/ec2-user/data/topics/4865 1435
@/home/ec2-user/data/topics/1408 1436
@/home/ec2-user/data/topics/3811 1437
@/home/ec2-user/data/topics/4836 1438
@/home/ec2-user/data/topics/4131 1439
@/home/ec2-user/data/topics/4335 1440
@/home/ec2-user/data/topics/1787 1441
@/home/ec2-user/data/topics/4115 1442
@/home/ec2-user/data/topics/3536 1443
@/home/ec2-user/data/topics/4964 1444
@/home/ec2-user/data/topics/4925 1445
@/home/ec2-user/data/topics/3824 1446
@/home/ec2-user/data/topics/4916 1447
@/home/ec2-user/data/topics/4175 1448
@/home/ec2-user/data/topics/3568 1449
@/home/ec2-user/data/topics/4118 1450
@/home/ec2-user/data/topics/3359 1451
@/home/ec2-user/data/topics/3425 1452
@/home/ec2-user/data/topics/4488 1453
@/home/ec2-user/data/topics/1809 1454
@/home/ec2-user/data/topics/4511 1455
@/home/ec2-user/data/topics/4114 1456
@/home/ec2-user/data/topics/4087 1457
@/home/ec2-user/data/topics/3927 1458
@/home/ec2-user/data/topics/3928 1459
@/home/ec2-user/data/topics/4146 1460
@/home/ec2-user/data/topics/3509 1461
@/home/ec2-user/data/topics/1042 1462
@/home/ec2-user/data/topics/3915 1463
@/home/ec2-user/data/topics/4104 1464
@/home/ec2-user/data/topics/4792 1465
@/home/ec2-user/data/topics/1934 1466
@/home/ec2-user/data/topics/2130 1467
@/home/ec2-user/data/topics/3650 1468
@/home/ec2-user/data/topics/4232 1469
@/home/ec2-user/data/topics/4560 1470
@/home/ec2-user/data/topics/3641 1471
@/home/ec2-user/data/topics/3552 1472
@/home/ec2-user/data/topics/3586 1473
@/home/ec2-user/data/topics/4505 1474
@/home/ec2-user/data/topics/3785 1475
@/home/ec2-user/data/topics/4870 1476
@/home/ec2-user/data/topics/4121 1477
@/home/ec2-user/data/topics/3544 1478
@/home/ec2-user/data/topics/4664 1479
@/home/ec2-user/data/topics/4443 1480
日本鋼管株式会社

@/home/ec2-user/data/topics/1690 1481
@/home/ec2-user/data/topics/1404 1481
@/home/ec2-user/data/topics/3572 1482
@/home/ec2-user/data/topics/2095 1483
@/home/ec2-user/data/topics/4455 1484
@/home/ec2-user/data/topics/4161 1485
@/home/ec2-user/data/topics/4289 1486
株式会社神戸製鋼所

@/home/ec2-user/data/topics/1465 1487
@/home/ec2-user/data/topics/3475 1487
@/home/ec2-user/data/topics/3632 1488
@/home/ec2-user/data/topics/3674 1489
@/home/ec2-user/data/topics/4949 1490
@/home/ec2-user/data/topics/3902 1491
@/home/ec2-user/data/topics/2064 1492
株式会社ケンウッド

@/home/ec2-user/data/topics/3977 1493
@/home/ec2-user/data/topics/3878 1493
@/home/ec2-user/data/topics/3969 1494
@/home/ec2-user/data/topics/1424 1495
@/home/ec2-user/data/topics/1896 1496
@/home/ec2-user/data/topics/1698 1497
@/home/ec2-user/data/topics/1241 1498
@/home/ec2-user/data/topics/3839 1499
@/home/ec2-user/data/topics/3463 1500
@/home/ec2-user/data/topics/4050 1501
@/home/ec2-user/data/topics/2163 1502
@/home/ec2-user/data/topics/1617 1503
@/home/ec2-user/data/topics/4167 1504
@/home/ec2-user/data/topics/4038 1505
@/home/ec2-user/data/topics/1345 1506
@/home/ec2-user/data/topics/3794 1507
@/home/ec2-user/data/topics/3801 1508
@/home/ec2-user/data/topics/2036 1509
@/home/ec2-user/data/topics/1115 1510
@/home/ec2-user/data/topics/4467 1511
@/home/ec2-user/data/topics/1186 1512
東陶機器株式会社

@/home/ec2-user/data/topics/3821 1513
@/home/ec2-user/data/topics/1626 1513
@/home/ec2-user/data/topics/3583 1514
@/home/ec2-user/data/topics/1735 1515
@/home/ec2-user/data/topics/1692 1516
@/home/ec2-user/data/topics/2135 1517
本田技研工業株式会社

@/home/ec2-user/data/topics/1818 1518
@/home/ec2-user/data/topics/4033 1518
@/home/ec2-user/data/topics/1226 1519
@/home/ec2-user/data/topics/1215 1520
@/home/ec2-user/data/topics/1605 1521
@/home/ec2-user/data/topics/1822 1522
@/home/ec2-user/data/topics/5026 1523
@/home/ec2-user/data/topics/4375 1524
@/home/ec2-user/data/topics/4888 1525
@/home/ec2-user/data/topics/4199 1526
@/home/ec2-user/data/topics/1143 1527
@/home/ec2-user/data/topics/3685 1528
@/home/ec2-user/data/topics/1266 1529
@/home/ec2-user/data/topics/1444 1530
@/home/ec2-user/data/topics/2000 1531
@/home/ec2-user/data/topics/4783 1532
@/home/ec2-user/data/topics/4132 1533
@/home/ec2-user/data/topics/4331 1534
@/home/ec2-user/data/topics/2016 1535
新日本製鐵株式会社

@/home/ec2-user/data/topics/3663 1536
@/home/ec2-user/data/topics/3899 1536
@/home/ec2-user/data/topics/3861 1537
@/home/ec2-user/data/topics/5008 1538
@/home/ec2-user/data/topics/3368 1539
@/home/ec2-user/data/topics/4472 1540
松下電工株式会社

@/home/ec2-user/data/topics/3511 1541
@/home/ec2-user/data/topics/4094 1541
@/home/ec2-user/data/topics/3670 1542
@/home/ec2-user/data/topics/2045 1543
@/home/ec2-user/data/topics/4083 1544
@/home/ec2-user/data/topics/4450 1545
@/home/ec2-user/data/topics/3549 1546
@/home/ec2-user/data/topics/1011 1547
@/home/ec2-user/data/topics/4029 1548
@/home/ec2-user/data/topics/3565 1549
@/home/ec2-user/data/topics/4012 1550
@/home/ec2-user/data/topics/3651 1551
@/home/ec2-user/data/topics/1803 1552
@/home/ec2-user/data/topics/3379 1553
@/home/ec2-user/data/topics/4317 1554
@/home/ec2-user/data/topics/3835 1555
@/home/ec2-user/data/topics/4592 1556
@/home/ec2-user/data/topics/4347 1557
@/home/ec2-user/data/topics/3932 1558
@/home/ec2-user/data/topics/1311 1559
@/home/ec2-user/data/topics/3778 1560
@/home/ec2-user/data/topics/1251 1561
usernum: 72
simhit: 1536
simmax: 0.618947747854
simmin: 0.0
simavg: 0.195753278974
total: 1562
simhit/total: 0.983354673496

2017-01-13 23:16:57.671223
