2017-01-14 00:17:28.992951

topic-folder:/home/ec2-user/data/topics/
cl-file:../tfidf/result-new/b3-1-2.txt
cl-floder:/home/ec2-user/data/ldaclass-64-2000-top1000/
zipf:0.2
stype[0(tfidf)/1(tfidf2)/2(lsa)/3(lda)]:3
dtype[<0(diff*rand)/0(diff)/1(same)/>=2(diff*same)]:0
output-floder:result

三菱マテリアル株式会社

@/home/ec2-user/data/topics/3866 0
@/home/ec2-user/data/topics/1085 0
@/home/ec2-user/data/topics/3630 1
@/home/ec2-user/data/topics/2093 2
@/home/ec2-user/data/topics/3520 3
@/home/ec2-user/data/topics/3546 4
@/home/ec2-user/data/topics/3470 5
@/home/ec2-user/data/topics/1638 6
日本精機株式会社

@/home/ec2-user/data/topics/4690 7
@/home/ec2-user/data/topics/4709 7
@/home/ec2-user/data/topics/4972 8
@/home/ec2-user/data/topics/1398 9
@/home/ec2-user/data/topics/4875 10
@/home/ec2-user/data/topics/4907 11
コニカ株式会社

@/home/ec2-user/data/topics/3431 12
@/home/ec2-user/data/topics/1946 12
@/home/ec2-user/data/topics/3426 13
@/home/ec2-user/data/topics/3370 14
@/home/ec2-user/data/topics/3418 15
@/home/ec2-user/data/topics/3414 16
@/home/ec2-user/data/topics/3419 17
@/home/ec2-user/data/topics/3486 18
@/home/ec2-user/data/topics/3357 19
@/home/ec2-user/data/topics/2162 20
@/home/ec2-user/data/topics/3533 21
埼玉日本電気株式会社

@/home/ec2-user/data/topics/4496 22
@/home/ec2-user/data/topics/4468 22
@/home/ec2-user/data/topics/4279 23
@/home/ec2-user/data/topics/5010 24
@/home/ec2-user/data/topics/4242 25
@/home/ec2-user/data/topics/1512 26
@/home/ec2-user/data/topics/4998 27
@/home/ec2-user/data/topics/1620 28
@/home/ec2-user/data/topics/4283 29
アルプス電気株式会社

@/home/ec2-user/data/topics/2012 30
@/home/ec2-user/data/topics/3429 30
@/home/ec2-user/data/topics/1253 31
@/home/ec2-user/data/topics/3582 32
@/home/ec2-user/data/topics/1434 33
@/home/ec2-user/data/topics/4791 34
@/home/ec2-user/data/topics/2089 35
三菱重工業株式会社

@/home/ec2-user/data/topics/4862 36
@/home/ec2-user/data/topics/4412 36
@/home/ec2-user/data/topics/5022 37
@/home/ec2-user/data/topics/4687 38
@/home/ec2-user/data/topics/3833 39
@/home/ec2-user/data/topics/4882 40
@/home/ec2-user/data/topics/4563 41
@/home/ec2-user/data/topics/3637 42
@/home/ec2-user/data/topics/3944 43
@/home/ec2-user/data/topics/3591 44
@/home/ec2-user/data/topics/3529 45
@/home/ec2-user/data/topics/3503 46
村田機械株式会社

@/home/ec2-user/data/topics/4570 47
@/home/ec2-user/data/topics/4638 47
@/home/ec2-user/data/topics/4565 48
@/home/ec2-user/data/topics/1607 49
@/home/ec2-user/data/topics/4596 50
@/home/ec2-user/data/topics/1074 51
@/home/ec2-user/data/topics/1293 52
@/home/ec2-user/data/topics/1511 53
@/home/ec2-user/data/topics/3740 54
@/home/ec2-user/data/topics/4941 55
@/home/ec2-user/data/topics/4556 56
@/home/ec2-user/data/topics/5000 57
@/home/ec2-user/data/topics/4645 58
@/home/ec2-user/data/topics/4746 59
@/home/ec2-user/data/topics/3528 60
@/home/ec2-user/data/topics/4835 61
@/home/ec2-user/data/topics/4441 62
川崎製鉄株式会社

@/home/ec2-user/data/topics/1037 63
@/home/ec2-user/data/topics/1459 63
@/home/ec2-user/data/topics/3929 64
@/home/ec2-user/data/topics/3413 65
@/home/ec2-user/data/topics/3532 66
@/home/ec2-user/data/topics/3483 67
@/home/ec2-user/data/topics/3611 68
@/home/ec2-user/data/topics/4615 69
@/home/ec2-user/data/topics/3553 70
ダイキン工業株式会社

@/home/ec2-user/data/topics/1600 71
@/home/ec2-user/data/topics/4734 71
@/home/ec2-user/data/topics/4400 72
@/home/ec2-user/data/topics/4845 73
@/home/ec2-user/data/topics/4701 74
@/home/ec2-user/data/topics/4753 75
@/home/ec2-user/data/topics/4367 76
@/home/ec2-user/data/topics/1565 77
@/home/ec2-user/data/topics/4858 78
@/home/ec2-user/data/topics/3888 79
@/home/ec2-user/data/topics/4515 80
三菱自動車工業株式会社

@/home/ec2-user/data/topics/3502 81
@/home/ec2-user/data/topics/1428 81
@/home/ec2-user/data/topics/3815 82
@/home/ec2-user/data/topics/3940 83
@/home/ec2-user/data/topics/4189 84
@/home/ec2-user/data/topics/1816 85
@/home/ec2-user/data/topics/2101 86
@/home/ec2-user/data/topics/1527 87
日産自動車株式会社

@/home/ec2-user/data/topics/3829 88
@/home/ec2-user/data/topics/3489 88
@/home/ec2-user/data/topics/3936 89
@/home/ec2-user/data/topics/3712 90
@/home/ec2-user/data/topics/3497 91
@/home/ec2-user/data/topics/3677 92
@/home/ec2-user/data/topics/3645 93
@/home/ec2-user/data/topics/3501 94
@/home/ec2-user/data/topics/4074 95
@/home/ec2-user/data/topics/3723 96
@/home/ec2-user/data/topics/4982 97
トヨタ自動車株式会社

@/home/ec2-user/data/topics/3783 98
@/home/ec2-user/data/topics/4920 98
@/home/ec2-user/data/topics/3943 99
@/home/ec2-user/data/topics/1494 100
@/home/ec2-user/data/topics/3758 101
@/home/ec2-user/data/topics/4426 102
@/home/ec2-user/data/topics/4647 103
@/home/ec2-user/data/topics/4064 104
@/home/ec2-user/data/topics/3731 105
@/home/ec2-user/data/topics/3356 106
@/home/ec2-user/data/topics/3699 107
@/home/ec2-user/data/topics/4633 108
@/home/ec2-user/data/topics/2111 109
@/home/ec2-user/data/topics/4346 110
@/home/ec2-user/data/topics/2218 111
@/home/ec2-user/data/topics/1551 112
@/home/ec2-user/data/topics/4617 113
@/home/ec2-user/data/topics/4767 114
@/home/ec2-user/data/topics/4658 115
@/home/ec2-user/data/topics/4144 116
@/home/ec2-user/data/topics/3725 117
@/home/ec2-user/data/topics/3587 118
@/home/ec2-user/data/topics/4030 119
@/home/ec2-user/data/topics/4543 120
@/home/ec2-user/data/topics/3405 121
@/home/ec2-user/data/topics/3481 122
@/home/ec2-user/data/topics/3671 123
@/home/ec2-user/data/topics/4298 124
@/home/ec2-user/data/topics/4008 125
オリンパス光学工業株式会社

@/home/ec2-user/data/topics/1869 126
@/home/ec2-user/data/topics/1739 126
@/home/ec2-user/data/topics/1155 127
@/home/ec2-user/data/topics/1981 128
@/home/ec2-user/data/topics/4007 129
@/home/ec2-user/data/topics/4878 130
@/home/ec2-user/data/topics/5006 131
@/home/ec2-user/data/topics/2026 132
@/home/ec2-user/data/topics/1586 133
@/home/ec2-user/data/topics/1835 134
@/home/ec2-user/data/topics/4013 135
@/home/ec2-user/data/topics/1107 136
ブラザー工業株式会社

@/home/ec2-user/data/topics/2085 137
@/home/ec2-user/data/topics/4548 137
@/home/ec2-user/data/topics/1697 138
@/home/ec2-user/data/topics/3477 139
@/home/ec2-user/data/topics/2086 140
@/home/ec2-user/data/topics/1076 141
@/home/ec2-user/data/topics/1906 142
@/home/ec2-user/data/topics/3686 143
@/home/ec2-user/data/topics/1636 144
@/home/ec2-user/data/topics/3613 145
@/home/ec2-user/data/topics/1183 146
@/home/ec2-user/data/topics/3789 147
@/home/ec2-user/data/topics/1164 148
@/home/ec2-user/data/topics/3507 149
@/home/ec2-user/data/topics/1300 150
富士通株式会社

@/home/ec2-user/data/topics/1123 151
@/home/ec2-user/data/topics/1271 151
@/home/ec2-user/data/topics/3538 152
@/home/ec2-user/data/topics/1547 153
@/home/ec2-user/data/topics/1609 154
@/home/ec2-user/data/topics/3850 155
@/home/ec2-user/data/topics/3460 156
@/home/ec2-user/data/topics/3751 157
@/home/ec2-user/data/topics/2227 158
@/home/ec2-user/data/topics/3381 159
@/home/ec2-user/data/topics/1998 160
@/home/ec2-user/data/topics/1874 161
@/home/ec2-user/data/topics/3962 162
@/home/ec2-user/data/topics/3883 163
@/home/ec2-user/data/topics/5004 164
@/home/ec2-user/data/topics/3912 165
@/home/ec2-user/data/topics/3400 166
@/home/ec2-user/data/topics/3749 167
@/home/ec2-user/data/topics/2215 168
@/home/ec2-user/data/topics/3970 169
@/home/ec2-user/data/topics/4191 170
@/home/ec2-user/data/topics/3870 171
@/home/ec2-user/data/topics/1264 172
@/home/ec2-user/data/topics/3765 173
@/home/ec2-user/data/topics/3428 174
@/home/ec2-user/data/topics/2216 175
@/home/ec2-user/data/topics/3802 176
@/home/ec2-user/data/topics/3862 177
@/home/ec2-user/data/topics/3846 178
@/home/ec2-user/data/topics/3799 179
@/home/ec2-user/data/topics/3399 180
@/home/ec2-user/data/topics/3636 181
静岡日本電気株式会社

@/home/ec2-user/data/topics/4365 182
@/home/ec2-user/data/topics/4507 182
@/home/ec2-user/data/topics/4531 183
@/home/ec2-user/data/topics/4326 184
@/home/ec2-user/data/topics/4250 185
@/home/ec2-user/data/topics/4314 186
住友重機械工業株式会社

@/home/ec2-user/data/topics/2039 187
@/home/ec2-user/data/topics/3952 187
@/home/ec2-user/data/topics/1019 188
@/home/ec2-user/data/topics/1505 189
@/home/ec2-user/data/topics/3868 190
@/home/ec2-user/data/topics/1900 191
@/home/ec2-user/data/topics/4854 192
@/home/ec2-user/data/topics/1373 193
@/home/ec2-user/data/topics/1553 194
大日本印刷株式会社

@/home/ec2-user/data/topics/1564 195
@/home/ec2-user/data/topics/1262 195
@/home/ec2-user/data/topics/3569 196
@/home/ec2-user/data/topics/3388 197
@/home/ec2-user/data/topics/1099 198
@/home/ec2-user/data/topics/1145 199
日本電気株式会社

@/home/ec2-user/data/topics/1891 200
@/home/ec2-user/data/topics/4281 200
@/home/ec2-user/data/topics/3886 201
@/home/ec2-user/data/topics/4682 202
@/home/ec2-user/data/topics/1360 203
@/home/ec2-user/data/topics/4137 204
@/home/ec2-user/data/topics/4309 205
@/home/ec2-user/data/topics/4708 206
@/home/ec2-user/data/topics/1634 207
@/home/ec2-user/data/topics/4549 208
@/home/ec2-user/data/topics/4764 209
@/home/ec2-user/data/topics/4192 210
@/home/ec2-user/data/topics/3954 211
@/home/ec2-user/data/topics/4246 212
@/home/ec2-user/data/topics/4138 213
@/home/ec2-user/data/topics/4877 214
@/home/ec2-user/data/topics/4092 215
@/home/ec2-user/data/topics/4808 216
@/home/ec2-user/data/topics/4477 217
@/home/ec2-user/data/topics/4158 218
@/home/ec2-user/data/topics/1724 219
@/home/ec2-user/data/topics/4749 220
@/home/ec2-user/data/topics/2166 221
@/home/ec2-user/data/topics/4272 222
@/home/ec2-user/data/topics/1052 223
@/home/ec2-user/data/topics/4442 224
@/home/ec2-user/data/topics/4196 225
@/home/ec2-user/data/topics/4657 226
@/home/ec2-user/data/topics/4388 227
@/home/ec2-user/data/topics/1100 228
@/home/ec2-user/data/topics/4003 229
@/home/ec2-user/data/topics/4626 230
@/home/ec2-user/data/topics/3875 231
@/home/ec2-user/data/topics/1852 232
@/home/ec2-user/data/topics/1281 233
@/home/ec2-user/data/topics/4288 234
@/home/ec2-user/data/topics/4240 235
@/home/ec2-user/data/topics/4644 236
@/home/ec2-user/data/topics/4207 237
@/home/ec2-user/data/topics/4926 238
@/home/ec2-user/data/topics/4651 239
@/home/ec2-user/data/topics/4227 240
@/home/ec2-user/data/topics/1326 241
@/home/ec2-user/data/topics/4598 242
@/home/ec2-user/data/topics/1844 243
@/home/ec2-user/data/topics/4389 244
@/home/ec2-user/data/topics/4120 245
@/home/ec2-user/data/topics/1383 246
@/home/ec2-user/data/topics/4093 247
@/home/ec2-user/data/topics/4689 248
@/home/ec2-user/data/topics/4162 249
@/home/ec2-user/data/topics/4185 250
@/home/ec2-user/data/topics/4530 251
@/home/ec2-user/data/topics/4760 252
@/home/ec2-user/data/topics/4273 253
@/home/ec2-user/data/topics/1783 254
@/home/ec2-user/data/topics/4062 255
@/home/ec2-user/data/topics/4460 256
@/home/ec2-user/data/topics/4276 257
@/home/ec2-user/data/topics/4429 258
@/home/ec2-user/data/topics/4393 259
@/home/ec2-user/data/topics/4561 260
@/home/ec2-user/data/topics/4603 261
@/home/ec2-user/data/topics/4902 262
@/home/ec2-user/data/topics/4209 263
@/home/ec2-user/data/topics/2041 264
@/home/ec2-user/data/topics/4313 265
@/home/ec2-user/data/topics/4892 266
@/home/ec2-user/data/topics/4775 267
@/home/ec2-user/data/topics/4725 268
@/home/ec2-user/data/topics/1923 269
@/home/ec2-user/data/topics/4081 270
@/home/ec2-user/data/topics/4770 271
@/home/ec2-user/data/topics/4659 272
@/home/ec2-user/data/topics/4447 273
@/home/ec2-user/data/topics/4236 274
@/home/ec2-user/data/topics/4643 275
@/home/ec2-user/data/topics/1199 276
@/home/ec2-user/data/topics/3896 277
@/home/ec2-user/data/topics/4310 278
@/home/ec2-user/data/topics/1773 279
@/home/ec2-user/data/topics/4750 280
@/home/ec2-user/data/topics/4371 281
@/home/ec2-user/data/topics/4343 282
@/home/ec2-user/data/topics/1928 283
@/home/ec2-user/data/topics/4665 284
@/home/ec2-user/data/topics/4100 285
@/home/ec2-user/data/topics/4418 286
@/home/ec2-user/data/topics/3971 287
@/home/ec2-user/data/topics/3897 288
@/home/ec2-user/data/topics/4718 289
@/home/ec2-user/data/topics/4319 290
@/home/ec2-user/data/topics/4824 291
@/home/ec2-user/data/topics/3865 292
@/home/ec2-user/data/topics/1612 293
@/home/ec2-user/data/topics/4537 294
@/home/ec2-user/data/topics/4300 295
@/home/ec2-user/data/topics/1764 296
@/home/ec2-user/data/topics/4243 297
@/home/ec2-user/data/topics/4876 298
@/home/ec2-user/data/topics/2022 299
@/home/ec2-user/data/topics/1078 300
@/home/ec2-user/data/topics/2150 301
@/home/ec2-user/data/topics/1791 302
@/home/ec2-user/data/topics/4320 303
@/home/ec2-user/data/topics/3956 304
@/home/ec2-user/data/topics/4446 305
@/home/ec2-user/data/topics/1710 306
@/home/ec2-user/data/topics/4595 307
@/home/ec2-user/data/topics/1948 308
@/home/ec2-user/data/topics/1523 309
@/home/ec2-user/data/topics/4342 310
@/home/ec2-user/data/topics/4129 311
@/home/ec2-user/data/topics/4536 312
@/home/ec2-user/data/topics/4315 313
@/home/ec2-user/data/topics/2127 314
@/home/ec2-user/data/topics/1661 315
@/home/ec2-user/data/topics/4613 316
@/home/ec2-user/data/topics/4486 317
@/home/ec2-user/data/topics/4666 318
@/home/ec2-user/data/topics/2144 319
@/home/ec2-user/data/topics/4779 320
@/home/ec2-user/data/topics/1122 321
@/home/ec2-user/data/topics/3995 322
@/home/ec2-user/data/topics/1457 323
@/home/ec2-user/data/topics/1464 324
@/home/ec2-user/data/topics/1486 325
@/home/ec2-user/data/topics/3724 326
@/home/ec2-user/data/topics/4850 327
@/home/ec2-user/data/topics/1044 328
@/home/ec2-user/data/topics/4082 329
@/home/ec2-user/data/topics/4425 330
@/home/ec2-user/data/topics/4360 331
@/home/ec2-user/data/topics/1567 332
@/home/ec2-user/data/topics/4434 333
@/home/ec2-user/data/topics/4759 334
@/home/ec2-user/data/topics/4578 335
@/home/ec2-user/data/topics/1362 336
@/home/ec2-user/data/topics/4119 337
@/home/ec2-user/data/topics/4278 338
@/home/ec2-user/data/topics/4063 339
@/home/ec2-user/data/topics/4390 340
@/home/ec2-user/data/topics/2088 341
@/home/ec2-user/data/topics/3744 342
@/home/ec2-user/data/topics/4338 343
@/home/ec2-user/data/topics/4128 344
@/home/ec2-user/data/topics/4260 345
@/home/ec2-user/data/topics/1364 346
@/home/ec2-user/data/topics/4153 347
@/home/ec2-user/data/topics/4186 348
@/home/ec2-user/data/topics/3767 349
@/home/ec2-user/data/topics/4785 350
@/home/ec2-user/data/topics/1016 351
@/home/ec2-user/data/topics/4699 352
@/home/ec2-user/data/topics/4816 353
@/home/ec2-user/data/topics/4634 354
@/home/ec2-user/data/topics/1595 355
@/home/ec2-user/data/topics/4440 356
@/home/ec2-user/data/topics/4244 357
@/home/ec2-user/data/topics/1112 358
@/home/ec2-user/data/topics/4017 359
@/home/ec2-user/data/topics/4427 360
@/home/ec2-user/data/topics/3853 361
@/home/ec2-user/data/topics/4171 362
@/home/ec2-user/data/topics/4134 363
@/home/ec2-user/data/topics/4097 364
@/home/ec2-user/data/topics/4071 365
@/home/ec2-user/data/topics/4258 366
@/home/ec2-user/data/topics/4154 367
@/home/ec2-user/data/topics/4728 368
@/home/ec2-user/data/topics/1116 369
@/home/ec2-user/data/topics/4254 370
@/home/ec2-user/data/topics/4318 371
@/home/ec2-user/data/topics/1101 372
@/home/ec2-user/data/topics/2119 373
@/home/ec2-user/data/topics/4204 374
@/home/ec2-user/data/topics/4533 375
@/home/ec2-user/data/topics/4142 376
@/home/ec2-user/data/topics/4359 377
@/home/ec2-user/data/topics/4584 378
@/home/ec2-user/data/topics/1624 379
@/home/ec2-user/data/topics/4646 380
@/home/ec2-user/data/topics/4398 381
@/home/ec2-user/data/topics/5034 382
@/home/ec2-user/data/topics/4742 383
@/home/ec2-user/data/topics/4275 384
@/home/ec2-user/data/topics/4838 385
@/home/ec2-user/data/topics/4247 386
@/home/ec2-user/data/topics/4721 387
@/home/ec2-user/data/topics/4458 388
@/home/ec2-user/data/topics/1937 389
@/home/ec2-user/data/topics/4352 390
@/home/ec2-user/data/topics/3729 391
@/home/ec2-user/data/topics/4168 392
@/home/ec2-user/data/topics/1500 393
@/home/ec2-user/data/topics/4404 394
@/home/ec2-user/data/topics/2031 395
@/home/ec2-user/data/topics/4485 396
@/home/ec2-user/data/topics/4490 397
@/home/ec2-user/data/topics/4116 398
@/home/ec2-user/data/topics/4497 399
@/home/ec2-user/data/topics/4532 400
@/home/ec2-user/data/topics/4238 401
@/home/ec2-user/data/topics/4267 402
@/home/ec2-user/data/topics/4216 403
@/home/ec2-user/data/topics/4257 404
@/home/ec2-user/data/topics/3766 405
@/home/ec2-user/data/topics/4433 406
@/home/ec2-user/data/topics/1867 407
@/home/ec2-user/data/topics/4609 408
@/home/ec2-user/data/topics/4650 409
@/home/ec2-user/data/topics/4696 410
@/home/ec2-user/data/topics/1973 411
@/home/ec2-user/data/topics/4414 412
@/home/ec2-user/data/topics/4480 413
@/home/ec2-user/data/topics/1879 414
@/home/ec2-user/data/topics/4940 415
@/home/ec2-user/data/topics/1815 416
@/home/ec2-user/data/topics/3938 417
@/home/ec2-user/data/topics/1557 418
松下電器産業株式会社

@/home/ec2-user/data/topics/4867 419
@/home/ec2-user/data/topics/3404 419
@/home/ec2-user/data/topics/1589 420
@/home/ec2-user/data/topics/3692 421
@/home/ec2-user/data/topics/1898 422
@/home/ec2-user/data/topics/1509 423
@/home/ec2-user/data/topics/4464 424
@/home/ec2-user/data/topics/3719 425
@/home/ec2-user/data/topics/4797 426
@/home/ec2-user/data/topics/4475 427
@/home/ec2-user/data/topics/4422 428
@/home/ec2-user/data/topics/2056 429
@/home/ec2-user/data/topics/3402 430
@/home/ec2-user/data/topics/3514 431
@/home/ec2-user/data/topics/3807 432
@/home/ec2-user/data/topics/4385 433
@/home/ec2-user/data/topics/3519 434
@/home/ec2-user/data/topics/3746 435
@/home/ec2-user/data/topics/2029 436
@/home/ec2-user/data/topics/4274 437
@/home/ec2-user/data/topics/4160 438
@/home/ec2-user/data/topics/1762 439
@/home/ec2-user/data/topics/4885 440
@/home/ec2-user/data/topics/5028 441
@/home/ec2-user/data/topics/4961 442
@/home/ec2-user/data/topics/1955 443
@/home/ec2-user/data/topics/4558 444
@/home/ec2-user/data/topics/4215 445
@/home/ec2-user/data/topics/1477 446
@/home/ec2-user/data/topics/3658 447
@/home/ec2-user/data/topics/4355 448
@/home/ec2-user/data/topics/1158 449
@/home/ec2-user/data/topics/1026 450
@/home/ec2-user/data/topics/4193 451
@/home/ec2-user/data/topics/4787 452
@/home/ec2-user/data/topics/4936 453
@/home/ec2-user/data/topics/4918 454
@/home/ec2-user/data/topics/4798 455
@/home/ec2-user/data/topics/4945 456
@/home/ec2-user/data/topics/1885 457
@/home/ec2-user/data/topics/3619 458
@/home/ec2-user/data/topics/4491 459
@/home/ec2-user/data/topics/4459 460
@/home/ec2-user/data/topics/4503 461
@/home/ec2-user/data/topics/3680 462
@/home/ec2-user/data/topics/4574 463
@/home/ec2-user/data/topics/3920 464
@/home/ec2-user/data/topics/2156 465
@/home/ec2-user/data/topics/1829 466
@/home/ec2-user/data/topics/1701 467
@/home/ec2-user/data/topics/4676 468
@/home/ec2-user/data/topics/4804 469
@/home/ec2-user/data/topics/4761 470
@/home/ec2-user/data/topics/4707 471
@/home/ec2-user/data/topics/3455 472
@/home/ec2-user/data/topics/1748 473
@/home/ec2-user/data/topics/4501 474
@/home/ec2-user/data/topics/1070 475
@/home/ec2-user/data/topics/4599 476
@/home/ec2-user/data/topics/2129 477
@/home/ec2-user/data/topics/1339 478
@/home/ec2-user/data/topics/1705 479
@/home/ec2-user/data/topics/4159 480
@/home/ec2-user/data/topics/2080 481
@/home/ec2-user/data/topics/1136 482
@/home/ec2-user/data/topics/4577 483
@/home/ec2-user/data/topics/3585 484
@/home/ec2-user/data/topics/1633 485
@/home/ec2-user/data/topics/2222 486
@/home/ec2-user/data/topics/3510 487
@/home/ec2-user/data/topics/3847 488
@/home/ec2-user/data/topics/5024 489
@/home/ec2-user/data/topics/1706 490
@/home/ec2-user/data/topics/4280 491
@/home/ec2-user/data/topics/4448 492
@/home/ec2-user/data/topics/3761 493
@/home/ec2-user/data/topics/4102 494
@/home/ec2-user/data/topics/4101 495
@/home/ec2-user/data/topics/4382 496
@/home/ec2-user/data/topics/1635 497
@/home/ec2-user/data/topics/4098 498
@/home/ec2-user/data/topics/4625 499
@/home/ec2-user/data/topics/3739 500
@/home/ec2-user/data/topics/3721 501
@/home/ec2-user/data/topics/4307 502
@/home/ec2-user/data/topics/1252 503
@/home/ec2-user/data/topics/3979 504
@/home/ec2-user/data/topics/3494 505
@/home/ec2-user/data/topics/4157 506
@/home/ec2-user/data/topics/1157 507
@/home/ec2-user/data/topics/1257 508
@/home/ec2-user/data/topics/1525 509
@/home/ec2-user/data/topics/4806 510
@/home/ec2-user/data/topics/4968 511
@/home/ec2-user/data/topics/3960 512
@/home/ec2-user/data/topics/4817 513
@/home/ec2-user/data/topics/3951 514
@/home/ec2-user/data/topics/3558 515
@/home/ec2-user/data/topics/4000 516
@/home/ec2-user/data/topics/4180 517
@/home/ec2-user/data/topics/4917 518
@/home/ec2-user/data/topics/3386 519
@/home/ec2-user/data/topics/4303 520
@/home/ec2-user/data/topics/4126 521
@/home/ec2-user/data/topics/1516 522
@/home/ec2-user/data/topics/1812 523
@/home/ec2-user/data/topics/4502 524
@/home/ec2-user/data/topics/1540 525
@/home/ec2-user/data/topics/3704 526
@/home/ec2-user/data/topics/4229 527
@/home/ec2-user/data/topics/4667 528
@/home/ec2-user/data/topics/1881 529
@/home/ec2-user/data/topics/3676 530
@/home/ec2-user/data/topics/1179 531
@/home/ec2-user/data/topics/4394 532
@/home/ec2-user/data/topics/4139 533
@/home/ec2-user/data/topics/2170 534
@/home/ec2-user/data/topics/4264 535
@/home/ec2-user/data/topics/4754 536
@/home/ec2-user/data/topics/3694 537
@/home/ec2-user/data/topics/4043 538
@/home/ec2-user/data/topics/3904 539
@/home/ec2-user/data/topics/4586 540
セイコーインスツルメンツ株式会社

@/home/ec2-user/data/topics/4997 541
@/home/ec2-user/data/topics/3626 541
@/home/ec2-user/data/topics/4203 542
@/home/ec2-user/data/topics/1707 543
@/home/ec2-user/data/topics/3825 544
@/home/ec2-user/data/topics/4190 545
@/home/ec2-user/data/topics/4151 546
@/home/ec2-user/data/topics/4088 547
@/home/ec2-user/data/topics/4036 548
ミノルタ株式会社

@/home/ec2-user/data/topics/4321 549
@/home/ec2-user/data/topics/4970 549
@/home/ec2-user/data/topics/4986 550
@/home/ec2-user/data/topics/4971 551
@/home/ec2-user/data/topics/3810 552
@/home/ec2-user/data/topics/1152 553
@/home/ec2-user/data/topics/4951 554
@/home/ec2-user/data/topics/2190 555
@/home/ec2-user/data/topics/3545 556
@/home/ec2-user/data/topics/3584 557
@/home/ec2-user/data/topics/4984 558
@/home/ec2-user/data/topics/4977 559
株式会社リコー

@/home/ec2-user/data/topics/3495 560
@/home/ec2-user/data/topics/3880 560
@/home/ec2-user/data/topics/3472 561
@/home/ec2-user/data/topics/3775 562
@/home/ec2-user/data/topics/1780 563
@/home/ec2-user/data/topics/1083 564
@/home/ec2-user/data/topics/1190 565
@/home/ec2-user/data/topics/2090 566
@/home/ec2-user/data/topics/1775 567
@/home/ec2-user/data/topics/1740 568
@/home/ec2-user/data/topics/3557 569
@/home/ec2-user/data/topics/1691 570
@/home/ec2-user/data/topics/1627 571
@/home/ec2-user/data/topics/3436 572
@/home/ec2-user/data/topics/3523 573
@/home/ec2-user/data/topics/3474 574
@/home/ec2-user/data/topics/1436 575
@/home/ec2-user/data/topics/3713 576
@/home/ec2-user/data/topics/1776 577
@/home/ec2-user/data/topics/1669 578
@/home/ec2-user/data/topics/1064 579
@/home/ec2-user/data/topics/3411 580
@/home/ec2-user/data/topics/1668 581
@/home/ec2-user/data/topics/3555 582
@/home/ec2-user/data/topics/3424 583
@/home/ec2-user/data/topics/2006 584
@/home/ec2-user/data/topics/2201 585
@/home/ec2-user/data/topics/1806 586
@/home/ec2-user/data/topics/3687 587
@/home/ec2-user/data/topics/1974 588
@/home/ec2-user/data/topics/3750 589
@/home/ec2-user/data/topics/3711 590
@/home/ec2-user/data/topics/1478 591
@/home/ec2-user/data/topics/3633 592
@/home/ec2-user/data/topics/1774 593
@/home/ec2-user/data/topics/3759 594
@/home/ec2-user/data/topics/3530 595
@/home/ec2-user/data/topics/4879 596
@/home/ec2-user/data/topics/1225 597
@/home/ec2-user/data/topics/2219 598
@/home/ec2-user/data/topics/1514 599
@/home/ec2-user/data/topics/3484 600
@/home/ec2-user/data/topics/1610 601
@/home/ec2-user/data/topics/4344 602
@/home/ec2-user/data/topics/1482 603
@/home/ec2-user/data/topics/2200 604
@/home/ec2-user/data/topics/1718 605
@/home/ec2-user/data/topics/4616 606
@/home/ec2-user/data/topics/3574 607
@/home/ec2-user/data/topics/2189 608
@/home/ec2-user/data/topics/1976 609
@/home/ec2-user/data/topics/3394 610
@/home/ec2-user/data/topics/3837 611
@/home/ec2-user/data/topics/1670 612
@/home/ec2-user/data/topics/1095 613
@/home/ec2-user/data/topics/1106 614
@/home/ec2-user/data/topics/2043 615
@/home/ec2-user/data/topics/3669 616
@/home/ec2-user/data/topics/2182 617
@/home/ec2-user/data/topics/1663 618
@/home/ec2-user/data/topics/3446 619
@/home/ec2-user/data/topics/1282 620
@/home/ec2-user/data/topics/1593 621
@/home/ec2-user/data/topics/3548 622
@/home/ec2-user/data/topics/4781 623
@/home/ec2-user/data/topics/4265 624
@/home/ec2-user/data/topics/1878 625
@/home/ec2-user/data/topics/1433 626
@/home/ec2-user/data/topics/3378 627
@/home/ec2-user/data/topics/4037 628
@/home/ec2-user/data/topics/1755 629
独立行政法人産業技術総合研究所

@/home/ec2-user/data/topics/4777 630
@/home/ec2-user/data/topics/1356 630
@/home/ec2-user/data/topics/4800 631
@/home/ec2-user/data/topics/4869 632
@/home/ec2-user/data/topics/4739 633
@/home/ec2-user/data/topics/4740 634
ソニー株式会社

@/home/ec2-user/data/topics/1954 635
@/home/ec2-user/data/topics/1967 635
@/home/ec2-user/data/topics/1291 636
@/home/ec2-user/data/topics/3456 637
@/home/ec2-user/data/topics/4219 638
@/home/ec2-user/data/topics/4184 639
@/home/ec2-user/data/topics/1686 640
@/home/ec2-user/data/topics/1414 641
@/home/ec2-user/data/topics/1471 642
@/home/ec2-user/data/topics/1233 643
@/home/ec2-user/data/topics/3975 644
@/home/ec2-user/data/topics/1749 645
@/home/ec2-user/data/topics/3924 646
@/home/ec2-user/data/topics/2094 647
@/home/ec2-user/data/topics/1491 648
@/home/ec2-user/data/topics/1926 649
@/home/ec2-user/data/topics/1298 650
@/home/ec2-user/data/topics/1912 651
@/home/ec2-user/data/topics/2075 652
@/home/ec2-user/data/topics/3392 653
@/home/ec2-user/data/topics/2058 654
@/home/ec2-user/data/topics/1147 655
@/home/ec2-user/data/topics/3872 656
@/home/ec2-user/data/topics/4351 657
@/home/ec2-user/data/topics/2052 658
@/home/ec2-user/data/topics/5027 659
@/home/ec2-user/data/topics/3401 660
@/home/ec2-user/data/topics/1836 661
@/home/ec2-user/data/topics/2105 662
@/home/ec2-user/data/topics/3955 663
@/home/ec2-user/data/topics/1426 664
@/home/ec2-user/data/topics/1778 665
@/home/ec2-user/data/topics/1397 666
@/home/ec2-user/data/topics/1435 667
@/home/ec2-user/data/topics/1892 668
@/home/ec2-user/data/topics/2059 669
@/home/ec2-user/data/topics/1679 670
@/home/ec2-user/data/topics/1218 671
@/home/ec2-user/data/topics/1059 672
@/home/ec2-user/data/topics/1602 673
@/home/ec2-user/data/topics/4224 674
@/home/ec2-user/data/topics/1380 675
@/home/ec2-user/data/topics/1884 676
@/home/ec2-user/data/topics/2048 677
@/home/ec2-user/data/topics/1873 678
@/home/ec2-user/data/topics/2037 679
@/home/ec2-user/data/topics/1102 680
富士ゼロックス株式会社

@/home/ec2-user/data/topics/3473 681
@/home/ec2-user/data/topics/3790 681
@/home/ec2-user/data/topics/5031 682
@/home/ec2-user/data/topics/3366 683
@/home/ec2-user/data/topics/1947 684
@/home/ec2-user/data/topics/3383 685
@/home/ec2-user/data/topics/4108 686
@/home/ec2-user/data/topics/3782 687
@/home/ec2-user/data/topics/3661 688
@/home/ec2-user/data/topics/3662 689
@/home/ec2-user/data/topics/3407 690
@/home/ec2-user/data/topics/3564 691
@/home/ec2-user/data/topics/3640 692
@/home/ec2-user/data/topics/1560 693
@/home/ec2-user/data/topics/3695 694
住友金属工業株式会社

@/home/ec2-user/data/topics/3577 695
@/home/ec2-user/data/topics/4021 695
@/home/ec2-user/data/topics/4322 696
@/home/ec2-user/data/topics/4661 697
@/home/ec2-user/data/topics/4534 698
@/home/ec2-user/data/topics/4182 699
@/home/ec2-user/data/topics/1268 700
@/home/ec2-user/data/topics/3655 701
@/home/ec2-user/data/topics/4295 702
@/home/ec2-user/data/topics/4733 703
@/home/ec2-user/data/topics/4991 704
@/home/ec2-user/data/topics/3826 705
日立電線株式会社

@/home/ec2-user/data/topics/1027 706
@/home/ec2-user/data/topics/4357 706
@/home/ec2-user/data/topics/3930 707
@/home/ec2-user/data/topics/4329 708
@/home/ec2-user/data/topics/1388 709
@/home/ec2-user/data/topics/1305 710
@/home/ec2-user/data/topics/4356 711
@/home/ec2-user/data/topics/1117 712
@/home/ec2-user/data/topics/3756 713
キヤノン株式会社

@/home/ec2-user/data/topics/3438 714
@/home/ec2-user/data/topics/1847 714
@/home/ec2-user/data/topics/3656 715
@/home/ec2-user/data/topics/1802 716
@/home/ec2-user/data/topics/3416 717
@/home/ec2-user/data/topics/1975 718
@/home/ec2-user/data/topics/3949 719
@/home/ec2-user/data/topics/2243 720
@/home/ec2-user/data/topics/1631 721
@/home/ec2-user/data/topics/4020 722
@/home/ec2-user/data/topics/1208 723
@/home/ec2-user/data/topics/1889 724
@/home/ec2-user/data/topics/1539 725
@/home/ec2-user/data/topics/2004 726
@/home/ec2-user/data/topics/1590 727
@/home/ec2-user/data/topics/3996 728
@/home/ec2-user/data/topics/3417 729
@/home/ec2-user/data/topics/1519 730
@/home/ec2-user/data/topics/3737 731
@/home/ec2-user/data/topics/3628 732
@/home/ec2-user/data/topics/1124 733
@/home/ec2-user/data/topics/4520 734
@/home/ec2-user/data/topics/1513 735
@/home/ec2-user/data/topics/1848 736
@/home/ec2-user/data/topics/4610 737
@/home/ec2-user/data/topics/4521 738
@/home/ec2-user/data/topics/3454 739
@/home/ec2-user/data/topics/3967 740
@/home/ec2-user/data/topics/4947 741
@/home/ec2-user/data/topics/4628 742
@/home/ec2-user/data/topics/1961 743
@/home/ec2-user/data/topics/3755 744
@/home/ec2-user/data/topics/2107 745
@/home/ec2-user/data/topics/4350 746
@/home/ec2-user/data/topics/3730 747
@/home/ec2-user/data/topics/3660 748
@/home/ec2-user/data/topics/3958 749
@/home/ec2-user/data/topics/1744 750
@/home/ec2-user/data/topics/4054 751
@/home/ec2-user/data/topics/1745 752
@/home/ec2-user/data/topics/3410 753
@/home/ec2-user/data/topics/3434 754
@/home/ec2-user/data/topics/2117 755
@/home/ec2-user/data/topics/1790 756
@/home/ec2-user/data/topics/3441 757
@/home/ec2-user/data/topics/3415 758
@/home/ec2-user/data/topics/1118 759
@/home/ec2-user/data/topics/3376 760
@/home/ec2-user/data/topics/3642 761
@/home/ec2-user/data/topics/1866 762
@/home/ec2-user/data/topics/1646 763
@/home/ec2-user/data/topics/3430 764
@/home/ec2-user/data/topics/4068 765
@/home/ec2-user/data/topics/1895 766
@/home/ec2-user/data/topics/3720 767
@/home/ec2-user/data/topics/4363 768
@/home/ec2-user/data/topics/1455 769
@/home/ec2-user/data/topics/3445 770
@/home/ec2-user/data/topics/3722 771
@/home/ec2-user/data/topics/3420 772
@/home/ec2-user/data/topics/4937 773
@/home/ec2-user/data/topics/2053 774
@/home/ec2-user/data/topics/1228 775
@/home/ec2-user/data/topics/2145 776
@/home/ec2-user/data/topics/1438 777
@/home/ec2-user/data/topics/4948 778
@/home/ec2-user/data/topics/1080 779
@/home/ec2-user/data/topics/3374 780
@/home/ec2-user/data/topics/3852 781
@/home/ec2-user/data/topics/2231 782
@/home/ec2-user/data/topics/3843 783
@/home/ec2-user/data/topics/1216 784
@/home/ec2-user/data/topics/1568 785
三洋電機株式会社

@/home/ec2-user/data/topics/1246 786
@/home/ec2-user/data/topics/4301 786
@/home/ec2-user/data/topics/3403 787
@/home/ec2-user/data/topics/4328 788
@/home/ec2-user/data/topics/1386 789
@/home/ec2-user/data/topics/1289 790
@/home/ec2-user/data/topics/4763 791
@/home/ec2-user/data/topics/4837 792
@/home/ec2-user/data/topics/4060 793
@/home/ec2-user/data/topics/1722 794
@/home/ec2-user/data/topics/4726 795
@/home/ec2-user/data/topics/1163 796
@/home/ec2-user/data/topics/4960 797
@/home/ec2-user/data/topics/3491 798
@/home/ec2-user/data/topics/4061 799
@/home/ec2-user/data/topics/3817 800
@/home/ec2-user/data/topics/2014 801
@/home/ec2-user/data/topics/1515 802
@/home/ec2-user/data/topics/1671 803
@/home/ec2-user/data/topics/3808 804
@/home/ec2-user/data/topics/3845 805
@/home/ec2-user/data/topics/3681 806
@/home/ec2-user/data/topics/4604 807
@/home/ec2-user/data/topics/3953 808
@/home/ec2-user/data/topics/5002 809
@/home/ec2-user/data/topics/3754 810
@/home/ec2-user/data/topics/4015 811
@/home/ec2-user/data/topics/3974 812
@/home/ec2-user/data/topics/4066 813
@/home/ec2-user/data/topics/3539 814
@/home/ec2-user/data/topics/5011 815
@/home/ec2-user/data/topics/4654 816
@/home/ec2-user/data/topics/1321 817
@/home/ec2-user/data/topics/3986 818
@/home/ec2-user/data/topics/2194 819
@/home/ec2-user/data/topics/4983 820
@/home/ec2-user/data/topics/2063 821
@/home/ec2-user/data/topics/3889 822
@/home/ec2-user/data/topics/3830 823
@/home/ec2-user/data/topics/4179 824
@/home/ec2-user/data/topics/4978 825
@/home/ec2-user/data/topics/1653 826
@/home/ec2-user/data/topics/3492 827
@/home/ec2-user/data/topics/3625 828
@/home/ec2-user/data/topics/4492 829
@/home/ec2-user/data/topics/2230 830
@/home/ec2-user/data/topics/3781 831
@/home/ec2-user/data/topics/4001 832
@/home/ec2-user/data/topics/4612 833
@/home/ec2-user/data/topics/1652 834
@/home/ec2-user/data/topics/4212 835
@/home/ec2-user/data/topics/4571 836
@/home/ec2-user/data/topics/2054 837
@/home/ec2-user/data/topics/4527 838
@/home/ec2-user/data/topics/3906 839
@/home/ec2-user/data/topics/1451 840
@/home/ec2-user/data/topics/2071 841
@/home/ec2-user/data/topics/4376 842
@/home/ec2-user/data/topics/4788 843
@/home/ec2-user/data/topics/1488 844
@/home/ec2-user/data/topics/3804 845
@/home/ec2-user/data/topics/4099 846
@/home/ec2-user/data/topics/4474 847
@/home/ec2-user/data/topics/4039 848
@/home/ec2-user/data/topics/3581 849
@/home/ec2-user/data/topics/1479 850
@/home/ec2-user/data/topics/1980 851
@/home/ec2-user/data/topics/3708 852
@/home/ec2-user/data/topics/3859 853
@/home/ec2-user/data/topics/4178 854
@/home/ec2-user/data/topics/4150 855
@/home/ec2-user/data/topics/2098 856
@/home/ec2-user/data/topics/4384 857
@/home/ec2-user/data/topics/4720 858
@/home/ec2-user/data/topics/3398 859
@/home/ec2-user/data/topics/1079 860
@/home/ec2-user/data/topics/3926 861
@/home/ec2-user/data/topics/4304 862
@/home/ec2-user/data/topics/4679 863
三菱電機株式会社

@/home/ec2-user/data/topics/3873 864
@/home/ec2-user/data/topics/4076 864
@/home/ec2-user/data/topics/4834 865
@/home/ec2-user/data/topics/3451 866
@/home/ec2-user/data/topics/5032 867
@/home/ec2-user/data/topics/3747 868
@/home/ec2-user/data/topics/1536 869
@/home/ec2-user/data/topics/4181 870
@/home/ec2-user/data/topics/3612 871
@/home/ec2-user/data/topics/3921 872
@/home/ec2-user/data/topics/3409 873
@/home/ec2-user/data/topics/2146 874
@/home/ec2-user/data/topics/4880 875
@/home/ec2-user/data/topics/4233 876
@/home/ec2-user/data/topics/1754 877
@/home/ec2-user/data/topics/1872 878
@/home/ec2-user/data/topics/3506 879
@/home/ec2-user/data/topics/4220 880
@/home/ec2-user/data/topics/4221 881
@/home/ec2-user/data/topics/3856 882
@/home/ec2-user/data/topics/3412 883
@/home/ec2-user/data/topics/1220 884
@/home/ec2-user/data/topics/1738 885
@/home/ec2-user/data/topics/5033 886
@/home/ec2-user/data/topics/4663 887
@/home/ec2-user/data/topics/3466 888
@/home/ec2-user/data/topics/4305 889
@/home/ec2-user/data/topics/3963 890
@/home/ec2-user/data/topics/3397 891
@/home/ec2-user/data/topics/4980 892
@/home/ec2-user/data/topics/3820 893
@/home/ec2-user/data/topics/4518 894
@/home/ec2-user/data/topics/4614 895
@/home/ec2-user/data/topics/3493 896
@/home/ec2-user/data/topics/3595 897
@/home/ec2-user/data/topics/4235 898
@/home/ec2-user/data/topics/4133 899
@/home/ec2-user/data/topics/1792 900
@/home/ec2-user/data/topics/4282 901
@/home/ec2-user/data/topics/4047 902
@/home/ec2-user/data/topics/3490 903
@/home/ec2-user/data/topics/3666 904
@/home/ec2-user/data/topics/4514 905
@/home/ec2-user/data/topics/4562 906
@/home/ec2-user/data/topics/3616 907
@/home/ec2-user/data/topics/3609 908
@/home/ec2-user/data/topics/3841 909
@/home/ec2-user/data/topics/3800 910
@/home/ec2-user/data/topics/4149 911
@/home/ec2-user/data/topics/4419 912
@/home/ec2-user/data/topics/3774 913
@/home/ec2-user/data/topics/1110 914
@/home/ec2-user/data/topics/3469 915
@/home/ec2-user/data/topics/4041 916
@/home/ec2-user/data/topics/3465 917
@/home/ec2-user/data/topics/3453 918
@/home/ec2-user/data/topics/3592 919
@/home/ec2-user/data/topics/4552 920
住友ゴム工業株式会社

@/home/ec2-user/data/topics/4568 921
@/home/ec2-user/data/topics/4048 921
@/home/ec2-user/data/topics/1758 922
@/home/ec2-user/data/topics/4597 923
@/home/ec2-user/data/topics/2007 924
@/home/ec2-user/data/topics/1114 925
@/home/ec2-user/data/topics/4406 926
セイコーエプソン株式会社

@/home/ec2-user/data/topics/1641 927
@/home/ec2-user/data/topics/3361 927
@/home/ec2-user/data/topics/4605 928
@/home/ec2-user/data/topics/3887 929
@/home/ec2-user/data/topics/1343 930
@/home/ec2-user/data/topics/1890 931
@/home/ec2-user/data/topics/3985 932
@/home/ec2-user/data/topics/4109 933
@/home/ec2-user/data/topics/4802 934
@/home/ec2-user/data/topics/4719 935
@/home/ec2-user/data/topics/4585 936
@/home/ec2-user/data/topics/2078 937
@/home/ec2-user/data/topics/3819 938
@/home/ec2-user/data/topics/4386 939
@/home/ec2-user/data/topics/3505 940
@/home/ec2-user/data/topics/2165 941
@/home/ec2-user/data/topics/1423 942
@/home/ec2-user/data/topics/4022 943
@/home/ec2-user/data/topics/4801 944
@/home/ec2-user/data/topics/3476 945
@/home/ec2-user/data/topics/3589 946
@/home/ec2-user/data/topics/1938 947
@/home/ec2-user/data/topics/1484 948
@/home/ec2-user/data/topics/4454 949
@/home/ec2-user/data/topics/3910 950
@/home/ec2-user/data/topics/1378 951
株式会社三共

@/home/ec2-user/data/topics/4868 952
@/home/ec2-user/data/topics/2060 952
@/home/ec2-user/data/topics/1648 953
@/home/ec2-user/data/topics/1086 954
@/home/ec2-user/data/topics/2123 955
@/home/ec2-user/data/topics/4374 956
@/home/ec2-user/data/topics/1665 957
@/home/ec2-user/data/topics/1377 958
@/home/ec2-user/data/topics/1189 959
沖電気工業株式会社

@/home/ec2-user/data/topics/3964 960
@/home/ec2-user/data/topics/4693 960
@/home/ec2-user/data/topics/3395 961
@/home/ec2-user/data/topics/4299 962
@/home/ec2-user/data/topics/3433 963
@/home/ec2-user/data/topics/1531 964
@/home/ec2-user/data/topics/3457 965
@/home/ec2-user/data/topics/3764 966
@/home/ec2-user/data/topics/1188 967
@/home/ec2-user/data/topics/4575 968
@/home/ec2-user/data/topics/3621 969
@/home/ec2-user/data/topics/3690 970
@/home/ec2-user/data/topics/3571 971
@/home/ec2-user/data/topics/4308 972
株式会社三星

@/home/ec2-user/data/topics/1733 973
@/home/ec2-user/data/topics/1728 973
@/home/ec2-user/data/topics/3942 974
@/home/ec2-user/data/topics/1260 975
@/home/ec2-user/data/topics/2108 976
@/home/ec2-user/data/topics/2198 977
日本ビクター株式会社

@/home/ec2-user/data/topics/3882 978
@/home/ec2-user/data/topics/4056 978
@/home/ec2-user/data/topics/3939 979
@/home/ec2-user/data/topics/1389 980
@/home/ec2-user/data/topics/3603 981
@/home/ec2-user/data/topics/1520 982
@/home/ec2-user/data/topics/1440 983
@/home/ec2-user/data/topics/1823 984
@/home/ec2-user/data/topics/4672 985
@/home/ec2-user/data/topics/3620 986
@/home/ec2-user/data/topics/4123 987
花王株式会社

@/home/ec2-user/data/topics/4287 988
@/home/ec2-user/data/topics/4249 988
@/home/ec2-user/data/topics/3999 989
@/home/ec2-user/data/topics/4211 990
@/home/ec2-user/data/topics/2214 991
@/home/ec2-user/data/topics/1196 992
@/home/ec2-user/data/topics/4827 993
@/home/ec2-user/data/topics/1022 994
@/home/ec2-user/data/topics/3753 995
@/home/ec2-user/data/topics/3884 996
@/home/ec2-user/data/topics/1767 997
@/home/ec2-user/data/topics/4445 998
@/home/ec2-user/data/topics/3812 999
三田工業株式会社

@/home/ec2-user/data/topics/3923 1000
@/home/ec2-user/data/topics/3604 1000
@/home/ec2-user/data/topics/1033 1001
@/home/ec2-user/data/topics/1034 1002
@/home/ec2-user/data/topics/2136 1003
@/home/ec2-user/data/topics/1766 1004
@/home/ec2-user/data/topics/2155 1005
@/home/ec2-user/data/topics/3842 1006
@/home/ec2-user/data/topics/1269 1007
豊丸産業株式会社

@/home/ec2-user/data/topics/1126 1008
@/home/ec2-user/data/topics/1353 1008
@/home/ec2-user/data/topics/1401 1009
@/home/ec2-user/data/topics/1284 1010
@/home/ec2-user/data/topics/1138 1011
@/home/ec2-user/data/topics/1914 1012
@/home/ec2-user/data/topics/1588 1013
@/home/ec2-user/data/topics/1713 1014
@/home/ec2-user/data/topics/1726 1015
@/home/ec2-user/data/topics/4847 1016
@/home/ec2-user/data/topics/1677 1017
@/home/ec2-user/data/topics/2011 1018
@/home/ec2-user/data/topics/2169 1019
@/home/ec2-user/data/topics/3672 1020
@/home/ec2-user/data/topics/1097 1021
鐘紡株式会社

@/home/ec2-user/data/topics/4195 1022
@/home/ec2-user/data/topics/3551 1022
@/home/ec2-user/data/topics/1901 1023
@/home/ec2-user/data/topics/2223 1024
@/home/ec2-user/data/topics/1178 1025
@/home/ec2-user/data/topics/2034 1026
@/home/ec2-user/data/topics/3634 1027
@/home/ec2-user/data/topics/3560 1028
@/home/ec2-user/data/topics/1870 1029
@/home/ec2-user/data/topics/1304 1030
@/home/ec2-user/data/topics/2185 1031
@/home/ec2-user/data/topics/1886 1032
@/home/ec2-user/data/topics/1054 1033
@/home/ec2-user/data/topics/3566 1034
@/home/ec2-user/data/topics/1842 1035
@/home/ec2-user/data/topics/1367 1036
株式会社デンソー

@/home/ec2-user/data/topics/4656 1037
@/home/ec2-user/data/topics/3421 1037
@/home/ec2-user/data/topics/4675 1038
@/home/ec2-user/data/topics/4164 1039
@/home/ec2-user/data/topics/4483 1040
@/home/ec2-user/data/topics/4046 1041
@/home/ec2-user/data/topics/4840 1042
@/home/ec2-user/data/topics/4805 1043
@/home/ec2-user/data/topics/1855 1044
@/home/ec2-user/data/topics/1028 1045
@/home/ec2-user/data/topics/4423 1046
@/home/ec2-user/data/topics/3406 1047
@/home/ec2-user/data/topics/4024 1048
@/home/ec2-user/data/topics/4498 1049
@/home/ec2-user/data/topics/4622 1050
@/home/ec2-user/data/topics/3480 1051
@/home/ec2-user/data/topics/3710 1052
富士写真フイルム株式会社

@/home/ec2-user/data/topics/2134 1053
@/home/ec2-user/data/topics/3857 1053
@/home/ec2-user/data/topics/1603 1054
@/home/ec2-user/data/topics/3447 1055
@/home/ec2-user/data/topics/1244 1056
@/home/ec2-user/data/topics/1662 1057
@/home/ec2-user/data/topics/3911 1058
@/home/ec2-user/data/topics/1570 1059
@/home/ec2-user/data/topics/3918 1060
@/home/ec2-user/data/topics/4962 1061
@/home/ec2-user/data/topics/3354 1062
京セラ株式会社

@/home/ec2-user/data/topics/1913 1063
@/home/ec2-user/data/topics/4340 1063
@/home/ec2-user/data/topics/3593 1064
@/home/ec2-user/data/topics/1741 1065
@/home/ec2-user/data/topics/3741 1066
@/home/ec2-user/data/topics/1708 1067
@/home/ec2-user/data/topics/3869 1068
@/home/ec2-user/data/topics/4513 1069
@/home/ec2-user/data/topics/4901 1070
@/home/ec2-user/data/topics/4031 1071
@/home/ec2-user/data/topics/1485 1072
@/home/ec2-user/data/topics/3615 1073
イビデン株式会社

@/home/ec2-user/data/topics/1315 1074
@/home/ec2-user/data/topics/2033 1074
@/home/ec2-user/data/topics/1770 1075
@/home/ec2-user/data/topics/1682 1076
@/home/ec2-user/data/topics/1336 1077
@/home/ec2-user/data/topics/1952 1078
@/home/ec2-user/data/topics/3814 1079
株式会社東芝

@/home/ec2-user/data/topics/4842 1080
@/home/ec2-user/data/topics/3851 1080
@/home/ec2-user/data/topics/3618 1081
@/home/ec2-user/data/topics/4302 1082
@/home/ec2-user/data/topics/1585 1083
@/home/ec2-user/data/topics/4881 1084
@/home/ec2-user/data/topics/4381 1085
@/home/ec2-user/data/topics/3716 1086
@/home/ec2-user/data/topics/4623 1087
@/home/ec2-user/data/topics/3689 1088
@/home/ec2-user/data/topics/4863 1089
@/home/ec2-user/data/topics/3363 1090
@/home/ec2-user/data/topics/4594 1091
@/home/ec2-user/data/topics/3780 1092
@/home/ec2-user/data/topics/1997 1093
@/home/ec2-user/data/topics/4566 1094
@/home/ec2-user/data/topics/3683 1095
@/home/ec2-user/data/topics/1205 1096
@/home/ec2-user/data/topics/3352 1097
@/home/ec2-user/data/topics/3598 1098
@/home/ec2-user/data/topics/4751 1099
@/home/ec2-user/data/topics/4057 1100
@/home/ec2-user/data/topics/3351 1101
@/home/ec2-user/data/topics/1819 1102
@/home/ec2-user/data/topics/4165 1103
@/home/ec2-user/data/topics/4912 1104
@/home/ec2-user/data/topics/3990 1105
@/home/ec2-user/data/topics/4631 1106
@/home/ec2-user/data/topics/3732 1107
@/home/ec2-user/data/topics/3988 1108
@/home/ec2-user/data/topics/3795 1109
@/home/ec2-user/data/topics/3834 1110
@/home/ec2-user/data/topics/1757 1111
@/home/ec2-user/data/topics/3688 1112
@/home/ec2-user/data/topics/4096 1113
@/home/ec2-user/data/topics/4172 1114
@/home/ec2-user/data/topics/4361 1115
@/home/ec2-user/data/topics/3948 1116
@/home/ec2-user/data/topics/1090 1117
@/home/ec2-user/data/topics/1132 1118
@/home/ec2-user/data/topics/3890 1119
@/home/ec2-user/data/topics/3734 1120
@/home/ec2-user/data/topics/4336 1121
@/home/ec2-user/data/topics/1756 1122
@/home/ec2-user/data/topics/2241 1123
@/home/ec2-user/data/topics/3380 1124
@/home/ec2-user/data/topics/4755 1125
@/home/ec2-user/data/topics/4140 1126
@/home/ec2-user/data/topics/3881 1127
@/home/ec2-user/data/topics/4009 1128
@/home/ec2-user/data/topics/3360 1129
@/home/ec2-user/data/topics/4535 1130
@/home/ec2-user/data/topics/4935 1131
@/home/ec2-user/data/topics/4089 1132
@/home/ec2-user/data/topics/4197 1133
@/home/ec2-user/data/topics/3462 1134
@/home/ec2-user/data/topics/4509 1135
@/home/ec2-user/data/topics/1332 1136
@/home/ec2-user/data/topics/4183 1137
@/home/ec2-user/data/topics/3542 1138
@/home/ec2-user/data/topics/4292 1139
ヤマハ株式会社

@/home/ec2-user/data/topics/4125 1140
@/home/ec2-user/data/topics/4919 1140
@/home/ec2-user/data/topics/1720 1141
@/home/ec2-user/data/topics/1676 1142
@/home/ec2-user/data/topics/4010 1143
@/home/ec2-user/data/topics/4084 1144
@/home/ec2-user/data/topics/1911 1145
@/home/ec2-user/data/topics/4177 1146
@/home/ec2-user/data/topics/4954 1147
@/home/ec2-user/data/topics/4045 1148
@/home/ec2-user/data/topics/1443 1149
@/home/ec2-user/data/topics/4145 1150
@/home/ec2-user/data/topics/3972 1151
東洋紡績株式会社

@/home/ec2-user/data/topics/4366 1152
@/home/ec2-user/data/topics/1029 1152
@/home/ec2-user/data/topics/3769 1153
@/home/ec2-user/data/topics/4362 1154
@/home/ec2-user/data/topics/1613 1155
@/home/ec2-user/data/topics/4284 1156
三菱化学株式会社

@/home/ec2-user/data/topics/1902 1157
@/home/ec2-user/data/topics/1197 1157
@/home/ec2-user/data/topics/3638 1158
@/home/ec2-user/data/topics/3513 1159
@/home/ec2-user/data/topics/1699 1160
@/home/ec2-user/data/topics/3458 1161
カシオ計算機株式会社

@/home/ec2-user/data/topics/1047 1162
@/home/ec2-user/data/topics/1235 1162
@/home/ec2-user/data/topics/2237 1163
@/home/ec2-user/data/topics/2180 1164
@/home/ec2-user/data/topics/1794 1165
@/home/ec2-user/data/topics/1368 1166
@/home/ec2-user/data/topics/1535 1167
@/home/ec2-user/data/topics/3391 1168
コナミ株式会社

@/home/ec2-user/data/topics/2100 1169
@/home/ec2-user/data/topics/4681 1169
@/home/ec2-user/data/topics/5015 1170
@/home/ec2-user/data/topics/1672 1171
@/home/ec2-user/data/topics/2151 1172
@/home/ec2-user/data/topics/1621 1173
@/home/ec2-user/data/topics/1302 1174
@/home/ec2-user/data/topics/4602 1175
大日本スクリーン製造株式会社

@/home/ec2-user/data/topics/1608 1176
@/home/ec2-user/data/topics/1779 1176
@/home/ec2-user/data/topics/1130 1177
@/home/ec2-user/data/topics/1173 1178
@/home/ec2-user/data/topics/2172 1179
@/home/ec2-user/data/topics/3742 1180
@/home/ec2-user/data/topics/2209 1181
オムロン株式会社

@/home/ec2-user/data/topics/1579 1182
@/home/ec2-user/data/topics/1135 1182
@/home/ec2-user/data/topics/1151 1183
@/home/ec2-user/data/topics/3700 1184
@/home/ec2-user/data/topics/1933 1185
@/home/ec2-user/data/topics/1067 1186
@/home/ec2-user/data/topics/4771 1187
@/home/ec2-user/data/topics/3748 1188
@/home/ec2-user/data/topics/1657 1189
@/home/ec2-user/data/topics/3594 1190
@/home/ec2-user/data/topics/3863 1191
@/home/ec2-user/data/topics/2096 1192
@/home/ec2-user/data/topics/3597 1193
@/home/ec2-user/data/topics/1841 1194
@/home/ec2-user/data/topics/1533 1195
株式会社日立製作所

@/home/ec2-user/data/topics/4402 1196
@/home/ec2-user/data/topics/4489 1196
@/home/ec2-user/data/topics/1296 1197
@/home/ec2-user/data/topics/4166 1198
@/home/ec2-user/data/topics/3648 1199
@/home/ec2-user/data/topics/2239 1200
@/home/ec2-user/data/topics/4621 1201
@/home/ec2-user/data/topics/3659 1202
@/home/ec2-user/data/topics/4493 1203
@/home/ec2-user/data/topics/1667 1204
@/home/ec2-user/data/topics/1562 1205
@/home/ec2-user/data/topics/1334 1206
@/home/ec2-user/data/topics/4990 1207
@/home/ec2-user/data/topics/3471 1208
@/home/ec2-user/data/topics/3779 1209
@/home/ec2-user/data/topics/4559 1210
@/home/ec2-user/data/topics/3350 1211
@/home/ec2-user/data/topics/1340 1212
@/home/ec2-user/data/topics/3599 1213
@/home/ec2-user/data/topics/1693 1214
@/home/ec2-user/data/topics/1826 1215
@/home/ec2-user/data/topics/3822 1216
@/home/ec2-user/data/topics/3439 1217
@/home/ec2-user/data/topics/1278 1218
@/home/ec2-user/data/topics/3691 1219
@/home/ec2-user/data/topics/3706 1220
@/home/ec2-user/data/topics/3384 1221
@/home/ec2-user/data/topics/2184 1222
@/home/ec2-user/data/topics/3440 1223
@/home/ec2-user/data/topics/3461 1224
@/home/ec2-user/data/topics/1082 1225
@/home/ec2-user/data/topics/4040 1226
@/home/ec2-user/data/topics/4545 1227
@/home/ec2-user/data/topics/3994 1228
@/home/ec2-user/data/topics/1072 1229
@/home/ec2-user/data/topics/4401 1230
@/home/ec2-user/data/topics/1880 1231
@/home/ec2-user/data/topics/1987 1232
@/home/ec2-user/data/topics/3973 1233
@/home/ec2-user/data/topics/3665 1234
@/home/ec2-user/data/topics/1487 1235
@/home/ec2-user/data/topics/3596 1236
@/home/ec2-user/data/topics/4799 1237
@/home/ec2-user/data/topics/1833 1238
@/home/ec2-user/data/topics/4547 1239
@/home/ec2-user/data/topics/3993 1240
@/home/ec2-user/data/topics/5030 1241
@/home/ec2-user/data/topics/1105 1242
@/home/ec2-user/data/topics/1825 1243
@/home/ec2-user/data/topics/3588 1244
@/home/ec2-user/data/topics/1501 1245
@/home/ec2-user/data/topics/1882 1246
@/home/ec2-user/data/topics/4551 1247
@/home/ec2-user/data/topics/1640 1248
@/home/ec2-user/data/topics/1247 1249
@/home/ec2-user/data/topics/4943 1250
@/home/ec2-user/data/topics/1249 1251
@/home/ec2-user/data/topics/3432 1252
@/home/ec2-user/data/topics/2081 1253
@/home/ec2-user/data/topics/4122 1254
@/home/ec2-user/data/topics/3772 1255
@/home/ec2-user/data/topics/3570 1256
@/home/ec2-user/data/topics/3968 1257
@/home/ec2-user/data/topics/5029 1258
@/home/ec2-user/data/topics/3524 1259
@/home/ec2-user/data/topics/1651 1260
@/home/ec2-user/data/topics/2019 1261
@/home/ec2-user/data/topics/3488 1262
@/home/ec2-user/data/topics/1463 1263
@/home/ec2-user/data/topics/3531 1264
@/home/ec2-user/data/topics/4830 1265
@/home/ec2-user/data/topics/4420 1266
@/home/ec2-user/data/topics/3965 1267
@/home/ec2-user/data/topics/4058 1268
凸版印刷株式会社

@/home/ec2-user/data/topics/1091 1269
@/home/ec2-user/data/topics/1765 1269
@/home/ec2-user/data/topics/3500 1270
@/home/ec2-user/data/topics/3526 1271
@/home/ec2-user/data/topics/3624 1272
@/home/ec2-user/data/topics/1977 1273
@/home/ec2-user/data/topics/4874 1274
株式会社ノーリツ

@/home/ec2-user/data/topics/4206 1275
@/home/ec2-user/data/topics/1618 1275
@/home/ec2-user/data/topics/1760 1276
@/home/ec2-user/data/topics/4776 1277
@/home/ec2-user/data/topics/1598 1278
@/home/ec2-user/data/topics/2116 1279
@/home/ec2-user/data/topics/4354 1280
@/home/ec2-user/data/topics/1290 1281
川崎重工業株式会社

@/home/ec2-user/data/topics/4793 1282
@/home/ec2-user/data/topics/1162 1282
@/home/ec2-user/data/topics/4866 1283
@/home/ec2-user/data/topics/4572 1284
@/home/ec2-user/data/topics/1172 1285
@/home/ec2-user/data/topics/5025 1286
@/home/ec2-user/data/topics/4944 1287
@/home/ec2-user/data/topics/4756 1288
ティーディーケイ株式会社

@/home/ec2-user/data/topics/1129 1289
@/home/ec2-user/data/topics/1510 1289
@/home/ec2-user/data/topics/3798 1290
@/home/ec2-user/data/topics/2202 1291
@/home/ec2-user/data/topics/4619 1292
@/home/ec2-user/data/topics/3909 1293
@/home/ec2-user/data/topics/3792 1294
@/home/ec2-user/data/topics/1409 1295
@/home/ec2-user/data/topics/2210 1296
京セラミタ株式会社

@/home/ec2-user/data/topics/4564 1297
@/home/ec2-user/data/topics/2141 1297
@/home/ec2-user/data/topics/4973 1298
@/home/ec2-user/data/topics/4174 1299
@/home/ec2-user/data/topics/1032 1300
@/home/ec2-user/data/topics/4985 1301
@/home/ec2-user/data/topics/1930 1302
株式会社クボタ

@/home/ec2-user/data/topics/4379 1303
@/home/ec2-user/data/topics/1734 1303
@/home/ec2-user/data/topics/1280 1304
@/home/ec2-user/data/topics/4251 1305
@/home/ec2-user/data/topics/3919 1306
@/home/ec2-user/data/topics/3823 1307
@/home/ec2-user/data/topics/1448 1308
@/home/ec2-user/data/topics/3854 1309
@/home/ec2-user/data/topics/4745 1310
@/home/ec2-user/data/topics/1012 1311
シャープ株式会社

@/home/ec2-user/data/topics/1396 1312
@/home/ec2-user/data/topics/1174 1312
@/home/ec2-user/data/topics/2020 1313
@/home/ec2-user/data/topics/3762 1314
@/home/ec2-user/data/topics/3537 1315
@/home/ec2-user/data/topics/1563 1316
@/home/ec2-user/data/topics/4152 1317
@/home/ec2-user/data/topics/2084 1318
@/home/ec2-user/data/topics/1970 1319
@/home/ec2-user/data/topics/1288 1320
@/home/ec2-user/data/topics/4349 1321
@/home/ec2-user/data/topics/3871 1322
@/home/ec2-user/data/topics/4113 1323
@/home/ec2-user/data/topics/3698 1324
@/home/ec2-user/data/topics/3858 1325
@/home/ec2-user/data/topics/1258 1326
@/home/ec2-user/data/topics/1318 1327
@/home/ec2-user/data/topics/3813 1328
@/home/ec2-user/data/topics/3606 1329
@/home/ec2-user/data/topics/4263 1330
@/home/ec2-user/data/topics/3941 1331
@/home/ec2-user/data/topics/4228 1332
@/home/ec2-user/data/topics/3673 1333
@/home/ec2-user/data/topics/4744 1334
@/home/ec2-user/data/topics/3978 1335
@/home/ec2-user/data/topics/3776 1336
@/home/ec2-user/data/topics/3678 1337
@/home/ec2-user/data/topics/1561 1338
@/home/ec2-user/data/topics/1154 1339
@/home/ec2-user/data/topics/4245 1340
@/home/ec2-user/data/topics/4124 1341
@/home/ec2-user/data/topics/3777 1342
@/home/ec2-user/data/topics/4683 1343
@/home/ec2-user/data/topics/3966 1344
@/home/ec2-user/data/topics/1840 1345
@/home/ec2-user/data/topics/3793 1346
@/home/ec2-user/data/topics/4105 1347
@/home/ec2-user/data/topics/2087 1348
@/home/ec2-user/data/topics/3981 1349
@/home/ec2-user/data/topics/3450 1350
@/home/ec2-user/data/topics/3760 1351
@/home/ec2-user/data/topics/4173 1352
@/home/ec2-user/data/topics/4516 1353
@/home/ec2-user/data/topics/1431 1354
@/home/ec2-user/data/topics/1965 1355
@/home/ec2-user/data/topics/4230 1356
@/home/ec2-user/data/topics/1209 1357
@/home/ec2-user/data/topics/4095 1358
@/home/ec2-user/data/topics/3855 1359
@/home/ec2-user/data/topics/4252 1360
@/home/ec2-user/data/topics/4861 1361
@/home/ec2-user/data/topics/4782 1362
@/home/ec2-user/data/topics/3452 1363
@/home/ec2-user/data/topics/4469 1364
@/home/ec2-user/data/topics/4583 1365
@/home/ec2-user/data/topics/3679 1366
@/home/ec2-user/data/topics/3895 1367
@/home/ec2-user/data/topics/4127 1368
@/home/ec2-user/data/topics/1419 1369
@/home/ec2-user/data/topics/4005 1370
@/home/ec2-user/data/topics/2118 1371
@/home/ec2-user/data/topics/1685 1372
@/home/ec2-user/data/topics/3649 1373
@/home/ec2-user/data/topics/4214 1374
@/home/ec2-user/data/topics/4019 1375
@/home/ec2-user/data/topics/3610 1376
@/home/ec2-user/data/topics/4256 1377
@/home/ec2-user/data/topics/4717 1378
@/home/ec2-user/data/topics/3422 1379
@/home/ec2-user/data/topics/1804 1380
@/home/ec2-user/data/topics/1384 1381
@/home/ec2-user/data/topics/4691 1382
@/home/ec2-user/data/topics/4103 1383
@/home/ec2-user/data/topics/4323 1384
@/home/ec2-user/data/topics/1349 1385
@/home/ec2-user/data/topics/4430 1386
@/home/ec2-user/data/topics/3832 1387
@/home/ec2-user/data/topics/3578 1388
@/home/ec2-user/data/topics/4519 1389
@/home/ec2-user/data/topics/4648 1390
@/home/ec2-user/data/topics/3957 1391
日本輸送機株式会社

@/home/ec2-user/data/topics/3573 1392
@/home/ec2-user/data/topics/2221 1392
@/home/ec2-user/data/topics/1456 1393
@/home/ec2-user/data/topics/1191 1394
@/home/ec2-user/data/topics/2065 1395
@/home/ec2-user/data/topics/1108 1396
@/home/ec2-user/data/topics/1940 1397
@/home/ec2-user/data/topics/1493 1398
東京エレクトロン株式会社

@/home/ec2-user/data/topics/4053 1399
@/home/ec2-user/data/topics/1800 1399
@/home/ec2-user/data/topics/4023 1400
@/home/ec2-user/data/topics/4618 1401
@/home/ec2-user/data/topics/4702 1402
@/home/ec2-user/data/topics/1508 1403
@/home/ec2-user/data/topics/4906 1404
@/home/ec2-user/data/topics/4345 1405
@/home/ec2-user/data/topics/1263 1406
@/home/ec2-user/data/topics/4002 1407
@/home/ec2-user/data/topics/1736 1408
@/home/ec2-user/data/topics/3947 1409
株式会社村田製作所

@/home/ec2-user/data/topics/2229 1410
@/home/ec2-user/data/topics/3435 1410
@/home/ec2-user/data/topics/4378 1411
@/home/ec2-user/data/topics/4703 1412
@/home/ec2-user/data/topics/3697 1413
@/home/ec2-user/data/topics/4432 1414
@/home/ec2-user/data/topics/4325 1415
@/home/ec2-user/data/topics/3482 1416
@/home/ec2-user/data/topics/1374 1417
@/home/ec2-user/data/topics/4042 1418
@/home/ec2-user/data/topics/4417 1419
@/home/ec2-user/data/topics/4271 1420
@/home/ec2-user/data/topics/1411 1421
@/home/ec2-user/data/topics/4070 1422
@/home/ec2-user/data/topics/4163 1423
@/home/ec2-user/data/topics/4795 1424
@/home/ec2-user/data/topics/3885 1425
日本電信電話株式会社

@/home/ec2-user/data/topics/1556 1426
@/home/ec2-user/data/topics/1042 1426
@/home/ec2-user/data/topics/3544 1427
@/home/ec2-user/data/topics/1408 1428
@/home/ec2-user/data/topics/4118 1429
@/home/ec2-user/data/topics/2017 1430
@/home/ec2-user/data/topics/1229 1431
@/home/ec2-user/data/topics/2130 1432
@/home/ec2-user/data/topics/3359 1433
@/home/ec2-user/data/topics/3928 1434
@/home/ec2-user/data/topics/4964 1435
@/home/ec2-user/data/topics/4560 1436
@/home/ec2-user/data/topics/4865 1437
@/home/ec2-user/data/topics/4792 1438
@/home/ec2-user/data/topics/4511 1439
@/home/ec2-user/data/topics/3568 1440
@/home/ec2-user/data/topics/4121 1441
@/home/ec2-user/data/topics/3894 1442
@/home/ec2-user/data/topics/4114 1443
@/home/ec2-user/data/topics/4175 1444
@/home/ec2-user/data/topics/4146 1445
@/home/ec2-user/data/topics/3641 1446
@/home/ec2-user/data/topics/3824 1447
@/home/ec2-user/data/topics/1809 1448
@/home/ec2-user/data/topics/4025 1449
@/home/ec2-user/data/topics/4232 1450
@/home/ec2-user/data/topics/4104 1451
@/home/ec2-user/data/topics/4131 1452
@/home/ec2-user/data/topics/3552 1453
@/home/ec2-user/data/topics/4870 1454
@/home/ec2-user/data/topics/3650 1455
@/home/ec2-user/data/topics/3586 1456
@/home/ec2-user/data/topics/1934 1457
@/home/ec2-user/data/topics/1230 1458
@/home/ec2-user/data/topics/4836 1459
@/home/ec2-user/data/topics/3785 1460
@/home/ec2-user/data/topics/3509 1461
@/home/ec2-user/data/topics/4443 1462
@/home/ec2-user/data/topics/4115 1463
@/home/ec2-user/data/topics/4208 1464
@/home/ec2-user/data/topics/4087 1465
@/home/ec2-user/data/topics/4965 1466
@/home/ec2-user/data/topics/1787 1467
@/home/ec2-user/data/topics/4664 1468
@/home/ec2-user/data/topics/4925 1469
@/home/ec2-user/data/topics/4952 1470
@/home/ec2-user/data/topics/3521 1471
@/home/ec2-user/data/topics/4916 1472
@/home/ec2-user/data/topics/4505 1473
@/home/ec2-user/data/topics/3811 1474
@/home/ec2-user/data/topics/4488 1475
@/home/ec2-user/data/topics/4335 1476
@/home/ec2-user/data/topics/3927 1477
@/home/ec2-user/data/topics/3425 1478
@/home/ec2-user/data/topics/3915 1479
@/home/ec2-user/data/topics/3536 1480
日本鋼管株式会社

@/home/ec2-user/data/topics/4455 1481
@/home/ec2-user/data/topics/4161 1481
@/home/ec2-user/data/topics/3572 1482
@/home/ec2-user/data/topics/2095 1483
@/home/ec2-user/data/topics/4289 1484
@/home/ec2-user/data/topics/1690 1485
@/home/ec2-user/data/topics/1404 1486
株式会社神戸製鋼所

@/home/ec2-user/data/topics/3674 1487
@/home/ec2-user/data/topics/2064 1487
@/home/ec2-user/data/topics/3902 1488
@/home/ec2-user/data/topics/3632 1489
@/home/ec2-user/data/topics/4949 1490
@/home/ec2-user/data/topics/3475 1491
@/home/ec2-user/data/topics/1465 1492
株式会社ケンウッド

@/home/ec2-user/data/topics/2163 1493
@/home/ec2-user/data/topics/1896 1493
@/home/ec2-user/data/topics/4038 1494
@/home/ec2-user/data/topics/2036 1495
@/home/ec2-user/data/topics/4050 1496
@/home/ec2-user/data/topics/1115 1497
@/home/ec2-user/data/topics/4167 1498
@/home/ec2-user/data/topics/3977 1499
@/home/ec2-user/data/topics/4467 1500
@/home/ec2-user/data/topics/3794 1501
@/home/ec2-user/data/topics/1241 1502
@/home/ec2-user/data/topics/1424 1503
@/home/ec2-user/data/topics/3969 1504
@/home/ec2-user/data/topics/3801 1505
@/home/ec2-user/data/topics/3878 1506
@/home/ec2-user/data/topics/1698 1507
@/home/ec2-user/data/topics/3463 1508
@/home/ec2-user/data/topics/1186 1509
@/home/ec2-user/data/topics/1345 1510
@/home/ec2-user/data/topics/1617 1511
@/home/ec2-user/data/topics/3839 1512
東陶機器株式会社

@/home/ec2-user/data/topics/2135 1513
@/home/ec2-user/data/topics/1692 1513
@/home/ec2-user/data/topics/1735 1514
@/home/ec2-user/data/topics/3821 1515
@/home/ec2-user/data/topics/1626 1516
@/home/ec2-user/data/topics/3583 1517
本田技研工業株式会社

@/home/ec2-user/data/topics/4375 1518
@/home/ec2-user/data/topics/4783 1518
@/home/ec2-user/data/topics/4331 1519
@/home/ec2-user/data/topics/3685 1520
@/home/ec2-user/data/topics/1226 1521
@/home/ec2-user/data/topics/4033 1522
@/home/ec2-user/data/topics/1818 1523
@/home/ec2-user/data/topics/4132 1524
@/home/ec2-user/data/topics/1444 1525
@/home/ec2-user/data/topics/1605 1526
@/home/ec2-user/data/topics/4888 1527
@/home/ec2-user/data/topics/2016 1528
@/home/ec2-user/data/topics/2000 1529
@/home/ec2-user/data/topics/1143 1530
@/home/ec2-user/data/topics/1215 1531
@/home/ec2-user/data/topics/1822 1532
@/home/ec2-user/data/topics/1266 1533
@/home/ec2-user/data/topics/4199 1534
@/home/ec2-user/data/topics/5026 1535
新日本製鐵株式会社

@/home/ec2-user/data/topics/3368 1536
@/home/ec2-user/data/topics/3899 1536
@/home/ec2-user/data/topics/4472 1537
@/home/ec2-user/data/topics/5008 1538
@/home/ec2-user/data/topics/3663 1539
@/home/ec2-user/data/topics/3861 1540
松下電工株式会社

@/home/ec2-user/data/topics/4317 1541
@/home/ec2-user/data/topics/3549 1541
@/home/ec2-user/data/topics/4012 1542
@/home/ec2-user/data/topics/3670 1543
@/home/ec2-user/data/topics/3379 1544
@/home/ec2-user/data/topics/4347 1545
@/home/ec2-user/data/topics/3932 1546
@/home/ec2-user/data/topics/4083 1547
@/home/ec2-user/data/topics/1803 1548
@/home/ec2-user/data/topics/3778 1549
@/home/ec2-user/data/topics/3835 1550
@/home/ec2-user/data/topics/1011 1551
@/home/ec2-user/data/topics/4450 1552
@/home/ec2-user/data/topics/4592 1553
@/home/ec2-user/data/topics/3565 1554
@/home/ec2-user/data/topics/3511 1555
@/home/ec2-user/data/topics/1311 1556
@/home/ec2-user/data/topics/4094 1557
@/home/ec2-user/data/topics/1251 1558
@/home/ec2-user/data/topics/4029 1559
@/home/ec2-user/data/topics/3651 1560
@/home/ec2-user/data/topics/2045 1561
usernum: 72
simhit: 1389
simmax: 0.632911821792
simmin: 0.0
simavg: 0.199235634651
total: 1562
simhit/total: 0.889244558259

2017-01-14 00:37:46.905353
