2017-01-13 23:12:40.587191

topic-folder:/home/ec2-user/data/topics/
cl-file:rand4
cl-floder:/home/ec2-user/data/ldaclass-64-2000-top1000/
zipf:-0.2
stype[0(tfidf)/1(tfidf2)/2(lsa)/3(lda)]:3
dtype[<0(diff*rand)/0(diff)/1(same)/>=2(diff*same)]:0
output-floder:result

三菱マテリアル株式会社

@/home/ec2-user/data/topics/1638 0
@/home/ec2-user/data/topics/3520 0
@/home/ec2-user/data/topics/3546 1
@/home/ec2-user/data/topics/2093 2
@/home/ec2-user/data/topics/3866 3
@/home/ec2-user/data/topics/3470 4
@/home/ec2-user/data/topics/1085 5
@/home/ec2-user/data/topics/3630 6
日本精機株式会社

@/home/ec2-user/data/topics/4907 7
@/home/ec2-user/data/topics/4875 7
@/home/ec2-user/data/topics/1398 8
@/home/ec2-user/data/topics/4972 9
@/home/ec2-user/data/topics/4709 10
@/home/ec2-user/data/topics/4690 11
コニカ株式会社

@/home/ec2-user/data/topics/3426 12
@/home/ec2-user/data/topics/3357 12
@/home/ec2-user/data/topics/1946 13
@/home/ec2-user/data/topics/3533 14
@/home/ec2-user/data/topics/3486 15
@/home/ec2-user/data/topics/3418 16
@/home/ec2-user/data/topics/3419 17
@/home/ec2-user/data/topics/3431 18
@/home/ec2-user/data/topics/3370 19
@/home/ec2-user/data/topics/2162 20
@/home/ec2-user/data/topics/3414 21
埼玉日本電気株式会社

@/home/ec2-user/data/topics/4242 22
@/home/ec2-user/data/topics/5010 22
@/home/ec2-user/data/topics/4468 23
@/home/ec2-user/data/topics/4998 24
@/home/ec2-user/data/topics/4279 25
@/home/ec2-user/data/topics/4496 26
@/home/ec2-user/data/topics/4283 27
@/home/ec2-user/data/topics/1512 28
@/home/ec2-user/data/topics/1620 29
アルプス電気株式会社

@/home/ec2-user/data/topics/2012 30
@/home/ec2-user/data/topics/1253 30
@/home/ec2-user/data/topics/4791 31
@/home/ec2-user/data/topics/1434 32
@/home/ec2-user/data/topics/2089 33
@/home/ec2-user/data/topics/3582 34
@/home/ec2-user/data/topics/3429 35
三菱重工業株式会社

@/home/ec2-user/data/topics/3503 36
@/home/ec2-user/data/topics/3833 36
@/home/ec2-user/data/topics/3529 37
@/home/ec2-user/data/topics/4563 38
@/home/ec2-user/data/topics/4687 39
@/home/ec2-user/data/topics/3591 40
@/home/ec2-user/data/topics/3944 41
@/home/ec2-user/data/topics/4862 42
@/home/ec2-user/data/topics/5022 43
@/home/ec2-user/data/topics/4412 44
@/home/ec2-user/data/topics/3637 45
@/home/ec2-user/data/topics/4882 46
村田機械株式会社

@/home/ec2-user/data/topics/1293 47
@/home/ec2-user/data/topics/4570 47
@/home/ec2-user/data/topics/3740 48
@/home/ec2-user/data/topics/4596 49
@/home/ec2-user/data/topics/5000 50
@/home/ec2-user/data/topics/1511 51
@/home/ec2-user/data/topics/4645 52
@/home/ec2-user/data/topics/1607 53
@/home/ec2-user/data/topics/4835 54
@/home/ec2-user/data/topics/4565 55
@/home/ec2-user/data/topics/4556 56
@/home/ec2-user/data/topics/4746 57
@/home/ec2-user/data/topics/4941 58
@/home/ec2-user/data/topics/1074 59
@/home/ec2-user/data/topics/4441 60
@/home/ec2-user/data/topics/4638 61
@/home/ec2-user/data/topics/3528 62
川崎製鉄株式会社

@/home/ec2-user/data/topics/4615 63
@/home/ec2-user/data/topics/3483 63
@/home/ec2-user/data/topics/3553 64
@/home/ec2-user/data/topics/3611 65
@/home/ec2-user/data/topics/3532 66
@/home/ec2-user/data/topics/3929 67
@/home/ec2-user/data/topics/1037 68
@/home/ec2-user/data/topics/1459 69
@/home/ec2-user/data/topics/3413 70
ダイキン工業株式会社

@/home/ec2-user/data/topics/4515 71
@/home/ec2-user/data/topics/4367 71
@/home/ec2-user/data/topics/4734 72
@/home/ec2-user/data/topics/4858 73
@/home/ec2-user/data/topics/1565 74
@/home/ec2-user/data/topics/1600 75
@/home/ec2-user/data/topics/4701 76
@/home/ec2-user/data/topics/4845 77
@/home/ec2-user/data/topics/4753 78
@/home/ec2-user/data/topics/4400 79
@/home/ec2-user/data/topics/3888 80
三菱自動車工業株式会社

@/home/ec2-user/data/topics/3815 81
@/home/ec2-user/data/topics/3502 81
@/home/ec2-user/data/topics/2101 82
@/home/ec2-user/data/topics/1527 83
@/home/ec2-user/data/topics/3940 84
@/home/ec2-user/data/topics/1428 85
@/home/ec2-user/data/topics/4189 86
@/home/ec2-user/data/topics/1816 87
日産自動車株式会社

@/home/ec2-user/data/topics/3645 88
@/home/ec2-user/data/topics/3501 88
@/home/ec2-user/data/topics/3497 89
@/home/ec2-user/data/topics/3936 90
@/home/ec2-user/data/topics/4982 91
@/home/ec2-user/data/topics/3829 92
@/home/ec2-user/data/topics/4074 93
@/home/ec2-user/data/topics/3723 94
@/home/ec2-user/data/topics/3677 95
@/home/ec2-user/data/topics/3712 96
@/home/ec2-user/data/topics/3489 97
トヨタ自動車株式会社

@/home/ec2-user/data/topics/3587 98
@/home/ec2-user/data/topics/4426 98
@/home/ec2-user/data/topics/4064 99
@/home/ec2-user/data/topics/4346 100
@/home/ec2-user/data/topics/4767 101
@/home/ec2-user/data/topics/3671 102
@/home/ec2-user/data/topics/3356 103
@/home/ec2-user/data/topics/4030 104
@/home/ec2-user/data/topics/4008 105
@/home/ec2-user/data/topics/3943 106
@/home/ec2-user/data/topics/3725 107
@/home/ec2-user/data/topics/4647 108
@/home/ec2-user/data/topics/3405 109
@/home/ec2-user/data/topics/3699 110
@/home/ec2-user/data/topics/2218 111
@/home/ec2-user/data/topics/4144 112
@/home/ec2-user/data/topics/4633 113
@/home/ec2-user/data/topics/2111 114
@/home/ec2-user/data/topics/4920 115
@/home/ec2-user/data/topics/1494 116
@/home/ec2-user/data/topics/4617 117
@/home/ec2-user/data/topics/3481 118
@/home/ec2-user/data/topics/3783 119
@/home/ec2-user/data/topics/4658 120
@/home/ec2-user/data/topics/3758 121
@/home/ec2-user/data/topics/3731 122
@/home/ec2-user/data/topics/1551 123
@/home/ec2-user/data/topics/4298 124
@/home/ec2-user/data/topics/4543 125
オリンパス光学工業株式会社

@/home/ec2-user/data/topics/4007 126
@/home/ec2-user/data/topics/4013 126
@/home/ec2-user/data/topics/1981 127
@/home/ec2-user/data/topics/1869 128
@/home/ec2-user/data/topics/4878 129
@/home/ec2-user/data/topics/2026 130
@/home/ec2-user/data/topics/1835 131
@/home/ec2-user/data/topics/1586 132
@/home/ec2-user/data/topics/5006 133
@/home/ec2-user/data/topics/1155 134
@/home/ec2-user/data/topics/1107 135
@/home/ec2-user/data/topics/1739 136
ブラザー工業株式会社

@/home/ec2-user/data/topics/1076 137
@/home/ec2-user/data/topics/3507 137
@/home/ec2-user/data/topics/1906 138
@/home/ec2-user/data/topics/2085 139
@/home/ec2-user/data/topics/1697 140
@/home/ec2-user/data/topics/3789 141
@/home/ec2-user/data/topics/3477 142
@/home/ec2-user/data/topics/1300 143
@/home/ec2-user/data/topics/3686 144
@/home/ec2-user/data/topics/1636 145
@/home/ec2-user/data/topics/4548 146
@/home/ec2-user/data/topics/2086 147
@/home/ec2-user/data/topics/1164 148
@/home/ec2-user/data/topics/3613 149
@/home/ec2-user/data/topics/1183 150
富士通株式会社

@/home/ec2-user/data/topics/1609 151
@/home/ec2-user/data/topics/3883 151
@/home/ec2-user/data/topics/3399 152
@/home/ec2-user/data/topics/3862 153
@/home/ec2-user/data/topics/3538 154
@/home/ec2-user/data/topics/1123 155
@/home/ec2-user/data/topics/2216 156
@/home/ec2-user/data/topics/1998 157
@/home/ec2-user/data/topics/3850 158
@/home/ec2-user/data/topics/3802 159
@/home/ec2-user/data/topics/1271 160
@/home/ec2-user/data/topics/3428 161
@/home/ec2-user/data/topics/1547 162
@/home/ec2-user/data/topics/3460 163
@/home/ec2-user/data/topics/3799 164
@/home/ec2-user/data/topics/3749 165
@/home/ec2-user/data/topics/3870 166
@/home/ec2-user/data/topics/3381 167
@/home/ec2-user/data/topics/5004 168
@/home/ec2-user/data/topics/3912 169
@/home/ec2-user/data/topics/3962 170
@/home/ec2-user/data/topics/1264 171
@/home/ec2-user/data/topics/3400 172
@/home/ec2-user/data/topics/2215 173
@/home/ec2-user/data/topics/2227 174
@/home/ec2-user/data/topics/4191 175
@/home/ec2-user/data/topics/3765 176
@/home/ec2-user/data/topics/1874 177
@/home/ec2-user/data/topics/3970 178
@/home/ec2-user/data/topics/3751 179
@/home/ec2-user/data/topics/3846 180
@/home/ec2-user/data/topics/3636 181
静岡日本電気株式会社

@/home/ec2-user/data/topics/4326 182
@/home/ec2-user/data/topics/4507 182
@/home/ec2-user/data/topics/4314 183
@/home/ec2-user/data/topics/4531 184
@/home/ec2-user/data/topics/4250 185
@/home/ec2-user/data/topics/4365 186
住友重機械工業株式会社

@/home/ec2-user/data/topics/1373 187
@/home/ec2-user/data/topics/1900 187
@/home/ec2-user/data/topics/1019 188
@/home/ec2-user/data/topics/1505 189
@/home/ec2-user/data/topics/3868 190
@/home/ec2-user/data/topics/4854 191
@/home/ec2-user/data/topics/2039 192
@/home/ec2-user/data/topics/3952 193
@/home/ec2-user/data/topics/1553 194
大日本印刷株式会社

@/home/ec2-user/data/topics/1564 195
@/home/ec2-user/data/topics/1262 195
@/home/ec2-user/data/topics/3569 196
@/home/ec2-user/data/topics/1145 197
@/home/ec2-user/data/topics/3388 198
@/home/ec2-user/data/topics/1099 199
日本電気株式会社

@/home/ec2-user/data/topics/4062 200
@/home/ec2-user/data/topics/1879 200
@/home/ec2-user/data/topics/1891 201
@/home/ec2-user/data/topics/1281 202
@/home/ec2-user/data/topics/4360 203
@/home/ec2-user/data/topics/4388 204
@/home/ec2-user/data/topics/4876 205
@/home/ec2-user/data/topics/1773 206
@/home/ec2-user/data/topics/4168 207
@/home/ec2-user/data/topics/4696 208
@/home/ec2-user/data/topics/4666 209
@/home/ec2-user/data/topics/4246 210
@/home/ec2-user/data/topics/2041 211
@/home/ec2-user/data/topics/4940 212
@/home/ec2-user/data/topics/4749 213
@/home/ec2-user/data/topics/4260 214
@/home/ec2-user/data/topics/4447 215
@/home/ec2-user/data/topics/4082 216
@/home/ec2-user/data/topics/1567 217
@/home/ec2-user/data/topics/4643 218
@/home/ec2-user/data/topics/4584 219
@/home/ec2-user/data/topics/4427 220
@/home/ec2-user/data/topics/4120 221
@/home/ec2-user/data/topics/4486 222
@/home/ec2-user/data/topics/4603 223
@/home/ec2-user/data/topics/3875 224
@/home/ec2-user/data/topics/3744 225
@/home/ec2-user/data/topics/4393 226
@/home/ec2-user/data/topics/4134 227
@/home/ec2-user/data/topics/4657 228
@/home/ec2-user/data/topics/3896 229
@/home/ec2-user/data/topics/4779 230
@/home/ec2-user/data/topics/1122 231
@/home/ec2-user/data/topics/4425 232
@/home/ec2-user/data/topics/3865 233
@/home/ec2-user/data/topics/4137 234
@/home/ec2-user/data/topics/4595 235
@/home/ec2-user/data/topics/4532 236
@/home/ec2-user/data/topics/1923 237
@/home/ec2-user/data/topics/4650 238
@/home/ec2-user/data/topics/4530 239
@/home/ec2-user/data/topics/1383 240
@/home/ec2-user/data/topics/4477 241
@/home/ec2-user/data/topics/2119 242
@/home/ec2-user/data/topics/4129 243
@/home/ec2-user/data/topics/4216 244
@/home/ec2-user/data/topics/1791 245
@/home/ec2-user/data/topics/1486 246
@/home/ec2-user/data/topics/4460 247
@/home/ec2-user/data/topics/4092 248
@/home/ec2-user/data/topics/4185 249
@/home/ec2-user/data/topics/4775 250
@/home/ec2-user/data/topics/4003 251
@/home/ec2-user/data/topics/4119 252
@/home/ec2-user/data/topics/1326 253
@/home/ec2-user/data/topics/4480 254
@/home/ec2-user/data/topics/4319 255
@/home/ec2-user/data/topics/4721 256
@/home/ec2-user/data/topics/4442 257
@/home/ec2-user/data/topics/4877 258
@/home/ec2-user/data/topics/3766 259
@/home/ec2-user/data/topics/4390 260
@/home/ec2-user/data/topics/4497 261
@/home/ec2-user/data/topics/4644 262
@/home/ec2-user/data/topics/4646 263
@/home/ec2-user/data/topics/5034 264
@/home/ec2-user/data/topics/4236 265
@/home/ec2-user/data/topics/4764 266
@/home/ec2-user/data/topics/4207 267
@/home/ec2-user/data/topics/4097 268
@/home/ec2-user/data/topics/1052 269
@/home/ec2-user/data/topics/4238 270
@/home/ec2-user/data/topics/4342 271
@/home/ec2-user/data/topics/4759 272
@/home/ec2-user/data/topics/4138 273
@/home/ec2-user/data/topics/4682 274
@/home/ec2-user/data/topics/4404 275
@/home/ec2-user/data/topics/4742 276
@/home/ec2-user/data/topics/3886 277
@/home/ec2-user/data/topics/4634 278
@/home/ec2-user/data/topics/4093 279
@/home/ec2-user/data/topics/4725 280
@/home/ec2-user/data/topics/1557 281
@/home/ec2-user/data/topics/4446 282
@/home/ec2-user/data/topics/1973 283
@/home/ec2-user/data/topics/1100 284
@/home/ec2-user/data/topics/4081 285
@/home/ec2-user/data/topics/4204 286
@/home/ec2-user/data/topics/1112 287
@/home/ec2-user/data/topics/4659 288
@/home/ec2-user/data/topics/4209 289
@/home/ec2-user/data/topics/4275 290
@/home/ec2-user/data/topics/4389 291
@/home/ec2-user/data/topics/4892 292
@/home/ec2-user/data/topics/4665 293
@/home/ec2-user/data/topics/4578 294
@/home/ec2-user/data/topics/1764 295
@/home/ec2-user/data/topics/4850 296
@/home/ec2-user/data/topics/4613 297
@/home/ec2-user/data/topics/4537 298
@/home/ec2-user/data/topics/4240 299
@/home/ec2-user/data/topics/4785 300
@/home/ec2-user/data/topics/4926 301
@/home/ec2-user/data/topics/4414 302
@/home/ec2-user/data/topics/4458 303
@/home/ec2-user/data/topics/3729 304
@/home/ec2-user/data/topics/1500 305
@/home/ec2-user/data/topics/2166 306
@/home/ec2-user/data/topics/4320 307
@/home/ec2-user/data/topics/1362 308
@/home/ec2-user/data/topics/4902 309
@/home/ec2-user/data/topics/4609 310
@/home/ec2-user/data/topics/4158 311
@/home/ec2-user/data/topics/2022 312
@/home/ec2-user/data/topics/4313 313
@/home/ec2-user/data/topics/4171 314
@/home/ec2-user/data/topics/3853 315
@/home/ec2-user/data/topics/4162 316
@/home/ec2-user/data/topics/1360 317
@/home/ec2-user/data/topics/1199 318
@/home/ec2-user/data/topics/4017 319
@/home/ec2-user/data/topics/4598 320
@/home/ec2-user/data/topics/1364 321
@/home/ec2-user/data/topics/4309 322
@/home/ec2-user/data/topics/4227 323
@/home/ec2-user/data/topics/4816 324
@/home/ec2-user/data/topics/4318 325
@/home/ec2-user/data/topics/4561 326
@/home/ec2-user/data/topics/3767 327
@/home/ec2-user/data/topics/4063 328
@/home/ec2-user/data/topics/3954 329
@/home/ec2-user/data/topics/4651 330
@/home/ec2-user/data/topics/4429 331
@/home/ec2-user/data/topics/4760 332
@/home/ec2-user/data/topics/4433 333
@/home/ec2-user/data/topics/4440 334
@/home/ec2-user/data/topics/1016 335
@/home/ec2-user/data/topics/1661 336
@/home/ec2-user/data/topics/1612 337
@/home/ec2-user/data/topics/1101 338
@/home/ec2-user/data/topics/1457 339
@/home/ec2-user/data/topics/3724 340
@/home/ec2-user/data/topics/4398 341
@/home/ec2-user/data/topics/4770 342
@/home/ec2-user/data/topics/4153 343
@/home/ec2-user/data/topics/2031 344
@/home/ec2-user/data/topics/4838 345
@/home/ec2-user/data/topics/1634 346
@/home/ec2-user/data/topics/1710 347
@/home/ec2-user/data/topics/3938 348
@/home/ec2-user/data/topics/1044 349
@/home/ec2-user/data/topics/4196 350
@/home/ec2-user/data/topics/1815 351
@/home/ec2-user/data/topics/4243 352
@/home/ec2-user/data/topics/1523 353
@/home/ec2-user/data/topics/1867 354
@/home/ec2-user/data/topics/4536 355
@/home/ec2-user/data/topics/4100 356
@/home/ec2-user/data/topics/4154 357
@/home/ec2-user/data/topics/4257 358
@/home/ec2-user/data/topics/1844 359
@/home/ec2-user/data/topics/4116 360
@/home/ec2-user/data/topics/4689 361
@/home/ec2-user/data/topics/4728 362
@/home/ec2-user/data/topics/4273 363
@/home/ec2-user/data/topics/1464 364
@/home/ec2-user/data/topics/1928 365
@/home/ec2-user/data/topics/4315 366
@/home/ec2-user/data/topics/4434 367
@/home/ec2-user/data/topics/4186 368
@/home/ec2-user/data/topics/4352 369
@/home/ec2-user/data/topics/4128 370
@/home/ec2-user/data/topics/4626 371
@/home/ec2-user/data/topics/4071 372
@/home/ec2-user/data/topics/4418 373
@/home/ec2-user/data/topics/3971 374
@/home/ec2-user/data/topics/1783 375
@/home/ec2-user/data/topics/2127 376
@/home/ec2-user/data/topics/4192 377
@/home/ec2-user/data/topics/4490 378
@/home/ec2-user/data/topics/1116 379
@/home/ec2-user/data/topics/4281 380
@/home/ec2-user/data/topics/1852 381
@/home/ec2-user/data/topics/4258 382
@/home/ec2-user/data/topics/3956 383
@/home/ec2-user/data/topics/3897 384
@/home/ec2-user/data/topics/1595 385
@/home/ec2-user/data/topics/1078 386
@/home/ec2-user/data/topics/4533 387
@/home/ec2-user/data/topics/4808 388
@/home/ec2-user/data/topics/1948 389
@/home/ec2-user/data/topics/4718 390
@/home/ec2-user/data/topics/4824 391
@/home/ec2-user/data/topics/4750 392
@/home/ec2-user/data/topics/4371 393
@/home/ec2-user/data/topics/2088 394
@/home/ec2-user/data/topics/4359 395
@/home/ec2-user/data/topics/4300 396
@/home/ec2-user/data/topics/4310 397
@/home/ec2-user/data/topics/4267 398
@/home/ec2-user/data/topics/4343 399
@/home/ec2-user/data/topics/4699 400
@/home/ec2-user/data/topics/4247 401
@/home/ec2-user/data/topics/1624 402
@/home/ec2-user/data/topics/4142 403
@/home/ec2-user/data/topics/4244 404
@/home/ec2-user/data/topics/4272 405
@/home/ec2-user/data/topics/2150 406
@/home/ec2-user/data/topics/1937 407
@/home/ec2-user/data/topics/4549 408
@/home/ec2-user/data/topics/4278 409
@/home/ec2-user/data/topics/2144 410
@/home/ec2-user/data/topics/4288 411
@/home/ec2-user/data/topics/4485 412
@/home/ec2-user/data/topics/1724 413
@/home/ec2-user/data/topics/3995 414
@/home/ec2-user/data/topics/4708 415
@/home/ec2-user/data/topics/4276 416
@/home/ec2-user/data/topics/4338 417
@/home/ec2-user/data/topics/4254 418
松下電器産業株式会社

@/home/ec2-user/data/topics/5024 419
@/home/ec2-user/data/topics/3386 419
@/home/ec2-user/data/topics/4586 420
@/home/ec2-user/data/topics/3619 421
@/home/ec2-user/data/topics/1635 422
@/home/ec2-user/data/topics/3585 423
@/home/ec2-user/data/topics/4707 424
@/home/ec2-user/data/topics/4043 425
@/home/ec2-user/data/topics/3455 426
@/home/ec2-user/data/topics/2056 427
@/home/ec2-user/data/topics/1762 428
@/home/ec2-user/data/topics/1748 429
@/home/ec2-user/data/topics/1525 430
@/home/ec2-user/data/topics/1706 431
@/home/ec2-user/data/topics/4754 432
@/home/ec2-user/data/topics/2080 433
@/home/ec2-user/data/topics/2129 434
@/home/ec2-user/data/topics/1701 435
@/home/ec2-user/data/topics/1339 436
@/home/ec2-user/data/topics/4307 437
@/home/ec2-user/data/topics/1881 438
@/home/ec2-user/data/topics/4264 439
@/home/ec2-user/data/topics/4280 440
@/home/ec2-user/data/topics/1070 441
@/home/ec2-user/data/topics/1955 442
@/home/ec2-user/data/topics/1898 443
@/home/ec2-user/data/topics/3494 444
@/home/ec2-user/data/topics/1158 445
@/home/ec2-user/data/topics/3920 446
@/home/ec2-user/data/topics/1252 447
@/home/ec2-user/data/topics/5028 448
@/home/ec2-user/data/topics/1885 449
@/home/ec2-user/data/topics/3404 450
@/home/ec2-user/data/topics/2156 451
@/home/ec2-user/data/topics/4918 452
@/home/ec2-user/data/topics/4867 453
@/home/ec2-user/data/topics/4382 454
@/home/ec2-user/data/topics/3694 455
@/home/ec2-user/data/topics/4761 456
@/home/ec2-user/data/topics/4667 457
@/home/ec2-user/data/topics/1829 458
@/home/ec2-user/data/topics/4274 459
@/home/ec2-user/data/topics/1633 460
@/home/ec2-user/data/topics/3847 461
@/home/ec2-user/data/topics/4102 462
@/home/ec2-user/data/topics/4577 463
@/home/ec2-user/data/topics/4625 464
@/home/ec2-user/data/topics/3510 465
@/home/ec2-user/data/topics/3704 466
@/home/ec2-user/data/topics/4806 467
@/home/ec2-user/data/topics/3514 468
@/home/ec2-user/data/topics/2170 469
@/home/ec2-user/data/topics/4464 470
@/home/ec2-user/data/topics/4558 471
@/home/ec2-user/data/topics/4385 472
@/home/ec2-user/data/topics/4448 473
@/home/ec2-user/data/topics/1477 474
@/home/ec2-user/data/topics/4157 475
@/home/ec2-user/data/topics/4422 476
@/home/ec2-user/data/topics/4303 477
@/home/ec2-user/data/topics/1157 478
@/home/ec2-user/data/topics/4101 479
@/home/ec2-user/data/topics/4945 480
@/home/ec2-user/data/topics/3658 481
@/home/ec2-user/data/topics/4215 482
@/home/ec2-user/data/topics/4139 483
@/home/ec2-user/data/topics/4355 484
@/home/ec2-user/data/topics/3761 485
@/home/ec2-user/data/topics/3807 486
@/home/ec2-user/data/topics/3739 487
@/home/ec2-user/data/topics/1812 488
@/home/ec2-user/data/topics/4787 489
@/home/ec2-user/data/topics/3402 490
@/home/ec2-user/data/topics/4502 491
@/home/ec2-user/data/topics/4599 492
@/home/ec2-user/data/topics/4160 493
@/home/ec2-user/data/topics/3721 494
@/home/ec2-user/data/topics/4936 495
@/home/ec2-user/data/topics/4503 496
@/home/ec2-user/data/topics/3746 497
@/home/ec2-user/data/topics/4394 498
@/home/ec2-user/data/topics/4885 499
@/home/ec2-user/data/topics/4961 500
@/home/ec2-user/data/topics/4229 501
@/home/ec2-user/data/topics/3519 502
@/home/ec2-user/data/topics/3719 503
@/home/ec2-user/data/topics/1589 504
@/home/ec2-user/data/topics/1026 505
@/home/ec2-user/data/topics/3558 506
@/home/ec2-user/data/topics/3951 507
@/home/ec2-user/data/topics/4000 508
@/home/ec2-user/data/topics/3960 509
@/home/ec2-user/data/topics/3904 510
@/home/ec2-user/data/topics/4501 511
@/home/ec2-user/data/topics/2222 512
@/home/ec2-user/data/topics/4797 513
@/home/ec2-user/data/topics/1509 514
@/home/ec2-user/data/topics/1257 515
@/home/ec2-user/data/topics/1136 516
@/home/ec2-user/data/topics/3692 517
@/home/ec2-user/data/topics/4917 518
@/home/ec2-user/data/topics/4193 519
@/home/ec2-user/data/topics/1540 520
@/home/ec2-user/data/topics/4126 521
@/home/ec2-user/data/topics/4180 522
@/home/ec2-user/data/topics/4968 523
@/home/ec2-user/data/topics/4804 524
@/home/ec2-user/data/topics/4098 525
@/home/ec2-user/data/topics/3680 526
@/home/ec2-user/data/topics/3676 527
@/home/ec2-user/data/topics/1516 528
@/home/ec2-user/data/topics/4817 529
@/home/ec2-user/data/topics/4159 530
@/home/ec2-user/data/topics/4676 531
@/home/ec2-user/data/topics/1705 532
@/home/ec2-user/data/topics/2029 533
@/home/ec2-user/data/topics/1179 534
@/home/ec2-user/data/topics/3979 535
@/home/ec2-user/data/topics/4491 536
@/home/ec2-user/data/topics/4798 537
@/home/ec2-user/data/topics/4475 538
@/home/ec2-user/data/topics/4574 539
@/home/ec2-user/data/topics/4459 540
セイコーインスツルメンツ株式会社

@/home/ec2-user/data/topics/3825 541
@/home/ec2-user/data/topics/1707 541
@/home/ec2-user/data/topics/4036 542
@/home/ec2-user/data/topics/4190 543
@/home/ec2-user/data/topics/4997 544
@/home/ec2-user/data/topics/4203 545
@/home/ec2-user/data/topics/3626 546
@/home/ec2-user/data/topics/4088 547
@/home/ec2-user/data/topics/4151 548
ミノルタ株式会社

@/home/ec2-user/data/topics/4321 549
@/home/ec2-user/data/topics/2190 549
@/home/ec2-user/data/topics/1152 550
@/home/ec2-user/data/topics/4984 551
@/home/ec2-user/data/topics/4977 552
@/home/ec2-user/data/topics/3810 553
@/home/ec2-user/data/topics/4986 554
@/home/ec2-user/data/topics/3545 555
@/home/ec2-user/data/topics/4951 556
@/home/ec2-user/data/topics/4971 557
@/home/ec2-user/data/topics/3584 558
@/home/ec2-user/data/topics/4970 559
株式会社リコー

@/home/ec2-user/data/topics/1663 560
@/home/ec2-user/data/topics/1106 560
@/home/ec2-user/data/topics/3484 561
@/home/ec2-user/data/topics/3775 562
@/home/ec2-user/data/topics/3394 563
@/home/ec2-user/data/topics/4879 564
@/home/ec2-user/data/topics/1780 565
@/home/ec2-user/data/topics/4616 566
@/home/ec2-user/data/topics/1514 567
@/home/ec2-user/data/topics/1225 568
@/home/ec2-user/data/topics/1740 569
@/home/ec2-user/data/topics/3523 570
@/home/ec2-user/data/topics/3378 571
@/home/ec2-user/data/topics/1083 572
@/home/ec2-user/data/topics/3837 573
@/home/ec2-user/data/topics/2043 574
@/home/ec2-user/data/topics/1670 575
@/home/ec2-user/data/topics/3474 576
@/home/ec2-user/data/topics/1776 577
@/home/ec2-user/data/topics/3446 578
@/home/ec2-user/data/topics/3759 579
@/home/ec2-user/data/topics/1774 580
@/home/ec2-user/data/topics/4344 581
@/home/ec2-user/data/topics/2182 582
@/home/ec2-user/data/topics/2189 583
@/home/ec2-user/data/topics/1610 584
@/home/ec2-user/data/topics/3711 585
@/home/ec2-user/data/topics/3633 586
@/home/ec2-user/data/topics/1668 587
@/home/ec2-user/data/topics/3548 588
@/home/ec2-user/data/topics/3880 589
@/home/ec2-user/data/topics/1974 590
@/home/ec2-user/data/topics/3669 591
@/home/ec2-user/data/topics/1878 592
@/home/ec2-user/data/topics/3713 593
@/home/ec2-user/data/topics/1593 594
@/home/ec2-user/data/topics/2200 595
@/home/ec2-user/data/topics/1806 596
@/home/ec2-user/data/topics/3495 597
@/home/ec2-user/data/topics/2219 598
@/home/ec2-user/data/topics/2006 599
@/home/ec2-user/data/topics/3555 600
@/home/ec2-user/data/topics/2090 601
@/home/ec2-user/data/topics/1627 602
@/home/ec2-user/data/topics/3411 603
@/home/ec2-user/data/topics/3424 604
@/home/ec2-user/data/topics/1190 605
@/home/ec2-user/data/topics/2201 606
@/home/ec2-user/data/topics/3687 607
@/home/ec2-user/data/topics/1436 608
@/home/ec2-user/data/topics/1976 609
@/home/ec2-user/data/topics/1095 610
@/home/ec2-user/data/topics/1064 611
@/home/ec2-user/data/topics/4265 612
@/home/ec2-user/data/topics/4781 613
@/home/ec2-user/data/topics/3750 614
@/home/ec2-user/data/topics/3436 615
@/home/ec2-user/data/topics/3530 616
@/home/ec2-user/data/topics/1691 617
@/home/ec2-user/data/topics/3472 618
@/home/ec2-user/data/topics/1433 619
@/home/ec2-user/data/topics/1282 620
@/home/ec2-user/data/topics/1669 621
@/home/ec2-user/data/topics/4037 622
@/home/ec2-user/data/topics/1775 623
@/home/ec2-user/data/topics/1478 624
@/home/ec2-user/data/topics/1482 625
@/home/ec2-user/data/topics/1755 626
@/home/ec2-user/data/topics/3574 627
@/home/ec2-user/data/topics/3557 628
@/home/ec2-user/data/topics/1718 629
独立行政法人産業技術総合研究所

@/home/ec2-user/data/topics/4800 630
@/home/ec2-user/data/topics/1356 630
@/home/ec2-user/data/topics/4740 631
@/home/ec2-user/data/topics/4869 632
@/home/ec2-user/data/topics/4739 633
@/home/ec2-user/data/topics/4777 634
ソニー株式会社

@/home/ec2-user/data/topics/1967 635
@/home/ec2-user/data/topics/2048 635
@/home/ec2-user/data/topics/1926 636
@/home/ec2-user/data/topics/1414 637
@/home/ec2-user/data/topics/2105 638
@/home/ec2-user/data/topics/1912 639
@/home/ec2-user/data/topics/1435 640
@/home/ec2-user/data/topics/2052 641
@/home/ec2-user/data/topics/5027 642
@/home/ec2-user/data/topics/1059 643
@/home/ec2-user/data/topics/1884 644
@/home/ec2-user/data/topics/1426 645
@/home/ec2-user/data/topics/3872 646
@/home/ec2-user/data/topics/1892 647
@/home/ec2-user/data/topics/1380 648
@/home/ec2-user/data/topics/1218 649
@/home/ec2-user/data/topics/1602 650
@/home/ec2-user/data/topics/3924 651
@/home/ec2-user/data/topics/3401 652
@/home/ec2-user/data/topics/1298 653
@/home/ec2-user/data/topics/1102 654
@/home/ec2-user/data/topics/2075 655
@/home/ec2-user/data/topics/1233 656
@/home/ec2-user/data/topics/4184 657
@/home/ec2-user/data/topics/1873 658
@/home/ec2-user/data/topics/1686 659
@/home/ec2-user/data/topics/3955 660
@/home/ec2-user/data/topics/4219 661
@/home/ec2-user/data/topics/1471 662
@/home/ec2-user/data/topics/1749 663
@/home/ec2-user/data/topics/3392 664
@/home/ec2-user/data/topics/1147 665
@/home/ec2-user/data/topics/1679 666
@/home/ec2-user/data/topics/4224 667
@/home/ec2-user/data/topics/1491 668
@/home/ec2-user/data/topics/1397 669
@/home/ec2-user/data/topics/3456 670
@/home/ec2-user/data/topics/3975 671
@/home/ec2-user/data/topics/4351 672
@/home/ec2-user/data/topics/2059 673
@/home/ec2-user/data/topics/2037 674
@/home/ec2-user/data/topics/2094 675
@/home/ec2-user/data/topics/1291 676
@/home/ec2-user/data/topics/2058 677
@/home/ec2-user/data/topics/1954 678
@/home/ec2-user/data/topics/1778 679
@/home/ec2-user/data/topics/1836 680
富士ゼロックス株式会社

@/home/ec2-user/data/topics/1560 681
@/home/ec2-user/data/topics/3782 681
@/home/ec2-user/data/topics/3662 682
@/home/ec2-user/data/topics/3640 683
@/home/ec2-user/data/topics/3407 684
@/home/ec2-user/data/topics/3564 685
@/home/ec2-user/data/topics/3695 686
@/home/ec2-user/data/topics/3661 687
@/home/ec2-user/data/topics/4108 688
@/home/ec2-user/data/topics/3383 689
@/home/ec2-user/data/topics/3473 690
@/home/ec2-user/data/topics/3790 691
@/home/ec2-user/data/topics/3366 692
@/home/ec2-user/data/topics/1947 693
@/home/ec2-user/data/topics/5031 694
住友金属工業株式会社

@/home/ec2-user/data/topics/4733 695
@/home/ec2-user/data/topics/3826 695
@/home/ec2-user/data/topics/4991 696
@/home/ec2-user/data/topics/4295 697
@/home/ec2-user/data/topics/4534 698
@/home/ec2-user/data/topics/4661 699
@/home/ec2-user/data/topics/4182 700
@/home/ec2-user/data/topics/4322 701
@/home/ec2-user/data/topics/3577 702
@/home/ec2-user/data/topics/3655 703
@/home/ec2-user/data/topics/4021 704
@/home/ec2-user/data/topics/1268 705
日立電線株式会社

@/home/ec2-user/data/topics/1027 706
@/home/ec2-user/data/topics/3930 706
@/home/ec2-user/data/topics/4356 707
@/home/ec2-user/data/topics/1117 708
@/home/ec2-user/data/topics/4329 709
@/home/ec2-user/data/topics/4357 710
@/home/ec2-user/data/topics/1305 711
@/home/ec2-user/data/topics/1388 712
@/home/ec2-user/data/topics/3756 713
キヤノン株式会社

@/home/ec2-user/data/topics/3722 714
@/home/ec2-user/data/topics/1745 714
@/home/ec2-user/data/topics/1455 715
@/home/ec2-user/data/topics/3720 716
@/home/ec2-user/data/topics/1895 717
@/home/ec2-user/data/topics/1438 718
@/home/ec2-user/data/topics/1889 719
@/home/ec2-user/data/topics/3420 720
@/home/ec2-user/data/topics/4610 721
@/home/ec2-user/data/topics/4363 722
@/home/ec2-user/data/topics/2231 723
@/home/ec2-user/data/topics/2053 724
@/home/ec2-user/data/topics/3755 725
@/home/ec2-user/data/topics/1124 726
@/home/ec2-user/data/topics/3454 727
@/home/ec2-user/data/topics/3410 728
@/home/ec2-user/data/topics/1539 729
@/home/ec2-user/data/topics/3996 730
@/home/ec2-user/data/topics/1216 731
@/home/ec2-user/data/topics/3852 732
@/home/ec2-user/data/topics/1866 733
@/home/ec2-user/data/topics/4054 734
@/home/ec2-user/data/topics/3374 735
@/home/ec2-user/data/topics/3843 736
@/home/ec2-user/data/topics/1519 737
@/home/ec2-user/data/topics/3430 738
@/home/ec2-user/data/topics/4520 739
@/home/ec2-user/data/topics/2145 740
@/home/ec2-user/data/topics/1590 741
@/home/ec2-user/data/topics/1118 742
@/home/ec2-user/data/topics/2004 743
@/home/ec2-user/data/topics/3434 744
@/home/ec2-user/data/topics/1646 745
@/home/ec2-user/data/topics/3445 746
@/home/ec2-user/data/topics/4937 747
@/home/ec2-user/data/topics/2243 748
@/home/ec2-user/data/topics/3958 749
@/home/ec2-user/data/topics/3438 750
@/home/ec2-user/data/topics/3628 751
@/home/ec2-user/data/topics/1848 752
@/home/ec2-user/data/topics/2117 753
@/home/ec2-user/data/topics/1847 754
@/home/ec2-user/data/topics/3376 755
@/home/ec2-user/data/topics/3949 756
@/home/ec2-user/data/topics/4068 757
@/home/ec2-user/data/topics/3416 758
@/home/ec2-user/data/topics/2107 759
@/home/ec2-user/data/topics/4521 760
@/home/ec2-user/data/topics/1802 761
@/home/ec2-user/data/topics/4020 762
@/home/ec2-user/data/topics/4628 763
@/home/ec2-user/data/topics/4947 764
@/home/ec2-user/data/topics/1631 765
@/home/ec2-user/data/topics/1228 766
@/home/ec2-user/data/topics/3441 767
@/home/ec2-user/data/topics/1790 768
@/home/ec2-user/data/topics/3642 769
@/home/ec2-user/data/topics/1208 770
@/home/ec2-user/data/topics/4350 771
@/home/ec2-user/data/topics/3967 772
@/home/ec2-user/data/topics/3417 773
@/home/ec2-user/data/topics/1080 774
@/home/ec2-user/data/topics/3660 775
@/home/ec2-user/data/topics/1975 776
@/home/ec2-user/data/topics/1568 777
@/home/ec2-user/data/topics/1961 778
@/home/ec2-user/data/topics/1513 779
@/home/ec2-user/data/topics/4948 780
@/home/ec2-user/data/topics/3737 781
@/home/ec2-user/data/topics/3656 782
@/home/ec2-user/data/topics/1744 783
@/home/ec2-user/data/topics/3415 784
@/home/ec2-user/data/topics/3730 785
三洋電機株式会社

@/home/ec2-user/data/topics/3953 786
@/home/ec2-user/data/topics/4150 786
@/home/ec2-user/data/topics/4061 787
@/home/ec2-user/data/topics/4763 788
@/home/ec2-user/data/topics/4837 789
@/home/ec2-user/data/topics/1079 790
@/home/ec2-user/data/topics/4654 791
@/home/ec2-user/data/topics/4983 792
@/home/ec2-user/data/topics/3986 793
@/home/ec2-user/data/topics/1722 794
@/home/ec2-user/data/topics/3817 795
@/home/ec2-user/data/topics/4527 796
@/home/ec2-user/data/topics/3906 797
@/home/ec2-user/data/topics/4726 798
@/home/ec2-user/data/topics/3859 799
@/home/ec2-user/data/topics/1488 800
@/home/ec2-user/data/topics/4212 801
@/home/ec2-user/data/topics/1386 802
@/home/ec2-user/data/topics/2230 803
@/home/ec2-user/data/topics/1653 804
@/home/ec2-user/data/topics/4304 805
@/home/ec2-user/data/topics/5011 806
@/home/ec2-user/data/topics/1652 807
@/home/ec2-user/data/topics/4679 808
@/home/ec2-user/data/topics/4039 809
@/home/ec2-user/data/topics/4099 810
@/home/ec2-user/data/topics/2194 811
@/home/ec2-user/data/topics/4474 812
@/home/ec2-user/data/topics/4015 813
@/home/ec2-user/data/topics/3845 814
@/home/ec2-user/data/topics/4179 815
@/home/ec2-user/data/topics/3403 816
@/home/ec2-user/data/topics/1321 817
@/home/ec2-user/data/topics/4060 818
@/home/ec2-user/data/topics/4492 819
@/home/ec2-user/data/topics/3754 820
@/home/ec2-user/data/topics/4384 821
@/home/ec2-user/data/topics/4978 822
@/home/ec2-user/data/topics/3492 823
@/home/ec2-user/data/topics/1289 824
@/home/ec2-user/data/topics/4178 825
@/home/ec2-user/data/topics/4960 826
@/home/ec2-user/data/topics/4301 827
@/home/ec2-user/data/topics/1671 828
@/home/ec2-user/data/topics/3808 829
@/home/ec2-user/data/topics/2054 830
@/home/ec2-user/data/topics/4376 831
@/home/ec2-user/data/topics/2071 832
@/home/ec2-user/data/topics/3539 833
@/home/ec2-user/data/topics/4066 834
@/home/ec2-user/data/topics/3974 835
@/home/ec2-user/data/topics/3708 836
@/home/ec2-user/data/topics/3681 837
@/home/ec2-user/data/topics/1246 838
@/home/ec2-user/data/topics/1980 839
@/home/ec2-user/data/topics/3889 840
@/home/ec2-user/data/topics/1515 841
@/home/ec2-user/data/topics/3926 842
@/home/ec2-user/data/topics/2063 843
@/home/ec2-user/data/topics/4604 844
@/home/ec2-user/data/topics/3398 845
@/home/ec2-user/data/topics/1451 846
@/home/ec2-user/data/topics/3491 847
@/home/ec2-user/data/topics/2014 848
@/home/ec2-user/data/topics/4720 849
@/home/ec2-user/data/topics/1163 850
@/home/ec2-user/data/topics/5002 851
@/home/ec2-user/data/topics/4788 852
@/home/ec2-user/data/topics/4001 853
@/home/ec2-user/data/topics/3804 854
@/home/ec2-user/data/topics/3625 855
@/home/ec2-user/data/topics/4612 856
@/home/ec2-user/data/topics/3781 857
@/home/ec2-user/data/topics/2098 858
@/home/ec2-user/data/topics/4571 859
@/home/ec2-user/data/topics/3830 860
@/home/ec2-user/data/topics/4328 861
@/home/ec2-user/data/topics/3581 862
@/home/ec2-user/data/topics/1479 863
三菱電機株式会社

@/home/ec2-user/data/topics/4076 864
@/home/ec2-user/data/topics/4133 864
@/home/ec2-user/data/topics/4149 865
@/home/ec2-user/data/topics/4514 866
@/home/ec2-user/data/topics/1536 867
@/home/ec2-user/data/topics/3466 868
@/home/ec2-user/data/topics/3465 869
@/home/ec2-user/data/topics/3609 870
@/home/ec2-user/data/topics/4220 871
@/home/ec2-user/data/topics/4282 872
@/home/ec2-user/data/topics/3963 873
@/home/ec2-user/data/topics/1110 874
@/home/ec2-user/data/topics/3841 875
@/home/ec2-user/data/topics/4181 876
@/home/ec2-user/data/topics/3490 877
@/home/ec2-user/data/topics/3921 878
@/home/ec2-user/data/topics/4518 879
@/home/ec2-user/data/topics/4047 880
@/home/ec2-user/data/topics/3873 881
@/home/ec2-user/data/topics/1738 882
@/home/ec2-user/data/topics/3856 883
@/home/ec2-user/data/topics/1220 884
@/home/ec2-user/data/topics/3469 885
@/home/ec2-user/data/topics/3409 886
@/home/ec2-user/data/topics/3666 887
@/home/ec2-user/data/topics/4834 888
@/home/ec2-user/data/topics/5033 889
@/home/ec2-user/data/topics/3397 890
@/home/ec2-user/data/topics/3453 891
@/home/ec2-user/data/topics/1872 892
@/home/ec2-user/data/topics/4663 893
@/home/ec2-user/data/topics/3592 894
@/home/ec2-user/data/topics/3493 895
@/home/ec2-user/data/topics/4041 896
@/home/ec2-user/data/topics/3800 897
@/home/ec2-user/data/topics/3820 898
@/home/ec2-user/data/topics/4980 899
@/home/ec2-user/data/topics/3506 900
@/home/ec2-user/data/topics/4221 901
@/home/ec2-user/data/topics/4880 902
@/home/ec2-user/data/topics/3616 903
@/home/ec2-user/data/topics/3774 904
@/home/ec2-user/data/topics/5032 905
@/home/ec2-user/data/topics/3612 906
@/home/ec2-user/data/topics/3595 907
@/home/ec2-user/data/topics/2146 908
@/home/ec2-user/data/topics/4552 909
@/home/ec2-user/data/topics/1792 910
@/home/ec2-user/data/topics/4305 911
@/home/ec2-user/data/topics/4233 912
@/home/ec2-user/data/topics/4562 913
@/home/ec2-user/data/topics/3747 914
@/home/ec2-user/data/topics/3451 915
@/home/ec2-user/data/topics/3412 916
@/home/ec2-user/data/topics/4419 917
@/home/ec2-user/data/topics/1754 918
@/home/ec2-user/data/topics/4614 919
@/home/ec2-user/data/topics/4235 920
住友ゴム工業株式会社

@/home/ec2-user/data/topics/1114 921
@/home/ec2-user/data/topics/1758 921
@/home/ec2-user/data/topics/4597 922
@/home/ec2-user/data/topics/4406 923
@/home/ec2-user/data/topics/4048 924
@/home/ec2-user/data/topics/4568 925
@/home/ec2-user/data/topics/2007 926
セイコーエプソン株式会社

@/home/ec2-user/data/topics/3589 927
@/home/ec2-user/data/topics/1423 927
@/home/ec2-user/data/topics/3361 928
@/home/ec2-user/data/topics/2078 929
@/home/ec2-user/data/topics/1484 930
@/home/ec2-user/data/topics/4719 931
@/home/ec2-user/data/topics/4585 932
@/home/ec2-user/data/topics/3476 933
@/home/ec2-user/data/topics/1343 934
@/home/ec2-user/data/topics/2165 935
@/home/ec2-user/data/topics/4802 936
@/home/ec2-user/data/topics/4801 937
@/home/ec2-user/data/topics/3819 938
@/home/ec2-user/data/topics/4109 939
@/home/ec2-user/data/topics/3505 940
@/home/ec2-user/data/topics/4454 941
@/home/ec2-user/data/topics/1378 942
@/home/ec2-user/data/topics/3887 943
@/home/ec2-user/data/topics/1890 944
@/home/ec2-user/data/topics/1938 945
@/home/ec2-user/data/topics/4022 946
@/home/ec2-user/data/topics/3910 947
@/home/ec2-user/data/topics/4605 948
@/home/ec2-user/data/topics/3985 949
@/home/ec2-user/data/topics/1641 950
@/home/ec2-user/data/topics/4386 951
株式会社三共

@/home/ec2-user/data/topics/1648 952
@/home/ec2-user/data/topics/1665 952
@/home/ec2-user/data/topics/1189 953
@/home/ec2-user/data/topics/1086 954
@/home/ec2-user/data/topics/2123 955
@/home/ec2-user/data/topics/4374 956
@/home/ec2-user/data/topics/1377 957
@/home/ec2-user/data/topics/4868 958
@/home/ec2-user/data/topics/2060 959
沖電気工業株式会社

@/home/ec2-user/data/topics/4693 960
@/home/ec2-user/data/topics/4308 960
@/home/ec2-user/data/topics/3571 961
@/home/ec2-user/data/topics/3621 962
@/home/ec2-user/data/topics/4299 963
@/home/ec2-user/data/topics/3457 964
@/home/ec2-user/data/topics/3690 965
@/home/ec2-user/data/topics/3764 966
@/home/ec2-user/data/topics/3433 967
@/home/ec2-user/data/topics/1531 968
@/home/ec2-user/data/topics/4575 969
@/home/ec2-user/data/topics/3964 970
@/home/ec2-user/data/topics/3395 971
@/home/ec2-user/data/topics/1188 972
株式会社三星

@/home/ec2-user/data/topics/3942 973
@/home/ec2-user/data/topics/1733 973
@/home/ec2-user/data/topics/1260 974
@/home/ec2-user/data/topics/1728 975
@/home/ec2-user/data/topics/2108 976
@/home/ec2-user/data/topics/2198 977
日本ビクター株式会社

@/home/ec2-user/data/topics/1823 978
@/home/ec2-user/data/topics/1389 978
@/home/ec2-user/data/topics/1520 979
@/home/ec2-user/data/topics/4123 980
@/home/ec2-user/data/topics/3620 981
@/home/ec2-user/data/topics/1440 982
@/home/ec2-user/data/topics/3939 983
@/home/ec2-user/data/topics/4056 984
@/home/ec2-user/data/topics/3603 985
@/home/ec2-user/data/topics/3882 986
@/home/ec2-user/data/topics/4672 987
花王株式会社

@/home/ec2-user/data/topics/1767 988
@/home/ec2-user/data/topics/3753 988
@/home/ec2-user/data/topics/4211 989
@/home/ec2-user/data/topics/1196 990
@/home/ec2-user/data/topics/4287 991
@/home/ec2-user/data/topics/3812 992
@/home/ec2-user/data/topics/1022 993
@/home/ec2-user/data/topics/4827 994
@/home/ec2-user/data/topics/2214 995
@/home/ec2-user/data/topics/4249 996
@/home/ec2-user/data/topics/4445 997
@/home/ec2-user/data/topics/3999 998
@/home/ec2-user/data/topics/3884 999
三田工業株式会社

@/home/ec2-user/data/topics/2155 1000
@/home/ec2-user/data/topics/1033 1000
@/home/ec2-user/data/topics/1766 1001
@/home/ec2-user/data/topics/1269 1002
@/home/ec2-user/data/topics/3923 1003
@/home/ec2-user/data/topics/3842 1004
@/home/ec2-user/data/topics/3604 1005
@/home/ec2-user/data/topics/1034 1006
@/home/ec2-user/data/topics/2136 1007
豊丸産業株式会社

@/home/ec2-user/data/topics/1138 1008
@/home/ec2-user/data/topics/1401 1008
@/home/ec2-user/data/topics/1726 1009
@/home/ec2-user/data/topics/1914 1010
@/home/ec2-user/data/topics/1353 1011
@/home/ec2-user/data/topics/1097 1012
@/home/ec2-user/data/topics/2169 1013
@/home/ec2-user/data/topics/1126 1014
@/home/ec2-user/data/topics/1284 1015
@/home/ec2-user/data/topics/1677 1016
@/home/ec2-user/data/topics/3672 1017
@/home/ec2-user/data/topics/4847 1018
@/home/ec2-user/data/topics/1713 1019
@/home/ec2-user/data/topics/1588 1020
@/home/ec2-user/data/topics/2011 1021
鐘紡株式会社

@/home/ec2-user/data/topics/1870 1022
@/home/ec2-user/data/topics/1367 1022
@/home/ec2-user/data/topics/3560 1023
@/home/ec2-user/data/topics/1901 1024
@/home/ec2-user/data/topics/3551 1025
@/home/ec2-user/data/topics/1178 1026
@/home/ec2-user/data/topics/4195 1027
@/home/ec2-user/data/topics/1054 1028
@/home/ec2-user/data/topics/3634 1029
@/home/ec2-user/data/topics/1842 1030
@/home/ec2-user/data/topics/2034 1031
@/home/ec2-user/data/topics/3566 1032
@/home/ec2-user/data/topics/1304 1033
@/home/ec2-user/data/topics/2223 1034
@/home/ec2-user/data/topics/1886 1035
@/home/ec2-user/data/topics/2185 1036
株式会社デンソー

@/home/ec2-user/data/topics/4622 1037
@/home/ec2-user/data/topics/3710 1037
@/home/ec2-user/data/topics/3406 1038
@/home/ec2-user/data/topics/1028 1039
@/home/ec2-user/data/topics/4046 1040
@/home/ec2-user/data/topics/4805 1041
@/home/ec2-user/data/topics/3480 1042
@/home/ec2-user/data/topics/4164 1043
@/home/ec2-user/data/topics/1855 1044
@/home/ec2-user/data/topics/4840 1045
@/home/ec2-user/data/topics/4498 1046
@/home/ec2-user/data/topics/4675 1047
@/home/ec2-user/data/topics/4024 1048
@/home/ec2-user/data/topics/4423 1049
@/home/ec2-user/data/topics/4656 1050
@/home/ec2-user/data/topics/4483 1051
@/home/ec2-user/data/topics/3421 1052
富士写真フイルム株式会社

@/home/ec2-user/data/topics/1603 1053
@/home/ec2-user/data/topics/3447 1053
@/home/ec2-user/data/topics/3857 1054
@/home/ec2-user/data/topics/3354 1055
@/home/ec2-user/data/topics/3911 1056
@/home/ec2-user/data/topics/1244 1057
@/home/ec2-user/data/topics/2134 1058
@/home/ec2-user/data/topics/1662 1059
@/home/ec2-user/data/topics/1570 1060
@/home/ec2-user/data/topics/4962 1061
@/home/ec2-user/data/topics/3918 1062
京セラ株式会社

@/home/ec2-user/data/topics/4901 1063
@/home/ec2-user/data/topics/3869 1063
@/home/ec2-user/data/topics/4340 1064
@/home/ec2-user/data/topics/1913 1065
@/home/ec2-user/data/topics/4513 1066
@/home/ec2-user/data/topics/4031 1067
@/home/ec2-user/data/topics/3615 1068
@/home/ec2-user/data/topics/3741 1069
@/home/ec2-user/data/topics/1485 1070
@/home/ec2-user/data/topics/3593 1071
@/home/ec2-user/data/topics/1741 1072
@/home/ec2-user/data/topics/1708 1073
イビデン株式会社

@/home/ec2-user/data/topics/1952 1074
@/home/ec2-user/data/topics/1315 1074
@/home/ec2-user/data/topics/1682 1075
@/home/ec2-user/data/topics/1336 1076
@/home/ec2-user/data/topics/2033 1077
@/home/ec2-user/data/topics/3814 1078
@/home/ec2-user/data/topics/1770 1079
株式会社東芝

@/home/ec2-user/data/topics/3734 1080
@/home/ec2-user/data/topics/4292 1080
@/home/ec2-user/data/topics/1090 1081
@/home/ec2-user/data/topics/3881 1082
@/home/ec2-user/data/topics/3689 1083
@/home/ec2-user/data/topics/4631 1084
@/home/ec2-user/data/topics/4751 1085
@/home/ec2-user/data/topics/4057 1086
@/home/ec2-user/data/topics/3732 1087
@/home/ec2-user/data/topics/3780 1088
@/home/ec2-user/data/topics/1205 1089
@/home/ec2-user/data/topics/3380 1090
@/home/ec2-user/data/topics/4623 1091
@/home/ec2-user/data/topics/3352 1092
@/home/ec2-user/data/topics/4881 1093
@/home/ec2-user/data/topics/1132 1094
@/home/ec2-user/data/topics/3890 1095
@/home/ec2-user/data/topics/3716 1096
@/home/ec2-user/data/topics/3688 1097
@/home/ec2-user/data/topics/3834 1098
@/home/ec2-user/data/topics/3598 1099
@/home/ec2-user/data/topics/1756 1100
@/home/ec2-user/data/topics/2241 1101
@/home/ec2-user/data/topics/4863 1102
@/home/ec2-user/data/topics/4361 1103
@/home/ec2-user/data/topics/3542 1104
@/home/ec2-user/data/topics/3618 1105
@/home/ec2-user/data/topics/4935 1106
@/home/ec2-user/data/topics/4842 1107
@/home/ec2-user/data/topics/1819 1108
@/home/ec2-user/data/topics/4165 1109
@/home/ec2-user/data/topics/3988 1110
@/home/ec2-user/data/topics/3851 1111
@/home/ec2-user/data/topics/1997 1112
@/home/ec2-user/data/topics/4594 1113
@/home/ec2-user/data/topics/3351 1114
@/home/ec2-user/data/topics/4566 1115
@/home/ec2-user/data/topics/4140 1116
@/home/ec2-user/data/topics/4912 1117
@/home/ec2-user/data/topics/3683 1118
@/home/ec2-user/data/topics/1332 1119
@/home/ec2-user/data/topics/3363 1120
@/home/ec2-user/data/topics/3990 1121
@/home/ec2-user/data/topics/1757 1122
@/home/ec2-user/data/topics/3360 1123
@/home/ec2-user/data/topics/1585 1124
@/home/ec2-user/data/topics/4302 1125
@/home/ec2-user/data/topics/4336 1126
@/home/ec2-user/data/topics/3795 1127
@/home/ec2-user/data/topics/4755 1128
@/home/ec2-user/data/topics/4197 1129
@/home/ec2-user/data/topics/4096 1130
@/home/ec2-user/data/topics/4183 1131
@/home/ec2-user/data/topics/4172 1132
@/home/ec2-user/data/topics/4381 1133
@/home/ec2-user/data/topics/4509 1134
@/home/ec2-user/data/topics/3462 1135
@/home/ec2-user/data/topics/4089 1136
@/home/ec2-user/data/topics/4535 1137
@/home/ec2-user/data/topics/4009 1138
@/home/ec2-user/data/topics/3948 1139
ヤマハ株式会社

@/home/ec2-user/data/topics/4145 1140
@/home/ec2-user/data/topics/4919 1140
@/home/ec2-user/data/topics/4084 1141
@/home/ec2-user/data/topics/1720 1142
@/home/ec2-user/data/topics/4045 1143
@/home/ec2-user/data/topics/3972 1144
@/home/ec2-user/data/topics/1911 1145
@/home/ec2-user/data/topics/4954 1146
@/home/ec2-user/data/topics/4010 1147
@/home/ec2-user/data/topics/1676 1148
@/home/ec2-user/data/topics/4125 1149
@/home/ec2-user/data/topics/1443 1150
@/home/ec2-user/data/topics/4177 1151
東洋紡績株式会社

@/home/ec2-user/data/topics/1613 1152
@/home/ec2-user/data/topics/4366 1152
@/home/ec2-user/data/topics/4362 1153
@/home/ec2-user/data/topics/4284 1154
@/home/ec2-user/data/topics/1029 1155
@/home/ec2-user/data/topics/3769 1156
三菱化学株式会社

@/home/ec2-user/data/topics/1197 1157
@/home/ec2-user/data/topics/3458 1157
@/home/ec2-user/data/topics/3638 1158
@/home/ec2-user/data/topics/1902 1159
@/home/ec2-user/data/topics/3513 1160
@/home/ec2-user/data/topics/1699 1161
カシオ計算機株式会社

@/home/ec2-user/data/topics/1235 1162
@/home/ec2-user/data/topics/3391 1162
@/home/ec2-user/data/topics/2237 1163
@/home/ec2-user/data/topics/1368 1164
@/home/ec2-user/data/topics/1047 1165
@/home/ec2-user/data/topics/1794 1166
@/home/ec2-user/data/topics/1535 1167
@/home/ec2-user/data/topics/2180 1168
コナミ株式会社

@/home/ec2-user/data/topics/1672 1169
@/home/ec2-user/data/topics/4602 1169
@/home/ec2-user/data/topics/1302 1170
@/home/ec2-user/data/topics/2151 1171
@/home/ec2-user/data/topics/5015 1172
@/home/ec2-user/data/topics/2100 1173
@/home/ec2-user/data/topics/1621 1174
@/home/ec2-user/data/topics/4681 1175
大日本スクリーン製造株式会社

@/home/ec2-user/data/topics/3742 1176
@/home/ec2-user/data/topics/2172 1176
@/home/ec2-user/data/topics/1130 1177
@/home/ec2-user/data/topics/1779 1178
@/home/ec2-user/data/topics/2209 1179
@/home/ec2-user/data/topics/1608 1180
@/home/ec2-user/data/topics/1173 1181
オムロン株式会社

@/home/ec2-user/data/topics/3700 1182
@/home/ec2-user/data/topics/1657 1182
@/home/ec2-user/data/topics/4771 1183
@/home/ec2-user/data/topics/3597 1184
@/home/ec2-user/data/topics/1841 1185
@/home/ec2-user/data/topics/2096 1186
@/home/ec2-user/data/topics/1135 1187
@/home/ec2-user/data/topics/3863 1188
@/home/ec2-user/data/topics/1533 1189
@/home/ec2-user/data/topics/1579 1190
@/home/ec2-user/data/topics/3594 1191
@/home/ec2-user/data/topics/1067 1192
@/home/ec2-user/data/topics/1933 1193
@/home/ec2-user/data/topics/3748 1194
@/home/ec2-user/data/topics/1151 1195
株式会社日立製作所

@/home/ec2-user/data/topics/3471 1196
@/home/ec2-user/data/topics/4990 1196
@/home/ec2-user/data/topics/1501 1197
@/home/ec2-user/data/topics/4545 1198
@/home/ec2-user/data/topics/3596 1199
@/home/ec2-user/data/topics/1833 1200
@/home/ec2-user/data/topics/3524 1201
@/home/ec2-user/data/topics/4040 1202
@/home/ec2-user/data/topics/1463 1203
@/home/ec2-user/data/topics/1487 1204
@/home/ec2-user/data/topics/3439 1205
@/home/ec2-user/data/topics/4122 1206
@/home/ec2-user/data/topics/3665 1207
@/home/ec2-user/data/topics/2019 1208
@/home/ec2-user/data/topics/4621 1209
@/home/ec2-user/data/topics/3973 1210
@/home/ec2-user/data/topics/2239 1211
@/home/ec2-user/data/topics/4493 1212
@/home/ec2-user/data/topics/3570 1213
@/home/ec2-user/data/topics/1826 1214
@/home/ec2-user/data/topics/1667 1215
@/home/ec2-user/data/topics/3588 1216
@/home/ec2-user/data/topics/3965 1217
@/home/ec2-user/data/topics/3350 1218
@/home/ec2-user/data/topics/1880 1219
@/home/ec2-user/data/topics/3691 1220
@/home/ec2-user/data/topics/3993 1221
@/home/ec2-user/data/topics/4402 1222
@/home/ec2-user/data/topics/3488 1223
@/home/ec2-user/data/topics/4551 1224
@/home/ec2-user/data/topics/1072 1225
@/home/ec2-user/data/topics/1278 1226
@/home/ec2-user/data/topics/3968 1227
@/home/ec2-user/data/topics/4547 1228
@/home/ec2-user/data/topics/4830 1229
@/home/ec2-user/data/topics/1987 1230
@/home/ec2-user/data/topics/3648 1231
@/home/ec2-user/data/topics/3772 1232
@/home/ec2-user/data/topics/1562 1233
@/home/ec2-user/data/topics/2184 1234
@/home/ec2-user/data/topics/3994 1235
@/home/ec2-user/data/topics/3531 1236
@/home/ec2-user/data/topics/1651 1237
@/home/ec2-user/data/topics/1340 1238
@/home/ec2-user/data/topics/5029 1239
@/home/ec2-user/data/topics/3779 1240
@/home/ec2-user/data/topics/1640 1241
@/home/ec2-user/data/topics/4058 1242
@/home/ec2-user/data/topics/1825 1243
@/home/ec2-user/data/topics/1882 1244
@/home/ec2-user/data/topics/3384 1245
@/home/ec2-user/data/topics/4166 1246
@/home/ec2-user/data/topics/2081 1247
@/home/ec2-user/data/topics/1249 1248
@/home/ec2-user/data/topics/1693 1249
@/home/ec2-user/data/topics/1296 1250
@/home/ec2-user/data/topics/1334 1251
@/home/ec2-user/data/topics/1082 1252
@/home/ec2-user/data/topics/3822 1253
@/home/ec2-user/data/topics/1247 1254
@/home/ec2-user/data/topics/3432 1255
@/home/ec2-user/data/topics/3599 1256
@/home/ec2-user/data/topics/3461 1257
@/home/ec2-user/data/topics/3440 1258
@/home/ec2-user/data/topics/4401 1259
@/home/ec2-user/data/topics/4799 1260
@/home/ec2-user/data/topics/4489 1261
@/home/ec2-user/data/topics/4420 1262
@/home/ec2-user/data/topics/5030 1263
@/home/ec2-user/data/topics/1105 1264
@/home/ec2-user/data/topics/3706 1265
@/home/ec2-user/data/topics/3659 1266
@/home/ec2-user/data/topics/4559 1267
@/home/ec2-user/data/topics/4943 1268
凸版印刷株式会社

@/home/ec2-user/data/topics/1765 1269
@/home/ec2-user/data/topics/3624 1269
@/home/ec2-user/data/topics/4874 1270
@/home/ec2-user/data/topics/3526 1271
@/home/ec2-user/data/topics/1091 1272
@/home/ec2-user/data/topics/3500 1273
@/home/ec2-user/data/topics/1977 1274
株式会社ノーリツ

@/home/ec2-user/data/topics/1618 1275
@/home/ec2-user/data/topics/4206 1275
@/home/ec2-user/data/topics/4776 1276
@/home/ec2-user/data/topics/2116 1277
@/home/ec2-user/data/topics/4354 1278
@/home/ec2-user/data/topics/1760 1279
@/home/ec2-user/data/topics/1290 1280
@/home/ec2-user/data/topics/1598 1281
川崎重工業株式会社

@/home/ec2-user/data/topics/5025 1282
@/home/ec2-user/data/topics/4793 1282
@/home/ec2-user/data/topics/1162 1283
@/home/ec2-user/data/topics/4944 1284
@/home/ec2-user/data/topics/4572 1285
@/home/ec2-user/data/topics/1172 1286
@/home/ec2-user/data/topics/4756 1287
@/home/ec2-user/data/topics/4866 1288
ティーディーケイ株式会社

@/home/ec2-user/data/topics/3798 1289
@/home/ec2-user/data/topics/1409 1289
@/home/ec2-user/data/topics/2210 1290
@/home/ec2-user/data/topics/3792 1291
@/home/ec2-user/data/topics/3909 1292
@/home/ec2-user/data/topics/1510 1293
@/home/ec2-user/data/topics/2202 1294
@/home/ec2-user/data/topics/4619 1295
@/home/ec2-user/data/topics/1129 1296
京セラミタ株式会社

@/home/ec2-user/data/topics/1930 1297
@/home/ec2-user/data/topics/4973 1297
@/home/ec2-user/data/topics/4985 1298
@/home/ec2-user/data/topics/4174 1299
@/home/ec2-user/data/topics/2141 1300
@/home/ec2-user/data/topics/4564 1301
@/home/ec2-user/data/topics/1032 1302
株式会社クボタ

@/home/ec2-user/data/topics/4745 1303
@/home/ec2-user/data/topics/4251 1303
@/home/ec2-user/data/topics/4379 1304
@/home/ec2-user/data/topics/1448 1305
@/home/ec2-user/data/topics/1280 1306
@/home/ec2-user/data/topics/1012 1307
@/home/ec2-user/data/topics/3823 1308
@/home/ec2-user/data/topics/3919 1309
@/home/ec2-user/data/topics/3854 1310
@/home/ec2-user/data/topics/1734 1311
シャープ株式会社

@/home/ec2-user/data/topics/2087 1312
@/home/ec2-user/data/topics/3606 1312
@/home/ec2-user/data/topics/4782 1313
@/home/ec2-user/data/topics/4005 1314
@/home/ec2-user/data/topics/1288 1315
@/home/ec2-user/data/topics/1419 1316
@/home/ec2-user/data/topics/4469 1317
@/home/ec2-user/data/topics/3673 1318
@/home/ec2-user/data/topics/4228 1319
@/home/ec2-user/data/topics/3832 1320
@/home/ec2-user/data/topics/2084 1321
@/home/ec2-user/data/topics/3678 1322
@/home/ec2-user/data/topics/4430 1323
@/home/ec2-user/data/topics/2020 1324
@/home/ec2-user/data/topics/4103 1325
@/home/ec2-user/data/topics/4230 1326
@/home/ec2-user/data/topics/4127 1327
@/home/ec2-user/data/topics/4214 1328
@/home/ec2-user/data/topics/1840 1329
@/home/ec2-user/data/topics/4744 1330
@/home/ec2-user/data/topics/4124 1331
@/home/ec2-user/data/topics/3981 1332
@/home/ec2-user/data/topics/3578 1333
@/home/ec2-user/data/topics/3760 1334
@/home/ec2-user/data/topics/1431 1335
@/home/ec2-user/data/topics/1384 1336
@/home/ec2-user/data/topics/3941 1337
@/home/ec2-user/data/topics/3777 1338
@/home/ec2-user/data/topics/4256 1339
@/home/ec2-user/data/topics/1965 1340
@/home/ec2-user/data/topics/3871 1341
@/home/ec2-user/data/topics/3698 1342
@/home/ec2-user/data/topics/3978 1343
@/home/ec2-user/data/topics/4113 1344
@/home/ec2-user/data/topics/4349 1345
@/home/ec2-user/data/topics/3679 1346
@/home/ec2-user/data/topics/1396 1347
@/home/ec2-user/data/topics/4095 1348
@/home/ec2-user/data/topics/1561 1349
@/home/ec2-user/data/topics/4323 1350
@/home/ec2-user/data/topics/4683 1351
@/home/ec2-user/data/topics/3452 1352
@/home/ec2-user/data/topics/4173 1353
@/home/ec2-user/data/topics/4019 1354
@/home/ec2-user/data/topics/3762 1355
@/home/ec2-user/data/topics/4263 1356
@/home/ec2-user/data/topics/4252 1357
@/home/ec2-user/data/topics/1563 1358
@/home/ec2-user/data/topics/4583 1359
@/home/ec2-user/data/topics/4861 1360
@/home/ec2-user/data/topics/3966 1361
@/home/ec2-user/data/topics/4105 1362
@/home/ec2-user/data/topics/3649 1363
@/home/ec2-user/data/topics/3957 1364
@/home/ec2-user/data/topics/4691 1365
@/home/ec2-user/data/topics/4648 1366
@/home/ec2-user/data/topics/1804 1367
@/home/ec2-user/data/topics/3776 1368
@/home/ec2-user/data/topics/1258 1369
@/home/ec2-user/data/topics/3537 1370
@/home/ec2-user/data/topics/1154 1371
@/home/ec2-user/data/topics/3610 1372
@/home/ec2-user/data/topics/3422 1373
@/home/ec2-user/data/topics/1318 1374
@/home/ec2-user/data/topics/3895 1375
@/home/ec2-user/data/topics/4245 1376
@/home/ec2-user/data/topics/2118 1377
@/home/ec2-user/data/topics/3855 1378
@/home/ec2-user/data/topics/4717 1379
@/home/ec2-user/data/topics/1970 1380
@/home/ec2-user/data/topics/4152 1381
@/home/ec2-user/data/topics/3858 1382
@/home/ec2-user/data/topics/1349 1383
@/home/ec2-user/data/topics/1209 1384
@/home/ec2-user/data/topics/1174 1385
@/home/ec2-user/data/topics/1685 1386
@/home/ec2-user/data/topics/4519 1387
@/home/ec2-user/data/topics/3813 1388
@/home/ec2-user/data/topics/3793 1389
@/home/ec2-user/data/topics/3450 1390
@/home/ec2-user/data/topics/4516 1391
日本輸送機株式会社

@/home/ec2-user/data/topics/3573 1392
@/home/ec2-user/data/topics/1456 1392
@/home/ec2-user/data/topics/2065 1393
@/home/ec2-user/data/topics/1940 1394
@/home/ec2-user/data/topics/1191 1395
@/home/ec2-user/data/topics/1493 1396
@/home/ec2-user/data/topics/2221 1397
@/home/ec2-user/data/topics/1108 1398
東京エレクトロン株式会社

@/home/ec2-user/data/topics/4702 1399
@/home/ec2-user/data/topics/1736 1399
@/home/ec2-user/data/topics/4023 1400
@/home/ec2-user/data/topics/4906 1401
@/home/ec2-user/data/topics/3947 1402
@/home/ec2-user/data/topics/4618 1403
@/home/ec2-user/data/topics/1800 1404
@/home/ec2-user/data/topics/4345 1405
@/home/ec2-user/data/topics/1263 1406
@/home/ec2-user/data/topics/1508 1407
@/home/ec2-user/data/topics/4002 1408
@/home/ec2-user/data/topics/4053 1409
株式会社村田製作所

@/home/ec2-user/data/topics/3435 1410
@/home/ec2-user/data/topics/4042 1410
@/home/ec2-user/data/topics/4070 1411
@/home/ec2-user/data/topics/1374 1412
@/home/ec2-user/data/topics/2229 1413
@/home/ec2-user/data/topics/4703 1414
@/home/ec2-user/data/topics/4163 1415
@/home/ec2-user/data/topics/1411 1416
@/home/ec2-user/data/topics/4795 1417
@/home/ec2-user/data/topics/3885 1418
@/home/ec2-user/data/topics/4325 1419
@/home/ec2-user/data/topics/3697 1420
@/home/ec2-user/data/topics/4271 1421
@/home/ec2-user/data/topics/4417 1422
@/home/ec2-user/data/topics/4378 1423
@/home/ec2-user/data/topics/3482 1424
@/home/ec2-user/data/topics/4432 1425
日本電信電話株式会社

@/home/ec2-user/data/topics/4916 1426
@/home/ec2-user/data/topics/4952 1426
@/home/ec2-user/data/topics/4131 1427
@/home/ec2-user/data/topics/2017 1428
@/home/ec2-user/data/topics/3359 1429
@/home/ec2-user/data/topics/3521 1430
@/home/ec2-user/data/topics/4146 1431
@/home/ec2-user/data/topics/1408 1432
@/home/ec2-user/data/topics/3915 1433
@/home/ec2-user/data/topics/3536 1434
@/home/ec2-user/data/topics/4488 1435
@/home/ec2-user/data/topics/3811 1436
@/home/ec2-user/data/topics/1556 1437
@/home/ec2-user/data/topics/3650 1438
@/home/ec2-user/data/topics/2130 1439
@/home/ec2-user/data/topics/3568 1440
@/home/ec2-user/data/topics/4175 1441
@/home/ec2-user/data/topics/1809 1442
@/home/ec2-user/data/topics/4511 1443
@/home/ec2-user/data/topics/3785 1444
@/home/ec2-user/data/topics/4443 1445
@/home/ec2-user/data/topics/3586 1446
@/home/ec2-user/data/topics/3425 1447
@/home/ec2-user/data/topics/4664 1448
@/home/ec2-user/data/topics/1934 1449
@/home/ec2-user/data/topics/3509 1450
@/home/ec2-user/data/topics/4836 1451
@/home/ec2-user/data/topics/4560 1452
@/home/ec2-user/data/topics/4964 1453
@/home/ec2-user/data/topics/4792 1454
@/home/ec2-user/data/topics/4925 1455
@/home/ec2-user/data/topics/4870 1456
@/home/ec2-user/data/topics/4118 1457
@/home/ec2-user/data/topics/1229 1458
@/home/ec2-user/data/topics/1787 1459
@/home/ec2-user/data/topics/4104 1460
@/home/ec2-user/data/topics/3928 1461
@/home/ec2-user/data/topics/4087 1462
@/home/ec2-user/data/topics/3927 1463
@/home/ec2-user/data/topics/4505 1464
@/home/ec2-user/data/topics/4335 1465
@/home/ec2-user/data/topics/1230 1466
@/home/ec2-user/data/topics/3552 1467
@/home/ec2-user/data/topics/4025 1468
@/home/ec2-user/data/topics/4208 1469
@/home/ec2-user/data/topics/4232 1470
@/home/ec2-user/data/topics/3894 1471
@/home/ec2-user/data/topics/1042 1472
@/home/ec2-user/data/topics/4965 1473
@/home/ec2-user/data/topics/3641 1474
@/home/ec2-user/data/topics/4115 1475
@/home/ec2-user/data/topics/4121 1476
@/home/ec2-user/data/topics/3544 1477
@/home/ec2-user/data/topics/4865 1478
@/home/ec2-user/data/topics/4114 1479
@/home/ec2-user/data/topics/3824 1480
日本鋼管株式会社

@/home/ec2-user/data/topics/4289 1481
@/home/ec2-user/data/topics/3572 1481
@/home/ec2-user/data/topics/2095 1482
@/home/ec2-user/data/topics/1404 1483
@/home/ec2-user/data/topics/4455 1484
@/home/ec2-user/data/topics/4161 1485
@/home/ec2-user/data/topics/1690 1486
株式会社神戸製鋼所

@/home/ec2-user/data/topics/1465 1487
@/home/ec2-user/data/topics/4949 1487
@/home/ec2-user/data/topics/3632 1488
@/home/ec2-user/data/topics/3674 1489
@/home/ec2-user/data/topics/3475 1490
@/home/ec2-user/data/topics/3902 1491
@/home/ec2-user/data/topics/2064 1492
株式会社ケンウッド

@/home/ec2-user/data/topics/1424 1493
@/home/ec2-user/data/topics/1896 1493
@/home/ec2-user/data/topics/1698 1494
@/home/ec2-user/data/topics/3794 1495
@/home/ec2-user/data/topics/3878 1496
@/home/ec2-user/data/topics/3977 1497
@/home/ec2-user/data/topics/4050 1498
@/home/ec2-user/data/topics/4167 1499
@/home/ec2-user/data/topics/2163 1500
@/home/ec2-user/data/topics/3801 1501
@/home/ec2-user/data/topics/2036 1502
@/home/ec2-user/data/topics/1241 1503
@/home/ec2-user/data/topics/1115 1504
@/home/ec2-user/data/topics/3463 1505
@/home/ec2-user/data/topics/1617 1506
@/home/ec2-user/data/topics/1345 1507
@/home/ec2-user/data/topics/4467 1508
@/home/ec2-user/data/topics/3839 1509
@/home/ec2-user/data/topics/3969 1510
@/home/ec2-user/data/topics/1186 1511
@/home/ec2-user/data/topics/4038 1512
東陶機器株式会社

@/home/ec2-user/data/topics/2135 1513
@/home/ec2-user/data/topics/3821 1513
@/home/ec2-user/data/topics/3583 1514
@/home/ec2-user/data/topics/1626 1515
@/home/ec2-user/data/topics/1735 1516
@/home/ec2-user/data/topics/1692 1517
本田技研工業株式会社

@/home/ec2-user/data/topics/2000 1518
@/home/ec2-user/data/topics/4783 1518
@/home/ec2-user/data/topics/4331 1519
@/home/ec2-user/data/topics/2016 1520
@/home/ec2-user/data/topics/4888 1521
@/home/ec2-user/data/topics/5026 1522
@/home/ec2-user/data/topics/1822 1523
@/home/ec2-user/data/topics/4132 1524
@/home/ec2-user/data/topics/1266 1525
@/home/ec2-user/data/topics/1226 1526
@/home/ec2-user/data/topics/1818 1527
@/home/ec2-user/data/topics/1444 1528
@/home/ec2-user/data/topics/4375 1529
@/home/ec2-user/data/topics/4033 1530
@/home/ec2-user/data/topics/1143 1531
@/home/ec2-user/data/topics/3685 1532
@/home/ec2-user/data/topics/4199 1533
@/home/ec2-user/data/topics/1215 1534
@/home/ec2-user/data/topics/1605 1535
新日本製鐵株式会社

@/home/ec2-user/data/topics/3368 1536
@/home/ec2-user/data/topics/3861 1536
@/home/ec2-user/data/topics/5008 1537
@/home/ec2-user/data/topics/3663 1538
@/home/ec2-user/data/topics/3899 1539
@/home/ec2-user/data/topics/4472 1540
松下電工株式会社

@/home/ec2-user/data/topics/4083 1541
@/home/ec2-user/data/topics/4450 1541
@/home/ec2-user/data/topics/2045 1542
@/home/ec2-user/data/topics/4592 1543
@/home/ec2-user/data/topics/4012 1544
@/home/ec2-user/data/topics/3778 1545
@/home/ec2-user/data/topics/3835 1546
@/home/ec2-user/data/topics/1011 1547
@/home/ec2-user/data/topics/1803 1548
@/home/ec2-user/data/topics/4347 1549
@/home/ec2-user/data/topics/4029 1550
@/home/ec2-user/data/topics/3651 1551
@/home/ec2-user/data/topics/3565 1552
@/home/ec2-user/data/topics/3932 1553
@/home/ec2-user/data/topics/1311 1554
@/home/ec2-user/data/topics/3549 1555
@/home/ec2-user/data/topics/3379 1556
@/home/ec2-user/data/topics/4094 1557
@/home/ec2-user/data/topics/3511 1558
@/home/ec2-user/data/topics/4317 1559
@/home/ec2-user/data/topics/1251 1560
@/home/ec2-user/data/topics/3670 1561
usernum: 72
simhit: 1529
simmax: 0.601178554643
simmin: 0.0
simavg: 0.196670912681
total: 1562
simhit/total: 0.978873239437

2017-01-13 23:20:42.142594
