2017-01-13 23:12:45.044007

topic-folder:/home/ec2-user/data/topics/
cl-file:rand5
cl-floder:/home/ec2-user/data/ldaclass-64-2000-top1000/
zipf:-0.2
stype[0(tfidf)/1(tfidf2)/2(lsa)/3(lda)]:3
dtype[<0(diff*rand)/0(diff)/1(same)/>=2(diff*same)]:0
output-floder:result

三菱マテリアル株式会社

@/home/ec2-user/data/topics/3630 0
@/home/ec2-user/data/topics/3546 0
@/home/ec2-user/data/topics/3866 1
@/home/ec2-user/data/topics/3520 2
@/home/ec2-user/data/topics/3470 3
@/home/ec2-user/data/topics/2093 4
@/home/ec2-user/data/topics/1085 5
@/home/ec2-user/data/topics/1638 6
日本精機株式会社

@/home/ec2-user/data/topics/4907 7
@/home/ec2-user/data/topics/4875 7
@/home/ec2-user/data/topics/4709 8
@/home/ec2-user/data/topics/4690 9
@/home/ec2-user/data/topics/4972 10
@/home/ec2-user/data/topics/1398 11
コニカ株式会社

@/home/ec2-user/data/topics/1946 12
@/home/ec2-user/data/topics/3533 12
@/home/ec2-user/data/topics/3426 13
@/home/ec2-user/data/topics/3431 14
@/home/ec2-user/data/topics/3370 15
@/home/ec2-user/data/topics/3419 16
@/home/ec2-user/data/topics/3418 17
@/home/ec2-user/data/topics/3357 18
@/home/ec2-user/data/topics/3486 19
@/home/ec2-user/data/topics/2162 20
@/home/ec2-user/data/topics/3414 21
埼玉日本電気株式会社

@/home/ec2-user/data/topics/4279 22
@/home/ec2-user/data/topics/4283 22
@/home/ec2-user/data/topics/4496 23
@/home/ec2-user/data/topics/4468 24
@/home/ec2-user/data/topics/1620 25
@/home/ec2-user/data/topics/1512 26
@/home/ec2-user/data/topics/4998 27
@/home/ec2-user/data/topics/5010 28
@/home/ec2-user/data/topics/4242 29
アルプス電気株式会社

@/home/ec2-user/data/topics/4791 30
@/home/ec2-user/data/topics/1434 30
@/home/ec2-user/data/topics/2012 31
@/home/ec2-user/data/topics/2089 32
@/home/ec2-user/data/topics/3582 33
@/home/ec2-user/data/topics/1253 34
@/home/ec2-user/data/topics/3429 35
三菱重工業株式会社

@/home/ec2-user/data/topics/3591 36
@/home/ec2-user/data/topics/5022 36
@/home/ec2-user/data/topics/3637 37
@/home/ec2-user/data/topics/4882 38
@/home/ec2-user/data/topics/3503 39
@/home/ec2-user/data/topics/3529 40
@/home/ec2-user/data/topics/3944 41
@/home/ec2-user/data/topics/4412 42
@/home/ec2-user/data/topics/4563 43
@/home/ec2-user/data/topics/4687 44
@/home/ec2-user/data/topics/3833 45
@/home/ec2-user/data/topics/4862 46
村田機械株式会社

@/home/ec2-user/data/topics/1293 47
@/home/ec2-user/data/topics/4556 47
@/home/ec2-user/data/topics/4746 48
@/home/ec2-user/data/topics/5000 49
@/home/ec2-user/data/topics/1511 50
@/home/ec2-user/data/topics/4835 51
@/home/ec2-user/data/topics/1607 52
@/home/ec2-user/data/topics/4565 53
@/home/ec2-user/data/topics/4570 54
@/home/ec2-user/data/topics/4596 55
@/home/ec2-user/data/topics/4645 56
@/home/ec2-user/data/topics/1074 57
@/home/ec2-user/data/topics/3740 58
@/home/ec2-user/data/topics/4941 59
@/home/ec2-user/data/topics/4441 60
@/home/ec2-user/data/topics/3528 61
@/home/ec2-user/data/topics/4638 62
川崎製鉄株式会社

@/home/ec2-user/data/topics/3611 63
@/home/ec2-user/data/topics/3483 63
@/home/ec2-user/data/topics/3532 64
@/home/ec2-user/data/topics/1037 65
@/home/ec2-user/data/topics/3929 66
@/home/ec2-user/data/topics/3553 67
@/home/ec2-user/data/topics/3413 68
@/home/ec2-user/data/topics/1459 69
@/home/ec2-user/data/topics/4615 70
ダイキン工業株式会社

@/home/ec2-user/data/topics/1600 71
@/home/ec2-user/data/topics/4753 71
@/home/ec2-user/data/topics/4515 72
@/home/ec2-user/data/topics/4734 73
@/home/ec2-user/data/topics/4845 74
@/home/ec2-user/data/topics/4367 75
@/home/ec2-user/data/topics/4400 76
@/home/ec2-user/data/topics/4701 77
@/home/ec2-user/data/topics/3888 78
@/home/ec2-user/data/topics/4858 79
@/home/ec2-user/data/topics/1565 80
三菱自動車工業株式会社

@/home/ec2-user/data/topics/1816 81
@/home/ec2-user/data/topics/2101 81
@/home/ec2-user/data/topics/3940 82
@/home/ec2-user/data/topics/4189 83
@/home/ec2-user/data/topics/3502 84
@/home/ec2-user/data/topics/1428 85
@/home/ec2-user/data/topics/3815 86
@/home/ec2-user/data/topics/1527 87
日産自動車株式会社

@/home/ec2-user/data/topics/3497 88
@/home/ec2-user/data/topics/3723 88
@/home/ec2-user/data/topics/3712 89
@/home/ec2-user/data/topics/3677 90
@/home/ec2-user/data/topics/4074 91
@/home/ec2-user/data/topics/4982 92
@/home/ec2-user/data/topics/3501 93
@/home/ec2-user/data/topics/3829 94
@/home/ec2-user/data/topics/3936 95
@/home/ec2-user/data/topics/3645 96
@/home/ec2-user/data/topics/3489 97
トヨタ自動車株式会社

@/home/ec2-user/data/topics/4064 98
@/home/ec2-user/data/topics/4426 98
@/home/ec2-user/data/topics/3943 99
@/home/ec2-user/data/topics/4346 100
@/home/ec2-user/data/topics/3783 101
@/home/ec2-user/data/topics/2111 102
@/home/ec2-user/data/topics/4008 103
@/home/ec2-user/data/topics/4633 104
@/home/ec2-user/data/topics/2218 105
@/home/ec2-user/data/topics/1494 106
@/home/ec2-user/data/topics/3699 107
@/home/ec2-user/data/topics/1551 108
@/home/ec2-user/data/topics/4030 109
@/home/ec2-user/data/topics/3671 110
@/home/ec2-user/data/topics/3758 111
@/home/ec2-user/data/topics/3405 112
@/home/ec2-user/data/topics/4543 113
@/home/ec2-user/data/topics/3356 114
@/home/ec2-user/data/topics/3587 115
@/home/ec2-user/data/topics/4298 116
@/home/ec2-user/data/topics/4647 117
@/home/ec2-user/data/topics/4617 118
@/home/ec2-user/data/topics/3725 119
@/home/ec2-user/data/topics/4658 120
@/home/ec2-user/data/topics/3481 121
@/home/ec2-user/data/topics/3731 122
@/home/ec2-user/data/topics/4920 123
@/home/ec2-user/data/topics/4767 124
@/home/ec2-user/data/topics/4144 125
オリンパス光学工業株式会社

@/home/ec2-user/data/topics/4878 126
@/home/ec2-user/data/topics/1155 126
@/home/ec2-user/data/topics/1981 127
@/home/ec2-user/data/topics/2026 128
@/home/ec2-user/data/topics/1739 129
@/home/ec2-user/data/topics/1869 130
@/home/ec2-user/data/topics/5006 131
@/home/ec2-user/data/topics/1107 132
@/home/ec2-user/data/topics/1586 133
@/home/ec2-user/data/topics/4013 134
@/home/ec2-user/data/topics/1835 135
@/home/ec2-user/data/topics/4007 136
ブラザー工業株式会社

@/home/ec2-user/data/topics/1906 137
@/home/ec2-user/data/topics/3789 137
@/home/ec2-user/data/topics/1164 138
@/home/ec2-user/data/topics/4548 139
@/home/ec2-user/data/topics/1636 140
@/home/ec2-user/data/topics/1697 141
@/home/ec2-user/data/topics/3507 142
@/home/ec2-user/data/topics/2086 143
@/home/ec2-user/data/topics/1183 144
@/home/ec2-user/data/topics/3686 145
@/home/ec2-user/data/topics/3613 146
@/home/ec2-user/data/topics/1076 147
@/home/ec2-user/data/topics/2085 148
@/home/ec2-user/data/topics/1300 149
@/home/ec2-user/data/topics/3477 150
富士通株式会社

@/home/ec2-user/data/topics/1874 151
@/home/ec2-user/data/topics/3399 151
@/home/ec2-user/data/topics/3799 152
@/home/ec2-user/data/topics/3912 153
@/home/ec2-user/data/topics/1547 154
@/home/ec2-user/data/topics/1271 155
@/home/ec2-user/data/topics/1998 156
@/home/ec2-user/data/topics/3765 157
@/home/ec2-user/data/topics/3749 158
@/home/ec2-user/data/topics/3460 159
@/home/ec2-user/data/topics/3883 160
@/home/ec2-user/data/topics/3400 161
@/home/ec2-user/data/topics/3962 162
@/home/ec2-user/data/topics/2215 163
@/home/ec2-user/data/topics/3381 164
@/home/ec2-user/data/topics/2216 165
@/home/ec2-user/data/topics/2227 166
@/home/ec2-user/data/topics/1264 167
@/home/ec2-user/data/topics/4191 168
@/home/ec2-user/data/topics/3636 169
@/home/ec2-user/data/topics/3802 170
@/home/ec2-user/data/topics/3846 171
@/home/ec2-user/data/topics/3538 172
@/home/ec2-user/data/topics/5004 173
@/home/ec2-user/data/topics/1609 174
@/home/ec2-user/data/topics/3870 175
@/home/ec2-user/data/topics/3428 176
@/home/ec2-user/data/topics/3850 177
@/home/ec2-user/data/topics/3751 178
@/home/ec2-user/data/topics/3862 179
@/home/ec2-user/data/topics/3970 180
@/home/ec2-user/data/topics/1123 181
静岡日本電気株式会社

@/home/ec2-user/data/topics/4531 182
@/home/ec2-user/data/topics/4365 182
@/home/ec2-user/data/topics/4326 183
@/home/ec2-user/data/topics/4250 184
@/home/ec2-user/data/topics/4314 185
@/home/ec2-user/data/topics/4507 186
住友重機械工業株式会社

@/home/ec2-user/data/topics/4854 187
@/home/ec2-user/data/topics/1505 187
@/home/ec2-user/data/topics/2039 188
@/home/ec2-user/data/topics/1019 189
@/home/ec2-user/data/topics/1373 190
@/home/ec2-user/data/topics/1900 191
@/home/ec2-user/data/topics/1553 192
@/home/ec2-user/data/topics/3952 193
@/home/ec2-user/data/topics/3868 194
大日本印刷株式会社

@/home/ec2-user/data/topics/1262 195
@/home/ec2-user/data/topics/1099 195
@/home/ec2-user/data/topics/1564 196
@/home/ec2-user/data/topics/3569 197
@/home/ec2-user/data/topics/3388 198
@/home/ec2-user/data/topics/1145 199
日本電気株式会社

@/home/ec2-user/data/topics/1464 200
@/home/ec2-user/data/topics/4278 200
@/home/ec2-user/data/topics/4682 201
@/home/ec2-user/data/topics/4272 202
@/home/ec2-user/data/topics/1364 203
@/home/ec2-user/data/topics/4300 204
@/home/ec2-user/data/topics/4275 205
@/home/ec2-user/data/topics/4433 206
@/home/ec2-user/data/topics/4389 207
@/home/ec2-user/data/topics/4171 208
@/home/ec2-user/data/topics/4238 209
@/home/ec2-user/data/topics/2031 210
@/home/ec2-user/data/topics/4598 211
@/home/ec2-user/data/topics/4258 212
@/home/ec2-user/data/topics/1500 213
@/home/ec2-user/data/topics/4246 214
@/home/ec2-user/data/topics/1052 215
@/home/ec2-user/data/topics/4318 216
@/home/ec2-user/data/topics/4643 217
@/home/ec2-user/data/topics/3767 218
@/home/ec2-user/data/topics/2022 219
@/home/ec2-user/data/topics/1867 220
@/home/ec2-user/data/topics/1948 221
@/home/ec2-user/data/topics/4097 222
@/home/ec2-user/data/topics/4071 223
@/home/ec2-user/data/topics/4142 224
@/home/ec2-user/data/topics/4315 225
@/home/ec2-user/data/topics/4360 226
@/home/ec2-user/data/topics/4824 227
@/home/ec2-user/data/topics/3724 228
@/home/ec2-user/data/topics/4342 229
@/home/ec2-user/data/topics/3971 230
@/home/ec2-user/data/topics/4477 231
@/home/ec2-user/data/topics/4414 232
@/home/ec2-user/data/topics/4578 233
@/home/ec2-user/data/topics/1486 234
@/home/ec2-user/data/topics/4651 235
@/home/ec2-user/data/topics/4319 236
@/home/ec2-user/data/topics/4779 237
@/home/ec2-user/data/topics/4393 238
@/home/ec2-user/data/topics/4196 239
@/home/ec2-user/data/topics/4168 240
@/home/ec2-user/data/topics/4288 241
@/home/ec2-user/data/topics/4696 242
@/home/ec2-user/data/topics/3995 243
@/home/ec2-user/data/topics/4877 244
@/home/ec2-user/data/topics/4434 245
@/home/ec2-user/data/topics/1523 246
@/home/ec2-user/data/topics/4247 247
@/home/ec2-user/data/topics/2144 248
@/home/ec2-user/data/topics/4458 249
@/home/ec2-user/data/topics/4650 250
@/home/ec2-user/data/topics/4595 251
@/home/ec2-user/data/topics/4759 252
@/home/ec2-user/data/topics/1624 253
@/home/ec2-user/data/topics/2127 254
@/home/ec2-user/data/topics/4584 255
@/home/ec2-user/data/topics/4390 256
@/home/ec2-user/data/topics/4480 257
@/home/ec2-user/data/topics/4429 258
@/home/ec2-user/data/topics/1710 259
@/home/ec2-user/data/topics/5034 260
@/home/ec2-user/data/topics/1100 261
@/home/ec2-user/data/topics/4725 262
@/home/ec2-user/data/topics/1326 263
@/home/ec2-user/data/topics/4644 264
@/home/ec2-user/data/topics/4404 265
@/home/ec2-user/data/topics/1567 266
@/home/ec2-user/data/topics/4760 267
@/home/ec2-user/data/topics/4207 268
@/home/ec2-user/data/topics/4209 269
@/home/ec2-user/data/topics/4388 270
@/home/ec2-user/data/topics/4186 271
@/home/ec2-user/data/topics/4352 272
@/home/ec2-user/data/topics/4244 273
@/home/ec2-user/data/topics/4876 274
@/home/ec2-user/data/topics/4338 275
@/home/ec2-user/data/topics/3853 276
@/home/ec2-user/data/topics/3956 277
@/home/ec2-user/data/topics/2041 278
@/home/ec2-user/data/topics/4533 279
@/home/ec2-user/data/topics/4808 280
@/home/ec2-user/data/topics/4657 281
@/home/ec2-user/data/topics/4204 282
@/home/ec2-user/data/topics/1360 283
@/home/ec2-user/data/topics/3938 284
@/home/ec2-user/data/topics/1661 285
@/home/ec2-user/data/topics/1016 286
@/home/ec2-user/data/topics/4728 287
@/home/ec2-user/data/topics/4775 288
@/home/ec2-user/data/topics/4490 289
@/home/ec2-user/data/topics/4940 290
@/home/ec2-user/data/topics/1891 291
@/home/ec2-user/data/topics/4537 292
@/home/ec2-user/data/topics/4003 293
@/home/ec2-user/data/topics/4063 294
@/home/ec2-user/data/topics/4257 295
@/home/ec2-user/data/topics/1879 296
@/home/ec2-user/data/topics/4699 297
@/home/ec2-user/data/topics/4850 298
@/home/ec2-user/data/topics/1973 299
@/home/ec2-user/data/topics/4343 300
@/home/ec2-user/data/topics/4185 301
@/home/ec2-user/data/topics/4320 302
@/home/ec2-user/data/topics/4398 303
@/home/ec2-user/data/topics/4162 304
@/home/ec2-user/data/topics/4749 305
@/home/ec2-user/data/topics/4718 306
@/home/ec2-user/data/topics/4267 307
@/home/ec2-user/data/topics/1281 308
@/home/ec2-user/data/topics/4276 309
@/home/ec2-user/data/topics/4659 310
@/home/ec2-user/data/topics/4460 311
@/home/ec2-user/data/topics/4062 312
@/home/ec2-user/data/topics/4440 313
@/home/ec2-user/data/topics/3896 314
@/home/ec2-user/data/topics/4902 315
@/home/ec2-user/data/topics/4666 316
@/home/ec2-user/data/topics/4236 317
@/home/ec2-user/data/topics/4613 318
@/home/ec2-user/data/topics/4154 319
@/home/ec2-user/data/topics/2150 320
@/home/ec2-user/data/topics/4359 321
@/home/ec2-user/data/topics/4227 322
@/home/ec2-user/data/topics/4137 323
@/home/ec2-user/data/topics/4561 324
@/home/ec2-user/data/topics/4281 325
@/home/ec2-user/data/topics/4093 326
@/home/ec2-user/data/topics/4216 327
@/home/ec2-user/data/topics/1122 328
@/home/ec2-user/data/topics/3886 329
@/home/ec2-user/data/topics/4926 330
@/home/ec2-user/data/topics/1928 331
@/home/ec2-user/data/topics/1764 332
@/home/ec2-user/data/topics/1116 333
@/home/ec2-user/data/topics/4371 334
@/home/ec2-user/data/topics/1557 335
@/home/ec2-user/data/topics/4742 336
@/home/ec2-user/data/topics/4750 337
@/home/ec2-user/data/topics/1852 338
@/home/ec2-user/data/topics/4418 339
@/home/ec2-user/data/topics/4603 340
@/home/ec2-user/data/topics/3954 341
@/home/ec2-user/data/topics/1634 342
@/home/ec2-user/data/topics/1923 343
@/home/ec2-user/data/topics/2166 344
@/home/ec2-user/data/topics/4017 345
@/home/ec2-user/data/topics/4116 346
@/home/ec2-user/data/topics/4838 347
@/home/ec2-user/data/topics/4486 348
@/home/ec2-user/data/topics/4446 349
@/home/ec2-user/data/topics/4785 350
@/home/ec2-user/data/topics/3865 351
@/home/ec2-user/data/topics/4081 352
@/home/ec2-user/data/topics/4892 353
@/home/ec2-user/data/topics/1937 354
@/home/ec2-user/data/topics/1595 355
@/home/ec2-user/data/topics/4626 356
@/home/ec2-user/data/topics/4427 357
@/home/ec2-user/data/topics/4243 358
@/home/ec2-user/data/topics/1724 359
@/home/ec2-user/data/topics/4260 360
@/home/ec2-user/data/topics/4310 361
@/home/ec2-user/data/topics/4120 362
@/home/ec2-user/data/topics/1457 363
@/home/ec2-user/data/topics/4425 364
@/home/ec2-user/data/topics/4447 365
@/home/ec2-user/data/topics/1612 366
@/home/ec2-user/data/topics/4497 367
@/home/ec2-user/data/topics/4128 368
@/home/ec2-user/data/topics/2119 369
@/home/ec2-user/data/topics/4192 370
@/home/ec2-user/data/topics/3744 371
@/home/ec2-user/data/topics/4134 372
@/home/ec2-user/data/topics/3875 373
@/home/ec2-user/data/topics/4309 374
@/home/ec2-user/data/topics/1791 375
@/home/ec2-user/data/topics/4129 376
@/home/ec2-user/data/topics/4721 377
@/home/ec2-user/data/topics/1773 378
@/home/ec2-user/data/topics/4770 379
@/home/ec2-user/data/topics/4536 380
@/home/ec2-user/data/topics/1199 381
@/home/ec2-user/data/topics/2088 382
@/home/ec2-user/data/topics/4530 383
@/home/ec2-user/data/topics/4634 384
@/home/ec2-user/data/topics/4082 385
@/home/ec2-user/data/topics/4764 386
@/home/ec2-user/data/topics/4092 387
@/home/ec2-user/data/topics/3766 388
@/home/ec2-user/data/topics/4708 389
@/home/ec2-user/data/topics/4485 390
@/home/ec2-user/data/topics/4313 391
@/home/ec2-user/data/topics/1362 392
@/home/ec2-user/data/topics/4646 393
@/home/ec2-user/data/topics/1783 394
@/home/ec2-user/data/topics/4689 395
@/home/ec2-user/data/topics/4273 396
@/home/ec2-user/data/topics/4119 397
@/home/ec2-user/data/topics/4532 398
@/home/ec2-user/data/topics/4816 399
@/home/ec2-user/data/topics/1078 400
@/home/ec2-user/data/topics/1112 401
@/home/ec2-user/data/topics/1101 402
@/home/ec2-user/data/topics/1844 403
@/home/ec2-user/data/topics/4153 404
@/home/ec2-user/data/topics/4665 405
@/home/ec2-user/data/topics/1815 406
@/home/ec2-user/data/topics/4100 407
@/home/ec2-user/data/topics/4254 408
@/home/ec2-user/data/topics/3729 409
@/home/ec2-user/data/topics/4240 410
@/home/ec2-user/data/topics/3897 411
@/home/ec2-user/data/topics/1044 412
@/home/ec2-user/data/topics/4442 413
@/home/ec2-user/data/topics/1383 414
@/home/ec2-user/data/topics/4138 415
@/home/ec2-user/data/topics/4549 416
@/home/ec2-user/data/topics/4609 417
@/home/ec2-user/data/topics/4158 418
松下電器産業株式会社

@/home/ec2-user/data/topics/4798 419
@/home/ec2-user/data/topics/4264 419
@/home/ec2-user/data/topics/1898 420
@/home/ec2-user/data/topics/1136 421
@/home/ec2-user/data/topics/1257 422
@/home/ec2-user/data/topics/3920 423
@/home/ec2-user/data/topics/4157 424
@/home/ec2-user/data/topics/4382 425
@/home/ec2-user/data/topics/4448 426
@/home/ec2-user/data/topics/4625 427
@/home/ec2-user/data/topics/3761 428
@/home/ec2-user/data/topics/4139 429
@/home/ec2-user/data/topics/3692 430
@/home/ec2-user/data/topics/1158 431
@/home/ec2-user/data/topics/4229 432
@/home/ec2-user/data/topics/1589 433
@/home/ec2-user/data/topics/4586 434
@/home/ec2-user/data/topics/4707 435
@/home/ec2-user/data/topics/4043 436
@/home/ec2-user/data/topics/3510 437
@/home/ec2-user/data/topics/3402 438
@/home/ec2-user/data/topics/3719 439
@/home/ec2-user/data/topics/3514 440
@/home/ec2-user/data/topics/1516 441
@/home/ec2-user/data/topics/1477 442
@/home/ec2-user/data/topics/4867 443
@/home/ec2-user/data/topics/3807 444
@/home/ec2-user/data/topics/4464 445
@/home/ec2-user/data/topics/3494 446
@/home/ec2-user/data/topics/4676 447
@/home/ec2-user/data/topics/1762 448
@/home/ec2-user/data/topics/3739 449
@/home/ec2-user/data/topics/4355 450
@/home/ec2-user/data/topics/1633 451
@/home/ec2-user/data/topics/4797 452
@/home/ec2-user/data/topics/1748 453
@/home/ec2-user/data/topics/1157 454
@/home/ec2-user/data/topics/1509 455
@/home/ec2-user/data/topics/2080 456
@/home/ec2-user/data/topics/1955 457
@/home/ec2-user/data/topics/4961 458
@/home/ec2-user/data/topics/3960 459
@/home/ec2-user/data/topics/1885 460
@/home/ec2-user/data/topics/3455 461
@/home/ec2-user/data/topics/4503 462
@/home/ec2-user/data/topics/1705 463
@/home/ec2-user/data/topics/4180 464
@/home/ec2-user/data/topics/2029 465
@/home/ec2-user/data/topics/4804 466
@/home/ec2-user/data/topics/4274 467
@/home/ec2-user/data/topics/4787 468
@/home/ec2-user/data/topics/4574 469
@/home/ec2-user/data/topics/4599 470
@/home/ec2-user/data/topics/4754 471
@/home/ec2-user/data/topics/4501 472
@/home/ec2-user/data/topics/5024 473
@/home/ec2-user/data/topics/4280 474
@/home/ec2-user/data/topics/4160 475
@/home/ec2-user/data/topics/2156 476
@/home/ec2-user/data/topics/4459 477
@/home/ec2-user/data/topics/4918 478
@/home/ec2-user/data/topics/4422 479
@/home/ec2-user/data/topics/4101 480
@/home/ec2-user/data/topics/4193 481
@/home/ec2-user/data/topics/3558 482
@/home/ec2-user/data/topics/4761 483
@/home/ec2-user/data/topics/1179 484
@/home/ec2-user/data/topics/3694 485
@/home/ec2-user/data/topics/1701 486
@/home/ec2-user/data/topics/3676 487
@/home/ec2-user/data/topics/4968 488
@/home/ec2-user/data/topics/2056 489
@/home/ec2-user/data/topics/4307 490
@/home/ec2-user/data/topics/4000 491
@/home/ec2-user/data/topics/4102 492
@/home/ec2-user/data/topics/4215 493
@/home/ec2-user/data/topics/4303 494
@/home/ec2-user/data/topics/4936 495
@/home/ec2-user/data/topics/3951 496
@/home/ec2-user/data/topics/4917 497
@/home/ec2-user/data/topics/1829 498
@/home/ec2-user/data/topics/3658 499
@/home/ec2-user/data/topics/4491 500
@/home/ec2-user/data/topics/3519 501
@/home/ec2-user/data/topics/2170 502
@/home/ec2-user/data/topics/3585 503
@/home/ec2-user/data/topics/3721 504
@/home/ec2-user/data/topics/2222 505
@/home/ec2-user/data/topics/1635 506
@/home/ec2-user/data/topics/4885 507
@/home/ec2-user/data/topics/1026 508
@/home/ec2-user/data/topics/3847 509
@/home/ec2-user/data/topics/5028 510
@/home/ec2-user/data/topics/3619 511
@/home/ec2-user/data/topics/2129 512
@/home/ec2-user/data/topics/1812 513
@/home/ec2-user/data/topics/1339 514
@/home/ec2-user/data/topics/1252 515
@/home/ec2-user/data/topics/3704 516
@/home/ec2-user/data/topics/4475 517
@/home/ec2-user/data/topics/3904 518
@/home/ec2-user/data/topics/3979 519
@/home/ec2-user/data/topics/4385 520
@/home/ec2-user/data/topics/1881 521
@/home/ec2-user/data/topics/4945 522
@/home/ec2-user/data/topics/3680 523
@/home/ec2-user/data/topics/1525 524
@/home/ec2-user/data/topics/4667 525
@/home/ec2-user/data/topics/4098 526
@/home/ec2-user/data/topics/4126 527
@/home/ec2-user/data/topics/4577 528
@/home/ec2-user/data/topics/3386 529
@/home/ec2-user/data/topics/4806 530
@/home/ec2-user/data/topics/3746 531
@/home/ec2-user/data/topics/4817 532
@/home/ec2-user/data/topics/4159 533
@/home/ec2-user/data/topics/1070 534
@/home/ec2-user/data/topics/1540 535
@/home/ec2-user/data/topics/3404 536
@/home/ec2-user/data/topics/4558 537
@/home/ec2-user/data/topics/1706 538
@/home/ec2-user/data/topics/4502 539
@/home/ec2-user/data/topics/4394 540
セイコーインスツルメンツ株式会社

@/home/ec2-user/data/topics/4088 541
@/home/ec2-user/data/topics/3626 541
@/home/ec2-user/data/topics/1707 542
@/home/ec2-user/data/topics/4203 543
@/home/ec2-user/data/topics/4151 544
@/home/ec2-user/data/topics/4036 545
@/home/ec2-user/data/topics/3825 546
@/home/ec2-user/data/topics/4190 547
@/home/ec2-user/data/topics/4997 548
ミノルタ株式会社

@/home/ec2-user/data/topics/4951 549
@/home/ec2-user/data/topics/1152 549
@/home/ec2-user/data/topics/3545 550
@/home/ec2-user/data/topics/2190 551
@/home/ec2-user/data/topics/3810 552
@/home/ec2-user/data/topics/4984 553
@/home/ec2-user/data/topics/3584 554
@/home/ec2-user/data/topics/4321 555
@/home/ec2-user/data/topics/4970 556
@/home/ec2-user/data/topics/4977 557
@/home/ec2-user/data/topics/4971 558
@/home/ec2-user/data/topics/4986 559
株式会社リコー

@/home/ec2-user/data/topics/1593 560
@/home/ec2-user/data/topics/1190 560
@/home/ec2-user/data/topics/3484 561
@/home/ec2-user/data/topics/2189 562
@/home/ec2-user/data/topics/1225 563
@/home/ec2-user/data/topics/3523 564
@/home/ec2-user/data/topics/3759 565
@/home/ec2-user/data/topics/1878 566
@/home/ec2-user/data/topics/2182 567
@/home/ec2-user/data/topics/1083 568
@/home/ec2-user/data/topics/1718 569
@/home/ec2-user/data/topics/1663 570
@/home/ec2-user/data/topics/1775 571
@/home/ec2-user/data/topics/3394 572
@/home/ec2-user/data/topics/3474 573
@/home/ec2-user/data/topics/4781 574
@/home/ec2-user/data/topics/1976 575
@/home/ec2-user/data/topics/1780 576
@/home/ec2-user/data/topics/2006 577
@/home/ec2-user/data/topics/1691 578
@/home/ec2-user/data/topics/1106 579
@/home/ec2-user/data/topics/3669 580
@/home/ec2-user/data/topics/2043 581
@/home/ec2-user/data/topics/3411 582
@/home/ec2-user/data/topics/1514 583
@/home/ec2-user/data/topics/3837 584
@/home/ec2-user/data/topics/1282 585
@/home/ec2-user/data/topics/1668 586
@/home/ec2-user/data/topics/2219 587
@/home/ec2-user/data/topics/2200 588
@/home/ec2-user/data/topics/3713 589
@/home/ec2-user/data/topics/1974 590
@/home/ec2-user/data/topics/3633 591
@/home/ec2-user/data/topics/3530 592
@/home/ec2-user/data/topics/4037 593
@/home/ec2-user/data/topics/3495 594
@/home/ec2-user/data/topics/3548 595
@/home/ec2-user/data/topics/4344 596
@/home/ec2-user/data/topics/2090 597
@/home/ec2-user/data/topics/1740 598
@/home/ec2-user/data/topics/3378 599
@/home/ec2-user/data/topics/1774 600
@/home/ec2-user/data/topics/1478 601
@/home/ec2-user/data/topics/3574 602
@/home/ec2-user/data/topics/2201 603
@/home/ec2-user/data/topics/1776 604
@/home/ec2-user/data/topics/1627 605
@/home/ec2-user/data/topics/3446 606
@/home/ec2-user/data/topics/3436 607
@/home/ec2-user/data/topics/1806 608
@/home/ec2-user/data/topics/1670 609
@/home/ec2-user/data/topics/1436 610
@/home/ec2-user/data/topics/3555 611
@/home/ec2-user/data/topics/3775 612
@/home/ec2-user/data/topics/3880 613
@/home/ec2-user/data/topics/1482 614
@/home/ec2-user/data/topics/1610 615
@/home/ec2-user/data/topics/3472 616
@/home/ec2-user/data/topics/3711 617
@/home/ec2-user/data/topics/3750 618
@/home/ec2-user/data/topics/1669 619
@/home/ec2-user/data/topics/1095 620
@/home/ec2-user/data/topics/3557 621
@/home/ec2-user/data/topics/4265 622
@/home/ec2-user/data/topics/4616 623
@/home/ec2-user/data/topics/1064 624
@/home/ec2-user/data/topics/3424 625
@/home/ec2-user/data/topics/1433 626
@/home/ec2-user/data/topics/4879 627
@/home/ec2-user/data/topics/1755 628
@/home/ec2-user/data/topics/3687 629
独立行政法人産業技術総合研究所

@/home/ec2-user/data/topics/4740 630
@/home/ec2-user/data/topics/4869 630
@/home/ec2-user/data/topics/4800 631
@/home/ec2-user/data/topics/1356 632
@/home/ec2-user/data/topics/4777 633
@/home/ec2-user/data/topics/4739 634
ソニー株式会社

@/home/ec2-user/data/topics/1778 635
@/home/ec2-user/data/topics/1147 635
@/home/ec2-user/data/topics/1926 636
@/home/ec2-user/data/topics/3456 637
@/home/ec2-user/data/topics/2048 638
@/home/ec2-user/data/topics/2105 639
@/home/ec2-user/data/topics/4184 640
@/home/ec2-user/data/topics/1426 641
@/home/ec2-user/data/topics/2058 642
@/home/ec2-user/data/topics/3872 643
@/home/ec2-user/data/topics/1233 644
@/home/ec2-user/data/topics/2094 645
@/home/ec2-user/data/topics/5027 646
@/home/ec2-user/data/topics/2075 647
@/home/ec2-user/data/topics/1397 648
@/home/ec2-user/data/topics/1884 649
@/home/ec2-user/data/topics/1602 650
@/home/ec2-user/data/topics/3392 651
@/home/ec2-user/data/topics/1679 652
@/home/ec2-user/data/topics/3975 653
@/home/ec2-user/data/topics/1912 654
@/home/ec2-user/data/topics/1435 655
@/home/ec2-user/data/topics/2037 656
@/home/ec2-user/data/topics/1954 657
@/home/ec2-user/data/topics/1291 658
@/home/ec2-user/data/topics/1471 659
@/home/ec2-user/data/topics/1892 660
@/home/ec2-user/data/topics/1836 661
@/home/ec2-user/data/topics/3924 662
@/home/ec2-user/data/topics/4219 663
@/home/ec2-user/data/topics/1749 664
@/home/ec2-user/data/topics/1059 665
@/home/ec2-user/data/topics/3955 666
@/home/ec2-user/data/topics/2059 667
@/home/ec2-user/data/topics/1218 668
@/home/ec2-user/data/topics/1414 669
@/home/ec2-user/data/topics/1873 670
@/home/ec2-user/data/topics/1967 671
@/home/ec2-user/data/topics/1102 672
@/home/ec2-user/data/topics/1686 673
@/home/ec2-user/data/topics/1380 674
@/home/ec2-user/data/topics/4224 675
@/home/ec2-user/data/topics/4351 676
@/home/ec2-user/data/topics/2052 677
@/home/ec2-user/data/topics/1491 678
@/home/ec2-user/data/topics/1298 679
@/home/ec2-user/data/topics/3401 680
富士ゼロックス株式会社

@/home/ec2-user/data/topics/3790 681
@/home/ec2-user/data/topics/3407 681
@/home/ec2-user/data/topics/1560 682
@/home/ec2-user/data/topics/3661 683
@/home/ec2-user/data/topics/4108 684
@/home/ec2-user/data/topics/3782 685
@/home/ec2-user/data/topics/3383 686
@/home/ec2-user/data/topics/3695 687
@/home/ec2-user/data/topics/3473 688
@/home/ec2-user/data/topics/5031 689
@/home/ec2-user/data/topics/3640 690
@/home/ec2-user/data/topics/3366 691
@/home/ec2-user/data/topics/1947 692
@/home/ec2-user/data/topics/3564 693
@/home/ec2-user/data/topics/3662 694
住友金属工業株式会社

@/home/ec2-user/data/topics/4295 695
@/home/ec2-user/data/topics/1268 695
@/home/ec2-user/data/topics/3577 696
@/home/ec2-user/data/topics/3655 697
@/home/ec2-user/data/topics/4733 698
@/home/ec2-user/data/topics/4322 699
@/home/ec2-user/data/topics/4991 700
@/home/ec2-user/data/topics/4534 701
@/home/ec2-user/data/topics/4021 702
@/home/ec2-user/data/topics/4182 703
@/home/ec2-user/data/topics/4661 704
@/home/ec2-user/data/topics/3826 705
日立電線株式会社

@/home/ec2-user/data/topics/1388 706
@/home/ec2-user/data/topics/3756 706
@/home/ec2-user/data/topics/1117 707
@/home/ec2-user/data/topics/4357 708
@/home/ec2-user/data/topics/4356 709
@/home/ec2-user/data/topics/3930 710
@/home/ec2-user/data/topics/4329 711
@/home/ec2-user/data/topics/1027 712
@/home/ec2-user/data/topics/1305 713
キヤノン株式会社

@/home/ec2-user/data/topics/3441 714
@/home/ec2-user/data/topics/2231 714
@/home/ec2-user/data/topics/3843 715
@/home/ec2-user/data/topics/1590 716
@/home/ec2-user/data/topics/3958 717
@/home/ec2-user/data/topics/1975 718
@/home/ec2-user/data/topics/3949 719
@/home/ec2-user/data/topics/4363 720
@/home/ec2-user/data/topics/3445 721
@/home/ec2-user/data/topics/2117 722
@/home/ec2-user/data/topics/4068 723
@/home/ec2-user/data/topics/3642 724
@/home/ec2-user/data/topics/3374 725
@/home/ec2-user/data/topics/3410 726
@/home/ec2-user/data/topics/1124 727
@/home/ec2-user/data/topics/3852 728
@/home/ec2-user/data/topics/1216 729
@/home/ec2-user/data/topics/3737 730
@/home/ec2-user/data/topics/3420 731
@/home/ec2-user/data/topics/3417 732
@/home/ec2-user/data/topics/4947 733
@/home/ec2-user/data/topics/3722 734
@/home/ec2-user/data/topics/4350 735
@/home/ec2-user/data/topics/3628 736
@/home/ec2-user/data/topics/1438 737
@/home/ec2-user/data/topics/4948 738
@/home/ec2-user/data/topics/1866 739
@/home/ec2-user/data/topics/1961 740
@/home/ec2-user/data/topics/1513 741
@/home/ec2-user/data/topics/3967 742
@/home/ec2-user/data/topics/3755 743
@/home/ec2-user/data/topics/1208 744
@/home/ec2-user/data/topics/3660 745
@/home/ec2-user/data/topics/1802 746
@/home/ec2-user/data/topics/1646 747
@/home/ec2-user/data/topics/4937 748
@/home/ec2-user/data/topics/2145 749
@/home/ec2-user/data/topics/1847 750
@/home/ec2-user/data/topics/4521 751
@/home/ec2-user/data/topics/1080 752
@/home/ec2-user/data/topics/1889 753
@/home/ec2-user/data/topics/4628 754
@/home/ec2-user/data/topics/3438 755
@/home/ec2-user/data/topics/2004 756
@/home/ec2-user/data/topics/4020 757
@/home/ec2-user/data/topics/3430 758
@/home/ec2-user/data/topics/3376 759
@/home/ec2-user/data/topics/1568 760
@/home/ec2-user/data/topics/2243 761
@/home/ec2-user/data/topics/1790 762
@/home/ec2-user/data/topics/1895 763
@/home/ec2-user/data/topics/4054 764
@/home/ec2-user/data/topics/3454 765
@/home/ec2-user/data/topics/4610 766
@/home/ec2-user/data/topics/1519 767
@/home/ec2-user/data/topics/3434 768
@/home/ec2-user/data/topics/2053 769
@/home/ec2-user/data/topics/3415 770
@/home/ec2-user/data/topics/4520 771
@/home/ec2-user/data/topics/1539 772
@/home/ec2-user/data/topics/1118 773
@/home/ec2-user/data/topics/1745 774
@/home/ec2-user/data/topics/3996 775
@/home/ec2-user/data/topics/1631 776
@/home/ec2-user/data/topics/1848 777
@/home/ec2-user/data/topics/3730 778
@/home/ec2-user/data/topics/1744 779
@/home/ec2-user/data/topics/2107 780
@/home/ec2-user/data/topics/1228 781
@/home/ec2-user/data/topics/3656 782
@/home/ec2-user/data/topics/3416 783
@/home/ec2-user/data/topics/3720 784
@/home/ec2-user/data/topics/1455 785
三洋電機株式会社

@/home/ec2-user/data/topics/1079 786
@/home/ec2-user/data/topics/3398 786
@/home/ec2-user/data/topics/3681 787
@/home/ec2-user/data/topics/4061 788
@/home/ec2-user/data/topics/3804 789
@/home/ec2-user/data/topics/4099 790
@/home/ec2-user/data/topics/1289 791
@/home/ec2-user/data/topics/2194 792
@/home/ec2-user/data/topics/4571 793
@/home/ec2-user/data/topics/4384 794
@/home/ec2-user/data/topics/3754 795
@/home/ec2-user/data/topics/3845 796
@/home/ec2-user/data/topics/1451 797
@/home/ec2-user/data/topics/4150 798
@/home/ec2-user/data/topics/1246 799
@/home/ec2-user/data/topics/1980 800
@/home/ec2-user/data/topics/3953 801
@/home/ec2-user/data/topics/3986 802
@/home/ec2-user/data/topics/3708 803
@/home/ec2-user/data/topics/4179 804
@/home/ec2-user/data/topics/1479 805
@/home/ec2-user/data/topics/3906 806
@/home/ec2-user/data/topics/4301 807
@/home/ec2-user/data/topics/3926 808
@/home/ec2-user/data/topics/5002 809
@/home/ec2-user/data/topics/3492 810
@/home/ec2-user/data/topics/3808 811
@/home/ec2-user/data/topics/2054 812
@/home/ec2-user/data/topics/4001 813
@/home/ec2-user/data/topics/4978 814
@/home/ec2-user/data/topics/1488 815
@/home/ec2-user/data/topics/3403 816
@/home/ec2-user/data/topics/4039 817
@/home/ec2-user/data/topics/4066 818
@/home/ec2-user/data/topics/3889 819
@/home/ec2-user/data/topics/2014 820
@/home/ec2-user/data/topics/4212 821
@/home/ec2-user/data/topics/1515 822
@/home/ec2-user/data/topics/4527 823
@/home/ec2-user/data/topics/4983 824
@/home/ec2-user/data/topics/1163 825
@/home/ec2-user/data/topics/1722 826
@/home/ec2-user/data/topics/3781 827
@/home/ec2-user/data/topics/4492 828
@/home/ec2-user/data/topics/2230 829
@/home/ec2-user/data/topics/3625 830
@/home/ec2-user/data/topics/4376 831
@/home/ec2-user/data/topics/4604 832
@/home/ec2-user/data/topics/4679 833
@/home/ec2-user/data/topics/4015 834
@/home/ec2-user/data/topics/4788 835
@/home/ec2-user/data/topics/4960 836
@/home/ec2-user/data/topics/3830 837
@/home/ec2-user/data/topics/1321 838
@/home/ec2-user/data/topics/4726 839
@/home/ec2-user/data/topics/4304 840
@/home/ec2-user/data/topics/1653 841
@/home/ec2-user/data/topics/4612 842
@/home/ec2-user/data/topics/4178 843
@/home/ec2-user/data/topics/4654 844
@/home/ec2-user/data/topics/3491 845
@/home/ec2-user/data/topics/1386 846
@/home/ec2-user/data/topics/1671 847
@/home/ec2-user/data/topics/3817 848
@/home/ec2-user/data/topics/5011 849
@/home/ec2-user/data/topics/2098 850
@/home/ec2-user/data/topics/4720 851
@/home/ec2-user/data/topics/4763 852
@/home/ec2-user/data/topics/4060 853
@/home/ec2-user/data/topics/1652 854
@/home/ec2-user/data/topics/3859 855
@/home/ec2-user/data/topics/3539 856
@/home/ec2-user/data/topics/4837 857
@/home/ec2-user/data/topics/4474 858
@/home/ec2-user/data/topics/3974 859
@/home/ec2-user/data/topics/3581 860
@/home/ec2-user/data/topics/2071 861
@/home/ec2-user/data/topics/2063 862
@/home/ec2-user/data/topics/4328 863
三菱電機株式会社

@/home/ec2-user/data/topics/3506 864
@/home/ec2-user/data/topics/4880 864
@/home/ec2-user/data/topics/3666 865
@/home/ec2-user/data/topics/4614 866
@/home/ec2-user/data/topics/3841 867
@/home/ec2-user/data/topics/3820 868
@/home/ec2-user/data/topics/3747 869
@/home/ec2-user/data/topics/3800 870
@/home/ec2-user/data/topics/1220 871
@/home/ec2-user/data/topics/4133 872
@/home/ec2-user/data/topics/1792 873
@/home/ec2-user/data/topics/4235 874
@/home/ec2-user/data/topics/4518 875
@/home/ec2-user/data/topics/3493 876
@/home/ec2-user/data/topics/3612 877
@/home/ec2-user/data/topics/4419 878
@/home/ec2-user/data/topics/4552 879
@/home/ec2-user/data/topics/3963 880
@/home/ec2-user/data/topics/4834 881
@/home/ec2-user/data/topics/3466 882
@/home/ec2-user/data/topics/3616 883
@/home/ec2-user/data/topics/4233 884
@/home/ec2-user/data/topics/4047 885
@/home/ec2-user/data/topics/3469 886
@/home/ec2-user/data/topics/4663 887
@/home/ec2-user/data/topics/4181 888
@/home/ec2-user/data/topics/4980 889
@/home/ec2-user/data/topics/4562 890
@/home/ec2-user/data/topics/3609 891
@/home/ec2-user/data/topics/3453 892
@/home/ec2-user/data/topics/2146 893
@/home/ec2-user/data/topics/1110 894
@/home/ec2-user/data/topics/3451 895
@/home/ec2-user/data/topics/4076 896
@/home/ec2-user/data/topics/1738 897
@/home/ec2-user/data/topics/1536 898
@/home/ec2-user/data/topics/3490 899
@/home/ec2-user/data/topics/4220 900
@/home/ec2-user/data/topics/5032 901
@/home/ec2-user/data/topics/1872 902
@/home/ec2-user/data/topics/3412 903
@/home/ec2-user/data/topics/3774 904
@/home/ec2-user/data/topics/3873 905
@/home/ec2-user/data/topics/3592 906
@/home/ec2-user/data/topics/5033 907
@/home/ec2-user/data/topics/4282 908
@/home/ec2-user/data/topics/4221 909
@/home/ec2-user/data/topics/3921 910
@/home/ec2-user/data/topics/3397 911
@/home/ec2-user/data/topics/4041 912
@/home/ec2-user/data/topics/3856 913
@/home/ec2-user/data/topics/4149 914
@/home/ec2-user/data/topics/3409 915
@/home/ec2-user/data/topics/1754 916
@/home/ec2-user/data/topics/3465 917
@/home/ec2-user/data/topics/4305 918
@/home/ec2-user/data/topics/3595 919
@/home/ec2-user/data/topics/4514 920
住友ゴム工業株式会社

@/home/ec2-user/data/topics/4406 921
@/home/ec2-user/data/topics/4048 921
@/home/ec2-user/data/topics/1114 922
@/home/ec2-user/data/topics/4568 923
@/home/ec2-user/data/topics/4597 924
@/home/ec2-user/data/topics/2007 925
@/home/ec2-user/data/topics/1758 926
セイコーエプソン株式会社

@/home/ec2-user/data/topics/3476 927
@/home/ec2-user/data/topics/4022 927
@/home/ec2-user/data/topics/1343 928
@/home/ec2-user/data/topics/1890 929
@/home/ec2-user/data/topics/3505 930
@/home/ec2-user/data/topics/4454 931
@/home/ec2-user/data/topics/4605 932
@/home/ec2-user/data/topics/3589 933
@/home/ec2-user/data/topics/4719 934
@/home/ec2-user/data/topics/3819 935
@/home/ec2-user/data/topics/1423 936
@/home/ec2-user/data/topics/1938 937
@/home/ec2-user/data/topics/4109 938
@/home/ec2-user/data/topics/3910 939
@/home/ec2-user/data/topics/3887 940
@/home/ec2-user/data/topics/3361 941
@/home/ec2-user/data/topics/4585 942
@/home/ec2-user/data/topics/4386 943
@/home/ec2-user/data/topics/1378 944
@/home/ec2-user/data/topics/3985 945
@/home/ec2-user/data/topics/2078 946
@/home/ec2-user/data/topics/4801 947
@/home/ec2-user/data/topics/2165 948
@/home/ec2-user/data/topics/1641 949
@/home/ec2-user/data/topics/1484 950
@/home/ec2-user/data/topics/4802 951
株式会社三共

@/home/ec2-user/data/topics/4374 952
@/home/ec2-user/data/topics/4868 952
@/home/ec2-user/data/topics/1189 953
@/home/ec2-user/data/topics/1648 954
@/home/ec2-user/data/topics/1086 955
@/home/ec2-user/data/topics/1665 956
@/home/ec2-user/data/topics/1377 957
@/home/ec2-user/data/topics/2123 958
@/home/ec2-user/data/topics/2060 959
沖電気工業株式会社

@/home/ec2-user/data/topics/3621 960
@/home/ec2-user/data/topics/3395 960
@/home/ec2-user/data/topics/3457 961
@/home/ec2-user/data/topics/3571 962
@/home/ec2-user/data/topics/1188 963
@/home/ec2-user/data/topics/3964 964
@/home/ec2-user/data/topics/4299 965
@/home/ec2-user/data/topics/1531 966
@/home/ec2-user/data/topics/3433 967
@/home/ec2-user/data/topics/4693 968
@/home/ec2-user/data/topics/3764 969
@/home/ec2-user/data/topics/4308 970
@/home/ec2-user/data/topics/4575 971
@/home/ec2-user/data/topics/3690 972
株式会社三星

@/home/ec2-user/data/topics/2108 973
@/home/ec2-user/data/topics/1728 973
@/home/ec2-user/data/topics/3942 974
@/home/ec2-user/data/topics/2198 975
@/home/ec2-user/data/topics/1260 976
@/home/ec2-user/data/topics/1733 977
日本ビクター株式会社

@/home/ec2-user/data/topics/1520 978
@/home/ec2-user/data/topics/4056 978
@/home/ec2-user/data/topics/1823 979
@/home/ec2-user/data/topics/3939 980
@/home/ec2-user/data/topics/3620 981
@/home/ec2-user/data/topics/1440 982
@/home/ec2-user/data/topics/4672 983
@/home/ec2-user/data/topics/3882 984
@/home/ec2-user/data/topics/1389 985
@/home/ec2-user/data/topics/3603 986
@/home/ec2-user/data/topics/4123 987
花王株式会社

@/home/ec2-user/data/topics/4287 988
@/home/ec2-user/data/topics/1767 988
@/home/ec2-user/data/topics/3753 989
@/home/ec2-user/data/topics/3884 990
@/home/ec2-user/data/topics/2214 991
@/home/ec2-user/data/topics/1196 992
@/home/ec2-user/data/topics/4445 993
@/home/ec2-user/data/topics/1022 994
@/home/ec2-user/data/topics/4249 995
@/home/ec2-user/data/topics/4827 996
@/home/ec2-user/data/topics/3999 997
@/home/ec2-user/data/topics/4211 998
@/home/ec2-user/data/topics/3812 999
三田工業株式会社

@/home/ec2-user/data/topics/2136 1000
@/home/ec2-user/data/topics/1269 1000
@/home/ec2-user/data/topics/1766 1001
@/home/ec2-user/data/topics/2155 1002
@/home/ec2-user/data/topics/3923 1003
@/home/ec2-user/data/topics/3604 1004
@/home/ec2-user/data/topics/1034 1005
@/home/ec2-user/data/topics/1033 1006
@/home/ec2-user/data/topics/3842 1007
豊丸産業株式会社

@/home/ec2-user/data/topics/1914 1008
@/home/ec2-user/data/topics/1401 1008
@/home/ec2-user/data/topics/1126 1009
@/home/ec2-user/data/topics/2011 1010
@/home/ec2-user/data/topics/1588 1011
@/home/ec2-user/data/topics/1713 1012
@/home/ec2-user/data/topics/1138 1013
@/home/ec2-user/data/topics/2169 1014
@/home/ec2-user/data/topics/4847 1015
@/home/ec2-user/data/topics/3672 1016
@/home/ec2-user/data/topics/1097 1017
@/home/ec2-user/data/topics/1726 1018
@/home/ec2-user/data/topics/1353 1019
@/home/ec2-user/data/topics/1284 1020
@/home/ec2-user/data/topics/1677 1021
鐘紡株式会社

@/home/ec2-user/data/topics/1304 1022
@/home/ec2-user/data/topics/2185 1022
@/home/ec2-user/data/topics/4195 1023
@/home/ec2-user/data/topics/1178 1024
@/home/ec2-user/data/topics/3560 1025
@/home/ec2-user/data/topics/1842 1026
@/home/ec2-user/data/topics/3551 1027
@/home/ec2-user/data/topics/3634 1028
@/home/ec2-user/data/topics/1886 1029
@/home/ec2-user/data/topics/2223 1030
@/home/ec2-user/data/topics/1367 1031
@/home/ec2-user/data/topics/1901 1032
@/home/ec2-user/data/topics/3566 1033
@/home/ec2-user/data/topics/1870 1034
@/home/ec2-user/data/topics/1054 1035
@/home/ec2-user/data/topics/2034 1036
株式会社デンソー

@/home/ec2-user/data/topics/1028 1037
@/home/ec2-user/data/topics/4805 1037
@/home/ec2-user/data/topics/3480 1038
@/home/ec2-user/data/topics/4498 1039
@/home/ec2-user/data/topics/3406 1040
@/home/ec2-user/data/topics/4656 1041
@/home/ec2-user/data/topics/4840 1042
@/home/ec2-user/data/topics/4024 1043
@/home/ec2-user/data/topics/4622 1044
@/home/ec2-user/data/topics/4675 1045
@/home/ec2-user/data/topics/4046 1046
@/home/ec2-user/data/topics/3710 1047
@/home/ec2-user/data/topics/4483 1048
@/home/ec2-user/data/topics/3421 1049
@/home/ec2-user/data/topics/4164 1050
@/home/ec2-user/data/topics/4423 1051
@/home/ec2-user/data/topics/1855 1052
富士写真フイルム株式会社

@/home/ec2-user/data/topics/3354 1053
@/home/ec2-user/data/topics/1662 1053
@/home/ec2-user/data/topics/3857 1054
@/home/ec2-user/data/topics/1603 1055
@/home/ec2-user/data/topics/2134 1056
@/home/ec2-user/data/topics/4962 1057
@/home/ec2-user/data/topics/3911 1058
@/home/ec2-user/data/topics/3918 1059
@/home/ec2-user/data/topics/1244 1060
@/home/ec2-user/data/topics/1570 1061
@/home/ec2-user/data/topics/3447 1062
京セラ株式会社

@/home/ec2-user/data/topics/4513 1063
@/home/ec2-user/data/topics/1913 1063
@/home/ec2-user/data/topics/3741 1064
@/home/ec2-user/data/topics/1741 1065
@/home/ec2-user/data/topics/4340 1066
@/home/ec2-user/data/topics/3615 1067
@/home/ec2-user/data/topics/3869 1068
@/home/ec2-user/data/topics/4901 1069
@/home/ec2-user/data/topics/3593 1070
@/home/ec2-user/data/topics/1485 1071
@/home/ec2-user/data/topics/1708 1072
@/home/ec2-user/data/topics/4031 1073
イビデン株式会社

@/home/ec2-user/data/topics/1315 1074
@/home/ec2-user/data/topics/2033 1074
@/home/ec2-user/data/topics/1336 1075
@/home/ec2-user/data/topics/1682 1076
@/home/ec2-user/data/topics/1770 1077
@/home/ec2-user/data/topics/1952 1078
@/home/ec2-user/data/topics/3814 1079
株式会社東芝

@/home/ec2-user/data/topics/3380 1080
@/home/ec2-user/data/topics/4140 1080
@/home/ec2-user/data/topics/3363 1081
@/home/ec2-user/data/topics/4566 1082
@/home/ec2-user/data/topics/4842 1083
@/home/ec2-user/data/topics/4912 1084
@/home/ec2-user/data/topics/1205 1085
@/home/ec2-user/data/topics/3542 1086
@/home/ec2-user/data/topics/4361 1087
@/home/ec2-user/data/topics/2241 1088
@/home/ec2-user/data/topics/3688 1089
@/home/ec2-user/data/topics/4165 1090
@/home/ec2-user/data/topics/4302 1091
@/home/ec2-user/data/topics/4183 1092
@/home/ec2-user/data/topics/3734 1093
@/home/ec2-user/data/topics/3716 1094
@/home/ec2-user/data/topics/4881 1095
@/home/ec2-user/data/topics/4197 1096
@/home/ec2-user/data/topics/1756 1097
@/home/ec2-user/data/topics/1757 1098
@/home/ec2-user/data/topics/1585 1099
@/home/ec2-user/data/topics/1132 1100
@/home/ec2-user/data/topics/4096 1101
@/home/ec2-user/data/topics/3689 1102
@/home/ec2-user/data/topics/3618 1103
@/home/ec2-user/data/topics/4057 1104
@/home/ec2-user/data/topics/3988 1105
@/home/ec2-user/data/topics/4631 1106
@/home/ec2-user/data/topics/3732 1107
@/home/ec2-user/data/topics/3948 1108
@/home/ec2-user/data/topics/3834 1109
@/home/ec2-user/data/topics/3352 1110
@/home/ec2-user/data/topics/4089 1111
@/home/ec2-user/data/topics/4535 1112
@/home/ec2-user/data/topics/1332 1113
@/home/ec2-user/data/topics/4623 1114
@/home/ec2-user/data/topics/3462 1115
@/home/ec2-user/data/topics/1997 1116
@/home/ec2-user/data/topics/4863 1117
@/home/ec2-user/data/topics/4594 1118
@/home/ec2-user/data/topics/1819 1119
@/home/ec2-user/data/topics/3360 1120
@/home/ec2-user/data/topics/4751 1121
@/home/ec2-user/data/topics/4755 1122
@/home/ec2-user/data/topics/3990 1123
@/home/ec2-user/data/topics/4336 1124
@/home/ec2-user/data/topics/4292 1125
@/home/ec2-user/data/topics/4009 1126
@/home/ec2-user/data/topics/4935 1127
@/home/ec2-user/data/topics/3890 1128
@/home/ec2-user/data/topics/3598 1129
@/home/ec2-user/data/topics/3683 1130
@/home/ec2-user/data/topics/3351 1131
@/home/ec2-user/data/topics/4172 1132
@/home/ec2-user/data/topics/3780 1133
@/home/ec2-user/data/topics/4381 1134
@/home/ec2-user/data/topics/3795 1135
@/home/ec2-user/data/topics/4509 1136
@/home/ec2-user/data/topics/1090 1137
@/home/ec2-user/data/topics/3881 1138
@/home/ec2-user/data/topics/3851 1139
ヤマハ株式会社

@/home/ec2-user/data/topics/1676 1140
@/home/ec2-user/data/topics/4045 1140
@/home/ec2-user/data/topics/1720 1141
@/home/ec2-user/data/topics/4177 1142
@/home/ec2-user/data/topics/4954 1143
@/home/ec2-user/data/topics/4125 1144
@/home/ec2-user/data/topics/4919 1145
@/home/ec2-user/data/topics/1911 1146
@/home/ec2-user/data/topics/1443 1147
@/home/ec2-user/data/topics/4084 1148
@/home/ec2-user/data/topics/3972 1149
@/home/ec2-user/data/topics/4010 1150
@/home/ec2-user/data/topics/4145 1151
東洋紡績株式会社

@/home/ec2-user/data/topics/3769 1152
@/home/ec2-user/data/topics/4284 1152
@/home/ec2-user/data/topics/1029 1153
@/home/ec2-user/data/topics/4362 1154
@/home/ec2-user/data/topics/1613 1155
@/home/ec2-user/data/topics/4366 1156
三菱化学株式会社

@/home/ec2-user/data/topics/3513 1157
@/home/ec2-user/data/topics/1197 1157
@/home/ec2-user/data/topics/1902 1158
@/home/ec2-user/data/topics/3458 1159
@/home/ec2-user/data/topics/3638 1160
@/home/ec2-user/data/topics/1699 1161
カシオ計算機株式会社

@/home/ec2-user/data/topics/1047 1162
@/home/ec2-user/data/topics/1368 1162
@/home/ec2-user/data/topics/2237 1163
@/home/ec2-user/data/topics/2180 1164
@/home/ec2-user/data/topics/1794 1165
@/home/ec2-user/data/topics/1535 1166
@/home/ec2-user/data/topics/3391 1167
@/home/ec2-user/data/topics/1235 1168
コナミ株式会社

@/home/ec2-user/data/topics/2151 1169
@/home/ec2-user/data/topics/1672 1169
@/home/ec2-user/data/topics/4681 1170
@/home/ec2-user/data/topics/2100 1171
@/home/ec2-user/data/topics/5015 1172
@/home/ec2-user/data/topics/1621 1173
@/home/ec2-user/data/topics/4602 1174
@/home/ec2-user/data/topics/1302 1175
大日本スクリーン製造株式会社

@/home/ec2-user/data/topics/3742 1176
@/home/ec2-user/data/topics/2172 1176
@/home/ec2-user/data/topics/2209 1177
@/home/ec2-user/data/topics/1173 1178
@/home/ec2-user/data/topics/1779 1179
@/home/ec2-user/data/topics/1608 1180
@/home/ec2-user/data/topics/1130 1181
オムロン株式会社

@/home/ec2-user/data/topics/1067 1182
@/home/ec2-user/data/topics/3863 1182
@/home/ec2-user/data/topics/3700 1183
@/home/ec2-user/data/topics/1533 1184
@/home/ec2-user/data/topics/1135 1185
@/home/ec2-user/data/topics/1579 1186
@/home/ec2-user/data/topics/1841 1187
@/home/ec2-user/data/topics/1151 1188
@/home/ec2-user/data/topics/3597 1189
@/home/ec2-user/data/topics/4771 1190
@/home/ec2-user/data/topics/2096 1191
@/home/ec2-user/data/topics/3748 1192
@/home/ec2-user/data/topics/3594 1193
@/home/ec2-user/data/topics/1657 1194
@/home/ec2-user/data/topics/1933 1195
株式会社日立製作所

@/home/ec2-user/data/topics/4830 1196
@/home/ec2-user/data/topics/1278 1196
@/home/ec2-user/data/topics/4166 1197
@/home/ec2-user/data/topics/3432 1198
@/home/ec2-user/data/topics/3570 1199
@/home/ec2-user/data/topics/3822 1200
@/home/ec2-user/data/topics/3648 1201
@/home/ec2-user/data/topics/3994 1202
@/home/ec2-user/data/topics/4122 1203
@/home/ec2-user/data/topics/3384 1204
@/home/ec2-user/data/topics/1562 1205
@/home/ec2-user/data/topics/4058 1206
@/home/ec2-user/data/topics/1651 1207
@/home/ec2-user/data/topics/3440 1208
@/home/ec2-user/data/topics/4990 1209
@/home/ec2-user/data/topics/1880 1210
@/home/ec2-user/data/topics/1501 1211
@/home/ec2-user/data/topics/4493 1212
@/home/ec2-user/data/topics/4401 1213
@/home/ec2-user/data/topics/1667 1214
@/home/ec2-user/data/topics/4559 1215
@/home/ec2-user/data/topics/3965 1216
@/home/ec2-user/data/topics/1825 1217
@/home/ec2-user/data/topics/4799 1218
@/home/ec2-user/data/topics/3596 1219
@/home/ec2-user/data/topics/1487 1220
@/home/ec2-user/data/topics/4402 1221
@/home/ec2-user/data/topics/4489 1222
@/home/ec2-user/data/topics/1072 1223
@/home/ec2-user/data/topics/1296 1224
@/home/ec2-user/data/topics/1882 1225
@/home/ec2-user/data/topics/4420 1226
@/home/ec2-user/data/topics/3993 1227
@/home/ec2-user/data/topics/4545 1228
@/home/ec2-user/data/topics/3691 1229
@/home/ec2-user/data/topics/1463 1230
@/home/ec2-user/data/topics/3779 1231
@/home/ec2-user/data/topics/3439 1232
@/home/ec2-user/data/topics/1833 1233
@/home/ec2-user/data/topics/1987 1234
@/home/ec2-user/data/topics/1082 1235
@/home/ec2-user/data/topics/3488 1236
@/home/ec2-user/data/topics/1693 1237
@/home/ec2-user/data/topics/3471 1238
@/home/ec2-user/data/topics/1340 1239
@/home/ec2-user/data/topics/3599 1240
@/home/ec2-user/data/topics/2081 1241
@/home/ec2-user/data/topics/1247 1242
@/home/ec2-user/data/topics/4621 1243
@/home/ec2-user/data/topics/3665 1244
@/home/ec2-user/data/topics/1334 1245
@/home/ec2-user/data/topics/5030 1246
@/home/ec2-user/data/topics/2019 1247
@/home/ec2-user/data/topics/3588 1248
@/home/ec2-user/data/topics/3659 1249
@/home/ec2-user/data/topics/4547 1250
@/home/ec2-user/data/topics/3350 1251
@/home/ec2-user/data/topics/1826 1252
@/home/ec2-user/data/topics/5029 1253
@/home/ec2-user/data/topics/1249 1254
@/home/ec2-user/data/topics/2239 1255
@/home/ec2-user/data/topics/4551 1256
@/home/ec2-user/data/topics/1105 1257
@/home/ec2-user/data/topics/3461 1258
@/home/ec2-user/data/topics/4040 1259
@/home/ec2-user/data/topics/3524 1260
@/home/ec2-user/data/topics/3968 1261
@/home/ec2-user/data/topics/3706 1262
@/home/ec2-user/data/topics/1640 1263
@/home/ec2-user/data/topics/3973 1264
@/home/ec2-user/data/topics/2184 1265
@/home/ec2-user/data/topics/3772 1266
@/home/ec2-user/data/topics/3531 1267
@/home/ec2-user/data/topics/4943 1268
凸版印刷株式会社

@/home/ec2-user/data/topics/4874 1269
@/home/ec2-user/data/topics/3500 1269
@/home/ec2-user/data/topics/3526 1270
@/home/ec2-user/data/topics/1091 1271
@/home/ec2-user/data/topics/1977 1272
@/home/ec2-user/data/topics/3624 1273
@/home/ec2-user/data/topics/1765 1274
株式会社ノーリツ

@/home/ec2-user/data/topics/1290 1275
@/home/ec2-user/data/topics/1618 1275
@/home/ec2-user/data/topics/4206 1276
@/home/ec2-user/data/topics/4354 1277
@/home/ec2-user/data/topics/4776 1278
@/home/ec2-user/data/topics/1760 1279
@/home/ec2-user/data/topics/1598 1280
@/home/ec2-user/data/topics/2116 1281
川崎重工業株式会社

@/home/ec2-user/data/topics/1172 1282
@/home/ec2-user/data/topics/4866 1282
@/home/ec2-user/data/topics/1162 1283
@/home/ec2-user/data/topics/5025 1284
@/home/ec2-user/data/topics/4756 1285
@/home/ec2-user/data/topics/4793 1286
@/home/ec2-user/data/topics/4944 1287
@/home/ec2-user/data/topics/4572 1288
ティーディーケイ株式会社

@/home/ec2-user/data/topics/1409 1289
@/home/ec2-user/data/topics/1510 1289
@/home/ec2-user/data/topics/1129 1290
@/home/ec2-user/data/topics/4619 1291
@/home/ec2-user/data/topics/3909 1292
@/home/ec2-user/data/topics/3798 1293
@/home/ec2-user/data/topics/2210 1294
@/home/ec2-user/data/topics/2202 1295
@/home/ec2-user/data/topics/3792 1296
京セラミタ株式会社

@/home/ec2-user/data/topics/4564 1297
@/home/ec2-user/data/topics/1032 1297
@/home/ec2-user/data/topics/4174 1298
@/home/ec2-user/data/topics/4973 1299
@/home/ec2-user/data/topics/4985 1300
@/home/ec2-user/data/topics/2141 1301
@/home/ec2-user/data/topics/1930 1302
株式会社クボタ

@/home/ec2-user/data/topics/1734 1303
@/home/ec2-user/data/topics/3919 1303
@/home/ec2-user/data/topics/4379 1304
@/home/ec2-user/data/topics/4251 1305
@/home/ec2-user/data/topics/1280 1306
@/home/ec2-user/data/topics/3823 1307
@/home/ec2-user/data/topics/1448 1308
@/home/ec2-user/data/topics/3854 1309
@/home/ec2-user/data/topics/1012 1310
@/home/ec2-user/data/topics/4745 1311
シャープ株式会社

@/home/ec2-user/data/topics/4230 1312
@/home/ec2-user/data/topics/3978 1312
@/home/ec2-user/data/topics/3606 1313
@/home/ec2-user/data/topics/1384 1314
@/home/ec2-user/data/topics/3649 1315
@/home/ec2-user/data/topics/4256 1316
@/home/ec2-user/data/topics/4516 1317
@/home/ec2-user/data/topics/3813 1318
@/home/ec2-user/data/topics/4349 1319
@/home/ec2-user/data/topics/2087 1320
@/home/ec2-user/data/topics/4252 1321
@/home/ec2-user/data/topics/2020 1322
@/home/ec2-user/data/topics/4245 1323
@/home/ec2-user/data/topics/3678 1324
@/home/ec2-user/data/topics/3855 1325
@/home/ec2-user/data/topics/3895 1326
@/home/ec2-user/data/topics/4105 1327
@/home/ec2-user/data/topics/3777 1328
@/home/ec2-user/data/topics/1563 1329
@/home/ec2-user/data/topics/4744 1330
@/home/ec2-user/data/topics/4095 1331
@/home/ec2-user/data/topics/2118 1332
@/home/ec2-user/data/topics/3858 1333
@/home/ec2-user/data/topics/1685 1334
@/home/ec2-user/data/topics/4323 1335
@/home/ec2-user/data/topics/1209 1336
@/home/ec2-user/data/topics/1396 1337
@/home/ec2-user/data/topics/3578 1338
@/home/ec2-user/data/topics/4691 1339
@/home/ec2-user/data/topics/4782 1340
@/home/ec2-user/data/topics/3981 1341
@/home/ec2-user/data/topics/3832 1342
@/home/ec2-user/data/topics/1318 1343
@/home/ec2-user/data/topics/3673 1344
@/home/ec2-user/data/topics/4430 1345
@/home/ec2-user/data/topics/3957 1346
@/home/ec2-user/data/topics/1174 1347
@/home/ec2-user/data/topics/4717 1348
@/home/ec2-user/data/topics/4648 1349
@/home/ec2-user/data/topics/4683 1350
@/home/ec2-user/data/topics/4005 1351
@/home/ec2-user/data/topics/4583 1352
@/home/ec2-user/data/topics/4152 1353
@/home/ec2-user/data/topics/4519 1354
@/home/ec2-user/data/topics/4127 1355
@/home/ec2-user/data/topics/4103 1356
@/home/ec2-user/data/topics/3422 1357
@/home/ec2-user/data/topics/3610 1358
@/home/ec2-user/data/topics/1154 1359
@/home/ec2-user/data/topics/1349 1360
@/home/ec2-user/data/topics/1431 1361
@/home/ec2-user/data/topics/3450 1362
@/home/ec2-user/data/topics/3941 1363
@/home/ec2-user/data/topics/3966 1364
@/home/ec2-user/data/topics/1970 1365
@/home/ec2-user/data/topics/3793 1366
@/home/ec2-user/data/topics/1561 1367
@/home/ec2-user/data/topics/4173 1368
@/home/ec2-user/data/topics/4228 1369
@/home/ec2-user/data/topics/3776 1370
@/home/ec2-user/data/topics/4113 1371
@/home/ec2-user/data/topics/4263 1372
@/home/ec2-user/data/topics/3762 1373
@/home/ec2-user/data/topics/4214 1374
@/home/ec2-user/data/topics/3871 1375
@/home/ec2-user/data/topics/4861 1376
@/home/ec2-user/data/topics/3760 1377
@/home/ec2-user/data/topics/3452 1378
@/home/ec2-user/data/topics/1840 1379
@/home/ec2-user/data/topics/3698 1380
@/home/ec2-user/data/topics/1288 1381
@/home/ec2-user/data/topics/1965 1382
@/home/ec2-user/data/topics/2084 1383
@/home/ec2-user/data/topics/1258 1384
@/home/ec2-user/data/topics/4019 1385
@/home/ec2-user/data/topics/3537 1386
@/home/ec2-user/data/topics/4469 1387
@/home/ec2-user/data/topics/4124 1388
@/home/ec2-user/data/topics/3679 1389
@/home/ec2-user/data/topics/1419 1390
@/home/ec2-user/data/topics/1804 1391
日本輸送機株式会社

@/home/ec2-user/data/topics/1108 1392
@/home/ec2-user/data/topics/1493 1392
@/home/ec2-user/data/topics/2065 1393
@/home/ec2-user/data/topics/1940 1394
@/home/ec2-user/data/topics/2221 1395
@/home/ec2-user/data/topics/3573 1396
@/home/ec2-user/data/topics/1191 1397
@/home/ec2-user/data/topics/1456 1398
東京エレクトロン株式会社

@/home/ec2-user/data/topics/4345 1399
@/home/ec2-user/data/topics/1263 1399
@/home/ec2-user/data/topics/1508 1400
@/home/ec2-user/data/topics/4053 1401
@/home/ec2-user/data/topics/4002 1402
@/home/ec2-user/data/topics/3947 1403
@/home/ec2-user/data/topics/4618 1404
@/home/ec2-user/data/topics/4906 1405
@/home/ec2-user/data/topics/4702 1406
@/home/ec2-user/data/topics/1736 1407
@/home/ec2-user/data/topics/1800 1408
@/home/ec2-user/data/topics/4023 1409
株式会社村田製作所

@/home/ec2-user/data/topics/4163 1410
@/home/ec2-user/data/topics/3482 1410
@/home/ec2-user/data/topics/4271 1411
@/home/ec2-user/data/topics/4703 1412
@/home/ec2-user/data/topics/3697 1413
@/home/ec2-user/data/topics/4417 1414
@/home/ec2-user/data/topics/4042 1415
@/home/ec2-user/data/topics/4070 1416
@/home/ec2-user/data/topics/1374 1417
@/home/ec2-user/data/topics/3435 1418
@/home/ec2-user/data/topics/4795 1419
@/home/ec2-user/data/topics/1411 1420
@/home/ec2-user/data/topics/3885 1421
@/home/ec2-user/data/topics/2229 1422
@/home/ec2-user/data/topics/4432 1423
@/home/ec2-user/data/topics/4378 1424
@/home/ec2-user/data/topics/4325 1425
日本電信電話株式会社

@/home/ec2-user/data/topics/4865 1426
@/home/ec2-user/data/topics/3568 1426
@/home/ec2-user/data/topics/4488 1427
@/home/ec2-user/data/topics/4505 1428
@/home/ec2-user/data/topics/1042 1429
@/home/ec2-user/data/topics/3586 1430
@/home/ec2-user/data/topics/3552 1431
@/home/ec2-user/data/topics/4916 1432
@/home/ec2-user/data/topics/4870 1433
@/home/ec2-user/data/topics/4025 1434
@/home/ec2-user/data/topics/3509 1435
@/home/ec2-user/data/topics/4115 1436
@/home/ec2-user/data/topics/3927 1437
@/home/ec2-user/data/topics/1787 1438
@/home/ec2-user/data/topics/4146 1439
@/home/ec2-user/data/topics/4118 1440
@/home/ec2-user/data/topics/3425 1441
@/home/ec2-user/data/topics/4952 1442
@/home/ec2-user/data/topics/3928 1443
@/home/ec2-user/data/topics/1229 1444
@/home/ec2-user/data/topics/4114 1445
@/home/ec2-user/data/topics/4925 1446
@/home/ec2-user/data/topics/4443 1447
@/home/ec2-user/data/topics/4965 1448
@/home/ec2-user/data/topics/1934 1449
@/home/ec2-user/data/topics/4560 1450
@/home/ec2-user/data/topics/4964 1451
@/home/ec2-user/data/topics/3359 1452
@/home/ec2-user/data/topics/4511 1453
@/home/ec2-user/data/topics/3894 1454
@/home/ec2-user/data/topics/1809 1455
@/home/ec2-user/data/topics/3521 1456
@/home/ec2-user/data/topics/4335 1457
@/home/ec2-user/data/topics/4121 1458
@/home/ec2-user/data/topics/4104 1459
@/home/ec2-user/data/topics/2017 1460
@/home/ec2-user/data/topics/3536 1461
@/home/ec2-user/data/topics/4664 1462
@/home/ec2-user/data/topics/4175 1463
@/home/ec2-user/data/topics/3811 1464
@/home/ec2-user/data/topics/1408 1465
@/home/ec2-user/data/topics/4087 1466
@/home/ec2-user/data/topics/4232 1467
@/home/ec2-user/data/topics/4792 1468
@/home/ec2-user/data/topics/3650 1469
@/home/ec2-user/data/topics/3785 1470
@/home/ec2-user/data/topics/4836 1471
@/home/ec2-user/data/topics/3915 1472
@/home/ec2-user/data/topics/3641 1473
@/home/ec2-user/data/topics/1556 1474
@/home/ec2-user/data/topics/1230 1475
@/home/ec2-user/data/topics/2130 1476
@/home/ec2-user/data/topics/3544 1477
@/home/ec2-user/data/topics/4208 1478
@/home/ec2-user/data/topics/3824 1479
@/home/ec2-user/data/topics/4131 1480
日本鋼管株式会社

@/home/ec2-user/data/topics/4289 1481
@/home/ec2-user/data/topics/1690 1481
@/home/ec2-user/data/topics/1404 1482
@/home/ec2-user/data/topics/4161 1483
@/home/ec2-user/data/topics/3572 1484
@/home/ec2-user/data/topics/2095 1485
@/home/ec2-user/data/topics/4455 1486
株式会社神戸製鋼所

@/home/ec2-user/data/topics/3902 1487
@/home/ec2-user/data/topics/1465 1487
@/home/ec2-user/data/topics/4949 1488
@/home/ec2-user/data/topics/3632 1489
@/home/ec2-user/data/topics/3475 1490
@/home/ec2-user/data/topics/2064 1491
@/home/ec2-user/data/topics/3674 1492
株式会社ケンウッド

@/home/ec2-user/data/topics/1698 1493
@/home/ec2-user/data/topics/1241 1493
@/home/ec2-user/data/topics/3969 1494
@/home/ec2-user/data/topics/3977 1495
@/home/ec2-user/data/topics/4050 1496
@/home/ec2-user/data/topics/3801 1497
@/home/ec2-user/data/topics/1424 1498
@/home/ec2-user/data/topics/1115 1499
@/home/ec2-user/data/topics/4038 1500
@/home/ec2-user/data/topics/3839 1501
@/home/ec2-user/data/topics/1617 1502
@/home/ec2-user/data/topics/3878 1503
@/home/ec2-user/data/topics/3463 1504
@/home/ec2-user/data/topics/4167 1505
@/home/ec2-user/data/topics/4467 1506
@/home/ec2-user/data/topics/1186 1507
@/home/ec2-user/data/topics/2163 1508
@/home/ec2-user/data/topics/2036 1509
@/home/ec2-user/data/topics/1896 1510
@/home/ec2-user/data/topics/3794 1511
@/home/ec2-user/data/topics/1345 1512
東陶機器株式会社

@/home/ec2-user/data/topics/2135 1513
@/home/ec2-user/data/topics/3821 1513
@/home/ec2-user/data/topics/3583 1514
@/home/ec2-user/data/topics/1735 1515
@/home/ec2-user/data/topics/1692 1516
@/home/ec2-user/data/topics/1626 1517
本田技研工業株式会社

@/home/ec2-user/data/topics/2000 1518
@/home/ec2-user/data/topics/4033 1518
@/home/ec2-user/data/topics/1143 1519
@/home/ec2-user/data/topics/4783 1520
@/home/ec2-user/data/topics/4375 1521
@/home/ec2-user/data/topics/4331 1522
@/home/ec2-user/data/topics/4199 1523
@/home/ec2-user/data/topics/1444 1524
@/home/ec2-user/data/topics/5026 1525
@/home/ec2-user/data/topics/3685 1526
@/home/ec2-user/data/topics/1822 1527
@/home/ec2-user/data/topics/4888 1528
@/home/ec2-user/data/topics/2016 1529
@/home/ec2-user/data/topics/1266 1530
@/home/ec2-user/data/topics/4132 1531
@/home/ec2-user/data/topics/1226 1532
@/home/ec2-user/data/topics/1215 1533
@/home/ec2-user/data/topics/1605 1534
@/home/ec2-user/data/topics/1818 1535
新日本製鐵株式会社

@/home/ec2-user/data/topics/3368 1536
@/home/ec2-user/data/topics/3663 1536
@/home/ec2-user/data/topics/3861 1537
@/home/ec2-user/data/topics/3899 1538
@/home/ec2-user/data/topics/5008 1539
@/home/ec2-user/data/topics/4472 1540
松下電工株式会社

@/home/ec2-user/data/topics/4347 1541
@/home/ec2-user/data/topics/3379 1541
@/home/ec2-user/data/topics/4029 1542
@/home/ec2-user/data/topics/3778 1543
@/home/ec2-user/data/topics/1251 1544
@/home/ec2-user/data/topics/4450 1545
@/home/ec2-user/data/topics/3549 1546
@/home/ec2-user/data/topics/4094 1547
@/home/ec2-user/data/topics/3565 1548
@/home/ec2-user/data/topics/3651 1549
@/home/ec2-user/data/topics/4317 1550
@/home/ec2-user/data/topics/3932 1551
@/home/ec2-user/data/topics/4083 1552
@/home/ec2-user/data/topics/2045 1553
@/home/ec2-user/data/topics/3670 1554
@/home/ec2-user/data/topics/1011 1555
@/home/ec2-user/data/topics/3835 1556
@/home/ec2-user/data/topics/1803 1557
@/home/ec2-user/data/topics/3511 1558
@/home/ec2-user/data/topics/4592 1559
@/home/ec2-user/data/topics/4012 1560
@/home/ec2-user/data/topics/1311 1561
usernum: 72
simhit: 1513
simmax: 0.60986801104
simmin: 0.0
simavg: 0.197245451444
total: 1562
simhit/total: 0.968629961588

2017-01-13 23:26:04.516399
