2017-01-13 23:12:49.305766

topic-folder:/home/ec2-user/data/topics/
cl-file:rand6
cl-floder:/home/ec2-user/data/ldaclass-64-2000-top1000/
zipf:-0.2
stype[0(tfidf)/1(tfidf2)/2(lsa)/3(lda)]:3
dtype[<0(diff*rand)/0(diff)/1(same)/>=2(diff*same)]:0
output-floder:result

三菱マテリアル株式会社

@/home/ec2-user/data/topics/1638 0
@/home/ec2-user/data/topics/3630 0
@/home/ec2-user/data/topics/3470 1
@/home/ec2-user/data/topics/3520 2
@/home/ec2-user/data/topics/3546 3
@/home/ec2-user/data/topics/3866 4
@/home/ec2-user/data/topics/1085 5
@/home/ec2-user/data/topics/2093 6
日本精機株式会社

@/home/ec2-user/data/topics/4972 7
@/home/ec2-user/data/topics/1398 7
@/home/ec2-user/data/topics/4875 8
@/home/ec2-user/data/topics/4690 9
@/home/ec2-user/data/topics/4709 10
@/home/ec2-user/data/topics/4907 11
コニカ株式会社

@/home/ec2-user/data/topics/3357 12
@/home/ec2-user/data/topics/1946 12
@/home/ec2-user/data/topics/3418 13
@/home/ec2-user/data/topics/2162 14
@/home/ec2-user/data/topics/3419 15
@/home/ec2-user/data/topics/3431 16
@/home/ec2-user/data/topics/3486 17
@/home/ec2-user/data/topics/3414 18
@/home/ec2-user/data/topics/3370 19
@/home/ec2-user/data/topics/3533 20
@/home/ec2-user/data/topics/3426 21
埼玉日本電気株式会社

@/home/ec2-user/data/topics/4998 22
@/home/ec2-user/data/topics/4283 22
@/home/ec2-user/data/topics/1620 23
@/home/ec2-user/data/topics/5010 24
@/home/ec2-user/data/topics/4468 25
@/home/ec2-user/data/topics/4279 26
@/home/ec2-user/data/topics/4242 27
@/home/ec2-user/data/topics/4496 28
@/home/ec2-user/data/topics/1512 29
アルプス電気株式会社

@/home/ec2-user/data/topics/2012 30
@/home/ec2-user/data/topics/4791 30
@/home/ec2-user/data/topics/1434 31
@/home/ec2-user/data/topics/1253 32
@/home/ec2-user/data/topics/2089 33
@/home/ec2-user/data/topics/3429 34
@/home/ec2-user/data/topics/3582 35
三菱重工業株式会社

@/home/ec2-user/data/topics/4687 36
@/home/ec2-user/data/topics/3833 36
@/home/ec2-user/data/topics/3591 37
@/home/ec2-user/data/topics/4862 38
@/home/ec2-user/data/topics/4563 39
@/home/ec2-user/data/topics/3637 40
@/home/ec2-user/data/topics/3503 41
@/home/ec2-user/data/topics/4412 42
@/home/ec2-user/data/topics/3529 43
@/home/ec2-user/data/topics/4882 44
@/home/ec2-user/data/topics/3944 45
@/home/ec2-user/data/topics/5022 46
村田機械株式会社

@/home/ec2-user/data/topics/4645 47
@/home/ec2-user/data/topics/1293 47
@/home/ec2-user/data/topics/4570 48
@/home/ec2-user/data/topics/4835 49
@/home/ec2-user/data/topics/5000 50
@/home/ec2-user/data/topics/4556 51
@/home/ec2-user/data/topics/3740 52
@/home/ec2-user/data/topics/4746 53
@/home/ec2-user/data/topics/4596 54
@/home/ec2-user/data/topics/4565 55
@/home/ec2-user/data/topics/1607 56
@/home/ec2-user/data/topics/4638 57
@/home/ec2-user/data/topics/1074 58
@/home/ec2-user/data/topics/4941 59
@/home/ec2-user/data/topics/4441 60
@/home/ec2-user/data/topics/3528 61
@/home/ec2-user/data/topics/1511 62
川崎製鉄株式会社

@/home/ec2-user/data/topics/3532 63
@/home/ec2-user/data/topics/3483 63
@/home/ec2-user/data/topics/3611 64
@/home/ec2-user/data/topics/1037 65
@/home/ec2-user/data/topics/4615 66
@/home/ec2-user/data/topics/3553 67
@/home/ec2-user/data/topics/3929 68
@/home/ec2-user/data/topics/1459 69
@/home/ec2-user/data/topics/3413 70
ダイキン工業株式会社

@/home/ec2-user/data/topics/4400 71
@/home/ec2-user/data/topics/3888 71
@/home/ec2-user/data/topics/1600 72
@/home/ec2-user/data/topics/4753 73
@/home/ec2-user/data/topics/4845 74
@/home/ec2-user/data/topics/4701 75
@/home/ec2-user/data/topics/4515 76
@/home/ec2-user/data/topics/1565 77
@/home/ec2-user/data/topics/4367 78
@/home/ec2-user/data/topics/4858 79
@/home/ec2-user/data/topics/4734 80
三菱自動車工業株式会社

@/home/ec2-user/data/topics/3940 81
@/home/ec2-user/data/topics/4189 81
@/home/ec2-user/data/topics/1527 82
@/home/ec2-user/data/topics/1428 83
@/home/ec2-user/data/topics/1816 84
@/home/ec2-user/data/topics/3815 85
@/home/ec2-user/data/topics/3502 86
@/home/ec2-user/data/topics/2101 87
日産自動車株式会社

@/home/ec2-user/data/topics/3723 88
@/home/ec2-user/data/topics/3712 88
@/home/ec2-user/data/topics/4074 89
@/home/ec2-user/data/topics/3497 90
@/home/ec2-user/data/topics/3645 91
@/home/ec2-user/data/topics/3677 92
@/home/ec2-user/data/topics/3936 93
@/home/ec2-user/data/topics/3829 94
@/home/ec2-user/data/topics/3501 95
@/home/ec2-user/data/topics/4982 96
@/home/ec2-user/data/topics/3489 97
トヨタ自動車株式会社

@/home/ec2-user/data/topics/1551 98
@/home/ec2-user/data/topics/4426 98
@/home/ec2-user/data/topics/3943 99
@/home/ec2-user/data/topics/4633 100
@/home/ec2-user/data/topics/4617 101
@/home/ec2-user/data/topics/3356 102
@/home/ec2-user/data/topics/3731 103
@/home/ec2-user/data/topics/3587 104
@/home/ec2-user/data/topics/4298 105
@/home/ec2-user/data/topics/3699 106
@/home/ec2-user/data/topics/4346 107
@/home/ec2-user/data/topics/4920 108
@/home/ec2-user/data/topics/2111 109
@/home/ec2-user/data/topics/3481 110
@/home/ec2-user/data/topics/3758 111
@/home/ec2-user/data/topics/2218 112
@/home/ec2-user/data/topics/4658 113
@/home/ec2-user/data/topics/4008 114
@/home/ec2-user/data/topics/3405 115
@/home/ec2-user/data/topics/4543 116
@/home/ec2-user/data/topics/3725 117
@/home/ec2-user/data/topics/4647 118
@/home/ec2-user/data/topics/4030 119
@/home/ec2-user/data/topics/4064 120
@/home/ec2-user/data/topics/3671 121
@/home/ec2-user/data/topics/3783 122
@/home/ec2-user/data/topics/4767 123
@/home/ec2-user/data/topics/1494 124
@/home/ec2-user/data/topics/4144 125
オリンパス光学工業株式会社

@/home/ec2-user/data/topics/1155 126
@/home/ec2-user/data/topics/1586 126
@/home/ec2-user/data/topics/5006 127
@/home/ec2-user/data/topics/2026 128
@/home/ec2-user/data/topics/4007 129
@/home/ec2-user/data/topics/1981 130
@/home/ec2-user/data/topics/1739 131
@/home/ec2-user/data/topics/1869 132
@/home/ec2-user/data/topics/1835 133
@/home/ec2-user/data/topics/4013 134
@/home/ec2-user/data/topics/1107 135
@/home/ec2-user/data/topics/4878 136
ブラザー工業株式会社

@/home/ec2-user/data/topics/2086 137
@/home/ec2-user/data/topics/1164 137
@/home/ec2-user/data/topics/3477 138
@/home/ec2-user/data/topics/1636 139
@/home/ec2-user/data/topics/1906 140
@/home/ec2-user/data/topics/3613 141
@/home/ec2-user/data/topics/3789 142
@/home/ec2-user/data/topics/1697 143
@/home/ec2-user/data/topics/1076 144
@/home/ec2-user/data/topics/3507 145
@/home/ec2-user/data/topics/4548 146
@/home/ec2-user/data/topics/2085 147
@/home/ec2-user/data/topics/1183 148
@/home/ec2-user/data/topics/3686 149
@/home/ec2-user/data/topics/1300 150
富士通株式会社

@/home/ec2-user/data/topics/2216 151
@/home/ec2-user/data/topics/3765 151
@/home/ec2-user/data/topics/5004 152
@/home/ec2-user/data/topics/3636 153
@/home/ec2-user/data/topics/3862 154
@/home/ec2-user/data/topics/3799 155
@/home/ec2-user/data/topics/1547 156
@/home/ec2-user/data/topics/2227 157
@/home/ec2-user/data/topics/3751 158
@/home/ec2-user/data/topics/3399 159
@/home/ec2-user/data/topics/3460 160
@/home/ec2-user/data/topics/3749 161
@/home/ec2-user/data/topics/4191 162
@/home/ec2-user/data/topics/3850 163
@/home/ec2-user/data/topics/1998 164
@/home/ec2-user/data/topics/3428 165
@/home/ec2-user/data/topics/1609 166
@/home/ec2-user/data/topics/1271 167
@/home/ec2-user/data/topics/3846 168
@/home/ec2-user/data/topics/1874 169
@/home/ec2-user/data/topics/1264 170
@/home/ec2-user/data/topics/3870 171
@/home/ec2-user/data/topics/3381 172
@/home/ec2-user/data/topics/3802 173
@/home/ec2-user/data/topics/3970 174
@/home/ec2-user/data/topics/3538 175
@/home/ec2-user/data/topics/1123 176
@/home/ec2-user/data/topics/3962 177
@/home/ec2-user/data/topics/3883 178
@/home/ec2-user/data/topics/3400 179
@/home/ec2-user/data/topics/3912 180
@/home/ec2-user/data/topics/2215 181
静岡日本電気株式会社

@/home/ec2-user/data/topics/4314 182
@/home/ec2-user/data/topics/4531 182
@/home/ec2-user/data/topics/4365 183
@/home/ec2-user/data/topics/4250 184
@/home/ec2-user/data/topics/4507 185
@/home/ec2-user/data/topics/4326 186
住友重機械工業株式会社

@/home/ec2-user/data/topics/4854 187
@/home/ec2-user/data/topics/1019 187
@/home/ec2-user/data/topics/2039 188
@/home/ec2-user/data/topics/1373 189
@/home/ec2-user/data/topics/1505 190
@/home/ec2-user/data/topics/1553 191
@/home/ec2-user/data/topics/3952 192
@/home/ec2-user/data/topics/3868 193
@/home/ec2-user/data/topics/1900 194
大日本印刷株式会社

@/home/ec2-user/data/topics/3569 195
@/home/ec2-user/data/topics/1099 195
@/home/ec2-user/data/topics/1564 196
@/home/ec2-user/data/topics/1262 197
@/home/ec2-user/data/topics/3388 198
@/home/ec2-user/data/topics/1145 199
日本電気株式会社

@/home/ec2-user/data/topics/4257 200
@/home/ec2-user/data/topics/4490 200
@/home/ec2-user/data/topics/4414 201
@/home/ec2-user/data/topics/2150 202
@/home/ec2-user/data/topics/4209 203
@/home/ec2-user/data/topics/2022 204
@/home/ec2-user/data/topics/4728 205
@/home/ec2-user/data/topics/3971 206
@/home/ec2-user/data/topics/4320 207
@/home/ec2-user/data/topics/1044 208
@/home/ec2-user/data/topics/4236 209
@/home/ec2-user/data/topics/3956 210
@/home/ec2-user/data/topics/4682 211
@/home/ec2-user/data/topics/4418 212
@/home/ec2-user/data/topics/4434 213
@/home/ec2-user/data/topics/3724 214
@/home/ec2-user/data/topics/1500 215
@/home/ec2-user/data/topics/4238 216
@/home/ec2-user/data/topics/2127 217
@/home/ec2-user/data/topics/4779 218
@/home/ec2-user/data/topics/4530 219
@/home/ec2-user/data/topics/4128 220
@/home/ec2-user/data/topics/4892 221
@/home/ec2-user/data/topics/4718 222
@/home/ec2-user/data/topics/3938 223
@/home/ec2-user/data/topics/1464 224
@/home/ec2-user/data/topics/4775 225
@/home/ec2-user/data/topics/4100 226
@/home/ec2-user/data/topics/4116 227
@/home/ec2-user/data/topics/4696 228
@/home/ec2-user/data/topics/4666 229
@/home/ec2-user/data/topics/4537 230
@/home/ec2-user/data/topics/1973 231
@/home/ec2-user/data/topics/1557 232
@/home/ec2-user/data/topics/4093 233
@/home/ec2-user/data/topics/4272 234
@/home/ec2-user/data/topics/4759 235
@/home/ec2-user/data/topics/4398 236
@/home/ec2-user/data/topics/1764 237
@/home/ec2-user/data/topics/1634 238
@/home/ec2-user/data/topics/4634 239
@/home/ec2-user/data/topics/4003 240
@/home/ec2-user/data/topics/1362 241
@/home/ec2-user/data/topics/4708 242
@/home/ec2-user/data/topics/4770 243
@/home/ec2-user/data/topics/4309 244
@/home/ec2-user/data/topics/4760 245
@/home/ec2-user/data/topics/4260 246
@/home/ec2-user/data/topics/4313 247
@/home/ec2-user/data/topics/4153 248
@/home/ec2-user/data/topics/4254 249
@/home/ec2-user/data/topics/4750 250
@/home/ec2-user/data/topics/1661 251
@/home/ec2-user/data/topics/4288 252
@/home/ec2-user/data/topics/4278 253
@/home/ec2-user/data/topics/4721 254
@/home/ec2-user/data/topics/1364 255
@/home/ec2-user/data/topics/1595 256
@/home/ec2-user/data/topics/4137 257
@/home/ec2-user/data/topics/1101 258
@/home/ec2-user/data/topics/4613 259
@/home/ec2-user/data/topics/4785 260
@/home/ec2-user/data/topics/4134 261
@/home/ec2-user/data/topics/4749 262
@/home/ec2-user/data/topics/4097 263
@/home/ec2-user/data/topics/4082 264
@/home/ec2-user/data/topics/4446 265
@/home/ec2-user/data/topics/4081 266
@/home/ec2-user/data/topics/1100 267
@/home/ec2-user/data/topics/2144 268
@/home/ec2-user/data/topics/4486 269
@/home/ec2-user/data/topics/4850 270
@/home/ec2-user/data/topics/1281 271
@/home/ec2-user/data/topics/1326 272
@/home/ec2-user/data/topics/4196 273
@/home/ec2-user/data/topics/4240 274
@/home/ec2-user/data/topics/4877 275
@/home/ec2-user/data/topics/3729 276
@/home/ec2-user/data/topics/1457 277
@/home/ec2-user/data/topics/4536 278
@/home/ec2-user/data/topics/4646 279
@/home/ec2-user/data/topics/1199 280
@/home/ec2-user/data/topics/1710 281
@/home/ec2-user/data/topics/4480 282
@/home/ec2-user/data/topics/4650 283
@/home/ec2-user/data/topics/4626 284
@/home/ec2-user/data/topics/4207 285
@/home/ec2-user/data/topics/4267 286
@/home/ec2-user/data/topics/4359 287
@/home/ec2-user/data/topics/4318 288
@/home/ec2-user/data/topics/4644 289
@/home/ec2-user/data/topics/4168 290
@/home/ec2-user/data/topics/4216 291
@/home/ec2-user/data/topics/4281 292
@/home/ec2-user/data/topics/1815 293
@/home/ec2-user/data/topics/4154 294
@/home/ec2-user/data/topics/4427 295
@/home/ec2-user/data/topics/3886 296
@/home/ec2-user/data/topics/1937 297
@/home/ec2-user/data/topics/1112 298
@/home/ec2-user/data/topics/4390 299
@/home/ec2-user/data/topics/4561 300
@/home/ec2-user/data/topics/4360 301
@/home/ec2-user/data/topics/1891 302
@/home/ec2-user/data/topics/4017 303
@/home/ec2-user/data/topics/4838 304
@/home/ec2-user/data/topics/4816 305
@/home/ec2-user/data/topics/1624 306
@/home/ec2-user/data/topics/1879 307
@/home/ec2-user/data/topics/4657 308
@/home/ec2-user/data/topics/4533 309
@/home/ec2-user/data/topics/2119 310
@/home/ec2-user/data/topics/4186 311
@/home/ec2-user/data/topics/1383 312
@/home/ec2-user/data/topics/4071 313
@/home/ec2-user/data/topics/1773 314
@/home/ec2-user/data/topics/4343 315
@/home/ec2-user/data/topics/4338 316
@/home/ec2-user/data/topics/4651 317
@/home/ec2-user/data/topics/4425 318
@/home/ec2-user/data/topics/4447 319
@/home/ec2-user/data/topics/1052 320
@/home/ec2-user/data/topics/4120 321
@/home/ec2-user/data/topics/1948 322
@/home/ec2-user/data/topics/4319 323
@/home/ec2-user/data/topics/4532 324
@/home/ec2-user/data/topics/4389 325
@/home/ec2-user/data/topics/4300 326
@/home/ec2-user/data/topics/4273 327
@/home/ec2-user/data/topics/4902 328
@/home/ec2-user/data/topics/3865 329
@/home/ec2-user/data/topics/1116 330
@/home/ec2-user/data/topics/1928 331
@/home/ec2-user/data/topics/4092 332
@/home/ec2-user/data/topics/4142 333
@/home/ec2-user/data/topics/4429 334
@/home/ec2-user/data/topics/4227 335
@/home/ec2-user/data/topics/4433 336
@/home/ec2-user/data/topics/4275 337
@/home/ec2-user/data/topics/4276 338
@/home/ec2-user/data/topics/4485 339
@/home/ec2-user/data/topics/4158 340
@/home/ec2-user/data/topics/4138 341
@/home/ec2-user/data/topics/3853 342
@/home/ec2-user/data/topics/4764 343
@/home/ec2-user/data/topics/4258 344
@/home/ec2-user/data/topics/4388 345
@/home/ec2-user/data/topics/4458 346
@/home/ec2-user/data/topics/3954 347
@/home/ec2-user/data/topics/4598 348
@/home/ec2-user/data/topics/4689 349
@/home/ec2-user/data/topics/3744 350
@/home/ec2-user/data/topics/4243 351
@/home/ec2-user/data/topics/4371 352
@/home/ec2-user/data/topics/4497 353
@/home/ec2-user/data/topics/4940 354
@/home/ec2-user/data/topics/4665 355
@/home/ec2-user/data/topics/4192 356
@/home/ec2-user/data/topics/4477 357
@/home/ec2-user/data/topics/3995 358
@/home/ec2-user/data/topics/4549 359
@/home/ec2-user/data/topics/3766 360
@/home/ec2-user/data/topics/1122 361
@/home/ec2-user/data/topics/4824 362
@/home/ec2-user/data/topics/2088 363
@/home/ec2-user/data/topics/4578 364
@/home/ec2-user/data/topics/4659 365
@/home/ec2-user/data/topics/4440 366
@/home/ec2-user/data/topics/4603 367
@/home/ec2-user/data/topics/4442 368
@/home/ec2-user/data/topics/3896 369
@/home/ec2-user/data/topics/4342 370
@/home/ec2-user/data/topics/3875 371
@/home/ec2-user/data/topics/2166 372
@/home/ec2-user/data/topics/4926 373
@/home/ec2-user/data/topics/4315 374
@/home/ec2-user/data/topics/1567 375
@/home/ec2-user/data/topics/2031 376
@/home/ec2-user/data/topics/4247 377
@/home/ec2-user/data/topics/3897 378
@/home/ec2-user/data/topics/4129 379
@/home/ec2-user/data/topics/4584 380
@/home/ec2-user/data/topics/4742 381
@/home/ec2-user/data/topics/1844 382
@/home/ec2-user/data/topics/2041 383
@/home/ec2-user/data/topics/5034 384
@/home/ec2-user/data/topics/4404 385
@/home/ec2-user/data/topics/1791 386
@/home/ec2-user/data/topics/4119 387
@/home/ec2-user/data/topics/4876 388
@/home/ec2-user/data/topics/1360 389
@/home/ec2-user/data/topics/4204 390
@/home/ec2-user/data/topics/1923 391
@/home/ec2-user/data/topics/4393 392
@/home/ec2-user/data/topics/1612 393
@/home/ec2-user/data/topics/1078 394
@/home/ec2-user/data/topics/1486 395
@/home/ec2-user/data/topics/4246 396
@/home/ec2-user/data/topics/1867 397
@/home/ec2-user/data/topics/1523 398
@/home/ec2-user/data/topics/1016 399
@/home/ec2-user/data/topics/4162 400
@/home/ec2-user/data/topics/4185 401
@/home/ec2-user/data/topics/4808 402
@/home/ec2-user/data/topics/4595 403
@/home/ec2-user/data/topics/4310 404
@/home/ec2-user/data/topics/4244 405
@/home/ec2-user/data/topics/4063 406
@/home/ec2-user/data/topics/4609 407
@/home/ec2-user/data/topics/4699 408
@/home/ec2-user/data/topics/1783 409
@/home/ec2-user/data/topics/4460 410
@/home/ec2-user/data/topics/1724 411
@/home/ec2-user/data/topics/4643 412
@/home/ec2-user/data/topics/4725 413
@/home/ec2-user/data/topics/4062 414
@/home/ec2-user/data/topics/4171 415
@/home/ec2-user/data/topics/4352 416
@/home/ec2-user/data/topics/3767 417
@/home/ec2-user/data/topics/1852 418
松下電器産業株式会社

@/home/ec2-user/data/topics/3704 419
@/home/ec2-user/data/topics/1339 419
@/home/ec2-user/data/topics/3619 420
@/home/ec2-user/data/topics/3676 421
@/home/ec2-user/data/topics/4503 422
@/home/ec2-user/data/topics/4558 423
@/home/ec2-user/data/topics/3658 424
@/home/ec2-user/data/topics/1829 425
@/home/ec2-user/data/topics/4798 426
@/home/ec2-user/data/topics/5028 427
@/home/ec2-user/data/topics/1516 428
@/home/ec2-user/data/topics/4307 429
@/home/ec2-user/data/topics/2029 430
@/home/ec2-user/data/topics/4448 431
@/home/ec2-user/data/topics/3494 432
@/home/ec2-user/data/topics/1748 433
@/home/ec2-user/data/topics/4422 434
@/home/ec2-user/data/topics/4139 435
@/home/ec2-user/data/topics/1179 436
@/home/ec2-user/data/topics/3404 437
@/home/ec2-user/data/topics/4961 438
@/home/ec2-user/data/topics/4577 439
@/home/ec2-user/data/topics/2129 440
@/home/ec2-user/data/topics/2222 441
@/home/ec2-user/data/topics/3585 442
@/home/ec2-user/data/topics/4787 443
@/home/ec2-user/data/topics/3558 444
@/home/ec2-user/data/topics/4867 445
@/home/ec2-user/data/topics/2080 446
@/home/ec2-user/data/topics/4586 447
@/home/ec2-user/data/topics/1252 448
@/home/ec2-user/data/topics/1705 449
@/home/ec2-user/data/topics/4157 450
@/home/ec2-user/data/topics/1701 451
@/home/ec2-user/data/topics/4754 452
@/home/ec2-user/data/topics/4707 453
@/home/ec2-user/data/topics/4501 454
@/home/ec2-user/data/topics/1525 455
@/home/ec2-user/data/topics/4043 456
@/home/ec2-user/data/topics/3951 457
@/home/ec2-user/data/topics/3519 458
@/home/ec2-user/data/topics/1257 459
@/home/ec2-user/data/topics/3721 460
@/home/ec2-user/data/topics/4817 461
@/home/ec2-user/data/topics/4102 462
@/home/ec2-user/data/topics/3402 463
@/home/ec2-user/data/topics/1762 464
@/home/ec2-user/data/topics/2170 465
@/home/ec2-user/data/topics/4917 466
@/home/ec2-user/data/topics/1898 467
@/home/ec2-user/data/topics/4274 468
@/home/ec2-user/data/topics/1706 469
@/home/ec2-user/data/topics/4355 470
@/home/ec2-user/data/topics/1633 471
@/home/ec2-user/data/topics/3746 472
@/home/ec2-user/data/topics/4264 473
@/home/ec2-user/data/topics/1635 474
@/home/ec2-user/data/topics/4574 475
@/home/ec2-user/data/topics/1885 476
@/home/ec2-user/data/topics/1955 477
@/home/ec2-user/data/topics/3719 478
@/home/ec2-user/data/topics/4101 479
@/home/ec2-user/data/topics/4229 480
@/home/ec2-user/data/topics/3694 481
@/home/ec2-user/data/topics/3847 482
@/home/ec2-user/data/topics/2056 483
@/home/ec2-user/data/topics/4280 484
@/home/ec2-user/data/topics/1509 485
@/home/ec2-user/data/topics/4159 486
@/home/ec2-user/data/topics/4180 487
@/home/ec2-user/data/topics/4000 488
@/home/ec2-user/data/topics/1157 489
@/home/ec2-user/data/topics/4676 490
@/home/ec2-user/data/topics/3510 491
@/home/ec2-user/data/topics/4968 492
@/home/ec2-user/data/topics/1589 493
@/home/ec2-user/data/topics/4193 494
@/home/ec2-user/data/topics/4806 495
@/home/ec2-user/data/topics/4459 496
@/home/ec2-user/data/topics/4160 497
@/home/ec2-user/data/topics/1812 498
@/home/ec2-user/data/topics/4625 499
@/home/ec2-user/data/topics/4098 500
@/home/ec2-user/data/topics/4491 501
@/home/ec2-user/data/topics/3904 502
@/home/ec2-user/data/topics/3761 503
@/home/ec2-user/data/topics/4885 504
@/home/ec2-user/data/topics/3807 505
@/home/ec2-user/data/topics/1881 506
@/home/ec2-user/data/topics/4945 507
@/home/ec2-user/data/topics/1540 508
@/home/ec2-user/data/topics/4126 509
@/home/ec2-user/data/topics/4475 510
@/home/ec2-user/data/topics/3386 511
@/home/ec2-user/data/topics/4385 512
@/home/ec2-user/data/topics/3979 513
@/home/ec2-user/data/topics/4797 514
@/home/ec2-user/data/topics/2156 515
@/home/ec2-user/data/topics/3692 516
@/home/ec2-user/data/topics/4382 517
@/home/ec2-user/data/topics/1158 518
@/home/ec2-user/data/topics/4303 519
@/home/ec2-user/data/topics/4599 520
@/home/ec2-user/data/topics/4464 521
@/home/ec2-user/data/topics/1136 522
@/home/ec2-user/data/topics/3455 523
@/home/ec2-user/data/topics/4215 524
@/home/ec2-user/data/topics/3920 525
@/home/ec2-user/data/topics/5024 526
@/home/ec2-user/data/topics/4394 527
@/home/ec2-user/data/topics/1477 528
@/home/ec2-user/data/topics/4804 529
@/home/ec2-user/data/topics/4667 530
@/home/ec2-user/data/topics/4936 531
@/home/ec2-user/data/topics/3680 532
@/home/ec2-user/data/topics/3514 533
@/home/ec2-user/data/topics/1026 534
@/home/ec2-user/data/topics/4502 535
@/home/ec2-user/data/topics/1070 536
@/home/ec2-user/data/topics/3960 537
@/home/ec2-user/data/topics/4761 538
@/home/ec2-user/data/topics/4918 539
@/home/ec2-user/data/topics/3739 540
セイコーインスツルメンツ株式会社

@/home/ec2-user/data/topics/4190 541
@/home/ec2-user/data/topics/4151 541
@/home/ec2-user/data/topics/3825 542
@/home/ec2-user/data/topics/4088 543
@/home/ec2-user/data/topics/4036 544
@/home/ec2-user/data/topics/4203 545
@/home/ec2-user/data/topics/3626 546
@/home/ec2-user/data/topics/1707 547
@/home/ec2-user/data/topics/4997 548
ミノルタ株式会社

@/home/ec2-user/data/topics/4951 549
@/home/ec2-user/data/topics/4984 549
@/home/ec2-user/data/topics/4970 550
@/home/ec2-user/data/topics/2190 551
@/home/ec2-user/data/topics/4321 552
@/home/ec2-user/data/topics/3810 553
@/home/ec2-user/data/topics/4977 554
@/home/ec2-user/data/topics/4971 555
@/home/ec2-user/data/topics/3584 556
@/home/ec2-user/data/topics/3545 557
@/home/ec2-user/data/topics/1152 558
@/home/ec2-user/data/topics/4986 559
株式会社リコー

@/home/ec2-user/data/topics/1436 560
@/home/ec2-user/data/topics/3750 560
@/home/ec2-user/data/topics/2219 561
@/home/ec2-user/data/topics/1514 562
@/home/ec2-user/data/topics/3472 563
@/home/ec2-user/data/topics/2006 564
@/home/ec2-user/data/topics/3711 565
@/home/ec2-user/data/topics/3548 566
@/home/ec2-user/data/topics/1627 567
@/home/ec2-user/data/topics/1593 568
@/home/ec2-user/data/topics/2201 569
@/home/ec2-user/data/topics/3495 570
@/home/ec2-user/data/topics/1878 571
@/home/ec2-user/data/topics/4616 572
@/home/ec2-user/data/topics/3837 573
@/home/ec2-user/data/topics/1482 574
@/home/ec2-user/data/topics/2043 575
@/home/ec2-user/data/topics/2189 576
@/home/ec2-user/data/topics/3880 577
@/home/ec2-user/data/topics/3713 578
@/home/ec2-user/data/topics/3436 579
@/home/ec2-user/data/topics/3633 580
@/home/ec2-user/data/topics/3474 581
@/home/ec2-user/data/topics/1691 582
@/home/ec2-user/data/topics/3394 583
@/home/ec2-user/data/topics/3530 584
@/home/ec2-user/data/topics/1806 585
@/home/ec2-user/data/topics/3424 586
@/home/ec2-user/data/topics/1190 587
@/home/ec2-user/data/topics/1718 588
@/home/ec2-user/data/topics/3557 589
@/home/ec2-user/data/topics/1780 590
@/home/ec2-user/data/topics/4037 591
@/home/ec2-user/data/topics/1776 592
@/home/ec2-user/data/topics/1755 593
@/home/ec2-user/data/topics/3484 594
@/home/ec2-user/data/topics/1774 595
@/home/ec2-user/data/topics/4265 596
@/home/ec2-user/data/topics/4344 597
@/home/ec2-user/data/topics/4781 598
@/home/ec2-user/data/topics/1064 599
@/home/ec2-user/data/topics/3574 600
@/home/ec2-user/data/topics/1106 601
@/home/ec2-user/data/topics/3669 602
@/home/ec2-user/data/topics/1740 603
@/home/ec2-user/data/topics/3446 604
@/home/ec2-user/data/topics/1976 605
@/home/ec2-user/data/topics/3775 606
@/home/ec2-user/data/topics/1775 607
@/home/ec2-user/data/topics/1974 608
@/home/ec2-user/data/topics/3378 609
@/home/ec2-user/data/topics/1282 610
@/home/ec2-user/data/topics/3411 611
@/home/ec2-user/data/topics/1668 612
@/home/ec2-user/data/topics/1083 613
@/home/ec2-user/data/topics/2090 614
@/home/ec2-user/data/topics/1095 615
@/home/ec2-user/data/topics/2182 616
@/home/ec2-user/data/topics/1610 617
@/home/ec2-user/data/topics/1433 618
@/home/ec2-user/data/topics/1225 619
@/home/ec2-user/data/topics/3523 620
@/home/ec2-user/data/topics/1669 621
@/home/ec2-user/data/topics/2200 622
@/home/ec2-user/data/topics/3759 623
@/home/ec2-user/data/topics/4879 624
@/home/ec2-user/data/topics/1663 625
@/home/ec2-user/data/topics/1670 626
@/home/ec2-user/data/topics/1478 627
@/home/ec2-user/data/topics/3555 628
@/home/ec2-user/data/topics/3687 629
独立行政法人産業技術総合研究所

@/home/ec2-user/data/topics/4739 630
@/home/ec2-user/data/topics/4740 630
@/home/ec2-user/data/topics/4869 631
@/home/ec2-user/data/topics/4777 632
@/home/ec2-user/data/topics/1356 633
@/home/ec2-user/data/topics/4800 634
ソニー株式会社

@/home/ec2-user/data/topics/2052 635
@/home/ec2-user/data/topics/1059 635
@/home/ec2-user/data/topics/1912 636
@/home/ec2-user/data/topics/1291 637
@/home/ec2-user/data/topics/1954 638
@/home/ec2-user/data/topics/3392 639
@/home/ec2-user/data/topics/2048 640
@/home/ec2-user/data/topics/3924 641
@/home/ec2-user/data/topics/1435 642
@/home/ec2-user/data/topics/1836 643
@/home/ec2-user/data/topics/1602 644
@/home/ec2-user/data/topics/1471 645
@/home/ec2-user/data/topics/1686 646
@/home/ec2-user/data/topics/2059 647
@/home/ec2-user/data/topics/1892 648
@/home/ec2-user/data/topics/3456 649
@/home/ec2-user/data/topics/1926 650
@/home/ec2-user/data/topics/1218 651
@/home/ec2-user/data/topics/4224 652
@/home/ec2-user/data/topics/3975 653
@/home/ec2-user/data/topics/4184 654
@/home/ec2-user/data/topics/5027 655
@/home/ec2-user/data/topics/1749 656
@/home/ec2-user/data/topics/1967 657
@/home/ec2-user/data/topics/3872 658
@/home/ec2-user/data/topics/1397 659
@/home/ec2-user/data/topics/1778 660
@/home/ec2-user/data/topics/1426 661
@/home/ec2-user/data/topics/1884 662
@/home/ec2-user/data/topics/2094 663
@/home/ec2-user/data/topics/1298 664
@/home/ec2-user/data/topics/2037 665
@/home/ec2-user/data/topics/1102 666
@/home/ec2-user/data/topics/4351 667
@/home/ec2-user/data/topics/2058 668
@/home/ec2-user/data/topics/1414 669
@/home/ec2-user/data/topics/1873 670
@/home/ec2-user/data/topics/2105 671
@/home/ec2-user/data/topics/1147 672
@/home/ec2-user/data/topics/1380 673
@/home/ec2-user/data/topics/1679 674
@/home/ec2-user/data/topics/2075 675
@/home/ec2-user/data/topics/3955 676
@/home/ec2-user/data/topics/3401 677
@/home/ec2-user/data/topics/1491 678
@/home/ec2-user/data/topics/1233 679
@/home/ec2-user/data/topics/4219 680
富士ゼロックス株式会社

@/home/ec2-user/data/topics/3407 681
@/home/ec2-user/data/topics/1560 681
@/home/ec2-user/data/topics/4108 682
@/home/ec2-user/data/topics/3661 683
@/home/ec2-user/data/topics/3782 684
@/home/ec2-user/data/topics/3790 685
@/home/ec2-user/data/topics/3473 686
@/home/ec2-user/data/topics/3662 687
@/home/ec2-user/data/topics/3366 688
@/home/ec2-user/data/topics/5031 689
@/home/ec2-user/data/topics/3564 690
@/home/ec2-user/data/topics/3695 691
@/home/ec2-user/data/topics/3640 692
@/home/ec2-user/data/topics/3383 693
@/home/ec2-user/data/topics/1947 694
住友金属工業株式会社

@/home/ec2-user/data/topics/4295 695
@/home/ec2-user/data/topics/4991 695
@/home/ec2-user/data/topics/3577 696
@/home/ec2-user/data/topics/4322 697
@/home/ec2-user/data/topics/4182 698
@/home/ec2-user/data/topics/4021 699
@/home/ec2-user/data/topics/4733 700
@/home/ec2-user/data/topics/1268 701
@/home/ec2-user/data/topics/3655 702
@/home/ec2-user/data/topics/4661 703
@/home/ec2-user/data/topics/4534 704
@/home/ec2-user/data/topics/3826 705
日立電線株式会社

@/home/ec2-user/data/topics/1027 706
@/home/ec2-user/data/topics/4356 706
@/home/ec2-user/data/topics/1117 707
@/home/ec2-user/data/topics/1305 708
@/home/ec2-user/data/topics/3930 709
@/home/ec2-user/data/topics/1388 710
@/home/ec2-user/data/topics/4357 711
@/home/ec2-user/data/topics/3756 712
@/home/ec2-user/data/topics/4329 713
キヤノン株式会社

@/home/ec2-user/data/topics/4948 714
@/home/ec2-user/data/topics/1631 714
@/home/ec2-user/data/topics/1080 715
@/home/ec2-user/data/topics/4068 716
@/home/ec2-user/data/topics/4363 717
@/home/ec2-user/data/topics/2053 718
@/home/ec2-user/data/topics/1216 719
@/home/ec2-user/data/topics/1802 720
@/home/ec2-user/data/topics/4628 721
@/home/ec2-user/data/topics/3660 722
@/home/ec2-user/data/topics/1438 723
@/home/ec2-user/data/topics/1539 724
@/home/ec2-user/data/topics/1455 725
@/home/ec2-user/data/topics/1744 726
@/home/ec2-user/data/topics/3843 727
@/home/ec2-user/data/topics/3755 728
@/home/ec2-user/data/topics/1590 729
@/home/ec2-user/data/topics/1975 730
@/home/ec2-user/data/topics/4054 731
@/home/ec2-user/data/topics/2231 732
@/home/ec2-user/data/topics/3454 733
@/home/ec2-user/data/topics/3441 734
@/home/ec2-user/data/topics/3628 735
@/home/ec2-user/data/topics/3445 736
@/home/ec2-user/data/topics/3949 737
@/home/ec2-user/data/topics/3720 738
@/home/ec2-user/data/topics/2117 739
@/home/ec2-user/data/topics/4947 740
@/home/ec2-user/data/topics/1646 741
@/home/ec2-user/data/topics/3642 742
@/home/ec2-user/data/topics/1124 743
@/home/ec2-user/data/topics/2004 744
@/home/ec2-user/data/topics/3376 745
@/home/ec2-user/data/topics/3737 746
@/home/ec2-user/data/topics/3374 747
@/home/ec2-user/data/topics/4350 748
@/home/ec2-user/data/topics/3438 749
@/home/ec2-user/data/topics/3730 750
@/home/ec2-user/data/topics/3430 751
@/home/ec2-user/data/topics/1847 752
@/home/ec2-user/data/topics/3416 753
@/home/ec2-user/data/topics/2145 754
@/home/ec2-user/data/topics/1519 755
@/home/ec2-user/data/topics/1848 756
@/home/ec2-user/data/topics/3434 757
@/home/ec2-user/data/topics/1228 758
@/home/ec2-user/data/topics/3656 759
@/home/ec2-user/data/topics/1208 760
@/home/ec2-user/data/topics/4020 761
@/home/ec2-user/data/topics/1790 762
@/home/ec2-user/data/topics/3417 763
@/home/ec2-user/data/topics/1118 764
@/home/ec2-user/data/topics/1961 765
@/home/ec2-user/data/topics/1895 766
@/home/ec2-user/data/topics/1568 767
@/home/ec2-user/data/topics/1745 768
@/home/ec2-user/data/topics/3410 769
@/home/ec2-user/data/topics/4521 770
@/home/ec2-user/data/topics/2243 771
@/home/ec2-user/data/topics/4520 772
@/home/ec2-user/data/topics/4937 773
@/home/ec2-user/data/topics/3415 774
@/home/ec2-user/data/topics/3722 775
@/home/ec2-user/data/topics/3996 776
@/home/ec2-user/data/topics/3967 777
@/home/ec2-user/data/topics/1513 778
@/home/ec2-user/data/topics/1866 779
@/home/ec2-user/data/topics/1889 780
@/home/ec2-user/data/topics/3852 781
@/home/ec2-user/data/topics/4610 782
@/home/ec2-user/data/topics/2107 783
@/home/ec2-user/data/topics/3958 784
@/home/ec2-user/data/topics/3420 785
三洋電機株式会社

@/home/ec2-user/data/topics/3492 786
@/home/ec2-user/data/topics/1479 786
@/home/ec2-user/data/topics/1980 787
@/home/ec2-user/data/topics/4039 788
@/home/ec2-user/data/topics/2194 789
@/home/ec2-user/data/topics/4612 790
@/home/ec2-user/data/topics/3830 791
@/home/ec2-user/data/topics/4015 792
@/home/ec2-user/data/topics/4837 793
@/home/ec2-user/data/topics/1246 794
@/home/ec2-user/data/topics/1321 795
@/home/ec2-user/data/topics/4726 796
@/home/ec2-user/data/topics/3986 797
@/home/ec2-user/data/topics/2063 798
@/home/ec2-user/data/topics/1163 799
@/home/ec2-user/data/topics/1386 800
@/home/ec2-user/data/topics/4788 801
@/home/ec2-user/data/topics/4099 802
@/home/ec2-user/data/topics/3398 803
@/home/ec2-user/data/topics/1289 804
@/home/ec2-user/data/topics/4763 805
@/home/ec2-user/data/topics/4960 806
@/home/ec2-user/data/topics/3926 807
@/home/ec2-user/data/topics/4571 808
@/home/ec2-user/data/topics/3953 809
@/home/ec2-user/data/topics/1671 810
@/home/ec2-user/data/topics/1722 811
@/home/ec2-user/data/topics/3804 812
@/home/ec2-user/data/topics/4527 813
@/home/ec2-user/data/topics/4492 814
@/home/ec2-user/data/topics/4066 815
@/home/ec2-user/data/topics/3974 816
@/home/ec2-user/data/topics/4060 817
@/home/ec2-user/data/topics/3681 818
@/home/ec2-user/data/topics/3889 819
@/home/ec2-user/data/topics/1653 820
@/home/ec2-user/data/topics/3539 821
@/home/ec2-user/data/topics/3906 822
@/home/ec2-user/data/topics/3859 823
@/home/ec2-user/data/topics/4720 824
@/home/ec2-user/data/topics/4328 825
@/home/ec2-user/data/topics/3845 826
@/home/ec2-user/data/topics/4304 827
@/home/ec2-user/data/topics/4604 828
@/home/ec2-user/data/topics/3403 829
@/home/ec2-user/data/topics/4061 830
@/home/ec2-user/data/topics/3491 831
@/home/ec2-user/data/topics/4978 832
@/home/ec2-user/data/topics/2054 833
@/home/ec2-user/data/topics/3625 834
@/home/ec2-user/data/topics/3581 835
@/home/ec2-user/data/topics/5011 836
@/home/ec2-user/data/topics/2098 837
@/home/ec2-user/data/topics/1488 838
@/home/ec2-user/data/topics/4150 839
@/home/ec2-user/data/topics/3781 840
@/home/ec2-user/data/topics/3817 841
@/home/ec2-user/data/topics/4983 842
@/home/ec2-user/data/topics/3808 843
@/home/ec2-user/data/topics/4654 844
@/home/ec2-user/data/topics/1451 845
@/home/ec2-user/data/topics/4474 846
@/home/ec2-user/data/topics/4178 847
@/home/ec2-user/data/topics/2071 848
@/home/ec2-user/data/topics/4679 849
@/home/ec2-user/data/topics/1515 850
@/home/ec2-user/data/topics/4376 851
@/home/ec2-user/data/topics/4179 852
@/home/ec2-user/data/topics/4212 853
@/home/ec2-user/data/topics/5002 854
@/home/ec2-user/data/topics/4301 855
@/home/ec2-user/data/topics/4384 856
@/home/ec2-user/data/topics/1652 857
@/home/ec2-user/data/topics/4001 858
@/home/ec2-user/data/topics/3708 859
@/home/ec2-user/data/topics/2230 860
@/home/ec2-user/data/topics/1079 861
@/home/ec2-user/data/topics/3754 862
@/home/ec2-user/data/topics/2014 863
三菱電機株式会社

@/home/ec2-user/data/topics/1738 864
@/home/ec2-user/data/topics/4518 864
@/home/ec2-user/data/topics/4233 865
@/home/ec2-user/data/topics/3612 866
@/home/ec2-user/data/topics/3451 867
@/home/ec2-user/data/topics/4181 868
@/home/ec2-user/data/topics/3841 869
@/home/ec2-user/data/topics/5032 870
@/home/ec2-user/data/topics/3465 871
@/home/ec2-user/data/topics/3609 872
@/home/ec2-user/data/topics/4980 873
@/home/ec2-user/data/topics/3453 874
@/home/ec2-user/data/topics/4076 875
@/home/ec2-user/data/topics/1220 876
@/home/ec2-user/data/topics/1792 877
@/home/ec2-user/data/topics/4047 878
@/home/ec2-user/data/topics/3409 879
@/home/ec2-user/data/topics/1754 880
@/home/ec2-user/data/topics/1536 881
@/home/ec2-user/data/topics/4041 882
@/home/ec2-user/data/topics/4149 883
@/home/ec2-user/data/topics/4282 884
@/home/ec2-user/data/topics/4235 885
@/home/ec2-user/data/topics/3466 886
@/home/ec2-user/data/topics/4834 887
@/home/ec2-user/data/topics/4663 888
@/home/ec2-user/data/topics/3506 889
@/home/ec2-user/data/topics/3469 890
@/home/ec2-user/data/topics/3412 891
@/home/ec2-user/data/topics/3616 892
@/home/ec2-user/data/topics/3774 893
@/home/ec2-user/data/topics/5033 894
@/home/ec2-user/data/topics/4614 895
@/home/ec2-user/data/topics/1110 896
@/home/ec2-user/data/topics/3856 897
@/home/ec2-user/data/topics/4133 898
@/home/ec2-user/data/topics/4880 899
@/home/ec2-user/data/topics/4221 900
@/home/ec2-user/data/topics/3592 901
@/home/ec2-user/data/topics/2146 902
@/home/ec2-user/data/topics/3921 903
@/home/ec2-user/data/topics/1872 904
@/home/ec2-user/data/topics/4419 905
@/home/ec2-user/data/topics/3963 906
@/home/ec2-user/data/topics/3820 907
@/home/ec2-user/data/topics/4305 908
@/home/ec2-user/data/topics/4552 909
@/home/ec2-user/data/topics/4220 910
@/home/ec2-user/data/topics/4514 911
@/home/ec2-user/data/topics/3493 912
@/home/ec2-user/data/topics/3595 913
@/home/ec2-user/data/topics/3666 914
@/home/ec2-user/data/topics/3747 915
@/home/ec2-user/data/topics/4562 916
@/home/ec2-user/data/topics/3490 917
@/home/ec2-user/data/topics/3873 918
@/home/ec2-user/data/topics/3397 919
@/home/ec2-user/data/topics/3800 920
住友ゴム工業株式会社

@/home/ec2-user/data/topics/4048 921
@/home/ec2-user/data/topics/1758 921
@/home/ec2-user/data/topics/1114 922
@/home/ec2-user/data/topics/4406 923
@/home/ec2-user/data/topics/2007 924
@/home/ec2-user/data/topics/4597 925
@/home/ec2-user/data/topics/4568 926
セイコーエプソン株式会社

@/home/ec2-user/data/topics/4719 927
@/home/ec2-user/data/topics/1484 927
@/home/ec2-user/data/topics/1938 928
@/home/ec2-user/data/topics/4022 929
@/home/ec2-user/data/topics/4109 930
@/home/ec2-user/data/topics/2165 931
@/home/ec2-user/data/topics/1378 932
@/home/ec2-user/data/topics/4802 933
@/home/ec2-user/data/topics/3505 934
@/home/ec2-user/data/topics/3476 935
@/home/ec2-user/data/topics/4454 936
@/home/ec2-user/data/topics/3589 937
@/home/ec2-user/data/topics/1343 938
@/home/ec2-user/data/topics/4386 939
@/home/ec2-user/data/topics/1423 940
@/home/ec2-user/data/topics/3985 941
@/home/ec2-user/data/topics/3910 942
@/home/ec2-user/data/topics/4801 943
@/home/ec2-user/data/topics/4605 944
@/home/ec2-user/data/topics/4585 945
@/home/ec2-user/data/topics/2078 946
@/home/ec2-user/data/topics/3819 947
@/home/ec2-user/data/topics/1890 948
@/home/ec2-user/data/topics/3361 949
@/home/ec2-user/data/topics/3887 950
@/home/ec2-user/data/topics/1641 951
株式会社三共

@/home/ec2-user/data/topics/1377 952
@/home/ec2-user/data/topics/2060 952
@/home/ec2-user/data/topics/1086 953
@/home/ec2-user/data/topics/1189 954
@/home/ec2-user/data/topics/4868 955
@/home/ec2-user/data/topics/1665 956
@/home/ec2-user/data/topics/4374 957
@/home/ec2-user/data/topics/1648 958
@/home/ec2-user/data/topics/2123 959
沖電気工業株式会社

@/home/ec2-user/data/topics/3457 960
@/home/ec2-user/data/topics/3395 960
@/home/ec2-user/data/topics/1188 961
@/home/ec2-user/data/topics/3433 962
@/home/ec2-user/data/topics/3621 963
@/home/ec2-user/data/topics/4308 964
@/home/ec2-user/data/topics/1531 965
@/home/ec2-user/data/topics/3571 966
@/home/ec2-user/data/topics/4693 967
@/home/ec2-user/data/topics/4299 968
@/home/ec2-user/data/topics/3764 969
@/home/ec2-user/data/topics/3690 970
@/home/ec2-user/data/topics/3964 971
@/home/ec2-user/data/topics/4575 972
株式会社三星

@/home/ec2-user/data/topics/2108 973
@/home/ec2-user/data/topics/2198 973
@/home/ec2-user/data/topics/3942 974
@/home/ec2-user/data/topics/1733 975
@/home/ec2-user/data/topics/1260 976
@/home/ec2-user/data/topics/1728 977
日本ビクター株式会社

@/home/ec2-user/data/topics/1520 978
@/home/ec2-user/data/topics/3603 978
@/home/ec2-user/data/topics/1389 979
@/home/ec2-user/data/topics/3939 980
@/home/ec2-user/data/topics/4123 981
@/home/ec2-user/data/topics/1440 982
@/home/ec2-user/data/topics/3620 983
@/home/ec2-user/data/topics/1823 984
@/home/ec2-user/data/topics/4056 985
@/home/ec2-user/data/topics/3882 986
@/home/ec2-user/data/topics/4672 987
花王株式会社

@/home/ec2-user/data/topics/3753 988
@/home/ec2-user/data/topics/4445 988
@/home/ec2-user/data/topics/4211 989
@/home/ec2-user/data/topics/4287 990
@/home/ec2-user/data/topics/3884 991
@/home/ec2-user/data/topics/1767 992
@/home/ec2-user/data/topics/1196 993
@/home/ec2-user/data/topics/3812 994
@/home/ec2-user/data/topics/4827 995
@/home/ec2-user/data/topics/3999 996
@/home/ec2-user/data/topics/4249 997
@/home/ec2-user/data/topics/2214 998
@/home/ec2-user/data/topics/1022 999
三田工業株式会社

@/home/ec2-user/data/topics/1033 1000
@/home/ec2-user/data/topics/3923 1000
@/home/ec2-user/data/topics/2155 1001
@/home/ec2-user/data/topics/1269 1002
@/home/ec2-user/data/topics/3842 1003
@/home/ec2-user/data/topics/2136 1004
@/home/ec2-user/data/topics/1766 1005
@/home/ec2-user/data/topics/3604 1006
@/home/ec2-user/data/topics/1034 1007
豊丸産業株式会社

@/home/ec2-user/data/topics/1677 1008
@/home/ec2-user/data/topics/1914 1008
@/home/ec2-user/data/topics/4847 1009
@/home/ec2-user/data/topics/1401 1010
@/home/ec2-user/data/topics/1138 1011
@/home/ec2-user/data/topics/2169 1012
@/home/ec2-user/data/topics/1284 1013
@/home/ec2-user/data/topics/1713 1014
@/home/ec2-user/data/topics/1353 1015
@/home/ec2-user/data/topics/2011 1016
@/home/ec2-user/data/topics/1726 1017
@/home/ec2-user/data/topics/1097 1018
@/home/ec2-user/data/topics/1588 1019
@/home/ec2-user/data/topics/1126 1020
@/home/ec2-user/data/topics/3672 1021
鐘紡株式会社

@/home/ec2-user/data/topics/2185 1022
@/home/ec2-user/data/topics/1178 1022
@/home/ec2-user/data/topics/2223 1023
@/home/ec2-user/data/topics/1842 1024
@/home/ec2-user/data/topics/2034 1025
@/home/ec2-user/data/topics/3566 1026
@/home/ec2-user/data/topics/3634 1027
@/home/ec2-user/data/topics/1886 1028
@/home/ec2-user/data/topics/4195 1029
@/home/ec2-user/data/topics/3560 1030
@/home/ec2-user/data/topics/1367 1031
@/home/ec2-user/data/topics/1304 1032
@/home/ec2-user/data/topics/1901 1033
@/home/ec2-user/data/topics/3551 1034
@/home/ec2-user/data/topics/1870 1035
@/home/ec2-user/data/topics/1054 1036
株式会社デンソー

@/home/ec2-user/data/topics/4805 1037
@/home/ec2-user/data/topics/4840 1037
@/home/ec2-user/data/topics/4656 1038
@/home/ec2-user/data/topics/3710 1039
@/home/ec2-user/data/topics/4164 1040
@/home/ec2-user/data/topics/3480 1041
@/home/ec2-user/data/topics/1028 1042
@/home/ec2-user/data/topics/3406 1043
@/home/ec2-user/data/topics/4483 1044
@/home/ec2-user/data/topics/3421 1045
@/home/ec2-user/data/topics/4498 1046
@/home/ec2-user/data/topics/4423 1047
@/home/ec2-user/data/topics/1855 1048
@/home/ec2-user/data/topics/4622 1049
@/home/ec2-user/data/topics/4675 1050
@/home/ec2-user/data/topics/4024 1051
@/home/ec2-user/data/topics/4046 1052
富士写真フイルム株式会社

@/home/ec2-user/data/topics/1662 1053
@/home/ec2-user/data/topics/1570 1053
@/home/ec2-user/data/topics/4962 1054
@/home/ec2-user/data/topics/3911 1055
@/home/ec2-user/data/topics/3447 1056
@/home/ec2-user/data/topics/1603 1057
@/home/ec2-user/data/topics/1244 1058
@/home/ec2-user/data/topics/3857 1059
@/home/ec2-user/data/topics/2134 1060
@/home/ec2-user/data/topics/3354 1061
@/home/ec2-user/data/topics/3918 1062
京セラ株式会社

@/home/ec2-user/data/topics/4901 1063
@/home/ec2-user/data/topics/1741 1063
@/home/ec2-user/data/topics/1913 1064
@/home/ec2-user/data/topics/3593 1065
@/home/ec2-user/data/topics/4031 1066
@/home/ec2-user/data/topics/3741 1067
@/home/ec2-user/data/topics/4340 1068
@/home/ec2-user/data/topics/1485 1069
@/home/ec2-user/data/topics/3869 1070
@/home/ec2-user/data/topics/1708 1071
@/home/ec2-user/data/topics/3615 1072
@/home/ec2-user/data/topics/4513 1073
イビデン株式会社

@/home/ec2-user/data/topics/3814 1074
@/home/ec2-user/data/topics/1336 1074
@/home/ec2-user/data/topics/1770 1075
@/home/ec2-user/data/topics/1952 1076
@/home/ec2-user/data/topics/1682 1077
@/home/ec2-user/data/topics/2033 1078
@/home/ec2-user/data/topics/1315 1079
株式会社東芝

@/home/ec2-user/data/topics/2241 1080
@/home/ec2-user/data/topics/3352 1080
@/home/ec2-user/data/topics/1757 1081
@/home/ec2-user/data/topics/4302 1082
@/home/ec2-user/data/topics/3734 1083
@/home/ec2-user/data/topics/4089 1084
@/home/ec2-user/data/topics/4535 1085
@/home/ec2-user/data/topics/4292 1086
@/home/ec2-user/data/topics/3462 1087
@/home/ec2-user/data/topics/4623 1088
@/home/ec2-user/data/topics/1090 1089
@/home/ec2-user/data/topics/4009 1090
@/home/ec2-user/data/topics/1332 1091
@/home/ec2-user/data/topics/3598 1092
@/home/ec2-user/data/topics/4336 1093
@/home/ec2-user/data/topics/4361 1094
@/home/ec2-user/data/topics/3851 1095
@/home/ec2-user/data/topics/4912 1096
@/home/ec2-user/data/topics/3990 1097
@/home/ec2-user/data/topics/4172 1098
@/home/ec2-user/data/topics/1132 1099
@/home/ec2-user/data/topics/4165 1100
@/home/ec2-user/data/topics/3351 1101
@/home/ec2-user/data/topics/4755 1102
@/home/ec2-user/data/topics/1205 1103
@/home/ec2-user/data/topics/3689 1104
@/home/ec2-user/data/topics/1819 1105
@/home/ec2-user/data/topics/4594 1106
@/home/ec2-user/data/topics/3881 1107
@/home/ec2-user/data/topics/4509 1108
@/home/ec2-user/data/topics/4183 1109
@/home/ec2-user/data/topics/4140 1110
@/home/ec2-user/data/topics/3948 1111
@/home/ec2-user/data/topics/3363 1112
@/home/ec2-user/data/topics/3380 1113
@/home/ec2-user/data/topics/4935 1114
@/home/ec2-user/data/topics/3618 1115
@/home/ec2-user/data/topics/3795 1116
@/home/ec2-user/data/topics/1997 1117
@/home/ec2-user/data/topics/3683 1118
@/home/ec2-user/data/topics/3834 1119
@/home/ec2-user/data/topics/4381 1120
@/home/ec2-user/data/topics/3716 1121
@/home/ec2-user/data/topics/1585 1122
@/home/ec2-user/data/topics/4881 1123
@/home/ec2-user/data/topics/4566 1124
@/home/ec2-user/data/topics/4096 1125
@/home/ec2-user/data/topics/4751 1126
@/home/ec2-user/data/topics/3890 1127
@/home/ec2-user/data/topics/3360 1128
@/home/ec2-user/data/topics/4197 1129
@/home/ec2-user/data/topics/1756 1130
@/home/ec2-user/data/topics/3988 1131
@/home/ec2-user/data/topics/4631 1132
@/home/ec2-user/data/topics/3542 1133
@/home/ec2-user/data/topics/3732 1134
@/home/ec2-user/data/topics/4863 1135
@/home/ec2-user/data/topics/3780 1136
@/home/ec2-user/data/topics/3688 1137
@/home/ec2-user/data/topics/4842 1138
@/home/ec2-user/data/topics/4057 1139
ヤマハ株式会社

@/home/ec2-user/data/topics/4177 1140
@/home/ec2-user/data/topics/1720 1140
@/home/ec2-user/data/topics/1911 1141
@/home/ec2-user/data/topics/4145 1142
@/home/ec2-user/data/topics/4045 1143
@/home/ec2-user/data/topics/4919 1144
@/home/ec2-user/data/topics/4010 1145
@/home/ec2-user/data/topics/4954 1146
@/home/ec2-user/data/topics/4084 1147
@/home/ec2-user/data/topics/1676 1148
@/home/ec2-user/data/topics/3972 1149
@/home/ec2-user/data/topics/4125 1150
@/home/ec2-user/data/topics/1443 1151
東洋紡績株式会社

@/home/ec2-user/data/topics/4366 1152
@/home/ec2-user/data/topics/1613 1152
@/home/ec2-user/data/topics/4284 1153
@/home/ec2-user/data/topics/4362 1154
@/home/ec2-user/data/topics/3769 1155
@/home/ec2-user/data/topics/1029 1156
三菱化学株式会社

@/home/ec2-user/data/topics/3638 1157
@/home/ec2-user/data/topics/3513 1157
@/home/ec2-user/data/topics/1197 1158
@/home/ec2-user/data/topics/1699 1159
@/home/ec2-user/data/topics/3458 1160
@/home/ec2-user/data/topics/1902 1161
カシオ計算機株式会社

@/home/ec2-user/data/topics/1047 1162
@/home/ec2-user/data/topics/1368 1162
@/home/ec2-user/data/topics/2237 1163
@/home/ec2-user/data/topics/1535 1164
@/home/ec2-user/data/topics/2180 1165
@/home/ec2-user/data/topics/3391 1166
@/home/ec2-user/data/topics/1235 1167
@/home/ec2-user/data/topics/1794 1168
コナミ株式会社

@/home/ec2-user/data/topics/1302 1169
@/home/ec2-user/data/topics/4681 1169
@/home/ec2-user/data/topics/5015 1170
@/home/ec2-user/data/topics/4602 1171
@/home/ec2-user/data/topics/2151 1172
@/home/ec2-user/data/topics/2100 1173
@/home/ec2-user/data/topics/1621 1174
@/home/ec2-user/data/topics/1672 1175
大日本スクリーン製造株式会社

@/home/ec2-user/data/topics/1779 1176
@/home/ec2-user/data/topics/1173 1176
@/home/ec2-user/data/topics/1608 1177
@/home/ec2-user/data/topics/2172 1178
@/home/ec2-user/data/topics/3742 1179
@/home/ec2-user/data/topics/1130 1180
@/home/ec2-user/data/topics/2209 1181
オムロン株式会社

@/home/ec2-user/data/topics/1579 1182
@/home/ec2-user/data/topics/3597 1182
@/home/ec2-user/data/topics/4771 1183
@/home/ec2-user/data/topics/1533 1184
@/home/ec2-user/data/topics/1841 1185
@/home/ec2-user/data/topics/3748 1186
@/home/ec2-user/data/topics/2096 1187
@/home/ec2-user/data/topics/3700 1188
@/home/ec2-user/data/topics/1933 1189
@/home/ec2-user/data/topics/1151 1190
@/home/ec2-user/data/topics/1657 1191
@/home/ec2-user/data/topics/3594 1192
@/home/ec2-user/data/topics/3863 1193
@/home/ec2-user/data/topics/1135 1194
@/home/ec2-user/data/topics/1067 1195
株式会社日立製作所

@/home/ec2-user/data/topics/3973 1196
@/home/ec2-user/data/topics/3432 1196
@/home/ec2-user/data/topics/4058 1197
@/home/ec2-user/data/topics/4621 1198
@/home/ec2-user/data/topics/4547 1199
@/home/ec2-user/data/topics/1825 1200
@/home/ec2-user/data/topics/3968 1201
@/home/ec2-user/data/topics/4489 1202
@/home/ec2-user/data/topics/5030 1203
@/home/ec2-user/data/topics/3994 1204
@/home/ec2-user/data/topics/3772 1205
@/home/ec2-user/data/topics/1693 1206
@/home/ec2-user/data/topics/4799 1207
@/home/ec2-user/data/topics/3691 1208
@/home/ec2-user/data/topics/3665 1209
@/home/ec2-user/data/topics/3350 1210
@/home/ec2-user/data/topics/3965 1211
@/home/ec2-user/data/topics/3384 1212
@/home/ec2-user/data/topics/4401 1213
@/home/ec2-user/data/topics/3524 1214
@/home/ec2-user/data/topics/1882 1215
@/home/ec2-user/data/topics/3531 1216
@/home/ec2-user/data/topics/3706 1217
@/home/ec2-user/data/topics/1487 1218
@/home/ec2-user/data/topics/3440 1219
@/home/ec2-user/data/topics/4545 1220
@/home/ec2-user/data/topics/3659 1221
@/home/ec2-user/data/topics/4943 1222
@/home/ec2-user/data/topics/4990 1223
@/home/ec2-user/data/topics/1501 1224
@/home/ec2-user/data/topics/3439 1225
@/home/ec2-user/data/topics/1334 1226
@/home/ec2-user/data/topics/3648 1227
@/home/ec2-user/data/topics/1667 1228
@/home/ec2-user/data/topics/3822 1229
@/home/ec2-user/data/topics/4402 1230
@/home/ec2-user/data/topics/3599 1231
@/home/ec2-user/data/topics/1249 1232
@/home/ec2-user/data/topics/2184 1233
@/home/ec2-user/data/topics/2239 1234
@/home/ec2-user/data/topics/3588 1235
@/home/ec2-user/data/topics/1651 1236
@/home/ec2-user/data/topics/1987 1237
@/home/ec2-user/data/topics/3461 1238
@/home/ec2-user/data/topics/3596 1239
@/home/ec2-user/data/topics/4040 1240
@/home/ec2-user/data/topics/3488 1241
@/home/ec2-user/data/topics/3471 1242
@/home/ec2-user/data/topics/1072 1243
@/home/ec2-user/data/topics/3993 1244
@/home/ec2-user/data/topics/3779 1245
@/home/ec2-user/data/topics/1296 1246
@/home/ec2-user/data/topics/1640 1247
@/home/ec2-user/data/topics/2019 1248
@/home/ec2-user/data/topics/1880 1249
@/home/ec2-user/data/topics/1105 1250
@/home/ec2-user/data/topics/1463 1251
@/home/ec2-user/data/topics/1562 1252
@/home/ec2-user/data/topics/1826 1253
@/home/ec2-user/data/topics/2081 1254
@/home/ec2-user/data/topics/4166 1255
@/home/ec2-user/data/topics/4559 1256
@/home/ec2-user/data/topics/1340 1257
@/home/ec2-user/data/topics/3570 1258
@/home/ec2-user/data/topics/5029 1259
@/home/ec2-user/data/topics/4420 1260
@/home/ec2-user/data/topics/4122 1261
@/home/ec2-user/data/topics/4551 1262
@/home/ec2-user/data/topics/1247 1263
@/home/ec2-user/data/topics/1278 1264
@/home/ec2-user/data/topics/1833 1265
@/home/ec2-user/data/topics/4493 1266
@/home/ec2-user/data/topics/1082 1267
@/home/ec2-user/data/topics/4830 1268
凸版印刷株式会社

@/home/ec2-user/data/topics/3500 1269
@/home/ec2-user/data/topics/3526 1269
@/home/ec2-user/data/topics/1765 1270
@/home/ec2-user/data/topics/1091 1271
@/home/ec2-user/data/topics/3624 1272
@/home/ec2-user/data/topics/4874 1273
@/home/ec2-user/data/topics/1977 1274
株式会社ノーリツ

@/home/ec2-user/data/topics/4206 1275
@/home/ec2-user/data/topics/4776 1275
@/home/ec2-user/data/topics/1598 1276
@/home/ec2-user/data/topics/1618 1277
@/home/ec2-user/data/topics/2116 1278
@/home/ec2-user/data/topics/4354 1279
@/home/ec2-user/data/topics/1760 1280
@/home/ec2-user/data/topics/1290 1281
川崎重工業株式会社

@/home/ec2-user/data/topics/1172 1282
@/home/ec2-user/data/topics/4944 1282
@/home/ec2-user/data/topics/4866 1283
@/home/ec2-user/data/topics/4572 1284
@/home/ec2-user/data/topics/4793 1285
@/home/ec2-user/data/topics/4756 1286
@/home/ec2-user/data/topics/5025 1287
@/home/ec2-user/data/topics/1162 1288
ティーディーケイ株式会社

@/home/ec2-user/data/topics/3798 1289
@/home/ec2-user/data/topics/3909 1289
@/home/ec2-user/data/topics/4619 1290
@/home/ec2-user/data/topics/1129 1291
@/home/ec2-user/data/topics/1510 1292
@/home/ec2-user/data/topics/1409 1293
@/home/ec2-user/data/topics/3792 1294
@/home/ec2-user/data/topics/2202 1295
@/home/ec2-user/data/topics/2210 1296
京セラミタ株式会社

@/home/ec2-user/data/topics/2141 1297
@/home/ec2-user/data/topics/4985 1297
@/home/ec2-user/data/topics/4564 1298
@/home/ec2-user/data/topics/1032 1299
@/home/ec2-user/data/topics/4973 1300
@/home/ec2-user/data/topics/1930 1301
@/home/ec2-user/data/topics/4174 1302
株式会社クボタ

@/home/ec2-user/data/topics/3919 1303
@/home/ec2-user/data/topics/1734 1303
@/home/ec2-user/data/topics/4379 1304
@/home/ec2-user/data/topics/1280 1305
@/home/ec2-user/data/topics/4745 1306
@/home/ec2-user/data/topics/1012 1307
@/home/ec2-user/data/topics/4251 1308
@/home/ec2-user/data/topics/3854 1309
@/home/ec2-user/data/topics/3823 1310
@/home/ec2-user/data/topics/1448 1311
シャープ株式会社

@/home/ec2-user/data/topics/3679 1312
@/home/ec2-user/data/topics/1349 1312
@/home/ec2-user/data/topics/1419 1313
@/home/ec2-user/data/topics/4124 1314
@/home/ec2-user/data/topics/3452 1315
@/home/ec2-user/data/topics/1561 1316
@/home/ec2-user/data/topics/1396 1317
@/home/ec2-user/data/topics/4019 1318
@/home/ec2-user/data/topics/4430 1319
@/home/ec2-user/data/topics/1563 1320
@/home/ec2-user/data/topics/4861 1321
@/home/ec2-user/data/topics/4782 1322
@/home/ec2-user/data/topics/3978 1323
@/home/ec2-user/data/topics/3762 1324
@/home/ec2-user/data/topics/4230 1325
@/home/ec2-user/data/topics/3895 1326
@/home/ec2-user/data/topics/4469 1327
@/home/ec2-user/data/topics/4127 1328
@/home/ec2-user/data/topics/2084 1329
@/home/ec2-user/data/topics/1840 1330
@/home/ec2-user/data/topics/1431 1331
@/home/ec2-user/data/topics/3678 1332
@/home/ec2-user/data/topics/1965 1333
@/home/ec2-user/data/topics/4152 1334
@/home/ec2-user/data/topics/1258 1335
@/home/ec2-user/data/topics/4245 1336
@/home/ec2-user/data/topics/4744 1337
@/home/ec2-user/data/topics/4005 1338
@/home/ec2-user/data/topics/3871 1339
@/home/ec2-user/data/topics/4228 1340
@/home/ec2-user/data/topics/1154 1341
@/home/ec2-user/data/topics/3673 1342
@/home/ec2-user/data/topics/3537 1343
@/home/ec2-user/data/topics/4103 1344
@/home/ec2-user/data/topics/1209 1345
@/home/ec2-user/data/topics/3981 1346
@/home/ec2-user/data/topics/4323 1347
@/home/ec2-user/data/topics/3698 1348
@/home/ec2-user/data/topics/4717 1349
@/home/ec2-user/data/topics/4263 1350
@/home/ec2-user/data/topics/1384 1351
@/home/ec2-user/data/topics/3606 1352
@/home/ec2-user/data/topics/3610 1353
@/home/ec2-user/data/topics/1318 1354
@/home/ec2-user/data/topics/1804 1355
@/home/ec2-user/data/topics/2118 1356
@/home/ec2-user/data/topics/1970 1357
@/home/ec2-user/data/topics/4214 1358
@/home/ec2-user/data/topics/1685 1359
@/home/ec2-user/data/topics/3649 1360
@/home/ec2-user/data/topics/4113 1361
@/home/ec2-user/data/topics/3858 1362
@/home/ec2-user/data/topics/4256 1363
@/home/ec2-user/data/topics/2020 1364
@/home/ec2-user/data/topics/2087 1365
@/home/ec2-user/data/topics/3813 1366
@/home/ec2-user/data/topics/4683 1367
@/home/ec2-user/data/topics/3832 1368
@/home/ec2-user/data/topics/3422 1369
@/home/ec2-user/data/topics/4516 1370
@/home/ec2-user/data/topics/3941 1371
@/home/ec2-user/data/topics/4095 1372
@/home/ec2-user/data/topics/1288 1373
@/home/ec2-user/data/topics/4252 1374
@/home/ec2-user/data/topics/4519 1375
@/home/ec2-user/data/topics/3777 1376
@/home/ec2-user/data/topics/4648 1377
@/home/ec2-user/data/topics/3450 1378
@/home/ec2-user/data/topics/4173 1379
@/home/ec2-user/data/topics/3760 1380
@/home/ec2-user/data/topics/3793 1381
@/home/ec2-user/data/topics/3776 1382
@/home/ec2-user/data/topics/3855 1383
@/home/ec2-user/data/topics/3578 1384
@/home/ec2-user/data/topics/1174 1385
@/home/ec2-user/data/topics/4105 1386
@/home/ec2-user/data/topics/4691 1387
@/home/ec2-user/data/topics/3957 1388
@/home/ec2-user/data/topics/4583 1389
@/home/ec2-user/data/topics/4349 1390
@/home/ec2-user/data/topics/3966 1391
日本輸送機株式会社

@/home/ec2-user/data/topics/1108 1392
@/home/ec2-user/data/topics/1493 1392
@/home/ec2-user/data/topics/2065 1393
@/home/ec2-user/data/topics/2221 1394
@/home/ec2-user/data/topics/1940 1395
@/home/ec2-user/data/topics/1191 1396
@/home/ec2-user/data/topics/3573 1397
@/home/ec2-user/data/topics/1456 1398
東京エレクトロン株式会社

@/home/ec2-user/data/topics/4023 1399
@/home/ec2-user/data/topics/4702 1399
@/home/ec2-user/data/topics/4618 1400
@/home/ec2-user/data/topics/4002 1401
@/home/ec2-user/data/topics/3947 1402
@/home/ec2-user/data/topics/1508 1403
@/home/ec2-user/data/topics/1800 1404
@/home/ec2-user/data/topics/4345 1405
@/home/ec2-user/data/topics/1263 1406
@/home/ec2-user/data/topics/4906 1407
@/home/ec2-user/data/topics/1736 1408
@/home/ec2-user/data/topics/4053 1409
株式会社村田製作所

@/home/ec2-user/data/topics/1374 1410
@/home/ec2-user/data/topics/4042 1410
@/home/ec2-user/data/topics/4703 1411
@/home/ec2-user/data/topics/4070 1412
@/home/ec2-user/data/topics/3435 1413
@/home/ec2-user/data/topics/3482 1414
@/home/ec2-user/data/topics/3697 1415
@/home/ec2-user/data/topics/3885 1416
@/home/ec2-user/data/topics/4163 1417
@/home/ec2-user/data/topics/4795 1418
@/home/ec2-user/data/topics/4378 1419
@/home/ec2-user/data/topics/2229 1420
@/home/ec2-user/data/topics/4325 1421
@/home/ec2-user/data/topics/4271 1422
@/home/ec2-user/data/topics/4432 1423
@/home/ec2-user/data/topics/4417 1424
@/home/ec2-user/data/topics/1411 1425
日本電信電話株式会社

@/home/ec2-user/data/topics/3521 1426
@/home/ec2-user/data/topics/1408 1426
@/home/ec2-user/data/topics/4118 1427
@/home/ec2-user/data/topics/3359 1428
@/home/ec2-user/data/topics/4916 1429
@/home/ec2-user/data/topics/4870 1430
@/home/ec2-user/data/topics/3544 1431
@/home/ec2-user/data/topics/3425 1432
@/home/ec2-user/data/topics/4964 1433
@/home/ec2-user/data/topics/4965 1434
@/home/ec2-user/data/topics/1229 1435
@/home/ec2-user/data/topics/4115 1436
@/home/ec2-user/data/topics/4146 1437
@/home/ec2-user/data/topics/4087 1438
@/home/ec2-user/data/topics/2130 1439
@/home/ec2-user/data/topics/3894 1440
@/home/ec2-user/data/topics/3928 1441
@/home/ec2-user/data/topics/4443 1442
@/home/ec2-user/data/topics/3586 1443
@/home/ec2-user/data/topics/2017 1444
@/home/ec2-user/data/topics/4925 1445
@/home/ec2-user/data/topics/1934 1446
@/home/ec2-user/data/topics/4952 1447
@/home/ec2-user/data/topics/3824 1448
@/home/ec2-user/data/topics/3915 1449
@/home/ec2-user/data/topics/4560 1450
@/home/ec2-user/data/topics/1556 1451
@/home/ec2-user/data/topics/4865 1452
@/home/ec2-user/data/topics/4232 1453
@/home/ec2-user/data/topics/3552 1454
@/home/ec2-user/data/topics/4114 1455
@/home/ec2-user/data/topics/3641 1456
@/home/ec2-user/data/topics/3650 1457
@/home/ec2-user/data/topics/4121 1458
@/home/ec2-user/data/topics/1787 1459
@/home/ec2-user/data/topics/4836 1460
@/home/ec2-user/data/topics/4104 1461
@/home/ec2-user/data/topics/4792 1462
@/home/ec2-user/data/topics/4175 1463
@/home/ec2-user/data/topics/3927 1464
@/home/ec2-user/data/topics/3811 1465
@/home/ec2-user/data/topics/4025 1466
@/home/ec2-user/data/topics/1042 1467
@/home/ec2-user/data/topics/4511 1468
@/home/ec2-user/data/topics/4505 1469
@/home/ec2-user/data/topics/1809 1470
@/home/ec2-user/data/topics/3568 1471
@/home/ec2-user/data/topics/4488 1472
@/home/ec2-user/data/topics/3536 1473
@/home/ec2-user/data/topics/4208 1474
@/home/ec2-user/data/topics/4335 1475
@/home/ec2-user/data/topics/4664 1476
@/home/ec2-user/data/topics/3785 1477
@/home/ec2-user/data/topics/3509 1478
@/home/ec2-user/data/topics/4131 1479
@/home/ec2-user/data/topics/1230 1480
日本鋼管株式会社

@/home/ec2-user/data/topics/2095 1481
@/home/ec2-user/data/topics/1690 1481
@/home/ec2-user/data/topics/4455 1482
@/home/ec2-user/data/topics/1404 1483
@/home/ec2-user/data/topics/4289 1484
@/home/ec2-user/data/topics/3572 1485
@/home/ec2-user/data/topics/4161 1486
株式会社神戸製鋼所

@/home/ec2-user/data/topics/1465 1487
@/home/ec2-user/data/topics/4949 1487
@/home/ec2-user/data/topics/3674 1488
@/home/ec2-user/data/topics/2064 1489
@/home/ec2-user/data/topics/3475 1490
@/home/ec2-user/data/topics/3902 1491
@/home/ec2-user/data/topics/3632 1492
株式会社ケンウッド

@/home/ec2-user/data/topics/2163 1493
@/home/ec2-user/data/topics/1896 1493
@/home/ec2-user/data/topics/1186 1494
@/home/ec2-user/data/topics/1424 1495
@/home/ec2-user/data/topics/1115 1496
@/home/ec2-user/data/topics/2036 1497
@/home/ec2-user/data/topics/3977 1498
@/home/ec2-user/data/topics/1241 1499
@/home/ec2-user/data/topics/4050 1500
@/home/ec2-user/data/topics/1617 1501
@/home/ec2-user/data/topics/3878 1502
@/home/ec2-user/data/topics/3801 1503
@/home/ec2-user/data/topics/4038 1504
@/home/ec2-user/data/topics/3839 1505
@/home/ec2-user/data/topics/3794 1506
@/home/ec2-user/data/topics/1698 1507
@/home/ec2-user/data/topics/3463 1508
@/home/ec2-user/data/topics/4167 1509
@/home/ec2-user/data/topics/4467 1510
@/home/ec2-user/data/topics/3969 1511
@/home/ec2-user/data/topics/1345 1512
東陶機器株式会社

@/home/ec2-user/data/topics/2135 1513
@/home/ec2-user/data/topics/1735 1513
@/home/ec2-user/data/topics/1626 1514
@/home/ec2-user/data/topics/3583 1515
@/home/ec2-user/data/topics/3821 1516
@/home/ec2-user/data/topics/1692 1517
本田技研工業株式会社

@/home/ec2-user/data/topics/1215 1518
@/home/ec2-user/data/topics/1143 1518
@/home/ec2-user/data/topics/1226 1519
@/home/ec2-user/data/topics/5026 1520
@/home/ec2-user/data/topics/4888 1521
@/home/ec2-user/data/topics/4132 1522
@/home/ec2-user/data/topics/3685 1523
@/home/ec2-user/data/topics/2016 1524
@/home/ec2-user/data/topics/4033 1525
@/home/ec2-user/data/topics/1818 1526
@/home/ec2-user/data/topics/4783 1527
@/home/ec2-user/data/topics/1822 1528
@/home/ec2-user/data/topics/2000 1529
@/home/ec2-user/data/topics/4375 1530
@/home/ec2-user/data/topics/4331 1531
@/home/ec2-user/data/topics/1605 1532
@/home/ec2-user/data/topics/1444 1533
@/home/ec2-user/data/topics/1266 1534
@/home/ec2-user/data/topics/4199 1535
新日本製鐵株式会社

@/home/ec2-user/data/topics/3861 1536
@/home/ec2-user/data/topics/3663 1536
@/home/ec2-user/data/topics/3368 1537
@/home/ec2-user/data/topics/3899 1538
@/home/ec2-user/data/topics/4472 1539
@/home/ec2-user/data/topics/5008 1540
松下電工株式会社

@/home/ec2-user/data/topics/3835 1541
@/home/ec2-user/data/topics/3549 1541
@/home/ec2-user/data/topics/3379 1542
@/home/ec2-user/data/topics/4094 1543
@/home/ec2-user/data/topics/1311 1544
@/home/ec2-user/data/topics/2045 1545
@/home/ec2-user/data/topics/4012 1546
@/home/ec2-user/data/topics/1251 1547
@/home/ec2-user/data/topics/4317 1548
@/home/ec2-user/data/topics/4592 1549
@/home/ec2-user/data/topics/4450 1550
@/home/ec2-user/data/topics/1803 1551
@/home/ec2-user/data/topics/4029 1552
@/home/ec2-user/data/topics/3565 1553
@/home/ec2-user/data/topics/4083 1554
@/home/ec2-user/data/topics/3932 1555
@/home/ec2-user/data/topics/3778 1556
@/home/ec2-user/data/topics/1011 1557
@/home/ec2-user/data/topics/4347 1558
@/home/ec2-user/data/topics/3670 1559
@/home/ec2-user/data/topics/3511 1560
@/home/ec2-user/data/topics/3651 1561
usernum: 72
simhit: 1518
simmax: 0.61479836705
simmin: 0.0
simavg: 0.197148545958
total: 1562
simhit/total: 0.971830985915

2017-01-13 23:34:00.870881
