2017-01-14 01:37:24.561326

topic-folder:/home/ec2-user/data/topics/
cl-file:rand
cl-floder:/home/ec2-user/data/lsaclass/
zipf:0.2
stype[0(tfidf)/1(tfidf2)/2(lsa)/3(lda)]:2
dtype[<0(diff*rand)/0(diff)/1(same)/>=2(diff*same)]:0
output-floder:result

三菱マテリアル株式会社

@/home/ec2-user/data/topics/3630 0
@/home/ec2-user/data/topics/2093 0
@/home/ec2-user/data/topics/3520 1
@/home/ec2-user/data/topics/3546 2
@/home/ec2-user/data/topics/3470 3
@/home/ec2-user/data/topics/1638 4
@/home/ec2-user/data/topics/3866 5
@/home/ec2-user/data/topics/1085 6
日本精機株式会社

@/home/ec2-user/data/topics/4972 7
@/home/ec2-user/data/topics/1398 7
@/home/ec2-user/data/topics/4709 8
@/home/ec2-user/data/topics/4907 9
@/home/ec2-user/data/topics/4875 10
@/home/ec2-user/data/topics/4690 11
コニカ株式会社

@/home/ec2-user/data/topics/3419 12
@/home/ec2-user/data/topics/3418 12
@/home/ec2-user/data/topics/3414 13
@/home/ec2-user/data/topics/3357 14
@/home/ec2-user/data/topics/3370 15
@/home/ec2-user/data/topics/2162 16
@/home/ec2-user/data/topics/3533 17
@/home/ec2-user/data/topics/3431 18
@/home/ec2-user/data/topics/3426 19
@/home/ec2-user/data/topics/1946 20
@/home/ec2-user/data/topics/3486 21
埼玉日本電気株式会社

@/home/ec2-user/data/topics/4242 22
@/home/ec2-user/data/topics/4998 22
@/home/ec2-user/data/topics/1512 23
@/home/ec2-user/data/topics/4283 24
@/home/ec2-user/data/topics/5010 25
@/home/ec2-user/data/topics/4468 26
@/home/ec2-user/data/topics/4496 27
@/home/ec2-user/data/topics/4279 28
@/home/ec2-user/data/topics/1620 29
アルプス電気株式会社

@/home/ec2-user/data/topics/3582 30
@/home/ec2-user/data/topics/1434 30
@/home/ec2-user/data/topics/3429 31
@/home/ec2-user/data/topics/2089 32
@/home/ec2-user/data/topics/1253 33
@/home/ec2-user/data/topics/2012 34
@/home/ec2-user/data/topics/4791 35
三菱重工業株式会社

@/home/ec2-user/data/topics/3529 36
@/home/ec2-user/data/topics/5022 36
@/home/ec2-user/data/topics/3944 37
@/home/ec2-user/data/topics/3503 38
@/home/ec2-user/data/topics/3637 39
@/home/ec2-user/data/topics/4687 40
@/home/ec2-user/data/topics/4563 41
@/home/ec2-user/data/topics/4412 42
@/home/ec2-user/data/topics/3591 43
@/home/ec2-user/data/topics/3833 44
@/home/ec2-user/data/topics/4882 45
@/home/ec2-user/data/topics/4862 46
村田機械株式会社

@/home/ec2-user/data/topics/1074 47
@/home/ec2-user/data/topics/4638 47
@/home/ec2-user/data/topics/4746 48
@/home/ec2-user/data/topics/1293 49
@/home/ec2-user/data/topics/3740 50
@/home/ec2-user/data/topics/3528 51
@/home/ec2-user/data/topics/1607 52
@/home/ec2-user/data/topics/4596 53
@/home/ec2-user/data/topics/4570 54
@/home/ec2-user/data/topics/4556 55
@/home/ec2-user/data/topics/4441 56
@/home/ec2-user/data/topics/4645 57
@/home/ec2-user/data/topics/1511 58
@/home/ec2-user/data/topics/4941 59
@/home/ec2-user/data/topics/4835 60
@/home/ec2-user/data/topics/4565 61
@/home/ec2-user/data/topics/5000 62
川崎製鉄株式会社

@/home/ec2-user/data/topics/3532 63
@/home/ec2-user/data/topics/3483 63
@/home/ec2-user/data/topics/3413 64
@/home/ec2-user/data/topics/3553 65
@/home/ec2-user/data/topics/1459 66
@/home/ec2-user/data/topics/1037 67
@/home/ec2-user/data/topics/4615 68
@/home/ec2-user/data/topics/3929 69
@/home/ec2-user/data/topics/3611 70
ダイキン工業株式会社

@/home/ec2-user/data/topics/4400 71
@/home/ec2-user/data/topics/3888 71
@/home/ec2-user/data/topics/1565 72
@/home/ec2-user/data/topics/4515 73
@/home/ec2-user/data/topics/4858 74
@/home/ec2-user/data/topics/4701 75
@/home/ec2-user/data/topics/4845 76
@/home/ec2-user/data/topics/4753 77
@/home/ec2-user/data/topics/4734 78
@/home/ec2-user/data/topics/1600 79
@/home/ec2-user/data/topics/4367 80
三菱自動車工業株式会社

@/home/ec2-user/data/topics/1428 81
@/home/ec2-user/data/topics/1527 81
@/home/ec2-user/data/topics/1816 82
@/home/ec2-user/data/topics/4189 83
@/home/ec2-user/data/topics/2101 84
@/home/ec2-user/data/topics/3502 85
@/home/ec2-user/data/topics/3815 86
@/home/ec2-user/data/topics/3940 87
日産自動車株式会社

@/home/ec2-user/data/topics/3677 88
@/home/ec2-user/data/topics/3712 88
@/home/ec2-user/data/topics/3936 89
@/home/ec2-user/data/topics/4074 90
@/home/ec2-user/data/topics/3723 91
@/home/ec2-user/data/topics/3501 92
@/home/ec2-user/data/topics/4982 93
@/home/ec2-user/data/topics/3497 94
@/home/ec2-user/data/topics/3489 95
@/home/ec2-user/data/topics/3829 96
@/home/ec2-user/data/topics/3645 97
トヨタ自動車株式会社

@/home/ec2-user/data/topics/4767 98
@/home/ec2-user/data/topics/3356 98
@/home/ec2-user/data/topics/4144 99
@/home/ec2-user/data/topics/4064 100
@/home/ec2-user/data/topics/4346 101
@/home/ec2-user/data/topics/3725 102
@/home/ec2-user/data/topics/3699 103
@/home/ec2-user/data/topics/3405 104
@/home/ec2-user/data/topics/2111 105
@/home/ec2-user/data/topics/4008 106
@/home/ec2-user/data/topics/2218 107
@/home/ec2-user/data/topics/3587 108
@/home/ec2-user/data/topics/4920 109
@/home/ec2-user/data/topics/4030 110
@/home/ec2-user/data/topics/4658 111
@/home/ec2-user/data/topics/4426 112
@/home/ec2-user/data/topics/1494 113
@/home/ec2-user/data/topics/3481 114
@/home/ec2-user/data/topics/3731 115
@/home/ec2-user/data/topics/1551 116
@/home/ec2-user/data/topics/3671 117
@/home/ec2-user/data/topics/4298 118
@/home/ec2-user/data/topics/3783 119
@/home/ec2-user/data/topics/4647 120
@/home/ec2-user/data/topics/4633 121
@/home/ec2-user/data/topics/3758 122
@/home/ec2-user/data/topics/4543 123
@/home/ec2-user/data/topics/3943 124
@/home/ec2-user/data/topics/4617 125
オリンパス光学工業株式会社

@/home/ec2-user/data/topics/1155 126
@/home/ec2-user/data/topics/1586 126
@/home/ec2-user/data/topics/4007 127
@/home/ec2-user/data/topics/4013 128
@/home/ec2-user/data/topics/1107 129
@/home/ec2-user/data/topics/2026 130
@/home/ec2-user/data/topics/4878 131
@/home/ec2-user/data/topics/1869 132
@/home/ec2-user/data/topics/1981 133
@/home/ec2-user/data/topics/1835 134
@/home/ec2-user/data/topics/5006 135
@/home/ec2-user/data/topics/1739 136
ブラザー工業株式会社

@/home/ec2-user/data/topics/1076 137
@/home/ec2-user/data/topics/1697 137
@/home/ec2-user/data/topics/1636 138
@/home/ec2-user/data/topics/3477 139
@/home/ec2-user/data/topics/1906 140
@/home/ec2-user/data/topics/3789 141
@/home/ec2-user/data/topics/2086 142
@/home/ec2-user/data/topics/1164 143
@/home/ec2-user/data/topics/3686 144
@/home/ec2-user/data/topics/3507 145
@/home/ec2-user/data/topics/2085 146
@/home/ec2-user/data/topics/4548 147
@/home/ec2-user/data/topics/1300 148
@/home/ec2-user/data/topics/1183 149
@/home/ec2-user/data/topics/3613 150
富士通株式会社

@/home/ec2-user/data/topics/3850 151
@/home/ec2-user/data/topics/3538 151
@/home/ec2-user/data/topics/1264 152
@/home/ec2-user/data/topics/1547 153
@/home/ec2-user/data/topics/3400 154
@/home/ec2-user/data/topics/3912 155
@/home/ec2-user/data/topics/3799 156
@/home/ec2-user/data/topics/1609 157
@/home/ec2-user/data/topics/3636 158
@/home/ec2-user/data/topics/1123 159
@/home/ec2-user/data/topics/3802 160
@/home/ec2-user/data/topics/3751 161
@/home/ec2-user/data/topics/3970 162
@/home/ec2-user/data/topics/2227 163
@/home/ec2-user/data/topics/3846 164
@/home/ec2-user/data/topics/1271 165
@/home/ec2-user/data/topics/2216 166
@/home/ec2-user/data/topics/3399 167
@/home/ec2-user/data/topics/1998 168
@/home/ec2-user/data/topics/5004 169
@/home/ec2-user/data/topics/2215 170
@/home/ec2-user/data/topics/3749 171
@/home/ec2-user/data/topics/3381 172
@/home/ec2-user/data/topics/3870 173
@/home/ec2-user/data/topics/3765 174
@/home/ec2-user/data/topics/1874 175
@/home/ec2-user/data/topics/3862 176
@/home/ec2-user/data/topics/3428 177
@/home/ec2-user/data/topics/3962 178
@/home/ec2-user/data/topics/3460 179
@/home/ec2-user/data/topics/4191 180
@/home/ec2-user/data/topics/3883 181
静岡日本電気株式会社

@/home/ec2-user/data/topics/4365 182
@/home/ec2-user/data/topics/4531 182
@/home/ec2-user/data/topics/4326 183
@/home/ec2-user/data/topics/4314 184
@/home/ec2-user/data/topics/4250 185
@/home/ec2-user/data/topics/4507 186
住友重機械工業株式会社

@/home/ec2-user/data/topics/3868 187
@/home/ec2-user/data/topics/1505 187
@/home/ec2-user/data/topics/1553 188
@/home/ec2-user/data/topics/4854 189
@/home/ec2-user/data/topics/3952 190
@/home/ec2-user/data/topics/1019 191
@/home/ec2-user/data/topics/1900 192
@/home/ec2-user/data/topics/2039 193
@/home/ec2-user/data/topics/1373 194
大日本印刷株式会社

@/home/ec2-user/data/topics/1564 195
@/home/ec2-user/data/topics/1099 195
@/home/ec2-user/data/topics/3569 196
@/home/ec2-user/data/topics/1262 197
@/home/ec2-user/data/topics/3388 198
@/home/ec2-user/data/topics/1145 199
日本電気株式会社

@/home/ec2-user/data/topics/4162 200
@/home/ec2-user/data/topics/4247 200
@/home/ec2-user/data/topics/3724 201
@/home/ec2-user/data/topics/4315 202
@/home/ec2-user/data/topics/1500 203
@/home/ec2-user/data/topics/4749 204
@/home/ec2-user/data/topics/4775 205
@/home/ec2-user/data/topics/2166 206
@/home/ec2-user/data/topics/4342 207
@/home/ec2-user/data/topics/1661 208
@/home/ec2-user/data/topics/4644 209
@/home/ec2-user/data/topics/4318 210
@/home/ec2-user/data/topics/3853 211
@/home/ec2-user/data/topics/4267 212
@/home/ec2-user/data/topics/4254 213
@/home/ec2-user/data/topics/4278 214
@/home/ec2-user/data/topics/4243 215
@/home/ec2-user/data/topics/4137 216
@/home/ec2-user/data/topics/4533 217
@/home/ec2-user/data/topics/4665 218
@/home/ec2-user/data/topics/4171 219
@/home/ec2-user/data/topics/1844 220
@/home/ec2-user/data/topics/4434 221
@/home/ec2-user/data/topics/4433 222
@/home/ec2-user/data/topics/4609 223
@/home/ec2-user/data/topics/1791 224
@/home/ec2-user/data/topics/4595 225
@/home/ec2-user/data/topics/4458 226
@/home/ec2-user/data/topics/3995 227
@/home/ec2-user/data/topics/4643 228
@/home/ec2-user/data/topics/4584 229
@/home/ec2-user/data/topics/4389 230
@/home/ec2-user/data/topics/1624 231
@/home/ec2-user/data/topics/4816 232
@/home/ec2-user/data/topics/4236 233
@/home/ec2-user/data/topics/4728 234
@/home/ec2-user/data/topics/4785 235
@/home/ec2-user/data/topics/4398 236
@/home/ec2-user/data/topics/4759 237
@/home/ec2-user/data/topics/4281 238
@/home/ec2-user/data/topics/1815 239
@/home/ec2-user/data/topics/4666 240
@/home/ec2-user/data/topics/4216 241
@/home/ec2-user/data/topics/2150 242
@/home/ec2-user/data/topics/4532 243
@/home/ec2-user/data/topics/4240 244
@/home/ec2-user/data/topics/1457 245
@/home/ec2-user/data/topics/1867 246
@/home/ec2-user/data/topics/4062 247
@/home/ec2-user/data/topics/4154 248
@/home/ec2-user/data/topics/4192 249
@/home/ec2-user/data/topics/4770 250
@/home/ec2-user/data/topics/1052 251
@/home/ec2-user/data/topics/4429 252
@/home/ec2-user/data/topics/1852 253
@/home/ec2-user/data/topics/3766 254
@/home/ec2-user/data/topics/4142 255
@/home/ec2-user/data/topics/4646 256
@/home/ec2-user/data/topics/3938 257
@/home/ec2-user/data/topics/4808 258
@/home/ec2-user/data/topics/4320 259
@/home/ec2-user/data/topics/4338 260
@/home/ec2-user/data/topics/1923 261
@/home/ec2-user/data/topics/4764 262
@/home/ec2-user/data/topics/4446 263
@/home/ec2-user/data/topics/1112 264
@/home/ec2-user/data/topics/1557 265
@/home/ec2-user/data/topics/1595 266
@/home/ec2-user/data/topics/4634 267
@/home/ec2-user/data/topics/4440 268
@/home/ec2-user/data/topics/4097 269
@/home/ec2-user/data/topics/1764 270
@/home/ec2-user/data/topics/4760 271
@/home/ec2-user/data/topics/4309 272
@/home/ec2-user/data/topics/4877 273
@/home/ec2-user/data/topics/1634 274
@/home/ec2-user/data/topics/4404 275
@/home/ec2-user/data/topics/4427 276
@/home/ec2-user/data/topics/1101 277
@/home/ec2-user/data/topics/2041 278
@/home/ec2-user/data/topics/4343 279
@/home/ec2-user/data/topics/4838 280
@/home/ec2-user/data/topics/5034 281
@/home/ec2-user/data/topics/4246 282
@/home/ec2-user/data/topics/1383 283
@/home/ec2-user/data/topics/4497 284
@/home/ec2-user/data/topics/1783 285
@/home/ec2-user/data/topics/1044 286
@/home/ec2-user/data/topics/4238 287
@/home/ec2-user/data/topics/4371 288
@/home/ec2-user/data/topics/4477 289
@/home/ec2-user/data/topics/1710 290
@/home/ec2-user/data/topics/4388 291
@/home/ec2-user/data/topics/4750 292
@/home/ec2-user/data/topics/4682 293
@/home/ec2-user/data/topics/3954 294
@/home/ec2-user/data/topics/4892 295
@/home/ec2-user/data/topics/4486 296
@/home/ec2-user/data/topics/4153 297
@/home/ec2-user/data/topics/4275 298
@/home/ec2-user/data/topics/4359 299
@/home/ec2-user/data/topics/4100 300
@/home/ec2-user/data/topics/4196 301
@/home/ec2-user/data/topics/4257 302
@/home/ec2-user/data/topics/4414 303
@/home/ec2-user/data/topics/3886 304
@/home/ec2-user/data/topics/4940 305
@/home/ec2-user/data/topics/2119 306
@/home/ec2-user/data/topics/1116 307
@/home/ec2-user/data/topics/3729 308
@/home/ec2-user/data/topics/4209 309
@/home/ec2-user/data/topics/4850 310
@/home/ec2-user/data/topics/4689 311
@/home/ec2-user/data/topics/4460 312
@/home/ec2-user/data/topics/4696 313
@/home/ec2-user/data/topics/2144 314
@/home/ec2-user/data/topics/4082 315
@/home/ec2-user/data/topics/1523 316
@/home/ec2-user/data/topics/1937 317
@/home/ec2-user/data/topics/4204 318
@/home/ec2-user/data/topics/2022 319
@/home/ec2-user/data/topics/1016 320
@/home/ec2-user/data/topics/4718 321
@/home/ec2-user/data/topics/4272 322
@/home/ec2-user/data/topics/4902 323
@/home/ec2-user/data/topics/2031 324
@/home/ec2-user/data/topics/1464 325
@/home/ec2-user/data/topics/4725 326
@/home/ec2-user/data/topics/4158 327
@/home/ec2-user/data/topics/4485 328
@/home/ec2-user/data/topics/4824 329
@/home/ec2-user/data/topics/4926 330
@/home/ec2-user/data/topics/4186 331
@/home/ec2-user/data/topics/1199 332
@/home/ec2-user/data/topics/4561 333
@/home/ec2-user/data/topics/4659 334
@/home/ec2-user/data/topics/4244 335
@/home/ec2-user/data/topics/3896 336
@/home/ec2-user/data/topics/4138 337
@/home/ec2-user/data/topics/4742 338
@/home/ec2-user/data/topics/4708 339
@/home/ec2-user/data/topics/4876 340
@/home/ec2-user/data/topics/4063 341
@/home/ec2-user/data/topics/4071 342
@/home/ec2-user/data/topics/4017 343
@/home/ec2-user/data/topics/4092 344
@/home/ec2-user/data/topics/4185 345
@/home/ec2-user/data/topics/1122 346
@/home/ec2-user/data/topics/4425 347
@/home/ec2-user/data/topics/4093 348
@/home/ec2-user/data/topics/1773 349
@/home/ec2-user/data/topics/4081 350
@/home/ec2-user/data/topics/4598 351
@/home/ec2-user/data/topics/4319 352
@/home/ec2-user/data/topics/4651 353
@/home/ec2-user/data/topics/4003 354
@/home/ec2-user/data/topics/3865 355
@/home/ec2-user/data/topics/1486 356
@/home/ec2-user/data/topics/4260 357
@/home/ec2-user/data/topics/4207 358
@/home/ec2-user/data/topics/4276 359
@/home/ec2-user/data/topics/4168 360
@/home/ec2-user/data/topics/3971 361
@/home/ec2-user/data/topics/4352 362
@/home/ec2-user/data/topics/4310 363
@/home/ec2-user/data/topics/1724 364
@/home/ec2-user/data/topics/4393 365
@/home/ec2-user/data/topics/4657 366
@/home/ec2-user/data/topics/1612 367
@/home/ec2-user/data/topics/4480 368
@/home/ec2-user/data/topics/1928 369
@/home/ec2-user/data/topics/4603 370
@/home/ec2-user/data/topics/1360 371
@/home/ec2-user/data/topics/4418 372
@/home/ec2-user/data/topics/1326 373
@/home/ec2-user/data/topics/1567 374
@/home/ec2-user/data/topics/4300 375
@/home/ec2-user/data/topics/2127 376
@/home/ec2-user/data/topics/4313 377
@/home/ec2-user/data/topics/4442 378
@/home/ec2-user/data/topics/4578 379
@/home/ec2-user/data/topics/4536 380
@/home/ec2-user/data/topics/4273 381
@/home/ec2-user/data/topics/4120 382
@/home/ec2-user/data/topics/1891 383
@/home/ec2-user/data/topics/4119 384
@/home/ec2-user/data/topics/2088 385
@/home/ec2-user/data/topics/4699 386
@/home/ec2-user/data/topics/1362 387
@/home/ec2-user/data/topics/4549 388
@/home/ec2-user/data/topics/4288 389
@/home/ec2-user/data/topics/4258 390
@/home/ec2-user/data/topics/4390 391
@/home/ec2-user/data/topics/1948 392
@/home/ec2-user/data/topics/1100 393
@/home/ec2-user/data/topics/4779 394
@/home/ec2-user/data/topics/3744 395
@/home/ec2-user/data/topics/3897 396
@/home/ec2-user/data/topics/1973 397
@/home/ec2-user/data/topics/1281 398
@/home/ec2-user/data/topics/3956 399
@/home/ec2-user/data/topics/1364 400
@/home/ec2-user/data/topics/4626 401
@/home/ec2-user/data/topics/4447 402
@/home/ec2-user/data/topics/4129 403
@/home/ec2-user/data/topics/4227 404
@/home/ec2-user/data/topics/4490 405
@/home/ec2-user/data/topics/4128 406
@/home/ec2-user/data/topics/4613 407
@/home/ec2-user/data/topics/1879 408
@/home/ec2-user/data/topics/1078 409
@/home/ec2-user/data/topics/4530 410
@/home/ec2-user/data/topics/4721 411
@/home/ec2-user/data/topics/4134 412
@/home/ec2-user/data/topics/4650 413
@/home/ec2-user/data/topics/3767 414
@/home/ec2-user/data/topics/3875 415
@/home/ec2-user/data/topics/4360 416
@/home/ec2-user/data/topics/4116 417
@/home/ec2-user/data/topics/4537 418
松下電器産業株式会社

@/home/ec2-user/data/topics/1158 419
@/home/ec2-user/data/topics/1026 419
@/home/ec2-user/data/topics/4806 420
@/home/ec2-user/data/topics/1829 421
@/home/ec2-user/data/topics/1516 422
@/home/ec2-user/data/topics/4193 423
@/home/ec2-user/data/topics/1701 424
@/home/ec2-user/data/topics/4385 425
@/home/ec2-user/data/topics/3692 426
@/home/ec2-user/data/topics/4274 427
@/home/ec2-user/data/topics/3386 428
@/home/ec2-user/data/topics/4945 429
@/home/ec2-user/data/topics/4280 430
@/home/ec2-user/data/topics/4558 431
@/home/ec2-user/data/topics/3658 432
@/home/ec2-user/data/topics/3558 433
@/home/ec2-user/data/topics/1136 434
@/home/ec2-user/data/topics/2129 435
@/home/ec2-user/data/topics/3519 436
@/home/ec2-user/data/topics/4918 437
@/home/ec2-user/data/topics/4448 438
@/home/ec2-user/data/topics/4139 439
@/home/ec2-user/data/topics/2222 440
@/home/ec2-user/data/topics/4382 441
@/home/ec2-user/data/topics/4180 442
@/home/ec2-user/data/topics/3807 443
@/home/ec2-user/data/topics/2170 444
@/home/ec2-user/data/topics/1881 445
@/home/ec2-user/data/topics/4787 446
@/home/ec2-user/data/topics/4667 447
@/home/ec2-user/data/topics/3920 448
@/home/ec2-user/data/topics/4422 449
@/home/ec2-user/data/topics/1885 450
@/home/ec2-user/data/topics/4043 451
@/home/ec2-user/data/topics/4503 452
@/home/ec2-user/data/topics/4307 453
@/home/ec2-user/data/topics/4885 454
@/home/ec2-user/data/topics/1339 455
@/home/ec2-user/data/topics/4229 456
@/home/ec2-user/data/topics/3847 457
@/home/ec2-user/data/topics/1589 458
@/home/ec2-user/data/topics/1705 459
@/home/ec2-user/data/topics/1525 460
@/home/ec2-user/data/topics/3585 461
@/home/ec2-user/data/topics/4917 462
@/home/ec2-user/data/topics/3951 463
@/home/ec2-user/data/topics/2156 464
@/home/ec2-user/data/topics/4577 465
@/home/ec2-user/data/topics/4761 466
@/home/ec2-user/data/topics/1633 467
@/home/ec2-user/data/topics/1762 468
@/home/ec2-user/data/topics/3704 469
@/home/ec2-user/data/topics/4102 470
@/home/ec2-user/data/topics/3404 471
@/home/ec2-user/data/topics/3680 472
@/home/ec2-user/data/topics/4961 473
@/home/ec2-user/data/topics/3761 474
@/home/ec2-user/data/topics/4707 475
@/home/ec2-user/data/topics/4804 476
@/home/ec2-user/data/topics/4157 477
@/home/ec2-user/data/topics/1748 478
@/home/ec2-user/data/topics/3514 479
@/home/ec2-user/data/topics/3719 480
@/home/ec2-user/data/topics/3455 481
@/home/ec2-user/data/topics/1540 482
@/home/ec2-user/data/topics/1252 483
@/home/ec2-user/data/topics/1157 484
@/home/ec2-user/data/topics/4797 485
@/home/ec2-user/data/topics/3402 486
@/home/ec2-user/data/topics/2080 487
@/home/ec2-user/data/topics/1477 488
@/home/ec2-user/data/topics/4491 489
@/home/ec2-user/data/topics/3510 490
@/home/ec2-user/data/topics/4817 491
@/home/ec2-user/data/topics/4264 492
@/home/ec2-user/data/topics/3739 493
@/home/ec2-user/data/topics/1812 494
@/home/ec2-user/data/topics/4867 495
@/home/ec2-user/data/topics/4574 496
@/home/ec2-user/data/topics/1179 497
@/home/ec2-user/data/topics/4798 498
@/home/ec2-user/data/topics/3721 499
@/home/ec2-user/data/topics/4936 500
@/home/ec2-user/data/topics/4676 501
@/home/ec2-user/data/topics/3694 502
@/home/ec2-user/data/topics/4586 503
@/home/ec2-user/data/topics/4501 504
@/home/ec2-user/data/topics/3979 505
@/home/ec2-user/data/topics/5028 506
@/home/ec2-user/data/topics/3676 507
@/home/ec2-user/data/topics/1955 508
@/home/ec2-user/data/topics/4625 509
@/home/ec2-user/data/topics/5024 510
@/home/ec2-user/data/topics/4502 511
@/home/ec2-user/data/topics/4215 512
@/home/ec2-user/data/topics/4303 513
@/home/ec2-user/data/topics/4475 514
@/home/ec2-user/data/topics/1070 515
@/home/ec2-user/data/topics/4098 516
@/home/ec2-user/data/topics/4968 517
@/home/ec2-user/data/topics/4459 518
@/home/ec2-user/data/topics/1635 519
@/home/ec2-user/data/topics/4000 520
@/home/ec2-user/data/topics/2056 521
@/home/ec2-user/data/topics/1898 522
@/home/ec2-user/data/topics/1257 523
@/home/ec2-user/data/topics/4754 524
@/home/ec2-user/data/topics/2029 525
@/home/ec2-user/data/topics/4355 526
@/home/ec2-user/data/topics/4101 527
@/home/ec2-user/data/topics/3960 528
@/home/ec2-user/data/topics/4160 529
@/home/ec2-user/data/topics/3619 530
@/home/ec2-user/data/topics/1509 531
@/home/ec2-user/data/topics/4464 532
@/home/ec2-user/data/topics/4159 533
@/home/ec2-user/data/topics/3904 534
@/home/ec2-user/data/topics/1706 535
@/home/ec2-user/data/topics/3746 536
@/home/ec2-user/data/topics/4394 537
@/home/ec2-user/data/topics/3494 538
@/home/ec2-user/data/topics/4126 539
@/home/ec2-user/data/topics/4599 540
セイコーインスツルメンツ株式会社

@/home/ec2-user/data/topics/4997 541
@/home/ec2-user/data/topics/3626 541
@/home/ec2-user/data/topics/1707 542
@/home/ec2-user/data/topics/4088 543
@/home/ec2-user/data/topics/4036 544
@/home/ec2-user/data/topics/4151 545
@/home/ec2-user/data/topics/4190 546
@/home/ec2-user/data/topics/4203 547
@/home/ec2-user/data/topics/3825 548
ミノルタ株式会社

@/home/ec2-user/data/topics/3810 549
@/home/ec2-user/data/topics/2190 549
@/home/ec2-user/data/topics/4984 550
@/home/ec2-user/data/topics/4970 551
@/home/ec2-user/data/topics/4977 552
@/home/ec2-user/data/topics/4951 553
@/home/ec2-user/data/topics/3545 554
@/home/ec2-user/data/topics/3584 555
@/home/ec2-user/data/topics/1152 556
@/home/ec2-user/data/topics/4321 557
@/home/ec2-user/data/topics/4971 558
@/home/ec2-user/data/topics/4986 559
株式会社リコー

@/home/ec2-user/data/topics/4344 560
@/home/ec2-user/data/topics/3750 560
@/home/ec2-user/data/topics/1691 561
@/home/ec2-user/data/topics/4265 562
@/home/ec2-user/data/topics/1780 563
@/home/ec2-user/data/topics/1668 564
@/home/ec2-user/data/topics/1436 565
@/home/ec2-user/data/topics/3837 566
@/home/ec2-user/data/topics/1190 567
@/home/ec2-user/data/topics/3378 568
@/home/ec2-user/data/topics/1806 569
@/home/ec2-user/data/topics/1670 570
@/home/ec2-user/data/topics/3523 571
@/home/ec2-user/data/topics/3775 572
@/home/ec2-user/data/topics/1776 573
@/home/ec2-user/data/topics/1106 574
@/home/ec2-user/data/topics/3394 575
@/home/ec2-user/data/topics/1225 576
@/home/ec2-user/data/topics/1627 577
@/home/ec2-user/data/topics/1740 578
@/home/ec2-user/data/topics/2201 579
@/home/ec2-user/data/topics/1669 580
@/home/ec2-user/data/topics/4781 581
@/home/ec2-user/data/topics/3713 582
@/home/ec2-user/data/topics/3530 583
@/home/ec2-user/data/topics/3557 584
@/home/ec2-user/data/topics/1064 585
@/home/ec2-user/data/topics/2090 586
@/home/ec2-user/data/topics/1976 587
@/home/ec2-user/data/topics/4879 588
@/home/ec2-user/data/topics/1663 589
@/home/ec2-user/data/topics/3633 590
@/home/ec2-user/data/topics/2006 591
@/home/ec2-user/data/topics/1514 592
@/home/ec2-user/data/topics/1774 593
@/home/ec2-user/data/topics/4616 594
@/home/ec2-user/data/topics/1433 595
@/home/ec2-user/data/topics/1282 596
@/home/ec2-user/data/topics/3446 597
@/home/ec2-user/data/topics/1878 598
@/home/ec2-user/data/topics/2219 599
@/home/ec2-user/data/topics/2182 600
@/home/ec2-user/data/topics/2043 601
@/home/ec2-user/data/topics/3424 602
@/home/ec2-user/data/topics/2189 603
@/home/ec2-user/data/topics/1482 604
@/home/ec2-user/data/topics/3555 605
@/home/ec2-user/data/topics/1095 606
@/home/ec2-user/data/topics/3574 607
@/home/ec2-user/data/topics/3687 608
@/home/ec2-user/data/topics/3548 609
@/home/ec2-user/data/topics/3472 610
@/home/ec2-user/data/topics/3669 611
@/home/ec2-user/data/topics/4037 612
@/home/ec2-user/data/topics/1974 613
@/home/ec2-user/data/topics/3436 614
@/home/ec2-user/data/topics/1593 615
@/home/ec2-user/data/topics/3484 616
@/home/ec2-user/data/topics/1478 617
@/home/ec2-user/data/topics/1755 618
@/home/ec2-user/data/topics/3711 619
@/home/ec2-user/data/topics/3411 620
@/home/ec2-user/data/topics/3474 621
@/home/ec2-user/data/topics/3759 622
@/home/ec2-user/data/topics/3495 623
@/home/ec2-user/data/topics/1775 624
@/home/ec2-user/data/topics/1610 625
@/home/ec2-user/data/topics/1718 626
@/home/ec2-user/data/topics/1083 627
@/home/ec2-user/data/topics/3880 628
@/home/ec2-user/data/topics/2200 629
独立行政法人産業技術総合研究所

@/home/ec2-user/data/topics/1356 630
@/home/ec2-user/data/topics/4800 630
@/home/ec2-user/data/topics/4740 631
@/home/ec2-user/data/topics/4869 632
@/home/ec2-user/data/topics/4739 633
@/home/ec2-user/data/topics/4777 634
ソニー株式会社

@/home/ec2-user/data/topics/4224 635
@/home/ec2-user/data/topics/4351 635
@/home/ec2-user/data/topics/1397 636
@/home/ec2-user/data/topics/2094 637
@/home/ec2-user/data/topics/1491 638
@/home/ec2-user/data/topics/1749 639
@/home/ec2-user/data/topics/3401 640
@/home/ec2-user/data/topics/1686 641
@/home/ec2-user/data/topics/1380 642
@/home/ec2-user/data/topics/1778 643
@/home/ec2-user/data/topics/1967 644
@/home/ec2-user/data/topics/2052 645
@/home/ec2-user/data/topics/2037 646
@/home/ec2-user/data/topics/1912 647
@/home/ec2-user/data/topics/1679 648
@/home/ec2-user/data/topics/1102 649
@/home/ec2-user/data/topics/2059 650
@/home/ec2-user/data/topics/1298 651
@/home/ec2-user/data/topics/1602 652
@/home/ec2-user/data/topics/1873 653
@/home/ec2-user/data/topics/1884 654
@/home/ec2-user/data/topics/1435 655
@/home/ec2-user/data/topics/2105 656
@/home/ec2-user/data/topics/3975 657
@/home/ec2-user/data/topics/1414 658
@/home/ec2-user/data/topics/3924 659
@/home/ec2-user/data/topics/1059 660
@/home/ec2-user/data/topics/3872 661
@/home/ec2-user/data/topics/2075 662
@/home/ec2-user/data/topics/4184 663
@/home/ec2-user/data/topics/3456 664
@/home/ec2-user/data/topics/3392 665
@/home/ec2-user/data/topics/1291 666
@/home/ec2-user/data/topics/3955 667
@/home/ec2-user/data/topics/1147 668
@/home/ec2-user/data/topics/1836 669
@/home/ec2-user/data/topics/1233 670
@/home/ec2-user/data/topics/1426 671
@/home/ec2-user/data/topics/2048 672
@/home/ec2-user/data/topics/1471 673
@/home/ec2-user/data/topics/5027 674
@/home/ec2-user/data/topics/1218 675
@/home/ec2-user/data/topics/1892 676
@/home/ec2-user/data/topics/4219 677
@/home/ec2-user/data/topics/2058 678
@/home/ec2-user/data/topics/1954 679
@/home/ec2-user/data/topics/1926 680
富士ゼロックス株式会社

@/home/ec2-user/data/topics/1560 681
@/home/ec2-user/data/topics/3366 681
@/home/ec2-user/data/topics/5031 682
@/home/ec2-user/data/topics/3407 683
@/home/ec2-user/data/topics/3661 684
@/home/ec2-user/data/topics/3383 685
@/home/ec2-user/data/topics/3790 686
@/home/ec2-user/data/topics/3473 687
@/home/ec2-user/data/topics/1947 688
@/home/ec2-user/data/topics/3695 689
@/home/ec2-user/data/topics/3640 690
@/home/ec2-user/data/topics/4108 691
@/home/ec2-user/data/topics/3662 692
@/home/ec2-user/data/topics/3782 693
@/home/ec2-user/data/topics/3564 694
住友金属工業株式会社

@/home/ec2-user/data/topics/4322 695
@/home/ec2-user/data/topics/4534 695
@/home/ec2-user/data/topics/1268 696
@/home/ec2-user/data/topics/4182 697
@/home/ec2-user/data/topics/4295 698
@/home/ec2-user/data/topics/4733 699
@/home/ec2-user/data/topics/3655 700
@/home/ec2-user/data/topics/4021 701
@/home/ec2-user/data/topics/3577 702
@/home/ec2-user/data/topics/3826 703
@/home/ec2-user/data/topics/4661 704
@/home/ec2-user/data/topics/4991 705
日立電線株式会社

@/home/ec2-user/data/topics/4357 706
@/home/ec2-user/data/topics/3756 706
@/home/ec2-user/data/topics/1027 707
@/home/ec2-user/data/topics/4329 708
@/home/ec2-user/data/topics/4356 709
@/home/ec2-user/data/topics/1117 710
@/home/ec2-user/data/topics/1305 711
@/home/ec2-user/data/topics/1388 712
@/home/ec2-user/data/topics/3930 713
キヤノン株式会社

@/home/ec2-user/data/topics/1118 714
@/home/ec2-user/data/topics/3722 714
@/home/ec2-user/data/topics/3730 715
@/home/ec2-user/data/topics/1568 716
@/home/ec2-user/data/topics/3737 717
@/home/ec2-user/data/topics/1961 718
@/home/ec2-user/data/topics/4937 719
@/home/ec2-user/data/topics/3454 720
@/home/ec2-user/data/topics/3376 721
@/home/ec2-user/data/topics/1080 722
@/home/ec2-user/data/topics/3445 723
@/home/ec2-user/data/topics/1866 724
@/home/ec2-user/data/topics/1228 725
@/home/ec2-user/data/topics/1455 726
@/home/ec2-user/data/topics/1847 727
@/home/ec2-user/data/topics/1646 728
@/home/ec2-user/data/topics/1744 729
@/home/ec2-user/data/topics/1889 730
@/home/ec2-user/data/topics/2053 731
@/home/ec2-user/data/topics/1848 732
@/home/ec2-user/data/topics/3441 733
@/home/ec2-user/data/topics/3374 734
@/home/ec2-user/data/topics/2243 735
@/home/ec2-user/data/topics/1895 736
@/home/ec2-user/data/topics/3628 737
@/home/ec2-user/data/topics/4068 738
@/home/ec2-user/data/topics/3434 739
@/home/ec2-user/data/topics/3755 740
@/home/ec2-user/data/topics/3417 741
@/home/ec2-user/data/topics/3996 742
@/home/ec2-user/data/topics/2117 743
@/home/ec2-user/data/topics/2004 744
@/home/ec2-user/data/topics/3958 745
@/home/ec2-user/data/topics/1438 746
@/home/ec2-user/data/topics/1216 747
@/home/ec2-user/data/topics/4521 748
@/home/ec2-user/data/topics/3410 749
@/home/ec2-user/data/topics/3949 750
@/home/ec2-user/data/topics/1539 751
@/home/ec2-user/data/topics/3416 752
@/home/ec2-user/data/topics/3720 753
@/home/ec2-user/data/topics/2145 754
@/home/ec2-user/data/topics/2107 755
@/home/ec2-user/data/topics/4610 756
@/home/ec2-user/data/topics/3660 757
@/home/ec2-user/data/topics/1975 758
@/home/ec2-user/data/topics/4054 759
@/home/ec2-user/data/topics/3967 760
@/home/ec2-user/data/topics/1513 761
@/home/ec2-user/data/topics/4020 762
@/home/ec2-user/data/topics/4363 763
@/home/ec2-user/data/topics/4948 764
@/home/ec2-user/data/topics/2231 765
@/home/ec2-user/data/topics/3843 766
@/home/ec2-user/data/topics/1590 767
@/home/ec2-user/data/topics/4350 768
@/home/ec2-user/data/topics/1519 769
@/home/ec2-user/data/topics/3438 770
@/home/ec2-user/data/topics/4628 771
@/home/ec2-user/data/topics/1790 772
@/home/ec2-user/data/topics/4520 773
@/home/ec2-user/data/topics/3852 774
@/home/ec2-user/data/topics/3415 775
@/home/ec2-user/data/topics/3420 776
@/home/ec2-user/data/topics/3430 777
@/home/ec2-user/data/topics/1124 778
@/home/ec2-user/data/topics/1631 779
@/home/ec2-user/data/topics/3656 780
@/home/ec2-user/data/topics/1745 781
@/home/ec2-user/data/topics/1208 782
@/home/ec2-user/data/topics/1802 783
@/home/ec2-user/data/topics/3642 784
@/home/ec2-user/data/topics/4947 785
三洋電機株式会社

@/home/ec2-user/data/topics/1653 786
@/home/ec2-user/data/topics/1246 786
@/home/ec2-user/data/topics/4150 787
@/home/ec2-user/data/topics/3974 788
@/home/ec2-user/data/topics/4492 789
@/home/ec2-user/data/topics/3817 790
@/home/ec2-user/data/topics/3539 791
@/home/ec2-user/data/topics/1671 792
@/home/ec2-user/data/topics/1289 793
@/home/ec2-user/data/topics/1321 794
@/home/ec2-user/data/topics/4328 795
@/home/ec2-user/data/topics/3581 796
@/home/ec2-user/data/topics/4960 797
@/home/ec2-user/data/topics/3804 798
@/home/ec2-user/data/topics/3859 799
@/home/ec2-user/data/topics/3926 800
@/home/ec2-user/data/topics/4304 801
@/home/ec2-user/data/topics/4384 802
@/home/ec2-user/data/topics/2098 803
@/home/ec2-user/data/topics/3491 804
@/home/ec2-user/data/topics/5011 805
@/home/ec2-user/data/topics/4178 806
@/home/ec2-user/data/topics/4726 807
@/home/ec2-user/data/topics/4654 808
@/home/ec2-user/data/topics/3906 809
@/home/ec2-user/data/topics/2071 810
@/home/ec2-user/data/topics/2230 811
@/home/ec2-user/data/topics/3492 812
@/home/ec2-user/data/topics/1479 813
@/home/ec2-user/data/topics/4301 814
@/home/ec2-user/data/topics/4763 815
@/home/ec2-user/data/topics/4527 816
@/home/ec2-user/data/topics/1451 817
@/home/ec2-user/data/topics/3889 818
@/home/ec2-user/data/topics/3808 819
@/home/ec2-user/data/topics/4612 820
@/home/ec2-user/data/topics/4039 821
@/home/ec2-user/data/topics/1079 822
@/home/ec2-user/data/topics/1386 823
@/home/ec2-user/data/topics/3830 824
@/home/ec2-user/data/topics/1722 825
@/home/ec2-user/data/topics/2194 826
@/home/ec2-user/data/topics/1980 827
@/home/ec2-user/data/topics/4015 828
@/home/ec2-user/data/topics/1488 829
@/home/ec2-user/data/topics/4099 830
@/home/ec2-user/data/topics/4066 831
@/home/ec2-user/data/topics/1163 832
@/home/ec2-user/data/topics/4376 833
@/home/ec2-user/data/topics/3986 834
@/home/ec2-user/data/topics/4604 835
@/home/ec2-user/data/topics/4720 836
@/home/ec2-user/data/topics/3845 837
@/home/ec2-user/data/topics/2063 838
@/home/ec2-user/data/topics/4061 839
@/home/ec2-user/data/topics/4474 840
@/home/ec2-user/data/topics/3781 841
@/home/ec2-user/data/topics/1652 842
@/home/ec2-user/data/topics/3708 843
@/home/ec2-user/data/topics/4679 844
@/home/ec2-user/data/topics/4571 845
@/home/ec2-user/data/topics/4212 846
@/home/ec2-user/data/topics/3625 847
@/home/ec2-user/data/topics/4983 848
@/home/ec2-user/data/topics/4060 849
@/home/ec2-user/data/topics/3754 850
@/home/ec2-user/data/topics/3403 851
@/home/ec2-user/data/topics/2054 852
@/home/ec2-user/data/topics/4978 853
@/home/ec2-user/data/topics/3681 854
@/home/ec2-user/data/topics/4837 855
@/home/ec2-user/data/topics/3953 856
@/home/ec2-user/data/topics/2014 857
@/home/ec2-user/data/topics/1515 858
@/home/ec2-user/data/topics/4001 859
@/home/ec2-user/data/topics/5002 860
@/home/ec2-user/data/topics/4179 861
@/home/ec2-user/data/topics/4788 862
@/home/ec2-user/data/topics/3398 863
三菱電機株式会社

@/home/ec2-user/data/topics/5033 864
@/home/ec2-user/data/topics/4514 864
@/home/ec2-user/data/topics/4076 865
@/home/ec2-user/data/topics/4518 866
@/home/ec2-user/data/topics/3856 867
@/home/ec2-user/data/topics/3747 868
@/home/ec2-user/data/topics/3666 869
@/home/ec2-user/data/topics/3800 870
@/home/ec2-user/data/topics/3412 871
@/home/ec2-user/data/topics/3451 872
@/home/ec2-user/data/topics/4880 873
@/home/ec2-user/data/topics/1738 874
@/home/ec2-user/data/topics/3397 875
@/home/ec2-user/data/topics/4305 876
@/home/ec2-user/data/topics/3466 877
@/home/ec2-user/data/topics/4282 878
@/home/ec2-user/data/topics/4562 879
@/home/ec2-user/data/topics/3609 880
@/home/ec2-user/data/topics/1110 881
@/home/ec2-user/data/topics/4419 882
@/home/ec2-user/data/topics/4221 883
@/home/ec2-user/data/topics/4181 884
@/home/ec2-user/data/topics/1872 885
@/home/ec2-user/data/topics/3453 886
@/home/ec2-user/data/topics/1536 887
@/home/ec2-user/data/topics/3612 888
@/home/ec2-user/data/topics/3493 889
@/home/ec2-user/data/topics/3963 890
@/home/ec2-user/data/topics/3409 891
@/home/ec2-user/data/topics/3469 892
@/home/ec2-user/data/topics/3616 893
@/home/ec2-user/data/topics/4133 894
@/home/ec2-user/data/topics/4041 895
@/home/ec2-user/data/topics/1220 896
@/home/ec2-user/data/topics/3592 897
@/home/ec2-user/data/topics/3774 898
@/home/ec2-user/data/topics/4663 899
@/home/ec2-user/data/topics/1754 900
@/home/ec2-user/data/topics/1792 901
@/home/ec2-user/data/topics/4834 902
@/home/ec2-user/data/topics/3595 903
@/home/ec2-user/data/topics/4980 904
@/home/ec2-user/data/topics/4149 905
@/home/ec2-user/data/topics/3841 906
@/home/ec2-user/data/topics/4552 907
@/home/ec2-user/data/topics/4220 908
@/home/ec2-user/data/topics/2146 909
@/home/ec2-user/data/topics/3465 910
@/home/ec2-user/data/topics/3490 911
@/home/ec2-user/data/topics/4047 912
@/home/ec2-user/data/topics/3921 913
@/home/ec2-user/data/topics/4235 914
@/home/ec2-user/data/topics/3506 915
@/home/ec2-user/data/topics/4233 916
@/home/ec2-user/data/topics/3873 917
@/home/ec2-user/data/topics/3820 918
@/home/ec2-user/data/topics/5032 919
@/home/ec2-user/data/topics/4614 920
住友ゴム工業株式会社

@/home/ec2-user/data/topics/2007 921
@/home/ec2-user/data/topics/4048 921
@/home/ec2-user/data/topics/1114 922
@/home/ec2-user/data/topics/4597 923
@/home/ec2-user/data/topics/4568 924
@/home/ec2-user/data/topics/4406 925
@/home/ec2-user/data/topics/1758 926
セイコーエプソン株式会社

@/home/ec2-user/data/topics/4022 927
@/home/ec2-user/data/topics/4801 927
@/home/ec2-user/data/topics/1938 928
@/home/ec2-user/data/topics/3505 929
@/home/ec2-user/data/topics/3589 930
@/home/ec2-user/data/topics/4802 931
@/home/ec2-user/data/topics/2078 932
@/home/ec2-user/data/topics/3887 933
@/home/ec2-user/data/topics/1423 934
@/home/ec2-user/data/topics/4109 935
@/home/ec2-user/data/topics/2165 936
@/home/ec2-user/data/topics/1378 937
@/home/ec2-user/data/topics/4454 938
@/home/ec2-user/data/topics/3819 939
@/home/ec2-user/data/topics/4719 940
@/home/ec2-user/data/topics/1890 941
@/home/ec2-user/data/topics/4386 942
@/home/ec2-user/data/topics/1641 943
@/home/ec2-user/data/topics/1343 944
@/home/ec2-user/data/topics/3361 945
@/home/ec2-user/data/topics/3476 946
@/home/ec2-user/data/topics/1484 947
@/home/ec2-user/data/topics/4605 948
@/home/ec2-user/data/topics/3910 949
@/home/ec2-user/data/topics/3985 950
@/home/ec2-user/data/topics/4585 951
株式会社三共

@/home/ec2-user/data/topics/1665 952
@/home/ec2-user/data/topics/1189 952
@/home/ec2-user/data/topics/1086 953
@/home/ec2-user/data/topics/4374 954
@/home/ec2-user/data/topics/1377 955
@/home/ec2-user/data/topics/1648 956
@/home/ec2-user/data/topics/2060 957
@/home/ec2-user/data/topics/4868 958
@/home/ec2-user/data/topics/2123 959
沖電気工業株式会社

@/home/ec2-user/data/topics/3764 960
@/home/ec2-user/data/topics/3395 960
@/home/ec2-user/data/topics/3571 961
@/home/ec2-user/data/topics/3621 962
@/home/ec2-user/data/topics/4693 963
@/home/ec2-user/data/topics/4299 964
@/home/ec2-user/data/topics/4575 965
@/home/ec2-user/data/topics/3690 966
@/home/ec2-user/data/topics/3433 967
@/home/ec2-user/data/topics/4308 968
@/home/ec2-user/data/topics/3457 969
@/home/ec2-user/data/topics/3964 970
@/home/ec2-user/data/topics/1188 971
@/home/ec2-user/data/topics/1531 972
株式会社三星

@/home/ec2-user/data/topics/1260 973
@/home/ec2-user/data/topics/2198 973
@/home/ec2-user/data/topics/1728 974
@/home/ec2-user/data/topics/2108 975
@/home/ec2-user/data/topics/3942 976
@/home/ec2-user/data/topics/1733 977
日本ビクター株式会社

@/home/ec2-user/data/topics/4672 978
@/home/ec2-user/data/topics/1520 978
@/home/ec2-user/data/topics/4056 979
@/home/ec2-user/data/topics/3620 980
@/home/ec2-user/data/topics/1389 981
@/home/ec2-user/data/topics/3939 982
@/home/ec2-user/data/topics/1440 983
@/home/ec2-user/data/topics/3603 984
@/home/ec2-user/data/topics/3882 985
@/home/ec2-user/data/topics/1823 986
@/home/ec2-user/data/topics/4123 987
花王株式会社

@/home/ec2-user/data/topics/1767 988
@/home/ec2-user/data/topics/4249 988
@/home/ec2-user/data/topics/3999 989
@/home/ec2-user/data/topics/4287 990
@/home/ec2-user/data/topics/1196 991
@/home/ec2-user/data/topics/3812 992
@/home/ec2-user/data/topics/4445 993
@/home/ec2-user/data/topics/3884 994
@/home/ec2-user/data/topics/4211 995
@/home/ec2-user/data/topics/4827 996
@/home/ec2-user/data/topics/3753 997
@/home/ec2-user/data/topics/2214 998
@/home/ec2-user/data/topics/1022 999
三田工業株式会社

@/home/ec2-user/data/topics/1269 1000
@/home/ec2-user/data/topics/1034 1000
@/home/ec2-user/data/topics/1766 1001
@/home/ec2-user/data/topics/1033 1002
@/home/ec2-user/data/topics/3923 1003
@/home/ec2-user/data/topics/2155 1004
@/home/ec2-user/data/topics/3604 1005
@/home/ec2-user/data/topics/3842 1006
@/home/ec2-user/data/topics/2136 1007
豊丸産業株式会社

@/home/ec2-user/data/topics/1401 1008
@/home/ec2-user/data/topics/4847 1008
@/home/ec2-user/data/topics/1138 1009
@/home/ec2-user/data/topics/1726 1010
@/home/ec2-user/data/topics/1914 1011
@/home/ec2-user/data/topics/1097 1012
@/home/ec2-user/data/topics/1713 1013
@/home/ec2-user/data/topics/1588 1014
@/home/ec2-user/data/topics/1126 1015
@/home/ec2-user/data/topics/1353 1016
@/home/ec2-user/data/topics/3672 1017
@/home/ec2-user/data/topics/1284 1018
@/home/ec2-user/data/topics/2011 1019
@/home/ec2-user/data/topics/1677 1020
@/home/ec2-user/data/topics/2169 1021
鐘紡株式会社

@/home/ec2-user/data/topics/3634 1022
@/home/ec2-user/data/topics/2185 1022
@/home/ec2-user/data/topics/1054 1023
@/home/ec2-user/data/topics/1870 1024
@/home/ec2-user/data/topics/1842 1025
@/home/ec2-user/data/topics/3551 1026
@/home/ec2-user/data/topics/1178 1027
@/home/ec2-user/data/topics/2223 1028
@/home/ec2-user/data/topics/1304 1029
@/home/ec2-user/data/topics/4195 1030
@/home/ec2-user/data/topics/3566 1031
@/home/ec2-user/data/topics/1367 1032
@/home/ec2-user/data/topics/1901 1033
@/home/ec2-user/data/topics/2034 1034
@/home/ec2-user/data/topics/1886 1035
@/home/ec2-user/data/topics/3560 1036
株式会社デンソー

@/home/ec2-user/data/topics/4498 1037
@/home/ec2-user/data/topics/4675 1037
@/home/ec2-user/data/topics/4656 1038
@/home/ec2-user/data/topics/4024 1039
@/home/ec2-user/data/topics/3421 1040
@/home/ec2-user/data/topics/1855 1041
@/home/ec2-user/data/topics/1028 1042
@/home/ec2-user/data/topics/4622 1043
@/home/ec2-user/data/topics/4483 1044
@/home/ec2-user/data/topics/4805 1045
@/home/ec2-user/data/topics/3406 1046
@/home/ec2-user/data/topics/4840 1047
@/home/ec2-user/data/topics/4164 1048
@/home/ec2-user/data/topics/4423 1049
@/home/ec2-user/data/topics/4046 1050
@/home/ec2-user/data/topics/3710 1051
@/home/ec2-user/data/topics/3480 1052
富士写真フイルム株式会社

@/home/ec2-user/data/topics/3918 1053
@/home/ec2-user/data/topics/3857 1053
@/home/ec2-user/data/topics/1662 1054
@/home/ec2-user/data/topics/3354 1055
@/home/ec2-user/data/topics/3447 1056
@/home/ec2-user/data/topics/1244 1057
@/home/ec2-user/data/topics/1570 1058
@/home/ec2-user/data/topics/4962 1059
@/home/ec2-user/data/topics/1603 1060
@/home/ec2-user/data/topics/3911 1061
@/home/ec2-user/data/topics/2134 1062
京セラ株式会社

@/home/ec2-user/data/topics/1913 1063
@/home/ec2-user/data/topics/4031 1063
@/home/ec2-user/data/topics/3741 1064
@/home/ec2-user/data/topics/3615 1065
@/home/ec2-user/data/topics/3593 1066
@/home/ec2-user/data/topics/4340 1067
@/home/ec2-user/data/topics/4901 1068
@/home/ec2-user/data/topics/1485 1069
@/home/ec2-user/data/topics/3869 1070
@/home/ec2-user/data/topics/1708 1071
@/home/ec2-user/data/topics/4513 1072
@/home/ec2-user/data/topics/1741 1073
イビデン株式会社

@/home/ec2-user/data/topics/1336 1074
@/home/ec2-user/data/topics/1770 1074
@/home/ec2-user/data/topics/2033 1075
@/home/ec2-user/data/topics/1315 1076
@/home/ec2-user/data/topics/3814 1077
@/home/ec2-user/data/topics/1952 1078
@/home/ec2-user/data/topics/1682 1079
株式会社東芝

@/home/ec2-user/data/topics/4535 1080
@/home/ec2-user/data/topics/3948 1080
@/home/ec2-user/data/topics/3990 1081
@/home/ec2-user/data/topics/4140 1082
@/home/ec2-user/data/topics/4183 1083
@/home/ec2-user/data/topics/4751 1084
@/home/ec2-user/data/topics/4165 1085
@/home/ec2-user/data/topics/2241 1086
@/home/ec2-user/data/topics/3988 1087
@/home/ec2-user/data/topics/4935 1088
@/home/ec2-user/data/topics/4361 1089
@/home/ec2-user/data/topics/3716 1090
@/home/ec2-user/data/topics/4509 1091
@/home/ec2-user/data/topics/4302 1092
@/home/ec2-user/data/topics/3542 1093
@/home/ec2-user/data/topics/1132 1094
@/home/ec2-user/data/topics/3732 1095
@/home/ec2-user/data/topics/3683 1096
@/home/ec2-user/data/topics/1585 1097
@/home/ec2-user/data/topics/3363 1098
@/home/ec2-user/data/topics/4292 1099
@/home/ec2-user/data/topics/4057 1100
@/home/ec2-user/data/topics/4197 1101
@/home/ec2-user/data/topics/4594 1102
@/home/ec2-user/data/topics/3352 1103
@/home/ec2-user/data/topics/4172 1104
@/home/ec2-user/data/topics/4336 1105
@/home/ec2-user/data/topics/1819 1106
@/home/ec2-user/data/topics/3734 1107
@/home/ec2-user/data/topics/4881 1108
@/home/ec2-user/data/topics/4631 1109
@/home/ec2-user/data/topics/3851 1110
@/home/ec2-user/data/topics/3360 1111
@/home/ec2-user/data/topics/1332 1112
@/home/ec2-user/data/topics/3618 1113
@/home/ec2-user/data/topics/3688 1114
@/home/ec2-user/data/topics/1997 1115
@/home/ec2-user/data/topics/3834 1116
@/home/ec2-user/data/topics/4089 1117
@/home/ec2-user/data/topics/3780 1118
@/home/ec2-user/data/topics/3795 1119
@/home/ec2-user/data/topics/4863 1120
@/home/ec2-user/data/topics/3689 1121
@/home/ec2-user/data/topics/3351 1122
@/home/ec2-user/data/topics/3598 1123
@/home/ec2-user/data/topics/3881 1124
@/home/ec2-user/data/topics/3380 1125
@/home/ec2-user/data/topics/1205 1126
@/home/ec2-user/data/topics/4755 1127
@/home/ec2-user/data/topics/4842 1128
@/home/ec2-user/data/topics/4623 1129
@/home/ec2-user/data/topics/4566 1130
@/home/ec2-user/data/topics/4912 1131
@/home/ec2-user/data/topics/4009 1132
@/home/ec2-user/data/topics/1757 1133
@/home/ec2-user/data/topics/3890 1134
@/home/ec2-user/data/topics/1090 1135
@/home/ec2-user/data/topics/1756 1136
@/home/ec2-user/data/topics/4381 1137
@/home/ec2-user/data/topics/4096 1138
@/home/ec2-user/data/topics/3462 1139
ヤマハ株式会社

@/home/ec2-user/data/topics/4045 1140
@/home/ec2-user/data/topics/4010 1140
@/home/ec2-user/data/topics/4145 1141
@/home/ec2-user/data/topics/4919 1142
@/home/ec2-user/data/topics/1720 1143
@/home/ec2-user/data/topics/4084 1144
@/home/ec2-user/data/topics/3972 1145
@/home/ec2-user/data/topics/1443 1146
@/home/ec2-user/data/topics/1911 1147
@/home/ec2-user/data/topics/1676 1148
@/home/ec2-user/data/topics/4954 1149
@/home/ec2-user/data/topics/4177 1150
@/home/ec2-user/data/topics/4125 1151
東洋紡績株式会社

@/home/ec2-user/data/topics/4284 1152
@/home/ec2-user/data/topics/3769 1152
@/home/ec2-user/data/topics/4362 1153
@/home/ec2-user/data/topics/4366 1154
@/home/ec2-user/data/topics/1613 1155
@/home/ec2-user/data/topics/1029 1156
三菱化学株式会社

@/home/ec2-user/data/topics/1902 1157
@/home/ec2-user/data/topics/3638 1157
@/home/ec2-user/data/topics/3458 1158
@/home/ec2-user/data/topics/3513 1159
@/home/ec2-user/data/topics/1699 1160
@/home/ec2-user/data/topics/1197 1161
カシオ計算機株式会社

@/home/ec2-user/data/topics/1794 1162
@/home/ec2-user/data/topics/2180 1162
@/home/ec2-user/data/topics/2237 1163
@/home/ec2-user/data/topics/1535 1164
@/home/ec2-user/data/topics/3391 1165
@/home/ec2-user/data/topics/1235 1166
@/home/ec2-user/data/topics/1368 1167
@/home/ec2-user/data/topics/1047 1168
コナミ株式会社

@/home/ec2-user/data/topics/4602 1169
@/home/ec2-user/data/topics/4681 1169
@/home/ec2-user/data/topics/1621 1170
@/home/ec2-user/data/topics/1672 1171
@/home/ec2-user/data/topics/1302 1172
@/home/ec2-user/data/topics/2151 1173
@/home/ec2-user/data/topics/2100 1174
@/home/ec2-user/data/topics/5015 1175
大日本スクリーン製造株式会社

@/home/ec2-user/data/topics/1130 1176
@/home/ec2-user/data/topics/1779 1176
@/home/ec2-user/data/topics/2209 1177
@/home/ec2-user/data/topics/1173 1178
@/home/ec2-user/data/topics/2172 1179
@/home/ec2-user/data/topics/1608 1180
@/home/ec2-user/data/topics/3742 1181
オムロン株式会社

@/home/ec2-user/data/topics/1657 1182
@/home/ec2-user/data/topics/1067 1182
@/home/ec2-user/data/topics/1841 1183
@/home/ec2-user/data/topics/3748 1184
@/home/ec2-user/data/topics/1933 1185
@/home/ec2-user/data/topics/1579 1186
@/home/ec2-user/data/topics/3863 1187
@/home/ec2-user/data/topics/3597 1188
@/home/ec2-user/data/topics/1151 1189
@/home/ec2-user/data/topics/2096 1190
@/home/ec2-user/data/topics/3594 1191
@/home/ec2-user/data/topics/1533 1192
@/home/ec2-user/data/topics/1135 1193
@/home/ec2-user/data/topics/3700 1194
@/home/ec2-user/data/topics/4771 1195
株式会社日立製作所

@/home/ec2-user/data/topics/3588 1196
@/home/ec2-user/data/topics/1882 1196
@/home/ec2-user/data/topics/4551 1197
@/home/ec2-user/data/topics/1825 1198
@/home/ec2-user/data/topics/3993 1199
@/home/ec2-user/data/topics/4401 1200
@/home/ec2-user/data/topics/3384 1201
@/home/ec2-user/data/topics/1501 1202
@/home/ec2-user/data/topics/4166 1203
@/home/ec2-user/data/topics/3461 1204
@/home/ec2-user/data/topics/4402 1205
@/home/ec2-user/data/topics/3779 1206
@/home/ec2-user/data/topics/3968 1207
@/home/ec2-user/data/topics/3973 1208
@/home/ec2-user/data/topics/3524 1209
@/home/ec2-user/data/topics/1987 1210
@/home/ec2-user/data/topics/3994 1211
@/home/ec2-user/data/topics/3599 1212
@/home/ec2-user/data/topics/4122 1213
@/home/ec2-user/data/topics/1340 1214
@/home/ec2-user/data/topics/1278 1215
@/home/ec2-user/data/topics/3439 1216
@/home/ec2-user/data/topics/2081 1217
@/home/ec2-user/data/topics/1562 1218
@/home/ec2-user/data/topics/4799 1219
@/home/ec2-user/data/topics/4621 1220
@/home/ec2-user/data/topics/3706 1221
@/home/ec2-user/data/topics/4489 1222
@/home/ec2-user/data/topics/1082 1223
@/home/ec2-user/data/topics/3471 1224
@/home/ec2-user/data/topics/3659 1225
@/home/ec2-user/data/topics/3772 1226
@/home/ec2-user/data/topics/4040 1227
@/home/ec2-user/data/topics/1072 1228
@/home/ec2-user/data/topics/3440 1229
@/home/ec2-user/data/topics/3570 1230
@/home/ec2-user/data/topics/3531 1231
@/home/ec2-user/data/topics/1105 1232
@/home/ec2-user/data/topics/1487 1233
@/home/ec2-user/data/topics/2184 1234
@/home/ec2-user/data/topics/1249 1235
@/home/ec2-user/data/topics/3822 1236
@/home/ec2-user/data/topics/4058 1237
@/home/ec2-user/data/topics/4559 1238
@/home/ec2-user/data/topics/2019 1239
@/home/ec2-user/data/topics/1463 1240
@/home/ec2-user/data/topics/4547 1241
@/home/ec2-user/data/topics/1693 1242
@/home/ec2-user/data/topics/1334 1243
@/home/ec2-user/data/topics/3648 1244
@/home/ec2-user/data/topics/1296 1245
@/home/ec2-user/data/topics/4545 1246
@/home/ec2-user/data/topics/1651 1247
@/home/ec2-user/data/topics/1667 1248
@/home/ec2-user/data/topics/5029 1249
@/home/ec2-user/data/topics/3596 1250
@/home/ec2-user/data/topics/1826 1251
@/home/ec2-user/data/topics/1833 1252
@/home/ec2-user/data/topics/1640 1253
@/home/ec2-user/data/topics/3691 1254
@/home/ec2-user/data/topics/3965 1255
@/home/ec2-user/data/topics/4493 1256
@/home/ec2-user/data/topics/3432 1257
@/home/ec2-user/data/topics/1880 1258
@/home/ec2-user/data/topics/4420 1259
@/home/ec2-user/data/topics/1247 1260
@/home/ec2-user/data/topics/3488 1261
@/home/ec2-user/data/topics/2239 1262
@/home/ec2-user/data/topics/5030 1263
@/home/ec2-user/data/topics/4830 1264
@/home/ec2-user/data/topics/4943 1265
@/home/ec2-user/data/topics/4990 1266
@/home/ec2-user/data/topics/3350 1267
@/home/ec2-user/data/topics/3665 1268
凸版印刷株式会社

@/home/ec2-user/data/topics/3624 1269
@/home/ec2-user/data/topics/1977 1269
@/home/ec2-user/data/topics/3526 1270
@/home/ec2-user/data/topics/3500 1271
@/home/ec2-user/data/topics/4874 1272
@/home/ec2-user/data/topics/1765 1273
@/home/ec2-user/data/topics/1091 1274
株式会社ノーリツ

@/home/ec2-user/data/topics/1290 1275
@/home/ec2-user/data/topics/2116 1275
@/home/ec2-user/data/topics/4354 1276
@/home/ec2-user/data/topics/1598 1277
@/home/ec2-user/data/topics/1760 1278
@/home/ec2-user/data/topics/4206 1279
@/home/ec2-user/data/topics/1618 1280
@/home/ec2-user/data/topics/4776 1281
川崎重工業株式会社

@/home/ec2-user/data/topics/4572 1282
@/home/ec2-user/data/topics/1172 1282
@/home/ec2-user/data/topics/1162 1283
@/home/ec2-user/data/topics/4944 1284
@/home/ec2-user/data/topics/4866 1285
@/home/ec2-user/data/topics/5025 1286
@/home/ec2-user/data/topics/4756 1287
@/home/ec2-user/data/topics/4793 1288
ティーディーケイ株式会社

@/home/ec2-user/data/topics/3798 1289
@/home/ec2-user/data/topics/1510 1289
@/home/ec2-user/data/topics/4619 1290
@/home/ec2-user/data/topics/1409 1291
@/home/ec2-user/data/topics/1129 1292
@/home/ec2-user/data/topics/2202 1293
@/home/ec2-user/data/topics/3909 1294
@/home/ec2-user/data/topics/2210 1295
@/home/ec2-user/data/topics/3792 1296
京セラミタ株式会社

@/home/ec2-user/data/topics/2141 1297
@/home/ec2-user/data/topics/1032 1297
@/home/ec2-user/data/topics/4985 1298
@/home/ec2-user/data/topics/4174 1299
@/home/ec2-user/data/topics/1930 1300
@/home/ec2-user/data/topics/4973 1301
@/home/ec2-user/data/topics/4564 1302
株式会社クボタ

@/home/ec2-user/data/topics/1448 1303
@/home/ec2-user/data/topics/1012 1303
@/home/ec2-user/data/topics/1734 1304
@/home/ec2-user/data/topics/4379 1305
@/home/ec2-user/data/topics/3919 1306
@/home/ec2-user/data/topics/4745 1307
@/home/ec2-user/data/topics/3854 1308
@/home/ec2-user/data/topics/1280 1309
@/home/ec2-user/data/topics/4251 1310
@/home/ec2-user/data/topics/3823 1311
シャープ株式会社

@/home/ec2-user/data/topics/1840 1312
@/home/ec2-user/data/topics/4469 1312
@/home/ec2-user/data/topics/2084 1313
@/home/ec2-user/data/topics/4744 1314
@/home/ec2-user/data/topics/1349 1315
@/home/ec2-user/data/topics/3813 1316
@/home/ec2-user/data/topics/4691 1317
@/home/ec2-user/data/topics/3610 1318
@/home/ec2-user/data/topics/1561 1319
@/home/ec2-user/data/topics/4861 1320
@/home/ec2-user/data/topics/4152 1321
@/home/ec2-user/data/topics/3793 1322
@/home/ec2-user/data/topics/4214 1323
@/home/ec2-user/data/topics/1318 1324
@/home/ec2-user/data/topics/4173 1325
@/home/ec2-user/data/topics/1970 1326
@/home/ec2-user/data/topics/4516 1327
@/home/ec2-user/data/topics/3578 1328
@/home/ec2-user/data/topics/4430 1329
@/home/ec2-user/data/topics/3966 1330
@/home/ec2-user/data/topics/4252 1331
@/home/ec2-user/data/topics/3678 1332
@/home/ec2-user/data/topics/2020 1333
@/home/ec2-user/data/topics/2118 1334
@/home/ec2-user/data/topics/1419 1335
@/home/ec2-user/data/topics/1396 1336
@/home/ec2-user/data/topics/4113 1337
@/home/ec2-user/data/topics/3832 1338
@/home/ec2-user/data/topics/3858 1339
@/home/ec2-user/data/topics/1174 1340
@/home/ec2-user/data/topics/3895 1341
@/home/ec2-user/data/topics/1209 1342
@/home/ec2-user/data/topics/4519 1343
@/home/ec2-user/data/topics/3673 1344
@/home/ec2-user/data/topics/4256 1345
@/home/ec2-user/data/topics/1384 1346
@/home/ec2-user/data/topics/4019 1347
@/home/ec2-user/data/topics/1431 1348
@/home/ec2-user/data/topics/4782 1349
@/home/ec2-user/data/topics/4095 1350
@/home/ec2-user/data/topics/4349 1351
@/home/ec2-user/data/topics/4103 1352
@/home/ec2-user/data/topics/2087 1353
@/home/ec2-user/data/topics/4228 1354
@/home/ec2-user/data/topics/1563 1355
@/home/ec2-user/data/topics/4005 1356
@/home/ec2-user/data/topics/4105 1357
@/home/ec2-user/data/topics/1965 1358
@/home/ec2-user/data/topics/1154 1359
@/home/ec2-user/data/topics/4583 1360
@/home/ec2-user/data/topics/1288 1361
@/home/ec2-user/data/topics/4124 1362
@/home/ec2-user/data/topics/3679 1363
@/home/ec2-user/data/topics/3698 1364
@/home/ec2-user/data/topics/3981 1365
@/home/ec2-user/data/topics/3957 1366
@/home/ec2-user/data/topics/4127 1367
@/home/ec2-user/data/topics/3871 1368
@/home/ec2-user/data/topics/3777 1369
@/home/ec2-user/data/topics/3941 1370
@/home/ec2-user/data/topics/4717 1371
@/home/ec2-user/data/topics/4245 1372
@/home/ec2-user/data/topics/1258 1373
@/home/ec2-user/data/topics/3855 1374
@/home/ec2-user/data/topics/3606 1375
@/home/ec2-user/data/topics/3776 1376
@/home/ec2-user/data/topics/4230 1377
@/home/ec2-user/data/topics/3450 1378
@/home/ec2-user/data/topics/3422 1379
@/home/ec2-user/data/topics/4263 1380
@/home/ec2-user/data/topics/4683 1381
@/home/ec2-user/data/topics/3978 1382
@/home/ec2-user/data/topics/3452 1383
@/home/ec2-user/data/topics/4648 1384
@/home/ec2-user/data/topics/3760 1385
@/home/ec2-user/data/topics/3649 1386
@/home/ec2-user/data/topics/3762 1387
@/home/ec2-user/data/topics/3537 1388
@/home/ec2-user/data/topics/4323 1389
@/home/ec2-user/data/topics/1685 1390
@/home/ec2-user/data/topics/1804 1391
日本輸送機株式会社

@/home/ec2-user/data/topics/1108 1392
@/home/ec2-user/data/topics/1940 1392
@/home/ec2-user/data/topics/3573 1393
@/home/ec2-user/data/topics/1493 1394
@/home/ec2-user/data/topics/2065 1395
@/home/ec2-user/data/topics/1191 1396
@/home/ec2-user/data/topics/2221 1397
@/home/ec2-user/data/topics/1456 1398
東京エレクトロン株式会社

@/home/ec2-user/data/topics/4345 1399
@/home/ec2-user/data/topics/4618 1399
@/home/ec2-user/data/topics/1508 1400
@/home/ec2-user/data/topics/4906 1401
@/home/ec2-user/data/topics/1736 1402
@/home/ec2-user/data/topics/4702 1403
@/home/ec2-user/data/topics/4053 1404
@/home/ec2-user/data/topics/1800 1405
@/home/ec2-user/data/topics/3947 1406
@/home/ec2-user/data/topics/4023 1407
@/home/ec2-user/data/topics/1263 1408
@/home/ec2-user/data/topics/4002 1409
株式会社村田製作所

@/home/ec2-user/data/topics/3697 1410
@/home/ec2-user/data/topics/3435 1410
@/home/ec2-user/data/topics/2229 1411
@/home/ec2-user/data/topics/1411 1412
@/home/ec2-user/data/topics/1374 1413
@/home/ec2-user/data/topics/4703 1414
@/home/ec2-user/data/topics/4163 1415
@/home/ec2-user/data/topics/3885 1416
@/home/ec2-user/data/topics/4378 1417
@/home/ec2-user/data/topics/4042 1418
@/home/ec2-user/data/topics/4432 1419
@/home/ec2-user/data/topics/3482 1420
@/home/ec2-user/data/topics/4070 1421
@/home/ec2-user/data/topics/4417 1422
@/home/ec2-user/data/topics/4271 1423
@/home/ec2-user/data/topics/4795 1424
@/home/ec2-user/data/topics/4325 1425
日本電信電話株式会社

@/home/ec2-user/data/topics/1809 1426
@/home/ec2-user/data/topics/1042 1426
@/home/ec2-user/data/topics/3927 1427
@/home/ec2-user/data/topics/3915 1428
@/home/ec2-user/data/topics/4792 1429
@/home/ec2-user/data/topics/3641 1430
@/home/ec2-user/data/topics/1230 1431
@/home/ec2-user/data/topics/3928 1432
@/home/ec2-user/data/topics/4925 1433
@/home/ec2-user/data/topics/3811 1434
@/home/ec2-user/data/topics/4146 1435
@/home/ec2-user/data/topics/4560 1436
@/home/ec2-user/data/topics/4208 1437
@/home/ec2-user/data/topics/4335 1438
@/home/ec2-user/data/topics/4836 1439
@/home/ec2-user/data/topics/4505 1440
@/home/ec2-user/data/topics/4664 1441
@/home/ec2-user/data/topics/4488 1442
@/home/ec2-user/data/topics/4965 1443
@/home/ec2-user/data/topics/4952 1444
@/home/ec2-user/data/topics/4232 1445
@/home/ec2-user/data/topics/3544 1446
@/home/ec2-user/data/topics/4511 1447
@/home/ec2-user/data/topics/3824 1448
@/home/ec2-user/data/topics/3425 1449
@/home/ec2-user/data/topics/3552 1450
@/home/ec2-user/data/topics/2130 1451
@/home/ec2-user/data/topics/4443 1452
@/home/ec2-user/data/topics/3894 1453
@/home/ec2-user/data/topics/4865 1454
@/home/ec2-user/data/topics/4118 1455
@/home/ec2-user/data/topics/2017 1456
@/home/ec2-user/data/topics/3568 1457
@/home/ec2-user/data/topics/3650 1458
@/home/ec2-user/data/topics/4115 1459
@/home/ec2-user/data/topics/4175 1460
@/home/ec2-user/data/topics/4131 1461
@/home/ec2-user/data/topics/4104 1462
@/home/ec2-user/data/topics/1229 1463
@/home/ec2-user/data/topics/3521 1464
@/home/ec2-user/data/topics/1787 1465
@/home/ec2-user/data/topics/4025 1466
@/home/ec2-user/data/topics/4916 1467
@/home/ec2-user/data/topics/3509 1468
@/home/ec2-user/data/topics/4870 1469
@/home/ec2-user/data/topics/4121 1470
@/home/ec2-user/data/topics/4964 1471
@/home/ec2-user/data/topics/1934 1472
@/home/ec2-user/data/topics/3536 1473
@/home/ec2-user/data/topics/3359 1474
@/home/ec2-user/data/topics/3586 1475
@/home/ec2-user/data/topics/1408 1476
@/home/ec2-user/data/topics/4114 1477
@/home/ec2-user/data/topics/4087 1478
@/home/ec2-user/data/topics/1556 1479
@/home/ec2-user/data/topics/3785 1480
日本鋼管株式会社

@/home/ec2-user/data/topics/4289 1481
@/home/ec2-user/data/topics/1690 1481
@/home/ec2-user/data/topics/3572 1482
@/home/ec2-user/data/topics/4455 1483
@/home/ec2-user/data/topics/1404 1484
@/home/ec2-user/data/topics/2095 1485
@/home/ec2-user/data/topics/4161 1486
株式会社神戸製鋼所

@/home/ec2-user/data/topics/2064 1487
@/home/ec2-user/data/topics/3902 1487
@/home/ec2-user/data/topics/4949 1488
@/home/ec2-user/data/topics/3632 1489
@/home/ec2-user/data/topics/3674 1490
@/home/ec2-user/data/topics/3475 1491
@/home/ec2-user/data/topics/1465 1492
株式会社ケンウッド

@/home/ec2-user/data/topics/2163 1493
@/home/ec2-user/data/topics/1186 1493
@/home/ec2-user/data/topics/1698 1494
@/home/ec2-user/data/topics/3977 1495
@/home/ec2-user/data/topics/1617 1496
@/home/ec2-user/data/topics/1424 1497
@/home/ec2-user/data/topics/1345 1498
@/home/ec2-user/data/topics/3839 1499
@/home/ec2-user/data/topics/2036 1500
@/home/ec2-user/data/topics/1896 1501
@/home/ec2-user/data/topics/3969 1502
@/home/ec2-user/data/topics/3463 1503
@/home/ec2-user/data/topics/4038 1504
@/home/ec2-user/data/topics/4167 1505
@/home/ec2-user/data/topics/1241 1506
@/home/ec2-user/data/topics/1115 1507
@/home/ec2-user/data/topics/3801 1508
@/home/ec2-user/data/topics/3794 1509
@/home/ec2-user/data/topics/3878 1510
@/home/ec2-user/data/topics/4050 1511
@/home/ec2-user/data/topics/4467 1512
東陶機器株式会社

@/home/ec2-user/data/topics/1626 1513
@/home/ec2-user/data/topics/3583 1513
@/home/ec2-user/data/topics/2135 1514
@/home/ec2-user/data/topics/1692 1515
@/home/ec2-user/data/topics/1735 1516
@/home/ec2-user/data/topics/3821 1517
本田技研工業株式会社

@/home/ec2-user/data/topics/5026 1518
@/home/ec2-user/data/topics/4888 1518
@/home/ec2-user/data/topics/1444 1519
@/home/ec2-user/data/topics/1143 1520
@/home/ec2-user/data/topics/2000 1521
@/home/ec2-user/data/topics/4199 1522
@/home/ec2-user/data/topics/1605 1523
@/home/ec2-user/data/topics/2016 1524
@/home/ec2-user/data/topics/4375 1525
@/home/ec2-user/data/topics/1266 1526
@/home/ec2-user/data/topics/1822 1527
@/home/ec2-user/data/topics/4331 1528
@/home/ec2-user/data/topics/4033 1529
@/home/ec2-user/data/topics/3685 1530
@/home/ec2-user/data/topics/4132 1531
@/home/ec2-user/data/topics/1215 1532
@/home/ec2-user/data/topics/4783 1533
@/home/ec2-user/data/topics/1226 1534
@/home/ec2-user/data/topics/1818 1535
新日本製鐵株式会社

@/home/ec2-user/data/topics/3663 1536
@/home/ec2-user/data/topics/4472 1536
@/home/ec2-user/data/topics/3861 1537
@/home/ec2-user/data/topics/3899 1538
@/home/ec2-user/data/topics/3368 1539
@/home/ec2-user/data/topics/5008 1540
松下電工株式会社

@/home/ec2-user/data/topics/3565 1541
@/home/ec2-user/data/topics/4094 1541
@/home/ec2-user/data/topics/3778 1542
@/home/ec2-user/data/topics/4450 1543
@/home/ec2-user/data/topics/2045 1544
@/home/ec2-user/data/topics/3670 1545
@/home/ec2-user/data/topics/1011 1546
@/home/ec2-user/data/topics/1311 1547
@/home/ec2-user/data/topics/1251 1548
@/home/ec2-user/data/topics/4029 1549
@/home/ec2-user/data/topics/3379 1550
@/home/ec2-user/data/topics/3932 1551
@/home/ec2-user/data/topics/4347 1552
@/home/ec2-user/data/topics/4083 1553
@/home/ec2-user/data/topics/3511 1554
@/home/ec2-user/data/topics/3651 1555
@/home/ec2-user/data/topics/4592 1556
@/home/ec2-user/data/topics/4317 1557
@/home/ec2-user/data/topics/3835 1558
@/home/ec2-user/data/topics/3549 1559
@/home/ec2-user/data/topics/1803 1560
@/home/ec2-user/data/topics/4012 1561
usernum: 72
simhit: 1308
simmax: 0.627386250453
simmin: 0.0
simavg: 0.199003111682
total: 1562
simhit/total: 0.837387964149

2017-01-14 02:16:54.930673
