2016-12-24 18:06:09.181496

topic-folder:/home/ec2-user/data/topics/
cl-file:/home/ec2-user/git/tfidf/result-new/b3-1.txt
cl-floder:/home/ec2-user/data/ldaclass-32-2000-top10000/
zipf:0.2
stype[0(tfidf)/1(tfidf2)/2(lsa)/3(lda)]:3
dtype[<0(diff*rand)/0(diff)/1(same)/>=2(diff*same)]:0
output-floder:/home/ec2-user/git/userquery/result

三菱マテリアル株式会社

@/home/ec2-user/data/topics/3546 0
@/home/ec2-user/data/topics/3630 0
@/home/ec2-user/data/topics/1638 1
@/home/ec2-user/data/topics/1085 2
@/home/ec2-user/data/topics/3520 3
@/home/ec2-user/data/topics/2093 4
@/home/ec2-user/data/topics/3866 5
@/home/ec2-user/data/topics/3470 6
日本精機株式会社

@/home/ec2-user/data/topics/4690 7
@/home/ec2-user/data/topics/1398 7
@/home/ec2-user/data/topics/4709 8
@/home/ec2-user/data/topics/4875 9
@/home/ec2-user/data/topics/4972 10
@/home/ec2-user/data/topics/4907 11
コニカ株式会社

@/home/ec2-user/data/topics/3426 12
@/home/ec2-user/data/topics/3533 12
@/home/ec2-user/data/topics/1946 13
@/home/ec2-user/data/topics/3419 14
@/home/ec2-user/data/topics/2162 15
@/home/ec2-user/data/topics/3486 16
@/home/ec2-user/data/topics/3370 17
@/home/ec2-user/data/topics/3431 18
@/home/ec2-user/data/topics/3357 19
@/home/ec2-user/data/topics/3414 20
@/home/ec2-user/data/topics/3418 21
埼玉日本電気株式会社

@/home/ec2-user/data/topics/1620 22
@/home/ec2-user/data/topics/4242 22
@/home/ec2-user/data/topics/5010 23
@/home/ec2-user/data/topics/4279 24
@/home/ec2-user/data/topics/4998 25
@/home/ec2-user/data/topics/4468 26
@/home/ec2-user/data/topics/4496 27
@/home/ec2-user/data/topics/4283 28
@/home/ec2-user/data/topics/1512 29
アルプス電気株式会社

@/home/ec2-user/data/topics/3582 30
@/home/ec2-user/data/topics/1253 30
@/home/ec2-user/data/topics/3429 31
@/home/ec2-user/data/topics/2012 32
@/home/ec2-user/data/topics/4791 33
@/home/ec2-user/data/topics/1434 34
@/home/ec2-user/data/topics/2089 35
三菱重工業株式会社

@/home/ec2-user/data/topics/3833 36
@/home/ec2-user/data/topics/3944 36
@/home/ec2-user/data/topics/4862 37
@/home/ec2-user/data/topics/3637 38
@/home/ec2-user/data/topics/3529 39
@/home/ec2-user/data/topics/4687 40
@/home/ec2-user/data/topics/3503 41
@/home/ec2-user/data/topics/3591 42
@/home/ec2-user/data/topics/5022 43
@/home/ec2-user/data/topics/4412 44
@/home/ec2-user/data/topics/4563 45
@/home/ec2-user/data/topics/4882 46
村田機械株式会社

@/home/ec2-user/data/topics/4941 47
@/home/ec2-user/data/topics/1511 47
@/home/ec2-user/data/topics/4596 48
@/home/ec2-user/data/topics/4638 49
@/home/ec2-user/data/topics/4565 50
@/home/ec2-user/data/topics/1607 51
@/home/ec2-user/data/topics/4645 52
@/home/ec2-user/data/topics/1293 53
@/home/ec2-user/data/topics/3740 54
@/home/ec2-user/data/topics/4570 55
@/home/ec2-user/data/topics/4835 56
@/home/ec2-user/data/topics/4746 57
@/home/ec2-user/data/topics/5000 58
@/home/ec2-user/data/topics/4556 59
@/home/ec2-user/data/topics/4441 60
@/home/ec2-user/data/topics/3528 61
@/home/ec2-user/data/topics/1074 62
川崎製鉄株式会社

@/home/ec2-user/data/topics/3553 63
@/home/ec2-user/data/topics/3929 63
@/home/ec2-user/data/topics/3532 64
@/home/ec2-user/data/topics/3611 65
@/home/ec2-user/data/topics/3413 66
@/home/ec2-user/data/topics/1037 67
@/home/ec2-user/data/topics/3483 68
@/home/ec2-user/data/topics/4615 69
@/home/ec2-user/data/topics/1459 70
ダイキン工業株式会社

@/home/ec2-user/data/topics/3888 71
@/home/ec2-user/data/topics/4858 71
@/home/ec2-user/data/topics/4701 72
@/home/ec2-user/data/topics/1600 73
@/home/ec2-user/data/topics/4753 74
@/home/ec2-user/data/topics/1565 75
@/home/ec2-user/data/topics/4367 76
@/home/ec2-user/data/topics/4734 77
@/home/ec2-user/data/topics/4845 78
@/home/ec2-user/data/topics/4515 79
@/home/ec2-user/data/topics/4400 80
三菱自動車工業株式会社

@/home/ec2-user/data/topics/1816 81
@/home/ec2-user/data/topics/3940 81
@/home/ec2-user/data/topics/2101 82
@/home/ec2-user/data/topics/3502 83
@/home/ec2-user/data/topics/4189 84
@/home/ec2-user/data/topics/1527 85
@/home/ec2-user/data/topics/1428 86
@/home/ec2-user/data/topics/3815 87
日産自動車株式会社

@/home/ec2-user/data/topics/3829 88
@/home/ec2-user/data/topics/3677 88
@/home/ec2-user/data/topics/3723 89
@/home/ec2-user/data/topics/4074 90
@/home/ec2-user/data/topics/3489 91
@/home/ec2-user/data/topics/3645 92
@/home/ec2-user/data/topics/3712 93
@/home/ec2-user/data/topics/3936 94
@/home/ec2-user/data/topics/3497 95
@/home/ec2-user/data/topics/3501 96
@/home/ec2-user/data/topics/4982 97
トヨタ自動車株式会社

@/home/ec2-user/data/topics/3731 98
@/home/ec2-user/data/topics/3699 98
@/home/ec2-user/data/topics/3405 99
@/home/ec2-user/data/topics/3783 100
@/home/ec2-user/data/topics/3481 101
@/home/ec2-user/data/topics/4617 102
@/home/ec2-user/data/topics/3671 103
@/home/ec2-user/data/topics/4346 104
@/home/ec2-user/data/topics/4920 105
@/home/ec2-user/data/topics/4144 106
@/home/ec2-user/data/topics/1551 107
@/home/ec2-user/data/topics/4658 108
@/home/ec2-user/data/topics/4426 109
@/home/ec2-user/data/topics/4647 110
@/home/ec2-user/data/topics/1494 111
@/home/ec2-user/data/topics/4767 112
@/home/ec2-user/data/topics/4064 113
@/home/ec2-user/data/topics/4030 114
@/home/ec2-user/data/topics/2218 115
@/home/ec2-user/data/topics/3725 116
@/home/ec2-user/data/topics/3758 117
@/home/ec2-user/data/topics/4543 118
@/home/ec2-user/data/topics/3587 119
@/home/ec2-user/data/topics/4633 120
@/home/ec2-user/data/topics/3943 121
@/home/ec2-user/data/topics/3356 122
@/home/ec2-user/data/topics/4298 123
@/home/ec2-user/data/topics/2111 124
@/home/ec2-user/data/topics/4008 125
オリンパス光学工業株式会社

@/home/ec2-user/data/topics/1869 126
@/home/ec2-user/data/topics/1586 126
@/home/ec2-user/data/topics/4007 127
@/home/ec2-user/data/topics/4013 128
@/home/ec2-user/data/topics/1981 129
@/home/ec2-user/data/topics/1155 130
@/home/ec2-user/data/topics/2026 131
@/home/ec2-user/data/topics/1107 132
@/home/ec2-user/data/topics/4878 133
@/home/ec2-user/data/topics/5006 134
@/home/ec2-user/data/topics/1835 135
@/home/ec2-user/data/topics/1739 136
ブラザー工業株式会社

@/home/ec2-user/data/topics/1906 137
@/home/ec2-user/data/topics/1183 137
@/home/ec2-user/data/topics/1697 138
@/home/ec2-user/data/topics/1300 139
@/home/ec2-user/data/topics/2085 140
@/home/ec2-user/data/topics/3789 141
@/home/ec2-user/data/topics/2086 142
@/home/ec2-user/data/topics/1164 143
@/home/ec2-user/data/topics/1076 144
@/home/ec2-user/data/topics/1636 145
@/home/ec2-user/data/topics/3477 146
@/home/ec2-user/data/topics/4548 147
@/home/ec2-user/data/topics/3507 148
@/home/ec2-user/data/topics/3686 149
@/home/ec2-user/data/topics/3613 150
富士通株式会社

@/home/ec2-user/data/topics/3870 151
@/home/ec2-user/data/topics/3751 151
@/home/ec2-user/data/topics/3799 152
@/home/ec2-user/data/topics/5004 153
@/home/ec2-user/data/topics/1547 154
@/home/ec2-user/data/topics/3428 155
@/home/ec2-user/data/topics/3912 156
@/home/ec2-user/data/topics/3399 157
@/home/ec2-user/data/topics/3850 158
@/home/ec2-user/data/topics/1998 159
@/home/ec2-user/data/topics/3636 160
@/home/ec2-user/data/topics/3802 161
@/home/ec2-user/data/topics/2215 162
@/home/ec2-user/data/topics/2227 163
@/home/ec2-user/data/topics/3862 164
@/home/ec2-user/data/topics/3381 165
@/home/ec2-user/data/topics/3538 166
@/home/ec2-user/data/topics/1264 167
@/home/ec2-user/data/topics/2216 168
@/home/ec2-user/data/topics/1271 169
@/home/ec2-user/data/topics/1123 170
@/home/ec2-user/data/topics/1609 171
@/home/ec2-user/data/topics/3962 172
@/home/ec2-user/data/topics/3883 173
@/home/ec2-user/data/topics/3460 174
@/home/ec2-user/data/topics/3765 175
@/home/ec2-user/data/topics/3400 176
@/home/ec2-user/data/topics/3749 177
@/home/ec2-user/data/topics/3970 178
@/home/ec2-user/data/topics/1874 179
@/home/ec2-user/data/topics/3846 180
@/home/ec2-user/data/topics/4191 181
静岡日本電気株式会社

@/home/ec2-user/data/topics/4250 182
@/home/ec2-user/data/topics/4326 182
@/home/ec2-user/data/topics/4365 183
@/home/ec2-user/data/topics/4531 184
@/home/ec2-user/data/topics/4314 185
@/home/ec2-user/data/topics/4507 186
住友重機械工業株式会社

@/home/ec2-user/data/topics/3868 187
@/home/ec2-user/data/topics/1505 187
@/home/ec2-user/data/topics/1373 188
@/home/ec2-user/data/topics/4854 189
@/home/ec2-user/data/topics/1553 190
@/home/ec2-user/data/topics/1900 191
@/home/ec2-user/data/topics/1019 192
@/home/ec2-user/data/topics/2039 193
@/home/ec2-user/data/topics/3952 194
大日本印刷株式会社

@/home/ec2-user/data/topics/1262 195
@/home/ec2-user/data/topics/1099 195
@/home/ec2-user/data/topics/3388 196
@/home/ec2-user/data/topics/1145 197
@/home/ec2-user/data/topics/1564 198
@/home/ec2-user/data/topics/3569 199
日本電気株式会社

@/home/ec2-user/data/topics/4651 200
@/home/ec2-user/data/topics/4926 200
@/home/ec2-user/data/topics/4276 201
@/home/ec2-user/data/topics/4153 202
@/home/ec2-user/data/topics/1764 203
@/home/ec2-user/data/topics/4584 204
@/home/ec2-user/data/topics/4696 205
@/home/ec2-user/data/topics/4267 206
@/home/ec2-user/data/topics/4609 207
@/home/ec2-user/data/topics/4142 208
@/home/ec2-user/data/topics/4071 209
@/home/ec2-user/data/topics/3724 210
@/home/ec2-user/data/topics/2041 211
@/home/ec2-user/data/topics/4300 212
@/home/ec2-user/data/topics/4742 213
@/home/ec2-user/data/topics/4764 214
@/home/ec2-user/data/topics/1937 215
@/home/ec2-user/data/topics/1879 216
@/home/ec2-user/data/topics/4260 217
@/home/ec2-user/data/topics/4278 218
@/home/ec2-user/data/topics/4613 219
@/home/ec2-user/data/topics/4204 220
@/home/ec2-user/data/topics/4196 221
@/home/ec2-user/data/topics/1891 222
@/home/ec2-user/data/topics/3767 223
@/home/ec2-user/data/topics/4725 224
@/home/ec2-user/data/topics/4595 225
@/home/ec2-user/data/topics/1815 226
@/home/ec2-user/data/topics/4665 227
@/home/ec2-user/data/topics/4243 228
@/home/ec2-user/data/topics/3896 229
@/home/ec2-user/data/topics/4288 230
@/home/ec2-user/data/topics/4137 231
@/home/ec2-user/data/topics/1464 232
@/home/ec2-user/data/topics/4360 233
@/home/ec2-user/data/topics/1661 234
@/home/ec2-user/data/topics/4892 235
@/home/ec2-user/data/topics/4666 236
@/home/ec2-user/data/topics/4477 237
@/home/ec2-user/data/topics/4138 238
@/home/ec2-user/data/topics/4816 239
@/home/ec2-user/data/topics/4626 240
@/home/ec2-user/data/topics/2127 241
@/home/ec2-user/data/topics/2031 242
@/home/ec2-user/data/topics/4240 243
@/home/ec2-user/data/topics/2150 244
@/home/ec2-user/data/topics/3853 245
@/home/ec2-user/data/topics/4440 246
@/home/ec2-user/data/topics/3938 247
@/home/ec2-user/data/topics/3886 248
@/home/ec2-user/data/topics/1364 249
@/home/ec2-user/data/topics/4643 250
@/home/ec2-user/data/topics/4081 251
@/home/ec2-user/data/topics/1101 252
@/home/ec2-user/data/topics/4404 253
@/home/ec2-user/data/topics/4134 254
@/home/ec2-user/data/topics/1867 255
@/home/ec2-user/data/topics/1281 256
@/home/ec2-user/data/topics/4785 257
@/home/ec2-user/data/topics/1567 258
@/home/ec2-user/data/topics/4603 259
@/home/ec2-user/data/topics/1523 260
@/home/ec2-user/data/topics/4824 261
@/home/ec2-user/data/topics/3995 262
@/home/ec2-user/data/topics/2022 263
@/home/ec2-user/data/topics/4728 264
@/home/ec2-user/data/topics/1783 265
@/home/ec2-user/data/topics/4536 266
@/home/ec2-user/data/topics/3875 267
@/home/ec2-user/data/topics/2166 268
@/home/ec2-user/data/topics/4359 269
@/home/ec2-user/data/topics/1852 270
@/home/ec2-user/data/topics/4158 271
@/home/ec2-user/data/topics/1100 272
@/home/ec2-user/data/topics/1773 273
@/home/ec2-user/data/topics/4247 274
@/home/ec2-user/data/topics/1791 275
@/home/ec2-user/data/topics/4532 276
@/home/ec2-user/data/topics/4216 277
@/home/ec2-user/data/topics/4319 278
@/home/ec2-user/data/topics/4682 279
@/home/ec2-user/data/topics/4940 280
@/home/ec2-user/data/topics/1044 281
@/home/ec2-user/data/topics/4414 282
@/home/ec2-user/data/topics/1948 283
@/home/ec2-user/data/topics/4646 284
@/home/ec2-user/data/topics/1844 285
@/home/ec2-user/data/topics/4433 286
@/home/ec2-user/data/topics/1383 287
@/home/ec2-user/data/topics/4533 288
@/home/ec2-user/data/topics/4877 289
@/home/ec2-user/data/topics/4209 290
@/home/ec2-user/data/topics/4721 291
@/home/ec2-user/data/topics/1973 292
@/home/ec2-user/data/topics/4446 293
@/home/ec2-user/data/topics/1326 294
@/home/ec2-user/data/topics/4838 295
@/home/ec2-user/data/topics/4275 296
@/home/ec2-user/data/topics/4092 297
@/home/ec2-user/data/topics/4390 298
@/home/ec2-user/data/topics/4313 299
@/home/ec2-user/data/topics/4162 300
@/home/ec2-user/data/topics/5034 301
@/home/ec2-user/data/topics/4186 302
@/home/ec2-user/data/topics/1362 303
@/home/ec2-user/data/topics/4659 304
@/home/ec2-user/data/topics/1122 305
@/home/ec2-user/data/topics/4254 306
@/home/ec2-user/data/topics/1486 307
@/home/ec2-user/data/topics/4097 308
@/home/ec2-user/data/topics/4227 309
@/home/ec2-user/data/topics/4352 310
@/home/ec2-user/data/topics/4425 311
@/home/ec2-user/data/topics/4129 312
@/home/ec2-user/data/topics/4310 313
@/home/ec2-user/data/topics/4398 314
@/home/ec2-user/data/topics/3954 315
@/home/ec2-user/data/topics/3956 316
@/home/ec2-user/data/topics/4749 317
@/home/ec2-user/data/topics/4876 318
@/home/ec2-user/data/topics/4100 319
@/home/ec2-user/data/topics/3865 320
@/home/ec2-user/data/topics/1923 321
@/home/ec2-user/data/topics/4902 322
@/home/ec2-user/data/topics/1116 323
@/home/ec2-user/data/topics/4497 324
@/home/ec2-user/data/topics/4598 325
@/home/ec2-user/data/topics/1016 326
@/home/ec2-user/data/topics/4185 327
@/home/ec2-user/data/topics/4657 328
@/home/ec2-user/data/topics/4388 329
@/home/ec2-user/data/topics/4429 330
@/home/ec2-user/data/topics/4434 331
@/home/ec2-user/data/topics/4318 332
@/home/ec2-user/data/topics/1500 333
@/home/ec2-user/data/topics/1634 334
@/home/ec2-user/data/topics/2144 335
@/home/ec2-user/data/topics/4154 336
@/home/ec2-user/data/topics/4460 337
@/home/ec2-user/data/topics/1112 338
@/home/ec2-user/data/topics/4281 339
@/home/ec2-user/data/topics/4238 340
@/home/ec2-user/data/topics/4699 341
@/home/ec2-user/data/topics/4650 342
@/home/ec2-user/data/topics/4342 343
@/home/ec2-user/data/topics/4485 344
@/home/ec2-user/data/topics/4017 345
@/home/ec2-user/data/topics/4207 346
@/home/ec2-user/data/topics/4236 347
@/home/ec2-user/data/topics/4119 348
@/home/ec2-user/data/topics/4537 349
@/home/ec2-user/data/topics/2119 350
@/home/ec2-user/data/topics/4273 351
@/home/ec2-user/data/topics/4644 352
@/home/ec2-user/data/topics/4338 353
@/home/ec2-user/data/topics/4578 354
@/home/ec2-user/data/topics/4192 355
@/home/ec2-user/data/topics/3744 356
@/home/ec2-user/data/topics/1199 357
@/home/ec2-user/data/topics/4759 358
@/home/ec2-user/data/topics/4062 359
@/home/ec2-user/data/topics/4447 360
@/home/ec2-user/data/topics/4003 361
@/home/ec2-user/data/topics/4480 362
@/home/ec2-user/data/topics/1052 363
@/home/ec2-user/data/topics/4093 364
@/home/ec2-user/data/topics/4808 365
@/home/ec2-user/data/topics/1557 366
@/home/ec2-user/data/topics/4530 367
@/home/ec2-user/data/topics/4750 368
@/home/ec2-user/data/topics/3729 369
@/home/ec2-user/data/topics/4320 370
@/home/ec2-user/data/topics/4427 371
@/home/ec2-user/data/topics/4343 372
@/home/ec2-user/data/topics/4418 373
@/home/ec2-user/data/topics/4689 374
@/home/ec2-user/data/topics/4775 375
@/home/ec2-user/data/topics/3897 376
@/home/ec2-user/data/topics/1457 377
@/home/ec2-user/data/topics/1078 378
@/home/ec2-user/data/topics/4634 379
@/home/ec2-user/data/topics/3971 380
@/home/ec2-user/data/topics/4244 381
@/home/ec2-user/data/topics/4490 382
@/home/ec2-user/data/topics/4393 383
@/home/ec2-user/data/topics/4760 384
@/home/ec2-user/data/topics/4309 385
@/home/ec2-user/data/topics/4486 386
@/home/ec2-user/data/topics/4549 387
@/home/ec2-user/data/topics/1724 388
@/home/ec2-user/data/topics/4779 389
@/home/ec2-user/data/topics/4171 390
@/home/ec2-user/data/topics/4371 391
@/home/ec2-user/data/topics/4442 392
@/home/ec2-user/data/topics/3766 393
@/home/ec2-user/data/topics/1360 394
@/home/ec2-user/data/topics/1710 395
@/home/ec2-user/data/topics/4458 396
@/home/ec2-user/data/topics/4708 397
@/home/ec2-user/data/topics/4120 398
@/home/ec2-user/data/topics/4272 399
@/home/ec2-user/data/topics/1612 400
@/home/ec2-user/data/topics/4561 401
@/home/ec2-user/data/topics/2088 402
@/home/ec2-user/data/topics/4257 403
@/home/ec2-user/data/topics/4315 404
@/home/ec2-user/data/topics/4718 405
@/home/ec2-user/data/topics/1928 406
@/home/ec2-user/data/topics/4116 407
@/home/ec2-user/data/topics/4082 408
@/home/ec2-user/data/topics/1624 409
@/home/ec2-user/data/topics/4389 410
@/home/ec2-user/data/topics/4258 411
@/home/ec2-user/data/topics/4850 412
@/home/ec2-user/data/topics/4128 413
@/home/ec2-user/data/topics/4168 414
@/home/ec2-user/data/topics/4246 415
@/home/ec2-user/data/topics/4063 416
@/home/ec2-user/data/topics/1595 417
@/home/ec2-user/data/topics/4770 418
松下電器産業株式会社

@/home/ec2-user/data/topics/4303 419
@/home/ec2-user/data/topics/4968 419
@/home/ec2-user/data/topics/4936 420
@/home/ec2-user/data/topics/3585 421
@/home/ec2-user/data/topics/3692 422
@/home/ec2-user/data/topics/3847 423
@/home/ec2-user/data/topics/1339 424
@/home/ec2-user/data/topics/1589 425
@/home/ec2-user/data/topics/4503 426
@/home/ec2-user/data/topics/4385 427
@/home/ec2-user/data/topics/4667 428
@/home/ec2-user/data/topics/4102 429
@/home/ec2-user/data/topics/3904 430
@/home/ec2-user/data/topics/4586 431
@/home/ec2-user/data/topics/4475 432
@/home/ec2-user/data/topics/3404 433
@/home/ec2-user/data/topics/4574 434
@/home/ec2-user/data/topics/4501 435
@/home/ec2-user/data/topics/3386 436
@/home/ec2-user/data/topics/1705 437
@/home/ec2-user/data/topics/1955 438
@/home/ec2-user/data/topics/1762 439
@/home/ec2-user/data/topics/2156 440
@/home/ec2-user/data/topics/3680 441
@/home/ec2-user/data/topics/4817 442
@/home/ec2-user/data/topics/2080 443
@/home/ec2-user/data/topics/1881 444
@/home/ec2-user/data/topics/4101 445
@/home/ec2-user/data/topics/4098 446
@/home/ec2-user/data/topics/4885 447
@/home/ec2-user/data/topics/3519 448
@/home/ec2-user/data/topics/1829 449
@/home/ec2-user/data/topics/1026 450
@/home/ec2-user/data/topics/1898 451
@/home/ec2-user/data/topics/3704 452
@/home/ec2-user/data/topics/4160 453
@/home/ec2-user/data/topics/4502 454
@/home/ec2-user/data/topics/4229 455
@/home/ec2-user/data/topics/4355 456
@/home/ec2-user/data/topics/2056 457
@/home/ec2-user/data/topics/1633 458
@/home/ec2-user/data/topics/4867 459
@/home/ec2-user/data/topics/1257 460
@/home/ec2-user/data/topics/4676 461
@/home/ec2-user/data/topics/4491 462
@/home/ec2-user/data/topics/4043 463
@/home/ec2-user/data/topics/1509 464
@/home/ec2-user/data/topics/4707 465
@/home/ec2-user/data/topics/3739 466
@/home/ec2-user/data/topics/4307 467
@/home/ec2-user/data/topics/3514 468
@/home/ec2-user/data/topics/4159 469
@/home/ec2-user/data/topics/3402 470
@/home/ec2-user/data/topics/1157 471
@/home/ec2-user/data/topics/3676 472
@/home/ec2-user/data/topics/4459 473
@/home/ec2-user/data/topics/4215 474
@/home/ec2-user/data/topics/1540 475
@/home/ec2-user/data/topics/1070 476
@/home/ec2-user/data/topics/1179 477
@/home/ec2-user/data/topics/3719 478
@/home/ec2-user/data/topics/4139 479
@/home/ec2-user/data/topics/3746 480
@/home/ec2-user/data/topics/4448 481
@/home/ec2-user/data/topics/3951 482
@/home/ec2-user/data/topics/4394 483
@/home/ec2-user/data/topics/4464 484
@/home/ec2-user/data/topics/1158 485
@/home/ec2-user/data/topics/3455 486
@/home/ec2-user/data/topics/1706 487
@/home/ec2-user/data/topics/2170 488
@/home/ec2-user/data/topics/1252 489
@/home/ec2-user/data/topics/1885 490
@/home/ec2-user/data/topics/1635 491
@/home/ec2-user/data/topics/4945 492
@/home/ec2-user/data/topics/4422 493
@/home/ec2-user/data/topics/4577 494
@/home/ec2-user/data/topics/3658 495
@/home/ec2-user/data/topics/1525 496
@/home/ec2-user/data/topics/3960 497
@/home/ec2-user/data/topics/3721 498
@/home/ec2-user/data/topics/3510 499
@/home/ec2-user/data/topics/4126 500
@/home/ec2-user/data/topics/4918 501
@/home/ec2-user/data/topics/3619 502
@/home/ec2-user/data/topics/4274 503
@/home/ec2-user/data/topics/1701 504
@/home/ec2-user/data/topics/4599 505
@/home/ec2-user/data/topics/1812 506
@/home/ec2-user/data/topics/4558 507
@/home/ec2-user/data/topics/4180 508
@/home/ec2-user/data/topics/4193 509
@/home/ec2-user/data/topics/4806 510
@/home/ec2-user/data/topics/2129 511
@/home/ec2-user/data/topics/5024 512
@/home/ec2-user/data/topics/3558 513
@/home/ec2-user/data/topics/4625 514
@/home/ec2-user/data/topics/5028 515
@/home/ec2-user/data/topics/2222 516
@/home/ec2-user/data/topics/4280 517
@/home/ec2-user/data/topics/4382 518
@/home/ec2-user/data/topics/3494 519
@/home/ec2-user/data/topics/3761 520
@/home/ec2-user/data/topics/4264 521
@/home/ec2-user/data/topics/4157 522
@/home/ec2-user/data/topics/3979 523
@/home/ec2-user/data/topics/4804 524
@/home/ec2-user/data/topics/2029 525
@/home/ec2-user/data/topics/1136 526
@/home/ec2-user/data/topics/4797 527
@/home/ec2-user/data/topics/3694 528
@/home/ec2-user/data/topics/1748 529
@/home/ec2-user/data/topics/1477 530
@/home/ec2-user/data/topics/4961 531
@/home/ec2-user/data/topics/4000 532
@/home/ec2-user/data/topics/4754 533
@/home/ec2-user/data/topics/3920 534
@/home/ec2-user/data/topics/4917 535
@/home/ec2-user/data/topics/4787 536
@/home/ec2-user/data/topics/4761 537
@/home/ec2-user/data/topics/3807 538
@/home/ec2-user/data/topics/1516 539
@/home/ec2-user/data/topics/4798 540
セイコーインスツルメンツ株式会社

@/home/ec2-user/data/topics/4151 541
@/home/ec2-user/data/topics/4203 541
@/home/ec2-user/data/topics/3626 542
@/home/ec2-user/data/topics/4997 543
@/home/ec2-user/data/topics/4036 544
@/home/ec2-user/data/topics/1707 545
@/home/ec2-user/data/topics/4088 546
@/home/ec2-user/data/topics/3825 547
@/home/ec2-user/data/topics/4190 548
ミノルタ株式会社

@/home/ec2-user/data/topics/4951 549
@/home/ec2-user/data/topics/3810 549
@/home/ec2-user/data/topics/4970 550
@/home/ec2-user/data/topics/4971 551
@/home/ec2-user/data/topics/4984 552
@/home/ec2-user/data/topics/4986 553
@/home/ec2-user/data/topics/4321 554
@/home/ec2-user/data/topics/3545 555
@/home/ec2-user/data/topics/2190 556
@/home/ec2-user/data/topics/3584 557
@/home/ec2-user/data/topics/4977 558
@/home/ec2-user/data/topics/1152 559
株式会社リコー

@/home/ec2-user/data/topics/1190 560
@/home/ec2-user/data/topics/3713 560
@/home/ec2-user/data/topics/1669 561
@/home/ec2-user/data/topics/3711 562
@/home/ec2-user/data/topics/1514 563
@/home/ec2-user/data/topics/1106 564
@/home/ec2-user/data/topics/3484 565
@/home/ec2-user/data/topics/2006 566
@/home/ec2-user/data/topics/1774 567
@/home/ec2-user/data/topics/1668 568
@/home/ec2-user/data/topics/2090 569
@/home/ec2-user/data/topics/3446 570
@/home/ec2-user/data/topics/1095 571
@/home/ec2-user/data/topics/1806 572
@/home/ec2-user/data/topics/4037 573
@/home/ec2-user/data/topics/1670 574
@/home/ec2-user/data/topics/3759 575
@/home/ec2-user/data/topics/4879 576
@/home/ec2-user/data/topics/4616 577
@/home/ec2-user/data/topics/1478 578
@/home/ec2-user/data/topics/2182 579
@/home/ec2-user/data/topics/4265 580
@/home/ec2-user/data/topics/2201 581
@/home/ec2-user/data/topics/2219 582
@/home/ec2-user/data/topics/3495 583
@/home/ec2-user/data/topics/3530 584
@/home/ec2-user/data/topics/3474 585
@/home/ec2-user/data/topics/3424 586
@/home/ec2-user/data/topics/1282 587
@/home/ec2-user/data/topics/3750 588
@/home/ec2-user/data/topics/3837 589
@/home/ec2-user/data/topics/3394 590
@/home/ec2-user/data/topics/3378 591
@/home/ec2-user/data/topics/1663 592
@/home/ec2-user/data/topics/3523 593
@/home/ec2-user/data/topics/1976 594
@/home/ec2-user/data/topics/2043 595
@/home/ec2-user/data/topics/1433 596
@/home/ec2-user/data/topics/3669 597
@/home/ec2-user/data/topics/1064 598
@/home/ec2-user/data/topics/3633 599
@/home/ec2-user/data/topics/2189 600
@/home/ec2-user/data/topics/1740 601
@/home/ec2-user/data/topics/3687 602
@/home/ec2-user/data/topics/3880 603
@/home/ec2-user/data/topics/1755 604
@/home/ec2-user/data/topics/3574 605
@/home/ec2-user/data/topics/1780 606
@/home/ec2-user/data/topics/1974 607
@/home/ec2-user/data/topics/3436 608
@/home/ec2-user/data/topics/1436 609
@/home/ec2-user/data/topics/1593 610
@/home/ec2-user/data/topics/1776 611
@/home/ec2-user/data/topics/3411 612
@/home/ec2-user/data/topics/1083 613
@/home/ec2-user/data/topics/3775 614
@/home/ec2-user/data/topics/2200 615
@/home/ec2-user/data/topics/1775 616
@/home/ec2-user/data/topics/1718 617
@/home/ec2-user/data/topics/3557 618
@/home/ec2-user/data/topics/4344 619
@/home/ec2-user/data/topics/1878 620
@/home/ec2-user/data/topics/1482 621
@/home/ec2-user/data/topics/3548 622
@/home/ec2-user/data/topics/3555 623
@/home/ec2-user/data/topics/1627 624
@/home/ec2-user/data/topics/1225 625
@/home/ec2-user/data/topics/4781 626
@/home/ec2-user/data/topics/1691 627
@/home/ec2-user/data/topics/1610 628
@/home/ec2-user/data/topics/3472 629
独立行政法人産業技術総合研究所

@/home/ec2-user/data/topics/4800 630
@/home/ec2-user/data/topics/1356 630
@/home/ec2-user/data/topics/4777 631
@/home/ec2-user/data/topics/4739 632
@/home/ec2-user/data/topics/4740 633
@/home/ec2-user/data/topics/4869 634
ソニー株式会社

@/home/ec2-user/data/topics/4184 635
@/home/ec2-user/data/topics/5027 635
@/home/ec2-user/data/topics/1397 636
@/home/ec2-user/data/topics/3401 637
@/home/ec2-user/data/topics/1471 638
@/home/ec2-user/data/topics/3924 639
@/home/ec2-user/data/topics/2059 640
@/home/ec2-user/data/topics/3456 641
@/home/ec2-user/data/topics/1778 642
@/home/ec2-user/data/topics/1414 643
@/home/ec2-user/data/topics/4224 644
@/home/ec2-user/data/topics/2094 645
@/home/ec2-user/data/topics/1147 646
@/home/ec2-user/data/topics/2075 647
@/home/ec2-user/data/topics/4219 648
@/home/ec2-user/data/topics/1218 649
@/home/ec2-user/data/topics/3975 650
@/home/ec2-user/data/topics/2058 651
@/home/ec2-user/data/topics/1679 652
@/home/ec2-user/data/topics/3392 653
@/home/ec2-user/data/topics/1892 654
@/home/ec2-user/data/topics/1291 655
@/home/ec2-user/data/topics/3955 656
@/home/ec2-user/data/topics/2052 657
@/home/ec2-user/data/topics/1749 658
@/home/ec2-user/data/topics/1873 659
@/home/ec2-user/data/topics/1102 660
@/home/ec2-user/data/topics/1426 661
@/home/ec2-user/data/topics/1380 662
@/home/ec2-user/data/topics/1435 663
@/home/ec2-user/data/topics/1912 664
@/home/ec2-user/data/topics/1059 665
@/home/ec2-user/data/topics/1298 666
@/home/ec2-user/data/topics/1884 667
@/home/ec2-user/data/topics/1836 668
@/home/ec2-user/data/topics/4351 669
@/home/ec2-user/data/topics/1954 670
@/home/ec2-user/data/topics/2048 671
@/home/ec2-user/data/topics/1926 672
@/home/ec2-user/data/topics/1491 673
@/home/ec2-user/data/topics/3872 674
@/home/ec2-user/data/topics/1602 675
@/home/ec2-user/data/topics/1686 676
@/home/ec2-user/data/topics/2105 677
@/home/ec2-user/data/topics/1233 678
@/home/ec2-user/data/topics/1967 679
@/home/ec2-user/data/topics/2037 680
富士ゼロックス株式会社

@/home/ec2-user/data/topics/3662 681
@/home/ec2-user/data/topics/3661 681
@/home/ec2-user/data/topics/3640 682
@/home/ec2-user/data/topics/4108 683
@/home/ec2-user/data/topics/1560 684
@/home/ec2-user/data/topics/3366 685
@/home/ec2-user/data/topics/1947 686
@/home/ec2-user/data/topics/3473 687
@/home/ec2-user/data/topics/3782 688
@/home/ec2-user/data/topics/3695 689
@/home/ec2-user/data/topics/3383 690
@/home/ec2-user/data/topics/3564 691
@/home/ec2-user/data/topics/3790 692
@/home/ec2-user/data/topics/3407 693
@/home/ec2-user/data/topics/5031 694
住友金属工業株式会社

@/home/ec2-user/data/topics/3826 695
@/home/ec2-user/data/topics/4021 695
@/home/ec2-user/data/topics/4534 696
@/home/ec2-user/data/topics/4182 697
@/home/ec2-user/data/topics/4991 698
@/home/ec2-user/data/topics/1268 699
@/home/ec2-user/data/topics/4295 700
@/home/ec2-user/data/topics/4661 701
@/home/ec2-user/data/topics/3655 702
@/home/ec2-user/data/topics/4322 703
@/home/ec2-user/data/topics/4733 704
@/home/ec2-user/data/topics/3577 705
日立電線株式会社

@/home/ec2-user/data/topics/3930 706
@/home/ec2-user/data/topics/1305 706
@/home/ec2-user/data/topics/3756 707
@/home/ec2-user/data/topics/1388 708
@/home/ec2-user/data/topics/1117 709
@/home/ec2-user/data/topics/4329 710
@/home/ec2-user/data/topics/1027 711
@/home/ec2-user/data/topics/4357 712
@/home/ec2-user/data/topics/4356 713
キヤノン株式会社

@/home/ec2-user/data/topics/1438 714
@/home/ec2-user/data/topics/1590 714
@/home/ec2-user/data/topics/1228 715
@/home/ec2-user/data/topics/1631 716
@/home/ec2-user/data/topics/1519 717
@/home/ec2-user/data/topics/1124 718
@/home/ec2-user/data/topics/1975 719
@/home/ec2-user/data/topics/1895 720
@/home/ec2-user/data/topics/1208 721
@/home/ec2-user/data/topics/1889 722
@/home/ec2-user/data/topics/1847 723
@/home/ec2-user/data/topics/3996 724
@/home/ec2-user/data/topics/3417 725
@/home/ec2-user/data/topics/3755 726
@/home/ec2-user/data/topics/3374 727
@/home/ec2-user/data/topics/2243 728
@/home/ec2-user/data/topics/4363 729
@/home/ec2-user/data/topics/4068 730
@/home/ec2-user/data/topics/4350 731
@/home/ec2-user/data/topics/1216 732
@/home/ec2-user/data/topics/4628 733
@/home/ec2-user/data/topics/4610 734
@/home/ec2-user/data/topics/1539 735
@/home/ec2-user/data/topics/3445 736
@/home/ec2-user/data/topics/4520 737
@/home/ec2-user/data/topics/2053 738
@/home/ec2-user/data/topics/4054 739
@/home/ec2-user/data/topics/3949 740
@/home/ec2-user/data/topics/3737 741
@/home/ec2-user/data/topics/3958 742
@/home/ec2-user/data/topics/3438 743
@/home/ec2-user/data/topics/2145 744
@/home/ec2-user/data/topics/3376 745
@/home/ec2-user/data/topics/3660 746
@/home/ec2-user/data/topics/3720 747
@/home/ec2-user/data/topics/3843 748
@/home/ec2-user/data/topics/4937 749
@/home/ec2-user/data/topics/3415 750
@/home/ec2-user/data/topics/4521 751
@/home/ec2-user/data/topics/3730 752
@/home/ec2-user/data/topics/4020 753
@/home/ec2-user/data/topics/3420 754
@/home/ec2-user/data/topics/1866 755
@/home/ec2-user/data/topics/1118 756
@/home/ec2-user/data/topics/1848 757
@/home/ec2-user/data/topics/3434 758
@/home/ec2-user/data/topics/1568 759
@/home/ec2-user/data/topics/3454 760
@/home/ec2-user/data/topics/3852 761
@/home/ec2-user/data/topics/3642 762
@/home/ec2-user/data/topics/3967 763
@/home/ec2-user/data/topics/1646 764
@/home/ec2-user/data/topics/4948 765
@/home/ec2-user/data/topics/1080 766
@/home/ec2-user/data/topics/1802 767
@/home/ec2-user/data/topics/3410 768
@/home/ec2-user/data/topics/1455 769
@/home/ec2-user/data/topics/3416 770
@/home/ec2-user/data/topics/1745 771
@/home/ec2-user/data/topics/1513 772
@/home/ec2-user/data/topics/1961 773
@/home/ec2-user/data/topics/1744 774
@/home/ec2-user/data/topics/2107 775
@/home/ec2-user/data/topics/2117 776
@/home/ec2-user/data/topics/3430 777
@/home/ec2-user/data/topics/2004 778
@/home/ec2-user/data/topics/3441 779
@/home/ec2-user/data/topics/2231 780
@/home/ec2-user/data/topics/4947 781
@/home/ec2-user/data/topics/3628 782
@/home/ec2-user/data/topics/3722 783
@/home/ec2-user/data/topics/3656 784
@/home/ec2-user/data/topics/1790 785
三洋電機株式会社

@/home/ec2-user/data/topics/4304 786
@/home/ec2-user/data/topics/4178 786
@/home/ec2-user/data/topics/1451 787
@/home/ec2-user/data/topics/2054 788
@/home/ec2-user/data/topics/4301 789
@/home/ec2-user/data/topics/3625 790
@/home/ec2-user/data/topics/3681 791
@/home/ec2-user/data/topics/2071 792
@/home/ec2-user/data/topics/1980 793
@/home/ec2-user/data/topics/3403 794
@/home/ec2-user/data/topics/4763 795
@/home/ec2-user/data/topics/4492 796
@/home/ec2-user/data/topics/4376 797
@/home/ec2-user/data/topics/3859 798
@/home/ec2-user/data/topics/4015 799
@/home/ec2-user/data/topics/3986 800
@/home/ec2-user/data/topics/4720 801
@/home/ec2-user/data/topics/3781 802
@/home/ec2-user/data/topics/3539 803
@/home/ec2-user/data/topics/3808 804
@/home/ec2-user/data/topics/3754 805
@/home/ec2-user/data/topics/3889 806
@/home/ec2-user/data/topics/1515 807
@/home/ec2-user/data/topics/3830 808
@/home/ec2-user/data/topics/4654 809
@/home/ec2-user/data/topics/4060 810
@/home/ec2-user/data/topics/2098 811
@/home/ec2-user/data/topics/1079 812
@/home/ec2-user/data/topics/3845 813
@/home/ec2-user/data/topics/2194 814
@/home/ec2-user/data/topics/2230 815
@/home/ec2-user/data/topics/1652 816
@/home/ec2-user/data/topics/3817 817
@/home/ec2-user/data/topics/4039 818
@/home/ec2-user/data/topics/3398 819
@/home/ec2-user/data/topics/3804 820
@/home/ec2-user/data/topics/4099 821
@/home/ec2-user/data/topics/4960 822
@/home/ec2-user/data/topics/3491 823
@/home/ec2-user/data/topics/4384 824
@/home/ec2-user/data/topics/4837 825
@/home/ec2-user/data/topics/4001 826
@/home/ec2-user/data/topics/3974 827
@/home/ec2-user/data/topics/1321 828
@/home/ec2-user/data/topics/1653 829
@/home/ec2-user/data/topics/3708 830
@/home/ec2-user/data/topics/4066 831
@/home/ec2-user/data/topics/4474 832
@/home/ec2-user/data/topics/1479 833
@/home/ec2-user/data/topics/1722 834
@/home/ec2-user/data/topics/3906 835
@/home/ec2-user/data/topics/2014 836
@/home/ec2-user/data/topics/2063 837
@/home/ec2-user/data/topics/4604 838
@/home/ec2-user/data/topics/3926 839
@/home/ec2-user/data/topics/4726 840
@/home/ec2-user/data/topics/4179 841
@/home/ec2-user/data/topics/1246 842
@/home/ec2-user/data/topics/5011 843
@/home/ec2-user/data/topics/4527 844
@/home/ec2-user/data/topics/5002 845
@/home/ec2-user/data/topics/4788 846
@/home/ec2-user/data/topics/4978 847
@/home/ec2-user/data/topics/4983 848
@/home/ec2-user/data/topics/4571 849
@/home/ec2-user/data/topics/3492 850
@/home/ec2-user/data/topics/4612 851
@/home/ec2-user/data/topics/3581 852
@/home/ec2-user/data/topics/1163 853
@/home/ec2-user/data/topics/1671 854
@/home/ec2-user/data/topics/4061 855
@/home/ec2-user/data/topics/1289 856
@/home/ec2-user/data/topics/1488 857
@/home/ec2-user/data/topics/1386 858
@/home/ec2-user/data/topics/3953 859
@/home/ec2-user/data/topics/4212 860
@/home/ec2-user/data/topics/4328 861
@/home/ec2-user/data/topics/4679 862
@/home/ec2-user/data/topics/4150 863
三菱電機株式会社

@/home/ec2-user/data/topics/4562 864
@/home/ec2-user/data/topics/1110 864
@/home/ec2-user/data/topics/3595 865
@/home/ec2-user/data/topics/3592 866
@/home/ec2-user/data/topics/4552 867
@/home/ec2-user/data/topics/1792 868
@/home/ec2-user/data/topics/4235 869
@/home/ec2-user/data/topics/4514 870
@/home/ec2-user/data/topics/3453 871
@/home/ec2-user/data/topics/4663 872
@/home/ec2-user/data/topics/4834 873
@/home/ec2-user/data/topics/4282 874
@/home/ec2-user/data/topics/3666 875
@/home/ec2-user/data/topics/4133 876
@/home/ec2-user/data/topics/3465 877
@/home/ec2-user/data/topics/3747 878
@/home/ec2-user/data/topics/3466 879
@/home/ec2-user/data/topics/1220 880
@/home/ec2-user/data/topics/3616 881
@/home/ec2-user/data/topics/3409 882
@/home/ec2-user/data/topics/4149 883
@/home/ec2-user/data/topics/1872 884
@/home/ec2-user/data/topics/3820 885
@/home/ec2-user/data/topics/3856 886
@/home/ec2-user/data/topics/3469 887
@/home/ec2-user/data/topics/4221 888
@/home/ec2-user/data/topics/3963 889
@/home/ec2-user/data/topics/4220 890
@/home/ec2-user/data/topics/5033 891
@/home/ec2-user/data/topics/4305 892
@/home/ec2-user/data/topics/4880 893
@/home/ec2-user/data/topics/3921 894
@/home/ec2-user/data/topics/4980 895
@/home/ec2-user/data/topics/4518 896
@/home/ec2-user/data/topics/3609 897
@/home/ec2-user/data/topics/4233 898
@/home/ec2-user/data/topics/1536 899
@/home/ec2-user/data/topics/4181 900
@/home/ec2-user/data/topics/4041 901
@/home/ec2-user/data/topics/3451 902
@/home/ec2-user/data/topics/2146 903
@/home/ec2-user/data/topics/3612 904
@/home/ec2-user/data/topics/3397 905
@/home/ec2-user/data/topics/3841 906
@/home/ec2-user/data/topics/3774 907
@/home/ec2-user/data/topics/4076 908
@/home/ec2-user/data/topics/3506 909
@/home/ec2-user/data/topics/4614 910
@/home/ec2-user/data/topics/5032 911
@/home/ec2-user/data/topics/4419 912
@/home/ec2-user/data/topics/1754 913
@/home/ec2-user/data/topics/1738 914
@/home/ec2-user/data/topics/4047 915
@/home/ec2-user/data/topics/3800 916
@/home/ec2-user/data/topics/3412 917
@/home/ec2-user/data/topics/3493 918
@/home/ec2-user/data/topics/3490 919
@/home/ec2-user/data/topics/3873 920
住友ゴム工業株式会社

@/home/ec2-user/data/topics/4597 921
@/home/ec2-user/data/topics/4048 921
@/home/ec2-user/data/topics/4568 922
@/home/ec2-user/data/topics/4406 923
@/home/ec2-user/data/topics/1758 924
@/home/ec2-user/data/topics/1114 925
@/home/ec2-user/data/topics/2007 926
セイコーエプソン株式会社

@/home/ec2-user/data/topics/4022 927
@/home/ec2-user/data/topics/1890 927
@/home/ec2-user/data/topics/4454 928
@/home/ec2-user/data/topics/2165 929
@/home/ec2-user/data/topics/3819 930
@/home/ec2-user/data/topics/4585 931
@/home/ec2-user/data/topics/2078 932
@/home/ec2-user/data/topics/1938 933
@/home/ec2-user/data/topics/4605 934
@/home/ec2-user/data/topics/3361 935
@/home/ec2-user/data/topics/1484 936
@/home/ec2-user/data/topics/3476 937
@/home/ec2-user/data/topics/4802 938
@/home/ec2-user/data/topics/1378 939
@/home/ec2-user/data/topics/3887 940
@/home/ec2-user/data/topics/1641 941
@/home/ec2-user/data/topics/3910 942
@/home/ec2-user/data/topics/1423 943
@/home/ec2-user/data/topics/4719 944
@/home/ec2-user/data/topics/4109 945
@/home/ec2-user/data/topics/3985 946
@/home/ec2-user/data/topics/4386 947
@/home/ec2-user/data/topics/3589 948
@/home/ec2-user/data/topics/1343 949
@/home/ec2-user/data/topics/4801 950
@/home/ec2-user/data/topics/3505 951
株式会社三共

@/home/ec2-user/data/topics/4868 952
@/home/ec2-user/data/topics/1665 952
@/home/ec2-user/data/topics/1377 953
@/home/ec2-user/data/topics/1189 954
@/home/ec2-user/data/topics/4374 955
@/home/ec2-user/data/topics/1648 956
@/home/ec2-user/data/topics/2123 957
@/home/ec2-user/data/topics/2060 958
@/home/ec2-user/data/topics/1086 959
沖電気工業株式会社

@/home/ec2-user/data/topics/3690 960
@/home/ec2-user/data/topics/4575 960
@/home/ec2-user/data/topics/3457 961
@/home/ec2-user/data/topics/3964 962
@/home/ec2-user/data/topics/4693 963
@/home/ec2-user/data/topics/3395 964
@/home/ec2-user/data/topics/3571 965
@/home/ec2-user/data/topics/3433 966
@/home/ec2-user/data/topics/3621 967
@/home/ec2-user/data/topics/1188 968
@/home/ec2-user/data/topics/3764 969
@/home/ec2-user/data/topics/4308 970
@/home/ec2-user/data/topics/4299 971
@/home/ec2-user/data/topics/1531 972
株式会社三星

@/home/ec2-user/data/topics/1260 973
@/home/ec2-user/data/topics/3942 973
@/home/ec2-user/data/topics/2108 974
@/home/ec2-user/data/topics/1728 975
@/home/ec2-user/data/topics/1733 976
@/home/ec2-user/data/topics/2198 977
日本ビクター株式会社

@/home/ec2-user/data/topics/1389 978
@/home/ec2-user/data/topics/3620 978
@/home/ec2-user/data/topics/4123 979
@/home/ec2-user/data/topics/1520 980
@/home/ec2-user/data/topics/3603 981
@/home/ec2-user/data/topics/1440 982
@/home/ec2-user/data/topics/4672 983
@/home/ec2-user/data/topics/4056 984
@/home/ec2-user/data/topics/1823 985
@/home/ec2-user/data/topics/3882 986
@/home/ec2-user/data/topics/3939 987
花王株式会社

@/home/ec2-user/data/topics/1196 988
@/home/ec2-user/data/topics/1022 988
@/home/ec2-user/data/topics/2214 989
@/home/ec2-user/data/topics/3812 990
@/home/ec2-user/data/topics/4249 991
@/home/ec2-user/data/topics/4827 992
@/home/ec2-user/data/topics/4211 993
@/home/ec2-user/data/topics/4287 994
@/home/ec2-user/data/topics/3753 995
@/home/ec2-user/data/topics/3884 996
@/home/ec2-user/data/topics/4445 997
@/home/ec2-user/data/topics/3999 998
@/home/ec2-user/data/topics/1767 999
三田工業株式会社

@/home/ec2-user/data/topics/3923 1000
@/home/ec2-user/data/topics/2155 1000
@/home/ec2-user/data/topics/1034 1001
@/home/ec2-user/data/topics/3604 1002
@/home/ec2-user/data/topics/2136 1003
@/home/ec2-user/data/topics/1269 1004
@/home/ec2-user/data/topics/3842 1005
@/home/ec2-user/data/topics/1033 1006
@/home/ec2-user/data/topics/1766 1007
豊丸産業株式会社

@/home/ec2-user/data/topics/1284 1008
@/home/ec2-user/data/topics/3672 1008
@/home/ec2-user/data/topics/1677 1009
@/home/ec2-user/data/topics/1726 1010
@/home/ec2-user/data/topics/2011 1011
@/home/ec2-user/data/topics/1914 1012
@/home/ec2-user/data/topics/1401 1013
@/home/ec2-user/data/topics/4847 1014
@/home/ec2-user/data/topics/1097 1015
@/home/ec2-user/data/topics/1713 1016
@/home/ec2-user/data/topics/1138 1017
@/home/ec2-user/data/topics/2169 1018
@/home/ec2-user/data/topics/1126 1019
@/home/ec2-user/data/topics/1353 1020
@/home/ec2-user/data/topics/1588 1021
鐘紡株式会社

@/home/ec2-user/data/topics/2185 1022
@/home/ec2-user/data/topics/4195 1022
@/home/ec2-user/data/topics/3634 1023
@/home/ec2-user/data/topics/3560 1024
@/home/ec2-user/data/topics/1901 1025
@/home/ec2-user/data/topics/1842 1026
@/home/ec2-user/data/topics/1870 1027
@/home/ec2-user/data/topics/1178 1028
@/home/ec2-user/data/topics/1304 1029
@/home/ec2-user/data/topics/3566 1030
@/home/ec2-user/data/topics/1054 1031
@/home/ec2-user/data/topics/2223 1032
@/home/ec2-user/data/topics/1367 1033
@/home/ec2-user/data/topics/2034 1034
@/home/ec2-user/data/topics/1886 1035
@/home/ec2-user/data/topics/3551 1036
株式会社デンソー

@/home/ec2-user/data/topics/4622 1037
@/home/ec2-user/data/topics/4656 1037
@/home/ec2-user/data/topics/3710 1038
@/home/ec2-user/data/topics/4164 1039
@/home/ec2-user/data/topics/4046 1040
@/home/ec2-user/data/topics/1855 1041
@/home/ec2-user/data/topics/4423 1042
@/home/ec2-user/data/topics/3421 1043
@/home/ec2-user/data/topics/3480 1044
@/home/ec2-user/data/topics/4675 1045
@/home/ec2-user/data/topics/4483 1046
@/home/ec2-user/data/topics/4840 1047
@/home/ec2-user/data/topics/3406 1048
@/home/ec2-user/data/topics/4805 1049
@/home/ec2-user/data/topics/1028 1050
@/home/ec2-user/data/topics/4024 1051
@/home/ec2-user/data/topics/4498 1052
富士写真フイルム株式会社

@/home/ec2-user/data/topics/1244 1053
@/home/ec2-user/data/topics/3447 1053
@/home/ec2-user/data/topics/3857 1054
@/home/ec2-user/data/topics/1603 1055
@/home/ec2-user/data/topics/2134 1056
@/home/ec2-user/data/topics/3918 1057
@/home/ec2-user/data/topics/3354 1058
@/home/ec2-user/data/topics/3911 1059
@/home/ec2-user/data/topics/4962 1060
@/home/ec2-user/data/topics/1570 1061
@/home/ec2-user/data/topics/1662 1062
京セラ株式会社

@/home/ec2-user/data/topics/1708 1063
@/home/ec2-user/data/topics/3869 1063
@/home/ec2-user/data/topics/4340 1064
@/home/ec2-user/data/topics/4513 1065
@/home/ec2-user/data/topics/3615 1066
@/home/ec2-user/data/topics/3741 1067
@/home/ec2-user/data/topics/1485 1068
@/home/ec2-user/data/topics/1913 1069
@/home/ec2-user/data/topics/4901 1070
@/home/ec2-user/data/topics/4031 1071
@/home/ec2-user/data/topics/1741 1072
@/home/ec2-user/data/topics/3593 1073
イビデン株式会社

@/home/ec2-user/data/topics/1952 1074
@/home/ec2-user/data/topics/1336 1074
@/home/ec2-user/data/topics/3814 1075
@/home/ec2-user/data/topics/1682 1076
@/home/ec2-user/data/topics/1315 1077
@/home/ec2-user/data/topics/1770 1078
@/home/ec2-user/data/topics/2033 1079
株式会社東芝

@/home/ec2-user/data/topics/4302 1080
@/home/ec2-user/data/topics/3360 1080
@/home/ec2-user/data/topics/3834 1081
@/home/ec2-user/data/topics/4912 1082
@/home/ec2-user/data/topics/3795 1083
@/home/ec2-user/data/topics/4935 1084
@/home/ec2-user/data/topics/4057 1085
@/home/ec2-user/data/topics/4140 1086
@/home/ec2-user/data/topics/4292 1087
@/home/ec2-user/data/topics/3851 1088
@/home/ec2-user/data/topics/3990 1089
@/home/ec2-user/data/topics/4535 1090
@/home/ec2-user/data/topics/3689 1091
@/home/ec2-user/data/topics/4197 1092
@/home/ec2-user/data/topics/4594 1093
@/home/ec2-user/data/topics/4381 1094
@/home/ec2-user/data/topics/3683 1095
@/home/ec2-user/data/topics/4751 1096
@/home/ec2-user/data/topics/4623 1097
@/home/ec2-user/data/topics/4755 1098
@/home/ec2-user/data/topics/1205 1099
@/home/ec2-user/data/topics/4509 1100
@/home/ec2-user/data/topics/4165 1101
@/home/ec2-user/data/topics/3734 1102
@/home/ec2-user/data/topics/3352 1103
@/home/ec2-user/data/topics/1819 1104
@/home/ec2-user/data/topics/4842 1105
@/home/ec2-user/data/topics/3780 1106
@/home/ec2-user/data/topics/4631 1107
@/home/ec2-user/data/topics/4096 1108
@/home/ec2-user/data/topics/4361 1109
@/home/ec2-user/data/topics/1997 1110
@/home/ec2-user/data/topics/4566 1111
@/home/ec2-user/data/topics/4172 1112
@/home/ec2-user/data/topics/4881 1113
@/home/ec2-user/data/topics/3988 1114
@/home/ec2-user/data/topics/4009 1115
@/home/ec2-user/data/topics/3881 1116
@/home/ec2-user/data/topics/3890 1117
@/home/ec2-user/data/topics/1756 1118
@/home/ec2-user/data/topics/4863 1119
@/home/ec2-user/data/topics/1332 1120
@/home/ec2-user/data/topics/1585 1121
@/home/ec2-user/data/topics/4336 1122
@/home/ec2-user/data/topics/3542 1123
@/home/ec2-user/data/topics/4183 1124
@/home/ec2-user/data/topics/3618 1125
@/home/ec2-user/data/topics/3351 1126
@/home/ec2-user/data/topics/2241 1127
@/home/ec2-user/data/topics/1090 1128
@/home/ec2-user/data/topics/1757 1129
@/home/ec2-user/data/topics/3688 1130
@/home/ec2-user/data/topics/3462 1131
@/home/ec2-user/data/topics/3363 1132
@/home/ec2-user/data/topics/4089 1133
@/home/ec2-user/data/topics/3380 1134
@/home/ec2-user/data/topics/1132 1135
@/home/ec2-user/data/topics/3948 1136
@/home/ec2-user/data/topics/3716 1137
@/home/ec2-user/data/topics/3732 1138
@/home/ec2-user/data/topics/3598 1139
ヤマハ株式会社

@/home/ec2-user/data/topics/4954 1140
@/home/ec2-user/data/topics/4145 1140
@/home/ec2-user/data/topics/4177 1141
@/home/ec2-user/data/topics/1911 1142
@/home/ec2-user/data/topics/1676 1143
@/home/ec2-user/data/topics/1720 1144
@/home/ec2-user/data/topics/3972 1145
@/home/ec2-user/data/topics/4125 1146
@/home/ec2-user/data/topics/4919 1147
@/home/ec2-user/data/topics/1443 1148
@/home/ec2-user/data/topics/4010 1149
@/home/ec2-user/data/topics/4045 1150
@/home/ec2-user/data/topics/4084 1151
東洋紡績株式会社

@/home/ec2-user/data/topics/3769 1152
@/home/ec2-user/data/topics/1029 1152
@/home/ec2-user/data/topics/4362 1153
@/home/ec2-user/data/topics/1613 1154
@/home/ec2-user/data/topics/4366 1155
@/home/ec2-user/data/topics/4284 1156
三菱化学株式会社

@/home/ec2-user/data/topics/1902 1157
@/home/ec2-user/data/topics/3513 1157
@/home/ec2-user/data/topics/3638 1158
@/home/ec2-user/data/topics/1197 1159
@/home/ec2-user/data/topics/3458 1160
@/home/ec2-user/data/topics/1699 1161
カシオ計算機株式会社

@/home/ec2-user/data/topics/1794 1162
@/home/ec2-user/data/topics/1047 1162
@/home/ec2-user/data/topics/1368 1163
@/home/ec2-user/data/topics/1535 1164
@/home/ec2-user/data/topics/3391 1165
@/home/ec2-user/data/topics/2180 1166
@/home/ec2-user/data/topics/2237 1167
@/home/ec2-user/data/topics/1235 1168
コナミ株式会社

@/home/ec2-user/data/topics/2151 1169
@/home/ec2-user/data/topics/4681 1169
@/home/ec2-user/data/topics/1302 1170
@/home/ec2-user/data/topics/1672 1171
@/home/ec2-user/data/topics/4602 1172
@/home/ec2-user/data/topics/2100 1173
@/home/ec2-user/data/topics/5015 1174
@/home/ec2-user/data/topics/1621 1175
大日本スクリーン製造株式会社

@/home/ec2-user/data/topics/1779 1176
@/home/ec2-user/data/topics/1173 1176
@/home/ec2-user/data/topics/2172 1177
@/home/ec2-user/data/topics/1608 1178
@/home/ec2-user/data/topics/2209 1179
@/home/ec2-user/data/topics/1130 1180
@/home/ec2-user/data/topics/3742 1181
オムロン株式会社

@/home/ec2-user/data/topics/3748 1182
@/home/ec2-user/data/topics/4771 1182
@/home/ec2-user/data/topics/1657 1183
@/home/ec2-user/data/topics/3700 1184
@/home/ec2-user/data/topics/1135 1185
@/home/ec2-user/data/topics/1841 1186
@/home/ec2-user/data/topics/1151 1187
@/home/ec2-user/data/topics/1067 1188
@/home/ec2-user/data/topics/2096 1189
@/home/ec2-user/data/topics/1579 1190
@/home/ec2-user/data/topics/3597 1191
@/home/ec2-user/data/topics/1533 1192
@/home/ec2-user/data/topics/3594 1193
@/home/ec2-user/data/topics/3863 1194
@/home/ec2-user/data/topics/1933 1195
株式会社日立製作所

@/home/ec2-user/data/topics/3440 1196
@/home/ec2-user/data/topics/4489 1196
@/home/ec2-user/data/topics/5029 1197
@/home/ec2-user/data/topics/3599 1198
@/home/ec2-user/data/topics/3822 1199
@/home/ec2-user/data/topics/4058 1200
@/home/ec2-user/data/topics/1693 1201
@/home/ec2-user/data/topics/1640 1202
@/home/ec2-user/data/topics/2239 1203
@/home/ec2-user/data/topics/1296 1204
@/home/ec2-user/data/topics/1278 1205
@/home/ec2-user/data/topics/3968 1206
@/home/ec2-user/data/topics/1833 1207
@/home/ec2-user/data/topics/3772 1208
@/home/ec2-user/data/topics/4122 1209
@/home/ec2-user/data/topics/3588 1210
@/home/ec2-user/data/topics/1825 1211
@/home/ec2-user/data/topics/1082 1212
@/home/ec2-user/data/topics/4420 1213
@/home/ec2-user/data/topics/3531 1214
@/home/ec2-user/data/topics/1334 1215
@/home/ec2-user/data/topics/1562 1216
@/home/ec2-user/data/topics/1105 1217
@/home/ec2-user/data/topics/3965 1218
@/home/ec2-user/data/topics/3439 1219
@/home/ec2-user/data/topics/4621 1220
@/home/ec2-user/data/topics/3384 1221
@/home/ec2-user/data/topics/1249 1222
@/home/ec2-user/data/topics/3432 1223
@/home/ec2-user/data/topics/1880 1224
@/home/ec2-user/data/topics/3350 1225
@/home/ec2-user/data/topics/1826 1226
@/home/ec2-user/data/topics/3488 1227
@/home/ec2-user/data/topics/2184 1228
@/home/ec2-user/data/topics/4402 1229
@/home/ec2-user/data/topics/2019 1230
@/home/ec2-user/data/topics/1501 1231
@/home/ec2-user/data/topics/3973 1232
@/home/ec2-user/data/topics/1463 1233
@/home/ec2-user/data/topics/4545 1234
@/home/ec2-user/data/topics/1072 1235
@/home/ec2-user/data/topics/4559 1236
@/home/ec2-user/data/topics/3471 1237
@/home/ec2-user/data/topics/4799 1238
@/home/ec2-user/data/topics/2081 1239
@/home/ec2-user/data/topics/4830 1240
@/home/ec2-user/data/topics/1247 1241
@/home/ec2-user/data/topics/1651 1242
@/home/ec2-user/data/topics/1882 1243
@/home/ec2-user/data/topics/3994 1244
@/home/ec2-user/data/topics/3648 1245
@/home/ec2-user/data/topics/4401 1246
@/home/ec2-user/data/topics/3993 1247
@/home/ec2-user/data/topics/3596 1248
@/home/ec2-user/data/topics/3779 1249
@/home/ec2-user/data/topics/4493 1250
@/home/ec2-user/data/topics/5030 1251
@/home/ec2-user/data/topics/1667 1252
@/home/ec2-user/data/topics/3659 1253
@/home/ec2-user/data/topics/4990 1254
@/home/ec2-user/data/topics/4166 1255
@/home/ec2-user/data/topics/4551 1256
@/home/ec2-user/data/topics/3665 1257
@/home/ec2-user/data/topics/3524 1258
@/home/ec2-user/data/topics/1340 1259
@/home/ec2-user/data/topics/1987 1260
@/home/ec2-user/data/topics/3706 1261
@/home/ec2-user/data/topics/4040 1262
@/home/ec2-user/data/topics/4547 1263
@/home/ec2-user/data/topics/3570 1264
@/home/ec2-user/data/topics/1487 1265
@/home/ec2-user/data/topics/4943 1266
@/home/ec2-user/data/topics/3691 1267
@/home/ec2-user/data/topics/3461 1268
凸版印刷株式会社

@/home/ec2-user/data/topics/4874 1269
@/home/ec2-user/data/topics/1091 1269
@/home/ec2-user/data/topics/3624 1270
@/home/ec2-user/data/topics/1765 1271
@/home/ec2-user/data/topics/3500 1272
@/home/ec2-user/data/topics/1977 1273
@/home/ec2-user/data/topics/3526 1274
株式会社ノーリツ

@/home/ec2-user/data/topics/1618 1275
@/home/ec2-user/data/topics/1598 1275
@/home/ec2-user/data/topics/4776 1276
@/home/ec2-user/data/topics/1290 1277
@/home/ec2-user/data/topics/2116 1278
@/home/ec2-user/data/topics/4354 1279
@/home/ec2-user/data/topics/4206 1280
@/home/ec2-user/data/topics/1760 1281
川崎重工業株式会社

@/home/ec2-user/data/topics/4756 1282
@/home/ec2-user/data/topics/4793 1282
@/home/ec2-user/data/topics/4572 1283
@/home/ec2-user/data/topics/5025 1284
@/home/ec2-user/data/topics/1162 1285
@/home/ec2-user/data/topics/1172 1286
@/home/ec2-user/data/topics/4866 1287
@/home/ec2-user/data/topics/4944 1288
ティーディーケイ株式会社

@/home/ec2-user/data/topics/2202 1289
@/home/ec2-user/data/topics/2210 1289
@/home/ec2-user/data/topics/1409 1290
@/home/ec2-user/data/topics/3792 1291
@/home/ec2-user/data/topics/4619 1292
@/home/ec2-user/data/topics/1129 1293
@/home/ec2-user/data/topics/1510 1294
@/home/ec2-user/data/topics/3909 1295
@/home/ec2-user/data/topics/3798 1296
京セラミタ株式会社

@/home/ec2-user/data/topics/4564 1297
@/home/ec2-user/data/topics/2141 1297
@/home/ec2-user/data/topics/1032 1298
@/home/ec2-user/data/topics/1930 1299
@/home/ec2-user/data/topics/4973 1300
@/home/ec2-user/data/topics/4985 1301
@/home/ec2-user/data/topics/4174 1302
株式会社クボタ

@/home/ec2-user/data/topics/4251 1303
@/home/ec2-user/data/topics/3854 1303
@/home/ec2-user/data/topics/4745 1304
@/home/ec2-user/data/topics/1448 1305
@/home/ec2-user/data/topics/1012 1306
@/home/ec2-user/data/topics/1734 1307
@/home/ec2-user/data/topics/1280 1308
@/home/ec2-user/data/topics/4379 1309
@/home/ec2-user/data/topics/3919 1310
@/home/ec2-user/data/topics/3823 1311
シャープ株式会社

@/home/ec2-user/data/topics/1804 1312
@/home/ec2-user/data/topics/3871 1312
@/home/ec2-user/data/topics/4173 1313
@/home/ec2-user/data/topics/2084 1314
@/home/ec2-user/data/topics/3679 1315
@/home/ec2-user/data/topics/4124 1316
@/home/ec2-user/data/topics/4127 1317
@/home/ec2-user/data/topics/4583 1318
@/home/ec2-user/data/topics/1965 1319
@/home/ec2-user/data/topics/1970 1320
@/home/ec2-user/data/topics/3649 1321
@/home/ec2-user/data/topics/4005 1322
@/home/ec2-user/data/topics/3941 1323
@/home/ec2-user/data/topics/3610 1324
@/home/ec2-user/data/topics/4469 1325
@/home/ec2-user/data/topics/4228 1326
@/home/ec2-user/data/topics/4648 1327
@/home/ec2-user/data/topics/3678 1328
@/home/ec2-user/data/topics/1209 1329
@/home/ec2-user/data/topics/3673 1330
@/home/ec2-user/data/topics/4691 1331
@/home/ec2-user/data/topics/3957 1332
@/home/ec2-user/data/topics/3777 1333
@/home/ec2-user/data/topics/3981 1334
@/home/ec2-user/data/topics/1349 1335
@/home/ec2-user/data/topics/3895 1336
@/home/ec2-user/data/topics/3858 1337
@/home/ec2-user/data/topics/3606 1338
@/home/ec2-user/data/topics/1318 1339
@/home/ec2-user/data/topics/3450 1340
@/home/ec2-user/data/topics/3855 1341
@/home/ec2-user/data/topics/4095 1342
@/home/ec2-user/data/topics/1396 1343
@/home/ec2-user/data/topics/1288 1344
@/home/ec2-user/data/topics/3452 1345
@/home/ec2-user/data/topics/3813 1346
@/home/ec2-user/data/topics/4113 1347
@/home/ec2-user/data/topics/4245 1348
@/home/ec2-user/data/topics/1258 1349
@/home/ec2-user/data/topics/1154 1350
@/home/ec2-user/data/topics/3578 1351
@/home/ec2-user/data/topics/1419 1352
@/home/ec2-user/data/topics/1685 1353
@/home/ec2-user/data/topics/3793 1354
@/home/ec2-user/data/topics/2118 1355
@/home/ec2-user/data/topics/4019 1356
@/home/ec2-user/data/topics/4252 1357
@/home/ec2-user/data/topics/4519 1358
@/home/ec2-user/data/topics/4256 1359
@/home/ec2-user/data/topics/4861 1360
@/home/ec2-user/data/topics/4103 1361
@/home/ec2-user/data/topics/4717 1362
@/home/ec2-user/data/topics/1431 1363
@/home/ec2-user/data/topics/3832 1364
@/home/ec2-user/data/topics/1840 1365
@/home/ec2-user/data/topics/1563 1366
@/home/ec2-user/data/topics/3760 1367
@/home/ec2-user/data/topics/3422 1368
@/home/ec2-user/data/topics/3698 1369
@/home/ec2-user/data/topics/4230 1370
@/home/ec2-user/data/topics/3537 1371
@/home/ec2-user/data/topics/3776 1372
@/home/ec2-user/data/topics/4782 1373
@/home/ec2-user/data/topics/3978 1374
@/home/ec2-user/data/topics/1174 1375
@/home/ec2-user/data/topics/3762 1376
@/home/ec2-user/data/topics/4105 1377
@/home/ec2-user/data/topics/4323 1378
@/home/ec2-user/data/topics/4683 1379
@/home/ec2-user/data/topics/4214 1380
@/home/ec2-user/data/topics/4263 1381
@/home/ec2-user/data/topics/2087 1382
@/home/ec2-user/data/topics/3966 1383
@/home/ec2-user/data/topics/4152 1384
@/home/ec2-user/data/topics/4430 1385
@/home/ec2-user/data/topics/2020 1386
@/home/ec2-user/data/topics/4744 1387
@/home/ec2-user/data/topics/4349 1388
@/home/ec2-user/data/topics/1561 1389
@/home/ec2-user/data/topics/1384 1390
@/home/ec2-user/data/topics/4516 1391
日本輸送機株式会社

@/home/ec2-user/data/topics/2221 1392
@/home/ec2-user/data/topics/3573 1392
@/home/ec2-user/data/topics/1456 1393
@/home/ec2-user/data/topics/1940 1394
@/home/ec2-user/data/topics/1108 1395
@/home/ec2-user/data/topics/1493 1396
@/home/ec2-user/data/topics/2065 1397
@/home/ec2-user/data/topics/1191 1398
東京エレクトロン株式会社

@/home/ec2-user/data/topics/3947 1399
@/home/ec2-user/data/topics/4618 1399
@/home/ec2-user/data/topics/1800 1400
@/home/ec2-user/data/topics/1508 1401
@/home/ec2-user/data/topics/4906 1402
@/home/ec2-user/data/topics/1736 1403
@/home/ec2-user/data/topics/4002 1404
@/home/ec2-user/data/topics/1263 1405
@/home/ec2-user/data/topics/4702 1406
@/home/ec2-user/data/topics/4023 1407
@/home/ec2-user/data/topics/4053 1408
@/home/ec2-user/data/topics/4345 1409
株式会社村田製作所

@/home/ec2-user/data/topics/4271 1410
@/home/ec2-user/data/topics/4163 1410
@/home/ec2-user/data/topics/4417 1411
@/home/ec2-user/data/topics/3885 1412
@/home/ec2-user/data/topics/4070 1413
@/home/ec2-user/data/topics/1374 1414
@/home/ec2-user/data/topics/3435 1415
@/home/ec2-user/data/topics/1411 1416
@/home/ec2-user/data/topics/4042 1417
@/home/ec2-user/data/topics/3697 1418
@/home/ec2-user/data/topics/4703 1419
@/home/ec2-user/data/topics/4795 1420
@/home/ec2-user/data/topics/4325 1421
@/home/ec2-user/data/topics/3482 1422
@/home/ec2-user/data/topics/2229 1423
@/home/ec2-user/data/topics/4378 1424
@/home/ec2-user/data/topics/4432 1425
日本電信電話株式会社

@/home/ec2-user/data/topics/4121 1426
@/home/ec2-user/data/topics/4865 1426
@/home/ec2-user/data/topics/4104 1427
@/home/ec2-user/data/topics/2017 1428
@/home/ec2-user/data/topics/3811 1429
@/home/ec2-user/data/topics/4175 1430
@/home/ec2-user/data/topics/4208 1431
@/home/ec2-user/data/topics/4118 1432
@/home/ec2-user/data/topics/4146 1433
@/home/ec2-user/data/topics/3544 1434
@/home/ec2-user/data/topics/3928 1435
@/home/ec2-user/data/topics/4964 1436
@/home/ec2-user/data/topics/3359 1437
@/home/ec2-user/data/topics/1934 1438
@/home/ec2-user/data/topics/4488 1439
@/home/ec2-user/data/topics/1229 1440
@/home/ec2-user/data/topics/4131 1441
@/home/ec2-user/data/topics/4511 1442
@/home/ec2-user/data/topics/2130 1443
@/home/ec2-user/data/topics/4664 1444
@/home/ec2-user/data/topics/1042 1445
@/home/ec2-user/data/topics/3641 1446
@/home/ec2-user/data/topics/1230 1447
@/home/ec2-user/data/topics/3586 1448
@/home/ec2-user/data/topics/4560 1449
@/home/ec2-user/data/topics/3927 1450
@/home/ec2-user/data/topics/4952 1451
@/home/ec2-user/data/topics/1408 1452
@/home/ec2-user/data/topics/4335 1453
@/home/ec2-user/data/topics/3509 1454
@/home/ec2-user/data/topics/4232 1455
@/home/ec2-user/data/topics/3536 1456
@/home/ec2-user/data/topics/3785 1457
@/home/ec2-user/data/topics/1787 1458
@/home/ec2-user/data/topics/3650 1459
@/home/ec2-user/data/topics/4443 1460
@/home/ec2-user/data/topics/4025 1461
@/home/ec2-user/data/topics/3915 1462
@/home/ec2-user/data/topics/4916 1463
@/home/ec2-user/data/topics/1556 1464
@/home/ec2-user/data/topics/4505 1465
@/home/ec2-user/data/topics/3568 1466
@/home/ec2-user/data/topics/3425 1467
@/home/ec2-user/data/topics/3824 1468
@/home/ec2-user/data/topics/1809 1469
@/home/ec2-user/data/topics/4792 1470
@/home/ec2-user/data/topics/3894 1471
@/home/ec2-user/data/topics/4870 1472
@/home/ec2-user/data/topics/4965 1473
@/home/ec2-user/data/topics/4115 1474
@/home/ec2-user/data/topics/4114 1475
@/home/ec2-user/data/topics/4087 1476
@/home/ec2-user/data/topics/3552 1477
@/home/ec2-user/data/topics/4836 1478
@/home/ec2-user/data/topics/4925 1479
@/home/ec2-user/data/topics/3521 1480
日本鋼管株式会社

@/home/ec2-user/data/topics/4455 1481
@/home/ec2-user/data/topics/2095 1481
@/home/ec2-user/data/topics/3572 1482
@/home/ec2-user/data/topics/4289 1483
@/home/ec2-user/data/topics/1690 1484
@/home/ec2-user/data/topics/4161 1485
@/home/ec2-user/data/topics/1404 1486
株式会社神戸製鋼所

@/home/ec2-user/data/topics/4949 1487
@/home/ec2-user/data/topics/1465 1487
@/home/ec2-user/data/topics/2064 1488
@/home/ec2-user/data/topics/3475 1489
@/home/ec2-user/data/topics/3902 1490
@/home/ec2-user/data/topics/3674 1491
@/home/ec2-user/data/topics/3632 1492
株式会社ケンウッド

@/home/ec2-user/data/topics/2163 1493
@/home/ec2-user/data/topics/1698 1493
@/home/ec2-user/data/topics/3794 1494
@/home/ec2-user/data/topics/4050 1495
@/home/ec2-user/data/topics/1896 1496
@/home/ec2-user/data/topics/1345 1497
@/home/ec2-user/data/topics/4467 1498
@/home/ec2-user/data/topics/2036 1499
@/home/ec2-user/data/topics/1617 1500
@/home/ec2-user/data/topics/1241 1501
@/home/ec2-user/data/topics/3969 1502
@/home/ec2-user/data/topics/4038 1503
@/home/ec2-user/data/topics/3878 1504
@/home/ec2-user/data/topics/1424 1505
@/home/ec2-user/data/topics/3839 1506
@/home/ec2-user/data/topics/1186 1507
@/home/ec2-user/data/topics/3977 1508
@/home/ec2-user/data/topics/3463 1509
@/home/ec2-user/data/topics/4167 1510
@/home/ec2-user/data/topics/3801 1511
@/home/ec2-user/data/topics/1115 1512
東陶機器株式会社

@/home/ec2-user/data/topics/3821 1513
@/home/ec2-user/data/topics/1735 1513
@/home/ec2-user/data/topics/3583 1514
@/home/ec2-user/data/topics/2135 1515
@/home/ec2-user/data/topics/1626 1516
@/home/ec2-user/data/topics/1692 1517
本田技研工業株式会社

@/home/ec2-user/data/topics/1818 1518
@/home/ec2-user/data/topics/1266 1518
@/home/ec2-user/data/topics/4331 1519
@/home/ec2-user/data/topics/1226 1520
@/home/ec2-user/data/topics/1605 1521
@/home/ec2-user/data/topics/4199 1522
@/home/ec2-user/data/topics/2016 1523
@/home/ec2-user/data/topics/4888 1524
@/home/ec2-user/data/topics/1444 1525
@/home/ec2-user/data/topics/1143 1526
@/home/ec2-user/data/topics/4132 1527
@/home/ec2-user/data/topics/4033 1528
@/home/ec2-user/data/topics/4375 1529
@/home/ec2-user/data/topics/1215 1530
@/home/ec2-user/data/topics/1822 1531
@/home/ec2-user/data/topics/2000 1532
@/home/ec2-user/data/topics/5026 1533
@/home/ec2-user/data/topics/3685 1534
@/home/ec2-user/data/topics/4783 1535
新日本製鐵株式会社

@/home/ec2-user/data/topics/5008 1536
@/home/ec2-user/data/topics/3663 1536
@/home/ec2-user/data/topics/4472 1537
@/home/ec2-user/data/topics/3899 1538
@/home/ec2-user/data/topics/3368 1539
@/home/ec2-user/data/topics/3861 1540
松下電工株式会社

@/home/ec2-user/data/topics/3778 1541
@/home/ec2-user/data/topics/3511 1541
@/home/ec2-user/data/topics/3651 1542
@/home/ec2-user/data/topics/4450 1543
@/home/ec2-user/data/topics/4317 1544
@/home/ec2-user/data/topics/2045 1545
@/home/ec2-user/data/topics/4094 1546
@/home/ec2-user/data/topics/1251 1547
@/home/ec2-user/data/topics/4012 1548
@/home/ec2-user/data/topics/3565 1549
@/home/ec2-user/data/topics/4029 1550
@/home/ec2-user/data/topics/4347 1551
@/home/ec2-user/data/topics/3379 1552
@/home/ec2-user/data/topics/3835 1553
@/home/ec2-user/data/topics/3670 1554
@/home/ec2-user/data/topics/3549 1555
@/home/ec2-user/data/topics/1803 1556
@/home/ec2-user/data/topics/4083 1557
@/home/ec2-user/data/topics/4592 1558
@/home/ec2-user/data/topics/1011 1559
@/home/ec2-user/data/topics/1311 1560
@/home/ec2-user/data/topics/3932 1561
usernum: 72
hit: 919
simhit: 1414
simmax: 0.615860989837
simmin: 0.0
simavg: 0.201895948114
dlmax: 0.151591591838
dlmin: 0.00897431073655
dlavg: 0.0364935564352
mthit: 1623
mthls: 0
srp: 152.954
total: 1562
hit/total: 0.588348271447
simhit/total: 0.905249679898
mthit/(total+usernum): 0.993268053856
mthls/(total+usernum): 0.0
srp/(total+usernum): 0.0312023663811
srp20/(total+usernum): 0.00855773153815
srp100/(total+usernum): 0.0223031415749
srp500/(total+usernum): 0.0284573643411

2016-12-24 21:03:37.436327
