2016-12-24 10:29:30.233262

topic-folder:/home/ec2-user/data/topics/
cl-file:/home/ec2-user/git/tfidf/result-new/b3-3.txt
cl-floder:/home/ec2-user/data/ldaclass-32-2000-top10000/
zipf:0.2
stype[0(tfidf)/1(tfidf2)/2(lsa)/3(lda)]:3
dtype[<0(diff*rand)/0(diff)/1(same)/>=2(diff*same)]:0
output-floder:/home/ec2-user/git/userquery/result

三菱マテリアル株式会社

@/home/ec2-user/data/topics/3520 0
@/home/ec2-user/data/topics/1638 0
@/home/ec2-user/data/topics/3630 1
@/home/ec2-user/data/topics/1085 2
@/home/ec2-user/data/topics/3546 3
@/home/ec2-user/data/topics/2093 4
@/home/ec2-user/data/topics/3470 5
@/home/ec2-user/data/topics/3866 6
日本精機株式会社

@/home/ec2-user/data/topics/1398 7
@/home/ec2-user/data/topics/4709 7
@/home/ec2-user/data/topics/4690 8
@/home/ec2-user/data/topics/4907 9
@/home/ec2-user/data/topics/4972 10
@/home/ec2-user/data/topics/4875 11
コニカ株式会社

@/home/ec2-user/data/topics/1946 12
@/home/ec2-user/data/topics/3426 12
@/home/ec2-user/data/topics/3414 13
@/home/ec2-user/data/topics/3533 14
@/home/ec2-user/data/topics/3370 15
@/home/ec2-user/data/topics/2162 16
@/home/ec2-user/data/topics/3357 17
@/home/ec2-user/data/topics/3418 18
@/home/ec2-user/data/topics/3419 19
@/home/ec2-user/data/topics/3486 20
@/home/ec2-user/data/topics/3431 21
埼玉日本電気株式会社

@/home/ec2-user/data/topics/4496 22
@/home/ec2-user/data/topics/4998 22
@/home/ec2-user/data/topics/4279 23
@/home/ec2-user/data/topics/4242 24
@/home/ec2-user/data/topics/1512 25
@/home/ec2-user/data/topics/5010 26
@/home/ec2-user/data/topics/1620 27
@/home/ec2-user/data/topics/4283 28
@/home/ec2-user/data/topics/4468 29
アルプス電気株式会社

@/home/ec2-user/data/topics/4791 30
@/home/ec2-user/data/topics/1434 30
@/home/ec2-user/data/topics/3582 31
@/home/ec2-user/data/topics/3429 32
@/home/ec2-user/data/topics/2012 33
@/home/ec2-user/data/topics/1253 34
@/home/ec2-user/data/topics/2089 35
三菱重工業株式会社

@/home/ec2-user/data/topics/3503 36
@/home/ec2-user/data/topics/4882 36
@/home/ec2-user/data/topics/4563 37
@/home/ec2-user/data/topics/3591 38
@/home/ec2-user/data/topics/4412 39
@/home/ec2-user/data/topics/4687 40
@/home/ec2-user/data/topics/3944 41
@/home/ec2-user/data/topics/3529 42
@/home/ec2-user/data/topics/3833 43
@/home/ec2-user/data/topics/4862 44
@/home/ec2-user/data/topics/5022 45
@/home/ec2-user/data/topics/3637 46
村田機械株式会社

@/home/ec2-user/data/topics/4565 47
@/home/ec2-user/data/topics/4570 47
@/home/ec2-user/data/topics/5000 48
@/home/ec2-user/data/topics/1074 49
@/home/ec2-user/data/topics/4441 50
@/home/ec2-user/data/topics/1607 51
@/home/ec2-user/data/topics/4835 52
@/home/ec2-user/data/topics/4638 53
@/home/ec2-user/data/topics/3528 54
@/home/ec2-user/data/topics/1511 55
@/home/ec2-user/data/topics/4596 56
@/home/ec2-user/data/topics/4746 57
@/home/ec2-user/data/topics/4645 58
@/home/ec2-user/data/topics/1293 59
@/home/ec2-user/data/topics/4941 60
@/home/ec2-user/data/topics/4556 61
@/home/ec2-user/data/topics/3740 62
川崎製鉄株式会社

@/home/ec2-user/data/topics/3413 63
@/home/ec2-user/data/topics/3929 63
@/home/ec2-user/data/topics/3611 64
@/home/ec2-user/data/topics/3483 65
@/home/ec2-user/data/topics/1037 66
@/home/ec2-user/data/topics/4615 67
@/home/ec2-user/data/topics/3532 68
@/home/ec2-user/data/topics/3553 69
@/home/ec2-user/data/topics/1459 70
ダイキン工業株式会社

@/home/ec2-user/data/topics/4845 71
@/home/ec2-user/data/topics/1565 71
@/home/ec2-user/data/topics/4734 72
@/home/ec2-user/data/topics/4515 73
@/home/ec2-user/data/topics/3888 74
@/home/ec2-user/data/topics/1600 75
@/home/ec2-user/data/topics/4858 76
@/home/ec2-user/data/topics/4400 77
@/home/ec2-user/data/topics/4367 78
@/home/ec2-user/data/topics/4753 79
@/home/ec2-user/data/topics/4701 80
三菱自動車工業株式会社

@/home/ec2-user/data/topics/3940 81
@/home/ec2-user/data/topics/1816 81
@/home/ec2-user/data/topics/3502 82
@/home/ec2-user/data/topics/1428 83
@/home/ec2-user/data/topics/1527 84
@/home/ec2-user/data/topics/4189 85
@/home/ec2-user/data/topics/2101 86
@/home/ec2-user/data/topics/3815 87
日産自動車株式会社

@/home/ec2-user/data/topics/3936 88
@/home/ec2-user/data/topics/3489 88
@/home/ec2-user/data/topics/3829 89
@/home/ec2-user/data/topics/3497 90
@/home/ec2-user/data/topics/4982 91
@/home/ec2-user/data/topics/4074 92
@/home/ec2-user/data/topics/3645 93
@/home/ec2-user/data/topics/3712 94
@/home/ec2-user/data/topics/3723 95
@/home/ec2-user/data/topics/3677 96
@/home/ec2-user/data/topics/3501 97
トヨタ自動車株式会社

@/home/ec2-user/data/topics/3699 98
@/home/ec2-user/data/topics/3783 98
@/home/ec2-user/data/topics/3731 99
@/home/ec2-user/data/topics/4030 100
@/home/ec2-user/data/topics/3405 101
@/home/ec2-user/data/topics/3481 102
@/home/ec2-user/data/topics/3725 103
@/home/ec2-user/data/topics/4298 104
@/home/ec2-user/data/topics/1551 105
@/home/ec2-user/data/topics/3671 106
@/home/ec2-user/data/topics/4633 107
@/home/ec2-user/data/topics/4008 108
@/home/ec2-user/data/topics/4064 109
@/home/ec2-user/data/topics/4346 110
@/home/ec2-user/data/topics/4647 111
@/home/ec2-user/data/topics/4144 112
@/home/ec2-user/data/topics/4426 113
@/home/ec2-user/data/topics/4543 114
@/home/ec2-user/data/topics/4658 115
@/home/ec2-user/data/topics/3943 116
@/home/ec2-user/data/topics/4617 117
@/home/ec2-user/data/topics/2111 118
@/home/ec2-user/data/topics/3356 119
@/home/ec2-user/data/topics/3587 120
@/home/ec2-user/data/topics/2218 121
@/home/ec2-user/data/topics/1494 122
@/home/ec2-user/data/topics/4767 123
@/home/ec2-user/data/topics/3758 124
@/home/ec2-user/data/topics/4920 125
オリンパス光学工業株式会社

@/home/ec2-user/data/topics/1869 126
@/home/ec2-user/data/topics/1586 126
@/home/ec2-user/data/topics/4013 127
@/home/ec2-user/data/topics/4878 128
@/home/ec2-user/data/topics/1739 129
@/home/ec2-user/data/topics/1835 130
@/home/ec2-user/data/topics/4007 131
@/home/ec2-user/data/topics/1155 132
@/home/ec2-user/data/topics/1981 133
@/home/ec2-user/data/topics/5006 134
@/home/ec2-user/data/topics/2026 135
@/home/ec2-user/data/topics/1107 136
ブラザー工業株式会社

@/home/ec2-user/data/topics/3477 137
@/home/ec2-user/data/topics/2085 137
@/home/ec2-user/data/topics/1076 138
@/home/ec2-user/data/topics/3789 139
@/home/ec2-user/data/topics/2086 140
@/home/ec2-user/data/topics/4548 141
@/home/ec2-user/data/topics/3613 142
@/home/ec2-user/data/topics/1164 143
@/home/ec2-user/data/topics/1906 144
@/home/ec2-user/data/topics/3507 145
@/home/ec2-user/data/topics/3686 146
@/home/ec2-user/data/topics/1300 147
@/home/ec2-user/data/topics/1183 148
@/home/ec2-user/data/topics/1697 149
@/home/ec2-user/data/topics/1636 150
富士通株式会社

@/home/ec2-user/data/topics/3846 151
@/home/ec2-user/data/topics/3962 151
@/home/ec2-user/data/topics/3428 152
@/home/ec2-user/data/topics/2215 153
@/home/ec2-user/data/topics/3636 154
@/home/ec2-user/data/topics/1874 155
@/home/ec2-user/data/topics/1547 156
@/home/ec2-user/data/topics/2227 157
@/home/ec2-user/data/topics/4191 158
@/home/ec2-user/data/topics/3799 159
@/home/ec2-user/data/topics/1998 160
@/home/ec2-user/data/topics/3399 161
@/home/ec2-user/data/topics/1123 162
@/home/ec2-user/data/topics/2216 163
@/home/ec2-user/data/topics/5004 164
@/home/ec2-user/data/topics/3749 165
@/home/ec2-user/data/topics/3870 166
@/home/ec2-user/data/topics/3912 167
@/home/ec2-user/data/topics/3460 168
@/home/ec2-user/data/topics/3538 169
@/home/ec2-user/data/topics/1609 170
@/home/ec2-user/data/topics/3802 171
@/home/ec2-user/data/topics/3751 172
@/home/ec2-user/data/topics/1271 173
@/home/ec2-user/data/topics/3765 174
@/home/ec2-user/data/topics/3883 175
@/home/ec2-user/data/topics/3850 176
@/home/ec2-user/data/topics/1264 177
@/home/ec2-user/data/topics/3381 178
@/home/ec2-user/data/topics/3970 179
@/home/ec2-user/data/topics/3862 180
@/home/ec2-user/data/topics/3400 181
静岡日本電気株式会社

@/home/ec2-user/data/topics/4250 182
@/home/ec2-user/data/topics/4326 182
@/home/ec2-user/data/topics/4507 183
@/home/ec2-user/data/topics/4314 184
@/home/ec2-user/data/topics/4531 185
@/home/ec2-user/data/topics/4365 186
住友重機械工業株式会社

@/home/ec2-user/data/topics/2039 187
@/home/ec2-user/data/topics/1019 187
@/home/ec2-user/data/topics/1505 188
@/home/ec2-user/data/topics/4854 189
@/home/ec2-user/data/topics/3868 190
@/home/ec2-user/data/topics/3952 191
@/home/ec2-user/data/topics/1900 192
@/home/ec2-user/data/topics/1373 193
@/home/ec2-user/data/topics/1553 194
大日本印刷株式会社

@/home/ec2-user/data/topics/1262 195
@/home/ec2-user/data/topics/3569 195
@/home/ec2-user/data/topics/1564 196
@/home/ec2-user/data/topics/1099 197
@/home/ec2-user/data/topics/1145 198
@/home/ec2-user/data/topics/3388 199
日本電気株式会社

@/home/ec2-user/data/topics/4584 200
@/home/ec2-user/data/topics/4434 200
@/home/ec2-user/data/topics/4207 201
@/home/ec2-user/data/topics/1360 202
@/home/ec2-user/data/topics/4659 203
@/home/ec2-user/data/topics/4338 204
@/home/ec2-user/data/topics/4120 205
@/home/ec2-user/data/topics/4666 206
@/home/ec2-user/data/topics/4651 207
@/home/ec2-user/data/topics/1100 208
@/home/ec2-user/data/topics/4770 209
@/home/ec2-user/data/topics/2041 210
@/home/ec2-user/data/topics/1852 211
@/home/ec2-user/data/topics/4775 212
@/home/ec2-user/data/topics/4446 213
@/home/ec2-user/data/topics/4595 214
@/home/ec2-user/data/topics/1464 215
@/home/ec2-user/data/topics/1199 216
@/home/ec2-user/data/topics/4425 217
@/home/ec2-user/data/topics/4613 218
@/home/ec2-user/data/topics/4537 219
@/home/ec2-user/data/topics/4530 220
@/home/ec2-user/data/topics/4838 221
@/home/ec2-user/data/topics/3724 222
@/home/ec2-user/data/topics/4626 223
@/home/ec2-user/data/topics/3853 224
@/home/ec2-user/data/topics/4260 225
@/home/ec2-user/data/topics/4561 226
@/home/ec2-user/data/topics/4689 227
@/home/ec2-user/data/topics/3897 228
@/home/ec2-user/data/topics/3744 229
@/home/ec2-user/data/topics/1457 230
@/home/ec2-user/data/topics/1923 231
@/home/ec2-user/data/topics/4460 232
@/home/ec2-user/data/topics/3956 233
@/home/ec2-user/data/topics/1783 234
@/home/ec2-user/data/topics/4643 235
@/home/ec2-user/data/topics/4227 236
@/home/ec2-user/data/topics/4785 237
@/home/ec2-user/data/topics/4490 238
@/home/ec2-user/data/topics/4389 239
@/home/ec2-user/data/topics/2127 240
@/home/ec2-user/data/topics/4877 241
@/home/ec2-user/data/topics/4657 242
@/home/ec2-user/data/topics/4360 243
@/home/ec2-user/data/topics/4162 244
@/home/ec2-user/data/topics/4725 245
@/home/ec2-user/data/topics/4442 246
@/home/ec2-user/data/topics/4682 247
@/home/ec2-user/data/topics/4352 248
@/home/ec2-user/data/topics/4699 249
@/home/ec2-user/data/topics/4418 250
@/home/ec2-user/data/topics/4644 251
@/home/ec2-user/data/topics/2022 252
@/home/ec2-user/data/topics/4247 253
@/home/ec2-user/data/topics/1364 254
@/home/ec2-user/data/topics/4092 255
@/home/ec2-user/data/topics/1844 256
@/home/ec2-user/data/topics/1486 257
@/home/ec2-user/data/topics/1112 258
@/home/ec2-user/data/topics/4273 259
@/home/ec2-user/data/topics/4204 260
@/home/ec2-user/data/topics/4477 261
@/home/ec2-user/data/topics/1567 262
@/home/ec2-user/data/topics/4119 263
@/home/ec2-user/data/topics/4081 264
@/home/ec2-user/data/topics/4281 265
@/home/ec2-user/data/topics/3938 266
@/home/ec2-user/data/topics/3729 267
@/home/ec2-user/data/topics/4497 268
@/home/ec2-user/data/topics/4153 269
@/home/ec2-user/data/topics/4486 270
@/home/ec2-user/data/topics/2166 271
@/home/ec2-user/data/topics/4082 272
@/home/ec2-user/data/topics/4129 273
@/home/ec2-user/data/topics/1791 274
@/home/ec2-user/data/topics/4850 275
@/home/ec2-user/data/topics/4288 276
@/home/ec2-user/data/topics/4603 277
@/home/ec2-user/data/topics/4696 278
@/home/ec2-user/data/topics/1661 279
@/home/ec2-user/data/topics/1557 280
@/home/ec2-user/data/topics/4063 281
@/home/ec2-user/data/topics/1815 282
@/home/ec2-user/data/topics/4750 283
@/home/ec2-user/data/topics/4185 284
@/home/ec2-user/data/topics/4186 285
@/home/ec2-user/data/topics/4665 286
@/home/ec2-user/data/topics/1891 287
@/home/ec2-user/data/topics/4708 288
@/home/ec2-user/data/topics/4390 289
@/home/ec2-user/data/topics/4278 290
@/home/ec2-user/data/topics/4258 291
@/home/ec2-user/data/topics/1879 292
@/home/ec2-user/data/topics/4158 293
@/home/ec2-user/data/topics/3875 294
@/home/ec2-user/data/topics/4243 295
@/home/ec2-user/data/topics/4926 296
@/home/ec2-user/data/topics/1523 297
@/home/ec2-user/data/topics/3954 298
@/home/ec2-user/data/topics/4343 299
@/home/ec2-user/data/topics/4300 300
@/home/ec2-user/data/topics/4168 301
@/home/ec2-user/data/topics/1281 302
@/home/ec2-user/data/topics/4171 303
@/home/ec2-user/data/topics/4093 304
@/home/ec2-user/data/topics/4892 305
@/home/ec2-user/data/topics/4749 306
@/home/ec2-user/data/topics/1764 307
@/home/ec2-user/data/topics/4371 308
@/home/ec2-user/data/topics/1500 309
@/home/ec2-user/data/topics/4138 310
@/home/ec2-user/data/topics/4134 311
@/home/ec2-user/data/topics/4779 312
@/home/ec2-user/data/topics/4447 313
@/home/ec2-user/data/topics/4216 314
@/home/ec2-user/data/topics/4650 315
@/home/ec2-user/data/topics/4634 316
@/home/ec2-user/data/topics/3971 317
@/home/ec2-user/data/topics/4536 318
@/home/ec2-user/data/topics/1948 319
@/home/ec2-user/data/topics/4902 320
@/home/ec2-user/data/topics/2144 321
@/home/ec2-user/data/topics/4318 322
@/home/ec2-user/data/topics/1383 323
@/home/ec2-user/data/topics/4458 324
@/home/ec2-user/data/topics/5034 325
@/home/ec2-user/data/topics/4238 326
@/home/ec2-user/data/topics/4480 327
@/home/ec2-user/data/topics/1634 328
@/home/ec2-user/data/topics/4532 329
@/home/ec2-user/data/topics/4398 330
@/home/ec2-user/data/topics/1101 331
@/home/ec2-user/data/topics/4404 332
@/home/ec2-user/data/topics/4760 333
@/home/ec2-user/data/topics/4485 334
@/home/ec2-user/data/topics/4240 335
@/home/ec2-user/data/topics/1116 336
@/home/ec2-user/data/topics/4097 337
@/home/ec2-user/data/topics/4876 338
@/home/ec2-user/data/topics/3995 339
@/home/ec2-user/data/topics/4359 340
@/home/ec2-user/data/topics/4429 341
@/home/ec2-user/data/topics/4549 342
@/home/ec2-user/data/topics/4116 343
@/home/ec2-user/data/topics/4721 344
@/home/ec2-user/data/topics/4257 345
@/home/ec2-user/data/topics/4728 346
@/home/ec2-user/data/topics/2031 347
@/home/ec2-user/data/topics/1773 348
@/home/ec2-user/data/topics/4764 349
@/home/ec2-user/data/topics/4609 350
@/home/ec2-user/data/topics/4533 351
@/home/ec2-user/data/topics/2088 352
@/home/ec2-user/data/topics/4427 353
@/home/ec2-user/data/topics/4313 354
@/home/ec2-user/data/topics/1052 355
@/home/ec2-user/data/topics/4824 356
@/home/ec2-user/data/topics/3766 357
@/home/ec2-user/data/topics/4759 358
@/home/ec2-user/data/topics/1612 359
@/home/ec2-user/data/topics/4100 360
@/home/ec2-user/data/topics/4154 361
@/home/ec2-user/data/topics/4003 362
@/home/ec2-user/data/topics/4342 363
@/home/ec2-user/data/topics/4718 364
@/home/ec2-user/data/topics/4315 365
@/home/ec2-user/data/topics/4142 366
@/home/ec2-user/data/topics/4742 367
@/home/ec2-user/data/topics/1928 368
@/home/ec2-user/data/topics/1937 369
@/home/ec2-user/data/topics/4272 370
@/home/ec2-user/data/topics/4267 371
@/home/ec2-user/data/topics/1016 372
@/home/ec2-user/data/topics/1044 373
@/home/ec2-user/data/topics/1595 374
@/home/ec2-user/data/topics/4192 375
@/home/ec2-user/data/topics/4244 376
@/home/ec2-user/data/topics/4388 377
@/home/ec2-user/data/topics/4128 378
@/home/ec2-user/data/topics/1078 379
@/home/ec2-user/data/topics/4246 380
@/home/ec2-user/data/topics/1362 381
@/home/ec2-user/data/topics/1724 382
@/home/ec2-user/data/topics/3886 383
@/home/ec2-user/data/topics/1326 384
@/home/ec2-user/data/topics/4071 385
@/home/ec2-user/data/topics/4646 386
@/home/ec2-user/data/topics/4433 387
@/home/ec2-user/data/topics/4320 388
@/home/ec2-user/data/topics/4414 389
@/home/ec2-user/data/topics/4808 390
@/home/ec2-user/data/topics/4276 391
@/home/ec2-user/data/topics/4598 392
@/home/ec2-user/data/topics/3865 393
@/home/ec2-user/data/topics/4137 394
@/home/ec2-user/data/topics/4440 395
@/home/ec2-user/data/topics/3767 396
@/home/ec2-user/data/topics/1973 397
@/home/ec2-user/data/topics/4940 398
@/home/ec2-user/data/topics/4236 399
@/home/ec2-user/data/topics/4209 400
@/home/ec2-user/data/topics/4319 401
@/home/ec2-user/data/topics/4196 402
@/home/ec2-user/data/topics/1867 403
@/home/ec2-user/data/topics/4062 404
@/home/ec2-user/data/topics/4309 405
@/home/ec2-user/data/topics/4578 406
@/home/ec2-user/data/topics/4017 407
@/home/ec2-user/data/topics/1710 408
@/home/ec2-user/data/topics/4816 409
@/home/ec2-user/data/topics/1122 410
@/home/ec2-user/data/topics/3896 411
@/home/ec2-user/data/topics/2119 412
@/home/ec2-user/data/topics/4254 413
@/home/ec2-user/data/topics/4393 414
@/home/ec2-user/data/topics/1624 415
@/home/ec2-user/data/topics/4275 416
@/home/ec2-user/data/topics/2150 417
@/home/ec2-user/data/topics/4310 418
松下電器産業株式会社

@/home/ec2-user/data/topics/1339 419
@/home/ec2-user/data/topics/4667 419
@/home/ec2-user/data/topics/4098 420
@/home/ec2-user/data/topics/1157 421
@/home/ec2-user/data/topics/3585 422
@/home/ec2-user/data/topics/1525 423
@/home/ec2-user/data/topics/4625 424
@/home/ec2-user/data/topics/1136 425
@/home/ec2-user/data/topics/2156 426
@/home/ec2-user/data/topics/4264 427
@/home/ec2-user/data/topics/4229 428
@/home/ec2-user/data/topics/4459 429
@/home/ec2-user/data/topics/4422 430
@/home/ec2-user/data/topics/1516 431
@/home/ec2-user/data/topics/1635 432
@/home/ec2-user/data/topics/1706 433
@/home/ec2-user/data/topics/3494 434
@/home/ec2-user/data/topics/4586 435
@/home/ec2-user/data/topics/2080 436
@/home/ec2-user/data/topics/4274 437
@/home/ec2-user/data/topics/3404 438
@/home/ec2-user/data/topics/1829 439
@/home/ec2-user/data/topics/3721 440
@/home/ec2-user/data/topics/1477 441
@/home/ec2-user/data/topics/4574 442
@/home/ec2-user/data/topics/4936 443
@/home/ec2-user/data/topics/4475 444
@/home/ec2-user/data/topics/4503 445
@/home/ec2-user/data/topics/4448 446
@/home/ec2-user/data/topics/1762 447
@/home/ec2-user/data/topics/4761 448
@/home/ec2-user/data/topics/1898 449
@/home/ec2-user/data/topics/3386 450
@/home/ec2-user/data/topics/4043 451
@/home/ec2-user/data/topics/4806 452
@/home/ec2-user/data/topics/1158 453
@/home/ec2-user/data/topics/4382 454
@/home/ec2-user/data/topics/4159 455
@/home/ec2-user/data/topics/3807 456
@/home/ec2-user/data/topics/4139 457
@/home/ec2-user/data/topics/3704 458
@/home/ec2-user/data/topics/1705 459
@/home/ec2-user/data/topics/3402 460
@/home/ec2-user/data/topics/4502 461
@/home/ec2-user/data/topics/2029 462
@/home/ec2-user/data/topics/3746 463
@/home/ec2-user/data/topics/1748 464
@/home/ec2-user/data/topics/4867 465
@/home/ec2-user/data/topics/2222 466
@/home/ec2-user/data/topics/3658 467
@/home/ec2-user/data/topics/3920 468
@/home/ec2-user/data/topics/4491 469
@/home/ec2-user/data/topics/3692 470
@/home/ec2-user/data/topics/5028 471
@/home/ec2-user/data/topics/3951 472
@/home/ec2-user/data/topics/4157 473
@/home/ec2-user/data/topics/4798 474
@/home/ec2-user/data/topics/1633 475
@/home/ec2-user/data/topics/3761 476
@/home/ec2-user/data/topics/1257 477
@/home/ec2-user/data/topics/3960 478
@/home/ec2-user/data/topics/1701 479
@/home/ec2-user/data/topics/1881 480
@/home/ec2-user/data/topics/4599 481
@/home/ec2-user/data/topics/4101 482
@/home/ec2-user/data/topics/3619 483
@/home/ec2-user/data/topics/3519 484
@/home/ec2-user/data/topics/2170 485
@/home/ec2-user/data/topics/4102 486
@/home/ec2-user/data/topics/3979 487
@/home/ec2-user/data/topics/3558 488
@/home/ec2-user/data/topics/4787 489
@/home/ec2-user/data/topics/3680 490
@/home/ec2-user/data/topics/4676 491
@/home/ec2-user/data/topics/4754 492
@/home/ec2-user/data/topics/1252 493
@/home/ec2-user/data/topics/1955 494
@/home/ec2-user/data/topics/4577 495
@/home/ec2-user/data/topics/4817 496
@/home/ec2-user/data/topics/4307 497
@/home/ec2-user/data/topics/4804 498
@/home/ec2-user/data/topics/1540 499
@/home/ec2-user/data/topics/4885 500
@/home/ec2-user/data/topics/4945 501
@/home/ec2-user/data/topics/3455 502
@/home/ec2-user/data/topics/4501 503
@/home/ec2-user/data/topics/2056 504
@/home/ec2-user/data/topics/4707 505
@/home/ec2-user/data/topics/4797 506
@/home/ec2-user/data/topics/4303 507
@/home/ec2-user/data/topics/4968 508
@/home/ec2-user/data/topics/4193 509
@/home/ec2-user/data/topics/3739 510
@/home/ec2-user/data/topics/4126 511
@/home/ec2-user/data/topics/3847 512
@/home/ec2-user/data/topics/1026 513
@/home/ec2-user/data/topics/1179 514
@/home/ec2-user/data/topics/4280 515
@/home/ec2-user/data/topics/1070 516
@/home/ec2-user/data/topics/2129 517
@/home/ec2-user/data/topics/3719 518
@/home/ec2-user/data/topics/4961 519
@/home/ec2-user/data/topics/3514 520
@/home/ec2-user/data/topics/1589 521
@/home/ec2-user/data/topics/4180 522
@/home/ec2-user/data/topics/3694 523
@/home/ec2-user/data/topics/4464 524
@/home/ec2-user/data/topics/1812 525
@/home/ec2-user/data/topics/4160 526
@/home/ec2-user/data/topics/4215 527
@/home/ec2-user/data/topics/3676 528
@/home/ec2-user/data/topics/4918 529
@/home/ec2-user/data/topics/4917 530
@/home/ec2-user/data/topics/3510 531
@/home/ec2-user/data/topics/4355 532
@/home/ec2-user/data/topics/3904 533
@/home/ec2-user/data/topics/1885 534
@/home/ec2-user/data/topics/4558 535
@/home/ec2-user/data/topics/4394 536
@/home/ec2-user/data/topics/5024 537
@/home/ec2-user/data/topics/4000 538
@/home/ec2-user/data/topics/1509 539
@/home/ec2-user/data/topics/4385 540
セイコーインスツルメンツ株式会社

@/home/ec2-user/data/topics/4088 541
@/home/ec2-user/data/topics/1707 541
@/home/ec2-user/data/topics/4997 542
@/home/ec2-user/data/topics/3626 543
@/home/ec2-user/data/topics/4036 544
@/home/ec2-user/data/topics/3825 545
@/home/ec2-user/data/topics/4203 546
@/home/ec2-user/data/topics/4190 547
@/home/ec2-user/data/topics/4151 548
ミノルタ株式会社

@/home/ec2-user/data/topics/2190 549
@/home/ec2-user/data/topics/4321 549
@/home/ec2-user/data/topics/4970 550
@/home/ec2-user/data/topics/3545 551
@/home/ec2-user/data/topics/3810 552
@/home/ec2-user/data/topics/4984 553
@/home/ec2-user/data/topics/3584 554
@/home/ec2-user/data/topics/4951 555
@/home/ec2-user/data/topics/4971 556
@/home/ec2-user/data/topics/4986 557
@/home/ec2-user/data/topics/4977 558
@/home/ec2-user/data/topics/1152 559
株式会社リコー

@/home/ec2-user/data/topics/3759 560
@/home/ec2-user/data/topics/3555 560
@/home/ec2-user/data/topics/2006 561
@/home/ec2-user/data/topics/3411 562
@/home/ec2-user/data/topics/3880 563
@/home/ec2-user/data/topics/1670 564
@/home/ec2-user/data/topics/3750 565
@/home/ec2-user/data/topics/1878 566
@/home/ec2-user/data/topics/1282 567
@/home/ec2-user/data/topics/3436 568
@/home/ec2-user/data/topics/1190 569
@/home/ec2-user/data/topics/3548 570
@/home/ec2-user/data/topics/1663 571
@/home/ec2-user/data/topics/1774 572
@/home/ec2-user/data/topics/2043 573
@/home/ec2-user/data/topics/2090 574
@/home/ec2-user/data/topics/4037 575
@/home/ec2-user/data/topics/1482 576
@/home/ec2-user/data/topics/3523 577
@/home/ec2-user/data/topics/1974 578
@/home/ec2-user/data/topics/1610 579
@/home/ec2-user/data/topics/2200 580
@/home/ec2-user/data/topics/3713 581
@/home/ec2-user/data/topics/3378 582
@/home/ec2-user/data/topics/3424 583
@/home/ec2-user/data/topics/1806 584
@/home/ec2-user/data/topics/1691 585
@/home/ec2-user/data/topics/3530 586
@/home/ec2-user/data/topics/1433 587
@/home/ec2-user/data/topics/3711 588
@/home/ec2-user/data/topics/3474 589
@/home/ec2-user/data/topics/4616 590
@/home/ec2-user/data/topics/3394 591
@/home/ec2-user/data/topics/1083 592
@/home/ec2-user/data/topics/3775 593
@/home/ec2-user/data/topics/1755 594
@/home/ec2-user/data/topics/1627 595
@/home/ec2-user/data/topics/1225 596
@/home/ec2-user/data/topics/4781 597
@/home/ec2-user/data/topics/3557 598
@/home/ec2-user/data/topics/3495 599
@/home/ec2-user/data/topics/1095 600
@/home/ec2-user/data/topics/1776 601
@/home/ec2-user/data/topics/1976 602
@/home/ec2-user/data/topics/3484 603
@/home/ec2-user/data/topics/3669 604
@/home/ec2-user/data/topics/2182 605
@/home/ec2-user/data/topics/1478 606
@/home/ec2-user/data/topics/1106 607
@/home/ec2-user/data/topics/4344 608
@/home/ec2-user/data/topics/4265 609
@/home/ec2-user/data/topics/1593 610
@/home/ec2-user/data/topics/1514 611
@/home/ec2-user/data/topics/3574 612
@/home/ec2-user/data/topics/3837 613
@/home/ec2-user/data/topics/1780 614
@/home/ec2-user/data/topics/1740 615
@/home/ec2-user/data/topics/1436 616
@/home/ec2-user/data/topics/1064 617
@/home/ec2-user/data/topics/1668 618
@/home/ec2-user/data/topics/1669 619
@/home/ec2-user/data/topics/2219 620
@/home/ec2-user/data/topics/4879 621
@/home/ec2-user/data/topics/1718 622
@/home/ec2-user/data/topics/3446 623
@/home/ec2-user/data/topics/2201 624
@/home/ec2-user/data/topics/3472 625
@/home/ec2-user/data/topics/2189 626
@/home/ec2-user/data/topics/3633 627
@/home/ec2-user/data/topics/3687 628
@/home/ec2-user/data/topics/1775 629
独立行政法人産業技術総合研究所

@/home/ec2-user/data/topics/4800 630
@/home/ec2-user/data/topics/4739 630
@/home/ec2-user/data/topics/4869 631
@/home/ec2-user/data/topics/4777 632
@/home/ec2-user/data/topics/1356 633
@/home/ec2-user/data/topics/4740 634
ソニー株式会社

@/home/ec2-user/data/topics/1471 635
@/home/ec2-user/data/topics/1147 635
@/home/ec2-user/data/topics/2037 636
@/home/ec2-user/data/topics/2059 637
@/home/ec2-user/data/topics/1602 638
@/home/ec2-user/data/topics/2105 639
@/home/ec2-user/data/topics/1102 640
@/home/ec2-user/data/topics/3872 641
@/home/ec2-user/data/topics/1873 642
@/home/ec2-user/data/topics/1686 643
@/home/ec2-user/data/topics/1426 644
@/home/ec2-user/data/topics/1397 645
@/home/ec2-user/data/topics/1059 646
@/home/ec2-user/data/topics/1291 647
@/home/ec2-user/data/topics/3924 648
@/home/ec2-user/data/topics/1679 649
@/home/ec2-user/data/topics/2048 650
@/home/ec2-user/data/topics/4351 651
@/home/ec2-user/data/topics/2075 652
@/home/ec2-user/data/topics/1926 653
@/home/ec2-user/data/topics/2052 654
@/home/ec2-user/data/topics/1435 655
@/home/ec2-user/data/topics/1884 656
@/home/ec2-user/data/topics/1967 657
@/home/ec2-user/data/topics/2058 658
@/home/ec2-user/data/topics/3401 659
@/home/ec2-user/data/topics/1912 660
@/home/ec2-user/data/topics/1749 661
@/home/ec2-user/data/topics/3392 662
@/home/ec2-user/data/topics/3975 663
@/home/ec2-user/data/topics/1298 664
@/home/ec2-user/data/topics/1233 665
@/home/ec2-user/data/topics/1380 666
@/home/ec2-user/data/topics/1218 667
@/home/ec2-user/data/topics/1892 668
@/home/ec2-user/data/topics/3456 669
@/home/ec2-user/data/topics/3955 670
@/home/ec2-user/data/topics/4184 671
@/home/ec2-user/data/topics/1414 672
@/home/ec2-user/data/topics/1491 673
@/home/ec2-user/data/topics/1954 674
@/home/ec2-user/data/topics/1778 675
@/home/ec2-user/data/topics/5027 676
@/home/ec2-user/data/topics/4224 677
@/home/ec2-user/data/topics/1836 678
@/home/ec2-user/data/topics/4219 679
@/home/ec2-user/data/topics/2094 680
富士ゼロックス株式会社

@/home/ec2-user/data/topics/3366 681
@/home/ec2-user/data/topics/3782 681
@/home/ec2-user/data/topics/3407 682
@/home/ec2-user/data/topics/3640 683
@/home/ec2-user/data/topics/1560 684
@/home/ec2-user/data/topics/3790 685
@/home/ec2-user/data/topics/3383 686
@/home/ec2-user/data/topics/3473 687
@/home/ec2-user/data/topics/3564 688
@/home/ec2-user/data/topics/5031 689
@/home/ec2-user/data/topics/3662 690
@/home/ec2-user/data/topics/1947 691
@/home/ec2-user/data/topics/3695 692
@/home/ec2-user/data/topics/3661 693
@/home/ec2-user/data/topics/4108 694
住友金属工業株式会社

@/home/ec2-user/data/topics/4295 695
@/home/ec2-user/data/topics/4322 695
@/home/ec2-user/data/topics/3577 696
@/home/ec2-user/data/topics/4021 697
@/home/ec2-user/data/topics/1268 698
@/home/ec2-user/data/topics/4182 699
@/home/ec2-user/data/topics/4991 700
@/home/ec2-user/data/topics/4733 701
@/home/ec2-user/data/topics/3655 702
@/home/ec2-user/data/topics/3826 703
@/home/ec2-user/data/topics/4661 704
@/home/ec2-user/data/topics/4534 705
日立電線株式会社

@/home/ec2-user/data/topics/3930 706
@/home/ec2-user/data/topics/1117 706
@/home/ec2-user/data/topics/3756 707
@/home/ec2-user/data/topics/1027 708
@/home/ec2-user/data/topics/1388 709
@/home/ec2-user/data/topics/4357 710
@/home/ec2-user/data/topics/1305 711
@/home/ec2-user/data/topics/4329 712
@/home/ec2-user/data/topics/4356 713
キヤノン株式会社

@/home/ec2-user/data/topics/2231 714
@/home/ec2-user/data/topics/3415 714
@/home/ec2-user/data/topics/1208 715
@/home/ec2-user/data/topics/3434 716
@/home/ec2-user/data/topics/3420 717
@/home/ec2-user/data/topics/3376 718
@/home/ec2-user/data/topics/3958 719
@/home/ec2-user/data/topics/2107 720
@/home/ec2-user/data/topics/1975 721
@/home/ec2-user/data/topics/1744 722
@/home/ec2-user/data/topics/2243 723
@/home/ec2-user/data/topics/1631 724
@/home/ec2-user/data/topics/4521 725
@/home/ec2-user/data/topics/1590 726
@/home/ec2-user/data/topics/3720 727
@/home/ec2-user/data/topics/3628 728
@/home/ec2-user/data/topics/4520 729
@/home/ec2-user/data/topics/2145 730
@/home/ec2-user/data/topics/2117 731
@/home/ec2-user/data/topics/4350 732
@/home/ec2-user/data/topics/1568 733
@/home/ec2-user/data/topics/1745 734
@/home/ec2-user/data/topics/1539 735
@/home/ec2-user/data/topics/1802 736
@/home/ec2-user/data/topics/3852 737
@/home/ec2-user/data/topics/1961 738
@/home/ec2-user/data/topics/1848 739
@/home/ec2-user/data/topics/3996 740
@/home/ec2-user/data/topics/3445 741
@/home/ec2-user/data/topics/4068 742
@/home/ec2-user/data/topics/1646 743
@/home/ec2-user/data/topics/1790 744
@/home/ec2-user/data/topics/3454 745
@/home/ec2-user/data/topics/1124 746
@/home/ec2-user/data/topics/4363 747
@/home/ec2-user/data/topics/2053 748
@/home/ec2-user/data/topics/1889 749
@/home/ec2-user/data/topics/1513 750
@/home/ec2-user/data/topics/4947 751
@/home/ec2-user/data/topics/4054 752
@/home/ec2-user/data/topics/4937 753
@/home/ec2-user/data/topics/3430 754
@/home/ec2-user/data/topics/3660 755
@/home/ec2-user/data/topics/3410 756
@/home/ec2-user/data/topics/4948 757
@/home/ec2-user/data/topics/3642 758
@/home/ec2-user/data/topics/3656 759
@/home/ec2-user/data/topics/3949 760
@/home/ec2-user/data/topics/1438 761
@/home/ec2-user/data/topics/3438 762
@/home/ec2-user/data/topics/3843 763
@/home/ec2-user/data/topics/1866 764
@/home/ec2-user/data/topics/1080 765
@/home/ec2-user/data/topics/3730 766
@/home/ec2-user/data/topics/3967 767
@/home/ec2-user/data/topics/4628 768
@/home/ec2-user/data/topics/4610 769
@/home/ec2-user/data/topics/1847 770
@/home/ec2-user/data/topics/4020 771
@/home/ec2-user/data/topics/3737 772
@/home/ec2-user/data/topics/1895 773
@/home/ec2-user/data/topics/1216 774
@/home/ec2-user/data/topics/1228 775
@/home/ec2-user/data/topics/1118 776
@/home/ec2-user/data/topics/3441 777
@/home/ec2-user/data/topics/3755 778
@/home/ec2-user/data/topics/1519 779
@/home/ec2-user/data/topics/3416 780
@/home/ec2-user/data/topics/1455 781
@/home/ec2-user/data/topics/2004 782
@/home/ec2-user/data/topics/3417 783
@/home/ec2-user/data/topics/3722 784
@/home/ec2-user/data/topics/3374 785
三洋電機株式会社

@/home/ec2-user/data/topics/3845 786
@/home/ec2-user/data/topics/2063 786
@/home/ec2-user/data/topics/4978 787
@/home/ec2-user/data/topics/1671 788
@/home/ec2-user/data/topics/3398 789
@/home/ec2-user/data/topics/3625 790
@/home/ec2-user/data/topics/3808 791
@/home/ec2-user/data/topics/2014 792
@/home/ec2-user/data/topics/4150 793
@/home/ec2-user/data/topics/3817 794
@/home/ec2-user/data/topics/4474 795
@/home/ec2-user/data/topics/1321 796
@/home/ec2-user/data/topics/4983 797
@/home/ec2-user/data/topics/1289 798
@/home/ec2-user/data/topics/3859 799
@/home/ec2-user/data/topics/4763 800
@/home/ec2-user/data/topics/1515 801
@/home/ec2-user/data/topics/1652 802
@/home/ec2-user/data/topics/3926 803
@/home/ec2-user/data/topics/4039 804
@/home/ec2-user/data/topics/4301 805
@/home/ec2-user/data/topics/4001 806
@/home/ec2-user/data/topics/1079 807
@/home/ec2-user/data/topics/4061 808
@/home/ec2-user/data/topics/1722 809
@/home/ec2-user/data/topics/3581 810
@/home/ec2-user/data/topics/3403 811
@/home/ec2-user/data/topics/4788 812
@/home/ec2-user/data/topics/2098 813
@/home/ec2-user/data/topics/3953 814
@/home/ec2-user/data/topics/3754 815
@/home/ec2-user/data/topics/1163 816
@/home/ec2-user/data/topics/3681 817
@/home/ec2-user/data/topics/4720 818
@/home/ec2-user/data/topics/4527 819
@/home/ec2-user/data/topics/4066 820
@/home/ec2-user/data/topics/4212 821
@/home/ec2-user/data/topics/3804 822
@/home/ec2-user/data/topics/4376 823
@/home/ec2-user/data/topics/4604 824
@/home/ec2-user/data/topics/3539 825
@/home/ec2-user/data/topics/4178 826
@/home/ec2-user/data/topics/5011 827
@/home/ec2-user/data/topics/4179 828
@/home/ec2-user/data/topics/1653 829
@/home/ec2-user/data/topics/4015 830
@/home/ec2-user/data/topics/1479 831
@/home/ec2-user/data/topics/4726 832
@/home/ec2-user/data/topics/3708 833
@/home/ec2-user/data/topics/2054 834
@/home/ec2-user/data/topics/4328 835
@/home/ec2-user/data/topics/3492 836
@/home/ec2-user/data/topics/4571 837
@/home/ec2-user/data/topics/3974 838
@/home/ec2-user/data/topics/4837 839
@/home/ec2-user/data/topics/4654 840
@/home/ec2-user/data/topics/4960 841
@/home/ec2-user/data/topics/1451 842
@/home/ec2-user/data/topics/3830 843
@/home/ec2-user/data/topics/3491 844
@/home/ec2-user/data/topics/2071 845
@/home/ec2-user/data/topics/4679 846
@/home/ec2-user/data/topics/3889 847
@/home/ec2-user/data/topics/3781 848
@/home/ec2-user/data/topics/4060 849
@/home/ec2-user/data/topics/4612 850
@/home/ec2-user/data/topics/1488 851
@/home/ec2-user/data/topics/2194 852
@/home/ec2-user/data/topics/1386 853
@/home/ec2-user/data/topics/4099 854
@/home/ec2-user/data/topics/1246 855
@/home/ec2-user/data/topics/4304 856
@/home/ec2-user/data/topics/4492 857
@/home/ec2-user/data/topics/1980 858
@/home/ec2-user/data/topics/3986 859
@/home/ec2-user/data/topics/4384 860
@/home/ec2-user/data/topics/2230 861
@/home/ec2-user/data/topics/3906 862
@/home/ec2-user/data/topics/5002 863
三菱電機株式会社

@/home/ec2-user/data/topics/4233 864
@/home/ec2-user/data/topics/3800 864
@/home/ec2-user/data/topics/3409 865
@/home/ec2-user/data/topics/1792 866
@/home/ec2-user/data/topics/1110 867
@/home/ec2-user/data/topics/3774 868
@/home/ec2-user/data/topics/3873 869
@/home/ec2-user/data/topics/3469 870
@/home/ec2-user/data/topics/3921 871
@/home/ec2-user/data/topics/4076 872
@/home/ec2-user/data/topics/3820 873
@/home/ec2-user/data/topics/4419 874
@/home/ec2-user/data/topics/1754 875
@/home/ec2-user/data/topics/1872 876
@/home/ec2-user/data/topics/3412 877
@/home/ec2-user/data/topics/4149 878
@/home/ec2-user/data/topics/1220 879
@/home/ec2-user/data/topics/4514 880
@/home/ec2-user/data/topics/3453 881
@/home/ec2-user/data/topics/3841 882
@/home/ec2-user/data/topics/2146 883
@/home/ec2-user/data/topics/4562 884
@/home/ec2-user/data/topics/3592 885
@/home/ec2-user/data/topics/4663 886
@/home/ec2-user/data/topics/3493 887
@/home/ec2-user/data/topics/3666 888
@/home/ec2-user/data/topics/3466 889
@/home/ec2-user/data/topics/3609 890
@/home/ec2-user/data/topics/3616 891
@/home/ec2-user/data/topics/4980 892
@/home/ec2-user/data/topics/1738 893
@/home/ec2-user/data/topics/3595 894
@/home/ec2-user/data/topics/3856 895
@/home/ec2-user/data/topics/4047 896
@/home/ec2-user/data/topics/3465 897
@/home/ec2-user/data/topics/3490 898
@/home/ec2-user/data/topics/3963 899
@/home/ec2-user/data/topics/4614 900
@/home/ec2-user/data/topics/4834 901
@/home/ec2-user/data/topics/3506 902
@/home/ec2-user/data/topics/3747 903
@/home/ec2-user/data/topics/4181 904
@/home/ec2-user/data/topics/1536 905
@/home/ec2-user/data/topics/3612 906
@/home/ec2-user/data/topics/5032 907
@/home/ec2-user/data/topics/4880 908
@/home/ec2-user/data/topics/4235 909
@/home/ec2-user/data/topics/4220 910
@/home/ec2-user/data/topics/4221 911
@/home/ec2-user/data/topics/5033 912
@/home/ec2-user/data/topics/4518 913
@/home/ec2-user/data/topics/3451 914
@/home/ec2-user/data/topics/4133 915
@/home/ec2-user/data/topics/4041 916
@/home/ec2-user/data/topics/4282 917
@/home/ec2-user/data/topics/4305 918
@/home/ec2-user/data/topics/4552 919
@/home/ec2-user/data/topics/3397 920
住友ゴム工業株式会社

@/home/ec2-user/data/topics/4048 921
@/home/ec2-user/data/topics/4568 921
@/home/ec2-user/data/topics/4406 922
@/home/ec2-user/data/topics/2007 923
@/home/ec2-user/data/topics/1758 924
@/home/ec2-user/data/topics/1114 925
@/home/ec2-user/data/topics/4597 926
セイコーエプソン株式会社

@/home/ec2-user/data/topics/3476 927
@/home/ec2-user/data/topics/3505 927
@/home/ec2-user/data/topics/4109 928
@/home/ec2-user/data/topics/3819 929
@/home/ec2-user/data/topics/4801 930
@/home/ec2-user/data/topics/4022 931
@/home/ec2-user/data/topics/3887 932
@/home/ec2-user/data/topics/2165 933
@/home/ec2-user/data/topics/1484 934
@/home/ec2-user/data/topics/4585 935
@/home/ec2-user/data/topics/1938 936
@/home/ec2-user/data/topics/4605 937
@/home/ec2-user/data/topics/3589 938
@/home/ec2-user/data/topics/3985 939
@/home/ec2-user/data/topics/1641 940
@/home/ec2-user/data/topics/4719 941
@/home/ec2-user/data/topics/1423 942
@/home/ec2-user/data/topics/2078 943
@/home/ec2-user/data/topics/3361 944
@/home/ec2-user/data/topics/4454 945
@/home/ec2-user/data/topics/3910 946
@/home/ec2-user/data/topics/4386 947
@/home/ec2-user/data/topics/4802 948
@/home/ec2-user/data/topics/1378 949
@/home/ec2-user/data/topics/1890 950
@/home/ec2-user/data/topics/1343 951
株式会社三共

@/home/ec2-user/data/topics/1086 952
@/home/ec2-user/data/topics/1648 952
@/home/ec2-user/data/topics/2060 953
@/home/ec2-user/data/topics/1189 954
@/home/ec2-user/data/topics/4374 955
@/home/ec2-user/data/topics/1665 956
@/home/ec2-user/data/topics/1377 957
@/home/ec2-user/data/topics/2123 958
@/home/ec2-user/data/topics/4868 959
沖電気工業株式会社

@/home/ec2-user/data/topics/3690 960
@/home/ec2-user/data/topics/3964 960
@/home/ec2-user/data/topics/1188 961
@/home/ec2-user/data/topics/3621 962
@/home/ec2-user/data/topics/3457 963
@/home/ec2-user/data/topics/3433 964
@/home/ec2-user/data/topics/3395 965
@/home/ec2-user/data/topics/4308 966
@/home/ec2-user/data/topics/3571 967
@/home/ec2-user/data/topics/3764 968
@/home/ec2-user/data/topics/4575 969
@/home/ec2-user/data/topics/4693 970
@/home/ec2-user/data/topics/4299 971
@/home/ec2-user/data/topics/1531 972
株式会社三星

@/home/ec2-user/data/topics/1733 973
@/home/ec2-user/data/topics/2198 973
@/home/ec2-user/data/topics/1728 974
@/home/ec2-user/data/topics/1260 975
@/home/ec2-user/data/topics/3942 976
@/home/ec2-user/data/topics/2108 977
日本ビクター株式会社

@/home/ec2-user/data/topics/1520 978
@/home/ec2-user/data/topics/1440 978
@/home/ec2-user/data/topics/3603 979
@/home/ec2-user/data/topics/3939 980
@/home/ec2-user/data/topics/1389 981
@/home/ec2-user/data/topics/4056 982
@/home/ec2-user/data/topics/1823 983
@/home/ec2-user/data/topics/3620 984
@/home/ec2-user/data/topics/3882 985
@/home/ec2-user/data/topics/4123 986
@/home/ec2-user/data/topics/4672 987
花王株式会社

@/home/ec2-user/data/topics/4287 988
@/home/ec2-user/data/topics/1767 988
@/home/ec2-user/data/topics/3884 989
@/home/ec2-user/data/topics/3753 990
@/home/ec2-user/data/topics/1196 991
@/home/ec2-user/data/topics/2214 992
@/home/ec2-user/data/topics/4445 993
@/home/ec2-user/data/topics/1022 994
@/home/ec2-user/data/topics/3999 995
@/home/ec2-user/data/topics/3812 996
@/home/ec2-user/data/topics/4211 997
@/home/ec2-user/data/topics/4827 998
@/home/ec2-user/data/topics/4249 999
三田工業株式会社

@/home/ec2-user/data/topics/3604 1000
@/home/ec2-user/data/topics/2136 1000
@/home/ec2-user/data/topics/3842 1001
@/home/ec2-user/data/topics/1034 1002
@/home/ec2-user/data/topics/1269 1003
@/home/ec2-user/data/topics/2155 1004
@/home/ec2-user/data/topics/1033 1005
@/home/ec2-user/data/topics/3923 1006
@/home/ec2-user/data/topics/1766 1007
豊丸産業株式会社

@/home/ec2-user/data/topics/1126 1008
@/home/ec2-user/data/topics/1353 1008
@/home/ec2-user/data/topics/1914 1009
@/home/ec2-user/data/topics/1726 1010
@/home/ec2-user/data/topics/1284 1011
@/home/ec2-user/data/topics/1138 1012
@/home/ec2-user/data/topics/1401 1013
@/home/ec2-user/data/topics/1713 1014
@/home/ec2-user/data/topics/3672 1015
@/home/ec2-user/data/topics/2011 1016
@/home/ec2-user/data/topics/4847 1017
@/home/ec2-user/data/topics/1677 1018
@/home/ec2-user/data/topics/1097 1019
@/home/ec2-user/data/topics/1588 1020
@/home/ec2-user/data/topics/2169 1021
鐘紡株式会社

@/home/ec2-user/data/topics/3634 1022
@/home/ec2-user/data/topics/1304 1022
@/home/ec2-user/data/topics/1178 1023
@/home/ec2-user/data/topics/2034 1024
@/home/ec2-user/data/topics/1901 1025
@/home/ec2-user/data/topics/1054 1026
@/home/ec2-user/data/topics/2185 1027
@/home/ec2-user/data/topics/1367 1028
@/home/ec2-user/data/topics/3566 1029
@/home/ec2-user/data/topics/3551 1030
@/home/ec2-user/data/topics/2223 1031
@/home/ec2-user/data/topics/1886 1032
@/home/ec2-user/data/topics/1870 1033
@/home/ec2-user/data/topics/1842 1034
@/home/ec2-user/data/topics/4195 1035
@/home/ec2-user/data/topics/3560 1036
株式会社デンソー

@/home/ec2-user/data/topics/4675 1037
@/home/ec2-user/data/topics/1855 1037
@/home/ec2-user/data/topics/4805 1038
@/home/ec2-user/data/topics/4498 1039
@/home/ec2-user/data/topics/4046 1040
@/home/ec2-user/data/topics/3421 1041
@/home/ec2-user/data/topics/1028 1042
@/home/ec2-user/data/topics/4656 1043
@/home/ec2-user/data/topics/4622 1044
@/home/ec2-user/data/topics/3710 1045
@/home/ec2-user/data/topics/3406 1046
@/home/ec2-user/data/topics/4164 1047
@/home/ec2-user/data/topics/4840 1048
@/home/ec2-user/data/topics/4483 1049
@/home/ec2-user/data/topics/4423 1050
@/home/ec2-user/data/topics/4024 1051
@/home/ec2-user/data/topics/3480 1052
富士写真フイルム株式会社

@/home/ec2-user/data/topics/3911 1053
@/home/ec2-user/data/topics/1244 1053
@/home/ec2-user/data/topics/1662 1054
@/home/ec2-user/data/topics/4962 1055
@/home/ec2-user/data/topics/3918 1056
@/home/ec2-user/data/topics/2134 1057
@/home/ec2-user/data/topics/1603 1058
@/home/ec2-user/data/topics/3354 1059
@/home/ec2-user/data/topics/3857 1060
@/home/ec2-user/data/topics/1570 1061
@/home/ec2-user/data/topics/3447 1062
京セラ株式会社

@/home/ec2-user/data/topics/1913 1063
@/home/ec2-user/data/topics/4901 1063
@/home/ec2-user/data/topics/3869 1064
@/home/ec2-user/data/topics/3615 1065
@/home/ec2-user/data/topics/3593 1066
@/home/ec2-user/data/topics/1741 1067
@/home/ec2-user/data/topics/4513 1068
@/home/ec2-user/data/topics/1485 1069
@/home/ec2-user/data/topics/1708 1070
@/home/ec2-user/data/topics/4340 1071
@/home/ec2-user/data/topics/4031 1072
@/home/ec2-user/data/topics/3741 1073
イビデン株式会社

@/home/ec2-user/data/topics/1336 1074
@/home/ec2-user/data/topics/1682 1074
@/home/ec2-user/data/topics/2033 1075
@/home/ec2-user/data/topics/1952 1076
@/home/ec2-user/data/topics/3814 1077
@/home/ec2-user/data/topics/1770 1078
@/home/ec2-user/data/topics/1315 1079
株式会社東芝

@/home/ec2-user/data/topics/4535 1080
@/home/ec2-user/data/topics/3881 1080
@/home/ec2-user/data/topics/3360 1081
@/home/ec2-user/data/topics/3688 1082
@/home/ec2-user/data/topics/1997 1083
@/home/ec2-user/data/topics/1585 1084
@/home/ec2-user/data/topics/3363 1085
@/home/ec2-user/data/topics/3988 1086
@/home/ec2-user/data/topics/3352 1087
@/home/ec2-user/data/topics/4751 1088
@/home/ec2-user/data/topics/4197 1089
@/home/ec2-user/data/topics/4935 1090
@/home/ec2-user/data/topics/1090 1091
@/home/ec2-user/data/topics/4057 1092
@/home/ec2-user/data/topics/3598 1093
@/home/ec2-user/data/topics/4172 1094
@/home/ec2-user/data/topics/3795 1095
@/home/ec2-user/data/topics/4361 1096
@/home/ec2-user/data/topics/3948 1097
@/home/ec2-user/data/topics/4292 1098
@/home/ec2-user/data/topics/1756 1099
@/home/ec2-user/data/topics/4381 1100
@/home/ec2-user/data/topics/4336 1101
@/home/ec2-user/data/topics/1332 1102
@/home/ec2-user/data/topics/4089 1103
@/home/ec2-user/data/topics/4009 1104
@/home/ec2-user/data/topics/3780 1105
@/home/ec2-user/data/topics/4509 1106
@/home/ec2-user/data/topics/3542 1107
@/home/ec2-user/data/topics/3716 1108
@/home/ec2-user/data/topics/4881 1109
@/home/ec2-user/data/topics/3890 1110
@/home/ec2-user/data/topics/3462 1111
@/home/ec2-user/data/topics/4140 1112
@/home/ec2-user/data/topics/4755 1113
@/home/ec2-user/data/topics/4863 1114
@/home/ec2-user/data/topics/3351 1115
@/home/ec2-user/data/topics/3834 1116
@/home/ec2-user/data/topics/4623 1117
@/home/ec2-user/data/topics/4183 1118
@/home/ec2-user/data/topics/4566 1119
@/home/ec2-user/data/topics/3990 1120
@/home/ec2-user/data/topics/3732 1121
@/home/ec2-user/data/topics/3618 1122
@/home/ec2-user/data/topics/4302 1123
@/home/ec2-user/data/topics/4631 1124
@/home/ec2-user/data/topics/4096 1125
@/home/ec2-user/data/topics/3380 1126
@/home/ec2-user/data/topics/4842 1127
@/home/ec2-user/data/topics/1132 1128
@/home/ec2-user/data/topics/1205 1129
@/home/ec2-user/data/topics/3689 1130
@/home/ec2-user/data/topics/4594 1131
@/home/ec2-user/data/topics/1757 1132
@/home/ec2-user/data/topics/3851 1133
@/home/ec2-user/data/topics/3683 1134
@/home/ec2-user/data/topics/4165 1135
@/home/ec2-user/data/topics/1819 1136
@/home/ec2-user/data/topics/3734 1137
@/home/ec2-user/data/topics/4912 1138
@/home/ec2-user/data/topics/2241 1139
ヤマハ株式会社

@/home/ec2-user/data/topics/1911 1140
@/home/ec2-user/data/topics/1720 1140
@/home/ec2-user/data/topics/1443 1141
@/home/ec2-user/data/topics/4084 1142
@/home/ec2-user/data/topics/4045 1143
@/home/ec2-user/data/topics/4145 1144
@/home/ec2-user/data/topics/4125 1145
@/home/ec2-user/data/topics/4177 1146
@/home/ec2-user/data/topics/4919 1147
@/home/ec2-user/data/topics/4954 1148
@/home/ec2-user/data/topics/3972 1149
@/home/ec2-user/data/topics/4010 1150
@/home/ec2-user/data/topics/1676 1151
東洋紡績株式会社

@/home/ec2-user/data/topics/4284 1152
@/home/ec2-user/data/topics/4362 1152
@/home/ec2-user/data/topics/3769 1153
@/home/ec2-user/data/topics/1029 1154
@/home/ec2-user/data/topics/4366 1155
@/home/ec2-user/data/topics/1613 1156
三菱化学株式会社

@/home/ec2-user/data/topics/3638 1157
@/home/ec2-user/data/topics/1902 1157
@/home/ec2-user/data/topics/1197 1158
@/home/ec2-user/data/topics/3458 1159
@/home/ec2-user/data/topics/1699 1160
@/home/ec2-user/data/topics/3513 1161
カシオ計算機株式会社

@/home/ec2-user/data/topics/1794 1162
@/home/ec2-user/data/topics/1047 1162
@/home/ec2-user/data/topics/1368 1163
@/home/ec2-user/data/topics/1235 1164
@/home/ec2-user/data/topics/1535 1165
@/home/ec2-user/data/topics/3391 1166
@/home/ec2-user/data/topics/2180 1167
@/home/ec2-user/data/topics/2237 1168
コナミ株式会社

@/home/ec2-user/data/topics/2151 1169
@/home/ec2-user/data/topics/5015 1169
@/home/ec2-user/data/topics/1672 1170
@/home/ec2-user/data/topics/4681 1171
@/home/ec2-user/data/topics/1302 1172
@/home/ec2-user/data/topics/4602 1173
@/home/ec2-user/data/topics/1621 1174
@/home/ec2-user/data/topics/2100 1175
大日本スクリーン製造株式会社

@/home/ec2-user/data/topics/1173 1176
@/home/ec2-user/data/topics/1130 1176
@/home/ec2-user/data/topics/3742 1177
@/home/ec2-user/data/topics/2172 1178
@/home/ec2-user/data/topics/2209 1179
@/home/ec2-user/data/topics/1608 1180
@/home/ec2-user/data/topics/1779 1181
オムロン株式会社

@/home/ec2-user/data/topics/1841 1182
@/home/ec2-user/data/topics/1579 1182
@/home/ec2-user/data/topics/1135 1183
@/home/ec2-user/data/topics/1933 1184
@/home/ec2-user/data/topics/3863 1185
@/home/ec2-user/data/topics/1067 1186
@/home/ec2-user/data/topics/3597 1187
@/home/ec2-user/data/topics/1151 1188
@/home/ec2-user/data/topics/4771 1189
@/home/ec2-user/data/topics/2096 1190
@/home/ec2-user/data/topics/1657 1191
@/home/ec2-user/data/topics/3700 1192
@/home/ec2-user/data/topics/3594 1193
@/home/ec2-user/data/topics/3748 1194
@/home/ec2-user/data/topics/1533 1195
株式会社日立製作所

@/home/ec2-user/data/topics/1987 1196
@/home/ec2-user/data/topics/1072 1196
@/home/ec2-user/data/topics/1296 1197
@/home/ec2-user/data/topics/1562 1198
@/home/ec2-user/data/topics/1487 1199
@/home/ec2-user/data/topics/3570 1200
@/home/ec2-user/data/topics/3965 1201
@/home/ec2-user/data/topics/2019 1202
@/home/ec2-user/data/topics/4420 1203
@/home/ec2-user/data/topics/1463 1204
@/home/ec2-user/data/topics/3599 1205
@/home/ec2-user/data/topics/3432 1206
@/home/ec2-user/data/topics/3531 1207
@/home/ec2-user/data/topics/3706 1208
@/home/ec2-user/data/topics/3659 1209
@/home/ec2-user/data/topics/3384 1210
@/home/ec2-user/data/topics/3596 1211
@/home/ec2-user/data/topics/4040 1212
@/home/ec2-user/data/topics/4122 1213
@/home/ec2-user/data/topics/1249 1214
@/home/ec2-user/data/topics/3665 1215
@/home/ec2-user/data/topics/3968 1216
@/home/ec2-user/data/topics/2184 1217
@/home/ec2-user/data/topics/1082 1218
@/home/ec2-user/data/topics/1826 1219
@/home/ec2-user/data/topics/3822 1220
@/home/ec2-user/data/topics/3691 1221
@/home/ec2-user/data/topics/1880 1222
@/home/ec2-user/data/topics/5029 1223
@/home/ec2-user/data/topics/1334 1224
@/home/ec2-user/data/topics/4402 1225
@/home/ec2-user/data/topics/3588 1226
@/home/ec2-user/data/topics/3461 1227
@/home/ec2-user/data/topics/1882 1228
@/home/ec2-user/data/topics/1247 1229
@/home/ec2-user/data/topics/4621 1230
@/home/ec2-user/data/topics/4493 1231
@/home/ec2-user/data/topics/4547 1232
@/home/ec2-user/data/topics/2239 1233
@/home/ec2-user/data/topics/1278 1234
@/home/ec2-user/data/topics/1340 1235
@/home/ec2-user/data/topics/1105 1236
@/home/ec2-user/data/topics/5030 1237
@/home/ec2-user/data/topics/1667 1238
@/home/ec2-user/data/topics/3994 1239
@/home/ec2-user/data/topics/1693 1240
@/home/ec2-user/data/topics/1651 1241
@/home/ec2-user/data/topics/4799 1242
@/home/ec2-user/data/topics/4166 1243
@/home/ec2-user/data/topics/3471 1244
@/home/ec2-user/data/topics/1833 1245
@/home/ec2-user/data/topics/1825 1246
@/home/ec2-user/data/topics/4401 1247
@/home/ec2-user/data/topics/3439 1248
@/home/ec2-user/data/topics/2081 1249
@/home/ec2-user/data/topics/4489 1250
@/home/ec2-user/data/topics/4058 1251
@/home/ec2-user/data/topics/4545 1252
@/home/ec2-user/data/topics/3440 1253
@/home/ec2-user/data/topics/3524 1254
@/home/ec2-user/data/topics/3488 1255
@/home/ec2-user/data/topics/3350 1256
@/home/ec2-user/data/topics/3648 1257
@/home/ec2-user/data/topics/3993 1258
@/home/ec2-user/data/topics/4990 1259
@/home/ec2-user/data/topics/3779 1260
@/home/ec2-user/data/topics/4943 1261
@/home/ec2-user/data/topics/3772 1262
@/home/ec2-user/data/topics/1640 1263
@/home/ec2-user/data/topics/3973 1264
@/home/ec2-user/data/topics/4830 1265
@/home/ec2-user/data/topics/1501 1266
@/home/ec2-user/data/topics/4559 1267
@/home/ec2-user/data/topics/4551 1268
凸版印刷株式会社

@/home/ec2-user/data/topics/1091 1269
@/home/ec2-user/data/topics/3624 1269
@/home/ec2-user/data/topics/3526 1270
@/home/ec2-user/data/topics/3500 1271
@/home/ec2-user/data/topics/4874 1272
@/home/ec2-user/data/topics/1977 1273
@/home/ec2-user/data/topics/1765 1274
株式会社ノーリツ

@/home/ec2-user/data/topics/4776 1275
@/home/ec2-user/data/topics/1598 1275
@/home/ec2-user/data/topics/1290 1276
@/home/ec2-user/data/topics/1618 1277
@/home/ec2-user/data/topics/1760 1278
@/home/ec2-user/data/topics/4354 1279
@/home/ec2-user/data/topics/2116 1280
@/home/ec2-user/data/topics/4206 1281
川崎重工業株式会社

@/home/ec2-user/data/topics/4866 1282
@/home/ec2-user/data/topics/4756 1282
@/home/ec2-user/data/topics/1172 1283
@/home/ec2-user/data/topics/1162 1284
@/home/ec2-user/data/topics/4944 1285
@/home/ec2-user/data/topics/4572 1286
@/home/ec2-user/data/topics/5025 1287
@/home/ec2-user/data/topics/4793 1288
ティーディーケイ株式会社

@/home/ec2-user/data/topics/4619 1289
@/home/ec2-user/data/topics/1510 1289
@/home/ec2-user/data/topics/1129 1290
@/home/ec2-user/data/topics/1409 1291
@/home/ec2-user/data/topics/3909 1292
@/home/ec2-user/data/topics/3792 1293
@/home/ec2-user/data/topics/2210 1294
@/home/ec2-user/data/topics/2202 1295
@/home/ec2-user/data/topics/3798 1296
京セラミタ株式会社

@/home/ec2-user/data/topics/4985 1297
@/home/ec2-user/data/topics/4174 1297
@/home/ec2-user/data/topics/4564 1298
@/home/ec2-user/data/topics/1032 1299
@/home/ec2-user/data/topics/4973 1300
@/home/ec2-user/data/topics/2141 1301
@/home/ec2-user/data/topics/1930 1302
株式会社クボタ

@/home/ec2-user/data/topics/1734 1303
@/home/ec2-user/data/topics/1012 1303
@/home/ec2-user/data/topics/4251 1304
@/home/ec2-user/data/topics/1448 1305
@/home/ec2-user/data/topics/4745 1306
@/home/ec2-user/data/topics/3919 1307
@/home/ec2-user/data/topics/3854 1308
@/home/ec2-user/data/topics/4379 1309
@/home/ec2-user/data/topics/1280 1310
@/home/ec2-user/data/topics/3823 1311
シャープ株式会社

@/home/ec2-user/data/topics/4323 1312
@/home/ec2-user/data/topics/3832 1312
@/home/ec2-user/data/topics/4256 1313
@/home/ec2-user/data/topics/3981 1314
@/home/ec2-user/data/topics/4744 1315
@/home/ec2-user/data/topics/2118 1316
@/home/ec2-user/data/topics/1561 1317
@/home/ec2-user/data/topics/4516 1318
@/home/ec2-user/data/topics/4124 1319
@/home/ec2-user/data/topics/3678 1320
@/home/ec2-user/data/topics/3793 1321
@/home/ec2-user/data/topics/4228 1322
@/home/ec2-user/data/topics/1804 1323
@/home/ec2-user/data/topics/3813 1324
@/home/ec2-user/data/topics/4173 1325
@/home/ec2-user/data/topics/1970 1326
@/home/ec2-user/data/topics/2087 1327
@/home/ec2-user/data/topics/3978 1328
@/home/ec2-user/data/topics/3679 1329
@/home/ec2-user/data/topics/3966 1330
@/home/ec2-user/data/topics/3698 1331
@/home/ec2-user/data/topics/4519 1332
@/home/ec2-user/data/topics/3871 1333
@/home/ec2-user/data/topics/1384 1334
@/home/ec2-user/data/topics/4717 1335
@/home/ec2-user/data/topics/3578 1336
@/home/ec2-user/data/topics/3776 1337
@/home/ec2-user/data/topics/1154 1338
@/home/ec2-user/data/topics/1965 1339
@/home/ec2-user/data/topics/3537 1340
@/home/ec2-user/data/topics/4691 1341
@/home/ec2-user/data/topics/3673 1342
@/home/ec2-user/data/topics/3606 1343
@/home/ec2-user/data/topics/4583 1344
@/home/ec2-user/data/topics/2020 1345
@/home/ec2-user/data/topics/4230 1346
@/home/ec2-user/data/topics/3941 1347
@/home/ec2-user/data/topics/4103 1348
@/home/ec2-user/data/topics/4349 1349
@/home/ec2-user/data/topics/1318 1350
@/home/ec2-user/data/topics/1288 1351
@/home/ec2-user/data/topics/1396 1352
@/home/ec2-user/data/topics/3858 1353
@/home/ec2-user/data/topics/3957 1354
@/home/ec2-user/data/topics/3610 1355
@/home/ec2-user/data/topics/4469 1356
@/home/ec2-user/data/topics/1685 1357
@/home/ec2-user/data/topics/3762 1358
@/home/ec2-user/data/topics/4252 1359
@/home/ec2-user/data/topics/1840 1360
@/home/ec2-user/data/topics/4005 1361
@/home/ec2-user/data/topics/1419 1362
@/home/ec2-user/data/topics/3760 1363
@/home/ec2-user/data/topics/4127 1364
@/home/ec2-user/data/topics/3777 1365
@/home/ec2-user/data/topics/4095 1366
@/home/ec2-user/data/topics/3422 1367
@/home/ec2-user/data/topics/4113 1368
@/home/ec2-user/data/topics/4214 1369
@/home/ec2-user/data/topics/2084 1370
@/home/ec2-user/data/topics/1258 1371
@/home/ec2-user/data/topics/1349 1372
@/home/ec2-user/data/topics/4263 1373
@/home/ec2-user/data/topics/3855 1374
@/home/ec2-user/data/topics/4105 1375
@/home/ec2-user/data/topics/3649 1376
@/home/ec2-user/data/topics/3450 1377
@/home/ec2-user/data/topics/4245 1378
@/home/ec2-user/data/topics/4782 1379
@/home/ec2-user/data/topics/4430 1380
@/home/ec2-user/data/topics/4861 1381
@/home/ec2-user/data/topics/4683 1382
@/home/ec2-user/data/topics/1174 1383
@/home/ec2-user/data/topics/4648 1384
@/home/ec2-user/data/topics/3452 1385
@/home/ec2-user/data/topics/3895 1386
@/home/ec2-user/data/topics/1563 1387
@/home/ec2-user/data/topics/4019 1388
@/home/ec2-user/data/topics/1431 1389
@/home/ec2-user/data/topics/1209 1390
@/home/ec2-user/data/topics/4152 1391
日本輸送機株式会社

@/home/ec2-user/data/topics/3573 1392
@/home/ec2-user/data/topics/1108 1392
@/home/ec2-user/data/topics/1493 1393
@/home/ec2-user/data/topics/1456 1394
@/home/ec2-user/data/topics/2065 1395
@/home/ec2-user/data/topics/1191 1396
@/home/ec2-user/data/topics/1940 1397
@/home/ec2-user/data/topics/2221 1398
東京エレクトロン株式会社

@/home/ec2-user/data/topics/1736 1399
@/home/ec2-user/data/topics/4618 1399
@/home/ec2-user/data/topics/4906 1400
@/home/ec2-user/data/topics/1263 1401
@/home/ec2-user/data/topics/4345 1402
@/home/ec2-user/data/topics/1508 1403
@/home/ec2-user/data/topics/4702 1404
@/home/ec2-user/data/topics/1800 1405
@/home/ec2-user/data/topics/4002 1406
@/home/ec2-user/data/topics/4023 1407
@/home/ec2-user/data/topics/3947 1408
@/home/ec2-user/data/topics/4053 1409
株式会社村田製作所

@/home/ec2-user/data/topics/2229 1410
@/home/ec2-user/data/topics/4163 1410
@/home/ec2-user/data/topics/4432 1411
@/home/ec2-user/data/topics/1411 1412
@/home/ec2-user/data/topics/3885 1413
@/home/ec2-user/data/topics/4325 1414
@/home/ec2-user/data/topics/4070 1415
@/home/ec2-user/data/topics/4795 1416
@/home/ec2-user/data/topics/4703 1417
@/home/ec2-user/data/topics/3697 1418
@/home/ec2-user/data/topics/4378 1419
@/home/ec2-user/data/topics/4417 1420
@/home/ec2-user/data/topics/3435 1421
@/home/ec2-user/data/topics/4042 1422
@/home/ec2-user/data/topics/1374 1423
@/home/ec2-user/data/topics/4271 1424
@/home/ec2-user/data/topics/3482 1425
日本電信電話株式会社

@/home/ec2-user/data/topics/1230 1426
@/home/ec2-user/data/topics/3811 1426
@/home/ec2-user/data/topics/1408 1427
@/home/ec2-user/data/topics/4208 1428
@/home/ec2-user/data/topics/4175 1429
@/home/ec2-user/data/topics/3544 1430
@/home/ec2-user/data/topics/4916 1431
@/home/ec2-user/data/topics/4664 1432
@/home/ec2-user/data/topics/3425 1433
@/home/ec2-user/data/topics/3650 1434
@/home/ec2-user/data/topics/1934 1435
@/home/ec2-user/data/topics/4964 1436
@/home/ec2-user/data/topics/4865 1437
@/home/ec2-user/data/topics/3824 1438
@/home/ec2-user/data/topics/4087 1439
@/home/ec2-user/data/topics/3586 1440
@/home/ec2-user/data/topics/4118 1441
@/home/ec2-user/data/topics/4115 1442
@/home/ec2-user/data/topics/3894 1443
@/home/ec2-user/data/topics/3521 1444
@/home/ec2-user/data/topics/4025 1445
@/home/ec2-user/data/topics/3915 1446
@/home/ec2-user/data/topics/4488 1447
@/home/ec2-user/data/topics/4104 1448
@/home/ec2-user/data/topics/3928 1449
@/home/ec2-user/data/topics/3359 1450
@/home/ec2-user/data/topics/1787 1451
@/home/ec2-user/data/topics/1809 1452
@/home/ec2-user/data/topics/3785 1453
@/home/ec2-user/data/topics/4505 1454
@/home/ec2-user/data/topics/4511 1455
@/home/ec2-user/data/topics/1042 1456
@/home/ec2-user/data/topics/4836 1457
@/home/ec2-user/data/topics/4870 1458
@/home/ec2-user/data/topics/4121 1459
@/home/ec2-user/data/topics/4925 1460
@/home/ec2-user/data/topics/4560 1461
@/home/ec2-user/data/topics/3552 1462
@/home/ec2-user/data/topics/3536 1463
@/home/ec2-user/data/topics/3927 1464
@/home/ec2-user/data/topics/2017 1465
@/home/ec2-user/data/topics/2130 1466
@/home/ec2-user/data/topics/3641 1467
@/home/ec2-user/data/topics/4965 1468
@/home/ec2-user/data/topics/1556 1469
@/home/ec2-user/data/topics/4131 1470
@/home/ec2-user/data/topics/4952 1471
@/home/ec2-user/data/topics/1229 1472
@/home/ec2-user/data/topics/4443 1473
@/home/ec2-user/data/topics/3568 1474
@/home/ec2-user/data/topics/3509 1475
@/home/ec2-user/data/topics/4232 1476
@/home/ec2-user/data/topics/4114 1477
@/home/ec2-user/data/topics/4792 1478
@/home/ec2-user/data/topics/4146 1479
@/home/ec2-user/data/topics/4335 1480
日本鋼管株式会社

@/home/ec2-user/data/topics/1690 1481
@/home/ec2-user/data/topics/3572 1481
@/home/ec2-user/data/topics/1404 1482
@/home/ec2-user/data/topics/4161 1483
@/home/ec2-user/data/topics/4289 1484
@/home/ec2-user/data/topics/2095 1485
@/home/ec2-user/data/topics/4455 1486
株式会社神戸製鋼所

@/home/ec2-user/data/topics/3674 1487
@/home/ec2-user/data/topics/1465 1487
@/home/ec2-user/data/topics/3632 1488
@/home/ec2-user/data/topics/4949 1489
@/home/ec2-user/data/topics/2064 1490
@/home/ec2-user/data/topics/3475 1491
@/home/ec2-user/data/topics/3902 1492
株式会社ケンウッド

@/home/ec2-user/data/topics/4467 1493
@/home/ec2-user/data/topics/3977 1493
@/home/ec2-user/data/topics/1241 1494
@/home/ec2-user/data/topics/2163 1495
@/home/ec2-user/data/topics/3969 1496
@/home/ec2-user/data/topics/1424 1497
@/home/ec2-user/data/topics/1186 1498
@/home/ec2-user/data/topics/3801 1499
@/home/ec2-user/data/topics/3839 1500
@/home/ec2-user/data/topics/3878 1501
@/home/ec2-user/data/topics/4038 1502
@/home/ec2-user/data/topics/1617 1503
@/home/ec2-user/data/topics/1345 1504
@/home/ec2-user/data/topics/1115 1505
@/home/ec2-user/data/topics/1698 1506
@/home/ec2-user/data/topics/1896 1507
@/home/ec2-user/data/topics/4167 1508
@/home/ec2-user/data/topics/4050 1509
@/home/ec2-user/data/topics/3463 1510
@/home/ec2-user/data/topics/3794 1511
@/home/ec2-user/data/topics/2036 1512
東陶機器株式会社

@/home/ec2-user/data/topics/2135 1513
@/home/ec2-user/data/topics/1626 1513
@/home/ec2-user/data/topics/1735 1514
@/home/ec2-user/data/topics/1692 1515
@/home/ec2-user/data/topics/3821 1516
@/home/ec2-user/data/topics/3583 1517
本田技研工業株式会社

@/home/ec2-user/data/topics/1143 1518
@/home/ec2-user/data/topics/4199 1518
@/home/ec2-user/data/topics/4375 1519
@/home/ec2-user/data/topics/1266 1520
@/home/ec2-user/data/topics/4132 1521
@/home/ec2-user/data/topics/1444 1522
@/home/ec2-user/data/topics/1605 1523
@/home/ec2-user/data/topics/4888 1524
@/home/ec2-user/data/topics/3685 1525
@/home/ec2-user/data/topics/4033 1526
@/home/ec2-user/data/topics/2016 1527
@/home/ec2-user/data/topics/1822 1528
@/home/ec2-user/data/topics/1818 1529
@/home/ec2-user/data/topics/1226 1530
@/home/ec2-user/data/topics/2000 1531
@/home/ec2-user/data/topics/5026 1532
@/home/ec2-user/data/topics/4331 1533
@/home/ec2-user/data/topics/1215 1534
@/home/ec2-user/data/topics/4783 1535
新日本製鐵株式会社

@/home/ec2-user/data/topics/3899 1536
@/home/ec2-user/data/topics/3861 1536
@/home/ec2-user/data/topics/5008 1537
@/home/ec2-user/data/topics/4472 1538
@/home/ec2-user/data/topics/3663 1539
@/home/ec2-user/data/topics/3368 1540
松下電工株式会社

@/home/ec2-user/data/topics/3565 1541
@/home/ec2-user/data/topics/1251 1541
@/home/ec2-user/data/topics/1803 1542
@/home/ec2-user/data/topics/3549 1543
@/home/ec2-user/data/topics/4012 1544
@/home/ec2-user/data/topics/4029 1545
@/home/ec2-user/data/topics/3835 1546
@/home/ec2-user/data/topics/3932 1547
@/home/ec2-user/data/topics/3670 1548
@/home/ec2-user/data/topics/4592 1549
@/home/ec2-user/data/topics/4083 1550
@/home/ec2-user/data/topics/3651 1551
@/home/ec2-user/data/topics/3511 1552
@/home/ec2-user/data/topics/3379 1553
@/home/ec2-user/data/topics/2045 1554
@/home/ec2-user/data/topics/4450 1555
@/home/ec2-user/data/topics/4347 1556
@/home/ec2-user/data/topics/1011 1557
@/home/ec2-user/data/topics/1311 1558
@/home/ec2-user/data/topics/4317 1559
@/home/ec2-user/data/topics/3778 1560
@/home/ec2-user/data/topics/4094 1561
usernum: 72
hit: 1443
simhit: 1473
simmax: 0.661032813638
simmin: 0.0
simavg: 0.202304776241
dlmax: 0.183371868106
dlmin: 0.00668472096042
dlavg: 0.0345984226244
mthit: 1626
mthls: 0
srp: 92.502
total: 1562
hit/total: 0.923815620999
simhit/total: 0.943021766965
mthit/(total+usernum): 0.995104039168
mthls/(total+usernum): 0.0
srp/(total+usernum): 0.0188702570379
srp20/(total+usernum): 0.00521215830273
srp100/(total+usernum): 0.0139106487148
srp500/(total+usernum): 0.0173235414117

2016-12-24 12:11:03.000252
