2016-12-24 19:22:36.983620

topic-folder:/home/ec2-user/data/topics/
cl-file:/home/ec2-user/git/tfidf/result-new/b2-0.txt
cl-floder:/home/ec2-user/data/lsaclass/
zipf:0.5
stype[0(tfidf)/1(tfidf2)/2(lsa)/3(lda)]:2
dtype[<0(diff*rand)/0(diff)/1(same)/>=2(diff*same)]:0
output-floder:/home/ec2-user/git/userquery/result

三菱マテリアル株式会社

@/home/ec2-user/data/topics/2093 0
@/home/ec2-user/data/topics/1085 0
@/home/ec2-user/data/topics/3630 1
@/home/ec2-user/data/topics/3546 2
@/home/ec2-user/data/topics/3866 3
@/home/ec2-user/data/topics/3520 4
@/home/ec2-user/data/topics/1638 5
@/home/ec2-user/data/topics/3470 6
日本精機株式会社

@/home/ec2-user/data/topics/4875 7
@/home/ec2-user/data/topics/4907 7
@/home/ec2-user/data/topics/4690 8
@/home/ec2-user/data/topics/4972 9
@/home/ec2-user/data/topics/1398 10
@/home/ec2-user/data/topics/4709 11
コニカ株式会社

@/home/ec2-user/data/topics/3533 12
@/home/ec2-user/data/topics/3418 12
@/home/ec2-user/data/topics/3419 13
@/home/ec2-user/data/topics/3370 14
@/home/ec2-user/data/topics/3431 15
@/home/ec2-user/data/topics/3414 16
@/home/ec2-user/data/topics/3486 17
@/home/ec2-user/data/topics/1946 18
@/home/ec2-user/data/topics/3426 19
@/home/ec2-user/data/topics/2162 20
@/home/ec2-user/data/topics/3357 21
埼玉日本電気株式会社

@/home/ec2-user/data/topics/4279 22
@/home/ec2-user/data/topics/1620 22
@/home/ec2-user/data/topics/4283 23
@/home/ec2-user/data/topics/4496 24
@/home/ec2-user/data/topics/4242 25
@/home/ec2-user/data/topics/5010 26
@/home/ec2-user/data/topics/1512 27
@/home/ec2-user/data/topics/4998 28
@/home/ec2-user/data/topics/4468 29
アルプス電気株式会社

@/home/ec2-user/data/topics/2012 30
@/home/ec2-user/data/topics/1253 30
@/home/ec2-user/data/topics/1434 31
@/home/ec2-user/data/topics/4791 32
@/home/ec2-user/data/topics/3429 33
@/home/ec2-user/data/topics/2089 34
@/home/ec2-user/data/topics/3582 35
三菱重工業株式会社

@/home/ec2-user/data/topics/3503 36
@/home/ec2-user/data/topics/3833 36
@/home/ec2-user/data/topics/4882 37
@/home/ec2-user/data/topics/5022 38
@/home/ec2-user/data/topics/3591 39
@/home/ec2-user/data/topics/4862 40
@/home/ec2-user/data/topics/4687 41
@/home/ec2-user/data/topics/3529 42
@/home/ec2-user/data/topics/3637 43
@/home/ec2-user/data/topics/3944 44
@/home/ec2-user/data/topics/4563 45
@/home/ec2-user/data/topics/4412 46
村田機械株式会社

@/home/ec2-user/data/topics/1511 47
@/home/ec2-user/data/topics/3740 47
@/home/ec2-user/data/topics/4570 48
@/home/ec2-user/data/topics/4565 49
@/home/ec2-user/data/topics/4556 50
@/home/ec2-user/data/topics/1607 51
@/home/ec2-user/data/topics/4596 52
@/home/ec2-user/data/topics/4746 53
@/home/ec2-user/data/topics/1074 54
@/home/ec2-user/data/topics/4638 55
@/home/ec2-user/data/topics/4645 56
@/home/ec2-user/data/topics/1293 57
@/home/ec2-user/data/topics/3528 58
@/home/ec2-user/data/topics/4941 59
@/home/ec2-user/data/topics/5000 60
@/home/ec2-user/data/topics/4441 61
@/home/ec2-user/data/topics/4835 62
川崎製鉄株式会社

@/home/ec2-user/data/topics/3553 63
@/home/ec2-user/data/topics/3413 63
@/home/ec2-user/data/topics/3611 64
@/home/ec2-user/data/topics/1459 65
@/home/ec2-user/data/topics/1037 66
@/home/ec2-user/data/topics/4615 67
@/home/ec2-user/data/topics/3483 68
@/home/ec2-user/data/topics/3532 69
@/home/ec2-user/data/topics/3929 70
ダイキン工業株式会社

@/home/ec2-user/data/topics/4845 71
@/home/ec2-user/data/topics/4400 71
@/home/ec2-user/data/topics/4515 72
@/home/ec2-user/data/topics/4367 73
@/home/ec2-user/data/topics/1600 74
@/home/ec2-user/data/topics/4701 75
@/home/ec2-user/data/topics/3888 76
@/home/ec2-user/data/topics/4858 77
@/home/ec2-user/data/topics/1565 78
@/home/ec2-user/data/topics/4753 79
@/home/ec2-user/data/topics/4734 80
三菱自動車工業株式会社

@/home/ec2-user/data/topics/3940 81
@/home/ec2-user/data/topics/3502 81
@/home/ec2-user/data/topics/1527 82
@/home/ec2-user/data/topics/4189 83
@/home/ec2-user/data/topics/2101 84
@/home/ec2-user/data/topics/1428 85
@/home/ec2-user/data/topics/3815 86
@/home/ec2-user/data/topics/1816 87
日産自動車株式会社

@/home/ec2-user/data/topics/3489 88
@/home/ec2-user/data/topics/3829 88
@/home/ec2-user/data/topics/3723 89
@/home/ec2-user/data/topics/3501 90
@/home/ec2-user/data/topics/3645 91
@/home/ec2-user/data/topics/3936 92
@/home/ec2-user/data/topics/3712 93
@/home/ec2-user/data/topics/3677 94
@/home/ec2-user/data/topics/3497 95
@/home/ec2-user/data/topics/4074 96
@/home/ec2-user/data/topics/4982 97
トヨタ自動車株式会社

@/home/ec2-user/data/topics/4064 98
@/home/ec2-user/data/topics/4346 98
@/home/ec2-user/data/topics/4144 99
@/home/ec2-user/data/topics/3405 100
@/home/ec2-user/data/topics/3725 101
@/home/ec2-user/data/topics/3699 102
@/home/ec2-user/data/topics/4647 103
@/home/ec2-user/data/topics/3943 104
@/home/ec2-user/data/topics/3758 105
@/home/ec2-user/data/topics/4543 106
@/home/ec2-user/data/topics/4008 107
@/home/ec2-user/data/topics/3783 108
@/home/ec2-user/data/topics/3481 109
@/home/ec2-user/data/topics/4426 110
@/home/ec2-user/data/topics/4633 111
@/home/ec2-user/data/topics/4920 112
@/home/ec2-user/data/topics/2111 113
@/home/ec2-user/data/topics/3356 114
@/home/ec2-user/data/topics/4658 115
@/home/ec2-user/data/topics/3587 116
@/home/ec2-user/data/topics/4617 117
@/home/ec2-user/data/topics/2218 118
@/home/ec2-user/data/topics/1551 119
@/home/ec2-user/data/topics/4030 120
@/home/ec2-user/data/topics/3671 121
@/home/ec2-user/data/topics/1494 122
@/home/ec2-user/data/topics/3731 123
@/home/ec2-user/data/topics/4298 124
@/home/ec2-user/data/topics/4767 125
オリンパス光学工業株式会社

@/home/ec2-user/data/topics/4878 126
@/home/ec2-user/data/topics/1869 126
@/home/ec2-user/data/topics/1107 127
@/home/ec2-user/data/topics/1586 128
@/home/ec2-user/data/topics/1739 129
@/home/ec2-user/data/topics/2026 130
@/home/ec2-user/data/topics/5006 131
@/home/ec2-user/data/topics/4013 132
@/home/ec2-user/data/topics/1155 133
@/home/ec2-user/data/topics/4007 134
@/home/ec2-user/data/topics/1835 135
@/home/ec2-user/data/topics/1981 136
ブラザー工業株式会社

@/home/ec2-user/data/topics/2086 137
@/home/ec2-user/data/topics/4548 137
@/home/ec2-user/data/topics/1164 138
@/home/ec2-user/data/topics/1076 139
@/home/ec2-user/data/topics/3789 140
@/home/ec2-user/data/topics/3686 141
@/home/ec2-user/data/topics/1300 142
@/home/ec2-user/data/topics/3507 143
@/home/ec2-user/data/topics/1636 144
@/home/ec2-user/data/topics/3477 145
@/home/ec2-user/data/topics/1183 146
@/home/ec2-user/data/topics/1697 147
@/home/ec2-user/data/topics/1906 148
@/home/ec2-user/data/topics/3613 149
@/home/ec2-user/data/topics/2085 150
富士通株式会社

@/home/ec2-user/data/topics/3970 151
@/home/ec2-user/data/topics/2215 151
@/home/ec2-user/data/topics/3862 152
@/home/ec2-user/data/topics/3399 153
@/home/ec2-user/data/topics/3765 154
@/home/ec2-user/data/topics/3799 155
@/home/ec2-user/data/topics/1609 156
@/home/ec2-user/data/topics/3538 157
@/home/ec2-user/data/topics/3749 158
@/home/ec2-user/data/topics/3460 159
@/home/ec2-user/data/topics/1874 160
@/home/ec2-user/data/topics/3846 161
@/home/ec2-user/data/topics/2227 162
@/home/ec2-user/data/topics/3751 163
@/home/ec2-user/data/topics/1123 164
@/home/ec2-user/data/topics/3850 165
@/home/ec2-user/data/topics/3381 166
@/home/ec2-user/data/topics/3870 167
@/home/ec2-user/data/topics/3400 168
@/home/ec2-user/data/topics/3428 169
@/home/ec2-user/data/topics/3883 170
@/home/ec2-user/data/topics/3912 171
@/home/ec2-user/data/topics/1547 172
@/home/ec2-user/data/topics/3962 173
@/home/ec2-user/data/topics/1271 174
@/home/ec2-user/data/topics/1264 175
@/home/ec2-user/data/topics/5004 176
@/home/ec2-user/data/topics/3802 177
@/home/ec2-user/data/topics/3636 178
@/home/ec2-user/data/topics/1998 179
@/home/ec2-user/data/topics/2216 180
@/home/ec2-user/data/topics/4191 181
静岡日本電気株式会社

@/home/ec2-user/data/topics/4250 182
@/home/ec2-user/data/topics/4531 182
@/home/ec2-user/data/topics/4326 183
@/home/ec2-user/data/topics/4314 184
@/home/ec2-user/data/topics/4365 185
@/home/ec2-user/data/topics/4507 186
住友重機械工業株式会社

@/home/ec2-user/data/topics/3868 187
@/home/ec2-user/data/topics/1019 187
@/home/ec2-user/data/topics/4854 188
@/home/ec2-user/data/topics/1373 189
@/home/ec2-user/data/topics/1900 190
@/home/ec2-user/data/topics/3952 191
@/home/ec2-user/data/topics/2039 192
@/home/ec2-user/data/topics/1553 193
@/home/ec2-user/data/topics/1505 194
大日本印刷株式会社

@/home/ec2-user/data/topics/3388 195
@/home/ec2-user/data/topics/1145 195
@/home/ec2-user/data/topics/1262 196
@/home/ec2-user/data/topics/1564 197
@/home/ec2-user/data/topics/1099 198
@/home/ec2-user/data/topics/3569 199
日本電気株式会社

@/home/ec2-user/data/topics/4725 200
@/home/ec2-user/data/topics/4063 200
@/home/ec2-user/data/topics/4318 201
@/home/ec2-user/data/topics/4696 202
@/home/ec2-user/data/topics/4646 203
@/home/ec2-user/data/topics/5034 204
@/home/ec2-user/data/topics/4808 205
@/home/ec2-user/data/topics/4393 206
@/home/ec2-user/data/topics/4244 207
@/home/ec2-user/data/topics/1360 208
@/home/ec2-user/data/topics/4665 209
@/home/ec2-user/data/topics/3724 210
@/home/ec2-user/data/topics/4258 211
@/home/ec2-user/data/topics/4689 212
@/home/ec2-user/data/topics/4371 213
@/home/ec2-user/data/topics/1362 214
@/home/ec2-user/data/topics/4764 215
@/home/ec2-user/data/topics/4154 216
@/home/ec2-user/data/topics/4425 217
@/home/ec2-user/data/topics/4440 218
@/home/ec2-user/data/topics/1928 219
@/home/ec2-user/data/topics/4644 220
@/home/ec2-user/data/topics/1710 221
@/home/ec2-user/data/topics/1383 222
@/home/ec2-user/data/topics/1764 223
@/home/ec2-user/data/topics/4902 224
@/home/ec2-user/data/topics/3956 225
@/home/ec2-user/data/topics/4634 226
@/home/ec2-user/data/topics/1595 227
@/home/ec2-user/data/topics/4650 228
@/home/ec2-user/data/topics/1326 229
@/home/ec2-user/data/topics/4319 230
@/home/ec2-user/data/topics/4721 231
@/home/ec2-user/data/topics/2022 232
@/home/ec2-user/data/topics/4097 233
@/home/ec2-user/data/topics/4359 234
@/home/ec2-user/data/topics/4434 235
@/home/ec2-user/data/topics/4759 236
@/home/ec2-user/data/topics/1724 237
@/home/ec2-user/data/topics/4414 238
@/home/ec2-user/data/topics/4281 239
@/home/ec2-user/data/topics/4549 240
@/home/ec2-user/data/topics/3766 241
@/home/ec2-user/data/topics/4092 242
@/home/ec2-user/data/topics/4260 243
@/home/ec2-user/data/topics/4561 244
@/home/ec2-user/data/topics/4236 245
@/home/ec2-user/data/topics/4003 246
@/home/ec2-user/data/topics/4940 247
@/home/ec2-user/data/topics/4613 248
@/home/ec2-user/data/topics/4243 249
@/home/ec2-user/data/topics/4272 250
@/home/ec2-user/data/topics/3744 251
@/home/ec2-user/data/topics/4458 252
@/home/ec2-user/data/topics/4447 253
@/home/ec2-user/data/topics/4352 254
@/home/ec2-user/data/topics/4418 255
@/home/ec2-user/data/topics/1567 256
@/home/ec2-user/data/topics/1948 257
@/home/ec2-user/data/topics/4926 258
@/home/ec2-user/data/topics/1281 259
@/home/ec2-user/data/topics/4750 260
@/home/ec2-user/data/topics/4315 261
@/home/ec2-user/data/topics/4742 262
@/home/ec2-user/data/topics/1116 263
@/home/ec2-user/data/topics/4071 264
@/home/ec2-user/data/topics/4460 265
@/home/ec2-user/data/topics/4227 266
@/home/ec2-user/data/topics/4129 267
@/home/ec2-user/data/topics/4162 268
@/home/ec2-user/data/topics/4760 269
@/home/ec2-user/data/topics/4537 270
@/home/ec2-user/data/topics/4530 271
@/home/ec2-user/data/topics/4398 272
@/home/ec2-user/data/topics/4609 273
@/home/ec2-user/data/topics/4578 274
@/home/ec2-user/data/topics/1879 275
@/home/ec2-user/data/topics/4116 276
@/home/ec2-user/data/topics/3897 277
@/home/ec2-user/data/topics/4770 278
@/home/ec2-user/data/topics/2166 279
@/home/ec2-user/data/topics/4017 280
@/home/ec2-user/data/topics/4877 281
@/home/ec2-user/data/topics/4343 282
@/home/ec2-user/data/topics/4254 283
@/home/ec2-user/data/topics/4196 284
@/home/ec2-user/data/topics/4192 285
@/home/ec2-user/data/topics/4186 286
@/home/ec2-user/data/topics/3896 287
@/home/ec2-user/data/topics/4138 288
@/home/ec2-user/data/topics/4446 289
@/home/ec2-user/data/topics/4388 290
@/home/ec2-user/data/topics/4119 291
@/home/ec2-user/data/topics/4532 292
@/home/ec2-user/data/topics/4536 293
@/home/ec2-user/data/topics/4816 294
@/home/ec2-user/data/topics/4276 295
@/home/ec2-user/data/topics/1101 296
@/home/ec2-user/data/topics/4404 297
@/home/ec2-user/data/topics/1100 298
@/home/ec2-user/data/topics/4775 299
@/home/ec2-user/data/topics/4824 300
@/home/ec2-user/data/topics/1464 301
@/home/ec2-user/data/topics/4338 302
@/home/ec2-user/data/topics/2031 303
@/home/ec2-user/data/topics/1486 304
@/home/ec2-user/data/topics/4838 305
@/home/ec2-user/data/topics/1122 306
@/home/ec2-user/data/topics/1624 307
@/home/ec2-user/data/topics/1364 308
@/home/ec2-user/data/topics/4310 309
@/home/ec2-user/data/topics/4666 310
@/home/ec2-user/data/topics/4288 311
@/home/ec2-user/data/topics/3886 312
@/home/ec2-user/data/topics/2150 313
@/home/ec2-user/data/topics/4427 314
@/home/ec2-user/data/topics/4247 315
@/home/ec2-user/data/topics/4240 316
@/home/ec2-user/data/topics/4246 317
@/home/ec2-user/data/topics/1523 318
@/home/ec2-user/data/topics/4785 319
@/home/ec2-user/data/topics/1791 320
@/home/ec2-user/data/topics/4082 321
@/home/ec2-user/data/topics/2088 322
@/home/ec2-user/data/topics/4137 323
@/home/ec2-user/data/topics/4100 324
@/home/ec2-user/data/topics/4876 325
@/home/ec2-user/data/topics/4598 326
@/home/ec2-user/data/topics/4158 327
@/home/ec2-user/data/topics/3971 328
@/home/ec2-user/data/topics/3938 329
@/home/ec2-user/data/topics/4216 330
@/home/ec2-user/data/topics/4433 331
@/home/ec2-user/data/topics/4603 332
@/home/ec2-user/data/topics/2119 333
@/home/ec2-user/data/topics/4360 334
@/home/ec2-user/data/topics/4238 335
@/home/ec2-user/data/topics/1867 336
@/home/ec2-user/data/topics/4171 337
@/home/ec2-user/data/topics/4477 338
@/home/ec2-user/data/topics/4209 339
@/home/ec2-user/data/topics/4342 340
@/home/ec2-user/data/topics/4480 341
@/home/ec2-user/data/topics/4442 342
@/home/ec2-user/data/topics/4153 343
@/home/ec2-user/data/topics/4267 344
@/home/ec2-user/data/topics/3729 345
@/home/ec2-user/data/topics/4728 346
@/home/ec2-user/data/topics/1634 347
@/home/ec2-user/data/topics/3875 348
@/home/ec2-user/data/topics/4779 349
@/home/ec2-user/data/topics/4278 350
@/home/ec2-user/data/topics/1078 351
@/home/ec2-user/data/topics/1891 352
@/home/ec2-user/data/topics/3853 353
@/home/ec2-user/data/topics/4275 354
@/home/ec2-user/data/topics/1112 355
@/home/ec2-user/data/topics/1661 356
@/home/ec2-user/data/topics/4595 357
@/home/ec2-user/data/topics/1937 358
@/home/ec2-user/data/topics/4273 359
@/home/ec2-user/data/topics/4134 360
@/home/ec2-user/data/topics/4643 361
@/home/ec2-user/data/topics/2041 362
@/home/ec2-user/data/topics/4850 363
@/home/ec2-user/data/topics/4682 364
@/home/ec2-user/data/topics/3767 365
@/home/ec2-user/data/topics/4389 366
@/home/ec2-user/data/topics/4749 367
@/home/ec2-user/data/topics/4485 368
@/home/ec2-user/data/topics/4486 369
@/home/ec2-user/data/topics/4390 370
@/home/ec2-user/data/topics/1815 371
@/home/ec2-user/data/topics/4185 372
@/home/ec2-user/data/topics/1773 373
@/home/ec2-user/data/topics/4708 374
@/home/ec2-user/data/topics/2127 375
@/home/ec2-user/data/topics/4533 376
@/home/ec2-user/data/topics/1500 377
@/home/ec2-user/data/topics/4257 378
@/home/ec2-user/data/topics/1457 379
@/home/ec2-user/data/topics/4429 380
@/home/ec2-user/data/topics/4659 381
@/home/ec2-user/data/topics/4309 382
@/home/ec2-user/data/topics/4062 383
@/home/ec2-user/data/topics/3995 384
@/home/ec2-user/data/topics/4128 385
@/home/ec2-user/data/topics/3954 386
@/home/ec2-user/data/topics/4626 387
@/home/ec2-user/data/topics/4204 388
@/home/ec2-user/data/topics/4892 389
@/home/ec2-user/data/topics/1052 390
@/home/ec2-user/data/topics/1923 391
@/home/ec2-user/data/topics/1973 392
@/home/ec2-user/data/topics/4497 393
@/home/ec2-user/data/topics/4207 394
@/home/ec2-user/data/topics/4490 395
@/home/ec2-user/data/topics/4657 396
@/home/ec2-user/data/topics/4699 397
@/home/ec2-user/data/topics/1557 398
@/home/ec2-user/data/topics/1612 399
@/home/ec2-user/data/topics/4300 400
@/home/ec2-user/data/topics/4142 401
@/home/ec2-user/data/topics/1852 402
@/home/ec2-user/data/topics/1783 403
@/home/ec2-user/data/topics/1044 404
@/home/ec2-user/data/topics/4718 405
@/home/ec2-user/data/topics/4120 406
@/home/ec2-user/data/topics/2144 407
@/home/ec2-user/data/topics/4093 408
@/home/ec2-user/data/topics/3865 409
@/home/ec2-user/data/topics/4584 410
@/home/ec2-user/data/topics/1199 411
@/home/ec2-user/data/topics/4320 412
@/home/ec2-user/data/topics/1016 413
@/home/ec2-user/data/topics/4081 414
@/home/ec2-user/data/topics/4168 415
@/home/ec2-user/data/topics/4651 416
@/home/ec2-user/data/topics/4313 417
@/home/ec2-user/data/topics/1844 418
松下電器産業株式会社

@/home/ec2-user/data/topics/1516 419
@/home/ec2-user/data/topics/4264 419
@/home/ec2-user/data/topics/3402 420
@/home/ec2-user/data/topics/1633 421
@/home/ec2-user/data/topics/1748 422
@/home/ec2-user/data/topics/2129 423
@/home/ec2-user/data/topics/3676 424
@/home/ec2-user/data/topics/1635 425
@/home/ec2-user/data/topics/4961 426
@/home/ec2-user/data/topics/4475 427
@/home/ec2-user/data/topics/1955 428
@/home/ec2-user/data/topics/1339 429
@/home/ec2-user/data/topics/1881 430
@/home/ec2-user/data/topics/1158 431
@/home/ec2-user/data/topics/1136 432
@/home/ec2-user/data/topics/4385 433
@/home/ec2-user/data/topics/1706 434
@/home/ec2-user/data/topics/4193 435
@/home/ec2-user/data/topics/4867 436
@/home/ec2-user/data/topics/4274 437
@/home/ec2-user/data/topics/4817 438
@/home/ec2-user/data/topics/4945 439
@/home/ec2-user/data/topics/3658 440
@/home/ec2-user/data/topics/1070 441
@/home/ec2-user/data/topics/4043 442
@/home/ec2-user/data/topics/4503 443
@/home/ec2-user/data/topics/3386 444
@/home/ec2-user/data/topics/4761 445
@/home/ec2-user/data/topics/4754 446
@/home/ec2-user/data/topics/3692 447
@/home/ec2-user/data/topics/4464 448
@/home/ec2-user/data/topics/4798 449
@/home/ec2-user/data/topics/4459 450
@/home/ec2-user/data/topics/3558 451
@/home/ec2-user/data/topics/3680 452
@/home/ec2-user/data/topics/4804 453
@/home/ec2-user/data/topics/4574 454
@/home/ec2-user/data/topics/3455 455
@/home/ec2-user/data/topics/4599 456
@/home/ec2-user/data/topics/4676 457
@/home/ec2-user/data/topics/2222 458
@/home/ec2-user/data/topics/1701 459
@/home/ec2-user/data/topics/4382 460
@/home/ec2-user/data/topics/4157 461
@/home/ec2-user/data/topics/5028 462
@/home/ec2-user/data/topics/3719 463
@/home/ec2-user/data/topics/3739 464
@/home/ec2-user/data/topics/4159 465
@/home/ec2-user/data/topics/3746 466
@/home/ec2-user/data/topics/4577 467
@/home/ec2-user/data/topics/4558 468
@/home/ec2-user/data/topics/3494 469
@/home/ec2-user/data/topics/3904 470
@/home/ec2-user/data/topics/3404 471
@/home/ec2-user/data/topics/2156 472
@/home/ec2-user/data/topics/4215 473
@/home/ec2-user/data/topics/1179 474
@/home/ec2-user/data/topics/4303 475
@/home/ec2-user/data/topics/4586 476
@/home/ec2-user/data/topics/1589 477
@/home/ec2-user/data/topics/1157 478
@/home/ec2-user/data/topics/4098 479
@/home/ec2-user/data/topics/1885 480
@/home/ec2-user/data/topics/4422 481
@/home/ec2-user/data/topics/3807 482
@/home/ec2-user/data/topics/3619 483
@/home/ec2-user/data/topics/4448 484
@/home/ec2-user/data/topics/4918 485
@/home/ec2-user/data/topics/1829 486
@/home/ec2-user/data/topics/1257 487
@/home/ec2-user/data/topics/3979 488
@/home/ec2-user/data/topics/4491 489
@/home/ec2-user/data/topics/4000 490
@/home/ec2-user/data/topics/4707 491
@/home/ec2-user/data/topics/1477 492
@/home/ec2-user/data/topics/4936 493
@/home/ec2-user/data/topics/4126 494
@/home/ec2-user/data/topics/4885 495
@/home/ec2-user/data/topics/2029 496
@/home/ec2-user/data/topics/4139 497
@/home/ec2-user/data/topics/4787 498
@/home/ec2-user/data/topics/3510 499
@/home/ec2-user/data/topics/4180 500
@/home/ec2-user/data/topics/4307 501
@/home/ec2-user/data/topics/4625 502
@/home/ec2-user/data/topics/4229 503
@/home/ec2-user/data/topics/1252 504
@/home/ec2-user/data/topics/1898 505
@/home/ec2-user/data/topics/4502 506
@/home/ec2-user/data/topics/1812 507
@/home/ec2-user/data/topics/3920 508
@/home/ec2-user/data/topics/3704 509
@/home/ec2-user/data/topics/3585 510
@/home/ec2-user/data/topics/3761 511
@/home/ec2-user/data/topics/4280 512
@/home/ec2-user/data/topics/1540 513
@/home/ec2-user/data/topics/4806 514
@/home/ec2-user/data/topics/4917 515
@/home/ec2-user/data/topics/3694 516
@/home/ec2-user/data/topics/4101 517
@/home/ec2-user/data/topics/2056 518
@/home/ec2-user/data/topics/3514 519
@/home/ec2-user/data/topics/1705 520
@/home/ec2-user/data/topics/3960 521
@/home/ec2-user/data/topics/4160 522
@/home/ec2-user/data/topics/3721 523
@/home/ec2-user/data/topics/2170 524
@/home/ec2-user/data/topics/4667 525
@/home/ec2-user/data/topics/4102 526
@/home/ec2-user/data/topics/1509 527
@/home/ec2-user/data/topics/3519 528
@/home/ec2-user/data/topics/2080 529
@/home/ec2-user/data/topics/4355 530
@/home/ec2-user/data/topics/4968 531
@/home/ec2-user/data/topics/5024 532
@/home/ec2-user/data/topics/3847 533
@/home/ec2-user/data/topics/4797 534
@/home/ec2-user/data/topics/1026 535
@/home/ec2-user/data/topics/1525 536
@/home/ec2-user/data/topics/4394 537
@/home/ec2-user/data/topics/1762 538
@/home/ec2-user/data/topics/4501 539
@/home/ec2-user/data/topics/3951 540
セイコーインスツルメンツ株式会社

@/home/ec2-user/data/topics/4190 541
@/home/ec2-user/data/topics/4088 541
@/home/ec2-user/data/topics/4036 542
@/home/ec2-user/data/topics/3825 543
@/home/ec2-user/data/topics/4997 544
@/home/ec2-user/data/topics/4203 545
@/home/ec2-user/data/topics/3626 546
@/home/ec2-user/data/topics/4151 547
@/home/ec2-user/data/topics/1707 548
ミノルタ株式会社

@/home/ec2-user/data/topics/2190 549
@/home/ec2-user/data/topics/4971 549
@/home/ec2-user/data/topics/4970 550
@/home/ec2-user/data/topics/4984 551
@/home/ec2-user/data/topics/3584 552
@/home/ec2-user/data/topics/4951 553
@/home/ec2-user/data/topics/3810 554
@/home/ec2-user/data/topics/1152 555
@/home/ec2-user/data/topics/4321 556
@/home/ec2-user/data/topics/3545 557
@/home/ec2-user/data/topics/4977 558
@/home/ec2-user/data/topics/4986 559
株式会社リコー

@/home/ec2-user/data/topics/1083 560
@/home/ec2-user/data/topics/1974 560
@/home/ec2-user/data/topics/3411 561
@/home/ec2-user/data/topics/1190 562
@/home/ec2-user/data/topics/1806 563
@/home/ec2-user/data/topics/1670 564
@/home/ec2-user/data/topics/3472 565
@/home/ec2-user/data/topics/1433 566
@/home/ec2-user/data/topics/1436 567
@/home/ec2-user/data/topics/3750 568
@/home/ec2-user/data/topics/2219 569
@/home/ec2-user/data/topics/1478 570
@/home/ec2-user/data/topics/1669 571
@/home/ec2-user/data/topics/3837 572
@/home/ec2-user/data/topics/2200 573
@/home/ec2-user/data/topics/1482 574
@/home/ec2-user/data/topics/1627 575
@/home/ec2-user/data/topics/1514 576
@/home/ec2-user/data/topics/3713 577
@/home/ec2-user/data/topics/2090 578
@/home/ec2-user/data/topics/3574 579
@/home/ec2-user/data/topics/3711 580
@/home/ec2-user/data/topics/1610 581
@/home/ec2-user/data/topics/3687 582
@/home/ec2-user/data/topics/3424 583
@/home/ec2-user/data/topics/3436 584
@/home/ec2-user/data/topics/2182 585
@/home/ec2-user/data/topics/3557 586
@/home/ec2-user/data/topics/3633 587
@/home/ec2-user/data/topics/3530 588
@/home/ec2-user/data/topics/1282 589
@/home/ec2-user/data/topics/1718 590
@/home/ec2-user/data/topics/2189 591
@/home/ec2-user/data/topics/1095 592
@/home/ec2-user/data/topics/1064 593
@/home/ec2-user/data/topics/3484 594
@/home/ec2-user/data/topics/2201 595
@/home/ec2-user/data/topics/3759 596
@/home/ec2-user/data/topics/3394 597
@/home/ec2-user/data/topics/3880 598
@/home/ec2-user/data/topics/3523 599
@/home/ec2-user/data/topics/2006 600
@/home/ec2-user/data/topics/3548 601
@/home/ec2-user/data/topics/3378 602
@/home/ec2-user/data/topics/4616 603
@/home/ec2-user/data/topics/4344 604
@/home/ec2-user/data/topics/3775 605
@/home/ec2-user/data/topics/1691 606
@/home/ec2-user/data/topics/1663 607
@/home/ec2-user/data/topics/1668 608
@/home/ec2-user/data/topics/1775 609
@/home/ec2-user/data/topics/1106 610
@/home/ec2-user/data/topics/1740 611
@/home/ec2-user/data/topics/1774 612
@/home/ec2-user/data/topics/3555 613
@/home/ec2-user/data/topics/2043 614
@/home/ec2-user/data/topics/1878 615
@/home/ec2-user/data/topics/4781 616
@/home/ec2-user/data/topics/4037 617
@/home/ec2-user/data/topics/4265 618
@/home/ec2-user/data/topics/1755 619
@/home/ec2-user/data/topics/3495 620
@/home/ec2-user/data/topics/3669 621
@/home/ec2-user/data/topics/1593 622
@/home/ec2-user/data/topics/4879 623
@/home/ec2-user/data/topics/3446 624
@/home/ec2-user/data/topics/3474 625
@/home/ec2-user/data/topics/1776 626
@/home/ec2-user/data/topics/1976 627
@/home/ec2-user/data/topics/1780 628
@/home/ec2-user/data/topics/1225 629
独立行政法人産業技術総合研究所

@/home/ec2-user/data/topics/4777 630
@/home/ec2-user/data/topics/4740 630
@/home/ec2-user/data/topics/4869 631
@/home/ec2-user/data/topics/1356 632
@/home/ec2-user/data/topics/4800 633
@/home/ec2-user/data/topics/4739 634
ソニー株式会社

@/home/ec2-user/data/topics/1749 635
@/home/ec2-user/data/topics/1233 635
@/home/ec2-user/data/topics/2105 636
@/home/ec2-user/data/topics/1954 637
@/home/ec2-user/data/topics/4184 638
@/home/ec2-user/data/topics/3401 639
@/home/ec2-user/data/topics/1967 640
@/home/ec2-user/data/topics/1491 641
@/home/ec2-user/data/topics/3975 642
@/home/ec2-user/data/topics/2075 643
@/home/ec2-user/data/topics/2058 644
@/home/ec2-user/data/topics/1926 645
@/home/ec2-user/data/topics/1059 646
@/home/ec2-user/data/topics/1426 647
@/home/ec2-user/data/topics/1778 648
@/home/ec2-user/data/topics/1873 649
@/home/ec2-user/data/topics/2048 650
@/home/ec2-user/data/topics/1679 651
@/home/ec2-user/data/topics/3456 652
@/home/ec2-user/data/topics/2037 653
@/home/ec2-user/data/topics/1397 654
@/home/ec2-user/data/topics/1298 655
@/home/ec2-user/data/topics/1836 656
@/home/ec2-user/data/topics/1912 657
@/home/ec2-user/data/topics/1291 658
@/home/ec2-user/data/topics/1218 659
@/home/ec2-user/data/topics/2059 660
@/home/ec2-user/data/topics/3392 661
@/home/ec2-user/data/topics/1892 662
@/home/ec2-user/data/topics/4351 663
@/home/ec2-user/data/topics/2052 664
@/home/ec2-user/data/topics/1147 665
@/home/ec2-user/data/topics/1102 666
@/home/ec2-user/data/topics/5027 667
@/home/ec2-user/data/topics/1380 668
@/home/ec2-user/data/topics/1602 669
@/home/ec2-user/data/topics/3872 670
@/home/ec2-user/data/topics/1414 671
@/home/ec2-user/data/topics/3955 672
@/home/ec2-user/data/topics/4219 673
@/home/ec2-user/data/topics/1686 674
@/home/ec2-user/data/topics/1471 675
@/home/ec2-user/data/topics/2094 676
@/home/ec2-user/data/topics/3924 677
@/home/ec2-user/data/topics/1435 678
@/home/ec2-user/data/topics/1884 679
@/home/ec2-user/data/topics/4224 680
富士ゼロックス株式会社

@/home/ec2-user/data/topics/3383 681
@/home/ec2-user/data/topics/5031 681
@/home/ec2-user/data/topics/3790 682
@/home/ec2-user/data/topics/4108 683
@/home/ec2-user/data/topics/3695 684
@/home/ec2-user/data/topics/1947 685
@/home/ec2-user/data/topics/1560 686
@/home/ec2-user/data/topics/3366 687
@/home/ec2-user/data/topics/3407 688
@/home/ec2-user/data/topics/3662 689
@/home/ec2-user/data/topics/3473 690
@/home/ec2-user/data/topics/3640 691
@/home/ec2-user/data/topics/3782 692
@/home/ec2-user/data/topics/3564 693
@/home/ec2-user/data/topics/3661 694
住友金属工業株式会社

@/home/ec2-user/data/topics/1268 695
@/home/ec2-user/data/topics/4534 695
@/home/ec2-user/data/topics/4991 696
@/home/ec2-user/data/topics/4661 697
@/home/ec2-user/data/topics/4733 698
@/home/ec2-user/data/topics/4021 699
@/home/ec2-user/data/topics/3826 700
@/home/ec2-user/data/topics/4322 701
@/home/ec2-user/data/topics/3655 702
@/home/ec2-user/data/topics/4182 703
@/home/ec2-user/data/topics/3577 704
@/home/ec2-user/data/topics/4295 705
日立電線株式会社

@/home/ec2-user/data/topics/4357 706
@/home/ec2-user/data/topics/1027 706
@/home/ec2-user/data/topics/3930 707
@/home/ec2-user/data/topics/4329 708
@/home/ec2-user/data/topics/1305 709
@/home/ec2-user/data/topics/3756 710
@/home/ec2-user/data/topics/1388 711
@/home/ec2-user/data/topics/4356 712
@/home/ec2-user/data/topics/1117 713
キヤノン株式会社

@/home/ec2-user/data/topics/4068 714
@/home/ec2-user/data/topics/1744 714
@/home/ec2-user/data/topics/3445 715
@/home/ec2-user/data/topics/1519 716
@/home/ec2-user/data/topics/1847 717
@/home/ec2-user/data/topics/1118 718
@/home/ec2-user/data/topics/4948 719
@/home/ec2-user/data/topics/1124 720
@/home/ec2-user/data/topics/3843 721
@/home/ec2-user/data/topics/3415 722
@/home/ec2-user/data/topics/3430 723
@/home/ec2-user/data/topics/1790 724
@/home/ec2-user/data/topics/1866 725
@/home/ec2-user/data/topics/3730 726
@/home/ec2-user/data/topics/1646 727
@/home/ec2-user/data/topics/3737 728
@/home/ec2-user/data/topics/1438 729
@/home/ec2-user/data/topics/2004 730
@/home/ec2-user/data/topics/3949 731
@/home/ec2-user/data/topics/4350 732
@/home/ec2-user/data/topics/3410 733
@/home/ec2-user/data/topics/4020 734
@/home/ec2-user/data/topics/2231 735
@/home/ec2-user/data/topics/4520 736
@/home/ec2-user/data/topics/1455 737
@/home/ec2-user/data/topics/1590 738
@/home/ec2-user/data/topics/3376 739
@/home/ec2-user/data/topics/3996 740
@/home/ec2-user/data/topics/3416 741
@/home/ec2-user/data/topics/1848 742
@/home/ec2-user/data/topics/1228 743
@/home/ec2-user/data/topics/2107 744
@/home/ec2-user/data/topics/1895 745
@/home/ec2-user/data/topics/3438 746
@/home/ec2-user/data/topics/3958 747
@/home/ec2-user/data/topics/4937 748
@/home/ec2-user/data/topics/4363 749
@/home/ec2-user/data/topics/3660 750
@/home/ec2-user/data/topics/3374 751
@/home/ec2-user/data/topics/1745 752
@/home/ec2-user/data/topics/1961 753
@/home/ec2-user/data/topics/1631 754
@/home/ec2-user/data/topics/3720 755
@/home/ec2-user/data/topics/1539 756
@/home/ec2-user/data/topics/4947 757
@/home/ec2-user/data/topics/3755 758
@/home/ec2-user/data/topics/3967 759
@/home/ec2-user/data/topics/4521 760
@/home/ec2-user/data/topics/2243 761
@/home/ec2-user/data/topics/1975 762
@/home/ec2-user/data/topics/3434 763
@/home/ec2-user/data/topics/1513 764
@/home/ec2-user/data/topics/2117 765
@/home/ec2-user/data/topics/1216 766
@/home/ec2-user/data/topics/3441 767
@/home/ec2-user/data/topics/3642 768
@/home/ec2-user/data/topics/1889 769
@/home/ec2-user/data/topics/4610 770
@/home/ec2-user/data/topics/3852 771
@/home/ec2-user/data/topics/1080 772
@/home/ec2-user/data/topics/4054 773
@/home/ec2-user/data/topics/1208 774
@/home/ec2-user/data/topics/3656 775
@/home/ec2-user/data/topics/4628 776
@/home/ec2-user/data/topics/3454 777
@/home/ec2-user/data/topics/3722 778
@/home/ec2-user/data/topics/3417 779
@/home/ec2-user/data/topics/1568 780
@/home/ec2-user/data/topics/3628 781
@/home/ec2-user/data/topics/3420 782
@/home/ec2-user/data/topics/2053 783
@/home/ec2-user/data/topics/2145 784
@/home/ec2-user/data/topics/1802 785
三洋電機株式会社

@/home/ec2-user/data/topics/3859 786
@/home/ec2-user/data/topics/4015 786
@/home/ec2-user/data/topics/4474 787
@/home/ec2-user/data/topics/4612 788
@/home/ec2-user/data/topics/3403 789
@/home/ec2-user/data/topics/4571 790
@/home/ec2-user/data/topics/4679 791
@/home/ec2-user/data/topics/2194 792
@/home/ec2-user/data/topics/3845 793
@/home/ec2-user/data/topics/4066 794
@/home/ec2-user/data/topics/4654 795
@/home/ec2-user/data/topics/1479 796
@/home/ec2-user/data/topics/4304 797
@/home/ec2-user/data/topics/3492 798
@/home/ec2-user/data/topics/4001 799
@/home/ec2-user/data/topics/3681 800
@/home/ec2-user/data/topics/1722 801
@/home/ec2-user/data/topics/4179 802
@/home/ec2-user/data/topics/1289 803
@/home/ec2-user/data/topics/3754 804
@/home/ec2-user/data/topics/4384 805
@/home/ec2-user/data/topics/3974 806
@/home/ec2-user/data/topics/1652 807
@/home/ec2-user/data/topics/2054 808
@/home/ec2-user/data/topics/2230 809
@/home/ec2-user/data/topics/1163 810
@/home/ec2-user/data/topics/1653 811
@/home/ec2-user/data/topics/3781 812
@/home/ec2-user/data/topics/4060 813
@/home/ec2-user/data/topics/1980 814
@/home/ec2-user/data/topics/3986 815
@/home/ec2-user/data/topics/4983 816
@/home/ec2-user/data/topics/3808 817
@/home/ec2-user/data/topics/4527 818
@/home/ec2-user/data/topics/5011 819
@/home/ec2-user/data/topics/4788 820
@/home/ec2-user/data/topics/4960 821
@/home/ec2-user/data/topics/4039 822
@/home/ec2-user/data/topics/3889 823
@/home/ec2-user/data/topics/1488 824
@/home/ec2-user/data/topics/4978 825
@/home/ec2-user/data/topics/4178 826
@/home/ec2-user/data/topics/3953 827
@/home/ec2-user/data/topics/1386 828
@/home/ec2-user/data/topics/4726 829
@/home/ec2-user/data/topics/4328 830
@/home/ec2-user/data/topics/4604 831
@/home/ec2-user/data/topics/3398 832
@/home/ec2-user/data/topics/4837 833
@/home/ec2-user/data/topics/3804 834
@/home/ec2-user/data/topics/2071 835
@/home/ec2-user/data/topics/3491 836
@/home/ec2-user/data/topics/3539 837
@/home/ec2-user/data/topics/3830 838
@/home/ec2-user/data/topics/1079 839
@/home/ec2-user/data/topics/3625 840
@/home/ec2-user/data/topics/2014 841
@/home/ec2-user/data/topics/3581 842
@/home/ec2-user/data/topics/1321 843
@/home/ec2-user/data/topics/4212 844
@/home/ec2-user/data/topics/4720 845
@/home/ec2-user/data/topics/1671 846
@/home/ec2-user/data/topics/4376 847
@/home/ec2-user/data/topics/5002 848
@/home/ec2-user/data/topics/4301 849
@/home/ec2-user/data/topics/1451 850
@/home/ec2-user/data/topics/3817 851
@/home/ec2-user/data/topics/3708 852
@/home/ec2-user/data/topics/1246 853
@/home/ec2-user/data/topics/2098 854
@/home/ec2-user/data/topics/4150 855
@/home/ec2-user/data/topics/4099 856
@/home/ec2-user/data/topics/3926 857
@/home/ec2-user/data/topics/2063 858
@/home/ec2-user/data/topics/4763 859
@/home/ec2-user/data/topics/4492 860
@/home/ec2-user/data/topics/3906 861
@/home/ec2-user/data/topics/1515 862
@/home/ec2-user/data/topics/4061 863
三菱電機株式会社

@/home/ec2-user/data/topics/4076 864
@/home/ec2-user/data/topics/3666 864
@/home/ec2-user/data/topics/4220 865
@/home/ec2-user/data/topics/4221 866
@/home/ec2-user/data/topics/3595 867
@/home/ec2-user/data/topics/4614 868
@/home/ec2-user/data/topics/3800 869
@/home/ec2-user/data/topics/3856 870
@/home/ec2-user/data/topics/3592 871
@/home/ec2-user/data/topics/4282 872
@/home/ec2-user/data/topics/3451 873
@/home/ec2-user/data/topics/3453 874
@/home/ec2-user/data/topics/4305 875
@/home/ec2-user/data/topics/4047 876
@/home/ec2-user/data/topics/4562 877
@/home/ec2-user/data/topics/3506 878
@/home/ec2-user/data/topics/3412 879
@/home/ec2-user/data/topics/3747 880
@/home/ec2-user/data/topics/1110 881
@/home/ec2-user/data/topics/5032 882
@/home/ec2-user/data/topics/4834 883
@/home/ec2-user/data/topics/3469 884
@/home/ec2-user/data/topics/1754 885
@/home/ec2-user/data/topics/3612 886
@/home/ec2-user/data/topics/4663 887
@/home/ec2-user/data/topics/3841 888
@/home/ec2-user/data/topics/4235 889
@/home/ec2-user/data/topics/4041 890
@/home/ec2-user/data/topics/3820 891
@/home/ec2-user/data/topics/2146 892
@/home/ec2-user/data/topics/4181 893
@/home/ec2-user/data/topics/3616 894
@/home/ec2-user/data/topics/1792 895
@/home/ec2-user/data/topics/3465 896
@/home/ec2-user/data/topics/5033 897
@/home/ec2-user/data/topics/3466 898
@/home/ec2-user/data/topics/4514 899
@/home/ec2-user/data/topics/4149 900
@/home/ec2-user/data/topics/4518 901
@/home/ec2-user/data/topics/3609 902
@/home/ec2-user/data/topics/3774 903
@/home/ec2-user/data/topics/3397 904
@/home/ec2-user/data/topics/1536 905
@/home/ec2-user/data/topics/3921 906
@/home/ec2-user/data/topics/4133 907
@/home/ec2-user/data/topics/1220 908
@/home/ec2-user/data/topics/3963 909
@/home/ec2-user/data/topics/4419 910
@/home/ec2-user/data/topics/4980 911
@/home/ec2-user/data/topics/3490 912
@/home/ec2-user/data/topics/3873 913
@/home/ec2-user/data/topics/4880 914
@/home/ec2-user/data/topics/3493 915
@/home/ec2-user/data/topics/3409 916
@/home/ec2-user/data/topics/4552 917
@/home/ec2-user/data/topics/1738 918
@/home/ec2-user/data/topics/4233 919
@/home/ec2-user/data/topics/1872 920
住友ゴム工業株式会社

@/home/ec2-user/data/topics/2007 921
@/home/ec2-user/data/topics/4406 921
@/home/ec2-user/data/topics/4597 922
@/home/ec2-user/data/topics/1114 923
@/home/ec2-user/data/topics/4568 924
@/home/ec2-user/data/topics/4048 925
@/home/ec2-user/data/topics/1758 926
セイコーエプソン株式会社

@/home/ec2-user/data/topics/3887 927
@/home/ec2-user/data/topics/4454 927
@/home/ec2-user/data/topics/3910 928
@/home/ec2-user/data/topics/3589 929
@/home/ec2-user/data/topics/4605 930
@/home/ec2-user/data/topics/2078 931
@/home/ec2-user/data/topics/4585 932
@/home/ec2-user/data/topics/4802 933
@/home/ec2-user/data/topics/1484 934
@/home/ec2-user/data/topics/3361 935
@/home/ec2-user/data/topics/1890 936
@/home/ec2-user/data/topics/3819 937
@/home/ec2-user/data/topics/3505 938
@/home/ec2-user/data/topics/4386 939
@/home/ec2-user/data/topics/3476 940
@/home/ec2-user/data/topics/1378 941
@/home/ec2-user/data/topics/1423 942
@/home/ec2-user/data/topics/4719 943
@/home/ec2-user/data/topics/2165 944
@/home/ec2-user/data/topics/1938 945
@/home/ec2-user/data/topics/4022 946
@/home/ec2-user/data/topics/4109 947
@/home/ec2-user/data/topics/1343 948
@/home/ec2-user/data/topics/4801 949
@/home/ec2-user/data/topics/1641 950
@/home/ec2-user/data/topics/3985 951
株式会社三共

@/home/ec2-user/data/topics/4868 952
@/home/ec2-user/data/topics/2060 952
@/home/ec2-user/data/topics/1648 953
@/home/ec2-user/data/topics/2123 954
@/home/ec2-user/data/topics/1189 955
@/home/ec2-user/data/topics/4374 956
@/home/ec2-user/data/topics/1665 957
@/home/ec2-user/data/topics/1377 958
@/home/ec2-user/data/topics/1086 959
沖電気工業株式会社

@/home/ec2-user/data/topics/4308 960
@/home/ec2-user/data/topics/3571 960
@/home/ec2-user/data/topics/1531 961
@/home/ec2-user/data/topics/3457 962
@/home/ec2-user/data/topics/3433 963
@/home/ec2-user/data/topics/1188 964
@/home/ec2-user/data/topics/3964 965
@/home/ec2-user/data/topics/3690 966
@/home/ec2-user/data/topics/4299 967
@/home/ec2-user/data/topics/3621 968
@/home/ec2-user/data/topics/3764 969
@/home/ec2-user/data/topics/4575 970
@/home/ec2-user/data/topics/4693 971
@/home/ec2-user/data/topics/3395 972
株式会社三星

@/home/ec2-user/data/topics/3942 973
@/home/ec2-user/data/topics/1733 973
@/home/ec2-user/data/topics/1260 974
@/home/ec2-user/data/topics/1728 975
@/home/ec2-user/data/topics/2198 976
@/home/ec2-user/data/topics/2108 977
日本ビクター株式会社

@/home/ec2-user/data/topics/1389 978
@/home/ec2-user/data/topics/1520 978
@/home/ec2-user/data/topics/1823 979
@/home/ec2-user/data/topics/4123 980
@/home/ec2-user/data/topics/1440 981
@/home/ec2-user/data/topics/3620 982
@/home/ec2-user/data/topics/3939 983
@/home/ec2-user/data/topics/3603 984
@/home/ec2-user/data/topics/4056 985
@/home/ec2-user/data/topics/4672 986
@/home/ec2-user/data/topics/3882 987
花王株式会社

@/home/ec2-user/data/topics/4827 988
@/home/ec2-user/data/topics/4249 988
@/home/ec2-user/data/topics/3753 989
@/home/ec2-user/data/topics/1022 990
@/home/ec2-user/data/topics/1767 991
@/home/ec2-user/data/topics/3884 992
@/home/ec2-user/data/topics/4211 993
@/home/ec2-user/data/topics/3812 994
@/home/ec2-user/data/topics/2214 995
@/home/ec2-user/data/topics/3999 996
@/home/ec2-user/data/topics/4445 997
@/home/ec2-user/data/topics/4287 998
@/home/ec2-user/data/topics/1196 999
三田工業株式会社

@/home/ec2-user/data/topics/1269 1000
@/home/ec2-user/data/topics/2155 1000
@/home/ec2-user/data/topics/1033 1001
@/home/ec2-user/data/topics/1034 1002
@/home/ec2-user/data/topics/2136 1003
@/home/ec2-user/data/topics/3923 1004
@/home/ec2-user/data/topics/3842 1005
@/home/ec2-user/data/topics/1766 1006
@/home/ec2-user/data/topics/3604 1007
豊丸産業株式会社

@/home/ec2-user/data/topics/2011 1008
@/home/ec2-user/data/topics/1353 1008
@/home/ec2-user/data/topics/3672 1009
@/home/ec2-user/data/topics/1126 1010
@/home/ec2-user/data/topics/1138 1011
@/home/ec2-user/data/topics/2169 1012
@/home/ec2-user/data/topics/1097 1013
@/home/ec2-user/data/topics/1401 1014
@/home/ec2-user/data/topics/1726 1015
@/home/ec2-user/data/topics/1588 1016
@/home/ec2-user/data/topics/4847 1017
@/home/ec2-user/data/topics/1914 1018
@/home/ec2-user/data/topics/1677 1019
@/home/ec2-user/data/topics/1284 1020
@/home/ec2-user/data/topics/1713 1021
鐘紡株式会社

@/home/ec2-user/data/topics/1842 1022
@/home/ec2-user/data/topics/4195 1022
@/home/ec2-user/data/topics/1886 1023
@/home/ec2-user/data/topics/2223 1024
@/home/ec2-user/data/topics/2185 1025
@/home/ec2-user/data/topics/3566 1026
@/home/ec2-user/data/topics/3551 1027
@/home/ec2-user/data/topics/3560 1028
@/home/ec2-user/data/topics/1901 1029
@/home/ec2-user/data/topics/1367 1030
@/home/ec2-user/data/topics/2034 1031
@/home/ec2-user/data/topics/1054 1032
@/home/ec2-user/data/topics/1304 1033
@/home/ec2-user/data/topics/1178 1034
@/home/ec2-user/data/topics/3634 1035
@/home/ec2-user/data/topics/1870 1036
株式会社デンソー

@/home/ec2-user/data/topics/4675 1037
@/home/ec2-user/data/topics/4483 1037
@/home/ec2-user/data/topics/4840 1038
@/home/ec2-user/data/topics/4622 1039
@/home/ec2-user/data/topics/4024 1040
@/home/ec2-user/data/topics/4046 1041
@/home/ec2-user/data/topics/1028 1042
@/home/ec2-user/data/topics/4656 1043
@/home/ec2-user/data/topics/1855 1044
@/home/ec2-user/data/topics/4164 1045
@/home/ec2-user/data/topics/4498 1046
@/home/ec2-user/data/topics/4423 1047
@/home/ec2-user/data/topics/3406 1048
@/home/ec2-user/data/topics/3480 1049
@/home/ec2-user/data/topics/3421 1050
@/home/ec2-user/data/topics/4805 1051
@/home/ec2-user/data/topics/3710 1052
富士写真フイルム株式会社

@/home/ec2-user/data/topics/1570 1053
@/home/ec2-user/data/topics/1244 1053
@/home/ec2-user/data/topics/4962 1054
@/home/ec2-user/data/topics/2134 1055
@/home/ec2-user/data/topics/3447 1056
@/home/ec2-user/data/topics/3354 1057
@/home/ec2-user/data/topics/3857 1058
@/home/ec2-user/data/topics/3918 1059
@/home/ec2-user/data/topics/1662 1060
@/home/ec2-user/data/topics/3911 1061
@/home/ec2-user/data/topics/1603 1062
京セラ株式会社

@/home/ec2-user/data/topics/3593 1063
@/home/ec2-user/data/topics/3741 1063
@/home/ec2-user/data/topics/1708 1064
@/home/ec2-user/data/topics/4340 1065
@/home/ec2-user/data/topics/1913 1066
@/home/ec2-user/data/topics/4901 1067
@/home/ec2-user/data/topics/3615 1068
@/home/ec2-user/data/topics/3869 1069
@/home/ec2-user/data/topics/4031 1070
@/home/ec2-user/data/topics/1741 1071
@/home/ec2-user/data/topics/1485 1072
@/home/ec2-user/data/topics/4513 1073
イビデン株式会社

@/home/ec2-user/data/topics/3814 1074
@/home/ec2-user/data/topics/1770 1074
@/home/ec2-user/data/topics/1315 1075
@/home/ec2-user/data/topics/1336 1076
@/home/ec2-user/data/topics/2033 1077
@/home/ec2-user/data/topics/1952 1078
@/home/ec2-user/data/topics/1682 1079
株式会社東芝

@/home/ec2-user/data/topics/4751 1080
@/home/ec2-user/data/topics/4381 1080
@/home/ec2-user/data/topics/1132 1081
@/home/ec2-user/data/topics/1585 1082
@/home/ec2-user/data/topics/4935 1083
@/home/ec2-user/data/topics/4361 1084
@/home/ec2-user/data/topics/3351 1085
@/home/ec2-user/data/topics/4089 1086
@/home/ec2-user/data/topics/3780 1087
@/home/ec2-user/data/topics/3834 1088
@/home/ec2-user/data/topics/4623 1089
@/home/ec2-user/data/topics/1756 1090
@/home/ec2-user/data/topics/4183 1091
@/home/ec2-user/data/topics/4096 1092
@/home/ec2-user/data/topics/4292 1093
@/home/ec2-user/data/topics/3380 1094
@/home/ec2-user/data/topics/3542 1095
@/home/ec2-user/data/topics/4302 1096
@/home/ec2-user/data/topics/3688 1097
@/home/ec2-user/data/topics/1205 1098
@/home/ec2-user/data/topics/4140 1099
@/home/ec2-user/data/topics/4566 1100
@/home/ec2-user/data/topics/4009 1101
@/home/ec2-user/data/topics/1997 1102
@/home/ec2-user/data/topics/3363 1103
@/home/ec2-user/data/topics/4842 1104
@/home/ec2-user/data/topics/3795 1105
@/home/ec2-user/data/topics/3890 1106
@/home/ec2-user/data/topics/3988 1107
@/home/ec2-user/data/topics/1819 1108
@/home/ec2-user/data/topics/1090 1109
@/home/ec2-user/data/topics/4057 1110
@/home/ec2-user/data/topics/3689 1111
@/home/ec2-user/data/topics/3732 1112
@/home/ec2-user/data/topics/4881 1113
@/home/ec2-user/data/topics/4912 1114
@/home/ec2-user/data/topics/4165 1115
@/home/ec2-user/data/topics/3881 1116
@/home/ec2-user/data/topics/3851 1117
@/home/ec2-user/data/topics/3990 1118
@/home/ec2-user/data/topics/4755 1119
@/home/ec2-user/data/topics/4594 1120
@/home/ec2-user/data/topics/4863 1121
@/home/ec2-user/data/topics/3598 1122
@/home/ec2-user/data/topics/3948 1123
@/home/ec2-user/data/topics/4336 1124
@/home/ec2-user/data/topics/3352 1125
@/home/ec2-user/data/topics/4172 1126
@/home/ec2-user/data/topics/3683 1127
@/home/ec2-user/data/topics/4631 1128
@/home/ec2-user/data/topics/3716 1129
@/home/ec2-user/data/topics/1332 1130
@/home/ec2-user/data/topics/3462 1131
@/home/ec2-user/data/topics/4509 1132
@/home/ec2-user/data/topics/4535 1133
@/home/ec2-user/data/topics/2241 1134
@/home/ec2-user/data/topics/3618 1135
@/home/ec2-user/data/topics/1757 1136
@/home/ec2-user/data/topics/4197 1137
@/home/ec2-user/data/topics/3734 1138
@/home/ec2-user/data/topics/3360 1139
ヤマハ株式会社

@/home/ec2-user/data/topics/4145 1140
@/home/ec2-user/data/topics/1443 1140
@/home/ec2-user/data/topics/4010 1141
@/home/ec2-user/data/topics/4177 1142
@/home/ec2-user/data/topics/4084 1143
@/home/ec2-user/data/topics/4125 1144
@/home/ec2-user/data/topics/4045 1145
@/home/ec2-user/data/topics/1676 1146
@/home/ec2-user/data/topics/1720 1147
@/home/ec2-user/data/topics/3972 1148
@/home/ec2-user/data/topics/4954 1149
@/home/ec2-user/data/topics/4919 1150
@/home/ec2-user/data/topics/1911 1151
東洋紡績株式会社

@/home/ec2-user/data/topics/1613 1152
@/home/ec2-user/data/topics/4362 1152
@/home/ec2-user/data/topics/4284 1153
@/home/ec2-user/data/topics/3769 1154
@/home/ec2-user/data/topics/1029 1155
@/home/ec2-user/data/topics/4366 1156
三菱化学株式会社

@/home/ec2-user/data/topics/1197 1157
@/home/ec2-user/data/topics/3638 1157
@/home/ec2-user/data/topics/1902 1158
@/home/ec2-user/data/topics/3513 1159
@/home/ec2-user/data/topics/3458 1160
@/home/ec2-user/data/topics/1699 1161
カシオ計算機株式会社

@/home/ec2-user/data/topics/1235 1162
@/home/ec2-user/data/topics/3391 1162
@/home/ec2-user/data/topics/1047 1163
@/home/ec2-user/data/topics/2180 1164
@/home/ec2-user/data/topics/1535 1165
@/home/ec2-user/data/topics/1368 1166
@/home/ec2-user/data/topics/2237 1167
@/home/ec2-user/data/topics/1794 1168
コナミ株式会社

@/home/ec2-user/data/topics/2100 1169
@/home/ec2-user/data/topics/1621 1169
@/home/ec2-user/data/topics/5015 1170
@/home/ec2-user/data/topics/2151 1171
@/home/ec2-user/data/topics/4681 1172
@/home/ec2-user/data/topics/1302 1173
@/home/ec2-user/data/topics/4602 1174
@/home/ec2-user/data/topics/1672 1175
大日本スクリーン製造株式会社

@/home/ec2-user/data/topics/3742 1176
@/home/ec2-user/data/topics/1608 1176
@/home/ec2-user/data/topics/2209 1177
@/home/ec2-user/data/topics/1173 1178
@/home/ec2-user/data/topics/1779 1179
@/home/ec2-user/data/topics/2172 1180
@/home/ec2-user/data/topics/1130 1181
オムロン株式会社

@/home/ec2-user/data/topics/1657 1182
@/home/ec2-user/data/topics/4771 1182
@/home/ec2-user/data/topics/2096 1183
@/home/ec2-user/data/topics/1151 1184
@/home/ec2-user/data/topics/3863 1185
@/home/ec2-user/data/topics/3748 1186
@/home/ec2-user/data/topics/1533 1187
@/home/ec2-user/data/topics/3700 1188
@/home/ec2-user/data/topics/1933 1189
@/home/ec2-user/data/topics/3597 1190
@/home/ec2-user/data/topics/1135 1191
@/home/ec2-user/data/topics/1067 1192
@/home/ec2-user/data/topics/1841 1193
@/home/ec2-user/data/topics/1579 1194
@/home/ec2-user/data/topics/3594 1195
株式会社日立製作所

@/home/ec2-user/data/topics/1987 1196
@/home/ec2-user/data/topics/1833 1196
@/home/ec2-user/data/topics/1651 1197
@/home/ec2-user/data/topics/4420 1198
@/home/ec2-user/data/topics/3599 1199
@/home/ec2-user/data/topics/4943 1200
@/home/ec2-user/data/topics/3706 1201
@/home/ec2-user/data/topics/4559 1202
@/home/ec2-user/data/topics/1082 1203
@/home/ec2-user/data/topics/4058 1204
@/home/ec2-user/data/topics/1501 1205
@/home/ec2-user/data/topics/1334 1206
@/home/ec2-user/data/topics/3822 1207
@/home/ec2-user/data/topics/4547 1208
@/home/ec2-user/data/topics/1249 1209
@/home/ec2-user/data/topics/3968 1210
@/home/ec2-user/data/topics/3488 1211
@/home/ec2-user/data/topics/4830 1212
@/home/ec2-user/data/topics/3461 1213
@/home/ec2-user/data/topics/4402 1214
@/home/ec2-user/data/topics/1247 1215
@/home/ec2-user/data/topics/3570 1216
@/home/ec2-user/data/topics/3994 1217
@/home/ec2-user/data/topics/1880 1218
@/home/ec2-user/data/topics/3439 1219
@/home/ec2-user/data/topics/1693 1220
@/home/ec2-user/data/topics/4493 1221
@/home/ec2-user/data/topics/1278 1222
@/home/ec2-user/data/topics/5029 1223
@/home/ec2-user/data/topics/3993 1224
@/home/ec2-user/data/topics/3973 1225
@/home/ec2-user/data/topics/4621 1226
@/home/ec2-user/data/topics/4489 1227
@/home/ec2-user/data/topics/3772 1228
@/home/ec2-user/data/topics/5030 1229
@/home/ec2-user/data/topics/1562 1230
@/home/ec2-user/data/topics/1487 1231
@/home/ec2-user/data/topics/1340 1232
@/home/ec2-user/data/topics/1640 1233
@/home/ec2-user/data/topics/1105 1234
@/home/ec2-user/data/topics/2184 1235
@/home/ec2-user/data/topics/3432 1236
@/home/ec2-user/data/topics/1667 1237
@/home/ec2-user/data/topics/3659 1238
@/home/ec2-user/data/topics/4799 1239
@/home/ec2-user/data/topics/2081 1240
@/home/ec2-user/data/topics/1882 1241
@/home/ec2-user/data/topics/3596 1242
@/home/ec2-user/data/topics/4990 1243
@/home/ec2-user/data/topics/1825 1244
@/home/ec2-user/data/topics/1072 1245
@/home/ec2-user/data/topics/4122 1246
@/home/ec2-user/data/topics/3779 1247
@/home/ec2-user/data/topics/3965 1248
@/home/ec2-user/data/topics/4401 1249
@/home/ec2-user/data/topics/3350 1250
@/home/ec2-user/data/topics/4166 1251
@/home/ec2-user/data/topics/3588 1252
@/home/ec2-user/data/topics/3691 1253
@/home/ec2-user/data/topics/3531 1254
@/home/ec2-user/data/topics/3384 1255
@/home/ec2-user/data/topics/3440 1256
@/home/ec2-user/data/topics/4551 1257
@/home/ec2-user/data/topics/1826 1258
@/home/ec2-user/data/topics/2019 1259
@/home/ec2-user/data/topics/4040 1260
@/home/ec2-user/data/topics/1296 1261
@/home/ec2-user/data/topics/3524 1262
@/home/ec2-user/data/topics/4545 1263
@/home/ec2-user/data/topics/2239 1264
@/home/ec2-user/data/topics/1463 1265
@/home/ec2-user/data/topics/3471 1266
@/home/ec2-user/data/topics/3648 1267
@/home/ec2-user/data/topics/3665 1268
凸版印刷株式会社

@/home/ec2-user/data/topics/4874 1269
@/home/ec2-user/data/topics/1765 1269
@/home/ec2-user/data/topics/3624 1270
@/home/ec2-user/data/topics/1091 1271
@/home/ec2-user/data/topics/3526 1272
@/home/ec2-user/data/topics/1977 1273
@/home/ec2-user/data/topics/3500 1274
株式会社ノーリツ

@/home/ec2-user/data/topics/1618 1275
@/home/ec2-user/data/topics/1760 1275
@/home/ec2-user/data/topics/1598 1276
@/home/ec2-user/data/topics/2116 1277
@/home/ec2-user/data/topics/4776 1278
@/home/ec2-user/data/topics/4206 1279
@/home/ec2-user/data/topics/4354 1280
@/home/ec2-user/data/topics/1290 1281
川崎重工業株式会社

@/home/ec2-user/data/topics/1162 1282
@/home/ec2-user/data/topics/1172 1282
@/home/ec2-user/data/topics/4793 1283
@/home/ec2-user/data/topics/4756 1284
@/home/ec2-user/data/topics/4572 1285
@/home/ec2-user/data/topics/4866 1286
@/home/ec2-user/data/topics/4944 1287
@/home/ec2-user/data/topics/5025 1288
ティーディーケイ株式会社

@/home/ec2-user/data/topics/3792 1289
@/home/ec2-user/data/topics/3798 1289
@/home/ec2-user/data/topics/2210 1290
@/home/ec2-user/data/topics/1129 1291
@/home/ec2-user/data/topics/3909 1292
@/home/ec2-user/data/topics/1409 1293
@/home/ec2-user/data/topics/2202 1294
@/home/ec2-user/data/topics/1510 1295
@/home/ec2-user/data/topics/4619 1296
京セラミタ株式会社

@/home/ec2-user/data/topics/4174 1297
@/home/ec2-user/data/topics/1930 1297
@/home/ec2-user/data/topics/2141 1298
@/home/ec2-user/data/topics/1032 1299
@/home/ec2-user/data/topics/4973 1300
@/home/ec2-user/data/topics/4564 1301
@/home/ec2-user/data/topics/4985 1302
株式会社クボタ

@/home/ec2-user/data/topics/1280 1303
@/home/ec2-user/data/topics/4251 1303
@/home/ec2-user/data/topics/4745 1304
@/home/ec2-user/data/topics/4379 1305
@/home/ec2-user/data/topics/1734 1306
@/home/ec2-user/data/topics/3823 1307
@/home/ec2-user/data/topics/3854 1308
@/home/ec2-user/data/topics/3919 1309
@/home/ec2-user/data/topics/1448 1310
@/home/ec2-user/data/topics/1012 1311
シャープ株式会社

@/home/ec2-user/data/topics/3776 1312
@/home/ec2-user/data/topics/1384 1312
@/home/ec2-user/data/topics/3610 1313
@/home/ec2-user/data/topics/3606 1314
@/home/ec2-user/data/topics/4782 1315
@/home/ec2-user/data/topics/4648 1316
@/home/ec2-user/data/topics/4683 1317
@/home/ec2-user/data/topics/3871 1318
@/home/ec2-user/data/topics/1561 1319
@/home/ec2-user/data/topics/1970 1320
@/home/ec2-user/data/topics/1431 1321
@/home/ec2-user/data/topics/4173 1322
@/home/ec2-user/data/topics/3678 1323
@/home/ec2-user/data/topics/4214 1324
@/home/ec2-user/data/topics/1685 1325
@/home/ec2-user/data/topics/4252 1326
@/home/ec2-user/data/topics/3777 1327
@/home/ec2-user/data/topics/1396 1328
@/home/ec2-user/data/topics/4256 1329
@/home/ec2-user/data/topics/1174 1330
@/home/ec2-user/data/topics/4516 1331
@/home/ec2-user/data/topics/1419 1332
@/home/ec2-user/data/topics/1563 1333
@/home/ec2-user/data/topics/3978 1334
@/home/ec2-user/data/topics/4127 1335
@/home/ec2-user/data/topics/3450 1336
@/home/ec2-user/data/topics/3966 1337
@/home/ec2-user/data/topics/4005 1338
@/home/ec2-user/data/topics/3698 1339
@/home/ec2-user/data/topics/4103 1340
@/home/ec2-user/data/topics/2118 1341
@/home/ec2-user/data/topics/3673 1342
@/home/ec2-user/data/topics/3760 1343
@/home/ec2-user/data/topics/4469 1344
@/home/ec2-user/data/topics/4124 1345
@/home/ec2-user/data/topics/3679 1346
@/home/ec2-user/data/topics/3793 1347
@/home/ec2-user/data/topics/2087 1348
@/home/ec2-user/data/topics/1965 1349
@/home/ec2-user/data/topics/4717 1350
@/home/ec2-user/data/topics/4349 1351
@/home/ec2-user/data/topics/1258 1352
@/home/ec2-user/data/topics/4245 1353
@/home/ec2-user/data/topics/3649 1354
@/home/ec2-user/data/topics/3855 1355
@/home/ec2-user/data/topics/3813 1356
@/home/ec2-user/data/topics/4744 1357
@/home/ec2-user/data/topics/3578 1358
@/home/ec2-user/data/topics/4113 1359
@/home/ec2-user/data/topics/3941 1360
@/home/ec2-user/data/topics/1288 1361
@/home/ec2-user/data/topics/4691 1362
@/home/ec2-user/data/topics/4230 1363
@/home/ec2-user/data/topics/3957 1364
@/home/ec2-user/data/topics/3537 1365
@/home/ec2-user/data/topics/4583 1366
@/home/ec2-user/data/topics/3452 1367
@/home/ec2-user/data/topics/1840 1368
@/home/ec2-user/data/topics/1154 1369
@/home/ec2-user/data/topics/4861 1370
@/home/ec2-user/data/topics/4228 1371
@/home/ec2-user/data/topics/3858 1372
@/home/ec2-user/data/topics/4430 1373
@/home/ec2-user/data/topics/4323 1374
@/home/ec2-user/data/topics/2020 1375
@/home/ec2-user/data/topics/3762 1376
@/home/ec2-user/data/topics/3832 1377
@/home/ec2-user/data/topics/4152 1378
@/home/ec2-user/data/topics/1349 1379
@/home/ec2-user/data/topics/3895 1380
@/home/ec2-user/data/topics/4105 1381
@/home/ec2-user/data/topics/4095 1382
@/home/ec2-user/data/topics/4263 1383
@/home/ec2-user/data/topics/3981 1384
@/home/ec2-user/data/topics/1804 1385
@/home/ec2-user/data/topics/4019 1386
@/home/ec2-user/data/topics/3422 1387
@/home/ec2-user/data/topics/1318 1388
@/home/ec2-user/data/topics/4519 1389
@/home/ec2-user/data/topics/2084 1390
@/home/ec2-user/data/topics/1209 1391
日本輸送機株式会社

@/home/ec2-user/data/topics/1940 1392
@/home/ec2-user/data/topics/1493 1392
@/home/ec2-user/data/topics/3573 1393
@/home/ec2-user/data/topics/1456 1394
@/home/ec2-user/data/topics/2221 1395
@/home/ec2-user/data/topics/1108 1396
@/home/ec2-user/data/topics/2065 1397
@/home/ec2-user/data/topics/1191 1398
東京エレクトロン株式会社

@/home/ec2-user/data/topics/4618 1399
@/home/ec2-user/data/topics/4906 1399
@/home/ec2-user/data/topics/4023 1400
@/home/ec2-user/data/topics/3947 1401
@/home/ec2-user/data/topics/1508 1402
@/home/ec2-user/data/topics/1736 1403
@/home/ec2-user/data/topics/4002 1404
@/home/ec2-user/data/topics/1800 1405
@/home/ec2-user/data/topics/4702 1406
@/home/ec2-user/data/topics/4345 1407
@/home/ec2-user/data/topics/4053 1408
@/home/ec2-user/data/topics/1263 1409
株式会社村田製作所

@/home/ec2-user/data/topics/3885 1410
@/home/ec2-user/data/topics/4042 1410
@/home/ec2-user/data/topics/3697 1411
@/home/ec2-user/data/topics/1374 1412
@/home/ec2-user/data/topics/4432 1413
@/home/ec2-user/data/topics/3435 1414
@/home/ec2-user/data/topics/3482 1415
@/home/ec2-user/data/topics/1411 1416
@/home/ec2-user/data/topics/4795 1417
@/home/ec2-user/data/topics/4271 1418
@/home/ec2-user/data/topics/4703 1419
@/home/ec2-user/data/topics/4070 1420
@/home/ec2-user/data/topics/2229 1421
@/home/ec2-user/data/topics/4417 1422
@/home/ec2-user/data/topics/4378 1423
@/home/ec2-user/data/topics/4325 1424
@/home/ec2-user/data/topics/4163 1425
日本電信電話株式会社

@/home/ec2-user/data/topics/4865 1426
@/home/ec2-user/data/topics/4870 1426
@/home/ec2-user/data/topics/4118 1427
@/home/ec2-user/data/topics/4121 1428
@/home/ec2-user/data/topics/3536 1429
@/home/ec2-user/data/topics/3927 1430
@/home/ec2-user/data/topics/1934 1431
@/home/ec2-user/data/topics/2130 1432
@/home/ec2-user/data/topics/4131 1433
@/home/ec2-user/data/topics/4965 1434
@/home/ec2-user/data/topics/4115 1435
@/home/ec2-user/data/topics/3586 1436
@/home/ec2-user/data/topics/4836 1437
@/home/ec2-user/data/topics/3641 1438
@/home/ec2-user/data/topics/3915 1439
@/home/ec2-user/data/topics/3552 1440
@/home/ec2-user/data/topics/1787 1441
@/home/ec2-user/data/topics/4025 1442
@/home/ec2-user/data/topics/4335 1443
@/home/ec2-user/data/topics/4511 1444
@/home/ec2-user/data/topics/4560 1445
@/home/ec2-user/data/topics/4952 1446
@/home/ec2-user/data/topics/1042 1447
@/home/ec2-user/data/topics/3359 1448
@/home/ec2-user/data/topics/4104 1449
@/home/ec2-user/data/topics/2017 1450
@/home/ec2-user/data/topics/4792 1451
@/home/ec2-user/data/topics/1230 1452
@/home/ec2-user/data/topics/4114 1453
@/home/ec2-user/data/topics/4208 1454
@/home/ec2-user/data/topics/3928 1455
@/home/ec2-user/data/topics/4916 1456
@/home/ec2-user/data/topics/3544 1457
@/home/ec2-user/data/topics/4664 1458
@/home/ec2-user/data/topics/4175 1459
@/home/ec2-user/data/topics/1556 1460
@/home/ec2-user/data/topics/1809 1461
@/home/ec2-user/data/topics/3650 1462
@/home/ec2-user/data/topics/4087 1463
@/home/ec2-user/data/topics/4488 1464
@/home/ec2-user/data/topics/3568 1465
@/home/ec2-user/data/topics/4925 1466
@/home/ec2-user/data/topics/4443 1467
@/home/ec2-user/data/topics/3425 1468
@/home/ec2-user/data/topics/1408 1469
@/home/ec2-user/data/topics/4505 1470
@/home/ec2-user/data/topics/3509 1471
@/home/ec2-user/data/topics/1229 1472
@/home/ec2-user/data/topics/4146 1473
@/home/ec2-user/data/topics/3521 1474
@/home/ec2-user/data/topics/3785 1475
@/home/ec2-user/data/topics/4964 1476
@/home/ec2-user/data/topics/3824 1477
@/home/ec2-user/data/topics/4232 1478
@/home/ec2-user/data/topics/3894 1479
@/home/ec2-user/data/topics/3811 1480
日本鋼管株式会社

@/home/ec2-user/data/topics/3572 1481
@/home/ec2-user/data/topics/4161 1481
@/home/ec2-user/data/topics/4455 1482
@/home/ec2-user/data/topics/2095 1483
@/home/ec2-user/data/topics/4289 1484
@/home/ec2-user/data/topics/1404 1485
@/home/ec2-user/data/topics/1690 1486
株式会社神戸製鋼所

@/home/ec2-user/data/topics/3475 1487
@/home/ec2-user/data/topics/3632 1487
@/home/ec2-user/data/topics/4949 1488
@/home/ec2-user/data/topics/3902 1489
@/home/ec2-user/data/topics/1465 1490
@/home/ec2-user/data/topics/3674 1491
@/home/ec2-user/data/topics/2064 1492
株式会社ケンウッド

@/home/ec2-user/data/topics/4467 1493
@/home/ec2-user/data/topics/1186 1493
@/home/ec2-user/data/topics/3463 1494
@/home/ec2-user/data/topics/3977 1495
@/home/ec2-user/data/topics/4050 1496
@/home/ec2-user/data/topics/1424 1497
@/home/ec2-user/data/topics/4167 1498
@/home/ec2-user/data/topics/3801 1499
@/home/ec2-user/data/topics/1896 1500
@/home/ec2-user/data/topics/3839 1501
@/home/ec2-user/data/topics/2036 1502
@/home/ec2-user/data/topics/1241 1503
@/home/ec2-user/data/topics/4038 1504
@/home/ec2-user/data/topics/3969 1505
@/home/ec2-user/data/topics/1617 1506
@/home/ec2-user/data/topics/2163 1507
@/home/ec2-user/data/topics/3794 1508
@/home/ec2-user/data/topics/3878 1509
@/home/ec2-user/data/topics/1345 1510
@/home/ec2-user/data/topics/1698 1511
@/home/ec2-user/data/topics/1115 1512
東陶機器株式会社

@/home/ec2-user/data/topics/1735 1513
@/home/ec2-user/data/topics/3821 1513
@/home/ec2-user/data/topics/2135 1514
@/home/ec2-user/data/topics/1626 1515
@/home/ec2-user/data/topics/3583 1516
@/home/ec2-user/data/topics/1692 1517
本田技研工業株式会社

@/home/ec2-user/data/topics/1215 1518
@/home/ec2-user/data/topics/4199 1518
@/home/ec2-user/data/topics/1818 1519
@/home/ec2-user/data/topics/4888 1520
@/home/ec2-user/data/topics/2016 1521
@/home/ec2-user/data/topics/1444 1522
@/home/ec2-user/data/topics/1605 1523
@/home/ec2-user/data/topics/1226 1524
@/home/ec2-user/data/topics/1143 1525
@/home/ec2-user/data/topics/4033 1526
@/home/ec2-user/data/topics/1822 1527
@/home/ec2-user/data/topics/4132 1528
@/home/ec2-user/data/topics/5026 1529
@/home/ec2-user/data/topics/3685 1530
@/home/ec2-user/data/topics/4375 1531
@/home/ec2-user/data/topics/4783 1532
@/home/ec2-user/data/topics/1266 1533
@/home/ec2-user/data/topics/2000 1534
@/home/ec2-user/data/topics/4331 1535
新日本製鐵株式会社

@/home/ec2-user/data/topics/3663 1536
@/home/ec2-user/data/topics/4472 1536
@/home/ec2-user/data/topics/3899 1537
@/home/ec2-user/data/topics/3861 1538
@/home/ec2-user/data/topics/5008 1539
@/home/ec2-user/data/topics/3368 1540
松下電工株式会社

@/home/ec2-user/data/topics/1011 1541
@/home/ec2-user/data/topics/4592 1541
@/home/ec2-user/data/topics/4083 1542
@/home/ec2-user/data/topics/4029 1543
@/home/ec2-user/data/topics/3670 1544
@/home/ec2-user/data/topics/3549 1545
@/home/ec2-user/data/topics/4317 1546
@/home/ec2-user/data/topics/3835 1547
@/home/ec2-user/data/topics/3379 1548
@/home/ec2-user/data/topics/1803 1549
@/home/ec2-user/data/topics/3651 1550
@/home/ec2-user/data/topics/4450 1551
@/home/ec2-user/data/topics/3778 1552
@/home/ec2-user/data/topics/2045 1553
@/home/ec2-user/data/topics/1311 1554
@/home/ec2-user/data/topics/4012 1555
@/home/ec2-user/data/topics/1251 1556
@/home/ec2-user/data/topics/3565 1557
@/home/ec2-user/data/topics/3511 1558
@/home/ec2-user/data/topics/3932 1559
@/home/ec2-user/data/topics/4094 1560
@/home/ec2-user/data/topics/4347 1561
usernum: 72
hit: 1366
simhit: 1354
simmax: 0.769230769231
simmin: 0.0
simavg: 0.197764768776
dlmax: 0.163598757429
dlmin: 0.00714768129675
dlavg: 0.0353349317195
mthit: 1132
mthls: 41
srp: 128.55
total: 1562
hit/total: 0.874519846351
simhit/total: 0.866837387964
mthit/(total+usernum): 0.692778457772
mthls/(total+usernum): 0.0250917992656
srp/(total+usernum): 0.0262239902081
srp20/(total+usernum): 0.00844553243574
srp100/(total+usernum): 0.0172786617707
srp500/(total+usernum): 0.0231195430437

2016-12-24 22:27:22.331208
