2016-12-24 00:20:25.627276

topic-folder:/home/ec2-user/data/topics/
cl-file:/home/ec2-user/git/tfidf/result-new/b3-1.txt
cl-floder:/home/ec2-user/data/ldaclass-32-2000-top10000/
zipf:0.2
stype[0(tfidf)/1(tfidf2)/2(lsa)/3(lda)]:3
dtype[<0(diff*rand)/0(diff)/1(same)/>=2(diff*same)]:0
output-floder:/home/ec2-user/git/userquery/result

三菱マテリアル株式会社

@/home/ec2-user/data/topics/1085 0
@/home/ec2-user/data/topics/3470 0
@/home/ec2-user/data/topics/2093 1
@/home/ec2-user/data/topics/3866 2
@/home/ec2-user/data/topics/3546 3
@/home/ec2-user/data/topics/3630 4
@/home/ec2-user/data/topics/3520 5
@/home/ec2-user/data/topics/1638 6
日本精機株式会社

@/home/ec2-user/data/topics/4709 7
@/home/ec2-user/data/topics/4907 7
@/home/ec2-user/data/topics/4690 8
@/home/ec2-user/data/topics/4972 9
@/home/ec2-user/data/topics/1398 10
@/home/ec2-user/data/topics/4875 11
コニカ株式会社

@/home/ec2-user/data/topics/3486 12
@/home/ec2-user/data/topics/2162 12
@/home/ec2-user/data/topics/3357 13
@/home/ec2-user/data/topics/3418 14
@/home/ec2-user/data/topics/1946 15
@/home/ec2-user/data/topics/3533 16
@/home/ec2-user/data/topics/3426 17
@/home/ec2-user/data/topics/3370 18
@/home/ec2-user/data/topics/3414 19
@/home/ec2-user/data/topics/3419 20
@/home/ec2-user/data/topics/3431 21
埼玉日本電気株式会社

@/home/ec2-user/data/topics/4283 22
@/home/ec2-user/data/topics/4468 22
@/home/ec2-user/data/topics/4496 23
@/home/ec2-user/data/topics/4242 24
@/home/ec2-user/data/topics/4998 25
@/home/ec2-user/data/topics/1620 26
@/home/ec2-user/data/topics/1512 27
@/home/ec2-user/data/topics/5010 28
@/home/ec2-user/data/topics/4279 29
アルプス電気株式会社

@/home/ec2-user/data/topics/2012 30
@/home/ec2-user/data/topics/1434 30
@/home/ec2-user/data/topics/4791 31
@/home/ec2-user/data/topics/2089 32
@/home/ec2-user/data/topics/3582 33
@/home/ec2-user/data/topics/3429 34
@/home/ec2-user/data/topics/1253 35
三菱重工業株式会社

@/home/ec2-user/data/topics/5022 36
@/home/ec2-user/data/topics/4563 36
@/home/ec2-user/data/topics/3637 37
@/home/ec2-user/data/topics/3591 38
@/home/ec2-user/data/topics/3833 39
@/home/ec2-user/data/topics/4412 40
@/home/ec2-user/data/topics/3944 41
@/home/ec2-user/data/topics/4882 42
@/home/ec2-user/data/topics/3529 43
@/home/ec2-user/data/topics/4862 44
@/home/ec2-user/data/topics/4687 45
@/home/ec2-user/data/topics/3503 46
村田機械株式会社

@/home/ec2-user/data/topics/4645 47
@/home/ec2-user/data/topics/4570 47
@/home/ec2-user/data/topics/4835 48
@/home/ec2-user/data/topics/3740 49
@/home/ec2-user/data/topics/4441 50
@/home/ec2-user/data/topics/3528 51
@/home/ec2-user/data/topics/4941 52
@/home/ec2-user/data/topics/4556 53
@/home/ec2-user/data/topics/4596 54
@/home/ec2-user/data/topics/1074 55
@/home/ec2-user/data/topics/1607 56
@/home/ec2-user/data/topics/4746 57
@/home/ec2-user/data/topics/4565 58
@/home/ec2-user/data/topics/5000 59
@/home/ec2-user/data/topics/1511 60
@/home/ec2-user/data/topics/1293 61
@/home/ec2-user/data/topics/4638 62
川崎製鉄株式会社

@/home/ec2-user/data/topics/3483 63
@/home/ec2-user/data/topics/3532 63
@/home/ec2-user/data/topics/3413 64
@/home/ec2-user/data/topics/3611 65
@/home/ec2-user/data/topics/1037 66
@/home/ec2-user/data/topics/1459 67
@/home/ec2-user/data/topics/3929 68
@/home/ec2-user/data/topics/3553 69
@/home/ec2-user/data/topics/4615 70
ダイキン工業株式会社

@/home/ec2-user/data/topics/3888 71
@/home/ec2-user/data/topics/4515 71
@/home/ec2-user/data/topics/4400 72
@/home/ec2-user/data/topics/4367 73
@/home/ec2-user/data/topics/4753 74
@/home/ec2-user/data/topics/4858 75
@/home/ec2-user/data/topics/4734 76
@/home/ec2-user/data/topics/4701 77
@/home/ec2-user/data/topics/4845 78
@/home/ec2-user/data/topics/1600 79
@/home/ec2-user/data/topics/1565 80
三菱自動車工業株式会社

@/home/ec2-user/data/topics/4189 81
@/home/ec2-user/data/topics/1428 81
@/home/ec2-user/data/topics/3940 82
@/home/ec2-user/data/topics/2101 83
@/home/ec2-user/data/topics/1816 84
@/home/ec2-user/data/topics/3815 85
@/home/ec2-user/data/topics/3502 86
@/home/ec2-user/data/topics/1527 87
日産自動車株式会社

@/home/ec2-user/data/topics/4982 88
@/home/ec2-user/data/topics/3677 88
@/home/ec2-user/data/topics/3489 89
@/home/ec2-user/data/topics/3712 90
@/home/ec2-user/data/topics/3829 91
@/home/ec2-user/data/topics/3723 92
@/home/ec2-user/data/topics/3501 93
@/home/ec2-user/data/topics/3936 94
@/home/ec2-user/data/topics/4074 95
@/home/ec2-user/data/topics/3645 96
@/home/ec2-user/data/topics/3497 97
トヨタ自動車株式会社

@/home/ec2-user/data/topics/3731 98
@/home/ec2-user/data/topics/3671 98
@/home/ec2-user/data/topics/4543 99
@/home/ec2-user/data/topics/4920 100
@/home/ec2-user/data/topics/4030 101
@/home/ec2-user/data/topics/2111 102
@/home/ec2-user/data/topics/3943 103
@/home/ec2-user/data/topics/4064 104
@/home/ec2-user/data/topics/1494 105
@/home/ec2-user/data/topics/4298 106
@/home/ec2-user/data/topics/3758 107
@/home/ec2-user/data/topics/4647 108
@/home/ec2-user/data/topics/4617 109
@/home/ec2-user/data/topics/4426 110
@/home/ec2-user/data/topics/4144 111
@/home/ec2-user/data/topics/3481 112
@/home/ec2-user/data/topics/4008 113
@/home/ec2-user/data/topics/4346 114
@/home/ec2-user/data/topics/3783 115
@/home/ec2-user/data/topics/3699 116
@/home/ec2-user/data/topics/3405 117
@/home/ec2-user/data/topics/4658 118
@/home/ec2-user/data/topics/3587 119
@/home/ec2-user/data/topics/4633 120
@/home/ec2-user/data/topics/2218 121
@/home/ec2-user/data/topics/4767 122
@/home/ec2-user/data/topics/3725 123
@/home/ec2-user/data/topics/1551 124
@/home/ec2-user/data/topics/3356 125
オリンパス光学工業株式会社

@/home/ec2-user/data/topics/1835 126
@/home/ec2-user/data/topics/1869 126
@/home/ec2-user/data/topics/2026 127
@/home/ec2-user/data/topics/4878 128
@/home/ec2-user/data/topics/4007 129
@/home/ec2-user/data/topics/4013 130
@/home/ec2-user/data/topics/1981 131
@/home/ec2-user/data/topics/1739 132
@/home/ec2-user/data/topics/1155 133
@/home/ec2-user/data/topics/5006 134
@/home/ec2-user/data/topics/1107 135
@/home/ec2-user/data/topics/1586 136
ブラザー工業株式会社

@/home/ec2-user/data/topics/3477 137
@/home/ec2-user/data/topics/3686 137
@/home/ec2-user/data/topics/1636 138
@/home/ec2-user/data/topics/4548 139
@/home/ec2-user/data/topics/2085 140
@/home/ec2-user/data/topics/3613 141
@/home/ec2-user/data/topics/1164 142
@/home/ec2-user/data/topics/1076 143
@/home/ec2-user/data/topics/1183 144
@/home/ec2-user/data/topics/2086 145
@/home/ec2-user/data/topics/1300 146
@/home/ec2-user/data/topics/1697 147
@/home/ec2-user/data/topics/1906 148
@/home/ec2-user/data/topics/3507 149
@/home/ec2-user/data/topics/3789 150
富士通株式会社

@/home/ec2-user/data/topics/3970 151
@/home/ec2-user/data/topics/1271 151
@/home/ec2-user/data/topics/3765 152
@/home/ec2-user/data/topics/1874 153
@/home/ec2-user/data/topics/2215 154
@/home/ec2-user/data/topics/3802 155
@/home/ec2-user/data/topics/2216 156
@/home/ec2-user/data/topics/5004 157
@/home/ec2-user/data/topics/1998 158
@/home/ec2-user/data/topics/4191 159
@/home/ec2-user/data/topics/2227 160
@/home/ec2-user/data/topics/1123 161
@/home/ec2-user/data/topics/3862 162
@/home/ec2-user/data/topics/3751 163
@/home/ec2-user/data/topics/3428 164
@/home/ec2-user/data/topics/3870 165
@/home/ec2-user/data/topics/3846 166
@/home/ec2-user/data/topics/3749 167
@/home/ec2-user/data/topics/1609 168
@/home/ec2-user/data/topics/3399 169
@/home/ec2-user/data/topics/3538 170
@/home/ec2-user/data/topics/3460 171
@/home/ec2-user/data/topics/1264 172
@/home/ec2-user/data/topics/1547 173
@/home/ec2-user/data/topics/3400 174
@/home/ec2-user/data/topics/3850 175
@/home/ec2-user/data/topics/3799 176
@/home/ec2-user/data/topics/3962 177
@/home/ec2-user/data/topics/3381 178
@/home/ec2-user/data/topics/3912 179
@/home/ec2-user/data/topics/3883 180
@/home/ec2-user/data/topics/3636 181
静岡日本電気株式会社

@/home/ec2-user/data/topics/4314 182
@/home/ec2-user/data/topics/4250 182
@/home/ec2-user/data/topics/4326 183
@/home/ec2-user/data/topics/4365 184
@/home/ec2-user/data/topics/4531 185
@/home/ec2-user/data/topics/4507 186
住友重機械工業株式会社

@/home/ec2-user/data/topics/4854 187
@/home/ec2-user/data/topics/2039 187
@/home/ec2-user/data/topics/1373 188
@/home/ec2-user/data/topics/1553 189
@/home/ec2-user/data/topics/3868 190
@/home/ec2-user/data/topics/1505 191
@/home/ec2-user/data/topics/1900 192
@/home/ec2-user/data/topics/3952 193
@/home/ec2-user/data/topics/1019 194
大日本印刷株式会社

@/home/ec2-user/data/topics/3569 195
@/home/ec2-user/data/topics/1564 195
@/home/ec2-user/data/topics/1262 196
@/home/ec2-user/data/topics/1099 197
@/home/ec2-user/data/topics/3388 198
@/home/ec2-user/data/topics/1145 199
日本電気株式会社

@/home/ec2-user/data/topics/1567 200
@/home/ec2-user/data/topics/4626 200
@/home/ec2-user/data/topics/4128 201
@/home/ec2-user/data/topics/4082 202
@/home/ec2-user/data/topics/1973 203
@/home/ec2-user/data/topics/4260 204
@/home/ec2-user/data/topics/2088 205
@/home/ec2-user/data/topics/3954 206
@/home/ec2-user/data/topics/4532 207
@/home/ec2-user/data/topics/1937 208
@/home/ec2-user/data/topics/4665 209
@/home/ec2-user/data/topics/4561 210
@/home/ec2-user/data/topics/4236 211
@/home/ec2-user/data/topics/1773 212
@/home/ec2-user/data/topics/1116 213
@/home/ec2-user/data/topics/4696 214
@/home/ec2-user/data/topics/4313 215
@/home/ec2-user/data/topics/1764 216
@/home/ec2-user/data/topics/1879 217
@/home/ec2-user/data/topics/4497 218
@/home/ec2-user/data/topics/4138 219
@/home/ec2-user/data/topics/4699 220
@/home/ec2-user/data/topics/4530 221
@/home/ec2-user/data/topics/4725 222
@/home/ec2-user/data/topics/4100 223
@/home/ec2-user/data/topics/4760 224
@/home/ec2-user/data/topics/1891 225
@/home/ec2-user/data/topics/4644 226
@/home/ec2-user/data/topics/4196 227
@/home/ec2-user/data/topics/4708 228
@/home/ec2-user/data/topics/4258 229
@/home/ec2-user/data/topics/3767 230
@/home/ec2-user/data/topics/4158 231
@/home/ec2-user/data/topics/4343 232
@/home/ec2-user/data/topics/4154 233
@/home/ec2-user/data/topics/4666 234
@/home/ec2-user/data/topics/1948 235
@/home/ec2-user/data/topics/1923 236
@/home/ec2-user/data/topics/4634 237
@/home/ec2-user/data/topics/4238 238
@/home/ec2-user/data/topics/4246 239
@/home/ec2-user/data/topics/4276 240
@/home/ec2-user/data/topics/4477 241
@/home/ec2-user/data/topics/4320 242
@/home/ec2-user/data/topics/4390 243
@/home/ec2-user/data/topics/3766 244
@/home/ec2-user/data/topics/4309 245
@/home/ec2-user/data/topics/4750 246
@/home/ec2-user/data/topics/4310 247
@/home/ec2-user/data/topics/4404 248
@/home/ec2-user/data/topics/2127 249
@/home/ec2-user/data/topics/4267 250
@/home/ec2-user/data/topics/4371 251
@/home/ec2-user/data/topics/4003 252
@/home/ec2-user/data/topics/4092 253
@/home/ec2-user/data/topics/4207 254
@/home/ec2-user/data/topics/4485 255
@/home/ec2-user/data/topics/4062 256
@/home/ec2-user/data/topics/4273 257
@/home/ec2-user/data/topics/1100 258
@/home/ec2-user/data/topics/4447 259
@/home/ec2-user/data/topics/4171 260
@/home/ec2-user/data/topics/4609 261
@/home/ec2-user/data/topics/4185 262
@/home/ec2-user/data/topics/4877 263
@/home/ec2-user/data/topics/4549 264
@/home/ec2-user/data/topics/3865 265
@/home/ec2-user/data/topics/4414 266
@/home/ec2-user/data/topics/3886 267
@/home/ec2-user/data/topics/4578 268
@/home/ec2-user/data/topics/1383 269
@/home/ec2-user/data/topics/4137 270
@/home/ec2-user/data/topics/3853 271
@/home/ec2-user/data/topics/4071 272
@/home/ec2-user/data/topics/1791 273
@/home/ec2-user/data/topics/4440 274
@/home/ec2-user/data/topics/3744 275
@/home/ec2-user/data/topics/4434 276
@/home/ec2-user/data/topics/1486 277
@/home/ec2-user/data/topics/4097 278
@/home/ec2-user/data/topics/1852 279
@/home/ec2-user/data/topics/4081 280
@/home/ec2-user/data/topics/4142 281
@/home/ec2-user/data/topics/4603 282
@/home/ec2-user/data/topics/3875 283
@/home/ec2-user/data/topics/1815 284
@/home/ec2-user/data/topics/2144 285
@/home/ec2-user/data/topics/4315 286
@/home/ec2-user/data/topics/4442 287
@/home/ec2-user/data/topics/2119 288
@/home/ec2-user/data/topics/4759 289
@/home/ec2-user/data/topics/4388 290
@/home/ec2-user/data/topics/4281 291
@/home/ec2-user/data/topics/1724 292
@/home/ec2-user/data/topics/4360 293
@/home/ec2-user/data/topics/4876 294
@/home/ec2-user/data/topics/4209 295
@/home/ec2-user/data/topics/4257 296
@/home/ec2-user/data/topics/4288 297
@/home/ec2-user/data/topics/4275 298
@/home/ec2-user/data/topics/3971 299
@/home/ec2-user/data/topics/4651 300
@/home/ec2-user/data/topics/4254 301
@/home/ec2-user/data/topics/1112 302
@/home/ec2-user/data/topics/1710 303
@/home/ec2-user/data/topics/4418 304
@/home/ec2-user/data/topics/4129 305
@/home/ec2-user/data/topics/4892 306
@/home/ec2-user/data/topics/1122 307
@/home/ec2-user/data/topics/3995 308
@/home/ec2-user/data/topics/4227 309
@/home/ec2-user/data/topics/4850 310
@/home/ec2-user/data/topics/4342 311
@/home/ec2-user/data/topics/4770 312
@/home/ec2-user/data/topics/4926 313
@/home/ec2-user/data/topics/1844 314
@/home/ec2-user/data/topics/1634 315
@/home/ec2-user/data/topics/4536 316
@/home/ec2-user/data/topics/4063 317
@/home/ec2-user/data/topics/4779 318
@/home/ec2-user/data/topics/4490 319
@/home/ec2-user/data/topics/5034 320
@/home/ec2-user/data/topics/1928 321
@/home/ec2-user/data/topics/4352 322
@/home/ec2-user/data/topics/4458 323
@/home/ec2-user/data/topics/4764 324
@/home/ec2-user/data/topics/4120 325
@/home/ec2-user/data/topics/4433 326
@/home/ec2-user/data/topics/1500 327
@/home/ec2-user/data/topics/4389 328
@/home/ec2-user/data/topics/4682 329
@/home/ec2-user/data/topics/4940 330
@/home/ec2-user/data/topics/4816 331
@/home/ec2-user/data/topics/4134 332
@/home/ec2-user/data/topics/3724 333
@/home/ec2-user/data/topics/4243 334
@/home/ec2-user/data/topics/4425 335
@/home/ec2-user/data/topics/4427 336
@/home/ec2-user/data/topics/3956 337
@/home/ec2-user/data/topics/1557 338
@/home/ec2-user/data/topics/4728 339
@/home/ec2-user/data/topics/1052 340
@/home/ec2-user/data/topics/4240 341
@/home/ec2-user/data/topics/1523 342
@/home/ec2-user/data/topics/1612 343
@/home/ec2-user/data/topics/4204 344
@/home/ec2-user/data/topics/4824 345
@/home/ec2-user/data/topics/1044 346
@/home/ec2-user/data/topics/4643 347
@/home/ec2-user/data/topics/1078 348
@/home/ec2-user/data/topics/4162 349
@/home/ec2-user/data/topics/4460 350
@/home/ec2-user/data/topics/4300 351
@/home/ec2-user/data/topics/4775 352
@/home/ec2-user/data/topics/4216 353
@/home/ec2-user/data/topics/2031 354
@/home/ec2-user/data/topics/4359 355
@/home/ec2-user/data/topics/1464 356
@/home/ec2-user/data/topics/4486 357
@/home/ec2-user/data/topics/4533 358
@/home/ec2-user/data/topics/4429 359
@/home/ec2-user/data/topics/4749 360
@/home/ec2-user/data/topics/1624 361
@/home/ec2-user/data/topics/4153 362
@/home/ec2-user/data/topics/4272 363
@/home/ec2-user/data/topics/3729 364
@/home/ec2-user/data/topics/4393 365
@/home/ec2-user/data/topics/4584 366
@/home/ec2-user/data/topics/1364 367
@/home/ec2-user/data/topics/1016 368
@/home/ec2-user/data/topics/2041 369
@/home/ec2-user/data/topics/4808 370
@/home/ec2-user/data/topics/2022 371
@/home/ec2-user/data/topics/4319 372
@/home/ec2-user/data/topics/4247 373
@/home/ec2-user/data/topics/1457 374
@/home/ec2-user/data/topics/4595 375
@/home/ec2-user/data/topics/4186 376
@/home/ec2-user/data/topics/4192 377
@/home/ec2-user/data/topics/4613 378
@/home/ec2-user/data/topics/4721 379
@/home/ec2-user/data/topics/4659 380
@/home/ec2-user/data/topics/4338 381
@/home/ec2-user/data/topics/2150 382
@/home/ec2-user/data/topics/4398 383
@/home/ec2-user/data/topics/1661 384
@/home/ec2-user/data/topics/4480 385
@/home/ec2-user/data/topics/4785 386
@/home/ec2-user/data/topics/1281 387
@/home/ec2-user/data/topics/4093 388
@/home/ec2-user/data/topics/1199 389
@/home/ec2-user/data/topics/4318 390
@/home/ec2-user/data/topics/1595 391
@/home/ec2-user/data/topics/1867 392
@/home/ec2-user/data/topics/2166 393
@/home/ec2-user/data/topics/4244 394
@/home/ec2-user/data/topics/4446 395
@/home/ec2-user/data/topics/3938 396
@/home/ec2-user/data/topics/4657 397
@/home/ec2-user/data/topics/1101 398
@/home/ec2-user/data/topics/1362 399
@/home/ec2-user/data/topics/3896 400
@/home/ec2-user/data/topics/4718 401
@/home/ec2-user/data/topics/4537 402
@/home/ec2-user/data/topics/4119 403
@/home/ec2-user/data/topics/3897 404
@/home/ec2-user/data/topics/4278 405
@/home/ec2-user/data/topics/4598 406
@/home/ec2-user/data/topics/4017 407
@/home/ec2-user/data/topics/4168 408
@/home/ec2-user/data/topics/1360 409
@/home/ec2-user/data/topics/4838 410
@/home/ec2-user/data/topics/1783 411
@/home/ec2-user/data/topics/4902 412
@/home/ec2-user/data/topics/4116 413
@/home/ec2-user/data/topics/4689 414
@/home/ec2-user/data/topics/4646 415
@/home/ec2-user/data/topics/4742 416
@/home/ec2-user/data/topics/4650 417
@/home/ec2-user/data/topics/1326 418
松下電器産業株式会社

@/home/ec2-user/data/topics/3694 419
@/home/ec2-user/data/topics/4918 419
@/home/ec2-user/data/topics/3904 420
@/home/ec2-user/data/topics/1509 421
@/home/ec2-user/data/topics/4667 422
@/home/ec2-user/data/topics/4625 423
@/home/ec2-user/data/topics/3404 424
@/home/ec2-user/data/topics/4394 425
@/home/ec2-user/data/topics/4707 426
@/home/ec2-user/data/topics/1762 427
@/home/ec2-user/data/topics/3585 428
@/home/ec2-user/data/topics/4867 429
@/home/ec2-user/data/topics/4936 430
@/home/ec2-user/data/topics/3960 431
@/home/ec2-user/data/topics/4043 432
@/home/ec2-user/data/topics/3692 433
@/home/ec2-user/data/topics/3680 434
@/home/ec2-user/data/topics/4503 435
@/home/ec2-user/data/topics/4885 436
@/home/ec2-user/data/topics/4264 437
@/home/ec2-user/data/topics/1516 438
@/home/ec2-user/data/topics/3739 439
@/home/ec2-user/data/topics/4000 440
@/home/ec2-user/data/topics/4797 441
@/home/ec2-user/data/topics/2222 442
@/home/ec2-user/data/topics/1252 443
@/home/ec2-user/data/topics/4382 444
@/home/ec2-user/data/topics/4160 445
@/home/ec2-user/data/topics/4274 446
@/home/ec2-user/data/topics/3455 447
@/home/ec2-user/data/topics/1748 448
@/home/ec2-user/data/topics/4558 449
@/home/ec2-user/data/topics/4804 450
@/home/ec2-user/data/topics/3951 451
@/home/ec2-user/data/topics/4385 452
@/home/ec2-user/data/topics/1701 453
@/home/ec2-user/data/topics/1179 454
@/home/ec2-user/data/topics/4968 455
@/home/ec2-user/data/topics/4787 456
@/home/ec2-user/data/topics/4101 457
@/home/ec2-user/data/topics/1026 458
@/home/ec2-user/data/topics/4917 459
@/home/ec2-user/data/topics/4817 460
@/home/ec2-user/data/topics/4577 461
@/home/ec2-user/data/topics/4157 462
@/home/ec2-user/data/topics/4280 463
@/home/ec2-user/data/topics/4574 464
@/home/ec2-user/data/topics/4806 465
@/home/ec2-user/data/topics/1706 466
@/home/ec2-user/data/topics/4303 467
@/home/ec2-user/data/topics/1829 468
@/home/ec2-user/data/topics/1540 469
@/home/ec2-user/data/topics/1881 470
@/home/ec2-user/data/topics/3704 471
@/home/ec2-user/data/topics/4180 472
@/home/ec2-user/data/topics/3514 473
@/home/ec2-user/data/topics/4215 474
@/home/ec2-user/data/topics/3510 475
@/home/ec2-user/data/topics/4229 476
@/home/ec2-user/data/topics/4139 477
@/home/ec2-user/data/topics/4599 478
@/home/ec2-user/data/topics/1898 479
@/home/ec2-user/data/topics/4502 480
@/home/ec2-user/data/topics/3746 481
@/home/ec2-user/data/topics/4459 482
@/home/ec2-user/data/topics/4102 483
@/home/ec2-user/data/topics/2029 484
@/home/ec2-user/data/topics/1885 485
@/home/ec2-user/data/topics/3676 486
@/home/ec2-user/data/topics/2056 487
@/home/ec2-user/data/topics/4475 488
@/home/ec2-user/data/topics/4355 489
@/home/ec2-user/data/topics/1339 490
@/home/ec2-user/data/topics/1136 491
@/home/ec2-user/data/topics/2129 492
@/home/ec2-user/data/topics/3807 493
@/home/ec2-user/data/topics/1157 494
@/home/ec2-user/data/topics/4193 495
@/home/ec2-user/data/topics/4586 496
@/home/ec2-user/data/topics/1477 497
@/home/ec2-user/data/topics/2170 498
@/home/ec2-user/data/topics/1257 499
@/home/ec2-user/data/topics/4501 500
@/home/ec2-user/data/topics/1589 501
@/home/ec2-user/data/topics/2080 502
@/home/ec2-user/data/topics/3761 503
@/home/ec2-user/data/topics/4159 504
@/home/ec2-user/data/topics/4676 505
@/home/ec2-user/data/topics/4448 506
@/home/ec2-user/data/topics/4098 507
@/home/ec2-user/data/topics/4961 508
@/home/ec2-user/data/topics/1635 509
@/home/ec2-user/data/topics/1812 510
@/home/ec2-user/data/topics/4307 511
@/home/ec2-user/data/topics/3658 512
@/home/ec2-user/data/topics/1158 513
@/home/ec2-user/data/topics/3920 514
@/home/ec2-user/data/topics/1633 515
@/home/ec2-user/data/topics/5024 516
@/home/ec2-user/data/topics/3494 517
@/home/ec2-user/data/topics/3721 518
@/home/ec2-user/data/topics/4464 519
@/home/ec2-user/data/topics/3558 520
@/home/ec2-user/data/topics/1070 521
@/home/ec2-user/data/topics/4491 522
@/home/ec2-user/data/topics/3386 523
@/home/ec2-user/data/topics/3519 524
@/home/ec2-user/data/topics/2156 525
@/home/ec2-user/data/topics/4754 526
@/home/ec2-user/data/topics/3719 527
@/home/ec2-user/data/topics/4945 528
@/home/ec2-user/data/topics/1955 529
@/home/ec2-user/data/topics/4422 530
@/home/ec2-user/data/topics/3402 531
@/home/ec2-user/data/topics/3619 532
@/home/ec2-user/data/topics/1705 533
@/home/ec2-user/data/topics/4761 534
@/home/ec2-user/data/topics/3979 535
@/home/ec2-user/data/topics/4798 536
@/home/ec2-user/data/topics/1525 537
@/home/ec2-user/data/topics/3847 538
@/home/ec2-user/data/topics/4126 539
@/home/ec2-user/data/topics/5028 540
セイコーインスツルメンツ株式会社

@/home/ec2-user/data/topics/3825 541
@/home/ec2-user/data/topics/4151 541
@/home/ec2-user/data/topics/4036 542
@/home/ec2-user/data/topics/1707 543
@/home/ec2-user/data/topics/4088 544
@/home/ec2-user/data/topics/4190 545
@/home/ec2-user/data/topics/4997 546
@/home/ec2-user/data/topics/4203 547
@/home/ec2-user/data/topics/3626 548
ミノルタ株式会社

@/home/ec2-user/data/topics/3810 549
@/home/ec2-user/data/topics/2190 549
@/home/ec2-user/data/topics/4977 550
@/home/ec2-user/data/topics/3545 551
@/home/ec2-user/data/topics/4986 552
@/home/ec2-user/data/topics/3584 553
@/home/ec2-user/data/topics/4321 554
@/home/ec2-user/data/topics/4970 555
@/home/ec2-user/data/topics/1152 556
@/home/ec2-user/data/topics/4971 557
@/home/ec2-user/data/topics/4951 558
@/home/ec2-user/data/topics/4984 559
株式会社リコー

@/home/ec2-user/data/topics/3523 560
@/home/ec2-user/data/topics/2090 560
@/home/ec2-user/data/topics/1740 561
@/home/ec2-user/data/topics/3711 562
@/home/ec2-user/data/topics/1433 563
@/home/ec2-user/data/topics/1669 564
@/home/ec2-user/data/topics/1755 565
@/home/ec2-user/data/topics/3557 566
@/home/ec2-user/data/topics/1691 567
@/home/ec2-user/data/topics/3495 568
@/home/ec2-user/data/topics/1282 569
@/home/ec2-user/data/topics/1095 570
@/home/ec2-user/data/topics/3446 571
@/home/ec2-user/data/topics/3484 572
@/home/ec2-user/data/topics/3837 573
@/home/ec2-user/data/topics/3555 574
@/home/ec2-user/data/topics/3759 575
@/home/ec2-user/data/topics/3424 576
@/home/ec2-user/data/topics/1106 577
@/home/ec2-user/data/topics/4616 578
@/home/ec2-user/data/topics/1774 579
@/home/ec2-user/data/topics/3775 580
@/home/ec2-user/data/topics/3436 581
@/home/ec2-user/data/topics/1663 582
@/home/ec2-user/data/topics/1627 583
@/home/ec2-user/data/topics/2201 584
@/home/ec2-user/data/topics/4344 585
@/home/ec2-user/data/topics/1775 586
@/home/ec2-user/data/topics/2182 587
@/home/ec2-user/data/topics/3880 588
@/home/ec2-user/data/topics/1593 589
@/home/ec2-user/data/topics/1225 590
@/home/ec2-user/data/topics/1083 591
@/home/ec2-user/data/topics/1780 592
@/home/ec2-user/data/topics/1514 593
@/home/ec2-user/data/topics/2006 594
@/home/ec2-user/data/topics/1670 595
@/home/ec2-user/data/topics/2189 596
@/home/ec2-user/data/topics/3548 597
@/home/ec2-user/data/topics/4037 598
@/home/ec2-user/data/topics/1478 599
@/home/ec2-user/data/topics/3713 600
@/home/ec2-user/data/topics/3378 601
@/home/ec2-user/data/topics/1974 602
@/home/ec2-user/data/topics/1436 603
@/home/ec2-user/data/topics/2219 604
@/home/ec2-user/data/topics/1064 605
@/home/ec2-user/data/topics/1718 606
@/home/ec2-user/data/topics/3474 607
@/home/ec2-user/data/topics/3750 608
@/home/ec2-user/data/topics/1878 609
@/home/ec2-user/data/topics/2200 610
@/home/ec2-user/data/topics/3411 611
@/home/ec2-user/data/topics/3669 612
@/home/ec2-user/data/topics/3472 613
@/home/ec2-user/data/topics/1482 614
@/home/ec2-user/data/topics/1610 615
@/home/ec2-user/data/topics/2043 616
@/home/ec2-user/data/topics/4265 617
@/home/ec2-user/data/topics/4879 618
@/home/ec2-user/data/topics/3574 619
@/home/ec2-user/data/topics/1776 620
@/home/ec2-user/data/topics/3633 621
@/home/ec2-user/data/topics/3394 622
@/home/ec2-user/data/topics/4781 623
@/home/ec2-user/data/topics/1190 624
@/home/ec2-user/data/topics/1806 625
@/home/ec2-user/data/topics/3687 626
@/home/ec2-user/data/topics/3530 627
@/home/ec2-user/data/topics/1668 628
@/home/ec2-user/data/topics/1976 629
独立行政法人産業技術総合研究所

@/home/ec2-user/data/topics/4777 630
@/home/ec2-user/data/topics/4800 630
@/home/ec2-user/data/topics/1356 631
@/home/ec2-user/data/topics/4740 632
@/home/ec2-user/data/topics/4739 633
@/home/ec2-user/data/topics/4869 634
ソニー株式会社

@/home/ec2-user/data/topics/3401 635
@/home/ec2-user/data/topics/2037 635
@/home/ec2-user/data/topics/1892 636
@/home/ec2-user/data/topics/1233 637
@/home/ec2-user/data/topics/4219 638
@/home/ec2-user/data/topics/1380 639
@/home/ec2-user/data/topics/1426 640
@/home/ec2-user/data/topics/1749 641
@/home/ec2-user/data/topics/1218 642
@/home/ec2-user/data/topics/1873 643
@/home/ec2-user/data/topics/4184 644
@/home/ec2-user/data/topics/2094 645
@/home/ec2-user/data/topics/1926 646
@/home/ec2-user/data/topics/1884 647
@/home/ec2-user/data/topics/1602 648
@/home/ec2-user/data/topics/1912 649
@/home/ec2-user/data/topics/2048 650
@/home/ec2-user/data/topics/3955 651
@/home/ec2-user/data/topics/1954 652
@/home/ec2-user/data/topics/1471 653
@/home/ec2-user/data/topics/1491 654
@/home/ec2-user/data/topics/1291 655
@/home/ec2-user/data/topics/3975 656
@/home/ec2-user/data/topics/2058 657
@/home/ec2-user/data/topics/1298 658
@/home/ec2-user/data/topics/3456 659
@/home/ec2-user/data/topics/1102 660
@/home/ec2-user/data/topics/1967 661
@/home/ec2-user/data/topics/1147 662
@/home/ec2-user/data/topics/2105 663
@/home/ec2-user/data/topics/1778 664
@/home/ec2-user/data/topics/4351 665
@/home/ec2-user/data/topics/3924 666
@/home/ec2-user/data/topics/1414 667
@/home/ec2-user/data/topics/4224 668
@/home/ec2-user/data/topics/1397 669
@/home/ec2-user/data/topics/5027 670
@/home/ec2-user/data/topics/3392 671
@/home/ec2-user/data/topics/2059 672
@/home/ec2-user/data/topics/2052 673
@/home/ec2-user/data/topics/1679 674
@/home/ec2-user/data/topics/1836 675
@/home/ec2-user/data/topics/1686 676
@/home/ec2-user/data/topics/3872 677
@/home/ec2-user/data/topics/1435 678
@/home/ec2-user/data/topics/2075 679
@/home/ec2-user/data/topics/1059 680
富士ゼロックス株式会社

@/home/ec2-user/data/topics/3661 681
@/home/ec2-user/data/topics/3662 681
@/home/ec2-user/data/topics/5031 682
@/home/ec2-user/data/topics/1560 683
@/home/ec2-user/data/topics/3473 684
@/home/ec2-user/data/topics/3640 685
@/home/ec2-user/data/topics/3695 686
@/home/ec2-user/data/topics/1947 687
@/home/ec2-user/data/topics/3790 688
@/home/ec2-user/data/topics/3407 689
@/home/ec2-user/data/topics/3564 690
@/home/ec2-user/data/topics/3383 691
@/home/ec2-user/data/topics/4108 692
@/home/ec2-user/data/topics/3366 693
@/home/ec2-user/data/topics/3782 694
住友金属工業株式会社

@/home/ec2-user/data/topics/4322 695
@/home/ec2-user/data/topics/4534 695
@/home/ec2-user/data/topics/4733 696
@/home/ec2-user/data/topics/4991 697
@/home/ec2-user/data/topics/4661 698
@/home/ec2-user/data/topics/3826 699
@/home/ec2-user/data/topics/3655 700
@/home/ec2-user/data/topics/4021 701
@/home/ec2-user/data/topics/4182 702
@/home/ec2-user/data/topics/3577 703
@/home/ec2-user/data/topics/1268 704
@/home/ec2-user/data/topics/4295 705
日立電線株式会社

@/home/ec2-user/data/topics/3756 706
@/home/ec2-user/data/topics/1117 706
@/home/ec2-user/data/topics/1305 707
@/home/ec2-user/data/topics/3930 708
@/home/ec2-user/data/topics/1027 709
@/home/ec2-user/data/topics/4329 710
@/home/ec2-user/data/topics/1388 711
@/home/ec2-user/data/topics/4356 712
@/home/ec2-user/data/topics/4357 713
キヤノン株式会社

@/home/ec2-user/data/topics/4054 714
@/home/ec2-user/data/topics/3415 714
@/home/ec2-user/data/topics/1895 715
@/home/ec2-user/data/topics/2231 716
@/home/ec2-user/data/topics/3958 717
@/home/ec2-user/data/topics/3410 718
@/home/ec2-user/data/topics/1802 719
@/home/ec2-user/data/topics/1961 720
@/home/ec2-user/data/topics/1513 721
@/home/ec2-user/data/topics/3852 722
@/home/ec2-user/data/topics/4948 723
@/home/ec2-user/data/topics/3374 724
@/home/ec2-user/data/topics/2145 725
@/home/ec2-user/data/topics/1745 726
@/home/ec2-user/data/topics/1631 727
@/home/ec2-user/data/topics/1646 728
@/home/ec2-user/data/topics/4363 729
@/home/ec2-user/data/topics/3445 730
@/home/ec2-user/data/topics/3730 731
@/home/ec2-user/data/topics/4020 732
@/home/ec2-user/data/topics/2107 733
@/home/ec2-user/data/topics/3434 734
@/home/ec2-user/data/topics/3416 735
@/home/ec2-user/data/topics/1124 736
@/home/ec2-user/data/topics/1080 737
@/home/ec2-user/data/topics/3720 738
@/home/ec2-user/data/topics/1975 739
@/home/ec2-user/data/topics/3660 740
@/home/ec2-user/data/topics/1118 741
@/home/ec2-user/data/topics/1455 742
@/home/ec2-user/data/topics/3722 743
@/home/ec2-user/data/topics/3996 744
@/home/ec2-user/data/topics/1744 745
@/home/ec2-user/data/topics/2004 746
@/home/ec2-user/data/topics/3454 747
@/home/ec2-user/data/topics/3949 748
@/home/ec2-user/data/topics/4068 749
@/home/ec2-user/data/topics/4520 750
@/home/ec2-user/data/topics/3417 751
@/home/ec2-user/data/topics/1216 752
@/home/ec2-user/data/topics/4610 753
@/home/ec2-user/data/topics/1847 754
@/home/ec2-user/data/topics/3967 755
@/home/ec2-user/data/topics/2053 756
@/home/ec2-user/data/topics/1848 757
@/home/ec2-user/data/topics/1228 758
@/home/ec2-user/data/topics/4350 759
@/home/ec2-user/data/topics/1208 760
@/home/ec2-user/data/topics/3420 761
@/home/ec2-user/data/topics/1519 762
@/home/ec2-user/data/topics/1568 763
@/home/ec2-user/data/topics/3430 764
@/home/ec2-user/data/topics/4628 765
@/home/ec2-user/data/topics/1889 766
@/home/ec2-user/data/topics/3843 767
@/home/ec2-user/data/topics/4937 768
@/home/ec2-user/data/topics/1590 769
@/home/ec2-user/data/topics/1539 770
@/home/ec2-user/data/topics/3642 771
@/home/ec2-user/data/topics/3737 772
@/home/ec2-user/data/topics/3656 773
@/home/ec2-user/data/topics/2243 774
@/home/ec2-user/data/topics/3441 775
@/home/ec2-user/data/topics/3376 776
@/home/ec2-user/data/topics/1790 777
@/home/ec2-user/data/topics/4947 778
@/home/ec2-user/data/topics/1438 779
@/home/ec2-user/data/topics/3755 780
@/home/ec2-user/data/topics/4521 781
@/home/ec2-user/data/topics/2117 782
@/home/ec2-user/data/topics/3438 783
@/home/ec2-user/data/topics/1866 784
@/home/ec2-user/data/topics/3628 785
三洋電機株式会社

@/home/ec2-user/data/topics/4726 786
@/home/ec2-user/data/topics/3781 786
@/home/ec2-user/data/topics/4376 787
@/home/ec2-user/data/topics/3804 788
@/home/ec2-user/data/topics/3754 789
@/home/ec2-user/data/topics/3403 790
@/home/ec2-user/data/topics/1289 791
@/home/ec2-user/data/topics/3906 792
@/home/ec2-user/data/topics/4060 793
@/home/ec2-user/data/topics/4212 794
@/home/ec2-user/data/topics/4178 795
@/home/ec2-user/data/topics/5011 796
@/home/ec2-user/data/topics/3817 797
@/home/ec2-user/data/topics/3539 798
@/home/ec2-user/data/topics/4001 799
@/home/ec2-user/data/topics/3491 800
@/home/ec2-user/data/topics/3953 801
@/home/ec2-user/data/topics/2063 802
@/home/ec2-user/data/topics/2014 803
@/home/ec2-user/data/topics/4612 804
@/home/ec2-user/data/topics/1479 805
@/home/ec2-user/data/topics/4492 806
@/home/ec2-user/data/topics/4474 807
@/home/ec2-user/data/topics/3625 808
@/home/ec2-user/data/topics/1652 809
@/home/ec2-user/data/topics/4061 810
@/home/ec2-user/data/topics/2098 811
@/home/ec2-user/data/topics/1451 812
@/home/ec2-user/data/topics/3926 813
@/home/ec2-user/data/topics/4015 814
@/home/ec2-user/data/topics/1321 815
@/home/ec2-user/data/topics/3889 816
@/home/ec2-user/data/topics/3808 817
@/home/ec2-user/data/topics/3830 818
@/home/ec2-user/data/topics/1722 819
@/home/ec2-user/data/topics/1386 820
@/home/ec2-user/data/topics/2230 821
@/home/ec2-user/data/topics/2054 822
@/home/ec2-user/data/topics/1488 823
@/home/ec2-user/data/topics/1079 824
@/home/ec2-user/data/topics/4304 825
@/home/ec2-user/data/topics/4983 826
@/home/ec2-user/data/topics/2194 827
@/home/ec2-user/data/topics/4527 828
@/home/ec2-user/data/topics/4066 829
@/home/ec2-user/data/topics/4301 830
@/home/ec2-user/data/topics/3986 831
@/home/ec2-user/data/topics/4384 832
@/home/ec2-user/data/topics/2071 833
@/home/ec2-user/data/topics/4654 834
@/home/ec2-user/data/topics/3581 835
@/home/ec2-user/data/topics/5002 836
@/home/ec2-user/data/topics/4328 837
@/home/ec2-user/data/topics/4837 838
@/home/ec2-user/data/topics/4179 839
@/home/ec2-user/data/topics/3708 840
@/home/ec2-user/data/topics/1980 841
@/home/ec2-user/data/topics/3859 842
@/home/ec2-user/data/topics/3398 843
@/home/ec2-user/data/topics/4571 844
@/home/ec2-user/data/topics/4960 845
@/home/ec2-user/data/topics/1653 846
@/home/ec2-user/data/topics/4604 847
@/home/ec2-user/data/topics/4039 848
@/home/ec2-user/data/topics/1515 849
@/home/ec2-user/data/topics/1246 850
@/home/ec2-user/data/topics/4978 851
@/home/ec2-user/data/topics/3974 852
@/home/ec2-user/data/topics/1163 853
@/home/ec2-user/data/topics/4679 854
@/home/ec2-user/data/topics/4788 855
@/home/ec2-user/data/topics/4720 856
@/home/ec2-user/data/topics/3681 857
@/home/ec2-user/data/topics/4763 858
@/home/ec2-user/data/topics/3845 859
@/home/ec2-user/data/topics/4150 860
@/home/ec2-user/data/topics/1671 861
@/home/ec2-user/data/topics/3492 862
@/home/ec2-user/data/topics/4099 863
三菱電機株式会社

@/home/ec2-user/data/topics/3595 864
@/home/ec2-user/data/topics/4514 864
@/home/ec2-user/data/topics/4282 865
@/home/ec2-user/data/topics/3490 866
@/home/ec2-user/data/topics/3592 867
@/home/ec2-user/data/topics/3465 868
@/home/ec2-user/data/topics/1754 869
@/home/ec2-user/data/topics/4518 870
@/home/ec2-user/data/topics/1536 871
@/home/ec2-user/data/topics/3873 872
@/home/ec2-user/data/topics/3453 873
@/home/ec2-user/data/topics/3774 874
@/home/ec2-user/data/topics/4419 875
@/home/ec2-user/data/topics/3466 876
@/home/ec2-user/data/topics/4552 877
@/home/ec2-user/data/topics/4133 878
@/home/ec2-user/data/topics/4149 879
@/home/ec2-user/data/topics/3469 880
@/home/ec2-user/data/topics/3409 881
@/home/ec2-user/data/topics/4181 882
@/home/ec2-user/data/topics/3841 883
@/home/ec2-user/data/topics/3412 884
@/home/ec2-user/data/topics/3493 885
@/home/ec2-user/data/topics/4614 886
@/home/ec2-user/data/topics/3616 887
@/home/ec2-user/data/topics/3963 888
@/home/ec2-user/data/topics/3609 889
@/home/ec2-user/data/topics/3451 890
@/home/ec2-user/data/topics/3800 891
@/home/ec2-user/data/topics/1872 892
@/home/ec2-user/data/topics/4047 893
@/home/ec2-user/data/topics/3666 894
@/home/ec2-user/data/topics/4076 895
@/home/ec2-user/data/topics/4980 896
@/home/ec2-user/data/topics/1110 897
@/home/ec2-user/data/topics/5033 898
@/home/ec2-user/data/topics/2146 899
@/home/ec2-user/data/topics/4221 900
@/home/ec2-user/data/topics/5032 901
@/home/ec2-user/data/topics/3921 902
@/home/ec2-user/data/topics/3397 903
@/home/ec2-user/data/topics/4233 904
@/home/ec2-user/data/topics/4235 905
@/home/ec2-user/data/topics/1220 906
@/home/ec2-user/data/topics/1792 907
@/home/ec2-user/data/topics/3820 908
@/home/ec2-user/data/topics/4305 909
@/home/ec2-user/data/topics/4041 910
@/home/ec2-user/data/topics/4663 911
@/home/ec2-user/data/topics/1738 912
@/home/ec2-user/data/topics/3612 913
@/home/ec2-user/data/topics/3747 914
@/home/ec2-user/data/topics/3856 915
@/home/ec2-user/data/topics/3506 916
@/home/ec2-user/data/topics/4834 917
@/home/ec2-user/data/topics/4220 918
@/home/ec2-user/data/topics/4562 919
@/home/ec2-user/data/topics/4880 920
住友ゴム工業株式会社

@/home/ec2-user/data/topics/4048 921
@/home/ec2-user/data/topics/4597 921
@/home/ec2-user/data/topics/2007 922
@/home/ec2-user/data/topics/1114 923
@/home/ec2-user/data/topics/4406 924
@/home/ec2-user/data/topics/1758 925
@/home/ec2-user/data/topics/4568 926
セイコーエプソン株式会社

@/home/ec2-user/data/topics/4801 927
@/home/ec2-user/data/topics/4109 927
@/home/ec2-user/data/topics/1343 928
@/home/ec2-user/data/topics/1890 929
@/home/ec2-user/data/topics/3476 930
@/home/ec2-user/data/topics/2078 931
@/home/ec2-user/data/topics/1423 932
@/home/ec2-user/data/topics/2165 933
@/home/ec2-user/data/topics/1641 934
@/home/ec2-user/data/topics/3910 935
@/home/ec2-user/data/topics/3361 936
@/home/ec2-user/data/topics/3887 937
@/home/ec2-user/data/topics/4719 938
@/home/ec2-user/data/topics/3819 939
@/home/ec2-user/data/topics/1378 940
@/home/ec2-user/data/topics/3985 941
@/home/ec2-user/data/topics/4454 942
@/home/ec2-user/data/topics/4802 943
@/home/ec2-user/data/topics/4585 944
@/home/ec2-user/data/topics/3505 945
@/home/ec2-user/data/topics/1938 946
@/home/ec2-user/data/topics/1484 947
@/home/ec2-user/data/topics/3589 948
@/home/ec2-user/data/topics/4605 949
@/home/ec2-user/data/topics/4386 950
@/home/ec2-user/data/topics/4022 951
株式会社三共

@/home/ec2-user/data/topics/2123 952
@/home/ec2-user/data/topics/1665 952
@/home/ec2-user/data/topics/2060 953
@/home/ec2-user/data/topics/1648 954
@/home/ec2-user/data/topics/4868 955
@/home/ec2-user/data/topics/1377 956
@/home/ec2-user/data/topics/4374 957
@/home/ec2-user/data/topics/1086 958
@/home/ec2-user/data/topics/1189 959
沖電気工業株式会社

@/home/ec2-user/data/topics/3690 960
@/home/ec2-user/data/topics/1531 960
@/home/ec2-user/data/topics/3433 961
@/home/ec2-user/data/topics/3395 962
@/home/ec2-user/data/topics/4575 963
@/home/ec2-user/data/topics/3457 964
@/home/ec2-user/data/topics/4693 965
@/home/ec2-user/data/topics/3964 966
@/home/ec2-user/data/topics/3764 967
@/home/ec2-user/data/topics/4308 968
@/home/ec2-user/data/topics/1188 969
@/home/ec2-user/data/topics/4299 970
@/home/ec2-user/data/topics/3571 971
@/home/ec2-user/data/topics/3621 972
株式会社三星

@/home/ec2-user/data/topics/2198 973
@/home/ec2-user/data/topics/2108 973
@/home/ec2-user/data/topics/1728 974
@/home/ec2-user/data/topics/1733 975
@/home/ec2-user/data/topics/3942 976
@/home/ec2-user/data/topics/1260 977
日本ビクター株式会社

@/home/ec2-user/data/topics/1823 978
@/home/ec2-user/data/topics/3939 978
@/home/ec2-user/data/topics/3603 979
@/home/ec2-user/data/topics/1440 980
@/home/ec2-user/data/topics/4056 981
@/home/ec2-user/data/topics/3620 982
@/home/ec2-user/data/topics/1520 983
@/home/ec2-user/data/topics/4123 984
@/home/ec2-user/data/topics/1389 985
@/home/ec2-user/data/topics/3882 986
@/home/ec2-user/data/topics/4672 987
花王株式会社

@/home/ec2-user/data/topics/4249 988
@/home/ec2-user/data/topics/3753 988
@/home/ec2-user/data/topics/4827 989
@/home/ec2-user/data/topics/1022 990
@/home/ec2-user/data/topics/1767 991
@/home/ec2-user/data/topics/4211 992
@/home/ec2-user/data/topics/2214 993
@/home/ec2-user/data/topics/4445 994
@/home/ec2-user/data/topics/3812 995
@/home/ec2-user/data/topics/1196 996
@/home/ec2-user/data/topics/3999 997
@/home/ec2-user/data/topics/4287 998
@/home/ec2-user/data/topics/3884 999
三田工業株式会社

@/home/ec2-user/data/topics/3842 1000
@/home/ec2-user/data/topics/1033 1000
@/home/ec2-user/data/topics/1034 1001
@/home/ec2-user/data/topics/1766 1002
@/home/ec2-user/data/topics/1269 1003
@/home/ec2-user/data/topics/3923 1004
@/home/ec2-user/data/topics/2136 1005
@/home/ec2-user/data/topics/2155 1006
@/home/ec2-user/data/topics/3604 1007
豊丸産業株式会社

@/home/ec2-user/data/topics/1138 1008
@/home/ec2-user/data/topics/1097 1008
@/home/ec2-user/data/topics/2169 1009
@/home/ec2-user/data/topics/1677 1010
@/home/ec2-user/data/topics/1588 1011
@/home/ec2-user/data/topics/1353 1012
@/home/ec2-user/data/topics/2011 1013
@/home/ec2-user/data/topics/1914 1014
@/home/ec2-user/data/topics/1713 1015
@/home/ec2-user/data/topics/1126 1016
@/home/ec2-user/data/topics/1284 1017
@/home/ec2-user/data/topics/1726 1018
@/home/ec2-user/data/topics/3672 1019
@/home/ec2-user/data/topics/4847 1020
@/home/ec2-user/data/topics/1401 1021
鐘紡株式会社

@/home/ec2-user/data/topics/1842 1022
@/home/ec2-user/data/topics/1178 1022
@/home/ec2-user/data/topics/1304 1023
@/home/ec2-user/data/topics/2185 1024
@/home/ec2-user/data/topics/3634 1025
@/home/ec2-user/data/topics/4195 1026
@/home/ec2-user/data/topics/1886 1027
@/home/ec2-user/data/topics/1870 1028
@/home/ec2-user/data/topics/1901 1029
@/home/ec2-user/data/topics/1367 1030
@/home/ec2-user/data/topics/2034 1031
@/home/ec2-user/data/topics/1054 1032
@/home/ec2-user/data/topics/3560 1033
@/home/ec2-user/data/topics/3551 1034
@/home/ec2-user/data/topics/3566 1035
@/home/ec2-user/data/topics/2223 1036
株式会社デンソー

@/home/ec2-user/data/topics/4423 1037
@/home/ec2-user/data/topics/3480 1037
@/home/ec2-user/data/topics/1028 1038
@/home/ec2-user/data/topics/4622 1039
@/home/ec2-user/data/topics/4805 1040
@/home/ec2-user/data/topics/4656 1041
@/home/ec2-user/data/topics/3406 1042
@/home/ec2-user/data/topics/4046 1043
@/home/ec2-user/data/topics/3710 1044
@/home/ec2-user/data/topics/1855 1045
@/home/ec2-user/data/topics/4483 1046
@/home/ec2-user/data/topics/4498 1047
@/home/ec2-user/data/topics/4024 1048
@/home/ec2-user/data/topics/4675 1049
@/home/ec2-user/data/topics/4840 1050
@/home/ec2-user/data/topics/4164 1051
@/home/ec2-user/data/topics/3421 1052
富士写真フイルム株式会社

@/home/ec2-user/data/topics/4962 1053
@/home/ec2-user/data/topics/1603 1053
@/home/ec2-user/data/topics/3911 1054
@/home/ec2-user/data/topics/2134 1055
@/home/ec2-user/data/topics/1570 1056
@/home/ec2-user/data/topics/3447 1057
@/home/ec2-user/data/topics/1244 1058
@/home/ec2-user/data/topics/1662 1059
@/home/ec2-user/data/topics/3857 1060
@/home/ec2-user/data/topics/3354 1061
@/home/ec2-user/data/topics/3918 1062
京セラ株式会社

@/home/ec2-user/data/topics/4901 1063
@/home/ec2-user/data/topics/1741 1063
@/home/ec2-user/data/topics/1913 1064
@/home/ec2-user/data/topics/3615 1065
@/home/ec2-user/data/topics/4513 1066
@/home/ec2-user/data/topics/4340 1067
@/home/ec2-user/data/topics/1708 1068
@/home/ec2-user/data/topics/3869 1069
@/home/ec2-user/data/topics/4031 1070
@/home/ec2-user/data/topics/3593 1071
@/home/ec2-user/data/topics/1485 1072
@/home/ec2-user/data/topics/3741 1073
イビデン株式会社

@/home/ec2-user/data/topics/1336 1074
@/home/ec2-user/data/topics/1682 1074
@/home/ec2-user/data/topics/1952 1075
@/home/ec2-user/data/topics/1315 1076
@/home/ec2-user/data/topics/3814 1077
@/home/ec2-user/data/topics/1770 1078
@/home/ec2-user/data/topics/2033 1079
株式会社東芝

@/home/ec2-user/data/topics/4009 1080
@/home/ec2-user/data/topics/4057 1080
@/home/ec2-user/data/topics/3881 1081
@/home/ec2-user/data/topics/4336 1082
@/home/ec2-user/data/topics/3834 1083
@/home/ec2-user/data/topics/4631 1084
@/home/ec2-user/data/topics/3542 1085
@/home/ec2-user/data/topics/4292 1086
@/home/ec2-user/data/topics/1090 1087
@/home/ec2-user/data/topics/4842 1088
@/home/ec2-user/data/topics/3716 1089
@/home/ec2-user/data/topics/4361 1090
@/home/ec2-user/data/topics/3948 1091
@/home/ec2-user/data/topics/3462 1092
@/home/ec2-user/data/topics/4509 1093
@/home/ec2-user/data/topics/4594 1094
@/home/ec2-user/data/topics/4096 1095
@/home/ec2-user/data/topics/4751 1096
@/home/ec2-user/data/topics/4089 1097
@/home/ec2-user/data/topics/4863 1098
@/home/ec2-user/data/topics/1756 1099
@/home/ec2-user/data/topics/4302 1100
@/home/ec2-user/data/topics/3689 1101
@/home/ec2-user/data/topics/4183 1102
@/home/ec2-user/data/topics/1757 1103
@/home/ec2-user/data/topics/4197 1104
@/home/ec2-user/data/topics/4881 1105
@/home/ec2-user/data/topics/3598 1106
@/home/ec2-user/data/topics/3780 1107
@/home/ec2-user/data/topics/3988 1108
@/home/ec2-user/data/topics/3380 1109
@/home/ec2-user/data/topics/3990 1110
@/home/ec2-user/data/topics/4566 1111
@/home/ec2-user/data/topics/1819 1112
@/home/ec2-user/data/topics/3360 1113
@/home/ec2-user/data/topics/1332 1114
@/home/ec2-user/data/topics/3734 1115
@/home/ec2-user/data/topics/3851 1116
@/home/ec2-user/data/topics/4935 1117
@/home/ec2-user/data/topics/3352 1118
@/home/ec2-user/data/topics/3890 1119
@/home/ec2-user/data/topics/4755 1120
@/home/ec2-user/data/topics/4381 1121
@/home/ec2-user/data/topics/1585 1122
@/home/ec2-user/data/topics/3618 1123
@/home/ec2-user/data/topics/3795 1124
@/home/ec2-user/data/topics/3732 1125
@/home/ec2-user/data/topics/4140 1126
@/home/ec2-user/data/topics/4172 1127
@/home/ec2-user/data/topics/4912 1128
@/home/ec2-user/data/topics/4623 1129
@/home/ec2-user/data/topics/1997 1130
@/home/ec2-user/data/topics/1132 1131
@/home/ec2-user/data/topics/4535 1132
@/home/ec2-user/data/topics/3363 1133
@/home/ec2-user/data/topics/3351 1134
@/home/ec2-user/data/topics/1205 1135
@/home/ec2-user/data/topics/2241 1136
@/home/ec2-user/data/topics/3683 1137
@/home/ec2-user/data/topics/3688 1138
@/home/ec2-user/data/topics/4165 1139
ヤマハ株式会社

@/home/ec2-user/data/topics/4954 1140
@/home/ec2-user/data/topics/1720 1140
@/home/ec2-user/data/topics/4045 1141
@/home/ec2-user/data/topics/3972 1142
@/home/ec2-user/data/topics/4919 1143
@/home/ec2-user/data/topics/4145 1144
@/home/ec2-user/data/topics/1676 1145
@/home/ec2-user/data/topics/1911 1146
@/home/ec2-user/data/topics/4125 1147
@/home/ec2-user/data/topics/4084 1148
@/home/ec2-user/data/topics/4010 1149
@/home/ec2-user/data/topics/4177 1150
@/home/ec2-user/data/topics/1443 1151
東洋紡績株式会社

@/home/ec2-user/data/topics/4284 1152
@/home/ec2-user/data/topics/3769 1152
@/home/ec2-user/data/topics/1613 1153
@/home/ec2-user/data/topics/4366 1154
@/home/ec2-user/data/topics/1029 1155
@/home/ec2-user/data/topics/4362 1156
三菱化学株式会社

@/home/ec2-user/data/topics/1902 1157
@/home/ec2-user/data/topics/1699 1157
@/home/ec2-user/data/topics/3458 1158
@/home/ec2-user/data/topics/3513 1159
@/home/ec2-user/data/topics/3638 1160
@/home/ec2-user/data/topics/1197 1161
カシオ計算機株式会社

@/home/ec2-user/data/topics/3391 1162
@/home/ec2-user/data/topics/1535 1162
@/home/ec2-user/data/topics/1794 1163
@/home/ec2-user/data/topics/2180 1164
@/home/ec2-user/data/topics/1047 1165
@/home/ec2-user/data/topics/1368 1166
@/home/ec2-user/data/topics/2237 1167
@/home/ec2-user/data/topics/1235 1168
コナミ株式会社

@/home/ec2-user/data/topics/1621 1169
@/home/ec2-user/data/topics/2151 1169
@/home/ec2-user/data/topics/5015 1170
@/home/ec2-user/data/topics/4602 1171
@/home/ec2-user/data/topics/4681 1172
@/home/ec2-user/data/topics/1672 1173
@/home/ec2-user/data/topics/2100 1174
@/home/ec2-user/data/topics/1302 1175
大日本スクリーン製造株式会社

@/home/ec2-user/data/topics/3742 1176
@/home/ec2-user/data/topics/1130 1176
@/home/ec2-user/data/topics/1173 1177
@/home/ec2-user/data/topics/1779 1178
@/home/ec2-user/data/topics/1608 1179
@/home/ec2-user/data/topics/2209 1180
@/home/ec2-user/data/topics/2172 1181
オムロン株式会社

@/home/ec2-user/data/topics/3594 1182
@/home/ec2-user/data/topics/3597 1182
@/home/ec2-user/data/topics/1067 1183
@/home/ec2-user/data/topics/2096 1184
@/home/ec2-user/data/topics/4771 1185
@/home/ec2-user/data/topics/1135 1186
@/home/ec2-user/data/topics/1933 1187
@/home/ec2-user/data/topics/1151 1188
@/home/ec2-user/data/topics/1579 1189
@/home/ec2-user/data/topics/3700 1190
@/home/ec2-user/data/topics/1533 1191
@/home/ec2-user/data/topics/1657 1192
@/home/ec2-user/data/topics/3748 1193
@/home/ec2-user/data/topics/3863 1194
@/home/ec2-user/data/topics/1841 1195
株式会社日立製作所

@/home/ec2-user/data/topics/3350 1196
@/home/ec2-user/data/topics/1667 1196
@/home/ec2-user/data/topics/4122 1197
@/home/ec2-user/data/topics/3993 1198
@/home/ec2-user/data/topics/3968 1199
@/home/ec2-user/data/topics/3588 1200
@/home/ec2-user/data/topics/1562 1201
@/home/ec2-user/data/topics/1072 1202
@/home/ec2-user/data/topics/1882 1203
@/home/ec2-user/data/topics/1693 1204
@/home/ec2-user/data/topics/3665 1205
@/home/ec2-user/data/topics/1487 1206
@/home/ec2-user/data/topics/4040 1207
@/home/ec2-user/data/topics/5030 1208
@/home/ec2-user/data/topics/4990 1209
@/home/ec2-user/data/topics/4402 1210
@/home/ec2-user/data/topics/2019 1211
@/home/ec2-user/data/topics/3531 1212
@/home/ec2-user/data/topics/3596 1213
@/home/ec2-user/data/topics/1880 1214
@/home/ec2-user/data/topics/4420 1215
@/home/ec2-user/data/topics/1501 1216
@/home/ec2-user/data/topics/1825 1217
@/home/ec2-user/data/topics/4559 1218
@/home/ec2-user/data/topics/3439 1219
@/home/ec2-user/data/topics/3965 1220
@/home/ec2-user/data/topics/5029 1221
@/home/ec2-user/data/topics/3772 1222
@/home/ec2-user/data/topics/3599 1223
@/home/ec2-user/data/topics/1987 1224
@/home/ec2-user/data/topics/4401 1225
@/home/ec2-user/data/topics/3691 1226
@/home/ec2-user/data/topics/3706 1227
@/home/ec2-user/data/topics/2239 1228
@/home/ec2-user/data/topics/1249 1229
@/home/ec2-user/data/topics/1651 1230
@/home/ec2-user/data/topics/4493 1231
@/home/ec2-user/data/topics/1105 1232
@/home/ec2-user/data/topics/3570 1233
@/home/ec2-user/data/topics/4830 1234
@/home/ec2-user/data/topics/4166 1235
@/home/ec2-user/data/topics/3524 1236
@/home/ec2-user/data/topics/4799 1237
@/home/ec2-user/data/topics/3432 1238
@/home/ec2-user/data/topics/1340 1239
@/home/ec2-user/data/topics/3440 1240
@/home/ec2-user/data/topics/4545 1241
@/home/ec2-user/data/topics/1463 1242
@/home/ec2-user/data/topics/3994 1243
@/home/ec2-user/data/topics/3659 1244
@/home/ec2-user/data/topics/4547 1245
@/home/ec2-user/data/topics/3471 1246
@/home/ec2-user/data/topics/3822 1247
@/home/ec2-user/data/topics/2184 1248
@/home/ec2-user/data/topics/4489 1249
@/home/ec2-user/data/topics/1247 1250
@/home/ec2-user/data/topics/1296 1251
@/home/ec2-user/data/topics/1640 1252
@/home/ec2-user/data/topics/1833 1253
@/home/ec2-user/data/topics/2081 1254
@/home/ec2-user/data/topics/4058 1255
@/home/ec2-user/data/topics/3461 1256
@/home/ec2-user/data/topics/1082 1257
@/home/ec2-user/data/topics/3779 1258
@/home/ec2-user/data/topics/3384 1259
@/home/ec2-user/data/topics/1278 1260
@/home/ec2-user/data/topics/3648 1261
@/home/ec2-user/data/topics/3973 1262
@/home/ec2-user/data/topics/4943 1263
@/home/ec2-user/data/topics/4621 1264
@/home/ec2-user/data/topics/1826 1265
@/home/ec2-user/data/topics/4551 1266
@/home/ec2-user/data/topics/1334 1267
@/home/ec2-user/data/topics/3488 1268
凸版印刷株式会社

@/home/ec2-user/data/topics/1977 1269
@/home/ec2-user/data/topics/3500 1269
@/home/ec2-user/data/topics/1091 1270
@/home/ec2-user/data/topics/1765 1271
@/home/ec2-user/data/topics/4874 1272
@/home/ec2-user/data/topics/3624 1273
@/home/ec2-user/data/topics/3526 1274
株式会社ノーリツ

@/home/ec2-user/data/topics/1618 1275
@/home/ec2-user/data/topics/1760 1275
@/home/ec2-user/data/topics/1598 1276
@/home/ec2-user/data/topics/4776 1277
@/home/ec2-user/data/topics/4354 1278
@/home/ec2-user/data/topics/2116 1279
@/home/ec2-user/data/topics/4206 1280
@/home/ec2-user/data/topics/1290 1281
川崎重工業株式会社

@/home/ec2-user/data/topics/4944 1282
@/home/ec2-user/data/topics/1172 1282
@/home/ec2-user/data/topics/4866 1283
@/home/ec2-user/data/topics/1162 1284
@/home/ec2-user/data/topics/4793 1285
@/home/ec2-user/data/topics/4756 1286
@/home/ec2-user/data/topics/5025 1287
@/home/ec2-user/data/topics/4572 1288
ティーディーケイ株式会社

@/home/ec2-user/data/topics/1409 1289
@/home/ec2-user/data/topics/2202 1289
@/home/ec2-user/data/topics/4619 1290
@/home/ec2-user/data/topics/3792 1291
@/home/ec2-user/data/topics/3909 1292
@/home/ec2-user/data/topics/1510 1293
@/home/ec2-user/data/topics/1129 1294
@/home/ec2-user/data/topics/2210 1295
@/home/ec2-user/data/topics/3798 1296
京セラミタ株式会社

@/home/ec2-user/data/topics/2141 1297
@/home/ec2-user/data/topics/4564 1297
@/home/ec2-user/data/topics/1032 1298
@/home/ec2-user/data/topics/4973 1299
@/home/ec2-user/data/topics/4985 1300
@/home/ec2-user/data/topics/1930 1301
@/home/ec2-user/data/topics/4174 1302
株式会社クボタ

@/home/ec2-user/data/topics/4251 1303
@/home/ec2-user/data/topics/3854 1303
@/home/ec2-user/data/topics/3823 1304
@/home/ec2-user/data/topics/1734 1305
@/home/ec2-user/data/topics/1012 1306
@/home/ec2-user/data/topics/1280 1307
@/home/ec2-user/data/topics/4379 1308
@/home/ec2-user/data/topics/3919 1309
@/home/ec2-user/data/topics/1448 1310
@/home/ec2-user/data/topics/4745 1311
シャープ株式会社

@/home/ec2-user/data/topics/3855 1312
@/home/ec2-user/data/topics/3895 1312
@/home/ec2-user/data/topics/3679 1313
@/home/ec2-user/data/topics/3957 1314
@/home/ec2-user/data/topics/4263 1315
@/home/ec2-user/data/topics/4648 1316
@/home/ec2-user/data/topics/1288 1317
@/home/ec2-user/data/topics/4469 1318
@/home/ec2-user/data/topics/1563 1319
@/home/ec2-user/data/topics/3978 1320
@/home/ec2-user/data/topics/4124 1321
@/home/ec2-user/data/topics/4095 1322
@/home/ec2-user/data/topics/1561 1323
@/home/ec2-user/data/topics/4228 1324
@/home/ec2-user/data/topics/4519 1325
@/home/ec2-user/data/topics/4256 1326
@/home/ec2-user/data/topics/4245 1327
@/home/ec2-user/data/topics/4744 1328
@/home/ec2-user/data/topics/3673 1329
@/home/ec2-user/data/topics/2087 1330
@/home/ec2-user/data/topics/4691 1331
@/home/ec2-user/data/topics/4152 1332
@/home/ec2-user/data/topics/4583 1333
@/home/ec2-user/data/topics/4214 1334
@/home/ec2-user/data/topics/4349 1335
@/home/ec2-user/data/topics/1174 1336
@/home/ec2-user/data/topics/1965 1337
@/home/ec2-user/data/topics/2084 1338
@/home/ec2-user/data/topics/1258 1339
@/home/ec2-user/data/topics/4173 1340
@/home/ec2-user/data/topics/3452 1341
@/home/ec2-user/data/topics/3813 1342
@/home/ec2-user/data/topics/3776 1343
@/home/ec2-user/data/topics/1396 1344
@/home/ec2-user/data/topics/3941 1345
@/home/ec2-user/data/topics/4323 1346
@/home/ec2-user/data/topics/3422 1347
@/home/ec2-user/data/topics/4230 1348
@/home/ec2-user/data/topics/1318 1349
@/home/ec2-user/data/topics/4683 1350
@/home/ec2-user/data/topics/3793 1351
@/home/ec2-user/data/topics/1804 1352
@/home/ec2-user/data/topics/1970 1353
@/home/ec2-user/data/topics/4103 1354
@/home/ec2-user/data/topics/2118 1355
@/home/ec2-user/data/topics/4019 1356
@/home/ec2-user/data/topics/1685 1357
@/home/ec2-user/data/topics/3678 1358
@/home/ec2-user/data/topics/1384 1359
@/home/ec2-user/data/topics/4105 1360
@/home/ec2-user/data/topics/4005 1361
@/home/ec2-user/data/topics/2020 1362
@/home/ec2-user/data/topics/3832 1363
@/home/ec2-user/data/topics/4782 1364
@/home/ec2-user/data/topics/1840 1365
@/home/ec2-user/data/topics/4516 1366
@/home/ec2-user/data/topics/3981 1367
@/home/ec2-user/data/topics/1419 1368
@/home/ec2-user/data/topics/1154 1369
@/home/ec2-user/data/topics/3762 1370
@/home/ec2-user/data/topics/4861 1371
@/home/ec2-user/data/topics/4252 1372
@/home/ec2-user/data/topics/3966 1373
@/home/ec2-user/data/topics/3578 1374
@/home/ec2-user/data/topics/3450 1375
@/home/ec2-user/data/topics/4717 1376
@/home/ec2-user/data/topics/3760 1377
@/home/ec2-user/data/topics/3871 1378
@/home/ec2-user/data/topics/3858 1379
@/home/ec2-user/data/topics/3649 1380
@/home/ec2-user/data/topics/3537 1381
@/home/ec2-user/data/topics/3606 1382
@/home/ec2-user/data/topics/4127 1383
@/home/ec2-user/data/topics/3777 1384
@/home/ec2-user/data/topics/1349 1385
@/home/ec2-user/data/topics/1209 1386
@/home/ec2-user/data/topics/1431 1387
@/home/ec2-user/data/topics/4430 1388
@/home/ec2-user/data/topics/3698 1389
@/home/ec2-user/data/topics/4113 1390
@/home/ec2-user/data/topics/3610 1391
日本輸送機株式会社

@/home/ec2-user/data/topics/3573 1392
@/home/ec2-user/data/topics/1940 1392
@/home/ec2-user/data/topics/1493 1393
@/home/ec2-user/data/topics/1108 1394
@/home/ec2-user/data/topics/1191 1395
@/home/ec2-user/data/topics/2221 1396
@/home/ec2-user/data/topics/2065 1397
@/home/ec2-user/data/topics/1456 1398
東京エレクトロン株式会社

@/home/ec2-user/data/topics/1508 1399
@/home/ec2-user/data/topics/4618 1399
@/home/ec2-user/data/topics/1800 1400
@/home/ec2-user/data/topics/4053 1401
@/home/ec2-user/data/topics/4702 1402
@/home/ec2-user/data/topics/3947 1403
@/home/ec2-user/data/topics/1263 1404
@/home/ec2-user/data/topics/4906 1405
@/home/ec2-user/data/topics/4002 1406
@/home/ec2-user/data/topics/4023 1407
@/home/ec2-user/data/topics/4345 1408
@/home/ec2-user/data/topics/1736 1409
株式会社村田製作所

@/home/ec2-user/data/topics/4325 1410
@/home/ec2-user/data/topics/4417 1410
@/home/ec2-user/data/topics/3885 1411
@/home/ec2-user/data/topics/2229 1412
@/home/ec2-user/data/topics/4703 1413
@/home/ec2-user/data/topics/4163 1414
@/home/ec2-user/data/topics/4070 1415
@/home/ec2-user/data/topics/3697 1416
@/home/ec2-user/data/topics/4432 1417
@/home/ec2-user/data/topics/3435 1418
@/home/ec2-user/data/topics/4795 1419
@/home/ec2-user/data/topics/3482 1420
@/home/ec2-user/data/topics/1411 1421
@/home/ec2-user/data/topics/1374 1422
@/home/ec2-user/data/topics/4271 1423
@/home/ec2-user/data/topics/4378 1424
@/home/ec2-user/data/topics/4042 1425
日本電信電話株式会社

@/home/ec2-user/data/topics/4505 1426
@/home/ec2-user/data/topics/1787 1426
@/home/ec2-user/data/topics/3928 1427
@/home/ec2-user/data/topics/4925 1428
@/home/ec2-user/data/topics/3552 1429
@/home/ec2-user/data/topics/3915 1430
@/home/ec2-user/data/topics/3824 1431
@/home/ec2-user/data/topics/3568 1432
@/home/ec2-user/data/topics/4488 1433
@/home/ec2-user/data/topics/3785 1434
@/home/ec2-user/data/topics/3509 1435
@/home/ec2-user/data/topics/1408 1436
@/home/ec2-user/data/topics/4443 1437
@/home/ec2-user/data/topics/4175 1438
@/home/ec2-user/data/topics/4114 1439
@/home/ec2-user/data/topics/1230 1440
@/home/ec2-user/data/topics/3536 1441
@/home/ec2-user/data/topics/4025 1442
@/home/ec2-user/data/topics/4121 1443
@/home/ec2-user/data/topics/4511 1444
@/home/ec2-user/data/topics/4964 1445
@/home/ec2-user/data/topics/4087 1446
@/home/ec2-user/data/topics/4792 1447
@/home/ec2-user/data/topics/3641 1448
@/home/ec2-user/data/topics/4208 1449
@/home/ec2-user/data/topics/4952 1450
@/home/ec2-user/data/topics/1809 1451
@/home/ec2-user/data/topics/3586 1452
@/home/ec2-user/data/topics/4560 1453
@/home/ec2-user/data/topics/4916 1454
@/home/ec2-user/data/topics/4836 1455
@/home/ec2-user/data/topics/4118 1456
@/home/ec2-user/data/topics/1042 1457
@/home/ec2-user/data/topics/3927 1458
@/home/ec2-user/data/topics/4870 1459
@/home/ec2-user/data/topics/4232 1460
@/home/ec2-user/data/topics/3425 1461
@/home/ec2-user/data/topics/2017 1462
@/home/ec2-user/data/topics/3894 1463
@/home/ec2-user/data/topics/1229 1464
@/home/ec2-user/data/topics/1556 1465
@/home/ec2-user/data/topics/1934 1466
@/home/ec2-user/data/topics/4131 1467
@/home/ec2-user/data/topics/4104 1468
@/home/ec2-user/data/topics/2130 1469
@/home/ec2-user/data/topics/4115 1470
@/home/ec2-user/data/topics/3521 1471
@/home/ec2-user/data/topics/4965 1472
@/home/ec2-user/data/topics/3650 1473
@/home/ec2-user/data/topics/3811 1474
@/home/ec2-user/data/topics/4335 1475
@/home/ec2-user/data/topics/4146 1476
@/home/ec2-user/data/topics/4865 1477
@/home/ec2-user/data/topics/3359 1478
@/home/ec2-user/data/topics/3544 1479
@/home/ec2-user/data/topics/4664 1480
日本鋼管株式会社

@/home/ec2-user/data/topics/1690 1481
@/home/ec2-user/data/topics/2095 1481
@/home/ec2-user/data/topics/4455 1482
@/home/ec2-user/data/topics/4289 1483
@/home/ec2-user/data/topics/1404 1484
@/home/ec2-user/data/topics/4161 1485
@/home/ec2-user/data/topics/3572 1486
株式会社神戸製鋼所

@/home/ec2-user/data/topics/1465 1487
@/home/ec2-user/data/topics/2064 1487
@/home/ec2-user/data/topics/3632 1488
@/home/ec2-user/data/topics/4949 1489
@/home/ec2-user/data/topics/3475 1490
@/home/ec2-user/data/topics/3902 1491
@/home/ec2-user/data/topics/3674 1492
株式会社ケンウッド

@/home/ec2-user/data/topics/1241 1493
@/home/ec2-user/data/topics/4467 1493
@/home/ec2-user/data/topics/1186 1494
@/home/ec2-user/data/topics/1424 1495
@/home/ec2-user/data/topics/4050 1496
@/home/ec2-user/data/topics/4038 1497
@/home/ec2-user/data/topics/3794 1498
@/home/ec2-user/data/topics/3839 1499
@/home/ec2-user/data/topics/3801 1500
@/home/ec2-user/data/topics/1345 1501
@/home/ec2-user/data/topics/2036 1502
@/home/ec2-user/data/topics/1617 1503
@/home/ec2-user/data/topics/4167 1504
@/home/ec2-user/data/topics/2163 1505
@/home/ec2-user/data/topics/1698 1506
@/home/ec2-user/data/topics/1896 1507
@/home/ec2-user/data/topics/3969 1508
@/home/ec2-user/data/topics/3977 1509
@/home/ec2-user/data/topics/3463 1510
@/home/ec2-user/data/topics/3878 1511
@/home/ec2-user/data/topics/1115 1512
東陶機器株式会社

@/home/ec2-user/data/topics/3821 1513
@/home/ec2-user/data/topics/3583 1513
@/home/ec2-user/data/topics/1626 1514
@/home/ec2-user/data/topics/1735 1515
@/home/ec2-user/data/topics/1692 1516
@/home/ec2-user/data/topics/2135 1517
本田技研工業株式会社

@/home/ec2-user/data/topics/4132 1518
@/home/ec2-user/data/topics/1266 1518
@/home/ec2-user/data/topics/4331 1519
@/home/ec2-user/data/topics/4783 1520
@/home/ec2-user/data/topics/1226 1521
@/home/ec2-user/data/topics/1444 1522
@/home/ec2-user/data/topics/1822 1523
@/home/ec2-user/data/topics/3685 1524
@/home/ec2-user/data/topics/4033 1525
@/home/ec2-user/data/topics/4375 1526
@/home/ec2-user/data/topics/5026 1527
@/home/ec2-user/data/topics/1818 1528
@/home/ec2-user/data/topics/4888 1529
@/home/ec2-user/data/topics/1215 1530
@/home/ec2-user/data/topics/1605 1531
@/home/ec2-user/data/topics/2000 1532
@/home/ec2-user/data/topics/4199 1533
@/home/ec2-user/data/topics/2016 1534
@/home/ec2-user/data/topics/1143 1535
新日本製鐵株式会社

@/home/ec2-user/data/topics/3899 1536
@/home/ec2-user/data/topics/5008 1536
@/home/ec2-user/data/topics/3663 1537
@/home/ec2-user/data/topics/4472 1538
@/home/ec2-user/data/topics/3368 1539
@/home/ec2-user/data/topics/3861 1540
松下電工株式会社

@/home/ec2-user/data/topics/3379 1541
@/home/ec2-user/data/topics/1011 1541
@/home/ec2-user/data/topics/3549 1542
@/home/ec2-user/data/topics/4029 1543
@/home/ec2-user/data/topics/4450 1544
@/home/ec2-user/data/topics/1251 1545
@/home/ec2-user/data/topics/4083 1546
@/home/ec2-user/data/topics/4592 1547
@/home/ec2-user/data/topics/3511 1548
@/home/ec2-user/data/topics/3835 1549
@/home/ec2-user/data/topics/3778 1550
@/home/ec2-user/data/topics/4012 1551
@/home/ec2-user/data/topics/1803 1552
@/home/ec2-user/data/topics/3932 1553
@/home/ec2-user/data/topics/3565 1554
@/home/ec2-user/data/topics/3670 1555
@/home/ec2-user/data/topics/1311 1556
@/home/ec2-user/data/topics/2045 1557
@/home/ec2-user/data/topics/4094 1558
@/home/ec2-user/data/topics/3651 1559
@/home/ec2-user/data/topics/4347 1560
@/home/ec2-user/data/topics/4317 1561
usernum: 72
hit: 984
simhit: 1408
simmax: 0.660421649261
simmin: 0.0
simavg: 0.200578074887
dlmax: 0.161246754432
dlmin: 0.00810398935825
dlavg: 0.0357134646506
mthit: 1623
mthls: 0
srp: 152.954
total: 1562
hit/total: 0.629961587708
simhit/total: 0.901408450704
mthit/(total+usernum): 0.993268053856
mthls/(total+usernum): 0.0
srp/(total+usernum): 0.0312023663811
srp20/(total+usernum): 0.00855773153815
srp100/(total+usernum): 0.0223031415749
srp500/(total+usernum): 0.0284573643411

2016-12-24 03:18:19.854417
