2017-01-12 04:56:33.279292

topic-folder:/home/ec2-user/data/topics/
cl-file:/home/ec2-user/git/tfidf/result-new/b1-1-2.txt
cl-floder:/home/ec2-user/data/classinfo/
zipf:0.11
stype[0(tfidf)/1(tfidf2)/2(lsa)/3(lda)]:1
dtype[<0(diff*rand)/0(diff)/1(same)/>=2(diff*same)]:0
output-floder:/home/ec2-user/git/userquery/result

三菱マテリアル株式会社

@/home/ec2-user/data/topics/3630 0
@/home/ec2-user/data/topics/3470 0
@/home/ec2-user/data/topics/2093 1
@/home/ec2-user/data/topics/3546 2
@/home/ec2-user/data/topics/3520 3
@/home/ec2-user/data/topics/3866 4
@/home/ec2-user/data/topics/1085 5
@/home/ec2-user/data/topics/1638 6
日本精機株式会社

@/home/ec2-user/data/topics/4972 7
@/home/ec2-user/data/topics/4875 7
@/home/ec2-user/data/topics/1398 8
@/home/ec2-user/data/topics/4709 9
@/home/ec2-user/data/topics/4690 10
@/home/ec2-user/data/topics/4907 11
コニカ株式会社

@/home/ec2-user/data/topics/3533 12
@/home/ec2-user/data/topics/3414 12
@/home/ec2-user/data/topics/1946 13
@/home/ec2-user/data/topics/3418 14
@/home/ec2-user/data/topics/2162 15
@/home/ec2-user/data/topics/3357 16
@/home/ec2-user/data/topics/3431 17
@/home/ec2-user/data/topics/3486 18
@/home/ec2-user/data/topics/3370 19
@/home/ec2-user/data/topics/3426 20
@/home/ec2-user/data/topics/3419 21
埼玉日本電気株式会社

@/home/ec2-user/data/topics/4468 22
@/home/ec2-user/data/topics/4279 22
@/home/ec2-user/data/topics/4998 23
@/home/ec2-user/data/topics/4283 24
@/home/ec2-user/data/topics/4496 25
@/home/ec2-user/data/topics/1620 26
@/home/ec2-user/data/topics/1512 27
@/home/ec2-user/data/topics/5010 28
@/home/ec2-user/data/topics/4242 29
アルプス電気株式会社

@/home/ec2-user/data/topics/1253 30
@/home/ec2-user/data/topics/4791 30
@/home/ec2-user/data/topics/1434 31
@/home/ec2-user/data/topics/2089 32
@/home/ec2-user/data/topics/3429 33
@/home/ec2-user/data/topics/2012 34
@/home/ec2-user/data/topics/3582 35
三菱重工業株式会社

@/home/ec2-user/data/topics/4882 36
@/home/ec2-user/data/topics/3591 36
@/home/ec2-user/data/topics/3503 37
@/home/ec2-user/data/topics/3833 38
@/home/ec2-user/data/topics/4563 39
@/home/ec2-user/data/topics/4862 40
@/home/ec2-user/data/topics/4412 41
@/home/ec2-user/data/topics/3637 42
@/home/ec2-user/data/topics/3944 43
@/home/ec2-user/data/topics/5022 44
@/home/ec2-user/data/topics/4687 45
@/home/ec2-user/data/topics/3529 46
村田機械株式会社

@/home/ec2-user/data/topics/4570 47
@/home/ec2-user/data/topics/4596 47
@/home/ec2-user/data/topics/4645 48
@/home/ec2-user/data/topics/4441 49
@/home/ec2-user/data/topics/4638 50
@/home/ec2-user/data/topics/1511 51
@/home/ec2-user/data/topics/4835 52
@/home/ec2-user/data/topics/1074 53
@/home/ec2-user/data/topics/3528 54
@/home/ec2-user/data/topics/5000 55
@/home/ec2-user/data/topics/1293 56
@/home/ec2-user/data/topics/3740 57
@/home/ec2-user/data/topics/4556 58
@/home/ec2-user/data/topics/4746 59
@/home/ec2-user/data/topics/4941 60
@/home/ec2-user/data/topics/1607 61
@/home/ec2-user/data/topics/4565 62
川崎製鉄株式会社

@/home/ec2-user/data/topics/1037 63
@/home/ec2-user/data/topics/4615 63
@/home/ec2-user/data/topics/3413 64
@/home/ec2-user/data/topics/3553 65
@/home/ec2-user/data/topics/3929 66
@/home/ec2-user/data/topics/1459 67
@/home/ec2-user/data/topics/3532 68
@/home/ec2-user/data/topics/3483 69
@/home/ec2-user/data/topics/3611 70
ダイキン工業株式会社

@/home/ec2-user/data/topics/4858 71
@/home/ec2-user/data/topics/4734 71
@/home/ec2-user/data/topics/4367 72
@/home/ec2-user/data/topics/1565 73
@/home/ec2-user/data/topics/4515 74
@/home/ec2-user/data/topics/4845 75
@/home/ec2-user/data/topics/3888 76
@/home/ec2-user/data/topics/4753 77
@/home/ec2-user/data/topics/1600 78
@/home/ec2-user/data/topics/4701 79
@/home/ec2-user/data/topics/4400 80
三菱自動車工業株式会社

@/home/ec2-user/data/topics/4189 81
@/home/ec2-user/data/topics/1527 81
@/home/ec2-user/data/topics/2101 82
@/home/ec2-user/data/topics/1816 83
@/home/ec2-user/data/topics/3940 84
@/home/ec2-user/data/topics/1428 85
@/home/ec2-user/data/topics/3502 86
@/home/ec2-user/data/topics/3815 87
日産自動車株式会社

@/home/ec2-user/data/topics/3497 88
@/home/ec2-user/data/topics/3936 88
@/home/ec2-user/data/topics/4982 89
@/home/ec2-user/data/topics/3677 90
@/home/ec2-user/data/topics/3645 91
@/home/ec2-user/data/topics/3723 92
@/home/ec2-user/data/topics/3501 93
@/home/ec2-user/data/topics/3489 94
@/home/ec2-user/data/topics/3829 95
@/home/ec2-user/data/topics/3712 96
@/home/ec2-user/data/topics/4074 97
トヨタ自動車株式会社

@/home/ec2-user/data/topics/3481 98
@/home/ec2-user/data/topics/2218 98
@/home/ec2-user/data/topics/4617 99
@/home/ec2-user/data/topics/4008 100
@/home/ec2-user/data/topics/4647 101
@/home/ec2-user/data/topics/4298 102
@/home/ec2-user/data/topics/4064 103
@/home/ec2-user/data/topics/3587 104
@/home/ec2-user/data/topics/4426 105
@/home/ec2-user/data/topics/3405 106
@/home/ec2-user/data/topics/2111 107
@/home/ec2-user/data/topics/3731 108
@/home/ec2-user/data/topics/4144 109
@/home/ec2-user/data/topics/3943 110
@/home/ec2-user/data/topics/4767 111
@/home/ec2-user/data/topics/4346 112
@/home/ec2-user/data/topics/3356 113
@/home/ec2-user/data/topics/3783 114
@/home/ec2-user/data/topics/4633 115
@/home/ec2-user/data/topics/4920 116
@/home/ec2-user/data/topics/3758 117
@/home/ec2-user/data/topics/3699 118
@/home/ec2-user/data/topics/3671 119
@/home/ec2-user/data/topics/4543 120
@/home/ec2-user/data/topics/4030 121
@/home/ec2-user/data/topics/3725 122
@/home/ec2-user/data/topics/4658 123
@/home/ec2-user/data/topics/1494 124
@/home/ec2-user/data/topics/1551 125
オリンパス光学工業株式会社

@/home/ec2-user/data/topics/1586 126
@/home/ec2-user/data/topics/1155 126
@/home/ec2-user/data/topics/4878 127
@/home/ec2-user/data/topics/1107 128
@/home/ec2-user/data/topics/5006 129
@/home/ec2-user/data/topics/1981 130
@/home/ec2-user/data/topics/4007 131
@/home/ec2-user/data/topics/1835 132
@/home/ec2-user/data/topics/2026 133
@/home/ec2-user/data/topics/1739 134
@/home/ec2-user/data/topics/1869 135
@/home/ec2-user/data/topics/4013 136
ブラザー工業株式会社

@/home/ec2-user/data/topics/2085 137
@/home/ec2-user/data/topics/1906 137
@/home/ec2-user/data/topics/1636 138
@/home/ec2-user/data/topics/1300 139
@/home/ec2-user/data/topics/1697 140
@/home/ec2-user/data/topics/3686 141
@/home/ec2-user/data/topics/1076 142
@/home/ec2-user/data/topics/2086 143
@/home/ec2-user/data/topics/3507 144
@/home/ec2-user/data/topics/3613 145
@/home/ec2-user/data/topics/3477 146
@/home/ec2-user/data/topics/4548 147
@/home/ec2-user/data/topics/1164 148
@/home/ec2-user/data/topics/1183 149
@/home/ec2-user/data/topics/3789 150
富士通株式会社

@/home/ec2-user/data/topics/1123 151
@/home/ec2-user/data/topics/4191 151
@/home/ec2-user/data/topics/2216 152
@/home/ec2-user/data/topics/1271 153
@/home/ec2-user/data/topics/3883 154
@/home/ec2-user/data/topics/3636 155
@/home/ec2-user/data/topics/3802 156
@/home/ec2-user/data/topics/1264 157
@/home/ec2-user/data/topics/2215 158
@/home/ec2-user/data/topics/3381 159
@/home/ec2-user/data/topics/3400 160
@/home/ec2-user/data/topics/3970 161
@/home/ec2-user/data/topics/3749 162
@/home/ec2-user/data/topics/1998 163
@/home/ec2-user/data/topics/3765 164
@/home/ec2-user/data/topics/3399 165
@/home/ec2-user/data/topics/3846 166
@/home/ec2-user/data/topics/1874 167
@/home/ec2-user/data/topics/5004 168
@/home/ec2-user/data/topics/3912 169
@/home/ec2-user/data/topics/2227 170
@/home/ec2-user/data/topics/3460 171
@/home/ec2-user/data/topics/1609 172
@/home/ec2-user/data/topics/1547 173
@/home/ec2-user/data/topics/3538 174
@/home/ec2-user/data/topics/3428 175
@/home/ec2-user/data/topics/3751 176
@/home/ec2-user/data/topics/3962 177
@/home/ec2-user/data/topics/3870 178
@/home/ec2-user/data/topics/3799 179
@/home/ec2-user/data/topics/3850 180
@/home/ec2-user/data/topics/3862 181
静岡日本電気株式会社

@/home/ec2-user/data/topics/4531 182
@/home/ec2-user/data/topics/4250 182
@/home/ec2-user/data/topics/4314 183
@/home/ec2-user/data/topics/4326 184
@/home/ec2-user/data/topics/4365 185
@/home/ec2-user/data/topics/4507 186
住友重機械工業株式会社

@/home/ec2-user/data/topics/4854 187
@/home/ec2-user/data/topics/2039 187
@/home/ec2-user/data/topics/1505 188
@/home/ec2-user/data/topics/1019 189
@/home/ec2-user/data/topics/1900 190
@/home/ec2-user/data/topics/3868 191
@/home/ec2-user/data/topics/1373 192
@/home/ec2-user/data/topics/1553 193
@/home/ec2-user/data/topics/3952 194
大日本印刷株式会社

@/home/ec2-user/data/topics/1099 195
@/home/ec2-user/data/topics/3388 195
@/home/ec2-user/data/topics/1564 196
@/home/ec2-user/data/topics/1262 197
@/home/ec2-user/data/topics/3569 198
@/home/ec2-user/data/topics/1145 199
日本電気株式会社

@/home/ec2-user/data/topics/2031 200
@/home/ec2-user/data/topics/4940 200
@/home/ec2-user/data/topics/4153 201
@/home/ec2-user/data/topics/4300 202
@/home/ec2-user/data/topics/1928 203
@/home/ec2-user/data/topics/4458 204
@/home/ec2-user/data/topics/4750 205
@/home/ec2-user/data/topics/4204 206
@/home/ec2-user/data/topics/1362 207
@/home/ec2-user/data/topics/3729 208
@/home/ec2-user/data/topics/2088 209
@/home/ec2-user/data/topics/4343 210
@/home/ec2-user/data/topics/1383 211
@/home/ec2-user/data/topics/3865 212
@/home/ec2-user/data/topics/4425 213
@/home/ec2-user/data/topics/1281 214
@/home/ec2-user/data/topics/1879 215
@/home/ec2-user/data/topics/1199 216
@/home/ec2-user/data/topics/4808 217
@/home/ec2-user/data/topics/4352 218
@/home/ec2-user/data/topics/4275 219
@/home/ec2-user/data/topics/4288 220
@/home/ec2-user/data/topics/4530 221
@/home/ec2-user/data/topics/1891 222
@/home/ec2-user/data/topics/4128 223
@/home/ec2-user/data/topics/4728 224
@/home/ec2-user/data/topics/3938 225
@/home/ec2-user/data/topics/4209 226
@/home/ec2-user/data/topics/4657 227
@/home/ec2-user/data/topics/4760 228
@/home/ec2-user/data/topics/4926 229
@/home/ec2-user/data/topics/4278 230
@/home/ec2-user/data/topics/4434 231
@/home/ec2-user/data/topics/4561 232
@/home/ec2-user/data/topics/1815 233
@/home/ec2-user/data/topics/4120 234
@/home/ec2-user/data/topics/4247 235
@/home/ec2-user/data/topics/4338 236
@/home/ec2-user/data/topics/4158 237
@/home/ec2-user/data/topics/4319 238
@/home/ec2-user/data/topics/4902 239
@/home/ec2-user/data/topics/4318 240
@/home/ec2-user/data/topics/4238 241
@/home/ec2-user/data/topics/4696 242
@/home/ec2-user/data/topics/4342 243
@/home/ec2-user/data/topics/4775 244
@/home/ec2-user/data/topics/4532 245
@/home/ec2-user/data/topics/4876 246
@/home/ec2-user/data/topics/4785 247
@/home/ec2-user/data/topics/4320 248
@/home/ec2-user/data/topics/4003 249
@/home/ec2-user/data/topics/4850 250
@/home/ec2-user/data/topics/4227 251
@/home/ec2-user/data/topics/4186 252
@/home/ec2-user/data/topics/4536 253
@/home/ec2-user/data/topics/4613 254
@/home/ec2-user/data/topics/1867 255
@/home/ec2-user/data/topics/3954 256
@/home/ec2-user/data/topics/4659 257
@/home/ec2-user/data/topics/1557 258
@/home/ec2-user/data/topics/4433 259
@/home/ec2-user/data/topics/4486 260
@/home/ec2-user/data/topics/4689 261
@/home/ec2-user/data/topics/4477 262
@/home/ec2-user/data/topics/4764 263
@/home/ec2-user/data/topics/4646 264
@/home/ec2-user/data/topics/4759 265
@/home/ec2-user/data/topics/4749 266
@/home/ec2-user/data/topics/3767 267
@/home/ec2-user/data/topics/2127 268
@/home/ec2-user/data/topics/1948 269
@/home/ec2-user/data/topics/4404 270
@/home/ec2-user/data/topics/4651 271
@/home/ec2-user/data/topics/4598 272
@/home/ec2-user/data/topics/4071 273
@/home/ec2-user/data/topics/4273 274
@/home/ec2-user/data/topics/3956 275
@/home/ec2-user/data/topics/4609 276
@/home/ec2-user/data/topics/4666 277
@/home/ec2-user/data/topics/3744 278
@/home/ec2-user/data/topics/1612 279
@/home/ec2-user/data/topics/1112 280
@/home/ec2-user/data/topics/4708 281
@/home/ec2-user/data/topics/1937 282
@/home/ec2-user/data/topics/1486 283
@/home/ec2-user/data/topics/3724 284
@/home/ec2-user/data/topics/1724 285
@/home/ec2-user/data/topics/1764 286
@/home/ec2-user/data/topics/4254 287
@/home/ec2-user/data/topics/1326 288
@/home/ec2-user/data/topics/4485 289
@/home/ec2-user/data/topics/1852 290
@/home/ec2-user/data/topics/1457 291
@/home/ec2-user/data/topics/1016 292
@/home/ec2-user/data/topics/3896 293
@/home/ec2-user/data/topics/1973 294
@/home/ec2-user/data/topics/4490 295
@/home/ec2-user/data/topics/1791 296
@/home/ec2-user/data/topics/4276 297
@/home/ec2-user/data/topics/4063 298
@/home/ec2-user/data/topics/4497 299
@/home/ec2-user/data/topics/1595 300
@/home/ec2-user/data/topics/4134 301
@/home/ec2-user/data/topics/4447 302
@/home/ec2-user/data/topics/4537 303
@/home/ec2-user/data/topics/4779 304
@/home/ec2-user/data/topics/4017 305
@/home/ec2-user/data/topics/4578 306
@/home/ec2-user/data/topics/2041 307
@/home/ec2-user/data/topics/3766 308
@/home/ec2-user/data/topics/4360 309
@/home/ec2-user/data/topics/4460 310
@/home/ec2-user/data/topics/4429 311
@/home/ec2-user/data/topics/4603 312
@/home/ec2-user/data/topics/4393 313
@/home/ec2-user/data/topics/4281 314
@/home/ec2-user/data/topics/4584 315
@/home/ec2-user/data/topics/4816 316
@/home/ec2-user/data/topics/4185 317
@/home/ec2-user/data/topics/4082 318
@/home/ec2-user/data/topics/1500 319
@/home/ec2-user/data/topics/4682 320
@/home/ec2-user/data/topics/1773 321
@/home/ec2-user/data/topics/4892 322
@/home/ec2-user/data/topics/2166 323
@/home/ec2-user/data/topics/1710 324
@/home/ec2-user/data/topics/4093 325
@/home/ec2-user/data/topics/4533 326
@/home/ec2-user/data/topics/4257 327
@/home/ec2-user/data/topics/4315 328
@/home/ec2-user/data/topics/4168 329
@/home/ec2-user/data/topics/4260 330
@/home/ec2-user/data/topics/4258 331
@/home/ec2-user/data/topics/1783 332
@/home/ec2-user/data/topics/1052 333
@/home/ec2-user/data/topics/2022 334
@/home/ec2-user/data/topics/4236 335
@/home/ec2-user/data/topics/4480 336
@/home/ec2-user/data/topics/4644 337
@/home/ec2-user/data/topics/4742 338
@/home/ec2-user/data/topics/4137 339
@/home/ec2-user/data/topics/4081 340
@/home/ec2-user/data/topics/4595 341
@/home/ec2-user/data/topics/4162 342
@/home/ec2-user/data/topics/4770 343
@/home/ec2-user/data/topics/1364 344
@/home/ec2-user/data/topics/4171 345
@/home/ec2-user/data/topics/1464 346
@/home/ec2-user/data/topics/4442 347
@/home/ec2-user/data/topics/1523 348
@/home/ec2-user/data/topics/2119 349
@/home/ec2-user/data/topics/4244 350
@/home/ec2-user/data/topics/4721 351
@/home/ec2-user/data/topics/4359 352
@/home/ec2-user/data/topics/1844 353
@/home/ec2-user/data/topics/4309 354
@/home/ec2-user/data/topics/4650 355
@/home/ec2-user/data/topics/4267 356
@/home/ec2-user/data/topics/4634 357
@/home/ec2-user/data/topics/4116 358
@/home/ec2-user/data/topics/4371 359
@/home/ec2-user/data/topics/4138 360
@/home/ec2-user/data/topics/4246 361
@/home/ec2-user/data/topics/4196 362
@/home/ec2-user/data/topics/1122 363
@/home/ec2-user/data/topics/4699 364
@/home/ec2-user/data/topics/4240 365
@/home/ec2-user/data/topics/4877 366
@/home/ec2-user/data/topics/4643 367
@/home/ec2-user/data/topics/3971 368
@/home/ec2-user/data/topics/4192 369
@/home/ec2-user/data/topics/4216 370
@/home/ec2-user/data/topics/1360 371
@/home/ec2-user/data/topics/4097 372
@/home/ec2-user/data/topics/4207 373
@/home/ec2-user/data/topics/2144 374
@/home/ec2-user/data/topics/4418 375
@/home/ec2-user/data/topics/4414 376
@/home/ec2-user/data/topics/4718 377
@/home/ec2-user/data/topics/3875 378
@/home/ec2-user/data/topics/4549 379
@/home/ec2-user/data/topics/4440 380
@/home/ec2-user/data/topics/4398 381
@/home/ec2-user/data/topics/3853 382
@/home/ec2-user/data/topics/4427 383
@/home/ec2-user/data/topics/3897 384
@/home/ec2-user/data/topics/4100 385
@/home/ec2-user/data/topics/4390 386
@/home/ec2-user/data/topics/1078 387
@/home/ec2-user/data/topics/4243 388
@/home/ec2-user/data/topics/1101 389
@/home/ec2-user/data/topics/4092 390
@/home/ec2-user/data/topics/4665 391
@/home/ec2-user/data/topics/5034 392
@/home/ec2-user/data/topics/3886 393
@/home/ec2-user/data/topics/1923 394
@/home/ec2-user/data/topics/4129 395
@/home/ec2-user/data/topics/1116 396
@/home/ec2-user/data/topics/1100 397
@/home/ec2-user/data/topics/4824 398
@/home/ec2-user/data/topics/1567 399
@/home/ec2-user/data/topics/4062 400
@/home/ec2-user/data/topics/4310 401
@/home/ec2-user/data/topics/4838 402
@/home/ec2-user/data/topics/1044 403
@/home/ec2-user/data/topics/4388 404
@/home/ec2-user/data/topics/1661 405
@/home/ec2-user/data/topics/2150 406
@/home/ec2-user/data/topics/4626 407
@/home/ec2-user/data/topics/4272 408
@/home/ec2-user/data/topics/1624 409
@/home/ec2-user/data/topics/1634 410
@/home/ec2-user/data/topics/4142 411
@/home/ec2-user/data/topics/4119 412
@/home/ec2-user/data/topics/4154 413
@/home/ec2-user/data/topics/4446 414
@/home/ec2-user/data/topics/4313 415
@/home/ec2-user/data/topics/4725 416
@/home/ec2-user/data/topics/4389 417
@/home/ec2-user/data/topics/3995 418
松下電器産業株式会社

@/home/ec2-user/data/topics/3585 419
@/home/ec2-user/data/topics/4160 419
@/home/ec2-user/data/topics/1881 420
@/home/ec2-user/data/topics/2156 421
@/home/ec2-user/data/topics/1179 422
@/home/ec2-user/data/topics/4945 423
@/home/ec2-user/data/topics/3920 424
@/home/ec2-user/data/topics/2129 425
@/home/ec2-user/data/topics/1762 426
@/home/ec2-user/data/topics/1509 427
@/home/ec2-user/data/topics/2029 428
@/home/ec2-user/data/topics/3761 429
@/home/ec2-user/data/topics/3719 430
@/home/ec2-user/data/topics/4787 431
@/home/ec2-user/data/topics/4625 432
@/home/ec2-user/data/topics/2056 433
@/home/ec2-user/data/topics/3807 434
@/home/ec2-user/data/topics/1136 435
@/home/ec2-user/data/topics/3739 436
@/home/ec2-user/data/topics/4806 437
@/home/ec2-user/data/topics/3494 438
@/home/ec2-user/data/topics/4491 439
@/home/ec2-user/data/topics/4885 440
@/home/ec2-user/data/topics/4961 441
@/home/ec2-user/data/topics/4558 442
@/home/ec2-user/data/topics/4464 443
@/home/ec2-user/data/topics/4101 444
@/home/ec2-user/data/topics/3904 445
@/home/ec2-user/data/topics/1829 446
@/home/ec2-user/data/topics/3619 447
@/home/ec2-user/data/topics/4761 448
@/home/ec2-user/data/topics/4157 449
@/home/ec2-user/data/topics/4707 450
@/home/ec2-user/data/topics/4385 451
@/home/ec2-user/data/topics/1070 452
@/home/ec2-user/data/topics/4274 453
@/home/ec2-user/data/topics/1812 454
@/home/ec2-user/data/topics/3960 455
@/home/ec2-user/data/topics/4501 456
@/home/ec2-user/data/topics/1589 457
@/home/ec2-user/data/topics/4936 458
@/home/ec2-user/data/topics/1705 459
@/home/ec2-user/data/topics/4229 460
@/home/ec2-user/data/topics/3404 461
@/home/ec2-user/data/topics/4126 462
@/home/ec2-user/data/topics/4917 463
@/home/ec2-user/data/topics/4303 464
@/home/ec2-user/data/topics/4599 465
@/home/ec2-user/data/topics/3951 466
@/home/ec2-user/data/topics/4817 467
@/home/ec2-user/data/topics/4102 468
@/home/ec2-user/data/topics/4000 469
@/home/ec2-user/data/topics/1898 470
@/home/ec2-user/data/topics/1257 471
@/home/ec2-user/data/topics/4355 472
@/home/ec2-user/data/topics/1706 473
@/home/ec2-user/data/topics/1748 474
@/home/ec2-user/data/topics/1339 475
@/home/ec2-user/data/topics/3680 476
@/home/ec2-user/data/topics/4280 477
@/home/ec2-user/data/topics/4159 478
@/home/ec2-user/data/topics/3746 479
@/home/ec2-user/data/topics/3455 480
@/home/ec2-user/data/topics/2170 481
@/home/ec2-user/data/topics/3721 482
@/home/ec2-user/data/topics/1157 483
@/home/ec2-user/data/topics/1252 484
@/home/ec2-user/data/topics/4448 485
@/home/ec2-user/data/topics/1633 486
@/home/ec2-user/data/topics/1525 487
@/home/ec2-user/data/topics/3558 488
@/home/ec2-user/data/topics/1477 489
@/home/ec2-user/data/topics/3658 490
@/home/ec2-user/data/topics/4264 491
@/home/ec2-user/data/topics/1885 492
@/home/ec2-user/data/topics/4394 493
@/home/ec2-user/data/topics/4193 494
@/home/ec2-user/data/topics/3510 495
@/home/ec2-user/data/topics/4502 496
@/home/ec2-user/data/topics/4043 497
@/home/ec2-user/data/topics/5028 498
@/home/ec2-user/data/topics/3676 499
@/home/ec2-user/data/topics/3514 500
@/home/ec2-user/data/topics/4215 501
@/home/ec2-user/data/topics/1026 502
@/home/ec2-user/data/topics/2080 503
@/home/ec2-user/data/topics/3519 504
@/home/ec2-user/data/topics/4098 505
@/home/ec2-user/data/topics/4804 506
@/home/ec2-user/data/topics/3386 507
@/home/ec2-user/data/topics/3692 508
@/home/ec2-user/data/topics/1701 509
@/home/ec2-user/data/topics/4867 510
@/home/ec2-user/data/topics/4667 511
@/home/ec2-user/data/topics/3847 512
@/home/ec2-user/data/topics/4459 513
@/home/ec2-user/data/topics/4798 514
@/home/ec2-user/data/topics/1516 515
@/home/ec2-user/data/topics/1540 516
@/home/ec2-user/data/topics/4475 517
@/home/ec2-user/data/topics/4139 518
@/home/ec2-user/data/topics/4968 519
@/home/ec2-user/data/topics/3704 520
@/home/ec2-user/data/topics/4382 521
@/home/ec2-user/data/topics/4307 522
@/home/ec2-user/data/topics/4797 523
@/home/ec2-user/data/topics/1635 524
@/home/ec2-user/data/topics/4503 525
@/home/ec2-user/data/topics/4918 526
@/home/ec2-user/data/topics/4586 527
@/home/ec2-user/data/topics/4577 528
@/home/ec2-user/data/topics/4422 529
@/home/ec2-user/data/topics/3979 530
@/home/ec2-user/data/topics/3402 531
@/home/ec2-user/data/topics/4676 532
@/home/ec2-user/data/topics/4180 533
@/home/ec2-user/data/topics/5024 534
@/home/ec2-user/data/topics/2222 535
@/home/ec2-user/data/topics/1158 536
@/home/ec2-user/data/topics/4754 537
@/home/ec2-user/data/topics/1955 538
@/home/ec2-user/data/topics/3694 539
@/home/ec2-user/data/topics/4574 540
セイコーインスツルメンツ株式会社

@/home/ec2-user/data/topics/4088 541
@/home/ec2-user/data/topics/4190 541
@/home/ec2-user/data/topics/4997 542
@/home/ec2-user/data/topics/3825 543
@/home/ec2-user/data/topics/4036 544
@/home/ec2-user/data/topics/4151 545
@/home/ec2-user/data/topics/1707 546
@/home/ec2-user/data/topics/4203 547
@/home/ec2-user/data/topics/3626 548
ミノルタ株式会社

@/home/ec2-user/data/topics/3584 549
@/home/ec2-user/data/topics/4986 549
@/home/ec2-user/data/topics/2190 550
@/home/ec2-user/data/topics/4970 551
@/home/ec2-user/data/topics/1152 552
@/home/ec2-user/data/topics/4951 553
@/home/ec2-user/data/topics/4321 554
@/home/ec2-user/data/topics/4984 555
@/home/ec2-user/data/topics/3545 556
@/home/ec2-user/data/topics/4971 557
@/home/ec2-user/data/topics/3810 558
@/home/ec2-user/data/topics/4977 559
株式会社リコー

@/home/ec2-user/data/topics/3411 560
@/home/ec2-user/data/topics/1514 560
@/home/ec2-user/data/topics/4616 561
@/home/ec2-user/data/topics/3555 562
@/home/ec2-user/data/topics/3759 563
@/home/ec2-user/data/topics/3495 564
@/home/ec2-user/data/topics/1718 565
@/home/ec2-user/data/topics/1774 566
@/home/ec2-user/data/topics/2043 567
@/home/ec2-user/data/topics/3394 568
@/home/ec2-user/data/topics/1593 569
@/home/ec2-user/data/topics/1482 570
@/home/ec2-user/data/topics/1740 571
@/home/ec2-user/data/topics/1776 572
@/home/ec2-user/data/topics/1433 573
@/home/ec2-user/data/topics/1755 574
@/home/ec2-user/data/topics/1670 575
@/home/ec2-user/data/topics/4037 576
@/home/ec2-user/data/topics/3474 577
@/home/ec2-user/data/topics/3711 578
@/home/ec2-user/data/topics/3557 579
@/home/ec2-user/data/topics/2006 580
@/home/ec2-user/data/topics/3713 581
@/home/ec2-user/data/topics/1976 582
@/home/ec2-user/data/topics/1775 583
@/home/ec2-user/data/topics/1806 584
@/home/ec2-user/data/topics/1974 585
@/home/ec2-user/data/topics/3472 586
@/home/ec2-user/data/topics/1668 587
@/home/ec2-user/data/topics/3436 588
@/home/ec2-user/data/topics/2189 589
@/home/ec2-user/data/topics/1878 590
@/home/ec2-user/data/topics/1436 591
@/home/ec2-user/data/topics/1064 592
@/home/ec2-user/data/topics/4344 593
@/home/ec2-user/data/topics/3523 594
@/home/ec2-user/data/topics/3446 595
@/home/ec2-user/data/topics/1627 596
@/home/ec2-user/data/topics/1225 597
@/home/ec2-user/data/topics/2090 598
@/home/ec2-user/data/topics/2219 599
@/home/ec2-user/data/topics/3633 600
@/home/ec2-user/data/topics/3687 601
@/home/ec2-user/data/topics/3424 602
@/home/ec2-user/data/topics/3530 603
@/home/ec2-user/data/topics/1478 604
@/home/ec2-user/data/topics/2182 605
@/home/ec2-user/data/topics/4781 606
@/home/ec2-user/data/topics/1095 607
@/home/ec2-user/data/topics/3484 608
@/home/ec2-user/data/topics/3880 609
@/home/ec2-user/data/topics/3669 610
@/home/ec2-user/data/topics/3574 611
@/home/ec2-user/data/topics/2200 612
@/home/ec2-user/data/topics/3548 613
@/home/ec2-user/data/topics/2201 614
@/home/ec2-user/data/topics/3750 615
@/home/ec2-user/data/topics/1663 616
@/home/ec2-user/data/topics/1610 617
@/home/ec2-user/data/topics/1691 618
@/home/ec2-user/data/topics/1669 619
@/home/ec2-user/data/topics/1282 620
@/home/ec2-user/data/topics/3837 621
@/home/ec2-user/data/topics/1780 622
@/home/ec2-user/data/topics/4879 623
@/home/ec2-user/data/topics/3775 624
@/home/ec2-user/data/topics/1083 625
@/home/ec2-user/data/topics/1190 626
@/home/ec2-user/data/topics/1106 627
@/home/ec2-user/data/topics/4265 628
@/home/ec2-user/data/topics/3378 629
独立行政法人産業技術総合研究所

@/home/ec2-user/data/topics/4777 630
@/home/ec2-user/data/topics/4739 630
@/home/ec2-user/data/topics/1356 631
@/home/ec2-user/data/topics/4800 632
@/home/ec2-user/data/topics/4740 633
@/home/ec2-user/data/topics/4869 634
ソニー株式会社

@/home/ec2-user/data/topics/5027 635
@/home/ec2-user/data/topics/2105 635
@/home/ec2-user/data/topics/1836 636
@/home/ec2-user/data/topics/4351 637
@/home/ec2-user/data/topics/1397 638
@/home/ec2-user/data/topics/1679 639
@/home/ec2-user/data/topics/1686 640
@/home/ec2-user/data/topics/2058 641
@/home/ec2-user/data/topics/3456 642
@/home/ec2-user/data/topics/1778 643
@/home/ec2-user/data/topics/1147 644
@/home/ec2-user/data/topics/2048 645
@/home/ec2-user/data/topics/3872 646
@/home/ec2-user/data/topics/1967 647
@/home/ec2-user/data/topics/1491 648
@/home/ec2-user/data/topics/2059 649
@/home/ec2-user/data/topics/3955 650
@/home/ec2-user/data/topics/2075 651
@/home/ec2-user/data/topics/2037 652
@/home/ec2-user/data/topics/1912 653
@/home/ec2-user/data/topics/1873 654
@/home/ec2-user/data/topics/4184 655
@/home/ec2-user/data/topics/4224 656
@/home/ec2-user/data/topics/1884 657
@/home/ec2-user/data/topics/1602 658
@/home/ec2-user/data/topics/1059 659
@/home/ec2-user/data/topics/1892 660
@/home/ec2-user/data/topics/2094 661
@/home/ec2-user/data/topics/3924 662
@/home/ec2-user/data/topics/1233 663
@/home/ec2-user/data/topics/1426 664
@/home/ec2-user/data/topics/1954 665
@/home/ec2-user/data/topics/4219 666
@/home/ec2-user/data/topics/1471 667
@/home/ec2-user/data/topics/1435 668
@/home/ec2-user/data/topics/3975 669
@/home/ec2-user/data/topics/2052 670
@/home/ec2-user/data/topics/1298 671
@/home/ec2-user/data/topics/1414 672
@/home/ec2-user/data/topics/1926 673
@/home/ec2-user/data/topics/3401 674
@/home/ec2-user/data/topics/1749 675
@/home/ec2-user/data/topics/1291 676
@/home/ec2-user/data/topics/3392 677
@/home/ec2-user/data/topics/1218 678
@/home/ec2-user/data/topics/1380 679
@/home/ec2-user/data/topics/1102 680
富士ゼロックス株式会社

@/home/ec2-user/data/topics/4108 681
@/home/ec2-user/data/topics/1560 681
@/home/ec2-user/data/topics/3790 682
@/home/ec2-user/data/topics/3662 683
@/home/ec2-user/data/topics/3473 684
@/home/ec2-user/data/topics/3564 685
@/home/ec2-user/data/topics/1947 686
@/home/ec2-user/data/topics/3366 687
@/home/ec2-user/data/topics/3782 688
@/home/ec2-user/data/topics/3383 689
@/home/ec2-user/data/topics/3407 690
@/home/ec2-user/data/topics/3695 691
@/home/ec2-user/data/topics/3661 692
@/home/ec2-user/data/topics/5031 693
@/home/ec2-user/data/topics/3640 694
住友金属工業株式会社

@/home/ec2-user/data/topics/3655 695
@/home/ec2-user/data/topics/4322 695
@/home/ec2-user/data/topics/4733 696
@/home/ec2-user/data/topics/4661 697
@/home/ec2-user/data/topics/4295 698
@/home/ec2-user/data/topics/4021 699
@/home/ec2-user/data/topics/1268 700
@/home/ec2-user/data/topics/3826 701
@/home/ec2-user/data/topics/4991 702
@/home/ec2-user/data/topics/4534 703
@/home/ec2-user/data/topics/3577 704
@/home/ec2-user/data/topics/4182 705
日立電線株式会社

@/home/ec2-user/data/topics/1117 706
@/home/ec2-user/data/topics/4357 706
@/home/ec2-user/data/topics/3930 707
@/home/ec2-user/data/topics/3756 708
@/home/ec2-user/data/topics/1305 709
@/home/ec2-user/data/topics/4329 710
@/home/ec2-user/data/topics/1027 711
@/home/ec2-user/data/topics/1388 712
@/home/ec2-user/data/topics/4356 713
キヤノン株式会社

@/home/ec2-user/data/topics/1847 714
@/home/ec2-user/data/topics/1124 714
@/home/ec2-user/data/topics/1590 715
@/home/ec2-user/data/topics/2117 716
@/home/ec2-user/data/topics/1866 717
@/home/ec2-user/data/topics/1568 718
@/home/ec2-user/data/topics/4020 719
@/home/ec2-user/data/topics/3722 720
@/home/ec2-user/data/topics/3415 721
@/home/ec2-user/data/topics/4350 722
@/home/ec2-user/data/topics/3441 723
@/home/ec2-user/data/topics/3958 724
@/home/ec2-user/data/topics/2231 725
@/home/ec2-user/data/topics/3642 726
@/home/ec2-user/data/topics/3445 727
@/home/ec2-user/data/topics/3843 728
@/home/ec2-user/data/topics/1539 729
@/home/ec2-user/data/topics/1961 730
@/home/ec2-user/data/topics/3410 731
@/home/ec2-user/data/topics/3660 732
@/home/ec2-user/data/topics/1519 733
@/home/ec2-user/data/topics/4947 734
@/home/ec2-user/data/topics/1228 735
@/home/ec2-user/data/topics/3434 736
@/home/ec2-user/data/topics/1889 737
@/home/ec2-user/data/topics/1513 738
@/home/ec2-user/data/topics/3996 739
@/home/ec2-user/data/topics/1208 740
@/home/ec2-user/data/topics/3420 741
@/home/ec2-user/data/topics/2107 742
@/home/ec2-user/data/topics/4948 743
@/home/ec2-user/data/topics/1216 744
@/home/ec2-user/data/topics/4520 745
@/home/ec2-user/data/topics/1975 746
@/home/ec2-user/data/topics/3967 747
@/home/ec2-user/data/topics/3374 748
@/home/ec2-user/data/topics/3852 749
@/home/ec2-user/data/topics/1745 750
@/home/ec2-user/data/topics/3720 751
@/home/ec2-user/data/topics/3417 752
@/home/ec2-user/data/topics/1848 753
@/home/ec2-user/data/topics/1438 754
@/home/ec2-user/data/topics/3438 755
@/home/ec2-user/data/topics/1790 756
@/home/ec2-user/data/topics/4628 757
@/home/ec2-user/data/topics/4363 758
@/home/ec2-user/data/topics/2053 759
@/home/ec2-user/data/topics/4068 760
@/home/ec2-user/data/topics/4054 761
@/home/ec2-user/data/topics/1080 762
@/home/ec2-user/data/topics/2004 763
@/home/ec2-user/data/topics/1646 764
@/home/ec2-user/data/topics/2243 765
@/home/ec2-user/data/topics/3949 766
@/home/ec2-user/data/topics/1118 767
@/home/ec2-user/data/topics/2145 768
@/home/ec2-user/data/topics/1631 769
@/home/ec2-user/data/topics/3737 770
@/home/ec2-user/data/topics/1455 771
@/home/ec2-user/data/topics/1895 772
@/home/ec2-user/data/topics/3430 773
@/home/ec2-user/data/topics/1802 774
@/home/ec2-user/data/topics/1744 775
@/home/ec2-user/data/topics/3656 776
@/home/ec2-user/data/topics/4937 777
@/home/ec2-user/data/topics/4610 778
@/home/ec2-user/data/topics/3376 779
@/home/ec2-user/data/topics/3730 780
@/home/ec2-user/data/topics/3416 781
@/home/ec2-user/data/topics/4521 782
@/home/ec2-user/data/topics/3454 783
@/home/ec2-user/data/topics/3755 784
@/home/ec2-user/data/topics/3628 785
三洋電機株式会社

@/home/ec2-user/data/topics/3398 786
@/home/ec2-user/data/topics/1488 786
@/home/ec2-user/data/topics/1671 787
@/home/ec2-user/data/topics/4061 788
@/home/ec2-user/data/topics/3906 789
@/home/ec2-user/data/topics/4474 790
@/home/ec2-user/data/topics/1386 791
@/home/ec2-user/data/topics/4328 792
@/home/ec2-user/data/topics/4654 793
@/home/ec2-user/data/topics/1289 794
@/home/ec2-user/data/topics/4679 795
@/home/ec2-user/data/topics/3708 796
@/home/ec2-user/data/topics/4960 797
@/home/ec2-user/data/topics/4001 798
@/home/ec2-user/data/topics/5002 799
@/home/ec2-user/data/topics/4720 800
@/home/ec2-user/data/topics/1653 801
@/home/ec2-user/data/topics/4384 802
@/home/ec2-user/data/topics/1515 803
@/home/ec2-user/data/topics/3974 804
@/home/ec2-user/data/topics/1479 805
@/home/ec2-user/data/topics/4978 806
@/home/ec2-user/data/topics/4763 807
@/home/ec2-user/data/topics/1652 808
@/home/ec2-user/data/topics/4039 809
@/home/ec2-user/data/topics/3926 810
@/home/ec2-user/data/topics/4788 811
@/home/ec2-user/data/topics/1163 812
@/home/ec2-user/data/topics/4726 813
@/home/ec2-user/data/topics/3781 814
@/home/ec2-user/data/topics/4301 815
@/home/ec2-user/data/topics/4066 816
@/home/ec2-user/data/topics/2063 817
@/home/ec2-user/data/topics/4015 818
@/home/ec2-user/data/topics/4178 819
@/home/ec2-user/data/topics/3986 820
@/home/ec2-user/data/topics/2098 821
@/home/ec2-user/data/topics/4099 822
@/home/ec2-user/data/topics/4060 823
@/home/ec2-user/data/topics/4150 824
@/home/ec2-user/data/topics/3808 825
@/home/ec2-user/data/topics/4492 826
@/home/ec2-user/data/topics/2230 827
@/home/ec2-user/data/topics/3817 828
@/home/ec2-user/data/topics/3953 829
@/home/ec2-user/data/topics/4179 830
@/home/ec2-user/data/topics/3625 831
@/home/ec2-user/data/topics/1722 832
@/home/ec2-user/data/topics/3830 833
@/home/ec2-user/data/topics/3581 834
@/home/ec2-user/data/topics/3491 835
@/home/ec2-user/data/topics/3859 836
@/home/ec2-user/data/topics/2194 837
@/home/ec2-user/data/topics/2054 838
@/home/ec2-user/data/topics/3845 839
@/home/ec2-user/data/topics/2071 840
@/home/ec2-user/data/topics/3804 841
@/home/ec2-user/data/topics/1246 842
@/home/ec2-user/data/topics/4837 843
@/home/ec2-user/data/topics/1980 844
@/home/ec2-user/data/topics/4983 845
@/home/ec2-user/data/topics/3681 846
@/home/ec2-user/data/topics/4571 847
@/home/ec2-user/data/topics/3754 848
@/home/ec2-user/data/topics/2014 849
@/home/ec2-user/data/topics/3492 850
@/home/ec2-user/data/topics/4527 851
@/home/ec2-user/data/topics/4212 852
@/home/ec2-user/data/topics/4612 853
@/home/ec2-user/data/topics/4304 854
@/home/ec2-user/data/topics/3539 855
@/home/ec2-user/data/topics/1321 856
@/home/ec2-user/data/topics/3403 857
@/home/ec2-user/data/topics/4376 858
@/home/ec2-user/data/topics/3889 859
@/home/ec2-user/data/topics/5011 860
@/home/ec2-user/data/topics/4604 861
@/home/ec2-user/data/topics/1451 862
@/home/ec2-user/data/topics/1079 863
三菱電機株式会社

@/home/ec2-user/data/topics/3451 864
@/home/ec2-user/data/topics/4041 864
@/home/ec2-user/data/topics/4305 865
@/home/ec2-user/data/topics/3841 866
@/home/ec2-user/data/topics/1220 867
@/home/ec2-user/data/topics/4663 868
@/home/ec2-user/data/topics/3466 869
@/home/ec2-user/data/topics/3490 870
@/home/ec2-user/data/topics/5033 871
@/home/ec2-user/data/topics/5032 872
@/home/ec2-user/data/topics/3873 873
@/home/ec2-user/data/topics/4233 874
@/home/ec2-user/data/topics/4514 875
@/home/ec2-user/data/topics/4282 876
@/home/ec2-user/data/topics/3592 877
@/home/ec2-user/data/topics/1110 878
@/home/ec2-user/data/topics/4221 879
@/home/ec2-user/data/topics/4133 880
@/home/ec2-user/data/topics/4047 881
@/home/ec2-user/data/topics/3595 882
@/home/ec2-user/data/topics/1792 883
@/home/ec2-user/data/topics/1754 884
@/home/ec2-user/data/topics/3493 885
@/home/ec2-user/data/topics/3612 886
@/home/ec2-user/data/topics/3409 887
@/home/ec2-user/data/topics/4076 888
@/home/ec2-user/data/topics/4518 889
@/home/ec2-user/data/topics/3747 890
@/home/ec2-user/data/topics/3963 891
@/home/ec2-user/data/topics/4834 892
@/home/ec2-user/data/topics/3800 893
@/home/ec2-user/data/topics/3616 894
@/home/ec2-user/data/topics/2146 895
@/home/ec2-user/data/topics/1536 896
@/home/ec2-user/data/topics/4562 897
@/home/ec2-user/data/topics/3465 898
@/home/ec2-user/data/topics/3820 899
@/home/ec2-user/data/topics/3397 900
@/home/ec2-user/data/topics/1872 901
@/home/ec2-user/data/topics/4552 902
@/home/ec2-user/data/topics/3506 903
@/home/ec2-user/data/topics/3774 904
@/home/ec2-user/data/topics/4235 905
@/home/ec2-user/data/topics/4181 906
@/home/ec2-user/data/topics/3921 907
@/home/ec2-user/data/topics/3469 908
@/home/ec2-user/data/topics/4614 909
@/home/ec2-user/data/topics/4220 910
@/home/ec2-user/data/topics/3609 911
@/home/ec2-user/data/topics/1738 912
@/home/ec2-user/data/topics/3666 913
@/home/ec2-user/data/topics/3856 914
@/home/ec2-user/data/topics/3412 915
@/home/ec2-user/data/topics/4880 916
@/home/ec2-user/data/topics/4980 917
@/home/ec2-user/data/topics/3453 918
@/home/ec2-user/data/topics/4149 919
@/home/ec2-user/data/topics/4419 920
住友ゴム工業株式会社

@/home/ec2-user/data/topics/4568 921
@/home/ec2-user/data/topics/2007 921
@/home/ec2-user/data/topics/1114 922
@/home/ec2-user/data/topics/4597 923
@/home/ec2-user/data/topics/4406 924
@/home/ec2-user/data/topics/1758 925
@/home/ec2-user/data/topics/4048 926
セイコーエプソン株式会社

@/home/ec2-user/data/topics/4454 927
@/home/ec2-user/data/topics/3985 927
@/home/ec2-user/data/topics/4109 928
@/home/ec2-user/data/topics/4585 929
@/home/ec2-user/data/topics/1938 930
@/home/ec2-user/data/topics/1641 931
@/home/ec2-user/data/topics/3819 932
@/home/ec2-user/data/topics/3476 933
@/home/ec2-user/data/topics/4022 934
@/home/ec2-user/data/topics/1890 935
@/home/ec2-user/data/topics/2078 936
@/home/ec2-user/data/topics/3505 937
@/home/ec2-user/data/topics/1484 938
@/home/ec2-user/data/topics/3589 939
@/home/ec2-user/data/topics/1423 940
@/home/ec2-user/data/topics/4719 941
@/home/ec2-user/data/topics/4386 942
@/home/ec2-user/data/topics/4605 943
@/home/ec2-user/data/topics/4802 944
@/home/ec2-user/data/topics/4801 945
@/home/ec2-user/data/topics/3361 946
@/home/ec2-user/data/topics/3887 947
@/home/ec2-user/data/topics/3910 948
@/home/ec2-user/data/topics/1378 949
@/home/ec2-user/data/topics/2165 950
@/home/ec2-user/data/topics/1343 951
株式会社三共

@/home/ec2-user/data/topics/2123 952
@/home/ec2-user/data/topics/4868 952
@/home/ec2-user/data/topics/1189 953
@/home/ec2-user/data/topics/1086 954
@/home/ec2-user/data/topics/1665 955
@/home/ec2-user/data/topics/2060 956
@/home/ec2-user/data/topics/4374 957
@/home/ec2-user/data/topics/1377 958
@/home/ec2-user/data/topics/1648 959
沖電気工業株式会社

@/home/ec2-user/data/topics/4693 960
@/home/ec2-user/data/topics/3621 960
@/home/ec2-user/data/topics/4308 961
@/home/ec2-user/data/topics/3457 962
@/home/ec2-user/data/topics/4575 963
@/home/ec2-user/data/topics/3395 964
@/home/ec2-user/data/topics/4299 965
@/home/ec2-user/data/topics/3764 966
@/home/ec2-user/data/topics/1531 967
@/home/ec2-user/data/topics/1188 968
@/home/ec2-user/data/topics/3690 969
@/home/ec2-user/data/topics/3433 970
@/home/ec2-user/data/topics/3964 971
@/home/ec2-user/data/topics/3571 972
株式会社三星

@/home/ec2-user/data/topics/1728 973
@/home/ec2-user/data/topics/1260 973
@/home/ec2-user/data/topics/2198 974
@/home/ec2-user/data/topics/2108 975
@/home/ec2-user/data/topics/1733 976
@/home/ec2-user/data/topics/3942 977
日本ビクター株式会社

@/home/ec2-user/data/topics/4056 978
@/home/ec2-user/data/topics/3882 978
@/home/ec2-user/data/topics/3939 979
@/home/ec2-user/data/topics/1520 980
@/home/ec2-user/data/topics/1389 981
@/home/ec2-user/data/topics/1440 982
@/home/ec2-user/data/topics/3620 983
@/home/ec2-user/data/topics/4123 984
@/home/ec2-user/data/topics/4672 985
@/home/ec2-user/data/topics/1823 986
@/home/ec2-user/data/topics/3603 987
花王株式会社

@/home/ec2-user/data/topics/3812 988
@/home/ec2-user/data/topics/4827 988
@/home/ec2-user/data/topics/3999 989
@/home/ec2-user/data/topics/4287 990
@/home/ec2-user/data/topics/3884 991
@/home/ec2-user/data/topics/3753 992
@/home/ec2-user/data/topics/1196 993
@/home/ec2-user/data/topics/4249 994
@/home/ec2-user/data/topics/1767 995
@/home/ec2-user/data/topics/1022 996
@/home/ec2-user/data/topics/4211 997
@/home/ec2-user/data/topics/2214 998
@/home/ec2-user/data/topics/4445 999
三田工業株式会社

@/home/ec2-user/data/topics/3604 1000
@/home/ec2-user/data/topics/2155 1000
@/home/ec2-user/data/topics/1033 1001
@/home/ec2-user/data/topics/3923 1002
@/home/ec2-user/data/topics/3842 1003
@/home/ec2-user/data/topics/1766 1004
@/home/ec2-user/data/topics/2136 1005
@/home/ec2-user/data/topics/1269 1006
@/home/ec2-user/data/topics/1034 1007
豊丸産業株式会社

@/home/ec2-user/data/topics/1284 1008
@/home/ec2-user/data/topics/1097 1008
@/home/ec2-user/data/topics/1914 1009
@/home/ec2-user/data/topics/1588 1010
@/home/ec2-user/data/topics/1713 1011
@/home/ec2-user/data/topics/3672 1012
@/home/ec2-user/data/topics/1138 1013
@/home/ec2-user/data/topics/1401 1014
@/home/ec2-user/data/topics/1677 1015
@/home/ec2-user/data/topics/2011 1016
@/home/ec2-user/data/topics/4847 1017
@/home/ec2-user/data/topics/1726 1018
@/home/ec2-user/data/topics/2169 1019
@/home/ec2-user/data/topics/1126 1020
@/home/ec2-user/data/topics/1353 1021
鐘紡株式会社

@/home/ec2-user/data/topics/1901 1022
@/home/ec2-user/data/topics/2185 1022
@/home/ec2-user/data/topics/1178 1023
@/home/ec2-user/data/topics/2223 1024
@/home/ec2-user/data/topics/1304 1025
@/home/ec2-user/data/topics/3560 1026
@/home/ec2-user/data/topics/1870 1027
@/home/ec2-user/data/topics/1054 1028
@/home/ec2-user/data/topics/3634 1029
@/home/ec2-user/data/topics/1842 1030
@/home/ec2-user/data/topics/1886 1031
@/home/ec2-user/data/topics/4195 1032
@/home/ec2-user/data/topics/3566 1033
@/home/ec2-user/data/topics/1367 1034
@/home/ec2-user/data/topics/2034 1035
@/home/ec2-user/data/topics/3551 1036
株式会社デンソー

@/home/ec2-user/data/topics/3480 1037
@/home/ec2-user/data/topics/3710 1037
@/home/ec2-user/data/topics/4024 1038
@/home/ec2-user/data/topics/4498 1039
@/home/ec2-user/data/topics/4805 1040
@/home/ec2-user/data/topics/4622 1041
@/home/ec2-user/data/topics/4164 1042
@/home/ec2-user/data/topics/4656 1043
@/home/ec2-user/data/topics/3406 1044
@/home/ec2-user/data/topics/1028 1045
@/home/ec2-user/data/topics/4046 1046
@/home/ec2-user/data/topics/3421 1047
@/home/ec2-user/data/topics/1855 1048
@/home/ec2-user/data/topics/4840 1049
@/home/ec2-user/data/topics/4483 1050
@/home/ec2-user/data/topics/4675 1051
@/home/ec2-user/data/topics/4423 1052
富士写真フイルム株式会社

@/home/ec2-user/data/topics/3447 1053
@/home/ec2-user/data/topics/3857 1053
@/home/ec2-user/data/topics/3918 1054
@/home/ec2-user/data/topics/1662 1055
@/home/ec2-user/data/topics/4962 1056
@/home/ec2-user/data/topics/3354 1057
@/home/ec2-user/data/topics/1244 1058
@/home/ec2-user/data/topics/1603 1059
@/home/ec2-user/data/topics/1570 1060
@/home/ec2-user/data/topics/3911 1061
@/home/ec2-user/data/topics/2134 1062
京セラ株式会社

@/home/ec2-user/data/topics/3593 1063
@/home/ec2-user/data/topics/3869 1063
@/home/ec2-user/data/topics/1485 1064
@/home/ec2-user/data/topics/1913 1065
@/home/ec2-user/data/topics/1741 1066
@/home/ec2-user/data/topics/4340 1067
@/home/ec2-user/data/topics/3741 1068
@/home/ec2-user/data/topics/4031 1069
@/home/ec2-user/data/topics/3615 1070
@/home/ec2-user/data/topics/4513 1071
@/home/ec2-user/data/topics/1708 1072
@/home/ec2-user/data/topics/4901 1073
イビデン株式会社

@/home/ec2-user/data/topics/3814 1074
@/home/ec2-user/data/topics/1682 1074
@/home/ec2-user/data/topics/1952 1075
@/home/ec2-user/data/topics/1315 1076
@/home/ec2-user/data/topics/1770 1077
@/home/ec2-user/data/topics/1336 1078
@/home/ec2-user/data/topics/2033 1079
株式会社東芝

@/home/ec2-user/data/topics/4140 1080
@/home/ec2-user/data/topics/3352 1080
@/home/ec2-user/data/topics/1205 1081
@/home/ec2-user/data/topics/4292 1082
@/home/ec2-user/data/topics/4336 1083
@/home/ec2-user/data/topics/4623 1084
@/home/ec2-user/data/topics/4165 1085
@/home/ec2-user/data/topics/4183 1086
@/home/ec2-user/data/topics/3598 1087
@/home/ec2-user/data/topics/4009 1088
@/home/ec2-user/data/topics/1585 1089
@/home/ec2-user/data/topics/4863 1090
@/home/ec2-user/data/topics/3688 1091
@/home/ec2-user/data/topics/3380 1092
@/home/ec2-user/data/topics/1819 1093
@/home/ec2-user/data/topics/3948 1094
@/home/ec2-user/data/topics/3851 1095
@/home/ec2-user/data/topics/3351 1096
@/home/ec2-user/data/topics/3462 1097
@/home/ec2-user/data/topics/4509 1098
@/home/ec2-user/data/topics/1756 1099
@/home/ec2-user/data/topics/4096 1100
@/home/ec2-user/data/topics/4755 1101
@/home/ec2-user/data/topics/1757 1102
@/home/ec2-user/data/topics/3780 1103
@/home/ec2-user/data/topics/4535 1104
@/home/ec2-user/data/topics/4197 1105
@/home/ec2-user/data/topics/4594 1106
@/home/ec2-user/data/topics/3734 1107
@/home/ec2-user/data/topics/4912 1108
@/home/ec2-user/data/topics/4057 1109
@/home/ec2-user/data/topics/3716 1110
@/home/ec2-user/data/topics/4381 1111
@/home/ec2-user/data/topics/4302 1112
@/home/ec2-user/data/topics/4089 1113
@/home/ec2-user/data/topics/3360 1114
@/home/ec2-user/data/topics/4361 1115
@/home/ec2-user/data/topics/3689 1116
@/home/ec2-user/data/topics/3732 1117
@/home/ec2-user/data/topics/4935 1118
@/home/ec2-user/data/topics/3881 1119
@/home/ec2-user/data/topics/3618 1120
@/home/ec2-user/data/topics/1090 1121
@/home/ec2-user/data/topics/4881 1122
@/home/ec2-user/data/topics/1997 1123
@/home/ec2-user/data/topics/3683 1124
@/home/ec2-user/data/topics/2241 1125
@/home/ec2-user/data/topics/3542 1126
@/home/ec2-user/data/topics/3988 1127
@/home/ec2-user/data/topics/3990 1128
@/home/ec2-user/data/topics/4566 1129
@/home/ec2-user/data/topics/3834 1130
@/home/ec2-user/data/topics/4842 1131
@/home/ec2-user/data/topics/4751 1132
@/home/ec2-user/data/topics/1132 1133
@/home/ec2-user/data/topics/3363 1134
@/home/ec2-user/data/topics/1332 1135
@/home/ec2-user/data/topics/3890 1136
@/home/ec2-user/data/topics/4631 1137
@/home/ec2-user/data/topics/3795 1138
@/home/ec2-user/data/topics/4172 1139
ヤマハ株式会社

@/home/ec2-user/data/topics/1443 1140
@/home/ec2-user/data/topics/4177 1140
@/home/ec2-user/data/topics/4919 1141
@/home/ec2-user/data/topics/4954 1142
@/home/ec2-user/data/topics/3972 1143
@/home/ec2-user/data/topics/4010 1144
@/home/ec2-user/data/topics/1911 1145
@/home/ec2-user/data/topics/4125 1146
@/home/ec2-user/data/topics/1720 1147
@/home/ec2-user/data/topics/4145 1148
@/home/ec2-user/data/topics/4045 1149
@/home/ec2-user/data/topics/4084 1150
@/home/ec2-user/data/topics/1676 1151
東洋紡績株式会社

@/home/ec2-user/data/topics/4284 1152
@/home/ec2-user/data/topics/1613 1152
@/home/ec2-user/data/topics/1029 1153
@/home/ec2-user/data/topics/3769 1154
@/home/ec2-user/data/topics/4366 1155
@/home/ec2-user/data/topics/4362 1156
三菱化学株式会社

@/home/ec2-user/data/topics/3638 1157
@/home/ec2-user/data/topics/1902 1157
@/home/ec2-user/data/topics/1197 1158
@/home/ec2-user/data/topics/3458 1159
@/home/ec2-user/data/topics/3513 1160
@/home/ec2-user/data/topics/1699 1161
カシオ計算機株式会社

@/home/ec2-user/data/topics/1794 1162
@/home/ec2-user/data/topics/2237 1162
@/home/ec2-user/data/topics/1047 1163
@/home/ec2-user/data/topics/1535 1164
@/home/ec2-user/data/topics/2180 1165
@/home/ec2-user/data/topics/1235 1166
@/home/ec2-user/data/topics/3391 1167
@/home/ec2-user/data/topics/1368 1168
コナミ株式会社

@/home/ec2-user/data/topics/4602 1169
@/home/ec2-user/data/topics/1621 1169
@/home/ec2-user/data/topics/2100 1170
@/home/ec2-user/data/topics/1302 1171
@/home/ec2-user/data/topics/2151 1172
@/home/ec2-user/data/topics/1672 1173
@/home/ec2-user/data/topics/5015 1174
@/home/ec2-user/data/topics/4681 1175
大日本スクリーン製造株式会社

@/home/ec2-user/data/topics/3742 1176
@/home/ec2-user/data/topics/2209 1176
@/home/ec2-user/data/topics/1173 1177
@/home/ec2-user/data/topics/1130 1178
@/home/ec2-user/data/topics/1608 1179
@/home/ec2-user/data/topics/1779 1180
@/home/ec2-user/data/topics/2172 1181
オムロン株式会社

@/home/ec2-user/data/topics/2096 1182
@/home/ec2-user/data/topics/1841 1182
@/home/ec2-user/data/topics/1579 1183
@/home/ec2-user/data/topics/4771 1184
@/home/ec2-user/data/topics/1151 1185
@/home/ec2-user/data/topics/3700 1186
@/home/ec2-user/data/topics/1933 1187
@/home/ec2-user/data/topics/3748 1188
@/home/ec2-user/data/topics/3594 1189
@/home/ec2-user/data/topics/3597 1190
@/home/ec2-user/data/topics/1657 1191
@/home/ec2-user/data/topics/1067 1192
@/home/ec2-user/data/topics/3863 1193
@/home/ec2-user/data/topics/1135 1194
@/home/ec2-user/data/topics/1533 1195
株式会社日立製作所

@/home/ec2-user/data/topics/1882 1196
@/home/ec2-user/data/topics/1072 1196
@/home/ec2-user/data/topics/4040 1197
@/home/ec2-user/data/topics/3432 1198
@/home/ec2-user/data/topics/3570 1199
@/home/ec2-user/data/topics/3965 1200
@/home/ec2-user/data/topics/4943 1201
@/home/ec2-user/data/topics/3706 1202
@/home/ec2-user/data/topics/3973 1203
@/home/ec2-user/data/topics/3779 1204
@/home/ec2-user/data/topics/4058 1205
@/home/ec2-user/data/topics/4545 1206
@/home/ec2-user/data/topics/3665 1207
@/home/ec2-user/data/topics/2239 1208
@/home/ec2-user/data/topics/2081 1209
@/home/ec2-user/data/topics/1463 1210
@/home/ec2-user/data/topics/3488 1211
@/home/ec2-user/data/topics/1825 1212
@/home/ec2-user/data/topics/3384 1213
@/home/ec2-user/data/topics/1833 1214
@/home/ec2-user/data/topics/1640 1215
@/home/ec2-user/data/topics/3350 1216
@/home/ec2-user/data/topics/1105 1217
@/home/ec2-user/data/topics/4493 1218
@/home/ec2-user/data/topics/5030 1219
@/home/ec2-user/data/topics/1501 1220
@/home/ec2-user/data/topics/3531 1221
@/home/ec2-user/data/topics/4551 1222
@/home/ec2-user/data/topics/1487 1223
@/home/ec2-user/data/topics/3993 1224
@/home/ec2-user/data/topics/1826 1225
@/home/ec2-user/data/topics/1249 1226
@/home/ec2-user/data/topics/3994 1227
@/home/ec2-user/data/topics/4830 1228
@/home/ec2-user/data/topics/3772 1229
@/home/ec2-user/data/topics/4402 1230
@/home/ec2-user/data/topics/3968 1231
@/home/ec2-user/data/topics/4166 1232
@/home/ec2-user/data/topics/1340 1233
@/home/ec2-user/data/topics/1987 1234
@/home/ec2-user/data/topics/3822 1235
@/home/ec2-user/data/topics/3439 1236
@/home/ec2-user/data/topics/3461 1237
@/home/ec2-user/data/topics/1693 1238
@/home/ec2-user/data/topics/1296 1239
@/home/ec2-user/data/topics/1667 1240
@/home/ec2-user/data/topics/1278 1241
@/home/ec2-user/data/topics/3599 1242
@/home/ec2-user/data/topics/3659 1243
@/home/ec2-user/data/topics/3596 1244
@/home/ec2-user/data/topics/3691 1245
@/home/ec2-user/data/topics/4122 1246
@/home/ec2-user/data/topics/1082 1247
@/home/ec2-user/data/topics/1651 1248
@/home/ec2-user/data/topics/2184 1249
@/home/ec2-user/data/topics/3588 1250
@/home/ec2-user/data/topics/4420 1251
@/home/ec2-user/data/topics/4799 1252
@/home/ec2-user/data/topics/3471 1253
@/home/ec2-user/data/topics/5029 1254
@/home/ec2-user/data/topics/4990 1255
@/home/ec2-user/data/topics/4489 1256
@/home/ec2-user/data/topics/1334 1257
@/home/ec2-user/data/topics/4559 1258
@/home/ec2-user/data/topics/1247 1259
@/home/ec2-user/data/topics/2019 1260
@/home/ec2-user/data/topics/1562 1261
@/home/ec2-user/data/topics/4401 1262
@/home/ec2-user/data/topics/3440 1263
@/home/ec2-user/data/topics/3648 1264
@/home/ec2-user/data/topics/1880 1265
@/home/ec2-user/data/topics/4547 1266
@/home/ec2-user/data/topics/4621 1267
@/home/ec2-user/data/topics/3524 1268
凸版印刷株式会社

@/home/ec2-user/data/topics/1765 1269
@/home/ec2-user/data/topics/1091 1269
@/home/ec2-user/data/topics/1977 1270
@/home/ec2-user/data/topics/3526 1271
@/home/ec2-user/data/topics/3624 1272
@/home/ec2-user/data/topics/4874 1273
@/home/ec2-user/data/topics/3500 1274
株式会社ノーリツ

@/home/ec2-user/data/topics/4776 1275
@/home/ec2-user/data/topics/2116 1275
@/home/ec2-user/data/topics/1598 1276
@/home/ec2-user/data/topics/4354 1277
@/home/ec2-user/data/topics/1618 1278
@/home/ec2-user/data/topics/1760 1279
@/home/ec2-user/data/topics/4206 1280
@/home/ec2-user/data/topics/1290 1281
川崎重工業株式会社

@/home/ec2-user/data/topics/1172 1282
@/home/ec2-user/data/topics/5025 1282
@/home/ec2-user/data/topics/1162 1283
@/home/ec2-user/data/topics/4866 1284
@/home/ec2-user/data/topics/4572 1285
@/home/ec2-user/data/topics/4756 1286
@/home/ec2-user/data/topics/4793 1287
@/home/ec2-user/data/topics/4944 1288
ティーディーケイ株式会社

@/home/ec2-user/data/topics/3798 1289
@/home/ec2-user/data/topics/1510 1289
@/home/ec2-user/data/topics/3909 1290
@/home/ec2-user/data/topics/1129 1291
@/home/ec2-user/data/topics/1409 1292
@/home/ec2-user/data/topics/3792 1293
@/home/ec2-user/data/topics/4619 1294
@/home/ec2-user/data/topics/2202 1295
@/home/ec2-user/data/topics/2210 1296
京セラミタ株式会社

@/home/ec2-user/data/topics/4985 1297
@/home/ec2-user/data/topics/4973 1297
@/home/ec2-user/data/topics/1032 1298
@/home/ec2-user/data/topics/4174 1299
@/home/ec2-user/data/topics/2141 1300
@/home/ec2-user/data/topics/1930 1301
@/home/ec2-user/data/topics/4564 1302
株式会社クボタ

@/home/ec2-user/data/topics/1280 1303
@/home/ec2-user/data/topics/1012 1303
@/home/ec2-user/data/topics/4745 1304
@/home/ec2-user/data/topics/1734 1305
@/home/ec2-user/data/topics/4251 1306
@/home/ec2-user/data/topics/4379 1307
@/home/ec2-user/data/topics/3823 1308
@/home/ec2-user/data/topics/3919 1309
@/home/ec2-user/data/topics/1448 1310
@/home/ec2-user/data/topics/3854 1311
シャープ株式会社

@/home/ec2-user/data/topics/3793 1312
@/home/ec2-user/data/topics/4256 1312
@/home/ec2-user/data/topics/4228 1313
@/home/ec2-user/data/topics/4113 1314
@/home/ec2-user/data/topics/1209 1315
@/home/ec2-user/data/topics/1288 1316
@/home/ec2-user/data/topics/3450 1317
@/home/ec2-user/data/topics/4648 1318
@/home/ec2-user/data/topics/3981 1319
@/home/ec2-user/data/topics/4105 1320
@/home/ec2-user/data/topics/4349 1321
@/home/ec2-user/data/topics/4683 1322
@/home/ec2-user/data/topics/3649 1323
@/home/ec2-user/data/topics/4152 1324
@/home/ec2-user/data/topics/3537 1325
@/home/ec2-user/data/topics/4263 1326
@/home/ec2-user/data/topics/3422 1327
@/home/ec2-user/data/topics/4095 1328
@/home/ec2-user/data/topics/4744 1329
@/home/ec2-user/data/topics/3871 1330
@/home/ec2-user/data/topics/3698 1331
@/home/ec2-user/data/topics/3678 1332
@/home/ec2-user/data/topics/4103 1333
@/home/ec2-user/data/topics/1561 1334
@/home/ec2-user/data/topics/1396 1335
@/home/ec2-user/data/topics/4430 1336
@/home/ec2-user/data/topics/3978 1337
@/home/ec2-user/data/topics/1349 1338
@/home/ec2-user/data/topics/4717 1339
@/home/ec2-user/data/topics/4516 1340
@/home/ec2-user/data/topics/1970 1341
@/home/ec2-user/data/topics/4861 1342
@/home/ec2-user/data/topics/2087 1343
@/home/ec2-user/data/topics/4245 1344
@/home/ec2-user/data/topics/1154 1345
@/home/ec2-user/data/topics/4782 1346
@/home/ec2-user/data/topics/1685 1347
@/home/ec2-user/data/topics/3679 1348
@/home/ec2-user/data/topics/1419 1349
@/home/ec2-user/data/topics/3452 1350
@/home/ec2-user/data/topics/3777 1351
@/home/ec2-user/data/topics/4127 1352
@/home/ec2-user/data/topics/4691 1353
@/home/ec2-user/data/topics/2084 1354
@/home/ec2-user/data/topics/4230 1355
@/home/ec2-user/data/topics/4469 1356
@/home/ec2-user/data/topics/1384 1357
@/home/ec2-user/data/topics/3578 1358
@/home/ec2-user/data/topics/3760 1359
@/home/ec2-user/data/topics/4214 1360
@/home/ec2-user/data/topics/3957 1361
@/home/ec2-user/data/topics/3855 1362
@/home/ec2-user/data/topics/4124 1363
@/home/ec2-user/data/topics/3832 1364
@/home/ec2-user/data/topics/1258 1365
@/home/ec2-user/data/topics/3606 1366
@/home/ec2-user/data/topics/1965 1367
@/home/ec2-user/data/topics/1804 1368
@/home/ec2-user/data/topics/3813 1369
@/home/ec2-user/data/topics/4323 1370
@/home/ec2-user/data/topics/3776 1371
@/home/ec2-user/data/topics/1840 1372
@/home/ec2-user/data/topics/3762 1373
@/home/ec2-user/data/topics/1318 1374
@/home/ec2-user/data/topics/1431 1375
@/home/ec2-user/data/topics/3610 1376
@/home/ec2-user/data/topics/4019 1377
@/home/ec2-user/data/topics/4583 1378
@/home/ec2-user/data/topics/4005 1379
@/home/ec2-user/data/topics/3673 1380
@/home/ec2-user/data/topics/3858 1381
@/home/ec2-user/data/topics/4252 1382
@/home/ec2-user/data/topics/3966 1383
@/home/ec2-user/data/topics/1174 1384
@/home/ec2-user/data/topics/2020 1385
@/home/ec2-user/data/topics/4173 1386
@/home/ec2-user/data/topics/3895 1387
@/home/ec2-user/data/topics/2118 1388
@/home/ec2-user/data/topics/1563 1389
@/home/ec2-user/data/topics/3941 1390
@/home/ec2-user/data/topics/4519 1391
日本輸送機株式会社

@/home/ec2-user/data/topics/1493 1392
@/home/ec2-user/data/topics/1108 1392
@/home/ec2-user/data/topics/1456 1393
@/home/ec2-user/data/topics/2065 1394
@/home/ec2-user/data/topics/1940 1395
@/home/ec2-user/data/topics/2221 1396
@/home/ec2-user/data/topics/1191 1397
@/home/ec2-user/data/topics/3573 1398
東京エレクトロン株式会社

@/home/ec2-user/data/topics/4906 1399
@/home/ec2-user/data/topics/4702 1399
@/home/ec2-user/data/topics/1800 1400
@/home/ec2-user/data/topics/4023 1401
@/home/ec2-user/data/topics/1263 1402
@/home/ec2-user/data/topics/3947 1403
@/home/ec2-user/data/topics/4618 1404
@/home/ec2-user/data/topics/4002 1405
@/home/ec2-user/data/topics/4053 1406
@/home/ec2-user/data/topics/1736 1407
@/home/ec2-user/data/topics/4345 1408
@/home/ec2-user/data/topics/1508 1409
株式会社村田製作所

@/home/ec2-user/data/topics/4703 1410
@/home/ec2-user/data/topics/4378 1410
@/home/ec2-user/data/topics/4271 1411
@/home/ec2-user/data/topics/1374 1412
@/home/ec2-user/data/topics/4042 1413
@/home/ec2-user/data/topics/1411 1414
@/home/ec2-user/data/topics/3482 1415
@/home/ec2-user/data/topics/3697 1416
@/home/ec2-user/data/topics/3435 1417
@/home/ec2-user/data/topics/2229 1418
@/home/ec2-user/data/topics/4325 1419
@/home/ec2-user/data/topics/4070 1420
@/home/ec2-user/data/topics/4795 1421
@/home/ec2-user/data/topics/4163 1422
@/home/ec2-user/data/topics/4432 1423
@/home/ec2-user/data/topics/3885 1424
@/home/ec2-user/data/topics/4417 1425
日本電信電話株式会社

@/home/ec2-user/data/topics/3536 1426
@/home/ec2-user/data/topics/4114 1426
@/home/ec2-user/data/topics/4146 1427
@/home/ec2-user/data/topics/3521 1428
@/home/ec2-user/data/topics/4560 1429
@/home/ec2-user/data/topics/3928 1430
@/home/ec2-user/data/topics/4208 1431
@/home/ec2-user/data/topics/4131 1432
@/home/ec2-user/data/topics/4916 1433
@/home/ec2-user/data/topics/4104 1434
@/home/ec2-user/data/topics/4025 1435
@/home/ec2-user/data/topics/4952 1436
@/home/ec2-user/data/topics/3785 1437
@/home/ec2-user/data/topics/4087 1438
@/home/ec2-user/data/topics/3552 1439
@/home/ec2-user/data/topics/1934 1440
@/home/ec2-user/data/topics/1787 1441
@/home/ec2-user/data/topics/1230 1442
@/home/ec2-user/data/topics/4511 1443
@/home/ec2-user/data/topics/3811 1444
@/home/ec2-user/data/topics/4505 1445
@/home/ec2-user/data/topics/4115 1446
@/home/ec2-user/data/topics/4865 1447
@/home/ec2-user/data/topics/4664 1448
@/home/ec2-user/data/topics/4118 1449
@/home/ec2-user/data/topics/3544 1450
@/home/ec2-user/data/topics/1408 1451
@/home/ec2-user/data/topics/4121 1452
@/home/ec2-user/data/topics/4964 1453
@/home/ec2-user/data/topics/3359 1454
@/home/ec2-user/data/topics/1229 1455
@/home/ec2-user/data/topics/3641 1456
@/home/ec2-user/data/topics/2130 1457
@/home/ec2-user/data/topics/2017 1458
@/home/ec2-user/data/topics/1809 1459
@/home/ec2-user/data/topics/4175 1460
@/home/ec2-user/data/topics/3509 1461
@/home/ec2-user/data/topics/4443 1462
@/home/ec2-user/data/topics/3915 1463
@/home/ec2-user/data/topics/3894 1464
@/home/ec2-user/data/topics/1042 1465
@/home/ec2-user/data/topics/4965 1466
@/home/ec2-user/data/topics/1556 1467
@/home/ec2-user/data/topics/3586 1468
@/home/ec2-user/data/topics/4488 1469
@/home/ec2-user/data/topics/4836 1470
@/home/ec2-user/data/topics/4792 1471
@/home/ec2-user/data/topics/3927 1472
@/home/ec2-user/data/topics/3824 1473
@/home/ec2-user/data/topics/3650 1474
@/home/ec2-user/data/topics/3425 1475
@/home/ec2-user/data/topics/4870 1476
@/home/ec2-user/data/topics/3568 1477
@/home/ec2-user/data/topics/4232 1478
@/home/ec2-user/data/topics/4925 1479
@/home/ec2-user/data/topics/4335 1480
日本鋼管株式会社

@/home/ec2-user/data/topics/3572 1481
@/home/ec2-user/data/topics/2095 1481
@/home/ec2-user/data/topics/4455 1482
@/home/ec2-user/data/topics/4161 1483
@/home/ec2-user/data/topics/4289 1484
@/home/ec2-user/data/topics/1690 1485
@/home/ec2-user/data/topics/1404 1486
株式会社神戸製鋼所

@/home/ec2-user/data/topics/3632 1487
@/home/ec2-user/data/topics/3674 1487
@/home/ec2-user/data/topics/3902 1488
@/home/ec2-user/data/topics/2064 1489
@/home/ec2-user/data/topics/4949 1490
@/home/ec2-user/data/topics/3475 1491
@/home/ec2-user/data/topics/1465 1492
株式会社ケンウッド

@/home/ec2-user/data/topics/2036 1493
@/home/ec2-user/data/topics/4167 1493
@/home/ec2-user/data/topics/3969 1494
@/home/ec2-user/data/topics/3977 1495
@/home/ec2-user/data/topics/3878 1496
@/home/ec2-user/data/topics/3794 1497
@/home/ec2-user/data/topics/4467 1498
@/home/ec2-user/data/topics/2163 1499
@/home/ec2-user/data/topics/4050 1500
@/home/ec2-user/data/topics/3801 1501
@/home/ec2-user/data/topics/1115 1502
@/home/ec2-user/data/topics/3463 1503
@/home/ec2-user/data/topics/1617 1504
@/home/ec2-user/data/topics/1424 1505
@/home/ec2-user/data/topics/1241 1506
@/home/ec2-user/data/topics/1345 1507
@/home/ec2-user/data/topics/1186 1508
@/home/ec2-user/data/topics/4038 1509
@/home/ec2-user/data/topics/1896 1510
@/home/ec2-user/data/topics/1698 1511
@/home/ec2-user/data/topics/3839 1512
東陶機器株式会社

@/home/ec2-user/data/topics/2135 1513
@/home/ec2-user/data/topics/3821 1513
@/home/ec2-user/data/topics/1692 1514
@/home/ec2-user/data/topics/1626 1515
@/home/ec2-user/data/topics/3583 1516
@/home/ec2-user/data/topics/1735 1517
本田技研工業株式会社

@/home/ec2-user/data/topics/3685 1518
@/home/ec2-user/data/topics/2016 1518
@/home/ec2-user/data/topics/4888 1519
@/home/ec2-user/data/topics/2000 1520
@/home/ec2-user/data/topics/4331 1521
@/home/ec2-user/data/topics/1143 1522
@/home/ec2-user/data/topics/4375 1523
@/home/ec2-user/data/topics/1215 1524
@/home/ec2-user/data/topics/1605 1525
@/home/ec2-user/data/topics/1818 1526
@/home/ec2-user/data/topics/1822 1527
@/home/ec2-user/data/topics/1444 1528
@/home/ec2-user/data/topics/1226 1529
@/home/ec2-user/data/topics/4783 1530
@/home/ec2-user/data/topics/4132 1531
@/home/ec2-user/data/topics/1266 1532
@/home/ec2-user/data/topics/4199 1533
@/home/ec2-user/data/topics/5026 1534
@/home/ec2-user/data/topics/4033 1535
新日本製鐵株式会社

@/home/ec2-user/data/topics/3368 1536
@/home/ec2-user/data/topics/5008 1536
@/home/ec2-user/data/topics/3899 1537
@/home/ec2-user/data/topics/3861 1538
@/home/ec2-user/data/topics/4472 1539
@/home/ec2-user/data/topics/3663 1540
松下電工株式会社

@/home/ec2-user/data/topics/3379 1541
@/home/ec2-user/data/topics/3835 1541
@/home/ec2-user/data/topics/1311 1542
@/home/ec2-user/data/topics/4029 1543
@/home/ec2-user/data/topics/3565 1544
@/home/ec2-user/data/topics/1011 1545
@/home/ec2-user/data/topics/3932 1546
@/home/ec2-user/data/topics/1251 1547
@/home/ec2-user/data/topics/3651 1548
@/home/ec2-user/data/topics/3549 1549
@/home/ec2-user/data/topics/1803 1550
@/home/ec2-user/data/topics/3778 1551
@/home/ec2-user/data/topics/4347 1552
@/home/ec2-user/data/topics/4450 1553
@/home/ec2-user/data/topics/4592 1554
@/home/ec2-user/data/topics/4094 1555
@/home/ec2-user/data/topics/4083 1556
@/home/ec2-user/data/topics/3511 1557
@/home/ec2-user/data/topics/2045 1558
@/home/ec2-user/data/topics/4012 1559
@/home/ec2-user/data/topics/3670 1560
@/home/ec2-user/data/topics/4317 1561
usernum: 72
hit: 736
simhit: 984
simmax: 0.739130434783
simmin: 0.0
simavg: 0.204570710637
dlmax: 0.125305756309
dlmin: 0.00774167857481
dlavg: 0.0328129029261
mthit: 1075
mthls: 10
srp: 1033.55
total: 1562
hit/total: 0.47119078105
simhit/total: 0.629961587708
mthit/(total+usernum): 0.657894736842
mthls/(total+usernum): 0.00611995104039
srp/(total+usernum): 0.0903610771114
srp20/(total+usernum): 0.0258393075713
srp100/(total+usernum): 0.0534245497465
srp500/(total+usernum): 0.0776030774611

2017-01-12 11:23:34.414088
