2017-01-16 10:48:30.469059

topic-folder:/home/ec2-user/data/topics/
cl-file:/home/ec2-user/git/tfidf/result-new/b1-1-3.txt
cl-floder:/home/ec2-user/data/classinfo/
zipf:0.11
stype[0(tfidf)/1(tfidf2)/2(lsa)/3(lda)]:1
dtype[<0(diff*rand)/0(diff)/1(same)/>=2(diff*same)]:0
output-floder:/home/ec2-user/git/userquery/result

三菱マテリアル株式会社

@/home/ec2-user/data/topics/1638 0
@/home/ec2-user/data/topics/3630 0
@/home/ec2-user/data/topics/3470 1
@/home/ec2-user/data/topics/3866 2
@/home/ec2-user/data/topics/3520 3
@/home/ec2-user/data/topics/2093 4
@/home/ec2-user/data/topics/3546 5
@/home/ec2-user/data/topics/1085 6
日本精機株式会社

@/home/ec2-user/data/topics/4972 7
@/home/ec2-user/data/topics/4709 7
@/home/ec2-user/data/topics/4690 8
@/home/ec2-user/data/topics/1398 9
@/home/ec2-user/data/topics/4907 10
@/home/ec2-user/data/topics/4875 11
コニカ株式会社

@/home/ec2-user/data/topics/3370 12
@/home/ec2-user/data/topics/3533 12
@/home/ec2-user/data/topics/3357 13
@/home/ec2-user/data/topics/3419 14
@/home/ec2-user/data/topics/3426 15
@/home/ec2-user/data/topics/2162 16
@/home/ec2-user/data/topics/1946 17
@/home/ec2-user/data/topics/3414 18
@/home/ec2-user/data/topics/3431 19
@/home/ec2-user/data/topics/3418 20
@/home/ec2-user/data/topics/3486 21
埼玉日本電気株式会社

@/home/ec2-user/data/topics/4468 22
@/home/ec2-user/data/topics/1620 22
@/home/ec2-user/data/topics/4496 23
@/home/ec2-user/data/topics/1512 24
@/home/ec2-user/data/topics/4283 25
@/home/ec2-user/data/topics/4998 26
@/home/ec2-user/data/topics/5010 27
@/home/ec2-user/data/topics/4242 28
@/home/ec2-user/data/topics/4279 29
アルプス電気株式会社

@/home/ec2-user/data/topics/3429 30
@/home/ec2-user/data/topics/1434 30
@/home/ec2-user/data/topics/3582 31
@/home/ec2-user/data/topics/2089 32
@/home/ec2-user/data/topics/2012 33
@/home/ec2-user/data/topics/4791 34
@/home/ec2-user/data/topics/1253 35
三菱重工業株式会社

@/home/ec2-user/data/topics/3529 36
@/home/ec2-user/data/topics/4563 36
@/home/ec2-user/data/topics/4862 37
@/home/ec2-user/data/topics/4882 38
@/home/ec2-user/data/topics/3503 39
@/home/ec2-user/data/topics/3591 40
@/home/ec2-user/data/topics/4412 41
@/home/ec2-user/data/topics/5022 42
@/home/ec2-user/data/topics/4687 43
@/home/ec2-user/data/topics/3637 44
@/home/ec2-user/data/topics/3944 45
@/home/ec2-user/data/topics/3833 46
村田機械株式会社

@/home/ec2-user/data/topics/4441 47
@/home/ec2-user/data/topics/1607 47
@/home/ec2-user/data/topics/1511 48
@/home/ec2-user/data/topics/4556 49
@/home/ec2-user/data/topics/4835 50
@/home/ec2-user/data/topics/4645 51
@/home/ec2-user/data/topics/4746 52
@/home/ec2-user/data/topics/1074 53
@/home/ec2-user/data/topics/1293 54
@/home/ec2-user/data/topics/4565 55
@/home/ec2-user/data/topics/3528 56
@/home/ec2-user/data/topics/3740 57
@/home/ec2-user/data/topics/4570 58
@/home/ec2-user/data/topics/4941 59
@/home/ec2-user/data/topics/4596 60
@/home/ec2-user/data/topics/5000 61
@/home/ec2-user/data/topics/4638 62
川崎製鉄株式会社

@/home/ec2-user/data/topics/3532 63
@/home/ec2-user/data/topics/4615 63
@/home/ec2-user/data/topics/3611 64
@/home/ec2-user/data/topics/1459 65
@/home/ec2-user/data/topics/3553 66
@/home/ec2-user/data/topics/3929 67
@/home/ec2-user/data/topics/3413 68
@/home/ec2-user/data/topics/1037 69
@/home/ec2-user/data/topics/3483 70
ダイキン工業株式会社

@/home/ec2-user/data/topics/4400 71
@/home/ec2-user/data/topics/4753 71
@/home/ec2-user/data/topics/4845 72
@/home/ec2-user/data/topics/4858 73
@/home/ec2-user/data/topics/1600 74
@/home/ec2-user/data/topics/4734 75
@/home/ec2-user/data/topics/4701 76
@/home/ec2-user/data/topics/3888 77
@/home/ec2-user/data/topics/4515 78
@/home/ec2-user/data/topics/4367 79
@/home/ec2-user/data/topics/1565 80
三菱自動車工業株式会社

@/home/ec2-user/data/topics/4189 81
@/home/ec2-user/data/topics/1428 81
@/home/ec2-user/data/topics/3815 82
@/home/ec2-user/data/topics/2101 83
@/home/ec2-user/data/topics/3502 84
@/home/ec2-user/data/topics/3940 85
@/home/ec2-user/data/topics/1527 86
@/home/ec2-user/data/topics/1816 87
日産自動車株式会社

@/home/ec2-user/data/topics/3936 88
@/home/ec2-user/data/topics/3497 88
@/home/ec2-user/data/topics/4074 89
@/home/ec2-user/data/topics/3677 90
@/home/ec2-user/data/topics/3501 91
@/home/ec2-user/data/topics/4982 92
@/home/ec2-user/data/topics/3829 93
@/home/ec2-user/data/topics/3723 94
@/home/ec2-user/data/topics/3489 95
@/home/ec2-user/data/topics/3645 96
@/home/ec2-user/data/topics/3712 97
トヨタ自動車株式会社

@/home/ec2-user/data/topics/4144 98
@/home/ec2-user/data/topics/4633 98
@/home/ec2-user/data/topics/4030 99
@/home/ec2-user/data/topics/3356 100
@/home/ec2-user/data/topics/1551 101
@/home/ec2-user/data/topics/3758 102
@/home/ec2-user/data/topics/3481 103
@/home/ec2-user/data/topics/4426 104
@/home/ec2-user/data/topics/3943 105
@/home/ec2-user/data/topics/4647 106
@/home/ec2-user/data/topics/4767 107
@/home/ec2-user/data/topics/4064 108
@/home/ec2-user/data/topics/3699 109
@/home/ec2-user/data/topics/3405 110
@/home/ec2-user/data/topics/4543 111
@/home/ec2-user/data/topics/4658 112
@/home/ec2-user/data/topics/3783 113
@/home/ec2-user/data/topics/2111 114
@/home/ec2-user/data/topics/4346 115
@/home/ec2-user/data/topics/3731 116
@/home/ec2-user/data/topics/4920 117
@/home/ec2-user/data/topics/3725 118
@/home/ec2-user/data/topics/4008 119
@/home/ec2-user/data/topics/3587 120
@/home/ec2-user/data/topics/1494 121
@/home/ec2-user/data/topics/2218 122
@/home/ec2-user/data/topics/4298 123
@/home/ec2-user/data/topics/3671 124
@/home/ec2-user/data/topics/4617 125
オリンパス光学工業株式会社

@/home/ec2-user/data/topics/2026 126
@/home/ec2-user/data/topics/1586 126
@/home/ec2-user/data/topics/1107 127
@/home/ec2-user/data/topics/1739 128
@/home/ec2-user/data/topics/5006 129
@/home/ec2-user/data/topics/4007 130
@/home/ec2-user/data/topics/1981 131
@/home/ec2-user/data/topics/1155 132
@/home/ec2-user/data/topics/1835 133
@/home/ec2-user/data/topics/4878 134
@/home/ec2-user/data/topics/4013 135
@/home/ec2-user/data/topics/1869 136
ブラザー工業株式会社

@/home/ec2-user/data/topics/1697 137
@/home/ec2-user/data/topics/2086 137
@/home/ec2-user/data/topics/3477 138
@/home/ec2-user/data/topics/3686 139
@/home/ec2-user/data/topics/1076 140
@/home/ec2-user/data/topics/3789 141
@/home/ec2-user/data/topics/3507 142
@/home/ec2-user/data/topics/1183 143
@/home/ec2-user/data/topics/1906 144
@/home/ec2-user/data/topics/1300 145
@/home/ec2-user/data/topics/1636 146
@/home/ec2-user/data/topics/4548 147
@/home/ec2-user/data/topics/3613 148
@/home/ec2-user/data/topics/2085 149
@/home/ec2-user/data/topics/1164 150
富士通株式会社

@/home/ec2-user/data/topics/3962 151
@/home/ec2-user/data/topics/4191 151
@/home/ec2-user/data/topics/3749 152
@/home/ec2-user/data/topics/3846 153
@/home/ec2-user/data/topics/3428 154
@/home/ec2-user/data/topics/5004 155
@/home/ec2-user/data/topics/1264 156
@/home/ec2-user/data/topics/2227 157
@/home/ec2-user/data/topics/1547 158
@/home/ec2-user/data/topics/3400 159
@/home/ec2-user/data/topics/3538 160
@/home/ec2-user/data/topics/3751 161
@/home/ec2-user/data/topics/3636 162
@/home/ec2-user/data/topics/1874 163
@/home/ec2-user/data/topics/3399 164
@/home/ec2-user/data/topics/2216 165
@/home/ec2-user/data/topics/3802 166
@/home/ec2-user/data/topics/3862 167
@/home/ec2-user/data/topics/2215 168
@/home/ec2-user/data/topics/3850 169
@/home/ec2-user/data/topics/3870 170
@/home/ec2-user/data/topics/3799 171
@/home/ec2-user/data/topics/1998 172
@/home/ec2-user/data/topics/1123 173
@/home/ec2-user/data/topics/3912 174
@/home/ec2-user/data/topics/3970 175
@/home/ec2-user/data/topics/1271 176
@/home/ec2-user/data/topics/3883 177
@/home/ec2-user/data/topics/3765 178
@/home/ec2-user/data/topics/1609 179
@/home/ec2-user/data/topics/3460 180
@/home/ec2-user/data/topics/3381 181
静岡日本電気株式会社

@/home/ec2-user/data/topics/4314 182
@/home/ec2-user/data/topics/4365 182
@/home/ec2-user/data/topics/4250 183
@/home/ec2-user/data/topics/4507 184
@/home/ec2-user/data/topics/4326 185
@/home/ec2-user/data/topics/4531 186
住友重機械工業株式会社

@/home/ec2-user/data/topics/1900 187
@/home/ec2-user/data/topics/1019 187
@/home/ec2-user/data/topics/3868 188
@/home/ec2-user/data/topics/2039 189
@/home/ec2-user/data/topics/1553 190
@/home/ec2-user/data/topics/1373 191
@/home/ec2-user/data/topics/4854 192
@/home/ec2-user/data/topics/3952 193
@/home/ec2-user/data/topics/1505 194
大日本印刷株式会社

@/home/ec2-user/data/topics/1564 195
@/home/ec2-user/data/topics/3388 195
@/home/ec2-user/data/topics/1145 196
@/home/ec2-user/data/topics/3569 197
@/home/ec2-user/data/topics/1099 198
@/home/ec2-user/data/topics/1262 199
日本電気株式会社

@/home/ec2-user/data/topics/1122 200
@/home/ec2-user/data/topics/4254 200
@/home/ec2-user/data/topics/4154 201
@/home/ec2-user/data/topics/4537 202
@/home/ec2-user/data/topics/4486 203
@/home/ec2-user/data/topics/4644 204
@/home/ec2-user/data/topics/1791 205
@/home/ec2-user/data/topics/1852 206
@/home/ec2-user/data/topics/4300 207
@/home/ec2-user/data/topics/4725 208
@/home/ec2-user/data/topics/4309 209
@/home/ec2-user/data/topics/4460 210
@/home/ec2-user/data/topics/4598 211
@/home/ec2-user/data/topics/1634 212
@/home/ec2-user/data/topics/4063 213
@/home/ec2-user/data/topics/4315 214
@/home/ec2-user/data/topics/3896 215
@/home/ec2-user/data/topics/1937 216
@/home/ec2-user/data/topics/4665 217
@/home/ec2-user/data/topics/4360 218
@/home/ec2-user/data/topics/4764 219
@/home/ec2-user/data/topics/1383 220
@/home/ec2-user/data/topics/4759 221
@/home/ec2-user/data/topics/3744 222
@/home/ec2-user/data/topics/4168 223
@/home/ec2-user/data/topics/4082 224
@/home/ec2-user/data/topics/4458 225
@/home/ec2-user/data/topics/4824 226
@/home/ec2-user/data/topics/1486 227
@/home/ec2-user/data/topics/4257 228
@/home/ec2-user/data/topics/3724 229
@/home/ec2-user/data/topics/4128 230
@/home/ec2-user/data/topics/4359 231
@/home/ec2-user/data/topics/4643 232
@/home/ec2-user/data/topics/4119 233
@/home/ec2-user/data/topics/4204 234
@/home/ec2-user/data/topics/4243 235
@/home/ec2-user/data/topics/4276 236
@/home/ec2-user/data/topics/1879 237
@/home/ec2-user/data/topics/1815 238
@/home/ec2-user/data/topics/4216 239
@/home/ec2-user/data/topics/4320 240
@/home/ec2-user/data/topics/2144 241
@/home/ec2-user/data/topics/4138 242
@/home/ec2-user/data/topics/4446 243
@/home/ec2-user/data/topics/4404 244
@/home/ec2-user/data/topics/1464 245
@/home/ec2-user/data/topics/4721 246
@/home/ec2-user/data/topics/3995 247
@/home/ec2-user/data/topics/4318 248
@/home/ec2-user/data/topics/4388 249
@/home/ec2-user/data/topics/2088 250
@/home/ec2-user/data/topics/3865 251
@/home/ec2-user/data/topics/4440 252
@/home/ec2-user/data/topics/4258 253
@/home/ec2-user/data/topics/3938 254
@/home/ec2-user/data/topics/4427 255
@/home/ec2-user/data/topics/3767 256
@/home/ec2-user/data/topics/1101 257
@/home/ec2-user/data/topics/1724 258
@/home/ec2-user/data/topics/1044 259
@/home/ec2-user/data/topics/1710 260
@/home/ec2-user/data/topics/4708 261
@/home/ec2-user/data/topics/4892 262
@/home/ec2-user/data/topics/4288 263
@/home/ec2-user/data/topics/4273 264
@/home/ec2-user/data/topics/3853 265
@/home/ec2-user/data/topics/4153 266
@/home/ec2-user/data/topics/1364 267
@/home/ec2-user/data/topics/1612 268
@/home/ec2-user/data/topics/1867 269
@/home/ec2-user/data/topics/1923 270
@/home/ec2-user/data/topics/4097 271
@/home/ec2-user/data/topics/2166 272
@/home/ec2-user/data/topics/4696 273
@/home/ec2-user/data/topics/4352 274
@/home/ec2-user/data/topics/5034 275
@/home/ec2-user/data/topics/3875 276
@/home/ec2-user/data/topics/4666 277
@/home/ec2-user/data/topics/4532 278
@/home/ec2-user/data/topics/4244 279
@/home/ec2-user/data/topics/4003 280
@/home/ec2-user/data/topics/1973 281
@/home/ec2-user/data/topics/4902 282
@/home/ec2-user/data/topics/4116 283
@/home/ec2-user/data/topics/4092 284
@/home/ec2-user/data/topics/1116 285
@/home/ec2-user/data/topics/4246 286
@/home/ec2-user/data/topics/1362 287
@/home/ec2-user/data/topics/2022 288
@/home/ec2-user/data/topics/4634 289
@/home/ec2-user/data/topics/4718 290
@/home/ec2-user/data/topics/3886 291
@/home/ec2-user/data/topics/4414 292
@/home/ec2-user/data/topics/4584 293
@/home/ec2-user/data/topics/4267 294
@/home/ec2-user/data/topics/4595 295
@/home/ec2-user/data/topics/4728 296
@/home/ec2-user/data/topics/1595 297
@/home/ec2-user/data/topics/4750 298
@/home/ec2-user/data/topics/4017 299
@/home/ec2-user/data/topics/4418 300
@/home/ec2-user/data/topics/4196 301
@/home/ec2-user/data/topics/4313 302
@/home/ec2-user/data/topics/4398 303
@/home/ec2-user/data/topics/3897 304
@/home/ec2-user/data/topics/1557 305
@/home/ec2-user/data/topics/4742 306
@/home/ec2-user/data/topics/4137 307
@/home/ec2-user/data/topics/4609 308
@/home/ec2-user/data/topics/4530 309
@/home/ec2-user/data/topics/1928 310
@/home/ec2-user/data/topics/4393 311
@/home/ec2-user/data/topics/4447 312
@/home/ec2-user/data/topics/3766 313
@/home/ec2-user/data/topics/4162 314
@/home/ec2-user/data/topics/4659 315
@/home/ec2-user/data/topics/1773 316
@/home/ec2-user/data/topics/4142 317
@/home/ec2-user/data/topics/1523 318
@/home/ec2-user/data/topics/4227 319
@/home/ec2-user/data/topics/1948 320
@/home/ec2-user/data/topics/4433 321
@/home/ec2-user/data/topics/4319 322
@/home/ec2-user/data/topics/4808 323
@/home/ec2-user/data/topics/4207 324
@/home/ec2-user/data/topics/4425 325
@/home/ec2-user/data/topics/2127 326
@/home/ec2-user/data/topics/4785 327
@/home/ec2-user/data/topics/4390 328
@/home/ec2-user/data/topics/4657 329
@/home/ec2-user/data/topics/1891 330
@/home/ec2-user/data/topics/3729 331
@/home/ec2-user/data/topics/4480 332
@/home/ec2-user/data/topics/1764 333
@/home/ec2-user/data/topics/4343 334
@/home/ec2-user/data/topics/4646 335
@/home/ec2-user/data/topics/4497 336
@/home/ec2-user/data/topics/1783 337
@/home/ec2-user/data/topics/4682 338
@/home/ec2-user/data/topics/4158 339
@/home/ec2-user/data/topics/4310 340
@/home/ec2-user/data/topics/3954 341
@/home/ec2-user/data/topics/1500 342
@/home/ec2-user/data/topics/4281 343
@/home/ec2-user/data/topics/1016 344
@/home/ec2-user/data/topics/4209 345
@/home/ec2-user/data/topics/4071 346
@/home/ec2-user/data/topics/4926 347
@/home/ec2-user/data/topics/4536 348
@/home/ec2-user/data/topics/1844 349
@/home/ec2-user/data/topics/4549 350
@/home/ec2-user/data/topics/4171 351
@/home/ec2-user/data/topics/4578 352
@/home/ec2-user/data/topics/4603 353
@/home/ec2-user/data/topics/4626 354
@/home/ec2-user/data/topics/3956 355
@/home/ec2-user/data/topics/4338 356
@/home/ec2-user/data/topics/4533 357
@/home/ec2-user/data/topics/4485 358
@/home/ec2-user/data/topics/2150 359
@/home/ec2-user/data/topics/2031 360
@/home/ec2-user/data/topics/4561 361
@/home/ec2-user/data/topics/4434 362
@/home/ec2-user/data/topics/1326 363
@/home/ec2-user/data/topics/4100 364
@/home/ec2-user/data/topics/1457 365
@/home/ec2-user/data/topics/4775 366
@/home/ec2-user/data/topics/4120 367
@/home/ec2-user/data/topics/4275 368
@/home/ec2-user/data/topics/4650 369
@/home/ec2-user/data/topics/2119 370
@/home/ec2-user/data/topics/4389 371
@/home/ec2-user/data/topics/1624 372
@/home/ec2-user/data/topics/1112 373
@/home/ec2-user/data/topics/4749 374
@/home/ec2-user/data/topics/4940 375
@/home/ec2-user/data/topics/4876 376
@/home/ec2-user/data/topics/1567 377
@/home/ec2-user/data/topics/4238 378
@/home/ec2-user/data/topics/1661 379
@/home/ec2-user/data/topics/4877 380
@/home/ec2-user/data/topics/4278 381
@/home/ec2-user/data/topics/4272 382
@/home/ec2-user/data/topics/4429 383
@/home/ec2-user/data/topics/1078 384
@/home/ec2-user/data/topics/2041 385
@/home/ec2-user/data/topics/4689 386
@/home/ec2-user/data/topics/4699 387
@/home/ec2-user/data/topics/4185 388
@/home/ec2-user/data/topics/4442 389
@/home/ec2-user/data/topics/4850 390
@/home/ec2-user/data/topics/4651 391
@/home/ec2-user/data/topics/4247 392
@/home/ec2-user/data/topics/1281 393
@/home/ec2-user/data/topics/4490 394
@/home/ec2-user/data/topics/4186 395
@/home/ec2-user/data/topics/1052 396
@/home/ec2-user/data/topics/4093 397
@/home/ec2-user/data/topics/4838 398
@/home/ec2-user/data/topics/4371 399
@/home/ec2-user/data/topics/4477 400
@/home/ec2-user/data/topics/4760 401
@/home/ec2-user/data/topics/4081 402
@/home/ec2-user/data/topics/4192 403
@/home/ec2-user/data/topics/4342 404
@/home/ec2-user/data/topics/4236 405
@/home/ec2-user/data/topics/4779 406
@/home/ec2-user/data/topics/4134 407
@/home/ec2-user/data/topics/4260 408
@/home/ec2-user/data/topics/4613 409
@/home/ec2-user/data/topics/4240 410
@/home/ec2-user/data/topics/4770 411
@/home/ec2-user/data/topics/4816 412
@/home/ec2-user/data/topics/1360 413
@/home/ec2-user/data/topics/3971 414
@/home/ec2-user/data/topics/4129 415
@/home/ec2-user/data/topics/1100 416
@/home/ec2-user/data/topics/1199 417
@/home/ec2-user/data/topics/4062 418
松下電器産業株式会社

@/home/ec2-user/data/topics/4475 419
@/home/ec2-user/data/topics/4215 419
@/home/ec2-user/data/topics/3402 420
@/home/ec2-user/data/topics/3761 421
@/home/ec2-user/data/topics/3676 422
@/home/ec2-user/data/topics/1540 423
@/home/ec2-user/data/topics/4797 424
@/home/ec2-user/data/topics/2129 425
@/home/ec2-user/data/topics/4599 426
@/home/ec2-user/data/topics/4885 427
@/home/ec2-user/data/topics/2029 428
@/home/ec2-user/data/topics/4307 429
@/home/ec2-user/data/topics/2170 430
@/home/ec2-user/data/topics/1070 431
@/home/ec2-user/data/topics/4945 432
@/home/ec2-user/data/topics/3704 433
@/home/ec2-user/data/topics/1509 434
@/home/ec2-user/data/topics/4917 435
@/home/ec2-user/data/topics/4180 436
@/home/ec2-user/data/topics/3951 437
@/home/ec2-user/data/topics/3510 438
@/home/ec2-user/data/topics/4422 439
@/home/ec2-user/data/topics/4707 440
@/home/ec2-user/data/topics/4043 441
@/home/ec2-user/data/topics/4229 442
@/home/ec2-user/data/topics/1589 443
@/home/ec2-user/data/topics/1026 444
@/home/ec2-user/data/topics/4936 445
@/home/ec2-user/data/topics/3807 446
@/home/ec2-user/data/topics/4761 447
@/home/ec2-user/data/topics/3719 448
@/home/ec2-user/data/topics/3904 449
@/home/ec2-user/data/topics/1748 450
@/home/ec2-user/data/topics/5024 451
@/home/ec2-user/data/topics/4160 452
@/home/ec2-user/data/topics/1955 453
@/home/ec2-user/data/topics/4098 454
@/home/ec2-user/data/topics/3847 455
@/home/ec2-user/data/topics/4126 456
@/home/ec2-user/data/topics/3692 457
@/home/ec2-user/data/topics/4961 458
@/home/ec2-user/data/topics/2156 459
@/home/ec2-user/data/topics/3558 460
@/home/ec2-user/data/topics/1179 461
@/home/ec2-user/data/topics/4159 462
@/home/ec2-user/data/topics/1136 463
@/home/ec2-user/data/topics/4501 464
@/home/ec2-user/data/topics/4157 465
@/home/ec2-user/data/topics/3739 466
@/home/ec2-user/data/topics/4625 467
@/home/ec2-user/data/topics/1812 468
@/home/ec2-user/data/topics/3386 469
@/home/ec2-user/data/topics/3519 470
@/home/ec2-user/data/topics/1898 471
@/home/ec2-user/data/topics/4586 472
@/home/ec2-user/data/topics/3680 473
@/home/ec2-user/data/topics/1706 474
@/home/ec2-user/data/topics/1885 475
@/home/ec2-user/data/topics/2056 476
@/home/ec2-user/data/topics/4787 477
@/home/ec2-user/data/topics/1829 478
@/home/ec2-user/data/topics/4968 479
@/home/ec2-user/data/topics/4918 480
@/home/ec2-user/data/topics/4817 481
@/home/ec2-user/data/topics/3514 482
@/home/ec2-user/data/topics/3494 483
@/home/ec2-user/data/topics/4574 484
@/home/ec2-user/data/topics/4867 485
@/home/ec2-user/data/topics/1252 486
@/home/ec2-user/data/topics/4503 487
@/home/ec2-user/data/topics/3979 488
@/home/ec2-user/data/topics/4806 489
@/home/ec2-user/data/topics/1635 490
@/home/ec2-user/data/topics/4558 491
@/home/ec2-user/data/topics/4676 492
@/home/ec2-user/data/topics/4193 493
@/home/ec2-user/data/topics/4139 494
@/home/ec2-user/data/topics/1339 495
@/home/ec2-user/data/topics/1257 496
@/home/ec2-user/data/topics/4502 497
@/home/ec2-user/data/topics/4394 498
@/home/ec2-user/data/topics/4274 499
@/home/ec2-user/data/topics/5028 500
@/home/ec2-user/data/topics/1157 501
@/home/ec2-user/data/topics/4491 502
@/home/ec2-user/data/topics/1525 503
@/home/ec2-user/data/topics/3920 504
@/home/ec2-user/data/topics/4264 505
@/home/ec2-user/data/topics/3658 506
@/home/ec2-user/data/topics/4754 507
@/home/ec2-user/data/topics/1516 508
@/home/ec2-user/data/topics/4280 509
@/home/ec2-user/data/topics/4382 510
@/home/ec2-user/data/topics/4102 511
@/home/ec2-user/data/topics/4667 512
@/home/ec2-user/data/topics/4101 513
@/home/ec2-user/data/topics/3721 514
@/home/ec2-user/data/topics/3585 515
@/home/ec2-user/data/topics/4459 516
@/home/ec2-user/data/topics/3960 517
@/home/ec2-user/data/topics/2222 518
@/home/ec2-user/data/topics/3455 519
@/home/ec2-user/data/topics/1477 520
@/home/ec2-user/data/topics/4804 521
@/home/ec2-user/data/topics/3619 522
@/home/ec2-user/data/topics/3404 523
@/home/ec2-user/data/topics/1881 524
@/home/ec2-user/data/topics/1701 525
@/home/ec2-user/data/topics/1705 526
@/home/ec2-user/data/topics/4577 527
@/home/ec2-user/data/topics/4798 528
@/home/ec2-user/data/topics/4448 529
@/home/ec2-user/data/topics/4464 530
@/home/ec2-user/data/topics/4355 531
@/home/ec2-user/data/topics/2080 532
@/home/ec2-user/data/topics/4385 533
@/home/ec2-user/data/topics/4303 534
@/home/ec2-user/data/topics/1633 535
@/home/ec2-user/data/topics/1158 536
@/home/ec2-user/data/topics/3746 537
@/home/ec2-user/data/topics/1762 538
@/home/ec2-user/data/topics/3694 539
@/home/ec2-user/data/topics/4000 540
セイコーインスツルメンツ株式会社

@/home/ec2-user/data/topics/4151 541
@/home/ec2-user/data/topics/4203 541
@/home/ec2-user/data/topics/3825 542
@/home/ec2-user/data/topics/4036 543
@/home/ec2-user/data/topics/3626 544
@/home/ec2-user/data/topics/4997 545
@/home/ec2-user/data/topics/1707 546
@/home/ec2-user/data/topics/4190 547
@/home/ec2-user/data/topics/4088 548
ミノルタ株式会社

@/home/ec2-user/data/topics/4984 549
@/home/ec2-user/data/topics/4321 549
@/home/ec2-user/data/topics/4970 550
@/home/ec2-user/data/topics/3545 551
@/home/ec2-user/data/topics/4951 552
@/home/ec2-user/data/topics/4977 553
@/home/ec2-user/data/topics/2190 554
@/home/ec2-user/data/topics/1152 555
@/home/ec2-user/data/topics/4971 556
@/home/ec2-user/data/topics/3584 557
@/home/ec2-user/data/topics/3810 558
@/home/ec2-user/data/topics/4986 559
株式会社リコー

@/home/ec2-user/data/topics/3775 560
@/home/ec2-user/data/topics/1776 560
@/home/ec2-user/data/topics/3484 561
@/home/ec2-user/data/topics/1482 562
@/home/ec2-user/data/topics/3759 563
@/home/ec2-user/data/topics/1610 564
@/home/ec2-user/data/topics/1976 565
@/home/ec2-user/data/topics/2006 566
@/home/ec2-user/data/topics/3472 567
@/home/ec2-user/data/topics/4616 568
@/home/ec2-user/data/topics/4781 569
@/home/ec2-user/data/topics/1225 570
@/home/ec2-user/data/topics/1436 571
@/home/ec2-user/data/topics/2200 572
@/home/ec2-user/data/topics/1663 573
@/home/ec2-user/data/topics/4037 574
@/home/ec2-user/data/topics/1627 575
@/home/ec2-user/data/topics/1806 576
@/home/ec2-user/data/topics/3424 577
@/home/ec2-user/data/topics/1190 578
@/home/ec2-user/data/topics/3669 579
@/home/ec2-user/data/topics/1718 580
@/home/ec2-user/data/topics/3633 581
@/home/ec2-user/data/topics/3411 582
@/home/ec2-user/data/topics/1064 583
@/home/ec2-user/data/topics/3548 584
@/home/ec2-user/data/topics/1106 585
@/home/ec2-user/data/topics/1740 586
@/home/ec2-user/data/topics/1669 587
@/home/ec2-user/data/topics/1514 588
@/home/ec2-user/data/topics/3750 589
@/home/ec2-user/data/topics/3713 590
@/home/ec2-user/data/topics/1775 591
@/home/ec2-user/data/topics/2189 592
@/home/ec2-user/data/topics/1974 593
@/home/ec2-user/data/topics/1755 594
@/home/ec2-user/data/topics/1282 595
@/home/ec2-user/data/topics/1691 596
@/home/ec2-user/data/topics/3711 597
@/home/ec2-user/data/topics/1774 598
@/home/ec2-user/data/topics/1878 599
@/home/ec2-user/data/topics/3687 600
@/home/ec2-user/data/topics/3555 601
@/home/ec2-user/data/topics/3394 602
@/home/ec2-user/data/topics/3436 603
@/home/ec2-user/data/topics/3530 604
@/home/ec2-user/data/topics/3557 605
@/home/ec2-user/data/topics/1095 606
@/home/ec2-user/data/topics/4344 607
@/home/ec2-user/data/topics/1668 608
@/home/ec2-user/data/topics/4879 609
@/home/ec2-user/data/topics/2219 610
@/home/ec2-user/data/topics/1670 611
@/home/ec2-user/data/topics/3880 612
@/home/ec2-user/data/topics/1478 613
@/home/ec2-user/data/topics/1593 614
@/home/ec2-user/data/topics/1083 615
@/home/ec2-user/data/topics/2182 616
@/home/ec2-user/data/topics/2090 617
@/home/ec2-user/data/topics/3378 618
@/home/ec2-user/data/topics/4265 619
@/home/ec2-user/data/topics/3474 620
@/home/ec2-user/data/topics/3837 621
@/home/ec2-user/data/topics/3446 622
@/home/ec2-user/data/topics/1780 623
@/home/ec2-user/data/topics/3574 624
@/home/ec2-user/data/topics/3523 625
@/home/ec2-user/data/topics/2201 626
@/home/ec2-user/data/topics/3495 627
@/home/ec2-user/data/topics/2043 628
@/home/ec2-user/data/topics/1433 629
独立行政法人産業技術総合研究所

@/home/ec2-user/data/topics/4740 630
@/home/ec2-user/data/topics/4869 630
@/home/ec2-user/data/topics/4739 631
@/home/ec2-user/data/topics/4777 632
@/home/ec2-user/data/topics/4800 633
@/home/ec2-user/data/topics/1356 634
ソニー株式会社

@/home/ec2-user/data/topics/1102 635
@/home/ec2-user/data/topics/1679 635
@/home/ec2-user/data/topics/3872 636
@/home/ec2-user/data/topics/1218 637
@/home/ec2-user/data/topics/1749 638
@/home/ec2-user/data/topics/1291 639
@/home/ec2-user/data/topics/5027 640
@/home/ec2-user/data/topics/3392 641
@/home/ec2-user/data/topics/1778 642
@/home/ec2-user/data/topics/3924 643
@/home/ec2-user/data/topics/3401 644
@/home/ec2-user/data/topics/1059 645
@/home/ec2-user/data/topics/2058 646
@/home/ec2-user/data/topics/2052 647
@/home/ec2-user/data/topics/3456 648
@/home/ec2-user/data/topics/1380 649
@/home/ec2-user/data/topics/1892 650
@/home/ec2-user/data/topics/1435 651
@/home/ec2-user/data/topics/1471 652
@/home/ec2-user/data/topics/2048 653
@/home/ec2-user/data/topics/1967 654
@/home/ec2-user/data/topics/1884 655
@/home/ec2-user/data/topics/3955 656
@/home/ec2-user/data/topics/4224 657
@/home/ec2-user/data/topics/4351 658
@/home/ec2-user/data/topics/2037 659
@/home/ec2-user/data/topics/3975 660
@/home/ec2-user/data/topics/1836 661
@/home/ec2-user/data/topics/1602 662
@/home/ec2-user/data/topics/1686 663
@/home/ec2-user/data/topics/1414 664
@/home/ec2-user/data/topics/4184 665
@/home/ec2-user/data/topics/1491 666
@/home/ec2-user/data/topics/1298 667
@/home/ec2-user/data/topics/1426 668
@/home/ec2-user/data/topics/1926 669
@/home/ec2-user/data/topics/1912 670
@/home/ec2-user/data/topics/1233 671
@/home/ec2-user/data/topics/1397 672
@/home/ec2-user/data/topics/2105 673
@/home/ec2-user/data/topics/1147 674
@/home/ec2-user/data/topics/4219 675
@/home/ec2-user/data/topics/2094 676
@/home/ec2-user/data/topics/2059 677
@/home/ec2-user/data/topics/1873 678
@/home/ec2-user/data/topics/1954 679
@/home/ec2-user/data/topics/2075 680
富士ゼロックス株式会社

@/home/ec2-user/data/topics/3473 681
@/home/ec2-user/data/topics/3564 681
@/home/ec2-user/data/topics/4108 682
@/home/ec2-user/data/topics/3640 683
@/home/ec2-user/data/topics/3407 684
@/home/ec2-user/data/topics/3366 685
@/home/ec2-user/data/topics/3782 686
@/home/ec2-user/data/topics/3662 687
@/home/ec2-user/data/topics/1560 688
@/home/ec2-user/data/topics/5031 689
@/home/ec2-user/data/topics/3695 690
@/home/ec2-user/data/topics/3383 691
@/home/ec2-user/data/topics/1947 692
@/home/ec2-user/data/topics/3790 693
@/home/ec2-user/data/topics/3661 694
住友金属工業株式会社

@/home/ec2-user/data/topics/4661 695
@/home/ec2-user/data/topics/3826 695
@/home/ec2-user/data/topics/4021 696
@/home/ec2-user/data/topics/3655 697
@/home/ec2-user/data/topics/4322 698
@/home/ec2-user/data/topics/4991 699
@/home/ec2-user/data/topics/4534 700
@/home/ec2-user/data/topics/3577 701
@/home/ec2-user/data/topics/4295 702
@/home/ec2-user/data/topics/1268 703
@/home/ec2-user/data/topics/4182 704
@/home/ec2-user/data/topics/4733 705
日立電線株式会社

@/home/ec2-user/data/topics/3930 706
@/home/ec2-user/data/topics/1305 706
@/home/ec2-user/data/topics/1117 707
@/home/ec2-user/data/topics/3756 708
@/home/ec2-user/data/topics/4356 709
@/home/ec2-user/data/topics/4329 710
@/home/ec2-user/data/topics/1388 711
@/home/ec2-user/data/topics/1027 712
@/home/ec2-user/data/topics/4357 713
キヤノン株式会社

@/home/ec2-user/data/topics/4937 714
@/home/ec2-user/data/topics/1208 714
@/home/ec2-user/data/topics/1080 715
@/home/ec2-user/data/topics/3417 716
@/home/ec2-user/data/topics/1124 717
@/home/ec2-user/data/topics/1745 718
@/home/ec2-user/data/topics/1975 719
@/home/ec2-user/data/topics/1895 720
@/home/ec2-user/data/topics/1118 721
@/home/ec2-user/data/topics/4521 722
@/home/ec2-user/data/topics/3949 723
@/home/ec2-user/data/topics/4068 724
@/home/ec2-user/data/topics/3415 725
@/home/ec2-user/data/topics/3755 726
@/home/ec2-user/data/topics/1646 727
@/home/ec2-user/data/topics/1519 728
@/home/ec2-user/data/topics/2117 729
@/home/ec2-user/data/topics/3730 730
@/home/ec2-user/data/topics/2004 731
@/home/ec2-user/data/topics/1568 732
@/home/ec2-user/data/topics/1228 733
@/home/ec2-user/data/topics/1889 734
@/home/ec2-user/data/topics/4520 735
@/home/ec2-user/data/topics/3722 736
@/home/ec2-user/data/topics/2145 737
@/home/ec2-user/data/topics/2053 738
@/home/ec2-user/data/topics/4363 739
@/home/ec2-user/data/topics/4628 740
@/home/ec2-user/data/topics/3656 741
@/home/ec2-user/data/topics/3628 742
@/home/ec2-user/data/topics/3420 743
@/home/ec2-user/data/topics/3416 744
@/home/ec2-user/data/topics/1790 745
@/home/ec2-user/data/topics/1866 746
@/home/ec2-user/data/topics/1539 747
@/home/ec2-user/data/topics/4054 748
@/home/ec2-user/data/topics/3996 749
@/home/ec2-user/data/topics/4947 750
@/home/ec2-user/data/topics/3660 751
@/home/ec2-user/data/topics/3720 752
@/home/ec2-user/data/topics/1744 753
@/home/ec2-user/data/topics/2231 754
@/home/ec2-user/data/topics/3958 755
@/home/ec2-user/data/topics/2107 756
@/home/ec2-user/data/topics/3454 757
@/home/ec2-user/data/topics/1513 758
@/home/ec2-user/data/topics/3852 759
@/home/ec2-user/data/topics/2243 760
@/home/ec2-user/data/topics/3642 761
@/home/ec2-user/data/topics/4350 762
@/home/ec2-user/data/topics/3445 763
@/home/ec2-user/data/topics/3376 764
@/home/ec2-user/data/topics/1802 765
@/home/ec2-user/data/topics/1438 766
@/home/ec2-user/data/topics/3438 767
@/home/ec2-user/data/topics/3430 768
@/home/ec2-user/data/topics/1847 769
@/home/ec2-user/data/topics/1961 770
@/home/ec2-user/data/topics/1631 771
@/home/ec2-user/data/topics/3967 772
@/home/ec2-user/data/topics/3737 773
@/home/ec2-user/data/topics/3434 774
@/home/ec2-user/data/topics/3843 775
@/home/ec2-user/data/topics/4948 776
@/home/ec2-user/data/topics/1590 777
@/home/ec2-user/data/topics/1455 778
@/home/ec2-user/data/topics/4020 779
@/home/ec2-user/data/topics/3374 780
@/home/ec2-user/data/topics/1216 781
@/home/ec2-user/data/topics/3410 782
@/home/ec2-user/data/topics/4610 783
@/home/ec2-user/data/topics/1848 784
@/home/ec2-user/data/topics/3441 785
三洋電機株式会社

@/home/ec2-user/data/topics/1479 786
@/home/ec2-user/data/topics/4179 786
@/home/ec2-user/data/topics/4066 787
@/home/ec2-user/data/topics/3817 788
@/home/ec2-user/data/topics/3403 789
@/home/ec2-user/data/topics/3492 790
@/home/ec2-user/data/topics/1386 791
@/home/ec2-user/data/topics/1652 792
@/home/ec2-user/data/topics/1515 793
@/home/ec2-user/data/topics/5011 794
@/home/ec2-user/data/topics/3953 795
@/home/ec2-user/data/topics/3986 796
@/home/ec2-user/data/topics/4720 797
@/home/ec2-user/data/topics/4983 798
@/home/ec2-user/data/topics/4060 799
@/home/ec2-user/data/topics/4384 800
@/home/ec2-user/data/topics/4960 801
@/home/ec2-user/data/topics/4039 802
@/home/ec2-user/data/topics/1321 803
@/home/ec2-user/data/topics/4604 804
@/home/ec2-user/data/topics/4212 805
@/home/ec2-user/data/topics/4304 806
@/home/ec2-user/data/topics/4376 807
@/home/ec2-user/data/topics/3491 808
@/home/ec2-user/data/topics/3625 809
@/home/ec2-user/data/topics/1289 810
@/home/ec2-user/data/topics/2054 811
@/home/ec2-user/data/topics/1488 812
@/home/ec2-user/data/topics/4763 813
@/home/ec2-user/data/topics/3804 814
@/home/ec2-user/data/topics/1671 815
@/home/ec2-user/data/topics/2230 816
@/home/ec2-user/data/topics/3859 817
@/home/ec2-user/data/topics/4978 818
@/home/ec2-user/data/topics/3581 819
@/home/ec2-user/data/topics/1451 820
@/home/ec2-user/data/topics/3906 821
@/home/ec2-user/data/topics/3398 822
@/home/ec2-user/data/topics/3830 823
@/home/ec2-user/data/topics/3781 824
@/home/ec2-user/data/topics/2014 825
@/home/ec2-user/data/topics/1980 826
@/home/ec2-user/data/topics/1653 827
@/home/ec2-user/data/topics/3754 828
@/home/ec2-user/data/topics/1246 829
@/home/ec2-user/data/topics/3681 830
@/home/ec2-user/data/topics/1079 831
@/home/ec2-user/data/topics/4474 832
@/home/ec2-user/data/topics/3539 833
@/home/ec2-user/data/topics/3926 834
@/home/ec2-user/data/topics/3845 835
@/home/ec2-user/data/topics/4178 836
@/home/ec2-user/data/topics/4001 837
@/home/ec2-user/data/topics/4679 838
@/home/ec2-user/data/topics/5002 839
@/home/ec2-user/data/topics/4301 840
@/home/ec2-user/data/topics/3808 841
@/home/ec2-user/data/topics/4015 842
@/home/ec2-user/data/topics/4527 843
@/home/ec2-user/data/topics/3708 844
@/home/ec2-user/data/topics/4099 845
@/home/ec2-user/data/topics/4571 846
@/home/ec2-user/data/topics/4788 847
@/home/ec2-user/data/topics/2194 848
@/home/ec2-user/data/topics/4492 849
@/home/ec2-user/data/topics/2063 850
@/home/ec2-user/data/topics/2071 851
@/home/ec2-user/data/topics/4726 852
@/home/ec2-user/data/topics/4612 853
@/home/ec2-user/data/topics/4150 854
@/home/ec2-user/data/topics/4837 855
@/home/ec2-user/data/topics/4061 856
@/home/ec2-user/data/topics/1722 857
@/home/ec2-user/data/topics/4654 858
@/home/ec2-user/data/topics/1163 859
@/home/ec2-user/data/topics/2098 860
@/home/ec2-user/data/topics/3974 861
@/home/ec2-user/data/topics/3889 862
@/home/ec2-user/data/topics/4328 863
三菱電機株式会社

@/home/ec2-user/data/topics/3774 864
@/home/ec2-user/data/topics/3469 864
@/home/ec2-user/data/topics/4282 865
@/home/ec2-user/data/topics/4221 866
@/home/ec2-user/data/topics/4305 867
@/home/ec2-user/data/topics/4880 868
@/home/ec2-user/data/topics/3453 869
@/home/ec2-user/data/topics/4220 870
@/home/ec2-user/data/topics/1738 871
@/home/ec2-user/data/topics/3493 872
@/home/ec2-user/data/topics/1872 873
@/home/ec2-user/data/topics/3747 874
@/home/ec2-user/data/topics/3820 875
@/home/ec2-user/data/topics/4663 876
@/home/ec2-user/data/topics/1220 877
@/home/ec2-user/data/topics/1754 878
@/home/ec2-user/data/topics/3963 879
@/home/ec2-user/data/topics/3506 880
@/home/ec2-user/data/topics/4614 881
@/home/ec2-user/data/topics/4235 882
@/home/ec2-user/data/topics/3412 883
@/home/ec2-user/data/topics/1536 884
@/home/ec2-user/data/topics/4518 885
@/home/ec2-user/data/topics/3490 886
@/home/ec2-user/data/topics/4562 887
@/home/ec2-user/data/topics/3451 888
@/home/ec2-user/data/topics/1792 889
@/home/ec2-user/data/topics/4834 890
@/home/ec2-user/data/topics/4514 891
@/home/ec2-user/data/topics/3856 892
@/home/ec2-user/data/topics/3616 893
@/home/ec2-user/data/topics/5033 894
@/home/ec2-user/data/topics/2146 895
@/home/ec2-user/data/topics/3397 896
@/home/ec2-user/data/topics/3592 897
@/home/ec2-user/data/topics/4980 898
@/home/ec2-user/data/topics/3612 899
@/home/ec2-user/data/topics/1110 900
@/home/ec2-user/data/topics/4181 901
@/home/ec2-user/data/topics/3841 902
@/home/ec2-user/data/topics/4149 903
@/home/ec2-user/data/topics/4233 904
@/home/ec2-user/data/topics/3595 905
@/home/ec2-user/data/topics/4076 906
@/home/ec2-user/data/topics/3873 907
@/home/ec2-user/data/topics/4552 908
@/home/ec2-user/data/topics/3921 909
@/home/ec2-user/data/topics/3409 910
@/home/ec2-user/data/topics/4419 911
@/home/ec2-user/data/topics/3465 912
@/home/ec2-user/data/topics/5032 913
@/home/ec2-user/data/topics/4047 914
@/home/ec2-user/data/topics/3666 915
@/home/ec2-user/data/topics/3466 916
@/home/ec2-user/data/topics/3800 917
@/home/ec2-user/data/topics/3609 918
@/home/ec2-user/data/topics/4133 919
@/home/ec2-user/data/topics/4041 920
住友ゴム工業株式会社

@/home/ec2-user/data/topics/4568 921
@/home/ec2-user/data/topics/4048 921
@/home/ec2-user/data/topics/4597 922
@/home/ec2-user/data/topics/1758 923
@/home/ec2-user/data/topics/1114 924
@/home/ec2-user/data/topics/4406 925
@/home/ec2-user/data/topics/2007 926
セイコーエプソン株式会社

@/home/ec2-user/data/topics/1641 927
@/home/ec2-user/data/topics/2165 927
@/home/ec2-user/data/topics/4022 928
@/home/ec2-user/data/topics/3819 929
@/home/ec2-user/data/topics/3589 930
@/home/ec2-user/data/topics/3910 931
@/home/ec2-user/data/topics/4585 932
@/home/ec2-user/data/topics/1938 933
@/home/ec2-user/data/topics/3985 934
@/home/ec2-user/data/topics/1890 935
@/home/ec2-user/data/topics/4454 936
@/home/ec2-user/data/topics/4801 937
@/home/ec2-user/data/topics/4719 938
@/home/ec2-user/data/topics/1343 939
@/home/ec2-user/data/topics/1378 940
@/home/ec2-user/data/topics/3505 941
@/home/ec2-user/data/topics/3476 942
@/home/ec2-user/data/topics/4802 943
@/home/ec2-user/data/topics/3887 944
@/home/ec2-user/data/topics/4386 945
@/home/ec2-user/data/topics/1484 946
@/home/ec2-user/data/topics/2078 947
@/home/ec2-user/data/topics/4109 948
@/home/ec2-user/data/topics/3361 949
@/home/ec2-user/data/topics/1423 950
@/home/ec2-user/data/topics/4605 951
株式会社三共

@/home/ec2-user/data/topics/4374 952
@/home/ec2-user/data/topics/1377 952
@/home/ec2-user/data/topics/1665 953
@/home/ec2-user/data/topics/2123 954
@/home/ec2-user/data/topics/1086 955
@/home/ec2-user/data/topics/1648 956
@/home/ec2-user/data/topics/2060 957
@/home/ec2-user/data/topics/1189 958
@/home/ec2-user/data/topics/4868 959
沖電気工業株式会社

@/home/ec2-user/data/topics/3395 960
@/home/ec2-user/data/topics/1188 960
@/home/ec2-user/data/topics/3457 961
@/home/ec2-user/data/topics/3433 962
@/home/ec2-user/data/topics/4575 963
@/home/ec2-user/data/topics/3690 964
@/home/ec2-user/data/topics/4308 965
@/home/ec2-user/data/topics/1531 966
@/home/ec2-user/data/topics/3621 967
@/home/ec2-user/data/topics/3571 968
@/home/ec2-user/data/topics/4693 969
@/home/ec2-user/data/topics/3964 970
@/home/ec2-user/data/topics/3764 971
@/home/ec2-user/data/topics/4299 972
株式会社三星

@/home/ec2-user/data/topics/1733 973
@/home/ec2-user/data/topics/1260 973
@/home/ec2-user/data/topics/2108 974
@/home/ec2-user/data/topics/3942 975
@/home/ec2-user/data/topics/2198 976
@/home/ec2-user/data/topics/1728 977
日本ビクター株式会社

@/home/ec2-user/data/topics/3603 978
@/home/ec2-user/data/topics/1520 978
@/home/ec2-user/data/topics/3939 979
@/home/ec2-user/data/topics/4672 980
@/home/ec2-user/data/topics/4123 981
@/home/ec2-user/data/topics/1389 982
@/home/ec2-user/data/topics/4056 983
@/home/ec2-user/data/topics/3620 984
@/home/ec2-user/data/topics/1440 985
@/home/ec2-user/data/topics/1823 986
@/home/ec2-user/data/topics/3882 987
花王株式会社

@/home/ec2-user/data/topics/3812 988
@/home/ec2-user/data/topics/4287 988
@/home/ec2-user/data/topics/2214 989
@/home/ec2-user/data/topics/3999 990
@/home/ec2-user/data/topics/4249 991
@/home/ec2-user/data/topics/3753 992
@/home/ec2-user/data/topics/1022 993
@/home/ec2-user/data/topics/3884 994
@/home/ec2-user/data/topics/4211 995
@/home/ec2-user/data/topics/4827 996
@/home/ec2-user/data/topics/1767 997
@/home/ec2-user/data/topics/1196 998
@/home/ec2-user/data/topics/4445 999
三田工業株式会社

@/home/ec2-user/data/topics/3604 1000
@/home/ec2-user/data/topics/1034 1000
@/home/ec2-user/data/topics/1766 1001
@/home/ec2-user/data/topics/3842 1002
@/home/ec2-user/data/topics/2155 1003
@/home/ec2-user/data/topics/2136 1004
@/home/ec2-user/data/topics/3923 1005
@/home/ec2-user/data/topics/1269 1006
@/home/ec2-user/data/topics/1033 1007
豊丸産業株式会社

@/home/ec2-user/data/topics/1126 1008
@/home/ec2-user/data/topics/1726 1008
@/home/ec2-user/data/topics/1353 1009
@/home/ec2-user/data/topics/3672 1010
@/home/ec2-user/data/topics/4847 1011
@/home/ec2-user/data/topics/1138 1012
@/home/ec2-user/data/topics/1284 1013
@/home/ec2-user/data/topics/2169 1014
@/home/ec2-user/data/topics/1677 1015
@/home/ec2-user/data/topics/1401 1016
@/home/ec2-user/data/topics/1588 1017
@/home/ec2-user/data/topics/1097 1018
@/home/ec2-user/data/topics/1914 1019
@/home/ec2-user/data/topics/2011 1020
@/home/ec2-user/data/topics/1713 1021
鐘紡株式会社

@/home/ec2-user/data/topics/1178 1022
@/home/ec2-user/data/topics/3551 1022
@/home/ec2-user/data/topics/1367 1023
@/home/ec2-user/data/topics/3566 1024
@/home/ec2-user/data/topics/2034 1025
@/home/ec2-user/data/topics/3634 1026
@/home/ec2-user/data/topics/2223 1027
@/home/ec2-user/data/topics/1842 1028
@/home/ec2-user/data/topics/1304 1029
@/home/ec2-user/data/topics/1054 1030
@/home/ec2-user/data/topics/4195 1031
@/home/ec2-user/data/topics/1870 1032
@/home/ec2-user/data/topics/2185 1033
@/home/ec2-user/data/topics/1901 1034
@/home/ec2-user/data/topics/1886 1035
@/home/ec2-user/data/topics/3560 1036
株式会社デンソー

@/home/ec2-user/data/topics/3406 1037
@/home/ec2-user/data/topics/1028 1037
@/home/ec2-user/data/topics/4164 1038
@/home/ec2-user/data/topics/4840 1039
@/home/ec2-user/data/topics/4483 1040
@/home/ec2-user/data/topics/1855 1041
@/home/ec2-user/data/topics/4423 1042
@/home/ec2-user/data/topics/4498 1043
@/home/ec2-user/data/topics/4046 1044
@/home/ec2-user/data/topics/3710 1045
@/home/ec2-user/data/topics/4675 1046
@/home/ec2-user/data/topics/3480 1047
@/home/ec2-user/data/topics/4656 1048
@/home/ec2-user/data/topics/4024 1049
@/home/ec2-user/data/topics/3421 1050
@/home/ec2-user/data/topics/4805 1051
@/home/ec2-user/data/topics/4622 1052
富士写真フイルム株式会社

@/home/ec2-user/data/topics/4962 1053
@/home/ec2-user/data/topics/1570 1053
@/home/ec2-user/data/topics/2134 1054
@/home/ec2-user/data/topics/3447 1055
@/home/ec2-user/data/topics/1603 1056
@/home/ec2-user/data/topics/3911 1057
@/home/ec2-user/data/topics/3354 1058
@/home/ec2-user/data/topics/3918 1059
@/home/ec2-user/data/topics/1244 1060
@/home/ec2-user/data/topics/3857 1061
@/home/ec2-user/data/topics/1662 1062
京セラ株式会社

@/home/ec2-user/data/topics/4513 1063
@/home/ec2-user/data/topics/3869 1063
@/home/ec2-user/data/topics/3593 1064
@/home/ec2-user/data/topics/4031 1065
@/home/ec2-user/data/topics/1485 1066
@/home/ec2-user/data/topics/3741 1067
@/home/ec2-user/data/topics/4340 1068
@/home/ec2-user/data/topics/3615 1069
@/home/ec2-user/data/topics/4901 1070
@/home/ec2-user/data/topics/1708 1071
@/home/ec2-user/data/topics/1741 1072
@/home/ec2-user/data/topics/1913 1073
イビデン株式会社

@/home/ec2-user/data/topics/1682 1074
@/home/ec2-user/data/topics/1315 1074
@/home/ec2-user/data/topics/1952 1075
@/home/ec2-user/data/topics/1336 1076
@/home/ec2-user/data/topics/2033 1077
@/home/ec2-user/data/topics/1770 1078
@/home/ec2-user/data/topics/3814 1079
株式会社東芝

@/home/ec2-user/data/topics/3689 1080
@/home/ec2-user/data/topics/4535 1080
@/home/ec2-user/data/topics/3542 1081
@/home/ec2-user/data/topics/1757 1082
@/home/ec2-user/data/topics/4566 1083
@/home/ec2-user/data/topics/1132 1084
@/home/ec2-user/data/topics/3834 1085
@/home/ec2-user/data/topics/3732 1086
@/home/ec2-user/data/topics/1332 1087
@/home/ec2-user/data/topics/3881 1088
@/home/ec2-user/data/topics/3352 1089
@/home/ec2-user/data/topics/2241 1090
@/home/ec2-user/data/topics/4183 1091
@/home/ec2-user/data/topics/3351 1092
@/home/ec2-user/data/topics/3683 1093
@/home/ec2-user/data/topics/3990 1094
@/home/ec2-user/data/topics/4381 1095
@/home/ec2-user/data/topics/4057 1096
@/home/ec2-user/data/topics/4509 1097
@/home/ec2-user/data/topics/4197 1098
@/home/ec2-user/data/topics/4302 1099
@/home/ec2-user/data/topics/4842 1100
@/home/ec2-user/data/topics/4096 1101
@/home/ec2-user/data/topics/1205 1102
@/home/ec2-user/data/topics/3462 1103
@/home/ec2-user/data/topics/3360 1104
@/home/ec2-user/data/topics/3598 1105
@/home/ec2-user/data/topics/4089 1106
@/home/ec2-user/data/topics/3780 1107
@/home/ec2-user/data/topics/4623 1108
@/home/ec2-user/data/topics/3363 1109
@/home/ec2-user/data/topics/3618 1110
@/home/ec2-user/data/topics/3795 1111
@/home/ec2-user/data/topics/1090 1112
@/home/ec2-user/data/topics/4935 1113
@/home/ec2-user/data/topics/1997 1114
@/home/ec2-user/data/topics/4631 1115
@/home/ec2-user/data/topics/1756 1116
@/home/ec2-user/data/topics/4140 1117
@/home/ec2-user/data/topics/4172 1118
@/home/ec2-user/data/topics/4751 1119
@/home/ec2-user/data/topics/4292 1120
@/home/ec2-user/data/topics/3734 1121
@/home/ec2-user/data/topics/3851 1122
@/home/ec2-user/data/topics/1585 1123
@/home/ec2-user/data/topics/4863 1124
@/home/ec2-user/data/topics/3988 1125
@/home/ec2-user/data/topics/4165 1126
@/home/ec2-user/data/topics/3688 1127
@/home/ec2-user/data/topics/4755 1128
@/home/ec2-user/data/topics/4009 1129
@/home/ec2-user/data/topics/3716 1130
@/home/ec2-user/data/topics/4336 1131
@/home/ec2-user/data/topics/4881 1132
@/home/ec2-user/data/topics/4594 1133
@/home/ec2-user/data/topics/3948 1134
@/home/ec2-user/data/topics/3380 1135
@/home/ec2-user/data/topics/4361 1136
@/home/ec2-user/data/topics/4912 1137
@/home/ec2-user/data/topics/1819 1138
@/home/ec2-user/data/topics/3890 1139
ヤマハ株式会社

@/home/ec2-user/data/topics/1911 1140
@/home/ec2-user/data/topics/1443 1140
@/home/ec2-user/data/topics/4010 1141
@/home/ec2-user/data/topics/3972 1142
@/home/ec2-user/data/topics/4145 1143
@/home/ec2-user/data/topics/4177 1144
@/home/ec2-user/data/topics/4919 1145
@/home/ec2-user/data/topics/4084 1146
@/home/ec2-user/data/topics/1676 1147
@/home/ec2-user/data/topics/4045 1148
@/home/ec2-user/data/topics/4125 1149
@/home/ec2-user/data/topics/4954 1150
@/home/ec2-user/data/topics/1720 1151
東洋紡績株式会社

@/home/ec2-user/data/topics/1613 1152
@/home/ec2-user/data/topics/3769 1152
@/home/ec2-user/data/topics/1029 1153
@/home/ec2-user/data/topics/4366 1154
@/home/ec2-user/data/topics/4284 1155
@/home/ec2-user/data/topics/4362 1156
三菱化学株式会社

@/home/ec2-user/data/topics/1197 1157
@/home/ec2-user/data/topics/3458 1157
@/home/ec2-user/data/topics/1699 1158
@/home/ec2-user/data/topics/3513 1159
@/home/ec2-user/data/topics/1902 1160
@/home/ec2-user/data/topics/3638 1161
カシオ計算機株式会社

@/home/ec2-user/data/topics/1368 1162
@/home/ec2-user/data/topics/1794 1162
@/home/ec2-user/data/topics/2237 1163
@/home/ec2-user/data/topics/1535 1164
@/home/ec2-user/data/topics/1235 1165
@/home/ec2-user/data/topics/2180 1166
@/home/ec2-user/data/topics/3391 1167
@/home/ec2-user/data/topics/1047 1168
コナミ株式会社

@/home/ec2-user/data/topics/2151 1169
@/home/ec2-user/data/topics/2100 1169
@/home/ec2-user/data/topics/5015 1170
@/home/ec2-user/data/topics/1672 1171
@/home/ec2-user/data/topics/1621 1172
@/home/ec2-user/data/topics/4681 1173
@/home/ec2-user/data/topics/1302 1174
@/home/ec2-user/data/topics/4602 1175
大日本スクリーン製造株式会社

@/home/ec2-user/data/topics/2172 1176
@/home/ec2-user/data/topics/1130 1176
@/home/ec2-user/data/topics/1779 1177
@/home/ec2-user/data/topics/1608 1178
@/home/ec2-user/data/topics/2209 1179
@/home/ec2-user/data/topics/1173 1180
@/home/ec2-user/data/topics/3742 1181
オムロン株式会社

@/home/ec2-user/data/topics/1657 1182
@/home/ec2-user/data/topics/1533 1182
@/home/ec2-user/data/topics/3597 1183
@/home/ec2-user/data/topics/3700 1184
@/home/ec2-user/data/topics/1067 1185
@/home/ec2-user/data/topics/4771 1186
@/home/ec2-user/data/topics/3748 1187
@/home/ec2-user/data/topics/1933 1188
@/home/ec2-user/data/topics/1151 1189
@/home/ec2-user/data/topics/1841 1190
@/home/ec2-user/data/topics/3863 1191
@/home/ec2-user/data/topics/2096 1192
@/home/ec2-user/data/topics/3594 1193
@/home/ec2-user/data/topics/1579 1194
@/home/ec2-user/data/topics/1135 1195
株式会社日立製作所

@/home/ec2-user/data/topics/4990 1196
@/home/ec2-user/data/topics/1882 1196
@/home/ec2-user/data/topics/4545 1197
@/home/ec2-user/data/topics/3965 1198
@/home/ec2-user/data/topics/3994 1199
@/home/ec2-user/data/topics/1833 1200
@/home/ec2-user/data/topics/4799 1201
@/home/ec2-user/data/topics/3968 1202
@/home/ec2-user/data/topics/5029 1203
@/home/ec2-user/data/topics/3599 1204
@/home/ec2-user/data/topics/4830 1205
@/home/ec2-user/data/topics/1640 1206
@/home/ec2-user/data/topics/1693 1207
@/home/ec2-user/data/topics/3691 1208
@/home/ec2-user/data/topics/3779 1209
@/home/ec2-user/data/topics/3350 1210
@/home/ec2-user/data/topics/3488 1211
@/home/ec2-user/data/topics/4401 1212
@/home/ec2-user/data/topics/5030 1213
@/home/ec2-user/data/topics/3471 1214
@/home/ec2-user/data/topics/2184 1215
@/home/ec2-user/data/topics/3665 1216
@/home/ec2-user/data/topics/3524 1217
@/home/ec2-user/data/topics/1463 1218
@/home/ec2-user/data/topics/4058 1219
@/home/ec2-user/data/topics/1249 1220
@/home/ec2-user/data/topics/3588 1221
@/home/ec2-user/data/topics/1072 1222
@/home/ec2-user/data/topics/1487 1223
@/home/ec2-user/data/topics/1105 1224
@/home/ec2-user/data/topics/4559 1225
@/home/ec2-user/data/topics/4489 1226
@/home/ec2-user/data/topics/1340 1227
@/home/ec2-user/data/topics/2019 1228
@/home/ec2-user/data/topics/3772 1229
@/home/ec2-user/data/topics/1082 1230
@/home/ec2-user/data/topics/3531 1231
@/home/ec2-user/data/topics/1825 1232
@/home/ec2-user/data/topics/3706 1233
@/home/ec2-user/data/topics/3440 1234
@/home/ec2-user/data/topics/1296 1235
@/home/ec2-user/data/topics/1826 1236
@/home/ec2-user/data/topics/4551 1237
@/home/ec2-user/data/topics/4122 1238
@/home/ec2-user/data/topics/4420 1239
@/home/ec2-user/data/topics/4547 1240
@/home/ec2-user/data/topics/3439 1241
@/home/ec2-user/data/topics/3659 1242
@/home/ec2-user/data/topics/1667 1243
@/home/ec2-user/data/topics/1562 1244
@/home/ec2-user/data/topics/1880 1245
@/home/ec2-user/data/topics/3461 1246
@/home/ec2-user/data/topics/3570 1247
@/home/ec2-user/data/topics/4166 1248
@/home/ec2-user/data/topics/3384 1249
@/home/ec2-user/data/topics/1334 1250
@/home/ec2-user/data/topics/4402 1251
@/home/ec2-user/data/topics/3648 1252
@/home/ec2-user/data/topics/4493 1253
@/home/ec2-user/data/topics/1278 1254
@/home/ec2-user/data/topics/3822 1255
@/home/ec2-user/data/topics/2081 1256
@/home/ec2-user/data/topics/1987 1257
@/home/ec2-user/data/topics/1247 1258
@/home/ec2-user/data/topics/3432 1259
@/home/ec2-user/data/topics/4943 1260
@/home/ec2-user/data/topics/4040 1261
@/home/ec2-user/data/topics/3973 1262
@/home/ec2-user/data/topics/3596 1263
@/home/ec2-user/data/topics/3993 1264
@/home/ec2-user/data/topics/1501 1265
@/home/ec2-user/data/topics/1651 1266
@/home/ec2-user/data/topics/4621 1267
@/home/ec2-user/data/topics/2239 1268
凸版印刷株式会社

@/home/ec2-user/data/topics/3624 1269
@/home/ec2-user/data/topics/1765 1269
@/home/ec2-user/data/topics/1091 1270
@/home/ec2-user/data/topics/3500 1271
@/home/ec2-user/data/topics/3526 1272
@/home/ec2-user/data/topics/1977 1273
@/home/ec2-user/data/topics/4874 1274
株式会社ノーリツ

@/home/ec2-user/data/topics/1598 1275
@/home/ec2-user/data/topics/4206 1275
@/home/ec2-user/data/topics/1618 1276
@/home/ec2-user/data/topics/1290 1277
@/home/ec2-user/data/topics/1760 1278
@/home/ec2-user/data/topics/2116 1279
@/home/ec2-user/data/topics/4776 1280
@/home/ec2-user/data/topics/4354 1281
川崎重工業株式会社

@/home/ec2-user/data/topics/4793 1282
@/home/ec2-user/data/topics/1172 1282
@/home/ec2-user/data/topics/5025 1283
@/home/ec2-user/data/topics/4866 1284
@/home/ec2-user/data/topics/4944 1285
@/home/ec2-user/data/topics/1162 1286
@/home/ec2-user/data/topics/4756 1287
@/home/ec2-user/data/topics/4572 1288
ティーディーケイ株式会社

@/home/ec2-user/data/topics/4619 1289
@/home/ec2-user/data/topics/2210 1289
@/home/ec2-user/data/topics/1409 1290
@/home/ec2-user/data/topics/1129 1291
@/home/ec2-user/data/topics/3792 1292
@/home/ec2-user/data/topics/3909 1293
@/home/ec2-user/data/topics/2202 1294
@/home/ec2-user/data/topics/1510 1295
@/home/ec2-user/data/topics/3798 1296
京セラミタ株式会社

@/home/ec2-user/data/topics/4973 1297
@/home/ec2-user/data/topics/4985 1297
@/home/ec2-user/data/topics/4564 1298
@/home/ec2-user/data/topics/2141 1299
@/home/ec2-user/data/topics/1032 1300
@/home/ec2-user/data/topics/1930 1301
@/home/ec2-user/data/topics/4174 1302
株式会社クボタ

@/home/ec2-user/data/topics/1280 1303
@/home/ec2-user/data/topics/4379 1303
@/home/ec2-user/data/topics/4745 1304
@/home/ec2-user/data/topics/3823 1305
@/home/ec2-user/data/topics/1448 1306
@/home/ec2-user/data/topics/3854 1307
@/home/ec2-user/data/topics/3919 1308
@/home/ec2-user/data/topics/1734 1309
@/home/ec2-user/data/topics/4251 1310
