2016-12-24 08:47:15.316708

topic-folder:/home/ec2-user/data/topics/
cl-file:/home/ec2-user/git/tfidf/result-new/b3-3.txt
cl-floder:/home/ec2-user/data/ldaclass-32-2000-top10000/
zipf:0.2
stype[0(tfidf)/1(tfidf2)/2(lsa)/3(lda)]:3
dtype[<0(diff*rand)/0(diff)/1(same)/>=2(diff*same)]:0
output-floder:/home/ec2-user/git/userquery/result

三菱マテリアル株式会社

@/home/ec2-user/data/topics/2093 0
@/home/ec2-user/data/topics/3470 0
@/home/ec2-user/data/topics/3630 1
@/home/ec2-user/data/topics/3520 2
@/home/ec2-user/data/topics/1085 3
@/home/ec2-user/data/topics/3546 4
@/home/ec2-user/data/topics/1638 5
@/home/ec2-user/data/topics/3866 6
日本精機株式会社

@/home/ec2-user/data/topics/4907 7
@/home/ec2-user/data/topics/4875 7
@/home/ec2-user/data/topics/4972 8
@/home/ec2-user/data/topics/4709 9
@/home/ec2-user/data/topics/4690 10
@/home/ec2-user/data/topics/1398 11
コニカ株式会社

@/home/ec2-user/data/topics/3418 12
@/home/ec2-user/data/topics/3370 12
@/home/ec2-user/data/topics/3533 13
@/home/ec2-user/data/topics/3357 14
@/home/ec2-user/data/topics/1946 15
@/home/ec2-user/data/topics/3486 16
@/home/ec2-user/data/topics/3419 17
@/home/ec2-user/data/topics/3431 18
@/home/ec2-user/data/topics/3414 19
@/home/ec2-user/data/topics/2162 20
@/home/ec2-user/data/topics/3426 21
埼玉日本電気株式会社

@/home/ec2-user/data/topics/4283 22
@/home/ec2-user/data/topics/4242 22
@/home/ec2-user/data/topics/1512 23
@/home/ec2-user/data/topics/4468 24
@/home/ec2-user/data/topics/4279 25
@/home/ec2-user/data/topics/5010 26
@/home/ec2-user/data/topics/4496 27
@/home/ec2-user/data/topics/4998 28
@/home/ec2-user/data/topics/1620 29
アルプス電気株式会社

@/home/ec2-user/data/topics/2089 30
@/home/ec2-user/data/topics/1434 30
@/home/ec2-user/data/topics/4791 31
@/home/ec2-user/data/topics/1253 32
@/home/ec2-user/data/topics/3582 33
@/home/ec2-user/data/topics/3429 34
@/home/ec2-user/data/topics/2012 35
三菱重工業株式会社

@/home/ec2-user/data/topics/3637 36
@/home/ec2-user/data/topics/3503 36
@/home/ec2-user/data/topics/4563 37
@/home/ec2-user/data/topics/3833 38
@/home/ec2-user/data/topics/5022 39
@/home/ec2-user/data/topics/4862 40
@/home/ec2-user/data/topics/3944 41
@/home/ec2-user/data/topics/3529 42
@/home/ec2-user/data/topics/4687 43
@/home/ec2-user/data/topics/3591 44
@/home/ec2-user/data/topics/4882 45
@/home/ec2-user/data/topics/4412 46
村田機械株式会社

@/home/ec2-user/data/topics/1074 47
@/home/ec2-user/data/topics/4596 47
@/home/ec2-user/data/topics/4746 48
@/home/ec2-user/data/topics/3528 49
@/home/ec2-user/data/topics/4645 50
@/home/ec2-user/data/topics/5000 51
@/home/ec2-user/data/topics/4835 52
@/home/ec2-user/data/topics/1511 53
@/home/ec2-user/data/topics/4638 54
@/home/ec2-user/data/topics/4565 55
@/home/ec2-user/data/topics/4570 56
@/home/ec2-user/data/topics/3740 57
@/home/ec2-user/data/topics/4441 58
@/home/ec2-user/data/topics/4941 59
@/home/ec2-user/data/topics/1293 60
@/home/ec2-user/data/topics/4556 61
@/home/ec2-user/data/topics/1607 62
川崎製鉄株式会社

@/home/ec2-user/data/topics/3611 63
@/home/ec2-user/data/topics/3929 63
@/home/ec2-user/data/topics/3413 64
@/home/ec2-user/data/topics/3532 65
@/home/ec2-user/data/topics/3483 66
@/home/ec2-user/data/topics/4615 67
@/home/ec2-user/data/topics/1459 68
@/home/ec2-user/data/topics/1037 69
@/home/ec2-user/data/topics/3553 70
ダイキン工業株式会社

@/home/ec2-user/data/topics/3888 71
@/home/ec2-user/data/topics/1565 71
@/home/ec2-user/data/topics/4515 72
@/home/ec2-user/data/topics/4753 73
@/home/ec2-user/data/topics/4367 74
@/home/ec2-user/data/topics/4858 75
@/home/ec2-user/data/topics/1600 76
@/home/ec2-user/data/topics/4400 77
@/home/ec2-user/data/topics/4845 78
@/home/ec2-user/data/topics/4701 79
@/home/ec2-user/data/topics/4734 80
三菱自動車工業株式会社

@/home/ec2-user/data/topics/1816 81
@/home/ec2-user/data/topics/4189 81
@/home/ec2-user/data/topics/2101 82
@/home/ec2-user/data/topics/3502 83
@/home/ec2-user/data/topics/1428 84
@/home/ec2-user/data/topics/3815 85
@/home/ec2-user/data/topics/1527 86
@/home/ec2-user/data/topics/3940 87
日産自動車株式会社

@/home/ec2-user/data/topics/4982 88
@/home/ec2-user/data/topics/4074 88
@/home/ec2-user/data/topics/3677 89
@/home/ec2-user/data/topics/3489 90
@/home/ec2-user/data/topics/3829 91
@/home/ec2-user/data/topics/3645 92
@/home/ec2-user/data/topics/3501 93
@/home/ec2-user/data/topics/3936 94
@/home/ec2-user/data/topics/3497 95
@/home/ec2-user/data/topics/3723 96
@/home/ec2-user/data/topics/3712 97
トヨタ自動車株式会社

@/home/ec2-user/data/topics/4633 98
@/home/ec2-user/data/topics/4647 98
@/home/ec2-user/data/topics/4298 99
@/home/ec2-user/data/topics/4008 100
@/home/ec2-user/data/topics/2111 101
@/home/ec2-user/data/topics/3725 102
@/home/ec2-user/data/topics/4426 103
@/home/ec2-user/data/topics/4144 104
@/home/ec2-user/data/topics/3783 105
@/home/ec2-user/data/topics/4543 106
@/home/ec2-user/data/topics/3758 107
@/home/ec2-user/data/topics/4030 108
@/home/ec2-user/data/topics/3731 109
@/home/ec2-user/data/topics/2218 110
@/home/ec2-user/data/topics/3587 111
@/home/ec2-user/data/topics/4346 112
@/home/ec2-user/data/topics/3699 113
@/home/ec2-user/data/topics/3356 114
@/home/ec2-user/data/topics/3481 115
@/home/ec2-user/data/topics/4920 116
@/home/ec2-user/data/topics/3943 117
@/home/ec2-user/data/topics/3405 118
@/home/ec2-user/data/topics/4064 119
@/home/ec2-user/data/topics/4767 120
@/home/ec2-user/data/topics/4617 121
@/home/ec2-user/data/topics/4658 122
@/home/ec2-user/data/topics/3671 123
@/home/ec2-user/data/topics/1551 124
@/home/ec2-user/data/topics/1494 125
オリンパス光学工業株式会社

@/home/ec2-user/data/topics/1835 126
@/home/ec2-user/data/topics/4013 126
@/home/ec2-user/data/topics/2026 127
@/home/ec2-user/data/topics/1107 128
@/home/ec2-user/data/topics/1869 129
@/home/ec2-user/data/topics/5006 130
@/home/ec2-user/data/topics/1739 131
@/home/ec2-user/data/topics/1981 132
@/home/ec2-user/data/topics/1586 133
@/home/ec2-user/data/topics/4007 134
@/home/ec2-user/data/topics/1155 135
@/home/ec2-user/data/topics/4878 136
ブラザー工業株式会社

@/home/ec2-user/data/topics/3613 137
@/home/ec2-user/data/topics/2086 137
@/home/ec2-user/data/topics/3507 138
@/home/ec2-user/data/topics/1697 139
@/home/ec2-user/data/topics/1636 140
@/home/ec2-user/data/topics/4548 141
@/home/ec2-user/data/topics/1300 142
@/home/ec2-user/data/topics/1164 143
@/home/ec2-user/data/topics/1076 144
@/home/ec2-user/data/topics/3789 145
@/home/ec2-user/data/topics/3477 146
@/home/ec2-user/data/topics/3686 147
@/home/ec2-user/data/topics/1183 148
@/home/ec2-user/data/topics/2085 149
@/home/ec2-user/data/topics/1906 150
富士通株式会社

@/home/ec2-user/data/topics/3400 151
@/home/ec2-user/data/topics/1998 151
@/home/ec2-user/data/topics/1264 152
@/home/ec2-user/data/topics/3912 153
@/home/ec2-user/data/topics/3970 154
@/home/ec2-user/data/topics/3749 155
@/home/ec2-user/data/topics/3802 156
@/home/ec2-user/data/topics/1271 157
@/home/ec2-user/data/topics/3862 158
@/home/ec2-user/data/topics/3799 159
@/home/ec2-user/data/topics/5004 160
@/home/ec2-user/data/topics/3538 161
@/home/ec2-user/data/topics/3883 162
@/home/ec2-user/data/topics/3962 163
@/home/ec2-user/data/topics/1874 164
@/home/ec2-user/data/topics/3399 165
@/home/ec2-user/data/topics/3751 166
@/home/ec2-user/data/topics/4191 167
@/home/ec2-user/data/topics/3846 168
@/home/ec2-user/data/topics/3765 169
@/home/ec2-user/data/topics/3381 170
@/home/ec2-user/data/topics/2227 171
@/home/ec2-user/data/topics/1547 172
@/home/ec2-user/data/topics/2216 173
@/home/ec2-user/data/topics/3636 174
@/home/ec2-user/data/topics/3428 175
@/home/ec2-user/data/topics/1609 176
@/home/ec2-user/data/topics/3460 177
@/home/ec2-user/data/topics/3850 178
@/home/ec2-user/data/topics/1123 179
@/home/ec2-user/data/topics/3870 180
@/home/ec2-user/data/topics/2215 181
静岡日本電気株式会社

@/home/ec2-user/data/topics/4531 182
@/home/ec2-user/data/topics/4326 182
@/home/ec2-user/data/topics/4314 183
@/home/ec2-user/data/topics/4365 184
@/home/ec2-user/data/topics/4250 185
@/home/ec2-user/data/topics/4507 186
住友重機械工業株式会社

@/home/ec2-user/data/topics/4854 187
@/home/ec2-user/data/topics/3868 187
@/home/ec2-user/data/topics/1553 188
@/home/ec2-user/data/topics/2039 189
@/home/ec2-user/data/topics/1373 190
@/home/ec2-user/data/topics/1900 191
@/home/ec2-user/data/topics/3952 192
@/home/ec2-user/data/topics/1019 193
@/home/ec2-user/data/topics/1505 194
大日本印刷株式会社

@/home/ec2-user/data/topics/1099 195
@/home/ec2-user/data/topics/1145 195
@/home/ec2-user/data/topics/3388 196
@/home/ec2-user/data/topics/3569 197
@/home/ec2-user/data/topics/1262 198
@/home/ec2-user/data/topics/1564 199
日本電気株式会社

@/home/ec2-user/data/topics/4281 200
@/home/ec2-user/data/topics/3875 200
@/home/ec2-user/data/topics/4247 201
@/home/ec2-user/data/topics/4142 202
@/home/ec2-user/data/topics/3766 203
@/home/ec2-user/data/topics/1326 204
@/home/ec2-user/data/topics/4775 205
@/home/ec2-user/data/topics/1112 206
@/home/ec2-user/data/topics/1500 207
@/home/ec2-user/data/topics/4338 208
@/home/ec2-user/data/topics/4892 209
@/home/ec2-user/data/topics/4446 210
@/home/ec2-user/data/topics/4759 211
@/home/ec2-user/data/topics/1867 212
@/home/ec2-user/data/topics/1016 213
@/home/ec2-user/data/topics/4414 214
@/home/ec2-user/data/topics/4158 215
@/home/ec2-user/data/topics/4100 216
@/home/ec2-user/data/topics/1457 217
@/home/ec2-user/data/topics/4185 218
@/home/ec2-user/data/topics/1923 219
@/home/ec2-user/data/topics/4785 220
@/home/ec2-user/data/topics/4643 221
@/home/ec2-user/data/topics/4267 222
@/home/ec2-user/data/topics/1879 223
@/home/ec2-user/data/topics/4278 224
@/home/ec2-user/data/topics/4318 225
@/home/ec2-user/data/topics/4497 226
@/home/ec2-user/data/topics/2144 227
@/home/ec2-user/data/topics/1101 228
@/home/ec2-user/data/topics/4240 229
@/home/ec2-user/data/topics/1791 230
@/home/ec2-user/data/topics/4433 231
@/home/ec2-user/data/topics/1973 232
@/home/ec2-user/data/topics/4689 233
@/home/ec2-user/data/topics/4137 234
@/home/ec2-user/data/topics/1116 235
@/home/ec2-user/data/topics/4216 236
@/home/ec2-user/data/topics/4186 237
@/home/ec2-user/data/topics/4388 238
@/home/ec2-user/data/topics/4460 239
@/home/ec2-user/data/topics/4902 240
@/home/ec2-user/data/topics/4003 241
@/home/ec2-user/data/topics/3729 242
@/home/ec2-user/data/topics/4477 243
@/home/ec2-user/data/topics/3956 244
@/home/ec2-user/data/topics/4458 245
@/home/ec2-user/data/topics/1199 246
@/home/ec2-user/data/topics/4578 247
@/home/ec2-user/data/topics/4613 248
@/home/ec2-user/data/topics/4310 249
@/home/ec2-user/data/topics/4343 250
@/home/ec2-user/data/topics/4116 251
@/home/ec2-user/data/topics/4940 252
@/home/ec2-user/data/topics/1052 253
@/home/ec2-user/data/topics/4227 254
@/home/ec2-user/data/topics/4595 255
@/home/ec2-user/data/topics/4721 256
@/home/ec2-user/data/topics/4246 257
@/home/ec2-user/data/topics/4584 258
@/home/ec2-user/data/topics/4258 259
@/home/ec2-user/data/topics/4537 260
@/home/ec2-user/data/topics/4429 261
@/home/ec2-user/data/topics/3896 262
@/home/ec2-user/data/topics/4153 263
@/home/ec2-user/data/topics/2119 264
@/home/ec2-user/data/topics/4092 265
@/home/ec2-user/data/topics/4816 266
@/home/ec2-user/data/topics/2127 267
@/home/ec2-user/data/topics/4725 268
@/home/ec2-user/data/topics/4850 269
@/home/ec2-user/data/topics/4442 270
@/home/ec2-user/data/topics/4315 271
@/home/ec2-user/data/topics/4750 272
@/home/ec2-user/data/topics/4204 273
@/home/ec2-user/data/topics/4808 274
@/home/ec2-user/data/topics/1710 275
@/home/ec2-user/data/topics/2088 276
@/home/ec2-user/data/topics/4119 277
@/home/ec2-user/data/topics/1948 278
@/home/ec2-user/data/topics/1281 279
@/home/ec2-user/data/topics/4288 280
@/home/ec2-user/data/topics/4093 281
@/home/ec2-user/data/topics/4162 282
@/home/ec2-user/data/topics/2031 283
@/home/ec2-user/data/topics/4319 284
@/home/ec2-user/data/topics/4561 285
@/home/ec2-user/data/topics/1624 286
@/home/ec2-user/data/topics/3995 287
@/home/ec2-user/data/topics/4243 288
@/home/ec2-user/data/topics/3865 289
@/home/ec2-user/data/topics/4273 290
@/home/ec2-user/data/topics/4171 291
@/home/ec2-user/data/topics/4097 292
@/home/ec2-user/data/topics/1567 293
@/home/ec2-user/data/topics/4598 294
@/home/ec2-user/data/topics/4718 295
@/home/ec2-user/data/topics/4533 296
@/home/ec2-user/data/topics/1724 297
@/home/ec2-user/data/topics/4682 298
@/home/ec2-user/data/topics/4063 299
@/home/ec2-user/data/topics/1844 300
@/home/ec2-user/data/topics/4876 301
@/home/ec2-user/data/topics/4128 302
@/home/ec2-user/data/topics/4651 303
@/home/ec2-user/data/topics/4699 304
@/home/ec2-user/data/topics/1523 305
@/home/ec2-user/data/topics/1773 306
@/home/ec2-user/data/topics/1815 307
@/home/ec2-user/data/topics/3971 308
@/home/ec2-user/data/topics/4236 309
@/home/ec2-user/data/topics/4192 310
@/home/ec2-user/data/topics/4440 311
@/home/ec2-user/data/topics/4646 312
@/home/ec2-user/data/topics/1122 313
@/home/ec2-user/data/topics/1612 314
@/home/ec2-user/data/topics/4536 315
@/home/ec2-user/data/topics/1634 316
@/home/ec2-user/data/topics/4081 317
@/home/ec2-user/data/topics/4275 318
@/home/ec2-user/data/topics/4665 319
@/home/ec2-user/data/topics/4257 320
@/home/ec2-user/data/topics/4168 321
@/home/ec2-user/data/topics/4418 322
@/home/ec2-user/data/topics/1937 323
@/home/ec2-user/data/topics/1078 324
@/home/ec2-user/data/topics/1364 325
@/home/ec2-user/data/topics/1852 326
@/home/ec2-user/data/topics/4434 327
@/home/ec2-user/data/topics/4276 328
@/home/ec2-user/data/topics/4650 329
@/home/ec2-user/data/topics/1764 330
@/home/ec2-user/data/topics/3954 331
@/home/ec2-user/data/topics/4389 332
@/home/ec2-user/data/topics/4764 333
@/home/ec2-user/data/topics/4360 334
@/home/ec2-user/data/topics/4404 335
@/home/ec2-user/data/topics/4209 336
@/home/ec2-user/data/topics/4480 337
@/home/ec2-user/data/topics/4490 338
@/home/ec2-user/data/topics/1557 339
@/home/ec2-user/data/topics/4486 340
@/home/ec2-user/data/topics/4120 341
@/home/ec2-user/data/topics/4371 342
@/home/ec2-user/data/topics/4207 343
@/home/ec2-user/data/topics/4603 344
@/home/ec2-user/data/topics/4626 345
@/home/ec2-user/data/topics/4749 346
@/home/ec2-user/data/topics/4359 347
@/home/ec2-user/data/topics/4728 348
@/home/ec2-user/data/topics/4254 349
@/home/ec2-user/data/topics/1661 350
@/home/ec2-user/data/topics/4154 351
@/home/ec2-user/data/topics/2022 352
@/home/ec2-user/data/topics/3938 353
@/home/ec2-user/data/topics/1595 354
@/home/ec2-user/data/topics/4342 355
@/home/ec2-user/data/topics/3724 356
@/home/ec2-user/data/topics/3744 357
@/home/ec2-user/data/topics/1783 358
@/home/ec2-user/data/topics/1891 359
@/home/ec2-user/data/topics/4708 360
@/home/ec2-user/data/topics/4644 361
@/home/ec2-user/data/topics/4659 362
@/home/ec2-user/data/topics/4398 363
@/home/ec2-user/data/topics/1100 364
@/home/ec2-user/data/topics/4530 365
@/home/ec2-user/data/topics/4696 366
@/home/ec2-user/data/topics/1383 367
@/home/ec2-user/data/topics/4320 368
@/home/ec2-user/data/topics/2150 369
@/home/ec2-user/data/topics/4549 370
@/home/ec2-user/data/topics/4309 371
@/home/ec2-user/data/topics/4532 372
@/home/ec2-user/data/topics/4634 373
@/home/ec2-user/data/topics/1362 374
@/home/ec2-user/data/topics/4138 375
@/home/ec2-user/data/topics/4196 376
@/home/ec2-user/data/topics/1044 377
@/home/ec2-user/data/topics/4760 378
@/home/ec2-user/data/topics/3897 379
@/home/ec2-user/data/topics/3767 380
@/home/ec2-user/data/topics/4427 381
@/home/ec2-user/data/topics/1486 382
@/home/ec2-user/data/topics/4824 383
@/home/ec2-user/data/topics/2166 384
@/home/ec2-user/data/topics/4238 385
@/home/ec2-user/data/topics/4352 386
@/home/ec2-user/data/topics/4447 387
@/home/ec2-user/data/topics/4770 388
@/home/ec2-user/data/topics/4062 389
@/home/ec2-user/data/topics/4666 390
@/home/ec2-user/data/topics/4779 391
@/home/ec2-user/data/topics/4134 392
@/home/ec2-user/data/topics/4393 393
@/home/ec2-user/data/topics/4609 394
@/home/ec2-user/data/topics/2041 395
@/home/ec2-user/data/topics/4260 396
@/home/ec2-user/data/topics/4485 397
@/home/ec2-user/data/topics/4313 398
@/home/ec2-user/data/topics/4926 399
@/home/ec2-user/data/topics/4390 400
@/home/ec2-user/data/topics/4877 401
@/home/ec2-user/data/topics/4244 402
@/home/ec2-user/data/topics/4657 403
@/home/ec2-user/data/topics/1360 404
@/home/ec2-user/data/topics/4838 405
@/home/ec2-user/data/topics/1928 406
@/home/ec2-user/data/topics/4071 407
@/home/ec2-user/data/topics/4082 408
@/home/ec2-user/data/topics/4742 409
@/home/ec2-user/data/topics/4272 410
@/home/ec2-user/data/topics/3853 411
@/home/ec2-user/data/topics/4129 412
@/home/ec2-user/data/topics/5034 413
@/home/ec2-user/data/topics/4300 414
@/home/ec2-user/data/topics/1464 415
@/home/ec2-user/data/topics/4017 416
@/home/ec2-user/data/topics/4425 417
@/home/ec2-user/data/topics/3886 418
松下電器産業株式会社

@/home/ec2-user/data/topics/4464 419
@/home/ec2-user/data/topics/3739 419
@/home/ec2-user/data/topics/1179 420
@/home/ec2-user/data/topics/4385 421
@/home/ec2-user/data/topics/3847 422
@/home/ec2-user/data/topics/1252 423
@/home/ec2-user/data/topics/3558 424
@/home/ec2-user/data/topics/2156 425
@/home/ec2-user/data/topics/1701 426
@/home/ec2-user/data/topics/3904 427
@/home/ec2-user/data/topics/3721 428
@/home/ec2-user/data/topics/4193 429
@/home/ec2-user/data/topics/1885 430
@/home/ec2-user/data/topics/4968 431
@/home/ec2-user/data/topics/1477 432
@/home/ec2-user/data/topics/4160 433
@/home/ec2-user/data/topics/1633 434
@/home/ec2-user/data/topics/4503 435
@/home/ec2-user/data/topics/4599 436
@/home/ec2-user/data/topics/1829 437
@/home/ec2-user/data/topics/4180 438
@/home/ec2-user/data/topics/4961 439
@/home/ec2-user/data/topics/1136 440
@/home/ec2-user/data/topics/1158 441
@/home/ec2-user/data/topics/3676 442
@/home/ec2-user/data/topics/3510 443
@/home/ec2-user/data/topics/1812 444
@/home/ec2-user/data/topics/4274 445
@/home/ec2-user/data/topics/4502 446
@/home/ec2-user/data/topics/3386 447
@/home/ec2-user/data/topics/1026 448
@/home/ec2-user/data/topics/4918 449
@/home/ec2-user/data/topics/2056 450
@/home/ec2-user/data/topics/1748 451
@/home/ec2-user/data/topics/4303 452
@/home/ec2-user/data/topics/2222 453
@/home/ec2-user/data/topics/4754 454
@/home/ec2-user/data/topics/4448 455
@/home/ec2-user/data/topics/4761 456
@/home/ec2-user/data/topics/4667 457
@/home/ec2-user/data/topics/1955 458
@/home/ec2-user/data/topics/4126 459
@/home/ec2-user/data/topics/4102 460
@/home/ec2-user/data/topics/4422 461
@/home/ec2-user/data/topics/4491 462
@/home/ec2-user/data/topics/3746 463
@/home/ec2-user/data/topics/1589 464
@/home/ec2-user/data/topics/4804 465
@/home/ec2-user/data/topics/4577 466
@/home/ec2-user/data/topics/4817 467
@/home/ec2-user/data/topics/3807 468
@/home/ec2-user/data/topics/4475 469
@/home/ec2-user/data/topics/4459 470
@/home/ec2-user/data/topics/3694 471
@/home/ec2-user/data/topics/3494 472
@/home/ec2-user/data/topics/1257 473
@/home/ec2-user/data/topics/4885 474
@/home/ec2-user/data/topics/3658 475
@/home/ec2-user/data/topics/3704 476
@/home/ec2-user/data/topics/3960 477
@/home/ec2-user/data/topics/4394 478
@/home/ec2-user/data/topics/1881 479
@/home/ec2-user/data/topics/3761 480
@/home/ec2-user/data/topics/3692 481
@/home/ec2-user/data/topics/4625 482
@/home/ec2-user/data/topics/3680 483
@/home/ec2-user/data/topics/1516 484
@/home/ec2-user/data/topics/4586 485
@/home/ec2-user/data/topics/4101 486
@/home/ec2-user/data/topics/1898 487
@/home/ec2-user/data/topics/4936 488
@/home/ec2-user/data/topics/1706 489
@/home/ec2-user/data/topics/3519 490
@/home/ec2-user/data/topics/3585 491
@/home/ec2-user/data/topics/3719 492
@/home/ec2-user/data/topics/4264 493
@/home/ec2-user/data/topics/2129 494
@/home/ec2-user/data/topics/4382 495
@/home/ec2-user/data/topics/2080 496
@/home/ec2-user/data/topics/3402 497
@/home/ec2-user/data/topics/3514 498
@/home/ec2-user/data/topics/2029 499
@/home/ec2-user/data/topics/1705 500
@/home/ec2-user/data/topics/3455 501
@/home/ec2-user/data/topics/4676 502
@/home/ec2-user/data/topics/4501 503
@/home/ec2-user/data/topics/4157 504
@/home/ec2-user/data/topics/2170 505
@/home/ec2-user/data/topics/3951 506
@/home/ec2-user/data/topics/3979 507
@/home/ec2-user/data/topics/3404 508
@/home/ec2-user/data/topics/4098 509
@/home/ec2-user/data/topics/3619 510
@/home/ec2-user/data/topics/4917 511
@/home/ec2-user/data/topics/4280 512
@/home/ec2-user/data/topics/1339 513
@/home/ec2-user/data/topics/1070 514
@/home/ec2-user/data/topics/4215 515
@/home/ec2-user/data/topics/4043 516
@/home/ec2-user/data/topics/4159 517
@/home/ec2-user/data/topics/1157 518
@/home/ec2-user/data/topics/4787 519
@/home/ec2-user/data/topics/4000 520
@/home/ec2-user/data/topics/5028 521
@/home/ec2-user/data/topics/5024 522
@/home/ec2-user/data/topics/4867 523
@/home/ec2-user/data/topics/4229 524
@/home/ec2-user/data/topics/1525 525
@/home/ec2-user/data/topics/4574 526
@/home/ec2-user/data/topics/1762 527
@/home/ec2-user/data/topics/4798 528
@/home/ec2-user/data/topics/1635 529
@/home/ec2-user/data/topics/4307 530
@/home/ec2-user/data/topics/4797 531
@/home/ec2-user/data/topics/4806 532
@/home/ec2-user/data/topics/3920 533
@/home/ec2-user/data/topics/1509 534
@/home/ec2-user/data/topics/4558 535
@/home/ec2-user/data/topics/4139 536
@/home/ec2-user/data/topics/4707 537
@/home/ec2-user/data/topics/4355 538
@/home/ec2-user/data/topics/4945 539
@/home/ec2-user/data/topics/1540 540
セイコーインスツルメンツ株式会社

@/home/ec2-user/data/topics/4203 541
@/home/ec2-user/data/topics/4151 541
@/home/ec2-user/data/topics/1707 542
@/home/ec2-user/data/topics/3825 543
@/home/ec2-user/data/topics/4088 544
@/home/ec2-user/data/topics/3626 545
@/home/ec2-user/data/topics/4036 546
@/home/ec2-user/data/topics/4190 547
@/home/ec2-user/data/topics/4997 548
ミノルタ株式会社

@/home/ec2-user/data/topics/4977 549
@/home/ec2-user/data/topics/3810 549
@/home/ec2-user/data/topics/3584 550
@/home/ec2-user/data/topics/4951 551
@/home/ec2-user/data/topics/4970 552
@/home/ec2-user/data/topics/4986 553
@/home/ec2-user/data/topics/4984 554
@/home/ec2-user/data/topics/4321 555
@/home/ec2-user/data/topics/3545 556
@/home/ec2-user/data/topics/2190 557
@/home/ec2-user/data/topics/4971 558
@/home/ec2-user/data/topics/1152 559
株式会社リコー

@/home/ec2-user/data/topics/4879 560
@/home/ec2-user/data/topics/3378 560
@/home/ec2-user/data/topics/1775 561
@/home/ec2-user/data/topics/1282 562
@/home/ec2-user/data/topics/1669 563
@/home/ec2-user/data/topics/3555 564
@/home/ec2-user/data/topics/2189 565
@/home/ec2-user/data/topics/3411 566
@/home/ec2-user/data/topics/3548 567
@/home/ec2-user/data/topics/2201 568
@/home/ec2-user/data/topics/1776 569
@/home/ec2-user/data/topics/3687 570
@/home/ec2-user/data/topics/3424 571
@/home/ec2-user/data/topics/1514 572
@/home/ec2-user/data/topics/3750 573
@/home/ec2-user/data/topics/3530 574
@/home/ec2-user/data/topics/1190 575
@/home/ec2-user/data/topics/1976 576
@/home/ec2-user/data/topics/3669 577
@/home/ec2-user/data/topics/1755 578
@/home/ec2-user/data/topics/1593 579
@/home/ec2-user/data/topics/2006 580
@/home/ec2-user/data/topics/3633 581
@/home/ec2-user/data/topics/2182 582
@/home/ec2-user/data/topics/1878 583
@/home/ec2-user/data/topics/2219 584
@/home/ec2-user/data/topics/1774 585
@/home/ec2-user/data/topics/1663 586
@/home/ec2-user/data/topics/1668 587
@/home/ec2-user/data/topics/3394 588
@/home/ec2-user/data/topics/1225 589
@/home/ec2-user/data/topics/3837 590
@/home/ec2-user/data/topics/1436 591
@/home/ec2-user/data/topics/3557 592
@/home/ec2-user/data/topics/3446 593
@/home/ec2-user/data/topics/2043 594
@/home/ec2-user/data/topics/1482 595
@/home/ec2-user/data/topics/3713 596
@/home/ec2-user/data/topics/1083 597
@/home/ec2-user/data/topics/1478 598
@/home/ec2-user/data/topics/1670 599
@/home/ec2-user/data/topics/1627 600
@/home/ec2-user/data/topics/4344 601
@/home/ec2-user/data/topics/3880 602
@/home/ec2-user/data/topics/1610 603
@/home/ec2-user/data/topics/4037 604
@/home/ec2-user/data/topics/1806 605
@/home/ec2-user/data/topics/3484 606
@/home/ec2-user/data/topics/3574 607
@/home/ec2-user/data/topics/3759 608
@/home/ec2-user/data/topics/4616 609
@/home/ec2-user/data/topics/3495 610
@/home/ec2-user/data/topics/1974 611
@/home/ec2-user/data/topics/1691 612
@/home/ec2-user/data/topics/2090 613
@/home/ec2-user/data/topics/3472 614
@/home/ec2-user/data/topics/3775 615
@/home/ec2-user/data/topics/3523 616
@/home/ec2-user/data/topics/4781 617
@/home/ec2-user/data/topics/1064 618
@/home/ec2-user/data/topics/1433 619
@/home/ec2-user/data/topics/1780 620
@/home/ec2-user/data/topics/3474 621
@/home/ec2-user/data/topics/1718 622
@/home/ec2-user/data/topics/3436 623
@/home/ec2-user/data/topics/1106 624
@/home/ec2-user/data/topics/1095 625
@/home/ec2-user/data/topics/4265 626
@/home/ec2-user/data/topics/2200 627
@/home/ec2-user/data/topics/1740 628
@/home/ec2-user/data/topics/3711 629
独立行政法人産業技術総合研究所

@/home/ec2-user/data/topics/4740 630
@/home/ec2-user/data/topics/4869 630
@/home/ec2-user/data/topics/4777 631
@/home/ec2-user/data/topics/4739 632
@/home/ec2-user/data/topics/4800 633
@/home/ec2-user/data/topics/1356 634
ソニー株式会社

@/home/ec2-user/data/topics/3401 635
@/home/ec2-user/data/topics/1147 635
@/home/ec2-user/data/topics/2052 636
@/home/ec2-user/data/topics/1836 637
@/home/ec2-user/data/topics/2058 638
@/home/ec2-user/data/topics/1426 639
@/home/ec2-user/data/topics/3392 640
@/home/ec2-user/data/topics/3872 641
@/home/ec2-user/data/topics/1291 642
@/home/ec2-user/data/topics/3456 643
@/home/ec2-user/data/topics/1679 644
@/home/ec2-user/data/topics/4351 645
@/home/ec2-user/data/topics/3924 646
@/home/ec2-user/data/topics/1102 647
@/home/ec2-user/data/topics/5027 648
@/home/ec2-user/data/topics/1892 649
@/home/ec2-user/data/topics/4184 650
@/home/ec2-user/data/topics/2105 651
@/home/ec2-user/data/topics/1873 652
@/home/ec2-user/data/topics/1435 653
@/home/ec2-user/data/topics/1926 654
@/home/ec2-user/data/topics/1954 655
@/home/ec2-user/data/topics/1218 656
@/home/ec2-user/data/topics/1471 657
@/home/ec2-user/data/topics/2094 658
@/home/ec2-user/data/topics/1397 659
@/home/ec2-user/data/topics/3975 660
@/home/ec2-user/data/topics/2059 661
@/home/ec2-user/data/topics/1414 662
@/home/ec2-user/data/topics/1912 663
@/home/ec2-user/data/topics/1778 664
@/home/ec2-user/data/topics/1380 665
@/home/ec2-user/data/topics/1233 666
@/home/ec2-user/data/topics/2048 667
@/home/ec2-user/data/topics/4224 668
@/home/ec2-user/data/topics/2037 669
@/home/ec2-user/data/topics/1059 670
@/home/ec2-user/data/topics/1967 671
@/home/ec2-user/data/topics/1298 672
@/home/ec2-user/data/topics/3955 673
@/home/ec2-user/data/topics/1686 674
@/home/ec2-user/data/topics/1491 675
@/home/ec2-user/data/topics/1602 676
@/home/ec2-user/data/topics/1884 677
@/home/ec2-user/data/topics/1749 678
@/home/ec2-user/data/topics/2075 679
@/home/ec2-user/data/topics/4219 680
富士ゼロックス株式会社

@/home/ec2-user/data/topics/3407 681
@/home/ec2-user/data/topics/3473 681
@/home/ec2-user/data/topics/3640 682
@/home/ec2-user/data/topics/3782 683
@/home/ec2-user/data/topics/3383 684
@/home/ec2-user/data/topics/4108 685
@/home/ec2-user/data/topics/3662 686
@/home/ec2-user/data/topics/1560 687
@/home/ec2-user/data/topics/3695 688
@/home/ec2-user/data/topics/3366 689
@/home/ec2-user/data/topics/3790 690
@/home/ec2-user/data/topics/3661 691
@/home/ec2-user/data/topics/1947 692
@/home/ec2-user/data/topics/3564 693
@/home/ec2-user/data/topics/5031 694
住友金属工業株式会社

@/home/ec2-user/data/topics/4182 695
@/home/ec2-user/data/topics/4534 695
@/home/ec2-user/data/topics/4295 696
@/home/ec2-user/data/topics/3655 697
@/home/ec2-user/data/topics/4322 698
@/home/ec2-user/data/topics/4021 699
@/home/ec2-user/data/topics/4733 700
@/home/ec2-user/data/topics/1268 701
@/home/ec2-user/data/topics/4991 702
@/home/ec2-user/data/topics/4661 703
@/home/ec2-user/data/topics/3577 704
@/home/ec2-user/data/topics/3826 705
日立電線株式会社

@/home/ec2-user/data/topics/3756 706
@/home/ec2-user/data/topics/1388 706
@/home/ec2-user/data/topics/4357 707
@/home/ec2-user/data/topics/1117 708
@/home/ec2-user/data/topics/4329 709
@/home/ec2-user/data/topics/4356 710
@/home/ec2-user/data/topics/3930 711
@/home/ec2-user/data/topics/1027 712
@/home/ec2-user/data/topics/1305 713
キヤノン株式会社

@/home/ec2-user/data/topics/1118 714
@/home/ec2-user/data/topics/1802 714
@/home/ec2-user/data/topics/3737 715
@/home/ec2-user/data/topics/3967 716
@/home/ec2-user/data/topics/4363 717
@/home/ec2-user/data/topics/1216 718
@/home/ec2-user/data/topics/2004 719
@/home/ec2-user/data/topics/1124 720
@/home/ec2-user/data/topics/2107 721
@/home/ec2-user/data/topics/3755 722
@/home/ec2-user/data/topics/1961 723
@/home/ec2-user/data/topics/3660 724
@/home/ec2-user/data/topics/3454 725
@/home/ec2-user/data/topics/3949 726
@/home/ec2-user/data/topics/1975 727
@/home/ec2-user/data/topics/3441 728
@/home/ec2-user/data/topics/1228 729
@/home/ec2-user/data/topics/4520 730
@/home/ec2-user/data/topics/4020 731
@/home/ec2-user/data/topics/4350 732
@/home/ec2-user/data/topics/4521 733
@/home/ec2-user/data/topics/4948 734
@/home/ec2-user/data/topics/1847 735
@/home/ec2-user/data/topics/1895 736
@/home/ec2-user/data/topics/1568 737
@/home/ec2-user/data/topics/3642 738
@/home/ec2-user/data/topics/3420 739
@/home/ec2-user/data/topics/3417 740
@/home/ec2-user/data/topics/1790 741
@/home/ec2-user/data/topics/1631 742
@/home/ec2-user/data/topics/3720 743
@/home/ec2-user/data/topics/3438 744
@/home/ec2-user/data/topics/3376 745
@/home/ec2-user/data/topics/3434 746
@/home/ec2-user/data/topics/3852 747
@/home/ec2-user/data/topics/2243 748
@/home/ec2-user/data/topics/2145 749
@/home/ec2-user/data/topics/4628 750
@/home/ec2-user/data/topics/2231 751
@/home/ec2-user/data/topics/1438 752
@/home/ec2-user/data/topics/4068 753
@/home/ec2-user/data/topics/1519 754
@/home/ec2-user/data/topics/1590 755
@/home/ec2-user/data/topics/1889 756
@/home/ec2-user/data/topics/4610 757
@/home/ec2-user/data/topics/3996 758
@/home/ec2-user/data/topics/3628 759
@/home/ec2-user/data/topics/4937 760
@/home/ec2-user/data/topics/3843 761
@/home/ec2-user/data/topics/2053 762
@/home/ec2-user/data/topics/1455 763
@/home/ec2-user/data/topics/3430 764
@/home/ec2-user/data/topics/1745 765
@/home/ec2-user/data/topics/1513 766
@/home/ec2-user/data/topics/3415 767
@/home/ec2-user/data/topics/1208 768
@/home/ec2-user/data/topics/1744 769
@/home/ec2-user/data/topics/3656 770
@/home/ec2-user/data/topics/1539 771
@/home/ec2-user/data/topics/4947 772
@/home/ec2-user/data/topics/3722 773
@/home/ec2-user/data/topics/2117 774
@/home/ec2-user/data/topics/3445 775
@/home/ec2-user/data/topics/1848 776
@/home/ec2-user/data/topics/3374 777
@/home/ec2-user/data/topics/3958 778
@/home/ec2-user/data/topics/3730 779
@/home/ec2-user/data/topics/1866 780
@/home/ec2-user/data/topics/3410 781
@/home/ec2-user/data/topics/3416 782
@/home/ec2-user/data/topics/4054 783
@/home/ec2-user/data/topics/1080 784
@/home/ec2-user/data/topics/1646 785
三洋電機株式会社

@/home/ec2-user/data/topics/4604 786
@/home/ec2-user/data/topics/4060 786
@/home/ec2-user/data/topics/1515 787
@/home/ec2-user/data/topics/2194 788
@/home/ec2-user/data/topics/1451 789
@/home/ec2-user/data/topics/4384 790
@/home/ec2-user/data/topics/1653 791
@/home/ec2-user/data/topics/4720 792
@/home/ec2-user/data/topics/3781 793
@/home/ec2-user/data/topics/4099 794
@/home/ec2-user/data/topics/3539 795
@/home/ec2-user/data/topics/2014 796
@/home/ec2-user/data/topics/4178 797
@/home/ec2-user/data/topics/3817 798
@/home/ec2-user/data/topics/3681 799
@/home/ec2-user/data/topics/3986 800
@/home/ec2-user/data/topics/1386 801
@/home/ec2-user/data/topics/4061 802
@/home/ec2-user/data/topics/3804 803
@/home/ec2-user/data/topics/4679 804
@/home/ec2-user/data/topics/4654 805
@/home/ec2-user/data/topics/3953 806
@/home/ec2-user/data/topics/2054 807
@/home/ec2-user/data/topics/3625 808
@/home/ec2-user/data/topics/1980 809
@/home/ec2-user/data/topics/4212 810
@/home/ec2-user/data/topics/3974 811
@/home/ec2-user/data/topics/4304 812
@/home/ec2-user/data/topics/1321 813
@/home/ec2-user/data/topics/3889 814
@/home/ec2-user/data/topics/2063 815
@/home/ec2-user/data/topics/4983 816
@/home/ec2-user/data/topics/3845 817
@/home/ec2-user/data/topics/1652 818
@/home/ec2-user/data/topics/3403 819
@/home/ec2-user/data/topics/4978 820
@/home/ec2-user/data/topics/4492 821
@/home/ec2-user/data/topics/4763 822
@/home/ec2-user/data/topics/1722 823
@/home/ec2-user/data/topics/4001 824
@/home/ec2-user/data/topics/4150 825
@/home/ec2-user/data/topics/4179 826
@/home/ec2-user/data/topics/4474 827
@/home/ec2-user/data/topics/4527 828
@/home/ec2-user/data/topics/1079 829
@/home/ec2-user/data/topics/3754 830
@/home/ec2-user/data/topics/1671 831
@/home/ec2-user/data/topics/3581 832
@/home/ec2-user/data/topics/1289 833
@/home/ec2-user/data/topics/4066 834
@/home/ec2-user/data/topics/3926 835
@/home/ec2-user/data/topics/1488 836
@/home/ec2-user/data/topics/2098 837
@/home/ec2-user/data/topics/3906 838
@/home/ec2-user/data/topics/2230 839
@/home/ec2-user/data/topics/4015 840
@/home/ec2-user/data/topics/4039 841
@/home/ec2-user/data/topics/3398 842
@/home/ec2-user/data/topics/4960 843
@/home/ec2-user/data/topics/3859 844
@/home/ec2-user/data/topics/4328 845
@/home/ec2-user/data/topics/2071 846
@/home/ec2-user/data/topics/4301 847
@/home/ec2-user/data/topics/3492 848
@/home/ec2-user/data/topics/4612 849
@/home/ec2-user/data/topics/4837 850
@/home/ec2-user/data/topics/4788 851
@/home/ec2-user/data/topics/1246 852
@/home/ec2-user/data/topics/3708 853
@/home/ec2-user/data/topics/1163 854
@/home/ec2-user/data/topics/4376 855
@/home/ec2-user/data/topics/1479 856
@/home/ec2-user/data/topics/4726 857
@/home/ec2-user/data/topics/3491 858
@/home/ec2-user/data/topics/3830 859
@/home/ec2-user/data/topics/3808 860
@/home/ec2-user/data/topics/5002 861
@/home/ec2-user/data/topics/5011 862
@/home/ec2-user/data/topics/4571 863
三菱電機株式会社

@/home/ec2-user/data/topics/3592 864
@/home/ec2-user/data/topics/1792 864
@/home/ec2-user/data/topics/3409 865
@/home/ec2-user/data/topics/3490 866
@/home/ec2-user/data/topics/3595 867
@/home/ec2-user/data/topics/4133 868
@/home/ec2-user/data/topics/3666 869
@/home/ec2-user/data/topics/4235 870
@/home/ec2-user/data/topics/4149 871
@/home/ec2-user/data/topics/5032 872
@/home/ec2-user/data/topics/3451 873
@/home/ec2-user/data/topics/4181 874
@/home/ec2-user/data/topics/3506 875
@/home/ec2-user/data/topics/3493 876
@/home/ec2-user/data/topics/3820 877
@/home/ec2-user/data/topics/4305 878
@/home/ec2-user/data/topics/3800 879
@/home/ec2-user/data/topics/3616 880
@/home/ec2-user/data/topics/3469 881
@/home/ec2-user/data/topics/4663 882
@/home/ec2-user/data/topics/1754 883
@/home/ec2-user/data/topics/3465 884
@/home/ec2-user/data/topics/3963 885
@/home/ec2-user/data/topics/3921 886
@/home/ec2-user/data/topics/4880 887
@/home/ec2-user/data/topics/3609 888
@/home/ec2-user/data/topics/4980 889
@/home/ec2-user/data/topics/3841 890
@/home/ec2-user/data/topics/4614 891
@/home/ec2-user/data/topics/1738 892
@/home/ec2-user/data/topics/3466 893
@/home/ec2-user/data/topics/4552 894
@/home/ec2-user/data/topics/3453 895
@/home/ec2-user/data/topics/4233 896
@/home/ec2-user/data/topics/1536 897
@/home/ec2-user/data/topics/3873 898
@/home/ec2-user/data/topics/4514 899
@/home/ec2-user/data/topics/4221 900
@/home/ec2-user/data/topics/4419 901
@/home/ec2-user/data/topics/3747 902
@/home/ec2-user/data/topics/1872 903
@/home/ec2-user/data/topics/4282 904
@/home/ec2-user/data/topics/3774 905
@/home/ec2-user/data/topics/5033 906
@/home/ec2-user/data/topics/3412 907
@/home/ec2-user/data/topics/4562 908
@/home/ec2-user/data/topics/1220 909
@/home/ec2-user/data/topics/4047 910
@/home/ec2-user/data/topics/3856 911
@/home/ec2-user/data/topics/4518 912
@/home/ec2-user/data/topics/4076 913
@/home/ec2-user/data/topics/1110 914
@/home/ec2-user/data/topics/4220 915
@/home/ec2-user/data/topics/3397 916
@/home/ec2-user/data/topics/4834 917
@/home/ec2-user/data/topics/2146 918
@/home/ec2-user/data/topics/4041 919
@/home/ec2-user/data/topics/3612 920
住友ゴム工業株式会社

@/home/ec2-user/data/topics/4597 921
@/home/ec2-user/data/topics/1758 921
@/home/ec2-user/data/topics/1114 922
@/home/ec2-user/data/topics/4568 923
@/home/ec2-user/data/topics/4048 924
@/home/ec2-user/data/topics/4406 925
@/home/ec2-user/data/topics/2007 926
セイコーエプソン株式会社

@/home/ec2-user/data/topics/3361 927
@/home/ec2-user/data/topics/4454 927
@/home/ec2-user/data/topics/3476 928
@/home/ec2-user/data/topics/3589 929
@/home/ec2-user/data/topics/1938 930
@/home/ec2-user/data/topics/3910 931
@/home/ec2-user/data/topics/3819 932
@/home/ec2-user/data/topics/3505 933
@/home/ec2-user/data/topics/3887 934
@/home/ec2-user/data/topics/1641 935
@/home/ec2-user/data/topics/4585 936
@/home/ec2-user/data/topics/1484 937
@/home/ec2-user/data/topics/4802 938
@/home/ec2-user/data/topics/1890 939
@/home/ec2-user/data/topics/2078 940
@/home/ec2-user/data/topics/4605 941
@/home/ec2-user/data/topics/2165 942
@/home/ec2-user/data/topics/4801 943
@/home/ec2-user/data/topics/4109 944
@/home/ec2-user/data/topics/4022 945
@/home/ec2-user/data/topics/3985 946
@/home/ec2-user/data/topics/1343 947
@/home/ec2-user/data/topics/4719 948
@/home/ec2-user/data/topics/4386 949
@/home/ec2-user/data/topics/1378 950
@/home/ec2-user/data/topics/1423 951
株式会社三共

@/home/ec2-user/data/topics/1377 952
@/home/ec2-user/data/topics/4868 952
@/home/ec2-user/data/topics/1665 953
@/home/ec2-user/data/topics/1189 954
@/home/ec2-user/data/topics/1086 955
@/home/ec2-user/data/topics/4374 956
@/home/ec2-user/data/topics/2123 957
@/home/ec2-user/data/topics/1648 958
@/home/ec2-user/data/topics/2060 959
沖電気工業株式会社

@/home/ec2-user/data/topics/3457 960
@/home/ec2-user/data/topics/3395 960
@/home/ec2-user/data/topics/4693 961
@/home/ec2-user/data/topics/3764 962
@/home/ec2-user/data/topics/4575 963
@/home/ec2-user/data/topics/1531 964
@/home/ec2-user/data/topics/3433 965
@/home/ec2-user/data/topics/1188 966
@/home/ec2-user/data/topics/3964 967
@/home/ec2-user/data/topics/4299 968
@/home/ec2-user/data/topics/3621 969
@/home/ec2-user/data/topics/3571 970
@/home/ec2-user/data/topics/3690 971
@/home/ec2-user/data/topics/4308 972
株式会社三星

@/home/ec2-user/data/topics/1733 973
@/home/ec2-user/data/topics/1728 973
@/home/ec2-user/data/topics/1260 974
@/home/ec2-user/data/topics/2108 975
@/home/ec2-user/data/topics/3942 976
@/home/ec2-user/data/topics/2198 977
日本ビクター株式会社

@/home/ec2-user/data/topics/3882 978
@/home/ec2-user/data/topics/3603 978
@/home/ec2-user/data/topics/3620 979
@/home/ec2-user/data/topics/4056 980
@/home/ec2-user/data/topics/1520 981
@/home/ec2-user/data/topics/1389 982
@/home/ec2-user/data/topics/1440 983
@/home/ec2-user/data/topics/3939 984
@/home/ec2-user/data/topics/4123 985
@/home/ec2-user/data/topics/1823 986
@/home/ec2-user/data/topics/4672 987
花王株式会社

@/home/ec2-user/data/topics/2214 988
@/home/ec2-user/data/topics/4287 988
@/home/ec2-user/data/topics/3999 989
@/home/ec2-user/data/topics/1196 990
@/home/ec2-user/data/topics/4445 991
@/home/ec2-user/data/topics/3812 992
@/home/ec2-user/data/topics/3753 993
@/home/ec2-user/data/topics/1022 994
@/home/ec2-user/data/topics/4249 995
@/home/ec2-user/data/topics/3884 996
@/home/ec2-user/data/topics/4827 997
@/home/ec2-user/data/topics/1767 998
@/home/ec2-user/data/topics/4211 999
三田工業株式会社

@/home/ec2-user/data/topics/3604 1000
@/home/ec2-user/data/topics/1034 1000
@/home/ec2-user/data/topics/1766 1001
@/home/ec2-user/data/topics/3842 1002
@/home/ec2-user/data/topics/3923 1003
@/home/ec2-user/data/topics/1269 1004
@/home/ec2-user/data/topics/2155 1005
@/home/ec2-user/data/topics/2136 1006
@/home/ec2-user/data/topics/1033 1007
豊丸産業株式会社

@/home/ec2-user/data/topics/1713 1008
@/home/ec2-user/data/topics/1097 1008
@/home/ec2-user/data/topics/4847 1009
@/home/ec2-user/data/topics/1284 1010
@/home/ec2-user/data/topics/1914 1011
@/home/ec2-user/data/topics/1138 1012
@/home/ec2-user/data/topics/1677 1013
@/home/ec2-user/data/topics/2169 1014
@/home/ec2-user/data/topics/1401 1015
@/home/ec2-user/data/topics/2011 1016
@/home/ec2-user/data/topics/1126 1017
@/home/ec2-user/data/topics/3672 1018
@/home/ec2-user/data/topics/1588 1019
@/home/ec2-user/data/topics/1353 1020
@/home/ec2-user/data/topics/1726 1021
鐘紡株式会社

@/home/ec2-user/data/topics/1178 1022
@/home/ec2-user/data/topics/2034 1022
@/home/ec2-user/data/topics/1870 1023
@/home/ec2-user/data/topics/3566 1024
@/home/ec2-user/data/topics/3551 1025
@/home/ec2-user/data/topics/1886 1026
@/home/ec2-user/data/topics/1054 1027
@/home/ec2-user/data/topics/2185 1028
@/home/ec2-user/data/topics/2223 1029
@/home/ec2-user/data/topics/1367 1030
@/home/ec2-user/data/topics/3634 1031
@/home/ec2-user/data/topics/1901 1032
@/home/ec2-user/data/topics/4195 1033
@/home/ec2-user/data/topics/1842 1034
@/home/ec2-user/data/topics/3560 1035
@/home/ec2-user/data/topics/1304 1036
株式会社デンソー

@/home/ec2-user/data/topics/4622 1037
@/home/ec2-user/data/topics/4423 1037
@/home/ec2-user/data/topics/4805 1038
@/home/ec2-user/data/topics/4046 1039
@/home/ec2-user/data/topics/1028 1040
@/home/ec2-user/data/topics/4498 1041
@/home/ec2-user/data/topics/3421 1042
@/home/ec2-user/data/topics/3480 1043
@/home/ec2-user/data/topics/4164 1044
@/home/ec2-user/data/topics/3710 1045
@/home/ec2-user/data/topics/3406 1046
@/home/ec2-user/data/topics/4483 1047
@/home/ec2-user/data/topics/4024 1048
@/home/ec2-user/data/topics/1855 1049
@/home/ec2-user/data/topics/4656 1050
@/home/ec2-user/data/topics/4840 1051
@/home/ec2-user/data/topics/4675 1052
富士写真フイルム株式会社

@/home/ec2-user/data/topics/3354 1053
@/home/ec2-user/data/topics/1662 1053
@/home/ec2-user/data/topics/1603 1054
@/home/ec2-user/data/topics/4962 1055
@/home/ec2-user/data/topics/2134 1056
@/home/ec2-user/data/topics/3857 1057
@/home/ec2-user/data/topics/3447 1058
@/home/ec2-user/data/topics/1570 1059
@/home/ec2-user/data/topics/1244 1060
@/home/ec2-user/data/topics/3918 1061
@/home/ec2-user/data/topics/3911 1062
京セラ株式会社

@/home/ec2-user/data/topics/3741 1063
@/home/ec2-user/data/topics/1708 1063
@/home/ec2-user/data/topics/3615 1064
@/home/ec2-user/data/topics/4513 1065
@/home/ec2-user/data/topics/4901 1066
@/home/ec2-user/data/topics/1913 1067
@/home/ec2-user/data/topics/1741 1068
@/home/ec2-user/data/topics/4340 1069
@/home/ec2-user/data/topics/1485 1070
@/home/ec2-user/data/topics/3593 1071
@/home/ec2-user/data/topics/4031 1072
@/home/ec2-user/data/topics/3869 1073
イビデン株式会社

@/home/ec2-user/data/topics/3814 1074
@/home/ec2-user/data/topics/1336 1074
@/home/ec2-user/data/topics/2033 1075
@/home/ec2-user/data/topics/1952 1076
@/home/ec2-user/data/topics/1682 1077
@/home/ec2-user/data/topics/1770 1078
@/home/ec2-user/data/topics/1315 1079
株式会社東芝

@/home/ec2-user/data/topics/4755 1080
@/home/ec2-user/data/topics/3683 1080
@/home/ec2-user/data/topics/3734 1081
@/home/ec2-user/data/topics/4631 1082
@/home/ec2-user/data/topics/4336 1083
@/home/ec2-user/data/topics/3795 1084
@/home/ec2-user/data/topics/1757 1085
@/home/ec2-user/data/topics/1585 1086
@/home/ec2-user/data/topics/3351 1087
@/home/ec2-user/data/topics/3363 1088
@/home/ec2-user/data/topics/4302 1089
@/home/ec2-user/data/topics/4863 1090
@/home/ec2-user/data/topics/4566 1091
@/home/ec2-user/data/topics/4751 1092
@/home/ec2-user/data/topics/4912 1093
@/home/ec2-user/data/topics/1756 1094
@/home/ec2-user/data/topics/4089 1095
@/home/ec2-user/data/topics/4361 1096
@/home/ec2-user/data/topics/4935 1097
@/home/ec2-user/data/topics/3380 1098
@/home/ec2-user/data/topics/3598 1099
@/home/ec2-user/data/topics/4009 1100
@/home/ec2-user/data/topics/1332 1101
@/home/ec2-user/data/topics/4096 1102
@/home/ec2-user/data/topics/4881 1103
@/home/ec2-user/data/topics/1090 1104
@/home/ec2-user/data/topics/3618 1105
@/home/ec2-user/data/topics/4140 1106
@/home/ec2-user/data/topics/3689 1107
@/home/ec2-user/data/topics/4292 1108
@/home/ec2-user/data/topics/4183 1109
@/home/ec2-user/data/topics/3732 1110
@/home/ec2-user/data/topics/4594 1111
@/home/ec2-user/data/topics/3542 1112
@/home/ec2-user/data/topics/3948 1113
@/home/ec2-user/data/topics/3780 1114
@/home/ec2-user/data/topics/3890 1115
@/home/ec2-user/data/topics/3851 1116
@/home/ec2-user/data/topics/1819 1117
@/home/ec2-user/data/topics/4057 1118
@/home/ec2-user/data/topics/1997 1119
@/home/ec2-user/data/topics/1205 1120
@/home/ec2-user/data/topics/3352 1121
@/home/ec2-user/data/topics/4197 1122
@/home/ec2-user/data/topics/4381 1123
@/home/ec2-user/data/topics/4165 1124
@/home/ec2-user/data/topics/4842 1125
@/home/ec2-user/data/topics/4535 1126
@/home/ec2-user/data/topics/4623 1127
@/home/ec2-user/data/topics/2241 1128
@/home/ec2-user/data/topics/3716 1129
@/home/ec2-user/data/topics/3462 1130
@/home/ec2-user/data/topics/3881 1131
@/home/ec2-user/data/topics/3360 1132
@/home/ec2-user/data/topics/3990 1133
@/home/ec2-user/data/topics/4172 1134
@/home/ec2-user/data/topics/3834 1135
@/home/ec2-user/data/topics/3988 1136
@/home/ec2-user/data/topics/1132 1137
@/home/ec2-user/data/topics/4509 1138
@/home/ec2-user/data/topics/3688 1139
ヤマハ株式会社

@/home/ec2-user/data/topics/4919 1140
@/home/ec2-user/data/topics/4145 1140
@/home/ec2-user/data/topics/1443 1141
@/home/ec2-user/data/topics/4010 1142
@/home/ec2-user/data/topics/1720 1143
@/home/ec2-user/data/topics/4045 1144
@/home/ec2-user/data/topics/4125 1145
@/home/ec2-user/data/topics/1676 1146
@/home/ec2-user/data/topics/4954 1147
@/home/ec2-user/data/topics/3972 1148
@/home/ec2-user/data/topics/1911 1149
@/home/ec2-user/data/topics/4084 1150
@/home/ec2-user/data/topics/4177 1151
東洋紡績株式会社

@/home/ec2-user/data/topics/1029 1152
@/home/ec2-user/data/topics/1613 1152
@/home/ec2-user/data/topics/4366 1153
@/home/ec2-user/data/topics/4362 1154
@/home/ec2-user/data/topics/4284 1155
@/home/ec2-user/data/topics/3769 1156
三菱化学株式会社

@/home/ec2-user/data/topics/1902 1157
@/home/ec2-user/data/topics/1197 1157
@/home/ec2-user/data/topics/3513 1158
@/home/ec2-user/data/topics/3458 1159
@/home/ec2-user/data/topics/1699 1160
@/home/ec2-user/data/topics/3638 1161
カシオ計算機株式会社

@/home/ec2-user/data/topics/1535 1162
@/home/ec2-user/data/topics/1794 1162
@/home/ec2-user/data/topics/3391 1163
@/home/ec2-user/data/topics/1368 1164
@/home/ec2-user/data/topics/2237 1165
@/home/ec2-user/data/topics/1047 1166
@/home/ec2-user/data/topics/1235 1167
@/home/ec2-user/data/topics/2180 1168
コナミ株式会社

@/home/ec2-user/data/topics/4602 1169
@/home/ec2-user/data/topics/2100 1169
@/home/ec2-user/data/topics/2151 1170
@/home/ec2-user/data/topics/1302 1171
@/home/ec2-user/data/topics/1672 1172
@/home/ec2-user/data/topics/4681 1173
@/home/ec2-user/data/topics/1621 1174
@/home/ec2-user/data/topics/5015 1175
大日本スクリーン製造株式会社

@/home/ec2-user/data/topics/1608 1176
@/home/ec2-user/data/topics/1130 1176
@/home/ec2-user/data/topics/2209 1177
@/home/ec2-user/data/topics/1173 1178
@/home/ec2-user/data/topics/1779 1179
@/home/ec2-user/data/topics/3742 1180
@/home/ec2-user/data/topics/2172 1181
オムロン株式会社

@/home/ec2-user/data/topics/3597 1182
@/home/ec2-user/data/topics/3700 1182
@/home/ec2-user/data/topics/1657 1183
@/home/ec2-user/data/topics/4771 1184
@/home/ec2-user/data/topics/1841 1185
@/home/ec2-user/data/topics/3863 1186
@/home/ec2-user/data/topics/1135 1187
@/home/ec2-user/data/topics/1067 1188
@/home/ec2-user/data/topics/1579 1189
@/home/ec2-user/data/topics/3748 1190
@/home/ec2-user/data/topics/1533 1191
@/home/ec2-user/data/topics/2096 1192
@/home/ec2-user/data/topics/1933 1193
@/home/ec2-user/data/topics/1151 1194
@/home/ec2-user/data/topics/3594 1195
株式会社日立製作所

@/home/ec2-user/data/topics/1105 1196
@/home/ec2-user/data/topics/3994 1196
@/home/ec2-user/data/topics/1987 1197
@/home/ec2-user/data/topics/3993 1198
@/home/ec2-user/data/topics/4799 1199
@/home/ec2-user/data/topics/4122 1200
@/home/ec2-user/data/topics/4166 1201
@/home/ec2-user/data/topics/3432 1202
@/home/ec2-user/data/topics/1072 1203
@/home/ec2-user/data/topics/3772 1204
@/home/ec2-user/data/topics/4401 1205
@/home/ec2-user/data/topics/1247 1206
@/home/ec2-user/data/topics/3973 1207
@/home/ec2-user/data/topics/3488 1208
@/home/ec2-user/data/topics/1651 1209
@/home/ec2-user/data/topics/4493 1210
@/home/ec2-user/data/topics/4420 1211
@/home/ec2-user/data/topics/2239 1212
@/home/ec2-user/data/topics/3461 1213
@/home/ec2-user/data/topics/1501 1214
@/home/ec2-user/data/topics/1082 1215
@/home/ec2-user/data/topics/3384 1216
@/home/ec2-user/data/topics/4545 1217
@/home/ec2-user/data/topics/1880 1218
@/home/ec2-user/data/topics/1334 1219
@/home/ec2-user/data/topics/4040 1220
@/home/ec2-user/data/topics/1562 1221
@/home/ec2-user/data/topics/4559 1222
@/home/ec2-user/data/topics/1640 1223
@/home/ec2-user/data/topics/2019 1224
@/home/ec2-user/data/topics/1693 1225
@/home/ec2-user/data/topics/1825 1226
@/home/ec2-user/data/topics/3659 1227
@/home/ec2-user/data/topics/4990 1228
@/home/ec2-user/data/topics/1833 1229
@/home/ec2-user/data/topics/3570 1230
@/home/ec2-user/data/topics/3706 1231
@/home/ec2-user/data/topics/3439 1232
@/home/ec2-user/data/topics/4943 1233
@/home/ec2-user/data/topics/3779 1234
@/home/ec2-user/data/topics/1463 1235
@/home/ec2-user/data/topics/4547 1236
@/home/ec2-user/data/topics/2184 1237
@/home/ec2-user/data/topics/5030 1238
@/home/ec2-user/data/topics/3350 1239
@/home/ec2-user/data/topics/2081 1240
@/home/ec2-user/data/topics/3471 1241
@/home/ec2-user/data/topics/3965 1242
@/home/ec2-user/data/topics/1278 1243
@/home/ec2-user/data/topics/3531 1244
@/home/ec2-user/data/topics/3599 1245
@/home/ec2-user/data/topics/3440 1246
@/home/ec2-user/data/topics/1296 1247
@/home/ec2-user/data/topics/1882 1248
@/home/ec2-user/data/topics/4830 1249
@/home/ec2-user/data/topics/4551 1250
@/home/ec2-user/data/topics/4058 1251
@/home/ec2-user/data/topics/3665 1252
@/home/ec2-user/data/topics/3691 1253
@/home/ec2-user/data/topics/5029 1254
@/home/ec2-user/data/topics/3968 1255
@/home/ec2-user/data/topics/4489 1256
@/home/ec2-user/data/topics/1487 1257
@/home/ec2-user/data/topics/1826 1258
@/home/ec2-user/data/topics/4621 1259
@/home/ec2-user/data/topics/4402 1260
@/home/ec2-user/data/topics/3596 1261
@/home/ec2-user/data/topics/3648 1262
@/home/ec2-user/data/topics/3822 1263
@/home/ec2-user/data/topics/1667 1264
@/home/ec2-user/data/topics/3524 1265
@/home/ec2-user/data/topics/3588 1266
@/home/ec2-user/data/topics/1340 1267
@/home/ec2-user/data/topics/1249 1268
凸版印刷株式会社

@/home/ec2-user/data/topics/4874 1269
@/home/ec2-user/data/topics/3526 1269
@/home/ec2-user/data/topics/3500 1270
@/home/ec2-user/data/topics/1091 1271
@/home/ec2-user/data/topics/1765 1272
@/home/ec2-user/data/topics/1977 1273
@/home/ec2-user/data/topics/3624 1274
株式会社ノーリツ

@/home/ec2-user/data/topics/4354 1275
@/home/ec2-user/data/topics/1290 1275
@/home/ec2-user/data/topics/1760 1276
@/home/ec2-user/data/topics/1618 1277
@/home/ec2-user/data/topics/4776 1278
@/home/ec2-user/data/topics/4206 1279
@/home/ec2-user/data/topics/2116 1280
@/home/ec2-user/data/topics/1598 1281
川崎重工業株式会社

@/home/ec2-user/data/topics/4944 1282
@/home/ec2-user/data/topics/1162 1282
@/home/ec2-user/data/topics/4756 1283
@/home/ec2-user/data/topics/4572 1284
@/home/ec2-user/data/topics/5025 1285
@/home/ec2-user/data/topics/4866 1286
@/home/ec2-user/data/topics/4793 1287
@/home/ec2-user/data/topics/1172 1288
ティーディーケイ株式会社

@/home/ec2-user/data/topics/1510 1289
@/home/ec2-user/data/topics/2202 1289
@/home/ec2-user/data/topics/3798 1290
@/home/ec2-user/data/topics/3792 1291
@/home/ec2-user/data/topics/3909 1292
@/home/ec2-user/data/topics/1409 1293
@/home/ec2-user/data/topics/2210 1294
@/home/ec2-user/data/topics/1129 1295
@/home/ec2-user/data/topics/4619 1296
京セラミタ株式会社

@/home/ec2-user/data/topics/2141 1297
@/home/ec2-user/data/topics/1930 1297
@/home/ec2-user/data/topics/4985 1298
@/home/ec2-user/data/topics/4564 1299
@/home/ec2-user/data/topics/4174 1300
@/home/ec2-user/data/topics/4973 1301
@/home/ec2-user/data/topics/1032 1302
株式会社クボタ

@/home/ec2-user/data/topics/1734 1303
@/home/ec2-user/data/topics/3919 1303
@/home/ec2-user/data/topics/4251 1304
@/home/ec2-user/data/topics/3854 1305
@/home/ec2-user/data/topics/1012 1306
@/home/ec2-user/data/topics/1448 1307
@/home/ec2-user/data/topics/4745 1308
@/home/ec2-user/data/topics/1280 1309
@/home/ec2-user/data/topics/4379 1310
@/home/ec2-user/data/topics/3823 1311
シャープ株式会社

@/home/ec2-user/data/topics/4583 1312
@/home/ec2-user/data/topics/1970 1312
@/home/ec2-user/data/topics/1154 1313
@/home/ec2-user/data/topics/1349 1314
@/home/ec2-user/data/topics/4263 1315
@/home/ec2-user/data/topics/3762 1316
@/home/ec2-user/data/topics/3776 1317
@/home/ec2-user/data/topics/4861 1318
@/home/ec2-user/data/topics/4124 1319
@/home/ec2-user/data/topics/4019 1320
@/home/ec2-user/data/topics/2020 1321
@/home/ec2-user/data/topics/3957 1322
@/home/ec2-user/data/topics/4252 1323
@/home/ec2-user/data/topics/4782 1324
@/home/ec2-user/data/topics/4744 1325
@/home/ec2-user/data/topics/4214 1326
@/home/ec2-user/data/topics/1685 1327
@/home/ec2-user/data/topics/1840 1328
@/home/ec2-user/data/topics/3537 1329
@/home/ec2-user/data/topics/3422 1330
@/home/ec2-user/data/topics/1318 1331
@/home/ec2-user/data/topics/3832 1332
@/home/ec2-user/data/topics/2087 1333
@/home/ec2-user/data/topics/4230 1334
@/home/ec2-user/data/topics/3813 1335
@/home/ec2-user/data/topics/3966 1336
@/home/ec2-user/data/topics/4516 1337
@/home/ec2-user/data/topics/4349 1338
@/home/ec2-user/data/topics/4469 1339
@/home/ec2-user/data/topics/4683 1340
@/home/ec2-user/data/topics/1563 1341
@/home/ec2-user/data/topics/3793 1342
@/home/ec2-user/data/topics/3777 1343
@/home/ec2-user/data/topics/3450 1344
@/home/ec2-user/data/topics/3698 1345
@/home/ec2-user/data/topics/2118 1346
@/home/ec2-user/data/topics/3649 1347
@/home/ec2-user/data/topics/3855 1348
@/home/ec2-user/data/topics/4648 1349
@/home/ec2-user/data/topics/1561 1350
@/home/ec2-user/data/topics/4717 1351
@/home/ec2-user/data/topics/3610 1352
@/home/ec2-user/data/topics/1431 1353
@/home/ec2-user/data/topics/1419 1354
@/home/ec2-user/data/topics/4323 1355
@/home/ec2-user/data/topics/4430 1356
@/home/ec2-user/data/topics/1288 1357
@/home/ec2-user/data/topics/4005 1358
@/home/ec2-user/data/topics/3679 1359
@/home/ec2-user/data/topics/1209 1360
@/home/ec2-user/data/topics/2084 1361
@/home/ec2-user/data/topics/3452 1362
@/home/ec2-user/data/topics/1396 1363
@/home/ec2-user/data/topics/3678 1364
@/home/ec2-user/data/topics/3858 1365
@/home/ec2-user/data/topics/4127 1366
@/home/ec2-user/data/topics/3981 1367
@/home/ec2-user/data/topics/1384 1368
@/home/ec2-user/data/topics/3941 1369
@/home/ec2-user/data/topics/4113 1370
@/home/ec2-user/data/topics/1258 1371
@/home/ec2-user/data/topics/4095 1372
@/home/ec2-user/data/topics/3978 1373
@/home/ec2-user/data/topics/1804 1374
@/home/ec2-user/data/topics/3760 1375
@/home/ec2-user/data/topics/4245 1376
@/home/ec2-user/data/topics/1174 1377
@/home/ec2-user/data/topics/3606 1378
@/home/ec2-user/data/topics/4228 1379
@/home/ec2-user/data/topics/4691 1380
@/home/ec2-user/data/topics/4105 1381
@/home/ec2-user/data/topics/4173 1382
@/home/ec2-user/data/topics/3578 1383
@/home/ec2-user/data/topics/3895 1384
@/home/ec2-user/data/topics/3673 1385
@/home/ec2-user/data/topics/3871 1386
@/home/ec2-user/data/topics/4103 1387
@/home/ec2-user/data/topics/4519 1388
@/home/ec2-user/data/topics/1965 1389
@/home/ec2-user/data/topics/4256 1390
@/home/ec2-user/data/topics/4152 1391
日本輸送機株式会社

@/home/ec2-user/data/topics/2221 1392
@/home/ec2-user/data/topics/2065 1392
@/home/ec2-user/data/topics/3573 1393
@/home/ec2-user/data/topics/1940 1394
@/home/ec2-user/data/topics/1456 1395
@/home/ec2-user/data/topics/1191 1396
@/home/ec2-user/data/topics/1493 1397
@/home/ec2-user/data/topics/1108 1398
東京エレクトロン株式会社

@/home/ec2-user/data/topics/4002 1399
@/home/ec2-user/data/topics/4618 1399
@/home/ec2-user/data/topics/1263 1400
@/home/ec2-user/data/topics/1800 1401
@/home/ec2-user/data/topics/1736 1402
@/home/ec2-user/data/topics/1508 1403
@/home/ec2-user/data/topics/4345 1404
@/home/ec2-user/data/topics/4053 1405
@/home/ec2-user/data/topics/4023 1406
@/home/ec2-user/data/topics/4906 1407
@/home/ec2-user/data/topics/4702 1408
@/home/ec2-user/data/topics/3947 1409
株式会社村田製作所

@/home/ec2-user/data/topics/3435 1410
@/home/ec2-user/data/topics/3482 1410
@/home/ec2-user/data/topics/4163 1411
@/home/ec2-user/data/topics/4432 1412
@/home/ec2-user/data/topics/1411 1413
@/home/ec2-user/data/topics/4703 1414
@/home/ec2-user/data/topics/3697 1415
@/home/ec2-user/data/topics/4325 1416
@/home/ec2-user/data/topics/3885 1417
@/home/ec2-user/data/topics/1374 1418
@/home/ec2-user/data/topics/4795 1419
@/home/ec2-user/data/topics/4417 1420
@/home/ec2-user/data/topics/4070 1421
@/home/ec2-user/data/topics/4042 1422
@/home/ec2-user/data/topics/2229 1423
@/home/ec2-user/data/topics/4271 1424
@/home/ec2-user/data/topics/4378 1425
日本電信電話株式会社

@/home/ec2-user/data/topics/4560 1426
@/home/ec2-user/data/topics/3425 1426
@/home/ec2-user/data/topics/4964 1427
@/home/ec2-user/data/topics/1809 1428
@/home/ec2-user/data/topics/4870 1429
@/home/ec2-user/data/topics/1229 1430
@/home/ec2-user/data/topics/3552 1431
@/home/ec2-user/data/topics/3650 1432
@/home/ec2-user/data/topics/4146 1433
@/home/ec2-user/data/topics/1042 1434
@/home/ec2-user/data/topics/3915 1435
@/home/ec2-user/data/topics/3894 1436
@/home/ec2-user/data/topics/4087 1437
@/home/ec2-user/data/topics/3824 1438
@/home/ec2-user/data/topics/1230 1439
@/home/ec2-user/data/topics/2130 1440
@/home/ec2-user/data/topics/3586 1441
@/home/ec2-user/data/topics/4792 1442
@/home/ec2-user/data/topics/4664 1443
@/home/ec2-user/data/topics/4952 1444
@/home/ec2-user/data/topics/3359 1445
@/home/ec2-user/data/topics/4865 1446
@/home/ec2-user/data/topics/4131 1447
@/home/ec2-user/data/topics/3521 1448
@/home/ec2-user/data/topics/1556 1449
@/home/ec2-user/data/topics/3509 1450
@/home/ec2-user/data/topics/4925 1451
@/home/ec2-user/data/topics/4443 1452
@/home/ec2-user/data/topics/3536 1453
@/home/ec2-user/data/topics/3568 1454
@/home/ec2-user/data/topics/4121 1455
@/home/ec2-user/data/topics/4118 1456
@/home/ec2-user/data/topics/3544 1457
@/home/ec2-user/data/topics/4175 1458
@/home/ec2-user/data/topics/4104 1459
@/home/ec2-user/data/topics/3641 1460
@/home/ec2-user/data/topics/2017 1461
@/home/ec2-user/data/topics/4511 1462
@/home/ec2-user/data/topics/4025 1463
@/home/ec2-user/data/topics/1408 1464
@/home/ec2-user/data/topics/4115 1465
@/home/ec2-user/data/topics/4232 1466
@/home/ec2-user/data/topics/4335 1467
@/home/ec2-user/data/topics/4836 1468
@/home/ec2-user/data/topics/4916 1469
@/home/ec2-user/data/topics/3785 1470
@/home/ec2-user/data/topics/4488 1471
@/home/ec2-user/data/topics/4114 1472
@/home/ec2-user/data/topics/4965 1473
@/home/ec2-user/data/topics/3811 1474
@/home/ec2-user/data/topics/1787 1475
@/home/ec2-user/data/topics/4505 1476
@/home/ec2-user/data/topics/3928 1477
@/home/ec2-user/data/topics/1934 1478
@/home/ec2-user/data/topics/4208 1479
@/home/ec2-user/data/topics/3927 1480
日本鋼管株式会社

@/home/ec2-user/data/topics/1690 1481
@/home/ec2-user/data/topics/4161 1481
@/home/ec2-user/data/topics/3572 1482
@/home/ec2-user/data/topics/4455 1483
@/home/ec2-user/data/topics/2095 1484
@/home/ec2-user/data/topics/1404 1485
@/home/ec2-user/data/topics/4289 1486
株式会社神戸製鋼所

@/home/ec2-user/data/topics/3902 1487
@/home/ec2-user/data/topics/1465 1487
@/home/ec2-user/data/topics/3475 1488
@/home/ec2-user/data/topics/2064 1489
@/home/ec2-user/data/topics/4949 1490
@/home/ec2-user/data/topics/3632 1491
@/home/ec2-user/data/topics/3674 1492
株式会社ケンウッド

@/home/ec2-user/data/topics/2036 1493
@/home/ec2-user/data/topics/3463 1493
@/home/ec2-user/data/topics/1186 1494
@/home/ec2-user/data/topics/1241 1495
@/home/ec2-user/data/topics/3839 1496
@/home/ec2-user/data/topics/2163 1497
@/home/ec2-user/data/topics/1896 1498
@/home/ec2-user/data/topics/3969 1499
@/home/ec2-user/data/topics/3801 1500
@/home/ec2-user/data/topics/4038 1501
@/home/ec2-user/data/topics/1424 1502
@/home/ec2-user/data/topics/1345 1503
@/home/ec2-user/data/topics/1115 1504
@/home/ec2-user/data/topics/4467 1505
@/home/ec2-user/data/topics/1698 1506
@/home/ec2-user/data/topics/4050 1507
@/home/ec2-user/data/topics/1617 1508
@/home/ec2-user/data/topics/3794 1509
@/home/ec2-user/data/topics/4167 1510
@/home/ec2-user/data/topics/3878 1511
@/home/ec2-user/data/topics/3977 1512
東陶機器株式会社

@/home/ec2-user/data/topics/1735 1513
@/home/ec2-user/data/topics/2135 1513
@/home/ec2-user/data/topics/3583 1514
@/home/ec2-user/data/topics/1692 1515
@/home/ec2-user/data/topics/3821 1516
@/home/ec2-user/data/topics/1626 1517
本田技研工業株式会社

@/home/ec2-user/data/topics/5026 1518
@/home/ec2-user/data/topics/1143 1518
@/home/ec2-user/data/topics/4375 1519
@/home/ec2-user/data/topics/1444 1520
@/home/ec2-user/data/topics/4132 1521
@/home/ec2-user/data/topics/1266 1522
@/home/ec2-user/data/topics/2000 1523
@/home/ec2-user/data/topics/1605 1524
@/home/ec2-user/data/topics/4783 1525
@/home/ec2-user/data/topics/3685 1526
@/home/ec2-user/data/topics/2016 1527
@/home/ec2-user/data/topics/1226 1528
@/home/ec2-user/data/topics/1822 1529
@/home/ec2-user/data/topics/1215 1530
@/home/ec2-user/data/topics/4888 1531
@/home/ec2-user/data/topics/1818 1532
@/home/ec2-user/data/topics/4331 1533
@/home/ec2-user/data/topics/4033 1534
@/home/ec2-user/data/topics/4199 1535
新日本製鐵株式会社

@/home/ec2-user/data/topics/3899 1536
@/home/ec2-user/data/topics/4472 1536
@/home/ec2-user/data/topics/5008 1537
@/home/ec2-user/data/topics/3368 1538
@/home/ec2-user/data/topics/3663 1539
@/home/ec2-user/data/topics/3861 1540
松下電工株式会社

@/home/ec2-user/data/topics/3651 1541
@/home/ec2-user/data/topics/1803 1541
@/home/ec2-user/data/topics/4450 1542
@/home/ec2-user/data/topics/3549 1543
@/home/ec2-user/data/topics/4083 1544
@/home/ec2-user/data/topics/4592 1545
@/home/ec2-user/data/topics/4012 1546
@/home/ec2-user/data/topics/4029 1547
@/home/ec2-user/data/topics/3932 1548
@/home/ec2-user/data/topics/2045 1549
@/home/ec2-user/data/topics/3511 1550
@/home/ec2-user/data/topics/3778 1551
@/home/ec2-user/data/topics/4347 1552
@/home/ec2-user/data/topics/3565 1553
@/home/ec2-user/data/topics/4317 1554
@/home/ec2-user/data/topics/3835 1555
@/home/ec2-user/data/topics/1011 1556
@/home/ec2-user/data/topics/4094 1557
@/home/ec2-user/data/topics/3379 1558
@/home/ec2-user/data/topics/1251 1559
@/home/ec2-user/data/topics/3670 1560
@/home/ec2-user/data/topics/1311 1561
usernum: 72
hit: 1472
simhit: 1441
simmax: 0.769230769231
simmin: 0.0
simavg: 0.200858512007
dlmax: 0.229796609365
dlmin: 0.00714768129675
dlavg: 0.0342023421632
mthit: 1626
mthls: 0
srp: 92.502
total: 1562
hit/total: 0.9423815621
simhit/total: 0.922535211268
mthit/(total+usernum): 0.995104039168
mthls/(total+usernum): 0.0
srp/(total+usernum): 0.0188702570379
srp20/(total+usernum): 0.00521215830273
srp100/(total+usernum): 0.0139106487148
srp500/(total+usernum): 0.0173235414117

2016-12-24 10:29:27.331315
