2017-01-15 19:40:47.819865

topic-folder:/home/ec2-user/data/topics/
cl-file:/home/ec2-user/git/tfidf/result-new/b1-1-3.txt
cl-floder:/home/ec2-user/data/classinfo/
zipf:0.11
stype[0(tfidf)/1(tfidf2)/2(lsa)/3(lda)]:1
dtype[<0(diff*rand)/0(diff)/1(same)/>=2(diff*same)]:0
output-floder:/home/ec2-user/git/userquery/result

三菱マテリアル株式会社

@/home/ec2-user/data/topics/3520 0
@/home/ec2-user/data/topics/1638 0
@/home/ec2-user/data/topics/3630 1
@/home/ec2-user/data/topics/1085 2
@/home/ec2-user/data/topics/2093 3
@/home/ec2-user/data/topics/3866 4
@/home/ec2-user/data/topics/3546 5
@/home/ec2-user/data/topics/3470 6
日本精機株式会社

@/home/ec2-user/data/topics/4907 7
@/home/ec2-user/data/topics/1398 7
@/home/ec2-user/data/topics/4972 8
@/home/ec2-user/data/topics/4875 9
@/home/ec2-user/data/topics/4690 10
@/home/ec2-user/data/topics/4709 11
コニカ株式会社

@/home/ec2-user/data/topics/3357 12
@/home/ec2-user/data/topics/3533 12
@/home/ec2-user/data/topics/1946 13
@/home/ec2-user/data/topics/3414 14
@/home/ec2-user/data/topics/3370 15
@/home/ec2-user/data/topics/3418 16
@/home/ec2-user/data/topics/3486 17
@/home/ec2-user/data/topics/3431 18
@/home/ec2-user/data/topics/3426 19
@/home/ec2-user/data/topics/2162 20
@/home/ec2-user/data/topics/3419 21
埼玉日本電気株式会社

@/home/ec2-user/data/topics/4242 22
@/home/ec2-user/data/topics/4496 22
@/home/ec2-user/data/topics/1512 23
@/home/ec2-user/data/topics/5010 24
@/home/ec2-user/data/topics/4279 25
@/home/ec2-user/data/topics/4998 26
@/home/ec2-user/data/topics/4468 27
@/home/ec2-user/data/topics/1620 28
@/home/ec2-user/data/topics/4283 29
アルプス電気株式会社

@/home/ec2-user/data/topics/1253 30
@/home/ec2-user/data/topics/3582 30
@/home/ec2-user/data/topics/2012 31
@/home/ec2-user/data/topics/4791 32
@/home/ec2-user/data/topics/3429 33
@/home/ec2-user/data/topics/2089 34
@/home/ec2-user/data/topics/1434 35
三菱重工業株式会社

@/home/ec2-user/data/topics/3637 36
@/home/ec2-user/data/topics/3944 36
@/home/ec2-user/data/topics/4687 37
@/home/ec2-user/data/topics/3591 38
@/home/ec2-user/data/topics/4862 39
@/home/ec2-user/data/topics/5022 40
@/home/ec2-user/data/topics/3503 41
@/home/ec2-user/data/topics/3529 42
@/home/ec2-user/data/topics/4412 43
@/home/ec2-user/data/topics/4563 44
@/home/ec2-user/data/topics/3833 45
@/home/ec2-user/data/topics/4882 46
村田機械株式会社

@/home/ec2-user/data/topics/1074 47
@/home/ec2-user/data/topics/5000 47
@/home/ec2-user/data/topics/4565 48
@/home/ec2-user/data/topics/3528 49
@/home/ec2-user/data/topics/4441 50
@/home/ec2-user/data/topics/4556 51
@/home/ec2-user/data/topics/1607 52
@/home/ec2-user/data/topics/3740 53
@/home/ec2-user/data/topics/4835 54
@/home/ec2-user/data/topics/1511 55
@/home/ec2-user/data/topics/4596 56
@/home/ec2-user/data/topics/4638 57
@/home/ec2-user/data/topics/4941 58
@/home/ec2-user/data/topics/4570 59
@/home/ec2-user/data/topics/4746 60
@/home/ec2-user/data/topics/4645 61
@/home/ec2-user/data/topics/1293 62
川崎製鉄株式会社

@/home/ec2-user/data/topics/3483 63
@/home/ec2-user/data/topics/3532 63
@/home/ec2-user/data/topics/1459 64
@/home/ec2-user/data/topics/4615 65
@/home/ec2-user/data/topics/1037 66
@/home/ec2-user/data/topics/3553 67
@/home/ec2-user/data/topics/3929 68
@/home/ec2-user/data/topics/3611 69
@/home/ec2-user/data/topics/3413 70
ダイキン工業株式会社

@/home/ec2-user/data/topics/1600 71
@/home/ec2-user/data/topics/4734 71
@/home/ec2-user/data/topics/4845 72
@/home/ec2-user/data/topics/4515 73
@/home/ec2-user/data/topics/4367 74
@/home/ec2-user/data/topics/4753 75
@/home/ec2-user/data/topics/1565 76
@/home/ec2-user/data/topics/4701 77
@/home/ec2-user/data/topics/4400 78
@/home/ec2-user/data/topics/3888 79
@/home/ec2-user/data/topics/4858 80
三菱自動車工業株式会社

@/home/ec2-user/data/topics/1816 81
@/home/ec2-user/data/topics/3940 81
@/home/ec2-user/data/topics/4189 82
@/home/ec2-user/data/topics/2101 83
@/home/ec2-user/data/topics/3502 84
@/home/ec2-user/data/topics/1428 85
@/home/ec2-user/data/topics/1527 86
@/home/ec2-user/data/topics/3815 87
日産自動車株式会社

@/home/ec2-user/data/topics/3497 88
@/home/ec2-user/data/topics/4982 88
@/home/ec2-user/data/topics/3723 89
@/home/ec2-user/data/topics/3829 90
@/home/ec2-user/data/topics/3936 91
@/home/ec2-user/data/topics/3501 92
@/home/ec2-user/data/topics/3489 93
@/home/ec2-user/data/topics/3677 94
@/home/ec2-user/data/topics/3712 95
@/home/ec2-user/data/topics/4074 96
@/home/ec2-user/data/topics/3645 97
トヨタ自動車株式会社

@/home/ec2-user/data/topics/4298 98
@/home/ec2-user/data/topics/3783 98
@/home/ec2-user/data/topics/4426 99
@/home/ec2-user/data/topics/3731 100
@/home/ec2-user/data/topics/3405 101
@/home/ec2-user/data/topics/4144 102
@/home/ec2-user/data/topics/4767 103
@/home/ec2-user/data/topics/4543 104
@/home/ec2-user/data/topics/4617 105
@/home/ec2-user/data/topics/4030 106
@/home/ec2-user/data/topics/3699 107
@/home/ec2-user/data/topics/4064 108
@/home/ec2-user/data/topics/3587 109
@/home/ec2-user/data/topics/4346 110
@/home/ec2-user/data/topics/4920 111
@/home/ec2-user/data/topics/3943 112
@/home/ec2-user/data/topics/3356 113
@/home/ec2-user/data/topics/1494 114
@/home/ec2-user/data/topics/3725 115
@/home/ec2-user/data/topics/3481 116
@/home/ec2-user/data/topics/2218 117
@/home/ec2-user/data/topics/4658 118
@/home/ec2-user/data/topics/3758 119
@/home/ec2-user/data/topics/4647 120
@/home/ec2-user/data/topics/2111 121
@/home/ec2-user/data/topics/3671 122
@/home/ec2-user/data/topics/4008 123
@/home/ec2-user/data/topics/1551 124
@/home/ec2-user/data/topics/4633 125
オリンパス光学工業株式会社

@/home/ec2-user/data/topics/1869 126
@/home/ec2-user/data/topics/1107 126
@/home/ec2-user/data/topics/4013 127
@/home/ec2-user/data/topics/2026 128
@/home/ec2-user/data/topics/4878 129
@/home/ec2-user/data/topics/1155 130
@/home/ec2-user/data/topics/1981 131
@/home/ec2-user/data/topics/5006 132
@/home/ec2-user/data/topics/1739 133
@/home/ec2-user/data/topics/1835 134
@/home/ec2-user/data/topics/1586 135
@/home/ec2-user/data/topics/4007 136
ブラザー工業株式会社

@/home/ec2-user/data/topics/3613 137
@/home/ec2-user/data/topics/3789 137
@/home/ec2-user/data/topics/2085 138
@/home/ec2-user/data/topics/2086 139
@/home/ec2-user/data/topics/4548 140
@/home/ec2-user/data/topics/3686 141
@/home/ec2-user/data/topics/3477 142
@/home/ec2-user/data/topics/3507 143
@/home/ec2-user/data/topics/1300 144
@/home/ec2-user/data/topics/1906 145
@/home/ec2-user/data/topics/1697 146
@/home/ec2-user/data/topics/1164 147
@/home/ec2-user/data/topics/1183 148
@/home/ec2-user/data/topics/1636 149
@/home/ec2-user/data/topics/1076 150
富士通株式会社

@/home/ec2-user/data/topics/3883 151
@/home/ec2-user/data/topics/3636 151
@/home/ec2-user/data/topics/3846 152
@/home/ec2-user/data/topics/5004 153
@/home/ec2-user/data/topics/3850 154
@/home/ec2-user/data/topics/3751 155
@/home/ec2-user/data/topics/3749 156
@/home/ec2-user/data/topics/3399 157
@/home/ec2-user/data/topics/3802 158
@/home/ec2-user/data/topics/3400 159
@/home/ec2-user/data/topics/2227 160
@/home/ec2-user/data/topics/1271 161
@/home/ec2-user/data/topics/3460 162
@/home/ec2-user/data/topics/1547 163
@/home/ec2-user/data/topics/3381 164
@/home/ec2-user/data/topics/3765 165
@/home/ec2-user/data/topics/2215 166
@/home/ec2-user/data/topics/3428 167
@/home/ec2-user/data/topics/3912 168
@/home/ec2-user/data/topics/3970 169
@/home/ec2-user/data/topics/1874 170
@/home/ec2-user/data/topics/3870 171
@/home/ec2-user/data/topics/1123 172
@/home/ec2-user/data/topics/1264 173
@/home/ec2-user/data/topics/2216 174
@/home/ec2-user/data/topics/3799 175
@/home/ec2-user/data/topics/3962 176
@/home/ec2-user/data/topics/3862 177
@/home/ec2-user/data/topics/3538 178
@/home/ec2-user/data/topics/1609 179
@/home/ec2-user/data/topics/1998 180
@/home/ec2-user/data/topics/4191 181
静岡日本電気株式会社

@/home/ec2-user/data/topics/4326 182
@/home/ec2-user/data/topics/4507 182
@/home/ec2-user/data/topics/4365 183
@/home/ec2-user/data/topics/4531 184
@/home/ec2-user/data/topics/4250 185
@/home/ec2-user/data/topics/4314 186
住友重機械工業株式会社

@/home/ec2-user/data/topics/1553 187
@/home/ec2-user/data/topics/1019 187
@/home/ec2-user/data/topics/1373 188
@/home/ec2-user/data/topics/3868 189
@/home/ec2-user/data/topics/4854 190
@/home/ec2-user/data/topics/2039 191
@/home/ec2-user/data/topics/1900 192
@/home/ec2-user/data/topics/1505 193
@/home/ec2-user/data/topics/3952 194
大日本印刷株式会社

@/home/ec2-user/data/topics/3388 195
@/home/ec2-user/data/topics/1262 195
@/home/ec2-user/data/topics/1564 196
@/home/ec2-user/data/topics/3569 197
@/home/ec2-user/data/topics/1099 198
@/home/ec2-user/data/topics/1145 199
日本電気株式会社

@/home/ec2-user/data/topics/4785 200
@/home/ec2-user/data/topics/4458 200
@/home/ec2-user/data/topics/1612 201
@/home/ec2-user/data/topics/1791 202
@/home/ec2-user/data/topics/1486 203
@/home/ec2-user/data/topics/4926 204
@/home/ec2-user/data/topics/4876 205
@/home/ec2-user/data/topics/4320 206
@/home/ec2-user/data/topics/3896 207
@/home/ec2-user/data/topics/3853 208
@/home/ec2-user/data/topics/4393 209
@/home/ec2-user/data/topics/3956 210
@/home/ec2-user/data/topics/3938 211
@/home/ec2-user/data/topics/4490 212
@/home/ec2-user/data/topics/1923 213
@/home/ec2-user/data/topics/4315 214
@/home/ec2-user/data/topics/4532 215
@/home/ec2-user/data/topics/4273 216
@/home/ec2-user/data/topics/1948 217
@/home/ec2-user/data/topics/4779 218
@/home/ec2-user/data/topics/4728 219
@/home/ec2-user/data/topics/4682 220
@/home/ec2-user/data/topics/4097 221
@/home/ec2-user/data/topics/4267 222
@/home/ec2-user/data/topics/4666 223
@/home/ec2-user/data/topics/4460 224
@/home/ec2-user/data/topics/4626 225
@/home/ec2-user/data/topics/4497 226
@/home/ec2-user/data/topics/1710 227
@/home/ec2-user/data/topics/4063 228
@/home/ec2-user/data/topics/2088 229
@/home/ec2-user/data/topics/3766 230
@/home/ec2-user/data/topics/4003 231
@/home/ec2-user/data/topics/4240 232
@/home/ec2-user/data/topics/4838 233
@/home/ec2-user/data/topics/4651 234
@/home/ec2-user/data/topics/4418 235
@/home/ec2-user/data/topics/2144 236
@/home/ec2-user/data/topics/4721 237
@/home/ec2-user/data/topics/1879 238
@/home/ec2-user/data/topics/4186 239
@/home/ec2-user/data/topics/4433 240
@/home/ec2-user/data/topics/3744 241
@/home/ec2-user/data/topics/1116 242
@/home/ec2-user/data/topics/4207 243
@/home/ec2-user/data/topics/4749 244
@/home/ec2-user/data/topics/1783 245
@/home/ec2-user/data/topics/4764 246
@/home/ec2-user/data/topics/4634 247
@/home/ec2-user/data/topics/4319 248
@/home/ec2-user/data/topics/1464 249
@/home/ec2-user/data/topics/4824 250
@/home/ec2-user/data/topics/1815 251
@/home/ec2-user/data/topics/4389 252
@/home/ec2-user/data/topics/1891 253
@/home/ec2-user/data/topics/4902 254
@/home/ec2-user/data/topics/4142 255
@/home/ec2-user/data/topics/4750 256
@/home/ec2-user/data/topics/4480 257
@/home/ec2-user/data/topics/1457 258
@/home/ec2-user/data/topics/4129 259
@/home/ec2-user/data/topics/2150 260
@/home/ec2-user/data/topics/4429 261
@/home/ec2-user/data/topics/4313 262
@/home/ec2-user/data/topics/1383 263
@/home/ec2-user/data/topics/4657 264
@/home/ec2-user/data/topics/4204 265
@/home/ec2-user/data/topics/3954 266
@/home/ec2-user/data/topics/4093 267
@/home/ec2-user/data/topics/4238 268
@/home/ec2-user/data/topics/4168 269
@/home/ec2-user/data/topics/1634 270
@/home/ec2-user/data/topics/4137 271
@/home/ec2-user/data/topics/3729 272
@/home/ec2-user/data/topics/4236 273
@/home/ec2-user/data/topics/4689 274
@/home/ec2-user/data/topics/4644 275
@/home/ec2-user/data/topics/4192 276
@/home/ec2-user/data/topics/3897 277
@/home/ec2-user/data/topics/4708 278
@/home/ec2-user/data/topics/4343 279
@/home/ec2-user/data/topics/4816 280
@/home/ec2-user/data/topics/4120 281
@/home/ec2-user/data/topics/4310 282
@/home/ec2-user/data/topics/4808 283
@/home/ec2-user/data/topics/4390 284
@/home/ec2-user/data/topics/4485 285
@/home/ec2-user/data/topics/4696 286
@/home/ec2-user/data/topics/4158 287
@/home/ec2-user/data/topics/4549 288
@/home/ec2-user/data/topics/4536 289
@/home/ec2-user/data/topics/1661 290
@/home/ec2-user/data/topics/4446 291
@/home/ec2-user/data/topics/4128 292
@/home/ec2-user/data/topics/1362 293
@/home/ec2-user/data/topics/3875 294
@/home/ec2-user/data/topics/4243 295
@/home/ec2-user/data/topics/4775 296
@/home/ec2-user/data/topics/1326 297
@/home/ec2-user/data/topics/4770 298
@/home/ec2-user/data/topics/4699 299
@/home/ec2-user/data/topics/1852 300
@/home/ec2-user/data/topics/1773 301
@/home/ec2-user/data/topics/4247 302
@/home/ec2-user/data/topics/4216 303
@/home/ec2-user/data/topics/1199 304
@/home/ec2-user/data/topics/4171 305
@/home/ec2-user/data/topics/4100 306
@/home/ec2-user/data/topics/4071 307
@/home/ec2-user/data/topics/1937 308
@/home/ec2-user/data/topics/4742 309
@/home/ec2-user/data/topics/4116 310
@/home/ec2-user/data/topics/4850 311
@/home/ec2-user/data/topics/4092 312
@/home/ec2-user/data/topics/4275 313
@/home/ec2-user/data/topics/4153 314
@/home/ec2-user/data/topics/1844 315
@/home/ec2-user/data/topics/4584 316
@/home/ec2-user/data/topics/4643 317
@/home/ec2-user/data/topics/4288 318
@/home/ec2-user/data/topics/4318 319
@/home/ec2-user/data/topics/4759 320
@/home/ec2-user/data/topics/4659 321
@/home/ec2-user/data/topics/2031 322
@/home/ec2-user/data/topics/4185 323
@/home/ec2-user/data/topics/4162 324
@/home/ec2-user/data/topics/4134 325
@/home/ec2-user/data/topics/1052 326
@/home/ec2-user/data/topics/4561 327
@/home/ec2-user/data/topics/4257 328
@/home/ec2-user/data/topics/4665 329
@/home/ec2-user/data/topics/4371 330
@/home/ec2-user/data/topics/4613 331
@/home/ec2-user/data/topics/4352 332
@/home/ec2-user/data/topics/4595 333
@/home/ec2-user/data/topics/1281 334
@/home/ec2-user/data/topics/1078 335
@/home/ec2-user/data/topics/1624 336
@/home/ec2-user/data/topics/4442 337
@/home/ec2-user/data/topics/4276 338
@/home/ec2-user/data/topics/4246 339
@/home/ec2-user/data/topics/3724 340
@/home/ec2-user/data/topics/4940 341
@/home/ec2-user/data/topics/4427 342
@/home/ec2-user/data/topics/2119 343
@/home/ec2-user/data/topics/2127 344
@/home/ec2-user/data/topics/1364 345
@/home/ec2-user/data/topics/1112 346
@/home/ec2-user/data/topics/1973 347
@/home/ec2-user/data/topics/3865 348
@/home/ec2-user/data/topics/4877 349
@/home/ec2-user/data/topics/2041 350
@/home/ec2-user/data/topics/1122 351
@/home/ec2-user/data/topics/4646 352
@/home/ec2-user/data/topics/4281 353
@/home/ec2-user/data/topics/1567 354
@/home/ec2-user/data/topics/4533 355
@/home/ec2-user/data/topics/4486 356
@/home/ec2-user/data/topics/4578 357
@/home/ec2-user/data/topics/4447 358
@/home/ec2-user/data/topics/4425 359
@/home/ec2-user/data/topics/4309 360
@/home/ec2-user/data/topics/1928 361
@/home/ec2-user/data/topics/4258 362
@/home/ec2-user/data/topics/4360 363
@/home/ec2-user/data/topics/1867 364
@/home/ec2-user/data/topics/1500 365
@/home/ec2-user/data/topics/4062 366
@/home/ec2-user/data/topics/4603 367
@/home/ec2-user/data/topics/4434 368
@/home/ec2-user/data/topics/1557 369
@/home/ec2-user/data/topics/2166 370
@/home/ec2-user/data/topics/4254 371
@/home/ec2-user/data/topics/4119 372
@/home/ec2-user/data/topics/1044 373
@/home/ec2-user/data/topics/3971 374
@/home/ec2-user/data/topics/4300 375
@/home/ec2-user/data/topics/4359 376
@/home/ec2-user/data/topics/3767 377
@/home/ec2-user/data/topics/4342 378
@/home/ec2-user/data/topics/4650 379
@/home/ec2-user/data/topics/5034 380
@/home/ec2-user/data/topics/4609 381
@/home/ec2-user/data/topics/4244 382
@/home/ec2-user/data/topics/4154 383
@/home/ec2-user/data/topics/4760 384
@/home/ec2-user/data/topics/2022 385
@/home/ec2-user/data/topics/1595 386
@/home/ec2-user/data/topics/4718 387
@/home/ec2-user/data/topics/4081 388
@/home/ec2-user/data/topics/4227 389
@/home/ec2-user/data/topics/4892 390
@/home/ec2-user/data/topics/4278 391
@/home/ec2-user/data/topics/1360 392
@/home/ec2-user/data/topics/1016 393
@/home/ec2-user/data/topics/4404 394
@/home/ec2-user/data/topics/4598 395
@/home/ec2-user/data/topics/4017 396
@/home/ec2-user/data/topics/4398 397
@/home/ec2-user/data/topics/4537 398
@/home/ec2-user/data/topics/1764 399
@/home/ec2-user/data/topics/4209 400
@/home/ec2-user/data/topics/4138 401
@/home/ec2-user/data/topics/4196 402
@/home/ec2-user/data/topics/4260 403
@/home/ec2-user/data/topics/3995 404
@/home/ec2-user/data/topics/4725 405
@/home/ec2-user/data/topics/4082 406
@/home/ec2-user/data/topics/1101 407
@/home/ec2-user/data/topics/4530 408
@/home/ec2-user/data/topics/4388 409
@/home/ec2-user/data/topics/4414 410
@/home/ec2-user/data/topics/4477 411
@/home/ec2-user/data/topics/4440 412
@/home/ec2-user/data/topics/4272 413
@/home/ec2-user/data/topics/1724 414
@/home/ec2-user/data/topics/4338 415
@/home/ec2-user/data/topics/3886 416
@/home/ec2-user/data/topics/1523 417
@/home/ec2-user/data/topics/1100 418
松下電器産業株式会社

@/home/ec2-user/data/topics/4355 419
@/home/ec2-user/data/topics/4126 419
@/home/ec2-user/data/topics/3619 420
@/home/ec2-user/data/topics/4491 421
@/home/ec2-user/data/topics/1158 422
@/home/ec2-user/data/topics/1252 423
@/home/ec2-user/data/topics/3719 424
@/home/ec2-user/data/topics/4475 425
@/home/ec2-user/data/topics/4804 426
@/home/ec2-user/data/topics/3694 427
@/home/ec2-user/data/topics/4280 428
@/home/ec2-user/data/topics/1706 429
@/home/ec2-user/data/topics/3920 430
@/home/ec2-user/data/topics/3739 431
@/home/ec2-user/data/topics/4797 432
@/home/ec2-user/data/topics/3455 433
@/home/ec2-user/data/topics/1136 434
@/home/ec2-user/data/topics/3494 435
@/home/ec2-user/data/topics/4000 436
@/home/ec2-user/data/topics/4577 437
@/home/ec2-user/data/topics/1540 438
@/home/ec2-user/data/topics/4676 439
@/home/ec2-user/data/topics/4307 440
@/home/ec2-user/data/topics/4102 441
@/home/ec2-user/data/topics/4798 442
@/home/ec2-user/data/topics/3519 443
@/home/ec2-user/data/topics/4885 444
@/home/ec2-user/data/topics/3404 445
@/home/ec2-user/data/topics/3510 446
@/home/ec2-user/data/topics/3761 447
@/home/ec2-user/data/topics/1477 448
@/home/ec2-user/data/topics/1955 449
@/home/ec2-user/data/topics/4968 450
@/home/ec2-user/data/topics/1257 451
@/home/ec2-user/data/topics/4917 452
@/home/ec2-user/data/topics/3692 453
@/home/ec2-user/data/topics/1516 454
@/home/ec2-user/data/topics/4274 455
@/home/ec2-user/data/topics/1633 456
@/home/ec2-user/data/topics/4101 457
@/home/ec2-user/data/topics/4303 458
@/home/ec2-user/data/topics/1881 459
@/home/ec2-user/data/topics/3386 460
@/home/ec2-user/data/topics/1829 461
@/home/ec2-user/data/topics/4761 462
@/home/ec2-user/data/topics/2170 463
@/home/ec2-user/data/topics/2222 464
@/home/ec2-user/data/topics/3514 465
@/home/ec2-user/data/topics/4806 466
@/home/ec2-user/data/topics/4215 467
@/home/ec2-user/data/topics/1157 468
@/home/ec2-user/data/topics/3676 469
@/home/ec2-user/data/topics/1525 470
@/home/ec2-user/data/topics/1898 471
@/home/ec2-user/data/topics/5028 472
@/home/ec2-user/data/topics/4264 473
@/home/ec2-user/data/topics/4667 474
@/home/ec2-user/data/topics/4382 475
@/home/ec2-user/data/topics/1762 476
@/home/ec2-user/data/topics/4043 477
@/home/ec2-user/data/topics/4501 478
@/home/ec2-user/data/topics/3746 479
@/home/ec2-user/data/topics/3721 480
@/home/ec2-user/data/topics/1509 481
@/home/ec2-user/data/topics/4385 482
@/home/ec2-user/data/topics/5024 483
@/home/ec2-user/data/topics/3951 484
@/home/ec2-user/data/topics/4448 485
@/home/ec2-user/data/topics/4558 486
@/home/ec2-user/data/topics/3807 487
@/home/ec2-user/data/topics/4817 488
@/home/ec2-user/data/topics/4394 489
@/home/ec2-user/data/topics/4503 490
@/home/ec2-user/data/topics/3680 491
@/home/ec2-user/data/topics/3847 492
@/home/ec2-user/data/topics/3979 493
@/home/ec2-user/data/topics/4918 494
@/home/ec2-user/data/topics/4599 495
@/home/ec2-user/data/topics/1070 496
@/home/ec2-user/data/topics/1701 497
@/home/ec2-user/data/topics/2029 498
@/home/ec2-user/data/topics/4961 499
@/home/ec2-user/data/topics/3658 500
@/home/ec2-user/data/topics/4139 501
@/home/ec2-user/data/topics/3585 502
@/home/ec2-user/data/topics/1812 503
@/home/ec2-user/data/topics/4502 504
@/home/ec2-user/data/topics/3904 505
@/home/ec2-user/data/topics/4160 506
@/home/ec2-user/data/topics/4867 507
@/home/ec2-user/data/topics/4586 508
@/home/ec2-user/data/topics/2156 509
@/home/ec2-user/data/topics/1748 510
@/home/ec2-user/data/topics/3704 511
@/home/ec2-user/data/topics/4945 512
@/home/ec2-user/data/topics/1589 513
@/home/ec2-user/data/topics/4936 514
@/home/ec2-user/data/topics/4574 515
@/home/ec2-user/data/topics/4707 516
@/home/ec2-user/data/topics/1339 517
@/home/ec2-user/data/topics/2129 518
@/home/ec2-user/data/topics/1179 519
@/home/ec2-user/data/topics/4180 520
@/home/ec2-user/data/topics/2056 521
@/home/ec2-user/data/topics/4625 522
@/home/ec2-user/data/topics/4193 523
@/home/ec2-user/data/topics/1705 524
@/home/ec2-user/data/topics/1026 525
@/home/ec2-user/data/topics/4159 526
@/home/ec2-user/data/topics/4098 527
@/home/ec2-user/data/topics/3558 528
@/home/ec2-user/data/topics/2080 529
@/home/ec2-user/data/topics/4157 530
@/home/ec2-user/data/topics/1635 531
@/home/ec2-user/data/topics/4754 532
@/home/ec2-user/data/topics/4787 533
@/home/ec2-user/data/topics/3960 534
@/home/ec2-user/data/topics/1885 535
@/home/ec2-user/data/topics/4422 536
@/home/ec2-user/data/topics/4229 537
@/home/ec2-user/data/topics/4464 538
@/home/ec2-user/data/topics/4459 539
@/home/ec2-user/data/topics/3402 540
セイコーインスツルメンツ株式会社

@/home/ec2-user/data/topics/4088 541
@/home/ec2-user/data/topics/4203 541
@/home/ec2-user/data/topics/4997 542
@/home/ec2-user/data/topics/1707 543
@/home/ec2-user/data/topics/4190 544
@/home/ec2-user/data/topics/4151 545
@/home/ec2-user/data/topics/3626 546
@/home/ec2-user/data/topics/3825 547
@/home/ec2-user/data/topics/4036 548
ミノルタ株式会社

@/home/ec2-user/data/topics/4977 549
@/home/ec2-user/data/topics/4971 549
@/home/ec2-user/data/topics/3545 550
@/home/ec2-user/data/topics/1152 551
@/home/ec2-user/data/topics/2190 552
@/home/ec2-user/data/topics/3584 553
@/home/ec2-user/data/topics/3810 554
@/home/ec2-user/data/topics/4321 555
@/home/ec2-user/data/topics/4984 556
@/home/ec2-user/data/topics/4970 557
@/home/ec2-user/data/topics/4986 558
@/home/ec2-user/data/topics/4951 559
株式会社リコー

@/home/ec2-user/data/topics/3557 560
@/home/ec2-user/data/topics/1225 560
@/home/ec2-user/data/topics/3411 561
@/home/ec2-user/data/topics/1740 562
@/home/ec2-user/data/topics/4265 563
@/home/ec2-user/data/topics/1627 564
@/home/ec2-user/data/topics/3633 565
@/home/ec2-user/data/topics/4879 566
@/home/ec2-user/data/topics/1691 567
@/home/ec2-user/data/topics/1282 568
@/home/ec2-user/data/topics/3669 569
@/home/ec2-user/data/topics/1083 570
@/home/ec2-user/data/topics/1878 571
@/home/ec2-user/data/topics/3555 572
@/home/ec2-user/data/topics/2182 573
@/home/ec2-user/data/topics/2201 574
@/home/ec2-user/data/topics/1514 575
@/home/ec2-user/data/topics/3474 576
@/home/ec2-user/data/topics/3446 577
@/home/ec2-user/data/topics/1106 578
@/home/ec2-user/data/topics/2200 579
@/home/ec2-user/data/topics/1190 580
@/home/ec2-user/data/topics/3687 581
@/home/ec2-user/data/topics/1610 582
@/home/ec2-user/data/topics/1433 583
@/home/ec2-user/data/topics/3880 584
@/home/ec2-user/data/topics/3424 585
@/home/ec2-user/data/topics/4344 586
@/home/ec2-user/data/topics/1974 587
@/home/ec2-user/data/topics/3530 588
@/home/ec2-user/data/topics/1095 589
@/home/ec2-user/data/topics/1774 590
@/home/ec2-user/data/topics/4616 591
@/home/ec2-user/data/topics/1478 592
@/home/ec2-user/data/topics/3750 593
@/home/ec2-user/data/topics/1776 594
@/home/ec2-user/data/topics/1718 595
@/home/ec2-user/data/topics/3472 596
@/home/ec2-user/data/topics/3548 597
@/home/ec2-user/data/topics/3436 598
@/home/ec2-user/data/topics/3574 599
@/home/ec2-user/data/topics/1806 600
@/home/ec2-user/data/topics/3711 601
@/home/ec2-user/data/topics/3394 602
@/home/ec2-user/data/topics/1775 603
@/home/ec2-user/data/topics/3759 604
@/home/ec2-user/data/topics/3837 605
@/home/ec2-user/data/topics/1780 606
@/home/ec2-user/data/topics/1669 607
@/home/ec2-user/data/topics/1436 608
@/home/ec2-user/data/topics/2043 609
@/home/ec2-user/data/topics/2189 610
@/home/ec2-user/data/topics/3495 611
@/home/ec2-user/data/topics/3378 612
@/home/ec2-user/data/topics/2090 613
@/home/ec2-user/data/topics/3523 614
@/home/ec2-user/data/topics/1064 615
@/home/ec2-user/data/topics/1663 616
@/home/ec2-user/data/topics/1755 617
@/home/ec2-user/data/topics/1593 618
@/home/ec2-user/data/topics/4037 619
@/home/ec2-user/data/topics/3775 620
@/home/ec2-user/data/topics/4781 621
@/home/ec2-user/data/topics/3713 622
@/home/ec2-user/data/topics/1668 623
@/home/ec2-user/data/topics/1670 624
@/home/ec2-user/data/topics/1482 625
@/home/ec2-user/data/topics/2006 626
@/home/ec2-user/data/topics/1976 627
@/home/ec2-user/data/topics/3484 628
@/home/ec2-user/data/topics/2219 629
独立行政法人産業技術総合研究所

@/home/ec2-user/data/topics/4777 630
@/home/ec2-user/data/topics/4800 630
@/home/ec2-user/data/topics/4869 631
@/home/ec2-user/data/topics/4739 632
@/home/ec2-user/data/topics/4740 633
@/home/ec2-user/data/topics/1356 634
ソニー株式会社

@/home/ec2-user/data/topics/3401 635
@/home/ec2-user/data/topics/1873 635
@/home/ec2-user/data/topics/1233 636
@/home/ec2-user/data/topics/2105 637
@/home/ec2-user/data/topics/1298 638
@/home/ec2-user/data/topics/1059 639
@/home/ec2-user/data/topics/2058 640
@/home/ec2-user/data/topics/3955 641
@/home/ec2-user/data/topics/5027 642
@/home/ec2-user/data/topics/1491 643
@/home/ec2-user/data/topics/1602 644
@/home/ec2-user/data/topics/4219 645
@/home/ec2-user/data/topics/3975 646
@/home/ec2-user/data/topics/1749 647
@/home/ec2-user/data/topics/1147 648
@/home/ec2-user/data/topics/1884 649
@/home/ec2-user/data/topics/1892 650
@/home/ec2-user/data/topics/1686 651
@/home/ec2-user/data/topics/1912 652
@/home/ec2-user/data/topics/1926 653
@/home/ec2-user/data/topics/1426 654
@/home/ec2-user/data/topics/2048 655
@/home/ec2-user/data/topics/1218 656
@/home/ec2-user/data/topics/2075 657
@/home/ec2-user/data/topics/2052 658
@/home/ec2-user/data/topics/4184 659
@/home/ec2-user/data/topics/1954 660
@/home/ec2-user/data/topics/1102 661
@/home/ec2-user/data/topics/4351 662
@/home/ec2-user/data/topics/1380 663
@/home/ec2-user/data/topics/1836 664
@/home/ec2-user/data/topics/1414 665
@/home/ec2-user/data/topics/3392 666
@/home/ec2-user/data/topics/1679 667
@/home/ec2-user/data/topics/1778 668
@/home/ec2-user/data/topics/1397 669
@/home/ec2-user/data/topics/3872 670
@/home/ec2-user/data/topics/3456 671
@/home/ec2-user/data/topics/1291 672
@/home/ec2-user/data/topics/2059 673
@/home/ec2-user/data/topics/4224 674
@/home/ec2-user/data/topics/1967 675
@/home/ec2-user/data/topics/1435 676
@/home/ec2-user/data/topics/3924 677
@/home/ec2-user/data/topics/2037 678
@/home/ec2-user/data/topics/2094 679
@/home/ec2-user/data/topics/1471 680
富士ゼロックス株式会社

@/home/ec2-user/data/topics/3473 681
@/home/ec2-user/data/topics/3695 681
@/home/ec2-user/data/topics/3661 682
@/home/ec2-user/data/topics/3564 683
@/home/ec2-user/data/topics/3383 684
@/home/ec2-user/data/topics/1560 685
@/home/ec2-user/data/topics/4108 686
@/home/ec2-user/data/topics/3407 687
@/home/ec2-user/data/topics/5031 688
@/home/ec2-user/data/topics/3782 689
@/home/ec2-user/data/topics/3662 690
@/home/ec2-user/data/topics/3790 691
@/home/ec2-user/data/topics/1947 692
@/home/ec2-user/data/topics/3640 693
@/home/ec2-user/data/topics/3366 694
住友金属工業株式会社

@/home/ec2-user/data/topics/4661 695
@/home/ec2-user/data/topics/4322 695
@/home/ec2-user/data/topics/4182 696
@/home/ec2-user/data/topics/4991 697
@/home/ec2-user/data/topics/1268 698
@/home/ec2-user/data/topics/4733 699
@/home/ec2-user/data/topics/3826 700
@/home/ec2-user/data/topics/3577 701
@/home/ec2-user/data/topics/4021 702
@/home/ec2-user/data/topics/4534 703
@/home/ec2-user/data/topics/4295 704
@/home/ec2-user/data/topics/3655 705
日立電線株式会社

@/home/ec2-user/data/topics/1027 706
@/home/ec2-user/data/topics/1305 706
@/home/ec2-user/data/topics/4329 707
@/home/ec2-user/data/topics/1388 708
@/home/ec2-user/data/topics/3756 709
@/home/ec2-user/data/topics/1117 710
@/home/ec2-user/data/topics/4357 711
@/home/ec2-user/data/topics/3930 712
@/home/ec2-user/data/topics/4356 713
キヤノン株式会社

@/home/ec2-user/data/topics/1975 714
@/home/ec2-user/data/topics/3376 714
@/home/ec2-user/data/topics/1208 715
@/home/ec2-user/data/topics/2107 716
@/home/ec2-user/data/topics/4628 717
@/home/ec2-user/data/topics/3730 718
@/home/ec2-user/data/topics/4054 719
@/home/ec2-user/data/topics/4521 720
@/home/ec2-user/data/topics/3628 721
@/home/ec2-user/data/topics/3374 722
@/home/ec2-user/data/topics/3722 723
@/home/ec2-user/data/topics/3656 724
@/home/ec2-user/data/topics/3967 725
@/home/ec2-user/data/topics/1745 726
@/home/ec2-user/data/topics/3720 727
@/home/ec2-user/data/topics/3410 728
@/home/ec2-user/data/topics/3454 729
@/home/ec2-user/data/topics/1080 730
@/home/ec2-user/data/topics/2145 731
@/home/ec2-user/data/topics/3441 732
@/home/ec2-user/data/topics/3737 733
@/home/ec2-user/data/topics/3843 734
@/home/ec2-user/data/topics/1216 735
@/home/ec2-user/data/topics/4520 736
@/home/ec2-user/data/topics/1847 737
@/home/ec2-user/data/topics/3434 738
@/home/ec2-user/data/topics/1568 739
@/home/ec2-user/data/topics/3642 740
@/home/ec2-user/data/topics/1124 741
@/home/ec2-user/data/topics/2004 742
@/home/ec2-user/data/topics/4610 743
@/home/ec2-user/data/topics/1866 744
@/home/ec2-user/data/topics/3949 745
@/home/ec2-user/data/topics/1895 746
@/home/ec2-user/data/topics/3660 747
@/home/ec2-user/data/topics/1118 748
@/home/ec2-user/data/topics/1848 749
@/home/ec2-user/data/topics/1802 750
@/home/ec2-user/data/topics/3417 751
@/home/ec2-user/data/topics/3445 752
@/home/ec2-user/data/topics/3420 753
@/home/ec2-user/data/topics/1590 754
@/home/ec2-user/data/topics/1889 755
@/home/ec2-user/data/topics/1631 756
@/home/ec2-user/data/topics/4068 757
@/home/ec2-user/data/topics/4937 758
@/home/ec2-user/data/topics/3438 759
@/home/ec2-user/data/topics/1519 760
@/home/ec2-user/data/topics/3852 761
@/home/ec2-user/data/topics/1744 762
@/home/ec2-user/data/topics/1539 763
@/home/ec2-user/data/topics/1228 764
@/home/ec2-user/data/topics/2053 765
@/home/ec2-user/data/topics/4363 766
@/home/ec2-user/data/topics/1790 767
@/home/ec2-user/data/topics/1455 768
@/home/ec2-user/data/topics/3430 769
@/home/ec2-user/data/topics/2231 770
@/home/ec2-user/data/topics/1513 771
@/home/ec2-user/data/topics/4350 772
@/home/ec2-user/data/topics/1646 773
@/home/ec2-user/data/topics/4020 774
@/home/ec2-user/data/topics/3996 775
@/home/ec2-user/data/topics/3416 776
@/home/ec2-user/data/topics/1438 777
@/home/ec2-user/data/topics/4948 778
@/home/ec2-user/data/topics/3415 779
@/home/ec2-user/data/topics/3755 780
@/home/ec2-user/data/topics/3958 781
@/home/ec2-user/data/topics/2117 782
@/home/ec2-user/data/topics/4947 783
@/home/ec2-user/data/topics/1961 784
@/home/ec2-user/data/topics/2243 785
三洋電機株式会社

@/home/ec2-user/data/topics/4612 786
@/home/ec2-user/data/topics/3986 786
@/home/ec2-user/data/topics/1289 787
@/home/ec2-user/data/topics/4301 788
@/home/ec2-user/data/topics/4150 789
@/home/ec2-user/data/topics/4179 790
@/home/ec2-user/data/topics/4474 791
@/home/ec2-user/data/topics/1479 792
@/home/ec2-user/data/topics/4060 793
@/home/ec2-user/data/topics/2194 794
@/home/ec2-user/data/topics/5002 795
@/home/ec2-user/data/topics/4178 796
@/home/ec2-user/data/topics/4066 797
@/home/ec2-user/data/topics/3403 798
@/home/ec2-user/data/topics/4679 799
@/home/ec2-user/data/topics/3781 800
@/home/ec2-user/data/topics/4604 801
@/home/ec2-user/data/topics/1451 802
@/home/ec2-user/data/topics/4983 803
@/home/ec2-user/data/topics/3808 804
@/home/ec2-user/data/topics/3859 805
@/home/ec2-user/data/topics/2230 806
@/home/ec2-user/data/topics/3581 807
@/home/ec2-user/data/topics/4492 808
@/home/ec2-user/data/topics/3491 809
@/home/ec2-user/data/topics/1653 810
@/home/ec2-user/data/topics/4788 811
@/home/ec2-user/data/topics/1488 812
@/home/ec2-user/data/topics/4039 813
@/home/ec2-user/data/topics/3845 814
@/home/ec2-user/data/topics/4061 815
@/home/ec2-user/data/topics/2071 816
@/home/ec2-user/data/topics/4376 817
@/home/ec2-user/data/topics/4654 818
@/home/ec2-user/data/topics/4212 819
@/home/ec2-user/data/topics/3754 820
@/home/ec2-user/data/topics/3708 821
@/home/ec2-user/data/topics/3681 822
@/home/ec2-user/data/topics/3398 823
@/home/ec2-user/data/topics/2098 824
@/home/ec2-user/data/topics/4328 825
@/home/ec2-user/data/topics/1515 826
@/home/ec2-user/data/topics/3830 827
@/home/ec2-user/data/topics/4960 828
@/home/ec2-user/data/topics/4015 829
@/home/ec2-user/data/topics/4304 830
@/home/ec2-user/data/topics/3817 831
@/home/ec2-user/data/topics/2054 832
@/home/ec2-user/data/topics/1079 833
@/home/ec2-user/data/topics/3974 834
@/home/ec2-user/data/topics/4763 835
@/home/ec2-user/data/topics/4527 836
@/home/ec2-user/data/topics/4726 837
@/home/ec2-user/data/topics/4978 838
@/home/ec2-user/data/topics/3625 839
@/home/ec2-user/data/topics/3953 840
@/home/ec2-user/data/topics/3539 841
@/home/ec2-user/data/topics/4099 842
@/home/ec2-user/data/topics/1980 843
@/home/ec2-user/data/topics/4571 844
@/home/ec2-user/data/topics/2014 845
@/home/ec2-user/data/topics/4384 846
@/home/ec2-user/data/topics/1386 847
@/home/ec2-user/data/topics/4720 848
@/home/ec2-user/data/topics/1321 849
@/home/ec2-user/data/topics/3889 850
@/home/ec2-user/data/topics/3926 851
@/home/ec2-user/data/topics/1722 852
@/home/ec2-user/data/topics/1652 853
@/home/ec2-user/data/topics/4837 854
@/home/ec2-user/data/topics/1163 855
@/home/ec2-user/data/topics/3906 856
@/home/ec2-user/data/topics/3492 857
@/home/ec2-user/data/topics/1246 858
@/home/ec2-user/data/topics/4001 859
@/home/ec2-user/data/topics/2063 860
@/home/ec2-user/data/topics/5011 861
@/home/ec2-user/data/topics/1671 862
@/home/ec2-user/data/topics/3804 863
三菱電機株式会社

@/home/ec2-user/data/topics/3841 864
@/home/ec2-user/data/topics/3774 864
@/home/ec2-user/data/topics/2146 865
@/home/ec2-user/data/topics/4041 866
@/home/ec2-user/data/topics/4614 867
@/home/ec2-user/data/topics/1792 868
@/home/ec2-user/data/topics/3595 869
@/home/ec2-user/data/topics/3747 870
@/home/ec2-user/data/topics/3412 871
@/home/ec2-user/data/topics/3465 872
@/home/ec2-user/data/topics/3612 873
@/home/ec2-user/data/topics/4221 874
@/home/ec2-user/data/topics/3493 875
@/home/ec2-user/data/topics/4419 876
@/home/ec2-user/data/topics/3873 877
@/home/ec2-user/data/topics/3453 878
@/home/ec2-user/data/topics/4518 879
@/home/ec2-user/data/topics/3469 880
@/home/ec2-user/data/topics/1872 881
@/home/ec2-user/data/topics/1536 882
@/home/ec2-user/data/topics/4552 883
@/home/ec2-user/data/topics/3592 884
@/home/ec2-user/data/topics/3506 885
@/home/ec2-user/data/topics/3490 886
@/home/ec2-user/data/topics/3616 887
@/home/ec2-user/data/topics/1754 888
@/home/ec2-user/data/topics/4562 889
@/home/ec2-user/data/topics/3820 890
@/home/ec2-user/data/topics/3800 891
@/home/ec2-user/data/topics/3666 892
@/home/ec2-user/data/topics/4220 893
@/home/ec2-user/data/topics/4834 894
@/home/ec2-user/data/topics/5033 895
@/home/ec2-user/data/topics/3409 896
@/home/ec2-user/data/topics/3451 897
@/home/ec2-user/data/topics/1220 898
@/home/ec2-user/data/topics/4514 899
@/home/ec2-user/data/topics/4880 900
@/home/ec2-user/data/topics/1738 901
@/home/ec2-user/data/topics/4047 902
@/home/ec2-user/data/topics/4181 903
@/home/ec2-user/data/topics/3466 904
@/home/ec2-user/data/topics/5032 905
@/home/ec2-user/data/topics/3921 906
@/home/ec2-user/data/topics/3609 907
@/home/ec2-user/data/topics/4149 908
@/home/ec2-user/data/topics/4980 909
@/home/ec2-user/data/topics/4305 910
@/home/ec2-user/data/topics/4663 911
@/home/ec2-user/data/topics/3856 912
@/home/ec2-user/data/topics/4233 913
@/home/ec2-user/data/topics/4282 914
@/home/ec2-user/data/topics/1110 915
@/home/ec2-user/data/topics/4133 916
@/home/ec2-user/data/topics/4076 917
@/home/ec2-user/data/topics/3963 918
@/home/ec2-user/data/topics/3397 919
@/home/ec2-user/data/topics/4235 920
住友ゴム工業株式会社

@/home/ec2-user/data/topics/2007 921
@/home/ec2-user/data/topics/1114 921
@/home/ec2-user/data/topics/4048 922
@/home/ec2-user/data/topics/4597 923
@/home/ec2-user/data/topics/4406 924
@/home/ec2-user/data/topics/1758 925
@/home/ec2-user/data/topics/4568 926
セイコーエプソン株式会社

@/home/ec2-user/data/topics/1938 927
@/home/ec2-user/data/topics/1378 927
@/home/ec2-user/data/topics/3505 928
@/home/ec2-user/data/topics/3887 929
@/home/ec2-user/data/topics/2165 930
@/home/ec2-user/data/topics/3361 931
@/home/ec2-user/data/topics/3589 932
@/home/ec2-user/data/topics/4719 933
@/home/ec2-user/data/topics/3985 934
@/home/ec2-user/data/topics/4109 935
@/home/ec2-user/data/topics/1343 936
@/home/ec2-user/data/topics/4454 937
@/home/ec2-user/data/topics/4585 938
@/home/ec2-user/data/topics/2078 939
@/home/ec2-user/data/topics/1890 940
@/home/ec2-user/data/topics/3476 941
@/home/ec2-user/data/topics/4605 942
@/home/ec2-user/data/topics/1423 943
@/home/ec2-user/data/topics/4386 944
@/home/ec2-user/data/topics/4802 945
@/home/ec2-user/data/topics/1484 946
@/home/ec2-user/data/topics/4022 947
@/home/ec2-user/data/topics/4801 948
@/home/ec2-user/data/topics/1641 949
@/home/ec2-user/data/topics/3819 950
@/home/ec2-user/data/topics/3910 951
株式会社三共

@/home/ec2-user/data/topics/4868 952
@/home/ec2-user/data/topics/1665 952
@/home/ec2-user/data/topics/1648 953
@/home/ec2-user/data/topics/1189 954
@/home/ec2-user/data/topics/2123 955
@/home/ec2-user/data/topics/4374 956
@/home/ec2-user/data/topics/1086 957
@/home/ec2-user/data/topics/1377 958
@/home/ec2-user/data/topics/2060 959
沖電気工業株式会社

@/home/ec2-user/data/topics/3571 960
@/home/ec2-user/data/topics/4308 960
@/home/ec2-user/data/topics/1188 961
@/home/ec2-user/data/topics/3457 962
@/home/ec2-user/data/topics/1531 963
@/home/ec2-user/data/topics/4299 964
@/home/ec2-user/data/topics/4575 965
@/home/ec2-user/data/topics/3433 966
@/home/ec2-user/data/topics/3621 967
@/home/ec2-user/data/topics/4693 968
@/home/ec2-user/data/topics/3395 969
@/home/ec2-user/data/topics/3690 970
@/home/ec2-user/data/topics/3964 971
@/home/ec2-user/data/topics/3764 972
株式会社三星

@/home/ec2-user/data/topics/1728 973
@/home/ec2-user/data/topics/1733 973
@/home/ec2-user/data/topics/3942 974
@/home/ec2-user/data/topics/1260 975
@/home/ec2-user/data/topics/2198 976
@/home/ec2-user/data/topics/2108 977
日本ビクター株式会社

@/home/ec2-user/data/topics/3939 978
@/home/ec2-user/data/topics/3603 978
@/home/ec2-user/data/topics/1440 979
@/home/ec2-user/data/topics/4123 980
@/home/ec2-user/data/topics/1520 981
@/home/ec2-user/data/topics/4672 982
@/home/ec2-user/data/topics/3620 983
@/home/ec2-user/data/topics/1823 984
@/home/ec2-user/data/topics/1389 985
@/home/ec2-user/data/topics/3882 986
@/home/ec2-user/data/topics/4056 987
花王株式会社

@/home/ec2-user/data/topics/4445 988
@/home/ec2-user/data/topics/1022 988
@/home/ec2-user/data/topics/1767 989
@/home/ec2-user/data/topics/4211 990
@/home/ec2-user/data/topics/3812 991
@/home/ec2-user/data/topics/4287 992
@/home/ec2-user/data/topics/3999 993
@/home/ec2-user/data/topics/2214 994
@/home/ec2-user/data/topics/4249 995
@/home/ec2-user/data/topics/1196 996
@/home/ec2-user/data/topics/4827 997
@/home/ec2-user/data/topics/3753 998
@/home/ec2-user/data/topics/3884 999
三田工業株式会社

@/home/ec2-user/data/topics/1269 1000
@/home/ec2-user/data/topics/2155 1000
@/home/ec2-user/data/topics/1766 1001
@/home/ec2-user/data/topics/3923 1002
@/home/ec2-user/data/topics/1034 1003
@/home/ec2-user/data/topics/1033 1004
@/home/ec2-user/data/topics/3604 1005
@/home/ec2-user/data/topics/2136 1006
@/home/ec2-user/data/topics/3842 1007
豊丸産業株式会社

@/home/ec2-user/data/topics/1126 1008
@/home/ec2-user/data/topics/2169 1008
@/home/ec2-user/data/topics/1353 1009
@/home/ec2-user/data/topics/1713 1010
@/home/ec2-user/data/topics/1401 1011
@/home/ec2-user/data/topics/1138 1012
@/home/ec2-user/data/topics/1726 1013
@/home/ec2-user/data/topics/4847 1014
@/home/ec2-user/data/topics/1284 1015
@/home/ec2-user/data/topics/1914 1016
@/home/ec2-user/data/topics/1097 1017
@/home/ec2-user/data/topics/2011 1018
@/home/ec2-user/data/topics/1677 1019
@/home/ec2-user/data/topics/3672 1020
@/home/ec2-user/data/topics/1588 1021
鐘紡株式会社

@/home/ec2-user/data/topics/1870 1022
@/home/ec2-user/data/topics/3634 1022
@/home/ec2-user/data/topics/2223 1023
@/home/ec2-user/data/topics/1886 1024
@/home/ec2-user/data/topics/1054 1025
@/home/ec2-user/data/topics/2185 1026
@/home/ec2-user/data/topics/4195 1027
@/home/ec2-user/data/topics/1367 1028
@/home/ec2-user/data/topics/1901 1029
@/home/ec2-user/data/topics/3551 1030
@/home/ec2-user/data/topics/3560 1031
@/home/ec2-user/data/topics/1842 1032
@/home/ec2-user/data/topics/3566 1033
@/home/ec2-user/data/topics/1304 1034
@/home/ec2-user/data/topics/1178 1035
@/home/ec2-user/data/topics/2034 1036
株式会社デンソー

@/home/ec2-user/data/topics/4805 1037
@/home/ec2-user/data/topics/4024 1037
@/home/ec2-user/data/topics/4498 1038
@/home/ec2-user/data/topics/4164 1039
@/home/ec2-user/data/topics/4483 1040
@/home/ec2-user/data/topics/4840 1041
@/home/ec2-user/data/topics/4656 1042
@/home/ec2-user/data/topics/3480 1043
@/home/ec2-user/data/topics/4675 1044
@/home/ec2-user/data/topics/4046 1045
@/home/ec2-user/data/topics/4423 1046
@/home/ec2-user/data/topics/1028 1047
@/home/ec2-user/data/topics/3406 1048
@/home/ec2-user/data/topics/1855 1049
@/home/ec2-user/data/topics/3421 1050
@/home/ec2-user/data/topics/3710 1051
@/home/ec2-user/data/topics/4622 1052
富士写真フイルム株式会社

@/home/ec2-user/data/topics/3918 1053
@/home/ec2-user/data/topics/1603 1053
@/home/ec2-user/data/topics/3354 1054
@/home/ec2-user/data/topics/3857 1055
@/home/ec2-user/data/topics/4962 1056
@/home/ec2-user/data/topics/1244 1057
@/home/ec2-user/data/topics/3447 1058
@/home/ec2-user/data/topics/2134 1059
@/home/ec2-user/data/topics/3911 1060
@/home/ec2-user/data/topics/1662 1061
@/home/ec2-user/data/topics/1570 1062
京セラ株式会社

@/home/ec2-user/data/topics/4513 1063
@/home/ec2-user/data/topics/1913 1063
@/home/ec2-user/data/topics/3593 1064
@/home/ec2-user/data/topics/1485 1065
@/home/ec2-user/data/topics/1741 1066
@/home/ec2-user/data/topics/4031 1067
@/home/ec2-user/data/topics/3869 1068
@/home/ec2-user/data/topics/4901 1069
@/home/ec2-user/data/topics/3741 1070
@/home/ec2-user/data/topics/1708 1071
@/home/ec2-user/data/topics/3615 1072
@/home/ec2-user/data/topics/4340 1073
イビデン株式会社

@/home/ec2-user/data/topics/1315 1074
@/home/ec2-user/data/topics/3814 1074
@/home/ec2-user/data/topics/1952 1075
@/home/ec2-user/data/topics/2033 1076
@/home/ec2-user/data/topics/1770 1077
@/home/ec2-user/data/topics/1336 1078
@/home/ec2-user/data/topics/1682 1079
株式会社東芝

@/home/ec2-user/data/topics/1819 1080
@/home/ec2-user/data/topics/4172 1080
@/home/ec2-user/data/topics/1757 1081
@/home/ec2-user/data/topics/2241 1082
@/home/ec2-user/data/topics/3890 1083
@/home/ec2-user/data/topics/3834 1084
@/home/ec2-user/data/topics/4631 1085
@/home/ec2-user/data/topics/4594 1086
@/home/ec2-user/data/topics/3716 1087
@/home/ec2-user/data/topics/3851 1088
@/home/ec2-user/data/topics/4509 1089
@/home/ec2-user/data/topics/4623 1090
@/home/ec2-user/data/topics/3689 1091
@/home/ec2-user/data/topics/3618 1092
@/home/ec2-user/data/topics/4912 1093
@/home/ec2-user/data/topics/3542 1094
@/home/ec2-user/data/topics/1997 1095
@/home/ec2-user/data/topics/1585 1096
@/home/ec2-user/data/topics/4302 1097
@/home/ec2-user/data/topics/3881 1098
@/home/ec2-user/data/topics/4057 1099
@/home/ec2-user/data/topics/1332 1100
@/home/ec2-user/data/topics/3351 1101
@/home/ec2-user/data/topics/3988 1102
@/home/ec2-user/data/topics/3795 1103
@/home/ec2-user/data/topics/4292 1104
@/home/ec2-user/data/topics/4096 1105
@/home/ec2-user/data/topics/1205 1106
@/home/ec2-user/data/topics/4566 1107
@/home/ec2-user/data/topics/3380 1108
@/home/ec2-user/data/topics/3683 1109
@/home/ec2-user/data/topics/3948 1110
@/home/ec2-user/data/topics/3363 1111
@/home/ec2-user/data/topics/4535 1112
@/home/ec2-user/data/topics/1132 1113
@/home/ec2-user/data/topics/4183 1114
@/home/ec2-user/data/topics/4842 1115
@/home/ec2-user/data/topics/4863 1116
@/home/ec2-user/data/topics/4197 1117
@/home/ec2-user/data/topics/3990 1118
@/home/ec2-user/data/topics/4935 1119
@/home/ec2-user/data/topics/3598 1120
@/home/ec2-user/data/topics/4751 1121
@/home/ec2-user/data/topics/3688 1122
@/home/ec2-user/data/topics/4336 1123
@/home/ec2-user/data/topics/4381 1124
@/home/ec2-user/data/topics/3352 1125
@/home/ec2-user/data/topics/1756 1126
@/home/ec2-user/data/topics/4361 1127
@/home/ec2-user/data/topics/4755 1128
@/home/ec2-user/data/topics/3360 1129
@/home/ec2-user/data/topics/4881 1130
@/home/ec2-user/data/topics/1090 1131
@/home/ec2-user/data/topics/4140 1132
@/home/ec2-user/data/topics/3734 1133
@/home/ec2-user/data/topics/3732 1134
@/home/ec2-user/data/topics/3462 1135
@/home/ec2-user/data/topics/4165 1136
@/home/ec2-user/data/topics/4009 1137
@/home/ec2-user/data/topics/3780 1138
@/home/ec2-user/data/topics/4089 1139
ヤマハ株式会社

@/home/ec2-user/data/topics/3972 1140
@/home/ec2-user/data/topics/4084 1140
@/home/ec2-user/data/topics/4954 1141
@/home/ec2-user/data/topics/4145 1142
@/home/ec2-user/data/topics/1676 1143
@/home/ec2-user/data/topics/1443 1144
@/home/ec2-user/data/topics/4125 1145
@/home/ec2-user/data/topics/4177 1146
@/home/ec2-user/data/topics/1720 1147
@/home/ec2-user/data/topics/4919 1148
@/home/ec2-user/data/topics/1911 1149
@/home/ec2-user/data/topics/4045 1150
@/home/ec2-user/data/topics/4010 1151
東洋紡績株式会社

@/home/ec2-user/data/topics/4366 1152
@/home/ec2-user/data/topics/4284 1152
@/home/ec2-user/data/topics/4362 1153
@/home/ec2-user/data/topics/1029 1154
@/home/ec2-user/data/topics/3769 1155
@/home/ec2-user/data/topics/1613 1156
三菱化学株式会社

@/home/ec2-user/data/topics/1699 1157
@/home/ec2-user/data/topics/3458 1157
@/home/ec2-user/data/topics/1197 1158
@/home/ec2-user/data/topics/3638 1159
@/home/ec2-user/data/topics/3513 1160
@/home/ec2-user/data/topics/1902 1161
カシオ計算機株式会社

@/home/ec2-user/data/topics/1047 1162
@/home/ec2-user/data/topics/2180 1162
@/home/ec2-user/data/topics/3391 1163
@/home/ec2-user/data/topics/1235 1164
@/home/ec2-user/data/topics/1368 1165
@/home/ec2-user/data/topics/1794 1166
@/home/ec2-user/data/topics/2237 1167
@/home/ec2-user/data/topics/1535 1168
コナミ株式会社

@/home/ec2-user/data/topics/1302 1169
@/home/ec2-user/data/topics/1672 1169
@/home/ec2-user/data/topics/2100 1170
@/home/ec2-user/data/topics/2151 1171
@/home/ec2-user/data/topics/4602 1172
@/home/ec2-user/data/topics/5015 1173
@/home/ec2-user/data/topics/1621 1174
@/home/ec2-user/data/topics/4681 1175
大日本スクリーン製造株式会社

@/home/ec2-user/data/topics/2172 1176
@/home/ec2-user/data/topics/1130 1176
@/home/ec2-user/data/topics/2209 1177
@/home/ec2-user/data/topics/1779 1178
@/home/ec2-user/data/topics/1608 1179
@/home/ec2-user/data/topics/3742 1180
@/home/ec2-user/data/topics/1173 1181
オムロン株式会社

@/home/ec2-user/data/topics/3597 1182
@/home/ec2-user/data/topics/1657 1182
@/home/ec2-user/data/topics/3863 1183
@/home/ec2-user/data/topics/1841 1184
@/home/ec2-user/data/topics/3594 1185
@/home/ec2-user/data/topics/1933 1186
@/home/ec2-user/data/topics/1533 1187
@/home/ec2-user/data/topics/1135 1188
@/home/ec2-user/data/topics/1151 1189
@/home/ec2-user/data/topics/3748 1190
@/home/ec2-user/data/topics/4771 1191
@/home/ec2-user/data/topics/1579 1192
@/home/ec2-user/data/topics/1067 1193
@/home/ec2-user/data/topics/3700 1194
@/home/ec2-user/data/topics/2096 1195
株式会社日立製作所

@/home/ec2-user/data/topics/3461 1196
@/home/ec2-user/data/topics/3599 1196
@/home/ec2-user/data/topics/1693 1197
@/home/ec2-user/data/topics/4401 1198
@/home/ec2-user/data/topics/1640 1199
@/home/ec2-user/data/topics/3439 1200
@/home/ec2-user/data/topics/3350 1201
@/home/ec2-user/data/topics/1987 1202
@/home/ec2-user/data/topics/4493 1203
@/home/ec2-user/data/topics/1651 1204
@/home/ec2-user/data/topics/2239 1205
@/home/ec2-user/data/topics/1249 1206
@/home/ec2-user/data/topics/4559 1207
@/home/ec2-user/data/topics/1340 1208
@/home/ec2-user/data/topics/3432 1209
@/home/ec2-user/data/topics/4799 1210
@/home/ec2-user/data/topics/2019 1211
@/home/ec2-user/data/topics/4489 1212
@/home/ec2-user/data/topics/3659 1213
@/home/ec2-user/data/topics/4040 1214
@/home/ec2-user/data/topics/1826 1215
@/home/ec2-user/data/topics/4058 1216
@/home/ec2-user/data/topics/3596 1217
@/home/ec2-user/data/topics/3665 1218
@/home/ec2-user/data/topics/4420 1219
@/home/ec2-user/data/topics/1487 1220
@/home/ec2-user/data/topics/4547 1221
@/home/ec2-user/data/topics/3531 1222
@/home/ec2-user/data/topics/4166 1223
@/home/ec2-user/data/topics/4122 1224
@/home/ec2-user/data/topics/1296 1225
@/home/ec2-user/data/topics/1463 1226
@/home/ec2-user/data/topics/1082 1227
@/home/ec2-user/data/topics/4943 1228
@/home/ec2-user/data/topics/2081 1229
@/home/ec2-user/data/topics/3973 1230
@/home/ec2-user/data/topics/1501 1231
@/home/ec2-user/data/topics/3779 1232
@/home/ec2-user/data/topics/3965 1233
@/home/ec2-user/data/topics/3570 1234
@/home/ec2-user/data/topics/1247 1235
@/home/ec2-user/data/topics/3968 1236
@/home/ec2-user/data/topics/3488 1237
@/home/ec2-user/data/topics/1882 1238
@/home/ec2-user/data/topics/3524 1239
@/home/ec2-user/data/topics/1833 1240
@/home/ec2-user/data/topics/2184 1241
@/home/ec2-user/data/topics/4545 1242
@/home/ec2-user/data/topics/3384 1243
@/home/ec2-user/data/topics/3691 1244
@/home/ec2-user/data/topics/4990 1245
@/home/ec2-user/data/topics/1825 1246
@/home/ec2-user/data/topics/4830 1247
@/home/ec2-user/data/topics/3994 1248
@/home/ec2-user/data/topics/3822 1249
@/home/ec2-user/data/topics/4402 1250
@/home/ec2-user/data/topics/1562 1251
@/home/ec2-user/data/topics/3588 1252
@/home/ec2-user/data/topics/1072 1253
@/home/ec2-user/data/topics/1278 1254
@/home/ec2-user/data/topics/4621 1255
@/home/ec2-user/data/topics/1880 1256
@/home/ec2-user/data/topics/3471 1257
@/home/ec2-user/data/topics/1105 1258
@/home/ec2-user/data/topics/3993 1259
@/home/ec2-user/data/topics/4551 1260
@/home/ec2-user/data/topics/3772 1261
@/home/ec2-user/data/topics/1334 1262
@/home/ec2-user/data/topics/5030 1263
@/home/ec2-user/data/topics/3648 1264
@/home/ec2-user/data/topics/3706 1265
@/home/ec2-user/data/topics/3440 1266
@/home/ec2-user/data/topics/5029 1267
@/home/ec2-user/data/topics/1667 1268
凸版印刷株式会社

@/home/ec2-user/data/topics/1977 1269
@/home/ec2-user/data/topics/1091 1269
@/home/ec2-user/data/topics/3500 1270
@/home/ec2-user/data/topics/4874 1271
@/home/ec2-user/data/topics/3624 1272
@/home/ec2-user/data/topics/3526 1273
@/home/ec2-user/data/topics/1765 1274
株式会社ノーリツ

@/home/ec2-user/data/topics/4776 1275
@/home/ec2-user/data/topics/1290 1275
@/home/ec2-user/data/topics/4354 1276
@/home/ec2-user/data/topics/2116 1277
@/home/ec2-user/data/topics/1760 1278
@/home/ec2-user/data/topics/1598 1279
@/home/ec2-user/data/topics/4206 1280
@/home/ec2-user/data/topics/1618 1281
川崎重工業株式会社

@/home/ec2-user/data/topics/4944 1282
@/home/ec2-user/data/topics/1172 1282
@/home/ec2-user/data/topics/4866 1283
@/home/ec2-user/data/topics/5025 1284
@/home/ec2-user/data/topics/4793 1285
@/home/ec2-user/data/topics/1162 1286
@/home/ec2-user/data/topics/4572 1287
@/home/ec2-user/data/topics/4756 1288
ティーディーケイ株式会社

@/home/ec2-user/data/topics/3798 1289
@/home/ec2-user/data/topics/1510 1289
@/home/ec2-user/data/topics/4619 1290
@/home/ec2-user/data/topics/2210 1291
@/home/ec2-user/data/topics/2202 1292
@/home/ec2-user/data/topics/3792 1293
@/home/ec2-user/data/topics/1129 1294
@/home/ec2-user/data/topics/3909 1295
@/home/ec2-user/data/topics/1409 1296
京セラミタ株式会社

@/home/ec2-user/data/topics/4564 1297
@/home/ec2-user/data/topics/4973 1297
@/home/ec2-user/data/topics/2141 1298
@/home/ec2-user/data/topics/4174 1299
@/home/ec2-user/data/topics/1032 1300
@/home/ec2-user/data/topics/4985 1301
@/home/ec2-user/data/topics/1930 1302
株式会社クボタ

@/home/ec2-user/data/topics/3919 1303
@/home/ec2-user/data/topics/1448 1303
@/home/ec2-user/data/topics/3854 1304
@/home/ec2-user/data/topics/1734 1305
@/home/ec2-user/data/topics/1280 1306
@/home/ec2-user/data/topics/4251 1307
@/home/ec2-user/data/topics/4745 1308
@/home/ec2-user/data/topics/1012 1309
@/home/ec2-user/data/topics/4379 1310
@/home/ec2-user/data/topics/3823 1311
シャープ株式会社

@/home/ec2-user/data/topics/3777 1312
@/home/ec2-user/data/topics/4683 1312
@/home/ec2-user/data/topics/1685 1313
@/home/ec2-user/data/topics/4173 1314
@/home/ec2-user/data/topics/4256 1315
@/home/ec2-user/data/topics/3981 1316
@/home/ec2-user/data/topics/4252 1317
@/home/ec2-user/data/topics/4005 1318
@/home/ec2-user/data/topics/3832 1319
@/home/ec2-user/data/topics/3762 1320
@/home/ec2-user/data/topics/4105 1321
@/home/ec2-user/data/topics/1258 1322
@/home/ec2-user/data/topics/1970 1323
@/home/ec2-user/data/topics/4691 1324
@/home/ec2-user/data/topics/3578 1325
@/home/ec2-user/data/topics/2118 1326
@/home/ec2-user/data/topics/3450 1327
@/home/ec2-user/data/topics/1384 1328
@/home/ec2-user/data/topics/2084 1329
@/home/ec2-user/data/topics/4861 1330
@/home/ec2-user/data/topics/4214 1331
@/home/ec2-user/data/topics/1419 1332
@/home/ec2-user/data/topics/1209 1333
@/home/ec2-user/data/topics/4469 1334
@/home/ec2-user/data/topics/4230 1335
@/home/ec2-user/data/topics/4519 1336
@/home/ec2-user/data/topics/3871 1337
@/home/ec2-user/data/topics/1174 1338
@/home/ec2-user/data/topics/3610 1339
@/home/ec2-user/data/topics/3678 1340
@/home/ec2-user/data/topics/4782 1341
@/home/ec2-user/data/topics/1349 1342
@/home/ec2-user/data/topics/2020 1343
@/home/ec2-user/data/topics/3793 1344
@/home/ec2-user/data/topics/3978 1345
@/home/ec2-user/data/topics/4228 1346
@/home/ec2-user/data/topics/1840 1347
@/home/ec2-user/data/topics/3895 1348
@/home/ec2-user/data/topics/1804 1349
@/home/ec2-user/data/topics/4349 1350
@/home/ec2-user/data/topics/1288 1351
@/home/ec2-user/data/topics/3673 1352
@/home/ec2-user/data/topics/4127 1353
@/home/ec2-user/data/topics/3452 1354
@/home/ec2-user/data/topics/1154 1355
@/home/ec2-user/data/topics/1396 1356
@/home/ec2-user/data/topics/4717 1357
@/home/ec2-user/data/topics/4103 1358
@/home/ec2-user/data/topics/4263 1359
@/home/ec2-user/data/topics/1318 1360
@/home/ec2-user/data/topics/1965 1361
@/home/ec2-user/data/topics/3606 1362
@/home/ec2-user/data/topics/4516 1363
@/home/ec2-user/data/topics/3422 1364
@/home/ec2-user/data/topics/2087 1365
@/home/ec2-user/data/topics/4323 1366
@/home/ec2-user/data/topics/4245 1367
@/home/ec2-user/data/topics/4430 1368
@/home/ec2-user/data/topics/3855 1369
@/home/ec2-user/data/topics/1431 1370
@/home/ec2-user/data/topics/4744 1371
@/home/ec2-user/data/topics/3957 1372
@/home/ec2-user/data/topics/3858 1373
@/home/ec2-user/data/topics/3760 1374
@/home/ec2-user/data/topics/3649 1375
@/home/ec2-user/data/topics/4124 1376
@/home/ec2-user/data/topics/1561 1377
@/home/ec2-user/data/topics/3966 1378
@/home/ec2-user/data/topics/4095 1379
@/home/ec2-user/data/topics/3813 1380
@/home/ec2-user/data/topics/3941 1381
@/home/ec2-user/data/topics/4113 1382
@/home/ec2-user/data/topics/4019 1383
@/home/ec2-user/data/topics/3679 1384
@/home/ec2-user/data/topics/1563 1385
@/home/ec2-user/data/topics/4152 1386
@/home/ec2-user/data/topics/4648 1387
@/home/ec2-user/data/topics/3776 1388
@/home/ec2-user/data/topics/4583 1389
@/home/ec2-user/data/topics/3537 1390
@/home/ec2-user/data/topics/3698 1391
日本輸送機株式会社

@/home/ec2-user/data/topics/1108 1392
@/home/ec2-user/data/topics/1191 1392
@/home/ec2-user/data/topics/3573 1393
@/home/ec2-user/data/topics/1940 1394
@/home/ec2-user/data/topics/2065 1395
@/home/ec2-user/data/topics/1493 1396
@/home/ec2-user/data/topics/2221 1397
@/home/ec2-user/data/topics/1456 1398
東京エレクトロン株式会社

@/home/ec2-user/data/topics/4906 1399
@/home/ec2-user/data/topics/1263 1399
@/home/ec2-user/data/topics/1736 1400
@/home/ec2-user/data/topics/3947 1401
@/home/ec2-user/data/topics/4345 1402
@/home/ec2-user/data/topics/4618 1403
@/home/ec2-user/data/topics/4002 1404
@/home/ec2-user/data/topics/4702 1405
@/home/ec2-user/data/topics/1800 1406
@/home/ec2-user/data/topics/4053 1407
@/home/ec2-user/data/topics/4023 1408
@/home/ec2-user/data/topics/1508 1409
株式会社村田製作所

@/home/ec2-user/data/topics/4703 1410
@/home/ec2-user/data/topics/3482 1410
@/home/ec2-user/data/topics/3697 1411
@/home/ec2-user/data/topics/1411 1412
@/home/ec2-user/data/topics/4432 1413
@/home/ec2-user/data/topics/1374 1414
@/home/ec2-user/data/topics/4417 1415
@/home/ec2-user/data/topics/3435 1416
@/home/ec2-user/data/topics/4271 1417
@/home/ec2-user/data/topics/4042 1418
@/home/ec2-user/data/topics/4070 1419
@/home/ec2-user/data/topics/3885 1420
@/home/ec2-user/data/topics/4325 1421
@/home/ec2-user/data/topics/4795 1422
@/home/ec2-user/data/topics/4378 1423
@/home/ec2-user/data/topics/4163 1424
@/home/ec2-user/data/topics/2229 1425
日本電信電話株式会社

@/home/ec2-user/data/topics/4118 1426
@/home/ec2-user/data/topics/4114 1426
@/home/ec2-user/data/topics/3650 1427
@/home/ec2-user/data/topics/3586 1428
@/home/ec2-user/data/topics/1556 1429
@/home/ec2-user/data/topics/1042 1430
@/home/ec2-user/data/topics/3785 1431
@/home/ec2-user/data/topics/4115 1432
@/home/ec2-user/data/topics/4121 1433
@/home/ec2-user/data/topics/3915 1434
@/home/ec2-user/data/topics/3927 1435
@/home/ec2-user/data/topics/3824 1436
@/home/ec2-user/data/topics/4964 1437
@/home/ec2-user/data/topics/1230 1438
@/home/ec2-user/data/topics/1408 1439
@/home/ec2-user/data/topics/3641 1440
@/home/ec2-user/data/topics/3928 1441
@/home/ec2-user/data/topics/4208 1442
@/home/ec2-user/data/topics/3811 1443
@/home/ec2-user/data/topics/4836 1444
@/home/ec2-user/data/topics/4443 1445
@/home/ec2-user/data/topics/3568 1446
@/home/ec2-user/data/topics/3894 1447
@/home/ec2-user/data/topics/1229 1448
@/home/ec2-user/data/topics/4870 1449
@/home/ec2-user/data/topics/3536 1450
@/home/ec2-user/data/topics/4792 1451
@/home/ec2-user/data/topics/1934 1452
@/home/ec2-user/data/topics/3521 1453
@/home/ec2-user/data/topics/1809 1454
@/home/ec2-user/data/topics/3359 1455
@/home/ec2-user/data/topics/4104 1456
@/home/ec2-user/data/topics/4131 1457
@/home/ec2-user/data/topics/4916 1458
@/home/ec2-user/data/topics/1787 1459
@/home/ec2-user/data/topics/2017 1460
@/home/ec2-user/data/topics/3509 1461
@/home/ec2-user/data/topics/4560 1462
@/home/ec2-user/data/topics/4087 1463
@/home/ec2-user/data/topics/4965 1464
@/home/ec2-user/data/topics/4175 1465
@/home/ec2-user/data/topics/4146 1466
@/home/ec2-user/data/topics/4505 1467
@/home/ec2-user/data/topics/4335 1468
@/home/ec2-user/data/topics/3552 1469
@/home/ec2-user/data/topics/4488 1470
@/home/ec2-user/data/topics/4865 1471
@/home/ec2-user/data/topics/4925 1472
@/home/ec2-user/data/topics/3425 1473
@/home/ec2-user/data/topics/4952 1474
@/home/ec2-user/data/topics/4025 1475
@/home/ec2-user/data/topics/4232 1476
@/home/ec2-user/data/topics/3544 1477
@/home/ec2-user/data/topics/2130 1478
@/home/ec2-user/data/topics/4511 1479
@/home/ec2-user/data/topics/4664 1480
日本鋼管株式会社

@/home/ec2-user/data/topics/4161 1481
@/home/ec2-user/data/topics/4289 1481
@/home/ec2-user/data/topics/1404 1482
@/home/ec2-user/data/topics/1690 1483
@/home/ec2-user/data/topics/2095 1484
@/home/ec2-user/data/topics/3572 1485
@/home/ec2-user/data/topics/4455 1486
株式会社神戸製鋼所

@/home/ec2-user/data/topics/3632 1487
@/home/ec2-user/data/topics/3475 1487
@/home/ec2-user/data/topics/3902 1488
@/home/ec2-user/data/topics/4949 1489
@/home/ec2-user/data/topics/1465 1490
@/home/ec2-user/data/topics/3674 1491
@/home/ec2-user/data/topics/2064 1492
株式会社ケンウッド

@/home/ec2-user/data/topics/2036 1493
@/home/ec2-user/data/topics/3801 1493
@/home/ec2-user/data/topics/3969 1494
@/home/ec2-user/data/topics/1698 1495
@/home/ec2-user/data/topics/3977 1496
@/home/ec2-user/data/topics/1424 1497
@/home/ec2-user/data/topics/4050 1498
@/home/ec2-user/data/topics/1896 1499
@/home/ec2-user/data/topics/3794 1500
@/home/ec2-user/data/topics/1115 1501
@/home/ec2-user/data/topics/4167 1502
@/home/ec2-user/data/topics/2163 1503
@/home/ec2-user/data/topics/1617 1504
@/home/ec2-user/data/topics/3839 1505
@/home/ec2-user/data/topics/4038 1506
@/home/ec2-user/data/topics/3463 1507
@/home/ec2-user/data/topics/1241 1508
@/home/ec2-user/data/topics/1345 1509
@/home/ec2-user/data/topics/3878 1510
@/home/ec2-user/data/topics/1186 1511
@/home/ec2-user/data/topics/4467 1512
東陶機器株式会社

@/home/ec2-user/data/topics/2135 1513
@/home/ec2-user/data/topics/1626 1513
@/home/ec2-user/data/topics/3583 1514
@/home/ec2-user/data/topics/1735 1515
@/home/ec2-user/data/topics/3821 1516
@/home/ec2-user/data/topics/1692 1517
本田技研工業株式会社

@/home/ec2-user/data/topics/1226 1518
@/home/ec2-user/data/topics/4033 1518
@/home/ec2-user/data/topics/2000 1519
@/home/ec2-user/data/topics/1215 1520
@/home/ec2-user/data/topics/3685 1521
@/home/ec2-user/data/topics/1266 1522
@/home/ec2-user/data/topics/5026 1523
@/home/ec2-user/data/topics/2016 1524
@/home/ec2-user/data/topics/4199 1525
@/home/ec2-user/data/topics/1822 1526
@/home/ec2-user/data/topics/4783 1527
@/home/ec2-user/data/topics/4132 1528
@/home/ec2-user/data/topics/1818 1529
@/home/ec2-user/data/topics/4331 1530
@/home/ec2-user/data/topics/4375 1531
@/home/ec2-user/data/topics/4888 1532
@/home/ec2-user/data/topics/1143 1533
@/home/ec2-user/data/topics/1605 1534
@/home/ec2-user/data/topics/1444 1535
新日本製鐵株式会社

@/home/ec2-user/data/topics/5008 1536
@/home/ec2-user/data/topics/3368 1536
@/home/ec2-user/data/topics/3861 1537
@/home/ec2-user/data/topics/3899 1538
@/home/ec2-user/data/topics/4472 1539
@/home/ec2-user/data/topics/3663 1540
松下電工株式会社

@/home/ec2-user/data/topics/1251 1541
@/home/ec2-user/data/topics/3670 1541
@/home/ec2-user/data/topics/4083 1542
@/home/ec2-user/data/topics/4450 1543
@/home/ec2-user/data/topics/4012 1544
@/home/ec2-user/data/topics/4094 1545
@/home/ec2-user/data/topics/1311 1546
@/home/ec2-user/data/topics/1803 1547
@/home/ec2-user/data/topics/3379 1548
@/home/ec2-user/data/topics/2045 1549
@/home/ec2-user/data/topics/4592 1550
@/home/ec2-user/data/topics/4317 1551
@/home/ec2-user/data/topics/1011 1552
@/home/ec2-user/data/topics/4029 1553
@/home/ec2-user/data/topics/3835 1554
@/home/ec2-user/data/topics/3511 1555
@/home/ec2-user/data/topics/3651 1556
@/home/ec2-user/data/topics/3549 1557
@/home/ec2-user/data/topics/4347 1558
@/home/ec2-user/data/topics/3778 1559
@/home/ec2-user/data/topics/3932 1560
@/home/ec2-user/data/topics/3565 1561
usernum: 72
hit: 446
simhit: 798
simmax: 0.608028623688
simmin: 0.025
simavg: 0.206941665967
dlmax: 0.134672859682
dlmin: 0.00843829970941
dlavg: 0.0330651133292
mthit: 900
mthls: 3
srp: 1976.773
total: 1562
hit/total: 0.285531370038
simhit/total: 0.510883482714
mthit/(total+usernum): 0.550795593635
mthls/(total+usernum): 0.00183598531212
srp/(total+usernum): 0.0806516931865
srp20/(total+usernum): 0.0219012647899
srp100/(total+usernum): 0.0471864545084
srp500/(total+usernum): 0.0689555283558

2017-01-16 10:48:28.142401
