2016-12-22 15:58:29.747704

topic-folder:/home/ec2-user/data/topics/
cl-file:rand
cl-floder:/home/ec2-user/data/ldaclass-32-1000-top10000
zipf:0.4
stype[0(tfidf)/1(tfidf2)/2(lsa)/3(lda)]:3
dtype[<0(diff*rand)/0(diff)/1(same)/>=2(diff*same)]:1
output-floder:/home/ec2-user/git/userquery/result

三菱マテリアル株式会社

@/home/ec2-user/data/topics/3470 0
@/home/ec2-user/data/topics/1638 0
@/home/ec2-user/data/topics/2093 1
@/home/ec2-user/data/topics/1085 2
@/home/ec2-user/data/topics/3630 3
@/home/ec2-user/data/topics/3520 4
@/home/ec2-user/data/topics/3546 5
@/home/ec2-user/data/topics/3866 6
日本精機株式会社

@/home/ec2-user/data/topics/4907 7
@/home/ec2-user/data/topics/4690 7
@/home/ec2-user/data/topics/4972 8
@/home/ec2-user/data/topics/4875 9
@/home/ec2-user/data/topics/1398 10
@/home/ec2-user/data/topics/4709 11
コニカ株式会社

@/home/ec2-user/data/topics/3533 12
@/home/ec2-user/data/topics/2162 12
@/home/ec2-user/data/topics/3418 13
@/home/ec2-user/data/topics/3431 14
@/home/ec2-user/data/topics/3357 15
@/home/ec2-user/data/topics/3370 16
@/home/ec2-user/data/topics/3426 17
@/home/ec2-user/data/topics/3486 18
@/home/ec2-user/data/topics/3419 19
@/home/ec2-user/data/topics/1946 20
@/home/ec2-user/data/topics/3414 21
埼玉日本電気株式会社

@/home/ec2-user/data/topics/4283 22
@/home/ec2-user/data/topics/4279 22
@/home/ec2-user/data/topics/4468 23
@/home/ec2-user/data/topics/1620 24
@/home/ec2-user/data/topics/4998 25
@/home/ec2-user/data/topics/4496 26
@/home/ec2-user/data/topics/4242 27
@/home/ec2-user/data/topics/1512 28
@/home/ec2-user/data/topics/5010 29
アルプス電気株式会社

@/home/ec2-user/data/topics/3429 30
@/home/ec2-user/data/topics/4791 30
@/home/ec2-user/data/topics/2012 31
@/home/ec2-user/data/topics/3582 32
@/home/ec2-user/data/topics/1434 33
@/home/ec2-user/data/topics/2089 34
@/home/ec2-user/data/topics/1253 35
三菱重工業株式会社

@/home/ec2-user/data/topics/3637 36
@/home/ec2-user/data/topics/4412 36
@/home/ec2-user/data/topics/4862 37
@/home/ec2-user/data/topics/3833 38
@/home/ec2-user/data/topics/5022 39
@/home/ec2-user/data/topics/3944 40
@/home/ec2-user/data/topics/3591 41
@/home/ec2-user/data/topics/4882 42
@/home/ec2-user/data/topics/4687 43
@/home/ec2-user/data/topics/4563 44
@/home/ec2-user/data/topics/3529 45
@/home/ec2-user/data/topics/3503 46
村田機械株式会社

@/home/ec2-user/data/topics/4570 47
@/home/ec2-user/data/topics/4746 47
@/home/ec2-user/data/topics/4638 48
@/home/ec2-user/data/topics/1293 49
@/home/ec2-user/data/topics/3528 50
@/home/ec2-user/data/topics/4835 51
@/home/ec2-user/data/topics/4645 52
@/home/ec2-user/data/topics/5000 53
@/home/ec2-user/data/topics/4941 54
@/home/ec2-user/data/topics/4556 55
@/home/ec2-user/data/topics/1511 56
@/home/ec2-user/data/topics/4565 57
@/home/ec2-user/data/topics/1074 58
@/home/ec2-user/data/topics/1607 59
@/home/ec2-user/data/topics/3740 60
@/home/ec2-user/data/topics/4441 61
@/home/ec2-user/data/topics/4596 62
川崎製鉄株式会社

@/home/ec2-user/data/topics/1037 63
@/home/ec2-user/data/topics/3929 63
@/home/ec2-user/data/topics/3483 64
@/home/ec2-user/data/topics/3413 65
@/home/ec2-user/data/topics/4615 66
@/home/ec2-user/data/topics/3611 67
@/home/ec2-user/data/topics/1459 68
@/home/ec2-user/data/topics/3553 69
@/home/ec2-user/data/topics/3532 70
ダイキン工業株式会社

@/home/ec2-user/data/topics/3888 71
@/home/ec2-user/data/topics/4515 71
@/home/ec2-user/data/topics/1600 72
@/home/ec2-user/data/topics/4400 73
@/home/ec2-user/data/topics/4701 74
@/home/ec2-user/data/topics/4367 75
@/home/ec2-user/data/topics/4845 76
@/home/ec2-user/data/topics/4753 77
@/home/ec2-user/data/topics/4734 78
@/home/ec2-user/data/topics/1565 79
@/home/ec2-user/data/topics/4858 80
三菱自動車工業株式会社

@/home/ec2-user/data/topics/1816 81
@/home/ec2-user/data/topics/2101 81
@/home/ec2-user/data/topics/3502 82
@/home/ec2-user/data/topics/3940 83
@/home/ec2-user/data/topics/1428 84
@/home/ec2-user/data/topics/4189 85
@/home/ec2-user/data/topics/1527 86
@/home/ec2-user/data/topics/3815 87
日産自動車株式会社

@/home/ec2-user/data/topics/3645 88
@/home/ec2-user/data/topics/3497 88
@/home/ec2-user/data/topics/3712 89
@/home/ec2-user/data/topics/3501 90
@/home/ec2-user/data/topics/4074 91
@/home/ec2-user/data/topics/3723 92
@/home/ec2-user/data/topics/3677 93
@/home/ec2-user/data/topics/4982 94
@/home/ec2-user/data/topics/3829 95
@/home/ec2-user/data/topics/3936 96
@/home/ec2-user/data/topics/3489 97
トヨタ自動車株式会社

@/home/ec2-user/data/topics/4617 98
@/home/ec2-user/data/topics/4658 98
@/home/ec2-user/data/topics/3405 99
@/home/ec2-user/data/topics/4064 100
@/home/ec2-user/data/topics/4633 101
@/home/ec2-user/data/topics/4008 102
@/home/ec2-user/data/topics/1494 103
@/home/ec2-user/data/topics/3731 104
@/home/ec2-user/data/topics/4647 105
@/home/ec2-user/data/topics/4298 106
@/home/ec2-user/data/topics/4426 107
@/home/ec2-user/data/topics/4030 108
@/home/ec2-user/data/topics/3481 109
@/home/ec2-user/data/topics/3943 110
@/home/ec2-user/data/topics/3587 111
@/home/ec2-user/data/topics/4144 112
@/home/ec2-user/data/topics/3725 113
@/home/ec2-user/data/topics/4767 114
@/home/ec2-user/data/topics/3356 115
@/home/ec2-user/data/topics/3699 116
@/home/ec2-user/data/topics/3783 117
@/home/ec2-user/data/topics/2111 118
@/home/ec2-user/data/topics/3758 119
@/home/ec2-user/data/topics/2218 120
@/home/ec2-user/data/topics/1551 121
@/home/ec2-user/data/topics/4543 122
@/home/ec2-user/data/topics/4920 123
@/home/ec2-user/data/topics/4346 124
@/home/ec2-user/data/topics/3671 125
オリンパス光学工業株式会社

@/home/ec2-user/data/topics/1155 126
@/home/ec2-user/data/topics/1739 126
@/home/ec2-user/data/topics/4013 127
@/home/ec2-user/data/topics/1869 128
@/home/ec2-user/data/topics/1107 129
@/home/ec2-user/data/topics/1981 130
@/home/ec2-user/data/topics/4007 131
@/home/ec2-user/data/topics/5006 132
@/home/ec2-user/data/topics/4878 133
@/home/ec2-user/data/topics/1835 134
@/home/ec2-user/data/topics/1586 135
@/home/ec2-user/data/topics/2026 136
ブラザー工業株式会社

@/home/ec2-user/data/topics/1164 137
@/home/ec2-user/data/topics/3789 137
@/home/ec2-user/data/topics/1183 138
@/home/ec2-user/data/topics/1300 139
@/home/ec2-user/data/topics/2086 140
@/home/ec2-user/data/topics/3686 141
@/home/ec2-user/data/topics/1636 142
@/home/ec2-user/data/topics/3613 143
@/home/ec2-user/data/topics/1697 144
@/home/ec2-user/data/topics/3507 145
@/home/ec2-user/data/topics/1076 146
@/home/ec2-user/data/topics/2085 147
@/home/ec2-user/data/topics/4548 148
@/home/ec2-user/data/topics/3477 149
@/home/ec2-user/data/topics/1906 150
富士通株式会社

@/home/ec2-user/data/topics/1123 151
@/home/ec2-user/data/topics/2216 151
@/home/ec2-user/data/topics/3870 152
@/home/ec2-user/data/topics/3912 153
@/home/ec2-user/data/topics/3460 154
@/home/ec2-user/data/topics/3381 155
@/home/ec2-user/data/topics/1874 156
@/home/ec2-user/data/topics/3970 157
@/home/ec2-user/data/topics/3765 158
@/home/ec2-user/data/topics/1547 159
@/home/ec2-user/data/topics/3749 160
@/home/ec2-user/data/topics/1264 161
@/home/ec2-user/data/topics/3962 162
@/home/ec2-user/data/topics/1998 163
@/home/ec2-user/data/topics/4191 164
@/home/ec2-user/data/topics/3400 165
@/home/ec2-user/data/topics/3802 166
@/home/ec2-user/data/topics/2227 167
@/home/ec2-user/data/topics/2215 168
@/home/ec2-user/data/topics/3799 169
@/home/ec2-user/data/topics/5004 170
@/home/ec2-user/data/topics/1609 171
@/home/ec2-user/data/topics/3850 172
@/home/ec2-user/data/topics/3636 173
@/home/ec2-user/data/topics/3538 174
@/home/ec2-user/data/topics/3846 175
@/home/ec2-user/data/topics/3428 176
@/home/ec2-user/data/topics/3883 177
@/home/ec2-user/data/topics/3751 178
@/home/ec2-user/data/topics/3862 179
@/home/ec2-user/data/topics/3399 180
@/home/ec2-user/data/topics/1271 181
静岡日本電気株式会社

@/home/ec2-user/data/topics/4314 182
@/home/ec2-user/data/topics/4365 182
@/home/ec2-user/data/topics/4507 183
@/home/ec2-user/data/topics/4250 184
@/home/ec2-user/data/topics/4326 185
@/home/ec2-user/data/topics/4531 186
住友重機械工業株式会社

@/home/ec2-user/data/topics/1505 187
@/home/ec2-user/data/topics/1019 187
@/home/ec2-user/data/topics/3952 188
@/home/ec2-user/data/topics/2039 189
@/home/ec2-user/data/topics/3868 190
@/home/ec2-user/data/topics/1553 191
@/home/ec2-user/data/topics/1373 192
@/home/ec2-user/data/topics/1900 193
@/home/ec2-user/data/topics/4854 194
大日本印刷株式会社

@/home/ec2-user/data/topics/3388 195
@/home/ec2-user/data/topics/1145 195
@/home/ec2-user/data/topics/3569 196
@/home/ec2-user/data/topics/1262 197
@/home/ec2-user/data/topics/1564 198
@/home/ec2-user/data/topics/1099 199
日本電気株式会社

@/home/ec2-user/data/topics/2119 200
@/home/ec2-user/data/topics/2127 200
@/home/ec2-user/data/topics/3767 201
@/home/ec2-user/data/topics/4808 202
@/home/ec2-user/data/topics/1044 203
@/home/ec2-user/data/topics/1326 204
@/home/ec2-user/data/topics/4100 205
@/home/ec2-user/data/topics/1595 206
@/home/ec2-user/data/topics/3886 207
@/home/ec2-user/data/topics/4062 208
@/home/ec2-user/data/topics/4398 209
@/home/ec2-user/data/topics/1948 210
@/home/ec2-user/data/topics/1867 211
@/home/ec2-user/data/topics/4434 212
@/home/ec2-user/data/topics/4429 213
@/home/ec2-user/data/topics/4595 214
@/home/ec2-user/data/topics/4561 215
@/home/ec2-user/data/topics/4388 216
@/home/ec2-user/data/topics/4721 217
@/home/ec2-user/data/topics/4278 218
@/home/ec2-user/data/topics/4460 219
@/home/ec2-user/data/topics/1122 220
@/home/ec2-user/data/topics/4236 221
@/home/ec2-user/data/topics/4371 222
@/home/ec2-user/data/topics/2041 223
@/home/ec2-user/data/topics/4281 224
@/home/ec2-user/data/topics/1523 225
@/home/ec2-user/data/topics/4207 226
@/home/ec2-user/data/topics/4742 227
@/home/ec2-user/data/topics/1557 228
@/home/ec2-user/data/topics/4609 229
@/home/ec2-user/data/topics/4313 230
@/home/ec2-user/data/topics/1928 231
@/home/ec2-user/data/topics/1710 232
@/home/ec2-user/data/topics/4584 233
@/home/ec2-user/data/topics/3853 234
@/home/ec2-user/data/topics/2031 235
@/home/ec2-user/data/topics/4549 236
@/home/ec2-user/data/topics/4116 237
@/home/ec2-user/data/topics/4158 238
@/home/ec2-user/data/topics/4682 239
@/home/ec2-user/data/topics/4260 240
@/home/ec2-user/data/topics/4119 241
@/home/ec2-user/data/topics/1364 242
@/home/ec2-user/data/topics/4171 243
@/home/ec2-user/data/topics/4071 244
@/home/ec2-user/data/topics/4267 245
@/home/ec2-user/data/topics/1815 246
@/home/ec2-user/data/topics/1199 247
@/home/ec2-user/data/topics/4447 248
@/home/ec2-user/data/topics/2088 249
@/home/ec2-user/data/topics/3938 250
@/home/ec2-user/data/topics/3744 251
@/home/ec2-user/data/topics/1879 252
@/home/ec2-user/data/topics/4699 253
@/home/ec2-user/data/topics/1281 254
@/home/ec2-user/data/topics/4153 255
@/home/ec2-user/data/topics/1016 256
@/home/ec2-user/data/topics/4770 257
@/home/ec2-user/data/topics/4359 258
@/home/ec2-user/data/topics/2150 259
@/home/ec2-user/data/topics/4273 260
@/home/ec2-user/data/topics/1500 261
@/home/ec2-user/data/topics/4634 262
@/home/ec2-user/data/topics/4081 263
@/home/ec2-user/data/topics/4120 264
@/home/ec2-user/data/topics/1383 265
@/home/ec2-user/data/topics/4097 266
@/home/ec2-user/data/topics/1891 267
@/home/ec2-user/data/topics/4196 268
@/home/ec2-user/data/topics/4137 269
@/home/ec2-user/data/topics/4275 270
@/home/ec2-user/data/topics/4142 271
@/home/ec2-user/data/topics/4613 272
@/home/ec2-user/data/topics/1783 273
@/home/ec2-user/data/topics/1852 274
@/home/ec2-user/data/topics/1100 275
@/home/ec2-user/data/topics/4850 276
@/home/ec2-user/data/topics/4128 277
@/home/ec2-user/data/topics/4243 278
@/home/ec2-user/data/topics/1923 279
@/home/ec2-user/data/topics/1112 280
@/home/ec2-user/data/topics/4240 281
@/home/ec2-user/data/topics/1078 282
@/home/ec2-user/data/topics/1360 283
@/home/ec2-user/data/topics/4288 284
@/home/ec2-user/data/topics/4816 285
@/home/ec2-user/data/topics/4779 286
@/home/ec2-user/data/topics/1624 287
@/home/ec2-user/data/topics/1634 288
@/home/ec2-user/data/topics/4485 289
@/home/ec2-user/data/topics/4442 290
@/home/ec2-user/data/topics/4404 291
@/home/ec2-user/data/topics/4134 292
@/home/ec2-user/data/topics/4082 293
@/home/ec2-user/data/topics/4497 294
@/home/ec2-user/data/topics/4186 295
@/home/ec2-user/data/topics/4760 296
@/home/ec2-user/data/topics/4092 297
@/home/ec2-user/data/topics/4254 298
@/home/ec2-user/data/topics/4785 299
@/home/ec2-user/data/topics/4154 300
@/home/ec2-user/data/topics/1116 301
@/home/ec2-user/data/topics/3995 302
@/home/ec2-user/data/topics/1362 303
@/home/ec2-user/data/topics/4598 304
@/home/ec2-user/data/topics/4626 305
@/home/ec2-user/data/topics/4017 306
@/home/ec2-user/data/topics/4651 307
@/home/ec2-user/data/topics/4246 308
@/home/ec2-user/data/topics/4343 309
@/home/ec2-user/data/topics/3897 310
@/home/ec2-user/data/topics/4393 311
@/home/ec2-user/data/topics/4728 312
@/home/ec2-user/data/topics/1486 313
@/home/ec2-user/data/topics/4418 314
@/home/ec2-user/data/topics/4433 315
@/home/ec2-user/data/topics/4204 316
@/home/ec2-user/data/topics/3896 317
@/home/ec2-user/data/topics/4725 318
@/home/ec2-user/data/topics/4532 319
@/home/ec2-user/data/topics/1567 320
@/home/ec2-user/data/topics/4129 321
@/home/ec2-user/data/topics/1101 322
@/home/ec2-user/data/topics/4902 323
@/home/ec2-user/data/topics/4696 324
@/home/ec2-user/data/topics/4093 325
@/home/ec2-user/data/topics/4643 326
@/home/ec2-user/data/topics/2166 327
@/home/ec2-user/data/topics/4216 328
@/home/ec2-user/data/topics/4244 329
@/home/ec2-user/data/topics/4446 330
@/home/ec2-user/data/topics/4458 331
@/home/ec2-user/data/topics/4319 332
@/home/ec2-user/data/topics/4665 333
@/home/ec2-user/data/topics/4940 334
@/home/ec2-user/data/topics/4300 335
@/home/ec2-user/data/topics/4749 336
@/home/ec2-user/data/topics/4578 337
@/home/ec2-user/data/topics/4272 338
@/home/ec2-user/data/topics/3729 339
@/home/ec2-user/data/topics/4877 340
@/home/ec2-user/data/topics/1844 341
@/home/ec2-user/data/topics/4892 342
@/home/ec2-user/data/topics/4646 343
@/home/ec2-user/data/topics/4530 344
@/home/ec2-user/data/topics/1464 345
@/home/ec2-user/data/topics/4689 346
@/home/ec2-user/data/topics/4764 347
@/home/ec2-user/data/topics/4480 348
@/home/ec2-user/data/topics/4603 349
@/home/ec2-user/data/topics/1773 350
@/home/ec2-user/data/topics/4536 351
@/home/ec2-user/data/topics/4185 352
@/home/ec2-user/data/topics/4650 353
@/home/ec2-user/data/topics/3865 354
@/home/ec2-user/data/topics/4247 355
@/home/ec2-user/data/topics/4537 356
@/home/ec2-user/data/topics/4338 357
@/home/ec2-user/data/topics/4718 358
@/home/ec2-user/data/topics/3875 359
@/home/ec2-user/data/topics/4708 360
@/home/ec2-user/data/topics/4238 361
@/home/ec2-user/data/topics/4838 362
@/home/ec2-user/data/topics/4315 363
@/home/ec2-user/data/topics/4276 364
@/home/ec2-user/data/topics/3724 365
@/home/ec2-user/data/topics/3971 366
@/home/ec2-user/data/topics/4427 367
@/home/ec2-user/data/topics/3956 368
@/home/ec2-user/data/topics/4390 369
@/home/ec2-user/data/topics/1724 370
@/home/ec2-user/data/topics/1612 371
@/home/ec2-user/data/topics/2022 372
@/home/ec2-user/data/topics/4824 373
@/home/ec2-user/data/topics/4659 374
@/home/ec2-user/data/topics/4192 375
@/home/ec2-user/data/topics/4162 376
@/home/ec2-user/data/topics/4389 377
@/home/ec2-user/data/topics/4759 378
@/home/ec2-user/data/topics/3766 379
@/home/ec2-user/data/topics/4666 380
@/home/ec2-user/data/topics/4657 381
@/home/ec2-user/data/topics/4003 382
@/home/ec2-user/data/topics/4257 383
@/home/ec2-user/data/topics/1973 384
@/home/ec2-user/data/topics/4750 385
@/home/ec2-user/data/topics/4320 386
@/home/ec2-user/data/topics/4775 387
@/home/ec2-user/data/topics/4309 388
@/home/ec2-user/data/topics/4063 389
@/home/ec2-user/data/topics/1661 390
@/home/ec2-user/data/topics/4310 391
@/home/ec2-user/data/topics/4258 392
@/home/ec2-user/data/topics/1937 393
@/home/ec2-user/data/topics/4425 394
@/home/ec2-user/data/topics/4644 395
@/home/ec2-user/data/topics/1764 396
@/home/ec2-user/data/topics/4318 397
@/home/ec2-user/data/topics/4209 398
@/home/ec2-user/data/topics/4352 399
@/home/ec2-user/data/topics/1457 400
@/home/ec2-user/data/topics/1791 401
@/home/ec2-user/data/topics/4486 402
@/home/ec2-user/data/topics/4477 403
@/home/ec2-user/data/topics/4138 404
@/home/ec2-user/data/topics/4440 405
@/home/ec2-user/data/topics/4342 406
@/home/ec2-user/data/topics/4360 407
@/home/ec2-user/data/topics/4926 408
@/home/ec2-user/data/topics/4876 409
@/home/ec2-user/data/topics/4490 410
@/home/ec2-user/data/topics/4227 411
@/home/ec2-user/data/topics/1052 412
@/home/ec2-user/data/topics/4168 413
@/home/ec2-user/data/topics/4414 414
@/home/ec2-user/data/topics/2144 415
@/home/ec2-user/data/topics/4533 416
@/home/ec2-user/data/topics/3954 417
@/home/ec2-user/data/topics/5034 418
松下電器産業株式会社

@/home/ec2-user/data/topics/2156 419
@/home/ec2-user/data/topics/1179 419
@/home/ec2-user/data/topics/4804 420
@/home/ec2-user/data/topics/3920 421
@/home/ec2-user/data/topics/4160 422
@/home/ec2-user/data/topics/3680 423
@/home/ec2-user/data/topics/2080 424
@/home/ec2-user/data/topics/4000 425
@/home/ec2-user/data/topics/3704 426
@/home/ec2-user/data/topics/3585 427
@/home/ec2-user/data/topics/4459 428
@/home/ec2-user/data/topics/3386 429
@/home/ec2-user/data/topics/4193 430
@/home/ec2-user/data/topics/3761 431
@/home/ec2-user/data/topics/3960 432
@/home/ec2-user/data/topics/1635 433
@/home/ec2-user/data/topics/4797 434
@/home/ec2-user/data/topics/5028 435
@/home/ec2-user/data/topics/1525 436
@/home/ec2-user/data/topics/4159 437
@/home/ec2-user/data/topics/4577 438
@/home/ec2-user/data/topics/1762 439
@/home/ec2-user/data/topics/3951 440
@/home/ec2-user/data/topics/3658 441
@/home/ec2-user/data/topics/1509 442
@/home/ec2-user/data/topics/3514 443
@/home/ec2-user/data/topics/4625 444
@/home/ec2-user/data/topics/1136 445
@/home/ec2-user/data/topics/4798 446
@/home/ec2-user/data/topics/3494 447
@/home/ec2-user/data/topics/4817 448
@/home/ec2-user/data/topics/1477 449
@/home/ec2-user/data/topics/1955 450
@/home/ec2-user/data/topics/4945 451
@/home/ec2-user/data/topics/4667 452
@/home/ec2-user/data/topics/3558 453
@/home/ec2-user/data/topics/4215 454
@/home/ec2-user/data/topics/1252 455
@/home/ec2-user/data/topics/4307 456
@/home/ec2-user/data/topics/4707 457
@/home/ec2-user/data/topics/1885 458
@/home/ec2-user/data/topics/3904 459
@/home/ec2-user/data/topics/5024 460
@/home/ec2-user/data/topics/1701 461
@/home/ec2-user/data/topics/4787 462
@/home/ec2-user/data/topics/4676 463
@/home/ec2-user/data/topics/4180 464
@/home/ec2-user/data/topics/1257 465
@/home/ec2-user/data/topics/4917 466
@/home/ec2-user/data/topics/2056 467
@/home/ec2-user/data/topics/4503 468
@/home/ec2-user/data/topics/4139 469
@/home/ec2-user/data/topics/3739 470
@/home/ec2-user/data/topics/2222 471
@/home/ec2-user/data/topics/3510 472
@/home/ec2-user/data/topics/4599 473
@/home/ec2-user/data/topics/4264 474
@/home/ec2-user/data/topics/1748 475
@/home/ec2-user/data/topics/4968 476
@/home/ec2-user/data/topics/4382 477
@/home/ec2-user/data/topics/3692 478
@/home/ec2-user/data/topics/3619 479
@/home/ec2-user/data/topics/4502 480
@/home/ec2-user/data/topics/4394 481
@/home/ec2-user/data/topics/3402 482
@/home/ec2-user/data/topics/1829 483
@/home/ec2-user/data/topics/4806 484
@/home/ec2-user/data/topics/2129 485
@/home/ec2-user/data/topics/4280 486
@/home/ec2-user/data/topics/1070 487
@/home/ec2-user/data/topics/1812 488
@/home/ec2-user/data/topics/3719 489
@/home/ec2-user/data/topics/4936 490
@/home/ec2-user/data/topics/3694 491
@/home/ec2-user/data/topics/4475 492
@/home/ec2-user/data/topics/4385 493
@/home/ec2-user/data/topics/3746 494
@/home/ec2-user/data/topics/1705 495
@/home/ec2-user/data/topics/3979 496
@/home/ec2-user/data/topics/4422 497
@/home/ec2-user/data/topics/3721 498
@/home/ec2-user/data/topics/3676 499
@/home/ec2-user/data/topics/4303 500
@/home/ec2-user/data/topics/1158 501
@/home/ec2-user/data/topics/1339 502
@/home/ec2-user/data/topics/4761 503
@/home/ec2-user/data/topics/1589 504
@/home/ec2-user/data/topics/3519 505
@/home/ec2-user/data/topics/4491 506
@/home/ec2-user/data/topics/4101 507
@/home/ec2-user/data/topics/1157 508
@/home/ec2-user/data/topics/4885 509
@/home/ec2-user/data/topics/4464 510
@/home/ec2-user/data/topics/4355 511
@/home/ec2-user/data/topics/4586 512
@/home/ec2-user/data/topics/1540 513
@/home/ec2-user/data/topics/1026 514
@/home/ec2-user/data/topics/3404 515
@/home/ec2-user/data/topics/4043 516
@/home/ec2-user/data/topics/2170 517
@/home/ec2-user/data/topics/3847 518
@/home/ec2-user/data/topics/1898 519
@/home/ec2-user/data/topics/4558 520
@/home/ec2-user/data/topics/1633 521
@/home/ec2-user/data/topics/4867 522
@/home/ec2-user/data/topics/3807 523
@/home/ec2-user/data/topics/3455 524
@/home/ec2-user/data/topics/1706 525
@/home/ec2-user/data/topics/4501 526
@/home/ec2-user/data/topics/2029 527
@/home/ec2-user/data/topics/4448 528
@/home/ec2-user/data/topics/4574 529
@/home/ec2-user/data/topics/1516 530
@/home/ec2-user/data/topics/4754 531
@/home/ec2-user/data/topics/4102 532
@/home/ec2-user/data/topics/4098 533
@/home/ec2-user/data/topics/4229 534
@/home/ec2-user/data/topics/1881 535
@/home/ec2-user/data/topics/4157 536
@/home/ec2-user/data/topics/4918 537
@/home/ec2-user/data/topics/4126 538
@/home/ec2-user/data/topics/4961 539
@/home/ec2-user/data/topics/4274 540
セイコーインスツルメンツ株式会社

@/home/ec2-user/data/topics/4190 541
@/home/ec2-user/data/topics/1707 541
@/home/ec2-user/data/topics/4036 542
@/home/ec2-user/data/topics/3825 543
@/home/ec2-user/data/topics/4203 544
@/home/ec2-user/data/topics/4088 545
@/home/ec2-user/data/topics/3626 546
@/home/ec2-user/data/topics/4997 547
@/home/ec2-user/data/topics/4151 548
ミノルタ株式会社

@/home/ec2-user/data/topics/4971 549
@/home/ec2-user/data/topics/3545 549
@/home/ec2-user/data/topics/2190 550
@/home/ec2-user/data/topics/4970 551
@/home/ec2-user/data/topics/4951 552
@/home/ec2-user/data/topics/4986 553
@/home/ec2-user/data/topics/4977 554
@/home/ec2-user/data/topics/4321 555
@/home/ec2-user/data/topics/1152 556
@/home/ec2-user/data/topics/4984 557
@/home/ec2-user/data/topics/3584 558
@/home/ec2-user/data/topics/3810 559
株式会社リコー

@/home/ec2-user/data/topics/1225 560
@/home/ec2-user/data/topics/3633 560
@/home/ec2-user/data/topics/2006 561
@/home/ec2-user/data/topics/3436 562
@/home/ec2-user/data/topics/4879 563
@/home/ec2-user/data/topics/2189 564
@/home/ec2-user/data/topics/1106 565
@/home/ec2-user/data/topics/3411 566
@/home/ec2-user/data/topics/1806 567
@/home/ec2-user/data/topics/3669 568
@/home/ec2-user/data/topics/4344 569
@/home/ec2-user/data/topics/3880 570
@/home/ec2-user/data/topics/1976 571
@/home/ec2-user/data/topics/3713 572
@/home/ec2-user/data/topics/3775 573
@/home/ec2-user/data/topics/1974 574
@/home/ec2-user/data/topics/1482 575
@/home/ec2-user/data/topics/3378 576
@/home/ec2-user/data/topics/1593 577
@/home/ec2-user/data/topics/1190 578
@/home/ec2-user/data/topics/3759 579
@/home/ec2-user/data/topics/3837 580
@/home/ec2-user/data/topics/4037 581
@/home/ec2-user/data/topics/3548 582
@/home/ec2-user/data/topics/2043 583
@/home/ec2-user/data/topics/3687 584
@/home/ec2-user/data/topics/3523 585
@/home/ec2-user/data/topics/1780 586
@/home/ec2-user/data/topics/1095 587
@/home/ec2-user/data/topics/2090 588
@/home/ec2-user/data/topics/3530 589
@/home/ec2-user/data/topics/3424 590
@/home/ec2-user/data/topics/3446 591
@/home/ec2-user/data/topics/1718 592
@/home/ec2-user/data/topics/1740 593
@/home/ec2-user/data/topics/1776 594
@/home/ec2-user/data/topics/4616 595
@/home/ec2-user/data/topics/1478 596
@/home/ec2-user/data/topics/1610 597
@/home/ec2-user/data/topics/1878 598
@/home/ec2-user/data/topics/1433 599
@/home/ec2-user/data/topics/1691 600
@/home/ec2-user/data/topics/3574 601
@/home/ec2-user/data/topics/1663 602
@/home/ec2-user/data/topics/4781 603
@/home/ec2-user/data/topics/3474 604
@/home/ec2-user/data/topics/3555 605
@/home/ec2-user/data/topics/3472 606
@/home/ec2-user/data/topics/2201 607
@/home/ec2-user/data/topics/1775 608
@/home/ec2-user/data/topics/1514 609
@/home/ec2-user/data/topics/1064 610
@/home/ec2-user/data/topics/1755 611
@/home/ec2-user/data/topics/1083 612
@/home/ec2-user/data/topics/2219 613
@/home/ec2-user/data/topics/3711 614
@/home/ec2-user/data/topics/3557 615
@/home/ec2-user/data/topics/3495 616
@/home/ec2-user/data/topics/1627 617
@/home/ec2-user/data/topics/1436 618
@/home/ec2-user/data/topics/3394 619
@/home/ec2-user/data/topics/2200 620
@/home/ec2-user/data/topics/1282 621
@/home/ec2-user/data/topics/1668 622
@/home/ec2-user/data/topics/3484 623
@/home/ec2-user/data/topics/1669 624
@/home/ec2-user/data/topics/1670 625
@/home/ec2-user/data/topics/2182 626
@/home/ec2-user/data/topics/4265 627
@/home/ec2-user/data/topics/3750 628
@/home/ec2-user/data/topics/1774 629
独立行政法人産業技術総合研究所

@/home/ec2-user/data/topics/4869 630
@/home/ec2-user/data/topics/1356 630
@/home/ec2-user/data/topics/4777 631
@/home/ec2-user/data/topics/4800 632
@/home/ec2-user/data/topics/4739 633
@/home/ec2-user/data/topics/4740 634
ソニー株式会社

@/home/ec2-user/data/topics/1426 635
@/home/ec2-user/data/topics/2059 635
@/home/ec2-user/data/topics/1471 636
@/home/ec2-user/data/topics/1414 637
@/home/ec2-user/data/topics/1291 638
@/home/ec2-user/data/topics/1926 639
@/home/ec2-user/data/topics/1967 640
@/home/ec2-user/data/topics/2105 641
@/home/ec2-user/data/topics/4351 642
@/home/ec2-user/data/topics/1679 643
@/home/ec2-user/data/topics/1912 644
@/home/ec2-user/data/topics/4184 645
@/home/ec2-user/data/topics/1218 646
@/home/ec2-user/data/topics/2052 647
@/home/ec2-user/data/topics/5027 648
@/home/ec2-user/data/topics/1298 649
@/home/ec2-user/data/topics/2058 650
@/home/ec2-user/data/topics/3392 651
@/home/ec2-user/data/topics/4224 652
@/home/ec2-user/data/topics/2075 653
@/home/ec2-user/data/topics/1836 654
@/home/ec2-user/data/topics/1435 655
@/home/ec2-user/data/topics/1884 656
@/home/ec2-user/data/topics/3872 657
@/home/ec2-user/data/topics/1380 658
@/home/ec2-user/data/topics/1491 659
@/home/ec2-user/data/topics/4219 660
@/home/ec2-user/data/topics/1892 661
@/home/ec2-user/data/topics/3975 662
@/home/ec2-user/data/topics/1102 663
@/home/ec2-user/data/topics/1059 664
@/home/ec2-user/data/topics/1686 665
@/home/ec2-user/data/topics/3456 666
@/home/ec2-user/data/topics/3924 667
@/home/ec2-user/data/topics/3955 668
@/home/ec2-user/data/topics/3401 669
@/home/ec2-user/data/topics/1397 670
@/home/ec2-user/data/topics/1233 671
@/home/ec2-user/data/topics/1873 672
@/home/ec2-user/data/topics/2037 673
@/home/ec2-user/data/topics/1602 674
@/home/ec2-user/data/topics/2048 675
@/home/ec2-user/data/topics/2094 676
@/home/ec2-user/data/topics/1749 677
@/home/ec2-user/data/topics/1778 678
@/home/ec2-user/data/topics/1954 679
@/home/ec2-user/data/topics/1147 680
富士ゼロックス株式会社

@/home/ec2-user/data/topics/3695 681
@/home/ec2-user/data/topics/3366 681
@/home/ec2-user/data/topics/1947 682
@/home/ec2-user/data/topics/3407 683
@/home/ec2-user/data/topics/3473 684
@/home/ec2-user/data/topics/4108 685
@/home/ec2-user/data/topics/5031 686
@/home/ec2-user/data/topics/3662 687
@/home/ec2-user/data/topics/3383 688
@/home/ec2-user/data/topics/3782 689
@/home/ec2-user/data/topics/3661 690
@/home/ec2-user/data/topics/3564 691
@/home/ec2-user/data/topics/3790 692
@/home/ec2-user/data/topics/3640 693
@/home/ec2-user/data/topics/1560 694
住友金属工業株式会社

@/home/ec2-user/data/topics/4295 695
@/home/ec2-user/data/topics/4733 695
@/home/ec2-user/data/topics/4182 696
@/home/ec2-user/data/topics/4021 697
@/home/ec2-user/data/topics/1268 698
@/home/ec2-user/data/topics/3655 699
@/home/ec2-user/data/topics/4322 700
@/home/ec2-user/data/topics/4991 701
@/home/ec2-user/data/topics/4534 702
@/home/ec2-user/data/topics/4661 703
@/home/ec2-user/data/topics/3826 704
@/home/ec2-user/data/topics/3577 705
日立電線株式会社

@/home/ec2-user/data/topics/4329 706
@/home/ec2-user/data/topics/4356 706
@/home/ec2-user/data/topics/4357 707
@/home/ec2-user/data/topics/3930 708
@/home/ec2-user/data/topics/1388 709
@/home/ec2-user/data/topics/3756 710
@/home/ec2-user/data/topics/1305 711
@/home/ec2-user/data/topics/1027 712
@/home/ec2-user/data/topics/1117 713
キヤノン株式会社

@/home/ec2-user/data/topics/2117 714
@/home/ec2-user/data/topics/3958 714
@/home/ec2-user/data/topics/3843 715
@/home/ec2-user/data/topics/4947 716
@/home/ec2-user/data/topics/3417 717
@/home/ec2-user/data/topics/1802 718
@/home/ec2-user/data/topics/3730 719
@/home/ec2-user/data/topics/3656 720
@/home/ec2-user/data/topics/3454 721
@/home/ec2-user/data/topics/4937 722
@/home/ec2-user/data/topics/2243 723
@/home/ec2-user/data/topics/3720 724
@/home/ec2-user/data/topics/4610 725
@/home/ec2-user/data/topics/4521 726
@/home/ec2-user/data/topics/4350 727
@/home/ec2-user/data/topics/1895 728
@/home/ec2-user/data/topics/1438 729
@/home/ec2-user/data/topics/1961 730
@/home/ec2-user/data/topics/1124 731
@/home/ec2-user/data/topics/1080 732
@/home/ec2-user/data/topics/3852 733
@/home/ec2-user/data/topics/4948 734
@/home/ec2-user/data/topics/1208 735
@/home/ec2-user/data/topics/3415 736
@/home/ec2-user/data/topics/1848 737
@/home/ec2-user/data/topics/1975 738
@/home/ec2-user/data/topics/4068 739
@/home/ec2-user/data/topics/3967 740
@/home/ec2-user/data/topics/3374 741
@/home/ec2-user/data/topics/3420 742
@/home/ec2-user/data/topics/2145 743
@/home/ec2-user/data/topics/3996 744
@/home/ec2-user/data/topics/1790 745
@/home/ec2-user/data/topics/2107 746
@/home/ec2-user/data/topics/1847 747
@/home/ec2-user/data/topics/2004 748
@/home/ec2-user/data/topics/3416 749
@/home/ec2-user/data/topics/2053 750
@/home/ec2-user/data/topics/4520 751
@/home/ec2-user/data/topics/1455 752
@/home/ec2-user/data/topics/1889 753
@/home/ec2-user/data/topics/4363 754
@/home/ec2-user/data/topics/1631 755
@/home/ec2-user/data/topics/3755 756
@/home/ec2-user/data/topics/1519 757
@/home/ec2-user/data/topics/3722 758
@/home/ec2-user/data/topics/4054 759
@/home/ec2-user/data/topics/1539 760
@/home/ec2-user/data/topics/1568 761
@/home/ec2-user/data/topics/1513 762
@/home/ec2-user/data/topics/3642 763
@/home/ec2-user/data/topics/3660 764
@/home/ec2-user/data/topics/1216 765
@/home/ec2-user/data/topics/3410 766
@/home/ec2-user/data/topics/3628 767
@/home/ec2-user/data/topics/1590 768
@/home/ec2-user/data/topics/4020 769
@/home/ec2-user/data/topics/3737 770
@/home/ec2-user/data/topics/1744 771
@/home/ec2-user/data/topics/3438 772
@/home/ec2-user/data/topics/3430 773
@/home/ec2-user/data/topics/3441 774
@/home/ec2-user/data/topics/2231 775
@/home/ec2-user/data/topics/3434 776
@/home/ec2-user/data/topics/1646 777
@/home/ec2-user/data/topics/1866 778
@/home/ec2-user/data/topics/3949 779
@/home/ec2-user/data/topics/1118 780
@/home/ec2-user/data/topics/1228 781
@/home/ec2-user/data/topics/3445 782
@/home/ec2-user/data/topics/4628 783
@/home/ec2-user/data/topics/1745 784
@/home/ec2-user/data/topics/3376 785
三洋電機株式会社

@/home/ec2-user/data/topics/1451 786
@/home/ec2-user/data/topics/3817 786
@/home/ec2-user/data/topics/4304 787
@/home/ec2-user/data/topics/2063 788
@/home/ec2-user/data/topics/3974 789
@/home/ec2-user/data/topics/3492 790
@/home/ec2-user/data/topics/2194 791
@/home/ec2-user/data/topics/4179 792
@/home/ec2-user/data/topics/3804 793
@/home/ec2-user/data/topics/4492 794
@/home/ec2-user/data/topics/1386 795
@/home/ec2-user/data/topics/3830 796
@/home/ec2-user/data/topics/4212 797
@/home/ec2-user/data/topics/3845 798
@/home/ec2-user/data/topics/4178 799
@/home/ec2-user/data/topics/3398 800
@/home/ec2-user/data/topics/3708 801
@/home/ec2-user/data/topics/4099 802
@/home/ec2-user/data/topics/4150 803
@/home/ec2-user/data/topics/3491 804
@/home/ec2-user/data/topics/4384 805
@/home/ec2-user/data/topics/3986 806
@/home/ec2-user/data/topics/1980 807
@/home/ec2-user/data/topics/4571 808
@/home/ec2-user/data/topics/3681 809
@/home/ec2-user/data/topics/2098 810
@/home/ec2-user/data/topics/4015 811
@/home/ec2-user/data/topics/4983 812
@/home/ec2-user/data/topics/2071 813
@/home/ec2-user/data/topics/1671 814
@/home/ec2-user/data/topics/4039 815
@/home/ec2-user/data/topics/4763 816
@/home/ec2-user/data/topics/1289 817
@/home/ec2-user/data/topics/3906 818
@/home/ec2-user/data/topics/4604 819
@/home/ec2-user/data/topics/4960 820
@/home/ec2-user/data/topics/4788 821
@/home/ec2-user/data/topics/1079 822
@/home/ec2-user/data/topics/2014 823
@/home/ec2-user/data/topics/4837 824
@/home/ec2-user/data/topics/1488 825
@/home/ec2-user/data/topics/2230 826
@/home/ec2-user/data/topics/1246 827
@/home/ec2-user/data/topics/4612 828
@/home/ec2-user/data/topics/3781 829
@/home/ec2-user/data/topics/4060 830
@/home/ec2-user/data/topics/4654 831
@/home/ec2-user/data/topics/4527 832
@/home/ec2-user/data/topics/1321 833
@/home/ec2-user/data/topics/5002 834
@/home/ec2-user/data/topics/4328 835
@/home/ec2-user/data/topics/3403 836
@/home/ec2-user/data/topics/4001 837
@/home/ec2-user/data/topics/3889 838
@/home/ec2-user/data/topics/1652 839
@/home/ec2-user/data/topics/3754 840
@/home/ec2-user/data/topics/4066 841
@/home/ec2-user/data/topics/1653 842
@/home/ec2-user/data/topics/3581 843
@/home/ec2-user/data/topics/4376 844
@/home/ec2-user/data/topics/2054 845
@/home/ec2-user/data/topics/4061 846
@/home/ec2-user/data/topics/4720 847
@/home/ec2-user/data/topics/1722 848
@/home/ec2-user/data/topics/4978 849
@/home/ec2-user/data/topics/4679 850
@/home/ec2-user/data/topics/4474 851
@/home/ec2-user/data/topics/3926 852
@/home/ec2-user/data/topics/3625 853
@/home/ec2-user/data/topics/4726 854
@/home/ec2-user/data/topics/3808 855
@/home/ec2-user/data/topics/1163 856
@/home/ec2-user/data/topics/5011 857
@/home/ec2-user/data/topics/3859 858
@/home/ec2-user/data/topics/3953 859
@/home/ec2-user/data/topics/1515 860
@/home/ec2-user/data/topics/1479 861
@/home/ec2-user/data/topics/4301 862
@/home/ec2-user/data/topics/3539 863
三菱電機株式会社

@/home/ec2-user/data/topics/4220 864
@/home/ec2-user/data/topics/3506 864
@/home/ec2-user/data/topics/3841 865
@/home/ec2-user/data/topics/4149 866
@/home/ec2-user/data/topics/3873 867
@/home/ec2-user/data/topics/3609 868
@/home/ec2-user/data/topics/3409 869
@/home/ec2-user/data/topics/3856 870
@/home/ec2-user/data/topics/3592 871
@/home/ec2-user/data/topics/3412 872
@/home/ec2-user/data/topics/4076 873
@/home/ec2-user/data/topics/3800 874
@/home/ec2-user/data/topics/3466 875
@/home/ec2-user/data/topics/4181 876
@/home/ec2-user/data/topics/4518 877
@/home/ec2-user/data/topics/5033 878
@/home/ec2-user/data/topics/3612 879
@/home/ec2-user/data/topics/3469 880
@/home/ec2-user/data/topics/1536 881
@/home/ec2-user/data/topics/3397 882
@/home/ec2-user/data/topics/3465 883
@/home/ec2-user/data/topics/4235 884
@/home/ec2-user/data/topics/3453 885
@/home/ec2-user/data/topics/3963 886
@/home/ec2-user/data/topics/4880 887
@/home/ec2-user/data/topics/1754 888
@/home/ec2-user/data/topics/3616 889
@/home/ec2-user/data/topics/4980 890
@/home/ec2-user/data/topics/3820 891
@/home/ec2-user/data/topics/3747 892
@/home/ec2-user/data/topics/3666 893
@/home/ec2-user/data/topics/4282 894
@/home/ec2-user/data/topics/4834 895
@/home/ec2-user/data/topics/4663 896
@/home/ec2-user/data/topics/1110 897
@/home/ec2-user/data/topics/4305 898
@/home/ec2-user/data/topics/1872 899
@/home/ec2-user/data/topics/4047 900
@/home/ec2-user/data/topics/5032 901
@/home/ec2-user/data/topics/4614 902
@/home/ec2-user/data/topics/1738 903
@/home/ec2-user/data/topics/3451 904
@/home/ec2-user/data/topics/4041 905
@/home/ec2-user/data/topics/1220 906
@/home/ec2-user/data/topics/3595 907
@/home/ec2-user/data/topics/4514 908
@/home/ec2-user/data/topics/3493 909
@/home/ec2-user/data/topics/3921 910
@/home/ec2-user/data/topics/4562 911
@/home/ec2-user/data/topics/4552 912
@/home/ec2-user/data/topics/2146 913
@/home/ec2-user/data/topics/4233 914
@/home/ec2-user/data/topics/3774 915
@/home/ec2-user/data/topics/4133 916
@/home/ec2-user/data/topics/3490 917
@/home/ec2-user/data/topics/4419 918
@/home/ec2-user/data/topics/4221 919
@/home/ec2-user/data/topics/1792 920
住友ゴム工業株式会社

@/home/ec2-user/data/topics/1114 921
@/home/ec2-user/data/topics/2007 921
@/home/ec2-user/data/topics/4048 922
@/home/ec2-user/data/topics/4597 923
@/home/ec2-user/data/topics/1758 924
@/home/ec2-user/data/topics/4406 925
@/home/ec2-user/data/topics/4568 926
セイコーエプソン株式会社

@/home/ec2-user/data/topics/3589 927
@/home/ec2-user/data/topics/1641 927
@/home/ec2-user/data/topics/1423 928
@/home/ec2-user/data/topics/1890 929
@/home/ec2-user/data/topics/4022 930
@/home/ec2-user/data/topics/4585 931
@/home/ec2-user/data/topics/3910 932
@/home/ec2-user/data/topics/3361 933
@/home/ec2-user/data/topics/2078 934
@/home/ec2-user/data/topics/4802 935
@/home/ec2-user/data/topics/4719 936
@/home/ec2-user/data/topics/4386 937
@/home/ec2-user/data/topics/1343 938
@/home/ec2-user/data/topics/1938 939
@/home/ec2-user/data/topics/2165 940
@/home/ec2-user/data/topics/4605 941
@/home/ec2-user/data/topics/3476 942
@/home/ec2-user/data/topics/3819 943
@/home/ec2-user/data/topics/4109 944
@/home/ec2-user/data/topics/1378 945
@/home/ec2-user/data/topics/3985 946
@/home/ec2-user/data/topics/4801 947
@/home/ec2-user/data/topics/3505 948
@/home/ec2-user/data/topics/3887 949
@/home/ec2-user/data/topics/4454 950
@/home/ec2-user/data/topics/1484 951
株式会社三共

@/home/ec2-user/data/topics/1648 952
@/home/ec2-user/data/topics/2060 952
@/home/ec2-user/data/topics/4868 953
@/home/ec2-user/data/topics/2123 954
@/home/ec2-user/data/topics/1665 955
@/home/ec2-user/data/topics/1189 956
@/home/ec2-user/data/topics/1086 957
@/home/ec2-user/data/topics/4374 958
@/home/ec2-user/data/topics/1377 959
沖電気工業株式会社

@/home/ec2-user/data/topics/3457 960
@/home/ec2-user/data/topics/4308 960
@/home/ec2-user/data/topics/4575 961
@/home/ec2-user/data/topics/3433 962
@/home/ec2-user/data/topics/3621 963
@/home/ec2-user/data/topics/1531 964
@/home/ec2-user/data/topics/4693 965
@/home/ec2-user/data/topics/4299 966
@/home/ec2-user/data/topics/3964 967
@/home/ec2-user/data/topics/3764 968
@/home/ec2-user/data/topics/1188 969
@/home/ec2-user/data/topics/3395 970
@/home/ec2-user/data/topics/3571 971
@/home/ec2-user/data/topics/3690 972
株式会社三星

@/home/ec2-user/data/topics/1260 973
@/home/ec2-user/data/topics/1728 973
@/home/ec2-user/data/topics/3942 974
@/home/ec2-user/data/topics/2198 975
@/home/ec2-user/data/topics/1733 976
@/home/ec2-user/data/topics/2108 977
日本ビクター株式会社

@/home/ec2-user/data/topics/4123 978
@/home/ec2-user/data/topics/1440 978
@/home/ec2-user/data/topics/3620 979
@/home/ec2-user/data/topics/1823 980
@/home/ec2-user/data/topics/3603 981
@/home/ec2-user/data/topics/4056 982
@/home/ec2-user/data/topics/3939 983
@/home/ec2-user/data/topics/1520 984
@/home/ec2-user/data/topics/1389 985
@/home/ec2-user/data/topics/3882 986
@/home/ec2-user/data/topics/4672 987
花王株式会社

@/home/ec2-user/data/topics/2214 988
@/home/ec2-user/data/topics/4249 988
@/home/ec2-user/data/topics/3812 989
@/home/ec2-user/data/topics/4827 990
@/home/ec2-user/data/topics/3753 991
@/home/ec2-user/data/topics/3999 992
@/home/ec2-user/data/topics/4445 993
@/home/ec2-user/data/topics/4211 994
@/home/ec2-user/data/topics/1022 995
@/home/ec2-user/data/topics/3884 996
@/home/ec2-user/data/topics/4287 997
@/home/ec2-user/data/topics/1196 998
@/home/ec2-user/data/topics/1767 999
三田工業株式会社

@/home/ec2-user/data/topics/1269 1000
@/home/ec2-user/data/topics/3842 1000
@/home/ec2-user/data/topics/2136 1001
@/home/ec2-user/data/topics/2155 1002
@/home/ec2-user/data/topics/1766 1003
@/home/ec2-user/data/topics/1034 1004
@/home/ec2-user/data/topics/3604 1005
@/home/ec2-user/data/topics/3923 1006
@/home/ec2-user/data/topics/1033 1007
豊丸産業株式会社

@/home/ec2-user/data/topics/1677 1008
@/home/ec2-user/data/topics/1914 1008
@/home/ec2-user/data/topics/4847 1009
@/home/ec2-user/data/topics/1138 1010
@/home/ec2-user/data/topics/1726 1011
@/home/ec2-user/data/topics/1126 1012
@/home/ec2-user/data/topics/1353 1013
@/home/ec2-user/data/topics/2011 1014
@/home/ec2-user/data/topics/1284 1015
@/home/ec2-user/data/topics/1588 1016
@/home/ec2-user/data/topics/3672 1017
@/home/ec2-user/data/topics/2169 1018
@/home/ec2-user/data/topics/1713 1019
@/home/ec2-user/data/topics/1097 1020
@/home/ec2-user/data/topics/1401 1021
鐘紡株式会社

@/home/ec2-user/data/topics/3566 1022
@/home/ec2-user/data/topics/2185 1022
@/home/ec2-user/data/topics/1870 1023
@/home/ec2-user/data/topics/3551 1024
@/home/ec2-user/data/topics/2034 1025
@/home/ec2-user/data/topics/4195 1026
@/home/ec2-user/data/topics/1054 1027
@/home/ec2-user/data/topics/3560 1028
@/home/ec2-user/data/topics/1842 1029
@/home/ec2-user/data/topics/3634 1030
@/home/ec2-user/data/topics/1304 1031
@/home/ec2-user/data/topics/1886 1032
@/home/ec2-user/data/topics/1178 1033
@/home/ec2-user/data/topics/1367 1034
@/home/ec2-user/data/topics/2223 1035
@/home/ec2-user/data/topics/1901 1036
株式会社デンソー

@/home/ec2-user/data/topics/3406 1037
@/home/ec2-user/data/topics/4675 1037
@/home/ec2-user/data/topics/3421 1038
@/home/ec2-user/data/topics/3710 1039
@/home/ec2-user/data/topics/4164 1040
@/home/ec2-user/data/topics/4805 1041
@/home/ec2-user/data/topics/4622 1042
@/home/ec2-user/data/topics/4656 1043
@/home/ec2-user/data/topics/1855 1044
@/home/ec2-user/data/topics/4046 1045
@/home/ec2-user/data/topics/1028 1046
@/home/ec2-user/data/topics/3480 1047
@/home/ec2-user/data/topics/4498 1048
@/home/ec2-user/data/topics/4024 1049
@/home/ec2-user/data/topics/4483 1050
@/home/ec2-user/data/topics/4840 1051
@/home/ec2-user/data/topics/4423 1052
富士写真フイルム株式会社

@/home/ec2-user/data/topics/3918 1053
@/home/ec2-user/data/topics/4962 1053
@/home/ec2-user/data/topics/3447 1054
@/home/ec2-user/data/topics/3857 1055
@/home/ec2-user/data/topics/3911 1056
@/home/ec2-user/data/topics/3354 1057
@/home/ec2-user/data/topics/1570 1058
@/home/ec2-user/data/topics/1662 1059
@/home/ec2-user/data/topics/1603 1060
@/home/ec2-user/data/topics/2134 1061
@/home/ec2-user/data/topics/1244 1062
京セラ株式会社

@/home/ec2-user/data/topics/3615 1063
@/home/ec2-user/data/topics/1708 1063
@/home/ec2-user/data/topics/3593 1064
@/home/ec2-user/data/topics/1741 1065
@/home/ec2-user/data/topics/3869 1066
@/home/ec2-user/data/topics/1913 1067
@/home/ec2-user/data/topics/4513 1068
@/home/ec2-user/data/topics/4340 1069
@/home/ec2-user/data/topics/4031 1070
@/home/ec2-user/data/topics/3741 1071
@/home/ec2-user/data/topics/4901 1072
@/home/ec2-user/data/topics/1485 1073
イビデン株式会社

@/home/ec2-user/data/topics/1770 1074
@/home/ec2-user/data/topics/1682 1074
@/home/ec2-user/data/topics/1952 1075
@/home/ec2-user/data/topics/2033 1076
@/home/ec2-user/data/topics/1336 1077
@/home/ec2-user/data/topics/3814 1078
@/home/ec2-user/data/topics/1315 1079
株式会社東芝

@/home/ec2-user/data/topics/3988 1080
@/home/ec2-user/data/topics/4631 1080
@/home/ec2-user/data/topics/4183 1081
@/home/ec2-user/data/topics/3618 1082
@/home/ec2-user/data/topics/1585 1083
@/home/ec2-user/data/topics/4089 1084
@/home/ec2-user/data/topics/3834 1085
@/home/ec2-user/data/topics/1332 1086
@/home/ec2-user/data/topics/4863 1087
@/home/ec2-user/data/topics/4361 1088
@/home/ec2-user/data/topics/3462 1089
@/home/ec2-user/data/topics/3689 1090
@/home/ec2-user/data/topics/4751 1091
@/home/ec2-user/data/topics/3795 1092
@/home/ec2-user/data/topics/4336 1093
@/home/ec2-user/data/topics/4381 1094
@/home/ec2-user/data/topics/4842 1095
@/home/ec2-user/data/topics/4165 1096
@/home/ec2-user/data/topics/4057 1097
@/home/ec2-user/data/topics/3881 1098
@/home/ec2-user/data/topics/4594 1099
@/home/ec2-user/data/topics/4535 1100
@/home/ec2-user/data/topics/4912 1101
@/home/ec2-user/data/topics/1756 1102
@/home/ec2-user/data/topics/4755 1103
@/home/ec2-user/data/topics/4623 1104
@/home/ec2-user/data/topics/1819 1105
@/home/ec2-user/data/topics/3732 1106
@/home/ec2-user/data/topics/3352 1107
@/home/ec2-user/data/topics/4096 1108
@/home/ec2-user/data/topics/3780 1109
@/home/ec2-user/data/topics/3688 1110
@/home/ec2-user/data/topics/4009 1111
@/home/ec2-user/data/topics/1090 1112
@/home/ec2-user/data/topics/3948 1113
@/home/ec2-user/data/topics/3598 1114
@/home/ec2-user/data/topics/4292 1115
@/home/ec2-user/data/topics/2241 1116
@/home/ec2-user/data/topics/3716 1117
@/home/ec2-user/data/topics/3734 1118
@/home/ec2-user/data/topics/3351 1119
@/home/ec2-user/data/topics/4172 1120
@/home/ec2-user/data/topics/3380 1121
@/home/ec2-user/data/topics/1205 1122
@/home/ec2-user/data/topics/4197 1123
@/home/ec2-user/data/topics/4935 1124
@/home/ec2-user/data/topics/1757 1125
@/home/ec2-user/data/topics/4566 1126
@/home/ec2-user/data/topics/4302 1127
@/home/ec2-user/data/topics/1997 1128
@/home/ec2-user/data/topics/4509 1129
@/home/ec2-user/data/topics/3890 1130
@/home/ec2-user/data/topics/4881 1131
@/home/ec2-user/data/topics/3990 1132
@/home/ec2-user/data/topics/3851 1133
@/home/ec2-user/data/topics/3683 1134
@/home/ec2-user/data/topics/4140 1135
@/home/ec2-user/data/topics/1132 1136
@/home/ec2-user/data/topics/3360 1137
@/home/ec2-user/data/topics/3363 1138
@/home/ec2-user/data/topics/3542 1139
ヤマハ株式会社

@/home/ec2-user/data/topics/4145 1140
@/home/ec2-user/data/topics/4954 1140
@/home/ec2-user/data/topics/4045 1141
@/home/ec2-user/data/topics/4125 1142
@/home/ec2-user/data/topics/1676 1143
@/home/ec2-user/data/topics/3972 1144
@/home/ec2-user/data/topics/1720 1145
@/home/ec2-user/data/topics/4010 1146
@/home/ec2-user/data/topics/4919 1147
@/home/ec2-user/data/topics/1443 1148
@/home/ec2-user/data/topics/4084 1149
@/home/ec2-user/data/topics/4177 1150
@/home/ec2-user/data/topics/1911 1151
東洋紡績株式会社

@/home/ec2-user/data/topics/4362 1152
@/home/ec2-user/data/topics/4366 1152
@/home/ec2-user/data/topics/3769 1153
@/home/ec2-user/data/topics/1613 1154
@/home/ec2-user/data/topics/1029 1155
@/home/ec2-user/data/topics/4284 1156
三菱化学株式会社

@/home/ec2-user/data/topics/3458 1157
@/home/ec2-user/data/topics/3638 1157
@/home/ec2-user/data/topics/3513 1158
@/home/ec2-user/data/topics/1902 1159
@/home/ec2-user/data/topics/1197 1160
@/home/ec2-user/data/topics/1699 1161
カシオ計算機株式会社

@/home/ec2-user/data/topics/2237 1162
@/home/ec2-user/data/topics/1535 1162
@/home/ec2-user/data/topics/1794 1163
@/home/ec2-user/data/topics/2180 1164
@/home/ec2-user/data/topics/1235 1165
@/home/ec2-user/data/topics/3391 1166
@/home/ec2-user/data/topics/1047 1167
@/home/ec2-user/data/topics/1368 1168
コナミ株式会社

@/home/ec2-user/data/topics/2151 1169
@/home/ec2-user/data/topics/1621 1169
@/home/ec2-user/data/topics/2100 1170
@/home/ec2-user/data/topics/4602 1171
@/home/ec2-user/data/topics/1302 1172
@/home/ec2-user/data/topics/1672 1173
@/home/ec2-user/data/topics/4681 1174
@/home/ec2-user/data/topics/5015 1175
大日本スクリーン製造株式会社

@/home/ec2-user/data/topics/1779 1176
@/home/ec2-user/data/topics/1608 1176
@/home/ec2-user/data/topics/3742 1177
@/home/ec2-user/data/topics/1130 1178
@/home/ec2-user/data/topics/2209 1179
@/home/ec2-user/data/topics/2172 1180
@/home/ec2-user/data/topics/1173 1181
オムロン株式会社

@/home/ec2-user/data/topics/4771 1182
@/home/ec2-user/data/topics/1657 1182
@/home/ec2-user/data/topics/1135 1183
@/home/ec2-user/data/topics/1579 1184
@/home/ec2-user/data/topics/1067 1185
@/home/ec2-user/data/topics/1533 1186
@/home/ec2-user/data/topics/1151 1187
@/home/ec2-user/data/topics/2096 1188
@/home/ec2-user/data/topics/3863 1189
@/home/ec2-user/data/topics/3594 1190
@/home/ec2-user/data/topics/3700 1191
@/home/ec2-user/data/topics/3748 1192
@/home/ec2-user/data/topics/1933 1193
@/home/ec2-user/data/topics/1841 1194
@/home/ec2-user/data/topics/3597 1195
株式会社日立製作所

@/home/ec2-user/data/topics/1249 1196
@/home/ec2-user/data/topics/1562 1196
@/home/ec2-user/data/topics/1278 1197
@/home/ec2-user/data/topics/3659 1198
@/home/ec2-user/data/topics/4489 1199
@/home/ec2-user/data/topics/1880 1200
@/home/ec2-user/data/topics/1296 1201
@/home/ec2-user/data/topics/4830 1202
@/home/ec2-user/data/topics/3968 1203
@/home/ec2-user/data/topics/1340 1204
@/home/ec2-user/data/topics/1640 1205
@/home/ec2-user/data/topics/4799 1206
@/home/ec2-user/data/topics/2019 1207
@/home/ec2-user/data/topics/4402 1208
@/home/ec2-user/data/topics/3973 1209
@/home/ec2-user/data/topics/3665 1210
@/home/ec2-user/data/topics/3993 1211
@/home/ec2-user/data/topics/1082 1212
@/home/ec2-user/data/topics/3439 1213
@/home/ec2-user/data/topics/1987 1214
@/home/ec2-user/data/topics/1105 1215
@/home/ec2-user/data/topics/1334 1216
@/home/ec2-user/data/topics/4058 1217
@/home/ec2-user/data/topics/5030 1218
@/home/ec2-user/data/topics/5029 1219
@/home/ec2-user/data/topics/1487 1220
@/home/ec2-user/data/topics/4122 1221
@/home/ec2-user/data/topics/3350 1222
@/home/ec2-user/data/topics/3706 1223
@/home/ec2-user/data/topics/4493 1224
@/home/ec2-user/data/topics/3384 1225
@/home/ec2-user/data/topics/4401 1226
@/home/ec2-user/data/topics/4040 1227
@/home/ec2-user/data/topics/4547 1228
@/home/ec2-user/data/topics/3994 1229
@/home/ec2-user/data/topics/3471 1230
@/home/ec2-user/data/topics/3648 1231
@/home/ec2-user/data/topics/3691 1232
@/home/ec2-user/data/topics/4943 1233
@/home/ec2-user/data/topics/2239 1234
@/home/ec2-user/data/topics/1825 1235
@/home/ec2-user/data/topics/3965 1236
@/home/ec2-user/data/topics/1072 1237
@/home/ec2-user/data/topics/4621 1238
@/home/ec2-user/data/topics/1247 1239
@/home/ec2-user/data/topics/3599 1240
@/home/ec2-user/data/topics/3588 1241
@/home/ec2-user/data/topics/4166 1242
@/home/ec2-user/data/topics/2184 1243
@/home/ec2-user/data/topics/1463 1244
@/home/ec2-user/data/topics/1826 1245
@/home/ec2-user/data/topics/1651 1246
@/home/ec2-user/data/topics/1833 1247
@/home/ec2-user/data/topics/3822 1248
@/home/ec2-user/data/topics/4559 1249
@/home/ec2-user/data/topics/1501 1250
@/home/ec2-user/data/topics/3570 1251
@/home/ec2-user/data/topics/3440 1252
@/home/ec2-user/data/topics/4551 1253
@/home/ec2-user/data/topics/3488 1254
@/home/ec2-user/data/topics/3596 1255
@/home/ec2-user/data/topics/1882 1256
@/home/ec2-user/data/topics/4420 1257
@/home/ec2-user/data/topics/3461 1258
@/home/ec2-user/data/topics/3772 1259
@/home/ec2-user/data/topics/1667 1260
@/home/ec2-user/data/topics/3779 1261
@/home/ec2-user/data/topics/4990 1262
@/home/ec2-user/data/topics/1693 1263
@/home/ec2-user/data/topics/3524 1264
@/home/ec2-user/data/topics/3531 1265
@/home/ec2-user/data/topics/4545 1266
@/home/ec2-user/data/topics/2081 1267
@/home/ec2-user/data/topics/3432 1268
凸版印刷株式会社

@/home/ec2-user/data/topics/3526 1269
@/home/ec2-user/data/topics/3500 1269
@/home/ec2-user/data/topics/1765 1270
@/home/ec2-user/data/topics/1977 1271
@/home/ec2-user/data/topics/3624 1272
@/home/ec2-user/data/topics/1091 1273
@/home/ec2-user/data/topics/4874 1274
株式会社ノーリツ

@/home/ec2-user/data/topics/1760 1275
@/home/ec2-user/data/topics/2116 1275
@/home/ec2-user/data/topics/1598 1276
@/home/ec2-user/data/topics/1618 1277
@/home/ec2-user/data/topics/4206 1278
@/home/ec2-user/data/topics/4354 1279
@/home/ec2-user/data/topics/4776 1280
@/home/ec2-user/data/topics/1290 1281
川崎重工業株式会社

@/home/ec2-user/data/topics/1162 1282
@/home/ec2-user/data/topics/4572 1282
@/home/ec2-user/data/topics/4944 1283
@/home/ec2-user/data/topics/1172 1284
@/home/ec2-user/data/topics/5025 1285
@/home/ec2-user/data/topics/4866 1286
@/home/ec2-user/data/topics/4793 1287
@/home/ec2-user/data/topics/4756 1288
ティーディーケイ株式会社

@/home/ec2-user/data/topics/1409 1289
@/home/ec2-user/data/topics/3909 1289
@/home/ec2-user/data/topics/1129 1290
@/home/ec2-user/data/topics/4619 1291
@/home/ec2-user/data/topics/1510 1292
@/home/ec2-user/data/topics/2210 1293
@/home/ec2-user/data/topics/2202 1294
@/home/ec2-user/data/topics/3798 1295
@/home/ec2-user/data/topics/3792 1296
京セラミタ株式会社

@/home/ec2-user/data/topics/4985 1297
@/home/ec2-user/data/topics/2141 1297
@/home/ec2-user/data/topics/1032 1298
@/home/ec2-user/data/topics/1930 1299
@/home/ec2-user/data/topics/4174 1300
@/home/ec2-user/data/topics/4973 1301
@/home/ec2-user/data/topics/4564 1302
株式会社クボタ

@/home/ec2-user/data/topics/1012 1303
@/home/ec2-user/data/topics/4745 1303
@/home/ec2-user/data/topics/1734 1304
@/home/ec2-user/data/topics/4379 1305
@/home/ec2-user/data/topics/4251 1306
@/home/ec2-user/data/topics/3854 1307
@/home/ec2-user/data/topics/3823 1308
@/home/ec2-user/data/topics/1280 1309
@/home/ec2-user/data/topics/1448 1310
@/home/ec2-user/data/topics/3919 1311
シャープ株式会社

@/home/ec2-user/data/topics/1563 1312
@/home/ec2-user/data/topics/3813 1312
@/home/ec2-user/data/topics/2087 1313
@/home/ec2-user/data/topics/3978 1314
@/home/ec2-user/data/topics/1840 1315
@/home/ec2-user/data/topics/4744 1316
@/home/ec2-user/data/topics/3858 1317
@/home/ec2-user/data/topics/4173 1318
@/home/ec2-user/data/topics/3793 1319
@/home/ec2-user/data/topics/1209 1320
@/home/ec2-user/data/topics/4127 1321
@/home/ec2-user/data/topics/3678 1322
@/home/ec2-user/data/topics/3606 1323
@/home/ec2-user/data/topics/4583 1324
@/home/ec2-user/data/topics/3649 1325
@/home/ec2-user/data/topics/3537 1326
@/home/ec2-user/data/topics/4105 1327
@/home/ec2-user/data/topics/4214 1328
@/home/ec2-user/data/topics/3450 1329
@/home/ec2-user/data/topics/4648 1330
@/home/ec2-user/data/topics/1965 1331
@/home/ec2-user/data/topics/3673 1332
@/home/ec2-user/data/topics/4469 1333
@/home/ec2-user/data/topics/4124 1334
@/home/ec2-user/data/topics/1685 1335
@/home/ec2-user/data/topics/3855 1336
@/home/ec2-user/data/topics/3578 1337
@/home/ec2-user/data/topics/4103 1338
@/home/ec2-user/data/topics/4263 1339
@/home/ec2-user/data/topics/4152 1340
@/home/ec2-user/data/topics/3832 1341
@/home/ec2-user/data/topics/4516 1342
@/home/ec2-user/data/topics/4691 1343
@/home/ec2-user/data/topics/1349 1344
@/home/ec2-user/data/topics/1384 1345
@/home/ec2-user/data/topics/4019 1346
@/home/ec2-user/data/topics/3760 1347
@/home/ec2-user/data/topics/1561 1348
@/home/ec2-user/data/topics/4228 1349
@/home/ec2-user/data/topics/3762 1350
@/home/ec2-user/data/topics/4861 1351
@/home/ec2-user/data/topics/4095 1352
@/home/ec2-user/data/topics/3679 1353
@/home/ec2-user/data/topics/1258 1354
@/home/ec2-user/data/topics/3777 1355
@/home/ec2-user/data/topics/2118 1356
@/home/ec2-user/data/topics/3957 1357
@/home/ec2-user/data/topics/3610 1358
@/home/ec2-user/data/topics/3698 1359
@/home/ec2-user/data/topics/1419 1360
@/home/ec2-user/data/topics/1431 1361
@/home/ec2-user/data/topics/1318 1362
@/home/ec2-user/data/topics/4245 1363
@/home/ec2-user/data/topics/3981 1364
@/home/ec2-user/data/topics/3422 1365
@/home/ec2-user/data/topics/4349 1366
@/home/ec2-user/data/topics/1288 1367
@/home/ec2-user/data/topics/1396 1368
@/home/ec2-user/data/topics/4252 1369
@/home/ec2-user/data/topics/4430 1370
@/home/ec2-user/data/topics/2020 1371
@/home/ec2-user/data/topics/4683 1372
@/home/ec2-user/data/topics/4323 1373
@/home/ec2-user/data/topics/4230 1374
@/home/ec2-user/data/topics/1154 1375
@/home/ec2-user/data/topics/3871 1376
@/home/ec2-user/data/topics/4782 1377
@/home/ec2-user/data/topics/3895 1378
@/home/ec2-user/data/topics/1804 1379
@/home/ec2-user/data/topics/1970 1380
@/home/ec2-user/data/topics/2084 1381
@/home/ec2-user/data/topics/3966 1382
@/home/ec2-user/data/topics/4519 1383
@/home/ec2-user/data/topics/4717 1384
@/home/ec2-user/data/topics/3941 1385
@/home/ec2-user/data/topics/3776 1386
@/home/ec2-user/data/topics/3452 1387
@/home/ec2-user/data/topics/4256 1388
@/home/ec2-user/data/topics/4005 1389
@/home/ec2-user/data/topics/1174 1390
@/home/ec2-user/data/topics/4113 1391
日本輸送機株式会社

@/home/ec2-user/data/topics/3573 1392
@/home/ec2-user/data/topics/1456 1392
@/home/ec2-user/data/topics/1191 1393
@/home/ec2-user/data/topics/1940 1394
@/home/ec2-user/data/topics/1108 1395
@/home/ec2-user/data/topics/2221 1396
@/home/ec2-user/data/topics/1493 1397
@/home/ec2-user/data/topics/2065 1398
東京エレクトロン株式会社

@/home/ec2-user/data/topics/4345 1399
@/home/ec2-user/data/topics/3947 1399
@/home/ec2-user/data/topics/4053 1400
@/home/ec2-user/data/topics/1800 1401
@/home/ec2-user/data/topics/4023 1402
@/home/ec2-user/data/topics/1736 1403
@/home/ec2-user/data/topics/4618 1404
@/home/ec2-user/data/topics/4702 1405
@/home/ec2-user/data/topics/1508 1406
@/home/ec2-user/data/topics/1263 1407
@/home/ec2-user/data/topics/4002 1408
@/home/ec2-user/data/topics/4906 1409
株式会社村田製作所

@/home/ec2-user/data/topics/3435 1410
@/home/ec2-user/data/topics/4703 1410
@/home/ec2-user/data/topics/4163 1411
@/home/ec2-user/data/topics/3482 1412
@/home/ec2-user/data/topics/3885 1413
@/home/ec2-user/data/topics/4042 1414
@/home/ec2-user/data/topics/4432 1415
@/home/ec2-user/data/topics/2229 1416
@/home/ec2-user/data/topics/4325 1417
@/home/ec2-user/data/topics/4378 1418
@/home/ec2-user/data/topics/3697 1419
@/home/ec2-user/data/topics/4795 1420
@/home/ec2-user/data/topics/1374 1421
@/home/ec2-user/data/topics/1411 1422
@/home/ec2-user/data/topics/4271 1423
@/home/ec2-user/data/topics/4070 1424
@/home/ec2-user/data/topics/4417 1425
日本電信電話株式会社

@/home/ec2-user/data/topics/3521 1426
@/home/ec2-user/data/topics/4560 1426
@/home/ec2-user/data/topics/3928 1427
@/home/ec2-user/data/topics/4443 1428
@/home/ec2-user/data/topics/4146 1429
@/home/ec2-user/data/topics/3359 1430
@/home/ec2-user/data/topics/1809 1431
@/home/ec2-user/data/topics/3650 1432
@/home/ec2-user/data/topics/4925 1433
@/home/ec2-user/data/topics/3785 1434
@/home/ec2-user/data/topics/1408 1435
@/home/ec2-user/data/topics/4131 1436
@/home/ec2-user/data/topics/4104 1437
@/home/ec2-user/data/topics/3824 1438
@/home/ec2-user/data/topics/3552 1439
@/home/ec2-user/data/topics/1230 1440
@/home/ec2-user/data/topics/4208 1441
@/home/ec2-user/data/topics/3536 1442
@/home/ec2-user/data/topics/3544 1443
@/home/ec2-user/data/topics/4836 1444
@/home/ec2-user/data/topics/3568 1445
@/home/ec2-user/data/topics/4664 1446
@/home/ec2-user/data/topics/4121 1447
@/home/ec2-user/data/topics/4118 1448
@/home/ec2-user/data/topics/4115 1449
@/home/ec2-user/data/topics/3915 1450
@/home/ec2-user/data/topics/1042 1451
@/home/ec2-user/data/topics/1934 1452
@/home/ec2-user/data/topics/4964 1453
@/home/ec2-user/data/topics/4511 1454
@/home/ec2-user/data/topics/1787 1455
@/home/ec2-user/data/topics/4792 1456
@/home/ec2-user/data/topics/2017 1457
@/home/ec2-user/data/topics/4114 1458
@/home/ec2-user/data/topics/4870 1459
@/home/ec2-user/data/topics/4087 1460
@/home/ec2-user/data/topics/1556 1461
@/home/ec2-user/data/topics/3641 1462
@/home/ec2-user/data/topics/4865 1463
@/home/ec2-user/data/topics/3927 1464
@/home/ec2-user/data/topics/3894 1465
@/home/ec2-user/data/topics/4505 1466
@/home/ec2-user/data/topics/2130 1467
@/home/ec2-user/data/topics/4488 1468
@/home/ec2-user/data/topics/4965 1469
@/home/ec2-user/data/topics/3425 1470
@/home/ec2-user/data/topics/3509 1471
@/home/ec2-user/data/topics/4916 1472
@/home/ec2-user/data/topics/4335 1473
@/home/ec2-user/data/topics/4952 1474
@/home/ec2-user/data/topics/1229 1475
@/home/ec2-user/data/topics/4232 1476
@/home/ec2-user/data/topics/4025 1477
@/home/ec2-user/data/topics/4175 1478
@/home/ec2-user/data/topics/3586 1479
@/home/ec2-user/data/topics/3811 1480
日本鋼管株式会社

@/home/ec2-user/data/topics/3572 1481
@/home/ec2-user/data/topics/4289 1481
@/home/ec2-user/data/topics/1404 1482
@/home/ec2-user/data/topics/4455 1483
@/home/ec2-user/data/topics/2095 1484
@/home/ec2-user/data/topics/4161 1485
@/home/ec2-user/data/topics/1690 1486
株式会社神戸製鋼所

@/home/ec2-user/data/topics/2064 1487
@/home/ec2-user/data/topics/3902 1487
@/home/ec2-user/data/topics/3475 1488
@/home/ec2-user/data/topics/4949 1489
@/home/ec2-user/data/topics/3632 1490
@/home/ec2-user/data/topics/3674 1491
@/home/ec2-user/data/topics/1465 1492
株式会社ケンウッド

@/home/ec2-user/data/topics/1617 1493
@/home/ec2-user/data/topics/4467 1493
@/home/ec2-user/data/topics/1424 1494
@/home/ec2-user/data/topics/1345 1495
@/home/ec2-user/data/topics/3801 1496
@/home/ec2-user/data/topics/1241 1497
@/home/ec2-user/data/topics/4038 1498
@/home/ec2-user/data/topics/3878 1499
@/home/ec2-user/data/topics/1896 1500
@/home/ec2-user/data/topics/3794 1501
@/home/ec2-user/data/topics/3969 1502
@/home/ec2-user/data/topics/3463 1503
@/home/ec2-user/data/topics/2163 1504
@/home/ec2-user/data/topics/4050 1505
@/home/ec2-user/data/topics/4167 1506
@/home/ec2-user/data/topics/3977 1507
@/home/ec2-user/data/topics/3839 1508
@/home/ec2-user/data/topics/2036 1509
@/home/ec2-user/data/topics/1115 1510
@/home/ec2-user/data/topics/1698 1511
@/home/ec2-user/data/topics/1186 1512
東陶機器株式会社

@/home/ec2-user/data/topics/3583 1513
@/home/ec2-user/data/topics/1626 1513
@/home/ec2-user/data/topics/1735 1514
@/home/ec2-user/data/topics/3821 1515
@/home/ec2-user/data/topics/2135 1516
@/home/ec2-user/data/topics/1692 1517
本田技研工業株式会社

@/home/ec2-user/data/topics/2016 1518
@/home/ec2-user/data/topics/4375 1518
@/home/ec2-user/data/topics/4783 1519
@/home/ec2-user/data/topics/4033 1520
@/home/ec2-user/data/topics/1215 1521
@/home/ec2-user/data/topics/5026 1522
@/home/ec2-user/data/topics/4199 1523
@/home/ec2-user/data/topics/1818 1524
@/home/ec2-user/data/topics/1143 1525
@/home/ec2-user/data/topics/4132 1526
@/home/ec2-user/data/topics/1266 1527
@/home/ec2-user/data/topics/1605 1528
@/home/ec2-user/data/topics/4331 1529
@/home/ec2-user/data/topics/1822 1530
@/home/ec2-user/data/topics/2000 1531
@/home/ec2-user/data/topics/4888 1532
@/home/ec2-user/data/topics/1444 1533
@/home/ec2-user/data/topics/1226 1534
@/home/ec2-user/data/topics/3685 1535
新日本製鐵株式会社

@/home/ec2-user/data/topics/3861 1536
@/home/ec2-user/data/topics/3899 1536
@/home/ec2-user/data/topics/3368 1537
@/home/ec2-user/data/topics/5008 1538
@/home/ec2-user/data/topics/4472 1539
@/home/ec2-user/data/topics/3663 1540
松下電工株式会社

@/home/ec2-user/data/topics/4347 1541
@/home/ec2-user/data/topics/3549 1541
@/home/ec2-user/data/topics/3932 1542
@/home/ec2-user/data/topics/3565 1543
@/home/ec2-user/data/topics/3835 1544
@/home/ec2-user/data/topics/4083 1545
@/home/ec2-user/data/topics/1311 1546
@/home/ec2-user/data/topics/4592 1547
@/home/ec2-user/data/topics/4094 1548
@/home/ec2-user/data/topics/4450 1549
@/home/ec2-user/data/topics/2045 1550
@/home/ec2-user/data/topics/3670 1551
@/home/ec2-user/data/topics/4012 1552
@/home/ec2-user/data/topics/4317 1553
@/home/ec2-user/data/topics/3379 1554
@/home/ec2-user/data/topics/3778 1555
@/home/ec2-user/data/topics/3651 1556
@/home/ec2-user/data/topics/1803 1557
@/home/ec2-user/data/topics/4029 1558
@/home/ec2-user/data/topics/1011 1559
@/home/ec2-user/data/topics/1251 1560
@/home/ec2-user/data/topics/3511 1561
usernum: 72
hit: 983
simhit: 974
simmax: 0.697724987431
simmin: 0.0
simavg: 0.207958824243
dlmax: 0.208780467647
dlmin: 0.00519191659466
dlavg: 0.0358680046214
mthit: 1615
mthls: 0
srp: 450.528
total: 1562
hit/total: 0.629321382843
simhit/total: 0.623559539052
mthit/(total+usernum): 0.988372093023
mthls/(total+usernum): 0.0
srp/(total+usernum): 0.0919069767442
srp20/(total+usernum): 0.0258159934721
srp100/(total+usernum): 0.0615422276622
srp500/(total+usernum): 0.0811840065279

2016-12-22 19:51:35.004280
