2016-12-25 01:32:33.681563

topic-folder:/home/ec2-user/data/topics/
cl-file:/home/ec2-user/git/tfidf/result-new/b2-0.txt
cl-floder:/home/ec2-user/data/lsaclass/
zipf:0.5
stype[0(tfidf)/1(tfidf2)/2(lsa)/3(lda)]:2
dtype[<0(diff*rand)/0(diff)/1(same)/>=2(diff*same)]:0
output-floder:/home/ec2-user/git/userquery/result

三菱マテリアル株式会社

@/home/ec2-user/data/topics/3520 0
@/home/ec2-user/data/topics/1085 0
@/home/ec2-user/data/topics/2093 1
@/home/ec2-user/data/topics/3546 2
@/home/ec2-user/data/topics/3866 3
@/home/ec2-user/data/topics/3630 4
@/home/ec2-user/data/topics/1638 5
@/home/ec2-user/data/topics/3470 6
日本精機株式会社

@/home/ec2-user/data/topics/4875 7
@/home/ec2-user/data/topics/4709 7
@/home/ec2-user/data/topics/4972 8
@/home/ec2-user/data/topics/4690 9
@/home/ec2-user/data/topics/1398 10
@/home/ec2-user/data/topics/4907 11
コニカ株式会社

@/home/ec2-user/data/topics/3414 12
@/home/ec2-user/data/topics/3418 12
@/home/ec2-user/data/topics/3486 13
@/home/ec2-user/data/topics/3426 14
@/home/ec2-user/data/topics/3533 15
@/home/ec2-user/data/topics/3419 16
@/home/ec2-user/data/topics/3357 17
@/home/ec2-user/data/topics/3431 18
@/home/ec2-user/data/topics/1946 19
@/home/ec2-user/data/topics/3370 20
@/home/ec2-user/data/topics/2162 21
埼玉日本電気株式会社

@/home/ec2-user/data/topics/4998 22
@/home/ec2-user/data/topics/4283 22
@/home/ec2-user/data/topics/4242 23
@/home/ec2-user/data/topics/1620 24
@/home/ec2-user/data/topics/1512 25
@/home/ec2-user/data/topics/4279 26
@/home/ec2-user/data/topics/4468 27
@/home/ec2-user/data/topics/4496 28
@/home/ec2-user/data/topics/5010 29
アルプス電気株式会社

@/home/ec2-user/data/topics/4791 30
@/home/ec2-user/data/topics/2012 30
@/home/ec2-user/data/topics/3429 31
@/home/ec2-user/data/topics/2089 32
@/home/ec2-user/data/topics/1253 33
@/home/ec2-user/data/topics/3582 34
@/home/ec2-user/data/topics/1434 35
三菱重工業株式会社

@/home/ec2-user/data/topics/5022 36
@/home/ec2-user/data/topics/3503 36
@/home/ec2-user/data/topics/3591 37
@/home/ec2-user/data/topics/3944 38
@/home/ec2-user/data/topics/4412 39
@/home/ec2-user/data/topics/3833 40
@/home/ec2-user/data/topics/3529 41
@/home/ec2-user/data/topics/4882 42
@/home/ec2-user/data/topics/4687 43
@/home/ec2-user/data/topics/4563 44
@/home/ec2-user/data/topics/4862 45
@/home/ec2-user/data/topics/3637 46
村田機械株式会社

@/home/ec2-user/data/topics/3528 47
@/home/ec2-user/data/topics/3740 47
@/home/ec2-user/data/topics/4746 48
@/home/ec2-user/data/topics/4565 49
@/home/ec2-user/data/topics/4645 50
@/home/ec2-user/data/topics/1074 51
@/home/ec2-user/data/topics/4441 52
@/home/ec2-user/data/topics/4941 53
@/home/ec2-user/data/topics/4556 54
@/home/ec2-user/data/topics/4638 55
@/home/ec2-user/data/topics/4596 56
@/home/ec2-user/data/topics/1607 57
@/home/ec2-user/data/topics/1511 58
@/home/ec2-user/data/topics/1293 59
@/home/ec2-user/data/topics/4835 60
@/home/ec2-user/data/topics/5000 61
@/home/ec2-user/data/topics/4570 62
川崎製鉄株式会社

@/home/ec2-user/data/topics/1037 63
@/home/ec2-user/data/topics/3532 63
@/home/ec2-user/data/topics/3413 64
@/home/ec2-user/data/topics/3611 65
@/home/ec2-user/data/topics/4615 66
@/home/ec2-user/data/topics/3929 67
@/home/ec2-user/data/topics/3483 68
@/home/ec2-user/data/topics/3553 69
@/home/ec2-user/data/topics/1459 70
ダイキン工業株式会社

@/home/ec2-user/data/topics/4753 71
@/home/ec2-user/data/topics/1600 71
@/home/ec2-user/data/topics/4515 72
@/home/ec2-user/data/topics/4367 73
@/home/ec2-user/data/topics/4845 74
@/home/ec2-user/data/topics/1565 75
@/home/ec2-user/data/topics/4701 76
@/home/ec2-user/data/topics/3888 77
@/home/ec2-user/data/topics/4400 78
@/home/ec2-user/data/topics/4858 79
@/home/ec2-user/data/topics/4734 80
三菱自動車工業株式会社

@/home/ec2-user/data/topics/1527 81
@/home/ec2-user/data/topics/2101 81
@/home/ec2-user/data/topics/4189 82
@/home/ec2-user/data/topics/1428 83
@/home/ec2-user/data/topics/3815 84
@/home/ec2-user/data/topics/3502 85
@/home/ec2-user/data/topics/1816 86
@/home/ec2-user/data/topics/3940 87
日産自動車株式会社

@/home/ec2-user/data/topics/3712 88
@/home/ec2-user/data/topics/3501 88
@/home/ec2-user/data/topics/3489 89
@/home/ec2-user/data/topics/3497 90
@/home/ec2-user/data/topics/3677 91
@/home/ec2-user/data/topics/4982 92
@/home/ec2-user/data/topics/3829 93
@/home/ec2-user/data/topics/4074 94
@/home/ec2-user/data/topics/3723 95
@/home/ec2-user/data/topics/3645 96
@/home/ec2-user/data/topics/3936 97
トヨタ自動車株式会社

@/home/ec2-user/data/topics/2218 98
@/home/ec2-user/data/topics/4920 98
@/home/ec2-user/data/topics/1494 99
@/home/ec2-user/data/topics/3481 100
@/home/ec2-user/data/topics/3699 101
@/home/ec2-user/data/topics/3943 102
@/home/ec2-user/data/topics/3783 103
@/home/ec2-user/data/topics/4633 104
@/home/ec2-user/data/topics/4030 105
@/home/ec2-user/data/topics/4767 106
@/home/ec2-user/data/topics/4064 107
@/home/ec2-user/data/topics/3758 108
@/home/ec2-user/data/topics/3405 109
@/home/ec2-user/data/topics/4008 110
@/home/ec2-user/data/topics/3671 111
@/home/ec2-user/data/topics/3587 112
@/home/ec2-user/data/topics/4426 113
@/home/ec2-user/data/topics/4658 114
@/home/ec2-user/data/topics/4298 115
@/home/ec2-user/data/topics/1551 116
@/home/ec2-user/data/topics/3725 117
@/home/ec2-user/data/topics/2111 118
@/home/ec2-user/data/topics/4647 119
@/home/ec2-user/data/topics/4346 120
@/home/ec2-user/data/topics/4144 121
@/home/ec2-user/data/topics/4543 122
@/home/ec2-user/data/topics/4617 123
@/home/ec2-user/data/topics/3731 124
@/home/ec2-user/data/topics/3356 125
オリンパス光学工業株式会社

@/home/ec2-user/data/topics/1107 126
@/home/ec2-user/data/topics/1869 126
@/home/ec2-user/data/topics/1155 127
@/home/ec2-user/data/topics/1586 128
@/home/ec2-user/data/topics/4878 129
@/home/ec2-user/data/topics/1739 130
@/home/ec2-user/data/topics/4007 131
@/home/ec2-user/data/topics/2026 132
@/home/ec2-user/data/topics/5006 133
@/home/ec2-user/data/topics/4013 134
@/home/ec2-user/data/topics/1981 135
@/home/ec2-user/data/topics/1835 136
ブラザー工業株式会社

@/home/ec2-user/data/topics/3613 137
@/home/ec2-user/data/topics/4548 137
@/home/ec2-user/data/topics/1300 138
@/home/ec2-user/data/topics/3477 139
@/home/ec2-user/data/topics/3789 140
@/home/ec2-user/data/topics/3507 141
@/home/ec2-user/data/topics/1076 142
@/home/ec2-user/data/topics/1697 143
@/home/ec2-user/data/topics/1636 144
@/home/ec2-user/data/topics/3686 145
@/home/ec2-user/data/topics/2085 146
@/home/ec2-user/data/topics/1183 147
@/home/ec2-user/data/topics/1164 148
@/home/ec2-user/data/topics/2086 149
@/home/ec2-user/data/topics/1906 150
富士通株式会社

@/home/ec2-user/data/topics/3802 151
@/home/ec2-user/data/topics/3460 151
@/home/ec2-user/data/topics/3970 152
@/home/ec2-user/data/topics/3870 153
@/home/ec2-user/data/topics/3381 154
@/home/ec2-user/data/topics/3399 155
@/home/ec2-user/data/topics/3846 156
@/home/ec2-user/data/topics/2215 157
@/home/ec2-user/data/topics/1123 158
@/home/ec2-user/data/topics/1998 159
@/home/ec2-user/data/topics/1547 160
@/home/ec2-user/data/topics/3862 161
@/home/ec2-user/data/topics/3538 162
@/home/ec2-user/data/topics/3749 163
@/home/ec2-user/data/topics/3962 164
@/home/ec2-user/data/topics/1874 165
@/home/ec2-user/data/topics/3850 166
@/home/ec2-user/data/topics/3883 167
@/home/ec2-user/data/topics/3428 168
@/home/ec2-user/data/topics/3912 169
@/home/ec2-user/data/topics/3636 170
@/home/ec2-user/data/topics/3799 171
@/home/ec2-user/data/topics/4191 172
@/home/ec2-user/data/topics/1264 173
@/home/ec2-user/data/topics/5004 174
@/home/ec2-user/data/topics/1271 175
@/home/ec2-user/data/topics/3400 176
@/home/ec2-user/data/topics/2216 177
@/home/ec2-user/data/topics/3751 178
@/home/ec2-user/data/topics/3765 179
@/home/ec2-user/data/topics/1609 180
@/home/ec2-user/data/topics/2227 181
静岡日本電気株式会社

@/home/ec2-user/data/topics/4326 182
@/home/ec2-user/data/topics/4314 182
@/home/ec2-user/data/topics/4250 183
@/home/ec2-user/data/topics/4365 184
@/home/ec2-user/data/topics/4531 185
@/home/ec2-user/data/topics/4507 186
住友重機械工業株式会社

@/home/ec2-user/data/topics/2039 187
@/home/ec2-user/data/topics/3868 187
@/home/ec2-user/data/topics/4854 188
@/home/ec2-user/data/topics/1373 189
@/home/ec2-user/data/topics/1900 190
@/home/ec2-user/data/topics/1505 191
@/home/ec2-user/data/topics/1553 192
@/home/ec2-user/data/topics/3952 193
@/home/ec2-user/data/topics/1019 194
大日本印刷株式会社

@/home/ec2-user/data/topics/3569 195
@/home/ec2-user/data/topics/1145 195
@/home/ec2-user/data/topics/1564 196
@/home/ec2-user/data/topics/1099 197
@/home/ec2-user/data/topics/1262 198
@/home/ec2-user/data/topics/3388 199
日本電気株式会社

@/home/ec2-user/data/topics/4081 200
@/home/ec2-user/data/topics/4750 200
@/home/ec2-user/data/topics/4578 201
@/home/ec2-user/data/topics/1634 202
@/home/ec2-user/data/topics/4458 203
@/home/ec2-user/data/topics/2127 204
@/home/ec2-user/data/topics/4646 205
@/home/ec2-user/data/topics/1612 206
@/home/ec2-user/data/topics/4207 207
@/home/ec2-user/data/topics/1595 208
@/home/ec2-user/data/topics/4418 209
@/home/ec2-user/data/topics/1523 210
@/home/ec2-user/data/topics/2144 211
@/home/ec2-user/data/topics/1661 212
@/home/ec2-user/data/topics/4650 213
@/home/ec2-user/data/topics/4003 214
@/home/ec2-user/data/topics/4216 215
@/home/ec2-user/data/topics/4267 216
@/home/ec2-user/data/topics/4877 217
@/home/ec2-user/data/topics/2119 218
@/home/ec2-user/data/topics/4247 219
@/home/ec2-user/data/topics/4434 220
@/home/ec2-user/data/topics/1078 221
@/home/ec2-user/data/topics/4759 222
@/home/ec2-user/data/topics/4749 223
@/home/ec2-user/data/topics/4142 224
@/home/ec2-user/data/topics/4063 225
@/home/ec2-user/data/topics/4288 226
@/home/ec2-user/data/topics/4398 227
@/home/ec2-user/data/topics/3956 228
@/home/ec2-user/data/topics/4138 229
@/home/ec2-user/data/topics/4940 230
@/home/ec2-user/data/topics/4728 231
@/home/ec2-user/data/topics/1852 232
@/home/ec2-user/data/topics/4238 233
@/home/ec2-user/data/topics/1867 234
@/home/ec2-user/data/topics/4665 235
@/home/ec2-user/data/topics/4154 236
@/home/ec2-user/data/topics/4244 237
@/home/ec2-user/data/topics/4816 238
@/home/ec2-user/data/topics/4549 239
@/home/ec2-user/data/topics/2041 240
@/home/ec2-user/data/topics/4824 241
@/home/ec2-user/data/topics/4168 242
@/home/ec2-user/data/topics/4278 243
@/home/ec2-user/data/topics/4446 244
@/home/ec2-user/data/topics/1100 245
@/home/ec2-user/data/topics/4644 246
@/home/ec2-user/data/topics/4171 247
@/home/ec2-user/data/topics/1486 248
@/home/ec2-user/data/topics/3995 249
@/home/ec2-user/data/topics/2150 250
@/home/ec2-user/data/topics/4243 251
@/home/ec2-user/data/topics/1891 252
@/home/ec2-user/data/topics/4240 253
@/home/ec2-user/data/topics/4310 254
@/home/ec2-user/data/topics/4429 255
@/home/ec2-user/data/topics/4186 256
@/home/ec2-user/data/topics/4699 257
@/home/ec2-user/data/topics/4725 258
@/home/ec2-user/data/topics/4276 259
@/home/ec2-user/data/topics/4427 260
@/home/ec2-user/data/topics/2022 261
@/home/ec2-user/data/topics/3724 262
@/home/ec2-user/data/topics/4204 263
@/home/ec2-user/data/topics/1567 264
@/home/ec2-user/data/topics/4838 265
@/home/ec2-user/data/topics/4666 266
@/home/ec2-user/data/topics/4892 267
@/home/ec2-user/data/topics/4537 268
@/home/ec2-user/data/topics/4651 269
@/home/ec2-user/data/topics/3886 270
@/home/ec2-user/data/topics/4425 271
@/home/ec2-user/data/topics/1199 272
@/home/ec2-user/data/topics/4926 273
@/home/ec2-user/data/topics/1844 274
@/home/ec2-user/data/topics/4315 275
@/home/ec2-user/data/topics/4760 276
@/home/ec2-user/data/topics/4718 277
@/home/ec2-user/data/topics/4657 278
@/home/ec2-user/data/topics/4626 279
@/home/ec2-user/data/topics/5034 280
@/home/ec2-user/data/topics/4477 281
@/home/ec2-user/data/topics/4530 282
@/home/ec2-user/data/topics/4338 283
@/home/ec2-user/data/topics/4721 284
@/home/ec2-user/data/topics/4460 285
@/home/ec2-user/data/topics/4017 286
@/home/ec2-user/data/topics/4318 287
@/home/ec2-user/data/topics/1101 288
@/home/ec2-user/data/topics/2166 289
@/home/ec2-user/data/topics/4708 290
@/home/ec2-user/data/topics/4770 291
@/home/ec2-user/data/topics/4246 292
@/home/ec2-user/data/topics/4876 293
@/home/ec2-user/data/topics/4158 294
@/home/ec2-user/data/topics/4440 295
@/home/ec2-user/data/topics/1928 296
@/home/ec2-user/data/topics/1879 297
@/home/ec2-user/data/topics/4595 298
@/home/ec2-user/data/topics/1362 299
@/home/ec2-user/data/topics/4486 300
@/home/ec2-user/data/topics/4764 301
@/home/ec2-user/data/topics/4643 302
@/home/ec2-user/data/topics/1360 303
@/home/ec2-user/data/topics/4359 304
@/home/ec2-user/data/topics/4275 305
@/home/ec2-user/data/topics/4260 306
@/home/ec2-user/data/topics/4185 307
@/home/ec2-user/data/topics/4497 308
@/home/ec2-user/data/topics/4447 309
@/home/ec2-user/data/topics/4371 310
@/home/ec2-user/data/topics/4128 311
@/home/ec2-user/data/topics/4116 312
@/home/ec2-user/data/topics/1764 313
@/home/ec2-user/data/topics/3896 314
@/home/ec2-user/data/topics/4236 315
@/home/ec2-user/data/topics/3875 316
@/home/ec2-user/data/topics/4433 317
@/home/ec2-user/data/topics/4257 318
@/home/ec2-user/data/topics/4129 319
@/home/ec2-user/data/topics/2088 320
@/home/ec2-user/data/topics/4404 321
@/home/ec2-user/data/topics/4584 322
@/home/ec2-user/data/topics/1016 323
@/home/ec2-user/data/topics/1815 324
@/home/ec2-user/data/topics/1122 325
@/home/ec2-user/data/topics/4682 326
@/home/ec2-user/data/topics/3766 327
@/home/ec2-user/data/topics/4696 328
@/home/ec2-user/data/topics/1281 329
@/home/ec2-user/data/topics/2031 330
@/home/ec2-user/data/topics/1710 331
@/home/ec2-user/data/topics/3954 332
@/home/ec2-user/data/topics/4100 333
@/home/ec2-user/data/topics/4442 334
@/home/ec2-user/data/topics/1948 335
@/home/ec2-user/data/topics/4092 336
@/home/ec2-user/data/topics/4360 337
@/home/ec2-user/data/topics/4273 338
@/home/ec2-user/data/topics/4082 339
@/home/ec2-user/data/topics/1557 340
@/home/ec2-user/data/topics/4192 341
@/home/ec2-user/data/topics/4393 342
@/home/ec2-user/data/topics/1773 343
@/home/ec2-user/data/topics/1624 344
@/home/ec2-user/data/topics/4609 345
@/home/ec2-user/data/topics/1383 346
@/home/ec2-user/data/topics/4533 347
@/home/ec2-user/data/topics/4785 348
@/home/ec2-user/data/topics/4561 349
@/home/ec2-user/data/topics/4319 350
@/home/ec2-user/data/topics/4850 351
@/home/ec2-user/data/topics/1044 352
@/home/ec2-user/data/topics/4342 353
@/home/ec2-user/data/topics/4196 354
@/home/ec2-user/data/topics/3865 355
@/home/ec2-user/data/topics/3767 356
@/home/ec2-user/data/topics/4390 357
@/home/ec2-user/data/topics/3938 358
@/home/ec2-user/data/topics/4137 359
@/home/ec2-user/data/topics/4120 360
@/home/ec2-user/data/topics/4119 361
@/home/ec2-user/data/topics/4490 362
@/home/ec2-user/data/topics/4258 363
@/home/ec2-user/data/topics/4414 364
@/home/ec2-user/data/topics/1783 365
@/home/ec2-user/data/topics/4300 366
@/home/ec2-user/data/topics/4808 367
@/home/ec2-user/data/topics/1791 368
@/home/ec2-user/data/topics/4603 369
@/home/ec2-user/data/topics/1112 370
@/home/ec2-user/data/topics/1464 371
@/home/ec2-user/data/topics/4389 372
@/home/ec2-user/data/topics/1724 373
@/home/ec2-user/data/topics/3897 374
@/home/ec2-user/data/topics/3744 375
@/home/ec2-user/data/topics/4097 376
@/home/ec2-user/data/topics/4272 377
@/home/ec2-user/data/topics/1937 378
@/home/ec2-user/data/topics/1973 379
@/home/ec2-user/data/topics/4281 380
@/home/ec2-user/data/topics/1364 381
@/home/ec2-user/data/topics/1500 382
@/home/ec2-user/data/topics/4320 383
@/home/ec2-user/data/topics/4485 384
@/home/ec2-user/data/topics/4227 385
@/home/ec2-user/data/topics/4536 386
@/home/ec2-user/data/topics/4162 387
@/home/ec2-user/data/topics/4254 388
@/home/ec2-user/data/topics/4742 389
@/home/ec2-user/data/topics/4062 390
@/home/ec2-user/data/topics/4902 391
@/home/ec2-user/data/topics/3729 392
@/home/ec2-user/data/topics/4775 393
@/home/ec2-user/data/topics/4779 394
@/home/ec2-user/data/topics/4153 395
@/home/ec2-user/data/topics/4598 396
@/home/ec2-user/data/topics/1116 397
@/home/ec2-user/data/topics/4352 398
@/home/ec2-user/data/topics/3971 399
@/home/ec2-user/data/topics/4613 400
@/home/ec2-user/data/topics/4309 401
@/home/ec2-user/data/topics/4388 402
@/home/ec2-user/data/topics/4209 403
@/home/ec2-user/data/topics/4634 404
@/home/ec2-user/data/topics/4093 405
@/home/ec2-user/data/topics/1923 406
@/home/ec2-user/data/topics/4343 407
@/home/ec2-user/data/topics/4532 408
@/home/ec2-user/data/topics/4480 409
@/home/ec2-user/data/topics/4313 410
@/home/ec2-user/data/topics/1326 411
@/home/ec2-user/data/topics/1052 412
@/home/ec2-user/data/topics/3853 413
@/home/ec2-user/data/topics/4134 414
@/home/ec2-user/data/topics/4689 415
@/home/ec2-user/data/topics/4071 416
@/home/ec2-user/data/topics/4659 417
@/home/ec2-user/data/topics/1457 418
松下電器産業株式会社

@/home/ec2-user/data/topics/3658 419
@/home/ec2-user/data/topics/4761 419
@/home/ec2-user/data/topics/1257 420
@/home/ec2-user/data/topics/1026 421
@/home/ec2-user/data/topics/4945 422
@/home/ec2-user/data/topics/1070 423
@/home/ec2-user/data/topics/4382 424
@/home/ec2-user/data/topics/1179 425
@/home/ec2-user/data/topics/4707 426
@/home/ec2-user/data/topics/1136 427
@/home/ec2-user/data/topics/4355 428
@/home/ec2-user/data/topics/1701 429
@/home/ec2-user/data/topics/4157 430
@/home/ec2-user/data/topics/1540 431
@/home/ec2-user/data/topics/3386 432
@/home/ec2-user/data/topics/2170 433
@/home/ec2-user/data/topics/4558 434
@/home/ec2-user/data/topics/3847 435
@/home/ec2-user/data/topics/4599 436
@/home/ec2-user/data/topics/4817 437
@/home/ec2-user/data/topics/3404 438
@/home/ec2-user/data/topics/1748 439
@/home/ec2-user/data/topics/4806 440
@/home/ec2-user/data/topics/5024 441
@/home/ec2-user/data/topics/4667 442
@/home/ec2-user/data/topics/4000 443
@/home/ec2-user/data/topics/3951 444
@/home/ec2-user/data/topics/3514 445
@/home/ec2-user/data/topics/4798 446
@/home/ec2-user/data/topics/3694 447
@/home/ec2-user/data/topics/1955 448
@/home/ec2-user/data/topics/4867 449
@/home/ec2-user/data/topics/3585 450
@/home/ec2-user/data/topics/3510 451
@/home/ec2-user/data/topics/2029 452
@/home/ec2-user/data/topics/4307 453
@/home/ec2-user/data/topics/2222 454
@/home/ec2-user/data/topics/1525 455
@/home/ec2-user/data/topics/2080 456
@/home/ec2-user/data/topics/4968 457
@/home/ec2-user/data/topics/4139 458
@/home/ec2-user/data/topics/4787 459
@/home/ec2-user/data/topics/4098 460
@/home/ec2-user/data/topics/2056 461
@/home/ec2-user/data/topics/4574 462
@/home/ec2-user/data/topics/1881 463
@/home/ec2-user/data/topics/4917 464
@/home/ec2-user/data/topics/3619 465
@/home/ec2-user/data/topics/1339 466
@/home/ec2-user/data/topics/4475 467
@/home/ec2-user/data/topics/4501 468
@/home/ec2-user/data/topics/3721 469
@/home/ec2-user/data/topics/4303 470
@/home/ec2-user/data/topics/3719 471
@/home/ec2-user/data/topics/4422 472
@/home/ec2-user/data/topics/1885 473
@/home/ec2-user/data/topics/3455 474
@/home/ec2-user/data/topics/3904 475
@/home/ec2-user/data/topics/3402 476
@/home/ec2-user/data/topics/3680 477
@/home/ec2-user/data/topics/3558 478
@/home/ec2-user/data/topics/4961 479
@/home/ec2-user/data/topics/1829 480
@/home/ec2-user/data/topics/4193 481
@/home/ec2-user/data/topics/1633 482
@/home/ec2-user/data/topics/4676 483
@/home/ec2-user/data/topics/1706 484
@/home/ec2-user/data/topics/3920 485
@/home/ec2-user/data/topics/1589 486
@/home/ec2-user/data/topics/4577 487
@/home/ec2-user/data/topics/5028 488
@/home/ec2-user/data/topics/3676 489
@/home/ec2-user/data/topics/3494 490
@/home/ec2-user/data/topics/4754 491
@/home/ec2-user/data/topics/2129 492
@/home/ec2-user/data/topics/4885 493
@/home/ec2-user/data/topics/4264 494
@/home/ec2-user/data/topics/4280 495
@/home/ec2-user/data/topics/3807 496
@/home/ec2-user/data/topics/4126 497
@/home/ec2-user/data/topics/4385 498
@/home/ec2-user/data/topics/2156 499
@/home/ec2-user/data/topics/4102 500
@/home/ec2-user/data/topics/4160 501
@/home/ec2-user/data/topics/1516 502
@/home/ec2-user/data/topics/4586 503
@/home/ec2-user/data/topics/3960 504
@/home/ec2-user/data/topics/4503 505
@/home/ec2-user/data/topics/1635 506
@/home/ec2-user/data/topics/4159 507
@/home/ec2-user/data/topics/4936 508
@/home/ec2-user/data/topics/4502 509
@/home/ec2-user/data/topics/1158 510
@/home/ec2-user/data/topics/4043 511
@/home/ec2-user/data/topics/3761 512
@/home/ec2-user/data/topics/3704 513
@/home/ec2-user/data/topics/3692 514
@/home/ec2-user/data/topics/4215 515
@/home/ec2-user/data/topics/1762 516
@/home/ec2-user/data/topics/3739 517
@/home/ec2-user/data/topics/1898 518
@/home/ec2-user/data/topics/4448 519
@/home/ec2-user/data/topics/3979 520
@/home/ec2-user/data/topics/4491 521
@/home/ec2-user/data/topics/4918 522
@/home/ec2-user/data/topics/1705 523
@/home/ec2-user/data/topics/4229 524
@/home/ec2-user/data/topics/3746 525
@/home/ec2-user/data/topics/4625 526
@/home/ec2-user/data/topics/4394 527
@/home/ec2-user/data/topics/4101 528
@/home/ec2-user/data/topics/1509 529
@/home/ec2-user/data/topics/4464 530
@/home/ec2-user/data/topics/4180 531
@/home/ec2-user/data/topics/4274 532
@/home/ec2-user/data/topics/4459 533
@/home/ec2-user/data/topics/4804 534
@/home/ec2-user/data/topics/1252 535
@/home/ec2-user/data/topics/1477 536
@/home/ec2-user/data/topics/4797 537
@/home/ec2-user/data/topics/3519 538
@/home/ec2-user/data/topics/1812 539
@/home/ec2-user/data/topics/1157 540
セイコーインスツルメンツ株式会社

@/home/ec2-user/data/topics/1707 541
@/home/ec2-user/data/topics/4088 541
@/home/ec2-user/data/topics/4036 542
@/home/ec2-user/data/topics/4997 543
@/home/ec2-user/data/topics/4190 544
@/home/ec2-user/data/topics/3626 545
@/home/ec2-user/data/topics/3825 546
@/home/ec2-user/data/topics/4151 547
@/home/ec2-user/data/topics/4203 548
ミノルタ株式会社

@/home/ec2-user/data/topics/4984 549
@/home/ec2-user/data/topics/4971 549
@/home/ec2-user/data/topics/2190 550
@/home/ec2-user/data/topics/1152 551
@/home/ec2-user/data/topics/3810 552
@/home/ec2-user/data/topics/4970 553
@/home/ec2-user/data/topics/4977 554
@/home/ec2-user/data/topics/4321 555
@/home/ec2-user/data/topics/3545 556
@/home/ec2-user/data/topics/3584 557
@/home/ec2-user/data/topics/4951 558
@/home/ec2-user/data/topics/4986 559
株式会社リコー

@/home/ec2-user/data/topics/1083 560
@/home/ec2-user/data/topics/1478 560
@/home/ec2-user/data/topics/1095 561
@/home/ec2-user/data/topics/1433 562
@/home/ec2-user/data/topics/3548 563
@/home/ec2-user/data/topics/1974 564
@/home/ec2-user/data/topics/1775 565
@/home/ec2-user/data/topics/1663 566
@/home/ec2-user/data/topics/1190 567
@/home/ec2-user/data/topics/3472 568
@/home/ec2-user/data/topics/1670 569
@/home/ec2-user/data/topics/3574 570
@/home/ec2-user/data/topics/1282 571
@/home/ec2-user/data/topics/1593 572
@/home/ec2-user/data/topics/3446 573
@/home/ec2-user/data/topics/1780 574
@/home/ec2-user/data/topics/3687 575
@/home/ec2-user/data/topics/1740 576
@/home/ec2-user/data/topics/1610 577
@/home/ec2-user/data/topics/4037 578
@/home/ec2-user/data/topics/2090 579
@/home/ec2-user/data/topics/1106 580
@/home/ec2-user/data/topics/2043 581
@/home/ec2-user/data/topics/3378 582
@/home/ec2-user/data/topics/3837 583
@/home/ec2-user/data/topics/4781 584
@/home/ec2-user/data/topics/1514 585
@/home/ec2-user/data/topics/3759 586
@/home/ec2-user/data/topics/1806 587
@/home/ec2-user/data/topics/1774 588
@/home/ec2-user/data/topics/1976 589
@/home/ec2-user/data/topics/1627 590
@/home/ec2-user/data/topics/3669 591
@/home/ec2-user/data/topics/2189 592
@/home/ec2-user/data/topics/1718 593
@/home/ec2-user/data/topics/2201 594
@/home/ec2-user/data/topics/3411 595
@/home/ec2-user/data/topics/1668 596
@/home/ec2-user/data/topics/1482 597
@/home/ec2-user/data/topics/4265 598
@/home/ec2-user/data/topics/1064 599
@/home/ec2-user/data/topics/4344 600
@/home/ec2-user/data/topics/3495 601
@/home/ec2-user/data/topics/1776 602
@/home/ec2-user/data/topics/3555 603
@/home/ec2-user/data/topics/2006 604
@/home/ec2-user/data/topics/3530 605
@/home/ec2-user/data/topics/1691 606
@/home/ec2-user/data/topics/2182 607
@/home/ec2-user/data/topics/3557 608
@/home/ec2-user/data/topics/3633 609
@/home/ec2-user/data/topics/1755 610
@/home/ec2-user/data/topics/4879 611
@/home/ec2-user/data/topics/3436 612
@/home/ec2-user/data/topics/2200 613
@/home/ec2-user/data/topics/1436 614
@/home/ec2-user/data/topics/3880 615
@/home/ec2-user/data/topics/1669 616
@/home/ec2-user/data/topics/3394 617
@/home/ec2-user/data/topics/3711 618
@/home/ec2-user/data/topics/3424 619
@/home/ec2-user/data/topics/4616 620
@/home/ec2-user/data/topics/3523 621
@/home/ec2-user/data/topics/1878 622
@/home/ec2-user/data/topics/1225 623
@/home/ec2-user/data/topics/3713 624
@/home/ec2-user/data/topics/3775 625
@/home/ec2-user/data/topics/3474 626
@/home/ec2-user/data/topics/2219 627
@/home/ec2-user/data/topics/3750 628
@/home/ec2-user/data/topics/3484 629
独立行政法人産業技術総合研究所

@/home/ec2-user/data/topics/4739 630
@/home/ec2-user/data/topics/4740 630
@/home/ec2-user/data/topics/4800 631
@/home/ec2-user/data/topics/4869 632
@/home/ec2-user/data/topics/1356 633
@/home/ec2-user/data/topics/4777 634
ソニー株式会社

@/home/ec2-user/data/topics/1426 635
@/home/ec2-user/data/topics/2094 635
@/home/ec2-user/data/topics/4224 636
@/home/ec2-user/data/topics/1102 637
@/home/ec2-user/data/topics/1471 638
@/home/ec2-user/data/topics/1291 639
@/home/ec2-user/data/topics/1778 640
@/home/ec2-user/data/topics/5027 641
@/home/ec2-user/data/topics/1414 642
@/home/ec2-user/data/topics/1218 643
@/home/ec2-user/data/topics/3392 644
@/home/ec2-user/data/topics/1749 645
@/home/ec2-user/data/topics/4219 646
@/home/ec2-user/data/topics/1059 647
@/home/ec2-user/data/topics/2052 648
@/home/ec2-user/data/topics/2037 649
@/home/ec2-user/data/topics/3924 650
@/home/ec2-user/data/topics/1679 651
@/home/ec2-user/data/topics/1298 652
@/home/ec2-user/data/topics/1954 653
@/home/ec2-user/data/topics/2059 654
@/home/ec2-user/data/topics/2048 655
@/home/ec2-user/data/topics/1884 656
@/home/ec2-user/data/topics/1602 657
@/home/ec2-user/data/topics/1491 658
@/home/ec2-user/data/topics/2105 659
@/home/ec2-user/data/topics/3456 660
@/home/ec2-user/data/topics/3872 661
@/home/ec2-user/data/topics/3975 662
@/home/ec2-user/data/topics/1233 663
@/home/ec2-user/data/topics/1397 664
@/home/ec2-user/data/topics/3401 665
@/home/ec2-user/data/topics/1380 666
@/home/ec2-user/data/topics/1686 667
@/home/ec2-user/data/topics/3955 668
@/home/ec2-user/data/topics/1147 669
@/home/ec2-user/data/topics/1836 670
@/home/ec2-user/data/topics/1892 671
@/home/ec2-user/data/topics/1873 672
@/home/ec2-user/data/topics/4184 673
@/home/ec2-user/data/topics/1926 674
@/home/ec2-user/data/topics/4351 675
@/home/ec2-user/data/topics/1435 676
@/home/ec2-user/data/topics/1967 677
@/home/ec2-user/data/topics/2058 678
@/home/ec2-user/data/topics/1912 679
@/home/ec2-user/data/topics/2075 680
富士ゼロックス株式会社

@/home/ec2-user/data/topics/3662 681
@/home/ec2-user/data/topics/4108 681
@/home/ec2-user/data/topics/3790 682
@/home/ec2-user/data/topics/3661 683
@/home/ec2-user/data/topics/3383 684
@/home/ec2-user/data/topics/3782 685
@/home/ec2-user/data/topics/3366 686
@/home/ec2-user/data/topics/3695 687
@/home/ec2-user/data/topics/3407 688
@/home/ec2-user/data/topics/5031 689
@/home/ec2-user/data/topics/3640 690
@/home/ec2-user/data/topics/1947 691
@/home/ec2-user/data/topics/1560 692
@/home/ec2-user/data/topics/3564 693
@/home/ec2-user/data/topics/3473 694
住友金属工業株式会社

@/home/ec2-user/data/topics/3655 695
@/home/ec2-user/data/topics/4661 695
@/home/ec2-user/data/topics/1268 696
@/home/ec2-user/data/topics/3826 697
@/home/ec2-user/data/topics/4295 698
@/home/ec2-user/data/topics/4991 699
@/home/ec2-user/data/topics/4021 700
@/home/ec2-user/data/topics/3577 701
@/home/ec2-user/data/topics/4182 702
@/home/ec2-user/data/topics/4322 703
@/home/ec2-user/data/topics/4534 704
@/home/ec2-user/data/topics/4733 705
日立電線株式会社

@/home/ec2-user/data/topics/1388 706
@/home/ec2-user/data/topics/1117 706
@/home/ec2-user/data/topics/4329 707
@/home/ec2-user/data/topics/4356 708
@/home/ec2-user/data/topics/1305 709
@/home/ec2-user/data/topics/3930 710
@/home/ec2-user/data/topics/1027 711
@/home/ec2-user/data/topics/3756 712
@/home/ec2-user/data/topics/4357 713
キヤノン株式会社

@/home/ec2-user/data/topics/1513 714
@/home/ec2-user/data/topics/1228 714
@/home/ec2-user/data/topics/2243 715
@/home/ec2-user/data/topics/3720 716
@/home/ec2-user/data/topics/3967 717
@/home/ec2-user/data/topics/3430 718
@/home/ec2-user/data/topics/3730 719
@/home/ec2-user/data/topics/1866 720
@/home/ec2-user/data/topics/3438 721
@/home/ec2-user/data/topics/3441 722
@/home/ec2-user/data/topics/4020 723
@/home/ec2-user/data/topics/1889 724
@/home/ec2-user/data/topics/3660 725
@/home/ec2-user/data/topics/1590 726
@/home/ec2-user/data/topics/1208 727
@/home/ec2-user/data/topics/2117 728
@/home/ec2-user/data/topics/1847 729
@/home/ec2-user/data/topics/3434 730
@/home/ec2-user/data/topics/4350 731
@/home/ec2-user/data/topics/2004 732
@/home/ec2-user/data/topics/3410 733
@/home/ec2-user/data/topics/1848 734
@/home/ec2-user/data/topics/1080 735
@/home/ec2-user/data/topics/3949 736
@/home/ec2-user/data/topics/4363 737
@/home/ec2-user/data/topics/3454 738
@/home/ec2-user/data/topics/3628 739
@/home/ec2-user/data/topics/3374 740
@/home/ec2-user/data/topics/2053 741
@/home/ec2-user/data/topics/3996 742
@/home/ec2-user/data/topics/3852 743
@/home/ec2-user/data/topics/1961 744
@/home/ec2-user/data/topics/1216 745
@/home/ec2-user/data/topics/2107 746
@/home/ec2-user/data/topics/3843 747
@/home/ec2-user/data/topics/1646 748
@/home/ec2-user/data/topics/1118 749
@/home/ec2-user/data/topics/3417 750
@/home/ec2-user/data/topics/1568 751
@/home/ec2-user/data/topics/1790 752
@/home/ec2-user/data/topics/1438 753
@/home/ec2-user/data/topics/3722 754
@/home/ec2-user/data/topics/1745 755
@/home/ec2-user/data/topics/2145 756
@/home/ec2-user/data/topics/3416 757
@/home/ec2-user/data/topics/4947 758
@/home/ec2-user/data/topics/1802 759
@/home/ec2-user/data/topics/1975 760
@/home/ec2-user/data/topics/3420 761
@/home/ec2-user/data/topics/1455 762
@/home/ec2-user/data/topics/3376 763
@/home/ec2-user/data/topics/4937 764
@/home/ec2-user/data/topics/4520 765
@/home/ec2-user/data/topics/3755 766
@/home/ec2-user/data/topics/3445 767
@/home/ec2-user/data/topics/1124 768
@/home/ec2-user/data/topics/4948 769
@/home/ec2-user/data/topics/1895 770
@/home/ec2-user/data/topics/3958 771
@/home/ec2-user/data/topics/3642 772
@/home/ec2-user/data/topics/3656 773
@/home/ec2-user/data/topics/4521 774
@/home/ec2-user/data/topics/3415 775
@/home/ec2-user/data/topics/1744 776
@/home/ec2-user/data/topics/4628 777
@/home/ec2-user/data/topics/3737 778
@/home/ec2-user/data/topics/4054 779
@/home/ec2-user/data/topics/4068 780
@/home/ec2-user/data/topics/1539 781
@/home/ec2-user/data/topics/2231 782
@/home/ec2-user/data/topics/1631 783
@/home/ec2-user/data/topics/4610 784
@/home/ec2-user/data/topics/1519 785
三洋電機株式会社

@/home/ec2-user/data/topics/3754 786
@/home/ec2-user/data/topics/4983 786
@/home/ec2-user/data/topics/3681 787
@/home/ec2-user/data/topics/4960 788
@/home/ec2-user/data/topics/3986 789
@/home/ec2-user/data/topics/4726 790
@/home/ec2-user/data/topics/4015 791
@/home/ec2-user/data/topics/5011 792
@/home/ec2-user/data/topics/1722 793
@/home/ec2-user/data/topics/4763 794
@/home/ec2-user/data/topics/1321 795
@/home/ec2-user/data/topics/4720 796
@/home/ec2-user/data/topics/3859 797
@/home/ec2-user/data/topics/4612 798
@/home/ec2-user/data/topics/3889 799
@/home/ec2-user/data/topics/4654 800
@/home/ec2-user/data/topics/3926 801
@/home/ec2-user/data/topics/2194 802
@/home/ec2-user/data/topics/2014 803
@/home/ec2-user/data/topics/1488 804
@/home/ec2-user/data/topics/3491 805
@/home/ec2-user/data/topics/3398 806
@/home/ec2-user/data/topics/1671 807
@/home/ec2-user/data/topics/2054 808
@/home/ec2-user/data/topics/3539 809
@/home/ec2-user/data/topics/3625 810
@/home/ec2-user/data/topics/1515 811
@/home/ec2-user/data/topics/4099 812
@/home/ec2-user/data/topics/3906 813
@/home/ec2-user/data/topics/2063 814
@/home/ec2-user/data/topics/3581 815
@/home/ec2-user/data/topics/1163 816
@/home/ec2-user/data/topics/4178 817
@/home/ec2-user/data/topics/4060 818
@/home/ec2-user/data/topics/3804 819
@/home/ec2-user/data/topics/3808 820
@/home/ec2-user/data/topics/1653 821
@/home/ec2-user/data/topics/4384 822
@/home/ec2-user/data/topics/4066 823
@/home/ec2-user/data/topics/3708 824
@/home/ec2-user/data/topics/4301 825
@/home/ec2-user/data/topics/4978 826
@/home/ec2-user/data/topics/4061 827
@/home/ec2-user/data/topics/4788 828
@/home/ec2-user/data/topics/1289 829
@/home/ec2-user/data/topics/4571 830
@/home/ec2-user/data/topics/3953 831
@/home/ec2-user/data/topics/4179 832
@/home/ec2-user/data/topics/4212 833
@/home/ec2-user/data/topics/3781 834
@/home/ec2-user/data/topics/4474 835
@/home/ec2-user/data/topics/4604 836
@/home/ec2-user/data/topics/5002 837
@/home/ec2-user/data/topics/4304 838
@/home/ec2-user/data/topics/3492 839
@/home/ec2-user/data/topics/3845 840
@/home/ec2-user/data/topics/4150 841
@/home/ec2-user/data/topics/4527 842
@/home/ec2-user/data/topics/1652 843
@/home/ec2-user/data/topics/1246 844
@/home/ec2-user/data/topics/4039 845
@/home/ec2-user/data/topics/4492 846
@/home/ec2-user/data/topics/2071 847
@/home/ec2-user/data/topics/3830 848
@/home/ec2-user/data/topics/1479 849
@/home/ec2-user/data/topics/4328 850
@/home/ec2-user/data/topics/2230 851
@/home/ec2-user/data/topics/1451 852
@/home/ec2-user/data/topics/2098 853
@/home/ec2-user/data/topics/1980 854
@/home/ec2-user/data/topics/4376 855
@/home/ec2-user/data/topics/1386 856
@/home/ec2-user/data/topics/4001 857
@/home/ec2-user/data/topics/4837 858
@/home/ec2-user/data/topics/4679 859
@/home/ec2-user/data/topics/1079 860
@/home/ec2-user/data/topics/3974 861
@/home/ec2-user/data/topics/3403 862
@/home/ec2-user/data/topics/3817 863
三菱電機株式会社

@/home/ec2-user/data/topics/3963 864
@/home/ec2-user/data/topics/3666 864
@/home/ec2-user/data/topics/3595 865
@/home/ec2-user/data/topics/3506 866
@/home/ec2-user/data/topics/4518 867
@/home/ec2-user/data/topics/3451 868
@/home/ec2-user/data/topics/4047 869
@/home/ec2-user/data/topics/3774 870
@/home/ec2-user/data/topics/4880 871
@/home/ec2-user/data/topics/3609 872
@/home/ec2-user/data/topics/3592 873
@/home/ec2-user/data/topics/2146 874
@/home/ec2-user/data/topics/4305 875
@/home/ec2-user/data/topics/1754 876
@/home/ec2-user/data/topics/4181 877
@/home/ec2-user/data/topics/3612 878
@/home/ec2-user/data/topics/4614 879
@/home/ec2-user/data/topics/3409 880
@/home/ec2-user/data/topics/1536 881
@/home/ec2-user/data/topics/4076 882
@/home/ec2-user/data/topics/4282 883
@/home/ec2-user/data/topics/3412 884
@/home/ec2-user/data/topics/4041 885
@/home/ec2-user/data/topics/3873 886
@/home/ec2-user/data/topics/3616 887
@/home/ec2-user/data/topics/4220 888
@/home/ec2-user/data/topics/3820 889
@/home/ec2-user/data/topics/5032 890
@/home/ec2-user/data/topics/4663 891
@/home/ec2-user/data/topics/3397 892
@/home/ec2-user/data/topics/1110 893
@/home/ec2-user/data/topics/3490 894
@/home/ec2-user/data/topics/3747 895
@/home/ec2-user/data/topics/3493 896
@/home/ec2-user/data/topics/4133 897
@/home/ec2-user/data/topics/4419 898
@/home/ec2-user/data/topics/5033 899
@/home/ec2-user/data/topics/4235 900
@/home/ec2-user/data/topics/1220 901
@/home/ec2-user/data/topics/3800 902
@/home/ec2-user/data/topics/3465 903
@/home/ec2-user/data/topics/4221 904
@/home/ec2-user/data/topics/4149 905
@/home/ec2-user/data/topics/1738 906
@/home/ec2-user/data/topics/4980 907
@/home/ec2-user/data/topics/3856 908
@/home/ec2-user/data/topics/3469 909
@/home/ec2-user/data/topics/1872 910
@/home/ec2-user/data/topics/4233 911
@/home/ec2-user/data/topics/4562 912
@/home/ec2-user/data/topics/4514 913
@/home/ec2-user/data/topics/3466 914
@/home/ec2-user/data/topics/1792 915
@/home/ec2-user/data/topics/3453 916
@/home/ec2-user/data/topics/4552 917
@/home/ec2-user/data/topics/3841 918
@/home/ec2-user/data/topics/3921 919
@/home/ec2-user/data/topics/4834 920
住友ゴム工業株式会社

@/home/ec2-user/data/topics/4406 921
@/home/ec2-user/data/topics/4048 921
@/home/ec2-user/data/topics/1114 922
@/home/ec2-user/data/topics/1758 923
@/home/ec2-user/data/topics/2007 924
@/home/ec2-user/data/topics/4597 925
@/home/ec2-user/data/topics/4568 926
セイコーエプソン株式会社

@/home/ec2-user/data/topics/3819 927
@/home/ec2-user/data/topics/4801 927
@/home/ec2-user/data/topics/3985 928
@/home/ec2-user/data/topics/4585 929
@/home/ec2-user/data/topics/1938 930
@/home/ec2-user/data/topics/4719 931
@/home/ec2-user/data/topics/2078 932
@/home/ec2-user/data/topics/3887 933
@/home/ec2-user/data/topics/1641 934
@/home/ec2-user/data/topics/4386 935
@/home/ec2-user/data/topics/3505 936
@/home/ec2-user/data/topics/1890 937
@/home/ec2-user/data/topics/1423 938
@/home/ec2-user/data/topics/3589 939
@/home/ec2-user/data/topics/3476 940
@/home/ec2-user/data/topics/2165 941
@/home/ec2-user/data/topics/4605 942
@/home/ec2-user/data/topics/3910 943
@/home/ec2-user/data/topics/4022 944
@/home/ec2-user/data/topics/1484 945
@/home/ec2-user/data/topics/1343 946
@/home/ec2-user/data/topics/1378 947
@/home/ec2-user/data/topics/4802 948
@/home/ec2-user/data/topics/4109 949
@/home/ec2-user/data/topics/3361 950
@/home/ec2-user/data/topics/4454 951
株式会社三共

@/home/ec2-user/data/topics/1086 952
@/home/ec2-user/data/topics/1189 952
@/home/ec2-user/data/topics/4374 953
@/home/ec2-user/data/topics/1377 954
@/home/ec2-user/data/topics/4868 955
@/home/ec2-user/data/topics/1648 956
@/home/ec2-user/data/topics/2123 957
@/home/ec2-user/data/topics/1665 958
@/home/ec2-user/data/topics/2060 959
沖電気工業株式会社

@/home/ec2-user/data/topics/1188 960
@/home/ec2-user/data/topics/3571 960
@/home/ec2-user/data/topics/3621 961
@/home/ec2-user/data/topics/3964 962
@/home/ec2-user/data/topics/3457 963
@/home/ec2-user/data/topics/3764 964
@/home/ec2-user/data/topics/4693 965
@/home/ec2-user/data/topics/4308 966
@/home/ec2-user/data/topics/4575 967
@/home/ec2-user/data/topics/3690 968
@/home/ec2-user/data/topics/3433 969
@/home/ec2-user/data/topics/1531 970
@/home/ec2-user/data/topics/3395 971
@/home/ec2-user/data/topics/4299 972
株式会社三星

@/home/ec2-user/data/topics/3942 973
@/home/ec2-user/data/topics/2108 973
@/home/ec2-user/data/topics/1260 974
@/home/ec2-user/data/topics/1728 975
@/home/ec2-user/data/topics/1733 976
@/home/ec2-user/data/topics/2198 977
日本ビクター株式会社

@/home/ec2-user/data/topics/4123 978
@/home/ec2-user/data/topics/3603 978
@/home/ec2-user/data/topics/1823 979
@/home/ec2-user/data/topics/1520 980
@/home/ec2-user/data/topics/3882 981
@/home/ec2-user/data/topics/3620 982
@/home/ec2-user/data/topics/4672 983
@/home/ec2-user/data/topics/4056 984
@/home/ec2-user/data/topics/1389 985
@/home/ec2-user/data/topics/3939 986
@/home/ec2-user/data/topics/1440 987
花王株式会社

@/home/ec2-user/data/topics/4445 988
@/home/ec2-user/data/topics/2214 988
@/home/ec2-user/data/topics/4211 989
@/home/ec2-user/data/topics/3753 990
@/home/ec2-user/data/topics/3812 991
@/home/ec2-user/data/topics/1022 992
@/home/ec2-user/data/topics/4287 993
@/home/ec2-user/data/topics/4827 994
@/home/ec2-user/data/topics/4249 995
@/home/ec2-user/data/topics/1196 996
@/home/ec2-user/data/topics/3884 997
@/home/ec2-user/data/topics/1767 998
@/home/ec2-user/data/topics/3999 999
三田工業株式会社

@/home/ec2-user/data/topics/3842 1000
@/home/ec2-user/data/topics/1766 1000
@/home/ec2-user/data/topics/1269 1001
@/home/ec2-user/data/topics/3604 1002
@/home/ec2-user/data/topics/1034 1003
@/home/ec2-user/data/topics/2136 1004
@/home/ec2-user/data/topics/3923 1005
@/home/ec2-user/data/topics/2155 1006
@/home/ec2-user/data/topics/1033 1007
豊丸産業株式会社

@/home/ec2-user/data/topics/2011 1008
@/home/ec2-user/data/topics/2169 1008
@/home/ec2-user/data/topics/4847 1009
@/home/ec2-user/data/topics/1726 1010
@/home/ec2-user/data/topics/1284 1011
@/home/ec2-user/data/topics/3672 1012
@/home/ec2-user/data/topics/1353 1013
@/home/ec2-user/data/topics/1138 1014
@/home/ec2-user/data/topics/1126 1015
@/home/ec2-user/data/topics/1914 1016
@/home/ec2-user/data/topics/1097 1017
@/home/ec2-user/data/topics/1713 1018
@/home/ec2-user/data/topics/1401 1019
@/home/ec2-user/data/topics/1677 1020
@/home/ec2-user/data/topics/1588 1021
鐘紡株式会社

@/home/ec2-user/data/topics/3551 1022
@/home/ec2-user/data/topics/2223 1022
@/home/ec2-user/data/topics/2185 1023
@/home/ec2-user/data/topics/1304 1024
@/home/ec2-user/data/topics/3634 1025
@/home/ec2-user/data/topics/1054 1026
@/home/ec2-user/data/topics/1367 1027
@/home/ec2-user/data/topics/2034 1028
@/home/ec2-user/data/topics/1842 1029
@/home/ec2-user/data/topics/1870 1030
@/home/ec2-user/data/topics/3560 1031
@/home/ec2-user/data/topics/1178 1032
@/home/ec2-user/data/topics/1886 1033
@/home/ec2-user/data/topics/3566 1034
@/home/ec2-user/data/topics/1901 1035
@/home/ec2-user/data/topics/4195 1036
株式会社デンソー

@/home/ec2-user/data/topics/3480 1037
@/home/ec2-user/data/topics/3406 1037
@/home/ec2-user/data/topics/4805 1038
@/home/ec2-user/data/topics/4423 1039
@/home/ec2-user/data/topics/4675 1040
@/home/ec2-user/data/topics/4164 1041
@/home/ec2-user/data/topics/4622 1042
@/home/ec2-user/data/topics/4483 1043
@/home/ec2-user/data/topics/3710 1044
@/home/ec2-user/data/topics/4046 1045
@/home/ec2-user/data/topics/1855 1046
@/home/ec2-user/data/topics/3421 1047
@/home/ec2-user/data/topics/4498 1048
@/home/ec2-user/data/topics/4840 1049
@/home/ec2-user/data/topics/4024 1050
@/home/ec2-user/data/topics/4656 1051
@/home/ec2-user/data/topics/1028 1052
富士写真フイルム株式会社

@/home/ec2-user/data/topics/3918 1053
@/home/ec2-user/data/topics/4962 1053
@/home/ec2-user/data/topics/1662 1054
@/home/ec2-user/data/topics/1244 1055
@/home/ec2-user/data/topics/3857 1056
@/home/ec2-user/data/topics/1570 1057
@/home/ec2-user/data/topics/3447 1058
@/home/ec2-user/data/topics/2134 1059
@/home/ec2-user/data/topics/3354 1060
@/home/ec2-user/data/topics/1603 1061
@/home/ec2-user/data/topics/3911 1062
京セラ株式会社

@/home/ec2-user/data/topics/4901 1063
@/home/ec2-user/data/topics/1741 1063
@/home/ec2-user/data/topics/1485 1064
@/home/ec2-user/data/topics/3869 1065
@/home/ec2-user/data/topics/4031 1066
@/home/ec2-user/data/topics/1708 1067
@/home/ec2-user/data/topics/1913 1068
@/home/ec2-user/data/topics/3615 1069
@/home/ec2-user/data/topics/3593 1070
@/home/ec2-user/data/topics/4340 1071
@/home/ec2-user/data/topics/3741 1072
@/home/ec2-user/data/topics/4513 1073
イビデン株式会社

@/home/ec2-user/data/topics/1952 1074
@/home/ec2-user/data/topics/1770 1074
@/home/ec2-user/data/topics/3814 1075
@/home/ec2-user/data/topics/1682 1076
@/home/ec2-user/data/topics/1336 1077
@/home/ec2-user/data/topics/2033 1078
@/home/ec2-user/data/topics/1315 1079
株式会社東芝

@/home/ec2-user/data/topics/3462 1080
@/home/ec2-user/data/topics/4336 1080
@/home/ec2-user/data/topics/3351 1081
@/home/ec2-user/data/topics/3542 1082
@/home/ec2-user/data/topics/4631 1083
@/home/ec2-user/data/topics/3990 1084
@/home/ec2-user/data/topics/4566 1085
@/home/ec2-user/data/topics/4096 1086
@/home/ec2-user/data/topics/4381 1087
@/home/ec2-user/data/topics/3795 1088
@/home/ec2-user/data/topics/4912 1089
@/home/ec2-user/data/topics/4623 1090
@/home/ec2-user/data/topics/3688 1091
@/home/ec2-user/data/topics/3851 1092
@/home/ec2-user/data/topics/4755 1093
@/home/ec2-user/data/topics/4842 1094
@/home/ec2-user/data/topics/1090 1095
@/home/ec2-user/data/topics/3881 1096
@/home/ec2-user/data/topics/1997 1097
@/home/ec2-user/data/topics/3890 1098
@/home/ec2-user/data/topics/4089 1099
@/home/ec2-user/data/topics/3683 1100
@/home/ec2-user/data/topics/1757 1101
@/home/ec2-user/data/topics/3689 1102
@/home/ec2-user/data/topics/4183 1103
@/home/ec2-user/data/topics/4057 1104
@/home/ec2-user/data/topics/1756 1105
@/home/ec2-user/data/topics/4509 1106
@/home/ec2-user/data/topics/3380 1107
@/home/ec2-user/data/topics/4165 1108
@/home/ec2-user/data/topics/1585 1109
@/home/ec2-user/data/topics/4935 1110
@/home/ec2-user/data/topics/4302 1111
@/home/ec2-user/data/topics/3834 1112
@/home/ec2-user/data/topics/2241 1113
@/home/ec2-user/data/topics/3598 1114
@/home/ec2-user/data/topics/4594 1115
@/home/ec2-user/data/topics/4881 1116
@/home/ec2-user/data/topics/4009 1117
@/home/ec2-user/data/topics/1819 1118
@/home/ec2-user/data/topics/1132 1119
@/home/ec2-user/data/topics/3360 1120
@/home/ec2-user/data/topics/3734 1121
@/home/ec2-user/data/topics/3352 1122
@/home/ec2-user/data/topics/4172 1123
@/home/ec2-user/data/topics/3363 1124
@/home/ec2-user/data/topics/4535 1125
@/home/ec2-user/data/topics/3780 1126
@/home/ec2-user/data/topics/1332 1127
@/home/ec2-user/data/topics/3988 1128
@/home/ec2-user/data/topics/4292 1129
@/home/ec2-user/data/topics/3732 1130
@/home/ec2-user/data/topics/4863 1131
@/home/ec2-user/data/topics/3716 1132
@/home/ec2-user/data/topics/3618 1133
@/home/ec2-user/data/topics/1205 1134
@/home/ec2-user/data/topics/4197 1135
@/home/ec2-user/data/topics/3948 1136
@/home/ec2-user/data/topics/4751 1137
@/home/ec2-user/data/topics/4361 1138
@/home/ec2-user/data/topics/4140 1139
ヤマハ株式会社

@/home/ec2-user/data/topics/1443 1140
@/home/ec2-user/data/topics/1911 1140
@/home/ec2-user/data/topics/4084 1141
@/home/ec2-user/data/topics/1676 1142
@/home/ec2-user/data/topics/4010 1143
@/home/ec2-user/data/topics/4145 1144
@/home/ec2-user/data/topics/4954 1145
@/home/ec2-user/data/topics/4919 1146
@/home/ec2-user/data/topics/1720 1147
@/home/ec2-user/data/topics/4177 1148
@/home/ec2-user/data/topics/4045 1149
@/home/ec2-user/data/topics/4125 1150
@/home/ec2-user/data/topics/3972 1151
東洋紡績株式会社

@/home/ec2-user/data/topics/4284 1152
@/home/ec2-user/data/topics/1613 1152
@/home/ec2-user/data/topics/4362 1153
@/home/ec2-user/data/topics/4366 1154
@/home/ec2-user/data/topics/1029 1155
@/home/ec2-user/data/topics/3769 1156
三菱化学株式会社

@/home/ec2-user/data/topics/1699 1157
@/home/ec2-user/data/topics/3638 1157
@/home/ec2-user/data/topics/1902 1158
@/home/ec2-user/data/topics/3513 1159
@/home/ec2-user/data/topics/3458 1160
@/home/ec2-user/data/topics/1197 1161
カシオ計算機株式会社

@/home/ec2-user/data/topics/2180 1162
@/home/ec2-user/data/topics/1235 1162
@/home/ec2-user/data/topics/1535 1163
@/home/ec2-user/data/topics/1794 1164
@/home/ec2-user/data/topics/3391 1165
@/home/ec2-user/data/topics/1368 1166
@/home/ec2-user/data/topics/2237 1167
@/home/ec2-user/data/topics/1047 1168
コナミ株式会社

@/home/ec2-user/data/topics/5015 1169
@/home/ec2-user/data/topics/4602 1169
@/home/ec2-user/data/topics/1621 1170
@/home/ec2-user/data/topics/2100 1171
@/home/ec2-user/data/topics/1302 1172
@/home/ec2-user/data/topics/2151 1173
@/home/ec2-user/data/topics/1672 1174
@/home/ec2-user/data/topics/4681 1175
大日本スクリーン製造株式会社

@/home/ec2-user/data/topics/3742 1176
@/home/ec2-user/data/topics/1779 1176
@/home/ec2-user/data/topics/2172 1177
@/home/ec2-user/data/topics/1608 1178
@/home/ec2-user/data/topics/1130 1179
@/home/ec2-user/data/topics/2209 1180
@/home/ec2-user/data/topics/1173 1181
オムロン株式会社

@/home/ec2-user/data/topics/1533 1182
@/home/ec2-user/data/topics/1067 1182
@/home/ec2-user/data/topics/4771 1183
@/home/ec2-user/data/topics/3748 1184
@/home/ec2-user/data/topics/3597 1185
@/home/ec2-user/data/topics/1933 1186
@/home/ec2-user/data/topics/1151 1187
@/home/ec2-user/data/topics/1135 1188
@/home/ec2-user/data/topics/3700 1189
@/home/ec2-user/data/topics/1579 1190
@/home/ec2-user/data/topics/3863 1191
@/home/ec2-user/data/topics/3594 1192
@/home/ec2-user/data/topics/1657 1193
@/home/ec2-user/data/topics/1841 1194
@/home/ec2-user/data/topics/2096 1195
株式会社日立製作所

@/home/ec2-user/data/topics/1105 1196
@/home/ec2-user/data/topics/4401 1196
@/home/ec2-user/data/topics/3588 1197
@/home/ec2-user/data/topics/1667 1198
@/home/ec2-user/data/topics/5029 1199
@/home/ec2-user/data/topics/4040 1200
@/home/ec2-user/data/topics/1825 1201
@/home/ec2-user/data/topics/3596 1202
@/home/ec2-user/data/topics/4493 1203
@/home/ec2-user/data/topics/3432 1204
@/home/ec2-user/data/topics/1833 1205
@/home/ec2-user/data/topics/4621 1206
@/home/ec2-user/data/topics/3973 1207
@/home/ec2-user/data/topics/1651 1208
@/home/ec2-user/data/topics/1640 1209
@/home/ec2-user/data/topics/3531 1210
@/home/ec2-user/data/topics/1882 1211
@/home/ec2-user/data/topics/4551 1212
@/home/ec2-user/data/topics/4122 1213
@/home/ec2-user/data/topics/3599 1214
@/home/ec2-user/data/topics/3965 1215
@/home/ec2-user/data/topics/3648 1216
@/home/ec2-user/data/topics/3471 1217
@/home/ec2-user/data/topics/1082 1218
@/home/ec2-user/data/topics/3488 1219
@/home/ec2-user/data/topics/1072 1220
@/home/ec2-user/data/topics/1278 1221
@/home/ec2-user/data/topics/1487 1222
@/home/ec2-user/data/topics/3691 1223
@/home/ec2-user/data/topics/1826 1224
@/home/ec2-user/data/topics/4559 1225
@/home/ec2-user/data/topics/4799 1226
@/home/ec2-user/data/topics/4402 1227
@/home/ec2-user/data/topics/1501 1228
@/home/ec2-user/data/topics/1249 1229
@/home/ec2-user/data/topics/3779 1230
@/home/ec2-user/data/topics/4489 1231
@/home/ec2-user/data/topics/3994 1232
@/home/ec2-user/data/topics/4990 1233
@/home/ec2-user/data/topics/1562 1234
@/home/ec2-user/data/topics/3968 1235
@/home/ec2-user/data/topics/2184 1236
@/home/ec2-user/data/topics/1693 1237
@/home/ec2-user/data/topics/1340 1238
@/home/ec2-user/data/topics/1334 1239
@/home/ec2-user/data/topics/4166 1240
@/home/ec2-user/data/topics/4545 1241
@/home/ec2-user/data/topics/3461 1242
@/home/ec2-user/data/topics/4830 1243
@/home/ec2-user/data/topics/2019 1244
@/home/ec2-user/data/topics/4943 1245
@/home/ec2-user/data/topics/3524 1246
@/home/ec2-user/data/topics/3772 1247
@/home/ec2-user/data/topics/3384 1248
@/home/ec2-user/data/topics/3440 1249
@/home/ec2-user/data/topics/3993 1250
@/home/ec2-user/data/topics/3659 1251
@/home/ec2-user/data/topics/3439 1252
@/home/ec2-user/data/topics/3706 1253
@/home/ec2-user/data/topics/2081 1254
@/home/ec2-user/data/topics/5030 1255
@/home/ec2-user/data/topics/3570 1256
@/home/ec2-user/data/topics/4058 1257
@/home/ec2-user/data/topics/1880 1258
@/home/ec2-user/data/topics/1247 1259
@/home/ec2-user/data/topics/4420 1260
@/home/ec2-user/data/topics/1296 1261
@/home/ec2-user/data/topics/3822 1262
@/home/ec2-user/data/topics/2239 1263
@/home/ec2-user/data/topics/3665 1264
@/home/ec2-user/data/topics/3350 1265
@/home/ec2-user/data/topics/4547 1266
@/home/ec2-user/data/topics/1987 1267
@/home/ec2-user/data/topics/1463 1268
凸版印刷株式会社

@/home/ec2-user/data/topics/1977 1269
@/home/ec2-user/data/topics/4874 1269
@/home/ec2-user/data/topics/3624 1270
@/home/ec2-user/data/topics/3500 1271
@/home/ec2-user/data/topics/1765 1272
@/home/ec2-user/data/topics/3526 1273
@/home/ec2-user/data/topics/1091 1274
株式会社ノーリツ

@/home/ec2-user/data/topics/1598 1275
@/home/ec2-user/data/topics/1290 1275
@/home/ec2-user/data/topics/2116 1276
@/home/ec2-user/data/topics/1618 1277
@/home/ec2-user/data/topics/4206 1278
@/home/ec2-user/data/topics/1760 1279
@/home/ec2-user/data/topics/4776 1280
@/home/ec2-user/data/topics/4354 1281
川崎重工業株式会社

@/home/ec2-user/data/topics/4866 1282
@/home/ec2-user/data/topics/1162 1282
@/home/ec2-user/data/topics/4793 1283
@/home/ec2-user/data/topics/4944 1284
@/home/ec2-user/data/topics/5025 1285
@/home/ec2-user/data/topics/4756 1286
@/home/ec2-user/data/topics/1172 1287
@/home/ec2-user/data/topics/4572 1288
ティーディーケイ株式会社

@/home/ec2-user/data/topics/3792 1289
@/home/ec2-user/data/topics/3909 1289
@/home/ec2-user/data/topics/1510 1290
@/home/ec2-user/data/topics/2202 1291
@/home/ec2-user/data/topics/2210 1292
@/home/ec2-user/data/topics/1409 1293
@/home/ec2-user/data/topics/1129 1294
@/home/ec2-user/data/topics/3798 1295
@/home/ec2-user/data/topics/4619 1296
京セラミタ株式会社

@/home/ec2-user/data/topics/1930 1297
@/home/ec2-user/data/topics/4174 1297
@/home/ec2-user/data/topics/4564 1298
@/home/ec2-user/data/topics/4985 1299
@/home/ec2-user/data/topics/2141 1300
@/home/ec2-user/data/topics/4973 1301
@/home/ec2-user/data/topics/1032 1302
株式会社クボタ

@/home/ec2-user/data/topics/1734 1303
@/home/ec2-user/data/topics/1448 1303
@/home/ec2-user/data/topics/4379 1304
@/home/ec2-user/data/topics/3823 1305
@/home/ec2-user/data/topics/1280 1306
@/home/ec2-user/data/topics/4745 1307
@/home/ec2-user/data/topics/3919 1308
@/home/ec2-user/data/topics/1012 1309
@/home/ec2-user/data/topics/3854 1310
@/home/ec2-user/data/topics/4251 1311
シャープ株式会社

@/home/ec2-user/data/topics/3966 1312
@/home/ec2-user/data/topics/1840 1312
@/home/ec2-user/data/topics/4744 1313
@/home/ec2-user/data/topics/3776 1314
@/home/ec2-user/data/topics/3793 1315
@/home/ec2-user/data/topics/4516 1316
@/home/ec2-user/data/topics/4519 1317
@/home/ec2-user/data/topics/1154 1318
@/home/ec2-user/data/topics/1561 1319
@/home/ec2-user/data/topics/4683 1320
@/home/ec2-user/data/topics/1804 1321
@/home/ec2-user/data/topics/1431 1322
@/home/ec2-user/data/topics/4005 1323
@/home/ec2-user/data/topics/4245 1324
@/home/ec2-user/data/topics/4124 1325
@/home/ec2-user/data/topics/3957 1326
@/home/ec2-user/data/topics/3832 1327
@/home/ec2-user/data/topics/4103 1328
@/home/ec2-user/data/topics/1396 1329
@/home/ec2-user/data/topics/1384 1330
@/home/ec2-user/data/topics/4861 1331
@/home/ec2-user/data/topics/3452 1332
@/home/ec2-user/data/topics/4152 1333
@/home/ec2-user/data/topics/3941 1334
@/home/ec2-user/data/topics/4583 1335
@/home/ec2-user/data/topics/4173 1336
@/home/ec2-user/data/topics/4782 1337
@/home/ec2-user/data/topics/4230 1338
@/home/ec2-user/data/topics/1563 1339
@/home/ec2-user/data/topics/3981 1340
@/home/ec2-user/data/topics/4019 1341
@/home/ec2-user/data/topics/3678 1342
@/home/ec2-user/data/topics/1419 1343
@/home/ec2-user/data/topics/3855 1344
@/home/ec2-user/data/topics/4105 1345
@/home/ec2-user/data/topics/4214 1346
@/home/ec2-user/data/topics/3422 1347
@/home/ec2-user/data/topics/4430 1348
@/home/ec2-user/data/topics/3679 1349
@/home/ec2-user/data/topics/3606 1350
@/home/ec2-user/data/topics/4263 1351
@/home/ec2-user/data/topics/3610 1352
@/home/ec2-user/data/topics/4469 1353
@/home/ec2-user/data/topics/1318 1354
@/home/ec2-user/data/topics/4256 1355
@/home/ec2-user/data/topics/3649 1356
@/home/ec2-user/data/topics/1349 1357
@/home/ec2-user/data/topics/4648 1358
@/home/ec2-user/data/topics/2087 1359
@/home/ec2-user/data/topics/3871 1360
@/home/ec2-user/data/topics/3813 1361
@/home/ec2-user/data/topics/1288 1362
@/home/ec2-user/data/topics/3673 1363
@/home/ec2-user/data/topics/4228 1364
@/home/ec2-user/data/topics/3777 1365
@/home/ec2-user/data/topics/2020 1366
@/home/ec2-user/data/topics/4127 1367
@/home/ec2-user/data/topics/3578 1368
@/home/ec2-user/data/topics/3978 1369
@/home/ec2-user/data/topics/4095 1370
@/home/ec2-user/data/topics/1970 1371
@/home/ec2-user/data/topics/4113 1372
@/home/ec2-user/data/topics/1258 1373
@/home/ec2-user/data/topics/3760 1374
@/home/ec2-user/data/topics/3858 1375
@/home/ec2-user/data/topics/1685 1376
@/home/ec2-user/data/topics/4717 1377
@/home/ec2-user/data/topics/1174 1378
@/home/ec2-user/data/topics/4252 1379
@/home/ec2-user/data/topics/2118 1380
@/home/ec2-user/data/topics/3537 1381
@/home/ec2-user/data/topics/3450 1382
@/home/ec2-user/data/topics/4323 1383
@/home/ec2-user/data/topics/3895 1384
@/home/ec2-user/data/topics/1209 1385
@/home/ec2-user/data/topics/3762 1386
@/home/ec2-user/data/topics/4349 1387
@/home/ec2-user/data/topics/3698 1388
@/home/ec2-user/data/topics/1965 1389
@/home/ec2-user/data/topics/4691 1390
@/home/ec2-user/data/topics/2084 1391
日本輸送機株式会社

@/home/ec2-user/data/topics/1108 1392
@/home/ec2-user/data/topics/2221 1392
@/home/ec2-user/data/topics/2065 1393
@/home/ec2-user/data/topics/1191 1394
@/home/ec2-user/data/topics/1456 1395
@/home/ec2-user/data/topics/1940 1396
@/home/ec2-user/data/topics/3573 1397
@/home/ec2-user/data/topics/1493 1398
東京エレクトロン株式会社

@/home/ec2-user/data/topics/1508 1399
@/home/ec2-user/data/topics/4702 1399
@/home/ec2-user/data/topics/4053 1400
@/home/ec2-user/data/topics/1736 1401
@/home/ec2-user/data/topics/4345 1402
@/home/ec2-user/data/topics/4002 1403
@/home/ec2-user/data/topics/4023 1404
@/home/ec2-user/data/topics/4618 1405
@/home/ec2-user/data/topics/3947 1406
@/home/ec2-user/data/topics/4906 1407
@/home/ec2-user/data/topics/1800 1408
@/home/ec2-user/data/topics/1263 1409
株式会社村田製作所

@/home/ec2-user/data/topics/4042 1410
@/home/ec2-user/data/topics/4271 1410
@/home/ec2-user/data/topics/4795 1411
@/home/ec2-user/data/topics/4163 1412
@/home/ec2-user/data/topics/3697 1413
@/home/ec2-user/data/topics/4432 1414
@/home/ec2-user/data/topics/4378 1415
@/home/ec2-user/data/topics/1411 1416
@/home/ec2-user/data/topics/4703 1417
@/home/ec2-user/data/topics/4325 1418
@/home/ec2-user/data/topics/4070 1419
@/home/ec2-user/data/topics/4417 1420
@/home/ec2-user/data/topics/3482 1421
@/home/ec2-user/data/topics/2229 1422
@/home/ec2-user/data/topics/3435 1423
@/home/ec2-user/data/topics/3885 1424
@/home/ec2-user/data/topics/1374 1425
日本電信電話株式会社

@/home/ec2-user/data/topics/2130 1426
@/home/ec2-user/data/topics/4870 1426
@/home/ec2-user/data/topics/4836 1427
@/home/ec2-user/data/topics/1934 1428
@/home/ec2-user/data/topics/1809 1429
@/home/ec2-user/data/topics/3568 1430
@/home/ec2-user/data/topics/4964 1431
@/home/ec2-user/data/topics/4965 1432
@/home/ec2-user/data/topics/3509 1433
@/home/ec2-user/data/topics/1229 1434
@/home/ec2-user/data/topics/4792 1435
@/home/ec2-user/data/topics/4118 1436
@/home/ec2-user/data/topics/4443 1437
@/home/ec2-user/data/topics/3641 1438
@/home/ec2-user/data/topics/3928 1439
@/home/ec2-user/data/topics/3785 1440
@/home/ec2-user/data/topics/3425 1441
@/home/ec2-user/data/topics/4664 1442
@/home/ec2-user/data/topics/3894 1443
@/home/ec2-user/data/topics/3521 1444
@/home/ec2-user/data/topics/4952 1445
@/home/ec2-user/data/topics/4925 1446
@/home/ec2-user/data/topics/1556 1447
@/home/ec2-user/data/topics/4208 1448
@/home/ec2-user/data/topics/4488 1449
@/home/ec2-user/data/topics/1042 1450
@/home/ec2-user/data/topics/3811 1451
@/home/ec2-user/data/topics/1230 1452
@/home/ec2-user/data/topics/3915 1453
@/home/ec2-user/data/topics/4087 1454
@/home/ec2-user/data/topics/3536 1455
@/home/ec2-user/data/topics/4146 1456
@/home/ec2-user/data/topics/4511 1457
@/home/ec2-user/data/topics/4121 1458
@/home/ec2-user/data/topics/3927 1459
@/home/ec2-user/data/topics/4114 1460
@/home/ec2-user/data/topics/4916 1461
@/home/ec2-user/data/topics/4115 1462
@/home/ec2-user/data/topics/4232 1463
@/home/ec2-user/data/topics/2017 1464
@/home/ec2-user/data/topics/3824 1465
@/home/ec2-user/data/topics/3586 1466
@/home/ec2-user/data/topics/4865 1467
@/home/ec2-user/data/topics/4175 1468
@/home/ec2-user/data/topics/4104 1469
@/home/ec2-user/data/topics/1787 1470
@/home/ec2-user/data/topics/3650 1471
@/home/ec2-user/data/topics/4131 1472
@/home/ec2-user/data/topics/1408 1473
@/home/ec2-user/data/topics/3544 1474
@/home/ec2-user/data/topics/3359 1475
@/home/ec2-user/data/topics/4025 1476
@/home/ec2-user/data/topics/4560 1477
@/home/ec2-user/data/topics/4335 1478
@/home/ec2-user/data/topics/4505 1479
@/home/ec2-user/data/topics/3552 1480
日本鋼管株式会社

@/home/ec2-user/data/topics/4455 1481
@/home/ec2-user/data/topics/2095 1481
@/home/ec2-user/data/topics/1690 1482
@/home/ec2-user/data/topics/4289 1483
@/home/ec2-user/data/topics/1404 1484
@/home/ec2-user/data/topics/3572 1485
@/home/ec2-user/data/topics/4161 1486
株式会社神戸製鋼所

@/home/ec2-user/data/topics/3674 1487
@/home/ec2-user/data/topics/4949 1487
@/home/ec2-user/data/topics/3475 1488
@/home/ec2-user/data/topics/2064 1489
@/home/ec2-user/data/topics/3632 1490
@/home/ec2-user/data/topics/3902 1491
@/home/ec2-user/data/topics/1465 1492
株式会社ケンウッド

@/home/ec2-user/data/topics/4167 1493
@/home/ec2-user/data/topics/3878 1493
@/home/ec2-user/data/topics/1186 1494
@/home/ec2-user/data/topics/3801 1495
@/home/ec2-user/data/topics/1698 1496
@/home/ec2-user/data/topics/2036 1497
@/home/ec2-user/data/topics/3969 1498
@/home/ec2-user/data/topics/1345 1499
@/home/ec2-user/data/topics/3794 1500
@/home/ec2-user/data/topics/4467 1501
@/home/ec2-user/data/topics/1115 1502
@/home/ec2-user/data/topics/1241 1503
@/home/ec2-user/data/topics/1424 1504
@/home/ec2-user/data/topics/1617 1505
@/home/ec2-user/data/topics/3463 1506
@/home/ec2-user/data/topics/3977 1507
@/home/ec2-user/data/topics/1896 1508
@/home/ec2-user/data/topics/3839 1509
@/home/ec2-user/data/topics/4050 1510
@/home/ec2-user/data/topics/4038 1511
@/home/ec2-user/data/topics/2163 1512
東陶機器株式会社

@/home/ec2-user/data/topics/1692 1513
@/home/ec2-user/data/topics/2135 1513
@/home/ec2-user/data/topics/1735 1514
@/home/ec2-user/data/topics/1626 1515
@/home/ec2-user/data/topics/3821 1516
@/home/ec2-user/data/topics/3583 1517
本田技研工業株式会社

@/home/ec2-user/data/topics/4888 1518
@/home/ec2-user/data/topics/4033 1518
@/home/ec2-user/data/topics/4331 1519
@/home/ec2-user/data/topics/4132 1520
@/home/ec2-user/data/topics/5026 1521
@/home/ec2-user/data/topics/2000 1522
@/home/ec2-user/data/topics/1605 1523
@/home/ec2-user/data/topics/1143 1524
@/home/ec2-user/data/topics/4783 1525
@/home/ec2-user/data/topics/4375 1526
@/home/ec2-user/data/topics/1444 1527
@/home/ec2-user/data/topics/1226 1528
@/home/ec2-user/data/topics/1818 1529
@/home/ec2-user/data/topics/4199 1530
@/home/ec2-user/data/topics/1215 1531
@/home/ec2-user/data/topics/1822 1532
@/home/ec2-user/data/topics/3685 1533
@/home/ec2-user/data/topics/1266 1534
@/home/ec2-user/data/topics/2016 1535
新日本製鐵株式会社

@/home/ec2-user/data/topics/3899 1536
@/home/ec2-user/data/topics/4472 1536
@/home/ec2-user/data/topics/5008 1537
@/home/ec2-user/data/topics/3368 1538
@/home/ec2-user/data/topics/3861 1539
@/home/ec2-user/data/topics/3663 1540
松下電工株式会社

@/home/ec2-user/data/topics/4450 1541
@/home/ec2-user/data/topics/2045 1541
@/home/ec2-user/data/topics/3835 1542
@/home/ec2-user/data/topics/3778 1543
@/home/ec2-user/data/topics/3511 1544
@/home/ec2-user/data/topics/1251 1545
@/home/ec2-user/data/topics/3379 1546
@/home/ec2-user/data/topics/1803 1547
@/home/ec2-user/data/topics/3565 1548
@/home/ec2-user/data/topics/4347 1549
@/home/ec2-user/data/topics/4592 1550
@/home/ec2-user/data/topics/3651 1551
@/home/ec2-user/data/topics/4317 1552
@/home/ec2-user/data/topics/4094 1553
@/home/ec2-user/data/topics/1311 1554
@/home/ec2-user/data/topics/3932 1555
@/home/ec2-user/data/topics/1011 1556
@/home/ec2-user/data/topics/4083 1557
@/home/ec2-user/data/topics/3549 1558
@/home/ec2-user/data/topics/4029 1559
@/home/ec2-user/data/topics/3670 1560
@/home/ec2-user/data/topics/4012 1561
usernum: 72
hit: 1336
simhit: 1416
simmax: 0.614166494341
simmin: 0.0
simavg: 0.199128206095
dlmax: 0.155056798534
dlmin: 0.00739088705257
dlavg: 0.0360487056203
mthit: 1132
mthls: 41
srp: 128.55
total: 1562
hit/total: 0.855313700384
simhit/total: 0.906530089629
mthit/(total+usernum): 0.692778457772
mthls/(total+usernum): 0.0250917992656
srp/(total+usernum): 0.0262239902081
srp20/(total+usernum): 0.00844553243574
srp100/(total+usernum): 0.0172786617707
srp500/(total+usernum): 0.0231195430437

2016-12-25 04:37:06.786671
