2016-12-23 16:19:37.310977

topic-folder:/home/ec2-user/data/topics/
cl-file:/home/ec2-user/git/tfidf/result-new/b1-0.txt
cl-floder:/home/ec2-user/data/classinfo/
zipf:0.6
stype[0(tfidf)/1(tfidf2)/2(lsa)/3(lda)]:1
dtype[<0(diff*rand)/0(diff)/1(same)/>=2(diff*same)]:0
output-floder:/home/ec2-user/git/userquery/result

三菱マテリアル株式会社

@/home/ec2-user/data/topics/2093 0
@/home/ec2-user/data/topics/3630 0
@/home/ec2-user/data/topics/1638 1
@/home/ec2-user/data/topics/3866 2
@/home/ec2-user/data/topics/3470 3
@/home/ec2-user/data/topics/1085 4
@/home/ec2-user/data/topics/3520 5
@/home/ec2-user/data/topics/3546 6
日本精機株式会社

@/home/ec2-user/data/topics/4907 7
@/home/ec2-user/data/topics/4875 7
@/home/ec2-user/data/topics/4690 8
@/home/ec2-user/data/topics/4972 9
@/home/ec2-user/data/topics/4709 10
@/home/ec2-user/data/topics/1398 11
コニカ株式会社

@/home/ec2-user/data/topics/3533 12
@/home/ec2-user/data/topics/3431 12
@/home/ec2-user/data/topics/2162 13
@/home/ec2-user/data/topics/3414 14
@/home/ec2-user/data/topics/3426 15
@/home/ec2-user/data/topics/3486 16
@/home/ec2-user/data/topics/1946 17
@/home/ec2-user/data/topics/3370 18
@/home/ec2-user/data/topics/3357 19
@/home/ec2-user/data/topics/3419 20
@/home/ec2-user/data/topics/3418 21
埼玉日本電気株式会社

@/home/ec2-user/data/topics/4279 22
@/home/ec2-user/data/topics/4496 22
@/home/ec2-user/data/topics/5010 23
@/home/ec2-user/data/topics/4468 24
@/home/ec2-user/data/topics/4998 25
@/home/ec2-user/data/topics/1512 26
@/home/ec2-user/data/topics/1620 27
@/home/ec2-user/data/topics/4283 28
@/home/ec2-user/data/topics/4242 29
アルプス電気株式会社

@/home/ec2-user/data/topics/1253 30
@/home/ec2-user/data/topics/1434 30
@/home/ec2-user/data/topics/2089 31
@/home/ec2-user/data/topics/3582 32
@/home/ec2-user/data/topics/3429 33
@/home/ec2-user/data/topics/4791 34
@/home/ec2-user/data/topics/2012 35
三菱重工業株式会社

@/home/ec2-user/data/topics/3637 36
@/home/ec2-user/data/topics/5022 36
@/home/ec2-user/data/topics/3591 37
@/home/ec2-user/data/topics/3529 38
@/home/ec2-user/data/topics/3833 39
@/home/ec2-user/data/topics/4563 40
@/home/ec2-user/data/topics/3503 41
@/home/ec2-user/data/topics/4882 42
@/home/ec2-user/data/topics/4687 43
@/home/ec2-user/data/topics/4862 44
@/home/ec2-user/data/topics/4412 45
@/home/ec2-user/data/topics/3944 46
村田機械株式会社

@/home/ec2-user/data/topics/4570 47
@/home/ec2-user/data/topics/3528 47
@/home/ec2-user/data/topics/1511 48
@/home/ec2-user/data/topics/4565 49
@/home/ec2-user/data/topics/4556 50
@/home/ec2-user/data/topics/3740 51
@/home/ec2-user/data/topics/4638 52
@/home/ec2-user/data/topics/1074 53
@/home/ec2-user/data/topics/4835 54
@/home/ec2-user/data/topics/4441 55
@/home/ec2-user/data/topics/1293 56
@/home/ec2-user/data/topics/1607 57
@/home/ec2-user/data/topics/4596 58
@/home/ec2-user/data/topics/4941 59
@/home/ec2-user/data/topics/5000 60
@/home/ec2-user/data/topics/4645 61
@/home/ec2-user/data/topics/4746 62
川崎製鉄株式会社

@/home/ec2-user/data/topics/1459 63
@/home/ec2-user/data/topics/1037 63
@/home/ec2-user/data/topics/3611 64
@/home/ec2-user/data/topics/3553 65
@/home/ec2-user/data/topics/3483 66
@/home/ec2-user/data/topics/3413 67
@/home/ec2-user/data/topics/4615 68
@/home/ec2-user/data/topics/3929 69
@/home/ec2-user/data/topics/3532 70
ダイキン工業株式会社

@/home/ec2-user/data/topics/1565 71
@/home/ec2-user/data/topics/1600 71
@/home/ec2-user/data/topics/4701 72
@/home/ec2-user/data/topics/4734 73
@/home/ec2-user/data/topics/4367 74
@/home/ec2-user/data/topics/4858 75
@/home/ec2-user/data/topics/4845 76
@/home/ec2-user/data/topics/4515 77
@/home/ec2-user/data/topics/3888 78
@/home/ec2-user/data/topics/4400 79
@/home/ec2-user/data/topics/4753 80
三菱自動車工業株式会社

@/home/ec2-user/data/topics/3502 81
@/home/ec2-user/data/topics/4189 81
@/home/ec2-user/data/topics/1816 82
@/home/ec2-user/data/topics/2101 83
@/home/ec2-user/data/topics/3940 84
@/home/ec2-user/data/topics/3815 85
@/home/ec2-user/data/topics/1428 86
@/home/ec2-user/data/topics/1527 87
日産自動車株式会社

@/home/ec2-user/data/topics/3497 88
@/home/ec2-user/data/topics/3712 88
@/home/ec2-user/data/topics/3501 89
@/home/ec2-user/data/topics/3489 90
@/home/ec2-user/data/topics/4982 91
@/home/ec2-user/data/topics/4074 92
@/home/ec2-user/data/topics/3723 93
@/home/ec2-user/data/topics/3829 94
@/home/ec2-user/data/topics/3936 95
@/home/ec2-user/data/topics/3645 96
@/home/ec2-user/data/topics/3677 97
トヨタ自動車株式会社

@/home/ec2-user/data/topics/4008 98
@/home/ec2-user/data/topics/3725 98
@/home/ec2-user/data/topics/4298 99
@/home/ec2-user/data/topics/4144 100
@/home/ec2-user/data/topics/1551 101
@/home/ec2-user/data/topics/2218 102
@/home/ec2-user/data/topics/3587 103
@/home/ec2-user/data/topics/4767 104
@/home/ec2-user/data/topics/3731 105
@/home/ec2-user/data/topics/4543 106
@/home/ec2-user/data/topics/3758 107
@/home/ec2-user/data/topics/4030 108
@/home/ec2-user/data/topics/4647 109
@/home/ec2-user/data/topics/3671 110
@/home/ec2-user/data/topics/4658 111
@/home/ec2-user/data/topics/4426 112
@/home/ec2-user/data/topics/4346 113
@/home/ec2-user/data/topics/3699 114
@/home/ec2-user/data/topics/3405 115
@/home/ec2-user/data/topics/3356 116
@/home/ec2-user/data/topics/4633 117
@/home/ec2-user/data/topics/1494 118
@/home/ec2-user/data/topics/3943 119
@/home/ec2-user/data/topics/4064 120
@/home/ec2-user/data/topics/3481 121
@/home/ec2-user/data/topics/4920 122
@/home/ec2-user/data/topics/4617 123
@/home/ec2-user/data/topics/2111 124
@/home/ec2-user/data/topics/3783 125
オリンパス光学工業株式会社

@/home/ec2-user/data/topics/5006 126
@/home/ec2-user/data/topics/1155 126
@/home/ec2-user/data/topics/1586 127
@/home/ec2-user/data/topics/1869 128
@/home/ec2-user/data/topics/4878 129
@/home/ec2-user/data/topics/1981 130
@/home/ec2-user/data/topics/4013 131
@/home/ec2-user/data/topics/4007 132
@/home/ec2-user/data/topics/2026 133
@/home/ec2-user/data/topics/1835 134
@/home/ec2-user/data/topics/1739 135
@/home/ec2-user/data/topics/1107 136
ブラザー工業株式会社

@/home/ec2-user/data/topics/2085 137
@/home/ec2-user/data/topics/3477 137
@/home/ec2-user/data/topics/3686 138
@/home/ec2-user/data/topics/4548 139
@/home/ec2-user/data/topics/1697 140
@/home/ec2-user/data/topics/1636 141
@/home/ec2-user/data/topics/3613 142
@/home/ec2-user/data/topics/1906 143
@/home/ec2-user/data/topics/1164 144
@/home/ec2-user/data/topics/1300 145
@/home/ec2-user/data/topics/3507 146
@/home/ec2-user/data/topics/1183 147
@/home/ec2-user/data/topics/1076 148
@/home/ec2-user/data/topics/2086 149
@/home/ec2-user/data/topics/3789 150
富士通株式会社

@/home/ec2-user/data/topics/2227 151
@/home/ec2-user/data/topics/3428 151
@/home/ec2-user/data/topics/3765 152
@/home/ec2-user/data/topics/1271 153
@/home/ec2-user/data/topics/3970 154
@/home/ec2-user/data/topics/1998 155
@/home/ec2-user/data/topics/3399 156
@/home/ec2-user/data/topics/3962 157
@/home/ec2-user/data/topics/4191 158
@/home/ec2-user/data/topics/1264 159
@/home/ec2-user/data/topics/3846 160
@/home/ec2-user/data/topics/3870 161
@/home/ec2-user/data/topics/3538 162
@/home/ec2-user/data/topics/3460 163
@/home/ec2-user/data/topics/2215 164
@/home/ec2-user/data/topics/3802 165
@/home/ec2-user/data/topics/3799 166
@/home/ec2-user/data/topics/3912 167
@/home/ec2-user/data/topics/3381 168
@/home/ec2-user/data/topics/3636 169
@/home/ec2-user/data/topics/3751 170
@/home/ec2-user/data/topics/3850 171
@/home/ec2-user/data/topics/1123 172
@/home/ec2-user/data/topics/3883 173
@/home/ec2-user/data/topics/1547 174
@/home/ec2-user/data/topics/5004 175
@/home/ec2-user/data/topics/1609 176
@/home/ec2-user/data/topics/3400 177
@/home/ec2-user/data/topics/3749 178
@/home/ec2-user/data/topics/2216 179
@/home/ec2-user/data/topics/1874 180
@/home/ec2-user/data/topics/3862 181
静岡日本電気株式会社

@/home/ec2-user/data/topics/4314 182
@/home/ec2-user/data/topics/4250 182
@/home/ec2-user/data/topics/4507 183
@/home/ec2-user/data/topics/4365 184
@/home/ec2-user/data/topics/4531 185
@/home/ec2-user/data/topics/4326 186
住友重機械工業株式会社

@/home/ec2-user/data/topics/1900 187
@/home/ec2-user/data/topics/4854 187
@/home/ec2-user/data/topics/1373 188
@/home/ec2-user/data/topics/3868 189
@/home/ec2-user/data/topics/3952 190
@/home/ec2-user/data/topics/1019 191
@/home/ec2-user/data/topics/2039 192
@/home/ec2-user/data/topics/1505 193
@/home/ec2-user/data/topics/1553 194
大日本印刷株式会社

@/home/ec2-user/data/topics/1145 195
@/home/ec2-user/data/topics/1262 195
@/home/ec2-user/data/topics/3388 196
@/home/ec2-user/data/topics/3569 197
@/home/ec2-user/data/topics/1564 198
@/home/ec2-user/data/topics/1099 199
日本電気株式会社

@/home/ec2-user/data/topics/1948 200
@/home/ec2-user/data/topics/4447 200
@/home/ec2-user/data/topics/4092 201
@/home/ec2-user/data/topics/2150 202
@/home/ec2-user/data/topics/4425 203
@/home/ec2-user/data/topics/3724 204
@/home/ec2-user/data/topics/4838 205
@/home/ec2-user/data/topics/2144 206
@/home/ec2-user/data/topics/4338 207
@/home/ec2-user/data/topics/4238 208
@/home/ec2-user/data/topics/1281 209
@/home/ec2-user/data/topics/1937 210
@/home/ec2-user/data/topics/4257 211
@/home/ec2-user/data/topics/4549 212
@/home/ec2-user/data/topics/4236 213
@/home/ec2-user/data/topics/4267 214
@/home/ec2-user/data/topics/4017 215
@/home/ec2-user/data/topics/4414 216
@/home/ec2-user/data/topics/1457 217
@/home/ec2-user/data/topics/4533 218
@/home/ec2-user/data/topics/1595 219
@/home/ec2-user/data/topics/4209 220
@/home/ec2-user/data/topics/1360 221
@/home/ec2-user/data/topics/3938 222
@/home/ec2-user/data/topics/1101 223
@/home/ec2-user/data/topics/4240 224
@/home/ec2-user/data/topics/4300 225
@/home/ec2-user/data/topics/1783 226
@/home/ec2-user/data/topics/4093 227
@/home/ec2-user/data/topics/4699 228
@/home/ec2-user/data/topics/1383 229
@/home/ec2-user/data/topics/2031 230
@/home/ec2-user/data/topics/4216 231
@/home/ec2-user/data/topics/4530 232
@/home/ec2-user/data/topics/1078 233
@/home/ec2-user/data/topics/4062 234
@/home/ec2-user/data/topics/4659 235
@/home/ec2-user/data/topics/4742 236
@/home/ec2-user/data/topics/4119 237
@/home/ec2-user/data/topics/2041 238
@/home/ec2-user/data/topics/1773 239
@/home/ec2-user/data/topics/4595 240
@/home/ec2-user/data/topics/4646 241
@/home/ec2-user/data/topics/1523 242
@/home/ec2-user/data/topics/4246 243
@/home/ec2-user/data/topics/2088 244
@/home/ec2-user/data/topics/2166 245
@/home/ec2-user/data/topics/4318 246
@/home/ec2-user/data/topics/4644 247
@/home/ec2-user/data/topics/4665 248
@/home/ec2-user/data/topics/4359 249
@/home/ec2-user/data/topics/4315 250
@/home/ec2-user/data/topics/4100 251
@/home/ec2-user/data/topics/4129 252
@/home/ec2-user/data/topics/4434 253
@/home/ec2-user/data/topics/4634 254
@/home/ec2-user/data/topics/3853 255
@/home/ec2-user/data/topics/4320 256
@/home/ec2-user/data/topics/4427 257
@/home/ec2-user/data/topics/4785 258
@/home/ec2-user/data/topics/4666 259
@/home/ec2-user/data/topics/4725 260
@/home/ec2-user/data/topics/4310 261
@/home/ec2-user/data/topics/4171 262
@/home/ec2-user/data/topics/4940 263
@/home/ec2-user/data/topics/4360 264
@/home/ec2-user/data/topics/4433 265
@/home/ec2-user/data/topics/4598 266
@/home/ec2-user/data/topics/1500 267
@/home/ec2-user/data/topics/4442 268
@/home/ec2-user/data/topics/1052 269
@/home/ec2-user/data/topics/4063 270
@/home/ec2-user/data/topics/4877 271
@/home/ec2-user/data/topics/2127 272
@/home/ec2-user/data/topics/4204 273
@/home/ec2-user/data/topics/4003 274
@/home/ec2-user/data/topics/4609 275
@/home/ec2-user/data/topics/1764 276
@/home/ec2-user/data/topics/4196 277
@/home/ec2-user/data/topics/2022 278
@/home/ec2-user/data/topics/1557 279
@/home/ec2-user/data/topics/3875 280
@/home/ec2-user/data/topics/4247 281
@/home/ec2-user/data/topics/3995 282
@/home/ec2-user/data/topics/4258 283
@/home/ec2-user/data/topics/1791 284
@/home/ec2-user/data/topics/1100 285
@/home/ec2-user/data/topics/4490 286
@/home/ec2-user/data/topics/4497 287
@/home/ec2-user/data/topics/4418 288
@/home/ec2-user/data/topics/4309 289
@/home/ec2-user/data/topics/4689 290
@/home/ec2-user/data/topics/4153 291
@/home/ec2-user/data/topics/3865 292
@/home/ec2-user/data/topics/4398 293
@/home/ec2-user/data/topics/4186 294
@/home/ec2-user/data/topics/4446 295
@/home/ec2-user/data/topics/2119 296
@/home/ec2-user/data/topics/4097 297
@/home/ec2-user/data/topics/4477 298
@/home/ec2-user/data/topics/4388 299
@/home/ec2-user/data/topics/4902 300
@/home/ec2-user/data/topics/4071 301
@/home/ec2-user/data/topics/4082 302
@/home/ec2-user/data/topics/4728 303
@/home/ec2-user/data/topics/4532 304
@/home/ec2-user/data/topics/4892 305
@/home/ec2-user/data/topics/4343 306
@/home/ec2-user/data/topics/1044 307
@/home/ec2-user/data/topics/1112 308
@/home/ec2-user/data/topics/3767 309
@/home/ec2-user/data/topics/4657 310
@/home/ec2-user/data/topics/4128 311
@/home/ec2-user/data/topics/4775 312
@/home/ec2-user/data/topics/4162 313
@/home/ec2-user/data/topics/4578 314
@/home/ec2-user/data/topics/3896 315
@/home/ec2-user/data/topics/4154 316
@/home/ec2-user/data/topics/4260 317
@/home/ec2-user/data/topics/4584 318
@/home/ec2-user/data/topics/4137 319
@/home/ec2-user/data/topics/4404 320
@/home/ec2-user/data/topics/4536 321
@/home/ec2-user/data/topics/4779 322
@/home/ec2-user/data/topics/4749 323
@/home/ec2-user/data/topics/4281 324
@/home/ec2-user/data/topics/4770 325
@/home/ec2-user/data/topics/3766 326
@/home/ec2-user/data/topics/3886 327
@/home/ec2-user/data/topics/4081 328
@/home/ec2-user/data/topics/1364 329
@/home/ec2-user/data/topics/3744 330
@/home/ec2-user/data/topics/4116 331
@/home/ec2-user/data/topics/3971 332
@/home/ec2-user/data/topics/4876 333
@/home/ec2-user/data/topics/4458 334
@/home/ec2-user/data/topics/4486 335
@/home/ec2-user/data/topics/4158 336
@/home/ec2-user/data/topics/4651 337
@/home/ec2-user/data/topics/1567 338
@/home/ec2-user/data/topics/4850 339
@/home/ec2-user/data/topics/4440 340
@/home/ec2-user/data/topics/1326 341
@/home/ec2-user/data/topics/4352 342
@/home/ec2-user/data/topics/4389 343
@/home/ec2-user/data/topics/4254 344
@/home/ec2-user/data/topics/1724 345
@/home/ec2-user/data/topics/4808 346
@/home/ec2-user/data/topics/4926 347
@/home/ec2-user/data/topics/4273 348
@/home/ec2-user/data/topics/4319 349
@/home/ec2-user/data/topics/4429 350
@/home/ec2-user/data/topics/4759 351
@/home/ec2-user/data/topics/4142 352
@/home/ec2-user/data/topics/4561 353
@/home/ec2-user/data/topics/4764 354
@/home/ec2-user/data/topics/1879 355
@/home/ec2-user/data/topics/4278 356
@/home/ec2-user/data/topics/4721 357
@/home/ec2-user/data/topics/4460 358
@/home/ec2-user/data/topics/3897 359
@/home/ec2-user/data/topics/4243 360
@/home/ec2-user/data/topics/4718 361
@/home/ec2-user/data/topics/4537 362
@/home/ec2-user/data/topics/1016 363
@/home/ec2-user/data/topics/4168 364
@/home/ec2-user/data/topics/3729 365
@/home/ec2-user/data/topics/4760 366
@/home/ec2-user/data/topics/1624 367
@/home/ec2-user/data/topics/4276 368
@/home/ec2-user/data/topics/4485 369
@/home/ec2-user/data/topics/4750 370
@/home/ec2-user/data/topics/3954 371
@/home/ec2-user/data/topics/1116 372
@/home/ec2-user/data/topics/4313 373
@/home/ec2-user/data/topics/1634 374
@/home/ec2-user/data/topics/4816 375
@/home/ec2-user/data/topics/4272 376
@/home/ec2-user/data/topics/4643 377
@/home/ec2-user/data/topics/1612 378
@/home/ec2-user/data/topics/1464 379
@/home/ec2-user/data/topics/4603 380
@/home/ec2-user/data/topics/4626 381
@/home/ec2-user/data/topics/1973 382
@/home/ec2-user/data/topics/4696 383
@/home/ec2-user/data/topics/1362 384
@/home/ec2-user/data/topics/1891 385
@/home/ec2-user/data/topics/4682 386
@/home/ec2-user/data/topics/4227 387
@/home/ec2-user/data/topics/4138 388
@/home/ec2-user/data/topics/4650 389
@/home/ec2-user/data/topics/1867 390
@/home/ec2-user/data/topics/1486 391
@/home/ec2-user/data/topics/4390 392
@/home/ec2-user/data/topics/4288 393
@/home/ec2-user/data/topics/1122 394
@/home/ec2-user/data/topics/4244 395
@/home/ec2-user/data/topics/1199 396
@/home/ec2-user/data/topics/1661 397
@/home/ec2-user/data/topics/4708 398
@/home/ec2-user/data/topics/4120 399
@/home/ec2-user/data/topics/4824 400
@/home/ec2-user/data/topics/1710 401
@/home/ec2-user/data/topics/1852 402
@/home/ec2-user/data/topics/4613 403
@/home/ec2-user/data/topics/4192 404
@/home/ec2-user/data/topics/1928 405
@/home/ec2-user/data/topics/1844 406
@/home/ec2-user/data/topics/4275 407
@/home/ec2-user/data/topics/4342 408
@/home/ec2-user/data/topics/4185 409
@/home/ec2-user/data/topics/1923 410
@/home/ec2-user/data/topics/3956 411
@/home/ec2-user/data/topics/5034 412
@/home/ec2-user/data/topics/4134 413
@/home/ec2-user/data/topics/1815 414
@/home/ec2-user/data/topics/4393 415
@/home/ec2-user/data/topics/4207 416
@/home/ec2-user/data/topics/4371 417
@/home/ec2-user/data/topics/4480 418
松下電器産業株式会社

@/home/ec2-user/data/topics/4503 419
@/home/ec2-user/data/topics/4797 419
@/home/ec2-user/data/topics/4157 420
@/home/ec2-user/data/topics/1829 421
@/home/ec2-user/data/topics/3558 422
@/home/ec2-user/data/topics/1509 423
@/home/ec2-user/data/topics/2156 424
@/home/ec2-user/data/topics/3761 425
@/home/ec2-user/data/topics/1540 426
@/home/ec2-user/data/topics/3739 427
@/home/ec2-user/data/topics/4804 428
@/home/ec2-user/data/topics/4126 429
@/home/ec2-user/data/topics/3960 430
@/home/ec2-user/data/topics/4577 431
@/home/ec2-user/data/topics/2056 432
@/home/ec2-user/data/topics/3585 433
@/home/ec2-user/data/topics/3807 434
@/home/ec2-user/data/topics/3519 435
@/home/ec2-user/data/topics/1885 436
@/home/ec2-user/data/topics/4586 437
@/home/ec2-user/data/topics/4043 438
@/home/ec2-user/data/topics/3658 439
@/home/ec2-user/data/topics/3951 440
@/home/ec2-user/data/topics/1157 441
@/home/ec2-user/data/topics/3704 442
@/home/ec2-user/data/topics/3979 443
@/home/ec2-user/data/topics/4501 444
@/home/ec2-user/data/topics/1812 445
@/home/ec2-user/data/topics/2129 446
@/home/ec2-user/data/topics/1633 447
@/home/ec2-user/data/topics/4459 448
@/home/ec2-user/data/topics/4355 449
@/home/ec2-user/data/topics/4307 450
@/home/ec2-user/data/topics/1158 451
@/home/ec2-user/data/topics/1516 452
@/home/ec2-user/data/topics/3904 453
@/home/ec2-user/data/topics/5024 454
@/home/ec2-user/data/topics/4264 455
@/home/ec2-user/data/topics/3719 456
@/home/ec2-user/data/topics/1898 457
@/home/ec2-user/data/topics/4936 458
@/home/ec2-user/data/topics/4806 459
@/home/ec2-user/data/topics/1701 460
@/home/ec2-user/data/topics/4448 461
@/home/ec2-user/data/topics/1257 462
@/home/ec2-user/data/topics/1635 463
@/home/ec2-user/data/topics/4475 464
@/home/ec2-user/data/topics/2170 465
@/home/ec2-user/data/topics/4787 466
@/home/ec2-user/data/topics/4667 467
@/home/ec2-user/data/topics/1748 468
@/home/ec2-user/data/topics/3386 469
@/home/ec2-user/data/topics/1705 470
@/home/ec2-user/data/topics/4280 471
@/home/ec2-user/data/topics/4215 472
@/home/ec2-user/data/topics/4385 473
@/home/ec2-user/data/topics/4101 474
@/home/ec2-user/data/topics/3721 475
@/home/ec2-user/data/topics/4394 476
@/home/ec2-user/data/topics/5028 477
@/home/ec2-user/data/topics/4867 478
@/home/ec2-user/data/topics/1589 479
@/home/ec2-user/data/topics/2080 480
@/home/ec2-user/data/topics/4817 481
@/home/ec2-user/data/topics/4491 482
@/home/ec2-user/data/topics/3455 483
@/home/ec2-user/data/topics/4502 484
@/home/ec2-user/data/topics/4229 485
@/home/ec2-user/data/topics/4798 486
@/home/ec2-user/data/topics/1070 487
@/home/ec2-user/data/topics/4274 488
@/home/ec2-user/data/topics/1881 489
@/home/ec2-user/data/topics/3676 490
@/home/ec2-user/data/topics/4303 491
@/home/ec2-user/data/topics/4159 492
@/home/ec2-user/data/topics/3920 493
@/home/ec2-user/data/topics/4000 494
@/home/ec2-user/data/topics/4917 495
@/home/ec2-user/data/topics/3692 496
@/home/ec2-user/data/topics/3402 497
@/home/ec2-user/data/topics/4968 498
@/home/ec2-user/data/topics/1252 499
@/home/ec2-user/data/topics/4574 500
@/home/ec2-user/data/topics/4102 501
@/home/ec2-user/data/topics/1525 502
@/home/ec2-user/data/topics/4707 503
@/home/ec2-user/data/topics/4160 504
@/home/ec2-user/data/topics/3746 505
@/home/ec2-user/data/topics/4599 506
@/home/ec2-user/data/topics/4193 507
@/home/ec2-user/data/topics/4139 508
@/home/ec2-user/data/topics/1136 509
@/home/ec2-user/data/topics/4180 510
@/home/ec2-user/data/topics/3619 511
@/home/ec2-user/data/topics/2029 512
@/home/ec2-user/data/topics/1026 513
@/home/ec2-user/data/topics/3847 514
@/home/ec2-user/data/topics/4761 515
@/home/ec2-user/data/topics/4382 516
@/home/ec2-user/data/topics/1339 517
@/home/ec2-user/data/topics/4918 518
@/home/ec2-user/data/topics/4422 519
@/home/ec2-user/data/topics/1762 520
@/home/ec2-user/data/topics/3510 521
@/home/ec2-user/data/topics/4961 522
@/home/ec2-user/data/topics/3494 523
@/home/ec2-user/data/topics/4754 524
@/home/ec2-user/data/topics/4558 525
@/home/ec2-user/data/topics/4625 526
@/home/ec2-user/data/topics/2222 527
@/home/ec2-user/data/topics/3514 528
@/home/ec2-user/data/topics/3694 529
@/home/ec2-user/data/topics/4885 530
@/home/ec2-user/data/topics/3680 531
@/home/ec2-user/data/topics/4098 532
@/home/ec2-user/data/topics/1477 533
@/home/ec2-user/data/topics/1706 534
@/home/ec2-user/data/topics/3404 535
@/home/ec2-user/data/topics/4945 536
@/home/ec2-user/data/topics/1955 537
@/home/ec2-user/data/topics/4464 538
@/home/ec2-user/data/topics/1179 539
@/home/ec2-user/data/topics/4676 540
セイコーインスツルメンツ株式会社

@/home/ec2-user/data/topics/4036 541
@/home/ec2-user/data/topics/3626 541
@/home/ec2-user/data/topics/4088 542
@/home/ec2-user/data/topics/4997 543
@/home/ec2-user/data/topics/1707 544
@/home/ec2-user/data/topics/4203 545
@/home/ec2-user/data/topics/3825 546
@/home/ec2-user/data/topics/4151 547
@/home/ec2-user/data/topics/4190 548
ミノルタ株式会社

@/home/ec2-user/data/topics/3810 549
@/home/ec2-user/data/topics/4986 549
@/home/ec2-user/data/topics/4321 550
@/home/ec2-user/data/topics/4951 551
@/home/ec2-user/data/topics/4971 552
@/home/ec2-user/data/topics/4984 553
@/home/ec2-user/data/topics/4977 554
@/home/ec2-user/data/topics/4970 555
@/home/ec2-user/data/topics/1152 556
@/home/ec2-user/data/topics/3584 557
@/home/ec2-user/data/topics/2190 558
@/home/ec2-user/data/topics/3545 559
株式会社リコー

@/home/ec2-user/data/topics/4037 560
@/home/ec2-user/data/topics/3424 560
@/home/ec2-user/data/topics/1190 561
@/home/ec2-user/data/topics/3687 562
@/home/ec2-user/data/topics/1776 563
@/home/ec2-user/data/topics/1610 564
@/home/ec2-user/data/topics/3548 565
@/home/ec2-user/data/topics/1774 566
@/home/ec2-user/data/topics/1064 567
@/home/ec2-user/data/topics/4879 568
@/home/ec2-user/data/topics/2189 569
@/home/ec2-user/data/topics/1670 570
@/home/ec2-user/data/topics/1433 571
@/home/ec2-user/data/topics/3436 572
@/home/ec2-user/data/topics/3394 573
@/home/ec2-user/data/topics/1083 574
@/home/ec2-user/data/topics/1436 575
@/home/ec2-user/data/topics/2201 576
@/home/ec2-user/data/topics/1669 577
@/home/ec2-user/data/topics/3557 578
@/home/ec2-user/data/topics/1755 579
@/home/ec2-user/data/topics/1806 580
@/home/ec2-user/data/topics/3574 581
@/home/ec2-user/data/topics/3555 582
@/home/ec2-user/data/topics/3378 583
@/home/ec2-user/data/topics/1627 584
@/home/ec2-user/data/topics/3495 585
@/home/ec2-user/data/topics/2043 586
@/home/ec2-user/data/topics/1668 587
@/home/ec2-user/data/topics/4344 588
@/home/ec2-user/data/topics/1878 589
@/home/ec2-user/data/topics/2182 590
@/home/ec2-user/data/topics/1478 591
@/home/ec2-user/data/topics/1106 592
@/home/ec2-user/data/topics/3711 593
@/home/ec2-user/data/topics/1780 594
@/home/ec2-user/data/topics/1974 595
@/home/ec2-user/data/topics/3484 596
@/home/ec2-user/data/topics/1976 597
@/home/ec2-user/data/topics/3750 598
@/home/ec2-user/data/topics/4265 599
@/home/ec2-user/data/topics/1775 600
@/home/ec2-user/data/topics/1740 601
@/home/ec2-user/data/topics/3775 602
@/home/ec2-user/data/topics/1095 603
@/home/ec2-user/data/topics/3411 604
@/home/ec2-user/data/topics/3713 605
@/home/ec2-user/data/topics/4781 606
@/home/ec2-user/data/topics/2200 607
@/home/ec2-user/data/topics/1514 608
@/home/ec2-user/data/topics/1225 609
@/home/ec2-user/data/topics/1482 610
@/home/ec2-user/data/topics/3759 611
@/home/ec2-user/data/topics/1663 612
@/home/ec2-user/data/topics/2219 613
@/home/ec2-user/data/topics/1282 614
@/home/ec2-user/data/topics/3474 615
@/home/ec2-user/data/topics/3669 616
@/home/ec2-user/data/topics/3446 617
@/home/ec2-user/data/topics/3837 618
@/home/ec2-user/data/topics/1718 619
@/home/ec2-user/data/topics/2090 620
@/home/ec2-user/data/topics/3472 621
@/home/ec2-user/data/topics/4616 622
@/home/ec2-user/data/topics/1691 623
@/home/ec2-user/data/topics/3633 624
@/home/ec2-user/data/topics/3530 625
@/home/ec2-user/data/topics/3880 626
@/home/ec2-user/data/topics/2006 627
@/home/ec2-user/data/topics/1593 628
@/home/ec2-user/data/topics/3523 629
独立行政法人産業技術総合研究所

@/home/ec2-user/data/topics/4740 630
@/home/ec2-user/data/topics/4777 630
@/home/ec2-user/data/topics/4800 631
@/home/ec2-user/data/topics/1356 632
@/home/ec2-user/data/topics/4869 633
@/home/ec2-user/data/topics/4739 634
ソニー株式会社

@/home/ec2-user/data/topics/1892 635
@/home/ec2-user/data/topics/1102 635
@/home/ec2-user/data/topics/4224 636
@/home/ec2-user/data/topics/3955 637
@/home/ec2-user/data/topics/1491 638
@/home/ec2-user/data/topics/1836 639
@/home/ec2-user/data/topics/1298 640
@/home/ec2-user/data/topics/2105 641
@/home/ec2-user/data/topics/4219 642
@/home/ec2-user/data/topics/2094 643
@/home/ec2-user/data/topics/1873 644
@/home/ec2-user/data/topics/1218 645
@/home/ec2-user/data/topics/1884 646
@/home/ec2-user/data/topics/1426 647
@/home/ec2-user/data/topics/1435 648
@/home/ec2-user/data/topics/1471 649
@/home/ec2-user/data/topics/1291 650
@/home/ec2-user/data/topics/1233 651
@/home/ec2-user/data/topics/1912 652
@/home/ec2-user/data/topics/3456 653
@/home/ec2-user/data/topics/1954 654
@/home/ec2-user/data/topics/1397 655
@/home/ec2-user/data/topics/1147 656
@/home/ec2-user/data/topics/3872 657
@/home/ec2-user/data/topics/2037 658
@/home/ec2-user/data/topics/3392 659
@/home/ec2-user/data/topics/1414 660
@/home/ec2-user/data/topics/1749 661
@/home/ec2-user/data/topics/2075 662
@/home/ec2-user/data/topics/1679 663
@/home/ec2-user/data/topics/2052 664
@/home/ec2-user/data/topics/5027 665
@/home/ec2-user/data/topics/3924 666
@/home/ec2-user/data/topics/1059 667
@/home/ec2-user/data/topics/3401 668
@/home/ec2-user/data/topics/4184 669
@/home/ec2-user/data/topics/1602 670
@/home/ec2-user/data/topics/1686 671
@/home/ec2-user/data/topics/1967 672
@/home/ec2-user/data/topics/2059 673
@/home/ec2-user/data/topics/1778 674
@/home/ec2-user/data/topics/2048 675
@/home/ec2-user/data/topics/2058 676
@/home/ec2-user/data/topics/3975 677
@/home/ec2-user/data/topics/1926 678
@/home/ec2-user/data/topics/4351 679
@/home/ec2-user/data/topics/1380 680
富士ゼロックス株式会社

@/home/ec2-user/data/topics/3662 681
@/home/ec2-user/data/topics/1560 681
@/home/ec2-user/data/topics/5031 682
@/home/ec2-user/data/topics/3640 683
@/home/ec2-user/data/topics/3383 684
@/home/ec2-user/data/topics/3473 685
@/home/ec2-user/data/topics/3661 686
@/home/ec2-user/data/topics/4108 687
@/home/ec2-user/data/topics/3366 688
@/home/ec2-user/data/topics/3407 689
@/home/ec2-user/data/topics/3695 690
@/home/ec2-user/data/topics/3790 691
@/home/ec2-user/data/topics/3782 692
@/home/ec2-user/data/topics/3564 693
@/home/ec2-user/data/topics/1947 694
住友金属工業株式会社

@/home/ec2-user/data/topics/4295 695
@/home/ec2-user/data/topics/3577 695
@/home/ec2-user/data/topics/4322 696
@/home/ec2-user/data/topics/4534 697
@/home/ec2-user/data/topics/4991 698
@/home/ec2-user/data/topics/4733 699
@/home/ec2-user/data/topics/3826 700
@/home/ec2-user/data/topics/3655 701
@/home/ec2-user/data/topics/4661 702
@/home/ec2-user/data/topics/1268 703
@/home/ec2-user/data/topics/4182 704
@/home/ec2-user/data/topics/4021 705
日立電線株式会社

@/home/ec2-user/data/topics/1027 706
@/home/ec2-user/data/topics/4356 706
@/home/ec2-user/data/topics/3756 707
@/home/ec2-user/data/topics/1117 708
@/home/ec2-user/data/topics/3930 709
@/home/ec2-user/data/topics/4329 710
@/home/ec2-user/data/topics/1305 711
@/home/ec2-user/data/topics/1388 712
@/home/ec2-user/data/topics/4357 713
キヤノン株式会社

@/home/ec2-user/data/topics/4947 714
@/home/ec2-user/data/topics/4363 714
@/home/ec2-user/data/topics/3852 715
@/home/ec2-user/data/topics/4521 716
@/home/ec2-user/data/topics/3420 717
@/home/ec2-user/data/topics/3722 718
@/home/ec2-user/data/topics/1216 719
@/home/ec2-user/data/topics/3441 720
@/home/ec2-user/data/topics/4628 721
@/home/ec2-user/data/topics/4350 722
@/home/ec2-user/data/topics/1208 723
@/home/ec2-user/data/topics/4520 724
@/home/ec2-user/data/topics/3434 725
@/home/ec2-user/data/topics/1455 726
@/home/ec2-user/data/topics/1961 727
@/home/ec2-user/data/topics/3660 728
@/home/ec2-user/data/topics/1744 729
@/home/ec2-user/data/topics/1646 730
@/home/ec2-user/data/topics/3415 731
@/home/ec2-user/data/topics/1519 732
@/home/ec2-user/data/topics/3445 733
@/home/ec2-user/data/topics/3454 734
@/home/ec2-user/data/topics/1847 735
@/home/ec2-user/data/topics/3628 736
@/home/ec2-user/data/topics/2053 737
@/home/ec2-user/data/topics/3656 738
@/home/ec2-user/data/topics/1802 739
@/home/ec2-user/data/topics/1848 740
@/home/ec2-user/data/topics/2231 741
@/home/ec2-user/data/topics/3720 742
@/home/ec2-user/data/topics/3438 743
@/home/ec2-user/data/topics/4054 744
@/home/ec2-user/data/topics/1080 745
@/home/ec2-user/data/topics/3410 746
@/home/ec2-user/data/topics/2243 747
@/home/ec2-user/data/topics/3417 748
@/home/ec2-user/data/topics/1631 749
@/home/ec2-user/data/topics/4948 750
@/home/ec2-user/data/topics/3374 751
@/home/ec2-user/data/topics/2107 752
@/home/ec2-user/data/topics/1568 753
@/home/ec2-user/data/topics/3967 754
@/home/ec2-user/data/topics/3958 755
@/home/ec2-user/data/topics/1539 756
@/home/ec2-user/data/topics/3755 757
@/home/ec2-user/data/topics/3376 758
@/home/ec2-user/data/topics/1889 759
@/home/ec2-user/data/topics/1438 760
@/home/ec2-user/data/topics/1124 761
@/home/ec2-user/data/topics/3843 762
@/home/ec2-user/data/topics/3642 763
@/home/ec2-user/data/topics/1975 764
@/home/ec2-user/data/topics/3416 765
@/home/ec2-user/data/topics/3737 766
@/home/ec2-user/data/topics/3730 767
@/home/ec2-user/data/topics/2004 768
@/home/ec2-user/data/topics/1590 769
@/home/ec2-user/data/topics/1118 770
@/home/ec2-user/data/topics/4068 771
@/home/ec2-user/data/topics/2145 772
@/home/ec2-user/data/topics/4020 773
@/home/ec2-user/data/topics/4937 774
@/home/ec2-user/data/topics/2117 775
@/home/ec2-user/data/topics/1866 776
@/home/ec2-user/data/topics/1228 777
@/home/ec2-user/data/topics/1513 778
@/home/ec2-user/data/topics/1745 779
@/home/ec2-user/data/topics/3949 780
@/home/ec2-user/data/topics/4610 781
@/home/ec2-user/data/topics/1895 782
@/home/ec2-user/data/topics/1790 783
@/home/ec2-user/data/topics/3430 784
@/home/ec2-user/data/topics/3996 785
三洋電機株式会社

@/home/ec2-user/data/topics/4150 786
@/home/ec2-user/data/topics/3926 786
@/home/ec2-user/data/topics/1163 787
@/home/ec2-user/data/topics/3808 788
@/home/ec2-user/data/topics/4099 789
@/home/ec2-user/data/topics/1079 790
@/home/ec2-user/data/topics/1289 791
@/home/ec2-user/data/topics/3845 792
@/home/ec2-user/data/topics/4604 793
@/home/ec2-user/data/topics/4212 794
@/home/ec2-user/data/topics/4066 795
@/home/ec2-user/data/topics/3403 796
@/home/ec2-user/data/topics/1515 797
@/home/ec2-user/data/topics/1652 798
@/home/ec2-user/data/topics/1653 799
@/home/ec2-user/data/topics/4304 800
@/home/ec2-user/data/topics/4061 801
@/home/ec2-user/data/topics/3625 802
@/home/ec2-user/data/topics/3581 803
@/home/ec2-user/data/topics/3953 804
@/home/ec2-user/data/topics/4039 805
@/home/ec2-user/data/topics/2194 806
@/home/ec2-user/data/topics/1488 807
@/home/ec2-user/data/topics/4492 808
@/home/ec2-user/data/topics/3708 809
@/home/ec2-user/data/topics/1671 810
@/home/ec2-user/data/topics/4720 811
@/home/ec2-user/data/topics/4788 812
@/home/ec2-user/data/topics/1980 813
@/home/ec2-user/data/topics/4960 814
@/home/ec2-user/data/topics/4179 815
@/home/ec2-user/data/topics/3889 816
@/home/ec2-user/data/topics/1386 817
@/home/ec2-user/data/topics/3804 818
@/home/ec2-user/data/topics/3491 819
@/home/ec2-user/data/topics/4679 820
@/home/ec2-user/data/topics/1479 821
@/home/ec2-user/data/topics/4612 822
@/home/ec2-user/data/topics/3754 823
@/home/ec2-user/data/topics/4527 824
@/home/ec2-user/data/topics/4328 825
@/home/ec2-user/data/topics/4654 826
@/home/ec2-user/data/topics/2230 827
@/home/ec2-user/data/topics/4978 828
@/home/ec2-user/data/topics/4384 829
@/home/ec2-user/data/topics/4726 830
@/home/ec2-user/data/topics/3681 831
@/home/ec2-user/data/topics/2014 832
@/home/ec2-user/data/topics/2098 833
@/home/ec2-user/data/topics/2071 834
@/home/ec2-user/data/topics/1321 835
@/home/ec2-user/data/topics/1451 836
@/home/ec2-user/data/topics/4301 837
@/home/ec2-user/data/topics/4376 838
@/home/ec2-user/data/topics/4060 839
@/home/ec2-user/data/topics/3906 840
@/home/ec2-user/data/topics/3817 841
@/home/ec2-user/data/topics/3974 842
@/home/ec2-user/data/topics/5011 843
@/home/ec2-user/data/topics/3539 844
@/home/ec2-user/data/topics/2054 845
@/home/ec2-user/data/topics/5002 846
@/home/ec2-user/data/topics/4178 847
@/home/ec2-user/data/topics/3492 848
@/home/ec2-user/data/topics/1246 849
@/home/ec2-user/data/topics/4001 850
@/home/ec2-user/data/topics/2063 851
@/home/ec2-user/data/topics/3986 852
@/home/ec2-user/data/topics/4983 853
@/home/ec2-user/data/topics/3398 854
@/home/ec2-user/data/topics/4837 855
@/home/ec2-user/data/topics/1722 856
@/home/ec2-user/data/topics/4474 857
@/home/ec2-user/data/topics/3859 858
@/home/ec2-user/data/topics/4571 859
@/home/ec2-user/data/topics/4763 860
@/home/ec2-user/data/topics/4015 861
@/home/ec2-user/data/topics/3830 862
@/home/ec2-user/data/topics/3781 863
三菱電機株式会社

@/home/ec2-user/data/topics/4663 864
@/home/ec2-user/data/topics/3921 864
@/home/ec2-user/data/topics/1754 865
@/home/ec2-user/data/topics/2146 866
@/home/ec2-user/data/topics/3666 867
@/home/ec2-user/data/topics/4282 868
@/home/ec2-user/data/topics/4552 869
@/home/ec2-user/data/topics/4980 870
@/home/ec2-user/data/topics/3469 871
@/home/ec2-user/data/topics/4133 872
@/home/ec2-user/data/topics/3466 873
@/home/ec2-user/data/topics/3451 874
@/home/ec2-user/data/topics/1536 875
@/home/ec2-user/data/topics/3616 876
@/home/ec2-user/data/topics/4562 877
@/home/ec2-user/data/topics/3774 878
@/home/ec2-user/data/topics/4419 879
@/home/ec2-user/data/topics/3800 880
@/home/ec2-user/data/topics/1220 881
@/home/ec2-user/data/topics/3856 882
@/home/ec2-user/data/topics/3409 883
@/home/ec2-user/data/topics/1792 884
@/home/ec2-user/data/topics/3493 885
@/home/ec2-user/data/topics/4149 886
@/home/ec2-user/data/topics/4518 887
@/home/ec2-user/data/topics/3820 888
@/home/ec2-user/data/topics/4834 889
@/home/ec2-user/data/topics/4181 890
@/home/ec2-user/data/topics/4221 891
@/home/ec2-user/data/topics/3963 892
@/home/ec2-user/data/topics/3747 893
@/home/ec2-user/data/topics/1738 894
@/home/ec2-user/data/topics/3841 895
@/home/ec2-user/data/topics/3490 896
@/home/ec2-user/data/topics/4235 897
@/home/ec2-user/data/topics/4880 898
@/home/ec2-user/data/topics/4514 899
@/home/ec2-user/data/topics/3465 900
@/home/ec2-user/data/topics/3453 901
@/home/ec2-user/data/topics/4614 902
@/home/ec2-user/data/topics/4220 903
@/home/ec2-user/data/topics/3412 904
@/home/ec2-user/data/topics/4047 905
@/home/ec2-user/data/topics/4305 906
@/home/ec2-user/data/topics/4076 907
@/home/ec2-user/data/topics/3592 908
@/home/ec2-user/data/topics/4233 909
@/home/ec2-user/data/topics/4041 910
@/home/ec2-user/data/topics/3873 911
@/home/ec2-user/data/topics/3609 912
@/home/ec2-user/data/topics/3397 913
@/home/ec2-user/data/topics/3612 914
@/home/ec2-user/data/topics/5032 915
@/home/ec2-user/data/topics/3595 916
@/home/ec2-user/data/topics/5033 917
@/home/ec2-user/data/topics/1110 918
@/home/ec2-user/data/topics/3506 919
@/home/ec2-user/data/topics/1872 920
住友ゴム工業株式会社

@/home/ec2-user/data/topics/1758 921
@/home/ec2-user/data/topics/2007 921
@/home/ec2-user/data/topics/4568 922
@/home/ec2-user/data/topics/4406 923
@/home/ec2-user/data/topics/1114 924
@/home/ec2-user/data/topics/4597 925
@/home/ec2-user/data/topics/4048 926
セイコーエプソン株式会社

@/home/ec2-user/data/topics/3910 927
@/home/ec2-user/data/topics/4022 927
@/home/ec2-user/data/topics/1890 928
@/home/ec2-user/data/topics/1343 929
@/home/ec2-user/data/topics/3505 930
@/home/ec2-user/data/topics/1938 931
@/home/ec2-user/data/topics/4109 932
@/home/ec2-user/data/topics/4386 933
@/home/ec2-user/data/topics/3887 934
@/home/ec2-user/data/topics/1484 935
@/home/ec2-user/data/topics/4454 936
@/home/ec2-user/data/topics/3819 937
@/home/ec2-user/data/topics/1641 938
@/home/ec2-user/data/topics/3589 939
@/home/ec2-user/data/topics/1378 940
@/home/ec2-user/data/topics/4802 941
@/home/ec2-user/data/topics/3985 942
@/home/ec2-user/data/topics/2078 943
@/home/ec2-user/data/topics/4605 944
@/home/ec2-user/data/topics/1423 945
@/home/ec2-user/data/topics/4585 946
@/home/ec2-user/data/topics/2165 947
@/home/ec2-user/data/topics/4801 948
@/home/ec2-user/data/topics/3476 949
@/home/ec2-user/data/topics/3361 950
@/home/ec2-user/data/topics/4719 951
株式会社三共

@/home/ec2-user/data/topics/1189 952
@/home/ec2-user/data/topics/2060 952
@/home/ec2-user/data/topics/4868 953
@/home/ec2-user/data/topics/1665 954
@/home/ec2-user/data/topics/1377 955
@/home/ec2-user/data/topics/2123 956
@/home/ec2-user/data/topics/1648 957
@/home/ec2-user/data/topics/1086 958
@/home/ec2-user/data/topics/4374 959
沖電気工業株式会社

@/home/ec2-user/data/topics/3690 960
@/home/ec2-user/data/topics/3571 960
@/home/ec2-user/data/topics/3621 961
@/home/ec2-user/data/topics/3395 962
@/home/ec2-user/data/topics/4693 963
@/home/ec2-user/data/topics/3457 964
@/home/ec2-user/data/topics/4299 965
@/home/ec2-user/data/topics/3433 966
@/home/ec2-user/data/topics/4308 967
@/home/ec2-user/data/topics/3964 968
@/home/ec2-user/data/topics/1188 969
@/home/ec2-user/data/topics/3764 970
@/home/ec2-user/data/topics/1531 971
@/home/ec2-user/data/topics/4575 972
株式会社三星

@/home/ec2-user/data/topics/2198 973
@/home/ec2-user/data/topics/2108 973
@/home/ec2-user/data/topics/3942 974
@/home/ec2-user/data/topics/1733 975
@/home/ec2-user/data/topics/1260 976
@/home/ec2-user/data/topics/1728 977
日本ビクター株式会社

@/home/ec2-user/data/topics/4672 978
@/home/ec2-user/data/topics/3603 978
@/home/ec2-user/data/topics/3620 979
@/home/ec2-user/data/topics/4056 980
@/home/ec2-user/data/topics/1440 981
@/home/ec2-user/data/topics/1823 982
@/home/ec2-user/data/topics/1389 983
@/home/ec2-user/data/topics/4123 984
@/home/ec2-user/data/topics/3882 985
@/home/ec2-user/data/topics/3939 986
@/home/ec2-user/data/topics/1520 987
花王株式会社

@/home/ec2-user/data/topics/4211 988
@/home/ec2-user/data/topics/1022 988
@/home/ec2-user/data/topics/4827 989
@/home/ec2-user/data/topics/1767 990
@/home/ec2-user/data/topics/3812 991
@/home/ec2-user/data/topics/1196 992
@/home/ec2-user/data/topics/4249 993
@/home/ec2-user/data/topics/4287 994
@/home/ec2-user/data/topics/3999 995
@/home/ec2-user/data/topics/3884 996
@/home/ec2-user/data/topics/3753 997
@/home/ec2-user/data/topics/2214 998
@/home/ec2-user/data/topics/4445 999
三田工業株式会社

@/home/ec2-user/data/topics/3604 1000
@/home/ec2-user/data/topics/2136 1000
@/home/ec2-user/data/topics/1269 1001
@/home/ec2-user/data/topics/1766 1002
@/home/ec2-user/data/topics/3842 1003
@/home/ec2-user/data/topics/1033 1004
@/home/ec2-user/data/topics/3923 1005
@/home/ec2-user/data/topics/2155 1006
@/home/ec2-user/data/topics/1034 1007
豊丸産業株式会社

@/home/ec2-user/data/topics/1138 1008
@/home/ec2-user/data/topics/1588 1008
@/home/ec2-user/data/topics/1914 1009
@/home/ec2-user/data/topics/1353 1010
@/home/ec2-user/data/topics/4847 1011
@/home/ec2-user/data/topics/2169 1012
@/home/ec2-user/data/topics/1284 1013
@/home/ec2-user/data/topics/1726 1014
@/home/ec2-user/data/topics/2011 1015
@/home/ec2-user/data/topics/1713 1016
@/home/ec2-user/data/topics/1677 1017
@/home/ec2-user/data/topics/1126 1018
@/home/ec2-user/data/topics/1401 1019
@/home/ec2-user/data/topics/3672 1020
@/home/ec2-user/data/topics/1097 1021
鐘紡株式会社

@/home/ec2-user/data/topics/1870 1022
@/home/ec2-user/data/topics/1367 1022
@/home/ec2-user/data/topics/3634 1023
@/home/ec2-user/data/topics/1901 1024
@/home/ec2-user/data/topics/1842 1025
@/home/ec2-user/data/topics/3551 1026
@/home/ec2-user/data/topics/1178 1027
@/home/ec2-user/data/topics/2223 1028
@/home/ec2-user/data/topics/3566 1029
@/home/ec2-user/data/topics/1054 1030
@/home/ec2-user/data/topics/4195 1031
@/home/ec2-user/data/topics/3560 1032
@/home/ec2-user/data/topics/1304 1033
@/home/ec2-user/data/topics/2185 1034
@/home/ec2-user/data/topics/2034 1035
@/home/ec2-user/data/topics/1886 1036
株式会社デンソー

@/home/ec2-user/data/topics/4046 1037
@/home/ec2-user/data/topics/3480 1037
@/home/ec2-user/data/topics/4024 1038
@/home/ec2-user/data/topics/4840 1039
@/home/ec2-user/data/topics/4622 1040
@/home/ec2-user/data/topics/3406 1041
@/home/ec2-user/data/topics/4423 1042
@/home/ec2-user/data/topics/4164 1043
@/home/ec2-user/data/topics/4656 1044
@/home/ec2-user/data/topics/1028 1045
@/home/ec2-user/data/topics/4805 1046
@/home/ec2-user/data/topics/3421 1047
@/home/ec2-user/data/topics/3710 1048
@/home/ec2-user/data/topics/4483 1049
@/home/ec2-user/data/topics/4498 1050
@/home/ec2-user/data/topics/1855 1051
@/home/ec2-user/data/topics/4675 1052
富士写真フイルム株式会社

@/home/ec2-user/data/topics/1603 1053
@/home/ec2-user/data/topics/1570 1053
@/home/ec2-user/data/topics/3857 1054
@/home/ec2-user/data/topics/2134 1055
@/home/ec2-user/data/topics/1662 1056
@/home/ec2-user/data/topics/3918 1057
@/home/ec2-user/data/topics/4962 1058
@/home/ec2-user/data/topics/1244 1059
@/home/ec2-user/data/topics/3354 1060
@/home/ec2-user/data/topics/3911 1061
@/home/ec2-user/data/topics/3447 1062
京セラ株式会社

@/home/ec2-user/data/topics/1708 1063
@/home/ec2-user/data/topics/4901 1063
@/home/ec2-user/data/topics/1913 1064
@/home/ec2-user/data/topics/3615 1065
@/home/ec2-user/data/topics/3741 1066
@/home/ec2-user/data/topics/4340 1067
@/home/ec2-user/data/topics/4031 1068
@/home/ec2-user/data/topics/1485 1069
@/home/ec2-user/data/topics/3593 1070
@/home/ec2-user/data/topics/4513 1071
@/home/ec2-user/data/topics/3869 1072
@/home/ec2-user/data/topics/1741 1073
イビデン株式会社

@/home/ec2-user/data/topics/1770 1074
@/home/ec2-user/data/topics/2033 1074
@/home/ec2-user/data/topics/1315 1075
@/home/ec2-user/data/topics/1682 1076
@/home/ec2-user/data/topics/1952 1077
@/home/ec2-user/data/topics/3814 1078
@/home/ec2-user/data/topics/1336 1079
株式会社東芝

@/home/ec2-user/data/topics/1757 1080
@/home/ec2-user/data/topics/3462 1080
@/home/ec2-user/data/topics/4631 1081
@/home/ec2-user/data/topics/1132 1082
@/home/ec2-user/data/topics/4009 1083
@/home/ec2-user/data/topics/4623 1084
@/home/ec2-user/data/topics/3688 1085
@/home/ec2-user/data/topics/3780 1086
@/home/ec2-user/data/topics/4302 1087
@/home/ec2-user/data/topics/4197 1088
@/home/ec2-user/data/topics/3716 1089
@/home/ec2-user/data/topics/4292 1090
@/home/ec2-user/data/topics/4361 1091
@/home/ec2-user/data/topics/3351 1092
@/home/ec2-user/data/topics/3795 1093
@/home/ec2-user/data/topics/1090 1094
@/home/ec2-user/data/topics/3990 1095
@/home/ec2-user/data/topics/3598 1096
@/home/ec2-user/data/topics/3881 1097
@/home/ec2-user/data/topics/1585 1098
@/home/ec2-user/data/topics/3834 1099
@/home/ec2-user/data/topics/4935 1100
@/home/ec2-user/data/topics/3689 1101
@/home/ec2-user/data/topics/4089 1102
@/home/ec2-user/data/topics/3618 1103
@/home/ec2-user/data/topics/3988 1104
@/home/ec2-user/data/topics/4165 1105
@/home/ec2-user/data/topics/4509 1106
@/home/ec2-user/data/topics/3890 1107
@/home/ec2-user/data/topics/3380 1108
@/home/ec2-user/data/topics/3363 1109
@/home/ec2-user/data/topics/1819 1110
@/home/ec2-user/data/topics/4912 1111
@/home/ec2-user/data/topics/4594 1112
@/home/ec2-user/data/topics/4057 1113
@/home/ec2-user/data/topics/4183 1114
@/home/ec2-user/data/topics/4566 1115
@/home/ec2-user/data/topics/1205 1116
@/home/ec2-user/data/topics/4755 1117
@/home/ec2-user/data/topics/3734 1118
@/home/ec2-user/data/topics/1756 1119
@/home/ec2-user/data/topics/1997 1120
@/home/ec2-user/data/topics/4140 1121
@/home/ec2-user/data/topics/3851 1122
@/home/ec2-user/data/topics/2241 1123
@/home/ec2-user/data/topics/4535 1124
@/home/ec2-user/data/topics/4881 1125
@/home/ec2-user/data/topics/1332 1126
@/home/ec2-user/data/topics/4172 1127
@/home/ec2-user/data/topics/4336 1128
@/home/ec2-user/data/topics/3683 1129
@/home/ec2-user/data/topics/3732 1130
@/home/ec2-user/data/topics/4096 1131
@/home/ec2-user/data/topics/3542 1132
@/home/ec2-user/data/topics/3352 1133
@/home/ec2-user/data/topics/4863 1134
@/home/ec2-user/data/topics/4842 1135
@/home/ec2-user/data/topics/4751 1136
@/home/ec2-user/data/topics/4381 1137
@/home/ec2-user/data/topics/3948 1138
@/home/ec2-user/data/topics/3360 1139
ヤマハ株式会社

@/home/ec2-user/data/topics/4084 1140
@/home/ec2-user/data/topics/4954 1140
@/home/ec2-user/data/topics/4177 1141
@/home/ec2-user/data/topics/4045 1142
@/home/ec2-user/data/topics/4145 1143
@/home/ec2-user/data/topics/4010 1144
@/home/ec2-user/data/topics/1911 1145
@/home/ec2-user/data/topics/3972 1146
@/home/ec2-user/data/topics/4125 1147
@/home/ec2-user/data/topics/1720 1148
@/home/ec2-user/data/topics/1443 1149
@/home/ec2-user/data/topics/1676 1150
@/home/ec2-user/data/topics/4919 1151
東洋紡績株式会社

@/home/ec2-user/data/topics/1029 1152
@/home/ec2-user/data/topics/4362 1152
@/home/ec2-user/data/topics/1613 1153
@/home/ec2-user/data/topics/3769 1154
@/home/ec2-user/data/topics/4366 1155
@/home/ec2-user/data/topics/4284 1156
三菱化学株式会社

@/home/ec2-user/data/topics/3513 1157
@/home/ec2-user/data/topics/1699 1157
@/home/ec2-user/data/topics/3638 1158
@/home/ec2-user/data/topics/3458 1159
@/home/ec2-user/data/topics/1902 1160
@/home/ec2-user/data/topics/1197 1161
カシオ計算機株式会社

@/home/ec2-user/data/topics/1047 1162
@/home/ec2-user/data/topics/1368 1162
@/home/ec2-user/data/topics/2237 1163
@/home/ec2-user/data/topics/1535 1164
@/home/ec2-user/data/topics/2180 1165
@/home/ec2-user/data/topics/1235 1166
@/home/ec2-user/data/topics/1794 1167
@/home/ec2-user/data/topics/3391 1168
コナミ株式会社

@/home/ec2-user/data/topics/5015 1169
@/home/ec2-user/data/topics/1672 1169
@/home/ec2-user/data/topics/4681 1170
@/home/ec2-user/data/topics/1621 1171
@/home/ec2-user/data/topics/1302 1172
@/home/ec2-user/data/topics/2151 1173
@/home/ec2-user/data/topics/4602 1174
@/home/ec2-user/data/topics/2100 1175
大日本スクリーン製造株式会社

@/home/ec2-user/data/topics/2172 1176
@/home/ec2-user/data/topics/1608 1176
@/home/ec2-user/data/topics/1779 1177
@/home/ec2-user/data/topics/2209 1178
@/home/ec2-user/data/topics/1130 1179
@/home/ec2-user/data/topics/3742 1180
@/home/ec2-user/data/topics/1173 1181
オムロン株式会社

@/home/ec2-user/data/topics/3594 1182
@/home/ec2-user/data/topics/1067 1182
@/home/ec2-user/data/topics/1151 1183
@/home/ec2-user/data/topics/4771 1184
@/home/ec2-user/data/topics/1533 1185
@/home/ec2-user/data/topics/2096 1186
@/home/ec2-user/data/topics/1841 1187
@/home/ec2-user/data/topics/1657 1188
@/home/ec2-user/data/topics/3700 1189
@/home/ec2-user/data/topics/1135 1190
@/home/ec2-user/data/topics/1579 1191
@/home/ec2-user/data/topics/3597 1192
@/home/ec2-user/data/topics/1933 1193
@/home/ec2-user/data/topics/3863 1194
@/home/ec2-user/data/topics/3748 1195
株式会社日立製作所

@/home/ec2-user/data/topics/1501 1196
@/home/ec2-user/data/topics/3659 1196
@/home/ec2-user/data/topics/3599 1197
@/home/ec2-user/data/topics/3772 1198
@/home/ec2-user/data/topics/1882 1199
@/home/ec2-user/data/topics/1667 1200
@/home/ec2-user/data/topics/3822 1201
@/home/ec2-user/data/topics/4420 1202
@/home/ec2-user/data/topics/3384 1203
@/home/ec2-user/data/topics/3994 1204
@/home/ec2-user/data/topics/4551 1205
@/home/ec2-user/data/topics/1296 1206
@/home/ec2-user/data/topics/3973 1207
@/home/ec2-user/data/topics/1463 1208
@/home/ec2-user/data/topics/3524 1209
@/home/ec2-user/data/topics/3779 1210
@/home/ec2-user/data/topics/4547 1211
@/home/ec2-user/data/topics/3706 1212
@/home/ec2-user/data/topics/4799 1213
@/home/ec2-user/data/topics/4166 1214
@/home/ec2-user/data/topics/3440 1215
@/home/ec2-user/data/topics/4545 1216
@/home/ec2-user/data/topics/3471 1217
@/home/ec2-user/data/topics/3968 1218
@/home/ec2-user/data/topics/3488 1219
@/home/ec2-user/data/topics/4830 1220
@/home/ec2-user/data/topics/1247 1221
@/home/ec2-user/data/topics/4621 1222
@/home/ec2-user/data/topics/1880 1223
@/home/ec2-user/data/topics/4401 1224
@/home/ec2-user/data/topics/1987 1225
@/home/ec2-user/data/topics/1072 1226
@/home/ec2-user/data/topics/4990 1227
@/home/ec2-user/data/topics/4489 1228
@/home/ec2-user/data/topics/3588 1229
@/home/ec2-user/data/topics/4493 1230
@/home/ec2-user/data/topics/4559 1231
@/home/ec2-user/data/topics/4122 1232
@/home/ec2-user/data/topics/1825 1233
@/home/ec2-user/data/topics/1340 1234
@/home/ec2-user/data/topics/3965 1235
@/home/ec2-user/data/topics/1651 1236
@/home/ec2-user/data/topics/1082 1237
@/home/ec2-user/data/topics/5029 1238
@/home/ec2-user/data/topics/3350 1239
@/home/ec2-user/data/topics/1249 1240
@/home/ec2-user/data/topics/2019 1241
@/home/ec2-user/data/topics/1278 1242
@/home/ec2-user/data/topics/3691 1243
@/home/ec2-user/data/topics/3432 1244
@/home/ec2-user/data/topics/3531 1245
@/home/ec2-user/data/topics/2081 1246
@/home/ec2-user/data/topics/3461 1247
@/home/ec2-user/data/topics/1640 1248
@/home/ec2-user/data/topics/2239 1249
@/home/ec2-user/data/topics/4943 1250
@/home/ec2-user/data/topics/3596 1251
@/home/ec2-user/data/topics/1826 1252
@/home/ec2-user/data/topics/1334 1253
@/home/ec2-user/data/topics/4402 1254
@/home/ec2-user/data/topics/3570 1255
@/home/ec2-user/data/topics/1833 1256
@/home/ec2-user/data/topics/1562 1257
@/home/ec2-user/data/topics/1105 1258
@/home/ec2-user/data/topics/5030 1259
@/home/ec2-user/data/topics/1693 1260
@/home/ec2-user/data/topics/3665 1261
@/home/ec2-user/data/topics/3648 1262
@/home/ec2-user/data/topics/3993 1263
@/home/ec2-user/data/topics/1487 1264
@/home/ec2-user/data/topics/4040 1265
@/home/ec2-user/data/topics/2184 1266
@/home/ec2-user/data/topics/3439 1267
@/home/ec2-user/data/topics/4058 1268
凸版印刷株式会社

@/home/ec2-user/data/topics/3624 1269
@/home/ec2-user/data/topics/4874 1269
@/home/ec2-user/data/topics/3526 1270
@/home/ec2-user/data/topics/1977 1271
@/home/ec2-user/data/topics/1091 1272
@/home/ec2-user/data/topics/3500 1273
@/home/ec2-user/data/topics/1765 1274
株式会社ノーリツ

@/home/ec2-user/data/topics/4354 1275
@/home/ec2-user/data/topics/1290 1275
@/home/ec2-user/data/topics/4206 1276
@/home/ec2-user/data/topics/1618 1277
@/home/ec2-user/data/topics/4776 1278
@/home/ec2-user/data/topics/1760 1279
@/home/ec2-user/data/topics/2116 1280
@/home/ec2-user/data/topics/1598 1281
川崎重工業株式会社

@/home/ec2-user/data/topics/4756 1282
@/home/ec2-user/data/topics/4572 1282
@/home/ec2-user/data/topics/4793 1283
@/home/ec2-user/data/topics/4866 1284
@/home/ec2-user/data/topics/5025 1285
@/home/ec2-user/data/topics/1172 1286
@/home/ec2-user/data/topics/1162 1287
@/home/ec2-user/data/topics/4944 1288
ティーディーケイ株式会社

@/home/ec2-user/data/topics/3798 1289
@/home/ec2-user/data/topics/1129 1289
@/home/ec2-user/data/topics/3792 1290
@/home/ec2-user/data/topics/1510 1291
@/home/ec2-user/data/topics/3909 1292
@/home/ec2-user/data/topics/2202 1293
@/home/ec2-user/data/topics/2210 1294
@/home/ec2-user/data/topics/1409 1295
@/home/ec2-user/data/topics/4619 1296
京セラミタ株式会社

@/home/ec2-user/data/topics/2141 1297
@/home/ec2-user/data/topics/4985 1297
@/home/ec2-user/data/topics/4174 1298
@/home/ec2-user/data/topics/1032 1299
@/home/ec2-user/data/topics/4973 1300
@/home/ec2-user/data/topics/4564 1301
@/home/ec2-user/data/topics/1930 1302
株式会社クボタ

@/home/ec2-user/data/topics/3919 1303
@/home/ec2-user/data/topics/4379 1303
@/home/ec2-user/data/topics/4251 1304
@/home/ec2-user/data/topics/1448 1305
@/home/ec2-user/data/topics/3823 1306
@/home/ec2-user/data/topics/1012 1307
@/home/ec2-user/data/topics/1280 1308
@/home/ec2-user/data/topics/4745 1309
@/home/ec2-user/data/topics/1734 1310
@/home/ec2-user/data/topics/3854 1311
シャープ株式会社

@/home/ec2-user/data/topics/3981 1312
@/home/ec2-user/data/topics/1288 1312
@/home/ec2-user/data/topics/4583 1313
@/home/ec2-user/data/topics/4124 1314
@/home/ec2-user/data/topics/4263 1315
@/home/ec2-user/data/topics/4717 1316
@/home/ec2-user/data/topics/4214 1317
@/home/ec2-user/data/topics/1970 1318
@/home/ec2-user/data/topics/4648 1319
@/home/ec2-user/data/topics/3649 1320
@/home/ec2-user/data/topics/3606 1321
@/home/ec2-user/data/topics/4861 1322
@/home/ec2-user/data/topics/4744 1323
@/home/ec2-user/data/topics/1804 1324
@/home/ec2-user/data/topics/3777 1325
@/home/ec2-user/data/topics/4519 1326
@/home/ec2-user/data/topics/3760 1327
@/home/ec2-user/data/topics/1318 1328
@/home/ec2-user/data/topics/3978 1329
@/home/ec2-user/data/topics/2118 1330
@/home/ec2-user/data/topics/3450 1331
@/home/ec2-user/data/topics/4252 1332
@/home/ec2-user/data/topics/3776 1333
@/home/ec2-user/data/topics/3578 1334
@/home/ec2-user/data/topics/4349 1335
@/home/ec2-user/data/topics/3678 1336
@/home/ec2-user/data/topics/2084 1337
@/home/ec2-user/data/topics/1349 1338
@/home/ec2-user/data/topics/3762 1339
@/home/ec2-user/data/topics/4782 1340
@/home/ec2-user/data/topics/3422 1341
@/home/ec2-user/data/topics/3610 1342
@/home/ec2-user/data/topics/4127 1343
@/home/ec2-user/data/topics/3452 1344
@/home/ec2-user/data/topics/3679 1345
@/home/ec2-user/data/topics/4245 1346
@/home/ec2-user/data/topics/4095 1347
@/home/ec2-user/data/topics/1209 1348
@/home/ec2-user/data/topics/4173 1349
@/home/ec2-user/data/topics/1174 1350
@/home/ec2-user/data/topics/1840 1351
@/home/ec2-user/data/topics/1258 1352
@/home/ec2-user/data/topics/3966 1353
@/home/ec2-user/data/topics/3957 1354
@/home/ec2-user/data/topics/1384 1355
@/home/ec2-user/data/topics/1965 1356
@/home/ec2-user/data/topics/4230 1357
@/home/ec2-user/data/topics/3858 1358
@/home/ec2-user/data/topics/4113 1359
@/home/ec2-user/data/topics/4469 1360
@/home/ec2-user/data/topics/4005 1361
@/home/ec2-user/data/topics/1154 1362
@/home/ec2-user/data/topics/2020 1363
@/home/ec2-user/data/topics/1563 1364
@/home/ec2-user/data/topics/4430 1365
@/home/ec2-user/data/topics/4256 1366
@/home/ec2-user/data/topics/4228 1367
@/home/ec2-user/data/topics/1419 1368
@/home/ec2-user/data/topics/3871 1369
@/home/ec2-user/data/topics/3698 1370
@/home/ec2-user/data/topics/3941 1371
@/home/ec2-user/data/topics/1561 1372
@/home/ec2-user/data/topics/3813 1373
@/home/ec2-user/data/topics/3832 1374
@/home/ec2-user/data/topics/1431 1375
@/home/ec2-user/data/topics/3537 1376
@/home/ec2-user/data/topics/1685 1377
@/home/ec2-user/data/topics/3855 1378
@/home/ec2-user/data/topics/3895 1379
@/home/ec2-user/data/topics/1396 1380
@/home/ec2-user/data/topics/4103 1381
@/home/ec2-user/data/topics/4105 1382
@/home/ec2-user/data/topics/4152 1383
@/home/ec2-user/data/topics/3673 1384
@/home/ec2-user/data/topics/4691 1385
@/home/ec2-user/data/topics/4323 1386
@/home/ec2-user/data/topics/2087 1387
@/home/ec2-user/data/topics/3793 1388
@/home/ec2-user/data/topics/4516 1389
@/home/ec2-user/data/topics/4683 1390
@/home/ec2-user/data/topics/4019 1391
日本輸送機株式会社

@/home/ec2-user/data/topics/3573 1392
@/home/ec2-user/data/topics/2221 1392
@/home/ec2-user/data/topics/1191 1393
@/home/ec2-user/data/topics/2065 1394
@/home/ec2-user/data/topics/1456 1395
@/home/ec2-user/data/topics/1493 1396
@/home/ec2-user/data/topics/1108 1397
@/home/ec2-user/data/topics/1940 1398
東京エレクトロン株式会社

@/home/ec2-user/data/topics/4053 1399
@/home/ec2-user/data/topics/1263 1399
@/home/ec2-user/data/topics/1736 1400
@/home/ec2-user/data/topics/4906 1401
@/home/ec2-user/data/topics/4023 1402
@/home/ec2-user/data/topics/4702 1403
@/home/ec2-user/data/topics/4345 1404
@/home/ec2-user/data/topics/1508 1405
@/home/ec2-user/data/topics/1800 1406
@/home/ec2-user/data/topics/4618 1407
@/home/ec2-user/data/topics/3947 1408
@/home/ec2-user/data/topics/4002 1409
株式会社村田製作所

@/home/ec2-user/data/topics/4417 1410
@/home/ec2-user/data/topics/4271 1410
@/home/ec2-user/data/topics/4378 1411
@/home/ec2-user/data/topics/1411 1412
@/home/ec2-user/data/topics/2229 1413
@/home/ec2-user/data/topics/4042 1414
@/home/ec2-user/data/topics/3697 1415
@/home/ec2-user/data/topics/4795 1416
@/home/ec2-user/data/topics/3885 1417
@/home/ec2-user/data/topics/3482 1418
@/home/ec2-user/data/topics/4703 1419
@/home/ec2-user/data/topics/4325 1420
@/home/ec2-user/data/topics/4163 1421
@/home/ec2-user/data/topics/4070 1422
@/home/ec2-user/data/topics/3435 1423
@/home/ec2-user/data/topics/1374 1424
@/home/ec2-user/data/topics/4432 1425
日本電信電話株式会社

@/home/ec2-user/data/topics/4925 1426
@/home/ec2-user/data/topics/3928 1426
@/home/ec2-user/data/topics/2130 1427
@/home/ec2-user/data/topics/3521 1428
@/home/ec2-user/data/topics/4916 1429
@/home/ec2-user/data/topics/3536 1430
@/home/ec2-user/data/topics/4870 1431
@/home/ec2-user/data/topics/4115 1432
@/home/ec2-user/data/topics/4146 1433
@/home/ec2-user/data/topics/3927 1434
@/home/ec2-user/data/topics/4175 1435
@/home/ec2-user/data/topics/1229 1436
@/home/ec2-user/data/topics/3641 1437
@/home/ec2-user/data/topics/3425 1438
@/home/ec2-user/data/topics/4505 1439
@/home/ec2-user/data/topics/4511 1440
@/home/ec2-user/data/topics/3894 1441
@/home/ec2-user/data/topics/1787 1442
@/home/ec2-user/data/topics/3509 1443
@/home/ec2-user/data/topics/4443 1444
@/home/ec2-user/data/topics/4964 1445
@/home/ec2-user/data/topics/4488 1446
@/home/ec2-user/data/topics/4104 1447
@/home/ec2-user/data/topics/3586 1448
@/home/ec2-user/data/topics/3552 1449
@/home/ec2-user/data/topics/3811 1450
@/home/ec2-user/data/topics/1230 1451
@/home/ec2-user/data/topics/3785 1452
@/home/ec2-user/data/topics/3824 1453
@/home/ec2-user/data/topics/1408 1454
@/home/ec2-user/data/topics/4232 1455
@/home/ec2-user/data/topics/4025 1456
@/home/ec2-user/data/topics/4131 1457
@/home/ec2-user/data/topics/4865 1458
@/home/ec2-user/data/topics/4121 1459
@/home/ec2-user/data/topics/4560 1460
@/home/ec2-user/data/topics/3359 1461
@/home/ec2-user/data/topics/3544 1462
@/home/ec2-user/data/topics/4836 1463
@/home/ec2-user/data/topics/1934 1464
@/home/ec2-user/data/topics/4664 1465
@/home/ec2-user/data/topics/2017 1466
@/home/ec2-user/data/topics/4087 1467
@/home/ec2-user/data/topics/4114 1468
@/home/ec2-user/data/topics/4965 1469
@/home/ec2-user/data/topics/1042 1470
@/home/ec2-user/data/topics/4208 1471
@/home/ec2-user/data/topics/3915 1472
@/home/ec2-user/data/topics/4118 1473
@/home/ec2-user/data/topics/4792 1474
@/home/ec2-user/data/topics/1809 1475
@/home/ec2-user/data/topics/4335 1476
@/home/ec2-user/data/topics/1556 1477
@/home/ec2-user/data/topics/3568 1478
@/home/ec2-user/data/topics/3650 1479
@/home/ec2-user/data/topics/4952 1480
日本鋼管株式会社

@/home/ec2-user/data/topics/2095 1481
@/home/ec2-user/data/topics/4289 1481
@/home/ec2-user/data/topics/3572 1482
@/home/ec2-user/data/topics/4161 1483
@/home/ec2-user/data/topics/1404 1484
@/home/ec2-user/data/topics/1690 1485
@/home/ec2-user/data/topics/4455 1486
株式会社神戸製鋼所

@/home/ec2-user/data/topics/3632 1487
@/home/ec2-user/data/topics/4949 1487
@/home/ec2-user/data/topics/3475 1488
@/home/ec2-user/data/topics/1465 1489
@/home/ec2-user/data/topics/3674 1490
@/home/ec2-user/data/topics/2064 1491
@/home/ec2-user/data/topics/3902 1492
株式会社ケンウッド

@/home/ec2-user/data/topics/3801 1493
@/home/ec2-user/data/topics/1424 1493
@/home/ec2-user/data/topics/1698 1494
@/home/ec2-user/data/topics/2163 1495
@/home/ec2-user/data/topics/3977 1496
@/home/ec2-user/data/topics/4467 1497
@/home/ec2-user/data/topics/4038 1498
@/home/ec2-user/data/topics/3839 1499
@/home/ec2-user/data/topics/3969 1500
@/home/ec2-user/data/topics/3463 1501
@/home/ec2-user/data/topics/1241 1502
@/home/ec2-user/data/topics/2036 1503
@/home/ec2-user/data/topics/1617 1504
@/home/ec2-user/data/topics/1896 1505
@/home/ec2-user/data/topics/1115 1506
@/home/ec2-user/data/topics/3794 1507
@/home/ec2-user/data/topics/3878 1508
@/home/ec2-user/data/topics/1345 1509
@/home/ec2-user/data/topics/4167 1510
@/home/ec2-user/data/topics/4050 1511
@/home/ec2-user/data/topics/1186 1512
東陶機器株式会社

@/home/ec2-user/data/topics/2135 1513
@/home/ec2-user/data/topics/1735 1513
@/home/ec2-user/data/topics/1626 1514
@/home/ec2-user/data/topics/3821 1515
@/home/ec2-user/data/topics/3583 1516
@/home/ec2-user/data/topics/1692 1517
本田技研工業株式会社

@/home/ec2-user/data/topics/4783 1518
@/home/ec2-user/data/topics/1143 1518
@/home/ec2-user/data/topics/4331 1519
@/home/ec2-user/data/topics/4375 1520
@/home/ec2-user/data/topics/1215 1521
@/home/ec2-user/data/topics/4888 1522
@/home/ec2-user/data/topics/1444 1523
@/home/ec2-user/data/topics/1266 1524
@/home/ec2-user/data/topics/1226 1525
@/home/ec2-user/data/topics/1605 1526
@/home/ec2-user/data/topics/4132 1527
@/home/ec2-user/data/topics/2016 1528
@/home/ec2-user/data/topics/1822 1529
@/home/ec2-user/data/topics/2000 1530
@/home/ec2-user/data/topics/4199 1531
@/home/ec2-user/data/topics/5026 1532
@/home/ec2-user/data/topics/4033 1533
@/home/ec2-user/data/topics/3685 1534
@/home/ec2-user/data/topics/1818 1535
新日本製鐵株式会社

@/home/ec2-user/data/topics/3663 1536
@/home/ec2-user/data/topics/3899 1536
@/home/ec2-user/data/topics/3368 1537
@/home/ec2-user/data/topics/5008 1538
@/home/ec2-user/data/topics/4472 1539
@/home/ec2-user/data/topics/3861 1540
松下電工株式会社

@/home/ec2-user/data/topics/1803 1541
@/home/ec2-user/data/topics/3549 1541
@/home/ec2-user/data/topics/4029 1542
@/home/ec2-user/data/topics/4347 1543
@/home/ec2-user/data/topics/3511 1544
@/home/ec2-user/data/topics/3379 1545
@/home/ec2-user/data/topics/1251 1546
@/home/ec2-user/data/topics/2045 1547
@/home/ec2-user/data/topics/3835 1548
@/home/ec2-user/data/topics/1311 1549
@/home/ec2-user/data/topics/3932 1550
@/home/ec2-user/data/topics/4083 1551
@/home/ec2-user/data/topics/4094 1552
@/home/ec2-user/data/topics/4012 1553
@/home/ec2-user/data/topics/3565 1554
@/home/ec2-user/data/topics/4592 1555
@/home/ec2-user/data/topics/4317 1556
@/home/ec2-user/data/topics/3651 1557
@/home/ec2-user/data/topics/3778 1558
@/home/ec2-user/data/topics/4450 1559
@/home/ec2-user/data/topics/3670 1560
@/home/ec2-user/data/topics/1011 1561
usernum: 72
hit: 955
simhit: 1355
simmax: 0.769230769231
simmin: 0.0
simavg: 0.198475408796
dlmax: 0.146984979966
dlmin: 0.00632083586997
dlavg: 0.0374858928318
mthit: 1429
mthls: 11
srp: 100.527
total: 1562
hit/total: 0.611395646607
simhit/total: 0.86747759283
mthit/(total+usernum): 0.874541003672
mthls/(total+usernum): 0.00673194614443
srp/(total+usernum): 0.0205073439412
srp20/(total+usernum): 0.00807833537332
srp100/(total+usernum): 0.0134516523868
srp500/(total+usernum): 0.0175369237046

2016-12-23 19:20:33.519176
