2016-12-22 13:12:24.863612

topic-folder:/home/ec2-user/data/topics/
cl-file:/home/ec2-user/git/tfidf/result-new/b1-0.txt
cl-floder:/home/ec2-user/data/classinfo/
zipf:0.6
stype[0(tfidf)/1(tfidf2)/2(lsa)/3(lda)]:1
dtype[<0(diff*rand)/0(diff)/1(same)/>=2(diff*same)]:0
output-floder:/home/ec2-user/git/userquery/result

三菱マテリアル株式会社

@/home/ec2-user/data/topics/3546 0
@/home/ec2-user/data/topics/1638 0
@/home/ec2-user/data/topics/1085 1
@/home/ec2-user/data/topics/2093 2
@/home/ec2-user/data/topics/3470 3
@/home/ec2-user/data/topics/3866 4
@/home/ec2-user/data/topics/3630 5
@/home/ec2-user/data/topics/3520 6
日本精機株式会社

@/home/ec2-user/data/topics/4972 7
@/home/ec2-user/data/topics/4875 7
@/home/ec2-user/data/topics/4709 8
@/home/ec2-user/data/topics/4907 9
@/home/ec2-user/data/topics/4690 10
@/home/ec2-user/data/topics/1398 11
コニカ株式会社

@/home/ec2-user/data/topics/3426 12
@/home/ec2-user/data/topics/3357 12
@/home/ec2-user/data/topics/3418 13
@/home/ec2-user/data/topics/3419 14
@/home/ec2-user/data/topics/3533 15
@/home/ec2-user/data/topics/3486 16
@/home/ec2-user/data/topics/1946 17
@/home/ec2-user/data/topics/3431 18
@/home/ec2-user/data/topics/2162 19
@/home/ec2-user/data/topics/3370 20
@/home/ec2-user/data/topics/3414 21
埼玉日本電気株式会社

@/home/ec2-user/data/topics/4468 22
@/home/ec2-user/data/topics/4496 22
@/home/ec2-user/data/topics/4279 23
@/home/ec2-user/data/topics/4283 24
@/home/ec2-user/data/topics/5010 25
@/home/ec2-user/data/topics/1512 26
@/home/ec2-user/data/topics/4242 27
@/home/ec2-user/data/topics/4998 28
@/home/ec2-user/data/topics/1620 29
アルプス電気株式会社

@/home/ec2-user/data/topics/1253 30
@/home/ec2-user/data/topics/4791 30
@/home/ec2-user/data/topics/3582 31
@/home/ec2-user/data/topics/3429 32
@/home/ec2-user/data/topics/1434 33
@/home/ec2-user/data/topics/2012 34
@/home/ec2-user/data/topics/2089 35
三菱重工業株式会社

@/home/ec2-user/data/topics/5022 36
@/home/ec2-user/data/topics/3503 36
@/home/ec2-user/data/topics/4563 37
@/home/ec2-user/data/topics/3637 38
@/home/ec2-user/data/topics/4687 39
@/home/ec2-user/data/topics/4412 40
@/home/ec2-user/data/topics/3833 41
@/home/ec2-user/data/topics/4862 42
@/home/ec2-user/data/topics/3944 43
@/home/ec2-user/data/topics/3529 44
@/home/ec2-user/data/topics/3591 45
@/home/ec2-user/data/topics/4882 46
村田機械株式会社

@/home/ec2-user/data/topics/4570 47
@/home/ec2-user/data/topics/4556 47
@/home/ec2-user/data/topics/1074 48
@/home/ec2-user/data/topics/4638 49
@/home/ec2-user/data/topics/4941 50
@/home/ec2-user/data/topics/4645 51
@/home/ec2-user/data/topics/3528 52
@/home/ec2-user/data/topics/1293 53
@/home/ec2-user/data/topics/4746 54
@/home/ec2-user/data/topics/4596 55
@/home/ec2-user/data/topics/1511 56
@/home/ec2-user/data/topics/5000 57
@/home/ec2-user/data/topics/4835 58
@/home/ec2-user/data/topics/3740 59
@/home/ec2-user/data/topics/4441 60
@/home/ec2-user/data/topics/1607 61
@/home/ec2-user/data/topics/4565 62
川崎製鉄株式会社

@/home/ec2-user/data/topics/3413 63
@/home/ec2-user/data/topics/3532 63
@/home/ec2-user/data/topics/3929 64
@/home/ec2-user/data/topics/4615 65
@/home/ec2-user/data/topics/3611 66
@/home/ec2-user/data/topics/3553 67
@/home/ec2-user/data/topics/1459 68
@/home/ec2-user/data/topics/3483 69
@/home/ec2-user/data/topics/1037 70
ダイキン工業株式会社

@/home/ec2-user/data/topics/4734 71
@/home/ec2-user/data/topics/4858 71
@/home/ec2-user/data/topics/4701 72
@/home/ec2-user/data/topics/4367 73
@/home/ec2-user/data/topics/1565 74
@/home/ec2-user/data/topics/4845 75
@/home/ec2-user/data/topics/4515 76
@/home/ec2-user/data/topics/4753 77
@/home/ec2-user/data/topics/3888 78
@/home/ec2-user/data/topics/1600 79
@/home/ec2-user/data/topics/4400 80
三菱自動車工業株式会社

@/home/ec2-user/data/topics/4189 81
@/home/ec2-user/data/topics/1428 81
@/home/ec2-user/data/topics/3815 82
@/home/ec2-user/data/topics/3502 83
@/home/ec2-user/data/topics/2101 84
@/home/ec2-user/data/topics/1816 85
@/home/ec2-user/data/topics/1527 86
@/home/ec2-user/data/topics/3940 87
日産自動車株式会社

@/home/ec2-user/data/topics/4982 88
@/home/ec2-user/data/topics/4074 88
@/home/ec2-user/data/topics/3497 89
@/home/ec2-user/data/topics/3712 90
@/home/ec2-user/data/topics/3677 91
@/home/ec2-user/data/topics/3501 92
@/home/ec2-user/data/topics/3829 93
@/home/ec2-user/data/topics/3645 94
@/home/ec2-user/data/topics/3723 95
@/home/ec2-user/data/topics/3489 96
@/home/ec2-user/data/topics/3936 97
トヨタ自動車株式会社

@/home/ec2-user/data/topics/4543 98
@/home/ec2-user/data/topics/3481 98
@/home/ec2-user/data/topics/4920 99
@/home/ec2-user/data/topics/2111 100
@/home/ec2-user/data/topics/1551 101
@/home/ec2-user/data/topics/4617 102
@/home/ec2-user/data/topics/4346 103
@/home/ec2-user/data/topics/4426 104
@/home/ec2-user/data/topics/3783 105
@/home/ec2-user/data/topics/4144 106
@/home/ec2-user/data/topics/3405 107
@/home/ec2-user/data/topics/4767 108
@/home/ec2-user/data/topics/3699 109
@/home/ec2-user/data/topics/3356 110
@/home/ec2-user/data/topics/2218 111
@/home/ec2-user/data/topics/4064 112
@/home/ec2-user/data/topics/4633 113
@/home/ec2-user/data/topics/3671 114
@/home/ec2-user/data/topics/3725 115
@/home/ec2-user/data/topics/4658 116
@/home/ec2-user/data/topics/1494 117
@/home/ec2-user/data/topics/3587 118
@/home/ec2-user/data/topics/4008 119
@/home/ec2-user/data/topics/4647 120
@/home/ec2-user/data/topics/3943 121
@/home/ec2-user/data/topics/4030 122
@/home/ec2-user/data/topics/4298 123
@/home/ec2-user/data/topics/3731 124
@/home/ec2-user/data/topics/3758 125
オリンパス光学工業株式会社

@/home/ec2-user/data/topics/1739 126
@/home/ec2-user/data/topics/4007 126
@/home/ec2-user/data/topics/1586 127
@/home/ec2-user/data/topics/1155 128
@/home/ec2-user/data/topics/4013 129
@/home/ec2-user/data/topics/1107 130
@/home/ec2-user/data/topics/5006 131
@/home/ec2-user/data/topics/1835 132
@/home/ec2-user/data/topics/1981 133
@/home/ec2-user/data/topics/2026 134
@/home/ec2-user/data/topics/4878 135
@/home/ec2-user/data/topics/1869 136
ブラザー工業株式会社

@/home/ec2-user/data/topics/3613 137
@/home/ec2-user/data/topics/4548 137
@/home/ec2-user/data/topics/3789 138
@/home/ec2-user/data/topics/1183 139
@/home/ec2-user/data/topics/1076 140
@/home/ec2-user/data/topics/1164 141
@/home/ec2-user/data/topics/1906 142
@/home/ec2-user/data/topics/2085 143
@/home/ec2-user/data/topics/2086 144
@/home/ec2-user/data/topics/1300 145
@/home/ec2-user/data/topics/3686 146
@/home/ec2-user/data/topics/3477 147
@/home/ec2-user/data/topics/1697 148
@/home/ec2-user/data/topics/1636 149
@/home/ec2-user/data/topics/3507 150
富士通株式会社

@/home/ec2-user/data/topics/1609 151
@/home/ec2-user/data/topics/3381 151
@/home/ec2-user/data/topics/3636 152
@/home/ec2-user/data/topics/1123 153
@/home/ec2-user/data/topics/1547 154
@/home/ec2-user/data/topics/3862 155
@/home/ec2-user/data/topics/3428 156
@/home/ec2-user/data/topics/3765 157
@/home/ec2-user/data/topics/3751 158
@/home/ec2-user/data/topics/2215 159
@/home/ec2-user/data/topics/3970 160
@/home/ec2-user/data/topics/1264 161
@/home/ec2-user/data/topics/3850 162
@/home/ec2-user/data/topics/1998 163
@/home/ec2-user/data/topics/3870 164
@/home/ec2-user/data/topics/2216 165
@/home/ec2-user/data/topics/2227 166
@/home/ec2-user/data/topics/5004 167
@/home/ec2-user/data/topics/1874 168
@/home/ec2-user/data/topics/3799 169
@/home/ec2-user/data/topics/3962 170
@/home/ec2-user/data/topics/3400 171
@/home/ec2-user/data/topics/3460 172
@/home/ec2-user/data/topics/1271 173
@/home/ec2-user/data/topics/4191 174
@/home/ec2-user/data/topics/3399 175
@/home/ec2-user/data/topics/3538 176
@/home/ec2-user/data/topics/3912 177
@/home/ec2-user/data/topics/3883 178
@/home/ec2-user/data/topics/3802 179
@/home/ec2-user/data/topics/3846 180
@/home/ec2-user/data/topics/3749 181
静岡日本電気株式会社

@/home/ec2-user/data/topics/4250 182
@/home/ec2-user/data/topics/4507 182
@/home/ec2-user/data/topics/4326 183
@/home/ec2-user/data/topics/4314 184
@/home/ec2-user/data/topics/4365 185
@/home/ec2-user/data/topics/4531 186
住友重機械工業株式会社

@/home/ec2-user/data/topics/4854 187
@/home/ec2-user/data/topics/2039 187
@/home/ec2-user/data/topics/1373 188
@/home/ec2-user/data/topics/1553 189
@/home/ec2-user/data/topics/1019 190
@/home/ec2-user/data/topics/1505 191
@/home/ec2-user/data/topics/3868 192
@/home/ec2-user/data/topics/1900 193
@/home/ec2-user/data/topics/3952 194
大日本印刷株式会社

@/home/ec2-user/data/topics/1564 195
@/home/ec2-user/data/topics/3569 195
@/home/ec2-user/data/topics/1145 196
@/home/ec2-user/data/topics/3388 197
@/home/ec2-user/data/topics/1099 198
@/home/ec2-user/data/topics/1262 199
日本電気株式会社

@/home/ec2-user/data/topics/4775 200
@/home/ec2-user/data/topics/4485 200
@/home/ec2-user/data/topics/4650 201
@/home/ec2-user/data/topics/4227 202
@/home/ec2-user/data/topics/4310 203
@/home/ec2-user/data/topics/4313 204
@/home/ec2-user/data/topics/1523 205
@/home/ec2-user/data/topics/4440 206
@/home/ec2-user/data/topics/4359 207
@/home/ec2-user/data/topics/4071 208
@/home/ec2-user/data/topics/4062 209
@/home/ec2-user/data/topics/2127 210
@/home/ec2-user/data/topics/4926 211
@/home/ec2-user/data/topics/3767 212
@/home/ec2-user/data/topics/4260 213
@/home/ec2-user/data/topics/4578 214
@/home/ec2-user/data/topics/4877 215
@/home/ec2-user/data/topics/4433 216
@/home/ec2-user/data/topics/3954 217
@/home/ec2-user/data/topics/4196 218
@/home/ec2-user/data/topics/4446 219
@/home/ec2-user/data/topics/4644 220
@/home/ec2-user/data/topics/1016 221
@/home/ec2-user/data/topics/2166 222
@/home/ec2-user/data/topics/1724 223
@/home/ec2-user/data/topics/4785 224
@/home/ec2-user/data/topics/4603 225
@/home/ec2-user/data/topics/1567 226
@/home/ec2-user/data/topics/4689 227
@/home/ec2-user/data/topics/1710 228
@/home/ec2-user/data/topics/4257 229
@/home/ec2-user/data/topics/4342 230
@/home/ec2-user/data/topics/4288 231
@/home/ec2-user/data/topics/2119 232
@/home/ec2-user/data/topics/1879 233
@/home/ec2-user/data/topics/4082 234
@/home/ec2-user/data/topics/1199 235
@/home/ec2-user/data/topics/3865 236
@/home/ec2-user/data/topics/2088 237
@/home/ec2-user/data/topics/4318 238
@/home/ec2-user/data/topics/4779 239
@/home/ec2-user/data/topics/1078 240
@/home/ec2-user/data/topics/4238 241
@/home/ec2-user/data/topics/4549 242
@/home/ec2-user/data/topics/1281 243
@/home/ec2-user/data/topics/4460 244
@/home/ec2-user/data/topics/1634 245
@/home/ec2-user/data/topics/1852 246
@/home/ec2-user/data/topics/4892 247
@/home/ec2-user/data/topics/4533 248
@/home/ec2-user/data/topics/4134 249
@/home/ec2-user/data/topics/1815 250
@/home/ec2-user/data/topics/1867 251
@/home/ec2-user/data/topics/4154 252
@/home/ec2-user/data/topics/4876 253
@/home/ec2-user/data/topics/4708 254
@/home/ec2-user/data/topics/1844 255
@/home/ec2-user/data/topics/4204 256
@/home/ec2-user/data/topics/4240 257
@/home/ec2-user/data/topics/4536 258
@/home/ec2-user/data/topics/4561 259
@/home/ec2-user/data/topics/1116 260
@/home/ec2-user/data/topics/4390 261
@/home/ec2-user/data/topics/4404 262
@/home/ec2-user/data/topics/4100 263
@/home/ec2-user/data/topics/4315 264
@/home/ec2-user/data/topics/4742 265
@/home/ec2-user/data/topics/4192 266
@/home/ec2-user/data/topics/4092 267
@/home/ec2-user/data/topics/1973 268
@/home/ec2-user/data/topics/1624 269
@/home/ec2-user/data/topics/4764 270
@/home/ec2-user/data/topics/1100 271
@/home/ec2-user/data/topics/4626 272
@/home/ec2-user/data/topics/3971 273
@/home/ec2-user/data/topics/4309 274
@/home/ec2-user/data/topics/4902 275
@/home/ec2-user/data/topics/4081 276
@/home/ec2-user/data/topics/1764 277
@/home/ec2-user/data/topics/4138 278
@/home/ec2-user/data/topics/4838 279
@/home/ec2-user/data/topics/4634 280
@/home/ec2-user/data/topics/3875 281
@/home/ec2-user/data/topics/4530 282
@/home/ec2-user/data/topics/4186 283
@/home/ec2-user/data/topics/4442 284
@/home/ec2-user/data/topics/4272 285
@/home/ec2-user/data/topics/4003 286
@/home/ec2-user/data/topics/4666 287
@/home/ec2-user/data/topics/4371 288
@/home/ec2-user/data/topics/4063 289
@/home/ec2-user/data/topics/3938 290
@/home/ec2-user/data/topics/4275 291
@/home/ec2-user/data/topics/4207 292
@/home/ec2-user/data/topics/4243 293
@/home/ec2-user/data/topics/4728 294
@/home/ec2-user/data/topics/4320 295
@/home/ec2-user/data/topics/4393 296
@/home/ec2-user/data/topics/1457 297
@/home/ec2-user/data/topics/4278 298
@/home/ec2-user/data/topics/4651 299
@/home/ec2-user/data/topics/1044 300
@/home/ec2-user/data/topics/4427 301
@/home/ec2-user/data/topics/4749 302
@/home/ec2-user/data/topics/4532 303
@/home/ec2-user/data/topics/4128 304
@/home/ec2-user/data/topics/4696 305
@/home/ec2-user/data/topics/1364 306
@/home/ec2-user/data/topics/3896 307
@/home/ec2-user/data/topics/3724 308
@/home/ec2-user/data/topics/4414 309
@/home/ec2-user/data/topics/2031 310
@/home/ec2-user/data/topics/4643 311
@/home/ec2-user/data/topics/4247 312
@/home/ec2-user/data/topics/4343 313
@/home/ec2-user/data/topics/4725 314
@/home/ec2-user/data/topics/1326 315
@/home/ec2-user/data/topics/1783 316
@/home/ec2-user/data/topics/4480 317
@/home/ec2-user/data/topics/4477 318
@/home/ec2-user/data/topics/4665 319
@/home/ec2-user/data/topics/4281 320
@/home/ec2-user/data/topics/3729 321
@/home/ec2-user/data/topics/4162 322
@/home/ec2-user/data/topics/4850 323
@/home/ec2-user/data/topics/1595 324
@/home/ec2-user/data/topics/4093 325
@/home/ec2-user/data/topics/4267 326
@/home/ec2-user/data/topics/1486 327
@/home/ec2-user/data/topics/4418 328
@/home/ec2-user/data/topics/4319 329
@/home/ec2-user/data/topics/3744 330
@/home/ec2-user/data/topics/1937 331
@/home/ec2-user/data/topics/4129 332
@/home/ec2-user/data/topics/3897 333
@/home/ec2-user/data/topics/4398 334
@/home/ec2-user/data/topics/4244 335
@/home/ec2-user/data/topics/4490 336
@/home/ec2-user/data/topics/1122 337
@/home/ec2-user/data/topics/2144 338
@/home/ec2-user/data/topics/1791 339
@/home/ec2-user/data/topics/4584 340
@/home/ec2-user/data/topics/4120 341
@/home/ec2-user/data/topics/4153 342
@/home/ec2-user/data/topics/1383 343
@/home/ec2-user/data/topics/1661 344
@/home/ec2-user/data/topics/4389 345
@/home/ec2-user/data/topics/4598 346
@/home/ec2-user/data/topics/4171 347
@/home/ec2-user/data/topics/1464 348
@/home/ec2-user/data/topics/4659 349
@/home/ec2-user/data/topics/4759 350
@/home/ec2-user/data/topics/4750 351
@/home/ec2-user/data/topics/1923 352
@/home/ec2-user/data/topics/4300 353
@/home/ec2-user/data/topics/4613 354
@/home/ec2-user/data/topics/4497 355
@/home/ec2-user/data/topics/4609 356
@/home/ec2-user/data/topics/4808 357
@/home/ec2-user/data/topics/1101 358
@/home/ec2-user/data/topics/1557 359
@/home/ec2-user/data/topics/1500 360
@/home/ec2-user/data/topics/4646 361
@/home/ec2-user/data/topics/4388 362
@/home/ec2-user/data/topics/4718 363
@/home/ec2-user/data/topics/2041 364
@/home/ec2-user/data/topics/3886 365
@/home/ec2-user/data/topics/3853 366
@/home/ec2-user/data/topics/4168 367
@/home/ec2-user/data/topics/5034 368
@/home/ec2-user/data/topics/4017 369
@/home/ec2-user/data/topics/4185 370
@/home/ec2-user/data/topics/4447 371
@/home/ec2-user/data/topics/4760 372
@/home/ec2-user/data/topics/4940 373
@/home/ec2-user/data/topics/4537 374
@/home/ec2-user/data/topics/2022 375
@/home/ec2-user/data/topics/4236 376
@/home/ec2-user/data/topics/4097 377
@/home/ec2-user/data/topics/4429 378
@/home/ec2-user/data/topics/4116 379
@/home/ec2-user/data/topics/4824 380
@/home/ec2-user/data/topics/4258 381
@/home/ec2-user/data/topics/1948 382
@/home/ec2-user/data/topics/4486 383
@/home/ec2-user/data/topics/4273 384
@/home/ec2-user/data/topics/1928 385
@/home/ec2-user/data/topics/4458 386
@/home/ec2-user/data/topics/4352 387
@/home/ec2-user/data/topics/1891 388
@/home/ec2-user/data/topics/4338 389
@/home/ec2-user/data/topics/4682 390
@/home/ec2-user/data/topics/4158 391
@/home/ec2-user/data/topics/4276 392
@/home/ec2-user/data/topics/2150 393
@/home/ec2-user/data/topics/4216 394
@/home/ec2-user/data/topics/4142 395
@/home/ec2-user/data/topics/4137 396
@/home/ec2-user/data/topics/4254 397
@/home/ec2-user/data/topics/1052 398
@/home/ec2-user/data/topics/1362 399
@/home/ec2-user/data/topics/4246 400
@/home/ec2-user/data/topics/4209 401
@/home/ec2-user/data/topics/4425 402
@/home/ec2-user/data/topics/1112 403
@/home/ec2-user/data/topics/4434 404
@/home/ec2-user/data/topics/4816 405
@/home/ec2-user/data/topics/4721 406
@/home/ec2-user/data/topics/4595 407
@/home/ec2-user/data/topics/4360 408
@/home/ec2-user/data/topics/4119 409
@/home/ec2-user/data/topics/4770 410
@/home/ec2-user/data/topics/1612 411
@/home/ec2-user/data/topics/3995 412
@/home/ec2-user/data/topics/4657 413
@/home/ec2-user/data/topics/1360 414
@/home/ec2-user/data/topics/3766 415
@/home/ec2-user/data/topics/4699 416
@/home/ec2-user/data/topics/3956 417
@/home/ec2-user/data/topics/1773 418
松下電器産業株式会社

@/home/ec2-user/data/topics/1339 419
@/home/ec2-user/data/topics/4215 419
@/home/ec2-user/data/topics/1885 420
@/home/ec2-user/data/topics/3514 421
@/home/ec2-user/data/topics/4385 422
@/home/ec2-user/data/topics/1257 423
@/home/ec2-user/data/topics/4101 424
@/home/ec2-user/data/topics/3807 425
@/home/ec2-user/data/topics/1477 426
@/home/ec2-user/data/topics/4558 427
@/home/ec2-user/data/topics/4918 428
@/home/ec2-user/data/topics/3694 429
@/home/ec2-user/data/topics/3455 430
@/home/ec2-user/data/topics/1070 431
@/home/ec2-user/data/topics/1706 432
@/home/ec2-user/data/topics/2222 433
@/home/ec2-user/data/topics/3494 434
@/home/ec2-user/data/topics/4503 435
@/home/ec2-user/data/topics/3386 436
@/home/ec2-user/data/topics/1881 437
@/home/ec2-user/data/topics/4422 438
@/home/ec2-user/data/topics/3404 439
@/home/ec2-user/data/topics/1158 440
@/home/ec2-user/data/topics/4280 441
@/home/ec2-user/data/topics/4464 442
@/home/ec2-user/data/topics/4625 443
@/home/ec2-user/data/topics/3680 444
@/home/ec2-user/data/topics/4193 445
@/home/ec2-user/data/topics/1157 446
@/home/ec2-user/data/topics/3692 447
@/home/ec2-user/data/topics/4599 448
@/home/ec2-user/data/topics/1955 449
@/home/ec2-user/data/topics/3676 450
@/home/ec2-user/data/topics/3510 451
@/home/ec2-user/data/topics/3658 452
@/home/ec2-user/data/topics/3558 453
@/home/ec2-user/data/topics/4264 454
@/home/ec2-user/data/topics/4139 455
@/home/ec2-user/data/topics/4098 456
@/home/ec2-user/data/topics/1179 457
@/home/ec2-user/data/topics/4754 458
@/home/ec2-user/data/topics/3847 459
@/home/ec2-user/data/topics/4102 460
@/home/ec2-user/data/topics/2080 461
@/home/ec2-user/data/topics/4475 462
@/home/ec2-user/data/topics/3619 463
@/home/ec2-user/data/topics/4961 464
@/home/ec2-user/data/topics/4501 465
@/home/ec2-user/data/topics/4000 466
@/home/ec2-user/data/topics/3402 467
@/home/ec2-user/data/topics/2156 468
@/home/ec2-user/data/topics/4274 469
@/home/ec2-user/data/topics/4502 470
@/home/ec2-user/data/topics/1589 471
@/home/ec2-user/data/topics/4676 472
@/home/ec2-user/data/topics/3746 473
@/home/ec2-user/data/topics/2056 474
@/home/ec2-user/data/topics/3920 475
@/home/ec2-user/data/topics/3704 476
@/home/ec2-user/data/topics/5024 477
@/home/ec2-user/data/topics/3519 478
@/home/ec2-user/data/topics/1748 479
@/home/ec2-user/data/topics/4159 480
@/home/ec2-user/data/topics/1898 481
@/home/ec2-user/data/topics/1635 482
@/home/ec2-user/data/topics/4355 483
@/home/ec2-user/data/topics/4382 484
@/home/ec2-user/data/topics/1525 485
@/home/ec2-user/data/topics/4126 486
@/home/ec2-user/data/topics/4043 487
@/home/ec2-user/data/topics/4160 488
@/home/ec2-user/data/topics/3904 489
@/home/ec2-user/data/topics/4885 490
@/home/ec2-user/data/topics/2029 491
@/home/ec2-user/data/topics/4707 492
@/home/ec2-user/data/topics/3585 493
@/home/ec2-user/data/topics/1252 494
@/home/ec2-user/data/topics/4394 495
@/home/ec2-user/data/topics/4303 496
@/home/ec2-user/data/topics/5028 497
@/home/ec2-user/data/topics/3960 498
@/home/ec2-user/data/topics/3761 499
@/home/ec2-user/data/topics/4797 500
@/home/ec2-user/data/topics/4945 501
@/home/ec2-user/data/topics/1540 502
@/home/ec2-user/data/topics/1516 503
@/home/ec2-user/data/topics/4817 504
@/home/ec2-user/data/topics/1509 505
@/home/ec2-user/data/topics/3951 506
@/home/ec2-user/data/topics/4798 507
@/home/ec2-user/data/topics/1762 508
@/home/ec2-user/data/topics/4577 509
@/home/ec2-user/data/topics/4761 510
@/home/ec2-user/data/topics/4586 511
@/home/ec2-user/data/topics/3719 512
@/home/ec2-user/data/topics/2129 513
@/home/ec2-user/data/topics/4667 514
@/home/ec2-user/data/topics/4229 515
@/home/ec2-user/data/topics/1633 516
@/home/ec2-user/data/topics/4917 517
@/home/ec2-user/data/topics/1136 518
@/home/ec2-user/data/topics/4459 519
@/home/ec2-user/data/topics/3739 520
@/home/ec2-user/data/topics/4307 521
@/home/ec2-user/data/topics/1705 522
@/home/ec2-user/data/topics/4867 523
@/home/ec2-user/data/topics/2170 524
@/home/ec2-user/data/topics/4787 525
@/home/ec2-user/data/topics/4936 526
@/home/ec2-user/data/topics/4806 527
@/home/ec2-user/data/topics/3721 528
@/home/ec2-user/data/topics/4448 529
@/home/ec2-user/data/topics/4491 530
@/home/ec2-user/data/topics/1812 531
@/home/ec2-user/data/topics/4804 532
@/home/ec2-user/data/topics/4157 533
@/home/ec2-user/data/topics/4180 534
@/home/ec2-user/data/topics/1701 535
@/home/ec2-user/data/topics/3979 536
@/home/ec2-user/data/topics/1829 537
@/home/ec2-user/data/topics/1026 538
@/home/ec2-user/data/topics/4968 539
@/home/ec2-user/data/topics/4574 540
セイコーインスツルメンツ株式会社

@/home/ec2-user/data/topics/4203 541
@/home/ec2-user/data/topics/3825 541
@/home/ec2-user/data/topics/4151 542
@/home/ec2-user/data/topics/4190 543
@/home/ec2-user/data/topics/4997 544
@/home/ec2-user/data/topics/3626 545
@/home/ec2-user/data/topics/4036 546
@/home/ec2-user/data/topics/4088 547
@/home/ec2-user/data/topics/1707 548
ミノルタ株式会社

@/home/ec2-user/data/topics/4986 549
@/home/ec2-user/data/topics/4971 549
@/home/ec2-user/data/topics/4321 550
@/home/ec2-user/data/topics/4977 551
@/home/ec2-user/data/topics/3810 552
@/home/ec2-user/data/topics/4984 553
@/home/ec2-user/data/topics/3545 554
@/home/ec2-user/data/topics/1152 555
@/home/ec2-user/data/topics/4951 556
@/home/ec2-user/data/topics/4970 557
@/home/ec2-user/data/topics/3584 558
@/home/ec2-user/data/topics/2190 559
株式会社リコー

@/home/ec2-user/data/topics/1878 560
@/home/ec2-user/data/topics/1740 560
@/home/ec2-user/data/topics/3474 561
@/home/ec2-user/data/topics/3713 562
@/home/ec2-user/data/topics/1669 563
@/home/ec2-user/data/topics/1593 564
@/home/ec2-user/data/topics/3548 565
@/home/ec2-user/data/topics/4344 566
@/home/ec2-user/data/topics/2201 567
@/home/ec2-user/data/topics/2182 568
@/home/ec2-user/data/topics/1976 569
@/home/ec2-user/data/topics/1806 570
@/home/ec2-user/data/topics/2219 571
@/home/ec2-user/data/topics/3424 572
@/home/ec2-user/data/topics/3557 573
@/home/ec2-user/data/topics/1627 574
@/home/ec2-user/data/topics/2090 575
@/home/ec2-user/data/topics/3394 576
@/home/ec2-user/data/topics/3530 577
@/home/ec2-user/data/topics/3523 578
@/home/ec2-user/data/topics/3711 579
@/home/ec2-user/data/topics/1668 580
@/home/ec2-user/data/topics/1514 581
@/home/ec2-user/data/topics/1106 582
@/home/ec2-user/data/topics/1663 583
@/home/ec2-user/data/topics/1478 584
@/home/ec2-user/data/topics/3484 585
@/home/ec2-user/data/topics/3495 586
@/home/ec2-user/data/topics/3472 587
@/home/ec2-user/data/topics/1433 588
@/home/ec2-user/data/topics/1610 589
@/home/ec2-user/data/topics/2189 590
@/home/ec2-user/data/topics/3446 591
@/home/ec2-user/data/topics/3411 592
@/home/ec2-user/data/topics/1225 593
@/home/ec2-user/data/topics/3378 594
@/home/ec2-user/data/topics/1482 595
@/home/ec2-user/data/topics/2006 596
@/home/ec2-user/data/topics/1775 597
@/home/ec2-user/data/topics/3880 598
@/home/ec2-user/data/topics/4265 599
@/home/ec2-user/data/topics/3775 600
@/home/ec2-user/data/topics/2043 601
@/home/ec2-user/data/topics/3669 602
@/home/ec2-user/data/topics/3436 603
@/home/ec2-user/data/topics/2200 604
@/home/ec2-user/data/topics/1691 605
@/home/ec2-user/data/topics/3750 606
@/home/ec2-user/data/topics/1774 607
@/home/ec2-user/data/topics/1718 608
@/home/ec2-user/data/topics/1190 609
@/home/ec2-user/data/topics/1083 610
@/home/ec2-user/data/topics/1755 611
@/home/ec2-user/data/topics/3555 612
@/home/ec2-user/data/topics/1436 613
@/home/ec2-user/data/topics/4037 614
@/home/ec2-user/data/topics/1282 615
@/home/ec2-user/data/topics/4879 616
@/home/ec2-user/data/topics/1780 617
@/home/ec2-user/data/topics/3574 618
@/home/ec2-user/data/topics/3687 619
@/home/ec2-user/data/topics/3759 620
@/home/ec2-user/data/topics/4781 621
@/home/ec2-user/data/topics/4616 622
@/home/ec2-user/data/topics/1776 623
@/home/ec2-user/data/topics/1670 624
@/home/ec2-user/data/topics/1064 625
@/home/ec2-user/data/topics/3837 626
@/home/ec2-user/data/topics/3633 627
@/home/ec2-user/data/topics/1974 628
@/home/ec2-user/data/topics/1095 629
独立行政法人産業技術総合研究所

@/home/ec2-user/data/topics/4869 630
@/home/ec2-user/data/topics/4740 630
@/home/ec2-user/data/topics/4739 631
@/home/ec2-user/data/topics/4800 632
@/home/ec2-user/data/topics/1356 633
@/home/ec2-user/data/topics/4777 634
ソニー株式会社

@/home/ec2-user/data/topics/1435 635
@/home/ec2-user/data/topics/1380 635
@/home/ec2-user/data/topics/1471 636
@/home/ec2-user/data/topics/1884 637
@/home/ec2-user/data/topics/1218 638
@/home/ec2-user/data/topics/2075 639
@/home/ec2-user/data/topics/4184 640
@/home/ec2-user/data/topics/2048 641
@/home/ec2-user/data/topics/1686 642
@/home/ec2-user/data/topics/1397 643
@/home/ec2-user/data/topics/4219 644
@/home/ec2-user/data/topics/2058 645
@/home/ec2-user/data/topics/2052 646
@/home/ec2-user/data/topics/3392 647
@/home/ec2-user/data/topics/1967 648
@/home/ec2-user/data/topics/1778 649
@/home/ec2-user/data/topics/1602 650
@/home/ec2-user/data/topics/1836 651
@/home/ec2-user/data/topics/1912 652
@/home/ec2-user/data/topics/1147 653
@/home/ec2-user/data/topics/1233 654
@/home/ec2-user/data/topics/4224 655
@/home/ec2-user/data/topics/1491 656
@/home/ec2-user/data/topics/1926 657
@/home/ec2-user/data/topics/3401 658
@/home/ec2-user/data/topics/1059 659
@/home/ec2-user/data/topics/3872 660
@/home/ec2-user/data/topics/2105 661
@/home/ec2-user/data/topics/5027 662
@/home/ec2-user/data/topics/1679 663
@/home/ec2-user/data/topics/1291 664
@/home/ec2-user/data/topics/3456 665
@/home/ec2-user/data/topics/2059 666
@/home/ec2-user/data/topics/1414 667
@/home/ec2-user/data/topics/3924 668
@/home/ec2-user/data/topics/3955 669
@/home/ec2-user/data/topics/1749 670
@/home/ec2-user/data/topics/1873 671
@/home/ec2-user/data/topics/1298 672
@/home/ec2-user/data/topics/3975 673
@/home/ec2-user/data/topics/1892 674
@/home/ec2-user/data/topics/1426 675
@/home/ec2-user/data/topics/1954 676
@/home/ec2-user/data/topics/4351 677
@/home/ec2-user/data/topics/2094 678
@/home/ec2-user/data/topics/1102 679
@/home/ec2-user/data/topics/2037 680
富士ゼロックス株式会社

@/home/ec2-user/data/topics/4108 681
@/home/ec2-user/data/topics/3790 681
@/home/ec2-user/data/topics/3662 682
@/home/ec2-user/data/topics/3564 683
@/home/ec2-user/data/topics/3383 684
@/home/ec2-user/data/topics/1947 685
@/home/ec2-user/data/topics/3366 686
@/home/ec2-user/data/topics/3661 687
@/home/ec2-user/data/topics/3782 688
@/home/ec2-user/data/topics/5031 689
@/home/ec2-user/data/topics/3640 690
@/home/ec2-user/data/topics/1560 691
@/home/ec2-user/data/topics/3407 692
@/home/ec2-user/data/topics/3695 693
@/home/ec2-user/data/topics/3473 694
住友金属工業株式会社

@/home/ec2-user/data/topics/4182 695
@/home/ec2-user/data/topics/4295 695
@/home/ec2-user/data/topics/4534 696
@/home/ec2-user/data/topics/4661 697
@/home/ec2-user/data/topics/4322 698
@/home/ec2-user/data/topics/1268 699
@/home/ec2-user/data/topics/3655 700
@/home/ec2-user/data/topics/3826 701
@/home/ec2-user/data/topics/3577 702
@/home/ec2-user/data/topics/4991 703
@/home/ec2-user/data/topics/4733 704
@/home/ec2-user/data/topics/4021 705
日立電線株式会社

@/home/ec2-user/data/topics/4357 706
@/home/ec2-user/data/topics/4329 706
@/home/ec2-user/data/topics/4356 707
@/home/ec2-user/data/topics/1117 708
@/home/ec2-user/data/topics/3756 709
@/home/ec2-user/data/topics/1388 710
@/home/ec2-user/data/topics/3930 711
@/home/ec2-user/data/topics/1027 712
@/home/ec2-user/data/topics/1305 713
キヤノン株式会社

@/home/ec2-user/data/topics/1124 714
@/home/ec2-user/data/topics/2107 714
@/home/ec2-user/data/topics/4020 715
@/home/ec2-user/data/topics/4948 716
@/home/ec2-user/data/topics/4521 717
@/home/ec2-user/data/topics/1961 718
@/home/ec2-user/data/topics/1802 719
@/home/ec2-user/data/topics/3434 720
@/home/ec2-user/data/topics/1745 721
@/home/ec2-user/data/topics/1848 722
@/home/ec2-user/data/topics/3628 723
@/home/ec2-user/data/topics/1228 724
@/home/ec2-user/data/topics/1513 725
@/home/ec2-user/data/topics/3722 726
@/home/ec2-user/data/topics/3737 727
@/home/ec2-user/data/topics/1455 728
@/home/ec2-user/data/topics/3438 729
@/home/ec2-user/data/topics/1118 730
@/home/ec2-user/data/topics/2004 731
@/home/ec2-user/data/topics/3416 732
@/home/ec2-user/data/topics/1438 733
@/home/ec2-user/data/topics/3730 734
@/home/ec2-user/data/topics/3949 735
@/home/ec2-user/data/topics/1590 736
@/home/ec2-user/data/topics/3374 737
@/home/ec2-user/data/topics/2243 738
@/home/ec2-user/data/topics/1790 739
@/home/ec2-user/data/topics/1631 740
@/home/ec2-user/data/topics/1208 741
@/home/ec2-user/data/topics/3755 742
@/home/ec2-user/data/topics/3417 743
@/home/ec2-user/data/topics/3958 744
@/home/ec2-user/data/topics/3441 745
@/home/ec2-user/data/topics/3410 746
@/home/ec2-user/data/topics/1975 747
@/home/ec2-user/data/topics/1568 748
@/home/ec2-user/data/topics/1847 749
@/home/ec2-user/data/topics/3656 750
@/home/ec2-user/data/topics/1519 751
@/home/ec2-user/data/topics/1889 752
@/home/ec2-user/data/topics/1216 753
@/home/ec2-user/data/topics/3454 754
@/home/ec2-user/data/topics/4068 755
@/home/ec2-user/data/topics/2145 756
@/home/ec2-user/data/topics/4628 757
@/home/ec2-user/data/topics/3720 758
@/home/ec2-user/data/topics/1744 759
@/home/ec2-user/data/topics/3852 760
@/home/ec2-user/data/topics/2117 761
@/home/ec2-user/data/topics/1080 762
@/home/ec2-user/data/topics/3642 763
@/home/ec2-user/data/topics/3415 764
@/home/ec2-user/data/topics/3967 765
@/home/ec2-user/data/topics/3376 766
@/home/ec2-user/data/topics/2231 767
@/home/ec2-user/data/topics/4937 768
@/home/ec2-user/data/topics/1539 769
@/home/ec2-user/data/topics/4054 770
@/home/ec2-user/data/topics/1646 771
@/home/ec2-user/data/topics/3843 772
@/home/ec2-user/data/topics/2053 773
@/home/ec2-user/data/topics/3420 774
@/home/ec2-user/data/topics/3996 775
@/home/ec2-user/data/topics/3660 776
@/home/ec2-user/data/topics/3430 777
@/home/ec2-user/data/topics/4610 778
@/home/ec2-user/data/topics/4350 779
@/home/ec2-user/data/topics/4947 780
@/home/ec2-user/data/topics/1866 781
@/home/ec2-user/data/topics/3445 782
@/home/ec2-user/data/topics/4363 783
@/home/ec2-user/data/topics/4520 784
@/home/ec2-user/data/topics/1895 785
三洋電機株式会社

@/home/ec2-user/data/topics/1653 786
@/home/ec2-user/data/topics/1289 786
@/home/ec2-user/data/topics/2230 787
@/home/ec2-user/data/topics/4720 788
@/home/ec2-user/data/topics/1163 789
@/home/ec2-user/data/topics/4060 790
@/home/ec2-user/data/topics/4571 791
@/home/ec2-user/data/topics/1671 792
@/home/ec2-user/data/topics/4376 793
@/home/ec2-user/data/topics/4960 794
@/home/ec2-user/data/topics/3926 795
@/home/ec2-user/data/topics/3681 796
@/home/ec2-user/data/topics/3808 797
@/home/ec2-user/data/topics/4492 798
@/home/ec2-user/data/topics/2071 799
@/home/ec2-user/data/topics/4015 800
@/home/ec2-user/data/topics/4654 801
@/home/ec2-user/data/topics/1321 802
@/home/ec2-user/data/topics/4604 803
@/home/ec2-user/data/topics/3804 804
@/home/ec2-user/data/topics/4527 805
@/home/ec2-user/data/topics/3830 806
@/home/ec2-user/data/topics/4099 807
@/home/ec2-user/data/topics/3539 808
@/home/ec2-user/data/topics/2014 809
@/home/ec2-user/data/topics/1246 810
@/home/ec2-user/data/topics/4763 811
@/home/ec2-user/data/topics/4304 812
@/home/ec2-user/data/topics/4039 813
@/home/ec2-user/data/topics/3625 814
@/home/ec2-user/data/topics/3491 815
@/home/ec2-user/data/topics/1386 816
@/home/ec2-user/data/topics/2098 817
@/home/ec2-user/data/topics/4212 818
@/home/ec2-user/data/topics/5002 819
@/home/ec2-user/data/topics/1451 820
@/home/ec2-user/data/topics/4726 821
@/home/ec2-user/data/topics/3974 822
@/home/ec2-user/data/topics/3492 823
@/home/ec2-user/data/topics/5011 824
@/home/ec2-user/data/topics/4001 825
@/home/ec2-user/data/topics/1479 826
@/home/ec2-user/data/topics/4061 827
@/home/ec2-user/data/topics/3906 828
@/home/ec2-user/data/topics/2054 829
@/home/ec2-user/data/topics/4837 830
@/home/ec2-user/data/topics/3953 831
@/home/ec2-user/data/topics/4978 832
@/home/ec2-user/data/topics/1079 833
@/home/ec2-user/data/topics/4328 834
@/home/ec2-user/data/topics/3889 835
@/home/ec2-user/data/topics/4178 836
@/home/ec2-user/data/topics/1980 837
@/home/ec2-user/data/topics/4983 838
@/home/ec2-user/data/topics/4612 839
@/home/ec2-user/data/topics/3708 840
@/home/ec2-user/data/topics/4066 841
@/home/ec2-user/data/topics/4301 842
@/home/ec2-user/data/topics/4384 843
@/home/ec2-user/data/topics/4679 844
@/home/ec2-user/data/topics/3403 845
@/home/ec2-user/data/topics/4179 846
@/home/ec2-user/data/topics/3781 847
@/home/ec2-user/data/topics/2194 848
@/home/ec2-user/data/topics/1652 849
@/home/ec2-user/data/topics/3817 850
@/home/ec2-user/data/topics/3845 851
@/home/ec2-user/data/topics/4788 852
@/home/ec2-user/data/topics/4150 853
@/home/ec2-user/data/topics/3581 854
@/home/ec2-user/data/topics/3398 855
@/home/ec2-user/data/topics/3859 856
@/home/ec2-user/data/topics/4474 857
@/home/ec2-user/data/topics/1488 858
@/home/ec2-user/data/topics/1515 859
@/home/ec2-user/data/topics/2063 860
@/home/ec2-user/data/topics/1722 861
@/home/ec2-user/data/topics/3754 862
@/home/ec2-user/data/topics/3986 863
三菱電機株式会社

@/home/ec2-user/data/topics/3612 864
@/home/ec2-user/data/topics/3800 864
@/home/ec2-user/data/topics/3616 865
@/home/ec2-user/data/topics/1220 866
@/home/ec2-user/data/topics/3873 867
@/home/ec2-user/data/topics/4076 868
@/home/ec2-user/data/topics/4221 869
@/home/ec2-user/data/topics/3747 870
@/home/ec2-user/data/topics/4552 871
@/home/ec2-user/data/topics/3856 872
@/home/ec2-user/data/topics/1792 873
@/home/ec2-user/data/topics/1110 874
@/home/ec2-user/data/topics/3506 875
@/home/ec2-user/data/topics/3466 876
@/home/ec2-user/data/topics/4133 877
@/home/ec2-user/data/topics/4149 878
@/home/ec2-user/data/topics/5033 879
@/home/ec2-user/data/topics/5032 880
@/home/ec2-user/data/topics/3595 881
@/home/ec2-user/data/topics/4419 882
@/home/ec2-user/data/topics/4980 883
@/home/ec2-user/data/topics/1738 884
@/home/ec2-user/data/topics/4834 885
@/home/ec2-user/data/topics/4514 886
@/home/ec2-user/data/topics/3820 887
@/home/ec2-user/data/topics/3469 888
@/home/ec2-user/data/topics/1754 889
@/home/ec2-user/data/topics/4220 890
@/home/ec2-user/data/topics/4562 891
@/home/ec2-user/data/topics/4041 892
@/home/ec2-user/data/topics/2146 893
@/home/ec2-user/data/topics/4614 894
@/home/ec2-user/data/topics/1536 895
@/home/ec2-user/data/topics/3963 896
@/home/ec2-user/data/topics/4047 897
@/home/ec2-user/data/topics/4518 898
@/home/ec2-user/data/topics/1872 899
@/home/ec2-user/data/topics/3921 900
@/home/ec2-user/data/topics/4305 901
@/home/ec2-user/data/topics/3841 902
@/home/ec2-user/data/topics/3453 903
@/home/ec2-user/data/topics/4235 904
@/home/ec2-user/data/topics/4233 905
@/home/ec2-user/data/topics/4282 906
@/home/ec2-user/data/topics/3412 907
@/home/ec2-user/data/topics/3490 908
@/home/ec2-user/data/topics/4663 909
@/home/ec2-user/data/topics/3451 910
@/home/ec2-user/data/topics/3609 911
@/home/ec2-user/data/topics/4880 912
@/home/ec2-user/data/topics/3592 913
@/home/ec2-user/data/topics/3397 914
@/home/ec2-user/data/topics/3774 915
@/home/ec2-user/data/topics/3493 916
@/home/ec2-user/data/topics/3666 917
@/home/ec2-user/data/topics/4181 918
@/home/ec2-user/data/topics/3465 919
@/home/ec2-user/data/topics/3409 920
住友ゴム工業株式会社

@/home/ec2-user/data/topics/4597 921
@/home/ec2-user/data/topics/1114 921
@/home/ec2-user/data/topics/1758 922
@/home/ec2-user/data/topics/4048 923
@/home/ec2-user/data/topics/4568 924
@/home/ec2-user/data/topics/4406 925
@/home/ec2-user/data/topics/2007 926
セイコーエプソン株式会社

@/home/ec2-user/data/topics/4719 927
@/home/ec2-user/data/topics/4454 927
@/home/ec2-user/data/topics/4022 928
@/home/ec2-user/data/topics/3887 929
@/home/ec2-user/data/topics/2078 930
@/home/ec2-user/data/topics/4801 931
@/home/ec2-user/data/topics/4802 932
@/home/ec2-user/data/topics/1423 933
@/home/ec2-user/data/topics/4585 934
@/home/ec2-user/data/topics/1378 935
@/home/ec2-user/data/topics/1484 936
@/home/ec2-user/data/topics/4109 937
@/home/ec2-user/data/topics/3910 938
@/home/ec2-user/data/topics/1890 939
@/home/ec2-user/data/topics/2165 940
@/home/ec2-user/data/topics/3589 941
@/home/ec2-user/data/topics/4605 942
@/home/ec2-user/data/topics/3819 943
@/home/ec2-user/data/topics/4386 944
@/home/ec2-user/data/topics/3361 945
@/home/ec2-user/data/topics/1343 946
@/home/ec2-user/data/topics/3476 947
@/home/ec2-user/data/topics/3505 948
@/home/ec2-user/data/topics/1938 949
@/home/ec2-user/data/topics/3985 950
@/home/ec2-user/data/topics/1641 951
株式会社三共

@/home/ec2-user/data/topics/1086 952
@/home/ec2-user/data/topics/2060 952
@/home/ec2-user/data/topics/4374 953
@/home/ec2-user/data/topics/1665 954
@/home/ec2-user/data/topics/1377 955
@/home/ec2-user/data/topics/1189 956
@/home/ec2-user/data/topics/1648 957
@/home/ec2-user/data/topics/2123 958
@/home/ec2-user/data/topics/4868 959
沖電気工業株式会社

@/home/ec2-user/data/topics/4299 960
@/home/ec2-user/data/topics/4575 960
@/home/ec2-user/data/topics/3964 961
@/home/ec2-user/data/topics/3621 962
@/home/ec2-user/data/topics/3764 963
@/home/ec2-user/data/topics/3433 964
@/home/ec2-user/data/topics/1188 965
@/home/ec2-user/data/topics/4693 966
@/home/ec2-user/data/topics/1531 967
@/home/ec2-user/data/topics/3457 968
@/home/ec2-user/data/topics/3690 969
@/home/ec2-user/data/topics/4308 970
@/home/ec2-user/data/topics/3395 971
@/home/ec2-user/data/topics/3571 972
株式会社三星

@/home/ec2-user/data/topics/1260 973
@/home/ec2-user/data/topics/2108 973
@/home/ec2-user/data/topics/1728 974
@/home/ec2-user/data/topics/1733 975
@/home/ec2-user/data/topics/2198 976
@/home/ec2-user/data/topics/3942 977
日本ビクター株式会社

@/home/ec2-user/data/topics/1823 978
@/home/ec2-user/data/topics/4672 978
@/home/ec2-user/data/topics/3603 979
@/home/ec2-user/data/topics/1440 980
@/home/ec2-user/data/topics/1389 981
@/home/ec2-user/data/topics/4056 982
@/home/ec2-user/data/topics/3882 983
@/home/ec2-user/data/topics/1520 984
@/home/ec2-user/data/topics/4123 985
@/home/ec2-user/data/topics/3620 986
@/home/ec2-user/data/topics/3939 987
花王株式会社

@/home/ec2-user/data/topics/4445 988
@/home/ec2-user/data/topics/4211 988
@/home/ec2-user/data/topics/3884 989
@/home/ec2-user/data/topics/4827 990
@/home/ec2-user/data/topics/1022 991
@/home/ec2-user/data/topics/1767 992
@/home/ec2-user/data/topics/4287 993
@/home/ec2-user/data/topics/4249 994
@/home/ec2-user/data/topics/1196 995
@/home/ec2-user/data/topics/3812 996
@/home/ec2-user/data/topics/3999 997
@/home/ec2-user/data/topics/3753 998
@/home/ec2-user/data/topics/2214 999
三田工業株式会社

@/home/ec2-user/data/topics/2136 1000
@/home/ec2-user/data/topics/1269 1000
@/home/ec2-user/data/topics/3842 1001
@/home/ec2-user/data/topics/2155 1002
@/home/ec2-user/data/topics/1034 1003
@/home/ec2-user/data/topics/1033 1004
@/home/ec2-user/data/topics/3604 1005
@/home/ec2-user/data/topics/1766 1006
@/home/ec2-user/data/topics/3923 1007
豊丸産業株式会社

@/home/ec2-user/data/topics/2011 1008
@/home/ec2-user/data/topics/1097 1008
@/home/ec2-user/data/topics/1138 1009
@/home/ec2-user/data/topics/1726 1010
@/home/ec2-user/data/topics/1126 1011
@/home/ec2-user/data/topics/2169 1012
@/home/ec2-user/data/topics/1401 1013
@/home/ec2-user/data/topics/1713 1014
@/home/ec2-user/data/topics/3672 1015
@/home/ec2-user/data/topics/1588 1016
@/home/ec2-user/data/topics/1353 1017
@/home/ec2-user/data/topics/4847 1018
@/home/ec2-user/data/topics/1677 1019
@/home/ec2-user/data/topics/1284 1020
@/home/ec2-user/data/topics/1914 1021
鐘紡株式会社

@/home/ec2-user/data/topics/2034 1022
@/home/ec2-user/data/topics/1870 1022
@/home/ec2-user/data/topics/1367 1023
@/home/ec2-user/data/topics/2223 1024
@/home/ec2-user/data/topics/3560 1025
@/home/ec2-user/data/topics/1178 1026
@/home/ec2-user/data/topics/1842 1027
@/home/ec2-user/data/topics/4195 1028
@/home/ec2-user/data/topics/1304 1029
@/home/ec2-user/data/topics/1901 1030
@/home/ec2-user/data/topics/3566 1031
@/home/ec2-user/data/topics/3634 1032
@/home/ec2-user/data/topics/1054 1033
@/home/ec2-user/data/topics/3551 1034
@/home/ec2-user/data/topics/2185 1035
@/home/ec2-user/data/topics/1886 1036
株式会社デンソー

@/home/ec2-user/data/topics/4498 1037
@/home/ec2-user/data/topics/4805 1037
@/home/ec2-user/data/topics/4483 1038
@/home/ec2-user/data/topics/4046 1039
@/home/ec2-user/data/topics/3406 1040
@/home/ec2-user/data/topics/3480 1041
@/home/ec2-user/data/topics/4840 1042
@/home/ec2-user/data/topics/4423 1043
@/home/ec2-user/data/topics/1028 1044
@/home/ec2-user/data/topics/4675 1045
@/home/ec2-user/data/topics/4024 1046
@/home/ec2-user/data/topics/4622 1047
@/home/ec2-user/data/topics/4164 1048
@/home/ec2-user/data/topics/4656 1049
@/home/ec2-user/data/topics/3421 1050
@/home/ec2-user/data/topics/1855 1051
@/home/ec2-user/data/topics/3710 1052
富士写真フイルム株式会社

@/home/ec2-user/data/topics/4962 1053
@/home/ec2-user/data/topics/3354 1053
@/home/ec2-user/data/topics/1603 1054
@/home/ec2-user/data/topics/1570 1055
@/home/ec2-user/data/topics/3918 1056
@/home/ec2-user/data/topics/2134 1057
@/home/ec2-user/data/topics/3857 1058
@/home/ec2-user/data/topics/1244 1059
@/home/ec2-user/data/topics/1662 1060
@/home/ec2-user/data/topics/3911 1061
@/home/ec2-user/data/topics/3447 1062
京セラ株式会社

@/home/ec2-user/data/topics/4031 1063
@/home/ec2-user/data/topics/3741 1063
@/home/ec2-user/data/topics/3593 1064
@/home/ec2-user/data/topics/1741 1065
@/home/ec2-user/data/topics/1485 1066
@/home/ec2-user/data/topics/1913 1067
@/home/ec2-user/data/topics/3869 1068
@/home/ec2-user/data/topics/4901 1069
@/home/ec2-user/data/topics/4513 1070
@/home/ec2-user/data/topics/1708 1071
@/home/ec2-user/data/topics/3615 1072
@/home/ec2-user/data/topics/4340 1073
イビデン株式会社

@/home/ec2-user/data/topics/1682 1074
@/home/ec2-user/data/topics/1315 1074
@/home/ec2-user/data/topics/1770 1075
@/home/ec2-user/data/topics/1952 1076
@/home/ec2-user/data/topics/2033 1077
@/home/ec2-user/data/topics/1336 1078
@/home/ec2-user/data/topics/3814 1079
株式会社東芝

@/home/ec2-user/data/topics/1132 1080
@/home/ec2-user/data/topics/4089 1080
@/home/ec2-user/data/topics/3462 1081
@/home/ec2-user/data/topics/4172 1082
@/home/ec2-user/data/topics/3542 1083
@/home/ec2-user/data/topics/3598 1084
@/home/ec2-user/data/topics/4197 1085
@/home/ec2-user/data/topics/4863 1086
@/home/ec2-user/data/topics/4057 1087
@/home/ec2-user/data/topics/1819 1088
@/home/ec2-user/data/topics/3360 1089
@/home/ec2-user/data/topics/3890 1090
@/home/ec2-user/data/topics/3795 1091
@/home/ec2-user/data/topics/4623 1092
@/home/ec2-user/data/topics/3363 1093
@/home/ec2-user/data/topics/3851 1094
@/home/ec2-user/data/topics/1757 1095
@/home/ec2-user/data/topics/4140 1096
@/home/ec2-user/data/topics/4755 1097
@/home/ec2-user/data/topics/3834 1098
@/home/ec2-user/data/topics/1756 1099
@/home/ec2-user/data/topics/3380 1100
@/home/ec2-user/data/topics/4096 1101
@/home/ec2-user/data/topics/4751 1102
@/home/ec2-user/data/topics/4594 1103
@/home/ec2-user/data/topics/4183 1104
@/home/ec2-user/data/topics/4361 1105
@/home/ec2-user/data/topics/4535 1106
@/home/ec2-user/data/topics/3732 1107
@/home/ec2-user/data/topics/3988 1108
@/home/ec2-user/data/topics/3352 1109
@/home/ec2-user/data/topics/4509 1110
@/home/ec2-user/data/topics/1332 1111
@/home/ec2-user/data/topics/4881 1112
@/home/ec2-user/data/topics/4302 1113
@/home/ec2-user/data/topics/3948 1114
@/home/ec2-user/data/topics/4935 1115
@/home/ec2-user/data/topics/3618 1116
@/home/ec2-user/data/topics/3351 1117
@/home/ec2-user/data/topics/1585 1118
@/home/ec2-user/data/topics/3990 1119
@/home/ec2-user/data/topics/4165 1120
@/home/ec2-user/data/topics/4292 1121
@/home/ec2-user/data/topics/4912 1122
@/home/ec2-user/data/topics/3688 1123
@/home/ec2-user/data/topics/1090 1124
@/home/ec2-user/data/topics/4381 1125
@/home/ec2-user/data/topics/4566 1126
@/home/ec2-user/data/topics/4336 1127
@/home/ec2-user/data/topics/3683 1128
@/home/ec2-user/data/topics/4009 1129
@/home/ec2-user/data/topics/3689 1130
@/home/ec2-user/data/topics/4631 1131
@/home/ec2-user/data/topics/2241 1132
@/home/ec2-user/data/topics/3734 1133
@/home/ec2-user/data/topics/1997 1134
@/home/ec2-user/data/topics/3716 1135
@/home/ec2-user/data/topics/3881 1136
@/home/ec2-user/data/topics/3780 1137
@/home/ec2-user/data/topics/4842 1138
@/home/ec2-user/data/topics/1205 1139
ヤマハ株式会社

@/home/ec2-user/data/topics/4010 1140
@/home/ec2-user/data/topics/1443 1140
@/home/ec2-user/data/topics/4084 1141
@/home/ec2-user/data/topics/4177 1142
@/home/ec2-user/data/topics/1676 1143
@/home/ec2-user/data/topics/4145 1144
@/home/ec2-user/data/topics/1720 1145
@/home/ec2-user/data/topics/4125 1146
@/home/ec2-user/data/topics/3972 1147
@/home/ec2-user/data/topics/4954 1148
@/home/ec2-user/data/topics/4919 1149
@/home/ec2-user/data/topics/4045 1150
@/home/ec2-user/data/topics/1911 1151
東洋紡績株式会社

@/home/ec2-user/data/topics/4366 1152
@/home/ec2-user/data/topics/1029 1152
@/home/ec2-user/data/topics/4284 1153
@/home/ec2-user/data/topics/3769 1154
@/home/ec2-user/data/topics/1613 1155
@/home/ec2-user/data/topics/4362 1156
三菱化学株式会社

@/home/ec2-user/data/topics/1902 1157
@/home/ec2-user/data/topics/1197 1157
@/home/ec2-user/data/topics/1699 1158
@/home/ec2-user/data/topics/3638 1159
@/home/ec2-user/data/topics/3513 1160
@/home/ec2-user/data/topics/3458 1161
カシオ計算機株式会社

@/home/ec2-user/data/topics/2237 1162
@/home/ec2-user/data/topics/1535 1162
@/home/ec2-user/data/topics/1235 1163
@/home/ec2-user/data/topics/2180 1164
@/home/ec2-user/data/topics/3391 1165
@/home/ec2-user/data/topics/1794 1166
@/home/ec2-user/data/topics/1368 1167
@/home/ec2-user/data/topics/1047 1168
コナミ株式会社

@/home/ec2-user/data/topics/2151 1169
@/home/ec2-user/data/topics/1302 1169
@/home/ec2-user/data/topics/4602 1170
@/home/ec2-user/data/topics/1621 1171
@/home/ec2-user/data/topics/4681 1172
@/home/ec2-user/data/topics/5015 1173
@/home/ec2-user/data/topics/1672 1174
@/home/ec2-user/data/topics/2100 1175
大日本スクリーン製造株式会社

@/home/ec2-user/data/topics/1130 1176
@/home/ec2-user/data/topics/1173 1176
@/home/ec2-user/data/topics/2209 1177
@/home/ec2-user/data/topics/2172 1178
@/home/ec2-user/data/topics/3742 1179
@/home/ec2-user/data/topics/1779 1180
@/home/ec2-user/data/topics/1608 1181
オムロン株式会社

@/home/ec2-user/data/topics/1933 1182
@/home/ec2-user/data/topics/3597 1182
@/home/ec2-user/data/topics/4771 1183
@/home/ec2-user/data/topics/1135 1184
@/home/ec2-user/data/topics/3594 1185
@/home/ec2-user/data/topics/3863 1186
@/home/ec2-user/data/topics/1841 1187
@/home/ec2-user/data/topics/1151 1188
@/home/ec2-user/data/topics/1533 1189
@/home/ec2-user/data/topics/1579 1190
@/home/ec2-user/data/topics/3748 1191
@/home/ec2-user/data/topics/2096 1192
@/home/ec2-user/data/topics/1067 1193
@/home/ec2-user/data/topics/1657 1194
@/home/ec2-user/data/topics/3700 1195
株式会社日立製作所

@/home/ec2-user/data/topics/3471 1196
@/home/ec2-user/data/topics/1562 1196
@/home/ec2-user/data/topics/3659 1197
@/home/ec2-user/data/topics/1296 1198
@/home/ec2-user/data/topics/1825 1199
@/home/ec2-user/data/topics/3588 1200
@/home/ec2-user/data/topics/4559 1201
@/home/ec2-user/data/topics/1501 1202
@/home/ec2-user/data/topics/1651 1203
@/home/ec2-user/data/topics/2081 1204
@/home/ec2-user/data/topics/4545 1205
@/home/ec2-user/data/topics/4621 1206
@/home/ec2-user/data/topics/4489 1207
@/home/ec2-user/data/topics/4040 1208
@/home/ec2-user/data/topics/3531 1209
@/home/ec2-user/data/topics/4122 1210
@/home/ec2-user/data/topics/4401 1211
@/home/ec2-user/data/topics/1833 1212
@/home/ec2-user/data/topics/4547 1213
@/home/ec2-user/data/topics/3432 1214
@/home/ec2-user/data/topics/1463 1215
@/home/ec2-user/data/topics/1278 1216
@/home/ec2-user/data/topics/3994 1217
@/home/ec2-user/data/topics/3665 1218
@/home/ec2-user/data/topics/3439 1219
@/home/ec2-user/data/topics/3965 1220
@/home/ec2-user/data/topics/1340 1221
@/home/ec2-user/data/topics/4058 1222
@/home/ec2-user/data/topics/4166 1223
@/home/ec2-user/data/topics/3968 1224
@/home/ec2-user/data/topics/4990 1225
@/home/ec2-user/data/topics/3596 1226
@/home/ec2-user/data/topics/1693 1227
@/home/ec2-user/data/topics/1334 1228
@/home/ec2-user/data/topics/3648 1229
@/home/ec2-user/data/topics/3779 1230
@/home/ec2-user/data/topics/1249 1231
@/home/ec2-user/data/topics/3350 1232
@/home/ec2-user/data/topics/1105 1233
@/home/ec2-user/data/topics/2239 1234
@/home/ec2-user/data/topics/3822 1235
@/home/ec2-user/data/topics/1882 1236
@/home/ec2-user/data/topics/3440 1237
@/home/ec2-user/data/topics/3706 1238
@/home/ec2-user/data/topics/1640 1239
@/home/ec2-user/data/topics/3461 1240
@/home/ec2-user/data/topics/3524 1241
@/home/ec2-user/data/topics/1082 1242
@/home/ec2-user/data/topics/4402 1243
@/home/ec2-user/data/topics/1880 1244
@/home/ec2-user/data/topics/4493 1245
@/home/ec2-user/data/topics/3691 1246
@/home/ec2-user/data/topics/2019 1247
@/home/ec2-user/data/topics/4830 1248
@/home/ec2-user/data/topics/3772 1249
@/home/ec2-user/data/topics/2184 1250
@/home/ec2-user/data/topics/4799 1251
@/home/ec2-user/data/topics/4943 1252
@/home/ec2-user/data/topics/1072 1253
@/home/ec2-user/data/topics/1487 1254
@/home/ec2-user/data/topics/5030 1255
@/home/ec2-user/data/topics/1987 1256
@/home/ec2-user/data/topics/3570 1257
@/home/ec2-user/data/topics/3488 1258
@/home/ec2-user/data/topics/1826 1259
@/home/ec2-user/data/topics/4551 1260
@/home/ec2-user/data/topics/3599 1261
@/home/ec2-user/data/topics/3973 1262
@/home/ec2-user/data/topics/1247 1263
@/home/ec2-user/data/topics/3993 1264
@/home/ec2-user/data/topics/1667 1265
@/home/ec2-user/data/topics/4420 1266
@/home/ec2-user/data/topics/3384 1267
@/home/ec2-user/data/topics/5029 1268
凸版印刷株式会社

@/home/ec2-user/data/topics/1091 1269
@/home/ec2-user/data/topics/3500 1269
@/home/ec2-user/data/topics/1977 1270
@/home/ec2-user/data/topics/1765 1271
@/home/ec2-user/data/topics/3624 1272
@/home/ec2-user/data/topics/4874 1273
@/home/ec2-user/data/topics/3526 1274
株式会社ノーリツ

@/home/ec2-user/data/topics/1760 1275
@/home/ec2-user/data/topics/4206 1275
@/home/ec2-user/data/topics/1598 1276
@/home/ec2-user/data/topics/1290 1277
@/home/ec2-user/data/topics/4354 1278
@/home/ec2-user/data/topics/1618 1279
@/home/ec2-user/data/topics/4776 1280
@/home/ec2-user/data/topics/2116 1281
川崎重工業株式会社

@/home/ec2-user/data/topics/4866 1282
@/home/ec2-user/data/topics/1162 1282
@/home/ec2-user/data/topics/4572 1283
@/home/ec2-user/data/topics/4793 1284
@/home/ec2-user/data/topics/4756 1285
@/home/ec2-user/data/topics/5025 1286
@/home/ec2-user/data/topics/4944 1287
@/home/ec2-user/data/topics/1172 1288
ティーディーケイ株式会社

@/home/ec2-user/data/topics/1409 1289
@/home/ec2-user/data/topics/2210 1289
@/home/ec2-user/data/topics/3792 1290
@/home/ec2-user/data/topics/3798 1291
@/home/ec2-user/data/topics/4619 1292
@/home/ec2-user/data/topics/1129 1293
@/home/ec2-user/data/topics/3909 1294
@/home/ec2-user/data/topics/2202 1295
@/home/ec2-user/data/topics/1510 1296
京セラミタ株式会社

@/home/ec2-user/data/topics/4985 1297
@/home/ec2-user/data/topics/2141 1297
@/home/ec2-user/data/topics/4174 1298
@/home/ec2-user/data/topics/4564 1299
@/home/ec2-user/data/topics/1032 1300
@/home/ec2-user/data/topics/4973 1301
@/home/ec2-user/data/topics/1930 1302
株式会社クボタ

@/home/ec2-user/data/topics/4745 1303
@/home/ec2-user/data/topics/4379 1303
@/home/ec2-user/data/topics/3854 1304
@/home/ec2-user/data/topics/1280 1305
@/home/ec2-user/data/topics/3919 1306
@/home/ec2-user/data/topics/1012 1307
@/home/ec2-user/data/topics/3823 1308
@/home/ec2-user/data/topics/1734 1309
@/home/ec2-user/data/topics/4251 1310
@/home/ec2-user/data/topics/1448 1311
シャープ株式会社

@/home/ec2-user/data/topics/3855 1312
@/home/ec2-user/data/topics/2020 1312
@/home/ec2-user/data/topics/4105 1313
@/home/ec2-user/data/topics/4127 1314
@/home/ec2-user/data/topics/4228 1315
@/home/ec2-user/data/topics/4173 1316
@/home/ec2-user/data/topics/3981 1317
@/home/ec2-user/data/topics/3858 1318
@/home/ec2-user/data/topics/3777 1319
@/home/ec2-user/data/topics/4782 1320
@/home/ec2-user/data/topics/3966 1321
@/home/ec2-user/data/topics/1431 1322
@/home/ec2-user/data/topics/3606 1323
@/home/ec2-user/data/topics/4152 1324
@/home/ec2-user/data/topics/3673 1325
@/home/ec2-user/data/topics/4323 1326
@/home/ec2-user/data/topics/3762 1327
@/home/ec2-user/data/topics/1209 1328
@/home/ec2-user/data/topics/4691 1329
@/home/ec2-user/data/topics/4263 1330
@/home/ec2-user/data/topics/4252 1331
@/home/ec2-user/data/topics/3452 1332
@/home/ec2-user/data/topics/1563 1333
@/home/ec2-user/data/topics/1804 1334
@/home/ec2-user/data/topics/3578 1335
@/home/ec2-user/data/topics/4349 1336
@/home/ec2-user/data/topics/4744 1337
@/home/ec2-user/data/topics/1840 1338
@/home/ec2-user/data/topics/1685 1339
@/home/ec2-user/data/topics/3649 1340
@/home/ec2-user/data/topics/4230 1341
@/home/ec2-user/data/topics/4583 1342
@/home/ec2-user/data/topics/4519 1343
@/home/ec2-user/data/topics/4648 1344
@/home/ec2-user/data/topics/1288 1345
@/home/ec2-user/data/topics/4245 1346
@/home/ec2-user/data/topics/1384 1347
@/home/ec2-user/data/topics/4124 1348
@/home/ec2-user/data/topics/2118 1349
@/home/ec2-user/data/topics/1965 1350
@/home/ec2-user/data/topics/4430 1351
@/home/ec2-user/data/topics/3813 1352
@/home/ec2-user/data/topics/4516 1353
@/home/ec2-user/data/topics/3679 1354
@/home/ec2-user/data/topics/2087 1355
@/home/ec2-user/data/topics/2084 1356
@/home/ec2-user/data/topics/4861 1357
@/home/ec2-user/data/topics/4095 1358
@/home/ec2-user/data/topics/1258 1359
@/home/ec2-user/data/topics/3450 1360
@/home/ec2-user/data/topics/3871 1361
@/home/ec2-user/data/topics/3760 1362
@/home/ec2-user/data/topics/4469 1363
@/home/ec2-user/data/topics/3678 1364
@/home/ec2-user/data/topics/3698 1365
@/home/ec2-user/data/topics/1154 1366
@/home/ec2-user/data/topics/1396 1367
@/home/ec2-user/data/topics/1174 1368
@/home/ec2-user/data/topics/1561 1369
@/home/ec2-user/data/topics/3776 1370
@/home/ec2-user/data/topics/4256 1371
@/home/ec2-user/data/topics/4005 1372
@/home/ec2-user/data/topics/3978 1373
@/home/ec2-user/data/topics/3957 1374
@/home/ec2-user/data/topics/4214 1375
@/home/ec2-user/data/topics/1349 1376
@/home/ec2-user/data/topics/1419 1377
@/home/ec2-user/data/topics/3422 1378
@/home/ec2-user/data/topics/1318 1379
@/home/ec2-user/data/topics/1970 1380
@/home/ec2-user/data/topics/4717 1381
@/home/ec2-user/data/topics/4683 1382
@/home/ec2-user/data/topics/3610 1383
@/home/ec2-user/data/topics/4103 1384
@/home/ec2-user/data/topics/3895 1385
@/home/ec2-user/data/topics/4019 1386
@/home/ec2-user/data/topics/3941 1387
@/home/ec2-user/data/topics/3537 1388
@/home/ec2-user/data/topics/3832 1389
@/home/ec2-user/data/topics/4113 1390
@/home/ec2-user/data/topics/3793 1391
日本輸送機株式会社

@/home/ec2-user/data/topics/1940 1392
@/home/ec2-user/data/topics/1493 1392
@/home/ec2-user/data/topics/1108 1393
@/home/ec2-user/data/topics/1191 1394
@/home/ec2-user/data/topics/3573 1395
@/home/ec2-user/data/topics/2065 1396
@/home/ec2-user/data/topics/2221 1397
@/home/ec2-user/data/topics/1456 1398
東京エレクトロン株式会社

@/home/ec2-user/data/topics/1736 1399
@/home/ec2-user/data/topics/4053 1399
@/home/ec2-user/data/topics/3947 1400
@/home/ec2-user/data/topics/4702 1401
@/home/ec2-user/data/topics/4618 1402
@/home/ec2-user/data/topics/4345 1403
@/home/ec2-user/data/topics/4906 1404
@/home/ec2-user/data/topics/1800 1405
@/home/ec2-user/data/topics/1263 1406
@/home/ec2-user/data/topics/4023 1407
@/home/ec2-user/data/topics/1508 1408
@/home/ec2-user/data/topics/4002 1409
株式会社村田製作所

@/home/ec2-user/data/topics/4271 1410
@/home/ec2-user/data/topics/1374 1410
@/home/ec2-user/data/topics/4432 1411
@/home/ec2-user/data/topics/4163 1412
@/home/ec2-user/data/topics/3697 1413
@/home/ec2-user/data/topics/4325 1414
@/home/ec2-user/data/topics/4795 1415
@/home/ec2-user/data/topics/4042 1416
@/home/ec2-user/data/topics/3885 1417
@/home/ec2-user/data/topics/1411 1418
@/home/ec2-user/data/topics/4070 1419
@/home/ec2-user/data/topics/4417 1420
@/home/ec2-user/data/topics/2229 1421
@/home/ec2-user/data/topics/4378 1422
@/home/ec2-user/data/topics/4703 1423
@/home/ec2-user/data/topics/3482 1424
@/home/ec2-user/data/topics/3435 1425
日本電信電話株式会社

@/home/ec2-user/data/topics/3811 1426
@/home/ec2-user/data/topics/4087 1426
@/home/ec2-user/data/topics/4792 1427
@/home/ec2-user/data/topics/4115 1428
@/home/ec2-user/data/topics/4488 1429
@/home/ec2-user/data/topics/3915 1430
@/home/ec2-user/data/topics/3927 1431
@/home/ec2-user/data/topics/4836 1432
@/home/ec2-user/data/topics/4208 1433
@/home/ec2-user/data/topics/4104 1434
@/home/ec2-user/data/topics/4965 1435
@/home/ec2-user/data/topics/3894 1436
@/home/ec2-user/data/topics/1408 1437
@/home/ec2-user/data/topics/3544 1438
@/home/ec2-user/data/topics/4865 1439
@/home/ec2-user/data/topics/3521 1440
@/home/ec2-user/data/topics/1556 1441
@/home/ec2-user/data/topics/1230 1442
@/home/ec2-user/data/topics/4916 1443
@/home/ec2-user/data/topics/3928 1444
@/home/ec2-user/data/topics/4511 1445
@/home/ec2-user/data/topics/4025 1446
@/home/ec2-user/data/topics/2017 1447
@/home/ec2-user/data/topics/1229 1448
@/home/ec2-user/data/topics/4131 1449
@/home/ec2-user/data/topics/3824 1450
@/home/ec2-user/data/topics/1042 1451
@/home/ec2-user/data/topics/3552 1452
@/home/ec2-user/data/topics/3586 1453
@/home/ec2-user/data/topics/4964 1454
@/home/ec2-user/data/topics/3425 1455
@/home/ec2-user/data/topics/4232 1456
@/home/ec2-user/data/topics/1934 1457
@/home/ec2-user/data/topics/3650 1458
@/home/ec2-user/data/topics/4505 1459
@/home/ec2-user/data/topics/4146 1460
@/home/ec2-user/data/topics/3641 1461
@/home/ec2-user/data/topics/4175 1462
@/home/ec2-user/data/topics/4335 1463
@/home/ec2-user/data/topics/4952 1464
@/home/ec2-user/data/topics/4925 1465
@/home/ec2-user/data/topics/4114 1466
@/home/ec2-user/data/topics/2130 1467
@/home/ec2-user/data/topics/3785 1468
@/home/ec2-user/data/topics/4118 1469
@/home/ec2-user/data/topics/4664 1470
@/home/ec2-user/data/topics/3509 1471
@/home/ec2-user/data/topics/3568 1472
@/home/ec2-user/data/topics/1809 1473
@/home/ec2-user/data/topics/1787 1474
@/home/ec2-user/data/topics/4560 1475
@/home/ec2-user/data/topics/3536 1476
@/home/ec2-user/data/topics/4870 1477
@/home/ec2-user/data/topics/3359 1478
@/home/ec2-user/data/topics/4443 1479
@/home/ec2-user/data/topics/4121 1480
日本鋼管株式会社

@/home/ec2-user/data/topics/2095 1481
@/home/ec2-user/data/topics/4161 1481
@/home/ec2-user/data/topics/1690 1482
@/home/ec2-user/data/topics/4455 1483
@/home/ec2-user/data/topics/1404 1484
@/home/ec2-user/data/topics/4289 1485
@/home/ec2-user/data/topics/3572 1486
株式会社神戸製鋼所

@/home/ec2-user/data/topics/4949 1487
@/home/ec2-user/data/topics/3902 1487
@/home/ec2-user/data/topics/1465 1488
@/home/ec2-user/data/topics/3632 1489
@/home/ec2-user/data/topics/3475 1490
@/home/ec2-user/data/topics/2064 1491
@/home/ec2-user/data/topics/3674 1492
株式会社ケンウッド

@/home/ec2-user/data/topics/4167 1493
@/home/ec2-user/data/topics/1698 1493
@/home/ec2-user/data/topics/1241 1494
@/home/ec2-user/data/topics/1115 1495
@/home/ec2-user/data/topics/3969 1496
@/home/ec2-user/data/topics/3801 1497
@/home/ec2-user/data/topics/1186 1498
@/home/ec2-user/data/topics/3977 1499
@/home/ec2-user/data/topics/1617 1500
@/home/ec2-user/data/topics/1345 1501
@/home/ec2-user/data/topics/3839 1502
@/home/ec2-user/data/topics/3794 1503
@/home/ec2-user/data/topics/1896 1504
@/home/ec2-user/data/topics/2163 1505
@/home/ec2-user/data/topics/4050 1506
@/home/ec2-user/data/topics/3463 1507
@/home/ec2-user/data/topics/4467 1508
@/home/ec2-user/data/topics/4038 1509
@/home/ec2-user/data/topics/2036 1510
@/home/ec2-user/data/topics/1424 1511
@/home/ec2-user/data/topics/3878 1512
東陶機器株式会社

@/home/ec2-user/data/topics/1692 1513
@/home/ec2-user/data/topics/1735 1513
@/home/ec2-user/data/topics/3821 1514
@/home/ec2-user/data/topics/1626 1515
@/home/ec2-user/data/topics/2135 1516
@/home/ec2-user/data/topics/3583 1517
本田技研工業株式会社

@/home/ec2-user/data/topics/4783 1518
@/home/ec2-user/data/topics/4033 1518
@/home/ec2-user/data/topics/1226 1519
@/home/ec2-user/data/topics/2000 1520
@/home/ec2-user/data/topics/1143 1521
@/home/ec2-user/data/topics/1444 1522
@/home/ec2-user/data/topics/1822 1523
@/home/ec2-user/data/topics/1215 1524
@/home/ec2-user/data/topics/4199 1525
@/home/ec2-user/data/topics/5026 1526
@/home/ec2-user/data/topics/1605 1527
@/home/ec2-user/data/topics/3685 1528
@/home/ec2-user/data/topics/4132 1529
@/home/ec2-user/data/topics/4375 1530
@/home/ec2-user/data/topics/4888 1531
@/home/ec2-user/data/topics/1266 1532
@/home/ec2-user/data/topics/2016 1533
@/home/ec2-user/data/topics/4331 1534
@/home/ec2-user/data/topics/1818 1535
新日本製鐵株式会社

@/home/ec2-user/data/topics/5008 1536
@/home/ec2-user/data/topics/4472 1536
@/home/ec2-user/data/topics/3368 1537
@/home/ec2-user/data/topics/3663 1538
@/home/ec2-user/data/topics/3899 1539
@/home/ec2-user/data/topics/3861 1540
松下電工株式会社

@/home/ec2-user/data/topics/3549 1541
@/home/ec2-user/data/topics/4347 1541
@/home/ec2-user/data/topics/4317 1542
@/home/ec2-user/data/topics/4592 1543
@/home/ec2-user/data/topics/1803 1544
@/home/ec2-user/data/topics/1011 1545
@/home/ec2-user/data/topics/3835 1546
@/home/ec2-user/data/topics/3379 1547
@/home/ec2-user/data/topics/4450 1548
@/home/ec2-user/data/topics/3511 1549
@/home/ec2-user/data/topics/3932 1550
@/home/ec2-user/data/topics/1251 1551
@/home/ec2-user/data/topics/4012 1552
@/home/ec2-user/data/topics/2045 1553
@/home/ec2-user/data/topics/4094 1554
@/home/ec2-user/data/topics/3651 1555
@/home/ec2-user/data/topics/3565 1556
@/home/ec2-user/data/topics/3670 1557
@/home/ec2-user/data/topics/3778 1558
@/home/ec2-user/data/topics/4029 1559
@/home/ec2-user/data/topics/1311 1560
@/home/ec2-user/data/topics/4083 1561
usernum: 72
hit: 1019
simhit: 1344
simmax: 0.739130434783
simmin: 0.0
simavg: 0.199435729879
dlmax: 0.147143194557
dlmin: 0.00658735342999
dlavg: 0.0375623599973
mthit: 1428
mthls: 11
srp: 100.527
total: 1562
hit/total: 0.652368758003
simhit/total: 0.860435339309
mthit/(total+usernum): 0.873929008568
mthls/(total+usernum): 0.00673194614443
srp/(total+usernum): 0.0205073439412
srp20/(total+usernum): 0.00807833537332
srp100/(total+usernum): 0.0134516523868
srp500/(total+usernum): 0.0175369237046

2016-12-22 16:13:27.462943
