2016-12-24 16:18:03.018014

topic-folder:/home/ec2-user/data/topics/
cl-file:/home/ec2-user/git/tfidf/result-new/b2-0.txt
cl-floder:/home/ec2-user/data/lsaclass/
zipf:0.5
stype[0(tfidf)/1(tfidf2)/2(lsa)/3(lda)]:2
dtype[<0(diff*rand)/0(diff)/1(same)/>=2(diff*same)]:0
output-floder:/home/ec2-user/git/userquery/result

三菱マテリアル株式会社

@/home/ec2-user/data/topics/1085 0
@/home/ec2-user/data/topics/3546 0
@/home/ec2-user/data/topics/3470 1
@/home/ec2-user/data/topics/2093 2
@/home/ec2-user/data/topics/3866 3
@/home/ec2-user/data/topics/3520 4
@/home/ec2-user/data/topics/3630 5
@/home/ec2-user/data/topics/1638 6
日本精機株式会社

@/home/ec2-user/data/topics/4875 7
@/home/ec2-user/data/topics/4709 7
@/home/ec2-user/data/topics/4690 8
@/home/ec2-user/data/topics/4972 9
@/home/ec2-user/data/topics/1398 10
@/home/ec2-user/data/topics/4907 11
コニカ株式会社

@/home/ec2-user/data/topics/3426 12
@/home/ec2-user/data/topics/3533 12
@/home/ec2-user/data/topics/3414 13
@/home/ec2-user/data/topics/3431 14
@/home/ec2-user/data/topics/2162 15
@/home/ec2-user/data/topics/3486 16
@/home/ec2-user/data/topics/3419 17
@/home/ec2-user/data/topics/1946 18
@/home/ec2-user/data/topics/3370 19
@/home/ec2-user/data/topics/3357 20
@/home/ec2-user/data/topics/3418 21
埼玉日本電気株式会社

@/home/ec2-user/data/topics/4496 22
@/home/ec2-user/data/topics/4283 22
@/home/ec2-user/data/topics/5010 23
@/home/ec2-user/data/topics/1620 24
@/home/ec2-user/data/topics/1512 25
@/home/ec2-user/data/topics/4242 26
@/home/ec2-user/data/topics/4279 27
@/home/ec2-user/data/topics/4468 28
@/home/ec2-user/data/topics/4998 29
アルプス電気株式会社

@/home/ec2-user/data/topics/2012 30
@/home/ec2-user/data/topics/2089 30
@/home/ec2-user/data/topics/3429 31
@/home/ec2-user/data/topics/3582 32
@/home/ec2-user/data/topics/4791 33
@/home/ec2-user/data/topics/1253 34
@/home/ec2-user/data/topics/1434 35
三菱重工業株式会社

@/home/ec2-user/data/topics/3637 36
@/home/ec2-user/data/topics/4862 36
@/home/ec2-user/data/topics/3503 37
@/home/ec2-user/data/topics/3833 38
@/home/ec2-user/data/topics/4563 39
@/home/ec2-user/data/topics/4882 40
@/home/ec2-user/data/topics/3591 41
@/home/ec2-user/data/topics/3529 42
@/home/ec2-user/data/topics/3944 43
@/home/ec2-user/data/topics/5022 44
@/home/ec2-user/data/topics/4412 45
@/home/ec2-user/data/topics/4687 46
村田機械株式会社

@/home/ec2-user/data/topics/4835 47
@/home/ec2-user/data/topics/3528 47
@/home/ec2-user/data/topics/1074 48
@/home/ec2-user/data/topics/5000 49
@/home/ec2-user/data/topics/4638 50
@/home/ec2-user/data/topics/3740 51
@/home/ec2-user/data/topics/1607 52
@/home/ec2-user/data/topics/4645 53
@/home/ec2-user/data/topics/1293 54
@/home/ec2-user/data/topics/4565 55
@/home/ec2-user/data/topics/4441 56
@/home/ec2-user/data/topics/4941 57
@/home/ec2-user/data/topics/4746 58
@/home/ec2-user/data/topics/4556 59
@/home/ec2-user/data/topics/4596 60
@/home/ec2-user/data/topics/4570 61
@/home/ec2-user/data/topics/1511 62
川崎製鉄株式会社

@/home/ec2-user/data/topics/1037 63
@/home/ec2-user/data/topics/3553 63
@/home/ec2-user/data/topics/3483 64
@/home/ec2-user/data/topics/3929 65
@/home/ec2-user/data/topics/4615 66
@/home/ec2-user/data/topics/3413 67
@/home/ec2-user/data/topics/3532 68
@/home/ec2-user/data/topics/1459 69
@/home/ec2-user/data/topics/3611 70
ダイキン工業株式会社

@/home/ec2-user/data/topics/4400 71
@/home/ec2-user/data/topics/3888 71
@/home/ec2-user/data/topics/4367 72
@/home/ec2-user/data/topics/4845 73
@/home/ec2-user/data/topics/4753 74
@/home/ec2-user/data/topics/4515 75
@/home/ec2-user/data/topics/4701 76
@/home/ec2-user/data/topics/1600 77
@/home/ec2-user/data/topics/1565 78
@/home/ec2-user/data/topics/4858 79
@/home/ec2-user/data/topics/4734 80
三菱自動車工業株式会社

@/home/ec2-user/data/topics/3940 81
@/home/ec2-user/data/topics/1428 81
@/home/ec2-user/data/topics/4189 82
@/home/ec2-user/data/topics/3815 83
@/home/ec2-user/data/topics/1816 84
@/home/ec2-user/data/topics/2101 85
@/home/ec2-user/data/topics/1527 86
@/home/ec2-user/data/topics/3502 87
日産自動車株式会社

@/home/ec2-user/data/topics/3677 88
@/home/ec2-user/data/topics/3497 88
@/home/ec2-user/data/topics/3489 89
@/home/ec2-user/data/topics/4074 90
@/home/ec2-user/data/topics/4982 91
@/home/ec2-user/data/topics/3712 92
@/home/ec2-user/data/topics/3829 93
@/home/ec2-user/data/topics/3501 94
@/home/ec2-user/data/topics/3645 95
@/home/ec2-user/data/topics/3936 96
@/home/ec2-user/data/topics/3723 97
トヨタ自動車株式会社

@/home/ec2-user/data/topics/4064 98
@/home/ec2-user/data/topics/3783 98
@/home/ec2-user/data/topics/4633 99
@/home/ec2-user/data/topics/2218 100
@/home/ec2-user/data/topics/3725 101
@/home/ec2-user/data/topics/3731 102
@/home/ec2-user/data/topics/3587 103
@/home/ec2-user/data/topics/4617 104
@/home/ec2-user/data/topics/3671 105
@/home/ec2-user/data/topics/3699 106
@/home/ec2-user/data/topics/3481 107
@/home/ec2-user/data/topics/4647 108
@/home/ec2-user/data/topics/1494 109
@/home/ec2-user/data/topics/4767 110
@/home/ec2-user/data/topics/4426 111
@/home/ec2-user/data/topics/4658 112
@/home/ec2-user/data/topics/4543 113
@/home/ec2-user/data/topics/3758 114
@/home/ec2-user/data/topics/4298 115
@/home/ec2-user/data/topics/2111 116
@/home/ec2-user/data/topics/4030 117
@/home/ec2-user/data/topics/3943 118
@/home/ec2-user/data/topics/4346 119
@/home/ec2-user/data/topics/4920 120
@/home/ec2-user/data/topics/1551 121
@/home/ec2-user/data/topics/4144 122
@/home/ec2-user/data/topics/3405 123
@/home/ec2-user/data/topics/4008 124
@/home/ec2-user/data/topics/3356 125
オリンパス光学工業株式会社

@/home/ec2-user/data/topics/4013 126
@/home/ec2-user/data/topics/1586 126
@/home/ec2-user/data/topics/1981 127
@/home/ec2-user/data/topics/1869 128
@/home/ec2-user/data/topics/5006 129
@/home/ec2-user/data/topics/1835 130
@/home/ec2-user/data/topics/1739 131
@/home/ec2-user/data/topics/1107 132
@/home/ec2-user/data/topics/4007 133
@/home/ec2-user/data/topics/2026 134
@/home/ec2-user/data/topics/1155 135
@/home/ec2-user/data/topics/4878 136
ブラザー工業株式会社

@/home/ec2-user/data/topics/1164 137
@/home/ec2-user/data/topics/1183 137
@/home/ec2-user/data/topics/1300 138
@/home/ec2-user/data/topics/3507 139
@/home/ec2-user/data/topics/1076 140
@/home/ec2-user/data/topics/3686 141
@/home/ec2-user/data/topics/4548 142
@/home/ec2-user/data/topics/3789 143
@/home/ec2-user/data/topics/3613 144
@/home/ec2-user/data/topics/2086 145
@/home/ec2-user/data/topics/1697 146
@/home/ec2-user/data/topics/3477 147
@/home/ec2-user/data/topics/1906 148
@/home/ec2-user/data/topics/1636 149
@/home/ec2-user/data/topics/2085 150
富士通株式会社

@/home/ec2-user/data/topics/3962 151
@/home/ec2-user/data/topics/3636 151
@/home/ec2-user/data/topics/2215 152
@/home/ec2-user/data/topics/1264 153
@/home/ec2-user/data/topics/3428 154
@/home/ec2-user/data/topics/3850 155
@/home/ec2-user/data/topics/2227 156
@/home/ec2-user/data/topics/3802 157
@/home/ec2-user/data/topics/3970 158
@/home/ec2-user/data/topics/4191 159
@/home/ec2-user/data/topics/3912 160
@/home/ec2-user/data/topics/3538 161
@/home/ec2-user/data/topics/3400 162
@/home/ec2-user/data/topics/1609 163
@/home/ec2-user/data/topics/1998 164
@/home/ec2-user/data/topics/2216 165
@/home/ec2-user/data/topics/5004 166
@/home/ec2-user/data/topics/3749 167
@/home/ec2-user/data/topics/1547 168
@/home/ec2-user/data/topics/3765 169
@/home/ec2-user/data/topics/3870 170
@/home/ec2-user/data/topics/3883 171
@/home/ec2-user/data/topics/1271 172
@/home/ec2-user/data/topics/1874 173
@/home/ec2-user/data/topics/3846 174
@/home/ec2-user/data/topics/3862 175
@/home/ec2-user/data/topics/3751 176
@/home/ec2-user/data/topics/3399 177
@/home/ec2-user/data/topics/3381 178
@/home/ec2-user/data/topics/3460 179
@/home/ec2-user/data/topics/1123 180
@/home/ec2-user/data/topics/3799 181
静岡日本電気株式会社

@/home/ec2-user/data/topics/4365 182
@/home/ec2-user/data/topics/4314 182
@/home/ec2-user/data/topics/4507 183
@/home/ec2-user/data/topics/4531 184
@/home/ec2-user/data/topics/4250 185
@/home/ec2-user/data/topics/4326 186
住友重機械工業株式会社

@/home/ec2-user/data/topics/1553 187
@/home/ec2-user/data/topics/1019 187
@/home/ec2-user/data/topics/3868 188
@/home/ec2-user/data/topics/1900 189
@/home/ec2-user/data/topics/4854 190
@/home/ec2-user/data/topics/3952 191
@/home/ec2-user/data/topics/1373 192
@/home/ec2-user/data/topics/2039 193
@/home/ec2-user/data/topics/1505 194
大日本印刷株式会社

@/home/ec2-user/data/topics/3569 195
@/home/ec2-user/data/topics/3388 195
@/home/ec2-user/data/topics/1145 196
@/home/ec2-user/data/topics/1564 197
@/home/ec2-user/data/topics/1099 198
@/home/ec2-user/data/topics/1262 199
日本電気株式会社

@/home/ec2-user/data/topics/4486 200
@/home/ec2-user/data/topics/4097 200
@/home/ec2-user/data/topics/4876 201
@/home/ec2-user/data/topics/4258 202
@/home/ec2-user/data/topics/4158 203
@/home/ec2-user/data/topics/4477 204
@/home/ec2-user/data/topics/4246 205
@/home/ec2-user/data/topics/4129 206
@/home/ec2-user/data/topics/4643 207
@/home/ec2-user/data/topics/1867 208
@/home/ec2-user/data/topics/4595 209
@/home/ec2-user/data/topics/4244 210
@/home/ec2-user/data/topics/4162 211
@/home/ec2-user/data/topics/4447 212
@/home/ec2-user/data/topics/4398 213
@/home/ec2-user/data/topics/4185 214
@/home/ec2-user/data/topics/3766 215
@/home/ec2-user/data/topics/1923 216
@/home/ec2-user/data/topics/4093 217
@/home/ec2-user/data/topics/4390 218
@/home/ec2-user/data/topics/1364 219
@/home/ec2-user/data/topics/3938 220
@/home/ec2-user/data/topics/4216 221
@/home/ec2-user/data/topics/4260 222
@/home/ec2-user/data/topics/4092 223
@/home/ec2-user/data/topics/3875 224
@/home/ec2-user/data/topics/4310 225
@/home/ec2-user/data/topics/1624 226
@/home/ec2-user/data/topics/4168 227
@/home/ec2-user/data/topics/2022 228
@/home/ec2-user/data/topics/2166 229
@/home/ec2-user/data/topics/4192 230
@/home/ec2-user/data/topics/1078 231
@/home/ec2-user/data/topics/4689 232
@/home/ec2-user/data/topics/4578 233
@/home/ec2-user/data/topics/4626 234
@/home/ec2-user/data/topics/1891 235
@/home/ec2-user/data/topics/4278 236
@/home/ec2-user/data/topics/4446 237
@/home/ec2-user/data/topics/2119 238
@/home/ec2-user/data/topics/4598 239
@/home/ec2-user/data/topics/4609 240
@/home/ec2-user/data/topics/4434 241
@/home/ec2-user/data/topics/4926 242
@/home/ec2-user/data/topics/3897 243
@/home/ec2-user/data/topics/4497 244
@/home/ec2-user/data/topics/3724 245
@/home/ec2-user/data/topics/4186 246
@/home/ec2-user/data/topics/4682 247
@/home/ec2-user/data/topics/1457 248
@/home/ec2-user/data/topics/1928 249
@/home/ec2-user/data/topics/4425 250
@/home/ec2-user/data/topics/4750 251
@/home/ec2-user/data/topics/1783 252
@/home/ec2-user/data/topics/4142 253
@/home/ec2-user/data/topics/4721 254
@/home/ec2-user/data/topics/4549 255
@/home/ec2-user/data/topics/4300 256
@/home/ec2-user/data/topics/4134 257
@/home/ec2-user/data/topics/2150 258
@/home/ec2-user/data/topics/4388 259
@/home/ec2-user/data/topics/4742 260
@/home/ec2-user/data/topics/4613 261
@/home/ec2-user/data/topics/4393 262
@/home/ec2-user/data/topics/1634 263
@/home/ec2-user/data/topics/4644 264
@/home/ec2-user/data/topics/4257 265
@/home/ec2-user/data/topics/4760 266
@/home/ec2-user/data/topics/4196 267
@/home/ec2-user/data/topics/4659 268
@/home/ec2-user/data/topics/4359 269
@/home/ec2-user/data/topics/3995 270
@/home/ec2-user/data/topics/4657 271
@/home/ec2-user/data/topics/4442 272
@/home/ec2-user/data/topics/4371 273
@/home/ec2-user/data/topics/4342 274
@/home/ec2-user/data/topics/1052 275
@/home/ec2-user/data/topics/4651 276
@/home/ec2-user/data/topics/1281 277
@/home/ec2-user/data/topics/4138 278
@/home/ec2-user/data/topics/1791 279
@/home/ec2-user/data/topics/4082 280
@/home/ec2-user/data/topics/4247 281
@/home/ec2-user/data/topics/3954 282
@/home/ec2-user/data/topics/1500 283
@/home/ec2-user/data/topics/4666 284
@/home/ec2-user/data/topics/4699 285
@/home/ec2-user/data/topics/4603 286
@/home/ec2-user/data/topics/4718 287
@/home/ec2-user/data/topics/4485 288
@/home/ec2-user/data/topics/4352 289
@/home/ec2-user/data/topics/1523 290
@/home/ec2-user/data/topics/4708 291
@/home/ec2-user/data/topics/4100 292
@/home/ec2-user/data/topics/4207 293
@/home/ec2-user/data/topics/4243 294
@/home/ec2-user/data/topics/4338 295
@/home/ec2-user/data/topics/4171 296
@/home/ec2-user/data/topics/4490 297
@/home/ec2-user/data/topics/4775 298
@/home/ec2-user/data/topics/4429 299
@/home/ec2-user/data/topics/1016 300
@/home/ec2-user/data/topics/4646 301
@/home/ec2-user/data/topics/1764 302
@/home/ec2-user/data/topics/1937 303
@/home/ec2-user/data/topics/1879 304
@/home/ec2-user/data/topics/1612 305
@/home/ec2-user/data/topics/4785 306
@/home/ec2-user/data/topics/4204 307
@/home/ec2-user/data/topics/4315 308
@/home/ec2-user/data/topics/4063 309
@/home/ec2-user/data/topics/4003 310
@/home/ec2-user/data/topics/3853 311
@/home/ec2-user/data/topics/4414 312
@/home/ec2-user/data/topics/1044 313
@/home/ec2-user/data/topics/3886 314
@/home/ec2-user/data/topics/4320 315
@/home/ec2-user/data/topics/4892 316
@/home/ec2-user/data/topics/4119 317
@/home/ec2-user/data/topics/4153 318
@/home/ec2-user/data/topics/4650 319
@/home/ec2-user/data/topics/4902 320
@/home/ec2-user/data/topics/4433 321
@/home/ec2-user/data/topics/4017 322
@/home/ec2-user/data/topics/4530 323
@/home/ec2-user/data/topics/1948 324
@/home/ec2-user/data/topics/4460 325
@/home/ec2-user/data/topics/3729 326
@/home/ec2-user/data/topics/1567 327
@/home/ec2-user/data/topics/3896 328
@/home/ec2-user/data/topics/1710 329
@/home/ec2-user/data/topics/4824 330
@/home/ec2-user/data/topics/4850 331
@/home/ec2-user/data/topics/4749 332
@/home/ec2-user/data/topics/4275 333
@/home/ec2-user/data/topics/4458 334
@/home/ec2-user/data/topics/4389 335
@/home/ec2-user/data/topics/4532 336
@/home/ec2-user/data/topics/4236 337
@/home/ec2-user/data/topics/4728 338
@/home/ec2-user/data/topics/1100 339
@/home/ec2-user/data/topics/1973 340
@/home/ec2-user/data/topics/1101 341
@/home/ec2-user/data/topics/4281 342
@/home/ec2-user/data/topics/4940 343
@/home/ec2-user/data/topics/4759 344
@/home/ec2-user/data/topics/4427 345
@/home/ec2-user/data/topics/2041 346
@/home/ec2-user/data/topics/1116 347
@/home/ec2-user/data/topics/1360 348
@/home/ec2-user/data/topics/4665 349
@/home/ec2-user/data/topics/4764 350
@/home/ec2-user/data/topics/3744 351
@/home/ec2-user/data/topics/2031 352
@/home/ec2-user/data/topics/4267 353
@/home/ec2-user/data/topics/4081 354
@/home/ec2-user/data/topics/4808 355
@/home/ec2-user/data/topics/1557 356
@/home/ec2-user/data/topics/4696 357
@/home/ec2-user/data/topics/1326 358
@/home/ec2-user/data/topics/3865 359
@/home/ec2-user/data/topics/1383 360
@/home/ec2-user/data/topics/4536 361
@/home/ec2-user/data/topics/4584 362
@/home/ec2-user/data/topics/1362 363
@/home/ec2-user/data/topics/1773 364
@/home/ec2-user/data/topics/1199 365
@/home/ec2-user/data/topics/4309 366
@/home/ec2-user/data/topics/4071 367
@/home/ec2-user/data/topics/4343 368
@/home/ec2-user/data/topics/4276 369
@/home/ec2-user/data/topics/4779 370
@/home/ec2-user/data/topics/1724 371
@/home/ec2-user/data/topics/4634 372
@/home/ec2-user/data/topics/4254 373
@/home/ec2-user/data/topics/4561 374
@/home/ec2-user/data/topics/4116 375
@/home/ec2-user/data/topics/4238 376
@/home/ec2-user/data/topics/1815 377
@/home/ec2-user/data/topics/4288 378
@/home/ec2-user/data/topics/5034 379
@/home/ec2-user/data/topics/4128 380
@/home/ec2-user/data/topics/4062 381
@/home/ec2-user/data/topics/4533 382
@/home/ec2-user/data/topics/2144 383
@/home/ec2-user/data/topics/4120 384
@/home/ec2-user/data/topics/1595 385
@/home/ec2-user/data/topics/4272 386
@/home/ec2-user/data/topics/2127 387
@/home/ec2-user/data/topics/4360 388
@/home/ec2-user/data/topics/4318 389
@/home/ec2-user/data/topics/4418 390
@/home/ec2-user/data/topics/1122 391
@/home/ec2-user/data/topics/4537 392
@/home/ec2-user/data/topics/3956 393
@/home/ec2-user/data/topics/4319 394
@/home/ec2-user/data/topics/1852 395
@/home/ec2-user/data/topics/1112 396
@/home/ec2-user/data/topics/4816 397
@/home/ec2-user/data/topics/4137 398
@/home/ec2-user/data/topics/1486 399
@/home/ec2-user/data/topics/4209 400
@/home/ec2-user/data/topics/4725 401
@/home/ec2-user/data/topics/3767 402
@/home/ec2-user/data/topics/4227 403
@/home/ec2-user/data/topics/4838 404
@/home/ec2-user/data/topics/4440 405
@/home/ec2-user/data/topics/1661 406
@/home/ec2-user/data/topics/4154 407
@/home/ec2-user/data/topics/2088 408
@/home/ec2-user/data/topics/4877 409
@/home/ec2-user/data/topics/4273 410
@/home/ec2-user/data/topics/4770 411
@/home/ec2-user/data/topics/1844 412
@/home/ec2-user/data/topics/4480 413
@/home/ec2-user/data/topics/4313 414
@/home/ec2-user/data/topics/4240 415
@/home/ec2-user/data/topics/4404 416
@/home/ec2-user/data/topics/1464 417
@/home/ec2-user/data/topics/3971 418
松下電器産業株式会社

@/home/ec2-user/data/topics/3510 419
@/home/ec2-user/data/topics/1762 419
@/home/ec2-user/data/topics/1070 420
@/home/ec2-user/data/topics/2129 421
@/home/ec2-user/data/topics/4160 422
@/home/ec2-user/data/topics/4215 423
@/home/ec2-user/data/topics/2156 424
@/home/ec2-user/data/topics/1829 425
@/home/ec2-user/data/topics/4817 426
@/home/ec2-user/data/topics/4098 427
@/home/ec2-user/data/topics/4961 428
@/home/ec2-user/data/topics/4000 429
@/home/ec2-user/data/topics/4264 430
@/home/ec2-user/data/topics/4503 431
@/home/ec2-user/data/topics/3658 432
@/home/ec2-user/data/topics/3404 433
@/home/ec2-user/data/topics/1136 434
@/home/ec2-user/data/topics/3746 435
@/home/ec2-user/data/topics/5028 436
@/home/ec2-user/data/topics/3739 437
@/home/ec2-user/data/topics/2222 438
@/home/ec2-user/data/topics/1516 439
@/home/ec2-user/data/topics/4355 440
@/home/ec2-user/data/topics/3558 441
@/home/ec2-user/data/topics/4501 442
@/home/ec2-user/data/topics/4968 443
@/home/ec2-user/data/topics/3694 444
@/home/ec2-user/data/topics/1955 445
@/home/ec2-user/data/topics/4558 446
@/home/ec2-user/data/topics/4797 447
@/home/ec2-user/data/topics/1706 448
@/home/ec2-user/data/topics/1589 449
@/home/ec2-user/data/topics/4806 450
@/home/ec2-user/data/topics/2170 451
@/home/ec2-user/data/topics/3719 452
@/home/ec2-user/data/topics/4229 453
@/home/ec2-user/data/topics/4787 454
@/home/ec2-user/data/topics/4798 455
@/home/ec2-user/data/topics/4422 456
@/home/ec2-user/data/topics/4102 457
@/home/ec2-user/data/topics/2056 458
@/home/ec2-user/data/topics/4180 459
@/home/ec2-user/data/topics/1898 460
@/home/ec2-user/data/topics/3402 461
@/home/ec2-user/data/topics/4101 462
@/home/ec2-user/data/topics/1812 463
@/home/ec2-user/data/topics/4945 464
@/home/ec2-user/data/topics/4586 465
@/home/ec2-user/data/topics/3807 466
@/home/ec2-user/data/topics/3920 467
@/home/ec2-user/data/topics/1885 468
@/home/ec2-user/data/topics/4448 469
@/home/ec2-user/data/topics/4502 470
@/home/ec2-user/data/topics/3721 471
@/home/ec2-user/data/topics/3979 472
@/home/ec2-user/data/topics/2029 473
@/home/ec2-user/data/topics/3960 474
@/home/ec2-user/data/topics/4475 475
@/home/ec2-user/data/topics/4574 476
@/home/ec2-user/data/topics/3455 477
@/home/ec2-user/data/topics/4599 478
@/home/ec2-user/data/topics/1026 479
@/home/ec2-user/data/topics/4754 480
@/home/ec2-user/data/topics/1525 481
@/home/ec2-user/data/topics/1339 482
@/home/ec2-user/data/topics/4307 483
@/home/ec2-user/data/topics/3704 484
@/home/ec2-user/data/topics/1477 485
@/home/ec2-user/data/topics/3519 486
@/home/ec2-user/data/topics/1748 487
@/home/ec2-user/data/topics/4707 488
@/home/ec2-user/data/topics/1635 489
@/home/ec2-user/data/topics/4867 490
@/home/ec2-user/data/topics/5024 491
@/home/ec2-user/data/topics/4667 492
@/home/ec2-user/data/topics/4193 493
@/home/ec2-user/data/topics/1158 494
@/home/ec2-user/data/topics/3585 495
@/home/ec2-user/data/topics/4804 496
@/home/ec2-user/data/topics/4385 497
@/home/ec2-user/data/topics/1633 498
@/home/ec2-user/data/topics/1881 499
@/home/ec2-user/data/topics/4303 500
@/home/ec2-user/data/topics/4676 501
@/home/ec2-user/data/topics/4625 502
@/home/ec2-user/data/topics/4464 503
@/home/ec2-user/data/topics/2080 504
@/home/ec2-user/data/topics/4382 505
@/home/ec2-user/data/topics/1257 506
@/home/ec2-user/data/topics/3676 507
@/home/ec2-user/data/topics/1252 508
@/home/ec2-user/data/topics/4917 509
@/home/ec2-user/data/topics/4157 510
@/home/ec2-user/data/topics/1705 511
@/home/ec2-user/data/topics/4159 512
@/home/ec2-user/data/topics/4918 513
@/home/ec2-user/data/topics/1157 514
@/home/ec2-user/data/topics/4043 515
@/home/ec2-user/data/topics/4885 516
@/home/ec2-user/data/topics/1540 517
@/home/ec2-user/data/topics/4577 518
@/home/ec2-user/data/topics/4274 519
@/home/ec2-user/data/topics/4459 520
@/home/ec2-user/data/topics/4139 521
@/home/ec2-user/data/topics/4126 522
@/home/ec2-user/data/topics/1179 523
@/home/ec2-user/data/topics/3680 524
@/home/ec2-user/data/topics/3619 525
@/home/ec2-user/data/topics/4394 526
@/home/ec2-user/data/topics/3951 527
@/home/ec2-user/data/topics/3494 528
@/home/ec2-user/data/topics/4491 529
@/home/ec2-user/data/topics/3514 530
@/home/ec2-user/data/topics/4761 531
@/home/ec2-user/data/topics/3386 532
@/home/ec2-user/data/topics/3761 533
@/home/ec2-user/data/topics/3904 534
@/home/ec2-user/data/topics/1701 535
@/home/ec2-user/data/topics/4936 536
@/home/ec2-user/data/topics/3847 537
@/home/ec2-user/data/topics/1509 538
@/home/ec2-user/data/topics/4280 539
@/home/ec2-user/data/topics/3692 540
セイコーインスツルメンツ株式会社

@/home/ec2-user/data/topics/4088 541
@/home/ec2-user/data/topics/4036 541
@/home/ec2-user/data/topics/1707 542
@/home/ec2-user/data/topics/3626 543
@/home/ec2-user/data/topics/4190 544
@/home/ec2-user/data/topics/4151 545
@/home/ec2-user/data/topics/4997 546
@/home/ec2-user/data/topics/3825 547
@/home/ec2-user/data/topics/4203 548
ミノルタ株式会社

@/home/ec2-user/data/topics/3584 549
@/home/ec2-user/data/topics/1152 549
@/home/ec2-user/data/topics/4970 550
@/home/ec2-user/data/topics/4984 551
@/home/ec2-user/data/topics/4951 552
@/home/ec2-user/data/topics/4986 553
@/home/ec2-user/data/topics/4977 554
@/home/ec2-user/data/topics/4321 555
@/home/ec2-user/data/topics/2190 556
@/home/ec2-user/data/topics/3545 557
@/home/ec2-user/data/topics/3810 558
@/home/ec2-user/data/topics/4971 559
株式会社リコー

@/home/ec2-user/data/topics/3775 560
@/home/ec2-user/data/topics/3557 560
@/home/ec2-user/data/topics/3446 561
@/home/ec2-user/data/topics/1670 562
@/home/ec2-user/data/topics/4879 563
@/home/ec2-user/data/topics/1593 564
@/home/ec2-user/data/topics/1478 565
@/home/ec2-user/data/topics/3378 566
@/home/ec2-user/data/topics/3837 567
@/home/ec2-user/data/topics/4037 568
@/home/ec2-user/data/topics/1064 569
@/home/ec2-user/data/topics/2201 570
@/home/ec2-user/data/topics/1755 571
@/home/ec2-user/data/topics/1718 572
@/home/ec2-user/data/topics/1774 573
@/home/ec2-user/data/topics/3669 574
@/home/ec2-user/data/topics/2006 575
@/home/ec2-user/data/topics/3394 576
@/home/ec2-user/data/topics/4781 577
@/home/ec2-user/data/topics/1514 578
@/home/ec2-user/data/topics/2182 579
@/home/ec2-user/data/topics/3436 580
@/home/ec2-user/data/topics/4344 581
@/home/ec2-user/data/topics/1776 582
@/home/ec2-user/data/topics/2200 583
@/home/ec2-user/data/topics/3411 584
@/home/ec2-user/data/topics/2219 585
@/home/ec2-user/data/topics/3424 586
@/home/ec2-user/data/topics/1610 587
@/home/ec2-user/data/topics/4265 588
@/home/ec2-user/data/topics/1627 589
@/home/ec2-user/data/topics/1083 590
@/home/ec2-user/data/topics/1974 591
@/home/ec2-user/data/topics/1691 592
@/home/ec2-user/data/topics/3633 593
@/home/ec2-user/data/topics/3711 594
@/home/ec2-user/data/topics/1433 595
@/home/ec2-user/data/topics/1436 596
@/home/ec2-user/data/topics/3555 597
@/home/ec2-user/data/topics/1740 598
@/home/ec2-user/data/topics/3574 599
@/home/ec2-user/data/topics/1106 600
@/home/ec2-user/data/topics/1780 601
@/home/ec2-user/data/topics/3472 602
@/home/ec2-user/data/topics/2090 603
@/home/ec2-user/data/topics/3687 604
@/home/ec2-user/data/topics/1668 605
@/home/ec2-user/data/topics/3750 606
@/home/ec2-user/data/topics/3530 607
@/home/ec2-user/data/topics/3484 608
@/home/ec2-user/data/topics/1225 609
@/home/ec2-user/data/topics/2043 610
@/home/ec2-user/data/topics/1775 611
@/home/ec2-user/data/topics/1190 612
@/home/ec2-user/data/topics/1482 613
@/home/ec2-user/data/topics/1663 614
@/home/ec2-user/data/topics/3548 615
@/home/ec2-user/data/topics/1282 616
@/home/ec2-user/data/topics/3880 617
@/home/ec2-user/data/topics/2189 618
@/home/ec2-user/data/topics/1669 619
@/home/ec2-user/data/topics/3713 620
@/home/ec2-user/data/topics/1095 621
@/home/ec2-user/data/topics/1806 622
@/home/ec2-user/data/topics/3474 623
@/home/ec2-user/data/topics/3759 624
@/home/ec2-user/data/topics/4616 625
@/home/ec2-user/data/topics/1976 626
@/home/ec2-user/data/topics/3523 627
@/home/ec2-user/data/topics/1878 628
@/home/ec2-user/data/topics/3495 629
独立行政法人産業技術総合研究所

@/home/ec2-user/data/topics/1356 630
@/home/ec2-user/data/topics/4800 630
@/home/ec2-user/data/topics/4777 631
@/home/ec2-user/data/topics/4739 632
@/home/ec2-user/data/topics/4740 633
@/home/ec2-user/data/topics/4869 634
ソニー株式会社

@/home/ec2-user/data/topics/2052 635
@/home/ec2-user/data/topics/1435 635
@/home/ec2-user/data/topics/1298 636
@/home/ec2-user/data/topics/1414 637
@/home/ec2-user/data/topics/4219 638
@/home/ec2-user/data/topics/1147 639
@/home/ec2-user/data/topics/1397 640
@/home/ec2-user/data/topics/4224 641
@/home/ec2-user/data/topics/3392 642
@/home/ec2-user/data/topics/1102 643
@/home/ec2-user/data/topics/2048 644
@/home/ec2-user/data/topics/2105 645
@/home/ec2-user/data/topics/2037 646
@/home/ec2-user/data/topics/2059 647
@/home/ec2-user/data/topics/1491 648
@/home/ec2-user/data/topics/3975 649
@/home/ec2-user/data/topics/2075 650
@/home/ec2-user/data/topics/1926 651
@/home/ec2-user/data/topics/1233 652
@/home/ec2-user/data/topics/1954 653
@/home/ec2-user/data/topics/1679 654
@/home/ec2-user/data/topics/1602 655
@/home/ec2-user/data/topics/1471 656
@/home/ec2-user/data/topics/3924 657
@/home/ec2-user/data/topics/1912 658
@/home/ec2-user/data/topics/1380 659
@/home/ec2-user/data/topics/1686 660
@/home/ec2-user/data/topics/1836 661
@/home/ec2-user/data/topics/5027 662
@/home/ec2-user/data/topics/1967 663
@/home/ec2-user/data/topics/3872 664
@/home/ec2-user/data/topics/1291 665
@/home/ec2-user/data/topics/1059 666
@/home/ec2-user/data/topics/3401 667
@/home/ec2-user/data/topics/3456 668
@/home/ec2-user/data/topics/1884 669
@/home/ec2-user/data/topics/1873 670
@/home/ec2-user/data/topics/1749 671
@/home/ec2-user/data/topics/1892 672
@/home/ec2-user/data/topics/1218 673
@/home/ec2-user/data/topics/1778 674
@/home/ec2-user/data/topics/4351 675
@/home/ec2-user/data/topics/1426 676
@/home/ec2-user/data/topics/2058 677
@/home/ec2-user/data/topics/3955 678
@/home/ec2-user/data/topics/4184 679
@/home/ec2-user/data/topics/2094 680
富士ゼロックス株式会社

@/home/ec2-user/data/topics/3695 681
@/home/ec2-user/data/topics/3790 681
@/home/ec2-user/data/topics/3661 682
@/home/ec2-user/data/topics/3640 683
@/home/ec2-user/data/topics/1560 684
@/home/ec2-user/data/topics/3383 685
@/home/ec2-user/data/topics/3662 686
@/home/ec2-user/data/topics/5031 687
@/home/ec2-user/data/topics/3407 688
@/home/ec2-user/data/topics/3473 689
@/home/ec2-user/data/topics/4108 690
@/home/ec2-user/data/topics/3782 691
@/home/ec2-user/data/topics/3564 692
@/home/ec2-user/data/topics/3366 693
@/home/ec2-user/data/topics/1947 694
住友金属工業株式会社

@/home/ec2-user/data/topics/4021 695
@/home/ec2-user/data/topics/3577 695
@/home/ec2-user/data/topics/4182 696
@/home/ec2-user/data/topics/4534 697
@/home/ec2-user/data/topics/4991 698
@/home/ec2-user/data/topics/4322 699
@/home/ec2-user/data/topics/4661 700
@/home/ec2-user/data/topics/4733 701
@/home/ec2-user/data/topics/4295 702
@/home/ec2-user/data/topics/3655 703
@/home/ec2-user/data/topics/3826 704
@/home/ec2-user/data/topics/1268 705
日立電線株式会社

@/home/ec2-user/data/topics/1388 706
@/home/ec2-user/data/topics/1117 706
@/home/ec2-user/data/topics/1027 707
@/home/ec2-user/data/topics/1305 708
@/home/ec2-user/data/topics/4357 709
@/home/ec2-user/data/topics/4356 710
@/home/ec2-user/data/topics/3930 711
@/home/ec2-user/data/topics/4329 712
@/home/ec2-user/data/topics/3756 713
キヤノン株式会社

@/home/ec2-user/data/topics/4054 714
@/home/ec2-user/data/topics/1847 714
@/home/ec2-user/data/topics/3967 715
@/home/ec2-user/data/topics/3416 716
@/home/ec2-user/data/topics/1889 717
@/home/ec2-user/data/topics/3430 718
@/home/ec2-user/data/topics/1438 719
@/home/ec2-user/data/topics/2243 720
@/home/ec2-user/data/topics/1802 721
@/home/ec2-user/data/topics/3852 722
@/home/ec2-user/data/topics/3438 723
@/home/ec2-user/data/topics/1513 724
@/home/ec2-user/data/topics/3415 725
@/home/ec2-user/data/topics/1519 726
@/home/ec2-user/data/topics/3454 727
@/home/ec2-user/data/topics/1118 728
@/home/ec2-user/data/topics/3441 729
@/home/ec2-user/data/topics/3730 730
@/home/ec2-user/data/topics/4937 731
@/home/ec2-user/data/topics/3434 732
@/home/ec2-user/data/topics/3656 733
@/home/ec2-user/data/topics/2107 734
@/home/ec2-user/data/topics/3420 735
@/home/ec2-user/data/topics/3445 736
@/home/ec2-user/data/topics/1744 737
@/home/ec2-user/data/topics/2117 738
@/home/ec2-user/data/topics/3958 739
@/home/ec2-user/data/topics/1124 740
@/home/ec2-user/data/topics/2004 741
@/home/ec2-user/data/topics/3720 742
@/home/ec2-user/data/topics/1590 743
@/home/ec2-user/data/topics/4947 744
@/home/ec2-user/data/topics/3755 745
@/home/ec2-user/data/topics/1848 746
@/home/ec2-user/data/topics/1455 747
@/home/ec2-user/data/topics/1539 748
@/home/ec2-user/data/topics/1646 749
@/home/ec2-user/data/topics/3642 750
@/home/ec2-user/data/topics/1216 751
@/home/ec2-user/data/topics/1790 752
@/home/ec2-user/data/topics/1745 753
@/home/ec2-user/data/topics/3949 754
@/home/ec2-user/data/topics/2231 755
@/home/ec2-user/data/topics/4020 756
@/home/ec2-user/data/topics/4610 757
@/home/ec2-user/data/topics/3843 758
@/home/ec2-user/data/topics/4068 759
@/home/ec2-user/data/topics/1631 760
@/home/ec2-user/data/topics/4628 761
@/home/ec2-user/data/topics/3628 762
@/home/ec2-user/data/topics/3417 763
@/home/ec2-user/data/topics/4350 764
@/home/ec2-user/data/topics/4520 765
@/home/ec2-user/data/topics/3660 766
@/home/ec2-user/data/topics/3737 767
@/home/ec2-user/data/topics/2145 768
@/home/ec2-user/data/topics/3996 769
@/home/ec2-user/data/topics/1895 770
@/home/ec2-user/data/topics/3722 771
@/home/ec2-user/data/topics/1961 772
@/home/ec2-user/data/topics/1080 773
@/home/ec2-user/data/topics/3374 774
@/home/ec2-user/data/topics/1568 775
@/home/ec2-user/data/topics/1208 776
@/home/ec2-user/data/topics/3410 777
@/home/ec2-user/data/topics/4363 778
@/home/ec2-user/data/topics/1228 779
@/home/ec2-user/data/topics/1975 780
@/home/ec2-user/data/topics/4948 781
@/home/ec2-user/data/topics/1866 782
@/home/ec2-user/data/topics/4521 783
@/home/ec2-user/data/topics/3376 784
@/home/ec2-user/data/topics/2053 785
三洋電機株式会社

@/home/ec2-user/data/topics/1163 786
@/home/ec2-user/data/topics/1722 786
@/home/ec2-user/data/topics/3845 787
@/home/ec2-user/data/topics/4720 788
@/home/ec2-user/data/topics/4039 789
@/home/ec2-user/data/topics/1386 790
@/home/ec2-user/data/topics/3906 791
@/home/ec2-user/data/topics/1515 792
@/home/ec2-user/data/topics/3808 793
@/home/ec2-user/data/topics/2230 794
@/home/ec2-user/data/topics/3539 795
@/home/ec2-user/data/topics/1289 796
@/home/ec2-user/data/topics/4178 797
@/home/ec2-user/data/topics/4978 798
@/home/ec2-user/data/topics/4654 799
@/home/ec2-user/data/topics/4061 800
@/home/ec2-user/data/topics/5011 801
@/home/ec2-user/data/topics/1451 802
@/home/ec2-user/data/topics/3681 803
@/home/ec2-user/data/topics/1246 804
@/home/ec2-user/data/topics/4328 805
@/home/ec2-user/data/topics/1479 806
@/home/ec2-user/data/topics/4983 807
@/home/ec2-user/data/topics/3581 808
@/home/ec2-user/data/topics/4304 809
@/home/ec2-user/data/topics/4837 810
@/home/ec2-user/data/topics/4001 811
@/home/ec2-user/data/topics/1652 812
@/home/ec2-user/data/topics/4474 813
@/home/ec2-user/data/topics/3889 814
@/home/ec2-user/data/topics/3804 815
@/home/ec2-user/data/topics/4179 816
@/home/ec2-user/data/topics/1488 817
@/home/ec2-user/data/topics/2194 818
@/home/ec2-user/data/topics/4571 819
@/home/ec2-user/data/topics/3781 820
@/home/ec2-user/data/topics/4301 821
@/home/ec2-user/data/topics/4384 822
@/home/ec2-user/data/topics/4604 823
@/home/ec2-user/data/topics/4527 824
@/home/ec2-user/data/topics/4960 825
@/home/ec2-user/data/topics/4492 826
@/home/ec2-user/data/topics/1079 827
@/home/ec2-user/data/topics/1671 828
@/home/ec2-user/data/topics/4015 829
@/home/ec2-user/data/topics/4726 830
@/home/ec2-user/data/topics/4679 831
@/home/ec2-user/data/topics/2014 832
@/home/ec2-user/data/topics/2054 833
@/home/ec2-user/data/topics/3986 834
@/home/ec2-user/data/topics/4212 835
@/home/ec2-user/data/topics/3830 836
@/home/ec2-user/data/topics/3403 837
@/home/ec2-user/data/topics/2063 838
@/home/ec2-user/data/topics/3398 839
@/home/ec2-user/data/topics/3754 840
@/home/ec2-user/data/topics/4763 841
@/home/ec2-user/data/topics/1321 842
@/home/ec2-user/data/topics/3974 843
@/home/ec2-user/data/topics/1653 844
@/home/ec2-user/data/topics/3926 845
@/home/ec2-user/data/topics/2098 846
@/home/ec2-user/data/topics/3625 847
@/home/ec2-user/data/topics/1980 848
@/home/ec2-user/data/topics/3859 849
@/home/ec2-user/data/topics/5002 850
@/home/ec2-user/data/topics/4060 851
@/home/ec2-user/data/topics/4376 852
@/home/ec2-user/data/topics/3492 853
@/home/ec2-user/data/topics/4150 854
@/home/ec2-user/data/topics/3953 855
@/home/ec2-user/data/topics/4612 856
@/home/ec2-user/data/topics/3817 857
@/home/ec2-user/data/topics/3708 858
@/home/ec2-user/data/topics/4788 859
@/home/ec2-user/data/topics/3491 860
@/home/ec2-user/data/topics/4099 861
@/home/ec2-user/data/topics/2071 862
@/home/ec2-user/data/topics/4066 863
三菱電機株式会社

@/home/ec2-user/data/topics/4518 864
@/home/ec2-user/data/topics/3856 864
@/home/ec2-user/data/topics/4980 865
@/home/ec2-user/data/topics/3609 866
@/home/ec2-user/data/topics/1536 867
@/home/ec2-user/data/topics/5032 868
@/home/ec2-user/data/topics/3592 869
@/home/ec2-user/data/topics/3490 870
@/home/ec2-user/data/topics/3409 871
@/home/ec2-user/data/topics/3963 872
@/home/ec2-user/data/topics/4047 873
@/home/ec2-user/data/topics/4614 874
@/home/ec2-user/data/topics/4181 875
@/home/ec2-user/data/topics/3412 876
@/home/ec2-user/data/topics/4419 877
@/home/ec2-user/data/topics/1110 878
@/home/ec2-user/data/topics/4235 879
@/home/ec2-user/data/topics/3774 880
@/home/ec2-user/data/topics/1792 881
@/home/ec2-user/data/topics/3453 882
@/home/ec2-user/data/topics/4514 883
@/home/ec2-user/data/topics/3469 884
@/home/ec2-user/data/topics/1220 885
@/home/ec2-user/data/topics/3451 886
@/home/ec2-user/data/topics/1872 887
@/home/ec2-user/data/topics/4834 888
@/home/ec2-user/data/topics/4149 889
@/home/ec2-user/data/topics/3397 890
@/home/ec2-user/data/topics/3612 891
@/home/ec2-user/data/topics/3616 892
@/home/ec2-user/data/topics/3666 893
@/home/ec2-user/data/topics/4562 894
@/home/ec2-user/data/topics/1754 895
@/home/ec2-user/data/topics/3465 896
@/home/ec2-user/data/topics/4552 897
@/home/ec2-user/data/topics/4880 898
@/home/ec2-user/data/topics/4282 899
@/home/ec2-user/data/topics/3921 900
@/home/ec2-user/data/topics/5033 901
@/home/ec2-user/data/topics/4133 902
@/home/ec2-user/data/topics/3493 903
@/home/ec2-user/data/topics/4305 904
@/home/ec2-user/data/topics/4041 905
@/home/ec2-user/data/topics/3595 906
@/home/ec2-user/data/topics/3506 907
@/home/ec2-user/data/topics/4076 908
@/home/ec2-user/data/topics/3841 909
@/home/ec2-user/data/topics/3873 910
@/home/ec2-user/data/topics/3466 911
@/home/ec2-user/data/topics/4220 912
@/home/ec2-user/data/topics/4233 913
@/home/ec2-user/data/topics/3800 914
@/home/ec2-user/data/topics/4663 915
@/home/ec2-user/data/topics/3820 916
@/home/ec2-user/data/topics/4221 917
@/home/ec2-user/data/topics/2146 918
@/home/ec2-user/data/topics/3747 919
@/home/ec2-user/data/topics/1738 920
住友ゴム工業株式会社

@/home/ec2-user/data/topics/4048 921
@/home/ec2-user/data/topics/4406 921
@/home/ec2-user/data/topics/4568 922
@/home/ec2-user/data/topics/2007 923
@/home/ec2-user/data/topics/1114 924
@/home/ec2-user/data/topics/1758 925
@/home/ec2-user/data/topics/4597 926
セイコーエプソン株式会社

@/home/ec2-user/data/topics/4801 927
@/home/ec2-user/data/topics/1378 927
@/home/ec2-user/data/topics/3887 928
@/home/ec2-user/data/topics/1641 929
@/home/ec2-user/data/topics/1938 930
@/home/ec2-user/data/topics/4719 931
@/home/ec2-user/data/topics/1484 932
@/home/ec2-user/data/topics/4109 933
@/home/ec2-user/data/topics/4022 934
@/home/ec2-user/data/topics/3361 935
@/home/ec2-user/data/topics/3589 936
@/home/ec2-user/data/topics/4802 937
@/home/ec2-user/data/topics/1343 938
@/home/ec2-user/data/topics/3819 939
@/home/ec2-user/data/topics/2078 940
@/home/ec2-user/data/topics/3985 941
@/home/ec2-user/data/topics/4605 942
@/home/ec2-user/data/topics/4454 943
@/home/ec2-user/data/topics/4386 944
@/home/ec2-user/data/topics/3476 945
@/home/ec2-user/data/topics/4585 946
@/home/ec2-user/data/topics/1890 947
@/home/ec2-user/data/topics/1423 948
@/home/ec2-user/data/topics/3910 949
@/home/ec2-user/data/topics/2165 950
@/home/ec2-user/data/topics/3505 951
株式会社三共

@/home/ec2-user/data/topics/4374 952
@/home/ec2-user/data/topics/1648 952
@/home/ec2-user/data/topics/1377 953
@/home/ec2-user/data/topics/1189 954
@/home/ec2-user/data/topics/4868 955
@/home/ec2-user/data/topics/2123 956
@/home/ec2-user/data/topics/2060 957
@/home/ec2-user/data/topics/1665 958
@/home/ec2-user/data/topics/1086 959
沖電気工業株式会社

@/home/ec2-user/data/topics/3621 960
@/home/ec2-user/data/topics/1188 960
@/home/ec2-user/data/topics/4308 961
@/home/ec2-user/data/topics/3395 962
@/home/ec2-user/data/topics/3690 963
@/home/ec2-user/data/topics/1531 964
@/home/ec2-user/data/topics/4693 965
@/home/ec2-user/data/topics/3457 966
@/home/ec2-user/data/topics/3433 967
@/home/ec2-user/data/topics/4575 968
@/home/ec2-user/data/topics/3964 969
@/home/ec2-user/data/topics/3571 970
@/home/ec2-user/data/topics/3764 971
@/home/ec2-user/data/topics/4299 972
株式会社三星

@/home/ec2-user/data/topics/3942 973
@/home/ec2-user/data/topics/1733 973
@/home/ec2-user/data/topics/1260 974
@/home/ec2-user/data/topics/1728 975
@/home/ec2-user/data/topics/2198 976
@/home/ec2-user/data/topics/2108 977
日本ビクター株式会社

@/home/ec2-user/data/topics/1520 978
@/home/ec2-user/data/topics/3603 978
@/home/ec2-user/data/topics/1440 979
@/home/ec2-user/data/topics/4672 980
@/home/ec2-user/data/topics/3620 981
@/home/ec2-user/data/topics/3882 982
@/home/ec2-user/data/topics/4056 983
@/home/ec2-user/data/topics/3939 984
@/home/ec2-user/data/topics/1389 985
@/home/ec2-user/data/topics/1823 986
@/home/ec2-user/data/topics/4123 987
花王株式会社

@/home/ec2-user/data/topics/3884 988
@/home/ec2-user/data/topics/3812 988
@/home/ec2-user/data/topics/4445 989
@/home/ec2-user/data/topics/1196 990
@/home/ec2-user/data/topics/4827 991
@/home/ec2-user/data/topics/2214 992
@/home/ec2-user/data/topics/4211 993
@/home/ec2-user/data/topics/1022 994
@/home/ec2-user/data/topics/1767 995
@/home/ec2-user/data/topics/3753 996
@/home/ec2-user/data/topics/3999 997
@/home/ec2-user/data/topics/4249 998
@/home/ec2-user/data/topics/4287 999
三田工業株式会社

@/home/ec2-user/data/topics/3842 1000
@/home/ec2-user/data/topics/1034 1000
@/home/ec2-user/data/topics/3923 1001
@/home/ec2-user/data/topics/1033 1002
@/home/ec2-user/data/topics/2155 1003
@/home/ec2-user/data/topics/1269 1004
@/home/ec2-user/data/topics/1766 1005
@/home/ec2-user/data/topics/2136 1006
@/home/ec2-user/data/topics/3604 1007
豊丸産業株式会社

@/home/ec2-user/data/topics/1138 1008
@/home/ec2-user/data/topics/1713 1008
@/home/ec2-user/data/topics/3672 1009
@/home/ec2-user/data/topics/1677 1010
@/home/ec2-user/data/topics/1726 1011
@/home/ec2-user/data/topics/2011 1012
@/home/ec2-user/data/topics/1401 1013
@/home/ec2-user/data/topics/1284 1014
@/home/ec2-user/data/topics/1588 1015
@/home/ec2-user/data/topics/4847 1016
@/home/ec2-user/data/topics/1097 1017
@/home/ec2-user/data/topics/1353 1018
@/home/ec2-user/data/topics/2169 1019
@/home/ec2-user/data/topics/1126 1020
@/home/ec2-user/data/topics/1914 1021
鐘紡株式会社

@/home/ec2-user/data/topics/2185 1022
@/home/ec2-user/data/topics/3551 1022
@/home/ec2-user/data/topics/1901 1023
@/home/ec2-user/data/topics/2223 1024
@/home/ec2-user/data/topics/1304 1025
@/home/ec2-user/data/topics/1178 1026
@/home/ec2-user/data/topics/3560 1027
@/home/ec2-user/data/topics/1886 1028
@/home/ec2-user/data/topics/1870 1029
@/home/ec2-user/data/topics/3634 1030
@/home/ec2-user/data/topics/4195 1031
@/home/ec2-user/data/topics/1842 1032
@/home/ec2-user/data/topics/3566 1033
@/home/ec2-user/data/topics/1054 1034
@/home/ec2-user/data/topics/1367 1035
@/home/ec2-user/data/topics/2034 1036
株式会社デンソー

@/home/ec2-user/data/topics/4840 1037
@/home/ec2-user/data/topics/4656 1037
@/home/ec2-user/data/topics/3421 1038
@/home/ec2-user/data/topics/1855 1039
@/home/ec2-user/data/topics/4423 1040
@/home/ec2-user/data/topics/4622 1041
@/home/ec2-user/data/topics/1028 1042
@/home/ec2-user/data/topics/3480 1043
@/home/ec2-user/data/topics/4164 1044
@/home/ec2-user/data/topics/4675 1045
@/home/ec2-user/data/topics/4046 1046
@/home/ec2-user/data/topics/4498 1047
@/home/ec2-user/data/topics/4024 1048
@/home/ec2-user/data/topics/3406 1049
@/home/ec2-user/data/topics/3710 1050
@/home/ec2-user/data/topics/4805 1051
@/home/ec2-user/data/topics/4483 1052
富士写真フイルム株式会社

@/home/ec2-user/data/topics/3354 1053
@/home/ec2-user/data/topics/1662 1053
@/home/ec2-user/data/topics/1244 1054
@/home/ec2-user/data/topics/2134 1055
@/home/ec2-user/data/topics/3918 1056
@/home/ec2-user/data/topics/1603 1057
@/home/ec2-user/data/topics/3911 1058
@/home/ec2-user/data/topics/3447 1059
@/home/ec2-user/data/topics/4962 1060
@/home/ec2-user/data/topics/1570 1061
@/home/ec2-user/data/topics/3857 1062
京セラ株式会社

@/home/ec2-user/data/topics/4031 1063
@/home/ec2-user/data/topics/4513 1063
@/home/ec2-user/data/topics/3741 1064
@/home/ec2-user/data/topics/1708 1065
@/home/ec2-user/data/topics/4340 1066
@/home/ec2-user/data/topics/1741 1067
@/home/ec2-user/data/topics/3615 1068
@/home/ec2-user/data/topics/1485 1069
@/home/ec2-user/data/topics/3869 1070
@/home/ec2-user/data/topics/4901 1071
@/home/ec2-user/data/topics/1913 1072
@/home/ec2-user/data/topics/3593 1073
イビデン株式会社

@/home/ec2-user/data/topics/1336 1074
@/home/ec2-user/data/topics/1770 1074
@/home/ec2-user/data/topics/1952 1075
@/home/ec2-user/data/topics/1315 1076
@/home/ec2-user/data/topics/2033 1077
@/home/ec2-user/data/topics/1682 1078
@/home/ec2-user/data/topics/3814 1079
株式会社東芝

@/home/ec2-user/data/topics/3351 1080
@/home/ec2-user/data/topics/4096 1080
@/home/ec2-user/data/topics/3352 1081
@/home/ec2-user/data/topics/3542 1082
@/home/ec2-user/data/topics/4623 1083
@/home/ec2-user/data/topics/3380 1084
@/home/ec2-user/data/topics/4197 1085
@/home/ec2-user/data/topics/4509 1086
@/home/ec2-user/data/topics/4863 1087
@/home/ec2-user/data/topics/1132 1088
@/home/ec2-user/data/topics/3360 1089
@/home/ec2-user/data/topics/4631 1090
@/home/ec2-user/data/topics/4361 1091
@/home/ec2-user/data/topics/3890 1092
@/home/ec2-user/data/topics/1756 1093
@/home/ec2-user/data/topics/4009 1094
@/home/ec2-user/data/topics/4165 1095
@/home/ec2-user/data/topics/4935 1096
@/home/ec2-user/data/topics/4594 1097
@/home/ec2-user/data/topics/4292 1098
@/home/ec2-user/data/topics/2241 1099
@/home/ec2-user/data/topics/4751 1100
@/home/ec2-user/data/topics/3988 1101
@/home/ec2-user/data/topics/1585 1102
@/home/ec2-user/data/topics/4755 1103
@/home/ec2-user/data/topics/3716 1104
@/home/ec2-user/data/topics/4336 1105
@/home/ec2-user/data/topics/3990 1106
@/home/ec2-user/data/topics/1757 1107
@/home/ec2-user/data/topics/3948 1108
@/home/ec2-user/data/topics/3688 1109
@/home/ec2-user/data/topics/1332 1110
@/home/ec2-user/data/topics/1090 1111
@/home/ec2-user/data/topics/4881 1112
@/home/ec2-user/data/topics/3598 1113
@/home/ec2-user/data/topics/4842 1114
@/home/ec2-user/data/topics/4183 1115
@/home/ec2-user/data/topics/3780 1116
@/home/ec2-user/data/topics/3462 1117
@/home/ec2-user/data/topics/4535 1118
@/home/ec2-user/data/topics/4912 1119
@/home/ec2-user/data/topics/3689 1120
@/home/ec2-user/data/topics/3732 1121
@/home/ec2-user/data/topics/3834 1122
@/home/ec2-user/data/topics/4057 1123
@/home/ec2-user/data/topics/3618 1124
@/home/ec2-user/data/topics/3881 1125
@/home/ec2-user/data/topics/1997 1126
@/home/ec2-user/data/topics/4089 1127
@/home/ec2-user/data/topics/4140 1128
@/home/ec2-user/data/topics/4566 1129
@/home/ec2-user/data/topics/1819 1130
@/home/ec2-user/data/topics/4302 1131
@/home/ec2-user/data/topics/3734 1132
@/home/ec2-user/data/topics/4172 1133
@/home/ec2-user/data/topics/3363 1134
@/home/ec2-user/data/topics/1205 1135
@/home/ec2-user/data/topics/3851 1136
@/home/ec2-user/data/topics/3795 1137
@/home/ec2-user/data/topics/4381 1138
@/home/ec2-user/data/topics/3683 1139
ヤマハ株式会社

@/home/ec2-user/data/topics/4954 1140
@/home/ec2-user/data/topics/4919 1140
@/home/ec2-user/data/topics/4177 1141
@/home/ec2-user/data/topics/1720 1142
@/home/ec2-user/data/topics/4045 1143
@/home/ec2-user/data/topics/4125 1144
@/home/ec2-user/data/topics/4084 1145
@/home/ec2-user/data/topics/3972 1146
@/home/ec2-user/data/topics/1443 1147
@/home/ec2-user/data/topics/1911 1148
@/home/ec2-user/data/topics/1676 1149
@/home/ec2-user/data/topics/4145 1150
@/home/ec2-user/data/topics/4010 1151
東洋紡績株式会社

@/home/ec2-user/data/topics/3769 1152
@/home/ec2-user/data/topics/1613 1152
@/home/ec2-user/data/topics/1029 1153
@/home/ec2-user/data/topics/4284 1154
@/home/ec2-user/data/topics/4362 1155
@/home/ec2-user/data/topics/4366 1156
三菱化学株式会社

@/home/ec2-user/data/topics/1902 1157
@/home/ec2-user/data/topics/3638 1157
@/home/ec2-user/data/topics/1197 1158
@/home/ec2-user/data/topics/1699 1159
@/home/ec2-user/data/topics/3513 1160
@/home/ec2-user/data/topics/3458 1161
カシオ計算機株式会社

@/home/ec2-user/data/topics/1794 1162
@/home/ec2-user/data/topics/1047 1162
@/home/ec2-user/data/topics/1368 1163
@/home/ec2-user/data/topics/2237 1164
@/home/ec2-user/data/topics/1535 1165
@/home/ec2-user/data/topics/1235 1166
@/home/ec2-user/data/topics/3391 1167
@/home/ec2-user/data/topics/2180 1168
コナミ株式会社

@/home/ec2-user/data/topics/2100 1169
@/home/ec2-user/data/topics/2151 1169
@/home/ec2-user/data/topics/1621 1170
@/home/ec2-user/data/topics/4602 1171
@/home/ec2-user/data/topics/5015 1172
@/home/ec2-user/data/topics/1302 1173
@/home/ec2-user/data/topics/1672 1174
@/home/ec2-user/data/topics/4681 1175
大日本スクリーン製造株式会社

@/home/ec2-user/data/topics/3742 1176
@/home/ec2-user/data/topics/1173 1176
@/home/ec2-user/data/topics/1130 1177
@/home/ec2-user/data/topics/1608 1178
@/home/ec2-user/data/topics/1779 1179
@/home/ec2-user/data/topics/2209 1180
@/home/ec2-user/data/topics/2172 1181
オムロン株式会社

@/home/ec2-user/data/topics/1579 1182
@/home/ec2-user/data/topics/3863 1182
@/home/ec2-user/data/topics/3700 1183
@/home/ec2-user/data/topics/1657 1184
@/home/ec2-user/data/topics/3597 1185
@/home/ec2-user/data/topics/2096 1186
@/home/ec2-user/data/topics/3748 1187
@/home/ec2-user/data/topics/3594 1188
@/home/ec2-user/data/topics/1933 1189
@/home/ec2-user/data/topics/1533 1190
@/home/ec2-user/data/topics/4771 1191
@/home/ec2-user/data/topics/1135 1192
@/home/ec2-user/data/topics/1841 1193
@/home/ec2-user/data/topics/1067 1194
@/home/ec2-user/data/topics/1151 1195
株式会社日立製作所

@/home/ec2-user/data/topics/4401 1196
@/home/ec2-user/data/topics/4990 1196
@/home/ec2-user/data/topics/1247 1197
@/home/ec2-user/data/topics/4799 1198
@/home/ec2-user/data/topics/3706 1199
@/home/ec2-user/data/topics/1693 1200
@/home/ec2-user/data/topics/2239 1201
@/home/ec2-user/data/topics/4420 1202
@/home/ec2-user/data/topics/1340 1203
@/home/ec2-user/data/topics/3659 1204
@/home/ec2-user/data/topics/3822 1205
@/home/ec2-user/data/topics/3531 1206
@/home/ec2-user/data/topics/3488 1207
@/home/ec2-user/data/topics/3440 1208
@/home/ec2-user/data/topics/5029 1209
@/home/ec2-user/data/topics/1987 1210
@/home/ec2-user/data/topics/3432 1211
@/home/ec2-user/data/topics/3588 1212
@/home/ec2-user/data/topics/1249 1213
@/home/ec2-user/data/topics/5030 1214
@/home/ec2-user/data/topics/4559 1215
@/home/ec2-user/data/topics/1278 1216
@/home/ec2-user/data/topics/1334 1217
@/home/ec2-user/data/topics/4040 1218
@/home/ec2-user/data/topics/1487 1219
@/home/ec2-user/data/topics/1882 1220
@/home/ec2-user/data/topics/4551 1221
@/home/ec2-user/data/topics/3599 1222
@/home/ec2-user/data/topics/4058 1223
@/home/ec2-user/data/topics/3994 1224
@/home/ec2-user/data/topics/3350 1225
@/home/ec2-user/data/topics/1833 1226
@/home/ec2-user/data/topics/2019 1227
@/home/ec2-user/data/topics/4830 1228
@/home/ec2-user/data/topics/1082 1229
@/home/ec2-user/data/topics/3993 1230
@/home/ec2-user/data/topics/4493 1231
@/home/ec2-user/data/topics/1296 1232
@/home/ec2-user/data/topics/3691 1233
@/home/ec2-user/data/topics/3596 1234
@/home/ec2-user/data/topics/3524 1235
@/home/ec2-user/data/topics/3779 1236
@/home/ec2-user/data/topics/1105 1237
@/home/ec2-user/data/topics/4943 1238
@/home/ec2-user/data/topics/3648 1239
@/home/ec2-user/data/topics/1501 1240
@/home/ec2-user/data/topics/4402 1241
@/home/ec2-user/data/topics/3439 1242
@/home/ec2-user/data/topics/4547 1243
@/home/ec2-user/data/topics/3471 1244
@/home/ec2-user/data/topics/4166 1245
@/home/ec2-user/data/topics/1826 1246
@/home/ec2-user/data/topics/1463 1247
@/home/ec2-user/data/topics/3461 1248
@/home/ec2-user/data/topics/1880 1249
@/home/ec2-user/data/topics/1562 1250
@/home/ec2-user/data/topics/3968 1251
@/home/ec2-user/data/topics/4489 1252
@/home/ec2-user/data/topics/4122 1253
@/home/ec2-user/data/topics/2081 1254
@/home/ec2-user/data/topics/1640 1255
@/home/ec2-user/data/topics/1651 1256
@/home/ec2-user/data/topics/4621 1257
@/home/ec2-user/data/topics/4545 1258
@/home/ec2-user/data/topics/3665 1259
@/home/ec2-user/data/topics/3973 1260
@/home/ec2-user/data/topics/3965 1261
@/home/ec2-user/data/topics/1667 1262
@/home/ec2-user/data/topics/3570 1263
@/home/ec2-user/data/topics/3384 1264
@/home/ec2-user/data/topics/3772 1265
@/home/ec2-user/data/topics/2184 1266
@/home/ec2-user/data/topics/1825 1267
@/home/ec2-user/data/topics/1072 1268
凸版印刷株式会社

@/home/ec2-user/data/topics/3526 1269
@/home/ec2-user/data/topics/3500 1269
@/home/ec2-user/data/topics/3624 1270
@/home/ec2-user/data/topics/1977 1271
@/home/ec2-user/data/topics/4874 1272
@/home/ec2-user/data/topics/1765 1273
@/home/ec2-user/data/topics/1091 1274
株式会社ノーリツ

@/home/ec2-user/data/topics/4776 1275
@/home/ec2-user/data/topics/4354 1275
@/home/ec2-user/data/topics/1290 1276
@/home/ec2-user/data/topics/2116 1277
@/home/ec2-user/data/topics/1618 1278
@/home/ec2-user/data/topics/1760 1279
@/home/ec2-user/data/topics/4206 1280
@/home/ec2-user/data/topics/1598 1281
川崎重工業株式会社

@/home/ec2-user/data/topics/4756 1282
@/home/ec2-user/data/topics/4944 1282
@/home/ec2-user/data/topics/1172 1283
@/home/ec2-user/data/topics/1162 1284
@/home/ec2-user/data/topics/5025 1285
@/home/ec2-user/data/topics/4866 1286
@/home/ec2-user/data/topics/4793 1287
@/home/ec2-user/data/topics/4572 1288
ティーディーケイ株式会社

@/home/ec2-user/data/topics/1129 1289
@/home/ec2-user/data/topics/3792 1289
@/home/ec2-user/data/topics/3798 1290
@/home/ec2-user/data/topics/2202 1291
@/home/ec2-user/data/topics/2210 1292
@/home/ec2-user/data/topics/1510 1293
@/home/ec2-user/data/topics/4619 1294
@/home/ec2-user/data/topics/3909 1295
@/home/ec2-user/data/topics/1409 1296
京セラミタ株式会社

@/home/ec2-user/data/topics/2141 1297
@/home/ec2-user/data/topics/4973 1297
@/home/ec2-user/data/topics/1032 1298
@/home/ec2-user/data/topics/4985 1299
@/home/ec2-user/data/topics/4174 1300
@/home/ec2-user/data/topics/1930 1301
@/home/ec2-user/data/topics/4564 1302
株式会社クボタ

@/home/ec2-user/data/topics/1448 1303
@/home/ec2-user/data/topics/3823 1303
@/home/ec2-user/data/topics/4379 1304
@/home/ec2-user/data/topics/1012 1305
@/home/ec2-user/data/topics/1734 1306
@/home/ec2-user/data/topics/1280 1307
@/home/ec2-user/data/topics/4251 1308
@/home/ec2-user/data/topics/3854 1309
@/home/ec2-user/data/topics/3919 1310
@/home/ec2-user/data/topics/4745 1311
シャープ株式会社

@/home/ec2-user/data/topics/1965 1312
@/home/ec2-user/data/topics/4019 1312
@/home/ec2-user/data/topics/4519 1313
@/home/ec2-user/data/topics/4228 1314
@/home/ec2-user/data/topics/1318 1315
@/home/ec2-user/data/topics/3895 1316
@/home/ec2-user/data/topics/4263 1317
@/home/ec2-user/data/topics/4782 1318
@/home/ec2-user/data/topics/3981 1319
@/home/ec2-user/data/topics/3941 1320
@/home/ec2-user/data/topics/4252 1321
@/home/ec2-user/data/topics/1174 1322
@/home/ec2-user/data/topics/4095 1323
@/home/ec2-user/data/topics/3871 1324
@/home/ec2-user/data/topics/4256 1325
@/home/ec2-user/data/topics/4691 1326
@/home/ec2-user/data/topics/4469 1327
@/home/ec2-user/data/topics/1154 1328
@/home/ec2-user/data/topics/4583 1329
@/home/ec2-user/data/topics/3760 1330
@/home/ec2-user/data/topics/4683 1331
@/home/ec2-user/data/topics/3679 1332
@/home/ec2-user/data/topics/3649 1333
@/home/ec2-user/data/topics/3978 1334
@/home/ec2-user/data/topics/3452 1335
@/home/ec2-user/data/topics/4516 1336
@/home/ec2-user/data/topics/2087 1337
@/home/ec2-user/data/topics/3858 1338
@/home/ec2-user/data/topics/3422 1339
@/home/ec2-user/data/topics/1563 1340
@/home/ec2-user/data/topics/3966 1341
@/home/ec2-user/data/topics/4744 1342
@/home/ec2-user/data/topics/3832 1343
@/home/ec2-user/data/topics/1384 1344
@/home/ec2-user/data/topics/4214 1345
@/home/ec2-user/data/topics/1349 1346
@/home/ec2-user/data/topics/3606 1347
@/home/ec2-user/data/topics/4127 1348
@/home/ec2-user/data/topics/3776 1349
@/home/ec2-user/data/topics/1396 1350
@/home/ec2-user/data/topics/4245 1351
@/home/ec2-user/data/topics/3537 1352
@/home/ec2-user/data/topics/2084 1353
@/home/ec2-user/data/topics/4430 1354
@/home/ec2-user/data/topics/1970 1355
@/home/ec2-user/data/topics/4105 1356
@/home/ec2-user/data/topics/4349 1357
@/home/ec2-user/data/topics/1258 1358
@/home/ec2-user/data/topics/1288 1359
@/home/ec2-user/data/topics/3957 1360
@/home/ec2-user/data/topics/3678 1361
@/home/ec2-user/data/topics/2020 1362
@/home/ec2-user/data/topics/4113 1363
@/home/ec2-user/data/topics/3578 1364
@/home/ec2-user/data/topics/3698 1365
@/home/ec2-user/data/topics/3813 1366
@/home/ec2-user/data/topics/2118 1367
@/home/ec2-user/data/topics/1804 1368
@/home/ec2-user/data/topics/4323 1369
@/home/ec2-user/data/topics/4648 1370
@/home/ec2-user/data/topics/3777 1371
@/home/ec2-user/data/topics/4005 1372
@/home/ec2-user/data/topics/3450 1373
@/home/ec2-user/data/topics/4717 1374
@/home/ec2-user/data/topics/4173 1375
@/home/ec2-user/data/topics/1840 1376
@/home/ec2-user/data/topics/1685 1377
@/home/ec2-user/data/topics/1561 1378
@/home/ec2-user/data/topics/3673 1379
@/home/ec2-user/data/topics/1419 1380
@/home/ec2-user/data/topics/3610 1381
@/home/ec2-user/data/topics/3762 1382
@/home/ec2-user/data/topics/3855 1383
@/home/ec2-user/data/topics/3793 1384
@/home/ec2-user/data/topics/4124 1385
@/home/ec2-user/data/topics/1431 1386
@/home/ec2-user/data/topics/4230 1387
@/home/ec2-user/data/topics/4103 1388
@/home/ec2-user/data/topics/1209 1389
@/home/ec2-user/data/topics/4861 1390
@/home/ec2-user/data/topics/4152 1391
日本輸送機株式会社

@/home/ec2-user/data/topics/2221 1392
@/home/ec2-user/data/topics/2065 1392
@/home/ec2-user/data/topics/1108 1393
@/home/ec2-user/data/topics/1456 1394
@/home/ec2-user/data/topics/1940 1395
@/home/ec2-user/data/topics/1493 1396
@/home/ec2-user/data/topics/1191 1397
@/home/ec2-user/data/topics/3573 1398
東京エレクトロン株式会社

@/home/ec2-user/data/topics/4002 1399
@/home/ec2-user/data/topics/1508 1399
@/home/ec2-user/data/topics/1736 1400
@/home/ec2-user/data/topics/4702 1401
@/home/ec2-user/data/topics/4618 1402
@/home/ec2-user/data/topics/1800 1403
@/home/ec2-user/data/topics/4345 1404
@/home/ec2-user/data/topics/4906 1405
@/home/ec2-user/data/topics/4053 1406
@/home/ec2-user/data/topics/4023 1407
@/home/ec2-user/data/topics/3947 1408
@/home/ec2-user/data/topics/1263 1409
株式会社村田製作所

@/home/ec2-user/data/topics/4378 1410
@/home/ec2-user/data/topics/4795 1410
@/home/ec2-user/data/topics/3885 1411
@/home/ec2-user/data/topics/4432 1412
@/home/ec2-user/data/topics/4325 1413
@/home/ec2-user/data/topics/1411 1414
@/home/ec2-user/data/topics/4042 1415
@/home/ec2-user/data/topics/4703 1416
@/home/ec2-user/data/topics/3482 1417
@/home/ec2-user/data/topics/4271 1418
@/home/ec2-user/data/topics/3435 1419
@/home/ec2-user/data/topics/4163 1420
@/home/ec2-user/data/topics/4070 1421
@/home/ec2-user/data/topics/4417 1422
@/home/ec2-user/data/topics/2229 1423
@/home/ec2-user/data/topics/1374 1424
@/home/ec2-user/data/topics/3697 1425
日本電信電話株式会社

@/home/ec2-user/data/topics/3894 1426
@/home/ec2-user/data/topics/4208 1426
@/home/ec2-user/data/topics/4087 1427
@/home/ec2-user/data/topics/4964 1428
@/home/ec2-user/data/topics/1042 1429
@/home/ec2-user/data/topics/3359 1430
@/home/ec2-user/data/topics/4965 1431
@/home/ec2-user/data/topics/3811 1432
@/home/ec2-user/data/topics/4836 1433
@/home/ec2-user/data/topics/4025 1434
@/home/ec2-user/data/topics/4925 1435
@/home/ec2-user/data/topics/3641 1436
@/home/ec2-user/data/topics/1229 1437
@/home/ec2-user/data/topics/3915 1438
@/home/ec2-user/data/topics/1408 1439
@/home/ec2-user/data/topics/4560 1440
@/home/ec2-user/data/topics/1230 1441
@/home/ec2-user/data/topics/3425 1442
@/home/ec2-user/data/topics/4115 1443
@/home/ec2-user/data/topics/3509 1444
@/home/ec2-user/data/topics/3568 1445
@/home/ec2-user/data/topics/1787 1446
@/home/ec2-user/data/topics/2017 1447
@/home/ec2-user/data/topics/4118 1448
@/home/ec2-user/data/topics/4870 1449
@/home/ec2-user/data/topics/4104 1450
@/home/ec2-user/data/topics/4916 1451
@/home/ec2-user/data/topics/3927 1452
@/home/ec2-user/data/topics/3544 1453
@/home/ec2-user/data/topics/3521 1454
@/home/ec2-user/data/topics/3785 1455
@/home/ec2-user/data/topics/3824 1456
@/home/ec2-user/data/topics/3586 1457
@/home/ec2-user/data/topics/4865 1458
@/home/ec2-user/data/topics/4488 1459
@/home/ec2-user/data/topics/2130 1460
@/home/ec2-user/data/topics/1934 1461
@/home/ec2-user/data/topics/4175 1462
@/home/ec2-user/data/topics/4792 1463
@/home/ec2-user/data/topics/3928 1464
@/home/ec2-user/data/topics/4952 1465
@/home/ec2-user/data/topics/4664 1466
@/home/ec2-user/data/topics/4131 1467
@/home/ec2-user/data/topics/4114 1468
@/home/ec2-user/data/topics/1809 1469
@/home/ec2-user/data/topics/1556 1470
@/home/ec2-user/data/topics/4146 1471
@/home/ec2-user/data/topics/4505 1472
@/home/ec2-user/data/topics/3552 1473
@/home/ec2-user/data/topics/4335 1474
@/home/ec2-user/data/topics/3536 1475
@/home/ec2-user/data/topics/4443 1476
@/home/ec2-user/data/topics/4232 1477
@/home/ec2-user/data/topics/4511 1478
@/home/ec2-user/data/topics/4121 1479
@/home/ec2-user/data/topics/3650 1480
日本鋼管株式会社

@/home/ec2-user/data/topics/1690 1481
@/home/ec2-user/data/topics/2095 1481
@/home/ec2-user/data/topics/4161 1482
@/home/ec2-user/data/topics/1404 1483
@/home/ec2-user/data/topics/4455 1484
@/home/ec2-user/data/topics/3572 1485
@/home/ec2-user/data/topics/4289 1486
株式会社神戸製鋼所

@/home/ec2-user/data/topics/3902 1487
@/home/ec2-user/data/topics/4949 1487
@/home/ec2-user/data/topics/1465 1488
@/home/ec2-user/data/topics/3475 1489
@/home/ec2-user/data/topics/3674 1490
@/home/ec2-user/data/topics/2064 1491
@/home/ec2-user/data/topics/3632 1492
株式会社ケンウッド

@/home/ec2-user/data/topics/4167 1493
@/home/ec2-user/data/topics/3801 1493
@/home/ec2-user/data/topics/4038 1494
@/home/ec2-user/data/topics/3794 1495
@/home/ec2-user/data/topics/1115 1496
@/home/ec2-user/data/topics/3839 1497
@/home/ec2-user/data/topics/4050 1498
@/home/ec2-user/data/topics/4467 1499
@/home/ec2-user/data/topics/1424 1500
@/home/ec2-user/data/topics/1241 1501
@/home/ec2-user/data/topics/3463 1502
@/home/ec2-user/data/topics/1186 1503
@/home/ec2-user/data/topics/1896 1504
@/home/ec2-user/data/topics/3977 1505
@/home/ec2-user/data/topics/1617 1506
@/home/ec2-user/data/topics/1698 1507
@/home/ec2-user/data/topics/1345 1508
@/home/ec2-user/data/topics/2036 1509
@/home/ec2-user/data/topics/3969 1510
@/home/ec2-user/data/topics/2163 1511
@/home/ec2-user/data/topics/3878 1512
東陶機器株式会社

@/home/ec2-user/data/topics/3583 1513
@/home/ec2-user/data/topics/1692 1513
@/home/ec2-user/data/topics/1626 1514
@/home/ec2-user/data/topics/1735 1515
@/home/ec2-user/data/topics/3821 1516
@/home/ec2-user/data/topics/2135 1517
本田技研工業株式会社

@/home/ec2-user/data/topics/4375 1518
@/home/ec2-user/data/topics/1143 1518
@/home/ec2-user/data/topics/1818 1519
@/home/ec2-user/data/topics/4783 1520
@/home/ec2-user/data/topics/1444 1521
@/home/ec2-user/data/topics/2000 1522
@/home/ec2-user/data/topics/1266 1523
@/home/ec2-user/data/topics/4331 1524
@/home/ec2-user/data/topics/4888 1525
@/home/ec2-user/data/topics/4199 1526
@/home/ec2-user/data/topics/4132 1527
@/home/ec2-user/data/topics/1822 1528
@/home/ec2-user/data/topics/4033 1529
@/home/ec2-user/data/topics/5026 1530
@/home/ec2-user/data/topics/1226 1531
@/home/ec2-user/data/topics/1605 1532
@/home/ec2-user/data/topics/3685 1533
@/home/ec2-user/data/topics/2016 1534
@/home/ec2-user/data/topics/1215 1535
新日本製鐵株式会社

@/home/ec2-user/data/topics/3663 1536
@/home/ec2-user/data/topics/3861 1536
@/home/ec2-user/data/topics/3368 1537
@/home/ec2-user/data/topics/4472 1538
@/home/ec2-user/data/topics/3899 1539
@/home/ec2-user/data/topics/5008 1540
松下電工株式会社

@/home/ec2-user/data/topics/3511 1541
@/home/ec2-user/data/topics/4347 1541
@/home/ec2-user/data/topics/3565 1542
@/home/ec2-user/data/topics/3549 1543
@/home/ec2-user/data/topics/4317 1544
@/home/ec2-user/data/topics/4094 1545
@/home/ec2-user/data/topics/3932 1546
@/home/ec2-user/data/topics/1011 1547
@/home/ec2-user/data/topics/4012 1548
@/home/ec2-user/data/topics/4592 1549
@/home/ec2-user/data/topics/3670 1550
@/home/ec2-user/data/topics/1803 1551
@/home/ec2-user/data/topics/3651 1552
@/home/ec2-user/data/topics/3778 1553
@/home/ec2-user/data/topics/2045 1554
@/home/ec2-user/data/topics/1251 1555
@/home/ec2-user/data/topics/4450 1556
@/home/ec2-user/data/topics/3379 1557
@/home/ec2-user/data/topics/4083 1558
@/home/ec2-user/data/topics/1311 1559
@/home/ec2-user/data/topics/4029 1560
@/home/ec2-user/data/topics/3835 1561
usernum: 72
hit: 1372
simhit: 1407
simmax: 0.616998848747
simmin: 0.0
simavg: 0.199745533845
dlmax: 0.147858743607
dlmin: 0.00811115438461
dlavg: 0.0342408120606
mthit: 1132
mthls: 41
srp: 128.55
total: 1562
hit/total: 0.878361075544
simhit/total: 0.900768245839
mthit/(total+usernum): 0.692778457772
mthls/(total+usernum): 0.0250917992656
srp/(total+usernum): 0.0262239902081
srp20/(total+usernum): 0.00844553243574
srp100/(total+usernum): 0.0172786617707
srp500/(total+usernum): 0.0231195430437

2016-12-24 19:22:34.160659
