2016-12-24 12:11:05.720497

topic-folder:/home/ec2-user/data/topics/
cl-file:/home/ec2-user/git/tfidf/result-new/b3-3.txt
cl-floder:/home/ec2-user/data/ldaclass-32-2000-top10000/
zipf:0.2
stype[0(tfidf)/1(tfidf2)/2(lsa)/3(lda)]:3
dtype[<0(diff*rand)/0(diff)/1(same)/>=2(diff*same)]:0
output-floder:/home/ec2-user/git/userquery/result

三菱マテリアル株式会社

@/home/ec2-user/data/topics/3866 0
@/home/ec2-user/data/topics/1638 0
@/home/ec2-user/data/topics/1085 1
@/home/ec2-user/data/topics/2093 2
@/home/ec2-user/data/topics/3470 3
@/home/ec2-user/data/topics/3520 4
@/home/ec2-user/data/topics/3630 5
@/home/ec2-user/data/topics/3546 6
日本精機株式会社

@/home/ec2-user/data/topics/1398 7
@/home/ec2-user/data/topics/4709 7
@/home/ec2-user/data/topics/4972 8
@/home/ec2-user/data/topics/4907 9
@/home/ec2-user/data/topics/4690 10
@/home/ec2-user/data/topics/4875 11
コニカ株式会社

@/home/ec2-user/data/topics/3414 12
@/home/ec2-user/data/topics/3418 12
@/home/ec2-user/data/topics/2162 13
@/home/ec2-user/data/topics/3419 14
@/home/ec2-user/data/topics/3431 15
@/home/ec2-user/data/topics/1946 16
@/home/ec2-user/data/topics/3357 17
@/home/ec2-user/data/topics/3486 18
@/home/ec2-user/data/topics/3370 19
@/home/ec2-user/data/topics/3426 20
@/home/ec2-user/data/topics/3533 21
埼玉日本電気株式会社

@/home/ec2-user/data/topics/5010 22
@/home/ec2-user/data/topics/4283 22
@/home/ec2-user/data/topics/1512 23
@/home/ec2-user/data/topics/4496 24
@/home/ec2-user/data/topics/1620 25
@/home/ec2-user/data/topics/4998 26
@/home/ec2-user/data/topics/4242 27
@/home/ec2-user/data/topics/4468 28
@/home/ec2-user/data/topics/4279 29
アルプス電気株式会社

@/home/ec2-user/data/topics/3429 30
@/home/ec2-user/data/topics/1253 30
@/home/ec2-user/data/topics/2089 31
@/home/ec2-user/data/topics/2012 32
@/home/ec2-user/data/topics/1434 33
@/home/ec2-user/data/topics/4791 34
@/home/ec2-user/data/topics/3582 35
三菱重工業株式会社

@/home/ec2-user/data/topics/3944 36
@/home/ec2-user/data/topics/3637 36
@/home/ec2-user/data/topics/4687 37
@/home/ec2-user/data/topics/4412 38
@/home/ec2-user/data/topics/5022 39
@/home/ec2-user/data/topics/4862 40
@/home/ec2-user/data/topics/3833 41
@/home/ec2-user/data/topics/4882 42
@/home/ec2-user/data/topics/3529 43
@/home/ec2-user/data/topics/4563 44
@/home/ec2-user/data/topics/3591 45
@/home/ec2-user/data/topics/3503 46
村田機械株式会社

@/home/ec2-user/data/topics/1293 47
@/home/ec2-user/data/topics/4941 47
@/home/ec2-user/data/topics/4596 48
@/home/ec2-user/data/topics/4746 49
@/home/ec2-user/data/topics/4645 50
@/home/ec2-user/data/topics/3528 51
@/home/ec2-user/data/topics/1511 52
@/home/ec2-user/data/topics/4556 53
@/home/ec2-user/data/topics/4638 54
@/home/ec2-user/data/topics/4565 55
@/home/ec2-user/data/topics/4570 56
@/home/ec2-user/data/topics/4441 57
@/home/ec2-user/data/topics/5000 58
@/home/ec2-user/data/topics/1074 59
@/home/ec2-user/data/topics/1607 60
@/home/ec2-user/data/topics/3740 61
@/home/ec2-user/data/topics/4835 62
川崎製鉄株式会社

@/home/ec2-user/data/topics/4615 63
@/home/ec2-user/data/topics/3483 63
@/home/ec2-user/data/topics/3611 64
@/home/ec2-user/data/topics/3553 65
@/home/ec2-user/data/topics/3929 66
@/home/ec2-user/data/topics/1037 67
@/home/ec2-user/data/topics/3532 68
@/home/ec2-user/data/topics/3413 69
@/home/ec2-user/data/topics/1459 70
ダイキン工業株式会社

@/home/ec2-user/data/topics/4734 71
@/home/ec2-user/data/topics/4701 71
@/home/ec2-user/data/topics/4367 72
@/home/ec2-user/data/topics/4753 73
@/home/ec2-user/data/topics/1565 74
@/home/ec2-user/data/topics/4845 75
@/home/ec2-user/data/topics/3888 76
@/home/ec2-user/data/topics/1600 77
@/home/ec2-user/data/topics/4400 78
@/home/ec2-user/data/topics/4515 79
@/home/ec2-user/data/topics/4858 80
三菱自動車工業株式会社

@/home/ec2-user/data/topics/1816 81
@/home/ec2-user/data/topics/3815 81
@/home/ec2-user/data/topics/1527 82
@/home/ec2-user/data/topics/2101 83
@/home/ec2-user/data/topics/1428 84
@/home/ec2-user/data/topics/3940 85
@/home/ec2-user/data/topics/4189 86
@/home/ec2-user/data/topics/3502 87
日産自動車株式会社

@/home/ec2-user/data/topics/3712 88
@/home/ec2-user/data/topics/3677 88
@/home/ec2-user/data/topics/3489 89
@/home/ec2-user/data/topics/3829 90
@/home/ec2-user/data/topics/3501 91
@/home/ec2-user/data/topics/3936 92
@/home/ec2-user/data/topics/3645 93
@/home/ec2-user/data/topics/4982 94
@/home/ec2-user/data/topics/4074 95
@/home/ec2-user/data/topics/3723 96
@/home/ec2-user/data/topics/3497 97
トヨタ自動車株式会社

@/home/ec2-user/data/topics/2111 98
@/home/ec2-user/data/topics/4064 98
@/home/ec2-user/data/topics/4658 99
@/home/ec2-user/data/topics/3356 100
@/home/ec2-user/data/topics/1494 101
@/home/ec2-user/data/topics/4543 102
@/home/ec2-user/data/topics/4767 103
@/home/ec2-user/data/topics/4346 104
@/home/ec2-user/data/topics/3587 105
@/home/ec2-user/data/topics/2218 106
@/home/ec2-user/data/topics/4008 107
@/home/ec2-user/data/topics/4920 108
@/home/ec2-user/data/topics/3405 109
@/home/ec2-user/data/topics/4298 110
@/home/ec2-user/data/topics/3671 111
@/home/ec2-user/data/topics/3943 112
@/home/ec2-user/data/topics/3783 113
@/home/ec2-user/data/topics/1551 114
@/home/ec2-user/data/topics/4617 115
@/home/ec2-user/data/topics/4633 116
@/home/ec2-user/data/topics/3731 117
@/home/ec2-user/data/topics/4426 118
@/home/ec2-user/data/topics/4030 119
@/home/ec2-user/data/topics/4144 120
@/home/ec2-user/data/topics/3699 121
@/home/ec2-user/data/topics/4647 122
@/home/ec2-user/data/topics/3725 123
@/home/ec2-user/data/topics/3481 124
@/home/ec2-user/data/topics/3758 125
オリンパス光学工業株式会社

@/home/ec2-user/data/topics/1155 126
@/home/ec2-user/data/topics/2026 126
@/home/ec2-user/data/topics/4878 127
@/home/ec2-user/data/topics/5006 128
@/home/ec2-user/data/topics/4013 129
@/home/ec2-user/data/topics/1981 130
@/home/ec2-user/data/topics/4007 131
@/home/ec2-user/data/topics/1835 132
@/home/ec2-user/data/topics/1869 133
@/home/ec2-user/data/topics/1586 134
@/home/ec2-user/data/topics/1107 135
@/home/ec2-user/data/topics/1739 136
ブラザー工業株式会社

@/home/ec2-user/data/topics/2085 137
@/home/ec2-user/data/topics/1300 137
@/home/ec2-user/data/topics/1906 138
@/home/ec2-user/data/topics/3789 139
@/home/ec2-user/data/topics/3477 140
@/home/ec2-user/data/topics/4548 141
@/home/ec2-user/data/topics/1697 142
@/home/ec2-user/data/topics/3507 143
@/home/ec2-user/data/topics/2086 144
@/home/ec2-user/data/topics/3613 145
@/home/ec2-user/data/topics/1636 146
@/home/ec2-user/data/topics/1076 147
@/home/ec2-user/data/topics/1164 148
@/home/ec2-user/data/topics/3686 149
@/home/ec2-user/data/topics/1183 150
富士通株式会社

@/home/ec2-user/data/topics/3460 151
@/home/ec2-user/data/topics/3799 151
@/home/ec2-user/data/topics/3400 152
@/home/ec2-user/data/topics/3862 153
@/home/ec2-user/data/topics/3870 154
@/home/ec2-user/data/topics/3749 155
@/home/ec2-user/data/topics/3912 156
@/home/ec2-user/data/topics/3399 157
@/home/ec2-user/data/topics/3970 158
@/home/ec2-user/data/topics/3883 159
@/home/ec2-user/data/topics/1271 160
@/home/ec2-user/data/topics/3802 161
@/home/ec2-user/data/topics/3850 162
@/home/ec2-user/data/topics/3381 163
@/home/ec2-user/data/topics/1609 164
@/home/ec2-user/data/topics/1998 165
@/home/ec2-user/data/topics/1874 166
@/home/ec2-user/data/topics/2227 167
@/home/ec2-user/data/topics/2216 168
@/home/ec2-user/data/topics/3751 169
@/home/ec2-user/data/topics/5004 170
@/home/ec2-user/data/topics/1264 171
@/home/ec2-user/data/topics/3962 172
@/home/ec2-user/data/topics/3538 173
@/home/ec2-user/data/topics/1123 174
@/home/ec2-user/data/topics/3765 175
@/home/ec2-user/data/topics/3846 176
@/home/ec2-user/data/topics/1547 177
@/home/ec2-user/data/topics/3428 178
@/home/ec2-user/data/topics/3636 179
@/home/ec2-user/data/topics/2215 180
@/home/ec2-user/data/topics/4191 181
静岡日本電気株式会社

@/home/ec2-user/data/topics/4365 182
@/home/ec2-user/data/topics/4507 182
@/home/ec2-user/data/topics/4531 183
@/home/ec2-user/data/topics/4314 184
@/home/ec2-user/data/topics/4326 185
@/home/ec2-user/data/topics/4250 186
住友重機械工業株式会社

@/home/ec2-user/data/topics/1553 187
@/home/ec2-user/data/topics/1019 187
@/home/ec2-user/data/topics/1900 188
@/home/ec2-user/data/topics/3868 189
@/home/ec2-user/data/topics/4854 190
@/home/ec2-user/data/topics/1505 191
@/home/ec2-user/data/topics/3952 192
@/home/ec2-user/data/topics/1373 193
@/home/ec2-user/data/topics/2039 194
大日本印刷株式会社

@/home/ec2-user/data/topics/1099 195
@/home/ec2-user/data/topics/3388 195
@/home/ec2-user/data/topics/1262 196
@/home/ec2-user/data/topics/1145 197
@/home/ec2-user/data/topics/1564 198
@/home/ec2-user/data/topics/3569 199
日本電気株式会社

@/home/ec2-user/data/topics/4429 200
@/home/ec2-user/data/topics/3766 200
@/home/ec2-user/data/topics/4247 201
@/home/ec2-user/data/topics/4665 202
@/home/ec2-user/data/topics/1500 203
@/home/ec2-user/data/topics/1523 204
@/home/ec2-user/data/topics/4338 205
@/home/ec2-user/data/topics/4081 206
@/home/ec2-user/data/topics/4138 207
@/home/ec2-user/data/topics/4192 208
@/home/ec2-user/data/topics/4185 209
@/home/ec2-user/data/topics/4940 210
@/home/ec2-user/data/topics/4216 211
@/home/ec2-user/data/topics/1710 212
@/home/ec2-user/data/topics/4343 213
@/home/ec2-user/data/topics/4643 214
@/home/ec2-user/data/topics/4603 215
@/home/ec2-user/data/topics/1557 216
@/home/ec2-user/data/topics/4240 217
@/home/ec2-user/data/topics/1791 218
@/home/ec2-user/data/topics/4721 219
@/home/ec2-user/data/topics/3865 220
@/home/ec2-user/data/topics/4876 221
@/home/ec2-user/data/topics/4490 222
@/home/ec2-user/data/topics/1383 223
@/home/ec2-user/data/topics/4759 224
@/home/ec2-user/data/topics/3897 225
@/home/ec2-user/data/topics/2127 226
@/home/ec2-user/data/topics/3954 227
@/home/ec2-user/data/topics/4666 228
@/home/ec2-user/data/topics/4595 229
@/home/ec2-user/data/topics/4320 230
@/home/ec2-user/data/topics/4760 231
@/home/ec2-user/data/topics/2119 232
@/home/ec2-user/data/topics/4659 233
@/home/ec2-user/data/topics/4260 234
@/home/ec2-user/data/topics/4613 235
@/home/ec2-user/data/topics/1815 236
@/home/ec2-user/data/topics/4313 237
@/home/ec2-user/data/topics/1661 238
@/home/ec2-user/data/topics/4418 239
@/home/ec2-user/data/topics/4137 240
@/home/ec2-user/data/topics/4689 241
@/home/ec2-user/data/topics/1199 242
@/home/ec2-user/data/topics/4097 243
@/home/ec2-user/data/topics/1078 244
@/home/ec2-user/data/topics/1634 245
@/home/ec2-user/data/topics/1852 246
@/home/ec2-user/data/topics/4359 247
@/home/ec2-user/data/topics/4764 248
@/home/ec2-user/data/topics/4808 249
@/home/ec2-user/data/topics/4530 250
@/home/ec2-user/data/topics/4100 251
@/home/ec2-user/data/topics/4276 252
@/home/ec2-user/data/topics/4460 253
@/home/ec2-user/data/topics/4227 254
@/home/ec2-user/data/topics/2150 255
@/home/ec2-user/data/topics/4650 256
@/home/ec2-user/data/topics/4238 257
@/home/ec2-user/data/topics/4785 258
@/home/ec2-user/data/topics/5034 259
@/home/ec2-user/data/topics/4657 260
@/home/ec2-user/data/topics/4390 261
@/home/ec2-user/data/topics/4718 262
@/home/ec2-user/data/topics/1879 263
@/home/ec2-user/data/topics/2166 264
@/home/ec2-user/data/topics/1612 265
@/home/ec2-user/data/topics/4634 266
@/home/ec2-user/data/topics/4318 267
@/home/ec2-user/data/topics/4486 268
@/home/ec2-user/data/topics/4497 269
@/home/ec2-user/data/topics/1486 270
@/home/ec2-user/data/topics/3938 271
@/home/ec2-user/data/topics/4360 272
@/home/ec2-user/data/topics/1362 273
@/home/ec2-user/data/topics/4129 274
@/home/ec2-user/data/topics/4425 275
@/home/ec2-user/data/topics/3971 276
@/home/ec2-user/data/topics/4371 277
@/home/ec2-user/data/topics/2144 278
@/home/ec2-user/data/topics/3729 279
@/home/ec2-user/data/topics/4440 280
@/home/ec2-user/data/topics/4485 281
@/home/ec2-user/data/topics/1724 282
@/home/ec2-user/data/topics/4850 283
@/home/ec2-user/data/topics/4207 284
@/home/ec2-user/data/topics/4288 285
@/home/ec2-user/data/topics/4775 286
@/home/ec2-user/data/topics/2031 287
@/home/ec2-user/data/topics/4352 288
@/home/ec2-user/data/topics/4309 289
@/home/ec2-user/data/topics/1773 290
@/home/ec2-user/data/topics/1937 291
@/home/ec2-user/data/topics/3995 292
@/home/ec2-user/data/topics/4696 293
@/home/ec2-user/data/topics/4134 294
@/home/ec2-user/data/topics/4254 295
@/home/ec2-user/data/topics/4275 296
@/home/ec2-user/data/topics/3875 297
@/home/ec2-user/data/topics/4171 298
@/home/ec2-user/data/topics/4186 299
@/home/ec2-user/data/topics/3744 300
@/home/ec2-user/data/topics/3886 301
@/home/ec2-user/data/topics/4458 302
@/home/ec2-user/data/topics/4246 303
@/home/ec2-user/data/topics/4536 304
@/home/ec2-user/data/topics/4480 305
@/home/ec2-user/data/topics/4682 306
@/home/ec2-user/data/topics/1101 307
@/home/ec2-user/data/topics/1100 308
@/home/ec2-user/data/topics/4447 309
@/home/ec2-user/data/topics/4093 310
@/home/ec2-user/data/topics/4926 311
@/home/ec2-user/data/topics/4209 312
@/home/ec2-user/data/topics/4537 313
@/home/ec2-user/data/topics/4434 314
@/home/ec2-user/data/topics/4267 315
@/home/ec2-user/data/topics/4644 316
@/home/ec2-user/data/topics/4892 317
@/home/ec2-user/data/topics/1867 318
@/home/ec2-user/data/topics/4204 319
@/home/ec2-user/data/topics/1116 320
@/home/ec2-user/data/topics/4393 321
@/home/ec2-user/data/topics/4272 322
@/home/ec2-user/data/topics/4442 323
@/home/ec2-user/data/topics/4725 324
@/home/ec2-user/data/topics/4142 325
@/home/ec2-user/data/topics/4017 326
@/home/ec2-user/data/topics/4300 327
@/home/ec2-user/data/topics/1464 328
@/home/ec2-user/data/topics/4389 329
@/home/ec2-user/data/topics/4003 330
@/home/ec2-user/data/topics/3853 331
@/home/ec2-user/data/topics/4414 332
@/home/ec2-user/data/topics/1928 333
@/home/ec2-user/data/topics/1112 334
@/home/ec2-user/data/topics/4257 335
@/home/ec2-user/data/topics/4779 336
@/home/ec2-user/data/topics/4162 337
@/home/ec2-user/data/topics/4153 338
@/home/ec2-user/data/topics/4838 339
@/home/ec2-user/data/topics/4742 340
@/home/ec2-user/data/topics/2088 341
@/home/ec2-user/data/topics/4532 342
@/home/ec2-user/data/topics/4477 343
@/home/ec2-user/data/topics/1783 344
@/home/ec2-user/data/topics/4651 345
@/home/ec2-user/data/topics/4902 346
@/home/ec2-user/data/topics/4699 347
@/home/ec2-user/data/topics/4243 348
@/home/ec2-user/data/topics/4533 349
@/home/ec2-user/data/topics/1891 350
@/home/ec2-user/data/topics/4749 351
@/home/ec2-user/data/topics/4446 352
@/home/ec2-user/data/topics/4770 353
@/home/ec2-user/data/topics/4258 354
@/home/ec2-user/data/topics/4119 355
@/home/ec2-user/data/topics/4071 356
@/home/ec2-user/data/topics/1360 357
@/home/ec2-user/data/topics/4082 358
@/home/ec2-user/data/topics/1122 359
@/home/ec2-user/data/topics/3767 360
@/home/ec2-user/data/topics/4404 361
@/home/ec2-user/data/topics/1052 362
@/home/ec2-user/data/topics/1044 363
@/home/ec2-user/data/topics/4427 364
@/home/ec2-user/data/topics/4708 365
@/home/ec2-user/data/topics/3724 366
@/home/ec2-user/data/topics/4549 367
@/home/ec2-user/data/topics/4244 368
@/home/ec2-user/data/topics/4646 369
@/home/ec2-user/data/topics/3956 370
@/home/ec2-user/data/topics/4319 371
@/home/ec2-user/data/topics/1016 372
@/home/ec2-user/data/topics/1457 373
@/home/ec2-user/data/topics/4750 374
@/home/ec2-user/data/topics/4063 375
@/home/ec2-user/data/topics/4154 376
@/home/ec2-user/data/topics/2041 377
@/home/ec2-user/data/topics/4728 378
@/home/ec2-user/data/topics/1973 379
@/home/ec2-user/data/topics/4116 380
@/home/ec2-user/data/topics/4092 381
@/home/ec2-user/data/topics/1595 382
@/home/ec2-user/data/topics/4561 383
@/home/ec2-user/data/topics/4816 384
@/home/ec2-user/data/topics/4578 385
@/home/ec2-user/data/topics/4626 386
@/home/ec2-user/data/topics/4278 387
@/home/ec2-user/data/topics/4433 388
@/home/ec2-user/data/topics/4273 389
@/home/ec2-user/data/topics/4609 390
@/home/ec2-user/data/topics/4310 391
@/home/ec2-user/data/topics/4388 392
@/home/ec2-user/data/topics/1624 393
@/home/ec2-user/data/topics/4824 394
@/home/ec2-user/data/topics/4584 395
@/home/ec2-user/data/topics/4281 396
@/home/ec2-user/data/topics/1364 397
@/home/ec2-user/data/topics/4196 398
@/home/ec2-user/data/topics/4398 399
@/home/ec2-user/data/topics/1567 400
@/home/ec2-user/data/topics/4168 401
@/home/ec2-user/data/topics/1764 402
@/home/ec2-user/data/topics/3896 403
@/home/ec2-user/data/topics/1281 404
@/home/ec2-user/data/topics/1948 405
@/home/ec2-user/data/topics/1326 406
@/home/ec2-user/data/topics/4342 407
@/home/ec2-user/data/topics/4598 408
@/home/ec2-user/data/topics/1844 409
@/home/ec2-user/data/topics/4315 410
@/home/ec2-user/data/topics/4158 411
@/home/ec2-user/data/topics/1923 412
@/home/ec2-user/data/topics/4236 413
@/home/ec2-user/data/topics/4128 414
@/home/ec2-user/data/topics/4877 415
@/home/ec2-user/data/topics/4120 416
@/home/ec2-user/data/topics/4062 417
@/home/ec2-user/data/topics/2022 418
松下電器産業株式会社

@/home/ec2-user/data/topics/4098 419
@/home/ec2-user/data/topics/4599 419
@/home/ec2-user/data/topics/4503 420
@/home/ec2-user/data/topics/4157 421
@/home/ec2-user/data/topics/3402 422
@/home/ec2-user/data/topics/3979 423
@/home/ec2-user/data/topics/4502 424
@/home/ec2-user/data/topics/4102 425
@/home/ec2-user/data/topics/4274 426
@/home/ec2-user/data/topics/3455 427
@/home/ec2-user/data/topics/4307 428
@/home/ec2-user/data/topics/3680 429
@/home/ec2-user/data/topics/1026 430
@/home/ec2-user/data/topics/3694 431
@/home/ec2-user/data/topics/2170 432
@/home/ec2-user/data/topics/3904 433
@/home/ec2-user/data/topics/3920 434
@/home/ec2-user/data/topics/4968 435
@/home/ec2-user/data/topics/1881 436
@/home/ec2-user/data/topics/4501 437
@/home/ec2-user/data/topics/1633 438
@/home/ec2-user/data/topics/4945 439
@/home/ec2-user/data/topics/5024 440
@/home/ec2-user/data/topics/4761 441
@/home/ec2-user/data/topics/4422 442
@/home/ec2-user/data/topics/1158 443
@/home/ec2-user/data/topics/4574 444
@/home/ec2-user/data/topics/3558 445
@/home/ec2-user/data/topics/4577 446
@/home/ec2-user/data/topics/1701 447
@/home/ec2-user/data/topics/3386 448
@/home/ec2-user/data/topics/1070 449
@/home/ec2-user/data/topics/1748 450
@/home/ec2-user/data/topics/1516 451
@/home/ec2-user/data/topics/4264 452
@/home/ec2-user/data/topics/4394 453
@/home/ec2-user/data/topics/1955 454
@/home/ec2-user/data/topics/4000 455
@/home/ec2-user/data/topics/4303 456
@/home/ec2-user/data/topics/5028 457
@/home/ec2-user/data/topics/4806 458
@/home/ec2-user/data/topics/4229 459
@/home/ec2-user/data/topics/4139 460
@/home/ec2-user/data/topics/1635 461
@/home/ec2-user/data/topics/3746 462
@/home/ec2-user/data/topics/3721 463
@/home/ec2-user/data/topics/3761 464
@/home/ec2-user/data/topics/4754 465
@/home/ec2-user/data/topics/1157 466
@/home/ec2-user/data/topics/4558 467
@/home/ec2-user/data/topics/1589 468
@/home/ec2-user/data/topics/4798 469
@/home/ec2-user/data/topics/4491 470
@/home/ec2-user/data/topics/3510 471
@/home/ec2-user/data/topics/3960 472
@/home/ec2-user/data/topics/1339 473
@/home/ec2-user/data/topics/4475 474
@/home/ec2-user/data/topics/3619 475
@/home/ec2-user/data/topics/4797 476
@/home/ec2-user/data/topics/3514 477
@/home/ec2-user/data/topics/4382 478
@/home/ec2-user/data/topics/4126 479
@/home/ec2-user/data/topics/4215 480
@/home/ec2-user/data/topics/4867 481
@/home/ec2-user/data/topics/3807 482
@/home/ec2-user/data/topics/3739 483
@/home/ec2-user/data/topics/3692 484
@/home/ec2-user/data/topics/2029 485
@/home/ec2-user/data/topics/3404 486
@/home/ec2-user/data/topics/1812 487
@/home/ec2-user/data/topics/4667 488
@/home/ec2-user/data/topics/1525 489
@/home/ec2-user/data/topics/4917 490
@/home/ec2-user/data/topics/3676 491
@/home/ec2-user/data/topics/4448 492
@/home/ec2-user/data/topics/1705 493
@/home/ec2-user/data/topics/3658 494
@/home/ec2-user/data/topics/4961 495
@/home/ec2-user/data/topics/3719 496
@/home/ec2-user/data/topics/4385 497
@/home/ec2-user/data/topics/1509 498
@/home/ec2-user/data/topics/1885 499
@/home/ec2-user/data/topics/2080 500
@/home/ec2-user/data/topics/3847 501
@/home/ec2-user/data/topics/4804 502
@/home/ec2-user/data/topics/4787 503
@/home/ec2-user/data/topics/3951 504
@/home/ec2-user/data/topics/1477 505
@/home/ec2-user/data/topics/4459 506
@/home/ec2-user/data/topics/2156 507
@/home/ec2-user/data/topics/2222 508
@/home/ec2-user/data/topics/4180 509
@/home/ec2-user/data/topics/4355 510
@/home/ec2-user/data/topics/1179 511
@/home/ec2-user/data/topics/4101 512
@/home/ec2-user/data/topics/4918 513
@/home/ec2-user/data/topics/4280 514
@/home/ec2-user/data/topics/4676 515
@/home/ec2-user/data/topics/1136 516
@/home/ec2-user/data/topics/3585 517
@/home/ec2-user/data/topics/4193 518
@/home/ec2-user/data/topics/4586 519
@/home/ec2-user/data/topics/1706 520
@/home/ec2-user/data/topics/1252 521
@/home/ec2-user/data/topics/4885 522
@/home/ec2-user/data/topics/4464 523
@/home/ec2-user/data/topics/1257 524
@/home/ec2-user/data/topics/4160 525
@/home/ec2-user/data/topics/4707 526
@/home/ec2-user/data/topics/4625 527
@/home/ec2-user/data/topics/1762 528
@/home/ec2-user/data/topics/3494 529
@/home/ec2-user/data/topics/2129 530
@/home/ec2-user/data/topics/3519 531
@/home/ec2-user/data/topics/1898 532
@/home/ec2-user/data/topics/1829 533
@/home/ec2-user/data/topics/4936 534
@/home/ec2-user/data/topics/3704 535
@/home/ec2-user/data/topics/4043 536
@/home/ec2-user/data/topics/4817 537
@/home/ec2-user/data/topics/2056 538
@/home/ec2-user/data/topics/4159 539
@/home/ec2-user/data/topics/1540 540
セイコーインスツルメンツ株式会社

@/home/ec2-user/data/topics/3825 541
@/home/ec2-user/data/topics/4151 541
@/home/ec2-user/data/topics/4203 542
@/home/ec2-user/data/topics/4036 543
@/home/ec2-user/data/topics/3626 544
@/home/ec2-user/data/topics/4997 545
@/home/ec2-user/data/topics/4088 546
@/home/ec2-user/data/topics/1707 547
@/home/ec2-user/data/topics/4190 548
ミノルタ株式会社

@/home/ec2-user/data/topics/4986 549
@/home/ec2-user/data/topics/3584 549
@/home/ec2-user/data/topics/4970 550
@/home/ec2-user/data/topics/3810 551
@/home/ec2-user/data/topics/2190 552
@/home/ec2-user/data/topics/3545 553
@/home/ec2-user/data/topics/4951 554
@/home/ec2-user/data/topics/1152 555
@/home/ec2-user/data/topics/4977 556
@/home/ec2-user/data/topics/4971 557
@/home/ec2-user/data/topics/4984 558
@/home/ec2-user/data/topics/4321 559
株式会社リコー

@/home/ec2-user/data/topics/3548 560
@/home/ec2-user/data/topics/3394 560
@/home/ec2-user/data/topics/1514 561
@/home/ec2-user/data/topics/3750 562
@/home/ec2-user/data/topics/3495 563
@/home/ec2-user/data/topics/1669 564
@/home/ec2-user/data/topics/1668 565
@/home/ec2-user/data/topics/1627 566
@/home/ec2-user/data/topics/4879 567
@/home/ec2-user/data/topics/3775 568
@/home/ec2-user/data/topics/1282 569
@/home/ec2-user/data/topics/3378 570
@/home/ec2-user/data/topics/1670 571
@/home/ec2-user/data/topics/4344 572
@/home/ec2-user/data/topics/1776 573
@/home/ec2-user/data/topics/1691 574
@/home/ec2-user/data/topics/1775 575
@/home/ec2-user/data/topics/1740 576
@/home/ec2-user/data/topics/1478 577
@/home/ec2-user/data/topics/2006 578
@/home/ec2-user/data/topics/4616 579
@/home/ec2-user/data/topics/1593 580
@/home/ec2-user/data/topics/1064 581
@/home/ec2-user/data/topics/4037 582
@/home/ec2-user/data/topics/3574 583
@/home/ec2-user/data/topics/1806 584
@/home/ec2-user/data/topics/3557 585
@/home/ec2-user/data/topics/1663 586
@/home/ec2-user/data/topics/3633 587
@/home/ec2-user/data/topics/3555 588
@/home/ec2-user/data/topics/4781 589
@/home/ec2-user/data/topics/1976 590
@/home/ec2-user/data/topics/3880 591
@/home/ec2-user/data/topics/2182 592
@/home/ec2-user/data/topics/3472 593
@/home/ec2-user/data/topics/4265 594
@/home/ec2-user/data/topics/1225 595
@/home/ec2-user/data/topics/1755 596
@/home/ec2-user/data/topics/3713 597
@/home/ec2-user/data/topics/1974 598
@/home/ec2-user/data/topics/1433 599
@/home/ec2-user/data/topics/2200 600
@/home/ec2-user/data/topics/1610 601
@/home/ec2-user/data/topics/1095 602
@/home/ec2-user/data/topics/3411 603
@/home/ec2-user/data/topics/3523 604
@/home/ec2-user/data/topics/1106 605
@/home/ec2-user/data/topics/1780 606
@/home/ec2-user/data/topics/3669 607
@/home/ec2-user/data/topics/3436 608
@/home/ec2-user/data/topics/2090 609
@/home/ec2-user/data/topics/3446 610
@/home/ec2-user/data/topics/1718 611
@/home/ec2-user/data/topics/2201 612
@/home/ec2-user/data/topics/1878 613
@/home/ec2-user/data/topics/3484 614
@/home/ec2-user/data/topics/2219 615
@/home/ec2-user/data/topics/3711 616
@/home/ec2-user/data/topics/3474 617
@/home/ec2-user/data/topics/1083 618
@/home/ec2-user/data/topics/1482 619
@/home/ec2-user/data/topics/3424 620
@/home/ec2-user/data/topics/3530 621
@/home/ec2-user/data/topics/1190 622
@/home/ec2-user/data/topics/2189 623
@/home/ec2-user/data/topics/3687 624
@/home/ec2-user/data/topics/3759 625
@/home/ec2-user/data/topics/2043 626
@/home/ec2-user/data/topics/1774 627
@/home/ec2-user/data/topics/1436 628
@/home/ec2-user/data/topics/3837 629
独立行政法人産業技術総合研究所

@/home/ec2-user/data/topics/4777 630
@/home/ec2-user/data/topics/1356 630
@/home/ec2-user/data/topics/4739 631
@/home/ec2-user/data/topics/4800 632
@/home/ec2-user/data/topics/4740 633
@/home/ec2-user/data/topics/4869 634
ソニー株式会社

@/home/ec2-user/data/topics/3392 635
@/home/ec2-user/data/topics/1602 635
@/home/ec2-user/data/topics/1491 636
@/home/ec2-user/data/topics/1435 637
@/home/ec2-user/data/topics/2105 638
@/home/ec2-user/data/topics/1892 639
@/home/ec2-user/data/topics/1298 640
@/home/ec2-user/data/topics/1059 641
@/home/ec2-user/data/topics/1912 642
@/home/ec2-user/data/topics/4184 643
@/home/ec2-user/data/topics/3872 644
@/home/ec2-user/data/topics/2059 645
@/home/ec2-user/data/topics/2052 646
@/home/ec2-user/data/topics/1954 647
@/home/ec2-user/data/topics/1873 648
@/home/ec2-user/data/topics/2094 649
@/home/ec2-user/data/topics/5027 650
@/home/ec2-user/data/topics/3975 651
@/home/ec2-user/data/topics/1686 652
@/home/ec2-user/data/topics/1426 653
@/home/ec2-user/data/topics/2075 654
@/home/ec2-user/data/topics/1397 655
@/home/ec2-user/data/topics/1679 656
@/home/ec2-user/data/topics/1291 657
@/home/ec2-user/data/topics/3401 658
@/home/ec2-user/data/topics/1749 659
@/home/ec2-user/data/topics/1836 660
@/home/ec2-user/data/topics/3924 661
@/home/ec2-user/data/topics/1778 662
@/home/ec2-user/data/topics/1102 663
@/home/ec2-user/data/topics/1967 664
@/home/ec2-user/data/topics/1414 665
@/home/ec2-user/data/topics/4351 666
@/home/ec2-user/data/topics/1218 667
@/home/ec2-user/data/topics/1884 668
@/home/ec2-user/data/topics/3955 669
@/home/ec2-user/data/topics/4224 670
@/home/ec2-user/data/topics/1233 671
@/home/ec2-user/data/topics/2058 672
@/home/ec2-user/data/topics/1147 673
@/home/ec2-user/data/topics/2037 674
@/home/ec2-user/data/topics/1380 675
@/home/ec2-user/data/topics/4219 676
@/home/ec2-user/data/topics/1471 677
@/home/ec2-user/data/topics/1926 678
@/home/ec2-user/data/topics/2048 679
@/home/ec2-user/data/topics/3456 680
富士ゼロックス株式会社

@/home/ec2-user/data/topics/5031 681
@/home/ec2-user/data/topics/1947 681
@/home/ec2-user/data/topics/3407 682
@/home/ec2-user/data/topics/1560 683
@/home/ec2-user/data/topics/3661 684
@/home/ec2-user/data/topics/3662 685
@/home/ec2-user/data/topics/3473 686
@/home/ec2-user/data/topics/3695 687
@/home/ec2-user/data/topics/3366 688
@/home/ec2-user/data/topics/3782 689
@/home/ec2-user/data/topics/3564 690
@/home/ec2-user/data/topics/3383 691
@/home/ec2-user/data/topics/3790 692
@/home/ec2-user/data/topics/3640 693
@/home/ec2-user/data/topics/4108 694
住友金属工業株式会社

@/home/ec2-user/data/topics/4295 695
@/home/ec2-user/data/topics/4534 695
@/home/ec2-user/data/topics/4021 696
@/home/ec2-user/data/topics/4991 697
@/home/ec2-user/data/topics/4322 698
@/home/ec2-user/data/topics/3826 699
@/home/ec2-user/data/topics/4182 700
@/home/ec2-user/data/topics/4661 701
@/home/ec2-user/data/topics/3577 702
@/home/ec2-user/data/topics/3655 703
@/home/ec2-user/data/topics/4733 704
@/home/ec2-user/data/topics/1268 705
日立電線株式会社

@/home/ec2-user/data/topics/4329 706
@/home/ec2-user/data/topics/4357 706
@/home/ec2-user/data/topics/3756 707
@/home/ec2-user/data/topics/1305 708
@/home/ec2-user/data/topics/1117 709
@/home/ec2-user/data/topics/1388 710
@/home/ec2-user/data/topics/3930 711
@/home/ec2-user/data/topics/1027 712
@/home/ec2-user/data/topics/4356 713
キヤノン株式会社

@/home/ec2-user/data/topics/3445 714
@/home/ec2-user/data/topics/3996 714
@/home/ec2-user/data/topics/3376 715
@/home/ec2-user/data/topics/1975 716
@/home/ec2-user/data/topics/1455 717
@/home/ec2-user/data/topics/4610 718
@/home/ec2-user/data/topics/1847 719
@/home/ec2-user/data/topics/3642 720
@/home/ec2-user/data/topics/1208 721
@/home/ec2-user/data/topics/1438 722
@/home/ec2-user/data/topics/4350 723
@/home/ec2-user/data/topics/3417 724
@/home/ec2-user/data/topics/4054 725
@/home/ec2-user/data/topics/1124 726
@/home/ec2-user/data/topics/3410 727
@/home/ec2-user/data/topics/1848 728
@/home/ec2-user/data/topics/1118 729
@/home/ec2-user/data/topics/1513 730
@/home/ec2-user/data/topics/2053 731
@/home/ec2-user/data/topics/3416 732
@/home/ec2-user/data/topics/1802 733
@/home/ec2-user/data/topics/1519 734
@/home/ec2-user/data/topics/1744 735
@/home/ec2-user/data/topics/4520 736
@/home/ec2-user/data/topics/3374 737
@/home/ec2-user/data/topics/4628 738
@/home/ec2-user/data/topics/3967 739
@/home/ec2-user/data/topics/3454 740
@/home/ec2-user/data/topics/3441 741
@/home/ec2-user/data/topics/1228 742
@/home/ec2-user/data/topics/4521 743
@/home/ec2-user/data/topics/1790 744
@/home/ec2-user/data/topics/3958 745
@/home/ec2-user/data/topics/4020 746
@/home/ec2-user/data/topics/3722 747
@/home/ec2-user/data/topics/4937 748
@/home/ec2-user/data/topics/3656 749
@/home/ec2-user/data/topics/3415 750
@/home/ec2-user/data/topics/1080 751
@/home/ec2-user/data/topics/1631 752
@/home/ec2-user/data/topics/3852 753
@/home/ec2-user/data/topics/1590 754
@/home/ec2-user/data/topics/1646 755
@/home/ec2-user/data/topics/1539 756
@/home/ec2-user/data/topics/3949 757
@/home/ec2-user/data/topics/4363 758
@/home/ec2-user/data/topics/3730 759
@/home/ec2-user/data/topics/3660 760
@/home/ec2-user/data/topics/2107 761
@/home/ec2-user/data/topics/3438 762
@/home/ec2-user/data/topics/4068 763
@/home/ec2-user/data/topics/1895 764
@/home/ec2-user/data/topics/1745 765
@/home/ec2-user/data/topics/2145 766
@/home/ec2-user/data/topics/4948 767
@/home/ec2-user/data/topics/1568 768
@/home/ec2-user/data/topics/3843 769
@/home/ec2-user/data/topics/2117 770
@/home/ec2-user/data/topics/3430 771
@/home/ec2-user/data/topics/1889 772
@/home/ec2-user/data/topics/3720 773
@/home/ec2-user/data/topics/3434 774
@/home/ec2-user/data/topics/3628 775
@/home/ec2-user/data/topics/1216 776
@/home/ec2-user/data/topics/3420 777
@/home/ec2-user/data/topics/2243 778
@/home/ec2-user/data/topics/4947 779
@/home/ec2-user/data/topics/2004 780
@/home/ec2-user/data/topics/1961 781
@/home/ec2-user/data/topics/3755 782
@/home/ec2-user/data/topics/1866 783
@/home/ec2-user/data/topics/2231 784
@/home/ec2-user/data/topics/3737 785
三洋電機株式会社

@/home/ec2-user/data/topics/1246 786
@/home/ec2-user/data/topics/4679 786
@/home/ec2-user/data/topics/1653 787
@/home/ec2-user/data/topics/1515 788
@/home/ec2-user/data/topics/3804 789
@/home/ec2-user/data/topics/2071 790
@/home/ec2-user/data/topics/1321 791
@/home/ec2-user/data/topics/4066 792
@/home/ec2-user/data/topics/1163 793
@/home/ec2-user/data/topics/3974 794
@/home/ec2-user/data/topics/3889 795
@/home/ec2-user/data/topics/3808 796
@/home/ec2-user/data/topics/2098 797
@/home/ec2-user/data/topics/1079 798
@/home/ec2-user/data/topics/4015 799
@/home/ec2-user/data/topics/1479 800
@/home/ec2-user/data/topics/3539 801
@/home/ec2-user/data/topics/5002 802
@/home/ec2-user/data/topics/4763 803
@/home/ec2-user/data/topics/4061 804
@/home/ec2-user/data/topics/4604 805
@/home/ec2-user/data/topics/4001 806
@/home/ec2-user/data/topics/3906 807
@/home/ec2-user/data/topics/3491 808
@/home/ec2-user/data/topics/4179 809
@/home/ec2-user/data/topics/4983 810
@/home/ec2-user/data/topics/4474 811
@/home/ec2-user/data/topics/3830 812
@/home/ec2-user/data/topics/1980 813
@/home/ec2-user/data/topics/5011 814
@/home/ec2-user/data/topics/2194 815
@/home/ec2-user/data/topics/4178 816
@/home/ec2-user/data/topics/4960 817
@/home/ec2-user/data/topics/4978 818
@/home/ec2-user/data/topics/4328 819
@/home/ec2-user/data/topics/4212 820
@/home/ec2-user/data/topics/3398 821
@/home/ec2-user/data/topics/3681 822
@/home/ec2-user/data/topics/4039 823
@/home/ec2-user/data/topics/4384 824
@/home/ec2-user/data/topics/4492 825
@/home/ec2-user/data/topics/1722 826
@/home/ec2-user/data/topics/3581 827
@/home/ec2-user/data/topics/3845 828
@/home/ec2-user/data/topics/1451 829
@/home/ec2-user/data/topics/4301 830
@/home/ec2-user/data/topics/3953 831
@/home/ec2-user/data/topics/3403 832
@/home/ec2-user/data/topics/4654 833
@/home/ec2-user/data/topics/4720 834
@/home/ec2-user/data/topics/1289 835
@/home/ec2-user/data/topics/4612 836
@/home/ec2-user/data/topics/1488 837
@/home/ec2-user/data/topics/2054 838
@/home/ec2-user/data/topics/2063 839
@/home/ec2-user/data/topics/3859 840
@/home/ec2-user/data/topics/1386 841
@/home/ec2-user/data/topics/4788 842
@/home/ec2-user/data/topics/1671 843
@/home/ec2-user/data/topics/3625 844
@/home/ec2-user/data/topics/4837 845
@/home/ec2-user/data/topics/2014 846
@/home/ec2-user/data/topics/4150 847
@/home/ec2-user/data/topics/3492 848
@/home/ec2-user/data/topics/4571 849
@/home/ec2-user/data/topics/4304 850
@/home/ec2-user/data/topics/1652 851
@/home/ec2-user/data/topics/4060 852
@/home/ec2-user/data/topics/3754 853
@/home/ec2-user/data/topics/4527 854
@/home/ec2-user/data/topics/3986 855
@/home/ec2-user/data/topics/4726 856
@/home/ec2-user/data/topics/3926 857
@/home/ec2-user/data/topics/4376 858
@/home/ec2-user/data/topics/3781 859
@/home/ec2-user/data/topics/3817 860
@/home/ec2-user/data/topics/4099 861
@/home/ec2-user/data/topics/3708 862
@/home/ec2-user/data/topics/2230 863
三菱電機株式会社

@/home/ec2-user/data/topics/3609 864
@/home/ec2-user/data/topics/4562 864
@/home/ec2-user/data/topics/4552 865
@/home/ec2-user/data/topics/4614 866
@/home/ec2-user/data/topics/3493 867
@/home/ec2-user/data/topics/3612 868
@/home/ec2-user/data/topics/4834 869
@/home/ec2-user/data/topics/3873 870
@/home/ec2-user/data/topics/3841 871
@/home/ec2-user/data/topics/3592 872
@/home/ec2-user/data/topics/3409 873
@/home/ec2-user/data/topics/4518 874
@/home/ec2-user/data/topics/4980 875
@/home/ec2-user/data/topics/3856 876
@/home/ec2-user/data/topics/3412 877
@/home/ec2-user/data/topics/4047 878
@/home/ec2-user/data/topics/3595 879
@/home/ec2-user/data/topics/3397 880
@/home/ec2-user/data/topics/1110 881
@/home/ec2-user/data/topics/5033 882
@/home/ec2-user/data/topics/1738 883
@/home/ec2-user/data/topics/3506 884
@/home/ec2-user/data/topics/3616 885
@/home/ec2-user/data/topics/3451 886
@/home/ec2-user/data/topics/3466 887
@/home/ec2-user/data/topics/4880 888
@/home/ec2-user/data/topics/3490 889
@/home/ec2-user/data/topics/3666 890
@/home/ec2-user/data/topics/4076 891
@/home/ec2-user/data/topics/4419 892
@/home/ec2-user/data/topics/4305 893
@/home/ec2-user/data/topics/3800 894
@/home/ec2-user/data/topics/1220 895
@/home/ec2-user/data/topics/4514 896
@/home/ec2-user/data/topics/1872 897
@/home/ec2-user/data/topics/2146 898
@/home/ec2-user/data/topics/4233 899
@/home/ec2-user/data/topics/3963 900
@/home/ec2-user/data/topics/4133 901
@/home/ec2-user/data/topics/4041 902
@/home/ec2-user/data/topics/1792 903
@/home/ec2-user/data/topics/5032 904
@/home/ec2-user/data/topics/4235 905
@/home/ec2-user/data/topics/3747 906
@/home/ec2-user/data/topics/1536 907
@/home/ec2-user/data/topics/3453 908
@/home/ec2-user/data/topics/4282 909
@/home/ec2-user/data/topics/4220 910
@/home/ec2-user/data/topics/4221 911
@/home/ec2-user/data/topics/1754 912
@/home/ec2-user/data/topics/4181 913
@/home/ec2-user/data/topics/3465 914
@/home/ec2-user/data/topics/4149 915
@/home/ec2-user/data/topics/3774 916
@/home/ec2-user/data/topics/3820 917
@/home/ec2-user/data/topics/4663 918
@/home/ec2-user/data/topics/3921 919
@/home/ec2-user/data/topics/3469 920
住友ゴム工業株式会社

@/home/ec2-user/data/topics/1758 921
@/home/ec2-user/data/topics/4597 921
@/home/ec2-user/data/topics/1114 922
@/home/ec2-user/data/topics/4048 923
@/home/ec2-user/data/topics/2007 924
@/home/ec2-user/data/topics/4568 925
@/home/ec2-user/data/topics/4406 926
セイコーエプソン株式会社

@/home/ec2-user/data/topics/1890 927
@/home/ec2-user/data/topics/4801 927
@/home/ec2-user/data/topics/3589 928
@/home/ec2-user/data/topics/3476 929
@/home/ec2-user/data/topics/3887 930
@/home/ec2-user/data/topics/1938 931
@/home/ec2-user/data/topics/1343 932
@/home/ec2-user/data/topics/4454 933
@/home/ec2-user/data/topics/4386 934
@/home/ec2-user/data/topics/3819 935
@/home/ec2-user/data/topics/3910 936
@/home/ec2-user/data/topics/3985 937
@/home/ec2-user/data/topics/4605 938
@/home/ec2-user/data/topics/2165 939
@/home/ec2-user/data/topics/3361 940
@/home/ec2-user/data/topics/1641 941
@/home/ec2-user/data/topics/4585 942
@/home/ec2-user/data/topics/4022 943
@/home/ec2-user/data/topics/1484 944
@/home/ec2-user/data/topics/2078 945
@/home/ec2-user/data/topics/1423 946
@/home/ec2-user/data/topics/4109 947
@/home/ec2-user/data/topics/4719 948
@/home/ec2-user/data/topics/3505 949
@/home/ec2-user/data/topics/4802 950
@/home/ec2-user/data/topics/1378 951
株式会社三共

@/home/ec2-user/data/topics/1189 952
@/home/ec2-user/data/topics/1665 952
@/home/ec2-user/data/topics/1648 953
@/home/ec2-user/data/topics/2123 954
@/home/ec2-user/data/topics/1377 955
@/home/ec2-user/data/topics/2060 956
@/home/ec2-user/data/topics/1086 957
@/home/ec2-user/data/topics/4868 958
@/home/ec2-user/data/topics/4374 959
沖電気工業株式会社

@/home/ec2-user/data/topics/3764 960
@/home/ec2-user/data/topics/1188 960
@/home/ec2-user/data/topics/4308 961
@/home/ec2-user/data/topics/3395 962
@/home/ec2-user/data/topics/3433 963
@/home/ec2-user/data/topics/3621 964
@/home/ec2-user/data/topics/1531 965
@/home/ec2-user/data/topics/3571 966
@/home/ec2-user/data/topics/4575 967
@/home/ec2-user/data/topics/3457 968
@/home/ec2-user/data/topics/3690 969
@/home/ec2-user/data/topics/4299 970
@/home/ec2-user/data/topics/4693 971
@/home/ec2-user/data/topics/3964 972
株式会社三星

@/home/ec2-user/data/topics/2108 973
@/home/ec2-user/data/topics/3942 973
@/home/ec2-user/data/topics/2198 974
@/home/ec2-user/data/topics/1728 975
@/home/ec2-user/data/topics/1260 976
@/home/ec2-user/data/topics/1733 977
日本ビクター株式会社

@/home/ec2-user/data/topics/1440 978
@/home/ec2-user/data/topics/4056 978
@/home/ec2-user/data/topics/4123 979
@/home/ec2-user/data/topics/1520 980
@/home/ec2-user/data/topics/3939 981
@/home/ec2-user/data/topics/1823 982
@/home/ec2-user/data/topics/3882 983
@/home/ec2-user/data/topics/4672 984
@/home/ec2-user/data/topics/1389 985
@/home/ec2-user/data/topics/3620 986
@/home/ec2-user/data/topics/3603 987
花王株式会社

@/home/ec2-user/data/topics/4287 988
@/home/ec2-user/data/topics/3884 988
@/home/ec2-user/data/topics/3999 989
@/home/ec2-user/data/topics/4211 990
@/home/ec2-user/data/topics/3812 991
@/home/ec2-user/data/topics/4445 992
@/home/ec2-user/data/topics/3753 993
@/home/ec2-user/data/topics/4827 994
@/home/ec2-user/data/topics/1196 995
@/home/ec2-user/data/topics/1767 996
@/home/ec2-user/data/topics/2214 997
@/home/ec2-user/data/topics/4249 998
@/home/ec2-user/data/topics/1022 999
三田工業株式会社

@/home/ec2-user/data/topics/3923 1000
@/home/ec2-user/data/topics/2155 1000
@/home/ec2-user/data/topics/1033 1001
@/home/ec2-user/data/topics/1269 1002
@/home/ec2-user/data/topics/3842 1003
@/home/ec2-user/data/topics/1766 1004
@/home/ec2-user/data/topics/2136 1005
@/home/ec2-user/data/topics/3604 1006
@/home/ec2-user/data/topics/1034 1007
豊丸産業株式会社

@/home/ec2-user/data/topics/3672 1008
@/home/ec2-user/data/topics/1126 1008
@/home/ec2-user/data/topics/1284 1009
@/home/ec2-user/data/topics/4847 1010
@/home/ec2-user/data/topics/1138 1011
@/home/ec2-user/data/topics/1353 1012
@/home/ec2-user/data/topics/1097 1013
@/home/ec2-user/data/topics/1401 1014
@/home/ec2-user/data/topics/1677 1015
@/home/ec2-user/data/topics/1713 1016
@/home/ec2-user/data/topics/2169 1017
@/home/ec2-user/data/topics/2011 1018
@/home/ec2-user/data/topics/1726 1019
@/home/ec2-user/data/topics/1914 1020
@/home/ec2-user/data/topics/1588 1021
鐘紡株式会社

@/home/ec2-user/data/topics/1054 1022
@/home/ec2-user/data/topics/1886 1022
@/home/ec2-user/data/topics/1901 1023
@/home/ec2-user/data/topics/3566 1024
@/home/ec2-user/data/topics/3551 1025
@/home/ec2-user/data/topics/1304 1026
@/home/ec2-user/data/topics/2223 1027
@/home/ec2-user/data/topics/4195 1028
@/home/ec2-user/data/topics/1367 1029
@/home/ec2-user/data/topics/2185 1030
@/home/ec2-user/data/topics/3560 1031
@/home/ec2-user/data/topics/3634 1032
@/home/ec2-user/data/topics/2034 1033
@/home/ec2-user/data/topics/1842 1034
@/home/ec2-user/data/topics/1870 1035
@/home/ec2-user/data/topics/1178 1036
株式会社デンソー

@/home/ec2-user/data/topics/3710 1037
@/home/ec2-user/data/topics/4675 1037
@/home/ec2-user/data/topics/4622 1038
@/home/ec2-user/data/topics/4024 1039
@/home/ec2-user/data/topics/4498 1040
@/home/ec2-user/data/topics/3421 1041
@/home/ec2-user/data/topics/4046 1042
@/home/ec2-user/data/topics/4483 1043
@/home/ec2-user/data/topics/4656 1044
@/home/ec2-user/data/topics/4805 1045
@/home/ec2-user/data/topics/1028 1046
@/home/ec2-user/data/topics/3406 1047
@/home/ec2-user/data/topics/3480 1048
@/home/ec2-user/data/topics/4840 1049
@/home/ec2-user/data/topics/4423 1050
@/home/ec2-user/data/topics/1855 1051
@/home/ec2-user/data/topics/4164 1052
富士写真フイルム株式会社

@/home/ec2-user/data/topics/1603 1053
@/home/ec2-user/data/topics/3354 1053
@/home/ec2-user/data/topics/3447 1054
@/home/ec2-user/data/topics/1662 1055
@/home/ec2-user/data/topics/4962 1056
@/home/ec2-user/data/topics/2134 1057
@/home/ec2-user/data/topics/3857 1058
@/home/ec2-user/data/topics/1570 1059
@/home/ec2-user/data/topics/1244 1060
@/home/ec2-user/data/topics/3918 1061
@/home/ec2-user/data/topics/3911 1062
京セラ株式会社

@/home/ec2-user/data/topics/1913 1063
@/home/ec2-user/data/topics/1708 1063
@/home/ec2-user/data/topics/3869 1064
@/home/ec2-user/data/topics/4513 1065
@/home/ec2-user/data/topics/1485 1066
@/home/ec2-user/data/topics/3615 1067
@/home/ec2-user/data/topics/4901 1068
@/home/ec2-user/data/topics/3593 1069
@/home/ec2-user/data/topics/4340 1070
@/home/ec2-user/data/topics/1741 1071
@/home/ec2-user/data/topics/4031 1072
@/home/ec2-user/data/topics/3741 1073
イビデン株式会社

@/home/ec2-user/data/topics/1336 1074
@/home/ec2-user/data/topics/1952 1074
@/home/ec2-user/data/topics/2033 1075
@/home/ec2-user/data/topics/1682 1076
@/home/ec2-user/data/topics/1770 1077
@/home/ec2-user/data/topics/3814 1078
@/home/ec2-user/data/topics/1315 1079
株式会社東芝

@/home/ec2-user/data/topics/4302 1080
@/home/ec2-user/data/topics/3851 1080
@/home/ec2-user/data/topics/4912 1081
@/home/ec2-user/data/topics/4566 1082
@/home/ec2-user/data/topics/3360 1083
@/home/ec2-user/data/topics/4096 1084
@/home/ec2-user/data/topics/4623 1085
@/home/ec2-user/data/topics/4140 1086
@/home/ec2-user/data/topics/1756 1087
@/home/ec2-user/data/topics/4361 1088
@/home/ec2-user/data/topics/4336 1089
@/home/ec2-user/data/topics/3380 1090
@/home/ec2-user/data/topics/3351 1091
@/home/ec2-user/data/topics/3795 1092
@/home/ec2-user/data/topics/2241 1093
@/home/ec2-user/data/topics/3734 1094
@/home/ec2-user/data/topics/1997 1095
@/home/ec2-user/data/topics/3834 1096
@/home/ec2-user/data/topics/3689 1097
@/home/ec2-user/data/topics/4842 1098
@/home/ec2-user/data/topics/4057 1099
@/home/ec2-user/data/topics/4594 1100
@/home/ec2-user/data/topics/3890 1101
@/home/ec2-user/data/topics/1205 1102
@/home/ec2-user/data/topics/3618 1103
@/home/ec2-user/data/topics/4009 1104
@/home/ec2-user/data/topics/4755 1105
@/home/ec2-user/data/topics/1132 1106
@/home/ec2-user/data/topics/4172 1107
@/home/ec2-user/data/topics/4751 1108
@/home/ec2-user/data/topics/3881 1109
@/home/ec2-user/data/topics/1757 1110
@/home/ec2-user/data/topics/3352 1111
@/home/ec2-user/data/topics/1332 1112
@/home/ec2-user/data/topics/3363 1113
@/home/ec2-user/data/topics/3716 1114
@/home/ec2-user/data/topics/3732 1115
@/home/ec2-user/data/topics/4881 1116
@/home/ec2-user/data/topics/4535 1117
@/home/ec2-user/data/topics/3948 1118
@/home/ec2-user/data/topics/4165 1119
@/home/ec2-user/data/topics/4381 1120
@/home/ec2-user/data/topics/4935 1121
@/home/ec2-user/data/topics/4509 1122
@/home/ec2-user/data/topics/4863 1123
@/home/ec2-user/data/topics/1585 1124
@/home/ec2-user/data/topics/4089 1125
@/home/ec2-user/data/topics/3990 1126
@/home/ec2-user/data/topics/4183 1127
@/home/ec2-user/data/topics/3688 1128
@/home/ec2-user/data/topics/4292 1129
@/home/ec2-user/data/topics/1090 1130
@/home/ec2-user/data/topics/3988 1131
@/home/ec2-user/data/topics/3542 1132
@/home/ec2-user/data/topics/1819 1133
@/home/ec2-user/data/topics/3780 1134
@/home/ec2-user/data/topics/3462 1135
@/home/ec2-user/data/topics/3683 1136
@/home/ec2-user/data/topics/3598 1137
@/home/ec2-user/data/topics/4631 1138
@/home/ec2-user/data/topics/4197 1139
ヤマハ株式会社

@/home/ec2-user/data/topics/4954 1140
@/home/ec2-user/data/topics/4045 1140
@/home/ec2-user/data/topics/1676 1141
@/home/ec2-user/data/topics/4919 1142
@/home/ec2-user/data/topics/1720 1143
@/home/ec2-user/data/topics/4177 1144
@/home/ec2-user/data/topics/3972 1145
@/home/ec2-user/data/topics/1911 1146
@/home/ec2-user/data/topics/4125 1147
@/home/ec2-user/data/topics/4010 1148
@/home/ec2-user/data/topics/4145 1149
@/home/ec2-user/data/topics/1443 1150
@/home/ec2-user/data/topics/4084 1151
東洋紡績株式会社

@/home/ec2-user/data/topics/4366 1152
@/home/ec2-user/data/topics/1613 1152
@/home/ec2-user/data/topics/4284 1153
@/home/ec2-user/data/topics/1029 1154
@/home/ec2-user/data/topics/4362 1155
@/home/ec2-user/data/topics/3769 1156
三菱化学株式会社

@/home/ec2-user/data/topics/1699 1157
@/home/ec2-user/data/topics/1197 1157
@/home/ec2-user/data/topics/1902 1158
@/home/ec2-user/data/topics/3513 1159
@/home/ec2-user/data/topics/3458 1160
@/home/ec2-user/data/topics/3638 1161
カシオ計算機株式会社

@/home/ec2-user/data/topics/1535 1162
@/home/ec2-user/data/topics/2237 1162
@/home/ec2-user/data/topics/1368 1163
@/home/ec2-user/data/topics/1047 1164
@/home/ec2-user/data/topics/3391 1165
@/home/ec2-user/data/topics/1794 1166
@/home/ec2-user/data/topics/1235 1167
@/home/ec2-user/data/topics/2180 1168
コナミ株式会社

@/home/ec2-user/data/topics/4681 1169
@/home/ec2-user/data/topics/4602 1169
@/home/ec2-user/data/topics/5015 1170
@/home/ec2-user/data/topics/1672 1171
@/home/ec2-user/data/topics/1302 1172
@/home/ec2-user/data/topics/1621 1173
@/home/ec2-user/data/topics/2100 1174
@/home/ec2-user/data/topics/2151 1175
大日本スクリーン製造株式会社

@/home/ec2-user/data/topics/1608 1176
@/home/ec2-user/data/topics/1779 1176
@/home/ec2-user/data/topics/2209 1177
@/home/ec2-user/data/topics/1130 1178
@/home/ec2-user/data/topics/2172 1179
@/home/ec2-user/data/topics/1173 1180
@/home/ec2-user/data/topics/3742 1181
オムロン株式会社

@/home/ec2-user/data/topics/3597 1182
@/home/ec2-user/data/topics/3748 1182
@/home/ec2-user/data/topics/3863 1183
@/home/ec2-user/data/topics/4771 1184
@/home/ec2-user/data/topics/1067 1185
@/home/ec2-user/data/topics/1579 1186
@/home/ec2-user/data/topics/1533 1187
@/home/ec2-user/data/topics/1657 1188
@/home/ec2-user/data/topics/1151 1189
@/home/ec2-user/data/topics/1933 1190
@/home/ec2-user/data/topics/3700 1191
@/home/ec2-user/data/topics/1841 1192
@/home/ec2-user/data/topics/2096 1193
@/home/ec2-user/data/topics/1135 1194
@/home/ec2-user/data/topics/3594 1195
株式会社日立製作所

@/home/ec2-user/data/topics/4058 1196
@/home/ec2-user/data/topics/4943 1196
@/home/ec2-user/data/topics/3471 1197
@/home/ec2-user/data/topics/4545 1198
@/home/ec2-user/data/topics/4551 1199
@/home/ec2-user/data/topics/5030 1200
@/home/ec2-user/data/topics/3772 1201
@/home/ec2-user/data/topics/1882 1202
@/home/ec2-user/data/topics/1826 1203
@/home/ec2-user/data/topics/3440 1204
@/home/ec2-user/data/topics/2184 1205
@/home/ec2-user/data/topics/3461 1206
@/home/ec2-user/data/topics/1501 1207
@/home/ec2-user/data/topics/2019 1208
@/home/ec2-user/data/topics/3659 1209
@/home/ec2-user/data/topics/1987 1210
@/home/ec2-user/data/topics/1296 1211
@/home/ec2-user/data/topics/4040 1212
@/home/ec2-user/data/topics/3596 1213
@/home/ec2-user/data/topics/3588 1214
@/home/ec2-user/data/topics/3822 1215
@/home/ec2-user/data/topics/1247 1216
@/home/ec2-user/data/topics/1105 1217
@/home/ec2-user/data/topics/3706 1218
@/home/ec2-user/data/topics/3384 1219
@/home/ec2-user/data/topics/3965 1220
@/home/ec2-user/data/topics/4621 1221
@/home/ec2-user/data/topics/4559 1222
@/home/ec2-user/data/topics/4401 1223
@/home/ec2-user/data/topics/4493 1224
@/home/ec2-user/data/topics/3531 1225
@/home/ec2-user/data/topics/1880 1226
@/home/ec2-user/data/topics/1278 1227
@/home/ec2-user/data/topics/3524 1228
@/home/ec2-user/data/topics/3599 1229
@/home/ec2-user/data/topics/4420 1230
@/home/ec2-user/data/topics/4489 1231
@/home/ec2-user/data/topics/3994 1232
@/home/ec2-user/data/topics/3993 1233
@/home/ec2-user/data/topics/1640 1234
@/home/ec2-user/data/topics/4799 1235
@/home/ec2-user/data/topics/3488 1236
@/home/ec2-user/data/topics/1082 1237
@/home/ec2-user/data/topics/3648 1238
@/home/ec2-user/data/topics/1340 1239
@/home/ec2-user/data/topics/1562 1240
@/home/ec2-user/data/topics/2239 1241
@/home/ec2-user/data/topics/3665 1242
@/home/ec2-user/data/topics/5029 1243
@/home/ec2-user/data/topics/2081 1244
@/home/ec2-user/data/topics/4830 1245
@/home/ec2-user/data/topics/3968 1246
@/home/ec2-user/data/topics/3779 1247
@/home/ec2-user/data/topics/3973 1248
@/home/ec2-user/data/topics/4990 1249
@/home/ec2-user/data/topics/1667 1250
@/home/ec2-user/data/topics/1833 1251
@/home/ec2-user/data/topics/4122 1252
@/home/ec2-user/data/topics/1072 1253
@/home/ec2-user/data/topics/3691 1254
@/home/ec2-user/data/topics/4547 1255
@/home/ec2-user/data/topics/1463 1256
@/home/ec2-user/data/topics/1651 1257
@/home/ec2-user/data/topics/3570 1258
@/home/ec2-user/data/topics/3439 1259
@/home/ec2-user/data/topics/4166 1260
@/home/ec2-user/data/topics/1487 1261
@/home/ec2-user/data/topics/1334 1262
@/home/ec2-user/data/topics/3350 1263
@/home/ec2-user/data/topics/1693 1264
@/home/ec2-user/data/topics/1249 1265
@/home/ec2-user/data/topics/1825 1266
@/home/ec2-user/data/topics/4402 1267
@/home/ec2-user/data/topics/3432 1268
凸版印刷株式会社

@/home/ec2-user/data/topics/1977 1269
@/home/ec2-user/data/topics/3500 1269
@/home/ec2-user/data/topics/4874 1270
@/home/ec2-user/data/topics/1091 1271
@/home/ec2-user/data/topics/1765 1272
@/home/ec2-user/data/topics/3526 1273
@/home/ec2-user/data/topics/3624 1274
株式会社ノーリツ

@/home/ec2-user/data/topics/1618 1275
@/home/ec2-user/data/topics/4354 1275
@/home/ec2-user/data/topics/1290 1276
@/home/ec2-user/data/topics/1598 1277
@/home/ec2-user/data/topics/4776 1278
@/home/ec2-user/data/topics/1760 1279
@/home/ec2-user/data/topics/4206 1280
@/home/ec2-user/data/topics/2116 1281
川崎重工業株式会社

@/home/ec2-user/data/topics/4756 1282
@/home/ec2-user/data/topics/5025 1282
@/home/ec2-user/data/topics/4944 1283
@/home/ec2-user/data/topics/4572 1284
@/home/ec2-user/data/topics/1172 1285
@/home/ec2-user/data/topics/4793 1286
@/home/ec2-user/data/topics/4866 1287
@/home/ec2-user/data/topics/1162 1288
ティーディーケイ株式会社

@/home/ec2-user/data/topics/1129 1289
@/home/ec2-user/data/topics/2210 1289
@/home/ec2-user/data/topics/1510 1290
@/home/ec2-user/data/topics/3798 1291
@/home/ec2-user/data/topics/3792 1292
@/home/ec2-user/data/topics/1409 1293
@/home/ec2-user/data/topics/4619 1294
@/home/ec2-user/data/topics/3909 1295
@/home/ec2-user/data/topics/2202 1296
京セラミタ株式会社

@/home/ec2-user/data/topics/4564 1297
@/home/ec2-user/data/topics/4174 1297
@/home/ec2-user/data/topics/4973 1298
@/home/ec2-user/data/topics/2141 1299
@/home/ec2-user/data/topics/1930 1300
@/home/ec2-user/data/topics/4985 1301
@/home/ec2-user/data/topics/1032 1302
株式会社クボタ

@/home/ec2-user/data/topics/3823 1303
@/home/ec2-user/data/topics/1448 1303
@/home/ec2-user/data/topics/3854 1304
@/home/ec2-user/data/topics/3919 1305
@/home/ec2-user/data/topics/1280 1306
@/home/ec2-user/data/topics/1734 1307
@/home/ec2-user/data/topics/4379 1308
@/home/ec2-user/data/topics/4745 1309
@/home/ec2-user/data/topics/4251 1310
@/home/ec2-user/data/topics/1012 1311
シャープ株式会社

@/home/ec2-user/data/topics/4152 1312
@/home/ec2-user/data/topics/3698 1312
@/home/ec2-user/data/topics/3895 1313
@/home/ec2-user/data/topics/3679 1314
@/home/ec2-user/data/topics/4245 1315
@/home/ec2-user/data/topics/1965 1316
@/home/ec2-user/data/topics/1258 1317
@/home/ec2-user/data/topics/4228 1318
@/home/ec2-user/data/topics/4691 1319
@/home/ec2-user/data/topics/3793 1320
@/home/ec2-user/data/topics/4256 1321
@/home/ec2-user/data/topics/3776 1322
@/home/ec2-user/data/topics/3966 1323
@/home/ec2-user/data/topics/4469 1324
@/home/ec2-user/data/topics/3858 1325
@/home/ec2-user/data/topics/1431 1326
@/home/ec2-user/data/topics/4214 1327
@/home/ec2-user/data/topics/3578 1328
@/home/ec2-user/data/topics/3673 1329
@/home/ec2-user/data/topics/4683 1330
@/home/ec2-user/data/topics/3777 1331
@/home/ec2-user/data/topics/4105 1332
@/home/ec2-user/data/topics/4782 1333
@/home/ec2-user/data/topics/4717 1334
@/home/ec2-user/data/topics/1561 1335
@/home/ec2-user/data/topics/3450 1336
@/home/ec2-user/data/topics/3813 1337
@/home/ec2-user/data/topics/1396 1338
@/home/ec2-user/data/topics/3422 1339
@/home/ec2-user/data/topics/4019 1340
@/home/ec2-user/data/topics/3760 1341
@/home/ec2-user/data/topics/4124 1342
@/home/ec2-user/data/topics/3871 1343
@/home/ec2-user/data/topics/4113 1344
@/home/ec2-user/data/topics/3537 1345
@/home/ec2-user/data/topics/1174 1346
@/home/ec2-user/data/topics/3832 1347
@/home/ec2-user/data/topics/4744 1348
@/home/ec2-user/data/topics/1840 1349
@/home/ec2-user/data/topics/1349 1350
@/home/ec2-user/data/topics/3981 1351
@/home/ec2-user/data/topics/1384 1352
@/home/ec2-user/data/topics/1318 1353
@/home/ec2-user/data/topics/3941 1354
@/home/ec2-user/data/topics/1804 1355
@/home/ec2-user/data/topics/4173 1356
@/home/ec2-user/data/topics/4648 1357
@/home/ec2-user/data/topics/3606 1358
@/home/ec2-user/data/topics/4323 1359
@/home/ec2-user/data/topics/3678 1360
@/home/ec2-user/data/topics/4516 1361
@/home/ec2-user/data/topics/2084 1362
@/home/ec2-user/data/topics/4263 1363
@/home/ec2-user/data/topics/4230 1364
@/home/ec2-user/data/topics/4349 1365
@/home/ec2-user/data/topics/4583 1366
@/home/ec2-user/data/topics/3649 1367
@/home/ec2-user/data/topics/4127 1368
@/home/ec2-user/data/topics/3610 1369
@/home/ec2-user/data/topics/1419 1370
@/home/ec2-user/data/topics/4861 1371
@/home/ec2-user/data/topics/3978 1372
@/home/ec2-user/data/topics/3957 1373
@/home/ec2-user/data/topics/1209 1374
@/home/ec2-user/data/topics/1154 1375
@/home/ec2-user/data/topics/2020 1376
@/home/ec2-user/data/topics/3452 1377
@/home/ec2-user/data/topics/4430 1378
@/home/ec2-user/data/topics/1970 1379
@/home/ec2-user/data/topics/3762 1380
@/home/ec2-user/data/topics/1563 1381
@/home/ec2-user/data/topics/4519 1382
@/home/ec2-user/data/topics/3855 1383
@/home/ec2-user/data/topics/2087 1384
@/home/ec2-user/data/topics/4103 1385
@/home/ec2-user/data/topics/4095 1386
@/home/ec2-user/data/topics/1288 1387
@/home/ec2-user/data/topics/2118 1388
@/home/ec2-user/data/topics/1685 1389
@/home/ec2-user/data/topics/4005 1390
@/home/ec2-user/data/topics/4252 1391
日本輸送機株式会社

@/home/ec2-user/data/topics/1456 1392
@/home/ec2-user/data/topics/3573 1392
@/home/ec2-user/data/topics/1940 1393
@/home/ec2-user/data/topics/1191 1394
@/home/ec2-user/data/topics/2221 1395
@/home/ec2-user/data/topics/1493 1396
@/home/ec2-user/data/topics/1108 1397
@/home/ec2-user/data/topics/2065 1398
東京エレクトロン株式会社

@/home/ec2-user/data/topics/4345 1399
@/home/ec2-user/data/topics/1263 1399
@/home/ec2-user/data/topics/4906 1400
@/home/ec2-user/data/topics/4702 1401
@/home/ec2-user/data/topics/1800 1402
@/home/ec2-user/data/topics/4002 1403
@/home/ec2-user/data/topics/4618 1404
@/home/ec2-user/data/topics/1736 1405
@/home/ec2-user/data/topics/1508 1406
@/home/ec2-user/data/topics/4053 1407
@/home/ec2-user/data/topics/3947 1408
@/home/ec2-user/data/topics/4023 1409
株式会社村田製作所

@/home/ec2-user/data/topics/4378 1410
@/home/ec2-user/data/topics/4042 1410
@/home/ec2-user/data/topics/3482 1411
@/home/ec2-user/data/topics/4163 1412
@/home/ec2-user/data/topics/4417 1413
@/home/ec2-user/data/topics/3885 1414
@/home/ec2-user/data/topics/3697 1415
@/home/ec2-user/data/topics/3435 1416
@/home/ec2-user/data/topics/4325 1417
@/home/ec2-user/data/topics/1411 1418
@/home/ec2-user/data/topics/2229 1419
@/home/ec2-user/data/topics/4271 1420
@/home/ec2-user/data/topics/4070 1421
@/home/ec2-user/data/topics/4432 1422
@/home/ec2-user/data/topics/4795 1423
@/home/ec2-user/data/topics/4703 1424
@/home/ec2-user/data/topics/1374 1425
日本電信電話株式会社

@/home/ec2-user/data/topics/3927 1426
@/home/ec2-user/data/topics/3536 1426
@/home/ec2-user/data/topics/4865 1427
@/home/ec2-user/data/topics/1787 1428
@/home/ec2-user/data/topics/1556 1429
@/home/ec2-user/data/topics/4087 1430
@/home/ec2-user/data/topics/4121 1431
@/home/ec2-user/data/topics/1230 1432
@/home/ec2-user/data/topics/3811 1433
@/home/ec2-user/data/topics/3928 1434
@/home/ec2-user/data/topics/4870 1435
@/home/ec2-user/data/topics/4952 1436
@/home/ec2-user/data/topics/1229 1437
@/home/ec2-user/data/topics/3641 1438
@/home/ec2-user/data/topics/3568 1439
@/home/ec2-user/data/topics/3509 1440
@/home/ec2-user/data/topics/4131 1441
@/home/ec2-user/data/topics/3650 1442
@/home/ec2-user/data/topics/4025 1443
@/home/ec2-user/data/topics/3425 1444
@/home/ec2-user/data/topics/4232 1445
@/home/ec2-user/data/topics/4114 1446
@/home/ec2-user/data/topics/4965 1447
@/home/ec2-user/data/topics/4104 1448
@/home/ec2-user/data/topics/4505 1449
@/home/ec2-user/data/topics/3586 1450
@/home/ec2-user/data/topics/4560 1451
@/home/ec2-user/data/topics/3359 1452
@/home/ec2-user/data/topics/4115 1453
@/home/ec2-user/data/topics/4443 1454
@/home/ec2-user/data/topics/4118 1455
@/home/ec2-user/data/topics/3785 1456
@/home/ec2-user/data/topics/4335 1457
@/home/ec2-user/data/topics/2017 1458
@/home/ec2-user/data/topics/4836 1459
@/home/ec2-user/data/topics/3894 1460
@/home/ec2-user/data/topics/1408 1461
@/home/ec2-user/data/topics/2130 1462
@/home/ec2-user/data/topics/4146 1463
@/home/ec2-user/data/topics/1934 1464
@/home/ec2-user/data/topics/3544 1465
@/home/ec2-user/data/topics/4511 1466
@/home/ec2-user/data/topics/3824 1467
@/home/ec2-user/data/topics/4488 1468
@/home/ec2-user/data/topics/4664 1469
@/home/ec2-user/data/topics/4208 1470
@/home/ec2-user/data/topics/4964 1471
@/home/ec2-user/data/topics/1809 1472
@/home/ec2-user/data/topics/4916 1473
@/home/ec2-user/data/topics/1042 1474
@/home/ec2-user/data/topics/4792 1475
@/home/ec2-user/data/topics/4175 1476
@/home/ec2-user/data/topics/3552 1477
@/home/ec2-user/data/topics/3521 1478
@/home/ec2-user/data/topics/3915 1479
@/home/ec2-user/data/topics/4925 1480
日本鋼管株式会社

@/home/ec2-user/data/topics/1404 1481
@/home/ec2-user/data/topics/1690 1481
@/home/ec2-user/data/topics/3572 1482
@/home/ec2-user/data/topics/4455 1483
@/home/ec2-user/data/topics/2095 1484
@/home/ec2-user/data/topics/4289 1485
@/home/ec2-user/data/topics/4161 1486
株式会社神戸製鋼所

@/home/ec2-user/data/topics/3674 1487
@/home/ec2-user/data/topics/3902 1487
@/home/ec2-user/data/topics/4949 1488
@/home/ec2-user/data/topics/3475 1489
@/home/ec2-user/data/topics/3632 1490
@/home/ec2-user/data/topics/2064 1491
@/home/ec2-user/data/topics/1465 1492
株式会社ケンウッド

@/home/ec2-user/data/topics/3977 1493
@/home/ec2-user/data/topics/2036 1493
@/home/ec2-user/data/topics/4467 1494
@/home/ec2-user/data/topics/1115 1495
@/home/ec2-user/data/topics/4050 1496
@/home/ec2-user/data/topics/1241 1497
@/home/ec2-user/data/topics/1896 1498
@/home/ec2-user/data/topics/4038 1499
@/home/ec2-user/data/topics/1424 1500
@/home/ec2-user/data/topics/3969 1501
@/home/ec2-user/data/topics/1698 1502
@/home/ec2-user/data/topics/3463 1503
@/home/ec2-user/data/topics/1617 1504
@/home/ec2-user/data/topics/3878 1505
@/home/ec2-user/data/topics/3839 1506
@/home/ec2-user/data/topics/3801 1507
@/home/ec2-user/data/topics/3794 1508
@/home/ec2-user/data/topics/4167 1509
@/home/ec2-user/data/topics/1186 1510
@/home/ec2-user/data/topics/2163 1511
@/home/ec2-user/data/topics/1345 1512
東陶機器株式会社

@/home/ec2-user/data/topics/2135 1513
@/home/ec2-user/data/topics/1735 1513
@/home/ec2-user/data/topics/1692 1514
@/home/ec2-user/data/topics/3821 1515
@/home/ec2-user/data/topics/1626 1516
@/home/ec2-user/data/topics/3583 1517
本田技研工業株式会社

@/home/ec2-user/data/topics/1444 1518
@/home/ec2-user/data/topics/4033 1518
@/home/ec2-user/data/topics/3685 1519
@/home/ec2-user/data/topics/1226 1520
@/home/ec2-user/data/topics/4331 1521
@/home/ec2-user/data/topics/1605 1522
@/home/ec2-user/data/topics/2000 1523
@/home/ec2-user/data/topics/4888 1524
@/home/ec2-user/data/topics/4132 1525
@/home/ec2-user/data/topics/4375 1526
@/home/ec2-user/data/topics/1215 1527
@/home/ec2-user/data/topics/1266 1528
@/home/ec2-user/data/topics/2016 1529
@/home/ec2-user/data/topics/5026 1530
@/home/ec2-user/data/topics/4783 1531
@/home/ec2-user/data/topics/1822 1532
@/home/ec2-user/data/topics/1143 1533
@/home/ec2-user/data/topics/4199 1534
@/home/ec2-user/data/topics/1818 1535
新日本製鐵株式会社

@/home/ec2-user/data/topics/3861 1536
@/home/ec2-user/data/topics/3368 1536
@/home/ec2-user/data/topics/3899 1537
@/home/ec2-user/data/topics/5008 1538
@/home/ec2-user/data/topics/3663 1539
@/home/ec2-user/data/topics/4472 1540
松下電工株式会社

@/home/ec2-user/data/topics/1311 1541
@/home/ec2-user/data/topics/4094 1541
@/home/ec2-user/data/topics/1251 1542
@/home/ec2-user/data/topics/3778 1543
@/home/ec2-user/data/topics/3932 1544
@/home/ec2-user/data/topics/4083 1545
@/home/ec2-user/data/topics/4317 1546
@/home/ec2-user/data/topics/3565 1547
@/home/ec2-user/data/topics/4450 1548
@/home/ec2-user/data/topics/3549 1549
@/home/ec2-user/data/topics/4012 1550
@/home/ec2-user/data/topics/3835 1551
@/home/ec2-user/data/topics/4029 1552
@/home/ec2-user/data/topics/2045 1553
@/home/ec2-user/data/topics/4347 1554
@/home/ec2-user/data/topics/1011 1555
@/home/ec2-user/data/topics/3670 1556
@/home/ec2-user/data/topics/3379 1557
@/home/ec2-user/data/topics/4592 1558
@/home/ec2-user/data/topics/1803 1559
@/home/ec2-user/data/topics/3511 1560
@/home/ec2-user/data/topics/3651 1561
usernum: 72
hit: 1423
simhit: 1423
simmax: 0.659508423394
simmin: 0.0
simavg: 0.200265904014
dlmax: 0.184634512171
dlmin: 0.00569939364966
dlavg: 0.0362443372679
mthit: 1626
mthls: 0
srp: 92.502
total: 1562
hit/total: 0.911011523688
simhit/total: 0.911011523688
mthit/(total+usernum): 0.995104039168
mthls/(total+usernum): 0.0
srp/(total+usernum): 0.0188702570379
srp20/(total+usernum): 0.00521215830273
srp100/(total+usernum): 0.0139106487148
srp500/(total+usernum): 0.0173235414117

2016-12-24 13:52:43.653271
