2016-12-24 10:55:25.882210

topic-folder:/home/ec2-user/data/topics/
cl-file:/home/ec2-user/git/tfidf/result-new/b3-0.txt
cl-floder:/home/ec2-user/data/ldaclass-32-2000-top10000/
zipf:0.2
stype[0(tfidf)/1(tfidf2)/2(lsa)/3(lda)]:3
dtype[<0(diff*rand)/0(diff)/1(same)/>=2(diff*same)]:0
output-floder:/home/ec2-user/git/userquery/result

三菱マテリアル株式会社

@/home/ec2-user/data/topics/3630 0
@/home/ec2-user/data/topics/3470 0
@/home/ec2-user/data/topics/3546 1
@/home/ec2-user/data/topics/1085 2
@/home/ec2-user/data/topics/3520 3
@/home/ec2-user/data/topics/1638 4
@/home/ec2-user/data/topics/2093 5
@/home/ec2-user/data/topics/3866 6
日本精機株式会社

@/home/ec2-user/data/topics/4907 7
@/home/ec2-user/data/topics/4709 7
@/home/ec2-user/data/topics/4875 8
@/home/ec2-user/data/topics/4972 9
@/home/ec2-user/data/topics/1398 10
@/home/ec2-user/data/topics/4690 11
コニカ株式会社

@/home/ec2-user/data/topics/3414 12
@/home/ec2-user/data/topics/3418 12
@/home/ec2-user/data/topics/3370 13
@/home/ec2-user/data/topics/3426 14
@/home/ec2-user/data/topics/2162 15
@/home/ec2-user/data/topics/3533 16
@/home/ec2-user/data/topics/3419 17
@/home/ec2-user/data/topics/3486 18
@/home/ec2-user/data/topics/1946 19
@/home/ec2-user/data/topics/3357 20
@/home/ec2-user/data/topics/3431 21
埼玉日本電気株式会社

@/home/ec2-user/data/topics/1620 22
@/home/ec2-user/data/topics/4283 22
@/home/ec2-user/data/topics/4242 23
@/home/ec2-user/data/topics/5010 24
@/home/ec2-user/data/topics/4998 25
@/home/ec2-user/data/topics/4496 26
@/home/ec2-user/data/topics/4468 27
@/home/ec2-user/data/topics/4279 28
@/home/ec2-user/data/topics/1512 29
アルプス電気株式会社

@/home/ec2-user/data/topics/1434 30
@/home/ec2-user/data/topics/4791 30
@/home/ec2-user/data/topics/3582 31
@/home/ec2-user/data/topics/2089 32
@/home/ec2-user/data/topics/2012 33
@/home/ec2-user/data/topics/1253 34
@/home/ec2-user/data/topics/3429 35
三菱重工業株式会社

@/home/ec2-user/data/topics/3833 36
@/home/ec2-user/data/topics/4687 36
@/home/ec2-user/data/topics/3944 37
@/home/ec2-user/data/topics/4412 38
@/home/ec2-user/data/topics/3503 39
@/home/ec2-user/data/topics/4882 40
@/home/ec2-user/data/topics/3591 41
@/home/ec2-user/data/topics/3529 42
@/home/ec2-user/data/topics/3637 43
@/home/ec2-user/data/topics/5022 44
@/home/ec2-user/data/topics/4563 45
@/home/ec2-user/data/topics/4862 46
村田機械株式会社

@/home/ec2-user/data/topics/1511 47
@/home/ec2-user/data/topics/4570 47
@/home/ec2-user/data/topics/4596 48
@/home/ec2-user/data/topics/3528 49
@/home/ec2-user/data/topics/4746 50
@/home/ec2-user/data/topics/1293 51
@/home/ec2-user/data/topics/4941 52
@/home/ec2-user/data/topics/3740 53
@/home/ec2-user/data/topics/4556 54
@/home/ec2-user/data/topics/4645 55
@/home/ec2-user/data/topics/1074 56
@/home/ec2-user/data/topics/1607 57
@/home/ec2-user/data/topics/4835 58
@/home/ec2-user/data/topics/4441 59
@/home/ec2-user/data/topics/5000 60
@/home/ec2-user/data/topics/4565 61
@/home/ec2-user/data/topics/4638 62
川崎製鉄株式会社

@/home/ec2-user/data/topics/3532 63
@/home/ec2-user/data/topics/1459 63
@/home/ec2-user/data/topics/3929 64
@/home/ec2-user/data/topics/4615 65
@/home/ec2-user/data/topics/3611 66
@/home/ec2-user/data/topics/1037 67
@/home/ec2-user/data/topics/3483 68
@/home/ec2-user/data/topics/3413 69
@/home/ec2-user/data/topics/3553 70
ダイキン工業株式会社

@/home/ec2-user/data/topics/4400 71
@/home/ec2-user/data/topics/4845 71
@/home/ec2-user/data/topics/4367 72
@/home/ec2-user/data/topics/1600 73
@/home/ec2-user/data/topics/1565 74
@/home/ec2-user/data/topics/4734 75
@/home/ec2-user/data/topics/4701 76
@/home/ec2-user/data/topics/3888 77
@/home/ec2-user/data/topics/4753 78
@/home/ec2-user/data/topics/4515 79
@/home/ec2-user/data/topics/4858 80
三菱自動車工業株式会社

@/home/ec2-user/data/topics/3815 81
@/home/ec2-user/data/topics/3940 81
@/home/ec2-user/data/topics/4189 82
@/home/ec2-user/data/topics/1527 83
@/home/ec2-user/data/topics/1816 84
@/home/ec2-user/data/topics/2101 85
@/home/ec2-user/data/topics/1428 86
@/home/ec2-user/data/topics/3502 87
日産自動車株式会社

@/home/ec2-user/data/topics/3723 88
@/home/ec2-user/data/topics/3677 88
@/home/ec2-user/data/topics/3712 89
@/home/ec2-user/data/topics/3936 90
@/home/ec2-user/data/topics/3645 91
@/home/ec2-user/data/topics/3497 92
@/home/ec2-user/data/topics/4074 93
@/home/ec2-user/data/topics/3829 94
@/home/ec2-user/data/topics/4982 95
@/home/ec2-user/data/topics/3489 96
@/home/ec2-user/data/topics/3501 97
トヨタ自動車株式会社

@/home/ec2-user/data/topics/3758 98
@/home/ec2-user/data/topics/3405 98
@/home/ec2-user/data/topics/4920 99
@/home/ec2-user/data/topics/3731 100
@/home/ec2-user/data/topics/4008 101
@/home/ec2-user/data/topics/1494 102
@/home/ec2-user/data/topics/4633 103
@/home/ec2-user/data/topics/4298 104
@/home/ec2-user/data/topics/2218 105
@/home/ec2-user/data/topics/3943 106
@/home/ec2-user/data/topics/3783 107
@/home/ec2-user/data/topics/1551 108
@/home/ec2-user/data/topics/4617 109
@/home/ec2-user/data/topics/4658 110
@/home/ec2-user/data/topics/3356 111
@/home/ec2-user/data/topics/4767 112
@/home/ec2-user/data/topics/4030 113
@/home/ec2-user/data/topics/4144 114
@/home/ec2-user/data/topics/3671 115
@/home/ec2-user/data/topics/4543 116
@/home/ec2-user/data/topics/3587 117
@/home/ec2-user/data/topics/4426 118
@/home/ec2-user/data/topics/3481 119
@/home/ec2-user/data/topics/4647 120
@/home/ec2-user/data/topics/4346 121
@/home/ec2-user/data/topics/2111 122
@/home/ec2-user/data/topics/3725 123
@/home/ec2-user/data/topics/4064 124
@/home/ec2-user/data/topics/3699 125
オリンパス光学工業株式会社

@/home/ec2-user/data/topics/1869 126
@/home/ec2-user/data/topics/1981 126
@/home/ec2-user/data/topics/1107 127
@/home/ec2-user/data/topics/1835 128
@/home/ec2-user/data/topics/2026 129
@/home/ec2-user/data/topics/1155 130
@/home/ec2-user/data/topics/4878 131
@/home/ec2-user/data/topics/4007 132
@/home/ec2-user/data/topics/5006 133
@/home/ec2-user/data/topics/1586 134
@/home/ec2-user/data/topics/1739 135
@/home/ec2-user/data/topics/4013 136
ブラザー工業株式会社

@/home/ec2-user/data/topics/4548 137
@/home/ec2-user/data/topics/3507 137
@/home/ec2-user/data/topics/1183 138
@/home/ec2-user/data/topics/1906 139
@/home/ec2-user/data/topics/1076 140
@/home/ec2-user/data/topics/1636 141
@/home/ec2-user/data/topics/3686 142
@/home/ec2-user/data/topics/1300 143
@/home/ec2-user/data/topics/2086 144
@/home/ec2-user/data/topics/3613 145
@/home/ec2-user/data/topics/2085 146
@/home/ec2-user/data/topics/3789 147
@/home/ec2-user/data/topics/3477 148
@/home/ec2-user/data/topics/1697 149
@/home/ec2-user/data/topics/1164 150
富士通株式会社

@/home/ec2-user/data/topics/3749 151
@/home/ec2-user/data/topics/3799 151
@/home/ec2-user/data/topics/3862 152
@/home/ec2-user/data/topics/3751 153
@/home/ec2-user/data/topics/3850 154
@/home/ec2-user/data/topics/2215 155
@/home/ec2-user/data/topics/3883 156
@/home/ec2-user/data/topics/3962 157
@/home/ec2-user/data/topics/3428 158
@/home/ec2-user/data/topics/3636 159
@/home/ec2-user/data/topics/1609 160
@/home/ec2-user/data/topics/4191 161
@/home/ec2-user/data/topics/1271 162
@/home/ec2-user/data/topics/3460 163
@/home/ec2-user/data/topics/3912 164
@/home/ec2-user/data/topics/1998 165
@/home/ec2-user/data/topics/3846 166
@/home/ec2-user/data/topics/3538 167
@/home/ec2-user/data/topics/3970 168
@/home/ec2-user/data/topics/1874 169
@/home/ec2-user/data/topics/1547 170
@/home/ec2-user/data/topics/3870 171
@/home/ec2-user/data/topics/1264 172
@/home/ec2-user/data/topics/3802 173
@/home/ec2-user/data/topics/2216 174
@/home/ec2-user/data/topics/3381 175
@/home/ec2-user/data/topics/5004 176
@/home/ec2-user/data/topics/3765 177
@/home/ec2-user/data/topics/2227 178
@/home/ec2-user/data/topics/3400 179
@/home/ec2-user/data/topics/3399 180
@/home/ec2-user/data/topics/1123 181
静岡日本電気株式会社

@/home/ec2-user/data/topics/4326 182
@/home/ec2-user/data/topics/4507 182
@/home/ec2-user/data/topics/4314 183
@/home/ec2-user/data/topics/4365 184
@/home/ec2-user/data/topics/4531 185
@/home/ec2-user/data/topics/4250 186
住友重機械工業株式会社

@/home/ec2-user/data/topics/1505 187
@/home/ec2-user/data/topics/1019 187
@/home/ec2-user/data/topics/3952 188
@/home/ec2-user/data/topics/4854 189
@/home/ec2-user/data/topics/1553 190
@/home/ec2-user/data/topics/1900 191
@/home/ec2-user/data/topics/2039 192
@/home/ec2-user/data/topics/3868 193
@/home/ec2-user/data/topics/1373 194
大日本印刷株式会社

@/home/ec2-user/data/topics/1564 195
@/home/ec2-user/data/topics/1262 195
@/home/ec2-user/data/topics/1145 196
@/home/ec2-user/data/topics/1099 197
@/home/ec2-user/data/topics/3569 198
@/home/ec2-user/data/topics/3388 199
日本電気株式会社

@/home/ec2-user/data/topics/4940 200
@/home/ec2-user/data/topics/1773 200
@/home/ec2-user/data/topics/4759 201
@/home/ec2-user/data/topics/2166 202
@/home/ec2-user/data/topics/4017 203
@/home/ec2-user/data/topics/4433 204
@/home/ec2-user/data/topics/4082 205
@/home/ec2-user/data/topics/4062 206
@/home/ec2-user/data/topics/4100 207
@/home/ec2-user/data/topics/1044 208
@/home/ec2-user/data/topics/4447 209
@/home/ec2-user/data/topics/4240 210
@/home/ec2-user/data/topics/4168 211
@/home/ec2-user/data/topics/4352 212
@/home/ec2-user/data/topics/4708 213
@/home/ec2-user/data/topics/4665 214
@/home/ec2-user/data/topics/4838 215
@/home/ec2-user/data/topics/4257 216
@/home/ec2-user/data/topics/4185 217
@/home/ec2-user/data/topics/4824 218
@/home/ec2-user/data/topics/3956 219
@/home/ec2-user/data/topics/1486 220
@/home/ec2-user/data/topics/4537 221
@/home/ec2-user/data/topics/4238 222
@/home/ec2-user/data/topics/4207 223
@/home/ec2-user/data/topics/4659 224
@/home/ec2-user/data/topics/1624 225
@/home/ec2-user/data/topics/4876 226
@/home/ec2-user/data/topics/2150 227
@/home/ec2-user/data/topics/4097 228
@/home/ec2-user/data/topics/4779 229
@/home/ec2-user/data/topics/4236 230
@/home/ec2-user/data/topics/1500 231
@/home/ec2-user/data/topics/4561 232
@/home/ec2-user/data/topics/4651 233
@/home/ec2-user/data/topics/4288 234
@/home/ec2-user/data/topics/4764 235
@/home/ec2-user/data/topics/4644 236
@/home/ec2-user/data/topics/4646 237
@/home/ec2-user/data/topics/3938 238
@/home/ec2-user/data/topics/4313 239
@/home/ec2-user/data/topics/4315 240
@/home/ec2-user/data/topics/4398 241
@/home/ec2-user/data/topics/4360 242
@/home/ec2-user/data/topics/4267 243
@/home/ec2-user/data/topics/4209 244
@/home/ec2-user/data/topics/4598 245
@/home/ec2-user/data/topics/4404 246
@/home/ec2-user/data/topics/4081 247
@/home/ec2-user/data/topics/4129 248
@/home/ec2-user/data/topics/1100 249
@/home/ec2-user/data/topics/2041 250
@/home/ec2-user/data/topics/4485 251
@/home/ec2-user/data/topics/4309 252
@/home/ec2-user/data/topics/4699 253
@/home/ec2-user/data/topics/4196 254
@/home/ec2-user/data/topics/4497 255
@/home/ec2-user/data/topics/4460 256
@/home/ec2-user/data/topics/4338 257
@/home/ec2-user/data/topics/3995 258
@/home/ec2-user/data/topics/3954 259
@/home/ec2-user/data/topics/4204 260
@/home/ec2-user/data/topics/4273 261
@/home/ec2-user/data/topics/1937 262
@/home/ec2-user/data/topics/4247 263
@/home/ec2-user/data/topics/4275 264
@/home/ec2-user/data/topics/1595 265
@/home/ec2-user/data/topics/4343 266
@/home/ec2-user/data/topics/3767 267
@/home/ec2-user/data/topics/4595 268
@/home/ec2-user/data/topics/4728 269
@/home/ec2-user/data/topics/4120 270
@/home/ec2-user/data/topics/1523 271
@/home/ec2-user/data/topics/4689 272
@/home/ec2-user/data/topics/4071 273
@/home/ec2-user/data/topics/1815 274
@/home/ec2-user/data/topics/4666 275
@/home/ec2-user/data/topics/4626 276
@/home/ec2-user/data/topics/4281 277
@/home/ec2-user/data/topics/4530 278
@/home/ec2-user/data/topics/1724 279
@/home/ec2-user/data/topics/4393 280
@/home/ec2-user/data/topics/4260 281
@/home/ec2-user/data/topics/1567 282
@/home/ec2-user/data/topics/1362 283
@/home/ec2-user/data/topics/1783 284
@/home/ec2-user/data/topics/4389 285
@/home/ec2-user/data/topics/4254 286
@/home/ec2-user/data/topics/1973 287
@/home/ec2-user/data/topics/4749 288
@/home/ec2-user/data/topics/4446 289
@/home/ec2-user/data/topics/3744 290
@/home/ec2-user/data/topics/1867 291
@/home/ec2-user/data/topics/3724 292
@/home/ec2-user/data/topics/4158 293
@/home/ec2-user/data/topics/4721 294
@/home/ec2-user/data/topics/1879 295
@/home/ec2-user/data/topics/1016 296
@/home/ec2-user/data/topics/1791 297
@/home/ec2-user/data/topics/4634 298
@/home/ec2-user/data/topics/1112 299
@/home/ec2-user/data/topics/4750 300
@/home/ec2-user/data/topics/1852 301
@/home/ec2-user/data/topics/2119 302
@/home/ec2-user/data/topics/4258 303
@/home/ec2-user/data/topics/4300 304
@/home/ec2-user/data/topics/1052 305
@/home/ec2-user/data/topics/4603 306
@/home/ec2-user/data/topics/4613 307
@/home/ec2-user/data/topics/4310 308
@/home/ec2-user/data/topics/4142 309
@/home/ec2-user/data/topics/1891 310
@/home/ec2-user/data/topics/4725 311
@/home/ec2-user/data/topics/3729 312
@/home/ec2-user/data/topics/4138 313
@/home/ec2-user/data/topics/1101 314
@/home/ec2-user/data/topics/4785 315
@/home/ec2-user/data/topics/1364 316
@/home/ec2-user/data/topics/4480 317
@/home/ec2-user/data/topics/1634 318
@/home/ec2-user/data/topics/4153 319
@/home/ec2-user/data/topics/4477 320
@/home/ec2-user/data/topics/4425 321
@/home/ec2-user/data/topics/1326 322
@/home/ec2-user/data/topics/4171 323
@/home/ec2-user/data/topics/4850 324
@/home/ec2-user/data/topics/4434 325
@/home/ec2-user/data/topics/4227 326
@/home/ec2-user/data/topics/4490 327
@/home/ec2-user/data/topics/4186 328
@/home/ec2-user/data/topics/4418 329
@/home/ec2-user/data/topics/4244 330
@/home/ec2-user/data/topics/4926 331
@/home/ec2-user/data/topics/3766 332
@/home/ec2-user/data/topics/4116 333
@/home/ec2-user/data/topics/4650 334
@/home/ec2-user/data/topics/2144 335
@/home/ec2-user/data/topics/1710 336
@/home/ec2-user/data/topics/2022 337
@/home/ec2-user/data/topics/4892 338
@/home/ec2-user/data/topics/4063 339
@/home/ec2-user/data/topics/4696 340
@/home/ec2-user/data/topics/4427 341
@/home/ec2-user/data/topics/2088 342
@/home/ec2-user/data/topics/1612 343
@/home/ec2-user/data/topics/4742 344
@/home/ec2-user/data/topics/4388 345
@/home/ec2-user/data/topics/5034 346
@/home/ec2-user/data/topics/2127 347
@/home/ec2-user/data/topics/1122 348
@/home/ec2-user/data/topics/4877 349
@/home/ec2-user/data/topics/4276 350
@/home/ec2-user/data/topics/4429 351
@/home/ec2-user/data/topics/4760 352
@/home/ec2-user/data/topics/4414 353
@/home/ec2-user/data/topics/4371 354
@/home/ec2-user/data/topics/4318 355
@/home/ec2-user/data/topics/4578 356
@/home/ec2-user/data/topics/4775 357
@/home/ec2-user/data/topics/1116 358
@/home/ec2-user/data/topics/4532 359
@/home/ec2-user/data/topics/4533 360
@/home/ec2-user/data/topics/4816 361
@/home/ec2-user/data/topics/4536 362
@/home/ec2-user/data/topics/4359 363
@/home/ec2-user/data/topics/1199 364
@/home/ec2-user/data/topics/3896 365
@/home/ec2-user/data/topics/4902 366
@/home/ec2-user/data/topics/4390 367
@/home/ec2-user/data/topics/1923 368
@/home/ec2-user/data/topics/4272 369
@/home/ec2-user/data/topics/4342 370
@/home/ec2-user/data/topics/4770 371
@/home/ec2-user/data/topics/4657 372
@/home/ec2-user/data/topics/4486 373
@/home/ec2-user/data/topics/4440 374
@/home/ec2-user/data/topics/4278 375
@/home/ec2-user/data/topics/4003 376
@/home/ec2-user/data/topics/4643 377
@/home/ec2-user/data/topics/1948 378
@/home/ec2-user/data/topics/4319 379
@/home/ec2-user/data/topics/4549 380
@/home/ec2-user/data/topics/3875 381
@/home/ec2-user/data/topics/1844 382
@/home/ec2-user/data/topics/4093 383
@/home/ec2-user/data/topics/4216 384
@/home/ec2-user/data/topics/4320 385
@/home/ec2-user/data/topics/4246 386
@/home/ec2-user/data/topics/4137 387
@/home/ec2-user/data/topics/4808 388
@/home/ec2-user/data/topics/1360 389
@/home/ec2-user/data/topics/1281 390
@/home/ec2-user/data/topics/4128 391
@/home/ec2-user/data/topics/3971 392
@/home/ec2-user/data/topics/3897 393
@/home/ec2-user/data/topics/1383 394
@/home/ec2-user/data/topics/4134 395
@/home/ec2-user/data/topics/3886 396
@/home/ec2-user/data/topics/1078 397
@/home/ec2-user/data/topics/4119 398
@/home/ec2-user/data/topics/2031 399
@/home/ec2-user/data/topics/1928 400
@/home/ec2-user/data/topics/4718 401
@/home/ec2-user/data/topics/4609 402
@/home/ec2-user/data/topics/1464 403
@/home/ec2-user/data/topics/1457 404
@/home/ec2-user/data/topics/1661 405
@/home/ec2-user/data/topics/4154 406
@/home/ec2-user/data/topics/4682 407
@/home/ec2-user/data/topics/4442 408
@/home/ec2-user/data/topics/4192 409
@/home/ec2-user/data/topics/4162 410
@/home/ec2-user/data/topics/3865 411
@/home/ec2-user/data/topics/4243 412
@/home/ec2-user/data/topics/4092 413
@/home/ec2-user/data/topics/1764 414
@/home/ec2-user/data/topics/4458 415
@/home/ec2-user/data/topics/1557 416
@/home/ec2-user/data/topics/3853 417
@/home/ec2-user/data/topics/4584 418
松下電器産業株式会社

@/home/ec2-user/data/topics/4464 419
@/home/ec2-user/data/topics/1955 419
@/home/ec2-user/data/topics/4798 420
@/home/ec2-user/data/topics/3455 421
@/home/ec2-user/data/topics/3721 422
@/home/ec2-user/data/topics/3904 423
@/home/ec2-user/data/topics/3694 424
@/home/ec2-user/data/topics/1158 425
@/home/ec2-user/data/topics/4806 426
@/home/ec2-user/data/topics/3761 427
@/home/ec2-user/data/topics/4577 428
@/home/ec2-user/data/topics/1635 429
@/home/ec2-user/data/topics/4558 430
@/home/ec2-user/data/topics/1706 431
@/home/ec2-user/data/topics/2029 432
@/home/ec2-user/data/topics/3847 433
@/home/ec2-user/data/topics/4355 434
@/home/ec2-user/data/topics/4139 435
@/home/ec2-user/data/topics/3920 436
@/home/ec2-user/data/topics/3404 437
@/home/ec2-user/data/topics/3585 438
@/home/ec2-user/data/topics/4599 439
@/home/ec2-user/data/topics/4885 440
@/home/ec2-user/data/topics/3510 441
@/home/ec2-user/data/topics/4754 442
@/home/ec2-user/data/topics/1157 443
@/home/ec2-user/data/topics/3692 444
@/home/ec2-user/data/topics/3519 445
@/home/ec2-user/data/topics/2129 446
@/home/ec2-user/data/topics/4101 447
@/home/ec2-user/data/topics/4804 448
@/home/ec2-user/data/topics/2170 449
@/home/ec2-user/data/topics/3704 450
@/home/ec2-user/data/topics/4676 451
@/home/ec2-user/data/topics/1705 452
@/home/ec2-user/data/topics/1252 453
@/home/ec2-user/data/topics/4961 454
@/home/ec2-user/data/topics/1070 455
@/home/ec2-user/data/topics/4394 456
@/home/ec2-user/data/topics/3807 457
@/home/ec2-user/data/topics/4761 458
@/home/ec2-user/data/topics/1339 459
@/home/ec2-user/data/topics/1026 460
@/home/ec2-user/data/topics/4501 461
@/home/ec2-user/data/topics/1179 462
@/home/ec2-user/data/topics/1812 463
@/home/ec2-user/data/topics/3951 464
@/home/ec2-user/data/topics/3658 465
@/home/ec2-user/data/topics/3746 466
@/home/ec2-user/data/topics/3676 467
@/home/ec2-user/data/topics/4475 468
@/home/ec2-user/data/topics/3739 469
@/home/ec2-user/data/topics/2056 470
@/home/ec2-user/data/topics/1633 471
@/home/ec2-user/data/topics/4193 472
@/home/ec2-user/data/topics/4817 473
@/home/ec2-user/data/topics/4385 474
@/home/ec2-user/data/topics/4102 475
@/home/ec2-user/data/topics/4787 476
@/home/ec2-user/data/topics/1540 477
@/home/ec2-user/data/topics/4229 478
@/home/ec2-user/data/topics/1477 479
@/home/ec2-user/data/topics/4098 480
@/home/ec2-user/data/topics/3979 481
@/home/ec2-user/data/topics/1829 482
@/home/ec2-user/data/topics/1257 483
@/home/ec2-user/data/topics/4382 484
@/home/ec2-user/data/topics/4502 485
@/home/ec2-user/data/topics/4867 486
@/home/ec2-user/data/topics/4000 487
@/home/ec2-user/data/topics/3386 488
@/home/ec2-user/data/topics/3960 489
@/home/ec2-user/data/topics/2080 490
@/home/ec2-user/data/topics/4303 491
@/home/ec2-user/data/topics/1762 492
@/home/ec2-user/data/topics/3719 493
@/home/ec2-user/data/topics/1881 494
@/home/ec2-user/data/topics/4180 495
@/home/ec2-user/data/topics/1898 496
@/home/ec2-user/data/topics/1589 497
@/home/ec2-user/data/topics/4936 498
@/home/ec2-user/data/topics/1136 499
@/home/ec2-user/data/topics/4043 500
@/home/ec2-user/data/topics/4126 501
@/home/ec2-user/data/topics/2222 502
@/home/ec2-user/data/topics/3619 503
@/home/ec2-user/data/topics/4918 504
@/home/ec2-user/data/topics/4667 505
@/home/ec2-user/data/topics/4797 506
@/home/ec2-user/data/topics/4157 507
@/home/ec2-user/data/topics/4459 508
@/home/ec2-user/data/topics/1701 509
@/home/ec2-user/data/topics/4968 510
@/home/ec2-user/data/topics/3558 511
@/home/ec2-user/data/topics/1509 512
@/home/ec2-user/data/topics/4160 513
@/home/ec2-user/data/topics/4707 514
@/home/ec2-user/data/topics/3514 515
@/home/ec2-user/data/topics/4503 516
@/home/ec2-user/data/topics/4574 517
@/home/ec2-user/data/topics/4159 518
@/home/ec2-user/data/topics/1885 519
@/home/ec2-user/data/topics/4215 520
@/home/ec2-user/data/topics/1525 521
@/home/ec2-user/data/topics/5024 522
@/home/ec2-user/data/topics/3680 523
@/home/ec2-user/data/topics/3494 524
@/home/ec2-user/data/topics/1516 525
@/home/ec2-user/data/topics/4280 526
@/home/ec2-user/data/topics/4945 527
@/home/ec2-user/data/topics/4422 528
@/home/ec2-user/data/topics/4586 529
@/home/ec2-user/data/topics/2156 530
@/home/ec2-user/data/topics/4625 531
@/home/ec2-user/data/topics/4274 532
@/home/ec2-user/data/topics/4917 533
@/home/ec2-user/data/topics/1748 534
@/home/ec2-user/data/topics/4448 535
@/home/ec2-user/data/topics/4307 536
@/home/ec2-user/data/topics/3402 537
@/home/ec2-user/data/topics/4264 538
@/home/ec2-user/data/topics/4491 539
@/home/ec2-user/data/topics/5028 540
セイコーインスツルメンツ株式会社

@/home/ec2-user/data/topics/4203 541
@/home/ec2-user/data/topics/3626 541
@/home/ec2-user/data/topics/4997 542
@/home/ec2-user/data/topics/4088 543
@/home/ec2-user/data/topics/3825 544
@/home/ec2-user/data/topics/1707 545
@/home/ec2-user/data/topics/4151 546
@/home/ec2-user/data/topics/4036 547
@/home/ec2-user/data/topics/4190 548
ミノルタ株式会社

@/home/ec2-user/data/topics/4977 549
@/home/ec2-user/data/topics/4971 549
@/home/ec2-user/data/topics/4970 550
@/home/ec2-user/data/topics/3810 551
@/home/ec2-user/data/topics/4984 552
@/home/ec2-user/data/topics/4986 553
@/home/ec2-user/data/topics/2190 554
@/home/ec2-user/data/topics/3545 555
@/home/ec2-user/data/topics/1152 556
@/home/ec2-user/data/topics/3584 557
@/home/ec2-user/data/topics/4951 558
@/home/ec2-user/data/topics/4321 559
株式会社リコー

@/home/ec2-user/data/topics/3474 560
@/home/ec2-user/data/topics/4616 560
@/home/ec2-user/data/topics/3669 561
@/home/ec2-user/data/topics/3555 562
@/home/ec2-user/data/topics/3633 563
@/home/ec2-user/data/topics/3484 564
@/home/ec2-user/data/topics/1663 565
@/home/ec2-user/data/topics/1627 566
@/home/ec2-user/data/topics/3530 567
@/home/ec2-user/data/topics/1593 568
@/home/ec2-user/data/topics/1718 569
@/home/ec2-user/data/topics/1691 570
@/home/ec2-user/data/topics/1064 571
@/home/ec2-user/data/topics/1740 572
@/home/ec2-user/data/topics/1976 573
@/home/ec2-user/data/topics/2090 574
@/home/ec2-user/data/topics/1878 575
@/home/ec2-user/data/topics/1436 576
@/home/ec2-user/data/topics/1433 577
@/home/ec2-user/data/topics/4265 578
@/home/ec2-user/data/topics/3687 579
@/home/ec2-user/data/topics/1776 580
@/home/ec2-user/data/topics/2201 581
@/home/ec2-user/data/topics/4037 582
@/home/ec2-user/data/topics/3394 583
@/home/ec2-user/data/topics/1670 584
@/home/ec2-user/data/topics/3837 585
@/home/ec2-user/data/topics/1780 586
@/home/ec2-user/data/topics/1095 587
@/home/ec2-user/data/topics/1668 588
@/home/ec2-user/data/topics/1514 589
@/home/ec2-user/data/topics/1282 590
@/home/ec2-user/data/topics/1974 591
@/home/ec2-user/data/topics/1478 592
@/home/ec2-user/data/topics/1190 593
@/home/ec2-user/data/topics/2219 594
@/home/ec2-user/data/topics/3472 595
@/home/ec2-user/data/topics/3446 596
@/home/ec2-user/data/topics/3574 597
@/home/ec2-user/data/topics/3378 598
@/home/ec2-user/data/topics/3557 599
@/home/ec2-user/data/topics/3759 600
@/home/ec2-user/data/topics/3436 601
@/home/ec2-user/data/topics/1106 602
@/home/ec2-user/data/topics/2182 603
@/home/ec2-user/data/topics/3750 604
@/home/ec2-user/data/topics/1083 605
@/home/ec2-user/data/topics/3495 606
@/home/ec2-user/data/topics/1774 607
@/home/ec2-user/data/topics/3713 608
@/home/ec2-user/data/topics/2200 609
@/home/ec2-user/data/topics/3548 610
@/home/ec2-user/data/topics/4781 611
@/home/ec2-user/data/topics/1610 612
@/home/ec2-user/data/topics/3775 613
@/home/ec2-user/data/topics/4344 614
@/home/ec2-user/data/topics/1482 615
@/home/ec2-user/data/topics/1755 616
@/home/ec2-user/data/topics/3411 617
@/home/ec2-user/data/topics/4879 618
@/home/ec2-user/data/topics/1669 619
@/home/ec2-user/data/topics/3523 620
@/home/ec2-user/data/topics/3711 621
@/home/ec2-user/data/topics/1775 622
@/home/ec2-user/data/topics/1225 623
@/home/ec2-user/data/topics/3424 624
@/home/ec2-user/data/topics/3880 625
@/home/ec2-user/data/topics/2006 626
@/home/ec2-user/data/topics/2043 627
@/home/ec2-user/data/topics/1806 628
@/home/ec2-user/data/topics/2189 629
独立行政法人産業技術総合研究所

@/home/ec2-user/data/topics/4800 630
@/home/ec2-user/data/topics/4740 630
@/home/ec2-user/data/topics/4777 631
@/home/ec2-user/data/topics/4869 632
@/home/ec2-user/data/topics/1356 633
@/home/ec2-user/data/topics/4739 634
ソニー株式会社

@/home/ec2-user/data/topics/1291 635
@/home/ec2-user/data/topics/3401 635
@/home/ec2-user/data/topics/1218 636
@/home/ec2-user/data/topics/1298 637
@/home/ec2-user/data/topics/1397 638
@/home/ec2-user/data/topics/1147 639
@/home/ec2-user/data/topics/1414 640
@/home/ec2-user/data/topics/1836 641
@/home/ec2-user/data/topics/1954 642
@/home/ec2-user/data/topics/1679 643
@/home/ec2-user/data/topics/1967 644
@/home/ec2-user/data/topics/5027 645
@/home/ec2-user/data/topics/3955 646
@/home/ec2-user/data/topics/1471 647
@/home/ec2-user/data/topics/1435 648
@/home/ec2-user/data/topics/1873 649
@/home/ec2-user/data/topics/1491 650
@/home/ec2-user/data/topics/3392 651
@/home/ec2-user/data/topics/1749 652
@/home/ec2-user/data/topics/2058 653
@/home/ec2-user/data/topics/1926 654
@/home/ec2-user/data/topics/2105 655
@/home/ec2-user/data/topics/4184 656
@/home/ec2-user/data/topics/1602 657
@/home/ec2-user/data/topics/1884 658
@/home/ec2-user/data/topics/1778 659
@/home/ec2-user/data/topics/2094 660
@/home/ec2-user/data/topics/3872 661
@/home/ec2-user/data/topics/1426 662
@/home/ec2-user/data/topics/4351 663
@/home/ec2-user/data/topics/3924 664
@/home/ec2-user/data/topics/1233 665
@/home/ec2-user/data/topics/2048 666
@/home/ec2-user/data/topics/4219 667
@/home/ec2-user/data/topics/1912 668
@/home/ec2-user/data/topics/1059 669
@/home/ec2-user/data/topics/1686 670
@/home/ec2-user/data/topics/2037 671
@/home/ec2-user/data/topics/2052 672
@/home/ec2-user/data/topics/2059 673
@/home/ec2-user/data/topics/1380 674
@/home/ec2-user/data/topics/2075 675
@/home/ec2-user/data/topics/3456 676
@/home/ec2-user/data/topics/3975 677
@/home/ec2-user/data/topics/1892 678
@/home/ec2-user/data/topics/4224 679
@/home/ec2-user/data/topics/1102 680
富士ゼロックス株式会社

@/home/ec2-user/data/topics/1560 681
@/home/ec2-user/data/topics/4108 681
@/home/ec2-user/data/topics/3640 682
@/home/ec2-user/data/topics/3407 683
@/home/ec2-user/data/topics/3661 684
@/home/ec2-user/data/topics/5031 685
@/home/ec2-user/data/topics/1947 686
@/home/ec2-user/data/topics/3366 687
@/home/ec2-user/data/topics/3662 688
@/home/ec2-user/data/topics/3782 689
@/home/ec2-user/data/topics/3564 690
@/home/ec2-user/data/topics/3383 691
@/home/ec2-user/data/topics/3790 692
@/home/ec2-user/data/topics/3473 693
@/home/ec2-user/data/topics/3695 694
住友金属工業株式会社

@/home/ec2-user/data/topics/4322 695
@/home/ec2-user/data/topics/3826 695
@/home/ec2-user/data/topics/3577 696
@/home/ec2-user/data/topics/4661 697
@/home/ec2-user/data/topics/1268 698
@/home/ec2-user/data/topics/3655 699
@/home/ec2-user/data/topics/4534 700
@/home/ec2-user/data/topics/4295 701
@/home/ec2-user/data/topics/4021 702
@/home/ec2-user/data/topics/4733 703
@/home/ec2-user/data/topics/4991 704
@/home/ec2-user/data/topics/4182 705
日立電線株式会社

@/home/ec2-user/data/topics/1305 706
@/home/ec2-user/data/topics/1117 706
@/home/ec2-user/data/topics/4357 707
@/home/ec2-user/data/topics/1027 708
@/home/ec2-user/data/topics/1388 709
@/home/ec2-user/data/topics/4356 710
@/home/ec2-user/data/topics/3930 711
@/home/ec2-user/data/topics/4329 712
@/home/ec2-user/data/topics/3756 713
キヤノン株式会社

@/home/ec2-user/data/topics/3454 714
@/home/ec2-user/data/topics/1228 714
@/home/ec2-user/data/topics/3755 715
@/home/ec2-user/data/topics/1631 716
@/home/ec2-user/data/topics/3656 717
@/home/ec2-user/data/topics/1847 718
@/home/ec2-user/data/topics/1646 719
@/home/ec2-user/data/topics/1790 720
@/home/ec2-user/data/topics/2145 721
@/home/ec2-user/data/topics/1513 722
@/home/ec2-user/data/topics/3967 723
@/home/ec2-user/data/topics/1539 724
@/home/ec2-user/data/topics/4020 725
@/home/ec2-user/data/topics/3720 726
@/home/ec2-user/data/topics/3722 727
@/home/ec2-user/data/topics/3420 728
@/home/ec2-user/data/topics/3737 729
@/home/ec2-user/data/topics/1744 730
@/home/ec2-user/data/topics/1866 731
@/home/ec2-user/data/topics/3996 732
@/home/ec2-user/data/topics/3410 733
@/home/ec2-user/data/topics/1080 734
@/home/ec2-user/data/topics/1124 735
@/home/ec2-user/data/topics/1455 736
@/home/ec2-user/data/topics/1118 737
@/home/ec2-user/data/topics/1889 738
@/home/ec2-user/data/topics/4948 739
@/home/ec2-user/data/topics/1745 740
@/home/ec2-user/data/topics/2107 741
@/home/ec2-user/data/topics/1568 742
@/home/ec2-user/data/topics/2004 743
@/home/ec2-user/data/topics/1975 744
@/home/ec2-user/data/topics/4628 745
@/home/ec2-user/data/topics/3441 746
@/home/ec2-user/data/topics/3434 747
@/home/ec2-user/data/topics/4350 748
@/home/ec2-user/data/topics/3660 749
@/home/ec2-user/data/topics/3852 750
@/home/ec2-user/data/topics/3430 751
@/home/ec2-user/data/topics/1208 752
@/home/ec2-user/data/topics/1961 753
@/home/ec2-user/data/topics/3374 754
@/home/ec2-user/data/topics/4068 755
@/home/ec2-user/data/topics/2117 756
@/home/ec2-user/data/topics/3416 757
@/home/ec2-user/data/topics/2243 758
@/home/ec2-user/data/topics/3949 759
@/home/ec2-user/data/topics/2053 760
@/home/ec2-user/data/topics/4947 761
@/home/ec2-user/data/topics/3642 762
@/home/ec2-user/data/topics/4363 763
@/home/ec2-user/data/topics/3376 764
@/home/ec2-user/data/topics/4054 765
@/home/ec2-user/data/topics/3417 766
@/home/ec2-user/data/topics/4610 767
@/home/ec2-user/data/topics/3730 768
@/home/ec2-user/data/topics/3628 769
@/home/ec2-user/data/topics/1519 770
@/home/ec2-user/data/topics/3445 771
@/home/ec2-user/data/topics/1216 772
@/home/ec2-user/data/topics/4937 773
@/home/ec2-user/data/topics/1802 774
@/home/ec2-user/data/topics/4521 775
@/home/ec2-user/data/topics/1438 776
@/home/ec2-user/data/topics/1848 777
@/home/ec2-user/data/topics/2231 778
@/home/ec2-user/data/topics/3438 779
@/home/ec2-user/data/topics/3958 780
@/home/ec2-user/data/topics/3415 781
@/home/ec2-user/data/topics/3843 782
@/home/ec2-user/data/topics/1895 783
@/home/ec2-user/data/topics/1590 784
@/home/ec2-user/data/topics/4520 785
三洋電機株式会社

@/home/ec2-user/data/topics/4679 786
@/home/ec2-user/data/topics/3906 786
@/home/ec2-user/data/topics/2071 787
@/home/ec2-user/data/topics/4612 788
@/home/ec2-user/data/topics/3581 789
@/home/ec2-user/data/topics/4061 790
@/home/ec2-user/data/topics/5011 791
@/home/ec2-user/data/topics/3754 792
@/home/ec2-user/data/topics/5002 793
@/home/ec2-user/data/topics/1652 794
@/home/ec2-user/data/topics/3817 795
@/home/ec2-user/data/topics/3889 796
@/home/ec2-user/data/topics/3859 797
@/home/ec2-user/data/topics/3403 798
@/home/ec2-user/data/topics/4837 799
@/home/ec2-user/data/topics/1671 800
@/home/ec2-user/data/topics/4060 801
@/home/ec2-user/data/topics/4301 802
@/home/ec2-user/data/topics/3926 803
@/home/ec2-user/data/topics/2194 804
@/home/ec2-user/data/topics/4179 805
@/home/ec2-user/data/topics/2014 806
@/home/ec2-user/data/topics/4720 807
@/home/ec2-user/data/topics/4474 808
@/home/ec2-user/data/topics/3708 809
@/home/ec2-user/data/topics/1246 810
@/home/ec2-user/data/topics/4066 811
@/home/ec2-user/data/topics/3539 812
@/home/ec2-user/data/topics/4384 813
@/home/ec2-user/data/topics/4376 814
@/home/ec2-user/data/topics/4571 815
@/home/ec2-user/data/topics/1653 816
@/home/ec2-user/data/topics/1451 817
@/home/ec2-user/data/topics/4788 818
@/home/ec2-user/data/topics/4328 819
@/home/ec2-user/data/topics/4212 820
@/home/ec2-user/data/topics/3986 821
@/home/ec2-user/data/topics/3953 822
@/home/ec2-user/data/topics/4527 823
@/home/ec2-user/data/topics/4492 824
@/home/ec2-user/data/topics/4304 825
@/home/ec2-user/data/topics/1321 826
@/home/ec2-user/data/topics/4983 827
@/home/ec2-user/data/topics/2063 828
@/home/ec2-user/data/topics/1515 829
@/home/ec2-user/data/topics/1479 830
@/home/ec2-user/data/topics/3974 831
@/home/ec2-user/data/topics/2230 832
@/home/ec2-user/data/topics/4015 833
@/home/ec2-user/data/topics/4654 834
@/home/ec2-user/data/topics/1163 835
@/home/ec2-user/data/topics/1079 836
@/home/ec2-user/data/topics/3681 837
@/home/ec2-user/data/topics/1386 838
@/home/ec2-user/data/topics/3781 839
@/home/ec2-user/data/topics/1980 840
@/home/ec2-user/data/topics/2054 841
@/home/ec2-user/data/topics/4039 842
@/home/ec2-user/data/topics/4001 843
@/home/ec2-user/data/topics/3492 844
@/home/ec2-user/data/topics/1289 845
@/home/ec2-user/data/topics/4978 846
@/home/ec2-user/data/topics/4726 847
@/home/ec2-user/data/topics/1722 848
@/home/ec2-user/data/topics/3398 849
@/home/ec2-user/data/topics/4178 850
@/home/ec2-user/data/topics/3625 851
@/home/ec2-user/data/topics/4763 852
@/home/ec2-user/data/topics/3845 853
@/home/ec2-user/data/topics/1488 854
@/home/ec2-user/data/topics/4604 855
@/home/ec2-user/data/topics/4150 856
@/home/ec2-user/data/topics/3804 857
@/home/ec2-user/data/topics/2098 858
@/home/ec2-user/data/topics/4099 859
@/home/ec2-user/data/topics/4960 860
@/home/ec2-user/data/topics/3830 861
@/home/ec2-user/data/topics/3808 862
@/home/ec2-user/data/topics/3491 863
三菱電機株式会社

@/home/ec2-user/data/topics/3506 864
@/home/ec2-user/data/topics/3453 864
@/home/ec2-user/data/topics/5032 865
@/home/ec2-user/data/topics/4562 866
@/home/ec2-user/data/topics/3820 867
@/home/ec2-user/data/topics/5033 868
@/home/ec2-user/data/topics/4076 869
@/home/ec2-user/data/topics/4047 870
@/home/ec2-user/data/topics/4149 871
@/home/ec2-user/data/topics/4233 872
@/home/ec2-user/data/topics/4181 873
@/home/ec2-user/data/topics/3774 874
@/home/ec2-user/data/topics/3856 875
@/home/ec2-user/data/topics/4980 876
@/home/ec2-user/data/topics/3595 877
@/home/ec2-user/data/topics/3466 878
@/home/ec2-user/data/topics/1754 879
@/home/ec2-user/data/topics/1110 880
@/home/ec2-user/data/topics/4305 881
@/home/ec2-user/data/topics/3465 882
@/home/ec2-user/data/topics/3921 883
@/home/ec2-user/data/topics/4419 884
@/home/ec2-user/data/topics/3397 885
@/home/ec2-user/data/topics/3490 886
@/home/ec2-user/data/topics/1738 887
@/home/ec2-user/data/topics/4614 888
@/home/ec2-user/data/topics/1536 889
@/home/ec2-user/data/topics/4514 890
@/home/ec2-user/data/topics/3469 891
@/home/ec2-user/data/topics/3592 892
@/home/ec2-user/data/topics/4133 893
@/home/ec2-user/data/topics/3841 894
@/home/ec2-user/data/topics/4041 895
@/home/ec2-user/data/topics/3666 896
@/home/ec2-user/data/topics/2146 897
@/home/ec2-user/data/topics/4282 898
@/home/ec2-user/data/topics/3612 899
@/home/ec2-user/data/topics/4235 900
@/home/ec2-user/data/topics/4663 901
@/home/ec2-user/data/topics/4880 902
@/home/ec2-user/data/topics/4518 903
@/home/ec2-user/data/topics/3609 904
@/home/ec2-user/data/topics/3451 905
@/home/ec2-user/data/topics/3800 906
@/home/ec2-user/data/topics/3493 907
@/home/ec2-user/data/topics/1220 908
@/home/ec2-user/data/topics/3873 909
@/home/ec2-user/data/topics/3747 910
@/home/ec2-user/data/topics/3616 911
@/home/ec2-user/data/topics/3412 912
@/home/ec2-user/data/topics/1792 913
@/home/ec2-user/data/topics/4221 914
@/home/ec2-user/data/topics/4220 915
@/home/ec2-user/data/topics/4552 916
@/home/ec2-user/data/topics/4834 917
@/home/ec2-user/data/topics/3963 918
@/home/ec2-user/data/topics/3409 919
@/home/ec2-user/data/topics/1872 920
住友ゴム工業株式会社

@/home/ec2-user/data/topics/4597 921
@/home/ec2-user/data/topics/4406 921
@/home/ec2-user/data/topics/1114 922
@/home/ec2-user/data/topics/1758 923
@/home/ec2-user/data/topics/4048 924
@/home/ec2-user/data/topics/4568 925
@/home/ec2-user/data/topics/2007 926
セイコーエプソン株式会社

@/home/ec2-user/data/topics/3589 927
@/home/ec2-user/data/topics/1343 927
@/home/ec2-user/data/topics/4585 928
@/home/ec2-user/data/topics/1423 929
@/home/ec2-user/data/topics/4022 930
@/home/ec2-user/data/topics/4801 931
@/home/ec2-user/data/topics/3361 932
@/home/ec2-user/data/topics/1484 933
@/home/ec2-user/data/topics/4386 934
@/home/ec2-user/data/topics/4605 935
@/home/ec2-user/data/topics/4454 936
@/home/ec2-user/data/topics/3910 937
@/home/ec2-user/data/topics/2165 938
@/home/ec2-user/data/topics/4109 939
@/home/ec2-user/data/topics/1378 940
@/home/ec2-user/data/topics/1890 941
@/home/ec2-user/data/topics/3887 942
@/home/ec2-user/data/topics/1938 943
@/home/ec2-user/data/topics/4802 944
@/home/ec2-user/data/topics/4719 945
@/home/ec2-user/data/topics/2078 946
@/home/ec2-user/data/topics/3505 947
@/home/ec2-user/data/topics/3819 948
@/home/ec2-user/data/topics/3476 949
@/home/ec2-user/data/topics/3985 950
@/home/ec2-user/data/topics/1641 951
株式会社三共

@/home/ec2-user/data/topics/1377 952
@/home/ec2-user/data/topics/1665 952
@/home/ec2-user/data/topics/1086 953
@/home/ec2-user/data/topics/1648 954
@/home/ec2-user/data/topics/2123 955
@/home/ec2-user/data/topics/4374 956
@/home/ec2-user/data/topics/4868 957
@/home/ec2-user/data/topics/2060 958
@/home/ec2-user/data/topics/1189 959
沖電気工業株式会社

@/home/ec2-user/data/topics/3621 960
@/home/ec2-user/data/topics/3764 960
@/home/ec2-user/data/topics/4308 961
@/home/ec2-user/data/topics/3433 962
@/home/ec2-user/data/topics/1531 963
@/home/ec2-user/data/topics/4693 964
@/home/ec2-user/data/topics/1188 965
@/home/ec2-user/data/topics/3964 966
@/home/ec2-user/data/topics/3395 967
@/home/ec2-user/data/topics/3457 968
@/home/ec2-user/data/topics/3571 969
@/home/ec2-user/data/topics/4575 970
@/home/ec2-user/data/topics/3690 971
@/home/ec2-user/data/topics/4299 972
株式会社三星

@/home/ec2-user/data/topics/1733 973
@/home/ec2-user/data/topics/1260 973
@/home/ec2-user/data/topics/3942 974
@/home/ec2-user/data/topics/2198 975
@/home/ec2-user/data/topics/2108 976
@/home/ec2-user/data/topics/1728 977
日本ビクター株式会社

@/home/ec2-user/data/topics/3603 978
@/home/ec2-user/data/topics/1823 978
@/home/ec2-user/data/topics/1520 979
@/home/ec2-user/data/topics/3939 980
@/home/ec2-user/data/topics/1440 981
@/home/ec2-user/data/topics/4056 982
@/home/ec2-user/data/topics/3882 983
@/home/ec2-user/data/topics/4672 984
@/home/ec2-user/data/topics/3620 985
@/home/ec2-user/data/topics/1389 986
@/home/ec2-user/data/topics/4123 987
花王株式会社

@/home/ec2-user/data/topics/1022 988
@/home/ec2-user/data/topics/3884 988
@/home/ec2-user/data/topics/1767 989
@/home/ec2-user/data/topics/3753 990
@/home/ec2-user/data/topics/4287 991
@/home/ec2-user/data/topics/3812 992
@/home/ec2-user/data/topics/4445 993
@/home/ec2-user/data/topics/4249 994
@/home/ec2-user/data/topics/4827 995
@/home/ec2-user/data/topics/2214 996
@/home/ec2-user/data/topics/4211 997
@/home/ec2-user/data/topics/1196 998
@/home/ec2-user/data/topics/3999 999
三田工業株式会社

@/home/ec2-user/data/topics/3604 1000
@/home/ec2-user/data/topics/1033 1000
@/home/ec2-user/data/topics/3923 1001
@/home/ec2-user/data/topics/2155 1002
@/home/ec2-user/data/topics/3842 1003
@/home/ec2-user/data/topics/2136 1004
@/home/ec2-user/data/topics/1269 1005
@/home/ec2-user/data/topics/1766 1006
@/home/ec2-user/data/topics/1034 1007
豊丸産業株式会社

@/home/ec2-user/data/topics/1401 1008
@/home/ec2-user/data/topics/1713 1008
@/home/ec2-user/data/topics/1353 1009
@/home/ec2-user/data/topics/1914 1010
@/home/ec2-user/data/topics/1677 1011
@/home/ec2-user/data/topics/2011 1012
@/home/ec2-user/data/topics/1097 1013
@/home/ec2-user/data/topics/1126 1014
@/home/ec2-user/data/topics/1138 1015
@/home/ec2-user/data/topics/3672 1016
@/home/ec2-user/data/topics/4847 1017
@/home/ec2-user/data/topics/1726 1018
@/home/ec2-user/data/topics/2169 1019
@/home/ec2-user/data/topics/1284 1020
@/home/ec2-user/data/topics/1588 1021
鐘紡株式会社

@/home/ec2-user/data/topics/1367 1022
@/home/ec2-user/data/topics/1886 1022
@/home/ec2-user/data/topics/1870 1023
@/home/ec2-user/data/topics/3634 1024
@/home/ec2-user/data/topics/1304 1025
@/home/ec2-user/data/topics/2185 1026
@/home/ec2-user/data/topics/2034 1027
@/home/ec2-user/data/topics/4195 1028
@/home/ec2-user/data/topics/3560 1029
@/home/ec2-user/data/topics/1178 1030
@/home/ec2-user/data/topics/1054 1031
@/home/ec2-user/data/topics/2223 1032
@/home/ec2-user/data/topics/1842 1033
@/home/ec2-user/data/topics/3566 1034
@/home/ec2-user/data/topics/1901 1035
@/home/ec2-user/data/topics/3551 1036
株式会社デンソー

@/home/ec2-user/data/topics/4046 1037
@/home/ec2-user/data/topics/3710 1037
@/home/ec2-user/data/topics/4423 1038
@/home/ec2-user/data/topics/4675 1039
@/home/ec2-user/data/topics/4622 1040
@/home/ec2-user/data/topics/3480 1041
@/home/ec2-user/data/topics/4840 1042
@/home/ec2-user/data/topics/3406 1043
@/home/ec2-user/data/topics/4024 1044
@/home/ec2-user/data/topics/1028 1045
@/home/ec2-user/data/topics/4805 1046
@/home/ec2-user/data/topics/1855 1047
@/home/ec2-user/data/topics/4483 1048
@/home/ec2-user/data/topics/4656 1049
@/home/ec2-user/data/topics/3421 1050
@/home/ec2-user/data/topics/4164 1051
@/home/ec2-user/data/topics/4498 1052
富士写真フイルム株式会社

@/home/ec2-user/data/topics/3447 1053
@/home/ec2-user/data/topics/3911 1053
@/home/ec2-user/data/topics/1570 1054
@/home/ec2-user/data/topics/3857 1055
@/home/ec2-user/data/topics/2134 1056
@/home/ec2-user/data/topics/1662 1057
@/home/ec2-user/data/topics/3354 1058
@/home/ec2-user/data/topics/3918 1059
@/home/ec2-user/data/topics/1603 1060
@/home/ec2-user/data/topics/4962 1061
@/home/ec2-user/data/topics/1244 1062
京セラ株式会社

@/home/ec2-user/data/topics/1485 1063
@/home/ec2-user/data/topics/4901 1063
@/home/ec2-user/data/topics/1913 1064
@/home/ec2-user/data/topics/3615 1065
@/home/ec2-user/data/topics/1741 1066
@/home/ec2-user/data/topics/3869 1067
@/home/ec2-user/data/topics/4513 1068
@/home/ec2-user/data/topics/3741 1069
@/home/ec2-user/data/topics/1708 1070
@/home/ec2-user/data/topics/4031 1071
@/home/ec2-user/data/topics/4340 1072
@/home/ec2-user/data/topics/3593 1073
イビデン株式会社

@/home/ec2-user/data/topics/1770 1074
@/home/ec2-user/data/topics/2033 1074
@/home/ec2-user/data/topics/3814 1075
@/home/ec2-user/data/topics/1682 1076
@/home/ec2-user/data/topics/1336 1077
@/home/ec2-user/data/topics/1315 1078
@/home/ec2-user/data/topics/1952 1079
株式会社東芝

@/home/ec2-user/data/topics/3881 1080
@/home/ec2-user/data/topics/4172 1080
@/home/ec2-user/data/topics/4336 1081
@/home/ec2-user/data/topics/4881 1082
@/home/ec2-user/data/topics/4509 1083
@/home/ec2-user/data/topics/3890 1084
@/home/ec2-user/data/topics/4594 1085
@/home/ec2-user/data/topics/3734 1086
@/home/ec2-user/data/topics/1132 1087
@/home/ec2-user/data/topics/4361 1088
@/home/ec2-user/data/topics/4009 1089
@/home/ec2-user/data/topics/3689 1090
@/home/ec2-user/data/topics/3780 1091
@/home/ec2-user/data/topics/3716 1092
@/home/ec2-user/data/topics/3352 1093
@/home/ec2-user/data/topics/1205 1094
@/home/ec2-user/data/topics/4381 1095
@/home/ec2-user/data/topics/4089 1096
@/home/ec2-user/data/topics/3542 1097
@/home/ec2-user/data/topics/4751 1098
@/home/ec2-user/data/topics/4935 1099
@/home/ec2-user/data/topics/3988 1100
@/home/ec2-user/data/topics/3598 1101
@/home/ec2-user/data/topics/3834 1102
@/home/ec2-user/data/topics/1332 1103
@/home/ec2-user/data/topics/2241 1104
@/home/ec2-user/data/topics/4631 1105
@/home/ec2-user/data/topics/4096 1106
@/home/ec2-user/data/topics/4566 1107
@/home/ec2-user/data/topics/3688 1108
@/home/ec2-user/data/topics/3351 1109
@/home/ec2-user/data/topics/1997 1110
@/home/ec2-user/data/topics/4183 1111
@/home/ec2-user/data/topics/4842 1112
@/home/ec2-user/data/topics/3795 1113
@/home/ec2-user/data/topics/4912 1114
@/home/ec2-user/data/topics/3732 1115
@/home/ec2-user/data/topics/4535 1116
@/home/ec2-user/data/topics/3948 1117
@/home/ec2-user/data/topics/4755 1118
@/home/ec2-user/data/topics/4302 1119
@/home/ec2-user/data/topics/4165 1120
@/home/ec2-user/data/topics/3462 1121
@/home/ec2-user/data/topics/3683 1122
@/home/ec2-user/data/topics/3851 1123
@/home/ec2-user/data/topics/1090 1124
@/home/ec2-user/data/topics/3990 1125
@/home/ec2-user/data/topics/4057 1126
@/home/ec2-user/data/topics/3360 1127
@/home/ec2-user/data/topics/4197 1128
@/home/ec2-user/data/topics/4623 1129
@/home/ec2-user/data/topics/4863 1130
@/home/ec2-user/data/topics/1757 1131
@/home/ec2-user/data/topics/1585 1132
@/home/ec2-user/data/topics/3618 1133
@/home/ec2-user/data/topics/3380 1134
@/home/ec2-user/data/topics/1756 1135
@/home/ec2-user/data/topics/4140 1136
@/home/ec2-user/data/topics/3363 1137
@/home/ec2-user/data/topics/4292 1138
@/home/ec2-user/data/topics/1819 1139
ヤマハ株式会社

@/home/ec2-user/data/topics/1676 1140
@/home/ec2-user/data/topics/4045 1140
@/home/ec2-user/data/topics/4010 1141
@/home/ec2-user/data/topics/4177 1142
@/home/ec2-user/data/topics/4954 1143
@/home/ec2-user/data/topics/1720 1144
@/home/ec2-user/data/topics/1911 1145
@/home/ec2-user/data/topics/4125 1146
@/home/ec2-user/data/topics/1443 1147
@/home/ec2-user/data/topics/4145 1148
@/home/ec2-user/data/topics/4084 1149
@/home/ec2-user/data/topics/3972 1150
@/home/ec2-user/data/topics/4919 1151
東洋紡績株式会社

@/home/ec2-user/data/topics/4284 1152
@/home/ec2-user/data/topics/1613 1152
@/home/ec2-user/data/topics/1029 1153
@/home/ec2-user/data/topics/4366 1154
@/home/ec2-user/data/topics/3769 1155
@/home/ec2-user/data/topics/4362 1156
三菱化学株式会社

@/home/ec2-user/data/topics/1902 1157
@/home/ec2-user/data/topics/1197 1157
@/home/ec2-user/data/topics/3513 1158
@/home/ec2-user/data/topics/1699 1159
@/home/ec2-user/data/topics/3458 1160
@/home/ec2-user/data/topics/3638 1161
カシオ計算機株式会社

@/home/ec2-user/data/topics/1535 1162
@/home/ec2-user/data/topics/1794 1162
@/home/ec2-user/data/topics/2180 1163
@/home/ec2-user/data/topics/3391 1164
@/home/ec2-user/data/topics/1047 1165
@/home/ec2-user/data/topics/1368 1166
@/home/ec2-user/data/topics/2237 1167
@/home/ec2-user/data/topics/1235 1168
コナミ株式会社

@/home/ec2-user/data/topics/4681 1169
@/home/ec2-user/data/topics/1621 1169
@/home/ec2-user/data/topics/1302 1170
@/home/ec2-user/data/topics/1672 1171
@/home/ec2-user/data/topics/5015 1172
@/home/ec2-user/data/topics/4602 1173
@/home/ec2-user/data/topics/2100 1174
@/home/ec2-user/data/topics/2151 1175
大日本スクリーン製造株式会社

@/home/ec2-user/data/topics/3742 1176
@/home/ec2-user/data/topics/1173 1176
@/home/ec2-user/data/topics/1779 1177
@/home/ec2-user/data/topics/2172 1178
@/home/ec2-user/data/topics/2209 1179
@/home/ec2-user/data/topics/1608 1180
@/home/ec2-user/data/topics/1130 1181
オムロン株式会社

@/home/ec2-user/data/topics/3748 1182
@/home/ec2-user/data/topics/1933 1182
@/home/ec2-user/data/topics/1841 1183
@/home/ec2-user/data/topics/3863 1184
@/home/ec2-user/data/topics/1151 1185
@/home/ec2-user/data/topics/3597 1186
@/home/ec2-user/data/topics/1533 1187
@/home/ec2-user/data/topics/4771 1188
@/home/ec2-user/data/topics/1135 1189
@/home/ec2-user/data/topics/1657 1190
@/home/ec2-user/data/topics/1067 1191
@/home/ec2-user/data/topics/2096 1192
@/home/ec2-user/data/topics/3700 1193
@/home/ec2-user/data/topics/1579 1194
@/home/ec2-user/data/topics/3594 1195
株式会社日立製作所

@/home/ec2-user/data/topics/4493 1196
@/home/ec2-user/data/topics/3994 1196
@/home/ec2-user/data/topics/4545 1197
@/home/ec2-user/data/topics/1880 1198
@/home/ec2-user/data/topics/4547 1199
@/home/ec2-user/data/topics/1249 1200
@/home/ec2-user/data/topics/2239 1201
@/home/ec2-user/data/topics/3440 1202
@/home/ec2-user/data/topics/4559 1203
@/home/ec2-user/data/topics/2081 1204
@/home/ec2-user/data/topics/1693 1205
@/home/ec2-user/data/topics/3968 1206
@/home/ec2-user/data/topics/4420 1207
@/home/ec2-user/data/topics/3659 1208
@/home/ec2-user/data/topics/4058 1209
@/home/ec2-user/data/topics/1105 1210
@/home/ec2-user/data/topics/3779 1211
@/home/ec2-user/data/topics/4990 1212
@/home/ec2-user/data/topics/3488 1213
@/home/ec2-user/data/topics/1082 1214
@/home/ec2-user/data/topics/5030 1215
@/home/ec2-user/data/topics/1463 1216
@/home/ec2-user/data/topics/3648 1217
@/home/ec2-user/data/topics/4551 1218
@/home/ec2-user/data/topics/1334 1219
@/home/ec2-user/data/topics/3993 1220
@/home/ec2-user/data/topics/3665 1221
@/home/ec2-user/data/topics/1882 1222
@/home/ec2-user/data/topics/3471 1223
@/home/ec2-user/data/topics/1987 1224
@/home/ec2-user/data/topics/1651 1225
@/home/ec2-user/data/topics/4799 1226
@/home/ec2-user/data/topics/1562 1227
@/home/ec2-user/data/topics/1833 1228
@/home/ec2-user/data/topics/4830 1229
@/home/ec2-user/data/topics/3973 1230
@/home/ec2-user/data/topics/3691 1231
@/home/ec2-user/data/topics/3384 1232
@/home/ec2-user/data/topics/3596 1233
@/home/ec2-user/data/topics/4489 1234
@/home/ec2-user/data/topics/1247 1235
@/home/ec2-user/data/topics/4402 1236
@/home/ec2-user/data/topics/1072 1237
@/home/ec2-user/data/topics/3531 1238
@/home/ec2-user/data/topics/1278 1239
@/home/ec2-user/data/topics/4943 1240
@/home/ec2-user/data/topics/1825 1241
@/home/ec2-user/data/topics/3350 1242
@/home/ec2-user/data/topics/3588 1243
@/home/ec2-user/data/topics/3706 1244
@/home/ec2-user/data/topics/1640 1245
@/home/ec2-user/data/topics/2184 1246
@/home/ec2-user/data/topics/4122 1247
@/home/ec2-user/data/topics/3599 1248
@/home/ec2-user/data/topics/1667 1249
@/home/ec2-user/data/topics/3570 1250
@/home/ec2-user/data/topics/1296 1251
@/home/ec2-user/data/topics/2019 1252
@/home/ec2-user/data/topics/4040 1253
@/home/ec2-user/data/topics/4401 1254
@/home/ec2-user/data/topics/3432 1255
@/home/ec2-user/data/topics/1826 1256
@/home/ec2-user/data/topics/3965 1257
@/home/ec2-user/data/topics/4621 1258
@/home/ec2-user/data/topics/3822 1259
@/home/ec2-user/data/topics/3461 1260
@/home/ec2-user/data/topics/3772 1261
@/home/ec2-user/data/topics/1340 1262
@/home/ec2-user/data/topics/5029 1263
@/home/ec2-user/data/topics/1501 1264
@/home/ec2-user/data/topics/4166 1265
@/home/ec2-user/data/topics/3439 1266
@/home/ec2-user/data/topics/3524 1267
@/home/ec2-user/data/topics/1487 1268
凸版印刷株式会社

@/home/ec2-user/data/topics/3624 1269
@/home/ec2-user/data/topics/1765 1269
@/home/ec2-user/data/topics/3500 1270
@/home/ec2-user/data/topics/1977 1271
@/home/ec2-user/data/topics/3526 1272
@/home/ec2-user/data/topics/4874 1273
@/home/ec2-user/data/topics/1091 1274
株式会社ノーリツ

@/home/ec2-user/data/topics/1760 1275
@/home/ec2-user/data/topics/4206 1275
@/home/ec2-user/data/topics/1618 1276
@/home/ec2-user/data/topics/4354 1277
@/home/ec2-user/data/topics/1290 1278
@/home/ec2-user/data/topics/4776 1279
@/home/ec2-user/data/topics/2116 1280
@/home/ec2-user/data/topics/1598 1281
川崎重工業株式会社

@/home/ec2-user/data/topics/4572 1282
@/home/ec2-user/data/topics/4944 1282
@/home/ec2-user/data/topics/5025 1283
@/home/ec2-user/data/topics/4793 1284
@/home/ec2-user/data/topics/4866 1285
@/home/ec2-user/data/topics/4756 1286
@/home/ec2-user/data/topics/1172 1287
@/home/ec2-user/data/topics/1162 1288
ティーディーケイ株式会社

@/home/ec2-user/data/topics/2202 1289
@/home/ec2-user/data/topics/1510 1289
@/home/ec2-user/data/topics/3909 1290
@/home/ec2-user/data/topics/1409 1291
@/home/ec2-user/data/topics/3798 1292
@/home/ec2-user/data/topics/3792 1293
@/home/ec2-user/data/topics/1129 1294
@/home/ec2-user/data/topics/2210 1295
@/home/ec2-user/data/topics/4619 1296
京セラミタ株式会社

@/home/ec2-user/data/topics/1930 1297
@/home/ec2-user/data/topics/4985 1297
@/home/ec2-user/data/topics/4973 1298
@/home/ec2-user/data/topics/4564 1299
@/home/ec2-user/data/topics/1032 1300
@/home/ec2-user/data/topics/4174 1301
@/home/ec2-user/data/topics/2141 1302
株式会社クボタ

@/home/ec2-user/data/topics/4745 1303
@/home/ec2-user/data/topics/4379 1303
@/home/ec2-user/data/topics/3854 1304
@/home/ec2-user/data/topics/3823 1305
@/home/ec2-user/data/topics/1734 1306
@/home/ec2-user/data/topics/4251 1307
@/home/ec2-user/data/topics/1448 1308
@/home/ec2-user/data/topics/1280 1309
@/home/ec2-user/data/topics/1012 1310
@/home/ec2-user/data/topics/3919 1311
シャープ株式会社

@/home/ec2-user/data/topics/4782 1312
@/home/ec2-user/data/topics/3832 1312
@/home/ec2-user/data/topics/4228 1313
@/home/ec2-user/data/topics/3610 1314
@/home/ec2-user/data/topics/3450 1315
@/home/ec2-user/data/topics/4019 1316
@/home/ec2-user/data/topics/4256 1317
@/home/ec2-user/data/topics/4323 1318
@/home/ec2-user/data/topics/4173 1319
@/home/ec2-user/data/topics/3871 1320
@/home/ec2-user/data/topics/3698 1321
@/home/ec2-user/data/topics/3793 1322
@/home/ec2-user/data/topics/4152 1323
@/home/ec2-user/data/topics/1154 1324
@/home/ec2-user/data/topics/1349 1325
@/home/ec2-user/data/topics/4349 1326
@/home/ec2-user/data/topics/3537 1327
@/home/ec2-user/data/topics/4214 1328
@/home/ec2-user/data/topics/3452 1329
@/home/ec2-user/data/topics/3678 1330
@/home/ec2-user/data/topics/1288 1331
@/home/ec2-user/data/topics/1840 1332
@/home/ec2-user/data/topics/1804 1333
@/home/ec2-user/data/topics/1396 1334
@/home/ec2-user/data/topics/1970 1335
@/home/ec2-user/data/topics/1318 1336
@/home/ec2-user/data/topics/3978 1337
@/home/ec2-user/data/topics/1174 1338
@/home/ec2-user/data/topics/1431 1339
@/home/ec2-user/data/topics/1419 1340
@/home/ec2-user/data/topics/1258 1341
@/home/ec2-user/data/topics/2020 1342
@/home/ec2-user/data/topics/4263 1343
@/home/ec2-user/data/topics/2118 1344
@/home/ec2-user/data/topics/3957 1345
@/home/ec2-user/data/topics/1384 1346
@/home/ec2-user/data/topics/4648 1347
@/home/ec2-user/data/topics/1209 1348
@/home/ec2-user/data/topics/4124 1349
@/home/ec2-user/data/topics/4430 1350
@/home/ec2-user/data/topics/4245 1351
@/home/ec2-user/data/topics/4103 1352
@/home/ec2-user/data/topics/4095 1353
@/home/ec2-user/data/topics/4861 1354
@/home/ec2-user/data/topics/3673 1355
@/home/ec2-user/data/topics/4005 1356
@/home/ec2-user/data/topics/3606 1357
@/home/ec2-user/data/topics/2084 1358
@/home/ec2-user/data/topics/3422 1359
@/home/ec2-user/data/topics/1563 1360
@/home/ec2-user/data/topics/4516 1361
@/home/ec2-user/data/topics/4519 1362
@/home/ec2-user/data/topics/4127 1363
@/home/ec2-user/data/topics/3649 1364
@/home/ec2-user/data/topics/3858 1365
@/home/ec2-user/data/topics/4717 1366
@/home/ec2-user/data/topics/2087 1367
@/home/ec2-user/data/topics/4744 1368
@/home/ec2-user/data/topics/4583 1369
@/home/ec2-user/data/topics/3776 1370
@/home/ec2-user/data/topics/4683 1371
@/home/ec2-user/data/topics/3679 1372
@/home/ec2-user/data/topics/3855 1373
@/home/ec2-user/data/topics/3760 1374
@/home/ec2-user/data/topics/3578 1375
@/home/ec2-user/data/topics/4230 1376
@/home/ec2-user/data/topics/3762 1377
@/home/ec2-user/data/topics/1561 1378
@/home/ec2-user/data/topics/4105 1379
@/home/ec2-user/data/topics/3813 1380
@/home/ec2-user/data/topics/1965 1381
@/home/ec2-user/data/topics/4469 1382
@/home/ec2-user/data/topics/3777 1383
@/home/ec2-user/data/topics/4691 1384
@/home/ec2-user/data/topics/3895 1385
@/home/ec2-user/data/topics/1685 1386
@/home/ec2-user/data/topics/3941 1387
@/home/ec2-user/data/topics/3966 1388
@/home/ec2-user/data/topics/3981 1389
@/home/ec2-user/data/topics/4113 1390
@/home/ec2-user/data/topics/4252 1391
日本輸送機株式会社

@/home/ec2-user/data/topics/2221 1392
@/home/ec2-user/data/topics/1108 1392
@/home/ec2-user/data/topics/1191 1393
@/home/ec2-user/data/topics/1940 1394
@/home/ec2-user/data/topics/1493 1395
@/home/ec2-user/data/topics/3573 1396
@/home/ec2-user/data/topics/2065 1397
@/home/ec2-user/data/topics/1456 1398
東京エレクトロン株式会社

@/home/ec2-user/data/topics/4345 1399
@/home/ec2-user/data/topics/3947 1399
@/home/ec2-user/data/topics/1263 1400
@/home/ec2-user/data/topics/4702 1401
@/home/ec2-user/data/topics/4023 1402
@/home/ec2-user/data/topics/4618 1403
@/home/ec2-user/data/topics/4053 1404
@/home/ec2-user/data/topics/4906 1405
@/home/ec2-user/data/topics/1736 1406
@/home/ec2-user/data/topics/1800 1407
@/home/ec2-user/data/topics/1508 1408
@/home/ec2-user/data/topics/4002 1409
株式会社村田製作所

@/home/ec2-user/data/topics/3697 1410
@/home/ec2-user/data/topics/4325 1410
@/home/ec2-user/data/topics/3482 1411
@/home/ec2-user/data/topics/3885 1412
@/home/ec2-user/data/topics/4070 1413
@/home/ec2-user/data/topics/4703 1414
@/home/ec2-user/data/topics/4378 1415
@/home/ec2-user/data/topics/4271 1416
@/home/ec2-user/data/topics/4795 1417
@/home/ec2-user/data/topics/4163 1418
@/home/ec2-user/data/topics/1374 1419
@/home/ec2-user/data/topics/4417 1420
@/home/ec2-user/data/topics/4042 1421
@/home/ec2-user/data/topics/1411 1422
@/home/ec2-user/data/topics/2229 1423
@/home/ec2-user/data/topics/4432 1424
@/home/ec2-user/data/topics/3435 1425
日本電信電話株式会社

@/home/ec2-user/data/topics/4443 1426
@/home/ec2-user/data/topics/4488 1426
@/home/ec2-user/data/topics/1230 1427
@/home/ec2-user/data/topics/4925 1428
@/home/ec2-user/data/topics/3641 1429
@/home/ec2-user/data/topics/1556 1430
@/home/ec2-user/data/topics/3544 1431
@/home/ec2-user/data/topics/3359 1432
@/home/ec2-user/data/topics/4208 1433
@/home/ec2-user/data/topics/3425 1434
@/home/ec2-user/data/topics/4916 1435
@/home/ec2-user/data/topics/1229 1436
@/home/ec2-user/data/topics/2130 1437
@/home/ec2-user/data/topics/3650 1438
@/home/ec2-user/data/topics/4118 1439
@/home/ec2-user/data/topics/3915 1440
@/home/ec2-user/data/topics/4865 1441
@/home/ec2-user/data/topics/4114 1442
@/home/ec2-user/data/topics/3928 1443
@/home/ec2-user/data/topics/4560 1444
@/home/ec2-user/data/topics/2017 1445
@/home/ec2-user/data/topics/4964 1446
@/home/ec2-user/data/topics/4335 1447
@/home/ec2-user/data/topics/3568 1448
@/home/ec2-user/data/topics/1787 1449
@/home/ec2-user/data/topics/1408 1450
@/home/ec2-user/data/topics/4131 1451
@/home/ec2-user/data/topics/4505 1452
@/home/ec2-user/data/topics/1809 1453
@/home/ec2-user/data/topics/3586 1454
@/home/ec2-user/data/topics/4115 1455
@/home/ec2-user/data/topics/4965 1456
@/home/ec2-user/data/topics/4087 1457
@/home/ec2-user/data/topics/3785 1458
@/home/ec2-user/data/topics/4664 1459
@/home/ec2-user/data/topics/1042 1460
@/home/ec2-user/data/topics/4870 1461
@/home/ec2-user/data/topics/1934 1462
@/home/ec2-user/data/topics/4792 1463
@/home/ec2-user/data/topics/4104 1464
@/home/ec2-user/data/topics/3894 1465
@/home/ec2-user/data/topics/3521 1466
@/home/ec2-user/data/topics/4952 1467
@/home/ec2-user/data/topics/4121 1468
@/home/ec2-user/data/topics/3536 1469
@/home/ec2-user/data/topics/4175 1470
@/home/ec2-user/data/topics/4025 1471
@/home/ec2-user/data/topics/4146 1472
@/home/ec2-user/data/topics/3509 1473
@/home/ec2-user/data/topics/3824 1474
@/home/ec2-user/data/topics/3927 1475
@/home/ec2-user/data/topics/4232 1476
@/home/ec2-user/data/topics/4836 1477
@/home/ec2-user/data/topics/4511 1478
@/home/ec2-user/data/topics/3811 1479
@/home/ec2-user/data/topics/3552 1480
日本鋼管株式会社

@/home/ec2-user/data/topics/2095 1481
@/home/ec2-user/data/topics/4161 1481
@/home/ec2-user/data/topics/1404 1482
@/home/ec2-user/data/topics/3572 1483
@/home/ec2-user/data/topics/4455 1484
@/home/ec2-user/data/topics/1690 1485
@/home/ec2-user/data/topics/4289 1486
株式会社神戸製鋼所

@/home/ec2-user/data/topics/2064 1487
@/home/ec2-user/data/topics/3674 1487
@/home/ec2-user/data/topics/3632 1488
@/home/ec2-user/data/topics/3902 1489
@/home/ec2-user/data/topics/1465 1490
@/home/ec2-user/data/topics/3475 1491
@/home/ec2-user/data/topics/4949 1492
株式会社ケンウッド

@/home/ec2-user/data/topics/1698 1493
@/home/ec2-user/data/topics/1617 1493
@/home/ec2-user/data/topics/1345 1494
@/home/ec2-user/data/topics/3969 1495
@/home/ec2-user/data/topics/3977 1496
@/home/ec2-user/data/topics/2036 1497
@/home/ec2-user/data/topics/3801 1498
@/home/ec2-user/data/topics/1241 1499
@/home/ec2-user/data/topics/4050 1500
@/home/ec2-user/data/topics/1115 1501
@/home/ec2-user/data/topics/3463 1502
@/home/ec2-user/data/topics/4038 1503
@/home/ec2-user/data/topics/1896 1504
@/home/ec2-user/data/topics/4467 1505
@/home/ec2-user/data/topics/3878 1506
@/home/ec2-user/data/topics/1424 1507
@/home/ec2-user/data/topics/1186 1508
@/home/ec2-user/data/topics/4167 1509
@/home/ec2-user/data/topics/2163 1510
@/home/ec2-user/data/topics/3794 1511
@/home/ec2-user/data/topics/3839 1512
東陶機器株式会社

@/home/ec2-user/data/topics/2135 1513
@/home/ec2-user/data/topics/1735 1513
@/home/ec2-user/data/topics/1626 1514
@/home/ec2-user/data/topics/1692 1515
@/home/ec2-user/data/topics/3583 1516
@/home/ec2-user/data/topics/3821 1517
本田技研工業株式会社

@/home/ec2-user/data/topics/4199 1518
@/home/ec2-user/data/topics/4888 1518
@/home/ec2-user/data/topics/1444 1519
@/home/ec2-user/data/topics/4033 1520
@/home/ec2-user/data/topics/4132 1521
@/home/ec2-user/data/topics/1266 1522
@/home/ec2-user/data/topics/1226 1523
@/home/ec2-user/data/topics/1822 1524
@/home/ec2-user/data/topics/1818 1525
@/home/ec2-user/data/topics/4331 1526
@/home/ec2-user/data/topics/2000 1527
@/home/ec2-user/data/topics/4783 1528
@/home/ec2-user/data/topics/3685 1529
@/home/ec2-user/data/topics/2016 1530
@/home/ec2-user/data/topics/5026 1531
@/home/ec2-user/data/topics/4375 1532
@/home/ec2-user/data/topics/1215 1533
@/home/ec2-user/data/topics/1143 1534
@/home/ec2-user/data/topics/1605 1535
新日本製鐵株式会社

@/home/ec2-user/data/topics/3861 1536
@/home/ec2-user/data/topics/3663 1536
@/home/ec2-user/data/topics/3899 1537
@/home/ec2-user/data/topics/4472 1538
@/home/ec2-user/data/topics/5008 1539
@/home/ec2-user/data/topics/3368 1540
松下電工株式会社

@/home/ec2-user/data/topics/3835 1541
@/home/ec2-user/data/topics/3651 1541
@/home/ec2-user/data/topics/3511 1542
@/home/ec2-user/data/topics/1011 1543
@/home/ec2-user/data/topics/3670 1544
@/home/ec2-user/data/topics/4012 1545
@/home/ec2-user/data/topics/4347 1546
@/home/ec2-user/data/topics/3549 1547
@/home/ec2-user/data/topics/3565 1548
@/home/ec2-user/data/topics/4083 1549
@/home/ec2-user/data/topics/1803 1550
@/home/ec2-user/data/topics/1251 1551
@/home/ec2-user/data/topics/3778 1552
@/home/ec2-user/data/topics/1311 1553
@/home/ec2-user/data/topics/3379 1554
@/home/ec2-user/data/topics/4317 1555
@/home/ec2-user/data/topics/3932 1556
@/home/ec2-user/data/topics/4592 1557
@/home/ec2-user/data/topics/4450 1558
@/home/ec2-user/data/topics/2045 1559
@/home/ec2-user/data/topics/4094 1560
@/home/ec2-user/data/topics/4029 1561
usernum: 72
hit: 1549
simhit: 1464
simmax: 0.636225950495
simmin: 0.0
simavg: 0.199690510749
dlmax: 0.173870606221
dlmin: 0.00711732001051
dlavg: 0.0327303227954
mthit: 1628
mthls: 0
srp: 43.158
total: 1562
hit/total: 0.991677336748
simhit/total: 0.937259923175
mthit/(total+usernum): 0.996328029376
mthls/(total+usernum): 0.0
srp/(total+usernum): 0.00880416156671
srp20/(total+usernum): 0.00198898408813
srp100/(total+usernum): 0.0064891880865
srp500/(total+usernum): 0.00830436556508

2016-12-24 12:26:13.729219
