2016-12-24 09:40:07.374598

topic-folder:/home/ec2-user/data/topics/
cl-file:/home/ec2-user/git/tfidf/result-new/b2-1.txt
cl-floder:/home/ec2-user/data/lsaclass/
zipf:0.5
stype[0(tfidf)/1(tfidf2)/2(lsa)/3(lda)]:2
dtype[<0(diff*rand)/0(diff)/1(same)/>=2(diff*same)]:0
output-floder:/home/ec2-user/git/userquery/result

三菱マテリアル株式会社

@/home/ec2-user/data/topics/3866 0
@/home/ec2-user/data/topics/3520 0
@/home/ec2-user/data/topics/3630 1
@/home/ec2-user/data/topics/1638 2
@/home/ec2-user/data/topics/2093 3
@/home/ec2-user/data/topics/3546 4
@/home/ec2-user/data/topics/3470 5
@/home/ec2-user/data/topics/1085 6
日本精機株式会社

@/home/ec2-user/data/topics/4972 7
@/home/ec2-user/data/topics/4875 7
@/home/ec2-user/data/topics/4709 8
@/home/ec2-user/data/topics/4690 9
@/home/ec2-user/data/topics/4907 10
@/home/ec2-user/data/topics/1398 11
コニカ株式会社

@/home/ec2-user/data/topics/3370 12
@/home/ec2-user/data/topics/3426 12
@/home/ec2-user/data/topics/3431 13
@/home/ec2-user/data/topics/2162 14
@/home/ec2-user/data/topics/3414 15
@/home/ec2-user/data/topics/1946 16
@/home/ec2-user/data/topics/3419 17
@/home/ec2-user/data/topics/3533 18
@/home/ec2-user/data/topics/3418 19
@/home/ec2-user/data/topics/3357 20
@/home/ec2-user/data/topics/3486 21
埼玉日本電気株式会社

@/home/ec2-user/data/topics/4998 22
@/home/ec2-user/data/topics/4468 22
@/home/ec2-user/data/topics/5010 23
@/home/ec2-user/data/topics/4242 24
@/home/ec2-user/data/topics/4496 25
@/home/ec2-user/data/topics/1620 26
@/home/ec2-user/data/topics/4279 27
@/home/ec2-user/data/topics/1512 28
@/home/ec2-user/data/topics/4283 29
アルプス電気株式会社

@/home/ec2-user/data/topics/2089 30
@/home/ec2-user/data/topics/1434 30
@/home/ec2-user/data/topics/3429 31
@/home/ec2-user/data/topics/3582 32
@/home/ec2-user/data/topics/2012 33
@/home/ec2-user/data/topics/4791 34
@/home/ec2-user/data/topics/1253 35
三菱重工業株式会社

@/home/ec2-user/data/topics/3503 36
@/home/ec2-user/data/topics/4882 36
@/home/ec2-user/data/topics/4563 37
@/home/ec2-user/data/topics/4412 38
@/home/ec2-user/data/topics/3944 39
@/home/ec2-user/data/topics/5022 40
@/home/ec2-user/data/topics/3591 41
@/home/ec2-user/data/topics/4862 42
@/home/ec2-user/data/topics/3529 43
@/home/ec2-user/data/topics/4687 44
@/home/ec2-user/data/topics/3637 45
@/home/ec2-user/data/topics/3833 46
村田機械株式会社

@/home/ec2-user/data/topics/4570 47
@/home/ec2-user/data/topics/4596 47
@/home/ec2-user/data/topics/1511 48
@/home/ec2-user/data/topics/4746 49
@/home/ec2-user/data/topics/1074 50
@/home/ec2-user/data/topics/3528 51
@/home/ec2-user/data/topics/4638 52
@/home/ec2-user/data/topics/4565 53
@/home/ec2-user/data/topics/4645 54
@/home/ec2-user/data/topics/4556 55
@/home/ec2-user/data/topics/5000 56
@/home/ec2-user/data/topics/1607 57
@/home/ec2-user/data/topics/4441 58
@/home/ec2-user/data/topics/4941 59
@/home/ec2-user/data/topics/1293 60
@/home/ec2-user/data/topics/4835 61
@/home/ec2-user/data/topics/3740 62
川崎製鉄株式会社

@/home/ec2-user/data/topics/3553 63
@/home/ec2-user/data/topics/1459 63
@/home/ec2-user/data/topics/3929 64
@/home/ec2-user/data/topics/1037 65
@/home/ec2-user/data/topics/4615 66
@/home/ec2-user/data/topics/3611 67
@/home/ec2-user/data/topics/3532 68
@/home/ec2-user/data/topics/3483 69
@/home/ec2-user/data/topics/3413 70
ダイキン工業株式会社

@/home/ec2-user/data/topics/4515 71
@/home/ec2-user/data/topics/3888 71
@/home/ec2-user/data/topics/4367 72
@/home/ec2-user/data/topics/4701 73
@/home/ec2-user/data/topics/1565 74
@/home/ec2-user/data/topics/4400 75
@/home/ec2-user/data/topics/4734 76
@/home/ec2-user/data/topics/4858 77
@/home/ec2-user/data/topics/1600 78
@/home/ec2-user/data/topics/4845 79
@/home/ec2-user/data/topics/4753 80
三菱自動車工業株式会社

@/home/ec2-user/data/topics/1816 81
@/home/ec2-user/data/topics/3502 81
@/home/ec2-user/data/topics/1428 82
@/home/ec2-user/data/topics/3940 83
@/home/ec2-user/data/topics/1527 84
@/home/ec2-user/data/topics/4189 85
@/home/ec2-user/data/topics/3815 86
@/home/ec2-user/data/topics/2101 87
日産自動車株式会社

@/home/ec2-user/data/topics/3497 88
@/home/ec2-user/data/topics/3489 88
@/home/ec2-user/data/topics/3936 89
@/home/ec2-user/data/topics/3501 90
@/home/ec2-user/data/topics/4982 91
@/home/ec2-user/data/topics/3645 92
@/home/ec2-user/data/topics/3829 93
@/home/ec2-user/data/topics/3677 94
@/home/ec2-user/data/topics/4074 95
@/home/ec2-user/data/topics/3712 96
@/home/ec2-user/data/topics/3723 97
トヨタ自動車株式会社

@/home/ec2-user/data/topics/3481 98
@/home/ec2-user/data/topics/4647 98
@/home/ec2-user/data/topics/4920 99
@/home/ec2-user/data/topics/3725 100
@/home/ec2-user/data/topics/3731 101
@/home/ec2-user/data/topics/1551 102
@/home/ec2-user/data/topics/4633 103
@/home/ec2-user/data/topics/3356 104
@/home/ec2-user/data/topics/3758 105
@/home/ec2-user/data/topics/3699 106
@/home/ec2-user/data/topics/3671 107
@/home/ec2-user/data/topics/2111 108
@/home/ec2-user/data/topics/3943 109
@/home/ec2-user/data/topics/4144 110
@/home/ec2-user/data/topics/3783 111
@/home/ec2-user/data/topics/4064 112
@/home/ec2-user/data/topics/4658 113
@/home/ec2-user/data/topics/4298 114
@/home/ec2-user/data/topics/3405 115
@/home/ec2-user/data/topics/4426 116
@/home/ec2-user/data/topics/4617 117
@/home/ec2-user/data/topics/4543 118
@/home/ec2-user/data/topics/4346 119
@/home/ec2-user/data/topics/2218 120
@/home/ec2-user/data/topics/4767 121
@/home/ec2-user/data/topics/4008 122
@/home/ec2-user/data/topics/4030 123
@/home/ec2-user/data/topics/1494 124
@/home/ec2-user/data/topics/3587 125
オリンパス光学工業株式会社

@/home/ec2-user/data/topics/5006 126
@/home/ec2-user/data/topics/2026 126
@/home/ec2-user/data/topics/1981 127
@/home/ec2-user/data/topics/1586 128
@/home/ec2-user/data/topics/1155 129
@/home/ec2-user/data/topics/4013 130
@/home/ec2-user/data/topics/1869 131
@/home/ec2-user/data/topics/1835 132
@/home/ec2-user/data/topics/4007 133
@/home/ec2-user/data/topics/4878 134
@/home/ec2-user/data/topics/1107 135
@/home/ec2-user/data/topics/1739 136
ブラザー工業株式会社

@/home/ec2-user/data/topics/3686 137
@/home/ec2-user/data/topics/4548 137
@/home/ec2-user/data/topics/1183 138
@/home/ec2-user/data/topics/2086 139
@/home/ec2-user/data/topics/1076 140
@/home/ec2-user/data/topics/1300 141
@/home/ec2-user/data/topics/3507 142
@/home/ec2-user/data/topics/3477 143
@/home/ec2-user/data/topics/3613 144
@/home/ec2-user/data/topics/1697 145
@/home/ec2-user/data/topics/1164 146
@/home/ec2-user/data/topics/1636 147
@/home/ec2-user/data/topics/2085 148
@/home/ec2-user/data/topics/1906 149
@/home/ec2-user/data/topics/3789 150
富士通株式会社

@/home/ec2-user/data/topics/3802 151
@/home/ec2-user/data/topics/3765 151
@/home/ec2-user/data/topics/3870 152
@/home/ec2-user/data/topics/3636 153
@/home/ec2-user/data/topics/1998 154
@/home/ec2-user/data/topics/3970 155
@/home/ec2-user/data/topics/1609 156
@/home/ec2-user/data/topics/3799 157
@/home/ec2-user/data/topics/3538 158
@/home/ec2-user/data/topics/3850 159
@/home/ec2-user/data/topics/3912 160
@/home/ec2-user/data/topics/3460 161
@/home/ec2-user/data/topics/2216 162
@/home/ec2-user/data/topics/1271 163
@/home/ec2-user/data/topics/3862 164
@/home/ec2-user/data/topics/1123 165
@/home/ec2-user/data/topics/1874 166
@/home/ec2-user/data/topics/1547 167
@/home/ec2-user/data/topics/3962 168
@/home/ec2-user/data/topics/4191 169
@/home/ec2-user/data/topics/1264 170
@/home/ec2-user/data/topics/3749 171
@/home/ec2-user/data/topics/3883 172
@/home/ec2-user/data/topics/3846 173
@/home/ec2-user/data/topics/2215 174
@/home/ec2-user/data/topics/3751 175
@/home/ec2-user/data/topics/3399 176
@/home/ec2-user/data/topics/3400 177
@/home/ec2-user/data/topics/5004 178
@/home/ec2-user/data/topics/2227 179
@/home/ec2-user/data/topics/3381 180
@/home/ec2-user/data/topics/3428 181
静岡日本電気株式会社

@/home/ec2-user/data/topics/4250 182
@/home/ec2-user/data/topics/4326 182
@/home/ec2-user/data/topics/4314 183
@/home/ec2-user/data/topics/4531 184
@/home/ec2-user/data/topics/4507 185
@/home/ec2-user/data/topics/4365 186
住友重機械工業株式会社

@/home/ec2-user/data/topics/3868 187
@/home/ec2-user/data/topics/1505 187
@/home/ec2-user/data/topics/1553 188
@/home/ec2-user/data/topics/4854 189
@/home/ec2-user/data/topics/1019 190
@/home/ec2-user/data/topics/1373 191
@/home/ec2-user/data/topics/3952 192
@/home/ec2-user/data/topics/1900 193
@/home/ec2-user/data/topics/2039 194
大日本印刷株式会社

@/home/ec2-user/data/topics/1564 195
@/home/ec2-user/data/topics/3388 195
@/home/ec2-user/data/topics/1145 196
@/home/ec2-user/data/topics/1099 197
@/home/ec2-user/data/topics/1262 198
@/home/ec2-user/data/topics/3569 199
日本電気株式会社

@/home/ec2-user/data/topics/1500 200
@/home/ec2-user/data/topics/4427 200
@/home/ec2-user/data/topics/1052 201
@/home/ec2-user/data/topics/4651 202
@/home/ec2-user/data/topics/4186 203
@/home/ec2-user/data/topics/3766 204
@/home/ec2-user/data/topics/4404 205
@/home/ec2-user/data/topics/4595 206
@/home/ec2-user/data/topics/4318 207
@/home/ec2-user/data/topics/1078 208
@/home/ec2-user/data/topics/4359 209
@/home/ec2-user/data/topics/4775 210
@/home/ec2-user/data/topics/4537 211
@/home/ec2-user/data/topics/4434 212
@/home/ec2-user/data/topics/1661 213
@/home/ec2-user/data/topics/4238 214
@/home/ec2-user/data/topics/4342 215
@/home/ec2-user/data/topics/4725 216
@/home/ec2-user/data/topics/4646 217
@/home/ec2-user/data/topics/1612 218
@/home/ec2-user/data/topics/1362 219
@/home/ec2-user/data/topics/4137 220
@/home/ec2-user/data/topics/4257 221
@/home/ec2-user/data/topics/4240 222
@/home/ec2-user/data/topics/1764 223
@/home/ec2-user/data/topics/4626 224
@/home/ec2-user/data/topics/4192 225
@/home/ec2-user/data/topics/2041 226
@/home/ec2-user/data/topics/3875 227
@/home/ec2-user/data/topics/4389 228
@/home/ec2-user/data/topics/4162 229
@/home/ec2-user/data/topics/1783 230
@/home/ec2-user/data/topics/3853 231
@/home/ec2-user/data/topics/4260 232
@/home/ec2-user/data/topics/4081 233
@/home/ec2-user/data/topics/4613 234
@/home/ec2-user/data/topics/4485 235
@/home/ec2-user/data/topics/4128 236
@/home/ec2-user/data/topics/1044 237
@/home/ec2-user/data/topics/4533 238
@/home/ec2-user/data/topics/4236 239
@/home/ec2-user/data/topics/4497 240
@/home/ec2-user/data/topics/1867 241
@/home/ec2-user/data/topics/1360 242
@/home/ec2-user/data/topics/4246 243
@/home/ec2-user/data/topics/1383 244
@/home/ec2-user/data/topics/4749 245
@/home/ec2-user/data/topics/1928 246
@/home/ec2-user/data/topics/4429 247
@/home/ec2-user/data/topics/4816 248
@/home/ec2-user/data/topics/4824 249
@/home/ec2-user/data/topics/4578 250
@/home/ec2-user/data/topics/4838 251
@/home/ec2-user/data/topics/4097 252
@/home/ec2-user/data/topics/2119 253
@/home/ec2-user/data/topics/1457 254
@/home/ec2-user/data/topics/3995 255
@/home/ec2-user/data/topics/4609 256
@/home/ec2-user/data/topics/4360 257
@/home/ec2-user/data/topics/4644 258
@/home/ec2-user/data/topics/3729 259
@/home/ec2-user/data/topics/1710 260
@/home/ec2-user/data/topics/4708 261
@/home/ec2-user/data/topics/1557 262
@/home/ec2-user/data/topics/4134 263
@/home/ec2-user/data/topics/4207 264
@/home/ec2-user/data/topics/4440 265
@/home/ec2-user/data/topics/4728 266
@/home/ec2-user/data/topics/1634 267
@/home/ec2-user/data/topics/4603 268
@/home/ec2-user/data/topics/1948 269
@/home/ec2-user/data/topics/4258 270
@/home/ec2-user/data/topics/4598 271
@/home/ec2-user/data/topics/4313 272
@/home/ec2-user/data/topics/4659 273
@/home/ec2-user/data/topics/4138 274
@/home/ec2-user/data/topics/4549 275
@/home/ec2-user/data/topics/3724 276
@/home/ec2-user/data/topics/4142 277
@/home/ec2-user/data/topics/1326 278
@/home/ec2-user/data/topics/4003 279
@/home/ec2-user/data/topics/1852 280
@/home/ec2-user/data/topics/4785 281
@/home/ec2-user/data/topics/2088 282
@/home/ec2-user/data/topics/4696 283
@/home/ec2-user/data/topics/4850 284
@/home/ec2-user/data/topics/4371 285
@/home/ec2-user/data/topics/3896 286
@/home/ec2-user/data/topics/4643 287
@/home/ec2-user/data/topics/4561 288
@/home/ec2-user/data/topics/4418 289
@/home/ec2-user/data/topics/1486 290
@/home/ec2-user/data/topics/4171 291
@/home/ec2-user/data/topics/1101 292
@/home/ec2-user/data/topics/4892 293
@/home/ec2-user/data/topics/3938 294
@/home/ec2-user/data/topics/1100 295
@/home/ec2-user/data/topics/4657 296
@/home/ec2-user/data/topics/4315 297
@/home/ec2-user/data/topics/4092 298
@/home/ec2-user/data/topics/4254 299
@/home/ec2-user/data/topics/4272 300
@/home/ec2-user/data/topics/1116 301
@/home/ec2-user/data/topics/4082 302
@/home/ec2-user/data/topics/4398 303
@/home/ec2-user/data/topics/4926 304
@/home/ec2-user/data/topics/4759 305
@/home/ec2-user/data/topics/4153 306
@/home/ec2-user/data/topics/4273 307
@/home/ec2-user/data/topics/1595 308
@/home/ec2-user/data/topics/4390 309
@/home/ec2-user/data/topics/4490 310
@/home/ec2-user/data/topics/2166 311
@/home/ec2-user/data/topics/4120 312
@/home/ec2-user/data/topics/4309 313
@/home/ec2-user/data/topics/4770 314
@/home/ec2-user/data/topics/4530 315
@/home/ec2-user/data/topics/1364 316
@/home/ec2-user/data/topics/4388 317
@/home/ec2-user/data/topics/4243 318
@/home/ec2-user/data/topics/1773 319
@/home/ec2-user/data/topics/1567 320
@/home/ec2-user/data/topics/1891 321
@/home/ec2-user/data/topics/1791 322
@/home/ec2-user/data/topics/4247 323
@/home/ec2-user/data/topics/4750 324
@/home/ec2-user/data/topics/1122 325
@/home/ec2-user/data/topics/4352 326
@/home/ec2-user/data/topics/2144 327
@/home/ec2-user/data/topics/4650 328
@/home/ec2-user/data/topics/2031 329
@/home/ec2-user/data/topics/4877 330
@/home/ec2-user/data/topics/4017 331
@/home/ec2-user/data/topics/4425 332
@/home/ec2-user/data/topics/4244 333
@/home/ec2-user/data/topics/3865 334
@/home/ec2-user/data/topics/1199 335
@/home/ec2-user/data/topics/4721 336
@/home/ec2-user/data/topics/4460 337
@/home/ec2-user/data/topics/4940 338
@/home/ec2-user/data/topics/4682 339
@/home/ec2-user/data/topics/4275 340
@/home/ec2-user/data/topics/2150 341
@/home/ec2-user/data/topics/4433 342
@/home/ec2-user/data/topics/4584 343
@/home/ec2-user/data/topics/4689 344
@/home/ec2-user/data/topics/4116 345
@/home/ec2-user/data/topics/4393 346
@/home/ec2-user/data/topics/4168 347
@/home/ec2-user/data/topics/2022 348
@/home/ec2-user/data/topics/4458 349
@/home/ec2-user/data/topics/1973 350
@/home/ec2-user/data/topics/4343 351
@/home/ec2-user/data/topics/4764 352
@/home/ec2-user/data/topics/2127 353
@/home/ec2-user/data/topics/4100 354
@/home/ec2-user/data/topics/1016 355
@/home/ec2-user/data/topics/3897 356
@/home/ec2-user/data/topics/1879 357
@/home/ec2-user/data/topics/4204 358
@/home/ec2-user/data/topics/4216 359
@/home/ec2-user/data/topics/1112 360
@/home/ec2-user/data/topics/4300 361
@/home/ec2-user/data/topics/4093 362
@/home/ec2-user/data/topics/4320 363
@/home/ec2-user/data/topics/4665 364
@/home/ec2-user/data/topics/3956 365
@/home/ec2-user/data/topics/1281 366
@/home/ec2-user/data/topics/3971 367
@/home/ec2-user/data/topics/4278 368
@/home/ec2-user/data/topics/4185 369
@/home/ec2-user/data/topics/4808 370
@/home/ec2-user/data/topics/1464 371
@/home/ec2-user/data/topics/3767 372
@/home/ec2-user/data/topics/4310 373
@/home/ec2-user/data/topics/4158 374
@/home/ec2-user/data/topics/1937 375
@/home/ec2-user/data/topics/4779 376
@/home/ec2-user/data/topics/4477 377
@/home/ec2-user/data/topics/4119 378
@/home/ec2-user/data/topics/3954 379
@/home/ec2-user/data/topics/1923 380
@/home/ec2-user/data/topics/4536 381
@/home/ec2-user/data/topics/1815 382
@/home/ec2-user/data/topics/4718 383
@/home/ec2-user/data/topics/4742 384
@/home/ec2-user/data/topics/1844 385
@/home/ec2-user/data/topics/4062 386
@/home/ec2-user/data/topics/4699 387
@/home/ec2-user/data/topics/4288 388
@/home/ec2-user/data/topics/4071 389
@/home/ec2-user/data/topics/4414 390
@/home/ec2-user/data/topics/1523 391
@/home/ec2-user/data/topics/1624 392
@/home/ec2-user/data/topics/4227 393
@/home/ec2-user/data/topics/4196 394
@/home/ec2-user/data/topics/4876 395
@/home/ec2-user/data/topics/5034 396
@/home/ec2-user/data/topics/4480 397
@/home/ec2-user/data/topics/4338 398
@/home/ec2-user/data/topics/4532 399
@/home/ec2-user/data/topics/4634 400
@/home/ec2-user/data/topics/4063 401
@/home/ec2-user/data/topics/4666 402
@/home/ec2-user/data/topics/4902 403
@/home/ec2-user/data/topics/4154 404
@/home/ec2-user/data/topics/4446 405
@/home/ec2-user/data/topics/4129 406
@/home/ec2-user/data/topics/4486 407
@/home/ec2-user/data/topics/4209 408
@/home/ec2-user/data/topics/3744 409
@/home/ec2-user/data/topics/4281 410
@/home/ec2-user/data/topics/1724 411
@/home/ec2-user/data/topics/4442 412
@/home/ec2-user/data/topics/4447 413
@/home/ec2-user/data/topics/4276 414
@/home/ec2-user/data/topics/4760 415
@/home/ec2-user/data/topics/3886 416
@/home/ec2-user/data/topics/4319 417
@/home/ec2-user/data/topics/4267 418
松下電器産業株式会社

@/home/ec2-user/data/topics/1257 419
@/home/ec2-user/data/topics/1136 419
@/home/ec2-user/data/topics/4804 420
@/home/ec2-user/data/topics/5028 421
@/home/ec2-user/data/topics/3455 422
@/home/ec2-user/data/topics/3585 423
@/home/ec2-user/data/topics/1179 424
@/home/ec2-user/data/topics/4577 425
@/home/ec2-user/data/topics/4503 426
@/home/ec2-user/data/topics/4806 427
@/home/ec2-user/data/topics/1705 428
@/home/ec2-user/data/topics/3960 429
@/home/ec2-user/data/topics/3619 430
@/home/ec2-user/data/topics/2129 431
@/home/ec2-user/data/topics/3692 432
@/home/ec2-user/data/topics/4558 433
@/home/ec2-user/data/topics/1898 434
@/home/ec2-user/data/topics/4102 435
@/home/ec2-user/data/topics/4139 436
@/home/ec2-user/data/topics/3704 437
@/home/ec2-user/data/topics/3404 438
@/home/ec2-user/data/topics/4180 439
@/home/ec2-user/data/topics/4422 440
@/home/ec2-user/data/topics/3514 441
@/home/ec2-user/data/topics/4101 442
@/home/ec2-user/data/topics/4382 443
@/home/ec2-user/data/topics/4961 444
@/home/ec2-user/data/topics/1701 445
@/home/ec2-user/data/topics/4945 446
@/home/ec2-user/data/topics/3386 447
@/home/ec2-user/data/topics/3951 448
@/home/ec2-user/data/topics/4280 449
@/home/ec2-user/data/topics/1158 450
@/home/ec2-user/data/topics/1829 451
@/home/ec2-user/data/topics/4459 452
@/home/ec2-user/data/topics/2080 453
@/home/ec2-user/data/topics/4355 454
@/home/ec2-user/data/topics/1885 455
@/home/ec2-user/data/topics/3680 456
@/home/ec2-user/data/topics/3558 457
@/home/ec2-user/data/topics/1026 458
@/home/ec2-user/data/topics/4464 459
@/home/ec2-user/data/topics/4885 460
@/home/ec2-user/data/topics/1509 461
@/home/ec2-user/data/topics/3694 462
@/home/ec2-user/data/topics/4098 463
@/home/ec2-user/data/topics/3979 464
@/home/ec2-user/data/topics/2170 465
@/home/ec2-user/data/topics/4867 466
@/home/ec2-user/data/topics/4193 467
@/home/ec2-user/data/topics/4475 468
@/home/ec2-user/data/topics/3739 469
@/home/ec2-user/data/topics/4798 470
@/home/ec2-user/data/topics/4787 471
@/home/ec2-user/data/topics/1881 472
@/home/ec2-user/data/topics/4274 473
@/home/ec2-user/data/topics/4160 474
@/home/ec2-user/data/topics/3519 475
@/home/ec2-user/data/topics/2029 476
@/home/ec2-user/data/topics/1762 477
@/home/ec2-user/data/topics/4303 478
@/home/ec2-user/data/topics/3746 479
@/home/ec2-user/data/topics/1633 480
@/home/ec2-user/data/topics/4307 481
@/home/ec2-user/data/topics/2222 482
@/home/ec2-user/data/topics/1589 483
@/home/ec2-user/data/topics/1955 484
@/home/ec2-user/data/topics/3676 485
@/home/ec2-user/data/topics/4502 486
@/home/ec2-user/data/topics/5024 487
@/home/ec2-user/data/topics/1525 488
@/home/ec2-user/data/topics/4229 489
@/home/ec2-user/data/topics/1516 490
@/home/ec2-user/data/topics/4448 491
@/home/ec2-user/data/topics/4676 492
@/home/ec2-user/data/topics/4491 493
@/home/ec2-user/data/topics/3719 494
@/home/ec2-user/data/topics/4761 495
@/home/ec2-user/data/topics/3402 496
@/home/ec2-user/data/topics/1812 497
@/home/ec2-user/data/topics/2056 498
@/home/ec2-user/data/topics/4918 499
@/home/ec2-user/data/topics/3494 500
@/home/ec2-user/data/topics/1157 501
@/home/ec2-user/data/topics/4817 502
@/home/ec2-user/data/topics/3904 503
@/home/ec2-user/data/topics/4043 504
@/home/ec2-user/data/topics/4667 505
@/home/ec2-user/data/topics/4215 506
@/home/ec2-user/data/topics/4936 507
@/home/ec2-user/data/topics/4126 508
@/home/ec2-user/data/topics/1477 509
@/home/ec2-user/data/topics/4385 510
@/home/ec2-user/data/topics/4574 511
@/home/ec2-user/data/topics/1339 512
@/home/ec2-user/data/topics/3510 513
@/home/ec2-user/data/topics/4264 514
@/home/ec2-user/data/topics/3721 515
@/home/ec2-user/data/topics/3658 516
@/home/ec2-user/data/topics/4586 517
@/home/ec2-user/data/topics/1635 518
@/home/ec2-user/data/topics/3761 519
@/home/ec2-user/data/topics/1252 520
@/home/ec2-user/data/topics/4501 521
@/home/ec2-user/data/topics/3920 522
@/home/ec2-user/data/topics/4000 523
@/home/ec2-user/data/topics/4159 524
@/home/ec2-user/data/topics/1748 525
@/home/ec2-user/data/topics/4157 526
@/home/ec2-user/data/topics/4968 527
@/home/ec2-user/data/topics/1706 528
@/home/ec2-user/data/topics/2156 529
@/home/ec2-user/data/topics/4599 530
@/home/ec2-user/data/topics/3807 531
@/home/ec2-user/data/topics/4754 532
@/home/ec2-user/data/topics/4917 533
@/home/ec2-user/data/topics/4707 534
@/home/ec2-user/data/topics/4625 535
@/home/ec2-user/data/topics/1540 536
@/home/ec2-user/data/topics/1070 537
@/home/ec2-user/data/topics/3847 538
@/home/ec2-user/data/topics/4394 539
@/home/ec2-user/data/topics/4797 540
セイコーインスツルメンツ株式会社

@/home/ec2-user/data/topics/3626 541
@/home/ec2-user/data/topics/4997 541
@/home/ec2-user/data/topics/1707 542
@/home/ec2-user/data/topics/4203 543
@/home/ec2-user/data/topics/4151 544
@/home/ec2-user/data/topics/3825 545
@/home/ec2-user/data/topics/4088 546
@/home/ec2-user/data/topics/4036 547
@/home/ec2-user/data/topics/4190 548
ミノルタ株式会社

@/home/ec2-user/data/topics/3545 549
@/home/ec2-user/data/topics/4986 549
@/home/ec2-user/data/topics/4321 550
@/home/ec2-user/data/topics/4984 551
@/home/ec2-user/data/topics/4970 552
@/home/ec2-user/data/topics/1152 553
@/home/ec2-user/data/topics/4977 554
@/home/ec2-user/data/topics/3584 555
@/home/ec2-user/data/topics/2190 556
@/home/ec2-user/data/topics/4971 557
@/home/ec2-user/data/topics/4951 558
@/home/ec2-user/data/topics/3810 559
株式会社リコー

@/home/ec2-user/data/topics/1780 560
@/home/ec2-user/data/topics/4879 560
@/home/ec2-user/data/topics/3837 561
@/home/ec2-user/data/topics/3574 562
@/home/ec2-user/data/topics/3775 563
@/home/ec2-user/data/topics/2090 564
@/home/ec2-user/data/topics/3394 565
@/home/ec2-user/data/topics/2006 566
@/home/ec2-user/data/topics/4265 567
@/home/ec2-user/data/topics/1976 568
@/home/ec2-user/data/topics/3530 569
@/home/ec2-user/data/topics/1610 570
@/home/ec2-user/data/topics/1974 571
@/home/ec2-user/data/topics/1064 572
@/home/ec2-user/data/topics/1663 573
@/home/ec2-user/data/topics/4344 574
@/home/ec2-user/data/topics/2219 575
@/home/ec2-user/data/topics/1718 576
@/home/ec2-user/data/topics/1668 577
@/home/ec2-user/data/topics/2182 578
@/home/ec2-user/data/topics/1878 579
@/home/ec2-user/data/topics/3424 580
@/home/ec2-user/data/topics/3759 581
@/home/ec2-user/data/topics/3669 582
@/home/ec2-user/data/topics/4781 583
@/home/ec2-user/data/topics/1482 584
@/home/ec2-user/data/topics/1083 585
@/home/ec2-user/data/topics/3713 586
@/home/ec2-user/data/topics/1806 587
@/home/ec2-user/data/topics/3711 588
@/home/ec2-user/data/topics/2043 589
@/home/ec2-user/data/topics/3750 590
@/home/ec2-user/data/topics/4616 591
@/home/ec2-user/data/topics/4037 592
@/home/ec2-user/data/topics/3548 593
@/home/ec2-user/data/topics/3484 594
@/home/ec2-user/data/topics/1627 595
@/home/ec2-user/data/topics/2200 596
@/home/ec2-user/data/topics/1436 597
@/home/ec2-user/data/topics/3557 598
@/home/ec2-user/data/topics/1478 599
@/home/ec2-user/data/topics/1669 600
@/home/ec2-user/data/topics/3436 601
@/home/ec2-user/data/topics/1774 602
@/home/ec2-user/data/topics/3378 603
@/home/ec2-user/data/topics/3523 604
@/home/ec2-user/data/topics/1755 605
@/home/ec2-user/data/topics/1514 606
@/home/ec2-user/data/topics/3687 607
@/home/ec2-user/data/topics/3472 608
@/home/ec2-user/data/topics/3411 609
@/home/ec2-user/data/topics/1691 610
@/home/ec2-user/data/topics/3555 611
@/home/ec2-user/data/topics/3880 612
@/home/ec2-user/data/topics/3446 613
@/home/ec2-user/data/topics/1593 614
@/home/ec2-user/data/topics/1095 615
@/home/ec2-user/data/topics/1670 616
@/home/ec2-user/data/topics/1776 617
@/home/ec2-user/data/topics/1225 618
@/home/ec2-user/data/topics/3495 619
@/home/ec2-user/data/topics/1190 620
@/home/ec2-user/data/topics/2201 621
@/home/ec2-user/data/topics/1740 622
@/home/ec2-user/data/topics/3474 623
@/home/ec2-user/data/topics/1775 624
@/home/ec2-user/data/topics/1433 625
@/home/ec2-user/data/topics/1282 626
@/home/ec2-user/data/topics/3633 627
@/home/ec2-user/data/topics/2189 628
@/home/ec2-user/data/topics/1106 629
独立行政法人産業技術総合研究所

@/home/ec2-user/data/topics/4777 630
@/home/ec2-user/data/topics/4740 630
@/home/ec2-user/data/topics/1356 631
@/home/ec2-user/data/topics/4869 632
@/home/ec2-user/data/topics/4800 633
@/home/ec2-user/data/topics/4739 634
ソニー株式会社

@/home/ec2-user/data/topics/3456 635
@/home/ec2-user/data/topics/1778 635
@/home/ec2-user/data/topics/1892 636
@/home/ec2-user/data/topics/1291 637
@/home/ec2-user/data/topics/1967 638
@/home/ec2-user/data/topics/2058 639
@/home/ec2-user/data/topics/2105 640
@/home/ec2-user/data/topics/1233 641
@/home/ec2-user/data/topics/3975 642
@/home/ec2-user/data/topics/3924 643
@/home/ec2-user/data/topics/2075 644
@/home/ec2-user/data/topics/1414 645
@/home/ec2-user/data/topics/1873 646
@/home/ec2-user/data/topics/3955 647
@/home/ec2-user/data/topics/1836 648
@/home/ec2-user/data/topics/1926 649
@/home/ec2-user/data/topics/2037 650
@/home/ec2-user/data/topics/4184 651
@/home/ec2-user/data/topics/4219 652
@/home/ec2-user/data/topics/1602 653
@/home/ec2-user/data/topics/1218 654
@/home/ec2-user/data/topics/1426 655
@/home/ec2-user/data/topics/1147 656
@/home/ec2-user/data/topics/3872 657
@/home/ec2-user/data/topics/1471 658
@/home/ec2-user/data/topics/1397 659
@/home/ec2-user/data/topics/2052 660
@/home/ec2-user/data/topics/4351 661
@/home/ec2-user/data/topics/1059 662
@/home/ec2-user/data/topics/1679 663
@/home/ec2-user/data/topics/1912 664
@/home/ec2-user/data/topics/2048 665
@/home/ec2-user/data/topics/5027 666
@/home/ec2-user/data/topics/1884 667
@/home/ec2-user/data/topics/1298 668
@/home/ec2-user/data/topics/1102 669
@/home/ec2-user/data/topics/1954 670
@/home/ec2-user/data/topics/1749 671
@/home/ec2-user/data/topics/3392 672
@/home/ec2-user/data/topics/2094 673
@/home/ec2-user/data/topics/1491 674
@/home/ec2-user/data/topics/3401 675
@/home/ec2-user/data/topics/1380 676
@/home/ec2-user/data/topics/1435 677
@/home/ec2-user/data/topics/1686 678
@/home/ec2-user/data/topics/2059 679
@/home/ec2-user/data/topics/4224 680
富士ゼロックス株式会社

@/home/ec2-user/data/topics/1947 681
@/home/ec2-user/data/topics/3366 681
@/home/ec2-user/data/topics/5031 682
@/home/ec2-user/data/topics/3695 683
@/home/ec2-user/data/topics/3661 684
@/home/ec2-user/data/topics/4108 685
@/home/ec2-user/data/topics/3383 686
@/home/ec2-user/data/topics/1560 687
@/home/ec2-user/data/topics/3662 688
@/home/ec2-user/data/topics/3640 689
@/home/ec2-user/data/topics/3407 690
@/home/ec2-user/data/topics/3782 691
@/home/ec2-user/data/topics/3564 692
@/home/ec2-user/data/topics/3790 693
@/home/ec2-user/data/topics/3473 694
住友金属工業株式会社

@/home/ec2-user/data/topics/4534 695
@/home/ec2-user/data/topics/4991 695
@/home/ec2-user/data/topics/1268 696
@/home/ec2-user/data/topics/4182 697
@/home/ec2-user/data/topics/4295 698
@/home/ec2-user/data/topics/4322 699
@/home/ec2-user/data/topics/4733 700
@/home/ec2-user/data/topics/3655 701
@/home/ec2-user/data/topics/4021 702
@/home/ec2-user/data/topics/3577 703
@/home/ec2-user/data/topics/4661 704
@/home/ec2-user/data/topics/3826 705
日立電線株式会社

@/home/ec2-user/data/topics/1388 706
@/home/ec2-user/data/topics/1117 706
@/home/ec2-user/data/topics/1027 707
@/home/ec2-user/data/topics/3756 708
@/home/ec2-user/data/topics/1305 709
@/home/ec2-user/data/topics/3930 710
@/home/ec2-user/data/topics/4329 711
@/home/ec2-user/data/topics/4356 712
@/home/ec2-user/data/topics/4357 713
キヤノン株式会社

@/home/ec2-user/data/topics/1847 714
@/home/ec2-user/data/topics/3420 714
@/home/ec2-user/data/topics/3374 715
@/home/ec2-user/data/topics/1590 716
@/home/ec2-user/data/topics/1889 717
@/home/ec2-user/data/topics/1118 718
@/home/ec2-user/data/topics/4947 719
@/home/ec2-user/data/topics/3445 720
@/home/ec2-user/data/topics/2004 721
@/home/ec2-user/data/topics/1802 722
@/home/ec2-user/data/topics/4948 723
@/home/ec2-user/data/topics/4020 724
@/home/ec2-user/data/topics/3949 725
@/home/ec2-user/data/topics/4937 726
@/home/ec2-user/data/topics/3438 727
@/home/ec2-user/data/topics/2231 728
@/home/ec2-user/data/topics/1631 729
@/home/ec2-user/data/topics/1895 730
@/home/ec2-user/data/topics/4054 731
@/home/ec2-user/data/topics/1848 732
@/home/ec2-user/data/topics/4363 733
@/home/ec2-user/data/topics/4521 734
@/home/ec2-user/data/topics/1790 735
@/home/ec2-user/data/topics/3430 736
@/home/ec2-user/data/topics/3660 737
@/home/ec2-user/data/topics/1208 738
@/home/ec2-user/data/topics/1124 739
@/home/ec2-user/data/topics/3415 740
@/home/ec2-user/data/topics/4628 741
@/home/ec2-user/data/topics/1513 742
@/home/ec2-user/data/topics/1539 743
@/home/ec2-user/data/topics/2145 744
@/home/ec2-user/data/topics/1519 745
@/home/ec2-user/data/topics/3722 746
@/home/ec2-user/data/topics/3416 747
@/home/ec2-user/data/topics/3996 748
@/home/ec2-user/data/topics/2107 749
@/home/ec2-user/data/topics/4610 750
@/home/ec2-user/data/topics/3737 751
@/home/ec2-user/data/topics/3843 752
@/home/ec2-user/data/topics/3376 753
@/home/ec2-user/data/topics/1216 754
@/home/ec2-user/data/topics/3628 755
@/home/ec2-user/data/topics/4068 756
@/home/ec2-user/data/topics/1438 757
@/home/ec2-user/data/topics/3656 758
@/home/ec2-user/data/topics/1745 759
@/home/ec2-user/data/topics/4350 760
@/home/ec2-user/data/topics/3434 761
@/home/ec2-user/data/topics/3958 762
@/home/ec2-user/data/topics/3410 763
@/home/ec2-user/data/topics/1961 764
@/home/ec2-user/data/topics/3720 765
@/home/ec2-user/data/topics/3454 766
@/home/ec2-user/data/topics/1228 767
@/home/ec2-user/data/topics/3852 768
@/home/ec2-user/data/topics/2053 769
@/home/ec2-user/data/topics/3441 770
@/home/ec2-user/data/topics/1866 771
@/home/ec2-user/data/topics/3642 772
@/home/ec2-user/data/topics/3730 773
@/home/ec2-user/data/topics/3967 774
@/home/ec2-user/data/topics/1568 775
@/home/ec2-user/data/topics/2117 776
@/home/ec2-user/data/topics/3755 777
@/home/ec2-user/data/topics/2243 778
@/home/ec2-user/data/topics/1744 779
@/home/ec2-user/data/topics/1975 780
@/home/ec2-user/data/topics/3417 781
@/home/ec2-user/data/topics/1646 782
@/home/ec2-user/data/topics/1080 783
@/home/ec2-user/data/topics/4520 784
@/home/ec2-user/data/topics/1455 785
三洋電機株式会社

@/home/ec2-user/data/topics/1246 786
@/home/ec2-user/data/topics/5002 786
@/home/ec2-user/data/topics/4763 787
@/home/ec2-user/data/topics/4015 788
@/home/ec2-user/data/topics/1289 789
@/home/ec2-user/data/topics/2230 790
@/home/ec2-user/data/topics/4179 791
@/home/ec2-user/data/topics/3817 792
@/home/ec2-user/data/topics/3845 793
@/home/ec2-user/data/topics/4061 794
@/home/ec2-user/data/topics/4384 795
@/home/ec2-user/data/topics/3830 796
@/home/ec2-user/data/topics/4604 797
@/home/ec2-user/data/topics/1671 798
@/home/ec2-user/data/topics/1653 799
@/home/ec2-user/data/topics/1488 800
@/home/ec2-user/data/topics/4654 801
@/home/ec2-user/data/topics/5011 802
@/home/ec2-user/data/topics/4571 803
@/home/ec2-user/data/topics/1980 804
@/home/ec2-user/data/topics/3403 805
@/home/ec2-user/data/topics/2194 806
@/home/ec2-user/data/topics/3804 807
@/home/ec2-user/data/topics/3625 808
@/home/ec2-user/data/topics/4178 809
@/home/ec2-user/data/topics/1079 810
@/home/ec2-user/data/topics/3986 811
@/home/ec2-user/data/topics/3926 812
@/home/ec2-user/data/topics/4212 813
@/home/ec2-user/data/topics/3492 814
@/home/ec2-user/data/topics/1451 815
@/home/ec2-user/data/topics/4039 816
@/home/ec2-user/data/topics/3808 817
@/home/ec2-user/data/topics/4150 818
@/home/ec2-user/data/topics/4474 819
@/home/ec2-user/data/topics/3906 820
@/home/ec2-user/data/topics/4492 821
@/home/ec2-user/data/topics/4788 822
@/home/ec2-user/data/topics/3974 823
@/home/ec2-user/data/topics/4960 824
@/home/ec2-user/data/topics/1386 825
@/home/ec2-user/data/topics/4679 826
@/home/ec2-user/data/topics/4376 827
@/home/ec2-user/data/topics/3539 828
@/home/ec2-user/data/topics/4304 829
@/home/ec2-user/data/topics/3681 830
@/home/ec2-user/data/topics/4328 831
@/home/ec2-user/data/topics/4983 832
@/home/ec2-user/data/topics/3953 833
@/home/ec2-user/data/topics/1479 834
@/home/ec2-user/data/topics/3859 835
@/home/ec2-user/data/topics/4066 836
@/home/ec2-user/data/topics/3889 837
@/home/ec2-user/data/topics/4978 838
@/home/ec2-user/data/topics/3781 839
@/home/ec2-user/data/topics/4001 840
@/home/ec2-user/data/topics/4301 841
@/home/ec2-user/data/topics/2098 842
@/home/ec2-user/data/topics/3491 843
@/home/ec2-user/data/topics/4720 844
@/home/ec2-user/data/topics/2063 845
@/home/ec2-user/data/topics/2054 846
@/home/ec2-user/data/topics/4837 847
@/home/ec2-user/data/topics/2071 848
@/home/ec2-user/data/topics/3398 849
@/home/ec2-user/data/topics/3581 850
@/home/ec2-user/data/topics/1163 851
@/home/ec2-user/data/topics/4612 852
@/home/ec2-user/data/topics/4726 853
@/home/ec2-user/data/topics/1652 854
@/home/ec2-user/data/topics/4099 855
@/home/ec2-user/data/topics/4060 856
@/home/ec2-user/data/topics/3754 857
@/home/ec2-user/data/topics/1722 858
@/home/ec2-user/data/topics/2014 859
@/home/ec2-user/data/topics/4527 860
@/home/ec2-user/data/topics/3708 861
@/home/ec2-user/data/topics/1515 862
@/home/ec2-user/data/topics/1321 863
三菱電機株式会社

@/home/ec2-user/data/topics/3412 864
@/home/ec2-user/data/topics/3747 864
@/home/ec2-user/data/topics/3506 865
@/home/ec2-user/data/topics/3820 866
@/home/ec2-user/data/topics/4419 867
@/home/ec2-user/data/topics/3466 868
@/home/ec2-user/data/topics/4235 869
@/home/ec2-user/data/topics/3609 870
@/home/ec2-user/data/topics/4181 871
@/home/ec2-user/data/topics/1536 872
@/home/ec2-user/data/topics/4663 873
@/home/ec2-user/data/topics/4834 874
@/home/ec2-user/data/topics/1738 875
@/home/ec2-user/data/topics/3469 876
@/home/ec2-user/data/topics/4980 877
@/home/ec2-user/data/topics/3451 878
@/home/ec2-user/data/topics/1220 879
@/home/ec2-user/data/topics/3774 880
@/home/ec2-user/data/topics/3800 881
@/home/ec2-user/data/topics/3453 882
@/home/ec2-user/data/topics/3612 883
@/home/ec2-user/data/topics/5033 884
@/home/ec2-user/data/topics/1792 885
@/home/ec2-user/data/topics/4514 886
@/home/ec2-user/data/topics/3490 887
@/home/ec2-user/data/topics/3963 888
@/home/ec2-user/data/topics/4221 889
@/home/ec2-user/data/topics/4047 890
@/home/ec2-user/data/topics/4149 891
@/home/ec2-user/data/topics/3841 892
@/home/ec2-user/data/topics/1110 893
@/home/ec2-user/data/topics/3409 894
@/home/ec2-user/data/topics/2146 895
@/home/ec2-user/data/topics/3616 896
@/home/ec2-user/data/topics/3921 897
@/home/ec2-user/data/topics/4133 898
@/home/ec2-user/data/topics/4233 899
@/home/ec2-user/data/topics/4614 900
@/home/ec2-user/data/topics/1872 901
@/home/ec2-user/data/topics/3592 902
@/home/ec2-user/data/topics/4518 903
@/home/ec2-user/data/topics/3666 904
@/home/ec2-user/data/topics/4880 905
@/home/ec2-user/data/topics/4220 906
@/home/ec2-user/data/topics/3873 907
@/home/ec2-user/data/topics/3493 908
@/home/ec2-user/data/topics/4282 909
@/home/ec2-user/data/topics/4562 910
@/home/ec2-user/data/topics/5032 911
@/home/ec2-user/data/topics/4552 912
@/home/ec2-user/data/topics/3595 913
@/home/ec2-user/data/topics/4305 914
@/home/ec2-user/data/topics/1754 915
@/home/ec2-user/data/topics/4041 916
@/home/ec2-user/data/topics/3856 917
@/home/ec2-user/data/topics/4076 918
@/home/ec2-user/data/topics/3397 919
@/home/ec2-user/data/topics/3465 920
住友ゴム工業株式会社

@/home/ec2-user/data/topics/2007 921
@/home/ec2-user/data/topics/1758 921
@/home/ec2-user/data/topics/4048 922
@/home/ec2-user/data/topics/1114 923
@/home/ec2-user/data/topics/4568 924
@/home/ec2-user/data/topics/4406 925
@/home/ec2-user/data/topics/4597 926
セイコーエプソン株式会社

@/home/ec2-user/data/topics/1343 927
@/home/ec2-user/data/topics/3985 927
@/home/ec2-user/data/topics/3361 928
@/home/ec2-user/data/topics/4719 929
@/home/ec2-user/data/topics/3589 930
@/home/ec2-user/data/topics/4585 931
@/home/ec2-user/data/topics/4109 932
@/home/ec2-user/data/topics/3505 933
@/home/ec2-user/data/topics/3819 934
@/home/ec2-user/data/topics/1938 935
@/home/ec2-user/data/topics/4605 936
@/home/ec2-user/data/topics/2078 937
@/home/ec2-user/data/topics/3910 938
@/home/ec2-user/data/topics/4454 939
@/home/ec2-user/data/topics/4386 940
@/home/ec2-user/data/topics/3476 941
@/home/ec2-user/data/topics/2165 942
@/home/ec2-user/data/topics/1378 943
@/home/ec2-user/data/topics/1484 944
@/home/ec2-user/data/topics/1423 945
@/home/ec2-user/data/topics/4802 946
@/home/ec2-user/data/topics/1641 947
@/home/ec2-user/data/topics/3887 948
@/home/ec2-user/data/topics/1890 949
@/home/ec2-user/data/topics/4801 950
@/home/ec2-user/data/topics/4022 951
株式会社三共

@/home/ec2-user/data/topics/1648 952
@/home/ec2-user/data/topics/2123 952
@/home/ec2-user/data/topics/1189 953
@/home/ec2-user/data/topics/4374 954
@/home/ec2-user/data/topics/1086 955
@/home/ec2-user/data/topics/2060 956
@/home/ec2-user/data/topics/1377 957
@/home/ec2-user/data/topics/4868 958
@/home/ec2-user/data/topics/1665 959
沖電気工業株式会社

@/home/ec2-user/data/topics/4299 960
@/home/ec2-user/data/topics/3395 960
@/home/ec2-user/data/topics/3964 961
@/home/ec2-user/data/topics/1188 962
@/home/ec2-user/data/topics/4308 963
@/home/ec2-user/data/topics/1531 964
@/home/ec2-user/data/topics/3433 965
@/home/ec2-user/data/topics/3571 966
@/home/ec2-user/data/topics/4575 967
@/home/ec2-user/data/topics/4693 968
@/home/ec2-user/data/topics/3457 969
@/home/ec2-user/data/topics/3690 970
@/home/ec2-user/data/topics/3764 971
@/home/ec2-user/data/topics/3621 972
株式会社三星

@/home/ec2-user/data/topics/2198 973
@/home/ec2-user/data/topics/2108 973
@/home/ec2-user/data/topics/1728 974
@/home/ec2-user/data/topics/1260 975
@/home/ec2-user/data/topics/3942 976
@/home/ec2-user/data/topics/1733 977
日本ビクター株式会社

@/home/ec2-user/data/topics/3620 978
@/home/ec2-user/data/topics/1389 978
@/home/ec2-user/data/topics/3939 979
@/home/ec2-user/data/topics/4123 980
@/home/ec2-user/data/topics/4056 981
@/home/ec2-user/data/topics/4672 982
@/home/ec2-user/data/topics/1823 983
@/home/ec2-user/data/topics/3882 984
@/home/ec2-user/data/topics/3603 985
@/home/ec2-user/data/topics/1520 986
@/home/ec2-user/data/topics/1440 987
花王株式会社

@/home/ec2-user/data/topics/3812 988
@/home/ec2-user/data/topics/4827 988
@/home/ec2-user/data/topics/4287 989
@/home/ec2-user/data/topics/3999 990
@/home/ec2-user/data/topics/4211 991
@/home/ec2-user/data/topics/1767 992
@/home/ec2-user/data/topics/1022 993
@/home/ec2-user/data/topics/4445 994
@/home/ec2-user/data/topics/1196 995
@/home/ec2-user/data/topics/3753 996
@/home/ec2-user/data/topics/4249 997
@/home/ec2-user/data/topics/2214 998
@/home/ec2-user/data/topics/3884 999
三田工業株式会社

@/home/ec2-user/data/topics/1034 1000
@/home/ec2-user/data/topics/1269 1000
@/home/ec2-user/data/topics/1033 1001
@/home/ec2-user/data/topics/1766 1002
@/home/ec2-user/data/topics/2136 1003
@/home/ec2-user/data/topics/3842 1004
@/home/ec2-user/data/topics/3604 1005
@/home/ec2-user/data/topics/3923 1006
@/home/ec2-user/data/topics/2155 1007
豊丸産業株式会社

@/home/ec2-user/data/topics/1353 1008
@/home/ec2-user/data/topics/1126 1008
@/home/ec2-user/data/topics/1138 1009
@/home/ec2-user/data/topics/1713 1010
@/home/ec2-user/data/topics/1677 1011
@/home/ec2-user/data/topics/2169 1012
@/home/ec2-user/data/topics/2011 1013
@/home/ec2-user/data/topics/1726 1014
@/home/ec2-user/data/topics/1097 1015
@/home/ec2-user/data/topics/1588 1016
@/home/ec2-user/data/topics/3672 1017
@/home/ec2-user/data/topics/1401 1018
@/home/ec2-user/data/topics/1284 1019
@/home/ec2-user/data/topics/4847 1020
@/home/ec2-user/data/topics/1914 1021
鐘紡株式会社

@/home/ec2-user/data/topics/1901 1022
@/home/ec2-user/data/topics/1842 1022
@/home/ec2-user/data/topics/3560 1023
@/home/ec2-user/data/topics/1054 1024
@/home/ec2-user/data/topics/3634 1025
@/home/ec2-user/data/topics/1886 1026
@/home/ec2-user/data/topics/3551 1027
@/home/ec2-user/data/topics/1304 1028
@/home/ec2-user/data/topics/1178 1029
@/home/ec2-user/data/topics/2185 1030
@/home/ec2-user/data/topics/1367 1031
@/home/ec2-user/data/topics/2034 1032
@/home/ec2-user/data/topics/1870 1033
@/home/ec2-user/data/topics/4195 1034
@/home/ec2-user/data/topics/2223 1035
@/home/ec2-user/data/topics/3566 1036
株式会社デンソー

@/home/ec2-user/data/topics/3480 1037
@/home/ec2-user/data/topics/4805 1037
@/home/ec2-user/data/topics/4164 1038
@/home/ec2-user/data/topics/3406 1039
@/home/ec2-user/data/topics/4840 1040
@/home/ec2-user/data/topics/4622 1041
@/home/ec2-user/data/topics/4423 1042
@/home/ec2-user/data/topics/1855 1043
@/home/ec2-user/data/topics/4024 1044
@/home/ec2-user/data/topics/4483 1045
@/home/ec2-user/data/topics/4675 1046
@/home/ec2-user/data/topics/1028 1047
@/home/ec2-user/data/topics/4498 1048
@/home/ec2-user/data/topics/3421 1049
@/home/ec2-user/data/topics/3710 1050
@/home/ec2-user/data/topics/4656 1051
@/home/ec2-user/data/topics/4046 1052
富士写真フイルム株式会社

@/home/ec2-user/data/topics/3447 1053
@/home/ec2-user/data/topics/3857 1053
@/home/ec2-user/data/topics/3918 1054
@/home/ec2-user/data/topics/2134 1055
@/home/ec2-user/data/topics/1570 1056
@/home/ec2-user/data/topics/1244 1057
@/home/ec2-user/data/topics/3354 1058
@/home/ec2-user/data/topics/1603 1059
@/home/ec2-user/data/topics/3911 1060
@/home/ec2-user/data/topics/1662 1061
@/home/ec2-user/data/topics/4962 1062
京セラ株式会社

@/home/ec2-user/data/topics/4513 1063
@/home/ec2-user/data/topics/1741 1063
@/home/ec2-user/data/topics/3593 1064
@/home/ec2-user/data/topics/4901 1065
@/home/ec2-user/data/topics/3741 1066
@/home/ec2-user/data/topics/4340 1067
@/home/ec2-user/data/topics/1485 1068
@/home/ec2-user/data/topics/3869 1069
@/home/ec2-user/data/topics/3615 1070
@/home/ec2-user/data/topics/1913 1071
@/home/ec2-user/data/topics/1708 1072
@/home/ec2-user/data/topics/4031 1073
イビデン株式会社

@/home/ec2-user/data/topics/1682 1074
@/home/ec2-user/data/topics/3814 1074
@/home/ec2-user/data/topics/2033 1075
@/home/ec2-user/data/topics/1315 1076
@/home/ec2-user/data/topics/1952 1077
@/home/ec2-user/data/topics/1336 1078
@/home/ec2-user/data/topics/1770 1079
株式会社東芝

@/home/ec2-user/data/topics/3881 1080
@/home/ec2-user/data/topics/4881 1080
@/home/ec2-user/data/topics/3598 1081
@/home/ec2-user/data/topics/3618 1082
@/home/ec2-user/data/topics/1132 1083
@/home/ec2-user/data/topics/3380 1084
@/home/ec2-user/data/topics/3351 1085
@/home/ec2-user/data/topics/4336 1086
@/home/ec2-user/data/topics/3890 1087
@/home/ec2-user/data/topics/3990 1088
@/home/ec2-user/data/topics/4089 1089
@/home/ec2-user/data/topics/4172 1090
@/home/ec2-user/data/topics/3462 1091
@/home/ec2-user/data/topics/3795 1092
@/home/ec2-user/data/topics/4183 1093
@/home/ec2-user/data/topics/3688 1094
@/home/ec2-user/data/topics/1756 1095
@/home/ec2-user/data/topics/4566 1096
@/home/ec2-user/data/topics/4197 1097
@/home/ec2-user/data/topics/1205 1098
@/home/ec2-user/data/topics/4912 1099
@/home/ec2-user/data/topics/3363 1100
@/home/ec2-user/data/topics/3689 1101
@/home/ec2-user/data/topics/4863 1102
@/home/ec2-user/data/topics/1332 1103
@/home/ec2-user/data/topics/4009 1104
@/home/ec2-user/data/topics/4594 1105
@/home/ec2-user/data/topics/3732 1106
@/home/ec2-user/data/topics/3352 1107
@/home/ec2-user/data/topics/3683 1108
@/home/ec2-user/data/topics/4509 1109
@/home/ec2-user/data/topics/4751 1110
@/home/ec2-user/data/topics/3360 1111
@/home/ec2-user/data/topics/1757 1112
@/home/ec2-user/data/topics/3851 1113
@/home/ec2-user/data/topics/4057 1114
@/home/ec2-user/data/topics/4096 1115
@/home/ec2-user/data/topics/4935 1116
@/home/ec2-user/data/topics/4631 1117
@/home/ec2-user/data/topics/4623 1118
@/home/ec2-user/data/topics/3780 1119
@/home/ec2-user/data/topics/1585 1120
@/home/ec2-user/data/topics/2241 1121
@/home/ec2-user/data/topics/1090 1122
@/home/ec2-user/data/topics/3542 1123
@/home/ec2-user/data/topics/1997 1124
@/home/ec2-user/data/topics/3734 1125
@/home/ec2-user/data/topics/3988 1126
@/home/ec2-user/data/topics/3948 1127
@/home/ec2-user/data/topics/4302 1128
@/home/ec2-user/data/topics/4842 1129
@/home/ec2-user/data/topics/4165 1130
@/home/ec2-user/data/topics/4535 1131
@/home/ec2-user/data/topics/3834 1132
@/home/ec2-user/data/topics/4755 1133
@/home/ec2-user/data/topics/3716 1134
@/home/ec2-user/data/topics/1819 1135
@/home/ec2-user/data/topics/4140 1136
@/home/ec2-user/data/topics/4361 1137
@/home/ec2-user/data/topics/4381 1138
@/home/ec2-user/data/topics/4292 1139
ヤマハ株式会社

@/home/ec2-user/data/topics/4954 1140
@/home/ec2-user/data/topics/4145 1140
@/home/ec2-user/data/topics/1443 1141
@/home/ec2-user/data/topics/3972 1142
@/home/ec2-user/data/topics/1911 1143
@/home/ec2-user/data/topics/4045 1144
@/home/ec2-user/data/topics/4084 1145
@/home/ec2-user/data/topics/1676 1146
@/home/ec2-user/data/topics/4010 1147
@/home/ec2-user/data/topics/4919 1148
@/home/ec2-user/data/topics/4125 1149
@/home/ec2-user/data/topics/4177 1150
@/home/ec2-user/data/topics/1720 1151
東洋紡績株式会社

@/home/ec2-user/data/topics/3769 1152
@/home/ec2-user/data/topics/1613 1152
@/home/ec2-user/data/topics/4362 1153
@/home/ec2-user/data/topics/1029 1154
@/home/ec2-user/data/topics/4366 1155
@/home/ec2-user/data/topics/4284 1156
三菱化学株式会社

@/home/ec2-user/data/topics/3638 1157
@/home/ec2-user/data/topics/1197 1157
@/home/ec2-user/data/topics/3513 1158
@/home/ec2-user/data/topics/1902 1159
@/home/ec2-user/data/topics/1699 1160
@/home/ec2-user/data/topics/3458 1161
カシオ計算機株式会社

@/home/ec2-user/data/topics/1047 1162
@/home/ec2-user/data/topics/1368 1162
@/home/ec2-user/data/topics/3391 1163
@/home/ec2-user/data/topics/1794 1164
@/home/ec2-user/data/topics/2237 1165
@/home/ec2-user/data/topics/1535 1166
@/home/ec2-user/data/topics/1235 1167
@/home/ec2-user/data/topics/2180 1168
コナミ株式会社

@/home/ec2-user/data/topics/1672 1169
@/home/ec2-user/data/topics/2100 1169
@/home/ec2-user/data/topics/4681 1170
@/home/ec2-user/data/topics/5015 1171
@/home/ec2-user/data/topics/1302 1172
@/home/ec2-user/data/topics/1621 1173
@/home/ec2-user/data/topics/2151 1174
@/home/ec2-user/data/topics/4602 1175
大日本スクリーン製造株式会社

@/home/ec2-user/data/topics/2172 1176
@/home/ec2-user/data/topics/3742 1176
@/home/ec2-user/data/topics/1130 1177
@/home/ec2-user/data/topics/1608 1178
@/home/ec2-user/data/topics/1779 1179
@/home/ec2-user/data/topics/2209 1180
@/home/ec2-user/data/topics/1173 1181
オムロン株式会社

@/home/ec2-user/data/topics/1841 1182
@/home/ec2-user/data/topics/3594 1182
@/home/ec2-user/data/topics/2096 1183
@/home/ec2-user/data/topics/1533 1184
@/home/ec2-user/data/topics/1135 1185
@/home/ec2-user/data/topics/1151 1186
@/home/ec2-user/data/topics/3863 1187
@/home/ec2-user/data/topics/4771 1188
@/home/ec2-user/data/topics/1067 1189
@/home/ec2-user/data/topics/3748 1190
@/home/ec2-user/data/topics/3700 1191
@/home/ec2-user/data/topics/1579 1192
@/home/ec2-user/data/topics/3597 1193
@/home/ec2-user/data/topics/1657 1194
@/home/ec2-user/data/topics/1933 1195
株式会社日立製作所

@/home/ec2-user/data/topics/1463 1196
@/home/ec2-user/data/topics/4621 1196
@/home/ec2-user/data/topics/4551 1197
@/home/ec2-user/data/topics/1667 1198
@/home/ec2-user/data/topics/3659 1199
@/home/ec2-user/data/topics/3968 1200
@/home/ec2-user/data/topics/3779 1201
@/home/ec2-user/data/topics/1296 1202
@/home/ec2-user/data/topics/5030 1203
@/home/ec2-user/data/topics/1826 1204
@/home/ec2-user/data/topics/1693 1205
@/home/ec2-user/data/topics/1105 1206
@/home/ec2-user/data/topics/4493 1207
@/home/ec2-user/data/topics/1640 1208
@/home/ec2-user/data/topics/1833 1209
@/home/ec2-user/data/topics/4166 1210
@/home/ec2-user/data/topics/1825 1211
@/home/ec2-user/data/topics/4990 1212
@/home/ec2-user/data/topics/1278 1213
@/home/ec2-user/data/topics/1247 1214
@/home/ec2-user/data/topics/3524 1215
@/home/ec2-user/data/topics/1487 1216
@/home/ec2-user/data/topics/1072 1217
@/home/ec2-user/data/topics/3350 1218
@/home/ec2-user/data/topics/4420 1219
@/home/ec2-user/data/topics/1562 1220
@/home/ec2-user/data/topics/1880 1221
@/home/ec2-user/data/topics/4122 1222
@/home/ec2-user/data/topics/4401 1223
@/home/ec2-user/data/topics/3439 1224
@/home/ec2-user/data/topics/3588 1225
@/home/ec2-user/data/topics/4402 1226
@/home/ec2-user/data/topics/3973 1227
@/home/ec2-user/data/topics/1340 1228
@/home/ec2-user/data/topics/4547 1229
@/home/ec2-user/data/topics/1249 1230
@/home/ec2-user/data/topics/3691 1231
@/home/ec2-user/data/topics/1987 1232
@/home/ec2-user/data/topics/3599 1233
@/home/ec2-user/data/topics/3384 1234
@/home/ec2-user/data/topics/1651 1235
@/home/ec2-user/data/topics/3596 1236
@/home/ec2-user/data/topics/3461 1237
@/home/ec2-user/data/topics/3440 1238
@/home/ec2-user/data/topics/3570 1239
@/home/ec2-user/data/topics/3994 1240
@/home/ec2-user/data/topics/3665 1241
@/home/ec2-user/data/topics/3471 1242
@/home/ec2-user/data/topics/3432 1243
@/home/ec2-user/data/topics/2019 1244
@/home/ec2-user/data/topics/1082 1245
@/home/ec2-user/data/topics/3648 1246
@/home/ec2-user/data/topics/3822 1247
@/home/ec2-user/data/topics/2081 1248
@/home/ec2-user/data/topics/3772 1249
@/home/ec2-user/data/topics/1501 1250
@/home/ec2-user/data/topics/4058 1251
@/home/ec2-user/data/topics/4943 1252
@/home/ec2-user/data/topics/5029 1253
@/home/ec2-user/data/topics/1334 1254
@/home/ec2-user/data/topics/3993 1255
@/home/ec2-user/data/topics/4830 1256
@/home/ec2-user/data/topics/4799 1257
@/home/ec2-user/data/topics/2184 1258
@/home/ec2-user/data/topics/4040 1259
@/home/ec2-user/data/topics/4545 1260
@/home/ec2-user/data/topics/2239 1261
@/home/ec2-user/data/topics/4559 1262
@/home/ec2-user/data/topics/3488 1263
@/home/ec2-user/data/topics/3965 1264
@/home/ec2-user/data/topics/4489 1265
@/home/ec2-user/data/topics/1882 1266
@/home/ec2-user/data/topics/3706 1267
@/home/ec2-user/data/topics/3531 1268
凸版印刷株式会社

@/home/ec2-user/data/topics/3526 1269
@/home/ec2-user/data/topics/4874 1269
@/home/ec2-user/data/topics/1091 1270
@/home/ec2-user/data/topics/1977 1271
@/home/ec2-user/data/topics/3624 1272
@/home/ec2-user/data/topics/3500 1273
@/home/ec2-user/data/topics/1765 1274
株式会社ノーリツ

@/home/ec2-user/data/topics/1290 1275
@/home/ec2-user/data/topics/4354 1275
@/home/ec2-user/data/topics/2116 1276
@/home/ec2-user/data/topics/1760 1277
@/home/ec2-user/data/topics/4776 1278
@/home/ec2-user/data/topics/1598 1279
@/home/ec2-user/data/topics/4206 1280
@/home/ec2-user/data/topics/1618 1281
川崎重工業株式会社

@/home/ec2-user/data/topics/1172 1282
@/home/ec2-user/data/topics/1162 1282
@/home/ec2-user/data/topics/4756 1283
@/home/ec2-user/data/topics/4866 1284
@/home/ec2-user/data/topics/4793 1285
@/home/ec2-user/data/topics/4572 1286
@/home/ec2-user/data/topics/4944 1287
@/home/ec2-user/data/topics/5025 1288
ティーディーケイ株式会社

@/home/ec2-user/data/topics/1510 1289
@/home/ec2-user/data/topics/2202 1289
@/home/ec2-user/data/topics/3792 1290
@/home/ec2-user/data/topics/4619 1291
@/home/ec2-user/data/topics/2210 1292
@/home/ec2-user/data/topics/1129 1293
@/home/ec2-user/data/topics/3798 1294
@/home/ec2-user/data/topics/1409 1295
@/home/ec2-user/data/topics/3909 1296
京セラミタ株式会社

@/home/ec2-user/data/topics/1032 1297
@/home/ec2-user/data/topics/1930 1297
@/home/ec2-user/data/topics/4985 1298
@/home/ec2-user/data/topics/4564 1299
@/home/ec2-user/data/topics/2141 1300
@/home/ec2-user/data/topics/4973 1301
@/home/ec2-user/data/topics/4174 1302
株式会社クボタ

@/home/ec2-user/data/topics/4251 1303
@/home/ec2-user/data/topics/1012 1303
@/home/ec2-user/data/topics/3823 1304
@/home/ec2-user/data/topics/3919 1305
@/home/ec2-user/data/topics/1734 1306
@/home/ec2-user/data/topics/4379 1307
@/home/ec2-user/data/topics/1280 1308
@/home/ec2-user/data/topics/3854 1309
@/home/ec2-user/data/topics/4745 1310
@/home/ec2-user/data/topics/1448 1311
シャープ株式会社

@/home/ec2-user/data/topics/1288 1312
@/home/ec2-user/data/topics/3537 1312
@/home/ec2-user/data/topics/4519 1313
@/home/ec2-user/data/topics/4152 1314
@/home/ec2-user/data/topics/3832 1315
@/home/ec2-user/data/topics/4256 1316
@/home/ec2-user/data/topics/1561 1317
@/home/ec2-user/data/topics/4019 1318
@/home/ec2-user/data/topics/3813 1319
@/home/ec2-user/data/topics/3452 1320
@/home/ec2-user/data/topics/4782 1321
@/home/ec2-user/data/topics/3649 1322
@/home/ec2-user/data/topics/2084 1323
@/home/ec2-user/data/topics/3610 1324
@/home/ec2-user/data/topics/1396 1325
@/home/ec2-user/data/topics/4095 1326
@/home/ec2-user/data/topics/3606 1327
@/home/ec2-user/data/topics/4583 1328
@/home/ec2-user/data/topics/4430 1329
@/home/ec2-user/data/topics/1965 1330
@/home/ec2-user/data/topics/4263 1331
@/home/ec2-user/data/topics/1349 1332
@/home/ec2-user/data/topics/3855 1333
@/home/ec2-user/data/topics/4683 1334
@/home/ec2-user/data/topics/4230 1335
@/home/ec2-user/data/topics/2020 1336
@/home/ec2-user/data/topics/4717 1337
@/home/ec2-user/data/topics/3776 1338
@/home/ec2-user/data/topics/4349 1339
@/home/ec2-user/data/topics/3762 1340
@/home/ec2-user/data/topics/3760 1341
@/home/ec2-user/data/topics/1154 1342
@/home/ec2-user/data/topics/4691 1343
@/home/ec2-user/data/topics/3981 1344
@/home/ec2-user/data/topics/4173 1345
@/home/ec2-user/data/topics/4323 1346
@/home/ec2-user/data/topics/4252 1347
@/home/ec2-user/data/topics/4228 1348
@/home/ec2-user/data/topics/4105 1349
@/home/ec2-user/data/topics/1970 1350
@/home/ec2-user/data/topics/4214 1351
@/home/ec2-user/data/topics/3578 1352
@/home/ec2-user/data/topics/4113 1353
@/home/ec2-user/data/topics/4744 1354
@/home/ec2-user/data/topics/1384 1355
@/home/ec2-user/data/topics/3698 1356
@/home/ec2-user/data/topics/1419 1357
@/home/ec2-user/data/topics/1431 1358
@/home/ec2-user/data/topics/2118 1359
@/home/ec2-user/data/topics/4127 1360
@/home/ec2-user/data/topics/3673 1361
@/home/ec2-user/data/topics/1209 1362
@/home/ec2-user/data/topics/3678 1363
@/home/ec2-user/data/topics/3793 1364
@/home/ec2-user/data/topics/3422 1365
@/home/ec2-user/data/topics/3858 1366
@/home/ec2-user/data/topics/1174 1367
@/home/ec2-user/data/topics/3777 1368
@/home/ec2-user/data/topics/1318 1369
@/home/ec2-user/data/topics/4245 1370
@/home/ec2-user/data/topics/2087 1371
@/home/ec2-user/data/topics/3895 1372
@/home/ec2-user/data/topics/4648 1373
@/home/ec2-user/data/topics/4469 1374
@/home/ec2-user/data/topics/4861 1375
@/home/ec2-user/data/topics/3941 1376
@/home/ec2-user/data/topics/1804 1377
@/home/ec2-user/data/topics/3450 1378
@/home/ec2-user/data/topics/4103 1379
@/home/ec2-user/data/topics/1840 1380
@/home/ec2-user/data/topics/4516 1381
@/home/ec2-user/data/topics/1563 1382
@/home/ec2-user/data/topics/4005 1383
@/home/ec2-user/data/topics/1258 1384
@/home/ec2-user/data/topics/3679 1385
@/home/ec2-user/data/topics/4124 1386
@/home/ec2-user/data/topics/3978 1387
@/home/ec2-user/data/topics/3966 1388
@/home/ec2-user/data/topics/3957 1389
@/home/ec2-user/data/topics/3871 1390
@/home/ec2-user/data/topics/1685 1391
日本輸送機株式会社

@/home/ec2-user/data/topics/1940 1392
@/home/ec2-user/data/topics/2065 1392
@/home/ec2-user/data/topics/2221 1393
@/home/ec2-user/data/topics/1108 1394
@/home/ec2-user/data/topics/1191 1395
@/home/ec2-user/data/topics/1493 1396
@/home/ec2-user/data/topics/3573 1397
@/home/ec2-user/data/topics/1456 1398
東京エレクトロン株式会社

@/home/ec2-user/data/topics/4618 1399
@/home/ec2-user/data/topics/4002 1399
@/home/ec2-user/data/topics/1800 1400
@/home/ec2-user/data/topics/4702 1401
@/home/ec2-user/data/topics/4053 1402
@/home/ec2-user/data/topics/1736 1403
@/home/ec2-user/data/topics/1508 1404
@/home/ec2-user/data/topics/3947 1405
@/home/ec2-user/data/topics/1263 1406
@/home/ec2-user/data/topics/4023 1407
@/home/ec2-user/data/topics/4345 1408
@/home/ec2-user/data/topics/4906 1409
株式会社村田製作所

@/home/ec2-user/data/topics/4703 1410
@/home/ec2-user/data/topics/4325 1410
@/home/ec2-user/data/topics/4042 1411
@/home/ec2-user/data/topics/3482 1412
@/home/ec2-user/data/topics/4163 1413
@/home/ec2-user/data/topics/4795 1414
@/home/ec2-user/data/topics/2229 1415
@/home/ec2-user/data/topics/4417 1416
@/home/ec2-user/data/topics/3435 1417
@/home/ec2-user/data/topics/4271 1418
@/home/ec2-user/data/topics/1411 1419
@/home/ec2-user/data/topics/4432 1420
@/home/ec2-user/data/topics/3697 1421
@/home/ec2-user/data/topics/4070 1422
@/home/ec2-user/data/topics/1374 1423
@/home/ec2-user/data/topics/4378 1424
@/home/ec2-user/data/topics/3885 1425
日本電信電話株式会社

@/home/ec2-user/data/topics/3425 1426
@/home/ec2-user/data/topics/3641 1426
@/home/ec2-user/data/topics/4115 1427
@/home/ec2-user/data/topics/1408 1428
@/home/ec2-user/data/topics/3586 1429
@/home/ec2-user/data/topics/3915 1430
@/home/ec2-user/data/topics/4131 1431
@/home/ec2-user/data/topics/3894 1432
@/home/ec2-user/data/topics/4925 1433
@/home/ec2-user/data/topics/2130 1434
@/home/ec2-user/data/topics/3568 1435
@/home/ec2-user/data/topics/4232 1436
@/home/ec2-user/data/topics/4025 1437
@/home/ec2-user/data/topics/1809 1438
@/home/ec2-user/data/topics/3785 1439
@/home/ec2-user/data/topics/4121 1440
@/home/ec2-user/data/topics/4916 1441
@/home/ec2-user/data/topics/4488 1442
@/home/ec2-user/data/topics/4560 1443
@/home/ec2-user/data/topics/3359 1444
@/home/ec2-user/data/topics/1230 1445
@/home/ec2-user/data/topics/1556 1446
@/home/ec2-user/data/topics/1934 1447
@/home/ec2-user/data/topics/4146 1448
@/home/ec2-user/data/topics/4443 1449
@/home/ec2-user/data/topics/3927 1450
@/home/ec2-user/data/topics/4964 1451
@/home/ec2-user/data/topics/3552 1452
@/home/ec2-user/data/topics/4087 1453
@/home/ec2-user/data/topics/4792 1454
@/home/ec2-user/data/topics/3811 1455
@/home/ec2-user/data/topics/4965 1456
@/home/ec2-user/data/topics/3509 1457
@/home/ec2-user/data/topics/4870 1458
@/home/ec2-user/data/topics/1229 1459
@/home/ec2-user/data/topics/4511 1460
@/home/ec2-user/data/topics/4505 1461
@/home/ec2-user/data/topics/4104 1462
@/home/ec2-user/data/topics/4836 1463
@/home/ec2-user/data/topics/3650 1464
@/home/ec2-user/data/topics/3544 1465
@/home/ec2-user/data/topics/4664 1466
@/home/ec2-user/data/topics/3536 1467
@/home/ec2-user/data/topics/4335 1468
@/home/ec2-user/data/topics/4208 1469
@/home/ec2-user/data/topics/1042 1470
@/home/ec2-user/data/topics/4118 1471
@/home/ec2-user/data/topics/1787 1472
@/home/ec2-user/data/topics/4865 1473
@/home/ec2-user/data/topics/4952 1474
@/home/ec2-user/data/topics/3824 1475
@/home/ec2-user/data/topics/2017 1476
@/home/ec2-user/data/topics/3521 1477
@/home/ec2-user/data/topics/4175 1478
@/home/ec2-user/data/topics/4114 1479
@/home/ec2-user/data/topics/3928 1480
日本鋼管株式会社

@/home/ec2-user/data/topics/1404 1481
@/home/ec2-user/data/topics/4289 1481
@/home/ec2-user/data/topics/1690 1482
@/home/ec2-user/data/topics/3572 1483
@/home/ec2-user/data/topics/4161 1484
@/home/ec2-user/data/topics/4455 1485
@/home/ec2-user/data/topics/2095 1486
株式会社神戸製鋼所

@/home/ec2-user/data/topics/4949 1487
@/home/ec2-user/data/topics/3632 1487
@/home/ec2-user/data/topics/3475 1488
@/home/ec2-user/data/topics/2064 1489
@/home/ec2-user/data/topics/3902 1490
@/home/ec2-user/data/topics/1465 1491
@/home/ec2-user/data/topics/3674 1492
株式会社ケンウッド

@/home/ec2-user/data/topics/2036 1493
@/home/ec2-user/data/topics/1345 1493
@/home/ec2-user/data/topics/3794 1494
@/home/ec2-user/data/topics/4038 1495
@/home/ec2-user/data/topics/1424 1496
@/home/ec2-user/data/topics/1115 1497
@/home/ec2-user/data/topics/3977 1498
@/home/ec2-user/data/topics/1617 1499
@/home/ec2-user/data/topics/1698 1500
@/home/ec2-user/data/topics/3839 1501
@/home/ec2-user/data/topics/4167 1502
@/home/ec2-user/data/topics/4050 1503
@/home/ec2-user/data/topics/3463 1504
@/home/ec2-user/data/topics/1186 1505
@/home/ec2-user/data/topics/1241 1506
@/home/ec2-user/data/topics/3969 1507
@/home/ec2-user/data/topics/4467 1508
@/home/ec2-user/data/topics/3878 1509
@/home/ec2-user/data/topics/3801 1510
@/home/ec2-user/data/topics/1896 1511
@/home/ec2-user/data/topics/2163 1512
東陶機器株式会社

@/home/ec2-user/data/topics/1735 1513
@/home/ec2-user/data/topics/3583 1513
@/home/ec2-user/data/topics/2135 1514
@/home/ec2-user/data/topics/3821 1515
@/home/ec2-user/data/topics/1692 1516
@/home/ec2-user/data/topics/1626 1517
本田技研工業株式会社

@/home/ec2-user/data/topics/5026 1518
@/home/ec2-user/data/topics/1215 1518
@/home/ec2-user/data/topics/4199 1519
@/home/ec2-user/data/topics/1143 1520
@/home/ec2-user/data/topics/1226 1521
@/home/ec2-user/data/topics/4033 1522
@/home/ec2-user/data/topics/4888 1523
@/home/ec2-user/data/topics/2016 1524
@/home/ec2-user/data/topics/1818 1525
@/home/ec2-user/data/topics/3685 1526
@/home/ec2-user/data/topics/2000 1527
@/home/ec2-user/data/topics/4331 1528
@/home/ec2-user/data/topics/1266 1529
@/home/ec2-user/data/topics/4783 1530
@/home/ec2-user/data/topics/1444 1531
@/home/ec2-user/data/topics/4132 1532
@/home/ec2-user/data/topics/4375 1533
@/home/ec2-user/data/topics/1605 1534
@/home/ec2-user/data/topics/1822 1535
新日本製鐵株式会社

@/home/ec2-user/data/topics/3368 1536
@/home/ec2-user/data/topics/4472 1536
@/home/ec2-user/data/topics/3861 1537
@/home/ec2-user/data/topics/3663 1538
@/home/ec2-user/data/topics/5008 1539
@/home/ec2-user/data/topics/3899 1540
松下電工株式会社

@/home/ec2-user/data/topics/4347 1541
@/home/ec2-user/data/topics/3651 1541
@/home/ec2-user/data/topics/3511 1542
@/home/ec2-user/data/topics/4317 1543
@/home/ec2-user/data/topics/3549 1544
@/home/ec2-user/data/topics/4094 1545
@/home/ec2-user/data/topics/4450 1546
@/home/ec2-user/data/topics/3932 1547
@/home/ec2-user/data/topics/1251 1548
@/home/ec2-user/data/topics/1011 1549
@/home/ec2-user/data/topics/3379 1550
@/home/ec2-user/data/topics/1311 1551
@/home/ec2-user/data/topics/4592 1552
@/home/ec2-user/data/topics/3778 1553
@/home/ec2-user/data/topics/2045 1554
@/home/ec2-user/data/topics/4012 1555
@/home/ec2-user/data/topics/3835 1556
@/home/ec2-user/data/topics/4029 1557
@/home/ec2-user/data/topics/3565 1558
@/home/ec2-user/data/topics/1803 1559
@/home/ec2-user/data/topics/4083 1560
@/home/ec2-user/data/topics/3670 1561
usernum: 72
hit: 544
simhit: 1067
simmax: 0.739130434783
simmin: 0.0
simavg: 0.200948379231
dlmax: 0.128100267872
dlmin: 0.00708451200204
dlavg: 0.033365208245
mthit: 460
mthls: 345
srp: 240.54
total: 1562
hit/total: 0.348271446863
simhit/total: 0.683098591549
mthit/(total+usernum): 0.281517747858
mthls/(total+usernum): 0.211138310894
srp/(total+usernum): 0.0490697674419
srp20/(total+usernum): 0.0136168910649
srp100/(total+usernum): 0.0283598531212
srp500/(total+usernum): 0.0424279885761

2016-12-24 14:07:12.166056
