2016-12-24 05:14:53.963165

topic-folder:/home/ec2-user/data/topics/
cl-file:/home/ec2-user/git/tfidf/result-new/b2-1.txt
cl-floder:/home/ec2-user/data/lsaclass/
zipf:0.5
stype[0(tfidf)/1(tfidf2)/2(lsa)/3(lda)]:2
dtype[<0(diff*rand)/0(diff)/1(same)/>=2(diff*same)]:0
output-floder:/home/ec2-user/git/userquery/result

三菱マテリアル株式会社

@/home/ec2-user/data/topics/3546 0
@/home/ec2-user/data/topics/3866 0
@/home/ec2-user/data/topics/1085 1
@/home/ec2-user/data/topics/3630 2
@/home/ec2-user/data/topics/3470 3
@/home/ec2-user/data/topics/1638 4
@/home/ec2-user/data/topics/3520 5
@/home/ec2-user/data/topics/2093 6
日本精機株式会社

@/home/ec2-user/data/topics/4972 7
@/home/ec2-user/data/topics/4907 7
@/home/ec2-user/data/topics/4875 8
@/home/ec2-user/data/topics/1398 9
@/home/ec2-user/data/topics/4690 10
@/home/ec2-user/data/topics/4709 11
コニカ株式会社

@/home/ec2-user/data/topics/1946 12
@/home/ec2-user/data/topics/3486 12
@/home/ec2-user/data/topics/3414 13
@/home/ec2-user/data/topics/3426 14
@/home/ec2-user/data/topics/3370 15
@/home/ec2-user/data/topics/3357 16
@/home/ec2-user/data/topics/3431 17
@/home/ec2-user/data/topics/3419 18
@/home/ec2-user/data/topics/3533 19
@/home/ec2-user/data/topics/3418 20
@/home/ec2-user/data/topics/2162 21
埼玉日本電気株式会社

@/home/ec2-user/data/topics/1512 22
@/home/ec2-user/data/topics/5010 22
@/home/ec2-user/data/topics/4279 23
@/home/ec2-user/data/topics/4496 24
@/home/ec2-user/data/topics/4998 25
@/home/ec2-user/data/topics/4283 26
@/home/ec2-user/data/topics/4242 27
@/home/ec2-user/data/topics/4468 28
@/home/ec2-user/data/topics/1620 29
アルプス電気株式会社

@/home/ec2-user/data/topics/3429 30
@/home/ec2-user/data/topics/1253 30
@/home/ec2-user/data/topics/4791 31
@/home/ec2-user/data/topics/3582 32
@/home/ec2-user/data/topics/2012 33
@/home/ec2-user/data/topics/2089 34
@/home/ec2-user/data/topics/1434 35
三菱重工業株式会社

@/home/ec2-user/data/topics/4862 36
@/home/ec2-user/data/topics/3944 36
@/home/ec2-user/data/topics/3637 37
@/home/ec2-user/data/topics/3833 38
@/home/ec2-user/data/topics/5022 39
@/home/ec2-user/data/topics/4412 40
@/home/ec2-user/data/topics/4687 41
@/home/ec2-user/data/topics/3591 42
@/home/ec2-user/data/topics/3529 43
@/home/ec2-user/data/topics/4882 44
@/home/ec2-user/data/topics/3503 45
@/home/ec2-user/data/topics/4563 46
村田機械株式会社

@/home/ec2-user/data/topics/3528 47
@/home/ec2-user/data/topics/4638 47
@/home/ec2-user/data/topics/4596 48
@/home/ec2-user/data/topics/4746 49
@/home/ec2-user/data/topics/4565 50
@/home/ec2-user/data/topics/4645 51
@/home/ec2-user/data/topics/4941 52
@/home/ec2-user/data/topics/5000 53
@/home/ec2-user/data/topics/3740 54
@/home/ec2-user/data/topics/1607 55
@/home/ec2-user/data/topics/1293 56
@/home/ec2-user/data/topics/4556 57
@/home/ec2-user/data/topics/1511 58
@/home/ec2-user/data/topics/4835 59
@/home/ec2-user/data/topics/4441 60
@/home/ec2-user/data/topics/4570 61
@/home/ec2-user/data/topics/1074 62
川崎製鉄株式会社

@/home/ec2-user/data/topics/3483 63
@/home/ec2-user/data/topics/3929 63
@/home/ec2-user/data/topics/1459 64
@/home/ec2-user/data/topics/3413 65
@/home/ec2-user/data/topics/1037 66
@/home/ec2-user/data/topics/3553 67
@/home/ec2-user/data/topics/3532 68
@/home/ec2-user/data/topics/3611 69
@/home/ec2-user/data/topics/4615 70
ダイキン工業株式会社

@/home/ec2-user/data/topics/4400 71
@/home/ec2-user/data/topics/4753 71
@/home/ec2-user/data/topics/4858 72
@/home/ec2-user/data/topics/1600 73
@/home/ec2-user/data/topics/4515 74
@/home/ec2-user/data/topics/4701 75
@/home/ec2-user/data/topics/3888 76
@/home/ec2-user/data/topics/4734 77
@/home/ec2-user/data/topics/4845 78
@/home/ec2-user/data/topics/1565 79
@/home/ec2-user/data/topics/4367 80
三菱自動車工業株式会社

@/home/ec2-user/data/topics/3502 81
@/home/ec2-user/data/topics/4189 81
@/home/ec2-user/data/topics/1816 82
@/home/ec2-user/data/topics/1428 83
@/home/ec2-user/data/topics/3940 84
@/home/ec2-user/data/topics/2101 85
@/home/ec2-user/data/topics/1527 86
@/home/ec2-user/data/topics/3815 87
日産自動車株式会社

@/home/ec2-user/data/topics/3677 88
@/home/ec2-user/data/topics/3645 88
@/home/ec2-user/data/topics/3936 89
@/home/ec2-user/data/topics/3829 90
@/home/ec2-user/data/topics/4982 91
@/home/ec2-user/data/topics/3497 92
@/home/ec2-user/data/topics/3501 93
@/home/ec2-user/data/topics/3489 94
@/home/ec2-user/data/topics/3712 95
@/home/ec2-user/data/topics/4074 96
@/home/ec2-user/data/topics/3723 97
トヨタ自動車株式会社

@/home/ec2-user/data/topics/4647 98
@/home/ec2-user/data/topics/4658 98
@/home/ec2-user/data/topics/3587 99
@/home/ec2-user/data/topics/3356 100
@/home/ec2-user/data/topics/3725 101
@/home/ec2-user/data/topics/3783 102
@/home/ec2-user/data/topics/4543 103
@/home/ec2-user/data/topics/1551 104
@/home/ec2-user/data/topics/4426 105
@/home/ec2-user/data/topics/4617 106
@/home/ec2-user/data/topics/3758 107
@/home/ec2-user/data/topics/4920 108
@/home/ec2-user/data/topics/3481 109
@/home/ec2-user/data/topics/4767 110
@/home/ec2-user/data/topics/3731 111
@/home/ec2-user/data/topics/2111 112
@/home/ec2-user/data/topics/3699 113
@/home/ec2-user/data/topics/3671 114
@/home/ec2-user/data/topics/3943 115
@/home/ec2-user/data/topics/4633 116
@/home/ec2-user/data/topics/1494 117
@/home/ec2-user/data/topics/3405 118
@/home/ec2-user/data/topics/4346 119
@/home/ec2-user/data/topics/4064 120
@/home/ec2-user/data/topics/4144 121
@/home/ec2-user/data/topics/4298 122
@/home/ec2-user/data/topics/4030 123
@/home/ec2-user/data/topics/2218 124
@/home/ec2-user/data/topics/4008 125
オリンパス光学工業株式会社

@/home/ec2-user/data/topics/4878 126
@/home/ec2-user/data/topics/4013 126
@/home/ec2-user/data/topics/5006 127
@/home/ec2-user/data/topics/1586 128
@/home/ec2-user/data/topics/1835 129
@/home/ec2-user/data/topics/4007 130
@/home/ec2-user/data/topics/1739 131
@/home/ec2-user/data/topics/1107 132
@/home/ec2-user/data/topics/2026 133
@/home/ec2-user/data/topics/1155 134
@/home/ec2-user/data/topics/1981 135
@/home/ec2-user/data/topics/1869 136
ブラザー工業株式会社

@/home/ec2-user/data/topics/1906 137
@/home/ec2-user/data/topics/1636 137
@/home/ec2-user/data/topics/1183 138
@/home/ec2-user/data/topics/2085 139
@/home/ec2-user/data/topics/3686 140
@/home/ec2-user/data/topics/2086 141
@/home/ec2-user/data/topics/3477 142
@/home/ec2-user/data/topics/3613 143
@/home/ec2-user/data/topics/1697 144
@/home/ec2-user/data/topics/3507 145
@/home/ec2-user/data/topics/1076 146
@/home/ec2-user/data/topics/3789 147
@/home/ec2-user/data/topics/1164 148
@/home/ec2-user/data/topics/1300 149
@/home/ec2-user/data/topics/4548 150
富士通株式会社

@/home/ec2-user/data/topics/1609 151
@/home/ec2-user/data/topics/3862 151
@/home/ec2-user/data/topics/1874 152
@/home/ec2-user/data/topics/1123 153
@/home/ec2-user/data/topics/1547 154
@/home/ec2-user/data/topics/3460 155
@/home/ec2-user/data/topics/4191 156
@/home/ec2-user/data/topics/3538 157
@/home/ec2-user/data/topics/2216 158
@/home/ec2-user/data/topics/3749 159
@/home/ec2-user/data/topics/3400 160
@/home/ec2-user/data/topics/2227 161
@/home/ec2-user/data/topics/3850 162
@/home/ec2-user/data/topics/3970 163
@/home/ec2-user/data/topics/3399 164
@/home/ec2-user/data/topics/3802 165
@/home/ec2-user/data/topics/1271 166
@/home/ec2-user/data/topics/3846 167
@/home/ec2-user/data/topics/1998 168
@/home/ec2-user/data/topics/5004 169
@/home/ec2-user/data/topics/3883 170
@/home/ec2-user/data/topics/2215 171
@/home/ec2-user/data/topics/3765 172
@/home/ec2-user/data/topics/3751 173
@/home/ec2-user/data/topics/1264 174
@/home/ec2-user/data/topics/3428 175
@/home/ec2-user/data/topics/3381 176
@/home/ec2-user/data/topics/3962 177
@/home/ec2-user/data/topics/3636 178
@/home/ec2-user/data/topics/3799 179
@/home/ec2-user/data/topics/3912 180
@/home/ec2-user/data/topics/3870 181
静岡日本電気株式会社

@/home/ec2-user/data/topics/4531 182
@/home/ec2-user/data/topics/4314 182
@/home/ec2-user/data/topics/4507 183
@/home/ec2-user/data/topics/4365 184
@/home/ec2-user/data/topics/4326 185
@/home/ec2-user/data/topics/4250 186
住友重機械工業株式会社

@/home/ec2-user/data/topics/3952 187
@/home/ec2-user/data/topics/1505 187
@/home/ec2-user/data/topics/1373 188
@/home/ec2-user/data/topics/1553 189
@/home/ec2-user/data/topics/1019 190
@/home/ec2-user/data/topics/3868 191
@/home/ec2-user/data/topics/4854 192
@/home/ec2-user/data/topics/1900 193
@/home/ec2-user/data/topics/2039 194
大日本印刷株式会社

@/home/ec2-user/data/topics/3569 195
@/home/ec2-user/data/topics/1145 195
@/home/ec2-user/data/topics/1099 196
@/home/ec2-user/data/topics/3388 197
@/home/ec2-user/data/topics/1564 198
@/home/ec2-user/data/topics/1262 199
日本電気株式会社

@/home/ec2-user/data/topics/4770 200
@/home/ec2-user/data/topics/4779 200
@/home/ec2-user/data/topics/1948 201
@/home/ec2-user/data/topics/4119 202
@/home/ec2-user/data/topics/4650 203
@/home/ec2-user/data/topics/1923 204
@/home/ec2-user/data/topics/3995 205
@/home/ec2-user/data/topics/4389 206
@/home/ec2-user/data/topics/4595 207
@/home/ec2-user/data/topics/4750 208
@/home/ec2-user/data/topics/4352 209
@/home/ec2-user/data/topics/4532 210
@/home/ec2-user/data/topics/4116 211
@/home/ec2-user/data/topics/4689 212
@/home/ec2-user/data/topics/4093 213
@/home/ec2-user/data/topics/4360 214
@/home/ec2-user/data/topics/4838 215
@/home/ec2-user/data/topics/4940 216
@/home/ec2-user/data/topics/4300 217
@/home/ec2-user/data/topics/4816 218
@/home/ec2-user/data/topics/4926 219
@/home/ec2-user/data/topics/4342 220
@/home/ec2-user/data/topics/1937 221
@/home/ec2-user/data/topics/1464 222
@/home/ec2-user/data/topics/4485 223
@/home/ec2-user/data/topics/4775 224
@/home/ec2-user/data/topics/1612 225
@/home/ec2-user/data/topics/3853 226
@/home/ec2-user/data/topics/1791 227
@/home/ec2-user/data/topics/4533 228
@/home/ec2-user/data/topics/4643 229
@/home/ec2-user/data/topics/4240 230
@/home/ec2-user/data/topics/4721 231
@/home/ec2-user/data/topics/2166 232
@/home/ec2-user/data/topics/4081 233
@/home/ec2-user/data/topics/4530 234
@/home/ec2-user/data/topics/4425 235
@/home/ec2-user/data/topics/4486 236
@/home/ec2-user/data/topics/1710 237
@/home/ec2-user/data/topics/4128 238
@/home/ec2-user/data/topics/4276 239
@/home/ec2-user/data/topics/1891 240
@/home/ec2-user/data/topics/4609 241
@/home/ec2-user/data/topics/3956 242
@/home/ec2-user/data/topics/4134 243
@/home/ec2-user/data/topics/4017 244
@/home/ec2-user/data/topics/4388 245
@/home/ec2-user/data/topics/4578 246
@/home/ec2-user/data/topics/4477 247
@/home/ec2-user/data/topics/4742 248
@/home/ec2-user/data/topics/4480 249
@/home/ec2-user/data/topics/4310 250
@/home/ec2-user/data/topics/4204 251
@/home/ec2-user/data/topics/1815 252
@/home/ec2-user/data/topics/4634 253
@/home/ec2-user/data/topics/4275 254
@/home/ec2-user/data/topics/4759 255
@/home/ec2-user/data/topics/1116 256
@/home/ec2-user/data/topics/4318 257
@/home/ec2-user/data/topics/4309 258
@/home/ec2-user/data/topics/4433 259
@/home/ec2-user/data/topics/4458 260
@/home/ec2-user/data/topics/4561 261
@/home/ec2-user/data/topics/4092 262
@/home/ec2-user/data/topics/2144 263
@/home/ec2-user/data/topics/4258 264
@/home/ec2-user/data/topics/4659 265
@/home/ec2-user/data/topics/4320 266
@/home/ec2-user/data/topics/4371 267
@/home/ec2-user/data/topics/4138 268
@/home/ec2-user/data/topics/3766 269
@/home/ec2-user/data/topics/4254 270
@/home/ec2-user/data/topics/1724 271
@/home/ec2-user/data/topics/4273 272
@/home/ec2-user/data/topics/4824 273
@/home/ec2-user/data/topics/4186 274
@/home/ec2-user/data/topics/4244 275
@/home/ec2-user/data/topics/3971 276
@/home/ec2-user/data/topics/4850 277
@/home/ec2-user/data/topics/1199 278
@/home/ec2-user/data/topics/1016 279
@/home/ec2-user/data/topics/4892 280
@/home/ec2-user/data/topics/1078 281
@/home/ec2-user/data/topics/1052 282
@/home/ec2-user/data/topics/4063 283
@/home/ec2-user/data/topics/3744 284
@/home/ec2-user/data/topics/2031 285
@/home/ec2-user/data/topics/1595 286
@/home/ec2-user/data/topics/4584 287
@/home/ec2-user/data/topics/4646 288
@/home/ec2-user/data/topics/4497 289
@/home/ec2-user/data/topics/1557 290
@/home/ec2-user/data/topics/1764 291
@/home/ec2-user/data/topics/4272 292
@/home/ec2-user/data/topics/4071 293
@/home/ec2-user/data/topics/4398 294
@/home/ec2-user/data/topics/4216 295
@/home/ec2-user/data/topics/4418 296
@/home/ec2-user/data/topics/1281 297
@/home/ec2-user/data/topics/4749 298
@/home/ec2-user/data/topics/4442 299
@/home/ec2-user/data/topics/4877 300
@/home/ec2-user/data/topics/3724 301
@/home/ec2-user/data/topics/3938 302
@/home/ec2-user/data/topics/4062 303
@/home/ec2-user/data/topics/4460 304
@/home/ec2-user/data/topics/1624 305
@/home/ec2-user/data/topics/4247 306
@/home/ec2-user/data/topics/4267 307
@/home/ec2-user/data/topics/4154 308
@/home/ec2-user/data/topics/4603 309
@/home/ec2-user/data/topics/2041 310
@/home/ec2-user/data/topics/1844 311
@/home/ec2-user/data/topics/4137 312
@/home/ec2-user/data/topics/4644 313
@/home/ec2-user/data/topics/4207 314
@/home/ec2-user/data/topics/4434 315
@/home/ec2-user/data/topics/4238 316
@/home/ec2-user/data/topics/4338 317
@/home/ec2-user/data/topics/1567 318
@/home/ec2-user/data/topics/4192 319
@/home/ec2-user/data/topics/4718 320
@/home/ec2-user/data/topics/4657 321
@/home/ec2-user/data/topics/4490 322
@/home/ec2-user/data/topics/4120 323
@/home/ec2-user/data/topics/4808 324
@/home/ec2-user/data/topics/4725 325
@/home/ec2-user/data/topics/4003 326
@/home/ec2-user/data/topics/4696 327
@/home/ec2-user/data/topics/4162 328
@/home/ec2-user/data/topics/1867 329
@/home/ec2-user/data/topics/3886 330
@/home/ec2-user/data/topics/4260 331
@/home/ec2-user/data/topics/4359 332
@/home/ec2-user/data/topics/4158 333
@/home/ec2-user/data/topics/4281 334
@/home/ec2-user/data/topics/4626 335
@/home/ec2-user/data/topics/3875 336
@/home/ec2-user/data/topics/4536 337
@/home/ec2-user/data/topics/4651 338
@/home/ec2-user/data/topics/4227 339
@/home/ec2-user/data/topics/4785 340
@/home/ec2-user/data/topics/4313 341
@/home/ec2-user/data/topics/1044 342
@/home/ec2-user/data/topics/1101 343
@/home/ec2-user/data/topics/4343 344
@/home/ec2-user/data/topics/4665 345
@/home/ec2-user/data/topics/4764 346
@/home/ec2-user/data/topics/4236 347
@/home/ec2-user/data/topics/4440 348
@/home/ec2-user/data/topics/1486 349
@/home/ec2-user/data/topics/4682 350
@/home/ec2-user/data/topics/4209 351
@/home/ec2-user/data/topics/1360 352
@/home/ec2-user/data/topics/4257 353
@/home/ec2-user/data/topics/2022 354
@/home/ec2-user/data/topics/1364 355
@/home/ec2-user/data/topics/3896 356
@/home/ec2-user/data/topics/4414 357
@/home/ec2-user/data/topics/4427 358
@/home/ec2-user/data/topics/4708 359
@/home/ec2-user/data/topics/1500 360
@/home/ec2-user/data/topics/4447 361
@/home/ec2-user/data/topics/4404 362
@/home/ec2-user/data/topics/4142 363
@/home/ec2-user/data/topics/3897 364
@/home/ec2-user/data/topics/4243 365
@/home/ec2-user/data/topics/1973 366
@/home/ec2-user/data/topics/4549 367
@/home/ec2-user/data/topics/4278 368
@/home/ec2-user/data/topics/4168 369
@/home/ec2-user/data/topics/2150 370
@/home/ec2-user/data/topics/2119 371
@/home/ec2-user/data/topics/4699 372
@/home/ec2-user/data/topics/4246 373
@/home/ec2-user/data/topics/3729 374
@/home/ec2-user/data/topics/3865 375
@/home/ec2-user/data/topics/1852 376
@/home/ec2-user/data/topics/4171 377
@/home/ec2-user/data/topics/4153 378
@/home/ec2-user/data/topics/4393 379
@/home/ec2-user/data/topics/1879 380
@/home/ec2-user/data/topics/4319 381
@/home/ec2-user/data/topics/4760 382
@/home/ec2-user/data/topics/1928 383
@/home/ec2-user/data/topics/4613 384
@/home/ec2-user/data/topics/1773 385
@/home/ec2-user/data/topics/4129 386
@/home/ec2-user/data/topics/4097 387
@/home/ec2-user/data/topics/4082 388
@/home/ec2-user/data/topics/1362 389
@/home/ec2-user/data/topics/4390 390
@/home/ec2-user/data/topics/1100 391
@/home/ec2-user/data/topics/4666 392
@/home/ec2-user/data/topics/4537 393
@/home/ec2-user/data/topics/5034 394
@/home/ec2-user/data/topics/1783 395
@/home/ec2-user/data/topics/4429 396
@/home/ec2-user/data/topics/4876 397
@/home/ec2-user/data/topics/1383 398
@/home/ec2-user/data/topics/1634 399
@/home/ec2-user/data/topics/4446 400
@/home/ec2-user/data/topics/1661 401
@/home/ec2-user/data/topics/4185 402
@/home/ec2-user/data/topics/4728 403
@/home/ec2-user/data/topics/1457 404
@/home/ec2-user/data/topics/4902 405
@/home/ec2-user/data/topics/1523 406
@/home/ec2-user/data/topics/4100 407
@/home/ec2-user/data/topics/1326 408
@/home/ec2-user/data/topics/3954 409
@/home/ec2-user/data/topics/1122 410
@/home/ec2-user/data/topics/1112 411
@/home/ec2-user/data/topics/2127 412
@/home/ec2-user/data/topics/4196 413
@/home/ec2-user/data/topics/2088 414
@/home/ec2-user/data/topics/4598 415
@/home/ec2-user/data/topics/3767 416
@/home/ec2-user/data/topics/4288 417
@/home/ec2-user/data/topics/4315 418
松下電器産業株式会社

@/home/ec2-user/data/topics/3519 419
@/home/ec2-user/data/topics/3807 419
@/home/ec2-user/data/topics/4160 420
@/home/ec2-user/data/topics/1748 421
@/home/ec2-user/data/topics/1885 422
@/home/ec2-user/data/topics/1477 423
@/home/ec2-user/data/topics/4274 424
@/home/ec2-user/data/topics/4280 425
@/home/ec2-user/data/topics/4448 426
@/home/ec2-user/data/topics/4303 427
@/home/ec2-user/data/topics/4215 428
@/home/ec2-user/data/topics/2080 429
@/home/ec2-user/data/topics/4101 430
@/home/ec2-user/data/topics/2056 431
@/home/ec2-user/data/topics/3494 432
@/home/ec2-user/data/topics/4918 433
@/home/ec2-user/data/topics/4180 434
@/home/ec2-user/data/topics/4577 435
@/home/ec2-user/data/topics/1157 436
@/home/ec2-user/data/topics/4394 437
@/home/ec2-user/data/topics/1179 438
@/home/ec2-user/data/topics/1516 439
@/home/ec2-user/data/topics/1701 440
@/home/ec2-user/data/topics/4936 441
@/home/ec2-user/data/topics/4491 442
@/home/ec2-user/data/topics/4676 443
@/home/ec2-user/data/topics/3960 444
@/home/ec2-user/data/topics/3455 445
@/home/ec2-user/data/topics/1252 446
@/home/ec2-user/data/topics/4043 447
@/home/ec2-user/data/topics/1706 448
@/home/ec2-user/data/topics/4459 449
@/home/ec2-user/data/topics/3680 450
@/home/ec2-user/data/topics/3676 451
@/home/ec2-user/data/topics/2222 452
@/home/ec2-user/data/topics/4382 453
@/home/ec2-user/data/topics/4804 454
@/home/ec2-user/data/topics/3920 455
@/home/ec2-user/data/topics/4229 456
@/home/ec2-user/data/topics/4806 457
@/home/ec2-user/data/topics/1633 458
@/home/ec2-user/data/topics/4422 459
@/home/ec2-user/data/topics/3619 460
@/home/ec2-user/data/topics/1812 461
@/home/ec2-user/data/topics/2156 462
@/home/ec2-user/data/topics/4475 463
@/home/ec2-user/data/topics/3585 464
@/home/ec2-user/data/topics/3402 465
@/home/ec2-user/data/topics/4599 466
@/home/ec2-user/data/topics/1525 467
@/home/ec2-user/data/topics/1635 468
@/home/ec2-user/data/topics/4464 469
@/home/ec2-user/data/topics/3904 470
@/home/ec2-user/data/topics/4503 471
@/home/ec2-user/data/topics/3404 472
@/home/ec2-user/data/topics/4098 473
@/home/ec2-user/data/topics/4355 474
@/home/ec2-user/data/topics/3694 475
@/home/ec2-user/data/topics/4574 476
@/home/ec2-user/data/topics/1589 477
@/home/ec2-user/data/topics/4264 478
@/home/ec2-user/data/topics/4885 479
@/home/ec2-user/data/topics/5028 480
@/home/ec2-user/data/topics/4945 481
@/home/ec2-user/data/topics/3386 482
@/home/ec2-user/data/topics/4817 483
@/home/ec2-user/data/topics/3761 484
@/home/ec2-user/data/topics/4501 485
@/home/ec2-user/data/topics/2129 486
@/home/ec2-user/data/topics/4707 487
@/home/ec2-user/data/topics/1158 488
@/home/ec2-user/data/topics/1026 489
@/home/ec2-user/data/topics/2029 490
@/home/ec2-user/data/topics/4000 491
@/home/ec2-user/data/topics/4961 492
@/home/ec2-user/data/topics/4139 493
@/home/ec2-user/data/topics/3746 494
@/home/ec2-user/data/topics/3658 495
@/home/ec2-user/data/topics/4307 496
@/home/ec2-user/data/topics/3510 497
@/home/ec2-user/data/topics/4502 498
@/home/ec2-user/data/topics/1339 499
@/home/ec2-user/data/topics/4667 500
@/home/ec2-user/data/topics/4385 501
@/home/ec2-user/data/topics/2170 502
@/home/ec2-user/data/topics/4126 503
@/home/ec2-user/data/topics/4761 504
@/home/ec2-user/data/topics/1705 505
@/home/ec2-user/data/topics/3704 506
@/home/ec2-user/data/topics/4798 507
@/home/ec2-user/data/topics/3951 508
@/home/ec2-user/data/topics/4968 509
@/home/ec2-user/data/topics/4586 510
@/home/ec2-user/data/topics/1762 511
@/home/ec2-user/data/topics/3847 512
@/home/ec2-user/data/topics/4754 513
@/home/ec2-user/data/topics/4193 514
@/home/ec2-user/data/topics/4159 515
@/home/ec2-user/data/topics/3514 516
@/home/ec2-user/data/topics/4797 517
@/home/ec2-user/data/topics/1509 518
@/home/ec2-user/data/topics/4558 519
@/home/ec2-user/data/topics/4787 520
@/home/ec2-user/data/topics/1881 521
@/home/ec2-user/data/topics/4157 522
@/home/ec2-user/data/topics/1955 523
@/home/ec2-user/data/topics/3558 524
@/home/ec2-user/data/topics/3692 525
@/home/ec2-user/data/topics/3721 526
@/home/ec2-user/data/topics/4625 527
@/home/ec2-user/data/topics/1898 528
@/home/ec2-user/data/topics/3979 529
@/home/ec2-user/data/topics/4867 530
@/home/ec2-user/data/topics/1540 531
@/home/ec2-user/data/topics/4102 532
@/home/ec2-user/data/topics/4917 533
@/home/ec2-user/data/topics/1257 534
@/home/ec2-user/data/topics/1070 535
@/home/ec2-user/data/topics/3719 536
@/home/ec2-user/data/topics/3739 537
@/home/ec2-user/data/topics/1829 538
@/home/ec2-user/data/topics/5024 539
@/home/ec2-user/data/topics/1136 540
セイコーインスツルメンツ株式会社

@/home/ec2-user/data/topics/4997 541
@/home/ec2-user/data/topics/4190 541
@/home/ec2-user/data/topics/4203 542
@/home/ec2-user/data/topics/3825 543
@/home/ec2-user/data/topics/4151 544
@/home/ec2-user/data/topics/1707 545
@/home/ec2-user/data/topics/4036 546
@/home/ec2-user/data/topics/4088 547
@/home/ec2-user/data/topics/3626 548
ミノルタ株式会社

@/home/ec2-user/data/topics/3584 549
@/home/ec2-user/data/topics/4984 549
@/home/ec2-user/data/topics/1152 550
@/home/ec2-user/data/topics/2190 551
@/home/ec2-user/data/topics/3545 552
@/home/ec2-user/data/topics/4951 553
@/home/ec2-user/data/topics/3810 554
@/home/ec2-user/data/topics/4321 555
@/home/ec2-user/data/topics/4971 556
@/home/ec2-user/data/topics/4970 557
@/home/ec2-user/data/topics/4977 558
@/home/ec2-user/data/topics/4986 559
株式会社リコー

@/home/ec2-user/data/topics/3880 560
@/home/ec2-user/data/topics/1775 560
@/home/ec2-user/data/topics/4037 561
@/home/ec2-user/data/topics/3555 562
@/home/ec2-user/data/topics/1433 563
@/home/ec2-user/data/topics/1064 564
@/home/ec2-user/data/topics/1610 565
@/home/ec2-user/data/topics/3484 566
@/home/ec2-user/data/topics/4265 567
@/home/ec2-user/data/topics/3775 568
@/home/ec2-user/data/topics/1627 569
@/home/ec2-user/data/topics/3548 570
@/home/ec2-user/data/topics/1691 571
@/home/ec2-user/data/topics/2182 572
@/home/ec2-user/data/topics/3411 573
@/home/ec2-user/data/topics/4616 574
@/home/ec2-user/data/topics/3424 575
@/home/ec2-user/data/topics/3711 576
@/home/ec2-user/data/topics/1740 577
@/home/ec2-user/data/topics/3713 578
@/home/ec2-user/data/topics/3633 579
@/home/ec2-user/data/topics/1478 580
@/home/ec2-user/data/topics/3557 581
@/home/ec2-user/data/topics/3837 582
@/home/ec2-user/data/topics/2201 583
@/home/ec2-user/data/topics/3474 584
@/home/ec2-user/data/topics/1878 585
@/home/ec2-user/data/topics/2189 586
@/home/ec2-user/data/topics/3750 587
@/home/ec2-user/data/topics/1755 588
@/home/ec2-user/data/topics/3472 589
@/home/ec2-user/data/topics/1663 590
@/home/ec2-user/data/topics/1806 591
@/home/ec2-user/data/topics/4879 592
@/home/ec2-user/data/topics/3669 593
@/home/ec2-user/data/topics/1780 594
@/home/ec2-user/data/topics/3530 595
@/home/ec2-user/data/topics/1482 596
@/home/ec2-user/data/topics/2006 597
@/home/ec2-user/data/topics/3574 598
@/home/ec2-user/data/topics/2200 599
@/home/ec2-user/data/topics/1083 600
@/home/ec2-user/data/topics/2219 601
@/home/ec2-user/data/topics/1593 602
@/home/ec2-user/data/topics/1282 603
@/home/ec2-user/data/topics/1670 604
@/home/ec2-user/data/topics/3378 605
@/home/ec2-user/data/topics/1436 606
@/home/ec2-user/data/topics/1106 607
@/home/ec2-user/data/topics/3523 608
@/home/ec2-user/data/topics/1776 609
@/home/ec2-user/data/topics/3687 610
@/home/ec2-user/data/topics/1718 611
@/home/ec2-user/data/topics/2090 612
@/home/ec2-user/data/topics/4344 613
@/home/ec2-user/data/topics/4781 614
@/home/ec2-user/data/topics/1190 615
@/home/ec2-user/data/topics/1774 616
@/home/ec2-user/data/topics/3759 617
@/home/ec2-user/data/topics/1095 618
@/home/ec2-user/data/topics/1225 619
@/home/ec2-user/data/topics/1669 620
@/home/ec2-user/data/topics/3394 621
@/home/ec2-user/data/topics/1514 622
@/home/ec2-user/data/topics/1668 623
@/home/ec2-user/data/topics/3446 624
@/home/ec2-user/data/topics/1974 625
@/home/ec2-user/data/topics/2043 626
@/home/ec2-user/data/topics/1976 627
@/home/ec2-user/data/topics/3436 628
@/home/ec2-user/data/topics/3495 629
独立行政法人産業技術総合研究所

@/home/ec2-user/data/topics/4869 630
@/home/ec2-user/data/topics/1356 630
@/home/ec2-user/data/topics/4740 631
@/home/ec2-user/data/topics/4777 632
@/home/ec2-user/data/topics/4800 633
@/home/ec2-user/data/topics/4739 634
ソニー株式会社

@/home/ec2-user/data/topics/3924 635
@/home/ec2-user/data/topics/1298 635
@/home/ec2-user/data/topics/4219 636
@/home/ec2-user/data/topics/1414 637
@/home/ec2-user/data/topics/1836 638
@/home/ec2-user/data/topics/1884 639
@/home/ec2-user/data/topics/2105 640
@/home/ec2-user/data/topics/3955 641
@/home/ec2-user/data/topics/1426 642
@/home/ec2-user/data/topics/1380 643
@/home/ec2-user/data/topics/3392 644
@/home/ec2-user/data/topics/1233 645
@/home/ec2-user/data/topics/2037 646
@/home/ec2-user/data/topics/1686 647
@/home/ec2-user/data/topics/2048 648
@/home/ec2-user/data/topics/3456 649
@/home/ec2-user/data/topics/1954 650
@/home/ec2-user/data/topics/4351 651
@/home/ec2-user/data/topics/1892 652
@/home/ec2-user/data/topics/1102 653
@/home/ec2-user/data/topics/1873 654
@/home/ec2-user/data/topics/5027 655
@/home/ec2-user/data/topics/1912 656
@/home/ec2-user/data/topics/1059 657
@/home/ec2-user/data/topics/1602 658
@/home/ec2-user/data/topics/4224 659
@/home/ec2-user/data/topics/2075 660
@/home/ec2-user/data/topics/4184 661
@/home/ec2-user/data/topics/1218 662
@/home/ec2-user/data/topics/1471 663
@/home/ec2-user/data/topics/1926 664
@/home/ec2-user/data/topics/1679 665
@/home/ec2-user/data/topics/1397 666
@/home/ec2-user/data/topics/1147 667
@/home/ec2-user/data/topics/2058 668
@/home/ec2-user/data/topics/1749 669
@/home/ec2-user/data/topics/3975 670
@/home/ec2-user/data/topics/1291 671
@/home/ec2-user/data/topics/2059 672
@/home/ec2-user/data/topics/1491 673
@/home/ec2-user/data/topics/1778 674
@/home/ec2-user/data/topics/1967 675
@/home/ec2-user/data/topics/3872 676
@/home/ec2-user/data/topics/1435 677
@/home/ec2-user/data/topics/2094 678
@/home/ec2-user/data/topics/2052 679
@/home/ec2-user/data/topics/3401 680
富士ゼロックス株式会社

@/home/ec2-user/data/topics/3473 681
@/home/ec2-user/data/topics/3695 681
@/home/ec2-user/data/topics/3790 682
@/home/ec2-user/data/topics/3407 683
@/home/ec2-user/data/topics/3564 684
@/home/ec2-user/data/topics/3640 685
@/home/ec2-user/data/topics/3366 686
@/home/ec2-user/data/topics/4108 687
@/home/ec2-user/data/topics/3782 688
@/home/ec2-user/data/topics/1947 689
@/home/ec2-user/data/topics/1560 690
@/home/ec2-user/data/topics/5031 691
@/home/ec2-user/data/topics/3661 692
@/home/ec2-user/data/topics/3383 693
@/home/ec2-user/data/topics/3662 694
住友金属工業株式会社

@/home/ec2-user/data/topics/4991 695
@/home/ec2-user/data/topics/3577 695
@/home/ec2-user/data/topics/4021 696
@/home/ec2-user/data/topics/4182 697
@/home/ec2-user/data/topics/4295 698
@/home/ec2-user/data/topics/4534 699
@/home/ec2-user/data/topics/1268 700
@/home/ec2-user/data/topics/3655 701
@/home/ec2-user/data/topics/3826 702
@/home/ec2-user/data/topics/4322 703
@/home/ec2-user/data/topics/4661 704
@/home/ec2-user/data/topics/4733 705
日立電線株式会社

@/home/ec2-user/data/topics/4329 706
@/home/ec2-user/data/topics/4357 706
@/home/ec2-user/data/topics/3756 707
@/home/ec2-user/data/topics/1117 708
@/home/ec2-user/data/topics/4356 709
@/home/ec2-user/data/topics/1027 710
@/home/ec2-user/data/topics/3930 711
@/home/ec2-user/data/topics/1305 712
@/home/ec2-user/data/topics/1388 713
キヤノン株式会社

@/home/ec2-user/data/topics/3434 714
@/home/ec2-user/data/topics/1745 714
@/home/ec2-user/data/topics/1961 715
@/home/ec2-user/data/topics/1889 716
@/home/ec2-user/data/topics/3755 717
@/home/ec2-user/data/topics/1455 718
@/home/ec2-user/data/topics/3420 719
@/home/ec2-user/data/topics/1790 720
@/home/ec2-user/data/topics/3720 721
@/home/ec2-user/data/topics/3737 722
@/home/ec2-user/data/topics/1568 723
@/home/ec2-user/data/topics/3417 724
@/home/ec2-user/data/topics/2145 725
@/home/ec2-user/data/topics/3416 726
@/home/ec2-user/data/topics/1080 727
@/home/ec2-user/data/topics/4363 728
@/home/ec2-user/data/topics/3628 729
@/home/ec2-user/data/topics/3410 730
@/home/ec2-user/data/topics/1631 731
@/home/ec2-user/data/topics/2107 732
@/home/ec2-user/data/topics/3445 733
@/home/ec2-user/data/topics/3967 734
@/home/ec2-user/data/topics/3656 735
@/home/ec2-user/data/topics/3376 736
@/home/ec2-user/data/topics/3454 737
@/home/ec2-user/data/topics/1539 738
@/home/ec2-user/data/topics/4947 739
@/home/ec2-user/data/topics/2117 740
@/home/ec2-user/data/topics/3415 741
@/home/ec2-user/data/topics/1866 742
@/home/ec2-user/data/topics/4350 743
@/home/ec2-user/data/topics/3730 744
@/home/ec2-user/data/topics/4628 745
@/home/ec2-user/data/topics/4520 746
@/home/ec2-user/data/topics/2004 747
@/home/ec2-user/data/topics/1438 748
@/home/ec2-user/data/topics/1216 749
@/home/ec2-user/data/topics/3642 750
@/home/ec2-user/data/topics/3441 751
@/home/ec2-user/data/topics/4068 752
@/home/ec2-user/data/topics/4937 753
@/home/ec2-user/data/topics/1208 754
@/home/ec2-user/data/topics/2231 755
@/home/ec2-user/data/topics/1975 756
@/home/ec2-user/data/topics/1590 757
@/home/ec2-user/data/topics/1848 758
@/home/ec2-user/data/topics/3660 759
@/home/ec2-user/data/topics/2243 760
@/home/ec2-user/data/topics/3722 761
@/home/ec2-user/data/topics/1895 762
@/home/ec2-user/data/topics/1802 763
@/home/ec2-user/data/topics/3843 764
@/home/ec2-user/data/topics/1124 765
@/home/ec2-user/data/topics/4521 766
@/home/ec2-user/data/topics/3958 767
@/home/ec2-user/data/topics/2053 768
@/home/ec2-user/data/topics/4054 769
@/home/ec2-user/data/topics/3430 770
@/home/ec2-user/data/topics/3949 771
@/home/ec2-user/data/topics/1744 772
@/home/ec2-user/data/topics/4610 773
@/home/ec2-user/data/topics/1228 774
@/home/ec2-user/data/topics/3852 775
@/home/ec2-user/data/topics/3438 776
@/home/ec2-user/data/topics/1118 777
@/home/ec2-user/data/topics/4948 778
@/home/ec2-user/data/topics/3374 779
@/home/ec2-user/data/topics/1847 780
@/home/ec2-user/data/topics/1513 781
@/home/ec2-user/data/topics/4020 782
@/home/ec2-user/data/topics/1519 783
@/home/ec2-user/data/topics/3996 784
@/home/ec2-user/data/topics/1646 785
三洋電機株式会社

@/home/ec2-user/data/topics/5011 786
@/home/ec2-user/data/topics/2014 786
@/home/ec2-user/data/topics/3539 787
@/home/ec2-user/data/topics/1722 788
@/home/ec2-user/data/topics/3403 789
@/home/ec2-user/data/topics/4527 790
@/home/ec2-user/data/topics/2194 791
@/home/ec2-user/data/topics/2063 792
@/home/ec2-user/data/topics/4960 793
@/home/ec2-user/data/topics/4301 794
@/home/ec2-user/data/topics/1289 795
@/home/ec2-user/data/topics/4015 796
@/home/ec2-user/data/topics/4679 797
@/home/ec2-user/data/topics/2054 798
@/home/ec2-user/data/topics/3906 799
@/home/ec2-user/data/topics/4612 800
@/home/ec2-user/data/topics/4604 801
@/home/ec2-user/data/topics/1386 802
@/home/ec2-user/data/topics/3808 803
@/home/ec2-user/data/topics/4066 804
@/home/ec2-user/data/topics/1163 805
@/home/ec2-user/data/topics/1515 806
@/home/ec2-user/data/topics/4376 807
@/home/ec2-user/data/topics/3398 808
@/home/ec2-user/data/topics/4150 809
@/home/ec2-user/data/topics/4571 810
@/home/ec2-user/data/topics/4061 811
@/home/ec2-user/data/topics/3830 812
@/home/ec2-user/data/topics/4060 813
@/home/ec2-user/data/topics/1079 814
@/home/ec2-user/data/topics/3708 815
@/home/ec2-user/data/topics/4178 816
@/home/ec2-user/data/topics/1980 817
@/home/ec2-user/data/topics/3492 818
@/home/ec2-user/data/topics/3804 819
@/home/ec2-user/data/topics/4212 820
@/home/ec2-user/data/topics/1671 821
@/home/ec2-user/data/topics/3986 822
@/home/ec2-user/data/topics/1246 823
@/home/ec2-user/data/topics/4099 824
@/home/ec2-user/data/topics/4328 825
@/home/ec2-user/data/topics/4983 826
@/home/ec2-user/data/topics/3781 827
@/home/ec2-user/data/topics/3974 828
@/home/ec2-user/data/topics/2098 829
@/home/ec2-user/data/topics/1652 830
@/home/ec2-user/data/topics/1488 831
@/home/ec2-user/data/topics/3581 832
@/home/ec2-user/data/topics/3845 833
@/home/ec2-user/data/topics/2071 834
@/home/ec2-user/data/topics/3859 835
@/home/ec2-user/data/topics/3625 836
@/home/ec2-user/data/topics/3817 837
@/home/ec2-user/data/topics/4763 838
@/home/ec2-user/data/topics/4788 839
@/home/ec2-user/data/topics/4304 840
@/home/ec2-user/data/topics/4001 841
@/home/ec2-user/data/topics/4179 842
@/home/ec2-user/data/topics/3754 843
@/home/ec2-user/data/topics/1321 844
@/home/ec2-user/data/topics/4039 845
@/home/ec2-user/data/topics/4837 846
@/home/ec2-user/data/topics/4726 847
@/home/ec2-user/data/topics/3926 848
@/home/ec2-user/data/topics/2230 849
@/home/ec2-user/data/topics/4474 850
@/home/ec2-user/data/topics/1479 851
@/home/ec2-user/data/topics/4384 852
@/home/ec2-user/data/topics/4492 853
@/home/ec2-user/data/topics/4720 854
@/home/ec2-user/data/topics/1653 855
@/home/ec2-user/data/topics/5002 856
@/home/ec2-user/data/topics/1451 857
@/home/ec2-user/data/topics/3953 858
@/home/ec2-user/data/topics/3681 859
@/home/ec2-user/data/topics/3889 860
@/home/ec2-user/data/topics/3491 861
@/home/ec2-user/data/topics/4654 862
@/home/ec2-user/data/topics/4978 863
三菱電機株式会社

@/home/ec2-user/data/topics/3451 864
@/home/ec2-user/data/topics/3409 864
@/home/ec2-user/data/topics/3841 865
@/home/ec2-user/data/topics/3800 866
@/home/ec2-user/data/topics/3412 867
@/home/ec2-user/data/topics/5033 868
@/home/ec2-user/data/topics/4181 869
@/home/ec2-user/data/topics/3595 870
@/home/ec2-user/data/topics/4282 871
@/home/ec2-user/data/topics/1738 872
@/home/ec2-user/data/topics/3592 873
@/home/ec2-user/data/topics/4235 874
@/home/ec2-user/data/topics/3616 875
@/home/ec2-user/data/topics/1220 876
@/home/ec2-user/data/topics/4047 877
@/home/ec2-user/data/topics/4305 878
@/home/ec2-user/data/topics/4149 879
@/home/ec2-user/data/topics/1754 880
@/home/ec2-user/data/topics/4880 881
@/home/ec2-user/data/topics/3609 882
@/home/ec2-user/data/topics/3506 883
@/home/ec2-user/data/topics/1872 884
@/home/ec2-user/data/topics/3466 885
@/home/ec2-user/data/topics/1536 886
@/home/ec2-user/data/topics/3490 887
@/home/ec2-user/data/topics/3963 888
@/home/ec2-user/data/topics/4980 889
@/home/ec2-user/data/topics/4041 890
@/home/ec2-user/data/topics/4233 891
@/home/ec2-user/data/topics/4133 892
@/home/ec2-user/data/topics/4518 893
@/home/ec2-user/data/topics/3856 894
@/home/ec2-user/data/topics/3397 895
@/home/ec2-user/data/topics/4221 896
@/home/ec2-user/data/topics/3453 897
@/home/ec2-user/data/topics/4419 898
@/home/ec2-user/data/topics/4220 899
@/home/ec2-user/data/topics/2146 900
@/home/ec2-user/data/topics/3747 901
@/home/ec2-user/data/topics/3873 902
@/home/ec2-user/data/topics/5032 903
@/home/ec2-user/data/topics/4834 904
@/home/ec2-user/data/topics/3921 905
@/home/ec2-user/data/topics/4663 906
@/home/ec2-user/data/topics/4562 907
@/home/ec2-user/data/topics/4514 908
@/home/ec2-user/data/topics/3493 909
@/home/ec2-user/data/topics/3465 910
@/home/ec2-user/data/topics/4076 911
@/home/ec2-user/data/topics/1792 912
@/home/ec2-user/data/topics/3666 913
@/home/ec2-user/data/topics/4552 914
@/home/ec2-user/data/topics/3612 915
@/home/ec2-user/data/topics/3774 916
@/home/ec2-user/data/topics/3820 917
@/home/ec2-user/data/topics/3469 918
@/home/ec2-user/data/topics/4614 919
@/home/ec2-user/data/topics/1110 920
住友ゴム工業株式会社

@/home/ec2-user/data/topics/4406 921
@/home/ec2-user/data/topics/4568 921
@/home/ec2-user/data/topics/1114 922
@/home/ec2-user/data/topics/1758 923
@/home/ec2-user/data/topics/4597 924
@/home/ec2-user/data/topics/2007 925
@/home/ec2-user/data/topics/4048 926
セイコーエプソン株式会社

@/home/ec2-user/data/topics/4022 927
@/home/ec2-user/data/topics/4585 927
@/home/ec2-user/data/topics/1484 928
@/home/ec2-user/data/topics/1423 929
@/home/ec2-user/data/topics/1343 930
@/home/ec2-user/data/topics/2078 931
@/home/ec2-user/data/topics/3361 932
@/home/ec2-user/data/topics/3985 933
@/home/ec2-user/data/topics/1378 934
@/home/ec2-user/data/topics/4386 935
@/home/ec2-user/data/topics/1890 936
@/home/ec2-user/data/topics/3505 937
@/home/ec2-user/data/topics/4454 938
@/home/ec2-user/data/topics/3589 939
@/home/ec2-user/data/topics/2165 940
@/home/ec2-user/data/topics/1641 941
@/home/ec2-user/data/topics/3819 942
@/home/ec2-user/data/topics/4801 943
@/home/ec2-user/data/topics/1938 944
@/home/ec2-user/data/topics/4605 945
@/home/ec2-user/data/topics/3910 946
@/home/ec2-user/data/topics/4802 947
@/home/ec2-user/data/topics/4719 948
@/home/ec2-user/data/topics/4109 949
@/home/ec2-user/data/topics/3476 950
@/home/ec2-user/data/topics/3887 951
株式会社三共

@/home/ec2-user/data/topics/1665 952
@/home/ec2-user/data/topics/4868 952
@/home/ec2-user/data/topics/1189 953
@/home/ec2-user/data/topics/1377 954
@/home/ec2-user/data/topics/1086 955
@/home/ec2-user/data/topics/2123 956
@/home/ec2-user/data/topics/1648 957
@/home/ec2-user/data/topics/2060 958
@/home/ec2-user/data/topics/4374 959
沖電気工業株式会社

@/home/ec2-user/data/topics/4308 960
@/home/ec2-user/data/topics/3621 960
@/home/ec2-user/data/topics/4693 961
@/home/ec2-user/data/topics/4299 962
@/home/ec2-user/data/topics/3764 963
@/home/ec2-user/data/topics/3457 964
@/home/ec2-user/data/topics/3395 965
@/home/ec2-user/data/topics/1188 966
@/home/ec2-user/data/topics/3571 967
@/home/ec2-user/data/topics/3433 968
@/home/ec2-user/data/topics/4575 969
@/home/ec2-user/data/topics/3690 970
@/home/ec2-user/data/topics/1531 971
@/home/ec2-user/data/topics/3964 972
株式会社三星

@/home/ec2-user/data/topics/1733 973
@/home/ec2-user/data/topics/1260 973
@/home/ec2-user/data/topics/2198 974
@/home/ec2-user/data/topics/2108 975
@/home/ec2-user/data/topics/3942 976
@/home/ec2-user/data/topics/1728 977
日本ビクター株式会社

@/home/ec2-user/data/topics/3939 978
@/home/ec2-user/data/topics/4056 978
@/home/ec2-user/data/topics/1823 979
@/home/ec2-user/data/topics/4123 980
@/home/ec2-user/data/topics/1389 981
@/home/ec2-user/data/topics/3603 982
@/home/ec2-user/data/topics/1520 983
@/home/ec2-user/data/topics/4672 984
@/home/ec2-user/data/topics/3620 985
@/home/ec2-user/data/topics/3882 986
@/home/ec2-user/data/topics/1440 987
花王株式会社

@/home/ec2-user/data/topics/3753 988
@/home/ec2-user/data/topics/1196 988
@/home/ec2-user/data/topics/4249 989
@/home/ec2-user/data/topics/3812 990
@/home/ec2-user/data/topics/3999 991
@/home/ec2-user/data/topics/1022 992
@/home/ec2-user/data/topics/4445 993
@/home/ec2-user/data/topics/4211 994
@/home/ec2-user/data/topics/3884 995
@/home/ec2-user/data/topics/4287 996
@/home/ec2-user/data/topics/2214 997
@/home/ec2-user/data/topics/1767 998
@/home/ec2-user/data/topics/4827 999
三田工業株式会社

@/home/ec2-user/data/topics/1034 1000
@/home/ec2-user/data/topics/2155 1000
@/home/ec2-user/data/topics/1269 1001
@/home/ec2-user/data/topics/3604 1002
@/home/ec2-user/data/topics/2136 1003
@/home/ec2-user/data/topics/1766 1004
@/home/ec2-user/data/topics/3923 1005
@/home/ec2-user/data/topics/3842 1006
@/home/ec2-user/data/topics/1033 1007
豊丸産業株式会社

@/home/ec2-user/data/topics/1284 1008
@/home/ec2-user/data/topics/1713 1008
@/home/ec2-user/data/topics/2169 1009
@/home/ec2-user/data/topics/1138 1010
@/home/ec2-user/data/topics/1588 1011
@/home/ec2-user/data/topics/1914 1012
@/home/ec2-user/data/topics/2011 1013
@/home/ec2-user/data/topics/1126 1014
@/home/ec2-user/data/topics/4847 1015
@/home/ec2-user/data/topics/1353 1016
@/home/ec2-user/data/topics/1726 1017
@/home/ec2-user/data/topics/1677 1018
@/home/ec2-user/data/topics/1097 1019
@/home/ec2-user/data/topics/3672 1020
@/home/ec2-user/data/topics/1401 1021
鐘紡株式会社

@/home/ec2-user/data/topics/1886 1022
@/home/ec2-user/data/topics/1054 1022
@/home/ec2-user/data/topics/1367 1023
@/home/ec2-user/data/topics/3560 1024
@/home/ec2-user/data/topics/3566 1025
@/home/ec2-user/data/topics/3634 1026
@/home/ec2-user/data/topics/1304 1027
@/home/ec2-user/data/topics/1870 1028
@/home/ec2-user/data/topics/1178 1029
@/home/ec2-user/data/topics/2034 1030
@/home/ec2-user/data/topics/2185 1031
@/home/ec2-user/data/topics/3551 1032
@/home/ec2-user/data/topics/1842 1033
@/home/ec2-user/data/topics/4195 1034
@/home/ec2-user/data/topics/1901 1035
@/home/ec2-user/data/topics/2223 1036
株式会社デンソー

@/home/ec2-user/data/topics/4622 1037
@/home/ec2-user/data/topics/4656 1037
@/home/ec2-user/data/topics/3480 1038
@/home/ec2-user/data/topics/3710 1039
@/home/ec2-user/data/topics/4423 1040
@/home/ec2-user/data/topics/4164 1041
@/home/ec2-user/data/topics/3406 1042
@/home/ec2-user/data/topics/4840 1043
@/home/ec2-user/data/topics/4046 1044
@/home/ec2-user/data/topics/4805 1045
@/home/ec2-user/data/topics/4675 1046
@/home/ec2-user/data/topics/4024 1047
@/home/ec2-user/data/topics/1028 1048
@/home/ec2-user/data/topics/1855 1049
@/home/ec2-user/data/topics/3421 1050
@/home/ec2-user/data/topics/4483 1051
@/home/ec2-user/data/topics/4498 1052
富士写真フイルム株式会社

@/home/ec2-user/data/topics/1662 1053
@/home/ec2-user/data/topics/3857 1053
@/home/ec2-user/data/topics/2134 1054
@/home/ec2-user/data/topics/3911 1055
@/home/ec2-user/data/topics/3447 1056
@/home/ec2-user/data/topics/4962 1057
@/home/ec2-user/data/topics/3354 1058
@/home/ec2-user/data/topics/1603 1059
@/home/ec2-user/data/topics/3918 1060
@/home/ec2-user/data/topics/1244 1061
@/home/ec2-user/data/topics/1570 1062
京セラ株式会社

@/home/ec2-user/data/topics/3869 1063
@/home/ec2-user/data/topics/4340 1063
@/home/ec2-user/data/topics/4901 1064
@/home/ec2-user/data/topics/1741 1065
@/home/ec2-user/data/topics/3741 1066
@/home/ec2-user/data/topics/1913 1067
@/home/ec2-user/data/topics/4513 1068
@/home/ec2-user/data/topics/1708 1069
@/home/ec2-user/data/topics/3615 1070
@/home/ec2-user/data/topics/4031 1071
@/home/ec2-user/data/topics/1485 1072
@/home/ec2-user/data/topics/3593 1073
イビデン株式会社

@/home/ec2-user/data/topics/1952 1074
@/home/ec2-user/data/topics/3814 1074
@/home/ec2-user/data/topics/2033 1075
@/home/ec2-user/data/topics/1682 1076
@/home/ec2-user/data/topics/1315 1077
@/home/ec2-user/data/topics/1336 1078
@/home/ec2-user/data/topics/1770 1079
株式会社東芝

@/home/ec2-user/data/topics/4096 1080
@/home/ec2-user/data/topics/3462 1080
@/home/ec2-user/data/topics/3363 1081
@/home/ec2-user/data/topics/3851 1082
@/home/ec2-user/data/topics/4089 1083
@/home/ec2-user/data/topics/4381 1084
@/home/ec2-user/data/topics/4623 1085
@/home/ec2-user/data/topics/3734 1086
@/home/ec2-user/data/topics/3542 1087
@/home/ec2-user/data/topics/3360 1088
@/home/ec2-user/data/topics/3688 1089
@/home/ec2-user/data/topics/1997 1090
@/home/ec2-user/data/topics/3990 1091
@/home/ec2-user/data/topics/3732 1092
@/home/ec2-user/data/topics/3351 1093
@/home/ec2-user/data/topics/3780 1094
@/home/ec2-user/data/topics/3795 1095
@/home/ec2-user/data/topics/4197 1096
@/home/ec2-user/data/topics/1585 1097
@/home/ec2-user/data/topics/4881 1098
@/home/ec2-user/data/topics/3683 1099
@/home/ec2-user/data/topics/4594 1100
@/home/ec2-user/data/topics/4535 1101
@/home/ec2-user/data/topics/4509 1102
@/home/ec2-user/data/topics/1090 1103
@/home/ec2-user/data/topics/4165 1104
@/home/ec2-user/data/topics/4336 1105
@/home/ec2-user/data/topics/4751 1106
@/home/ec2-user/data/topics/4631 1107
@/home/ec2-user/data/topics/4172 1108
@/home/ec2-user/data/topics/4302 1109
@/home/ec2-user/data/topics/1757 1110
@/home/ec2-user/data/topics/3948 1111
@/home/ec2-user/data/topics/4009 1112
@/home/ec2-user/data/topics/3881 1113
@/home/ec2-user/data/topics/1332 1114
@/home/ec2-user/data/topics/4935 1115
@/home/ec2-user/data/topics/4057 1116
@/home/ec2-user/data/topics/4863 1117
@/home/ec2-user/data/topics/3618 1118
@/home/ec2-user/data/topics/2241 1119
@/home/ec2-user/data/topics/3380 1120
@/home/ec2-user/data/topics/1819 1121
@/home/ec2-user/data/topics/3988 1122
@/home/ec2-user/data/topics/4292 1123
@/home/ec2-user/data/topics/4755 1124
@/home/ec2-user/data/topics/3716 1125
@/home/ec2-user/data/topics/3834 1126
@/home/ec2-user/data/topics/1756 1127
@/home/ec2-user/data/topics/3890 1128
@/home/ec2-user/data/topics/3352 1129
@/home/ec2-user/data/topics/1205 1130
@/home/ec2-user/data/topics/3689 1131
@/home/ec2-user/data/topics/4566 1132
@/home/ec2-user/data/topics/4912 1133
@/home/ec2-user/data/topics/1132 1134
@/home/ec2-user/data/topics/4361 1135
@/home/ec2-user/data/topics/3598 1136
@/home/ec2-user/data/topics/4842 1137
@/home/ec2-user/data/topics/4140 1138
@/home/ec2-user/data/topics/4183 1139
ヤマハ株式会社

@/home/ec2-user/data/topics/4145 1140
@/home/ec2-user/data/topics/4177 1140
@/home/ec2-user/data/topics/1911 1141
@/home/ec2-user/data/topics/4045 1142
@/home/ec2-user/data/topics/1443 1143
@/home/ec2-user/data/topics/1720 1144
@/home/ec2-user/data/topics/4010 1145
@/home/ec2-user/data/topics/1676 1146
@/home/ec2-user/data/topics/4954 1147
@/home/ec2-user/data/topics/4125 1148
@/home/ec2-user/data/topics/4919 1149
@/home/ec2-user/data/topics/3972 1150
@/home/ec2-user/data/topics/4084 1151
東洋紡績株式会社

@/home/ec2-user/data/topics/4362 1152
@/home/ec2-user/data/topics/3769 1152
@/home/ec2-user/data/topics/4366 1153
@/home/ec2-user/data/topics/1613 1154
@/home/ec2-user/data/topics/1029 1155
@/home/ec2-user/data/topics/4284 1156
三菱化学株式会社

@/home/ec2-user/data/topics/1699 1157
@/home/ec2-user/data/topics/3458 1157
@/home/ec2-user/data/topics/3513 1158
@/home/ec2-user/data/topics/1902 1159
@/home/ec2-user/data/topics/1197 1160
@/home/ec2-user/data/topics/3638 1161
カシオ計算機株式会社

@/home/ec2-user/data/topics/2180 1162
@/home/ec2-user/data/topics/1235 1162
@/home/ec2-user/data/topics/2237 1163
@/home/ec2-user/data/topics/1047 1164
@/home/ec2-user/data/topics/1794 1165
@/home/ec2-user/data/topics/1368 1166
@/home/ec2-user/data/topics/1535 1167
@/home/ec2-user/data/topics/3391 1168
コナミ株式会社

@/home/ec2-user/data/topics/1672 1169
@/home/ec2-user/data/topics/2151 1169
@/home/ec2-user/data/topics/4602 1170
@/home/ec2-user/data/topics/2100 1171
@/home/ec2-user/data/topics/1621 1172
@/home/ec2-user/data/topics/1302 1173
@/home/ec2-user/data/topics/4681 1174
@/home/ec2-user/data/topics/5015 1175
大日本スクリーン製造株式会社

@/home/ec2-user/data/topics/2172 1176
@/home/ec2-user/data/topics/1779 1176
@/home/ec2-user/data/topics/2209 1177
@/home/ec2-user/data/topics/1608 1178
@/home/ec2-user/data/topics/1173 1179
@/home/ec2-user/data/topics/3742 1180
@/home/ec2-user/data/topics/1130 1181
オムロン株式会社

@/home/ec2-user/data/topics/3863 1182
@/home/ec2-user/data/topics/1933 1182
@/home/ec2-user/data/topics/1841 1183
@/home/ec2-user/data/topics/1135 1184
@/home/ec2-user/data/topics/2096 1185
@/home/ec2-user/data/topics/1067 1186
@/home/ec2-user/data/topics/3594 1187
@/home/ec2-user/data/topics/1579 1188
@/home/ec2-user/data/topics/1533 1189
@/home/ec2-user/data/topics/3700 1190
@/home/ec2-user/data/topics/3748 1191
@/home/ec2-user/data/topics/3597 1192
@/home/ec2-user/data/topics/1657 1193
@/home/ec2-user/data/topics/4771 1194
@/home/ec2-user/data/topics/1151 1195
株式会社日立製作所

@/home/ec2-user/data/topics/4493 1196
@/home/ec2-user/data/topics/3993 1196
@/home/ec2-user/data/topics/1249 1197
@/home/ec2-user/data/topics/3965 1198
@/home/ec2-user/data/topics/1833 1199
@/home/ec2-user/data/topics/3706 1200
@/home/ec2-user/data/topics/3973 1201
@/home/ec2-user/data/topics/1826 1202
@/home/ec2-user/data/topics/1667 1203
@/home/ec2-user/data/topics/3384 1204
@/home/ec2-user/data/topics/3524 1205
@/home/ec2-user/data/topics/1640 1206
@/home/ec2-user/data/topics/4559 1207
@/home/ec2-user/data/topics/3665 1208
@/home/ec2-user/data/topics/3588 1209
@/home/ec2-user/data/topics/2019 1210
@/home/ec2-user/data/topics/4420 1211
@/home/ec2-user/data/topics/4545 1212
@/home/ec2-user/data/topics/3691 1213
@/home/ec2-user/data/topics/4830 1214
@/home/ec2-user/data/topics/1562 1215
@/home/ec2-user/data/topics/1247 1216
@/home/ec2-user/data/topics/4166 1217
@/home/ec2-user/data/topics/3994 1218
@/home/ec2-user/data/topics/3779 1219
@/home/ec2-user/data/topics/3570 1220
@/home/ec2-user/data/topics/2239 1221
@/home/ec2-user/data/topics/4547 1222
@/home/ec2-user/data/topics/2184 1223
@/home/ec2-user/data/topics/1651 1224
@/home/ec2-user/data/topics/1296 1225
@/home/ec2-user/data/topics/3461 1226
@/home/ec2-user/data/topics/1082 1227
@/home/ec2-user/data/topics/3350 1228
@/home/ec2-user/data/topics/3471 1229
@/home/ec2-user/data/topics/3822 1230
@/home/ec2-user/data/topics/3531 1231
@/home/ec2-user/data/topics/3772 1232
@/home/ec2-user/data/topics/4402 1233
@/home/ec2-user/data/topics/3659 1234
@/home/ec2-user/data/topics/3432 1235
@/home/ec2-user/data/topics/1463 1236
@/home/ec2-user/data/topics/4799 1237
@/home/ec2-user/data/topics/1278 1238
@/home/ec2-user/data/topics/4990 1239
@/home/ec2-user/data/topics/4489 1240
@/home/ec2-user/data/topics/1880 1241
@/home/ec2-user/data/topics/1501 1242
@/home/ec2-user/data/topics/1334 1243
@/home/ec2-user/data/topics/3968 1244
@/home/ec2-user/data/topics/1693 1245
@/home/ec2-user/data/topics/4551 1246
@/home/ec2-user/data/topics/3440 1247
@/home/ec2-user/data/topics/1072 1248
@/home/ec2-user/data/topics/4122 1249
@/home/ec2-user/data/topics/1882 1250
@/home/ec2-user/data/topics/3488 1251
@/home/ec2-user/data/topics/4058 1252
@/home/ec2-user/data/topics/4401 1253
@/home/ec2-user/data/topics/3599 1254
@/home/ec2-user/data/topics/1340 1255
@/home/ec2-user/data/topics/5029 1256
@/home/ec2-user/data/topics/4621 1257
@/home/ec2-user/data/topics/1987 1258
@/home/ec2-user/data/topics/3439 1259
@/home/ec2-user/data/topics/1825 1260
@/home/ec2-user/data/topics/1487 1261
@/home/ec2-user/data/topics/4040 1262
@/home/ec2-user/data/topics/2081 1263
@/home/ec2-user/data/topics/3648 1264
@/home/ec2-user/data/topics/1105 1265
@/home/ec2-user/data/topics/3596 1266
@/home/ec2-user/data/topics/4943 1267
@/home/ec2-user/data/topics/5030 1268
凸版印刷株式会社

@/home/ec2-user/data/topics/3526 1269
@/home/ec2-user/data/topics/1977 1269
@/home/ec2-user/data/topics/3624 1270
@/home/ec2-user/data/topics/4874 1271
@/home/ec2-user/data/topics/3500 1272
@/home/ec2-user/data/topics/1091 1273
@/home/ec2-user/data/topics/1765 1274
株式会社ノーリツ

@/home/ec2-user/data/topics/4206 1275
@/home/ec2-user/data/topics/2116 1275
@/home/ec2-user/data/topics/1618 1276
@/home/ec2-user/data/topics/1598 1277
@/home/ec2-user/data/topics/4354 1278
@/home/ec2-user/data/topics/1760 1279
@/home/ec2-user/data/topics/4776 1280
@/home/ec2-user/data/topics/1290 1281
川崎重工業株式会社

@/home/ec2-user/data/topics/1162 1282
@/home/ec2-user/data/topics/4756 1282
@/home/ec2-user/data/topics/4572 1283
@/home/ec2-user/data/topics/4866 1284
@/home/ec2-user/data/topics/4944 1285
@/home/ec2-user/data/topics/4793 1286
@/home/ec2-user/data/topics/5025 1287
@/home/ec2-user/data/topics/1172 1288
ティーディーケイ株式会社

@/home/ec2-user/data/topics/1510 1289
@/home/ec2-user/data/topics/2210 1289
@/home/ec2-user/data/topics/4619 1290
@/home/ec2-user/data/topics/1409 1291
@/home/ec2-user/data/topics/2202 1292
@/home/ec2-user/data/topics/1129 1293
@/home/ec2-user/data/topics/3792 1294
@/home/ec2-user/data/topics/3798 1295
@/home/ec2-user/data/topics/3909 1296
京セラミタ株式会社

@/home/ec2-user/data/topics/1032 1297
@/home/ec2-user/data/topics/4973 1297
@/home/ec2-user/data/topics/2141 1298
@/home/ec2-user/data/topics/4564 1299
@/home/ec2-user/data/topics/1930 1300
@/home/ec2-user/data/topics/4985 1301
@/home/ec2-user/data/topics/4174 1302
株式会社クボタ

@/home/ec2-user/data/topics/1012 1303
@/home/ec2-user/data/topics/1734 1303
@/home/ec2-user/data/topics/1280 1304
@/home/ec2-user/data/topics/1448 1305
@/home/ec2-user/data/topics/3854 1306
@/home/ec2-user/data/topics/4251 1307
@/home/ec2-user/data/topics/3919 1308
@/home/ec2-user/data/topics/3823 1309
@/home/ec2-user/data/topics/4745 1310
@/home/ec2-user/data/topics/4379 1311
シャープ株式会社

@/home/ec2-user/data/topics/3698 1312
@/home/ec2-user/data/topics/3762 1312
@/home/ec2-user/data/topics/1396 1313
@/home/ec2-user/data/topics/4263 1314
@/home/ec2-user/data/topics/1318 1315
@/home/ec2-user/data/topics/3957 1316
@/home/ec2-user/data/topics/4105 1317
@/home/ec2-user/data/topics/1685 1318
@/home/ec2-user/data/topics/3452 1319
@/home/ec2-user/data/topics/3606 1320
@/home/ec2-user/data/topics/1209 1321
@/home/ec2-user/data/topics/3871 1322
@/home/ec2-user/data/topics/1804 1323
@/home/ec2-user/data/topics/3777 1324
@/home/ec2-user/data/topics/4152 1325
@/home/ec2-user/data/topics/3895 1326
@/home/ec2-user/data/topics/3678 1327
@/home/ec2-user/data/topics/4519 1328
@/home/ec2-user/data/topics/4103 1329
@/home/ec2-user/data/topics/3855 1330
@/home/ec2-user/data/topics/3813 1331
@/home/ec2-user/data/topics/1419 1332
@/home/ec2-user/data/topics/4256 1333
@/home/ec2-user/data/topics/4173 1334
@/home/ec2-user/data/topics/3578 1335
@/home/ec2-user/data/topics/2087 1336
@/home/ec2-user/data/topics/4323 1337
@/home/ec2-user/data/topics/4124 1338
@/home/ec2-user/data/topics/4245 1339
@/home/ec2-user/data/topics/4744 1340
@/home/ec2-user/data/topics/3793 1341
@/home/ec2-user/data/topics/3978 1342
@/home/ec2-user/data/topics/4861 1343
@/home/ec2-user/data/topics/1154 1344
@/home/ec2-user/data/topics/1970 1345
@/home/ec2-user/data/topics/4127 1346
@/home/ec2-user/data/topics/3776 1347
@/home/ec2-user/data/topics/1840 1348
@/home/ec2-user/data/topics/1258 1349
@/home/ec2-user/data/topics/1965 1350
@/home/ec2-user/data/topics/4430 1351
@/home/ec2-user/data/topics/4113 1352
@/home/ec2-user/data/topics/2118 1353
@/home/ec2-user/data/topics/4691 1354
@/home/ec2-user/data/topics/4252 1355
@/home/ec2-user/data/topics/3966 1356
@/home/ec2-user/data/topics/4228 1357
@/home/ec2-user/data/topics/3673 1358
@/home/ec2-user/data/topics/4648 1359
@/home/ec2-user/data/topics/4782 1360
@/home/ec2-user/data/topics/3941 1361
@/home/ec2-user/data/topics/3537 1362
@/home/ec2-user/data/topics/1349 1363
@/home/ec2-user/data/topics/1384 1364
@/home/ec2-user/data/topics/4214 1365
@/home/ec2-user/data/topics/4349 1366
@/home/ec2-user/data/topics/2084 1367
@/home/ec2-user/data/topics/4469 1368
@/home/ec2-user/data/topics/4516 1369
@/home/ec2-user/data/topics/3422 1370
@/home/ec2-user/data/topics/1563 1371
@/home/ec2-user/data/topics/4019 1372
@/home/ec2-user/data/topics/4095 1373
@/home/ec2-user/data/topics/1288 1374
@/home/ec2-user/data/topics/4583 1375
@/home/ec2-user/data/topics/3610 1376
@/home/ec2-user/data/topics/3450 1377
@/home/ec2-user/data/topics/1561 1378
@/home/ec2-user/data/topics/3858 1379
@/home/ec2-user/data/topics/3981 1380
@/home/ec2-user/data/topics/3679 1381
@/home/ec2-user/data/topics/3832 1382
@/home/ec2-user/data/topics/4230 1383
@/home/ec2-user/data/topics/4717 1384
@/home/ec2-user/data/topics/2020 1385
@/home/ec2-user/data/topics/4005 1386
@/home/ec2-user/data/topics/3760 1387
@/home/ec2-user/data/topics/1431 1388
@/home/ec2-user/data/topics/4683 1389
@/home/ec2-user/data/topics/3649 1390
@/home/ec2-user/data/topics/1174 1391
日本輸送機株式会社

@/home/ec2-user/data/topics/2065 1392
@/home/ec2-user/data/topics/2221 1392
@/home/ec2-user/data/topics/1456 1393
@/home/ec2-user/data/topics/1108 1394
@/home/ec2-user/data/topics/1191 1395
@/home/ec2-user/data/topics/3573 1396
@/home/ec2-user/data/topics/1493 1397
@/home/ec2-user/data/topics/1940 1398
東京エレクトロン株式会社

@/home/ec2-user/data/topics/1263 1399
@/home/ec2-user/data/topics/4023 1399
@/home/ec2-user/data/topics/4002 1400
@/home/ec2-user/data/topics/3947 1401
@/home/ec2-user/data/topics/1800 1402
@/home/ec2-user/data/topics/4906 1403
@/home/ec2-user/data/topics/4702 1404
@/home/ec2-user/data/topics/1736 1405
@/home/ec2-user/data/topics/4053 1406
@/home/ec2-user/data/topics/1508 1407
@/home/ec2-user/data/topics/4345 1408
@/home/ec2-user/data/topics/4618 1409
株式会社村田製作所

@/home/ec2-user/data/topics/3885 1410
@/home/ec2-user/data/topics/1374 1410
@/home/ec2-user/data/topics/3482 1411
@/home/ec2-user/data/topics/4703 1412
@/home/ec2-user/data/topics/2229 1413
@/home/ec2-user/data/topics/4432 1414
@/home/ec2-user/data/topics/4070 1415
@/home/ec2-user/data/topics/1411 1416
@/home/ec2-user/data/topics/3697 1417
@/home/ec2-user/data/topics/4378 1418
@/home/ec2-user/data/topics/4163 1419
@/home/ec2-user/data/topics/4325 1420
@/home/ec2-user/data/topics/3435 1421
@/home/ec2-user/data/topics/4795 1422
@/home/ec2-user/data/topics/4271 1423
@/home/ec2-user/data/topics/4042 1424
@/home/ec2-user/data/topics/4417 1425
日本電信電話株式会社

@/home/ec2-user/data/topics/4560 1426
@/home/ec2-user/data/topics/4175 1426
@/home/ec2-user/data/topics/4131 1427
@/home/ec2-user/data/topics/4118 1428
@/home/ec2-user/data/topics/1787 1429
@/home/ec2-user/data/topics/1556 1430
@/home/ec2-user/data/topics/4208 1431
@/home/ec2-user/data/topics/4114 1432
@/home/ec2-user/data/topics/1408 1433
@/home/ec2-user/data/topics/4115 1434
@/home/ec2-user/data/topics/4925 1435
@/home/ec2-user/data/topics/4232 1436
@/home/ec2-user/data/topics/1934 1437
@/home/ec2-user/data/topics/4121 1438
@/home/ec2-user/data/topics/4146 1439
@/home/ec2-user/data/topics/4505 1440
@/home/ec2-user/data/topics/3359 1441
@/home/ec2-user/data/topics/3824 1442
@/home/ec2-user/data/topics/4836 1443
@/home/ec2-user/data/topics/2017 1444
@/home/ec2-user/data/topics/4965 1445
@/home/ec2-user/data/topics/3915 1446
@/home/ec2-user/data/topics/4664 1447
@/home/ec2-user/data/topics/3552 1448
@/home/ec2-user/data/topics/3521 1449
@/home/ec2-user/data/topics/4792 1450
@/home/ec2-user/data/topics/1042 1451
@/home/ec2-user/data/topics/3641 1452
@/home/ec2-user/data/topics/1230 1453
@/home/ec2-user/data/topics/4916 1454
@/home/ec2-user/data/topics/4870 1455
@/home/ec2-user/data/topics/4443 1456
@/home/ec2-user/data/topics/1809 1457
@/home/ec2-user/data/topics/4511 1458
@/home/ec2-user/data/topics/3928 1459
@/home/ec2-user/data/topics/3536 1460
@/home/ec2-user/data/topics/3509 1461
@/home/ec2-user/data/topics/4104 1462
@/home/ec2-user/data/topics/3650 1463
@/home/ec2-user/data/topics/4087 1464
@/home/ec2-user/data/topics/3544 1465
@/home/ec2-user/data/topics/3425 1466
@/home/ec2-user/data/topics/3586 1467
@/home/ec2-user/data/topics/4025 1468
@/home/ec2-user/data/topics/3785 1469
@/home/ec2-user/data/topics/4335 1470
@/home/ec2-user/data/topics/3927 1471
@/home/ec2-user/data/topics/4488 1472
@/home/ec2-user/data/topics/4865 1473
@/home/ec2-user/data/topics/4952 1474
@/home/ec2-user/data/topics/3811 1475
@/home/ec2-user/data/topics/2130 1476
@/home/ec2-user/data/topics/1229 1477
@/home/ec2-user/data/topics/3568 1478
@/home/ec2-user/data/topics/3894 1479
@/home/ec2-user/data/topics/4964 1480
日本鋼管株式会社

@/home/ec2-user/data/topics/4161 1481
@/home/ec2-user/data/topics/4289 1481
@/home/ec2-user/data/topics/2095 1482
@/home/ec2-user/data/topics/1690 1483
@/home/ec2-user/data/topics/1404 1484
@/home/ec2-user/data/topics/3572 1485
@/home/ec2-user/data/topics/4455 1486
株式会社神戸製鋼所

@/home/ec2-user/data/topics/3632 1487
@/home/ec2-user/data/topics/2064 1487
@/home/ec2-user/data/topics/3475 1488
@/home/ec2-user/data/topics/3902 1489
@/home/ec2-user/data/topics/3674 1490
@/home/ec2-user/data/topics/1465 1491
@/home/ec2-user/data/topics/4949 1492
株式会社ケンウッド

@/home/ec2-user/data/topics/2036 1493
@/home/ec2-user/data/topics/1241 1493
@/home/ec2-user/data/topics/2163 1494
@/home/ec2-user/data/topics/3878 1495
@/home/ec2-user/data/topics/1698 1496
@/home/ec2-user/data/topics/4167 1497
@/home/ec2-user/data/topics/3794 1498
@/home/ec2-user/data/topics/4467 1499
@/home/ec2-user/data/topics/1115 1500
@/home/ec2-user/data/topics/1617 1501
@/home/ec2-user/data/topics/4038 1502
@/home/ec2-user/data/topics/4050 1503
@/home/ec2-user/data/topics/3977 1504
@/home/ec2-user/data/topics/1424 1505
@/home/ec2-user/data/topics/3839 1506
@/home/ec2-user/data/topics/1186 1507
@/home/ec2-user/data/topics/3801 1508
@/home/ec2-user/data/topics/1345 1509
@/home/ec2-user/data/topics/3463 1510
@/home/ec2-user/data/topics/1896 1511
@/home/ec2-user/data/topics/3969 1512
東陶機器株式会社

@/home/ec2-user/data/topics/3821 1513
@/home/ec2-user/data/topics/2135 1513
@/home/ec2-user/data/topics/1692 1514
@/home/ec2-user/data/topics/3583 1515
@/home/ec2-user/data/topics/1626 1516
@/home/ec2-user/data/topics/1735 1517
本田技研工業株式会社

@/home/ec2-user/data/topics/4783 1518
@/home/ec2-user/data/topics/5026 1518
@/home/ec2-user/data/topics/2000 1519
@/home/ec2-user/data/topics/4331 1520
@/home/ec2-user/data/topics/4033 1521
@/home/ec2-user/data/topics/4375 1522
@/home/ec2-user/data/topics/3685 1523
@/home/ec2-user/data/topics/4888 1524
@/home/ec2-user/data/topics/1266 1525
@/home/ec2-user/data/topics/1143 1526
@/home/ec2-user/data/topics/1215 1527
@/home/ec2-user/data/topics/1226 1528
@/home/ec2-user/data/topics/1605 1529
@/home/ec2-user/data/topics/2016 1530
@/home/ec2-user/data/topics/1818 1531
@/home/ec2-user/data/topics/4132 1532
@/home/ec2-user/data/topics/1444 1533
@/home/ec2-user/data/topics/4199 1534
@/home/ec2-user/data/topics/1822 1535
新日本製鐵株式会社

@/home/ec2-user/data/topics/5008 1536
@/home/ec2-user/data/topics/3663 1536
@/home/ec2-user/data/topics/3899 1537
@/home/ec2-user/data/topics/3861 1538
@/home/ec2-user/data/topics/4472 1539
@/home/ec2-user/data/topics/3368 1540
松下電工株式会社

@/home/ec2-user/data/topics/4029 1541
@/home/ec2-user/data/topics/3379 1541
@/home/ec2-user/data/topics/4094 1542
@/home/ec2-user/data/topics/1251 1543
@/home/ec2-user/data/topics/2045 1544
@/home/ec2-user/data/topics/3565 1545
@/home/ec2-user/data/topics/4012 1546
@/home/ec2-user/data/topics/3778 1547
@/home/ec2-user/data/topics/4347 1548
@/home/ec2-user/data/topics/4592 1549
@/home/ec2-user/data/topics/3651 1550
@/home/ec2-user/data/topics/4317 1551
@/home/ec2-user/data/topics/3549 1552
@/home/ec2-user/data/topics/3835 1553
@/home/ec2-user/data/topics/3511 1554
@/home/ec2-user/data/topics/3670 1555
@/home/ec2-user/data/topics/1311 1556
@/home/ec2-user/data/topics/1803 1557
@/home/ec2-user/data/topics/4083 1558
@/home/ec2-user/data/topics/1011 1559
@/home/ec2-user/data/topics/4450 1560
@/home/ec2-user/data/topics/3932 1561
usernum: 72
hit: 536
simhit: 1033
simmax: 0.607142857143
simmin: 0.0
simavg: 0.200798634371
dlmax: 0.117724405886
dlmin: 0.00571569988324
dlavg: 0.033392483155
mthit: 460
mthls: 345
srp: 240.54
total: 1562
hit/total: 0.343149807939
simhit/total: 0.66133162612
mthit/(total+usernum): 0.281517747858
mthls/(total+usernum): 0.211138310894
srp/(total+usernum): 0.0490697674419
srp20/(total+usernum): 0.0136168910649
srp100/(total+usernum): 0.0283598531212
srp500/(total+usernum): 0.0424279885761

2016-12-24 09:40:04.736888
