2016-12-24 03:21:49.787891

topic-folder:/home/ec2-user/data/topics/
cl-file:/home/ec2-user/git/tfidf/result-new/b3-0.txt
cl-floder:/home/ec2-user/data/ldaclass-32-2000-top10000/
zipf:0.2
stype[0(tfidf)/1(tfidf2)/2(lsa)/3(lda)]:3
dtype[<0(diff*rand)/0(diff)/1(same)/>=2(diff*same)]:0
output-floder:/home/ec2-user/git/userquery/result

三菱マテリアル株式会社

@/home/ec2-user/data/topics/1638 0
@/home/ec2-user/data/topics/3866 0
@/home/ec2-user/data/topics/3546 1
@/home/ec2-user/data/topics/2093 2
@/home/ec2-user/data/topics/3470 3
@/home/ec2-user/data/topics/1085 4
@/home/ec2-user/data/topics/3520 5
@/home/ec2-user/data/topics/3630 6
日本精機株式会社

@/home/ec2-user/data/topics/4875 7
@/home/ec2-user/data/topics/4690 7
@/home/ec2-user/data/topics/4709 8
@/home/ec2-user/data/topics/4972 9
@/home/ec2-user/data/topics/4907 10
@/home/ec2-user/data/topics/1398 11
コニカ株式会社

@/home/ec2-user/data/topics/3431 12
@/home/ec2-user/data/topics/3419 12
@/home/ec2-user/data/topics/3426 13
@/home/ec2-user/data/topics/3357 14
@/home/ec2-user/data/topics/3370 15
@/home/ec2-user/data/topics/1946 16
@/home/ec2-user/data/topics/3418 17
@/home/ec2-user/data/topics/3486 18
@/home/ec2-user/data/topics/3533 19
@/home/ec2-user/data/topics/2162 20
@/home/ec2-user/data/topics/3414 21
埼玉日本電気株式会社

@/home/ec2-user/data/topics/4242 22
@/home/ec2-user/data/topics/4279 22
@/home/ec2-user/data/topics/4496 23
@/home/ec2-user/data/topics/4998 24
@/home/ec2-user/data/topics/4283 25
@/home/ec2-user/data/topics/1512 26
@/home/ec2-user/data/topics/4468 27
@/home/ec2-user/data/topics/1620 28
@/home/ec2-user/data/topics/5010 29
アルプス電気株式会社

@/home/ec2-user/data/topics/1434 30
@/home/ec2-user/data/topics/2089 30
@/home/ec2-user/data/topics/2012 31
@/home/ec2-user/data/topics/1253 32
@/home/ec2-user/data/topics/4791 33
@/home/ec2-user/data/topics/3429 34
@/home/ec2-user/data/topics/3582 35
三菱重工業株式会社

@/home/ec2-user/data/topics/4563 36
@/home/ec2-user/data/topics/4412 36
@/home/ec2-user/data/topics/3529 37
@/home/ec2-user/data/topics/3637 38
@/home/ec2-user/data/topics/3833 39
@/home/ec2-user/data/topics/4687 40
@/home/ec2-user/data/topics/4882 41
@/home/ec2-user/data/topics/3591 42
@/home/ec2-user/data/topics/3503 43
@/home/ec2-user/data/topics/4862 44
@/home/ec2-user/data/topics/3944 45
@/home/ec2-user/data/topics/5022 46
村田機械株式会社

@/home/ec2-user/data/topics/4556 47
@/home/ec2-user/data/topics/4835 47
@/home/ec2-user/data/topics/4638 48
@/home/ec2-user/data/topics/5000 49
@/home/ec2-user/data/topics/4941 50
@/home/ec2-user/data/topics/4565 51
@/home/ec2-user/data/topics/4746 52
@/home/ec2-user/data/topics/3528 53
@/home/ec2-user/data/topics/1074 54
@/home/ec2-user/data/topics/3740 55
@/home/ec2-user/data/topics/1607 56
@/home/ec2-user/data/topics/4645 57
@/home/ec2-user/data/topics/1293 58
@/home/ec2-user/data/topics/1511 59
@/home/ec2-user/data/topics/4596 60
@/home/ec2-user/data/topics/4441 61
@/home/ec2-user/data/topics/4570 62
川崎製鉄株式会社

@/home/ec2-user/data/topics/3413 63
@/home/ec2-user/data/topics/3929 63
@/home/ec2-user/data/topics/3483 64
@/home/ec2-user/data/topics/1459 65
@/home/ec2-user/data/topics/3532 66
@/home/ec2-user/data/topics/3553 67
@/home/ec2-user/data/topics/1037 68
@/home/ec2-user/data/topics/4615 69
@/home/ec2-user/data/topics/3611 70
ダイキン工業株式会社

@/home/ec2-user/data/topics/1600 71
@/home/ec2-user/data/topics/4367 71
@/home/ec2-user/data/topics/4753 72
@/home/ec2-user/data/topics/4858 73
@/home/ec2-user/data/topics/4701 74
@/home/ec2-user/data/topics/4515 75
@/home/ec2-user/data/topics/3888 76
@/home/ec2-user/data/topics/1565 77
@/home/ec2-user/data/topics/4845 78
@/home/ec2-user/data/topics/4400 79
@/home/ec2-user/data/topics/4734 80
三菱自動車工業株式会社

@/home/ec2-user/data/topics/1428 81
@/home/ec2-user/data/topics/3815 81
@/home/ec2-user/data/topics/4189 82
@/home/ec2-user/data/topics/1816 83
@/home/ec2-user/data/topics/2101 84
@/home/ec2-user/data/topics/3502 85
@/home/ec2-user/data/topics/3940 86
@/home/ec2-user/data/topics/1527 87
日産自動車株式会社

@/home/ec2-user/data/topics/3489 88
@/home/ec2-user/data/topics/3677 88
@/home/ec2-user/data/topics/3712 89
@/home/ec2-user/data/topics/3497 90
@/home/ec2-user/data/topics/3723 91
@/home/ec2-user/data/topics/4074 92
@/home/ec2-user/data/topics/3501 93
@/home/ec2-user/data/topics/4982 94
@/home/ec2-user/data/topics/3829 95
@/home/ec2-user/data/topics/3645 96
@/home/ec2-user/data/topics/3936 97
トヨタ自動車株式会社

@/home/ec2-user/data/topics/3725 98
@/home/ec2-user/data/topics/3731 98
@/home/ec2-user/data/topics/3783 99
@/home/ec2-user/data/topics/4346 100
@/home/ec2-user/data/topics/3699 101
@/home/ec2-user/data/topics/3587 102
@/home/ec2-user/data/topics/4658 103
@/home/ec2-user/data/topics/3943 104
@/home/ec2-user/data/topics/2111 105
@/home/ec2-user/data/topics/4647 106
@/home/ec2-user/data/topics/4543 107
@/home/ec2-user/data/topics/2218 108
@/home/ec2-user/data/topics/3405 109
@/home/ec2-user/data/topics/3356 110
@/home/ec2-user/data/topics/4030 111
@/home/ec2-user/data/topics/4298 112
@/home/ec2-user/data/topics/4767 113
@/home/ec2-user/data/topics/1494 114
@/home/ec2-user/data/topics/3671 115
@/home/ec2-user/data/topics/4064 116
@/home/ec2-user/data/topics/4617 117
@/home/ec2-user/data/topics/3481 118
@/home/ec2-user/data/topics/4426 119
@/home/ec2-user/data/topics/1551 120
@/home/ec2-user/data/topics/4633 121
@/home/ec2-user/data/topics/4920 122
@/home/ec2-user/data/topics/4008 123
@/home/ec2-user/data/topics/3758 124
@/home/ec2-user/data/topics/4144 125
オリンパス光学工業株式会社

@/home/ec2-user/data/topics/4878 126
@/home/ec2-user/data/topics/1835 126
@/home/ec2-user/data/topics/4007 127
@/home/ec2-user/data/topics/1586 128
@/home/ec2-user/data/topics/1107 129
@/home/ec2-user/data/topics/1739 130
@/home/ec2-user/data/topics/4013 131
@/home/ec2-user/data/topics/1155 132
@/home/ec2-user/data/topics/2026 133
@/home/ec2-user/data/topics/1869 134
@/home/ec2-user/data/topics/5006 135
@/home/ec2-user/data/topics/1981 136
ブラザー工業株式会社

@/home/ec2-user/data/topics/3686 137
@/home/ec2-user/data/topics/4548 137
@/home/ec2-user/data/topics/3789 138
@/home/ec2-user/data/topics/1164 139
@/home/ec2-user/data/topics/3477 140
@/home/ec2-user/data/topics/1183 141
@/home/ec2-user/data/topics/1906 142
@/home/ec2-user/data/topics/1300 143
@/home/ec2-user/data/topics/2085 144
@/home/ec2-user/data/topics/3613 145
@/home/ec2-user/data/topics/1076 146
@/home/ec2-user/data/topics/3507 147
@/home/ec2-user/data/topics/2086 148
@/home/ec2-user/data/topics/1636 149
@/home/ec2-user/data/topics/1697 150
富士通株式会社

@/home/ec2-user/data/topics/3428 151
@/home/ec2-user/data/topics/3381 151
@/home/ec2-user/data/topics/2227 152
@/home/ec2-user/data/topics/3636 153
@/home/ec2-user/data/topics/3749 154
@/home/ec2-user/data/topics/3765 155
@/home/ec2-user/data/topics/3400 156
@/home/ec2-user/data/topics/3460 157
@/home/ec2-user/data/topics/1998 158
@/home/ec2-user/data/topics/1874 159
@/home/ec2-user/data/topics/3751 160
@/home/ec2-user/data/topics/1271 161
@/home/ec2-user/data/topics/3399 162
@/home/ec2-user/data/topics/3970 163
@/home/ec2-user/data/topics/4191 164
@/home/ec2-user/data/topics/1264 165
@/home/ec2-user/data/topics/3846 166
@/home/ec2-user/data/topics/5004 167
@/home/ec2-user/data/topics/3802 168
@/home/ec2-user/data/topics/1609 169
@/home/ec2-user/data/topics/3883 170
@/home/ec2-user/data/topics/3870 171
@/home/ec2-user/data/topics/3912 172
@/home/ec2-user/data/topics/1123 173
@/home/ec2-user/data/topics/3962 174
@/home/ec2-user/data/topics/3799 175
@/home/ec2-user/data/topics/3850 176
@/home/ec2-user/data/topics/2216 177
@/home/ec2-user/data/topics/2215 178
@/home/ec2-user/data/topics/1547 179
@/home/ec2-user/data/topics/3538 180
@/home/ec2-user/data/topics/3862 181
静岡日本電気株式会社

@/home/ec2-user/data/topics/4314 182
@/home/ec2-user/data/topics/4507 182
@/home/ec2-user/data/topics/4365 183
@/home/ec2-user/data/topics/4531 184
@/home/ec2-user/data/topics/4250 185
@/home/ec2-user/data/topics/4326 186
住友重機械工業株式会社

@/home/ec2-user/data/topics/4854 187
@/home/ec2-user/data/topics/1900 187
@/home/ec2-user/data/topics/1553 188
@/home/ec2-user/data/topics/2039 189
@/home/ec2-user/data/topics/1019 190
@/home/ec2-user/data/topics/3868 191
@/home/ec2-user/data/topics/1373 192
@/home/ec2-user/data/topics/3952 193
@/home/ec2-user/data/topics/1505 194
大日本印刷株式会社

@/home/ec2-user/data/topics/3388 195
@/home/ec2-user/data/topics/1262 195
@/home/ec2-user/data/topics/1145 196
@/home/ec2-user/data/topics/3569 197
@/home/ec2-user/data/topics/1099 198
@/home/ec2-user/data/topics/1564 199
日本電気株式会社

@/home/ec2-user/data/topics/4561 200
@/home/ec2-user/data/topics/1122 200
@/home/ec2-user/data/topics/4207 201
@/home/ec2-user/data/topics/4129 202
@/home/ec2-user/data/topics/1500 203
@/home/ec2-user/data/topics/4267 204
@/home/ec2-user/data/topics/3766 205
@/home/ec2-user/data/topics/4240 206
@/home/ec2-user/data/topics/1867 207
@/home/ec2-user/data/topics/4343 208
@/home/ec2-user/data/topics/4310 209
@/home/ec2-user/data/topics/4192 210
@/home/ec2-user/data/topics/4442 211
@/home/ec2-user/data/topics/4838 212
@/home/ec2-user/data/topics/1891 213
@/home/ec2-user/data/topics/3875 214
@/home/ec2-user/data/topics/4120 215
@/home/ec2-user/data/topics/4257 216
@/home/ec2-user/data/topics/4158 217
@/home/ec2-user/data/topics/1773 218
@/home/ec2-user/data/topics/5034 219
@/home/ec2-user/data/topics/2031 220
@/home/ec2-user/data/topics/4153 221
@/home/ec2-user/data/topics/1016 222
@/home/ec2-user/data/topics/4389 223
@/home/ec2-user/data/topics/4137 224
@/home/ec2-user/data/topics/3767 225
@/home/ec2-user/data/topics/4116 226
@/home/ec2-user/data/topics/4273 227
@/home/ec2-user/data/topics/2150 228
@/home/ec2-user/data/topics/4278 229
@/home/ec2-user/data/topics/4659 230
@/home/ec2-user/data/topics/4003 231
@/home/ec2-user/data/topics/4634 232
@/home/ec2-user/data/topics/4760 233
@/home/ec2-user/data/topics/4533 234
@/home/ec2-user/data/topics/4246 235
@/home/ec2-user/data/topics/4595 236
@/home/ec2-user/data/topics/4404 237
@/home/ec2-user/data/topics/4536 238
@/home/ec2-user/data/topics/4247 239
@/home/ec2-user/data/topics/4779 240
@/home/ec2-user/data/topics/4418 241
@/home/ec2-user/data/topics/3729 242
@/home/ec2-user/data/topics/1100 243
@/home/ec2-user/data/topics/1362 244
@/home/ec2-user/data/topics/4824 245
@/home/ec2-user/data/topics/4490 246
@/home/ec2-user/data/topics/1937 247
@/home/ec2-user/data/topics/1486 248
@/home/ec2-user/data/topics/4390 249
@/home/ec2-user/data/topics/4352 250
@/home/ec2-user/data/topics/4092 251
@/home/ec2-user/data/topics/4665 252
@/home/ec2-user/data/topics/4216 253
@/home/ec2-user/data/topics/1052 254
@/home/ec2-user/data/topics/1844 255
@/home/ec2-user/data/topics/2127 256
@/home/ec2-user/data/topics/1852 257
@/home/ec2-user/data/topics/4119 258
@/home/ec2-user/data/topics/4808 259
@/home/ec2-user/data/topics/4063 260
@/home/ec2-user/data/topics/1383 261
@/home/ec2-user/data/topics/1624 262
@/home/ec2-user/data/topics/4532 263
@/home/ec2-user/data/topics/4281 264
@/home/ec2-user/data/topics/4371 265
@/home/ec2-user/data/topics/4414 266
@/home/ec2-user/data/topics/1595 267
@/home/ec2-user/data/topics/4071 268
@/home/ec2-user/data/topics/4770 269
@/home/ec2-user/data/topics/4485 270
@/home/ec2-user/data/topics/4458 271
@/home/ec2-user/data/topics/4313 272
@/home/ec2-user/data/topics/4902 273
@/home/ec2-user/data/topics/1791 274
@/home/ec2-user/data/topics/3956 275
@/home/ec2-user/data/topics/4816 276
@/home/ec2-user/data/topics/1112 277
@/home/ec2-user/data/topics/4393 278
@/home/ec2-user/data/topics/4100 279
@/home/ec2-user/data/topics/2022 280
@/home/ec2-user/data/topics/4433 281
@/home/ec2-user/data/topics/4134 282
@/home/ec2-user/data/topics/1948 283
@/home/ec2-user/data/topics/4447 284
@/home/ec2-user/data/topics/3744 285
@/home/ec2-user/data/topics/3886 286
@/home/ec2-user/data/topics/1360 287
@/home/ec2-user/data/topics/4185 288
@/home/ec2-user/data/topics/4742 289
@/home/ec2-user/data/topics/1923 290
@/home/ec2-user/data/topics/4892 291
@/home/ec2-user/data/topics/1199 292
@/home/ec2-user/data/topics/4062 293
@/home/ec2-user/data/topics/3724 294
@/home/ec2-user/data/topics/4926 295
@/home/ec2-user/data/topics/4204 296
@/home/ec2-user/data/topics/1326 297
@/home/ec2-user/data/topics/4646 298
@/home/ec2-user/data/topics/4425 299
@/home/ec2-user/data/topics/4427 300
@/home/ec2-user/data/topics/1783 301
@/home/ec2-user/data/topics/4721 302
@/home/ec2-user/data/topics/3995 303
@/home/ec2-user/data/topics/4017 304
@/home/ec2-user/data/topics/4877 305
@/home/ec2-user/data/topics/4578 306
@/home/ec2-user/data/topics/1464 307
@/home/ec2-user/data/topics/4142 308
@/home/ec2-user/data/topics/1815 309
@/home/ec2-user/data/topics/4440 310
@/home/ec2-user/data/topics/4598 311
@/home/ec2-user/data/topics/4318 312
@/home/ec2-user/data/topics/4138 313
@/home/ec2-user/data/topics/1661 314
@/home/ec2-user/data/topics/3897 315
@/home/ec2-user/data/topics/1879 316
@/home/ec2-user/data/topics/2041 317
@/home/ec2-user/data/topics/4260 318
@/home/ec2-user/data/topics/1764 319
@/home/ec2-user/data/topics/4650 320
@/home/ec2-user/data/topics/4480 321
@/home/ec2-user/data/topics/1567 322
@/home/ec2-user/data/topics/4434 323
@/home/ec2-user/data/topics/3971 324
@/home/ec2-user/data/topics/4549 325
@/home/ec2-user/data/topics/4689 326
@/home/ec2-user/data/topics/4584 327
@/home/ec2-user/data/topics/1281 328
@/home/ec2-user/data/topics/4708 329
@/home/ec2-user/data/topics/4360 330
@/home/ec2-user/data/topics/4850 331
@/home/ec2-user/data/topics/4244 332
@/home/ec2-user/data/topics/2144 333
@/home/ec2-user/data/topics/4699 334
@/home/ec2-user/data/topics/4398 335
@/home/ec2-user/data/topics/4477 336
@/home/ec2-user/data/topics/4609 337
@/home/ec2-user/data/topics/1078 338
@/home/ec2-user/data/topics/4243 339
@/home/ec2-user/data/topics/1101 340
@/home/ec2-user/data/topics/4749 341
@/home/ec2-user/data/topics/4093 342
@/home/ec2-user/data/topics/4486 343
@/home/ec2-user/data/topics/4388 344
@/home/ec2-user/data/topics/4196 345
@/home/ec2-user/data/topics/1928 346
@/home/ec2-user/data/topics/4785 347
@/home/ec2-user/data/topics/3938 348
@/home/ec2-user/data/topics/1612 349
@/home/ec2-user/data/topics/1364 350
@/home/ec2-user/data/topics/4759 351
@/home/ec2-user/data/topics/1634 352
@/home/ec2-user/data/topics/4162 353
@/home/ec2-user/data/topics/1044 354
@/home/ec2-user/data/topics/4429 355
@/home/ec2-user/data/topics/4168 356
@/home/ec2-user/data/topics/4359 357
@/home/ec2-user/data/topics/3865 358
@/home/ec2-user/data/topics/2166 359
@/home/ec2-user/data/topics/4082 360
@/home/ec2-user/data/topics/1557 361
@/home/ec2-user/data/topics/4643 362
@/home/ec2-user/data/topics/4537 363
@/home/ec2-user/data/topics/4696 364
@/home/ec2-user/data/topics/4275 365
@/home/ec2-user/data/topics/4209 366
@/home/ec2-user/data/topics/4319 367
@/home/ec2-user/data/topics/4342 368
@/home/ec2-user/data/topics/4460 369
@/home/ec2-user/data/topics/2119 370
@/home/ec2-user/data/topics/4238 371
@/home/ec2-user/data/topics/4750 372
@/home/ec2-user/data/topics/4728 373
@/home/ec2-user/data/topics/4725 374
@/home/ec2-user/data/topics/1523 375
@/home/ec2-user/data/topics/4613 376
@/home/ec2-user/data/topics/4940 377
@/home/ec2-user/data/topics/1710 378
@/home/ec2-user/data/topics/4651 379
@/home/ec2-user/data/topics/4288 380
@/home/ec2-user/data/topics/3954 381
@/home/ec2-user/data/topics/1724 382
@/home/ec2-user/data/topics/4764 383
@/home/ec2-user/data/topics/4309 384
@/home/ec2-user/data/topics/4236 385
@/home/ec2-user/data/topics/4171 386
@/home/ec2-user/data/topics/4666 387
@/home/ec2-user/data/topics/4626 388
@/home/ec2-user/data/topics/4186 389
@/home/ec2-user/data/topics/1457 390
@/home/ec2-user/data/topics/4718 391
@/home/ec2-user/data/topics/2088 392
@/home/ec2-user/data/topics/4258 393
@/home/ec2-user/data/topics/4682 394
@/home/ec2-user/data/topics/4497 395
@/home/ec2-user/data/topics/4276 396
@/home/ec2-user/data/topics/3896 397
@/home/ec2-user/data/topics/1116 398
@/home/ec2-user/data/topics/1973 399
@/home/ec2-user/data/topics/4300 400
@/home/ec2-user/data/topics/4530 401
@/home/ec2-user/data/topics/4657 402
@/home/ec2-user/data/topics/4154 403
@/home/ec2-user/data/topics/4446 404
@/home/ec2-user/data/topics/4097 405
@/home/ec2-user/data/topics/4272 406
@/home/ec2-user/data/topics/4254 407
@/home/ec2-user/data/topics/3853 408
@/home/ec2-user/data/topics/4338 409
@/home/ec2-user/data/topics/4603 410
@/home/ec2-user/data/topics/4876 411
@/home/ec2-user/data/topics/4644 412
@/home/ec2-user/data/topics/4128 413
@/home/ec2-user/data/topics/4320 414
@/home/ec2-user/data/topics/4775 415
@/home/ec2-user/data/topics/4227 416
@/home/ec2-user/data/topics/4315 417
@/home/ec2-user/data/topics/4081 418
松下電器産業株式会社

@/home/ec2-user/data/topics/3739 419
@/home/ec2-user/data/topics/3558 419
@/home/ec2-user/data/topics/1706 420
@/home/ec2-user/data/topics/4961 421
@/home/ec2-user/data/topics/4139 422
@/home/ec2-user/data/topics/3704 423
@/home/ec2-user/data/topics/2222 424
@/home/ec2-user/data/topics/3585 425
@/home/ec2-user/data/topics/1026 426
@/home/ec2-user/data/topics/1633 427
@/home/ec2-user/data/topics/1589 428
@/home/ec2-user/data/topics/1701 429
@/home/ec2-user/data/topics/4945 430
@/home/ec2-user/data/topics/4625 431
@/home/ec2-user/data/topics/4193 432
@/home/ec2-user/data/topics/1516 433
@/home/ec2-user/data/topics/4229 434
@/home/ec2-user/data/topics/4180 435
@/home/ec2-user/data/topics/4043 436
@/home/ec2-user/data/topics/4157 437
@/home/ec2-user/data/topics/1881 438
@/home/ec2-user/data/topics/3951 439
@/home/ec2-user/data/topics/4448 440
@/home/ec2-user/data/topics/4394 441
@/home/ec2-user/data/topics/4355 442
@/home/ec2-user/data/topics/4501 443
@/home/ec2-user/data/topics/1158 444
@/home/ec2-user/data/topics/4599 445
@/home/ec2-user/data/topics/2056 446
@/home/ec2-user/data/topics/1705 447
@/home/ec2-user/data/topics/4491 448
@/home/ec2-user/data/topics/4806 449
@/home/ec2-user/data/topics/4303 450
@/home/ec2-user/data/topics/3658 451
@/home/ec2-user/data/topics/4558 452
@/home/ec2-user/data/topics/2156 453
@/home/ec2-user/data/topics/3619 454
@/home/ec2-user/data/topics/3904 455
@/home/ec2-user/data/topics/1257 456
@/home/ec2-user/data/topics/4503 457
@/home/ec2-user/data/topics/4160 458
@/home/ec2-user/data/topics/4215 459
@/home/ec2-user/data/topics/4918 460
@/home/ec2-user/data/topics/3979 461
@/home/ec2-user/data/topics/3694 462
@/home/ec2-user/data/topics/4264 463
@/home/ec2-user/data/topics/4101 464
@/home/ec2-user/data/topics/4586 465
@/home/ec2-user/data/topics/4804 466
@/home/ec2-user/data/topics/4798 467
@/home/ec2-user/data/topics/2029 468
@/home/ec2-user/data/topics/4280 469
@/home/ec2-user/data/topics/3960 470
@/home/ec2-user/data/topics/3514 471
@/home/ec2-user/data/topics/1540 472
@/home/ec2-user/data/topics/4098 473
@/home/ec2-user/data/topics/1812 474
@/home/ec2-user/data/topics/4577 475
@/home/ec2-user/data/topics/3404 476
@/home/ec2-user/data/topics/4459 477
@/home/ec2-user/data/topics/4867 478
@/home/ec2-user/data/topics/1762 479
@/home/ec2-user/data/topics/3920 480
@/home/ec2-user/data/topics/4968 481
@/home/ec2-user/data/topics/1955 482
@/home/ec2-user/data/topics/4000 483
@/home/ec2-user/data/topics/4382 484
@/home/ec2-user/data/topics/3680 485
@/home/ec2-user/data/topics/4761 486
@/home/ec2-user/data/topics/4307 487
@/home/ec2-user/data/topics/4574 488
@/home/ec2-user/data/topics/2080 489
@/home/ec2-user/data/topics/4817 490
@/home/ec2-user/data/topics/5024 491
@/home/ec2-user/data/topics/3761 492
@/home/ec2-user/data/topics/4475 493
@/home/ec2-user/data/topics/3494 494
@/home/ec2-user/data/topics/3510 495
@/home/ec2-user/data/topics/3847 496
@/home/ec2-user/data/topics/4936 497
@/home/ec2-user/data/topics/3455 498
@/home/ec2-user/data/topics/1885 499
@/home/ec2-user/data/topics/1339 500
@/home/ec2-user/data/topics/4754 501
@/home/ec2-user/data/topics/5028 502
@/home/ec2-user/data/topics/4159 503
@/home/ec2-user/data/topics/4422 504
@/home/ec2-user/data/topics/4676 505
@/home/ec2-user/data/topics/3402 506
@/home/ec2-user/data/topics/4797 507
@/home/ec2-user/data/topics/4787 508
@/home/ec2-user/data/topics/4102 509
@/home/ec2-user/data/topics/4126 510
@/home/ec2-user/data/topics/3692 511
@/home/ec2-user/data/topics/3746 512
@/home/ec2-user/data/topics/3519 513
@/home/ec2-user/data/topics/4385 514
@/home/ec2-user/data/topics/1748 515
@/home/ec2-user/data/topics/4885 516
@/home/ec2-user/data/topics/1136 517
@/home/ec2-user/data/topics/3719 518
@/home/ec2-user/data/topics/1509 519
@/home/ec2-user/data/topics/2129 520
@/home/ec2-user/data/topics/4464 521
@/home/ec2-user/data/topics/1829 522
@/home/ec2-user/data/topics/3807 523
@/home/ec2-user/data/topics/4274 524
@/home/ec2-user/data/topics/1477 525
@/home/ec2-user/data/topics/3721 526
@/home/ec2-user/data/topics/3676 527
@/home/ec2-user/data/topics/1635 528
@/home/ec2-user/data/topics/3386 529
@/home/ec2-user/data/topics/1157 530
@/home/ec2-user/data/topics/4917 531
@/home/ec2-user/data/topics/4502 532
@/home/ec2-user/data/topics/2170 533
@/home/ec2-user/data/topics/1898 534
@/home/ec2-user/data/topics/4667 535
@/home/ec2-user/data/topics/1525 536
@/home/ec2-user/data/topics/1252 537
@/home/ec2-user/data/topics/4707 538
@/home/ec2-user/data/topics/1179 539
@/home/ec2-user/data/topics/1070 540
セイコーインスツルメンツ株式会社

@/home/ec2-user/data/topics/4036 541
@/home/ec2-user/data/topics/4190 541
@/home/ec2-user/data/topics/4203 542
@/home/ec2-user/data/topics/3626 543
@/home/ec2-user/data/topics/1707 544
@/home/ec2-user/data/topics/4151 545
@/home/ec2-user/data/topics/4997 546
@/home/ec2-user/data/topics/4088 547
@/home/ec2-user/data/topics/3825 548
ミノルタ株式会社

@/home/ec2-user/data/topics/3584 549
@/home/ec2-user/data/topics/4321 549
@/home/ec2-user/data/topics/4970 550
@/home/ec2-user/data/topics/1152 551
@/home/ec2-user/data/topics/4984 552
@/home/ec2-user/data/topics/2190 553
@/home/ec2-user/data/topics/4986 554
@/home/ec2-user/data/topics/3545 555
@/home/ec2-user/data/topics/3810 556
@/home/ec2-user/data/topics/4951 557
@/home/ec2-user/data/topics/4971 558
@/home/ec2-user/data/topics/4977 559
株式会社リコー

@/home/ec2-user/data/topics/3775 560
@/home/ec2-user/data/topics/3633 560
@/home/ec2-user/data/topics/1627 561
@/home/ec2-user/data/topics/2201 562
@/home/ec2-user/data/topics/1718 563
@/home/ec2-user/data/topics/1663 564
@/home/ec2-user/data/topics/1610 565
@/home/ec2-user/data/topics/3837 566
@/home/ec2-user/data/topics/3557 567
@/home/ec2-user/data/topics/1976 568
@/home/ec2-user/data/topics/3436 569
@/home/ec2-user/data/topics/1064 570
@/home/ec2-user/data/topics/2006 571
@/home/ec2-user/data/topics/3474 572
@/home/ec2-user/data/topics/1775 573
@/home/ec2-user/data/topics/2043 574
@/home/ec2-user/data/topics/3711 575
@/home/ec2-user/data/topics/3548 576
@/home/ec2-user/data/topics/4344 577
@/home/ec2-user/data/topics/1670 578
@/home/ec2-user/data/topics/1514 579
@/home/ec2-user/data/topics/1668 580
@/home/ec2-user/data/topics/3495 581
@/home/ec2-user/data/topics/4037 582
@/home/ec2-user/data/topics/2090 583
@/home/ec2-user/data/topics/3394 584
@/home/ec2-user/data/topics/4616 585
@/home/ec2-user/data/topics/1669 586
@/home/ec2-user/data/topics/3687 587
@/home/ec2-user/data/topics/1478 588
@/home/ec2-user/data/topics/1225 589
@/home/ec2-user/data/topics/4781 590
@/home/ec2-user/data/topics/3574 591
@/home/ec2-user/data/topics/1593 592
@/home/ec2-user/data/topics/3484 593
@/home/ec2-user/data/topics/3424 594
@/home/ec2-user/data/topics/3750 595
@/home/ec2-user/data/topics/2200 596
@/home/ec2-user/data/topics/1755 597
@/home/ec2-user/data/topics/3555 598
@/home/ec2-user/data/topics/2219 599
@/home/ec2-user/data/topics/2189 600
@/home/ec2-user/data/topics/4879 601
@/home/ec2-user/data/topics/1776 602
@/home/ec2-user/data/topics/1190 603
@/home/ec2-user/data/topics/2182 604
@/home/ec2-user/data/topics/3713 605
@/home/ec2-user/data/topics/1878 606
@/home/ec2-user/data/topics/3759 607
@/home/ec2-user/data/topics/3669 608
@/home/ec2-user/data/topics/3880 609
@/home/ec2-user/data/topics/3411 610
@/home/ec2-user/data/topics/1095 611
@/home/ec2-user/data/topics/1436 612
@/home/ec2-user/data/topics/1106 613
@/home/ec2-user/data/topics/1083 614
@/home/ec2-user/data/topics/3446 615
@/home/ec2-user/data/topics/1806 616
@/home/ec2-user/data/topics/1433 617
@/home/ec2-user/data/topics/3530 618
@/home/ec2-user/data/topics/1691 619
@/home/ec2-user/data/topics/1974 620
@/home/ec2-user/data/topics/3472 621
@/home/ec2-user/data/topics/4265 622
@/home/ec2-user/data/topics/1740 623
@/home/ec2-user/data/topics/1282 624
@/home/ec2-user/data/topics/1780 625
@/home/ec2-user/data/topics/1482 626
@/home/ec2-user/data/topics/3523 627
@/home/ec2-user/data/topics/3378 628
@/home/ec2-user/data/topics/1774 629
独立行政法人産業技術総合研究所

@/home/ec2-user/data/topics/4740 630
@/home/ec2-user/data/topics/4869 630
@/home/ec2-user/data/topics/4800 631
@/home/ec2-user/data/topics/4777 632
@/home/ec2-user/data/topics/1356 633
@/home/ec2-user/data/topics/4739 634
ソニー株式会社

@/home/ec2-user/data/topics/1686 635
@/home/ec2-user/data/topics/3401 635
@/home/ec2-user/data/topics/1397 636
@/home/ec2-user/data/topics/1291 637
@/home/ec2-user/data/topics/3872 638
@/home/ec2-user/data/topics/1414 639
@/home/ec2-user/data/topics/1873 640
@/home/ec2-user/data/topics/2075 641
@/home/ec2-user/data/topics/1892 642
@/home/ec2-user/data/topics/1679 643
@/home/ec2-user/data/topics/1602 644
@/home/ec2-user/data/topics/1435 645
@/home/ec2-user/data/topics/1380 646
@/home/ec2-user/data/topics/1954 647
@/home/ec2-user/data/topics/3975 648
@/home/ec2-user/data/topics/4351 649
@/home/ec2-user/data/topics/4219 650
@/home/ec2-user/data/topics/3456 651
@/home/ec2-user/data/topics/1471 652
@/home/ec2-user/data/topics/1298 653
@/home/ec2-user/data/topics/2058 654
@/home/ec2-user/data/topics/2037 655
@/home/ec2-user/data/topics/2048 656
@/home/ec2-user/data/topics/1059 657
@/home/ec2-user/data/topics/1147 658
@/home/ec2-user/data/topics/1967 659
@/home/ec2-user/data/topics/4224 660
@/home/ec2-user/data/topics/5027 661
@/home/ec2-user/data/topics/1426 662
@/home/ec2-user/data/topics/1884 663
@/home/ec2-user/data/topics/2052 664
@/home/ec2-user/data/topics/1912 665
@/home/ec2-user/data/topics/2094 666
@/home/ec2-user/data/topics/2059 667
@/home/ec2-user/data/topics/3392 668
@/home/ec2-user/data/topics/1926 669
@/home/ec2-user/data/topics/1218 670
@/home/ec2-user/data/topics/1102 671
@/home/ec2-user/data/topics/3955 672
@/home/ec2-user/data/topics/1491 673
@/home/ec2-user/data/topics/3924 674
@/home/ec2-user/data/topics/1836 675
@/home/ec2-user/data/topics/1749 676
@/home/ec2-user/data/topics/4184 677
@/home/ec2-user/data/topics/1778 678
@/home/ec2-user/data/topics/2105 679
@/home/ec2-user/data/topics/1233 680
富士ゼロックス株式会社

@/home/ec2-user/data/topics/3640 681
@/home/ec2-user/data/topics/3473 681
@/home/ec2-user/data/topics/3661 682
@/home/ec2-user/data/topics/3695 683
@/home/ec2-user/data/topics/1560 684
@/home/ec2-user/data/topics/3662 685
@/home/ec2-user/data/topics/3790 686
@/home/ec2-user/data/topics/3407 687
@/home/ec2-user/data/topics/1947 688
@/home/ec2-user/data/topics/3782 689
@/home/ec2-user/data/topics/3383 690
@/home/ec2-user/data/topics/4108 691
@/home/ec2-user/data/topics/3366 692
@/home/ec2-user/data/topics/3564 693
@/home/ec2-user/data/topics/5031 694
住友金属工業株式会社

@/home/ec2-user/data/topics/4182 695
@/home/ec2-user/data/topics/4991 695
@/home/ec2-user/data/topics/3826 696
@/home/ec2-user/data/topics/1268 697
@/home/ec2-user/data/topics/4295 698
@/home/ec2-user/data/topics/4661 699
@/home/ec2-user/data/topics/4021 700
@/home/ec2-user/data/topics/3577 701
@/home/ec2-user/data/topics/4733 702
@/home/ec2-user/data/topics/3655 703
@/home/ec2-user/data/topics/4534 704
@/home/ec2-user/data/topics/4322 705
日立電線株式会社

@/home/ec2-user/data/topics/4357 706
@/home/ec2-user/data/topics/4356 706
@/home/ec2-user/data/topics/4329 707
@/home/ec2-user/data/topics/3930 708
@/home/ec2-user/data/topics/1117 709
@/home/ec2-user/data/topics/1388 710
@/home/ec2-user/data/topics/1027 711
@/home/ec2-user/data/topics/3756 712
@/home/ec2-user/data/topics/1305 713
キヤノン株式会社

@/home/ec2-user/data/topics/4521 714
@/home/ec2-user/data/topics/1631 714
@/home/ec2-user/data/topics/3434 715
@/home/ec2-user/data/topics/1228 716
@/home/ec2-user/data/topics/3445 717
@/home/ec2-user/data/topics/1080 718
@/home/ec2-user/data/topics/1745 719
@/home/ec2-user/data/topics/3642 720
@/home/ec2-user/data/topics/2231 721
@/home/ec2-user/data/topics/3410 722
@/home/ec2-user/data/topics/1513 723
@/home/ec2-user/data/topics/2243 724
@/home/ec2-user/data/topics/4363 725
@/home/ec2-user/data/topics/3628 726
@/home/ec2-user/data/topics/1519 727
@/home/ec2-user/data/topics/1208 728
@/home/ec2-user/data/topics/1646 729
@/home/ec2-user/data/topics/3438 730
@/home/ec2-user/data/topics/1744 731
@/home/ec2-user/data/topics/3996 732
@/home/ec2-user/data/topics/1847 733
@/home/ec2-user/data/topics/4068 734
@/home/ec2-user/data/topics/1848 735
@/home/ec2-user/data/topics/4947 736
@/home/ec2-user/data/topics/3430 737
@/home/ec2-user/data/topics/3737 738
@/home/ec2-user/data/topics/2107 739
@/home/ec2-user/data/topics/1118 740
@/home/ec2-user/data/topics/4610 741
@/home/ec2-user/data/topics/4020 742
@/home/ec2-user/data/topics/3416 743
@/home/ec2-user/data/topics/1802 744
@/home/ec2-user/data/topics/3720 745
@/home/ec2-user/data/topics/3656 746
@/home/ec2-user/data/topics/3376 747
@/home/ec2-user/data/topics/3843 748
@/home/ec2-user/data/topics/3967 749
@/home/ec2-user/data/topics/4054 750
@/home/ec2-user/data/topics/1438 751
@/home/ec2-user/data/topics/4937 752
@/home/ec2-user/data/topics/4350 753
@/home/ec2-user/data/topics/1961 754
@/home/ec2-user/data/topics/3660 755
@/home/ec2-user/data/topics/3949 756
@/home/ec2-user/data/topics/1975 757
@/home/ec2-user/data/topics/1866 758
@/home/ec2-user/data/topics/1539 759
@/home/ec2-user/data/topics/3454 760
@/home/ec2-user/data/topics/3441 761
@/home/ec2-user/data/topics/3415 762
@/home/ec2-user/data/topics/1568 763
@/home/ec2-user/data/topics/2145 764
@/home/ec2-user/data/topics/4948 765
@/home/ec2-user/data/topics/1895 766
@/home/ec2-user/data/topics/1790 767
@/home/ec2-user/data/topics/4520 768
@/home/ec2-user/data/topics/4628 769
@/home/ec2-user/data/topics/1124 770
@/home/ec2-user/data/topics/3420 771
@/home/ec2-user/data/topics/3958 772
@/home/ec2-user/data/topics/3755 773
@/home/ec2-user/data/topics/3722 774
@/home/ec2-user/data/topics/3730 775
@/home/ec2-user/data/topics/1455 776
@/home/ec2-user/data/topics/1216 777
@/home/ec2-user/data/topics/3852 778
@/home/ec2-user/data/topics/2004 779
@/home/ec2-user/data/topics/3374 780
@/home/ec2-user/data/topics/3417 781
@/home/ec2-user/data/topics/2053 782
@/home/ec2-user/data/topics/1889 783
@/home/ec2-user/data/topics/2117 784
@/home/ec2-user/data/topics/1590 785
三洋電機株式会社

@/home/ec2-user/data/topics/4978 786
@/home/ec2-user/data/topics/4376 786
@/home/ec2-user/data/topics/5011 787
@/home/ec2-user/data/topics/4527 788
@/home/ec2-user/data/topics/3781 789
@/home/ec2-user/data/topics/1163 790
@/home/ec2-user/data/topics/4001 791
@/home/ec2-user/data/topics/4015 792
@/home/ec2-user/data/topics/1451 793
@/home/ec2-user/data/topics/1653 794
@/home/ec2-user/data/topics/3754 795
@/home/ec2-user/data/topics/1980 796
@/home/ec2-user/data/topics/4571 797
@/home/ec2-user/data/topics/1652 798
@/home/ec2-user/data/topics/1671 799
@/home/ec2-user/data/topics/3708 800
@/home/ec2-user/data/topics/3808 801
@/home/ec2-user/data/topics/4788 802
@/home/ec2-user/data/topics/2014 803
@/home/ec2-user/data/topics/3398 804
@/home/ec2-user/data/topics/4654 805
@/home/ec2-user/data/topics/3491 806
@/home/ec2-user/data/topics/1479 807
@/home/ec2-user/data/topics/3953 808
@/home/ec2-user/data/topics/3539 809
@/home/ec2-user/data/topics/4099 810
@/home/ec2-user/data/topics/5002 811
@/home/ec2-user/data/topics/1079 812
@/home/ec2-user/data/topics/1321 813
@/home/ec2-user/data/topics/3859 814
@/home/ec2-user/data/topics/4212 815
@/home/ec2-user/data/topics/4679 816
@/home/ec2-user/data/topics/3581 817
@/home/ec2-user/data/topics/4301 818
@/home/ec2-user/data/topics/3906 819
@/home/ec2-user/data/topics/4474 820
@/home/ec2-user/data/topics/1722 821
@/home/ec2-user/data/topics/4179 822
@/home/ec2-user/data/topics/4178 823
@/home/ec2-user/data/topics/4061 824
@/home/ec2-user/data/topics/1515 825
@/home/ec2-user/data/topics/1289 826
@/home/ec2-user/data/topics/2063 827
@/home/ec2-user/data/topics/3974 828
@/home/ec2-user/data/topics/2098 829
@/home/ec2-user/data/topics/4039 830
@/home/ec2-user/data/topics/4492 831
@/home/ec2-user/data/topics/4328 832
@/home/ec2-user/data/topics/3986 833
@/home/ec2-user/data/topics/2194 834
@/home/ec2-user/data/topics/2054 835
@/home/ec2-user/data/topics/1246 836
@/home/ec2-user/data/topics/4066 837
@/home/ec2-user/data/topics/3845 838
@/home/ec2-user/data/topics/1386 839
@/home/ec2-user/data/topics/4604 840
@/home/ec2-user/data/topics/4960 841
@/home/ec2-user/data/topics/3889 842
@/home/ec2-user/data/topics/2230 843
@/home/ec2-user/data/topics/1488 844
@/home/ec2-user/data/topics/4837 845
@/home/ec2-user/data/topics/4612 846
@/home/ec2-user/data/topics/4384 847
@/home/ec2-user/data/topics/4150 848
@/home/ec2-user/data/topics/4720 849
@/home/ec2-user/data/topics/2071 850
@/home/ec2-user/data/topics/4763 851
@/home/ec2-user/data/topics/3830 852
@/home/ec2-user/data/topics/3625 853
@/home/ec2-user/data/topics/4983 854
@/home/ec2-user/data/topics/4726 855
@/home/ec2-user/data/topics/3804 856
@/home/ec2-user/data/topics/3403 857
@/home/ec2-user/data/topics/3817 858
@/home/ec2-user/data/topics/4304 859
@/home/ec2-user/data/topics/3926 860
@/home/ec2-user/data/topics/3492 861
@/home/ec2-user/data/topics/4060 862
@/home/ec2-user/data/topics/3681 863
三菱電機株式会社

@/home/ec2-user/data/topics/4419 864
@/home/ec2-user/data/topics/4834 864
@/home/ec2-user/data/topics/3609 865
@/home/ec2-user/data/topics/3469 866
@/home/ec2-user/data/topics/4181 867
@/home/ec2-user/data/topics/3963 868
@/home/ec2-user/data/topics/4041 869
@/home/ec2-user/data/topics/4233 870
@/home/ec2-user/data/topics/3397 871
@/home/ec2-user/data/topics/4282 872
@/home/ec2-user/data/topics/3453 873
@/home/ec2-user/data/topics/3856 874
@/home/ec2-user/data/topics/4514 875
@/home/ec2-user/data/topics/3774 876
@/home/ec2-user/data/topics/3800 877
@/home/ec2-user/data/topics/3466 878
@/home/ec2-user/data/topics/3595 879
@/home/ec2-user/data/topics/3921 880
@/home/ec2-user/data/topics/3592 881
@/home/ec2-user/data/topics/3409 882
@/home/ec2-user/data/topics/3506 883
@/home/ec2-user/data/topics/3465 884
@/home/ec2-user/data/topics/3493 885
@/home/ec2-user/data/topics/1792 886
@/home/ec2-user/data/topics/3412 887
@/home/ec2-user/data/topics/3451 888
@/home/ec2-user/data/topics/4614 889
@/home/ec2-user/data/topics/4305 890
@/home/ec2-user/data/topics/4149 891
@/home/ec2-user/data/topics/2146 892
@/home/ec2-user/data/topics/1536 893
@/home/ec2-user/data/topics/1220 894
@/home/ec2-user/data/topics/4076 895
@/home/ec2-user/data/topics/5033 896
@/home/ec2-user/data/topics/3747 897
@/home/ec2-user/data/topics/4980 898
@/home/ec2-user/data/topics/1738 899
@/home/ec2-user/data/topics/4220 900
@/home/ec2-user/data/topics/3612 901
@/home/ec2-user/data/topics/4880 902
@/home/ec2-user/data/topics/4518 903
@/home/ec2-user/data/topics/1754 904
@/home/ec2-user/data/topics/3841 905
@/home/ec2-user/data/topics/4663 906
@/home/ec2-user/data/topics/4133 907
@/home/ec2-user/data/topics/1110 908
@/home/ec2-user/data/topics/4047 909
@/home/ec2-user/data/topics/3616 910
@/home/ec2-user/data/topics/4235 911
@/home/ec2-user/data/topics/4552 912
@/home/ec2-user/data/topics/4221 913
@/home/ec2-user/data/topics/5032 914
@/home/ec2-user/data/topics/3873 915
@/home/ec2-user/data/topics/4562 916
@/home/ec2-user/data/topics/3490 917
@/home/ec2-user/data/topics/3666 918
@/home/ec2-user/data/topics/3820 919
@/home/ec2-user/data/topics/1872 920
住友ゴム工業株式会社

@/home/ec2-user/data/topics/4597 921
@/home/ec2-user/data/topics/4406 921
@/home/ec2-user/data/topics/2007 922
@/home/ec2-user/data/topics/1758 923
@/home/ec2-user/data/topics/1114 924
@/home/ec2-user/data/topics/4048 925
@/home/ec2-user/data/topics/4568 926
セイコーエプソン株式会社

@/home/ec2-user/data/topics/3589 927
@/home/ec2-user/data/topics/4605 927
@/home/ec2-user/data/topics/1938 928
@/home/ec2-user/data/topics/2165 929
@/home/ec2-user/data/topics/4454 930
@/home/ec2-user/data/topics/4585 931
@/home/ec2-user/data/topics/3985 932
@/home/ec2-user/data/topics/3361 933
@/home/ec2-user/data/topics/3476 934
@/home/ec2-user/data/topics/1641 935
@/home/ec2-user/data/topics/4801 936
@/home/ec2-user/data/topics/3887 937
@/home/ec2-user/data/topics/1378 938
@/home/ec2-user/data/topics/1423 939
@/home/ec2-user/data/topics/4802 940
@/home/ec2-user/data/topics/2078 941
@/home/ec2-user/data/topics/4719 942
@/home/ec2-user/data/topics/3910 943
@/home/ec2-user/data/topics/1343 944
@/home/ec2-user/data/topics/3819 945
@/home/ec2-user/data/topics/3505 946
@/home/ec2-user/data/topics/1890 947
@/home/ec2-user/data/topics/4109 948
@/home/ec2-user/data/topics/4386 949
@/home/ec2-user/data/topics/4022 950
@/home/ec2-user/data/topics/1484 951
株式会社三共

@/home/ec2-user/data/topics/1189 952
@/home/ec2-user/data/topics/1086 952
@/home/ec2-user/data/topics/1377 953
@/home/ec2-user/data/topics/1665 954
@/home/ec2-user/data/topics/2060 955
@/home/ec2-user/data/topics/4374 956
@/home/ec2-user/data/topics/2123 957
@/home/ec2-user/data/topics/4868 958
@/home/ec2-user/data/topics/1648 959
沖電気工業株式会社

@/home/ec2-user/data/topics/3571 960
@/home/ec2-user/data/topics/3457 960
@/home/ec2-user/data/topics/3964 961
@/home/ec2-user/data/topics/4299 962
@/home/ec2-user/data/topics/3433 963
@/home/ec2-user/data/topics/4693 964
@/home/ec2-user/data/topics/1188 965
@/home/ec2-user/data/topics/1531 966
@/home/ec2-user/data/topics/4575 967
@/home/ec2-user/data/topics/3395 968
@/home/ec2-user/data/topics/3764 969
@/home/ec2-user/data/topics/3690 970
@/home/ec2-user/data/topics/3621 971
@/home/ec2-user/data/topics/4308 972
株式会社三星

@/home/ec2-user/data/topics/1728 973
@/home/ec2-user/data/topics/1260 973
@/home/ec2-user/data/topics/3942 974
@/home/ec2-user/data/topics/1733 975
@/home/ec2-user/data/topics/2108 976
@/home/ec2-user/data/topics/2198 977
日本ビクター株式会社

@/home/ec2-user/data/topics/4056 978
@/home/ec2-user/data/topics/1440 978
@/home/ec2-user/data/topics/3882 979
@/home/ec2-user/data/topics/3603 980
@/home/ec2-user/data/topics/3939 981
@/home/ec2-user/data/topics/3620 982
@/home/ec2-user/data/topics/1823 983
@/home/ec2-user/data/topics/4672 984
@/home/ec2-user/data/topics/4123 985
@/home/ec2-user/data/topics/1389 986
@/home/ec2-user/data/topics/1520 987
花王株式会社

@/home/ec2-user/data/topics/3884 988
@/home/ec2-user/data/topics/3812 988
@/home/ec2-user/data/topics/4287 989
@/home/ec2-user/data/topics/1022 990
@/home/ec2-user/data/topics/4211 991
@/home/ec2-user/data/topics/4445 992
@/home/ec2-user/data/topics/3999 993
@/home/ec2-user/data/topics/2214 994
@/home/ec2-user/data/topics/3753 995
@/home/ec2-user/data/topics/1196 996
@/home/ec2-user/data/topics/4249 997
@/home/ec2-user/data/topics/4827 998
@/home/ec2-user/data/topics/1767 999
三田工業株式会社

@/home/ec2-user/data/topics/2136 1000
@/home/ec2-user/data/topics/1269 1000
@/home/ec2-user/data/topics/1033 1001
@/home/ec2-user/data/topics/3842 1002
@/home/ec2-user/data/topics/1766 1003
@/home/ec2-user/data/topics/2155 1004
@/home/ec2-user/data/topics/1034 1005
@/home/ec2-user/data/topics/3923 1006
@/home/ec2-user/data/topics/3604 1007
豊丸産業株式会社

@/home/ec2-user/data/topics/2169 1008
@/home/ec2-user/data/topics/1588 1008
@/home/ec2-user/data/topics/1726 1009
@/home/ec2-user/data/topics/1914 1010
@/home/ec2-user/data/topics/1138 1011
@/home/ec2-user/data/topics/1677 1012
@/home/ec2-user/data/topics/1097 1013
@/home/ec2-user/data/topics/3672 1014
@/home/ec2-user/data/topics/1713 1015
@/home/ec2-user/data/topics/1284 1016
@/home/ec2-user/data/topics/4847 1017
@/home/ec2-user/data/topics/1126 1018
@/home/ec2-user/data/topics/1401 1019
@/home/ec2-user/data/topics/2011 1020
@/home/ec2-user/data/topics/1353 1021
鐘紡株式会社

@/home/ec2-user/data/topics/2034 1022
@/home/ec2-user/data/topics/4195 1022
@/home/ec2-user/data/topics/1886 1023
@/home/ec2-user/data/topics/1304 1024
@/home/ec2-user/data/topics/3634 1025
@/home/ec2-user/data/topics/1054 1026
@/home/ec2-user/data/topics/1842 1027
@/home/ec2-user/data/topics/1901 1028
@/home/ec2-user/data/topics/1870 1029
@/home/ec2-user/data/topics/2185 1030
@/home/ec2-user/data/topics/3560 1031
@/home/ec2-user/data/topics/1178 1032
@/home/ec2-user/data/topics/1367 1033
@/home/ec2-user/data/topics/3551 1034
@/home/ec2-user/data/topics/2223 1035
@/home/ec2-user/data/topics/3566 1036
株式会社デンソー

@/home/ec2-user/data/topics/4840 1037
@/home/ec2-user/data/topics/1028 1037
@/home/ec2-user/data/topics/4164 1038
@/home/ec2-user/data/topics/3710 1039
@/home/ec2-user/data/topics/3421 1040
@/home/ec2-user/data/topics/3406 1041
@/home/ec2-user/data/topics/3480 1042
@/home/ec2-user/data/topics/4423 1043
@/home/ec2-user/data/topics/4805 1044
@/home/ec2-user/data/topics/1855 1045
@/home/ec2-user/data/topics/4024 1046
@/home/ec2-user/data/topics/4656 1047
@/home/ec2-user/data/topics/4483 1048
@/home/ec2-user/data/topics/4498 1049
@/home/ec2-user/data/topics/4622 1050
@/home/ec2-user/data/topics/4675 1051
@/home/ec2-user/data/topics/4046 1052
富士写真フイルム株式会社

@/home/ec2-user/data/topics/1603 1053
@/home/ec2-user/data/topics/3911 1053
@/home/ec2-user/data/topics/3447 1054
@/home/ec2-user/data/topics/2134 1055
@/home/ec2-user/data/topics/3354 1056
@/home/ec2-user/data/topics/4962 1057
@/home/ec2-user/data/topics/3857 1058
@/home/ec2-user/data/topics/1570 1059
@/home/ec2-user/data/topics/3918 1060
@/home/ec2-user/data/topics/1244 1061
@/home/ec2-user/data/topics/1662 1062
京セラ株式会社

@/home/ec2-user/data/topics/4031 1063
@/home/ec2-user/data/topics/1913 1063
@/home/ec2-user/data/topics/1485 1064
@/home/ec2-user/data/topics/4901 1065
@/home/ec2-user/data/topics/3741 1066
@/home/ec2-user/data/topics/3615 1067
@/home/ec2-user/data/topics/1741 1068
@/home/ec2-user/data/topics/4340 1069
@/home/ec2-user/data/topics/4513 1070
@/home/ec2-user/data/topics/1708 1071
@/home/ec2-user/data/topics/3593 1072
@/home/ec2-user/data/topics/3869 1073
イビデン株式会社

@/home/ec2-user/data/topics/1952 1074
@/home/ec2-user/data/topics/2033 1074
@/home/ec2-user/data/topics/1315 1075
@/home/ec2-user/data/topics/1770 1076
@/home/ec2-user/data/topics/1682 1077
@/home/ec2-user/data/topics/3814 1078
@/home/ec2-user/data/topics/1336 1079
株式会社東芝

@/home/ec2-user/data/topics/1756 1080
@/home/ec2-user/data/topics/3890 1080
@/home/ec2-user/data/topics/4057 1081
@/home/ec2-user/data/topics/3618 1082
@/home/ec2-user/data/topics/4863 1083
@/home/ec2-user/data/topics/1997 1084
@/home/ec2-user/data/topics/4594 1085
@/home/ec2-user/data/topics/3734 1086
@/home/ec2-user/data/topics/4912 1087
@/home/ec2-user/data/topics/3716 1088
@/home/ec2-user/data/topics/1090 1089
@/home/ec2-user/data/topics/3352 1090
@/home/ec2-user/data/topics/4089 1091
@/home/ec2-user/data/topics/3990 1092
@/home/ec2-user/data/topics/3689 1093
@/home/ec2-user/data/topics/4096 1094
@/home/ec2-user/data/topics/3462 1095
@/home/ec2-user/data/topics/1757 1096
@/home/ec2-user/data/topics/4631 1097
@/home/ec2-user/data/topics/3688 1098
@/home/ec2-user/data/topics/3732 1099
@/home/ec2-user/data/topics/1132 1100
@/home/ec2-user/data/topics/4361 1101
@/home/ec2-user/data/topics/3363 1102
@/home/ec2-user/data/topics/3598 1103
@/home/ec2-user/data/topics/4381 1104
@/home/ec2-user/data/topics/3360 1105
@/home/ec2-user/data/topics/3834 1106
@/home/ec2-user/data/topics/4009 1107
@/home/ec2-user/data/topics/3851 1108
@/home/ec2-user/data/topics/1585 1109
@/home/ec2-user/data/topics/4509 1110
@/home/ec2-user/data/topics/3683 1111
@/home/ec2-user/data/topics/4197 1112
@/home/ec2-user/data/topics/4623 1113
@/home/ec2-user/data/topics/4755 1114
@/home/ec2-user/data/topics/4292 1115
@/home/ec2-user/data/topics/1332 1116
@/home/ec2-user/data/topics/4140 1117
@/home/ec2-user/data/topics/3380 1118
@/home/ec2-user/data/topics/4935 1119
@/home/ec2-user/data/topics/3795 1120
@/home/ec2-user/data/topics/4336 1121
@/home/ec2-user/data/topics/3780 1122
@/home/ec2-user/data/topics/4302 1123
@/home/ec2-user/data/topics/3948 1124
@/home/ec2-user/data/topics/4165 1125
@/home/ec2-user/data/topics/4751 1126
@/home/ec2-user/data/topics/4535 1127
@/home/ec2-user/data/topics/3881 1128
@/home/ec2-user/data/topics/1819 1129
@/home/ec2-user/data/topics/3351 1130
@/home/ec2-user/data/topics/4566 1131
@/home/ec2-user/data/topics/4172 1132
@/home/ec2-user/data/topics/3542 1133
@/home/ec2-user/data/topics/4183 1134
@/home/ec2-user/data/topics/2241 1135
@/home/ec2-user/data/topics/3988 1136
@/home/ec2-user/data/topics/1205 1137
@/home/ec2-user/data/topics/4842 1138
@/home/ec2-user/data/topics/4881 1139
ヤマハ株式会社

@/home/ec2-user/data/topics/4084 1140
@/home/ec2-user/data/topics/3972 1140
@/home/ec2-user/data/topics/4010 1141
@/home/ec2-user/data/topics/4125 1142
@/home/ec2-user/data/topics/4045 1143
@/home/ec2-user/data/topics/4919 1144
@/home/ec2-user/data/topics/1911 1145
@/home/ec2-user/data/topics/1676 1146
@/home/ec2-user/data/topics/4145 1147
@/home/ec2-user/data/topics/4177 1148
@/home/ec2-user/data/topics/1443 1149
@/home/ec2-user/data/topics/4954 1150
@/home/ec2-user/data/topics/1720 1151
東洋紡績株式会社

@/home/ec2-user/data/topics/4362 1152
@/home/ec2-user/data/topics/4366 1152
@/home/ec2-user/data/topics/1029 1153
@/home/ec2-user/data/topics/3769 1154
@/home/ec2-user/data/topics/1613 1155
@/home/ec2-user/data/topics/4284 1156
三菱化学株式会社

@/home/ec2-user/data/topics/3513 1157
@/home/ec2-user/data/topics/1699 1157
@/home/ec2-user/data/topics/1197 1158
@/home/ec2-user/data/topics/3458 1159
@/home/ec2-user/data/topics/3638 1160
@/home/ec2-user/data/topics/1902 1161
カシオ計算機株式会社

@/home/ec2-user/data/topics/1794 1162
@/home/ec2-user/data/topics/1535 1162
@/home/ec2-user/data/topics/2237 1163
@/home/ec2-user/data/topics/1368 1164
@/home/ec2-user/data/topics/2180 1165
@/home/ec2-user/data/topics/3391 1166
@/home/ec2-user/data/topics/1047 1167
@/home/ec2-user/data/topics/1235 1168
コナミ株式会社

@/home/ec2-user/data/topics/5015 1169
@/home/ec2-user/data/topics/4602 1169
@/home/ec2-user/data/topics/2100 1170
@/home/ec2-user/data/topics/2151 1171
@/home/ec2-user/data/topics/4681 1172
@/home/ec2-user/data/topics/1621 1173
@/home/ec2-user/data/topics/1302 1174
@/home/ec2-user/data/topics/1672 1175
大日本スクリーン製造株式会社

@/home/ec2-user/data/topics/2209 1176
@/home/ec2-user/data/topics/1130 1176
@/home/ec2-user/data/topics/1173 1177
@/home/ec2-user/data/topics/1779 1178
@/home/ec2-user/data/topics/3742 1179
@/home/ec2-user/data/topics/1608 1180
@/home/ec2-user/data/topics/2172 1181
オムロン株式会社

@/home/ec2-user/data/topics/3748 1182
@/home/ec2-user/data/topics/3700 1182
@/home/ec2-user/data/topics/2096 1183
@/home/ec2-user/data/topics/3597 1184
@/home/ec2-user/data/topics/1579 1185
@/home/ec2-user/data/topics/1067 1186
@/home/ec2-user/data/topics/4771 1187
@/home/ec2-user/data/topics/1841 1188
@/home/ec2-user/data/topics/1933 1189
@/home/ec2-user/data/topics/3863 1190
@/home/ec2-user/data/topics/1533 1191
@/home/ec2-user/data/topics/3594 1192
@/home/ec2-user/data/topics/1657 1193
@/home/ec2-user/data/topics/1151 1194
@/home/ec2-user/data/topics/1135 1195
株式会社日立製作所

@/home/ec2-user/data/topics/4166 1196
@/home/ec2-user/data/topics/3471 1196
@/home/ec2-user/data/topics/1693 1197
@/home/ec2-user/data/topics/3439 1198
@/home/ec2-user/data/topics/1105 1199
@/home/ec2-user/data/topics/3440 1200
@/home/ec2-user/data/topics/1501 1201
@/home/ec2-user/data/topics/1562 1202
@/home/ec2-user/data/topics/1667 1203
@/home/ec2-user/data/topics/3488 1204
@/home/ec2-user/data/topics/2081 1205
@/home/ec2-user/data/topics/3691 1206
@/home/ec2-user/data/topics/1340 1207
@/home/ec2-user/data/topics/1278 1208
@/home/ec2-user/data/topics/2184 1209
@/home/ec2-user/data/topics/3432 1210
@/home/ec2-user/data/topics/3531 1211
@/home/ec2-user/data/topics/3461 1212
@/home/ec2-user/data/topics/3822 1213
@/home/ec2-user/data/topics/3648 1214
@/home/ec2-user/data/topics/3993 1215
@/home/ec2-user/data/topics/4830 1216
@/home/ec2-user/data/topics/1987 1217
@/home/ec2-user/data/topics/3968 1218
@/home/ec2-user/data/topics/3665 1219
@/home/ec2-user/data/topics/3659 1220
@/home/ec2-user/data/topics/5030 1221
@/home/ec2-user/data/topics/4545 1222
@/home/ec2-user/data/topics/3524 1223
@/home/ec2-user/data/topics/1334 1224
@/home/ec2-user/data/topics/1487 1225
@/home/ec2-user/data/topics/3772 1226
@/home/ec2-user/data/topics/3570 1227
@/home/ec2-user/data/topics/1833 1228
@/home/ec2-user/data/topics/1296 1229
@/home/ec2-user/data/topics/4990 1230
@/home/ec2-user/data/topics/3706 1231
@/home/ec2-user/data/topics/3779 1232
@/home/ec2-user/data/topics/1249 1233
@/home/ec2-user/data/topics/5029 1234
@/home/ec2-user/data/topics/4420 1235
@/home/ec2-user/data/topics/4402 1236
@/home/ec2-user/data/topics/1882 1237
@/home/ec2-user/data/topics/1072 1238
@/home/ec2-user/data/topics/1825 1239
@/home/ec2-user/data/topics/4122 1240
@/home/ec2-user/data/topics/4058 1241
@/home/ec2-user/data/topics/1463 1242
@/home/ec2-user/data/topics/4401 1243
@/home/ec2-user/data/topics/3973 1244
@/home/ec2-user/data/topics/4489 1245
@/home/ec2-user/data/topics/3965 1246
@/home/ec2-user/data/topics/1826 1247
@/home/ec2-user/data/topics/1880 1248
@/home/ec2-user/data/topics/4621 1249
@/home/ec2-user/data/topics/2239 1250
@/home/ec2-user/data/topics/3384 1251
@/home/ec2-user/data/topics/4943 1252
@/home/ec2-user/data/topics/1247 1253
@/home/ec2-user/data/topics/1640 1254
@/home/ec2-user/data/topics/4551 1255
@/home/ec2-user/data/topics/1082 1256
@/home/ec2-user/data/topics/4559 1257
@/home/ec2-user/data/topics/4547 1258
@/home/ec2-user/data/topics/1651 1259
@/home/ec2-user/data/topics/3599 1260
@/home/ec2-user/data/topics/3994 1261
@/home/ec2-user/data/topics/4799 1262
@/home/ec2-user/data/topics/4040 1263
@/home/ec2-user/data/topics/2019 1264
@/home/ec2-user/data/topics/4493 1265
@/home/ec2-user/data/topics/3596 1266
@/home/ec2-user/data/topics/3588 1267
@/home/ec2-user/data/topics/3350 1268
凸版印刷株式会社

@/home/ec2-user/data/topics/4874 1269
@/home/ec2-user/data/topics/3500 1269
@/home/ec2-user/data/topics/1977 1270
@/home/ec2-user/data/topics/3624 1271
@/home/ec2-user/data/topics/3526 1272
@/home/ec2-user/data/topics/1765 1273
@/home/ec2-user/data/topics/1091 1274
株式会社ノーリツ

@/home/ec2-user/data/topics/4206 1275
@/home/ec2-user/data/topics/1598 1275
@/home/ec2-user/data/topics/1618 1276
@/home/ec2-user/data/topics/4354 1277
@/home/ec2-user/data/topics/1760 1278
@/home/ec2-user/data/topics/2116 1279
@/home/ec2-user/data/topics/1290 1280
@/home/ec2-user/data/topics/4776 1281
川崎重工業株式会社

@/home/ec2-user/data/topics/1162 1282
@/home/ec2-user/data/topics/4944 1282
@/home/ec2-user/data/topics/4866 1283
@/home/ec2-user/data/topics/4572 1284
@/home/ec2-user/data/topics/4793 1285
@/home/ec2-user/data/topics/5025 1286
@/home/ec2-user/data/topics/4756 1287
@/home/ec2-user/data/topics/1172 1288
ティーディーケイ株式会社

@/home/ec2-user/data/topics/2202 1289
@/home/ec2-user/data/topics/1129 1289
@/home/ec2-user/data/topics/1510 1290
@/home/ec2-user/data/topics/3798 1291
@/home/ec2-user/data/topics/3792 1292
@/home/ec2-user/data/topics/1409 1293
@/home/ec2-user/data/topics/4619 1294
@/home/ec2-user/data/topics/2210 1295
@/home/ec2-user/data/topics/3909 1296
京セラミタ株式会社

@/home/ec2-user/data/topics/1032 1297
@/home/ec2-user/data/topics/4564 1297
@/home/ec2-user/data/topics/4985 1298
@/home/ec2-user/data/topics/2141 1299
@/home/ec2-user/data/topics/1930 1300
@/home/ec2-user/data/topics/4174 1301
@/home/ec2-user/data/topics/4973 1302
株式会社クボタ

@/home/ec2-user/data/topics/3823 1303
@/home/ec2-user/data/topics/3854 1303
@/home/ec2-user/data/topics/4745 1304
@/home/ec2-user/data/topics/1734 1305
@/home/ec2-user/data/topics/4251 1306
@/home/ec2-user/data/topics/1280 1307
@/home/ec2-user/data/topics/4379 1308
@/home/ec2-user/data/topics/1012 1309
@/home/ec2-user/data/topics/3919 1310
@/home/ec2-user/data/topics/1448 1311
シャープ株式会社

@/home/ec2-user/data/topics/3450 1312
@/home/ec2-user/data/topics/3871 1312
@/home/ec2-user/data/topics/4230 1313
@/home/ec2-user/data/topics/3422 1314
@/home/ec2-user/data/topics/4861 1315
@/home/ec2-user/data/topics/1154 1316
@/home/ec2-user/data/topics/3832 1317
@/home/ec2-user/data/topics/1384 1318
@/home/ec2-user/data/topics/1288 1319
@/home/ec2-user/data/topics/4691 1320
@/home/ec2-user/data/topics/4683 1321
@/home/ec2-user/data/topics/3649 1322
@/home/ec2-user/data/topics/3855 1323
@/home/ec2-user/data/topics/4782 1324
@/home/ec2-user/data/topics/1318 1325
@/home/ec2-user/data/topics/1419 1326
@/home/ec2-user/data/topics/1396 1327
@/home/ec2-user/data/topics/4349 1328
@/home/ec2-user/data/topics/3537 1329
@/home/ec2-user/data/topics/4717 1330
@/home/ec2-user/data/topics/1804 1331
@/home/ec2-user/data/topics/4430 1332
@/home/ec2-user/data/topics/4127 1333
@/home/ec2-user/data/topics/1965 1334
@/home/ec2-user/data/topics/4214 1335
@/home/ec2-user/data/topics/4228 1336
@/home/ec2-user/data/topics/4252 1337
@/home/ec2-user/data/topics/4173 1338
@/home/ec2-user/data/topics/1685 1339
@/home/ec2-user/data/topics/1970 1340
@/home/ec2-user/data/topics/2118 1341
@/home/ec2-user/data/topics/4103 1342
@/home/ec2-user/data/topics/3678 1343
@/home/ec2-user/data/topics/1209 1344
@/home/ec2-user/data/topics/3578 1345
@/home/ec2-user/data/topics/4105 1346
@/home/ec2-user/data/topics/4113 1347
@/home/ec2-user/data/topics/3858 1348
@/home/ec2-user/data/topics/1563 1349
@/home/ec2-user/data/topics/1349 1350
@/home/ec2-user/data/topics/4469 1351
@/home/ec2-user/data/topics/4648 1352
@/home/ec2-user/data/topics/2084 1353
@/home/ec2-user/data/topics/4095 1354
@/home/ec2-user/data/topics/3957 1355
@/home/ec2-user/data/topics/1561 1356
@/home/ec2-user/data/topics/4152 1357
@/home/ec2-user/data/topics/3452 1358
@/home/ec2-user/data/topics/3777 1359
@/home/ec2-user/data/topics/3793 1360
@/home/ec2-user/data/topics/4019 1361
@/home/ec2-user/data/topics/3981 1362
@/home/ec2-user/data/topics/4245 1363
@/home/ec2-user/data/topics/4256 1364
@/home/ec2-user/data/topics/3813 1365
@/home/ec2-user/data/topics/3673 1366
@/home/ec2-user/data/topics/4519 1367
@/home/ec2-user/data/topics/3606 1368
@/home/ec2-user/data/topics/4005 1369
@/home/ec2-user/data/topics/3760 1370
@/home/ec2-user/data/topics/1431 1371
@/home/ec2-user/data/topics/4583 1372
@/home/ec2-user/data/topics/4516 1373
@/home/ec2-user/data/topics/4124 1374
@/home/ec2-user/data/topics/3966 1375
@/home/ec2-user/data/topics/1840 1376
@/home/ec2-user/data/topics/2087 1377
@/home/ec2-user/data/topics/3776 1378
@/home/ec2-user/data/topics/3698 1379
@/home/ec2-user/data/topics/3941 1380
@/home/ec2-user/data/topics/4263 1381
@/home/ec2-user/data/topics/1258 1382
@/home/ec2-user/data/topics/3895 1383
@/home/ec2-user/data/topics/4323 1384
@/home/ec2-user/data/topics/2020 1385
@/home/ec2-user/data/topics/3762 1386
@/home/ec2-user/data/topics/4744 1387
@/home/ec2-user/data/topics/1174 1388
@/home/ec2-user/data/topics/3978 1389
@/home/ec2-user/data/topics/3679 1390
@/home/ec2-user/data/topics/3610 1391
日本輸送機株式会社

@/home/ec2-user/data/topics/2065 1392
@/home/ec2-user/data/topics/3573 1392
@/home/ec2-user/data/topics/1456 1393
@/home/ec2-user/data/topics/1940 1394
@/home/ec2-user/data/topics/1493 1395
@/home/ec2-user/data/topics/1191 1396
@/home/ec2-user/data/topics/2221 1397
@/home/ec2-user/data/topics/1108 1398
東京エレクトロン株式会社

@/home/ec2-user/data/topics/4702 1399
@/home/ec2-user/data/topics/4023 1399
@/home/ec2-user/data/topics/4053 1400
@/home/ec2-user/data/topics/4618 1401
@/home/ec2-user/data/topics/4002 1402
@/home/ec2-user/data/topics/3947 1403
@/home/ec2-user/data/topics/4906 1404
@/home/ec2-user/data/topics/1263 1405
@/home/ec2-user/data/topics/1736 1406
@/home/ec2-user/data/topics/1508 1407
@/home/ec2-user/data/topics/1800 1408
@/home/ec2-user/data/topics/4345 1409
株式会社村田製作所

@/home/ec2-user/data/topics/4795 1410
@/home/ec2-user/data/topics/4432 1410
@/home/ec2-user/data/topics/3885 1411
@/home/ec2-user/data/topics/3482 1412
@/home/ec2-user/data/topics/4325 1413
@/home/ec2-user/data/topics/1374 1414
@/home/ec2-user/data/topics/1411 1415
@/home/ec2-user/data/topics/4163 1416
@/home/ec2-user/data/topics/3435 1417
@/home/ec2-user/data/topics/4378 1418
@/home/ec2-user/data/topics/4703 1419
@/home/ec2-user/data/topics/4417 1420
@/home/ec2-user/data/topics/3697 1421
@/home/ec2-user/data/topics/4070 1422
@/home/ec2-user/data/topics/4271 1423
@/home/ec2-user/data/topics/2229 1424
@/home/ec2-user/data/topics/4042 1425
日本電信電話株式会社

@/home/ec2-user/data/topics/3586 1426
@/home/ec2-user/data/topics/4114 1426
@/home/ec2-user/data/topics/3641 1427
@/home/ec2-user/data/topics/4870 1428
@/home/ec2-user/data/topics/3359 1429
@/home/ec2-user/data/topics/4232 1430
@/home/ec2-user/data/topics/2130 1431
@/home/ec2-user/data/topics/3915 1432
@/home/ec2-user/data/topics/1229 1433
@/home/ec2-user/data/topics/4560 1434
@/home/ec2-user/data/topics/1934 1435
@/home/ec2-user/data/topics/4175 1436
@/home/ec2-user/data/topics/4146 1437
@/home/ec2-user/data/topics/3894 1438
@/home/ec2-user/data/topics/3425 1439
@/home/ec2-user/data/topics/3650 1440
@/home/ec2-user/data/topics/4964 1441
@/home/ec2-user/data/topics/2017 1442
@/home/ec2-user/data/topics/4792 1443
@/home/ec2-user/data/topics/1042 1444
@/home/ec2-user/data/topics/3544 1445
@/home/ec2-user/data/topics/4115 1446
@/home/ec2-user/data/topics/4488 1447
@/home/ec2-user/data/topics/3811 1448
@/home/ec2-user/data/topics/4025 1449
@/home/ec2-user/data/topics/3568 1450
@/home/ec2-user/data/topics/1230 1451
@/home/ec2-user/data/topics/4118 1452
@/home/ec2-user/data/topics/3928 1453
@/home/ec2-user/data/topics/4131 1454
@/home/ec2-user/data/topics/3824 1455
@/home/ec2-user/data/topics/4952 1456
@/home/ec2-user/data/topics/4925 1457
@/home/ec2-user/data/topics/4208 1458
@/home/ec2-user/data/topics/4965 1459
@/home/ec2-user/data/topics/4664 1460
@/home/ec2-user/data/topics/4836 1461
@/home/ec2-user/data/topics/4865 1462
@/home/ec2-user/data/topics/1556 1463
@/home/ec2-user/data/topics/3785 1464
@/home/ec2-user/data/topics/4087 1465
@/home/ec2-user/data/topics/1408 1466
@/home/ec2-user/data/topics/1787 1467
@/home/ec2-user/data/topics/4104 1468
@/home/ec2-user/data/topics/4505 1469
@/home/ec2-user/data/topics/4511 1470
@/home/ec2-user/data/topics/1809 1471
@/home/ec2-user/data/topics/4335 1472
@/home/ec2-user/data/topics/4916 1473
@/home/ec2-user/data/topics/4443 1474
@/home/ec2-user/data/topics/3509 1475
@/home/ec2-user/data/topics/3927 1476
@/home/ec2-user/data/topics/3552 1477
@/home/ec2-user/data/topics/3521 1478
@/home/ec2-user/data/topics/4121 1479
@/home/ec2-user/data/topics/3536 1480
日本鋼管株式会社

@/home/ec2-user/data/topics/2095 1481
@/home/ec2-user/data/topics/1690 1481
@/home/ec2-user/data/topics/4289 1482
@/home/ec2-user/data/topics/4455 1483
@/home/ec2-user/data/topics/3572 1484
@/home/ec2-user/data/topics/1404 1485
@/home/ec2-user/data/topics/4161 1486
株式会社神戸製鋼所

@/home/ec2-user/data/topics/3902 1487
@/home/ec2-user/data/topics/3632 1487
@/home/ec2-user/data/topics/4949 1488
@/home/ec2-user/data/topics/3475 1489
@/home/ec2-user/data/topics/1465 1490
@/home/ec2-user/data/topics/2064 1491
@/home/ec2-user/data/topics/3674 1492
株式会社ケンウッド

@/home/ec2-user/data/topics/1896 1493
@/home/ec2-user/data/topics/4467 1493
@/home/ec2-user/data/topics/1424 1494
@/home/ec2-user/data/topics/4038 1495
@/home/ec2-user/data/topics/4167 1496
@/home/ec2-user/data/topics/1617 1497
@/home/ec2-user/data/topics/3969 1498
@/home/ec2-user/data/topics/4050 1499
@/home/ec2-user/data/topics/1186 1500
@/home/ec2-user/data/topics/1345 1501
@/home/ec2-user/data/topics/3977 1502
@/home/ec2-user/data/topics/3794 1503
@/home/ec2-user/data/topics/2036 1504
@/home/ec2-user/data/topics/1698 1505
@/home/ec2-user/data/topics/2163 1506
@/home/ec2-user/data/topics/3839 1507
@/home/ec2-user/data/topics/1115 1508
@/home/ec2-user/data/topics/3463 1509
@/home/ec2-user/data/topics/3801 1510
@/home/ec2-user/data/topics/3878 1511
@/home/ec2-user/data/topics/1241 1512
東陶機器株式会社

@/home/ec2-user/data/topics/3821 1513
@/home/ec2-user/data/topics/1626 1513
@/home/ec2-user/data/topics/2135 1514
@/home/ec2-user/data/topics/1692 1515
@/home/ec2-user/data/topics/1735 1516
@/home/ec2-user/data/topics/3583 1517
本田技研工業株式会社

@/home/ec2-user/data/topics/1215 1518
@/home/ec2-user/data/topics/5026 1518
@/home/ec2-user/data/topics/1143 1519
@/home/ec2-user/data/topics/1605 1520
@/home/ec2-user/data/topics/2016 1521
@/home/ec2-user/data/topics/1226 1522
@/home/ec2-user/data/topics/4199 1523
@/home/ec2-user/data/topics/1266 1524
@/home/ec2-user/data/topics/4132 1525
@/home/ec2-user/data/topics/3685 1526
@/home/ec2-user/data/topics/4888 1527
@/home/ec2-user/data/topics/4033 1528
@/home/ec2-user/data/topics/4375 1529
@/home/ec2-user/data/topics/1818 1530
@/home/ec2-user/data/topics/4331 1531
@/home/ec2-user/data/topics/1822 1532
@/home/ec2-user/data/topics/1444 1533
@/home/ec2-user/data/topics/4783 1534
@/home/ec2-user/data/topics/2000 1535
新日本製鐵株式会社

@/home/ec2-user/data/topics/3861 1536
@/home/ec2-user/data/topics/3368 1536
@/home/ec2-user/data/topics/5008 1537
@/home/ec2-user/data/topics/3663 1538
@/home/ec2-user/data/topics/4472 1539
@/home/ec2-user/data/topics/3899 1540
松下電工株式会社

@/home/ec2-user/data/topics/4347 1541
@/home/ec2-user/data/topics/1311 1541
@/home/ec2-user/data/topics/1251 1542
@/home/ec2-user/data/topics/4317 1543
@/home/ec2-user/data/topics/3549 1544
@/home/ec2-user/data/topics/3932 1545
@/home/ec2-user/data/topics/4094 1546
@/home/ec2-user/data/topics/3835 1547
@/home/ec2-user/data/topics/2045 1548
@/home/ec2-user/data/topics/1011 1549
@/home/ec2-user/data/topics/3379 1550
@/home/ec2-user/data/topics/3565 1551
@/home/ec2-user/data/topics/4083 1552
@/home/ec2-user/data/topics/4450 1553
@/home/ec2-user/data/topics/3651 1554
@/home/ec2-user/data/topics/1803 1555
@/home/ec2-user/data/topics/3511 1556
@/home/ec2-user/data/topics/3670 1557
@/home/ec2-user/data/topics/4029 1558
@/home/ec2-user/data/topics/3778 1559
@/home/ec2-user/data/topics/4012 1560
@/home/ec2-user/data/topics/4592 1561
usernum: 72
hit: 1535
simhit: 1445
simmax: 0.627450980392
simmin: 0.0
simavg: 0.199927253202
dlmax: 0.156004734545
dlmin: 0.00641480499091
dlavg: 0.0334687852609
mthit: 1628
mthls: 0
srp: 43.158
total: 1562
hit/total: 0.98271446863
simhit/total: 0.92509603073
mthit/(total+usernum): 0.996328029376
mthls/(total+usernum): 0.0
srp/(total+usernum): 0.00880416156671
srp20/(total+usernum): 0.00198898408813
srp100/(total+usernum): 0.0064891880865
srp500/(total+usernum): 0.00830436556508

2016-12-24 04:52:36.376898
