2017-01-13 07:26:56.354652

topic-folder:/home/ec2-user/data/topics/
cl-file:/home/ec2-user/git/tfidf/result-new/b1-1-3.txt
cl-floder:/home/ec2-user/data/classinfo/
zipf:0.11
stype[0(tfidf)/1(tfidf2)/2(lsa)/3(lda)]:1
dtype[<0(diff*rand)/0(diff)/1(same)/>=2(diff*same)]:0
output-floder:/home/ec2-user/git/userquery/result

三菱マテリアル株式会社

@/home/ec2-user/data/topics/1638 0
@/home/ec2-user/data/topics/3630 0
@/home/ec2-user/data/topics/3520 1
@/home/ec2-user/data/topics/3546 2
@/home/ec2-user/data/topics/3470 3
@/home/ec2-user/data/topics/2093 4
@/home/ec2-user/data/topics/1085 5
@/home/ec2-user/data/topics/3866 6
日本精機株式会社

@/home/ec2-user/data/topics/4907 7
@/home/ec2-user/data/topics/4972 7
@/home/ec2-user/data/topics/4875 8
@/home/ec2-user/data/topics/1398 9
@/home/ec2-user/data/topics/4690 10
@/home/ec2-user/data/topics/4709 11
コニカ株式会社

@/home/ec2-user/data/topics/1946 12
@/home/ec2-user/data/topics/2162 12
@/home/ec2-user/data/topics/3486 13
@/home/ec2-user/data/topics/3426 14
@/home/ec2-user/data/topics/3533 15
@/home/ec2-user/data/topics/3414 16
@/home/ec2-user/data/topics/3431 17
@/home/ec2-user/data/topics/3370 18
@/home/ec2-user/data/topics/3419 19
@/home/ec2-user/data/topics/3357 20
@/home/ec2-user/data/topics/3418 21
埼玉日本電気株式会社

@/home/ec2-user/data/topics/4468 22
@/home/ec2-user/data/topics/4283 22
@/home/ec2-user/data/topics/4496 23
@/home/ec2-user/data/topics/4242 24
@/home/ec2-user/data/topics/5010 25
@/home/ec2-user/data/topics/1512 26
@/home/ec2-user/data/topics/1620 27
@/home/ec2-user/data/topics/4998 28
@/home/ec2-user/data/topics/4279 29
アルプス電気株式会社

@/home/ec2-user/data/topics/4791 30
@/home/ec2-user/data/topics/3582 30
@/home/ec2-user/data/topics/2089 31
@/home/ec2-user/data/topics/1434 32
@/home/ec2-user/data/topics/3429 33
@/home/ec2-user/data/topics/2012 34
@/home/ec2-user/data/topics/1253 35
三菱重工業株式会社

@/home/ec2-user/data/topics/3591 36
@/home/ec2-user/data/topics/3637 36
@/home/ec2-user/data/topics/3833 37
@/home/ec2-user/data/topics/4687 38
@/home/ec2-user/data/topics/5022 39
@/home/ec2-user/data/topics/4882 40
@/home/ec2-user/data/topics/4862 41
@/home/ec2-user/data/topics/3944 42
@/home/ec2-user/data/topics/4563 43
@/home/ec2-user/data/topics/3503 44
@/home/ec2-user/data/topics/4412 45
@/home/ec2-user/data/topics/3529 46
村田機械株式会社

@/home/ec2-user/data/topics/4596 47
@/home/ec2-user/data/topics/3528 47
@/home/ec2-user/data/topics/1074 48
@/home/ec2-user/data/topics/4556 49
@/home/ec2-user/data/topics/3740 50
@/home/ec2-user/data/topics/1607 51
@/home/ec2-user/data/topics/4941 52
@/home/ec2-user/data/topics/4746 53
@/home/ec2-user/data/topics/5000 54
@/home/ec2-user/data/topics/4565 55
@/home/ec2-user/data/topics/1511 56
@/home/ec2-user/data/topics/1293 57
@/home/ec2-user/data/topics/4638 58
@/home/ec2-user/data/topics/4835 59
@/home/ec2-user/data/topics/4645 60
@/home/ec2-user/data/topics/4441 61
@/home/ec2-user/data/topics/4570 62
川崎製鉄株式会社

@/home/ec2-user/data/topics/3553 63
@/home/ec2-user/data/topics/3413 63
@/home/ec2-user/data/topics/3483 64
@/home/ec2-user/data/topics/1037 65
@/home/ec2-user/data/topics/4615 66
@/home/ec2-user/data/topics/3929 67
@/home/ec2-user/data/topics/1459 68
@/home/ec2-user/data/topics/3611 69
@/home/ec2-user/data/topics/3532 70
ダイキン工業株式会社

@/home/ec2-user/data/topics/1600 71
@/home/ec2-user/data/topics/4845 71
@/home/ec2-user/data/topics/1565 72
@/home/ec2-user/data/topics/4753 73
@/home/ec2-user/data/topics/4734 74
@/home/ec2-user/data/topics/4400 75
@/home/ec2-user/data/topics/3888 76
@/home/ec2-user/data/topics/4367 77
@/home/ec2-user/data/topics/4858 78
@/home/ec2-user/data/topics/4701 79
@/home/ec2-user/data/topics/4515 80
三菱自動車工業株式会社

@/home/ec2-user/data/topics/1527 81
@/home/ec2-user/data/topics/3815 81
@/home/ec2-user/data/topics/4189 82
@/home/ec2-user/data/topics/3502 83
@/home/ec2-user/data/topics/3940 84
@/home/ec2-user/data/topics/1816 85
@/home/ec2-user/data/topics/2101 86
@/home/ec2-user/data/topics/1428 87
日産自動車株式会社

@/home/ec2-user/data/topics/4982 88
@/home/ec2-user/data/topics/3489 88
@/home/ec2-user/data/topics/3712 89
@/home/ec2-user/data/topics/3936 90
@/home/ec2-user/data/topics/3645 91
@/home/ec2-user/data/topics/4074 92
@/home/ec2-user/data/topics/3677 93
@/home/ec2-user/data/topics/3497 94
@/home/ec2-user/data/topics/3723 95
@/home/ec2-user/data/topics/3501 96
@/home/ec2-user/data/topics/3829 97
トヨタ自動車株式会社

@/home/ec2-user/data/topics/3356 98
@/home/ec2-user/data/topics/3725 98
@/home/ec2-user/data/topics/1494 99
@/home/ec2-user/data/topics/3758 100
@/home/ec2-user/data/topics/3405 101
@/home/ec2-user/data/topics/4144 102
@/home/ec2-user/data/topics/4647 103
@/home/ec2-user/data/topics/4064 104
@/home/ec2-user/data/topics/4298 105
@/home/ec2-user/data/topics/4543 106
@/home/ec2-user/data/topics/4658 107
@/home/ec2-user/data/topics/3699 108
@/home/ec2-user/data/topics/3671 109
@/home/ec2-user/data/topics/4920 110
@/home/ec2-user/data/topics/3943 111
@/home/ec2-user/data/topics/4008 112
@/home/ec2-user/data/topics/3783 113
@/home/ec2-user/data/topics/3481 114
@/home/ec2-user/data/topics/4426 115
@/home/ec2-user/data/topics/3587 116
@/home/ec2-user/data/topics/4767 117
@/home/ec2-user/data/topics/1551 118
@/home/ec2-user/data/topics/4030 119
@/home/ec2-user/data/topics/2111 120
@/home/ec2-user/data/topics/3731 121
@/home/ec2-user/data/topics/4346 122
@/home/ec2-user/data/topics/2218 123
@/home/ec2-user/data/topics/4617 124
@/home/ec2-user/data/topics/4633 125
オリンパス光学工業株式会社

@/home/ec2-user/data/topics/4878 126
@/home/ec2-user/data/topics/5006 126
@/home/ec2-user/data/topics/4013 127
@/home/ec2-user/data/topics/1981 128
@/home/ec2-user/data/topics/1586 129
@/home/ec2-user/data/topics/1739 130
@/home/ec2-user/data/topics/4007 131
@/home/ec2-user/data/topics/1155 132
@/home/ec2-user/data/topics/1835 133
@/home/ec2-user/data/topics/1107 134
@/home/ec2-user/data/topics/2026 135
@/home/ec2-user/data/topics/1869 136
ブラザー工業株式会社

@/home/ec2-user/data/topics/3686 137
@/home/ec2-user/data/topics/4548 137
@/home/ec2-user/data/topics/2086 138
@/home/ec2-user/data/topics/1906 139
@/home/ec2-user/data/topics/3507 140
@/home/ec2-user/data/topics/2085 141
@/home/ec2-user/data/topics/1164 142
@/home/ec2-user/data/topics/3789 143
@/home/ec2-user/data/topics/1183 144
@/home/ec2-user/data/topics/1300 145
@/home/ec2-user/data/topics/3477 146
@/home/ec2-user/data/topics/1076 147
@/home/ec2-user/data/topics/1697 148
@/home/ec2-user/data/topics/1636 149
@/home/ec2-user/data/topics/3613 150
富士通株式会社

@/home/ec2-user/data/topics/3400 151
@/home/ec2-user/data/topics/3749 151
@/home/ec2-user/data/topics/3460 152
@/home/ec2-user/data/topics/4191 153
@/home/ec2-user/data/topics/1264 154
@/home/ec2-user/data/topics/3862 155
@/home/ec2-user/data/topics/3962 156
@/home/ec2-user/data/topics/3799 157
@/home/ec2-user/data/topics/3883 158
@/home/ec2-user/data/topics/3850 159
@/home/ec2-user/data/topics/3802 160
@/home/ec2-user/data/topics/1874 161
@/home/ec2-user/data/topics/1123 162
@/home/ec2-user/data/topics/3870 163
@/home/ec2-user/data/topics/3751 164
@/home/ec2-user/data/topics/2227 165
@/home/ec2-user/data/topics/3912 166
@/home/ec2-user/data/topics/3399 167
@/home/ec2-user/data/topics/1271 168
@/home/ec2-user/data/topics/3538 169
@/home/ec2-user/data/topics/3846 170
@/home/ec2-user/data/topics/1609 171
@/home/ec2-user/data/topics/3428 172
@/home/ec2-user/data/topics/1998 173
@/home/ec2-user/data/topics/2215 174
@/home/ec2-user/data/topics/1547 175
@/home/ec2-user/data/topics/3765 176
@/home/ec2-user/data/topics/3636 177
@/home/ec2-user/data/topics/2216 178
@/home/ec2-user/data/topics/3381 179
@/home/ec2-user/data/topics/3970 180
@/home/ec2-user/data/topics/5004 181
静岡日本電気株式会社

@/home/ec2-user/data/topics/4314 182
@/home/ec2-user/data/topics/4507 182
@/home/ec2-user/data/topics/4365 183
@/home/ec2-user/data/topics/4531 184
@/home/ec2-user/data/topics/4326 185
@/home/ec2-user/data/topics/4250 186
住友重機械工業株式会社

@/home/ec2-user/data/topics/1900 187
@/home/ec2-user/data/topics/3952 187
@/home/ec2-user/data/topics/2039 188
@/home/ec2-user/data/topics/1505 189
@/home/ec2-user/data/topics/1019 190
@/home/ec2-user/data/topics/3868 191
@/home/ec2-user/data/topics/1373 192
@/home/ec2-user/data/topics/4854 193
@/home/ec2-user/data/topics/1553 194
大日本印刷株式会社

@/home/ec2-user/data/topics/1564 195
@/home/ec2-user/data/topics/3388 195
@/home/ec2-user/data/topics/1099 196
@/home/ec2-user/data/topics/1145 197
@/home/ec2-user/data/topics/3569 198
@/home/ec2-user/data/topics/1262 199
日本電気株式会社

@/home/ec2-user/data/topics/4480 200
@/home/ec2-user/data/topics/1948 200
@/home/ec2-user/data/topics/4644 201
@/home/ec2-user/data/topics/4418 202
@/home/ec2-user/data/topics/1383 203
@/home/ec2-user/data/topics/4838 204
@/home/ec2-user/data/topics/4158 205
@/home/ec2-user/data/topics/3956 206
@/home/ec2-user/data/topics/1634 207
@/home/ec2-user/data/topics/4275 208
@/home/ec2-user/data/topics/4246 209
@/home/ec2-user/data/topics/4093 210
@/home/ec2-user/data/topics/4204 211
@/home/ec2-user/data/topics/4272 212
@/home/ec2-user/data/topics/4390 213
@/home/ec2-user/data/topics/4154 214
@/home/ec2-user/data/topics/4300 215
@/home/ec2-user/data/topics/4388 216
@/home/ec2-user/data/topics/4598 217
@/home/ec2-user/data/topics/4100 218
@/home/ec2-user/data/topics/4850 219
@/home/ec2-user/data/topics/1937 220
@/home/ec2-user/data/topics/2031 221
@/home/ec2-user/data/topics/4749 222
@/home/ec2-user/data/topics/4530 223
@/home/ec2-user/data/topics/4389 224
@/home/ec2-user/data/topics/1567 225
@/home/ec2-user/data/topics/4532 226
@/home/ec2-user/data/topics/4097 227
@/home/ec2-user/data/topics/1764 228
@/home/ec2-user/data/topics/1364 229
@/home/ec2-user/data/topics/4063 230
@/home/ec2-user/data/topics/1052 231
@/home/ec2-user/data/topics/4460 232
@/home/ec2-user/data/topics/3853 233
@/home/ec2-user/data/topics/4003 234
@/home/ec2-user/data/topics/3971 235
@/home/ec2-user/data/topics/4186 236
@/home/ec2-user/data/topics/2127 237
@/home/ec2-user/data/topics/4116 238
@/home/ec2-user/data/topics/3767 239
@/home/ec2-user/data/topics/4310 240
@/home/ec2-user/data/topics/4549 241
@/home/ec2-user/data/topics/4281 242
@/home/ec2-user/data/topics/4497 243
@/home/ec2-user/data/topics/4153 244
@/home/ec2-user/data/topics/4609 245
@/home/ec2-user/data/topics/4626 246
@/home/ec2-user/data/topics/4343 247
@/home/ec2-user/data/topics/1724 248
@/home/ec2-user/data/topics/4689 249
@/home/ec2-user/data/topics/3897 250
@/home/ec2-user/data/topics/4244 251
@/home/ec2-user/data/topics/4138 252
@/home/ec2-user/data/topics/1815 253
@/home/ec2-user/data/topics/3724 254
@/home/ec2-user/data/topics/1879 255
@/home/ec2-user/data/topics/2022 256
@/home/ec2-user/data/topics/4260 257
@/home/ec2-user/data/topics/4338 258
@/home/ec2-user/data/topics/2150 259
@/home/ec2-user/data/topics/4434 260
@/home/ec2-user/data/topics/4536 261
@/home/ec2-user/data/topics/3875 262
@/home/ec2-user/data/topics/4128 263
@/home/ec2-user/data/topics/2166 264
@/home/ec2-user/data/topics/4650 265
@/home/ec2-user/data/topics/4699 266
@/home/ec2-user/data/topics/4276 267
@/home/ec2-user/data/topics/4398 268
@/home/ec2-user/data/topics/4613 269
@/home/ec2-user/data/topics/4682 270
@/home/ec2-user/data/topics/4360 271
@/home/ec2-user/data/topics/1928 272
@/home/ec2-user/data/topics/4651 273
@/home/ec2-user/data/topics/4062 274
@/home/ec2-user/data/topics/4775 275
@/home/ec2-user/data/topics/4785 276
@/home/ec2-user/data/topics/4134 277
@/home/ec2-user/data/topics/4537 278
@/home/ec2-user/data/topics/4902 279
@/home/ec2-user/data/topics/4120 280
@/home/ec2-user/data/topics/4240 281
@/home/ec2-user/data/topics/4137 282
@/home/ec2-user/data/topics/1281 283
@/home/ec2-user/data/topics/4216 284
@/home/ec2-user/data/topics/4477 285
@/home/ec2-user/data/topics/1867 286
@/home/ec2-user/data/topics/4665 287
@/home/ec2-user/data/topics/4447 288
@/home/ec2-user/data/topics/4142 289
@/home/ec2-user/data/topics/4486 290
@/home/ec2-user/data/topics/4071 291
@/home/ec2-user/data/topics/2088 292
@/home/ec2-user/data/topics/4578 293
@/home/ec2-user/data/topics/4926 294
@/home/ec2-user/data/topics/4808 295
@/home/ec2-user/data/topics/4258 296
@/home/ec2-user/data/topics/1360 297
@/home/ec2-user/data/topics/4092 298
@/home/ec2-user/data/topics/4273 299
@/home/ec2-user/data/topics/4595 300
@/home/ec2-user/data/topics/4081 301
@/home/ec2-user/data/topics/1122 302
@/home/ec2-user/data/topics/4764 303
@/home/ec2-user/data/topics/4708 304
@/home/ec2-user/data/topics/1661 305
@/home/ec2-user/data/topics/1116 306
@/home/ec2-user/data/topics/4119 307
@/home/ec2-user/data/topics/4278 308
@/home/ec2-user/data/topics/1973 309
@/home/ec2-user/data/topics/4725 310
@/home/ec2-user/data/topics/4238 311
@/home/ec2-user/data/topics/4824 312
@/home/ec2-user/data/topics/4288 313
@/home/ec2-user/data/topics/1844 314
@/home/ec2-user/data/topics/1100 315
@/home/ec2-user/data/topics/4759 316
@/home/ec2-user/data/topics/4320 317
@/home/ec2-user/data/topics/1773 318
@/home/ec2-user/data/topics/4267 319
@/home/ec2-user/data/topics/1112 320
@/home/ec2-user/data/topics/3729 321
@/home/ec2-user/data/topics/4185 322
@/home/ec2-user/data/topics/4721 323
@/home/ec2-user/data/topics/4171 324
@/home/ec2-user/data/topics/1891 325
@/home/ec2-user/data/topics/4696 326
@/home/ec2-user/data/topics/3896 327
@/home/ec2-user/data/topics/1791 328
@/home/ec2-user/data/topics/3744 329
@/home/ec2-user/data/topics/4129 330
@/home/ec2-user/data/topics/1557 331
@/home/ec2-user/data/topics/4490 332
@/home/ec2-user/data/topics/3954 333
@/home/ec2-user/data/topics/4168 334
@/home/ec2-user/data/topics/4207 335
@/home/ec2-user/data/topics/4017 336
@/home/ec2-user/data/topics/1016 337
@/home/ec2-user/data/topics/4209 338
@/home/ec2-user/data/topics/4718 339
@/home/ec2-user/data/topics/1624 340
@/home/ec2-user/data/topics/1486 341
@/home/ec2-user/data/topics/4643 342
@/home/ec2-user/data/topics/4393 343
@/home/ec2-user/data/topics/4750 344
@/home/ec2-user/data/topics/4309 345
@/home/ec2-user/data/topics/3886 346
@/home/ec2-user/data/topics/4646 347
@/home/ec2-user/data/topics/4315 348
@/home/ec2-user/data/topics/2144 349
@/home/ec2-user/data/topics/4359 350
@/home/ec2-user/data/topics/2041 351
@/home/ec2-user/data/topics/1783 352
@/home/ec2-user/data/topics/4257 353
@/home/ec2-user/data/topics/4319 354
@/home/ec2-user/data/topics/4634 355
@/home/ec2-user/data/topics/4313 356
@/home/ec2-user/data/topics/4429 357
@/home/ec2-user/data/topics/4352 358
@/home/ec2-user/data/topics/4162 359
@/home/ec2-user/data/topics/4666 360
@/home/ec2-user/data/topics/4892 361
@/home/ec2-user/data/topics/4440 362
@/home/ec2-user/data/topics/4254 363
@/home/ec2-user/data/topics/4485 364
@/home/ec2-user/data/topics/4584 365
@/home/ec2-user/data/topics/1199 366
@/home/ec2-user/data/topics/1710 367
@/home/ec2-user/data/topics/4427 368
@/home/ec2-user/data/topics/4770 369
@/home/ec2-user/data/topics/4742 370
@/home/ec2-user/data/topics/3766 371
@/home/ec2-user/data/topics/4243 372
@/home/ec2-user/data/topics/3938 373
@/home/ec2-user/data/topics/1457 374
@/home/ec2-user/data/topics/4236 375
@/home/ec2-user/data/topics/1852 376
@/home/ec2-user/data/topics/1464 377
@/home/ec2-user/data/topics/1612 378
@/home/ec2-user/data/topics/4760 379
@/home/ec2-user/data/topics/1523 380
@/home/ec2-user/data/topics/4561 381
@/home/ec2-user/data/topics/4433 382
@/home/ec2-user/data/topics/4227 383
@/home/ec2-user/data/topics/4247 384
@/home/ec2-user/data/topics/4318 385
@/home/ec2-user/data/topics/1044 386
@/home/ec2-user/data/topics/4940 387
@/home/ec2-user/data/topics/1078 388
@/home/ec2-user/data/topics/4446 389
@/home/ec2-user/data/topics/4458 390
@/home/ec2-user/data/topics/1500 391
@/home/ec2-user/data/topics/1362 392
@/home/ec2-user/data/topics/4533 393
@/home/ec2-user/data/topics/4876 394
@/home/ec2-user/data/topics/2119 395
@/home/ec2-user/data/topics/4196 396
@/home/ec2-user/data/topics/4192 397
@/home/ec2-user/data/topics/4779 398
@/home/ec2-user/data/topics/3865 399
@/home/ec2-user/data/topics/4659 400
@/home/ec2-user/data/topics/4414 401
@/home/ec2-user/data/topics/4371 402
@/home/ec2-user/data/topics/4404 403
@/home/ec2-user/data/topics/1923 404
@/home/ec2-user/data/topics/4877 405
@/home/ec2-user/data/topics/4603 406
@/home/ec2-user/data/topics/4342 407
@/home/ec2-user/data/topics/4657 408
@/home/ec2-user/data/topics/1326 409
@/home/ec2-user/data/topics/4816 410
@/home/ec2-user/data/topics/5034 411
@/home/ec2-user/data/topics/1101 412
@/home/ec2-user/data/topics/4082 413
@/home/ec2-user/data/topics/4425 414
@/home/ec2-user/data/topics/4728 415
@/home/ec2-user/data/topics/1595 416
@/home/ec2-user/data/topics/4442 417
@/home/ec2-user/data/topics/3995 418
松下電器産業株式会社

@/home/ec2-user/data/topics/3692 419
@/home/ec2-user/data/topics/1516 419
@/home/ec2-user/data/topics/4098 420
@/home/ec2-user/data/topics/4274 421
@/home/ec2-user/data/topics/4193 422
@/home/ec2-user/data/topics/4215 423
@/home/ec2-user/data/topics/1812 424
@/home/ec2-user/data/topics/2170 425
@/home/ec2-user/data/topics/3807 426
@/home/ec2-user/data/topics/1829 427
@/home/ec2-user/data/topics/4945 428
@/home/ec2-user/data/topics/4355 429
@/home/ec2-user/data/topics/3739 430
@/home/ec2-user/data/topics/4625 431
@/home/ec2-user/data/topics/1635 432
@/home/ec2-user/data/topics/2156 433
@/home/ec2-user/data/topics/3761 434
@/home/ec2-user/data/topics/3719 435
@/home/ec2-user/data/topics/4574 436
@/home/ec2-user/data/topics/1748 437
@/home/ec2-user/data/topics/4667 438
@/home/ec2-user/data/topics/4159 439
@/home/ec2-user/data/topics/3951 440
@/home/ec2-user/data/topics/4475 441
@/home/ec2-user/data/topics/4160 442
@/home/ec2-user/data/topics/4707 443
@/home/ec2-user/data/topics/4307 444
@/home/ec2-user/data/topics/1898 445
@/home/ec2-user/data/topics/3658 446
@/home/ec2-user/data/topics/4936 447
@/home/ec2-user/data/topics/3619 448
@/home/ec2-user/data/topics/4804 449
@/home/ec2-user/data/topics/1257 450
@/home/ec2-user/data/topics/1955 451
@/home/ec2-user/data/topics/4917 452
@/home/ec2-user/data/topics/3704 453
@/home/ec2-user/data/topics/1157 454
@/home/ec2-user/data/topics/1633 455
@/home/ec2-user/data/topics/3494 456
@/home/ec2-user/data/topics/4180 457
@/home/ec2-user/data/topics/4797 458
@/home/ec2-user/data/topics/3386 459
@/home/ec2-user/data/topics/4385 460
@/home/ec2-user/data/topics/4394 461
@/home/ec2-user/data/topics/4464 462
@/home/ec2-user/data/topics/3404 463
@/home/ec2-user/data/topics/1701 464
@/home/ec2-user/data/topics/2029 465
@/home/ec2-user/data/topics/1706 466
@/home/ec2-user/data/topics/1026 467
@/home/ec2-user/data/topics/3904 468
@/home/ec2-user/data/topics/4577 469
@/home/ec2-user/data/topics/4761 470
@/home/ec2-user/data/topics/3514 471
@/home/ec2-user/data/topics/1158 472
@/home/ec2-user/data/topics/4101 473
@/home/ec2-user/data/topics/4806 474
@/home/ec2-user/data/topics/4459 475
@/home/ec2-user/data/topics/4501 476
@/home/ec2-user/data/topics/4502 477
@/home/ec2-user/data/topics/3558 478
@/home/ec2-user/data/topics/5028 479
@/home/ec2-user/data/topics/1525 480
@/home/ec2-user/data/topics/1070 481
@/home/ec2-user/data/topics/4491 482
@/home/ec2-user/data/topics/3585 483
@/home/ec2-user/data/topics/4558 484
@/home/ec2-user/data/topics/4817 485
@/home/ec2-user/data/topics/4126 486
@/home/ec2-user/data/topics/3746 487
@/home/ec2-user/data/topics/3979 488
@/home/ec2-user/data/topics/4157 489
@/home/ec2-user/data/topics/3847 490
@/home/ec2-user/data/topics/4503 491
@/home/ec2-user/data/topics/4798 492
@/home/ec2-user/data/topics/1762 493
@/home/ec2-user/data/topics/1179 494
@/home/ec2-user/data/topics/4754 495
@/home/ec2-user/data/topics/4918 496
@/home/ec2-user/data/topics/4139 497
@/home/ec2-user/data/topics/2129 498
@/home/ec2-user/data/topics/4599 499
@/home/ec2-user/data/topics/5024 500
@/home/ec2-user/data/topics/2222 501
@/home/ec2-user/data/topics/4448 502
@/home/ec2-user/data/topics/3402 503
@/home/ec2-user/data/topics/4280 504
@/home/ec2-user/data/topics/4264 505
@/home/ec2-user/data/topics/2080 506
@/home/ec2-user/data/topics/2056 507
@/home/ec2-user/data/topics/4000 508
@/home/ec2-user/data/topics/1339 509
@/home/ec2-user/data/topics/4968 510
@/home/ec2-user/data/topics/1252 511
@/home/ec2-user/data/topics/3960 512
@/home/ec2-user/data/topics/3721 513
@/home/ec2-user/data/topics/4303 514
@/home/ec2-user/data/topics/1885 515
@/home/ec2-user/data/topics/4422 516
@/home/ec2-user/data/topics/3455 517
@/home/ec2-user/data/topics/4043 518
@/home/ec2-user/data/topics/4382 519
@/home/ec2-user/data/topics/3676 520
@/home/ec2-user/data/topics/4867 521
@/home/ec2-user/data/topics/3519 522
@/home/ec2-user/data/topics/4961 523
@/home/ec2-user/data/topics/1477 524
@/home/ec2-user/data/topics/1705 525
@/home/ec2-user/data/topics/1136 526
@/home/ec2-user/data/topics/3680 527
@/home/ec2-user/data/topics/1509 528
@/home/ec2-user/data/topics/4102 529
@/home/ec2-user/data/topics/3694 530
@/home/ec2-user/data/topics/1540 531
@/home/ec2-user/data/topics/3510 532
@/home/ec2-user/data/topics/1881 533
@/home/ec2-user/data/topics/4885 534
@/home/ec2-user/data/topics/1589 535
@/home/ec2-user/data/topics/4586 536
@/home/ec2-user/data/topics/4676 537
@/home/ec2-user/data/topics/4787 538
@/home/ec2-user/data/topics/4229 539
@/home/ec2-user/data/topics/3920 540
セイコーインスツルメンツ株式会社

@/home/ec2-user/data/topics/1707 541
@/home/ec2-user/data/topics/4151 541
@/home/ec2-user/data/topics/3626 542
@/home/ec2-user/data/topics/4036 543
@/home/ec2-user/data/topics/3825 544
@/home/ec2-user/data/topics/4088 545
@/home/ec2-user/data/topics/4190 546
@/home/ec2-user/data/topics/4203 547
@/home/ec2-user/data/topics/4997 548
ミノルタ株式会社

@/home/ec2-user/data/topics/4321 549
@/home/ec2-user/data/topics/4951 549
@/home/ec2-user/data/topics/4986 550
@/home/ec2-user/data/topics/3810 551
@/home/ec2-user/data/topics/4984 552
@/home/ec2-user/data/topics/4970 553
@/home/ec2-user/data/topics/3545 554
@/home/ec2-user/data/topics/3584 555
@/home/ec2-user/data/topics/4977 556
@/home/ec2-user/data/topics/2190 557
@/home/ec2-user/data/topics/1152 558
@/home/ec2-user/data/topics/4971 559
株式会社リコー

@/home/ec2-user/data/topics/3759 560
@/home/ec2-user/data/topics/1774 560
@/home/ec2-user/data/topics/3548 561
@/home/ec2-user/data/topics/3523 562
@/home/ec2-user/data/topics/3633 563
@/home/ec2-user/data/topics/1095 564
@/home/ec2-user/data/topics/1878 565
@/home/ec2-user/data/topics/4265 566
@/home/ec2-user/data/topics/1668 567
@/home/ec2-user/data/topics/3474 568
@/home/ec2-user/data/topics/2219 569
@/home/ec2-user/data/topics/1282 570
@/home/ec2-user/data/topics/1780 571
@/home/ec2-user/data/topics/2200 572
@/home/ec2-user/data/topics/3436 573
@/home/ec2-user/data/topics/1083 574
@/home/ec2-user/data/topics/1064 575
@/home/ec2-user/data/topics/1775 576
@/home/ec2-user/data/topics/3424 577
@/home/ec2-user/data/topics/2043 578
@/home/ec2-user/data/topics/1106 579
@/home/ec2-user/data/topics/4879 580
@/home/ec2-user/data/topics/4344 581
@/home/ec2-user/data/topics/1433 582
@/home/ec2-user/data/topics/1190 583
@/home/ec2-user/data/topics/3837 584
@/home/ec2-user/data/topics/3530 585
@/home/ec2-user/data/topics/1670 586
@/home/ec2-user/data/topics/1514 587
@/home/ec2-user/data/topics/4037 588
@/home/ec2-user/data/topics/3555 589
@/home/ec2-user/data/topics/3446 590
@/home/ec2-user/data/topics/1663 591
@/home/ec2-user/data/topics/2201 592
@/home/ec2-user/data/topics/3411 593
@/home/ec2-user/data/topics/2189 594
@/home/ec2-user/data/topics/1740 595
@/home/ec2-user/data/topics/1478 596
@/home/ec2-user/data/topics/1436 597
@/home/ec2-user/data/topics/3574 598
@/home/ec2-user/data/topics/3669 599
@/home/ec2-user/data/topics/2182 600
@/home/ec2-user/data/topics/1718 601
@/home/ec2-user/data/topics/3484 602
@/home/ec2-user/data/topics/3394 603
@/home/ec2-user/data/topics/2006 604
@/home/ec2-user/data/topics/4781 605
@/home/ec2-user/data/topics/3750 606
@/home/ec2-user/data/topics/1974 607
@/home/ec2-user/data/topics/3557 608
@/home/ec2-user/data/topics/3472 609
@/home/ec2-user/data/topics/1755 610
@/home/ec2-user/data/topics/3378 611
@/home/ec2-user/data/topics/1627 612
@/home/ec2-user/data/topics/1610 613
@/home/ec2-user/data/topics/3711 614
@/home/ec2-user/data/topics/1976 615
@/home/ec2-user/data/topics/3687 616
@/home/ec2-user/data/topics/1669 617
@/home/ec2-user/data/topics/3495 618
@/home/ec2-user/data/topics/4616 619
@/home/ec2-user/data/topics/1806 620
@/home/ec2-user/data/topics/1691 621
@/home/ec2-user/data/topics/3713 622
@/home/ec2-user/data/topics/3880 623
@/home/ec2-user/data/topics/1593 624
@/home/ec2-user/data/topics/1482 625
@/home/ec2-user/data/topics/2090 626
@/home/ec2-user/data/topics/3775 627
@/home/ec2-user/data/topics/1225 628
@/home/ec2-user/data/topics/1776 629
独立行政法人産業技術総合研究所

@/home/ec2-user/data/topics/4739 630
@/home/ec2-user/data/topics/4740 630
@/home/ec2-user/data/topics/4869 631
@/home/ec2-user/data/topics/1356 632
@/home/ec2-user/data/topics/4800 633
@/home/ec2-user/data/topics/4777 634
ソニー株式会社

@/home/ec2-user/data/topics/2094 635
@/home/ec2-user/data/topics/1291 635
@/home/ec2-user/data/topics/1397 636
@/home/ec2-user/data/topics/1491 637
@/home/ec2-user/data/topics/1147 638
@/home/ec2-user/data/topics/4351 639
@/home/ec2-user/data/topics/2075 640
@/home/ec2-user/data/topics/2037 641
@/home/ec2-user/data/topics/2105 642
@/home/ec2-user/data/topics/2059 643
@/home/ec2-user/data/topics/1967 644
@/home/ec2-user/data/topics/3975 645
@/home/ec2-user/data/topics/1426 646
@/home/ec2-user/data/topics/3955 647
@/home/ec2-user/data/topics/3392 648
@/home/ec2-user/data/topics/1298 649
@/home/ec2-user/data/topics/1602 650
@/home/ec2-user/data/topics/1435 651
@/home/ec2-user/data/topics/1233 652
@/home/ec2-user/data/topics/5027 653
@/home/ec2-user/data/topics/1471 654
@/home/ec2-user/data/topics/1926 655
@/home/ec2-user/data/topics/3872 656
@/home/ec2-user/data/topics/1679 657
@/home/ec2-user/data/topics/1749 658
@/home/ec2-user/data/topics/2052 659
@/home/ec2-user/data/topics/3401 660
@/home/ec2-user/data/topics/1873 661
@/home/ec2-user/data/topics/1778 662
@/home/ec2-user/data/topics/1414 663
@/home/ec2-user/data/topics/2048 664
@/home/ec2-user/data/topics/4219 665
@/home/ec2-user/data/topics/4224 666
@/home/ec2-user/data/topics/1892 667
@/home/ec2-user/data/topics/4184 668
@/home/ec2-user/data/topics/1218 669
@/home/ec2-user/data/topics/1059 670
@/home/ec2-user/data/topics/1912 671
@/home/ec2-user/data/topics/2058 672
@/home/ec2-user/data/topics/3924 673
@/home/ec2-user/data/topics/1102 674
@/home/ec2-user/data/topics/1954 675
@/home/ec2-user/data/topics/1686 676
@/home/ec2-user/data/topics/1836 677
@/home/ec2-user/data/topics/1884 678
@/home/ec2-user/data/topics/3456 679
@/home/ec2-user/data/topics/1380 680
富士ゼロックス株式会社

@/home/ec2-user/data/topics/3473 681
@/home/ec2-user/data/topics/3407 681
@/home/ec2-user/data/topics/3782 682
@/home/ec2-user/data/topics/3564 683
@/home/ec2-user/data/topics/4108 684
@/home/ec2-user/data/topics/3383 685
@/home/ec2-user/data/topics/3366 686
@/home/ec2-user/data/topics/3695 687
@/home/ec2-user/data/topics/3662 688
@/home/ec2-user/data/topics/1947 689
@/home/ec2-user/data/topics/1560 690
@/home/ec2-user/data/topics/3790 691
@/home/ec2-user/data/topics/3640 692
@/home/ec2-user/data/topics/5031 693
@/home/ec2-user/data/topics/3661 694
住友金属工業株式会社

@/home/ec2-user/data/topics/4733 695
@/home/ec2-user/data/topics/4021 695
@/home/ec2-user/data/topics/1268 696
@/home/ec2-user/data/topics/3655 697
@/home/ec2-user/data/topics/3826 698
@/home/ec2-user/data/topics/4322 699
@/home/ec2-user/data/topics/4534 700
@/home/ec2-user/data/topics/4991 701
@/home/ec2-user/data/topics/4295 702
@/home/ec2-user/data/topics/4182 703
@/home/ec2-user/data/topics/4661 704
@/home/ec2-user/data/topics/3577 705
日立電線株式会社

@/home/ec2-user/data/topics/4356 706
@/home/ec2-user/data/topics/3930 706
@/home/ec2-user/data/topics/4329 707
@/home/ec2-user/data/topics/1117 708
@/home/ec2-user/data/topics/3756 709
@/home/ec2-user/data/topics/1388 710
@/home/ec2-user/data/topics/1027 711
@/home/ec2-user/data/topics/4357 712
@/home/ec2-user/data/topics/1305 713
キヤノン株式会社

@/home/ec2-user/data/topics/3660 714
@/home/ec2-user/data/topics/4363 714
@/home/ec2-user/data/topics/3737 715
@/home/ec2-user/data/topics/4068 716
@/home/ec2-user/data/topics/1744 717
@/home/ec2-user/data/topics/1866 718
@/home/ec2-user/data/topics/1631 719
@/home/ec2-user/data/topics/3410 720
@/home/ec2-user/data/topics/3642 721
@/home/ec2-user/data/topics/3420 722
@/home/ec2-user/data/topics/4521 723
@/home/ec2-user/data/topics/3441 724
@/home/ec2-user/data/topics/1519 725
@/home/ec2-user/data/topics/3454 726
@/home/ec2-user/data/topics/2107 727
@/home/ec2-user/data/topics/3417 728
@/home/ec2-user/data/topics/1216 729
@/home/ec2-user/data/topics/1848 730
@/home/ec2-user/data/topics/3996 731
@/home/ec2-user/data/topics/3949 732
@/home/ec2-user/data/topics/2243 733
@/home/ec2-user/data/topics/1513 734
@/home/ec2-user/data/topics/2117 735
@/home/ec2-user/data/topics/1790 736
@/home/ec2-user/data/topics/4937 737
@/home/ec2-user/data/topics/3438 738
@/home/ec2-user/data/topics/3656 739
@/home/ec2-user/data/topics/2004 740
@/home/ec2-user/data/topics/1889 741
@/home/ec2-user/data/topics/4350 742
@/home/ec2-user/data/topics/1975 743
@/home/ec2-user/data/topics/3843 744
@/home/ec2-user/data/topics/3755 745
@/home/ec2-user/data/topics/1568 746
@/home/ec2-user/data/topics/1539 747
@/home/ec2-user/data/topics/1745 748
@/home/ec2-user/data/topics/1228 749
@/home/ec2-user/data/topics/3967 750
@/home/ec2-user/data/topics/4520 751
@/home/ec2-user/data/topics/3430 752
@/home/ec2-user/data/topics/2053 753
@/home/ec2-user/data/topics/1455 754
@/home/ec2-user/data/topics/1118 755
@/home/ec2-user/data/topics/2231 756
@/home/ec2-user/data/topics/4020 757
@/home/ec2-user/data/topics/3958 758
@/home/ec2-user/data/topics/2145 759
@/home/ec2-user/data/topics/3415 760
@/home/ec2-user/data/topics/1438 761
@/home/ec2-user/data/topics/4610 762
@/home/ec2-user/data/topics/1208 763
@/home/ec2-user/data/topics/1802 764
@/home/ec2-user/data/topics/4628 765
@/home/ec2-user/data/topics/1124 766
@/home/ec2-user/data/topics/4948 767
@/home/ec2-user/data/topics/3628 768
@/home/ec2-user/data/topics/3852 769
@/home/ec2-user/data/topics/3445 770
@/home/ec2-user/data/topics/1590 771
@/home/ec2-user/data/topics/3376 772
@/home/ec2-user/data/topics/1847 773
@/home/ec2-user/data/topics/1895 774
@/home/ec2-user/data/topics/1646 775
@/home/ec2-user/data/topics/3720 776
@/home/ec2-user/data/topics/1080 777
@/home/ec2-user/data/topics/4054 778
@/home/ec2-user/data/topics/3722 779
@/home/ec2-user/data/topics/4947 780
@/home/ec2-user/data/topics/3374 781
@/home/ec2-user/data/topics/3730 782
@/home/ec2-user/data/topics/3416 783
@/home/ec2-user/data/topics/3434 784
@/home/ec2-user/data/topics/1961 785
三洋電機株式会社

@/home/ec2-user/data/topics/2071 786
@/home/ec2-user/data/topics/4527 786
@/home/ec2-user/data/topics/4212 787
@/home/ec2-user/data/topics/5011 788
@/home/ec2-user/data/topics/4837 789
@/home/ec2-user/data/topics/1289 790
@/home/ec2-user/data/topics/3974 791
@/home/ec2-user/data/topics/1671 792
@/home/ec2-user/data/topics/3491 793
@/home/ec2-user/data/topics/4960 794
@/home/ec2-user/data/topics/3754 795
@/home/ec2-user/data/topics/4492 796
@/home/ec2-user/data/topics/4679 797
@/home/ec2-user/data/topics/1246 798
@/home/ec2-user/data/topics/1451 799
@/home/ec2-user/data/topics/1722 800
@/home/ec2-user/data/topics/3539 801
@/home/ec2-user/data/topics/3830 802
@/home/ec2-user/data/topics/3953 803
@/home/ec2-user/data/topics/2054 804
@/home/ec2-user/data/topics/4376 805
@/home/ec2-user/data/topics/1652 806
@/home/ec2-user/data/topics/4571 807
@/home/ec2-user/data/topics/4726 808
@/home/ec2-user/data/topics/3708 809
@/home/ec2-user/data/topics/4001 810
@/home/ec2-user/data/topics/3906 811
@/home/ec2-user/data/topics/4150 812
@/home/ec2-user/data/topics/3581 813
@/home/ec2-user/data/topics/2230 814
@/home/ec2-user/data/topics/4654 815
@/home/ec2-user/data/topics/3889 816
@/home/ec2-user/data/topics/1079 817
@/home/ec2-user/data/topics/3781 818
@/home/ec2-user/data/topics/3681 819
@/home/ec2-user/data/topics/4060 820
@/home/ec2-user/data/topics/1980 821
@/home/ec2-user/data/topics/4015 822
@/home/ec2-user/data/topics/4474 823
@/home/ec2-user/data/topics/4612 824
@/home/ec2-user/data/topics/1653 825
@/home/ec2-user/data/topics/1386 826
@/home/ec2-user/data/topics/1163 827
@/home/ec2-user/data/topics/5002 828
@/home/ec2-user/data/topics/1515 829
@/home/ec2-user/data/topics/3804 830
@/home/ec2-user/data/topics/4763 831
@/home/ec2-user/data/topics/3845 832
@/home/ec2-user/data/topics/1321 833
@/home/ec2-user/data/topics/4604 834
@/home/ec2-user/data/topics/4061 835
@/home/ec2-user/data/topics/4179 836
@/home/ec2-user/data/topics/3986 837
@/home/ec2-user/data/topics/4983 838
@/home/ec2-user/data/topics/4720 839
@/home/ec2-user/data/topics/1488 840
@/home/ec2-user/data/topics/4301 841
@/home/ec2-user/data/topics/1479 842
@/home/ec2-user/data/topics/3398 843
@/home/ec2-user/data/topics/3625 844
@/home/ec2-user/data/topics/3817 845
@/home/ec2-user/data/topics/3859 846
@/home/ec2-user/data/topics/4066 847
@/home/ec2-user/data/topics/4178 848
@/home/ec2-user/data/topics/4384 849
@/home/ec2-user/data/topics/4978 850
@/home/ec2-user/data/topics/4788 851
@/home/ec2-user/data/topics/2063 852
@/home/ec2-user/data/topics/3808 853
@/home/ec2-user/data/topics/2014 854
@/home/ec2-user/data/topics/2098 855
@/home/ec2-user/data/topics/3492 856
@/home/ec2-user/data/topics/4304 857
@/home/ec2-user/data/topics/3926 858
@/home/ec2-user/data/topics/4039 859
@/home/ec2-user/data/topics/3403 860
@/home/ec2-user/data/topics/4099 861
@/home/ec2-user/data/topics/4328 862
@/home/ec2-user/data/topics/2194 863
三菱電機株式会社

@/home/ec2-user/data/topics/4235 864
@/home/ec2-user/data/topics/3506 864
@/home/ec2-user/data/topics/4562 865
@/home/ec2-user/data/topics/1536 866
@/home/ec2-user/data/topics/3469 867
@/home/ec2-user/data/topics/3490 868
@/home/ec2-user/data/topics/1754 869
@/home/ec2-user/data/topics/3666 870
@/home/ec2-user/data/topics/3453 871
@/home/ec2-user/data/topics/3747 872
@/home/ec2-user/data/topics/4233 873
@/home/ec2-user/data/topics/4149 874
@/home/ec2-user/data/topics/4419 875
@/home/ec2-user/data/topics/2146 876
@/home/ec2-user/data/topics/4614 877
@/home/ec2-user/data/topics/3774 878
@/home/ec2-user/data/topics/4047 879
@/home/ec2-user/data/topics/1110 880
@/home/ec2-user/data/topics/1792 881
@/home/ec2-user/data/topics/3841 882
@/home/ec2-user/data/topics/4181 883
@/home/ec2-user/data/topics/4221 884
@/home/ec2-user/data/topics/4518 885
@/home/ec2-user/data/topics/4133 886
@/home/ec2-user/data/topics/4041 887
@/home/ec2-user/data/topics/3609 888
@/home/ec2-user/data/topics/3800 889
@/home/ec2-user/data/topics/3616 890
@/home/ec2-user/data/topics/1220 891
@/home/ec2-user/data/topics/4663 892
@/home/ec2-user/data/topics/3592 893
@/home/ec2-user/data/topics/3612 894
@/home/ec2-user/data/topics/5033 895
@/home/ec2-user/data/topics/3921 896
@/home/ec2-user/data/topics/4282 897
@/home/ec2-user/data/topics/4980 898
@/home/ec2-user/data/topics/3466 899
@/home/ec2-user/data/topics/3465 900
@/home/ec2-user/data/topics/5032 901
@/home/ec2-user/data/topics/4305 902
@/home/ec2-user/data/topics/4552 903
@/home/ec2-user/data/topics/1872 904
@/home/ec2-user/data/topics/3451 905
@/home/ec2-user/data/topics/3963 906
@/home/ec2-user/data/topics/3412 907
@/home/ec2-user/data/topics/3856 908
@/home/ec2-user/data/topics/4514 909
@/home/ec2-user/data/topics/1738 910
@/home/ec2-user/data/topics/4076 911
@/home/ec2-user/data/topics/3493 912
@/home/ec2-user/data/topics/3397 913
@/home/ec2-user/data/topics/3595 914
@/home/ec2-user/data/topics/3409 915
@/home/ec2-user/data/topics/4220 916
@/home/ec2-user/data/topics/4834 917
@/home/ec2-user/data/topics/3820 918
@/home/ec2-user/data/topics/4880 919
@/home/ec2-user/data/topics/3873 920
住友ゴム工業株式会社

@/home/ec2-user/data/topics/4406 921
@/home/ec2-user/data/topics/1758 921
@/home/ec2-user/data/topics/4048 922
@/home/ec2-user/data/topics/1114 923
@/home/ec2-user/data/topics/4597 924
@/home/ec2-user/data/topics/2007 925
@/home/ec2-user/data/topics/4568 926
セイコーエプソン株式会社

@/home/ec2-user/data/topics/1484 927
@/home/ec2-user/data/topics/1890 927
@/home/ec2-user/data/topics/3819 928
@/home/ec2-user/data/topics/1378 929
@/home/ec2-user/data/topics/1343 930
@/home/ec2-user/data/topics/3985 931
@/home/ec2-user/data/topics/2078 932
@/home/ec2-user/data/topics/3361 933
@/home/ec2-user/data/topics/3887 934
@/home/ec2-user/data/topics/3589 935
@/home/ec2-user/data/topics/4022 936
@/home/ec2-user/data/topics/1423 937
@/home/ec2-user/data/topics/4585 938
@/home/ec2-user/data/topics/4386 939
@/home/ec2-user/data/topics/2165 940
@/home/ec2-user/data/topics/3505 941
@/home/ec2-user/data/topics/1641 942
@/home/ec2-user/data/topics/4454 943
@/home/ec2-user/data/topics/3476 944
@/home/ec2-user/data/topics/4802 945
@/home/ec2-user/data/topics/4719 946
@/home/ec2-user/data/topics/4605 947
@/home/ec2-user/data/topics/4109 948
@/home/ec2-user/data/topics/3910 949
@/home/ec2-user/data/topics/1938 950
@/home/ec2-user/data/topics/4801 951
株式会社三共

@/home/ec2-user/data/topics/2060 952
@/home/ec2-user/data/topics/4374 952
@/home/ec2-user/data/topics/1377 953
@/home/ec2-user/data/topics/2123 954
@/home/ec2-user/data/topics/4868 955
@/home/ec2-user/data/topics/1665 956
@/home/ec2-user/data/topics/1189 957
@/home/ec2-user/data/topics/1648 958
@/home/ec2-user/data/topics/1086 959
沖電気工業株式会社

@/home/ec2-user/data/topics/4575 960
@/home/ec2-user/data/topics/3571 960
@/home/ec2-user/data/topics/3621 961
@/home/ec2-user/data/topics/3457 962
@/home/ec2-user/data/topics/3433 963
@/home/ec2-user/data/topics/3690 964
@/home/ec2-user/data/topics/3964 965
@/home/ec2-user/data/topics/3395 966
@/home/ec2-user/data/topics/4693 967
@/home/ec2-user/data/topics/3764 968
@/home/ec2-user/data/topics/1188 969
@/home/ec2-user/data/topics/4299 970
@/home/ec2-user/data/topics/4308 971
@/home/ec2-user/data/topics/1531 972
株式会社三星

@/home/ec2-user/data/topics/3942 973
@/home/ec2-user/data/topics/1733 973
@/home/ec2-user/data/topics/2108 974
@/home/ec2-user/data/topics/2198 975
@/home/ec2-user/data/topics/1728 976
@/home/ec2-user/data/topics/1260 977
日本ビクター株式会社

@/home/ec2-user/data/topics/3939 978
@/home/ec2-user/data/topics/1823 978
@/home/ec2-user/data/topics/4056 979
@/home/ec2-user/data/topics/1389 980
@/home/ec2-user/data/topics/4123 981
@/home/ec2-user/data/topics/4672 982
@/home/ec2-user/data/topics/1520 983
@/home/ec2-user/data/topics/3603 984
@/home/ec2-user/data/topics/3882 985
@/home/ec2-user/data/topics/3620 986
@/home/ec2-user/data/topics/1440 987
花王株式会社

@/home/ec2-user/data/topics/1022 988
@/home/ec2-user/data/topics/4445 988
@/home/ec2-user/data/topics/3884 989
@/home/ec2-user/data/topics/1767 990
@/home/ec2-user/data/topics/4211 991
@/home/ec2-user/data/topics/3812 992
@/home/ec2-user/data/topics/4287 993
@/home/ec2-user/data/topics/4827 994
@/home/ec2-user/data/topics/3753 995
@/home/ec2-user/data/topics/4249 996
@/home/ec2-user/data/topics/3999 997
@/home/ec2-user/data/topics/1196 998
@/home/ec2-user/data/topics/2214 999
三田工業株式会社

@/home/ec2-user/data/topics/2155 1000
@/home/ec2-user/data/topics/1766 1000
@/home/ec2-user/data/topics/1034 1001
@/home/ec2-user/data/topics/1033 1002
@/home/ec2-user/data/topics/3842 1003
@/home/ec2-user/data/topics/2136 1004
@/home/ec2-user/data/topics/1269 1005
@/home/ec2-user/data/topics/3923 1006
@/home/ec2-user/data/topics/3604 1007
豊丸産業株式会社

@/home/ec2-user/data/topics/2169 1008
@/home/ec2-user/data/topics/1353 1008
@/home/ec2-user/data/topics/1726 1009
@/home/ec2-user/data/topics/3672 1010
@/home/ec2-user/data/topics/2011 1011
@/home/ec2-user/data/topics/1588 1012
@/home/ec2-user/data/topics/1284 1013
@/home/ec2-user/data/topics/1713 1014
@/home/ec2-user/data/topics/1914 1015
@/home/ec2-user/data/topics/1097 1016
@/home/ec2-user/data/topics/1401 1017
@/home/ec2-user/data/topics/1126 1018
@/home/ec2-user/data/topics/4847 1019
@/home/ec2-user/data/topics/1677 1020
@/home/ec2-user/data/topics/1138 1021
鐘紡株式会社

@/home/ec2-user/data/topics/3551 1022
@/home/ec2-user/data/topics/1870 1022
@/home/ec2-user/data/topics/1901 1023
@/home/ec2-user/data/topics/3560 1024
@/home/ec2-user/data/topics/1178 1025
@/home/ec2-user/data/topics/4195 1026
@/home/ec2-user/data/topics/1886 1027
@/home/ec2-user/data/topics/3634 1028
@/home/ec2-user/data/topics/2034 1029
@/home/ec2-user/data/topics/1367 1030
@/home/ec2-user/data/topics/2223 1031
@/home/ec2-user/data/topics/1054 1032
@/home/ec2-user/data/topics/1842 1033
@/home/ec2-user/data/topics/2185 1034
@/home/ec2-user/data/topics/1304 1035
@/home/ec2-user/data/topics/3566 1036
株式会社デンソー

@/home/ec2-user/data/topics/4498 1037
@/home/ec2-user/data/topics/3480 1037
@/home/ec2-user/data/topics/3406 1038
@/home/ec2-user/data/topics/4423 1039
@/home/ec2-user/data/topics/4675 1040
@/home/ec2-user/data/topics/4483 1041
@/home/ec2-user/data/topics/3710 1042
@/home/ec2-user/data/topics/4805 1043
@/home/ec2-user/data/topics/4840 1044
@/home/ec2-user/data/topics/4046 1045
@/home/ec2-user/data/topics/4164 1046
@/home/ec2-user/data/topics/4656 1047
@/home/ec2-user/data/topics/3421 1048
@/home/ec2-user/data/topics/1855 1049
@/home/ec2-user/data/topics/4024 1050
@/home/ec2-user/data/topics/4622 1051
@/home/ec2-user/data/topics/1028 1052
富士写真フイルム株式会社

@/home/ec2-user/data/topics/1570 1053
@/home/ec2-user/data/topics/4962 1053
@/home/ec2-user/data/topics/3918 1054
@/home/ec2-user/data/topics/3354 1055
@/home/ec2-user/data/topics/2134 1056
@/home/ec2-user/data/topics/3911 1057
@/home/ec2-user/data/topics/3447 1058
@/home/ec2-user/data/topics/1662 1059
@/home/ec2-user/data/topics/1244 1060
@/home/ec2-user/data/topics/3857 1061
@/home/ec2-user/data/topics/1603 1062
京セラ株式会社

@/home/ec2-user/data/topics/1708 1063
@/home/ec2-user/data/topics/4031 1063
@/home/ec2-user/data/topics/4513 1064
@/home/ec2-user/data/topics/1913 1065
@/home/ec2-user/data/topics/3741 1066
@/home/ec2-user/data/topics/3593 1067
@/home/ec2-user/data/topics/1485 1068
@/home/ec2-user/data/topics/3615 1069
@/home/ec2-user/data/topics/4340 1070
@/home/ec2-user/data/topics/3869 1071
@/home/ec2-user/data/topics/1741 1072
@/home/ec2-user/data/topics/4901 1073
イビデン株式会社

@/home/ec2-user/data/topics/1770 1074
@/home/ec2-user/data/topics/1315 1074
@/home/ec2-user/data/topics/3814 1075
@/home/ec2-user/data/topics/1336 1076
@/home/ec2-user/data/topics/1952 1077
@/home/ec2-user/data/topics/2033 1078
@/home/ec2-user/data/topics/1682 1079
株式会社東芝

@/home/ec2-user/data/topics/3990 1080
@/home/ec2-user/data/topics/1757 1080
@/home/ec2-user/data/topics/4089 1081
@/home/ec2-user/data/topics/4336 1082
@/home/ec2-user/data/topics/3948 1083
@/home/ec2-user/data/topics/3598 1084
@/home/ec2-user/data/topics/3795 1085
@/home/ec2-user/data/topics/3618 1086
@/home/ec2-user/data/topics/4594 1087
@/home/ec2-user/data/topics/4172 1088
@/home/ec2-user/data/topics/3683 1089
@/home/ec2-user/data/topics/4009 1090
@/home/ec2-user/data/topics/4566 1091
@/home/ec2-user/data/topics/4096 1092
@/home/ec2-user/data/topics/1585 1093
@/home/ec2-user/data/topics/3881 1094
@/home/ec2-user/data/topics/4165 1095
@/home/ec2-user/data/topics/3851 1096
@/home/ec2-user/data/topics/3716 1097
@/home/ec2-user/data/topics/3542 1098
@/home/ec2-user/data/topics/1205 1099
@/home/ec2-user/data/topics/1756 1100
@/home/ec2-user/data/topics/3988 1101
@/home/ec2-user/data/topics/3462 1102
@/home/ec2-user/data/topics/4912 1103
@/home/ec2-user/data/topics/4535 1104
@/home/ec2-user/data/topics/4057 1105
@/home/ec2-user/data/topics/2241 1106
@/home/ec2-user/data/topics/3363 1107
@/home/ec2-user/data/topics/3732 1108
@/home/ec2-user/data/topics/3351 1109
@/home/ec2-user/data/topics/4755 1110
@/home/ec2-user/data/topics/3380 1111
@/home/ec2-user/data/topics/3734 1112
@/home/ec2-user/data/topics/3689 1113
@/home/ec2-user/data/topics/4863 1114
@/home/ec2-user/data/topics/3780 1115
@/home/ec2-user/data/topics/4842 1116
@/home/ec2-user/data/topics/4509 1117
@/home/ec2-user/data/topics/3834 1118
@/home/ec2-user/data/topics/3688 1119
@/home/ec2-user/data/topics/3352 1120
@/home/ec2-user/data/topics/4183 1121
@/home/ec2-user/data/topics/4361 1122
@/home/ec2-user/data/topics/4381 1123
@/home/ec2-user/data/topics/4302 1124
@/home/ec2-user/data/topics/4935 1125
@/home/ec2-user/data/topics/4631 1126
@/home/ec2-user/data/topics/1090 1127
@/home/ec2-user/data/topics/3890 1128
@/home/ec2-user/data/topics/4197 1129
@/home/ec2-user/data/topics/4751 1130
@/home/ec2-user/data/topics/1997 1131
@/home/ec2-user/data/topics/3360 1132
@/home/ec2-user/data/topics/4623 1133
@/home/ec2-user/data/topics/4292 1134
@/home/ec2-user/data/topics/1819 1135
@/home/ec2-user/data/topics/4881 1136
@/home/ec2-user/data/topics/1132 1137
@/home/ec2-user/data/topics/1332 1138
@/home/ec2-user/data/topics/4140 1139
ヤマハ株式会社

@/home/ec2-user/data/topics/4954 1140
@/home/ec2-user/data/topics/4084 1140
@/home/ec2-user/data/topics/4145 1141
@/home/ec2-user/data/topics/4045 1142
@/home/ec2-user/data/topics/4010 1143
@/home/ec2-user/data/topics/1676 1144
@/home/ec2-user/data/topics/3972 1145
@/home/ec2-user/data/topics/4919 1146
@/home/ec2-user/data/topics/4177 1147
@/home/ec2-user/data/topics/1911 1148
@/home/ec2-user/data/topics/4125 1149
@/home/ec2-user/data/topics/1443 1150
@/home/ec2-user/data/topics/1720 1151
東洋紡績株式会社

@/home/ec2-user/data/topics/4284 1152
@/home/ec2-user/data/topics/4362 1152
@/home/ec2-user/data/topics/3769 1153
@/home/ec2-user/data/topics/1029 1154
@/home/ec2-user/data/topics/1613 1155
@/home/ec2-user/data/topics/4366 1156
三菱化学株式会社

@/home/ec2-user/data/topics/3458 1157
@/home/ec2-user/data/topics/1699 1157
@/home/ec2-user/data/topics/3513 1158
@/home/ec2-user/data/topics/1902 1159
@/home/ec2-user/data/topics/1197 1160
@/home/ec2-user/data/topics/3638 1161
カシオ計算機株式会社

@/home/ec2-user/data/topics/3391 1162
@/home/ec2-user/data/topics/2237 1162
@/home/ec2-user/data/topics/1235 1163
@/home/ec2-user/data/topics/1047 1164
@/home/ec2-user/data/topics/1794 1165
@/home/ec2-user/data/topics/1535 1166
@/home/ec2-user/data/topics/2180 1167
@/home/ec2-user/data/topics/1368 1168
コナミ株式会社

@/home/ec2-user/data/topics/4681 1169
@/home/ec2-user/data/topics/1621 1169
@/home/ec2-user/data/topics/2100 1170
@/home/ec2-user/data/topics/1302 1171
@/home/ec2-user/data/topics/1672 1172
@/home/ec2-user/data/topics/5015 1173
@/home/ec2-user/data/topics/2151 1174
@/home/ec2-user/data/topics/4602 1175
大日本スクリーン製造株式会社

@/home/ec2-user/data/topics/1173 1176
@/home/ec2-user/data/topics/1130 1176
@/home/ec2-user/data/topics/3742 1177
@/home/ec2-user/data/topics/2209 1178
@/home/ec2-user/data/topics/2172 1179
@/home/ec2-user/data/topics/1608 1180
@/home/ec2-user/data/topics/1779 1181
オムロン株式会社

@/home/ec2-user/data/topics/3594 1182
@/home/ec2-user/data/topics/1533 1182
@/home/ec2-user/data/topics/1933 1183
@/home/ec2-user/data/topics/1579 1184
@/home/ec2-user/data/topics/3748 1185
@/home/ec2-user/data/topics/3863 1186
@/home/ec2-user/data/topics/2096 1187
@/home/ec2-user/data/topics/1657 1188
@/home/ec2-user/data/topics/1135 1189
@/home/ec2-user/data/topics/3700 1190
@/home/ec2-user/data/topics/4771 1191
@/home/ec2-user/data/topics/3597 1192
@/home/ec2-user/data/topics/1151 1193
@/home/ec2-user/data/topics/1067 1194
@/home/ec2-user/data/topics/1841 1195
株式会社日立製作所

@/home/ec2-user/data/topics/4040 1196
@/home/ec2-user/data/topics/1833 1196
@/home/ec2-user/data/topics/2081 1197
@/home/ec2-user/data/topics/1693 1198
@/home/ec2-user/data/topics/3488 1199
@/home/ec2-user/data/topics/1072 1200
@/home/ec2-user/data/topics/1487 1201
@/home/ec2-user/data/topics/2184 1202
@/home/ec2-user/data/topics/1987 1203
@/home/ec2-user/data/topics/1334 1204
@/home/ec2-user/data/topics/3994 1205
@/home/ec2-user/data/topics/1825 1206
@/home/ec2-user/data/topics/1296 1207
@/home/ec2-user/data/topics/4547 1208
@/home/ec2-user/data/topics/1249 1209
@/home/ec2-user/data/topics/1882 1210
@/home/ec2-user/data/topics/3384 1211
@/home/ec2-user/data/topics/3471 1212
@/home/ec2-user/data/topics/1082 1213
@/home/ec2-user/data/topics/2239 1214
@/home/ec2-user/data/topics/4420 1215
@/home/ec2-user/data/topics/3599 1216
@/home/ec2-user/data/topics/3973 1217
@/home/ec2-user/data/topics/4401 1218
@/home/ec2-user/data/topics/4559 1219
@/home/ec2-user/data/topics/3648 1220
@/home/ec2-user/data/topics/3440 1221
@/home/ec2-user/data/topics/1667 1222
@/home/ec2-user/data/topics/1826 1223
@/home/ec2-user/data/topics/1640 1224
@/home/ec2-user/data/topics/5030 1225
@/home/ec2-user/data/topics/4166 1226
@/home/ec2-user/data/topics/3779 1227
@/home/ec2-user/data/topics/5029 1228
@/home/ec2-user/data/topics/3659 1229
@/home/ec2-user/data/topics/3596 1230
@/home/ec2-user/data/topics/2019 1231
@/home/ec2-user/data/topics/4489 1232
@/home/ec2-user/data/topics/3965 1233
@/home/ec2-user/data/topics/4122 1234
@/home/ec2-user/data/topics/4990 1235
@/home/ec2-user/data/topics/3588 1236
@/home/ec2-user/data/topics/3968 1237
@/home/ec2-user/data/topics/3691 1238
@/home/ec2-user/data/topics/4799 1239
@/home/ec2-user/data/topics/3439 1240
@/home/ec2-user/data/topics/4830 1241
@/home/ec2-user/data/topics/4402 1242
@/home/ec2-user/data/topics/1880 1243
@/home/ec2-user/data/topics/1463 1244
@/home/ec2-user/data/topics/3461 1245
@/home/ec2-user/data/topics/1105 1246
@/home/ec2-user/data/topics/3665 1247
@/home/ec2-user/data/topics/1501 1248
@/home/ec2-user/data/topics/1651 1249
@/home/ec2-user/data/topics/3822 1250
@/home/ec2-user/data/topics/1247 1251
@/home/ec2-user/data/topics/1340 1252
@/home/ec2-user/data/topics/4621 1253
@/home/ec2-user/data/topics/4545 1254
@/home/ec2-user/data/topics/3531 1255
@/home/ec2-user/data/topics/4943 1256
@/home/ec2-user/data/topics/1562 1257
@/home/ec2-user/data/topics/3772 1258
@/home/ec2-user/data/topics/1278 1259
@/home/ec2-user/data/topics/3706 1260
@/home/ec2-user/data/topics/3432 1261
@/home/ec2-user/data/topics/4493 1262
@/home/ec2-user/data/topics/4551 1263
@/home/ec2-user/data/topics/3570 1264
@/home/ec2-user/data/topics/3350 1265
@/home/ec2-user/data/topics/3993 1266
@/home/ec2-user/data/topics/4058 1267
@/home/ec2-user/data/topics/3524 1268
凸版印刷株式会社

@/home/ec2-user/data/topics/1977 1269
@/home/ec2-user/data/topics/3500 1269
@/home/ec2-user/data/topics/3526 1270
@/home/ec2-user/data/topics/1765 1271
@/home/ec2-user/data/topics/4874 1272
@/home/ec2-user/data/topics/3624 1273
@/home/ec2-user/data/topics/1091 1274
株式会社ノーリツ

@/home/ec2-user/data/topics/1598 1275
@/home/ec2-user/data/topics/1760 1275
@/home/ec2-user/data/topics/4206 1276
@/home/ec2-user/data/topics/1290 1277
@/home/ec2-user/data/topics/4354 1278
@/home/ec2-user/data/topics/2116 1279
@/home/ec2-user/data/topics/1618 1280
@/home/ec2-user/data/topics/4776 1281
川崎重工業株式会社

@/home/ec2-user/data/topics/4756 1282
@/home/ec2-user/data/topics/4944 1282
@/home/ec2-user/data/topics/1162 1283
@/home/ec2-user/data/topics/4866 1284
@/home/ec2-user/data/topics/4572 1285
@/home/ec2-user/data/topics/4793 1286
@/home/ec2-user/data/topics/5025 1287
@/home/ec2-user/data/topics/1172 1288
ティーディーケイ株式会社

@/home/ec2-user/data/topics/3909 1289
@/home/ec2-user/data/topics/3798 1289
@/home/ec2-user/data/topics/1510 1290
@/home/ec2-user/data/topics/4619 1291
@/home/ec2-user/data/topics/1409 1292
@/home/ec2-user/data/topics/2210 1293
@/home/ec2-user/data/topics/1129 1294
@/home/ec2-user/data/topics/2202 1295
@/home/ec2-user/data/topics/3792 1296
京セラミタ株式会社

@/home/ec2-user/data/topics/4973 1297
@/home/ec2-user/data/topics/4564 1297
@/home/ec2-user/data/topics/2141 1298
@/home/ec2-user/data/topics/4985 1299
@/home/ec2-user/data/topics/1930 1300
@/home/ec2-user/data/topics/1032 1301
@/home/ec2-user/data/topics/4174 1302
株式会社クボタ

@/home/ec2-user/data/topics/4379 1303
@/home/ec2-user/data/topics/1280 1303
@/home/ec2-user/data/topics/1734 1304
@/home/ec2-user/data/topics/3919 1305
@/home/ec2-user/data/topics/4251 1306
@/home/ec2-user/data/topics/4745 1307
@/home/ec2-user/data/topics/3823 1308
@/home/ec2-user/data/topics/1448 1309
@/home/ec2-user/data/topics/1012 1310
@/home/ec2-user/data/topics/3854 1311
シャープ株式会社

@/home/ec2-user/data/topics/4103 1312
@/home/ec2-user/data/topics/3537 1312
@/home/ec2-user/data/topics/3776 1313
@/home/ec2-user/data/topics/3855 1314
@/home/ec2-user/data/topics/3777 1315
@/home/ec2-user/data/topics/4127 1316
@/home/ec2-user/data/topics/4214 1317
@/home/ec2-user/data/topics/1288 1318
@/home/ec2-user/data/topics/4430 1319
@/home/ec2-user/data/topics/3941 1320
@/home/ec2-user/data/topics/1174 1321
@/home/ec2-user/data/topics/3679 1322
@/home/ec2-user/data/topics/1431 1323
@/home/ec2-user/data/topics/4323 1324
@/home/ec2-user/data/topics/1804 1325
@/home/ec2-user/data/topics/4113 1326
@/home/ec2-user/data/topics/3966 1327
@/home/ec2-user/data/topics/3832 1328
@/home/ec2-user/data/topics/1258 1329
@/home/ec2-user/data/topics/4469 1330
@/home/ec2-user/data/topics/3871 1331
@/home/ec2-user/data/topics/4228 1332
@/home/ec2-user/data/topics/3981 1333
@/home/ec2-user/data/topics/1685 1334
@/home/ec2-user/data/topics/3452 1335
@/home/ec2-user/data/topics/1396 1336
@/home/ec2-user/data/topics/3760 1337
@/home/ec2-user/data/topics/2084 1338
@/home/ec2-user/data/topics/3793 1339
@/home/ec2-user/data/topics/4152 1340
@/home/ec2-user/data/topics/1349 1341
@/home/ec2-user/data/topics/4519 1342
@/home/ec2-user/data/topics/3610 1343
@/home/ec2-user/data/topics/3649 1344
@/home/ec2-user/data/topics/4516 1345
@/home/ec2-user/data/topics/1965 1346
@/home/ec2-user/data/topics/1419 1347
@/home/ec2-user/data/topics/4095 1348
@/home/ec2-user/data/topics/1840 1349
@/home/ec2-user/data/topics/3606 1350
@/home/ec2-user/data/topics/4263 1351
@/home/ec2-user/data/topics/3578 1352
@/home/ec2-user/data/topics/1563 1353
@/home/ec2-user/data/topics/4173 1354
@/home/ec2-user/data/topics/1970 1355
@/home/ec2-user/data/topics/3450 1356
@/home/ec2-user/data/topics/1209 1357
@/home/ec2-user/data/topics/3813 1358
@/home/ec2-user/data/topics/4691 1359
@/home/ec2-user/data/topics/4648 1360
@/home/ec2-user/data/topics/4252 1361
@/home/ec2-user/data/topics/4245 1362
@/home/ec2-user/data/topics/4782 1363
@/home/ec2-user/data/topics/3957 1364
@/home/ec2-user/data/topics/2020 1365
@/home/ec2-user/data/topics/4744 1366
@/home/ec2-user/data/topics/2118 1367
@/home/ec2-user/data/topics/3673 1368
@/home/ec2-user/data/topics/4005 1369
@/home/ec2-user/data/topics/4124 1370
@/home/ec2-user/data/topics/4105 1371
@/home/ec2-user/data/topics/3678 1372
@/home/ec2-user/data/topics/3762 1373
@/home/ec2-user/data/topics/4230 1374
@/home/ec2-user/data/topics/4019 1375
@/home/ec2-user/data/topics/3858 1376
@/home/ec2-user/data/topics/1384 1377
@/home/ec2-user/data/topics/3895 1378
@/home/ec2-user/data/topics/4256 1379
@/home/ec2-user/data/topics/3978 1380
@/home/ec2-user/data/topics/3698 1381
@/home/ec2-user/data/topics/1154 1382
@/home/ec2-user/data/topics/4683 1383
@/home/ec2-user/data/topics/4583 1384
@/home/ec2-user/data/topics/4717 1385
@/home/ec2-user/data/topics/1561 1386
@/home/ec2-user/data/topics/4349 1387
@/home/ec2-user/data/topics/3422 1388
@/home/ec2-user/data/topics/2087 1389
@/home/ec2-user/data/topics/4861 1390
@/home/ec2-user/data/topics/1318 1391
日本輸送機株式会社

@/home/ec2-user/data/topics/1493 1392
@/home/ec2-user/data/topics/2221 1392
@/home/ec2-user/data/topics/3573 1393
@/home/ec2-user/data/topics/1108 1394
@/home/ec2-user/data/topics/1456 1395
@/home/ec2-user/data/topics/1191 1396
@/home/ec2-user/data/topics/1940 1397
@/home/ec2-user/data/topics/2065 1398
東京エレクトロン株式会社

@/home/ec2-user/data/topics/1508 1399
@/home/ec2-user/data/topics/4618 1399
@/home/ec2-user/data/topics/1736 1400
@/home/ec2-user/data/topics/1263 1401
@/home/ec2-user/data/topics/4702 1402
@/home/ec2-user/data/topics/4053 1403
@/home/ec2-user/data/topics/3947 1404
@/home/ec2-user/data/topics/4906 1405
@/home/ec2-user/data/topics/4002 1406
@/home/ec2-user/data/topics/4023 1407
@/home/ec2-user/data/topics/4345 1408
@/home/ec2-user/data/topics/1800 1409
株式会社村田製作所

@/home/ec2-user/data/topics/1374 1410
@/home/ec2-user/data/topics/4163 1410
@/home/ec2-user/data/topics/2229 1411
@/home/ec2-user/data/topics/3697 1412
@/home/ec2-user/data/topics/4432 1413
@/home/ec2-user/data/topics/4378 1414
@/home/ec2-user/data/topics/4703 1415
@/home/ec2-user/data/topics/3435 1416
@/home/ec2-user/data/topics/4070 1417
@/home/ec2-user/data/topics/4325 1418
@/home/ec2-user/data/topics/3885 1419
@/home/ec2-user/data/topics/3482 1420
@/home/ec2-user/data/topics/4417 1421
@/home/ec2-user/data/topics/4271 1422
@/home/ec2-user/data/topics/4795 1423
@/home/ec2-user/data/topics/4042 1424
@/home/ec2-user/data/topics/1411 1425
日本電信電話株式会社

@/home/ec2-user/data/topics/3552 1426
@/home/ec2-user/data/topics/3359 1426
@/home/ec2-user/data/topics/4965 1427
@/home/ec2-user/data/topics/3928 1428
@/home/ec2-user/data/topics/3425 1429
@/home/ec2-user/data/topics/4087 1430
@/home/ec2-user/data/topics/3544 1431
@/home/ec2-user/data/topics/4792 1432
@/home/ec2-user/data/topics/4443 1433
@/home/ec2-user/data/topics/1229 1434
@/home/ec2-user/data/topics/4208 1435
@/home/ec2-user/data/topics/2130 1436
@/home/ec2-user/data/topics/4870 1437
@/home/ec2-user/data/topics/4560 1438
@/home/ec2-user/data/topics/4335 1439
@/home/ec2-user/data/topics/3568 1440
@/home/ec2-user/data/topics/1787 1441
@/home/ec2-user/data/topics/4664 1442
@/home/ec2-user/data/topics/3811 1443
@/home/ec2-user/data/topics/4836 1444
@/home/ec2-user/data/topics/4025 1445
@/home/ec2-user/data/topics/1408 1446
@/home/ec2-user/data/topics/4916 1447
@/home/ec2-user/data/topics/1556 1448
@/home/ec2-user/data/topics/3650 1449
@/home/ec2-user/data/topics/3509 1450
@/home/ec2-user/data/topics/4121 1451
@/home/ec2-user/data/topics/4505 1452
@/home/ec2-user/data/topics/4118 1453
@/home/ec2-user/data/topics/3521 1454
@/home/ec2-user/data/topics/3536 1455
@/home/ec2-user/data/topics/4964 1456
@/home/ec2-user/data/topics/4104 1457
@/home/ec2-user/data/topics/3586 1458
@/home/ec2-user/data/topics/1230 1459
@/home/ec2-user/data/topics/1809 1460
@/home/ec2-user/data/topics/4952 1461
@/home/ec2-user/data/topics/1042 1462
@/home/ec2-user/data/topics/1934 1463
@/home/ec2-user/data/topics/4131 1464
@/home/ec2-user/data/topics/3824 1465
@/home/ec2-user/data/topics/4925 1466
@/home/ec2-user/data/topics/4232 1467
@/home/ec2-user/data/topics/4511 1468
@/home/ec2-user/data/topics/3785 1469
@/home/ec2-user/data/topics/4175 1470
@/home/ec2-user/data/topics/2017 1471
@/home/ec2-user/data/topics/4146 1472
@/home/ec2-user/data/topics/4115 1473
@/home/ec2-user/data/topics/4488 1474
@/home/ec2-user/data/topics/3915 1475
@/home/ec2-user/data/topics/3894 1476
@/home/ec2-user/data/topics/3927 1477
@/home/ec2-user/data/topics/4114 1478
@/home/ec2-user/data/topics/4865 1479
@/home/ec2-user/data/topics/3641 1480
日本鋼管株式会社

@/home/ec2-user/data/topics/1690 1481
@/home/ec2-user/data/topics/1404 1481
@/home/ec2-user/data/topics/3572 1482
@/home/ec2-user/data/topics/4455 1483
@/home/ec2-user/data/topics/4289 1484
@/home/ec2-user/data/topics/4161 1485
@/home/ec2-user/data/topics/2095 1486
株式会社神戸製鋼所

@/home/ec2-user/data/topics/3475 1487
@/home/ec2-user/data/topics/3674 1487
@/home/ec2-user/data/topics/3632 1488
@/home/ec2-user/data/topics/1465 1489
@/home/ec2-user/data/topics/4949 1490
@/home/ec2-user/data/topics/3902 1491
@/home/ec2-user/data/topics/2064 1492
株式会社ケンウッド

@/home/ec2-user/data/topics/1345 1493
@/home/ec2-user/data/topics/1424 1493
@/home/ec2-user/data/topics/3463 1494
@/home/ec2-user/data/topics/1241 1495
@/home/ec2-user/data/topics/4467 1496
@/home/ec2-user/data/topics/1115 1497
@/home/ec2-user/data/topics/1617 1498
@/home/ec2-user/data/topics/3969 1499
@/home/ec2-user/data/topics/4050 1500
@/home/ec2-user/data/topics/3839 1501
@/home/ec2-user/data/topics/3977 1502
@/home/ec2-user/data/topics/2163 1503
@/home/ec2-user/data/topics/1698 1504
@/home/ec2-user/data/topics/4167 1505
@/home/ec2-user/data/topics/1896 1506
@/home/ec2-user/data/topics/1186 1507
@/home/ec2-user/data/topics/4038 1508
@/home/ec2-user/data/topics/3801 1509
@/home/ec2-user/data/topics/3878 1510
@/home/ec2-user/data/topics/2036 1511
@/home/ec2-user/data/topics/3794 1512
東陶機器株式会社

@/home/ec2-user/data/topics/1735 1513
@/home/ec2-user/data/topics/3583 1513
@/home/ec2-user/data/topics/2135 1514
@/home/ec2-user/data/topics/3821 1515
@/home/ec2-user/data/topics/1626 1516
@/home/ec2-user/data/topics/1692 1517
本田技研工業株式会社

@/home/ec2-user/data/topics/1822 1518
@/home/ec2-user/data/topics/4888 1518
@/home/ec2-user/data/topics/1444 1519
@/home/ec2-user/data/topics/4375 1520
@/home/ec2-user/data/topics/4783 1521
@/home/ec2-user/data/topics/1605 1522
@/home/ec2-user/data/topics/1143 1523
@/home/ec2-user/data/topics/3685 1524
@/home/ec2-user/data/topics/1266 1525
@/home/ec2-user/data/topics/4199 1526
@/home/ec2-user/data/topics/5026 1527
@/home/ec2-user/data/topics/2000 1528
@/home/ec2-user/data/topics/4331 1529
@/home/ec2-user/data/topics/4132 1530
@/home/ec2-user/data/topics/1226 1531
@/home/ec2-user/data/topics/2016 1532
@/home/ec2-user/data/topics/1215 1533
@/home/ec2-user/data/topics/4033 1534
@/home/ec2-user/data/topics/1818 1535
新日本製鐵株式会社

@/home/ec2-user/data/topics/3861 1536
@/home/ec2-user/data/topics/5008 1536
@/home/ec2-user/data/topics/3663 1537
@/home/ec2-user/data/topics/3368 1538
@/home/ec2-user/data/topics/3899 1539
@/home/ec2-user/data/topics/4472 1540
松下電工株式会社

@/home/ec2-user/data/topics/3670 1541
@/home/ec2-user/data/topics/1011 1541
@/home/ec2-user/data/topics/4029 1542
@/home/ec2-user/data/topics/4317 1543
@/home/ec2-user/data/topics/2045 1544
@/home/ec2-user/data/topics/3835 1545
@/home/ec2-user/data/topics/4094 1546
@/home/ec2-user/data/topics/1311 1547
@/home/ec2-user/data/topics/3549 1548
@/home/ec2-user/data/topics/4592 1549
@/home/ec2-user/data/topics/3511 1550
@/home/ec2-user/data/topics/4083 1551
@/home/ec2-user/data/topics/1803 1552
@/home/ec2-user/data/topics/3778 1553
@/home/ec2-user/data/topics/4347 1554
@/home/ec2-user/data/topics/4012 1555
@/home/ec2-user/data/topics/4450 1556
