2016-12-24 04:52:38.639629

topic-folder:/home/ec2-user/data/topics/
cl-file:/home/ec2-user/git/tfidf/result-new/b3-0.txt
cl-floder:/home/ec2-user/data/ldaclass-32-2000-top10000/
zipf:0.2
stype[0(tfidf)/1(tfidf2)/2(lsa)/3(lda)]:3
dtype[<0(diff*rand)/0(diff)/1(same)/>=2(diff*same)]:0
output-floder:/home/ec2-user/git/userquery/result

三菱マテリアル株式会社

@/home/ec2-user/data/topics/3866 0
@/home/ec2-user/data/topics/1085 0
@/home/ec2-user/data/topics/2093 1
@/home/ec2-user/data/topics/3470 2
@/home/ec2-user/data/topics/3630 3
@/home/ec2-user/data/topics/3546 4
@/home/ec2-user/data/topics/1638 5
@/home/ec2-user/data/topics/3520 6
日本精機株式会社

@/home/ec2-user/data/topics/4907 7
@/home/ec2-user/data/topics/1398 7
@/home/ec2-user/data/topics/4972 8
@/home/ec2-user/data/topics/4690 9
@/home/ec2-user/data/topics/4875 10
@/home/ec2-user/data/topics/4709 11
コニカ株式会社

@/home/ec2-user/data/topics/3370 12
@/home/ec2-user/data/topics/3426 12
@/home/ec2-user/data/topics/3431 13
@/home/ec2-user/data/topics/3414 14
@/home/ec2-user/data/topics/3418 15
@/home/ec2-user/data/topics/3533 16
@/home/ec2-user/data/topics/2162 17
@/home/ec2-user/data/topics/3486 18
@/home/ec2-user/data/topics/1946 19
@/home/ec2-user/data/topics/3357 20
@/home/ec2-user/data/topics/3419 21
埼玉日本電気株式会社

@/home/ec2-user/data/topics/4279 22
@/home/ec2-user/data/topics/4242 22
@/home/ec2-user/data/topics/4283 23
@/home/ec2-user/data/topics/4496 24
@/home/ec2-user/data/topics/4998 25
@/home/ec2-user/data/topics/1620 26
@/home/ec2-user/data/topics/1512 27
@/home/ec2-user/data/topics/5010 28
@/home/ec2-user/data/topics/4468 29
アルプス電気株式会社

@/home/ec2-user/data/topics/1434 30
@/home/ec2-user/data/topics/3429 30
@/home/ec2-user/data/topics/4791 31
@/home/ec2-user/data/topics/3582 32
@/home/ec2-user/data/topics/2012 33
@/home/ec2-user/data/topics/2089 34
@/home/ec2-user/data/topics/1253 35
三菱重工業株式会社

@/home/ec2-user/data/topics/3503 36
@/home/ec2-user/data/topics/3591 36
@/home/ec2-user/data/topics/4882 37
@/home/ec2-user/data/topics/3637 38
@/home/ec2-user/data/topics/3529 39
@/home/ec2-user/data/topics/4412 40
@/home/ec2-user/data/topics/3944 41
@/home/ec2-user/data/topics/4563 42
@/home/ec2-user/data/topics/5022 43
@/home/ec2-user/data/topics/4687 44
@/home/ec2-user/data/topics/4862 45
@/home/ec2-user/data/topics/3833 46
村田機械株式会社

@/home/ec2-user/data/topics/4570 47
@/home/ec2-user/data/topics/1293 47
@/home/ec2-user/data/topics/4596 48
@/home/ec2-user/data/topics/3740 49
@/home/ec2-user/data/topics/1607 50
@/home/ec2-user/data/topics/1511 51
@/home/ec2-user/data/topics/4556 52
@/home/ec2-user/data/topics/4746 53
@/home/ec2-user/data/topics/4645 54
@/home/ec2-user/data/topics/1074 55
@/home/ec2-user/data/topics/5000 56
@/home/ec2-user/data/topics/4941 57
@/home/ec2-user/data/topics/3528 58
@/home/ec2-user/data/topics/4835 59
@/home/ec2-user/data/topics/4565 60
@/home/ec2-user/data/topics/4441 61
@/home/ec2-user/data/topics/4638 62
川崎製鉄株式会社

@/home/ec2-user/data/topics/3553 63
@/home/ec2-user/data/topics/3532 63
@/home/ec2-user/data/topics/1037 64
@/home/ec2-user/data/topics/3929 65
@/home/ec2-user/data/topics/3413 66
@/home/ec2-user/data/topics/3483 67
@/home/ec2-user/data/topics/4615 68
@/home/ec2-user/data/topics/3611 69
@/home/ec2-user/data/topics/1459 70
ダイキン工業株式会社

@/home/ec2-user/data/topics/4701 71
@/home/ec2-user/data/topics/4753 71
@/home/ec2-user/data/topics/4858 72
@/home/ec2-user/data/topics/4515 73
@/home/ec2-user/data/topics/4734 74
@/home/ec2-user/data/topics/1600 75
@/home/ec2-user/data/topics/4400 76
@/home/ec2-user/data/topics/4367 77
@/home/ec2-user/data/topics/3888 78
@/home/ec2-user/data/topics/4845 79
@/home/ec2-user/data/topics/1565 80
三菱自動車工業株式会社

@/home/ec2-user/data/topics/1816 81
@/home/ec2-user/data/topics/3940 81
@/home/ec2-user/data/topics/3502 82
@/home/ec2-user/data/topics/1428 83
@/home/ec2-user/data/topics/3815 84
@/home/ec2-user/data/topics/4189 85
@/home/ec2-user/data/topics/1527 86
@/home/ec2-user/data/topics/2101 87
日産自動車株式会社

@/home/ec2-user/data/topics/3829 88
@/home/ec2-user/data/topics/3936 88
@/home/ec2-user/data/topics/3645 89
@/home/ec2-user/data/topics/4074 90
@/home/ec2-user/data/topics/3677 91
@/home/ec2-user/data/topics/3497 92
@/home/ec2-user/data/topics/3723 93
@/home/ec2-user/data/topics/3489 94
@/home/ec2-user/data/topics/4982 95
@/home/ec2-user/data/topics/3712 96
@/home/ec2-user/data/topics/3501 97
トヨタ自動車株式会社

@/home/ec2-user/data/topics/3356 98
@/home/ec2-user/data/topics/4543 98
@/home/ec2-user/data/topics/3481 99
@/home/ec2-user/data/topics/3671 100
@/home/ec2-user/data/topics/4030 101
@/home/ec2-user/data/topics/3405 102
@/home/ec2-user/data/topics/4064 103
@/home/ec2-user/data/topics/2218 104
@/home/ec2-user/data/topics/4617 105
@/home/ec2-user/data/topics/4767 106
@/home/ec2-user/data/topics/4633 107
@/home/ec2-user/data/topics/4920 108
@/home/ec2-user/data/topics/3943 109
@/home/ec2-user/data/topics/3587 110
@/home/ec2-user/data/topics/1494 111
@/home/ec2-user/data/topics/2111 112
@/home/ec2-user/data/topics/3725 113
@/home/ec2-user/data/topics/4426 114
@/home/ec2-user/data/topics/1551 115
@/home/ec2-user/data/topics/4647 116
@/home/ec2-user/data/topics/3758 117
@/home/ec2-user/data/topics/3699 118
@/home/ec2-user/data/topics/4298 119
@/home/ec2-user/data/topics/4658 120
@/home/ec2-user/data/topics/4346 121
@/home/ec2-user/data/topics/4144 122
@/home/ec2-user/data/topics/3731 123
@/home/ec2-user/data/topics/4008 124
@/home/ec2-user/data/topics/3783 125
オリンパス光学工業株式会社

@/home/ec2-user/data/topics/1155 126
@/home/ec2-user/data/topics/2026 126
@/home/ec2-user/data/topics/1586 127
@/home/ec2-user/data/topics/1869 128
@/home/ec2-user/data/topics/1107 129
@/home/ec2-user/data/topics/4007 130
@/home/ec2-user/data/topics/4013 131
@/home/ec2-user/data/topics/1835 132
@/home/ec2-user/data/topics/5006 133
@/home/ec2-user/data/topics/4878 134
@/home/ec2-user/data/topics/1739 135
@/home/ec2-user/data/topics/1981 136
ブラザー工業株式会社

@/home/ec2-user/data/topics/1183 137
@/home/ec2-user/data/topics/4548 137
@/home/ec2-user/data/topics/3477 138
@/home/ec2-user/data/topics/1906 139
@/home/ec2-user/data/topics/1076 140
@/home/ec2-user/data/topics/3507 141
@/home/ec2-user/data/topics/1300 142
@/home/ec2-user/data/topics/3686 143
@/home/ec2-user/data/topics/2085 144
@/home/ec2-user/data/topics/1164 145
@/home/ec2-user/data/topics/3789 146
@/home/ec2-user/data/topics/2086 147
@/home/ec2-user/data/topics/1697 148
@/home/ec2-user/data/topics/3613 149
@/home/ec2-user/data/topics/1636 150
富士通株式会社

@/home/ec2-user/data/topics/3765 151
@/home/ec2-user/data/topics/1609 151
@/home/ec2-user/data/topics/1874 152
@/home/ec2-user/data/topics/3962 153
@/home/ec2-user/data/topics/2227 154
@/home/ec2-user/data/topics/3749 155
@/home/ec2-user/data/topics/3636 156
@/home/ec2-user/data/topics/2216 157
@/home/ec2-user/data/topics/5004 158
@/home/ec2-user/data/topics/3400 159
@/home/ec2-user/data/topics/3399 160
@/home/ec2-user/data/topics/3970 161
@/home/ec2-user/data/topics/4191 162
@/home/ec2-user/data/topics/3883 163
@/home/ec2-user/data/topics/3751 164
@/home/ec2-user/data/topics/1264 165
@/home/ec2-user/data/topics/1547 166
@/home/ec2-user/data/topics/3799 167
@/home/ec2-user/data/topics/3381 168
@/home/ec2-user/data/topics/1998 169
@/home/ec2-user/data/topics/3870 170
@/home/ec2-user/data/topics/3912 171
@/home/ec2-user/data/topics/3460 172
@/home/ec2-user/data/topics/3428 173
@/home/ec2-user/data/topics/3802 174
@/home/ec2-user/data/topics/1271 175
@/home/ec2-user/data/topics/3538 176
@/home/ec2-user/data/topics/3862 177
@/home/ec2-user/data/topics/3850 178
@/home/ec2-user/data/topics/1123 179
@/home/ec2-user/data/topics/3846 180
@/home/ec2-user/data/topics/2215 181
静岡日本電気株式会社

@/home/ec2-user/data/topics/4250 182
@/home/ec2-user/data/topics/4507 182
@/home/ec2-user/data/topics/4531 183
@/home/ec2-user/data/topics/4314 184
@/home/ec2-user/data/topics/4365 185
@/home/ec2-user/data/topics/4326 186
住友重機械工業株式会社

@/home/ec2-user/data/topics/3952 187
@/home/ec2-user/data/topics/2039 187
@/home/ec2-user/data/topics/1373 188
@/home/ec2-user/data/topics/1900 189
@/home/ec2-user/data/topics/3868 190
@/home/ec2-user/data/topics/1505 191
@/home/ec2-user/data/topics/1553 192
@/home/ec2-user/data/topics/4854 193
@/home/ec2-user/data/topics/1019 194
大日本印刷株式会社

@/home/ec2-user/data/topics/3569 195
@/home/ec2-user/data/topics/1262 195
@/home/ec2-user/data/topics/1099 196
@/home/ec2-user/data/topics/1145 197
@/home/ec2-user/data/topics/1564 198
@/home/ec2-user/data/topics/3388 199
日本電気株式会社

@/home/ec2-user/data/topics/3938 200
@/home/ec2-user/data/topics/1783 200
@/home/ec2-user/data/topics/4258 201
@/home/ec2-user/data/topics/4584 202
@/home/ec2-user/data/topics/4940 203
@/home/ec2-user/data/topics/4721 204
@/home/ec2-user/data/topics/4892 205
@/home/ec2-user/data/topics/1362 206
@/home/ec2-user/data/topics/4728 207
@/home/ec2-user/data/topics/3767 208
@/home/ec2-user/data/topics/1281 209
@/home/ec2-user/data/topics/4603 210
@/home/ec2-user/data/topics/1891 211
@/home/ec2-user/data/topics/3729 212
@/home/ec2-user/data/topics/4764 213
@/home/ec2-user/data/topics/2166 214
@/home/ec2-user/data/topics/1928 215
@/home/ec2-user/data/topics/2031 216
@/home/ec2-user/data/topics/1364 217
@/home/ec2-user/data/topics/4260 218
@/home/ec2-user/data/topics/1948 219
@/home/ec2-user/data/topics/4838 220
@/home/ec2-user/data/topics/3971 221
@/home/ec2-user/data/topics/4278 222
@/home/ec2-user/data/topics/1101 223
@/home/ec2-user/data/topics/4300 224
@/home/ec2-user/data/topics/2144 225
@/home/ec2-user/data/topics/1557 226
@/home/ec2-user/data/topics/1116 227
@/home/ec2-user/data/topics/1523 228
@/home/ec2-user/data/topics/4414 229
@/home/ec2-user/data/topics/4162 230
@/home/ec2-user/data/topics/1844 231
@/home/ec2-user/data/topics/1773 232
@/home/ec2-user/data/topics/4247 233
@/home/ec2-user/data/topics/4718 234
@/home/ec2-user/data/topics/4657 235
@/home/ec2-user/data/topics/4097 236
@/home/ec2-user/data/topics/1815 237
@/home/ec2-user/data/topics/4785 238
@/home/ec2-user/data/topics/4359 239
@/home/ec2-user/data/topics/4185 240
@/home/ec2-user/data/topics/4427 241
@/home/ec2-user/data/topics/4536 242
@/home/ec2-user/data/topics/4288 243
@/home/ec2-user/data/topics/1852 244
@/home/ec2-user/data/topics/4926 245
@/home/ec2-user/data/topics/1044 246
@/home/ec2-user/data/topics/1634 247
@/home/ec2-user/data/topics/1973 248
@/home/ec2-user/data/topics/4071 249
@/home/ec2-user/data/topics/4093 250
@/home/ec2-user/data/topics/4137 251
@/home/ec2-user/data/topics/4486 252
@/home/ec2-user/data/topics/4017 253
@/home/ec2-user/data/topics/4082 254
@/home/ec2-user/data/topics/4418 255
@/home/ec2-user/data/topics/3956 256
@/home/ec2-user/data/topics/4273 257
@/home/ec2-user/data/topics/4254 258
@/home/ec2-user/data/topics/4425 259
@/home/ec2-user/data/topics/4595 260
@/home/ec2-user/data/topics/4244 261
@/home/ec2-user/data/topics/4650 262
@/home/ec2-user/data/topics/4666 263
@/home/ec2-user/data/topics/4320 264
@/home/ec2-user/data/topics/4275 265
@/home/ec2-user/data/topics/4092 266
@/home/ec2-user/data/topics/4877 267
@/home/ec2-user/data/topics/2150 268
@/home/ec2-user/data/topics/1457 269
@/home/ec2-user/data/topics/3744 270
@/home/ec2-user/data/topics/4134 271
@/home/ec2-user/data/topics/4497 272
@/home/ec2-user/data/topics/4646 273
@/home/ec2-user/data/topics/4775 274
@/home/ec2-user/data/topics/4537 275
@/home/ec2-user/data/topics/3875 276
@/home/ec2-user/data/topics/2022 277
@/home/ec2-user/data/topics/4315 278
@/home/ec2-user/data/topics/4699 279
@/home/ec2-user/data/topics/4682 280
@/home/ec2-user/data/topics/1710 281
@/home/ec2-user/data/topics/4196 282
@/home/ec2-user/data/topics/1199 283
@/home/ec2-user/data/topics/4192 284
@/home/ec2-user/data/topics/3897 285
@/home/ec2-user/data/topics/4142 286
@/home/ec2-user/data/topics/2041 287
@/home/ec2-user/data/topics/4446 288
@/home/ec2-user/data/topics/4313 289
@/home/ec2-user/data/topics/4240 290
@/home/ec2-user/data/topics/4530 291
@/home/ec2-user/data/topics/4532 292
@/home/ec2-user/data/topics/4665 293
@/home/ec2-user/data/topics/1923 294
@/home/ec2-user/data/topics/4708 295
@/home/ec2-user/data/topics/4609 296
@/home/ec2-user/data/topics/4750 297
@/home/ec2-user/data/topics/4643 298
@/home/ec2-user/data/topics/4390 299
@/home/ec2-user/data/topics/1595 300
@/home/ec2-user/data/topics/1612 301
@/home/ec2-user/data/topics/1016 302
@/home/ec2-user/data/topics/4434 303
@/home/ec2-user/data/topics/4116 304
@/home/ec2-user/data/topics/4404 305
@/home/ec2-user/data/topics/1500 306
@/home/ec2-user/data/topics/1661 307
@/home/ec2-user/data/topics/4238 308
@/home/ec2-user/data/topics/1867 309
@/home/ec2-user/data/topics/4442 310
@/home/ec2-user/data/topics/4725 311
@/home/ec2-user/data/topics/4158 312
@/home/ec2-user/data/topics/1100 313
@/home/ec2-user/data/topics/4318 314
@/home/ec2-user/data/topics/4276 315
@/home/ec2-user/data/topics/4081 316
@/home/ec2-user/data/topics/4281 317
@/home/ec2-user/data/topics/4447 318
@/home/ec2-user/data/topics/4549 319
@/home/ec2-user/data/topics/3724 320
@/home/ec2-user/data/topics/4338 321
@/home/ec2-user/data/topics/4440 322
@/home/ec2-user/data/topics/4389 323
@/home/ec2-user/data/topics/4613 324
@/home/ec2-user/data/topics/4626 325
@/home/ec2-user/data/topics/1624 326
@/home/ec2-user/data/topics/4393 327
@/home/ec2-user/data/topics/1879 328
@/home/ec2-user/data/topics/1937 329
@/home/ec2-user/data/topics/4824 330
@/home/ec2-user/data/topics/4770 331
@/home/ec2-user/data/topics/4186 332
@/home/ec2-user/data/topics/4578 333
@/home/ec2-user/data/topics/4246 334
@/home/ec2-user/data/topics/4227 335
@/home/ec2-user/data/topics/4319 336
@/home/ec2-user/data/topics/4209 337
@/home/ec2-user/data/topics/4171 338
@/home/ec2-user/data/topics/1360 339
@/home/ec2-user/data/topics/4388 340
@/home/ec2-user/data/topics/4062 341
@/home/ec2-user/data/topics/4460 342
@/home/ec2-user/data/topics/4902 343
@/home/ec2-user/data/topics/3766 344
@/home/ec2-user/data/topics/4458 345
@/home/ec2-user/data/topics/4634 346
@/home/ec2-user/data/topics/4243 347
@/home/ec2-user/data/topics/1326 348
@/home/ec2-user/data/topics/4429 349
@/home/ec2-user/data/topics/4689 350
@/home/ec2-user/data/topics/1567 351
@/home/ec2-user/data/topics/4360 352
@/home/ec2-user/data/topics/5034 353
@/home/ec2-user/data/topics/1764 354
@/home/ec2-user/data/topics/4257 355
@/home/ec2-user/data/topics/4153 356
@/home/ec2-user/data/topics/1078 357
@/home/ec2-user/data/topics/4696 358
@/home/ec2-user/data/topics/4154 359
@/home/ec2-user/data/topics/4477 360
@/home/ec2-user/data/topics/4490 361
@/home/ec2-user/data/topics/4779 362
@/home/ec2-user/data/topics/4808 363
@/home/ec2-user/data/topics/2119 364
@/home/ec2-user/data/topics/4138 365
@/home/ec2-user/data/topics/4204 366
@/home/ec2-user/data/topics/3865 367
@/home/ec2-user/data/topics/4343 368
@/home/ec2-user/data/topics/3954 369
@/home/ec2-user/data/topics/4644 370
@/home/ec2-user/data/topics/4129 371
@/home/ec2-user/data/topics/4749 372
@/home/ec2-user/data/topics/4659 373
@/home/ec2-user/data/topics/4168 374
@/home/ec2-user/data/topics/4309 375
@/home/ec2-user/data/topics/4342 376
@/home/ec2-user/data/topics/4119 377
@/home/ec2-user/data/topics/3886 378
@/home/ec2-user/data/topics/1122 379
@/home/ec2-user/data/topics/4850 380
@/home/ec2-user/data/topics/4120 381
@/home/ec2-user/data/topics/4433 382
@/home/ec2-user/data/topics/1486 383
@/home/ec2-user/data/topics/4236 384
@/home/ec2-user/data/topics/4759 385
@/home/ec2-user/data/topics/4207 386
@/home/ec2-user/data/topics/4371 387
@/home/ec2-user/data/topics/4267 388
@/home/ec2-user/data/topics/4128 389
@/home/ec2-user/data/topics/4598 390
@/home/ec2-user/data/topics/3995 391
@/home/ec2-user/data/topics/4876 392
@/home/ec2-user/data/topics/1724 393
@/home/ec2-user/data/topics/4533 394
@/home/ec2-user/data/topics/4561 395
@/home/ec2-user/data/topics/3896 396
@/home/ec2-user/data/topics/4398 397
@/home/ec2-user/data/topics/1464 398
@/home/ec2-user/data/topics/4480 399
@/home/ec2-user/data/topics/1791 400
@/home/ec2-user/data/topics/4651 401
@/home/ec2-user/data/topics/1383 402
@/home/ec2-user/data/topics/2088 403
@/home/ec2-user/data/topics/4063 404
@/home/ec2-user/data/topics/1052 405
@/home/ec2-user/data/topics/4485 406
@/home/ec2-user/data/topics/4352 407
@/home/ec2-user/data/topics/4816 408
@/home/ec2-user/data/topics/4100 409
@/home/ec2-user/data/topics/4003 410
@/home/ec2-user/data/topics/4216 411
@/home/ec2-user/data/topics/4272 412
@/home/ec2-user/data/topics/4310 413
@/home/ec2-user/data/topics/4760 414
@/home/ec2-user/data/topics/2127 415
@/home/ec2-user/data/topics/4742 416
@/home/ec2-user/data/topics/3853 417
@/home/ec2-user/data/topics/1112 418
松下電器産業株式会社

@/home/ec2-user/data/topics/4599 419
@/home/ec2-user/data/topics/5024 419
@/home/ec2-user/data/topics/4464 420
@/home/ec2-user/data/topics/1701 421
@/home/ec2-user/data/topics/3739 422
@/home/ec2-user/data/topics/3676 423
@/home/ec2-user/data/topics/4355 424
@/home/ec2-user/data/topics/3920 425
@/home/ec2-user/data/topics/1158 426
@/home/ec2-user/data/topics/3514 427
@/home/ec2-user/data/topics/3807 428
@/home/ec2-user/data/topics/3455 429
@/home/ec2-user/data/topics/3619 430
@/home/ec2-user/data/topics/4475 431
@/home/ec2-user/data/topics/4918 432
@/home/ec2-user/data/topics/1589 433
@/home/ec2-user/data/topics/1477 434
@/home/ec2-user/data/topics/4586 435
@/home/ec2-user/data/topics/4806 436
@/home/ec2-user/data/topics/1516 437
@/home/ec2-user/data/topics/4917 438
@/home/ec2-user/data/topics/3694 439
@/home/ec2-user/data/topics/1812 440
@/home/ec2-user/data/topics/4274 441
@/home/ec2-user/data/topics/3951 442
@/home/ec2-user/data/topics/4707 443
@/home/ec2-user/data/topics/1898 444
@/home/ec2-user/data/topics/4157 445
@/home/ec2-user/data/topics/1540 446
@/home/ec2-user/data/topics/4625 447
@/home/ec2-user/data/topics/3721 448
@/home/ec2-user/data/topics/4101 449
@/home/ec2-user/data/topics/1829 450
@/home/ec2-user/data/topics/1257 451
@/home/ec2-user/data/topics/3658 452
@/home/ec2-user/data/topics/4804 453
@/home/ec2-user/data/topics/4229 454
@/home/ec2-user/data/topics/1748 455
@/home/ec2-user/data/topics/4448 456
@/home/ec2-user/data/topics/4098 457
@/home/ec2-user/data/topics/3404 458
@/home/ec2-user/data/topics/4303 459
@/home/ec2-user/data/topics/1955 460
@/home/ec2-user/data/topics/5028 461
@/home/ec2-user/data/topics/1705 462
@/home/ec2-user/data/topics/4307 463
@/home/ec2-user/data/topics/4382 464
@/home/ec2-user/data/topics/3680 465
@/home/ec2-user/data/topics/3585 466
@/home/ec2-user/data/topics/4577 467
@/home/ec2-user/data/topics/4867 468
@/home/ec2-user/data/topics/3402 469
@/home/ec2-user/data/topics/3704 470
@/home/ec2-user/data/topics/4501 471
@/home/ec2-user/data/topics/4102 472
@/home/ec2-user/data/topics/1885 473
@/home/ec2-user/data/topics/4422 474
@/home/ec2-user/data/topics/1252 475
@/home/ec2-user/data/topics/4193 476
@/home/ec2-user/data/topics/4817 477
@/home/ec2-user/data/topics/1706 478
@/home/ec2-user/data/topics/1635 479
@/home/ec2-user/data/topics/4761 480
@/home/ec2-user/data/topics/4491 481
@/home/ec2-user/data/topics/2129 482
@/home/ec2-user/data/topics/3386 483
@/home/ec2-user/data/topics/2080 484
@/home/ec2-user/data/topics/3960 485
@/home/ec2-user/data/topics/2222 486
@/home/ec2-user/data/topics/3510 487
@/home/ec2-user/data/topics/4215 488
@/home/ec2-user/data/topics/4936 489
@/home/ec2-user/data/topics/3558 490
@/home/ec2-user/data/topics/1633 491
@/home/ec2-user/data/topics/4159 492
@/home/ec2-user/data/topics/4676 493
@/home/ec2-user/data/topics/4797 494
@/home/ec2-user/data/topics/3519 495
@/home/ec2-user/data/topics/3719 496
@/home/ec2-user/data/topics/1136 497
@/home/ec2-user/data/topics/3494 498
@/home/ec2-user/data/topics/1881 499
@/home/ec2-user/data/topics/4798 500
@/home/ec2-user/data/topics/4385 501
@/home/ec2-user/data/topics/4503 502
@/home/ec2-user/data/topics/4459 503
@/home/ec2-user/data/topics/4043 504
@/home/ec2-user/data/topics/1179 505
@/home/ec2-user/data/topics/4000 506
@/home/ec2-user/data/topics/4280 507
@/home/ec2-user/data/topics/4787 508
@/home/ec2-user/data/topics/3979 509
@/home/ec2-user/data/topics/2156 510
@/home/ec2-user/data/topics/4502 511
@/home/ec2-user/data/topics/1157 512
@/home/ec2-user/data/topics/1339 513
@/home/ec2-user/data/topics/1509 514
@/home/ec2-user/data/topics/1070 515
@/home/ec2-user/data/topics/4667 516
@/home/ec2-user/data/topics/3847 517
@/home/ec2-user/data/topics/4574 518
@/home/ec2-user/data/topics/4180 519
@/home/ec2-user/data/topics/2029 520
@/home/ec2-user/data/topics/4968 521
@/home/ec2-user/data/topics/1762 522
@/home/ec2-user/data/topics/4126 523
@/home/ec2-user/data/topics/1525 524
@/home/ec2-user/data/topics/3692 525
@/home/ec2-user/data/topics/3746 526
@/home/ec2-user/data/topics/4885 527
@/home/ec2-user/data/topics/3904 528
@/home/ec2-user/data/topics/4961 529
@/home/ec2-user/data/topics/2170 530
@/home/ec2-user/data/topics/4264 531
@/home/ec2-user/data/topics/4754 532
@/home/ec2-user/data/topics/1026 533
@/home/ec2-user/data/topics/4558 534
@/home/ec2-user/data/topics/4394 535
@/home/ec2-user/data/topics/2056 536
@/home/ec2-user/data/topics/4160 537
@/home/ec2-user/data/topics/3761 538
@/home/ec2-user/data/topics/4945 539
@/home/ec2-user/data/topics/4139 540
セイコーインスツルメンツ株式会社

@/home/ec2-user/data/topics/4190 541
@/home/ec2-user/data/topics/4088 541
@/home/ec2-user/data/topics/1707 542
@/home/ec2-user/data/topics/4036 543
@/home/ec2-user/data/topics/4997 544
@/home/ec2-user/data/topics/4151 545
@/home/ec2-user/data/topics/4203 546
@/home/ec2-user/data/topics/3626 547
@/home/ec2-user/data/topics/3825 548
ミノルタ株式会社

@/home/ec2-user/data/topics/4321 549
@/home/ec2-user/data/topics/4986 549
@/home/ec2-user/data/topics/3545 550
@/home/ec2-user/data/topics/4984 551
@/home/ec2-user/data/topics/4971 552
@/home/ec2-user/data/topics/2190 553
@/home/ec2-user/data/topics/3584 554
@/home/ec2-user/data/topics/4977 555
@/home/ec2-user/data/topics/1152 556
@/home/ec2-user/data/topics/3810 557
@/home/ec2-user/data/topics/4951 558
@/home/ec2-user/data/topics/4970 559
株式会社リコー

@/home/ec2-user/data/topics/1755 560
@/home/ec2-user/data/topics/1282 560
@/home/ec2-user/data/topics/1806 561
@/home/ec2-user/data/topics/4344 562
@/home/ec2-user/data/topics/3530 563
@/home/ec2-user/data/topics/4265 564
@/home/ec2-user/data/topics/3775 565
@/home/ec2-user/data/topics/1670 566
@/home/ec2-user/data/topics/1083 567
@/home/ec2-user/data/topics/1433 568
@/home/ec2-user/data/topics/3495 569
@/home/ec2-user/data/topics/3446 570
@/home/ec2-user/data/topics/1478 571
@/home/ec2-user/data/topics/1436 572
@/home/ec2-user/data/topics/2189 573
@/home/ec2-user/data/topics/4037 574
@/home/ec2-user/data/topics/1740 575
@/home/ec2-user/data/topics/3474 576
@/home/ec2-user/data/topics/3378 577
@/home/ec2-user/data/topics/1776 578
@/home/ec2-user/data/topics/4616 579
@/home/ec2-user/data/topics/1976 580
@/home/ec2-user/data/topics/1225 581
@/home/ec2-user/data/topics/1663 582
@/home/ec2-user/data/topics/3713 583
@/home/ec2-user/data/topics/1668 584
@/home/ec2-user/data/topics/1610 585
@/home/ec2-user/data/topics/1775 586
@/home/ec2-user/data/topics/1514 587
@/home/ec2-user/data/topics/3436 588
@/home/ec2-user/data/topics/1190 589
@/home/ec2-user/data/topics/1691 590
@/home/ec2-user/data/topics/3711 591
@/home/ec2-user/data/topics/1064 592
@/home/ec2-user/data/topics/3472 593
@/home/ec2-user/data/topics/1878 594
@/home/ec2-user/data/topics/2200 595
@/home/ec2-user/data/topics/2043 596
@/home/ec2-user/data/topics/3880 597
@/home/ec2-user/data/topics/1974 598
@/home/ec2-user/data/topics/3555 599
@/home/ec2-user/data/topics/2182 600
@/home/ec2-user/data/topics/1593 601
@/home/ec2-user/data/topics/3411 602
@/home/ec2-user/data/topics/3633 603
@/home/ec2-user/data/topics/3548 604
@/home/ec2-user/data/topics/2090 605
@/home/ec2-user/data/topics/3394 606
@/home/ec2-user/data/topics/1780 607
@/home/ec2-user/data/topics/3574 608
@/home/ec2-user/data/topics/2006 609
@/home/ec2-user/data/topics/3759 610
@/home/ec2-user/data/topics/3523 611
@/home/ec2-user/data/topics/3669 612
@/home/ec2-user/data/topics/1627 613
@/home/ec2-user/data/topics/4879 614
@/home/ec2-user/data/topics/1095 615
@/home/ec2-user/data/topics/4781 616
@/home/ec2-user/data/topics/3424 617
@/home/ec2-user/data/topics/1669 618
@/home/ec2-user/data/topics/3484 619
@/home/ec2-user/data/topics/2201 620
@/home/ec2-user/data/topics/3750 621
@/home/ec2-user/data/topics/1774 622
@/home/ec2-user/data/topics/1482 623
@/home/ec2-user/data/topics/1718 624
@/home/ec2-user/data/topics/3837 625
@/home/ec2-user/data/topics/3557 626
@/home/ec2-user/data/topics/1106 627
@/home/ec2-user/data/topics/2219 628
@/home/ec2-user/data/topics/3687 629
独立行政法人産業技術総合研究所

@/home/ec2-user/data/topics/4777 630
@/home/ec2-user/data/topics/4869 630
@/home/ec2-user/data/topics/4800 631
@/home/ec2-user/data/topics/4739 632
@/home/ec2-user/data/topics/1356 633
@/home/ec2-user/data/topics/4740 634
ソニー株式会社

@/home/ec2-user/data/topics/1414 635
@/home/ec2-user/data/topics/3401 635
@/home/ec2-user/data/topics/1873 636
@/home/ec2-user/data/topics/2094 637
@/home/ec2-user/data/topics/1602 638
@/home/ec2-user/data/topics/1298 639
@/home/ec2-user/data/topics/4351 640
@/home/ec2-user/data/topics/2058 641
@/home/ec2-user/data/topics/2059 642
@/home/ec2-user/data/topics/2048 643
@/home/ec2-user/data/topics/5027 644
@/home/ec2-user/data/topics/2052 645
@/home/ec2-user/data/topics/1679 646
@/home/ec2-user/data/topics/1926 647
@/home/ec2-user/data/topics/3456 648
@/home/ec2-user/data/topics/1147 649
@/home/ec2-user/data/topics/1954 650
@/home/ec2-user/data/topics/1471 651
@/home/ec2-user/data/topics/1912 652
@/home/ec2-user/data/topics/1749 653
@/home/ec2-user/data/topics/4224 654
@/home/ec2-user/data/topics/3872 655
@/home/ec2-user/data/topics/1426 656
@/home/ec2-user/data/topics/1233 657
@/home/ec2-user/data/topics/1686 658
@/home/ec2-user/data/topics/1435 659
@/home/ec2-user/data/topics/2037 660
@/home/ec2-user/data/topics/2105 661
@/home/ec2-user/data/topics/1836 662
@/home/ec2-user/data/topics/1491 663
@/home/ec2-user/data/topics/4219 664
@/home/ec2-user/data/topics/1397 665
@/home/ec2-user/data/topics/1218 666
@/home/ec2-user/data/topics/3975 667
@/home/ec2-user/data/topics/1059 668
@/home/ec2-user/data/topics/1778 669
@/home/ec2-user/data/topics/2075 670
@/home/ec2-user/data/topics/4184 671
@/home/ec2-user/data/topics/1380 672
@/home/ec2-user/data/topics/1884 673
@/home/ec2-user/data/topics/1967 674
@/home/ec2-user/data/topics/1892 675
@/home/ec2-user/data/topics/3392 676
@/home/ec2-user/data/topics/3955 677
@/home/ec2-user/data/topics/3924 678
@/home/ec2-user/data/topics/1102 679
@/home/ec2-user/data/topics/1291 680
富士ゼロックス株式会社

@/home/ec2-user/data/topics/1560 681
@/home/ec2-user/data/topics/1947 681
@/home/ec2-user/data/topics/3366 682
@/home/ec2-user/data/topics/3790 683
@/home/ec2-user/data/topics/3640 684
@/home/ec2-user/data/topics/3564 685
@/home/ec2-user/data/topics/3407 686
@/home/ec2-user/data/topics/5031 687
@/home/ec2-user/data/topics/3782 688
@/home/ec2-user/data/topics/3695 689
@/home/ec2-user/data/topics/3383 690
@/home/ec2-user/data/topics/4108 691
@/home/ec2-user/data/topics/3661 692
@/home/ec2-user/data/topics/3473 693
@/home/ec2-user/data/topics/3662 694
住友金属工業株式会社

@/home/ec2-user/data/topics/4021 695
@/home/ec2-user/data/topics/4733 695
@/home/ec2-user/data/topics/1268 696
@/home/ec2-user/data/topics/4295 697
@/home/ec2-user/data/topics/4322 698
@/home/ec2-user/data/topics/4182 699
@/home/ec2-user/data/topics/3577 700
@/home/ec2-user/data/topics/3655 701
@/home/ec2-user/data/topics/4534 702
@/home/ec2-user/data/topics/4991 703
@/home/ec2-user/data/topics/4661 704
@/home/ec2-user/data/topics/3826 705
日立電線株式会社

@/home/ec2-user/data/topics/4356 706
@/home/ec2-user/data/topics/3930 706
@/home/ec2-user/data/topics/1117 707
@/home/ec2-user/data/topics/4329 708
@/home/ec2-user/data/topics/4357 709
@/home/ec2-user/data/topics/3756 710
@/home/ec2-user/data/topics/1305 711
@/home/ec2-user/data/topics/1388 712
@/home/ec2-user/data/topics/1027 713
キヤノン株式会社

@/home/ec2-user/data/topics/1590 714
@/home/ec2-user/data/topics/1228 714
@/home/ec2-user/data/topics/3737 715
@/home/ec2-user/data/topics/4020 716
@/home/ec2-user/data/topics/1124 717
@/home/ec2-user/data/topics/3720 718
@/home/ec2-user/data/topics/1539 719
@/home/ec2-user/data/topics/1790 720
@/home/ec2-user/data/topics/3755 721
@/home/ec2-user/data/topics/3438 722
@/home/ec2-user/data/topics/1568 723
@/home/ec2-user/data/topics/3996 724
@/home/ec2-user/data/topics/3374 725
@/home/ec2-user/data/topics/1118 726
@/home/ec2-user/data/topics/1455 727
@/home/ec2-user/data/topics/3852 728
@/home/ec2-user/data/topics/1961 729
@/home/ec2-user/data/topics/4948 730
@/home/ec2-user/data/topics/4520 731
@/home/ec2-user/data/topics/1745 732
@/home/ec2-user/data/topics/2231 733
@/home/ec2-user/data/topics/2145 734
@/home/ec2-user/data/topics/3420 735
@/home/ec2-user/data/topics/3958 736
@/home/ec2-user/data/topics/3642 737
@/home/ec2-user/data/topics/3454 738
@/home/ec2-user/data/topics/1895 739
@/home/ec2-user/data/topics/3417 740
@/home/ec2-user/data/topics/4628 741
@/home/ec2-user/data/topics/4937 742
@/home/ec2-user/data/topics/1646 743
@/home/ec2-user/data/topics/3949 744
@/home/ec2-user/data/topics/1744 745
@/home/ec2-user/data/topics/1847 746
@/home/ec2-user/data/topics/1975 747
@/home/ec2-user/data/topics/3376 748
@/home/ec2-user/data/topics/1848 749
@/home/ec2-user/data/topics/1889 750
@/home/ec2-user/data/topics/1519 751
@/home/ec2-user/data/topics/3434 752
@/home/ec2-user/data/topics/4350 753
@/home/ec2-user/data/topics/4521 754
@/home/ec2-user/data/topics/1802 755
@/home/ec2-user/data/topics/3410 756
@/home/ec2-user/data/topics/4054 757
@/home/ec2-user/data/topics/4947 758
@/home/ec2-user/data/topics/3416 759
@/home/ec2-user/data/topics/4068 760
@/home/ec2-user/data/topics/4363 761
@/home/ec2-user/data/topics/3441 762
@/home/ec2-user/data/topics/3730 763
@/home/ec2-user/data/topics/3660 764
@/home/ec2-user/data/topics/3628 765
@/home/ec2-user/data/topics/1513 766
@/home/ec2-user/data/topics/4610 767
@/home/ec2-user/data/topics/1631 768
@/home/ec2-user/data/topics/3967 769
@/home/ec2-user/data/topics/3722 770
@/home/ec2-user/data/topics/1438 771
@/home/ec2-user/data/topics/2004 772
@/home/ec2-user/data/topics/1208 773
@/home/ec2-user/data/topics/3656 774
@/home/ec2-user/data/topics/1866 775
@/home/ec2-user/data/topics/3430 776
@/home/ec2-user/data/topics/2053 777
@/home/ec2-user/data/topics/2243 778
@/home/ec2-user/data/topics/1080 779
@/home/ec2-user/data/topics/2107 780
@/home/ec2-user/data/topics/3415 781
@/home/ec2-user/data/topics/1216 782
@/home/ec2-user/data/topics/3445 783
@/home/ec2-user/data/topics/3843 784
@/home/ec2-user/data/topics/2117 785
三洋電機株式会社

@/home/ec2-user/data/topics/4788 786
@/home/ec2-user/data/topics/4304 786
@/home/ec2-user/data/topics/1386 787
@/home/ec2-user/data/topics/3681 788
@/home/ec2-user/data/topics/4720 789
@/home/ec2-user/data/topics/5011 790
@/home/ec2-user/data/topics/1163 791
@/home/ec2-user/data/topics/4099 792
@/home/ec2-user/data/topics/1289 793
@/home/ec2-user/data/topics/4978 794
@/home/ec2-user/data/topics/4179 795
@/home/ec2-user/data/topics/4837 796
@/home/ec2-user/data/topics/3398 797
@/home/ec2-user/data/topics/1079 798
@/home/ec2-user/data/topics/3581 799
@/home/ec2-user/data/topics/3974 800
@/home/ec2-user/data/topics/3906 801
@/home/ec2-user/data/topics/1246 802
@/home/ec2-user/data/topics/3492 803
@/home/ec2-user/data/topics/1479 804
@/home/ec2-user/data/topics/4178 805
@/home/ec2-user/data/topics/4654 806
@/home/ec2-user/data/topics/3859 807
@/home/ec2-user/data/topics/4604 808
@/home/ec2-user/data/topics/4061 809
@/home/ec2-user/data/topics/3889 810
@/home/ec2-user/data/topics/4001 811
@/home/ec2-user/data/topics/2054 812
@/home/ec2-user/data/topics/4726 813
@/home/ec2-user/data/topics/2063 814
@/home/ec2-user/data/topics/4960 815
@/home/ec2-user/data/topics/4301 816
@/home/ec2-user/data/topics/3845 817
@/home/ec2-user/data/topics/3830 818
@/home/ec2-user/data/topics/4492 819
@/home/ec2-user/data/topics/1488 820
@/home/ec2-user/data/topics/4328 821
@/home/ec2-user/data/topics/3926 822
@/home/ec2-user/data/topics/4679 823
@/home/ec2-user/data/topics/4039 824
@/home/ec2-user/data/topics/1653 825
@/home/ec2-user/data/topics/3781 826
@/home/ec2-user/data/topics/3986 827
@/home/ec2-user/data/topics/4571 828
@/home/ec2-user/data/topics/4763 829
@/home/ec2-user/data/topics/4015 830
@/home/ec2-user/data/topics/1451 831
@/home/ec2-user/data/topics/4384 832
@/home/ec2-user/data/topics/3804 833
@/home/ec2-user/data/topics/3403 834
@/home/ec2-user/data/topics/4060 835
@/home/ec2-user/data/topics/1515 836
@/home/ec2-user/data/topics/2014 837
@/home/ec2-user/data/topics/2230 838
@/home/ec2-user/data/topics/2071 839
@/home/ec2-user/data/topics/1671 840
@/home/ec2-user/data/topics/3817 841
@/home/ec2-user/data/topics/1722 842
@/home/ec2-user/data/topics/1652 843
@/home/ec2-user/data/topics/3625 844
@/home/ec2-user/data/topics/1980 845
@/home/ec2-user/data/topics/3708 846
@/home/ec2-user/data/topics/1321 847
@/home/ec2-user/data/topics/4983 848
@/home/ec2-user/data/topics/4150 849
@/home/ec2-user/data/topics/3808 850
@/home/ec2-user/data/topics/2194 851
@/home/ec2-user/data/topics/4212 852
@/home/ec2-user/data/topics/4527 853
@/home/ec2-user/data/topics/4612 854
@/home/ec2-user/data/topics/5002 855
@/home/ec2-user/data/topics/2098 856
@/home/ec2-user/data/topics/3953 857
@/home/ec2-user/data/topics/4376 858
@/home/ec2-user/data/topics/3539 859
@/home/ec2-user/data/topics/3491 860
@/home/ec2-user/data/topics/4474 861
@/home/ec2-user/data/topics/3754 862
@/home/ec2-user/data/topics/4066 863
三菱電機株式会社

@/home/ec2-user/data/topics/4041 864
@/home/ec2-user/data/topics/3506 864
@/home/ec2-user/data/topics/3666 865
@/home/ec2-user/data/topics/1872 866
@/home/ec2-user/data/topics/4235 867
@/home/ec2-user/data/topics/4220 868
@/home/ec2-user/data/topics/3466 869
@/home/ec2-user/data/topics/1536 870
@/home/ec2-user/data/topics/1110 871
@/home/ec2-user/data/topics/4880 872
@/home/ec2-user/data/topics/3465 873
@/home/ec2-user/data/topics/1738 874
@/home/ec2-user/data/topics/4047 875
@/home/ec2-user/data/topics/3820 876
@/home/ec2-user/data/topics/3609 877
@/home/ec2-user/data/topics/1792 878
@/home/ec2-user/data/topics/4663 879
@/home/ec2-user/data/topics/3856 880
@/home/ec2-user/data/topics/5033 881
@/home/ec2-user/data/topics/1220 882
@/home/ec2-user/data/topics/3963 883
@/home/ec2-user/data/topics/3616 884
@/home/ec2-user/data/topics/2146 885
@/home/ec2-user/data/topics/4149 886
@/home/ec2-user/data/topics/4282 887
@/home/ec2-user/data/topics/4233 888
@/home/ec2-user/data/topics/3774 889
@/home/ec2-user/data/topics/3612 890
@/home/ec2-user/data/topics/5032 891
@/home/ec2-user/data/topics/3747 892
@/home/ec2-user/data/topics/3595 893
@/home/ec2-user/data/topics/4552 894
@/home/ec2-user/data/topics/4834 895
@/home/ec2-user/data/topics/4518 896
@/home/ec2-user/data/topics/3800 897
@/home/ec2-user/data/topics/4221 898
@/home/ec2-user/data/topics/3592 899
@/home/ec2-user/data/topics/3451 900
@/home/ec2-user/data/topics/4562 901
@/home/ec2-user/data/topics/4181 902
@/home/ec2-user/data/topics/4419 903
@/home/ec2-user/data/topics/3469 904
@/home/ec2-user/data/topics/3493 905
@/home/ec2-user/data/topics/4076 906
@/home/ec2-user/data/topics/4133 907
@/home/ec2-user/data/topics/3412 908
@/home/ec2-user/data/topics/3453 909
@/home/ec2-user/data/topics/3409 910
@/home/ec2-user/data/topics/4514 911
@/home/ec2-user/data/topics/4614 912
@/home/ec2-user/data/topics/4305 913
@/home/ec2-user/data/topics/3921 914
@/home/ec2-user/data/topics/3490 915
@/home/ec2-user/data/topics/3873 916
@/home/ec2-user/data/topics/3841 917
@/home/ec2-user/data/topics/1754 918
@/home/ec2-user/data/topics/4980 919
@/home/ec2-user/data/topics/3397 920
住友ゴム工業株式会社

@/home/ec2-user/data/topics/1114 921
@/home/ec2-user/data/topics/4048 921
@/home/ec2-user/data/topics/2007 922
@/home/ec2-user/data/topics/4597 923
@/home/ec2-user/data/topics/4568 924
@/home/ec2-user/data/topics/4406 925
@/home/ec2-user/data/topics/1758 926
セイコーエプソン株式会社

@/home/ec2-user/data/topics/3985 927
@/home/ec2-user/data/topics/4022 927
@/home/ec2-user/data/topics/3887 928
@/home/ec2-user/data/topics/4454 929
@/home/ec2-user/data/topics/3910 930
@/home/ec2-user/data/topics/3505 931
@/home/ec2-user/data/topics/1484 932
@/home/ec2-user/data/topics/3819 933
@/home/ec2-user/data/topics/1378 934
@/home/ec2-user/data/topics/2165 935
@/home/ec2-user/data/topics/2078 936
@/home/ec2-user/data/topics/4585 937
@/home/ec2-user/data/topics/1641 938
@/home/ec2-user/data/topics/4801 939
@/home/ec2-user/data/topics/3589 940
@/home/ec2-user/data/topics/4386 941
@/home/ec2-user/data/topics/4802 942
@/home/ec2-user/data/topics/4605 943
@/home/ec2-user/data/topics/1423 944
@/home/ec2-user/data/topics/1938 945
@/home/ec2-user/data/topics/1890 946
@/home/ec2-user/data/topics/4109 947
@/home/ec2-user/data/topics/3476 948
@/home/ec2-user/data/topics/3361 949
@/home/ec2-user/data/topics/4719 950
@/home/ec2-user/data/topics/1343 951
株式会社三共

@/home/ec2-user/data/topics/1189 952
@/home/ec2-user/data/topics/1377 952
@/home/ec2-user/data/topics/1648 953
@/home/ec2-user/data/topics/2060 954
@/home/ec2-user/data/topics/1086 955
@/home/ec2-user/data/topics/4868 956
@/home/ec2-user/data/topics/1665 957
@/home/ec2-user/data/topics/4374 958
@/home/ec2-user/data/topics/2123 959
沖電気工業株式会社

@/home/ec2-user/data/topics/3571 960
@/home/ec2-user/data/topics/1188 960
@/home/ec2-user/data/topics/3433 961
@/home/ec2-user/data/topics/3395 962
@/home/ec2-user/data/topics/3690 963
@/home/ec2-user/data/topics/3964 964
@/home/ec2-user/data/topics/4575 965
@/home/ec2-user/data/topics/3457 966
@/home/ec2-user/data/topics/4308 967
@/home/ec2-user/data/topics/4299 968
@/home/ec2-user/data/topics/3621 969
@/home/ec2-user/data/topics/4693 970
@/home/ec2-user/data/topics/1531 971
@/home/ec2-user/data/topics/3764 972
株式会社三星

@/home/ec2-user/data/topics/2108 973
@/home/ec2-user/data/topics/1260 973
@/home/ec2-user/data/topics/1728 974
@/home/ec2-user/data/topics/2198 975
@/home/ec2-user/data/topics/1733 976
@/home/ec2-user/data/topics/3942 977
日本ビクター株式会社

@/home/ec2-user/data/topics/1389 978
@/home/ec2-user/data/topics/3603 978
@/home/ec2-user/data/topics/3939 979
@/home/ec2-user/data/topics/1520 980
@/home/ec2-user/data/topics/1440 981
@/home/ec2-user/data/topics/4123 982
@/home/ec2-user/data/topics/1823 983
@/home/ec2-user/data/topics/3620 984
@/home/ec2-user/data/topics/4056 985
@/home/ec2-user/data/topics/4672 986
@/home/ec2-user/data/topics/3882 987
花王株式会社

@/home/ec2-user/data/topics/3753 988
@/home/ec2-user/data/topics/1022 988
@/home/ec2-user/data/topics/4445 989
@/home/ec2-user/data/topics/3812 990
@/home/ec2-user/data/topics/4249 991
@/home/ec2-user/data/topics/3999 992
@/home/ec2-user/data/topics/1196 993
@/home/ec2-user/data/topics/2214 994
@/home/ec2-user/data/topics/1767 995
@/home/ec2-user/data/topics/4827 996
@/home/ec2-user/data/topics/4287 997
@/home/ec2-user/data/topics/3884 998
@/home/ec2-user/data/topics/4211 999
三田工業株式会社

@/home/ec2-user/data/topics/1269 1000
@/home/ec2-user/data/topics/2136 1000
@/home/ec2-user/data/topics/3604 1001
@/home/ec2-user/data/topics/1034 1002
@/home/ec2-user/data/topics/2155 1003
@/home/ec2-user/data/topics/3923 1004
@/home/ec2-user/data/topics/1033 1005
@/home/ec2-user/data/topics/3842 1006
@/home/ec2-user/data/topics/1766 1007
豊丸産業株式会社

@/home/ec2-user/data/topics/1097 1008
@/home/ec2-user/data/topics/1914 1008
@/home/ec2-user/data/topics/4847 1009
@/home/ec2-user/data/topics/1353 1010
@/home/ec2-user/data/topics/1126 1011
@/home/ec2-user/data/topics/1726 1012
@/home/ec2-user/data/topics/2169 1013
@/home/ec2-user/data/topics/1713 1014
@/home/ec2-user/data/topics/2011 1015
@/home/ec2-user/data/topics/3672 1016
@/home/ec2-user/data/topics/1284 1017
@/home/ec2-user/data/topics/1588 1018
@/home/ec2-user/data/topics/1138 1019
@/home/ec2-user/data/topics/1401 1020
@/home/ec2-user/data/topics/1677 1021
鐘紡株式会社

@/home/ec2-user/data/topics/2185 1022
@/home/ec2-user/data/topics/3560 1022
@/home/ec2-user/data/topics/4195 1023
@/home/ec2-user/data/topics/3566 1024
@/home/ec2-user/data/topics/2034 1025
@/home/ec2-user/data/topics/1901 1026
@/home/ec2-user/data/topics/1842 1027
@/home/ec2-user/data/topics/3551 1028
@/home/ec2-user/data/topics/3634 1029
@/home/ec2-user/data/topics/1304 1030
@/home/ec2-user/data/topics/2223 1031
@/home/ec2-user/data/topics/1054 1032
@/home/ec2-user/data/topics/1886 1033
@/home/ec2-user/data/topics/1178 1034
@/home/ec2-user/data/topics/1367 1035
@/home/ec2-user/data/topics/1870 1036
株式会社デンソー

@/home/ec2-user/data/topics/4622 1037
@/home/ec2-user/data/topics/3421 1037
@/home/ec2-user/data/topics/4675 1038
@/home/ec2-user/data/topics/3710 1039
@/home/ec2-user/data/topics/4483 1040
@/home/ec2-user/data/topics/3480 1041
@/home/ec2-user/data/topics/4024 1042
@/home/ec2-user/data/topics/4805 1043
@/home/ec2-user/data/topics/4046 1044
@/home/ec2-user/data/topics/4164 1045
@/home/ec2-user/data/topics/4840 1046
@/home/ec2-user/data/topics/4498 1047
@/home/ec2-user/data/topics/4423 1048
@/home/ec2-user/data/topics/1028 1049
@/home/ec2-user/data/topics/4656 1050
@/home/ec2-user/data/topics/3406 1051
@/home/ec2-user/data/topics/1855 1052
富士写真フイルム株式会社

@/home/ec2-user/data/topics/3857 1053
@/home/ec2-user/data/topics/1570 1053
@/home/ec2-user/data/topics/3918 1054
@/home/ec2-user/data/topics/1603 1055
@/home/ec2-user/data/topics/2134 1056
@/home/ec2-user/data/topics/1662 1057
@/home/ec2-user/data/topics/3911 1058
@/home/ec2-user/data/topics/3447 1059
@/home/ec2-user/data/topics/1244 1060
@/home/ec2-user/data/topics/3354 1061
@/home/ec2-user/data/topics/4962 1062
京セラ株式会社

@/home/ec2-user/data/topics/1708 1063
@/home/ec2-user/data/topics/3741 1063
@/home/ec2-user/data/topics/1741 1064
@/home/ec2-user/data/topics/4901 1065
@/home/ec2-user/data/topics/1485 1066
@/home/ec2-user/data/topics/4031 1067
@/home/ec2-user/data/topics/1913 1068
@/home/ec2-user/data/topics/3615 1069
@/home/ec2-user/data/topics/3593 1070
@/home/ec2-user/data/topics/4340 1071
@/home/ec2-user/data/topics/4513 1072
@/home/ec2-user/data/topics/3869 1073
イビデン株式会社

@/home/ec2-user/data/topics/1315 1074
@/home/ec2-user/data/topics/3814 1074
@/home/ec2-user/data/topics/2033 1075
@/home/ec2-user/data/topics/1682 1076
@/home/ec2-user/data/topics/1952 1077
@/home/ec2-user/data/topics/1336 1078
@/home/ec2-user/data/topics/1770 1079
株式会社東芝

@/home/ec2-user/data/topics/4631 1080
@/home/ec2-user/data/topics/4197 1080
@/home/ec2-user/data/topics/3948 1081
@/home/ec2-user/data/topics/3732 1082
@/home/ec2-user/data/topics/4183 1083
@/home/ec2-user/data/topics/3688 1084
@/home/ec2-user/data/topics/3618 1085
@/home/ec2-user/data/topics/4292 1086
@/home/ec2-user/data/topics/4381 1087
@/home/ec2-user/data/topics/1090 1088
@/home/ec2-user/data/topics/4535 1089
@/home/ec2-user/data/topics/3716 1090
@/home/ec2-user/data/topics/4509 1091
@/home/ec2-user/data/topics/3851 1092
@/home/ec2-user/data/topics/4089 1093
@/home/ec2-user/data/topics/4935 1094
@/home/ec2-user/data/topics/4096 1095
@/home/ec2-user/data/topics/4755 1096
@/home/ec2-user/data/topics/1757 1097
@/home/ec2-user/data/topics/1332 1098
@/home/ec2-user/data/topics/4361 1099
@/home/ec2-user/data/topics/4057 1100
@/home/ec2-user/data/topics/4336 1101
@/home/ec2-user/data/topics/3988 1102
@/home/ec2-user/data/topics/1997 1103
@/home/ec2-user/data/topics/3351 1104
@/home/ec2-user/data/topics/4594 1105
@/home/ec2-user/data/topics/4881 1106
@/home/ec2-user/data/topics/3352 1107
@/home/ec2-user/data/topics/3683 1108
@/home/ec2-user/data/topics/3689 1109
@/home/ec2-user/data/topics/4009 1110
@/home/ec2-user/data/topics/1132 1111
@/home/ec2-user/data/topics/3360 1112
@/home/ec2-user/data/topics/1585 1113
@/home/ec2-user/data/topics/4623 1114
@/home/ec2-user/data/topics/3795 1115
@/home/ec2-user/data/topics/3881 1116
@/home/ec2-user/data/topics/3598 1117
@/home/ec2-user/data/topics/1819 1118
@/home/ec2-user/data/topics/4912 1119
@/home/ec2-user/data/topics/4566 1120
@/home/ec2-user/data/topics/4165 1121
@/home/ec2-user/data/topics/3380 1122
@/home/ec2-user/data/topics/4140 1123
@/home/ec2-user/data/topics/3462 1124
@/home/ec2-user/data/topics/3363 1125
@/home/ec2-user/data/topics/4863 1126
@/home/ec2-user/data/topics/3734 1127
@/home/ec2-user/data/topics/4302 1128
@/home/ec2-user/data/topics/4172 1129
@/home/ec2-user/data/topics/1205 1130
@/home/ec2-user/data/topics/3990 1131
@/home/ec2-user/data/topics/4842 1132
@/home/ec2-user/data/topics/2241 1133
@/home/ec2-user/data/topics/3890 1134
@/home/ec2-user/data/topics/3780 1135
@/home/ec2-user/data/topics/1756 1136
@/home/ec2-user/data/topics/3834 1137
@/home/ec2-user/data/topics/3542 1138
@/home/ec2-user/data/topics/4751 1139
ヤマハ株式会社

@/home/ec2-user/data/topics/4954 1140
@/home/ec2-user/data/topics/4010 1140
@/home/ec2-user/data/topics/4045 1141
@/home/ec2-user/data/topics/1911 1142
@/home/ec2-user/data/topics/4919 1143
@/home/ec2-user/data/topics/1720 1144
@/home/ec2-user/data/topics/1676 1145
@/home/ec2-user/data/topics/4145 1146
@/home/ec2-user/data/topics/1443 1147
@/home/ec2-user/data/topics/4177 1148
@/home/ec2-user/data/topics/4125 1149
@/home/ec2-user/data/topics/3972 1150
@/home/ec2-user/data/topics/4084 1151
東洋紡績株式会社

@/home/ec2-user/data/topics/4284 1152
@/home/ec2-user/data/topics/4366 1152
@/home/ec2-user/data/topics/4362 1153
@/home/ec2-user/data/topics/3769 1154
@/home/ec2-user/data/topics/1029 1155
@/home/ec2-user/data/topics/1613 1156
三菱化学株式会社

@/home/ec2-user/data/topics/3513 1157
@/home/ec2-user/data/topics/3638 1157
@/home/ec2-user/data/topics/3458 1158
@/home/ec2-user/data/topics/1699 1159
@/home/ec2-user/data/topics/1902 1160
@/home/ec2-user/data/topics/1197 1161
カシオ計算機株式会社

@/home/ec2-user/data/topics/3391 1162
@/home/ec2-user/data/topics/1235 1162
@/home/ec2-user/data/topics/1047 1163
@/home/ec2-user/data/topics/1794 1164
@/home/ec2-user/data/topics/1368 1165
@/home/ec2-user/data/topics/2237 1166
@/home/ec2-user/data/topics/2180 1167
@/home/ec2-user/data/topics/1535 1168
コナミ株式会社

@/home/ec2-user/data/topics/2100 1169
@/home/ec2-user/data/topics/1621 1169
@/home/ec2-user/data/topics/5015 1170
@/home/ec2-user/data/topics/4681 1171
@/home/ec2-user/data/topics/2151 1172
@/home/ec2-user/data/topics/4602 1173
@/home/ec2-user/data/topics/1672 1174
@/home/ec2-user/data/topics/1302 1175
大日本スクリーン製造株式会社

@/home/ec2-user/data/topics/1173 1176
@/home/ec2-user/data/topics/3742 1176
@/home/ec2-user/data/topics/2209 1177
@/home/ec2-user/data/topics/1779 1178
@/home/ec2-user/data/topics/1130 1179
@/home/ec2-user/data/topics/1608 1180
@/home/ec2-user/data/topics/2172 1181
オムロン株式会社

@/home/ec2-user/data/topics/2096 1182
@/home/ec2-user/data/topics/1657 1182
@/home/ec2-user/data/topics/3597 1183
@/home/ec2-user/data/topics/1579 1184
@/home/ec2-user/data/topics/3863 1185
@/home/ec2-user/data/topics/1067 1186
@/home/ec2-user/data/topics/1841 1187
@/home/ec2-user/data/topics/4771 1188
@/home/ec2-user/data/topics/1933 1189
@/home/ec2-user/data/topics/1533 1190
@/home/ec2-user/data/topics/3700 1191
@/home/ec2-user/data/topics/1151 1192
@/home/ec2-user/data/topics/3748 1193
@/home/ec2-user/data/topics/3594 1194
@/home/ec2-user/data/topics/1135 1195
株式会社日立製作所

@/home/ec2-user/data/topics/3570 1196
@/home/ec2-user/data/topics/1072 1196
@/home/ec2-user/data/topics/1278 1197
@/home/ec2-user/data/topics/1340 1198
@/home/ec2-user/data/topics/3384 1199
@/home/ec2-user/data/topics/3350 1200
@/home/ec2-user/data/topics/3973 1201
@/home/ec2-user/data/topics/1825 1202
@/home/ec2-user/data/topics/4401 1203
@/home/ec2-user/data/topics/1826 1204
@/home/ec2-user/data/topics/3822 1205
@/home/ec2-user/data/topics/1667 1206
@/home/ec2-user/data/topics/3488 1207
@/home/ec2-user/data/topics/1334 1208
@/home/ec2-user/data/topics/1880 1209
@/home/ec2-user/data/topics/4040 1210
@/home/ec2-user/data/topics/4990 1211
@/home/ec2-user/data/topics/4545 1212
@/home/ec2-user/data/topics/3691 1213
@/home/ec2-user/data/topics/4547 1214
@/home/ec2-user/data/topics/4830 1215
@/home/ec2-user/data/topics/3706 1216
@/home/ec2-user/data/topics/3665 1217
@/home/ec2-user/data/topics/2019 1218
@/home/ec2-user/data/topics/1463 1219
@/home/ec2-user/data/topics/1296 1220
@/home/ec2-user/data/topics/4058 1221
@/home/ec2-user/data/topics/5029 1222
@/home/ec2-user/data/topics/4943 1223
@/home/ec2-user/data/topics/2081 1224
@/home/ec2-user/data/topics/3471 1225
@/home/ec2-user/data/topics/4559 1226
@/home/ec2-user/data/topics/1487 1227
@/home/ec2-user/data/topics/1693 1228
@/home/ec2-user/data/topics/4420 1229
@/home/ec2-user/data/topics/3531 1230
@/home/ec2-user/data/topics/1247 1231
@/home/ec2-user/data/topics/1562 1232
@/home/ec2-user/data/topics/1249 1233
@/home/ec2-user/data/topics/4402 1234
@/home/ec2-user/data/topics/3968 1235
@/home/ec2-user/data/topics/2239 1236
@/home/ec2-user/data/topics/5030 1237
@/home/ec2-user/data/topics/4493 1238
@/home/ec2-user/data/topics/3440 1239
@/home/ec2-user/data/topics/1882 1240
@/home/ec2-user/data/topics/3524 1241
@/home/ec2-user/data/topics/3599 1242
@/home/ec2-user/data/topics/4551 1243
@/home/ec2-user/data/topics/4166 1244
@/home/ec2-user/data/topics/4799 1245
@/home/ec2-user/data/topics/1105 1246
@/home/ec2-user/data/topics/1082 1247
@/home/ec2-user/data/topics/3772 1248
@/home/ec2-user/data/topics/3461 1249
@/home/ec2-user/data/topics/3659 1250
@/home/ec2-user/data/topics/3588 1251
@/home/ec2-user/data/topics/4489 1252
@/home/ec2-user/data/topics/3994 1253
@/home/ec2-user/data/topics/3965 1254
@/home/ec2-user/data/topics/4621 1255
@/home/ec2-user/data/topics/1501 1256
@/home/ec2-user/data/topics/1833 1257
@/home/ec2-user/data/topics/3596 1258
@/home/ec2-user/data/topics/3779 1259
@/home/ec2-user/data/topics/3993 1260
@/home/ec2-user/data/topics/1640 1261
@/home/ec2-user/data/topics/2184 1262
@/home/ec2-user/data/topics/3648 1263
@/home/ec2-user/data/topics/3432 1264
@/home/ec2-user/data/topics/1987 1265
@/home/ec2-user/data/topics/3439 1266
@/home/ec2-user/data/topics/1651 1267
@/home/ec2-user/data/topics/4122 1268
凸版印刷株式会社

@/home/ec2-user/data/topics/3624 1269
@/home/ec2-user/data/topics/3500 1269
@/home/ec2-user/data/topics/1977 1270
@/home/ec2-user/data/topics/4874 1271
@/home/ec2-user/data/topics/1091 1272
@/home/ec2-user/data/topics/1765 1273
@/home/ec2-user/data/topics/3526 1274
株式会社ノーリツ

@/home/ec2-user/data/topics/4206 1275
@/home/ec2-user/data/topics/1290 1275
@/home/ec2-user/data/topics/1598 1276
@/home/ec2-user/data/topics/1618 1277
@/home/ec2-user/data/topics/4354 1278
@/home/ec2-user/data/topics/2116 1279
@/home/ec2-user/data/topics/4776 1280
@/home/ec2-user/data/topics/1760 1281
川崎重工業株式会社

@/home/ec2-user/data/topics/1162 1282
@/home/ec2-user/data/topics/4944 1282
@/home/ec2-user/data/topics/4756 1283
@/home/ec2-user/data/topics/5025 1284
@/home/ec2-user/data/topics/4572 1285
@/home/ec2-user/data/topics/4866 1286
@/home/ec2-user/data/topics/4793 1287
@/home/ec2-user/data/topics/1172 1288
ティーディーケイ株式会社

@/home/ec2-user/data/topics/3792 1289
@/home/ec2-user/data/topics/1510 1289
@/home/ec2-user/data/topics/3909 1290
@/home/ec2-user/data/topics/4619 1291
@/home/ec2-user/data/topics/2210 1292
@/home/ec2-user/data/topics/1129 1293
@/home/ec2-user/data/topics/3798 1294
@/home/ec2-user/data/topics/2202 1295
@/home/ec2-user/data/topics/1409 1296
京セラミタ株式会社

@/home/ec2-user/data/topics/2141 1297
@/home/ec2-user/data/topics/4564 1297
@/home/ec2-user/data/topics/4174 1298
@/home/ec2-user/data/topics/1032 1299
@/home/ec2-user/data/topics/4973 1300
@/home/ec2-user/data/topics/1930 1301
@/home/ec2-user/data/topics/4985 1302
株式会社クボタ

@/home/ec2-user/data/topics/1734 1303
@/home/ec2-user/data/topics/3823 1303
@/home/ec2-user/data/topics/4251 1304
@/home/ec2-user/data/topics/1012 1305
@/home/ec2-user/data/topics/4379 1306
@/home/ec2-user/data/topics/4745 1307
@/home/ec2-user/data/topics/1280 1308
@/home/ec2-user/data/topics/3854 1309
@/home/ec2-user/data/topics/3919 1310
@/home/ec2-user/data/topics/1448 1311
シャープ株式会社

@/home/ec2-user/data/topics/4105 1312
@/home/ec2-user/data/topics/3855 1312
@/home/ec2-user/data/topics/3762 1313
@/home/ec2-user/data/topics/1840 1314
@/home/ec2-user/data/topics/4005 1315
@/home/ec2-user/data/topics/1419 1316
@/home/ec2-user/data/topics/2020 1317
@/home/ec2-user/data/topics/3793 1318
@/home/ec2-user/data/topics/3679 1319
@/home/ec2-user/data/topics/3610 1320
@/home/ec2-user/data/topics/4019 1321
@/home/ec2-user/data/topics/4861 1322
@/home/ec2-user/data/topics/4152 1323
@/home/ec2-user/data/topics/3813 1324
@/home/ec2-user/data/topics/1154 1325
@/home/ec2-user/data/topics/4691 1326
@/home/ec2-user/data/topics/3957 1327
@/home/ec2-user/data/topics/1561 1328
@/home/ec2-user/data/topics/4256 1329
@/home/ec2-user/data/topics/1258 1330
@/home/ec2-user/data/topics/4245 1331
@/home/ec2-user/data/topics/1563 1332
@/home/ec2-user/data/topics/4516 1333
@/home/ec2-user/data/topics/3537 1334
@/home/ec2-user/data/topics/2084 1335
@/home/ec2-user/data/topics/4113 1336
@/home/ec2-user/data/topics/2087 1337
@/home/ec2-user/data/topics/3858 1338
@/home/ec2-user/data/topics/1349 1339
@/home/ec2-user/data/topics/4717 1340
@/home/ec2-user/data/topics/1318 1341
@/home/ec2-user/data/topics/1804 1342
@/home/ec2-user/data/topics/1965 1343
@/home/ec2-user/data/topics/3649 1344
@/home/ec2-user/data/topics/4263 1345
@/home/ec2-user/data/topics/1384 1346
@/home/ec2-user/data/topics/3981 1347
@/home/ec2-user/data/topics/4228 1348
@/home/ec2-user/data/topics/4127 1349
@/home/ec2-user/data/topics/3871 1350
@/home/ec2-user/data/topics/3832 1351
@/home/ec2-user/data/topics/1174 1352
@/home/ec2-user/data/topics/1396 1353
@/home/ec2-user/data/topics/3450 1354
@/home/ec2-user/data/topics/4214 1355
@/home/ec2-user/data/topics/3452 1356
@/home/ec2-user/data/topics/4782 1357
@/home/ec2-user/data/topics/4173 1358
@/home/ec2-user/data/topics/3606 1359
@/home/ec2-user/data/topics/3776 1360
@/home/ec2-user/data/topics/4744 1361
@/home/ec2-user/data/topics/3966 1362
@/home/ec2-user/data/topics/4349 1363
@/home/ec2-user/data/topics/4124 1364
@/home/ec2-user/data/topics/4648 1365
@/home/ec2-user/data/topics/4103 1366
@/home/ec2-user/data/topics/4095 1367
@/home/ec2-user/data/topics/4583 1368
@/home/ec2-user/data/topics/2118 1369
@/home/ec2-user/data/topics/1685 1370
@/home/ec2-user/data/topics/1431 1371
@/home/ec2-user/data/topics/3895 1372
@/home/ec2-user/data/topics/3978 1373
@/home/ec2-user/data/topics/3578 1374
@/home/ec2-user/data/topics/3941 1375
@/home/ec2-user/data/topics/3760 1376
@/home/ec2-user/data/topics/4230 1377
@/home/ec2-user/data/topics/3698 1378
@/home/ec2-user/data/topics/3673 1379
@/home/ec2-user/data/topics/4519 1380
@/home/ec2-user/data/topics/4430 1381
@/home/ec2-user/data/topics/1209 1382
@/home/ec2-user/data/topics/4469 1383
@/home/ec2-user/data/topics/4252 1384
@/home/ec2-user/data/topics/1288 1385
@/home/ec2-user/data/topics/3777 1386
@/home/ec2-user/data/topics/4323 1387
@/home/ec2-user/data/topics/1970 1388
@/home/ec2-user/data/topics/3422 1389
@/home/ec2-user/data/topics/3678 1390
@/home/ec2-user/data/topics/4683 1391
日本輸送機株式会社

@/home/ec2-user/data/topics/1456 1392
@/home/ec2-user/data/topics/2065 1392
@/home/ec2-user/data/topics/3573 1393
@/home/ec2-user/data/topics/1191 1394
@/home/ec2-user/data/topics/1940 1395
@/home/ec2-user/data/topics/1493 1396
@/home/ec2-user/data/topics/1108 1397
@/home/ec2-user/data/topics/2221 1398
東京エレクトロン株式会社

@/home/ec2-user/data/topics/4906 1399
@/home/ec2-user/data/topics/4053 1399
@/home/ec2-user/data/topics/4023 1400
@/home/ec2-user/data/topics/4002 1401
@/home/ec2-user/data/topics/1508 1402
@/home/ec2-user/data/topics/1263 1403
@/home/ec2-user/data/topics/4702 1404
@/home/ec2-user/data/topics/1800 1405
@/home/ec2-user/data/topics/3947 1406
@/home/ec2-user/data/topics/4618 1407
@/home/ec2-user/data/topics/1736 1408
@/home/ec2-user/data/topics/4345 1409
株式会社村田製作所

@/home/ec2-user/data/topics/3482 1410
@/home/ec2-user/data/topics/4417 1410
@/home/ec2-user/data/topics/3885 1411
@/home/ec2-user/data/topics/1411 1412
@/home/ec2-user/data/topics/4163 1413
@/home/ec2-user/data/topics/4795 1414
@/home/ec2-user/data/topics/4271 1415
@/home/ec2-user/data/topics/4703 1416
@/home/ec2-user/data/topics/4378 1417
@/home/ec2-user/data/topics/1374 1418
@/home/ec2-user/data/topics/4042 1419
@/home/ec2-user/data/topics/4432 1420
@/home/ec2-user/data/topics/4325 1421
@/home/ec2-user/data/topics/3435 1422
@/home/ec2-user/data/topics/2229 1423
@/home/ec2-user/data/topics/3697 1424
@/home/ec2-user/data/topics/4070 1425
日本電信電話株式会社

@/home/ec2-user/data/topics/1809 1426
@/home/ec2-user/data/topics/4175 1426
@/home/ec2-user/data/topics/1229 1427
@/home/ec2-user/data/topics/4836 1428
@/home/ec2-user/data/topics/4025 1429
@/home/ec2-user/data/topics/3552 1430
@/home/ec2-user/data/topics/1042 1431
@/home/ec2-user/data/topics/3544 1432
@/home/ec2-user/data/topics/4925 1433
@/home/ec2-user/data/topics/3521 1434
@/home/ec2-user/data/topics/4443 1435
@/home/ec2-user/data/topics/4115 1436
@/home/ec2-user/data/topics/3586 1437
@/home/ec2-user/data/topics/4664 1438
@/home/ec2-user/data/topics/3785 1439
@/home/ec2-user/data/topics/4121 1440
@/home/ec2-user/data/topics/3928 1441
@/home/ec2-user/data/topics/3824 1442
@/home/ec2-user/data/topics/4146 1443
@/home/ec2-user/data/topics/1787 1444
@/home/ec2-user/data/topics/4964 1445
@/home/ec2-user/data/topics/1230 1446
@/home/ec2-user/data/topics/1556 1447
@/home/ec2-user/data/topics/4916 1448
@/home/ec2-user/data/topics/3650 1449
@/home/ec2-user/data/topics/4131 1450
@/home/ec2-user/data/topics/3359 1451
@/home/ec2-user/data/topics/1934 1452
@/home/ec2-user/data/topics/4965 1453
@/home/ec2-user/data/topics/4114 1454
@/home/ec2-user/data/topics/1408 1455
@/home/ec2-user/data/topics/4505 1456
@/home/ec2-user/data/topics/2130 1457
@/home/ec2-user/data/topics/4104 1458
@/home/ec2-user/data/topics/3927 1459
@/home/ec2-user/data/topics/4865 1460
@/home/ec2-user/data/topics/4087 1461
@/home/ec2-user/data/topics/3536 1462
@/home/ec2-user/data/topics/4511 1463
@/home/ec2-user/data/topics/3641 1464
@/home/ec2-user/data/topics/4488 1465
@/home/ec2-user/data/topics/2017 1466
@/home/ec2-user/data/topics/4792 1467
@/home/ec2-user/data/topics/4232 1468
@/home/ec2-user/data/topics/4952 1469
@/home/ec2-user/data/topics/3425 1470
@/home/ec2-user/data/topics/4870 1471
@/home/ec2-user/data/topics/3568 1472
@/home/ec2-user/data/topics/4118 1473
@/home/ec2-user/data/topics/3915 1474
@/home/ec2-user/data/topics/3894 1475
@/home/ec2-user/data/topics/3509 1476
@/home/ec2-user/data/topics/3811 1477
@/home/ec2-user/data/topics/4560 1478
@/home/ec2-user/data/topics/4208 1479
@/home/ec2-user/data/topics/4335 1480
日本鋼管株式会社

@/home/ec2-user/data/topics/2095 1481
@/home/ec2-user/data/topics/3572 1481
@/home/ec2-user/data/topics/1690 1482
@/home/ec2-user/data/topics/4289 1483
@/home/ec2-user/data/topics/1404 1484
@/home/ec2-user/data/topics/4161 1485
@/home/ec2-user/data/topics/4455 1486
株式会社神戸製鋼所

@/home/ec2-user/data/topics/4949 1487
@/home/ec2-user/data/topics/2064 1487
@/home/ec2-user/data/topics/3902 1488
@/home/ec2-user/data/topics/3632 1489
@/home/ec2-user/data/topics/3674 1490
@/home/ec2-user/data/topics/1465 1491
@/home/ec2-user/data/topics/3475 1492
株式会社ケンウッド

@/home/ec2-user/data/topics/4467 1493
@/home/ec2-user/data/topics/1241 1493
@/home/ec2-user/data/topics/1617 1494
@/home/ec2-user/data/topics/1896 1495
@/home/ec2-user/data/topics/1424 1496
@/home/ec2-user/data/topics/1115 1497
@/home/ec2-user/data/topics/3878 1498
@/home/ec2-user/data/topics/3839 1499
@/home/ec2-user/data/topics/1186 1500
@/home/ec2-user/data/topics/3463 1501
@/home/ec2-user/data/topics/3969 1502
@/home/ec2-user/data/topics/2163 1503
@/home/ec2-user/data/topics/4038 1504
@/home/ec2-user/data/topics/4050 1505
@/home/ec2-user/data/topics/4167 1506
@/home/ec2-user/data/topics/3977 1507
@/home/ec2-user/data/topics/1698 1508
@/home/ec2-user/data/topics/2036 1509
@/home/ec2-user/data/topics/3794 1510
@/home/ec2-user/data/topics/3801 1511
@/home/ec2-user/data/topics/1345 1512
東陶機器株式会社

@/home/ec2-user/data/topics/1692 1513
@/home/ec2-user/data/topics/1735 1513
@/home/ec2-user/data/topics/3821 1514
@/home/ec2-user/data/topics/1626 1515
@/home/ec2-user/data/topics/3583 1516
@/home/ec2-user/data/topics/2135 1517
本田技研工業株式会社

@/home/ec2-user/data/topics/2016 1518
@/home/ec2-user/data/topics/1822 1518
@/home/ec2-user/data/topics/5026 1519
@/home/ec2-user/data/topics/4331 1520
@/home/ec2-user/data/topics/1143 1521
@/home/ec2-user/data/topics/4375 1522
@/home/ec2-user/data/topics/1605 1523
@/home/ec2-user/data/topics/4783 1524
@/home/ec2-user/data/topics/1215 1525
@/home/ec2-user/data/topics/1444 1526
@/home/ec2-user/data/topics/4132 1527
@/home/ec2-user/data/topics/1226 1528
@/home/ec2-user/data/topics/4199 1529
@/home/ec2-user/data/topics/2000 1530
@/home/ec2-user/data/topics/1818 1531
@/home/ec2-user/data/topics/4888 1532
@/home/ec2-user/data/topics/1266 1533
@/home/ec2-user/data/topics/4033 1534
@/home/ec2-user/data/topics/3685 1535
新日本製鐵株式会社

@/home/ec2-user/data/topics/4472 1536
@/home/ec2-user/data/topics/3899 1536
@/home/ec2-user/data/topics/5008 1537
@/home/ec2-user/data/topics/3861 1538
@/home/ec2-user/data/topics/3663 1539
@/home/ec2-user/data/topics/3368 1540
松下電工株式会社

@/home/ec2-user/data/topics/3835 1541
@/home/ec2-user/data/topics/3549 1541
@/home/ec2-user/data/topics/3511 1542
@/home/ec2-user/data/topics/3565 1543
@/home/ec2-user/data/topics/4083 1544
@/home/ec2-user/data/topics/1803 1545
@/home/ec2-user/data/topics/4317 1546
@/home/ec2-user/data/topics/1311 1547
@/home/ec2-user/data/topics/4029 1548
@/home/ec2-user/data/topics/3670 1549
@/home/ec2-user/data/topics/3932 1550
@/home/ec2-user/data/topics/1011 1551
@/home/ec2-user/data/topics/4450 1552
@/home/ec2-user/data/topics/4012 1553
@/home/ec2-user/data/topics/4094 1554
@/home/ec2-user/data/topics/2045 1555
@/home/ec2-user/data/topics/3379 1556
@/home/ec2-user/data/topics/4347 1557
@/home/ec2-user/data/topics/3651 1558
@/home/ec2-user/data/topics/4592 1559
@/home/ec2-user/data/topics/1251 1560
@/home/ec2-user/data/topics/3778 1561
usernum: 72
hit: 1541
simhit: 1456
simmax: 0.654984426541
simmin: 0.0
simavg: 0.199868076493
dlmax: 0.141099524982
dlmin: 0.00578247003561
dlavg: 0.0329212539852
mthit: 1628
mthls: 0
srp: 43.158
total: 1562
hit/total: 0.986555697823
simhit/total: 0.932138284251
mthit/(total+usernum): 0.996328029376
mthls/(total+usernum): 0.0
srp/(total+usernum): 0.00880416156671
srp20/(total+usernum): 0.00198898408813
srp100/(total+usernum): 0.0064891880865
srp500/(total+usernum): 0.00830436556508

2016-12-24 06:22:27.426112
