2016-12-23 04:16:43.592355

topic-folder:/home/ec2-user/data/topics/
cl-file:/home/ec2-user/git/tfidf/result-new/b1-0.txt
cl-floder:/home/ec2-user/data/classinfo/
zipf:0.6
stype[0(tfidf)/1(tfidf2)/2(lsa)/3(lda)]:1
dtype[<0(diff*rand)/0(diff)/1(same)/>=2(diff*same)]:0
output-floder:/home/ec2-user/git/userquery/result

三菱マテリアル株式会社

@/home/ec2-user/data/topics/3520 0
@/home/ec2-user/data/topics/1085 0
@/home/ec2-user/data/topics/3546 1
@/home/ec2-user/data/topics/1638 2
@/home/ec2-user/data/topics/2093 3
@/home/ec2-user/data/topics/3630 4
@/home/ec2-user/data/topics/3866 5
@/home/ec2-user/data/topics/3470 6
日本精機株式会社

@/home/ec2-user/data/topics/4709 7
@/home/ec2-user/data/topics/1398 7
@/home/ec2-user/data/topics/4972 8
@/home/ec2-user/data/topics/4875 9
@/home/ec2-user/data/topics/4690 10
@/home/ec2-user/data/topics/4907 11
コニカ株式会社

@/home/ec2-user/data/topics/3370 12
@/home/ec2-user/data/topics/3418 12
@/home/ec2-user/data/topics/3419 13
@/home/ec2-user/data/topics/3486 14
@/home/ec2-user/data/topics/3426 15
@/home/ec2-user/data/topics/2162 16
@/home/ec2-user/data/topics/1946 17
@/home/ec2-user/data/topics/3431 18
@/home/ec2-user/data/topics/3357 19
@/home/ec2-user/data/topics/3533 20
@/home/ec2-user/data/topics/3414 21
埼玉日本電気株式会社

@/home/ec2-user/data/topics/4242 22
@/home/ec2-user/data/topics/5010 22
@/home/ec2-user/data/topics/1620 23
@/home/ec2-user/data/topics/1512 24
@/home/ec2-user/data/topics/4496 25
@/home/ec2-user/data/topics/4998 26
@/home/ec2-user/data/topics/4279 27
@/home/ec2-user/data/topics/4283 28
@/home/ec2-user/data/topics/4468 29
アルプス電気株式会社

@/home/ec2-user/data/topics/4791 30
@/home/ec2-user/data/topics/2012 30
@/home/ec2-user/data/topics/3429 31
@/home/ec2-user/data/topics/1434 32
@/home/ec2-user/data/topics/1253 33
@/home/ec2-user/data/topics/2089 34
@/home/ec2-user/data/topics/3582 35
三菱重工業株式会社

@/home/ec2-user/data/topics/3944 36
@/home/ec2-user/data/topics/4882 36
@/home/ec2-user/data/topics/3637 37
@/home/ec2-user/data/topics/5022 38
@/home/ec2-user/data/topics/4862 39
@/home/ec2-user/data/topics/3529 40
@/home/ec2-user/data/topics/4563 41
@/home/ec2-user/data/topics/3833 42
@/home/ec2-user/data/topics/4412 43
@/home/ec2-user/data/topics/4687 44
@/home/ec2-user/data/topics/3591 45
@/home/ec2-user/data/topics/3503 46
村田機械株式会社

@/home/ec2-user/data/topics/4565 47
@/home/ec2-user/data/topics/4746 47
@/home/ec2-user/data/topics/4441 48
@/home/ec2-user/data/topics/1074 49
@/home/ec2-user/data/topics/1293 50
@/home/ec2-user/data/topics/3740 51
@/home/ec2-user/data/topics/4556 52
@/home/ec2-user/data/topics/4835 53
@/home/ec2-user/data/topics/5000 54
@/home/ec2-user/data/topics/1607 55
@/home/ec2-user/data/topics/1511 56
@/home/ec2-user/data/topics/4941 57
@/home/ec2-user/data/topics/4638 58
@/home/ec2-user/data/topics/4596 59
@/home/ec2-user/data/topics/4570 60
@/home/ec2-user/data/topics/4645 61
@/home/ec2-user/data/topics/3528 62
川崎製鉄株式会社

@/home/ec2-user/data/topics/3929 63
@/home/ec2-user/data/topics/3553 63
@/home/ec2-user/data/topics/1037 64
@/home/ec2-user/data/topics/1459 65
@/home/ec2-user/data/topics/4615 66
@/home/ec2-user/data/topics/3532 67
@/home/ec2-user/data/topics/3483 68
@/home/ec2-user/data/topics/3611 69
@/home/ec2-user/data/topics/3413 70
ダイキン工業株式会社

@/home/ec2-user/data/topics/4400 71
@/home/ec2-user/data/topics/1565 71
@/home/ec2-user/data/topics/4845 72
@/home/ec2-user/data/topics/4753 73
@/home/ec2-user/data/topics/4734 74
@/home/ec2-user/data/topics/4858 75
@/home/ec2-user/data/topics/1600 76
@/home/ec2-user/data/topics/3888 77
@/home/ec2-user/data/topics/4701 78
@/home/ec2-user/data/topics/4367 79
@/home/ec2-user/data/topics/4515 80
三菱自動車工業株式会社

@/home/ec2-user/data/topics/3940 81
@/home/ec2-user/data/topics/1527 81
@/home/ec2-user/data/topics/1816 82
@/home/ec2-user/data/topics/3815 83
@/home/ec2-user/data/topics/2101 84
@/home/ec2-user/data/topics/3502 85
@/home/ec2-user/data/topics/4189 86
@/home/ec2-user/data/topics/1428 87
日産自動車株式会社

@/home/ec2-user/data/topics/3645 88
@/home/ec2-user/data/topics/3723 88
@/home/ec2-user/data/topics/4074 89
@/home/ec2-user/data/topics/3497 90
@/home/ec2-user/data/topics/3489 91
@/home/ec2-user/data/topics/3936 92
@/home/ec2-user/data/topics/3677 93
@/home/ec2-user/data/topics/3829 94
@/home/ec2-user/data/topics/3501 95
@/home/ec2-user/data/topics/4982 96
@/home/ec2-user/data/topics/3712 97
トヨタ自動車株式会社

@/home/ec2-user/data/topics/3587 98
@/home/ec2-user/data/topics/4008 98
@/home/ec2-user/data/topics/1494 99
@/home/ec2-user/data/topics/3671 100
@/home/ec2-user/data/topics/4064 101
@/home/ec2-user/data/topics/4658 102
@/home/ec2-user/data/topics/3405 103
@/home/ec2-user/data/topics/4346 104
@/home/ec2-user/data/topics/3356 105
@/home/ec2-user/data/topics/3943 106
@/home/ec2-user/data/topics/4617 107
@/home/ec2-user/data/topics/1551 108
@/home/ec2-user/data/topics/3481 109
@/home/ec2-user/data/topics/4647 110
@/home/ec2-user/data/topics/3699 111
@/home/ec2-user/data/topics/4633 112
@/home/ec2-user/data/topics/3731 113
@/home/ec2-user/data/topics/3725 114
@/home/ec2-user/data/topics/4543 115
@/home/ec2-user/data/topics/4426 116
@/home/ec2-user/data/topics/4030 117
@/home/ec2-user/data/topics/4144 118
@/home/ec2-user/data/topics/4298 119
@/home/ec2-user/data/topics/3758 120
@/home/ec2-user/data/topics/4920 121
@/home/ec2-user/data/topics/3783 122
@/home/ec2-user/data/topics/2218 123
@/home/ec2-user/data/topics/2111 124
@/home/ec2-user/data/topics/4767 125
オリンパス光学工業株式会社

@/home/ec2-user/data/topics/4878 126
@/home/ec2-user/data/topics/5006 126
@/home/ec2-user/data/topics/4013 127
@/home/ec2-user/data/topics/2026 128
@/home/ec2-user/data/topics/1835 129
@/home/ec2-user/data/topics/1869 130
@/home/ec2-user/data/topics/4007 131
@/home/ec2-user/data/topics/1739 132
@/home/ec2-user/data/topics/1981 133
@/home/ec2-user/data/topics/1586 134
@/home/ec2-user/data/topics/1107 135
@/home/ec2-user/data/topics/1155 136
ブラザー工業株式会社

@/home/ec2-user/data/topics/3507 137
@/home/ec2-user/data/topics/3789 137
@/home/ec2-user/data/topics/1164 138
@/home/ec2-user/data/topics/1697 139
@/home/ec2-user/data/topics/3613 140
@/home/ec2-user/data/topics/2086 141
@/home/ec2-user/data/topics/3686 142
@/home/ec2-user/data/topics/1906 143
@/home/ec2-user/data/topics/1183 144
@/home/ec2-user/data/topics/1636 145
@/home/ec2-user/data/topics/4548 146
@/home/ec2-user/data/topics/1076 147
@/home/ec2-user/data/topics/3477 148
@/home/ec2-user/data/topics/2085 149
@/home/ec2-user/data/topics/1300 150
富士通株式会社

@/home/ec2-user/data/topics/3799 151
@/home/ec2-user/data/topics/3749 151
@/home/ec2-user/data/topics/3751 152
@/home/ec2-user/data/topics/3846 153
@/home/ec2-user/data/topics/2227 154
@/home/ec2-user/data/topics/1264 155
@/home/ec2-user/data/topics/1609 156
@/home/ec2-user/data/topics/3912 157
@/home/ec2-user/data/topics/3636 158
@/home/ec2-user/data/topics/3802 159
@/home/ec2-user/data/topics/1874 160
@/home/ec2-user/data/topics/3883 161
@/home/ec2-user/data/topics/2216 162
@/home/ec2-user/data/topics/3870 163
@/home/ec2-user/data/topics/3850 164
@/home/ec2-user/data/topics/3765 165
@/home/ec2-user/data/topics/3460 166
@/home/ec2-user/data/topics/3970 167
@/home/ec2-user/data/topics/3399 168
@/home/ec2-user/data/topics/2215 169
@/home/ec2-user/data/topics/3538 170
@/home/ec2-user/data/topics/4191 171
@/home/ec2-user/data/topics/3428 172
@/home/ec2-user/data/topics/5004 173
@/home/ec2-user/data/topics/3381 174
@/home/ec2-user/data/topics/1998 175
@/home/ec2-user/data/topics/3962 176
@/home/ec2-user/data/topics/1123 177
@/home/ec2-user/data/topics/1547 178
@/home/ec2-user/data/topics/3400 179
@/home/ec2-user/data/topics/1271 180
@/home/ec2-user/data/topics/3862 181
静岡日本電気株式会社

@/home/ec2-user/data/topics/4507 182
@/home/ec2-user/data/topics/4250 182
@/home/ec2-user/data/topics/4326 183
@/home/ec2-user/data/topics/4365 184
@/home/ec2-user/data/topics/4314 185
@/home/ec2-user/data/topics/4531 186
住友重機械工業株式会社

@/home/ec2-user/data/topics/1900 187
@/home/ec2-user/data/topics/2039 187
@/home/ec2-user/data/topics/1553 188
@/home/ec2-user/data/topics/1373 189
@/home/ec2-user/data/topics/1019 190
@/home/ec2-user/data/topics/1505 191
@/home/ec2-user/data/topics/3868 192
@/home/ec2-user/data/topics/4854 193
@/home/ec2-user/data/topics/3952 194
大日本印刷株式会社

@/home/ec2-user/data/topics/1145 195
@/home/ec2-user/data/topics/3569 195
@/home/ec2-user/data/topics/1099 196
@/home/ec2-user/data/topics/3388 197
@/home/ec2-user/data/topics/1564 198
@/home/ec2-user/data/topics/1262 199
日本電気株式会社

@/home/ec2-user/data/topics/3995 200
@/home/ec2-user/data/topics/4657 200
@/home/ec2-user/data/topics/4227 201
@/home/ec2-user/data/topics/4595 202
@/home/ec2-user/data/topics/4276 203
@/home/ec2-user/data/topics/4315 204
@/home/ec2-user/data/topics/3875 205
@/home/ec2-user/data/topics/4759 206
@/home/ec2-user/data/topics/4926 207
@/home/ec2-user/data/topics/3971 208
@/home/ec2-user/data/topics/4313 209
@/home/ec2-user/data/topics/4254 210
@/home/ec2-user/data/topics/1122 211
@/home/ec2-user/data/topics/4128 212
@/home/ec2-user/data/topics/4320 213
@/home/ec2-user/data/topics/4209 214
@/home/ec2-user/data/topics/1852 215
@/home/ec2-user/data/topics/4017 216
@/home/ec2-user/data/topics/4902 217
@/home/ec2-user/data/topics/4258 218
@/home/ec2-user/data/topics/2127 219
@/home/ec2-user/data/topics/4243 220
@/home/ec2-user/data/topics/4097 221
@/home/ec2-user/data/topics/1612 222
@/home/ec2-user/data/topics/2041 223
@/home/ec2-user/data/topics/4536 224
@/home/ec2-user/data/topics/4119 225
@/home/ec2-user/data/topics/4770 226
@/home/ec2-user/data/topics/4497 227
@/home/ec2-user/data/topics/4142 228
@/home/ec2-user/data/topics/4533 229
@/home/ec2-user/data/topics/1879 230
@/home/ec2-user/data/topics/4728 231
@/home/ec2-user/data/topics/4718 232
@/home/ec2-user/data/topics/4721 233
@/home/ec2-user/data/topics/2144 234
@/home/ec2-user/data/topics/4434 235
@/home/ec2-user/data/topics/4288 236
@/home/ec2-user/data/topics/2088 237
@/home/ec2-user/data/topics/1281 238
@/home/ec2-user/data/topics/4318 239
@/home/ec2-user/data/topics/4154 240
@/home/ec2-user/data/topics/3767 241
@/home/ec2-user/data/topics/4609 242
@/home/ec2-user/data/topics/4134 243
@/home/ec2-user/data/topics/4682 244
@/home/ec2-user/data/topics/4689 245
@/home/ec2-user/data/topics/1360 246
@/home/ec2-user/data/topics/2119 247
@/home/ec2-user/data/topics/4186 248
@/home/ec2-user/data/topics/4153 249
@/home/ec2-user/data/topics/4129 250
@/home/ec2-user/data/topics/4485 251
@/home/ec2-user/data/topics/4427 252
@/home/ec2-user/data/topics/4300 253
@/home/ec2-user/data/topics/1457 254
@/home/ec2-user/data/topics/4598 255
@/home/ec2-user/data/topics/3886 256
@/home/ec2-user/data/topics/4775 257
@/home/ec2-user/data/topics/4093 258
@/home/ec2-user/data/topics/1016 259
@/home/ec2-user/data/topics/4750 260
@/home/ec2-user/data/topics/4414 261
@/home/ec2-user/data/topics/4398 262
@/home/ec2-user/data/topics/4659 263
@/home/ec2-user/data/topics/4278 264
@/home/ec2-user/data/topics/2031 265
@/home/ec2-user/data/topics/4561 266
@/home/ec2-user/data/topics/1362 267
@/home/ec2-user/data/topics/1764 268
@/home/ec2-user/data/topics/4699 269
@/home/ec2-user/data/topics/4446 270
@/home/ec2-user/data/topics/4260 271
@/home/ec2-user/data/topics/4530 272
@/home/ec2-user/data/topics/4238 273
@/home/ec2-user/data/topics/1052 274
@/home/ec2-user/data/topics/4120 275
@/home/ec2-user/data/topics/4651 276
@/home/ec2-user/data/topics/4764 277
@/home/ec2-user/data/topics/4742 278
@/home/ec2-user/data/topics/1100 279
@/home/ec2-user/data/topics/4171 280
@/home/ec2-user/data/topics/4779 281
@/home/ec2-user/data/topics/1634 282
@/home/ec2-user/data/topics/4082 283
@/home/ec2-user/data/topics/1116 284
@/home/ec2-user/data/topics/1928 285
@/home/ec2-user/data/topics/1044 286
@/home/ec2-user/data/topics/4162 287
@/home/ec2-user/data/topics/4480 288
@/home/ec2-user/data/topics/4824 289
@/home/ec2-user/data/topics/4418 290
@/home/ec2-user/data/topics/4603 291
@/home/ec2-user/data/topics/4549 292
@/home/ec2-user/data/topics/4725 293
@/home/ec2-user/data/topics/4158 294
@/home/ec2-user/data/topics/4371 295
@/home/ec2-user/data/topics/4062 296
@/home/ec2-user/data/topics/4425 297
@/home/ec2-user/data/topics/4876 298
@/home/ec2-user/data/topics/1661 299
@/home/ec2-user/data/topics/1773 300
@/home/ec2-user/data/topics/4808 301
@/home/ec2-user/data/topics/4247 302
@/home/ec2-user/data/topics/4537 303
@/home/ec2-user/data/topics/4442 304
@/home/ec2-user/data/topics/4892 305
@/home/ec2-user/data/topics/1724 306
@/home/ec2-user/data/topics/3729 307
@/home/ec2-user/data/topics/2150 308
@/home/ec2-user/data/topics/4940 309
@/home/ec2-user/data/topics/1364 310
@/home/ec2-user/data/topics/4749 311
@/home/ec2-user/data/topics/4390 312
@/home/ec2-user/data/topics/3896 313
@/home/ec2-user/data/topics/4185 314
@/home/ec2-user/data/topics/4137 315
@/home/ec2-user/data/topics/1464 316
@/home/ec2-user/data/topics/1624 317
@/home/ec2-user/data/topics/4490 318
@/home/ec2-user/data/topics/4343 319
@/home/ec2-user/data/topics/4319 320
@/home/ec2-user/data/topics/4207 321
@/home/ec2-user/data/topics/3724 322
@/home/ec2-user/data/topics/4404 323
@/home/ec2-user/data/topics/1710 324
@/home/ec2-user/data/topics/1948 325
@/home/ec2-user/data/topics/1844 326
@/home/ec2-user/data/topics/1199 327
@/home/ec2-user/data/topics/4216 328
@/home/ec2-user/data/topics/3897 329
@/home/ec2-user/data/topics/4429 330
@/home/ec2-user/data/topics/4116 331
@/home/ec2-user/data/topics/3954 332
@/home/ec2-user/data/topics/4578 333
@/home/ec2-user/data/topics/1101 334
@/home/ec2-user/data/topics/4850 335
@/home/ec2-user/data/topics/4584 336
@/home/ec2-user/data/topics/4273 337
@/home/ec2-user/data/topics/4389 338
@/home/ec2-user/data/topics/4240 339
@/home/ec2-user/data/topics/3956 340
@/home/ec2-user/data/topics/3938 341
@/home/ec2-user/data/topics/4460 342
@/home/ec2-user/data/topics/1783 343
@/home/ec2-user/data/topics/4477 344
@/home/ec2-user/data/topics/1815 345
@/home/ec2-user/data/topics/4246 346
@/home/ec2-user/data/topics/4244 347
@/home/ec2-user/data/topics/4275 348
@/home/ec2-user/data/topics/1791 349
@/home/ec2-user/data/topics/4100 350
@/home/ec2-user/data/topics/4650 351
@/home/ec2-user/data/topics/4192 352
@/home/ec2-user/data/topics/4352 353
@/home/ec2-user/data/topics/3766 354
@/home/ec2-user/data/topics/4388 355
@/home/ec2-user/data/topics/1923 356
@/home/ec2-user/data/topics/4644 357
@/home/ec2-user/data/topics/4236 358
@/home/ec2-user/data/topics/4626 359
@/home/ec2-user/data/topics/3853 360
@/home/ec2-user/data/topics/4342 361
@/home/ec2-user/data/topics/4838 362
@/home/ec2-user/data/topics/4816 363
@/home/ec2-user/data/topics/1078 364
@/home/ec2-user/data/topics/4003 365
@/home/ec2-user/data/topics/3744 366
@/home/ec2-user/data/topics/1567 367
@/home/ec2-user/data/topics/1486 368
@/home/ec2-user/data/topics/4281 369
@/home/ec2-user/data/topics/4204 370
@/home/ec2-user/data/topics/4257 371
@/home/ec2-user/data/topics/1937 372
@/home/ec2-user/data/topics/1973 373
@/home/ec2-user/data/topics/1500 374
@/home/ec2-user/data/topics/4393 375
@/home/ec2-user/data/topics/4267 376
@/home/ec2-user/data/topics/4708 377
@/home/ec2-user/data/topics/4440 378
@/home/ec2-user/data/topics/4138 379
@/home/ec2-user/data/topics/2166 380
@/home/ec2-user/data/topics/1557 381
@/home/ec2-user/data/topics/4613 382
@/home/ec2-user/data/topics/1595 383
@/home/ec2-user/data/topics/2022 384
@/home/ec2-user/data/topics/1383 385
@/home/ec2-user/data/topics/3865 386
@/home/ec2-user/data/topics/4081 387
@/home/ec2-user/data/topics/4309 388
@/home/ec2-user/data/topics/4532 389
@/home/ec2-user/data/topics/4458 390
@/home/ec2-user/data/topics/4168 391
@/home/ec2-user/data/topics/4486 392
@/home/ec2-user/data/topics/4643 393
@/home/ec2-user/data/topics/1891 394
@/home/ec2-user/data/topics/4310 395
@/home/ec2-user/data/topics/4760 396
@/home/ec2-user/data/topics/1326 397
@/home/ec2-user/data/topics/1867 398
@/home/ec2-user/data/topics/5034 399
@/home/ec2-user/data/topics/4272 400
@/home/ec2-user/data/topics/4646 401
@/home/ec2-user/data/topics/4785 402
@/home/ec2-user/data/topics/4665 403
@/home/ec2-user/data/topics/4338 404
@/home/ec2-user/data/topics/4877 405
@/home/ec2-user/data/topics/4666 406
@/home/ec2-user/data/topics/4071 407
@/home/ec2-user/data/topics/4634 408
@/home/ec2-user/data/topics/4360 409
@/home/ec2-user/data/topics/4092 410
@/home/ec2-user/data/topics/4433 411
@/home/ec2-user/data/topics/4359 412
@/home/ec2-user/data/topics/4196 413
@/home/ec2-user/data/topics/4063 414
@/home/ec2-user/data/topics/1523 415
@/home/ec2-user/data/topics/1112 416
@/home/ec2-user/data/topics/4447 417
@/home/ec2-user/data/topics/4696 418
松下電器産業株式会社

@/home/ec2-user/data/topics/3761 419
@/home/ec2-user/data/topics/3558 419
@/home/ec2-user/data/topics/4043 420
@/home/ec2-user/data/topics/4157 421
@/home/ec2-user/data/topics/4382 422
@/home/ec2-user/data/topics/1339 423
@/home/ec2-user/data/topics/4667 424
@/home/ec2-user/data/topics/1157 425
@/home/ec2-user/data/topics/4787 426
@/home/ec2-user/data/topics/1706 427
@/home/ec2-user/data/topics/3847 428
@/home/ec2-user/data/topics/3807 429
@/home/ec2-user/data/topics/1136 430
@/home/ec2-user/data/topics/4676 431
@/home/ec2-user/data/topics/1829 432
@/home/ec2-user/data/topics/4918 433
@/home/ec2-user/data/topics/4303 434
@/home/ec2-user/data/topics/4159 435
@/home/ec2-user/data/topics/1540 436
@/home/ec2-user/data/topics/4707 437
@/home/ec2-user/data/topics/3494 438
@/home/ec2-user/data/topics/3455 439
@/home/ec2-user/data/topics/4817 440
@/home/ec2-user/data/topics/4945 441
@/home/ec2-user/data/topics/2222 442
@/home/ec2-user/data/topics/1955 443
@/home/ec2-user/data/topics/4577 444
@/home/ec2-user/data/topics/4448 445
@/home/ec2-user/data/topics/1516 446
@/home/ec2-user/data/topics/4459 447
@/home/ec2-user/data/topics/4968 448
@/home/ec2-user/data/topics/4491 449
@/home/ec2-user/data/topics/4867 450
@/home/ec2-user/data/topics/3680 451
@/home/ec2-user/data/topics/2029 452
@/home/ec2-user/data/topics/4501 453
@/home/ec2-user/data/topics/4464 454
@/home/ec2-user/data/topics/4193 455
@/home/ec2-user/data/topics/3951 456
@/home/ec2-user/data/topics/4761 457
@/home/ec2-user/data/topics/1635 458
@/home/ec2-user/data/topics/4502 459
@/home/ec2-user/data/topics/1070 460
@/home/ec2-user/data/topics/4422 461
@/home/ec2-user/data/topics/2056 462
@/home/ec2-user/data/topics/1026 463
@/home/ec2-user/data/topics/4355 464
@/home/ec2-user/data/topics/4215 465
@/home/ec2-user/data/topics/4917 466
@/home/ec2-user/data/topics/3920 467
@/home/ec2-user/data/topics/4180 468
@/home/ec2-user/data/topics/1812 469
@/home/ec2-user/data/topics/1509 470
@/home/ec2-user/data/topics/4574 471
@/home/ec2-user/data/topics/3619 472
@/home/ec2-user/data/topics/4558 473
@/home/ec2-user/data/topics/1885 474
@/home/ec2-user/data/topics/4625 475
@/home/ec2-user/data/topics/4885 476
@/home/ec2-user/data/topics/4280 477
@/home/ec2-user/data/topics/1705 478
@/home/ec2-user/data/topics/3402 479
@/home/ec2-user/data/topics/1477 480
@/home/ec2-user/data/topics/1158 481
@/home/ec2-user/data/topics/4139 482
@/home/ec2-user/data/topics/4503 483
@/home/ec2-user/data/topics/4264 484
@/home/ec2-user/data/topics/4126 485
@/home/ec2-user/data/topics/2080 486
@/home/ec2-user/data/topics/4274 487
@/home/ec2-user/data/topics/4000 488
@/home/ec2-user/data/topics/2170 489
@/home/ec2-user/data/topics/4102 490
@/home/ec2-user/data/topics/3719 491
@/home/ec2-user/data/topics/3704 492
@/home/ec2-user/data/topics/3960 493
@/home/ec2-user/data/topics/4961 494
@/home/ec2-user/data/topics/1179 495
@/home/ec2-user/data/topics/3904 496
@/home/ec2-user/data/topics/2129 497
@/home/ec2-user/data/topics/4160 498
@/home/ec2-user/data/topics/4806 499
@/home/ec2-user/data/topics/3739 500
@/home/ec2-user/data/topics/1525 501
@/home/ec2-user/data/topics/4798 502
@/home/ec2-user/data/topics/1257 503
@/home/ec2-user/data/topics/3979 504
@/home/ec2-user/data/topics/1633 505
@/home/ec2-user/data/topics/4307 506
@/home/ec2-user/data/topics/4101 507
@/home/ec2-user/data/topics/3746 508
@/home/ec2-user/data/topics/1881 509
@/home/ec2-user/data/topics/3658 510
@/home/ec2-user/data/topics/4804 511
@/home/ec2-user/data/topics/3519 512
@/home/ec2-user/data/topics/4754 513
@/home/ec2-user/data/topics/3386 514
@/home/ec2-user/data/topics/3514 515
@/home/ec2-user/data/topics/5024 516
@/home/ec2-user/data/topics/3404 517
@/home/ec2-user/data/topics/3694 518
@/home/ec2-user/data/topics/4586 519
@/home/ec2-user/data/topics/4394 520
@/home/ec2-user/data/topics/2156 521
@/home/ec2-user/data/topics/1589 522
@/home/ec2-user/data/topics/5028 523
@/home/ec2-user/data/topics/4599 524
@/home/ec2-user/data/topics/1252 525
@/home/ec2-user/data/topics/4098 526
@/home/ec2-user/data/topics/4385 527
@/home/ec2-user/data/topics/4797 528
@/home/ec2-user/data/topics/3510 529
@/home/ec2-user/data/topics/1701 530
@/home/ec2-user/data/topics/3676 531
@/home/ec2-user/data/topics/4475 532
@/home/ec2-user/data/topics/1762 533
@/home/ec2-user/data/topics/3585 534
@/home/ec2-user/data/topics/1748 535
@/home/ec2-user/data/topics/4229 536
@/home/ec2-user/data/topics/3721 537
@/home/ec2-user/data/topics/4936 538
@/home/ec2-user/data/topics/3692 539
@/home/ec2-user/data/topics/1898 540
セイコーインスツルメンツ株式会社

@/home/ec2-user/data/topics/4088 541
@/home/ec2-user/data/topics/4036 541
@/home/ec2-user/data/topics/4151 542
@/home/ec2-user/data/topics/4203 543
@/home/ec2-user/data/topics/3626 544
@/home/ec2-user/data/topics/4190 545
@/home/ec2-user/data/topics/1707 546
@/home/ec2-user/data/topics/3825 547
@/home/ec2-user/data/topics/4997 548
ミノルタ株式会社

@/home/ec2-user/data/topics/4986 549
@/home/ec2-user/data/topics/1152 549
@/home/ec2-user/data/topics/3810 550
@/home/ec2-user/data/topics/4970 551
@/home/ec2-user/data/topics/4321 552
@/home/ec2-user/data/topics/4984 553
@/home/ec2-user/data/topics/2190 554
@/home/ec2-user/data/topics/4977 555
@/home/ec2-user/data/topics/4951 556
@/home/ec2-user/data/topics/4971 557
@/home/ec2-user/data/topics/3584 558
@/home/ec2-user/data/topics/3545 559
株式会社リコー

@/home/ec2-user/data/topics/1718 560
@/home/ec2-user/data/topics/3484 560
@/home/ec2-user/data/topics/1974 561
@/home/ec2-user/data/topics/2006 562
@/home/ec2-user/data/topics/3548 563
@/home/ec2-user/data/topics/1433 564
@/home/ec2-user/data/topics/3557 565
@/home/ec2-user/data/topics/1190 566
@/home/ec2-user/data/topics/3495 567
@/home/ec2-user/data/topics/3472 568
@/home/ec2-user/data/topics/3424 569
@/home/ec2-user/data/topics/3711 570
@/home/ec2-user/data/topics/1610 571
@/home/ec2-user/data/topics/1627 572
@/home/ec2-user/data/topics/1780 573
@/home/ec2-user/data/topics/3669 574
@/home/ec2-user/data/topics/1668 575
@/home/ec2-user/data/topics/1776 576
@/home/ec2-user/data/topics/1670 577
@/home/ec2-user/data/topics/3474 578
@/home/ec2-user/data/topics/3411 579
@/home/ec2-user/data/topics/1775 580
@/home/ec2-user/data/topics/3880 581
@/home/ec2-user/data/topics/2090 582
@/home/ec2-user/data/topics/3837 583
@/home/ec2-user/data/topics/3775 584
@/home/ec2-user/data/topics/3436 585
@/home/ec2-user/data/topics/1083 586
@/home/ec2-user/data/topics/1976 587
@/home/ec2-user/data/topics/3713 588
@/home/ec2-user/data/topics/1282 589
@/home/ec2-user/data/topics/4037 590
@/home/ec2-user/data/topics/3523 591
@/home/ec2-user/data/topics/1740 592
@/home/ec2-user/data/topics/1478 593
@/home/ec2-user/data/topics/4265 594
@/home/ec2-user/data/topics/2182 595
@/home/ec2-user/data/topics/4616 596
@/home/ec2-user/data/topics/3530 597
@/home/ec2-user/data/topics/3555 598
@/home/ec2-user/data/topics/1669 599
@/home/ec2-user/data/topics/1755 600
@/home/ec2-user/data/topics/1806 601
@/home/ec2-user/data/topics/2200 602
@/home/ec2-user/data/topics/1878 603
@/home/ec2-user/data/topics/2219 604
@/home/ec2-user/data/topics/1691 605
@/home/ec2-user/data/topics/4344 606
@/home/ec2-user/data/topics/1436 607
@/home/ec2-user/data/topics/4879 608
@/home/ec2-user/data/topics/2201 609
@/home/ec2-user/data/topics/2043 610
@/home/ec2-user/data/topics/3446 611
@/home/ec2-user/data/topics/1774 612
@/home/ec2-user/data/topics/3750 613
@/home/ec2-user/data/topics/1593 614
@/home/ec2-user/data/topics/3687 615
@/home/ec2-user/data/topics/3574 616
@/home/ec2-user/data/topics/3759 617
@/home/ec2-user/data/topics/1106 618
@/home/ec2-user/data/topics/3378 619
@/home/ec2-user/data/topics/3394 620
@/home/ec2-user/data/topics/1663 621
@/home/ec2-user/data/topics/4781 622
@/home/ec2-user/data/topics/2189 623
@/home/ec2-user/data/topics/1482 624
@/home/ec2-user/data/topics/1225 625
@/home/ec2-user/data/topics/1095 626
@/home/ec2-user/data/topics/1514 627
@/home/ec2-user/data/topics/1064 628
@/home/ec2-user/data/topics/3633 629
独立行政法人産業技術総合研究所

@/home/ec2-user/data/topics/4869 630
@/home/ec2-user/data/topics/4740 630
@/home/ec2-user/data/topics/4739 631
@/home/ec2-user/data/topics/4777 632
@/home/ec2-user/data/topics/4800 633
@/home/ec2-user/data/topics/1356 634
ソニー株式会社

@/home/ec2-user/data/topics/2052 635
@/home/ec2-user/data/topics/1749 635
@/home/ec2-user/data/topics/3975 636
@/home/ec2-user/data/topics/1967 637
@/home/ec2-user/data/topics/1778 638
@/home/ec2-user/data/topics/4224 639
@/home/ec2-user/data/topics/1397 640
@/home/ec2-user/data/topics/1380 641
@/home/ec2-user/data/topics/3924 642
@/home/ec2-user/data/topics/1102 643
@/home/ec2-user/data/topics/1298 644
@/home/ec2-user/data/topics/2075 645
@/home/ec2-user/data/topics/1414 646
@/home/ec2-user/data/topics/2094 647
@/home/ec2-user/data/topics/1491 648
@/home/ec2-user/data/topics/3955 649
@/home/ec2-user/data/topics/4219 650
@/home/ec2-user/data/topics/1233 651
@/home/ec2-user/data/topics/4351 652
@/home/ec2-user/data/topics/3456 653
@/home/ec2-user/data/topics/2058 654
@/home/ec2-user/data/topics/3392 655
@/home/ec2-user/data/topics/1218 656
@/home/ec2-user/data/topics/1912 657
@/home/ec2-user/data/topics/1602 658
@/home/ec2-user/data/topics/1836 659
@/home/ec2-user/data/topics/4184 660
@/home/ec2-user/data/topics/1873 661
@/home/ec2-user/data/topics/1679 662
@/home/ec2-user/data/topics/3401 663
@/home/ec2-user/data/topics/3872 664
@/home/ec2-user/data/topics/1884 665
@/home/ec2-user/data/topics/2037 666
@/home/ec2-user/data/topics/1954 667
@/home/ec2-user/data/topics/5027 668
@/home/ec2-user/data/topics/2105 669
@/home/ec2-user/data/topics/2059 670
@/home/ec2-user/data/topics/1471 671
@/home/ec2-user/data/topics/1926 672
@/home/ec2-user/data/topics/1686 673
@/home/ec2-user/data/topics/1426 674
@/home/ec2-user/data/topics/1435 675
@/home/ec2-user/data/topics/1291 676
@/home/ec2-user/data/topics/1892 677
@/home/ec2-user/data/topics/2048 678
@/home/ec2-user/data/topics/1147 679
@/home/ec2-user/data/topics/1059 680
富士ゼロックス株式会社

@/home/ec2-user/data/topics/4108 681
@/home/ec2-user/data/topics/3662 681
@/home/ec2-user/data/topics/3661 682
@/home/ec2-user/data/topics/3695 683
@/home/ec2-user/data/topics/3640 684
@/home/ec2-user/data/topics/3790 685
@/home/ec2-user/data/topics/5031 686
@/home/ec2-user/data/topics/3366 687
@/home/ec2-user/data/topics/3564 688
@/home/ec2-user/data/topics/3473 689
@/home/ec2-user/data/topics/3407 690
@/home/ec2-user/data/topics/1560 691
@/home/ec2-user/data/topics/1947 692
@/home/ec2-user/data/topics/3383 693
@/home/ec2-user/data/topics/3782 694
住友金属工業株式会社

@/home/ec2-user/data/topics/4295 695
@/home/ec2-user/data/topics/4021 695
@/home/ec2-user/data/topics/4733 696
@/home/ec2-user/data/topics/3577 697
@/home/ec2-user/data/topics/1268 698
@/home/ec2-user/data/topics/4534 699
@/home/ec2-user/data/topics/4182 700
@/home/ec2-user/data/topics/4661 701
@/home/ec2-user/data/topics/4322 702
@/home/ec2-user/data/topics/3826 703
@/home/ec2-user/data/topics/3655 704
@/home/ec2-user/data/topics/4991 705
日立電線株式会社

@/home/ec2-user/data/topics/4329 706
@/home/ec2-user/data/topics/3930 706
@/home/ec2-user/data/topics/3756 707
@/home/ec2-user/data/topics/1305 708
@/home/ec2-user/data/topics/1388 709
@/home/ec2-user/data/topics/1027 710
@/home/ec2-user/data/topics/4357 711
@/home/ec2-user/data/topics/4356 712
@/home/ec2-user/data/topics/1117 713
キヤノン株式会社

@/home/ec2-user/data/topics/3420 714
@/home/ec2-user/data/topics/3660 714
@/home/ec2-user/data/topics/1228 715
@/home/ec2-user/data/topics/2053 716
@/home/ec2-user/data/topics/3441 717
@/home/ec2-user/data/topics/1895 718
@/home/ec2-user/data/topics/1568 719
@/home/ec2-user/data/topics/4947 720
@/home/ec2-user/data/topics/3843 721
@/home/ec2-user/data/topics/3410 722
@/home/ec2-user/data/topics/1646 723
@/home/ec2-user/data/topics/3755 724
@/home/ec2-user/data/topics/3722 725
@/home/ec2-user/data/topics/1790 726
@/home/ec2-user/data/topics/3416 727
@/home/ec2-user/data/topics/1080 728
@/home/ec2-user/data/topics/1438 729
@/home/ec2-user/data/topics/3417 730
@/home/ec2-user/data/topics/3628 731
@/home/ec2-user/data/topics/1208 732
@/home/ec2-user/data/topics/2117 733
@/home/ec2-user/data/topics/4520 734
@/home/ec2-user/data/topics/1975 735
@/home/ec2-user/data/topics/1124 736
@/home/ec2-user/data/topics/4068 737
@/home/ec2-user/data/topics/3430 738
@/home/ec2-user/data/topics/4610 739
@/home/ec2-user/data/topics/1513 740
@/home/ec2-user/data/topics/4363 741
@/home/ec2-user/data/topics/4948 742
@/home/ec2-user/data/topics/3730 743
@/home/ec2-user/data/topics/3374 744
@/home/ec2-user/data/topics/4020 745
@/home/ec2-user/data/topics/1802 746
@/home/ec2-user/data/topics/2004 747
@/home/ec2-user/data/topics/4937 748
@/home/ec2-user/data/topics/2243 749
@/home/ec2-user/data/topics/3737 750
@/home/ec2-user/data/topics/1590 751
@/home/ec2-user/data/topics/1889 752
@/home/ec2-user/data/topics/2107 753
@/home/ec2-user/data/topics/4054 754
@/home/ec2-user/data/topics/3438 755
@/home/ec2-user/data/topics/3415 756
@/home/ec2-user/data/topics/3958 757
@/home/ec2-user/data/topics/2145 758
@/home/ec2-user/data/topics/1539 759
@/home/ec2-user/data/topics/1519 760
@/home/ec2-user/data/topics/1118 761
@/home/ec2-user/data/topics/1744 762
@/home/ec2-user/data/topics/3949 763
@/home/ec2-user/data/topics/4628 764
@/home/ec2-user/data/topics/3642 765
@/home/ec2-user/data/topics/1631 766
@/home/ec2-user/data/topics/3454 767
@/home/ec2-user/data/topics/3996 768
@/home/ec2-user/data/topics/4350 769
@/home/ec2-user/data/topics/3376 770
@/home/ec2-user/data/topics/3434 771
@/home/ec2-user/data/topics/1866 772
@/home/ec2-user/data/topics/1216 773
@/home/ec2-user/data/topics/1745 774
@/home/ec2-user/data/topics/1961 775
@/home/ec2-user/data/topics/3656 776
@/home/ec2-user/data/topics/3445 777
@/home/ec2-user/data/topics/1847 778
@/home/ec2-user/data/topics/2231 779
@/home/ec2-user/data/topics/1848 780
@/home/ec2-user/data/topics/1455 781
@/home/ec2-user/data/topics/3967 782
@/home/ec2-user/data/topics/3852 783
@/home/ec2-user/data/topics/3720 784
@/home/ec2-user/data/topics/4521 785
三洋電機株式会社

@/home/ec2-user/data/topics/3953 786
@/home/ec2-user/data/topics/4384 786
@/home/ec2-user/data/topics/3926 787
@/home/ec2-user/data/topics/4726 788
@/home/ec2-user/data/topics/4612 789
@/home/ec2-user/data/topics/3889 790
@/home/ec2-user/data/topics/3781 791
@/home/ec2-user/data/topics/3804 792
@/home/ec2-user/data/topics/4983 793
@/home/ec2-user/data/topics/1671 794
@/home/ec2-user/data/topics/3830 795
@/home/ec2-user/data/topics/3625 796
@/home/ec2-user/data/topics/4061 797
@/home/ec2-user/data/topics/4788 798
@/home/ec2-user/data/topics/3859 799
@/home/ec2-user/data/topics/3845 800
@/home/ec2-user/data/topics/3754 801
@/home/ec2-user/data/topics/3581 802
@/home/ec2-user/data/topics/3681 803
@/home/ec2-user/data/topics/1163 804
@/home/ec2-user/data/topics/4015 805
@/home/ec2-user/data/topics/3817 806
@/home/ec2-user/data/topics/3492 807
@/home/ec2-user/data/topics/1515 808
@/home/ec2-user/data/topics/1653 809
@/home/ec2-user/data/topics/1386 810
@/home/ec2-user/data/topics/1980 811
@/home/ec2-user/data/topics/4376 812
@/home/ec2-user/data/topics/1289 813
@/home/ec2-user/data/topics/2098 814
@/home/ec2-user/data/topics/4212 815
@/home/ec2-user/data/topics/4150 816
@/home/ec2-user/data/topics/4066 817
@/home/ec2-user/data/topics/4328 818
@/home/ec2-user/data/topics/1451 819
@/home/ec2-user/data/topics/3398 820
@/home/ec2-user/data/topics/2063 821
@/home/ec2-user/data/topics/4527 822
@/home/ec2-user/data/topics/1479 823
@/home/ec2-user/data/topics/4492 824
@/home/ec2-user/data/topics/4960 825
@/home/ec2-user/data/topics/2071 826
@/home/ec2-user/data/topics/2054 827
@/home/ec2-user/data/topics/4654 828
@/home/ec2-user/data/topics/3403 829
@/home/ec2-user/data/topics/2014 830
@/home/ec2-user/data/topics/4060 831
@/home/ec2-user/data/topics/1652 832
@/home/ec2-user/data/topics/4178 833
@/home/ec2-user/data/topics/3986 834
@/home/ec2-user/data/topics/2194 835
@/home/ec2-user/data/topics/4763 836
@/home/ec2-user/data/topics/3906 837
@/home/ec2-user/data/topics/4001 838
@/home/ec2-user/data/topics/3708 839
@/home/ec2-user/data/topics/4679 840
@/home/ec2-user/data/topics/2230 841
@/home/ec2-user/data/topics/4604 842
@/home/ec2-user/data/topics/4978 843
@/home/ec2-user/data/topics/5002 844
@/home/ec2-user/data/topics/4837 845
@/home/ec2-user/data/topics/1079 846
@/home/ec2-user/data/topics/3808 847
@/home/ec2-user/data/topics/4474 848
@/home/ec2-user/data/topics/4099 849
@/home/ec2-user/data/topics/4720 850
@/home/ec2-user/data/topics/1321 851
@/home/ec2-user/data/topics/5011 852
@/home/ec2-user/data/topics/4304 853
@/home/ec2-user/data/topics/3974 854
@/home/ec2-user/data/topics/4179 855
@/home/ec2-user/data/topics/4039 856
@/home/ec2-user/data/topics/3539 857
@/home/ec2-user/data/topics/4571 858
@/home/ec2-user/data/topics/1722 859
@/home/ec2-user/data/topics/4301 860
@/home/ec2-user/data/topics/1488 861
@/home/ec2-user/data/topics/3491 862
@/home/ec2-user/data/topics/1246 863
三菱電機株式会社

@/home/ec2-user/data/topics/4235 864
@/home/ec2-user/data/topics/3666 864
@/home/ec2-user/data/topics/4562 865
@/home/ec2-user/data/topics/1220 866
@/home/ec2-user/data/topics/3774 867
@/home/ec2-user/data/topics/4076 868
@/home/ec2-user/data/topics/4514 869
@/home/ec2-user/data/topics/1738 870
@/home/ec2-user/data/topics/4880 871
@/home/ec2-user/data/topics/4282 872
@/home/ec2-user/data/topics/3820 873
@/home/ec2-user/data/topics/3800 874
@/home/ec2-user/data/topics/1754 875
@/home/ec2-user/data/topics/4149 876
@/home/ec2-user/data/topics/3873 877
@/home/ec2-user/data/topics/2146 878
@/home/ec2-user/data/topics/3747 879
@/home/ec2-user/data/topics/3856 880
@/home/ec2-user/data/topics/3595 881
@/home/ec2-user/data/topics/1536 882
@/home/ec2-user/data/topics/3612 883
@/home/ec2-user/data/topics/4663 884
@/home/ec2-user/data/topics/3490 885
@/home/ec2-user/data/topics/3963 886
@/home/ec2-user/data/topics/4133 887
@/home/ec2-user/data/topics/4221 888
@/home/ec2-user/data/topics/3409 889
@/home/ec2-user/data/topics/4518 890
@/home/ec2-user/data/topics/3506 891
@/home/ec2-user/data/topics/3469 892
@/home/ec2-user/data/topics/4041 893
@/home/ec2-user/data/topics/4419 894
@/home/ec2-user/data/topics/4233 895
@/home/ec2-user/data/topics/4980 896
@/home/ec2-user/data/topics/4220 897
@/home/ec2-user/data/topics/3616 898
@/home/ec2-user/data/topics/1792 899
@/home/ec2-user/data/topics/3451 900
@/home/ec2-user/data/topics/3493 901
@/home/ec2-user/data/topics/3412 902
@/home/ec2-user/data/topics/3453 903
@/home/ec2-user/data/topics/1872 904
@/home/ec2-user/data/topics/3397 905
@/home/ec2-user/data/topics/4552 906
@/home/ec2-user/data/topics/4047 907
@/home/ec2-user/data/topics/3921 908
@/home/ec2-user/data/topics/3609 909
@/home/ec2-user/data/topics/5032 910
@/home/ec2-user/data/topics/4181 911
@/home/ec2-user/data/topics/4614 912
@/home/ec2-user/data/topics/4305 913
@/home/ec2-user/data/topics/4834 914
@/home/ec2-user/data/topics/3465 915
@/home/ec2-user/data/topics/1110 916
@/home/ec2-user/data/topics/3841 917
@/home/ec2-user/data/topics/3466 918
@/home/ec2-user/data/topics/5033 919
@/home/ec2-user/data/topics/3592 920
住友ゴム工業株式会社

@/home/ec2-user/data/topics/1114 921
@/home/ec2-user/data/topics/1758 921
@/home/ec2-user/data/topics/4406 922
@/home/ec2-user/data/topics/4568 923
@/home/ec2-user/data/topics/4597 924
@/home/ec2-user/data/topics/2007 925
@/home/ec2-user/data/topics/4048 926
セイコーエプソン株式会社

@/home/ec2-user/data/topics/4802 927
@/home/ec2-user/data/topics/4022 927
@/home/ec2-user/data/topics/3589 928
@/home/ec2-user/data/topics/3505 929
@/home/ec2-user/data/topics/3361 930
@/home/ec2-user/data/topics/4719 931
@/home/ec2-user/data/topics/4801 932
@/home/ec2-user/data/topics/3476 933
@/home/ec2-user/data/topics/1423 934
@/home/ec2-user/data/topics/3910 935
@/home/ec2-user/data/topics/3985 936
@/home/ec2-user/data/topics/1343 937
@/home/ec2-user/data/topics/4585 938
@/home/ec2-user/data/topics/1378 939
@/home/ec2-user/data/topics/3887 940
@/home/ec2-user/data/topics/4605 941
@/home/ec2-user/data/topics/4454 942
@/home/ec2-user/data/topics/1890 943
@/home/ec2-user/data/topics/1484 944
@/home/ec2-user/data/topics/1938 945
@/home/ec2-user/data/topics/1641 946
@/home/ec2-user/data/topics/4386 947
@/home/ec2-user/data/topics/2165 948
@/home/ec2-user/data/topics/4109 949
@/home/ec2-user/data/topics/3819 950
@/home/ec2-user/data/topics/2078 951
株式会社三共

@/home/ec2-user/data/topics/1086 952
@/home/ec2-user/data/topics/1665 952
@/home/ec2-user/data/topics/1189 953
@/home/ec2-user/data/topics/2123 954
@/home/ec2-user/data/topics/1377 955
@/home/ec2-user/data/topics/1648 956
@/home/ec2-user/data/topics/4374 957
@/home/ec2-user/data/topics/4868 958
@/home/ec2-user/data/topics/2060 959
沖電気工業株式会社

@/home/ec2-user/data/topics/3433 960
@/home/ec2-user/data/topics/4693 960
@/home/ec2-user/data/topics/3571 961
@/home/ec2-user/data/topics/3764 962
@/home/ec2-user/data/topics/3621 963
@/home/ec2-user/data/topics/4299 964
@/home/ec2-user/data/topics/1531 965
@/home/ec2-user/data/topics/4575 966
@/home/ec2-user/data/topics/1188 967
@/home/ec2-user/data/topics/3690 968
@/home/ec2-user/data/topics/4308 969
@/home/ec2-user/data/topics/3964 970
@/home/ec2-user/data/topics/3457 971
@/home/ec2-user/data/topics/3395 972
株式会社三星

@/home/ec2-user/data/topics/1260 973
@/home/ec2-user/data/topics/2198 973
@/home/ec2-user/data/topics/3942 974
@/home/ec2-user/data/topics/1728 975
@/home/ec2-user/data/topics/1733 976
@/home/ec2-user/data/topics/2108 977
日本ビクター株式会社

@/home/ec2-user/data/topics/3620 978
@/home/ec2-user/data/topics/3882 978
@/home/ec2-user/data/topics/3603 979
@/home/ec2-user/data/topics/1389 980
@/home/ec2-user/data/topics/1520 981
@/home/ec2-user/data/topics/4672 982
@/home/ec2-user/data/topics/3939 983
@/home/ec2-user/data/topics/1440 984
@/home/ec2-user/data/topics/1823 985
@/home/ec2-user/data/topics/4056 986
@/home/ec2-user/data/topics/4123 987
花王株式会社

@/home/ec2-user/data/topics/1196 988
@/home/ec2-user/data/topics/4287 988
@/home/ec2-user/data/topics/4211 989
@/home/ec2-user/data/topics/3884 990
@/home/ec2-user/data/topics/4827 991
@/home/ec2-user/data/topics/3812 992
@/home/ec2-user/data/topics/2214 993
@/home/ec2-user/data/topics/1022 994
@/home/ec2-user/data/topics/4445 995
@/home/ec2-user/data/topics/4249 996
@/home/ec2-user/data/topics/3999 997
@/home/ec2-user/data/topics/3753 998
@/home/ec2-user/data/topics/1767 999
三田工業株式会社

@/home/ec2-user/data/topics/3604 1000
@/home/ec2-user/data/topics/2136 1000
@/home/ec2-user/data/topics/3923 1001
@/home/ec2-user/data/topics/1269 1002
@/home/ec2-user/data/topics/1033 1003
@/home/ec2-user/data/topics/1766 1004
@/home/ec2-user/data/topics/2155 1005
@/home/ec2-user/data/topics/3842 1006
@/home/ec2-user/data/topics/1034 1007
豊丸産業株式会社

@/home/ec2-user/data/topics/1138 1008
@/home/ec2-user/data/topics/1677 1008
@/home/ec2-user/data/topics/1097 1009
@/home/ec2-user/data/topics/1353 1010
@/home/ec2-user/data/topics/1713 1011
@/home/ec2-user/data/topics/1726 1012
@/home/ec2-user/data/topics/1284 1013
@/home/ec2-user/data/topics/2011 1014
@/home/ec2-user/data/topics/2169 1015
@/home/ec2-user/data/topics/3672 1016
@/home/ec2-user/data/topics/1588 1017
@/home/ec2-user/data/topics/1401 1018
@/home/ec2-user/data/topics/1914 1019
@/home/ec2-user/data/topics/4847 1020
@/home/ec2-user/data/topics/1126 1021
鐘紡株式会社

@/home/ec2-user/data/topics/2185 1022
@/home/ec2-user/data/topics/1367 1022
@/home/ec2-user/data/topics/1870 1023
@/home/ec2-user/data/topics/3566 1024
@/home/ec2-user/data/topics/1054 1025
@/home/ec2-user/data/topics/3551 1026
@/home/ec2-user/data/topics/1886 1027
@/home/ec2-user/data/topics/2223 1028
@/home/ec2-user/data/topics/1178 1029
@/home/ec2-user/data/topics/3634 1030
@/home/ec2-user/data/topics/1842 1031
@/home/ec2-user/data/topics/1304 1032
@/home/ec2-user/data/topics/2034 1033
@/home/ec2-user/data/topics/1901 1034
@/home/ec2-user/data/topics/4195 1035
@/home/ec2-user/data/topics/3560 1036
株式会社デンソー

@/home/ec2-user/data/topics/4675 1037
@/home/ec2-user/data/topics/4483 1037
@/home/ec2-user/data/topics/1028 1038
@/home/ec2-user/data/topics/4046 1039
@/home/ec2-user/data/topics/4656 1040
@/home/ec2-user/data/topics/3421 1041
@/home/ec2-user/data/topics/4498 1042
@/home/ec2-user/data/topics/4805 1043
@/home/ec2-user/data/topics/4164 1044
@/home/ec2-user/data/topics/3480 1045
@/home/ec2-user/data/topics/3406 1046
@/home/ec2-user/data/topics/4840 1047
@/home/ec2-user/data/topics/4622 1048
@/home/ec2-user/data/topics/4423 1049
@/home/ec2-user/data/topics/1855 1050
@/home/ec2-user/data/topics/3710 1051
@/home/ec2-user/data/topics/4024 1052
富士写真フイルム株式会社

@/home/ec2-user/data/topics/3918 1053
@/home/ec2-user/data/topics/3354 1053
@/home/ec2-user/data/topics/3857 1054
@/home/ec2-user/data/topics/3911 1055
@/home/ec2-user/data/topics/1570 1056
@/home/ec2-user/data/topics/3447 1057
@/home/ec2-user/data/topics/1603 1058
@/home/ec2-user/data/topics/4962 1059
@/home/ec2-user/data/topics/1244 1060
@/home/ec2-user/data/topics/2134 1061
@/home/ec2-user/data/topics/1662 1062
京セラ株式会社

@/home/ec2-user/data/topics/1708 1063
@/home/ec2-user/data/topics/4340 1063
@/home/ec2-user/data/topics/1485 1064
@/home/ec2-user/data/topics/3615 1065
@/home/ec2-user/data/topics/1913 1066
@/home/ec2-user/data/topics/4031 1067
@/home/ec2-user/data/topics/4513 1068
@/home/ec2-user/data/topics/3869 1069
@/home/ec2-user/data/topics/1741 1070
@/home/ec2-user/data/topics/3593 1071
@/home/ec2-user/data/topics/4901 1072
@/home/ec2-user/data/topics/3741 1073
イビデン株式会社

@/home/ec2-user/data/topics/3814 1074
@/home/ec2-user/data/topics/1952 1074
@/home/ec2-user/data/topics/1336 1075
@/home/ec2-user/data/topics/1682 1076
@/home/ec2-user/data/topics/1315 1077
@/home/ec2-user/data/topics/1770 1078
@/home/ec2-user/data/topics/2033 1079
株式会社東芝

@/home/ec2-user/data/topics/1132 1080
@/home/ec2-user/data/topics/4140 1080
@/home/ec2-user/data/topics/4096 1081
@/home/ec2-user/data/topics/1819 1082
@/home/ec2-user/data/topics/3795 1083
@/home/ec2-user/data/topics/1205 1084
@/home/ec2-user/data/topics/4197 1085
@/home/ec2-user/data/topics/4509 1086
@/home/ec2-user/data/topics/1756 1087
@/home/ec2-user/data/topics/3360 1088
@/home/ec2-user/data/topics/3734 1089
@/home/ec2-user/data/topics/4912 1090
@/home/ec2-user/data/topics/3542 1091
@/home/ec2-user/data/topics/4302 1092
@/home/ec2-user/data/topics/3363 1093
@/home/ec2-user/data/topics/3351 1094
@/home/ec2-user/data/topics/3462 1095
@/home/ec2-user/data/topics/3352 1096
@/home/ec2-user/data/topics/4863 1097
@/home/ec2-user/data/topics/3834 1098
@/home/ec2-user/data/topics/4755 1099
@/home/ec2-user/data/topics/4751 1100
@/home/ec2-user/data/topics/3988 1101
@/home/ec2-user/data/topics/1757 1102
@/home/ec2-user/data/topics/4361 1103
@/home/ec2-user/data/topics/3881 1104
@/home/ec2-user/data/topics/1585 1105
@/home/ec2-user/data/topics/3948 1106
@/home/ec2-user/data/topics/3732 1107
@/home/ec2-user/data/topics/4623 1108
@/home/ec2-user/data/topics/1997 1109
@/home/ec2-user/data/topics/4009 1110
@/home/ec2-user/data/topics/4935 1111
@/home/ec2-user/data/topics/4172 1112
@/home/ec2-user/data/topics/4057 1113
@/home/ec2-user/data/topics/4842 1114
@/home/ec2-user/data/topics/3689 1115
@/home/ec2-user/data/topics/4566 1116
@/home/ec2-user/data/topics/1332 1117
@/home/ec2-user/data/topics/4881 1118
@/home/ec2-user/data/topics/4594 1119
@/home/ec2-user/data/topics/3716 1120
@/home/ec2-user/data/topics/4381 1121
@/home/ec2-user/data/topics/4336 1122
@/home/ec2-user/data/topics/3688 1123
@/home/ec2-user/data/topics/3683 1124
@/home/ec2-user/data/topics/3380 1125
@/home/ec2-user/data/topics/3851 1126
@/home/ec2-user/data/topics/3890 1127
@/home/ec2-user/data/topics/4089 1128
@/home/ec2-user/data/topics/2241 1129
@/home/ec2-user/data/topics/4535 1130
@/home/ec2-user/data/topics/3990 1131
@/home/ec2-user/data/topics/3780 1132
@/home/ec2-user/data/topics/4631 1133
@/home/ec2-user/data/topics/3598 1134
@/home/ec2-user/data/topics/1090 1135
@/home/ec2-user/data/topics/4292 1136
@/home/ec2-user/data/topics/4165 1137
@/home/ec2-user/data/topics/3618 1138
@/home/ec2-user/data/topics/4183 1139
ヤマハ株式会社

@/home/ec2-user/data/topics/1676 1140
@/home/ec2-user/data/topics/1720 1140
@/home/ec2-user/data/topics/4045 1141
@/home/ec2-user/data/topics/1443 1142
@/home/ec2-user/data/topics/3972 1143
@/home/ec2-user/data/topics/4919 1144
@/home/ec2-user/data/topics/4084 1145
@/home/ec2-user/data/topics/4954 1146
@/home/ec2-user/data/topics/1911 1147
@/home/ec2-user/data/topics/4145 1148
@/home/ec2-user/data/topics/4010 1149
@/home/ec2-user/data/topics/4125 1150
@/home/ec2-user/data/topics/4177 1151
東洋紡績株式会社

@/home/ec2-user/data/topics/1613 1152
@/home/ec2-user/data/topics/3769 1152
@/home/ec2-user/data/topics/4284 1153
@/home/ec2-user/data/topics/4366 1154
@/home/ec2-user/data/topics/4362 1155
@/home/ec2-user/data/topics/1029 1156
三菱化学株式会社

@/home/ec2-user/data/topics/1902 1157
@/home/ec2-user/data/topics/3513 1157
@/home/ec2-user/data/topics/1699 1158
@/home/ec2-user/data/topics/3458 1159
@/home/ec2-user/data/topics/1197 1160
@/home/ec2-user/data/topics/3638 1161
カシオ計算機株式会社

@/home/ec2-user/data/topics/1047 1162
@/home/ec2-user/data/topics/2180 1162
@/home/ec2-user/data/topics/3391 1163
@/home/ec2-user/data/topics/1535 1164
@/home/ec2-user/data/topics/2237 1165
@/home/ec2-user/data/topics/1794 1166
@/home/ec2-user/data/topics/1368 1167
@/home/ec2-user/data/topics/1235 1168
コナミ株式会社

@/home/ec2-user/data/topics/2151 1169
@/home/ec2-user/data/topics/1621 1169
@/home/ec2-user/data/topics/1302 1170
@/home/ec2-user/data/topics/4681 1171
@/home/ec2-user/data/topics/1672 1172
@/home/ec2-user/data/topics/2100 1173
@/home/ec2-user/data/topics/5015 1174
@/home/ec2-user/data/topics/4602 1175
大日本スクリーン製造株式会社

@/home/ec2-user/data/topics/2209 1176
@/home/ec2-user/data/topics/1608 1176
@/home/ec2-user/data/topics/2172 1177
@/home/ec2-user/data/topics/3742 1178
@/home/ec2-user/data/topics/1130 1179
@/home/ec2-user/data/topics/1779 1180
@/home/ec2-user/data/topics/1173 1181
オムロン株式会社

@/home/ec2-user/data/topics/1151 1182
@/home/ec2-user/data/topics/3594 1182
@/home/ec2-user/data/topics/1657 1183
@/home/ec2-user/data/topics/2096 1184
@/home/ec2-user/data/topics/1533 1185
@/home/ec2-user/data/topics/1579 1186
@/home/ec2-user/data/topics/3597 1187
@/home/ec2-user/data/topics/1841 1188
@/home/ec2-user/data/topics/3748 1189
@/home/ec2-user/data/topics/1067 1190
@/home/ec2-user/data/topics/1135 1191
@/home/ec2-user/data/topics/3863 1192
@/home/ec2-user/data/topics/3700 1193
@/home/ec2-user/data/topics/4771 1194
@/home/ec2-user/data/topics/1933 1195
株式会社日立製作所

@/home/ec2-user/data/topics/3665 1196
@/home/ec2-user/data/topics/4489 1196
@/home/ec2-user/data/topics/3471 1197
@/home/ec2-user/data/topics/1882 1198
@/home/ec2-user/data/topics/3993 1199
@/home/ec2-user/data/topics/4058 1200
@/home/ec2-user/data/topics/1082 1201
@/home/ec2-user/data/topics/3440 1202
@/home/ec2-user/data/topics/1501 1203
@/home/ec2-user/data/topics/3524 1204
@/home/ec2-user/data/topics/1296 1205
@/home/ec2-user/data/topics/4551 1206
@/home/ec2-user/data/topics/2019 1207
@/home/ec2-user/data/topics/1334 1208
@/home/ec2-user/data/topics/4621 1209
@/home/ec2-user/data/topics/3350 1210
@/home/ec2-user/data/topics/3659 1211
@/home/ec2-user/data/topics/1340 1212
@/home/ec2-user/data/topics/4402 1213
@/home/ec2-user/data/topics/3994 1214
@/home/ec2-user/data/topics/4799 1215
@/home/ec2-user/data/topics/4166 1216
@/home/ec2-user/data/topics/3570 1217
@/home/ec2-user/data/topics/1693 1218
@/home/ec2-user/data/topics/1105 1219
@/home/ec2-user/data/topics/1833 1220
@/home/ec2-user/data/topics/4547 1221
@/home/ec2-user/data/topics/3599 1222
@/home/ec2-user/data/topics/5030 1223
@/home/ec2-user/data/topics/4559 1224
@/home/ec2-user/data/topics/3968 1225
@/home/ec2-user/data/topics/3779 1226
@/home/ec2-user/data/topics/4493 1227
@/home/ec2-user/data/topics/1825 1228
@/home/ec2-user/data/topics/3588 1229
@/home/ec2-user/data/topics/1247 1230
@/home/ec2-user/data/topics/2081 1231
@/home/ec2-user/data/topics/4830 1232
@/home/ec2-user/data/topics/3432 1233
@/home/ec2-user/data/topics/1562 1234
@/home/ec2-user/data/topics/4401 1235
@/home/ec2-user/data/topics/2239 1236
@/home/ec2-user/data/topics/3439 1237
@/home/ec2-user/data/topics/4122 1238
@/home/ec2-user/data/topics/3772 1239
@/home/ec2-user/data/topics/1987 1240
@/home/ec2-user/data/topics/4040 1241
@/home/ec2-user/data/topics/3965 1242
@/home/ec2-user/data/topics/4943 1243
@/home/ec2-user/data/topics/3384 1244
@/home/ec2-user/data/topics/3596 1245
@/home/ec2-user/data/topics/1487 1246
@/home/ec2-user/data/topics/1667 1247
@/home/ec2-user/data/topics/3973 1248
@/home/ec2-user/data/topics/1249 1249
@/home/ec2-user/data/topics/1826 1250
@/home/ec2-user/data/topics/1651 1251
@/home/ec2-user/data/topics/3648 1252
@/home/ec2-user/data/topics/3488 1253
@/home/ec2-user/data/topics/1640 1254
@/home/ec2-user/data/topics/5029 1255
@/home/ec2-user/data/topics/3706 1256
@/home/ec2-user/data/topics/1072 1257
@/home/ec2-user/data/topics/3691 1258
@/home/ec2-user/data/topics/4990 1259
@/home/ec2-user/data/topics/3531 1260
@/home/ec2-user/data/topics/1463 1261
@/home/ec2-user/data/topics/2184 1262
@/home/ec2-user/data/topics/3822 1263
@/home/ec2-user/data/topics/4420 1264
@/home/ec2-user/data/topics/3461 1265
@/home/ec2-user/data/topics/1278 1266
@/home/ec2-user/data/topics/4545 1267
@/home/ec2-user/data/topics/1880 1268
凸版印刷株式会社

@/home/ec2-user/data/topics/1765 1269
@/home/ec2-user/data/topics/1091 1269
@/home/ec2-user/data/topics/3624 1270
@/home/ec2-user/data/topics/3500 1271
@/home/ec2-user/data/topics/4874 1272
@/home/ec2-user/data/topics/3526 1273
@/home/ec2-user/data/topics/1977 1274
株式会社ノーリツ

@/home/ec2-user/data/topics/4354 1275
@/home/ec2-user/data/topics/4206 1275
@/home/ec2-user/data/topics/1618 1276
@/home/ec2-user/data/topics/1598 1277
@/home/ec2-user/data/topics/4776 1278
@/home/ec2-user/data/topics/1290 1279
@/home/ec2-user/data/topics/2116 1280
@/home/ec2-user/data/topics/1760 1281
川崎重工業株式会社

@/home/ec2-user/data/topics/1172 1282
@/home/ec2-user/data/topics/5025 1282
@/home/ec2-user/data/topics/4793 1283
@/home/ec2-user/data/topics/1162 1284
@/home/ec2-user/data/topics/4572 1285
@/home/ec2-user/data/topics/4866 1286
@/home/ec2-user/data/topics/4756 1287
@/home/ec2-user/data/topics/4944 1288
ティーディーケイ株式会社

@/home/ec2-user/data/topics/1510 1289
@/home/ec2-user/data/topics/2202 1289
@/home/ec2-user/data/topics/1129 1290
@/home/ec2-user/data/topics/2210 1291
@/home/ec2-user/data/topics/3798 1292
@/home/ec2-user/data/topics/3792 1293
@/home/ec2-user/data/topics/1409 1294
@/home/ec2-user/data/topics/4619 1295
@/home/ec2-user/data/topics/3909 1296
京セラミタ株式会社

@/home/ec2-user/data/topics/1930 1297
@/home/ec2-user/data/topics/4564 1297
@/home/ec2-user/data/topics/1032 1298
@/home/ec2-user/data/topics/2141 1299
@/home/ec2-user/data/topics/4174 1300
@/home/ec2-user/data/topics/4985 1301
@/home/ec2-user/data/topics/4973 1302
株式会社クボタ

@/home/ec2-user/data/topics/1012 1303
@/home/ec2-user/data/topics/4745 1303
@/home/ec2-user/data/topics/1280 1304
@/home/ec2-user/data/topics/3854 1305
@/home/ec2-user/data/topics/3919 1306
@/home/ec2-user/data/topics/1734 1307
@/home/ec2-user/data/topics/4251 1308
@/home/ec2-user/data/topics/4379 1309
@/home/ec2-user/data/topics/3823 1310
@/home/ec2-user/data/topics/1448 1311
シャープ株式会社

@/home/ec2-user/data/topics/3966 1312
@/home/ec2-user/data/topics/3832 1312
@/home/ec2-user/data/topics/3679 1313
@/home/ec2-user/data/topics/1685 1314
@/home/ec2-user/data/topics/3678 1315
@/home/ec2-user/data/topics/3649 1316
@/home/ec2-user/data/topics/4516 1317
@/home/ec2-user/data/topics/3610 1318
@/home/ec2-user/data/topics/3981 1319
@/home/ec2-user/data/topics/4583 1320
@/home/ec2-user/data/topics/1563 1321
@/home/ec2-user/data/topics/4744 1322
@/home/ec2-user/data/topics/4263 1323
@/home/ec2-user/data/topics/1970 1324
@/home/ec2-user/data/topics/4005 1325
@/home/ec2-user/data/topics/2084 1326
@/home/ec2-user/data/topics/2020 1327
@/home/ec2-user/data/topics/3698 1328
@/home/ec2-user/data/topics/3760 1329
@/home/ec2-user/data/topics/3777 1330
@/home/ec2-user/data/topics/3793 1331
@/home/ec2-user/data/topics/2087 1332
@/home/ec2-user/data/topics/1431 1333
@/home/ec2-user/data/topics/3776 1334
@/home/ec2-user/data/topics/4256 1335
@/home/ec2-user/data/topics/3813 1336
@/home/ec2-user/data/topics/1419 1337
@/home/ec2-user/data/topics/4469 1338
@/home/ec2-user/data/topics/3871 1339
@/home/ec2-user/data/topics/1396 1340
@/home/ec2-user/data/topics/4430 1341
@/home/ec2-user/data/topics/4519 1342
@/home/ec2-user/data/topics/4252 1343
@/home/ec2-user/data/topics/4349 1344
@/home/ec2-user/data/topics/4127 1345
@/home/ec2-user/data/topics/3941 1346
@/home/ec2-user/data/topics/3978 1347
@/home/ec2-user/data/topics/4683 1348
@/home/ec2-user/data/topics/1561 1349
@/home/ec2-user/data/topics/4323 1350
@/home/ec2-user/data/topics/3452 1351
@/home/ec2-user/data/topics/3858 1352
@/home/ec2-user/data/topics/1288 1353
@/home/ec2-user/data/topics/3606 1354
@/home/ec2-user/data/topics/3578 1355
@/home/ec2-user/data/topics/3450 1356
@/home/ec2-user/data/topics/4214 1357
@/home/ec2-user/data/topics/1154 1358
@/home/ec2-user/data/topics/1384 1359
@/home/ec2-user/data/topics/1174 1360
@/home/ec2-user/data/topics/4019 1361
@/home/ec2-user/data/topics/3762 1362
@/home/ec2-user/data/topics/4245 1363
@/home/ec2-user/data/topics/4648 1364
@/home/ec2-user/data/topics/3422 1365
@/home/ec2-user/data/topics/4105 1366
@/home/ec2-user/data/topics/1209 1367
@/home/ec2-user/data/topics/2118 1368
@/home/ec2-user/data/topics/4717 1369
@/home/ec2-user/data/topics/4103 1370
@/home/ec2-user/data/topics/4782 1371
@/home/ec2-user/data/topics/3855 1372
@/home/ec2-user/data/topics/4230 1373
@/home/ec2-user/data/topics/1318 1374
@/home/ec2-user/data/topics/1349 1375
@/home/ec2-user/data/topics/4095 1376
@/home/ec2-user/data/topics/4861 1377
@/home/ec2-user/data/topics/3673 1378
@/home/ec2-user/data/topics/3895 1379
@/home/ec2-user/data/topics/4691 1380
@/home/ec2-user/data/topics/4228 1381
@/home/ec2-user/data/topics/4173 1382
@/home/ec2-user/data/topics/1965 1383
@/home/ec2-user/data/topics/4152 1384
@/home/ec2-user/data/topics/1804 1385
@/home/ec2-user/data/topics/3537 1386
@/home/ec2-user/data/topics/3957 1387
@/home/ec2-user/data/topics/1840 1388
@/home/ec2-user/data/topics/4124 1389
@/home/ec2-user/data/topics/1258 1390
@/home/ec2-user/data/topics/4113 1391
日本輸送機株式会社

@/home/ec2-user/data/topics/2221 1392
@/home/ec2-user/data/topics/1191 1392
@/home/ec2-user/data/topics/3573 1393
@/home/ec2-user/data/topics/1108 1394
@/home/ec2-user/data/topics/1456 1395
@/home/ec2-user/data/topics/1940 1396
@/home/ec2-user/data/topics/1493 1397
@/home/ec2-user/data/topics/2065 1398
東京エレクトロン株式会社

@/home/ec2-user/data/topics/4002 1399
@/home/ec2-user/data/topics/1263 1399
@/home/ec2-user/data/topics/3947 1400
@/home/ec2-user/data/topics/4345 1401
@/home/ec2-user/data/topics/4906 1402
@/home/ec2-user/data/topics/1508 1403
@/home/ec2-user/data/topics/4053 1404
@/home/ec2-user/data/topics/1736 1405
@/home/ec2-user/data/topics/4702 1406
@/home/ec2-user/data/topics/4618 1407
@/home/ec2-user/data/topics/1800 1408
@/home/ec2-user/data/topics/4023 1409
株式会社村田製作所

@/home/ec2-user/data/topics/3482 1410
@/home/ec2-user/data/topics/4271 1410
@/home/ec2-user/data/topics/4325 1411
@/home/ec2-user/data/topics/4378 1412
@/home/ec2-user/data/topics/1411 1413
@/home/ec2-user/data/topics/4042 1414
@/home/ec2-user/data/topics/4432 1415
@/home/ec2-user/data/topics/4163 1416
@/home/ec2-user/data/topics/1374 1417
@/home/ec2-user/data/topics/3885 1418
@/home/ec2-user/data/topics/4417 1419
@/home/ec2-user/data/topics/3697 1420
@/home/ec2-user/data/topics/4703 1421
@/home/ec2-user/data/topics/4070 1422
@/home/ec2-user/data/topics/3435 1423
@/home/ec2-user/data/topics/2229 1424
@/home/ec2-user/data/topics/4795 1425
日本電信電話株式会社

@/home/ec2-user/data/topics/1934 1426
@/home/ec2-user/data/topics/3894 1426
@/home/ec2-user/data/topics/3359 1427
@/home/ec2-user/data/topics/4511 1428
@/home/ec2-user/data/topics/4121 1429
@/home/ec2-user/data/topics/3650 1430
@/home/ec2-user/data/topics/3824 1431
@/home/ec2-user/data/topics/2130 1432
@/home/ec2-user/data/topics/4087 1433
@/home/ec2-user/data/topics/3544 1434
@/home/ec2-user/data/topics/3927 1435
@/home/ec2-user/data/topics/4836 1436
@/home/ec2-user/data/topics/4208 1437
@/home/ec2-user/data/topics/4505 1438
@/home/ec2-user/data/topics/3928 1439
@/home/ec2-user/data/topics/1229 1440
@/home/ec2-user/data/topics/4175 1441
@/home/ec2-user/data/topics/3509 1442
@/home/ec2-user/data/topics/3536 1443
@/home/ec2-user/data/topics/1042 1444
@/home/ec2-user/data/topics/3425 1445
@/home/ec2-user/data/topics/4118 1446
@/home/ec2-user/data/topics/4925 1447
@/home/ec2-user/data/topics/4865 1448
@/home/ec2-user/data/topics/4560 1449
@/home/ec2-user/data/topics/4115 1450
@/home/ec2-user/data/topics/4870 1451
@/home/ec2-user/data/topics/3811 1452
@/home/ec2-user/data/topics/3552 1453
@/home/ec2-user/data/topics/3521 1454
@/home/ec2-user/data/topics/3785 1455
@/home/ec2-user/data/topics/1230 1456
@/home/ec2-user/data/topics/4443 1457
@/home/ec2-user/data/topics/1787 1458
@/home/ec2-user/data/topics/4952 1459
@/home/ec2-user/data/topics/4131 1460
@/home/ec2-user/data/topics/1556 1461
@/home/ec2-user/data/topics/3641 1462
@/home/ec2-user/data/topics/3568 1463
@/home/ec2-user/data/topics/2017 1464
@/home/ec2-user/data/topics/4964 1465
@/home/ec2-user/data/topics/4025 1466
@/home/ec2-user/data/topics/4232 1467
@/home/ec2-user/data/topics/4146 1468
@/home/ec2-user/data/topics/4792 1469
@/home/ec2-user/data/topics/4335 1470
@/home/ec2-user/data/topics/4916 1471
@/home/ec2-user/data/topics/4114 1472
@/home/ec2-user/data/topics/3915 1473
@/home/ec2-user/data/topics/1408 1474
@/home/ec2-user/data/topics/1809 1475
@/home/ec2-user/data/topics/4664 1476
@/home/ec2-user/data/topics/4488 1477
@/home/ec2-user/data/topics/4104 1478
@/home/ec2-user/data/topics/3586 1479
@/home/ec2-user/data/topics/4965 1480
日本鋼管株式会社

@/home/ec2-user/data/topics/2095 1481
@/home/ec2-user/data/topics/1690 1481
@/home/ec2-user/data/topics/1404 1482
@/home/ec2-user/data/topics/4455 1483
@/home/ec2-user/data/topics/4289 1484
@/home/ec2-user/data/topics/4161 1485
@/home/ec2-user/data/topics/3572 1486
株式会社神戸製鋼所

@/home/ec2-user/data/topics/1465 1487
@/home/ec2-user/data/topics/4949 1487
@/home/ec2-user/data/topics/2064 1488
@/home/ec2-user/data/topics/3674 1489
@/home/ec2-user/data/topics/3632 1490
@/home/ec2-user/data/topics/3902 1491
@/home/ec2-user/data/topics/3475 1492
株式会社ケンウッド

@/home/ec2-user/data/topics/3463 1493
@/home/ec2-user/data/topics/4038 1493
@/home/ec2-user/data/topics/4050 1494
@/home/ec2-user/data/topics/3794 1495
@/home/ec2-user/data/topics/1241 1496
@/home/ec2-user/data/topics/3977 1497
@/home/ec2-user/data/topics/3801 1498
@/home/ec2-user/data/topics/4167 1499
@/home/ec2-user/data/topics/2163 1500
@/home/ec2-user/data/topics/1617 1501
@/home/ec2-user/data/topics/3969 1502
@/home/ec2-user/data/topics/4467 1503
@/home/ec2-user/data/topics/1896 1504
@/home/ec2-user/data/topics/1424 1505
@/home/ec2-user/data/topics/1698 1506
@/home/ec2-user/data/topics/2036 1507
@/home/ec2-user/data/topics/3839 1508
@/home/ec2-user/data/topics/1115 1509
@/home/ec2-user/data/topics/3878 1510
@/home/ec2-user/data/topics/1186 1511
@/home/ec2-user/data/topics/1345 1512
東陶機器株式会社

@/home/ec2-user/data/topics/1735 1513
@/home/ec2-user/data/topics/3821 1513
@/home/ec2-user/data/topics/1626 1514
@/home/ec2-user/data/topics/2135 1515
@/home/ec2-user/data/topics/3583 1516
@/home/ec2-user/data/topics/1692 1517
本田技研工業株式会社

@/home/ec2-user/data/topics/4199 1518
@/home/ec2-user/data/topics/1818 1518
@/home/ec2-user/data/topics/4375 1519
@/home/ec2-user/data/topics/4888 1520
@/home/ec2-user/data/topics/2000 1521
@/home/ec2-user/data/topics/3685 1522
@/home/ec2-user/data/topics/1266 1523
@/home/ec2-user/data/topics/1226 1524
@/home/ec2-user/data/topics/4783 1525
@/home/ec2-user/data/topics/4033 1526
@/home/ec2-user/data/topics/2016 1527
@/home/ec2-user/data/topics/4132 1528
@/home/ec2-user/data/topics/1444 1529
@/home/ec2-user/data/topics/5026 1530
@/home/ec2-user/data/topics/1822 1531
@/home/ec2-user/data/topics/1605 1532
@/home/ec2-user/data/topics/4331 1533
@/home/ec2-user/data/topics/1215 1534
@/home/ec2-user/data/topics/1143 1535
新日本製鐵株式会社

@/home/ec2-user/data/topics/3663 1536
@/home/ec2-user/data/topics/3899 1536
@/home/ec2-user/data/topics/3861 1537
@/home/ec2-user/data/topics/4472 1538
@/home/ec2-user/data/topics/3368 1539
@/home/ec2-user/data/topics/5008 1540
松下電工株式会社

@/home/ec2-user/data/topics/3511 1541
@/home/ec2-user/data/topics/4347 1541
@/home/ec2-user/data/topics/2045 1542
@/home/ec2-user/data/topics/4592 1543
@/home/ec2-user/data/topics/1011 1544
@/home/ec2-user/data/topics/1311 1545
@/home/ec2-user/data/topics/4094 1546
@/home/ec2-user/data/topics/3651 1547
@/home/ec2-user/data/topics/4317 1548
@/home/ec2-user/data/topics/4029 1549
@/home/ec2-user/data/topics/3549 1550
@/home/ec2-user/data/topics/4083 1551
@/home/ec2-user/data/topics/4012 1552
@/home/ec2-user/data/topics/1803 1553
@/home/ec2-user/data/topics/3565 1554
@/home/ec2-user/data/topics/3778 1555
@/home/ec2-user/data/topics/1251 1556
@/home/ec2-user/data/topics/3670 1557
@/home/ec2-user/data/topics/3932 1558
@/home/ec2-user/data/topics/3835 1559
@/home/ec2-user/data/topics/3379 1560
@/home/ec2-user/data/topics/4450 1561
usernum: 72
hit: 989
simhit: 1344
simmax: 0.613732543774
simmin: 0.0
simavg: 0.198949023703
dlmax: 0.162053072202
dlmin: 0.00744408211148
dlavg: 0.0372371081008
mthit: 1428
mthls: 11
srp: 100.527
total: 1562
hit/total: 0.633162612036
simhit/total: 0.860435339309
mthit/(total+usernum): 0.873929008568
mthls/(total+usernum): 0.00673194614443
srp/(total+usernum): 0.0205073439412
srp20/(total+usernum): 0.00807833537332
srp100/(total+usernum): 0.0134516523868
srp500/(total+usernum): 0.0175369237046

2016-12-23 07:17:30.783290
