2017-01-12 11:23:37.037824

topic-folder:/home/ec2-user/data/topics/
cl-file:/home/ec2-user/git/tfidf/result-new/b1-1-2.txt
cl-floder:/home/ec2-user/data/classinfo/
zipf:0.11
stype[0(tfidf)/1(tfidf2)/2(lsa)/3(lda)]:1
dtype[<0(diff*rand)/0(diff)/1(same)/>=2(diff*same)]:0
output-floder:/home/ec2-user/git/userquery/result

三菱マテリアル株式会社

@/home/ec2-user/data/topics/3520 0
@/home/ec2-user/data/topics/3470 0
@/home/ec2-user/data/topics/2093 1
@/home/ec2-user/data/topics/3630 2
@/home/ec2-user/data/topics/3866 3
@/home/ec2-user/data/topics/3546 4
@/home/ec2-user/data/topics/1638 5
@/home/ec2-user/data/topics/1085 6
日本精機株式会社

@/home/ec2-user/data/topics/4709 7
@/home/ec2-user/data/topics/4875 7
@/home/ec2-user/data/topics/4972 8
@/home/ec2-user/data/topics/4907 9
@/home/ec2-user/data/topics/1398 10
@/home/ec2-user/data/topics/4690 11
コニカ株式会社

@/home/ec2-user/data/topics/3357 12
@/home/ec2-user/data/topics/3486 12
@/home/ec2-user/data/topics/3418 13
@/home/ec2-user/data/topics/3370 14
@/home/ec2-user/data/topics/3533 15
@/home/ec2-user/data/topics/3426 16
@/home/ec2-user/data/topics/3431 17
@/home/ec2-user/data/topics/3414 18
@/home/ec2-user/data/topics/3419 19
@/home/ec2-user/data/topics/1946 20
@/home/ec2-user/data/topics/2162 21
埼玉日本電気株式会社

@/home/ec2-user/data/topics/4279 22
@/home/ec2-user/data/topics/1512 22
@/home/ec2-user/data/topics/4283 23
@/home/ec2-user/data/topics/4468 24
@/home/ec2-user/data/topics/1620 25
@/home/ec2-user/data/topics/4242 26
@/home/ec2-user/data/topics/4998 27
@/home/ec2-user/data/topics/5010 28
@/home/ec2-user/data/topics/4496 29
アルプス電気株式会社

@/home/ec2-user/data/topics/1253 30
@/home/ec2-user/data/topics/2012 30
@/home/ec2-user/data/topics/3582 31
@/home/ec2-user/data/topics/3429 32
@/home/ec2-user/data/topics/4791 33
@/home/ec2-user/data/topics/1434 34
@/home/ec2-user/data/topics/2089 35
三菱重工業株式会社

@/home/ec2-user/data/topics/4882 36
@/home/ec2-user/data/topics/4687 36
@/home/ec2-user/data/topics/4412 37
@/home/ec2-user/data/topics/5022 38
@/home/ec2-user/data/topics/4862 39
@/home/ec2-user/data/topics/3503 40
@/home/ec2-user/data/topics/3637 41
@/home/ec2-user/data/topics/3591 42
@/home/ec2-user/data/topics/3833 43
@/home/ec2-user/data/topics/4563 44
@/home/ec2-user/data/topics/3529 45
@/home/ec2-user/data/topics/3944 46
村田機械株式会社

@/home/ec2-user/data/topics/1607 47
@/home/ec2-user/data/topics/4441 47
@/home/ec2-user/data/topics/4645 48
@/home/ec2-user/data/topics/4746 49
@/home/ec2-user/data/topics/3740 50
@/home/ec2-user/data/topics/4596 51
@/home/ec2-user/data/topics/4835 52
@/home/ec2-user/data/topics/1293 53
@/home/ec2-user/data/topics/1511 54
@/home/ec2-user/data/topics/4556 55
@/home/ec2-user/data/topics/4565 56
@/home/ec2-user/data/topics/5000 57
@/home/ec2-user/data/topics/4941 58
@/home/ec2-user/data/topics/1074 59
@/home/ec2-user/data/topics/4570 60
@/home/ec2-user/data/topics/3528 61
@/home/ec2-user/data/topics/4638 62
川崎製鉄株式会社

@/home/ec2-user/data/topics/4615 63
@/home/ec2-user/data/topics/1037 63
@/home/ec2-user/data/topics/3483 64
@/home/ec2-user/data/topics/3611 65
@/home/ec2-user/data/topics/3929 66
@/home/ec2-user/data/topics/1459 67
@/home/ec2-user/data/topics/3413 68
@/home/ec2-user/data/topics/3553 69
@/home/ec2-user/data/topics/3532 70
ダイキン工業株式会社

@/home/ec2-user/data/topics/4753 71
@/home/ec2-user/data/topics/1600 71
@/home/ec2-user/data/topics/4734 72
@/home/ec2-user/data/topics/4400 73
@/home/ec2-user/data/topics/1565 74
@/home/ec2-user/data/topics/4701 75
@/home/ec2-user/data/topics/4845 76
@/home/ec2-user/data/topics/3888 77
@/home/ec2-user/data/topics/4367 78
@/home/ec2-user/data/topics/4858 79
@/home/ec2-user/data/topics/4515 80
三菱自動車工業株式会社

@/home/ec2-user/data/topics/2101 81
@/home/ec2-user/data/topics/3815 81
@/home/ec2-user/data/topics/4189 82
@/home/ec2-user/data/topics/3502 83
@/home/ec2-user/data/topics/3940 84
@/home/ec2-user/data/topics/1527 85
@/home/ec2-user/data/topics/1816 86
@/home/ec2-user/data/topics/1428 87
日産自動車株式会社

@/home/ec2-user/data/topics/3936 88
@/home/ec2-user/data/topics/4982 88
@/home/ec2-user/data/topics/4074 89
@/home/ec2-user/data/topics/3677 90
@/home/ec2-user/data/topics/3497 91
@/home/ec2-user/data/topics/3829 92
@/home/ec2-user/data/topics/3489 93
@/home/ec2-user/data/topics/3501 94
@/home/ec2-user/data/topics/3712 95
@/home/ec2-user/data/topics/3645 96
@/home/ec2-user/data/topics/3723 97
トヨタ自動車株式会社

@/home/ec2-user/data/topics/4064 98
@/home/ec2-user/data/topics/3671 98
@/home/ec2-user/data/topics/4543 99
@/home/ec2-user/data/topics/3405 100
@/home/ec2-user/data/topics/2111 101
@/home/ec2-user/data/topics/4633 102
@/home/ec2-user/data/topics/4030 103
@/home/ec2-user/data/topics/2218 104
@/home/ec2-user/data/topics/3481 105
@/home/ec2-user/data/topics/4658 106
@/home/ec2-user/data/topics/4144 107
@/home/ec2-user/data/topics/1494 108
@/home/ec2-user/data/topics/4767 109
@/home/ec2-user/data/topics/4008 110
@/home/ec2-user/data/topics/4426 111
@/home/ec2-user/data/topics/4920 112
@/home/ec2-user/data/topics/4298 113
@/home/ec2-user/data/topics/3758 114
@/home/ec2-user/data/topics/3587 115
@/home/ec2-user/data/topics/3943 116
@/home/ec2-user/data/topics/3731 117
@/home/ec2-user/data/topics/3699 118
@/home/ec2-user/data/topics/3725 119
@/home/ec2-user/data/topics/4647 120
@/home/ec2-user/data/topics/3356 121
@/home/ec2-user/data/topics/4617 122
@/home/ec2-user/data/topics/3783 123
@/home/ec2-user/data/topics/1551 124
@/home/ec2-user/data/topics/4346 125
オリンパス光学工業株式会社

@/home/ec2-user/data/topics/5006 126
@/home/ec2-user/data/topics/4878 126
@/home/ec2-user/data/topics/1869 127
@/home/ec2-user/data/topics/4007 128
@/home/ec2-user/data/topics/1586 129
@/home/ec2-user/data/topics/1107 130
@/home/ec2-user/data/topics/1739 131
@/home/ec2-user/data/topics/4013 132
@/home/ec2-user/data/topics/1981 133
@/home/ec2-user/data/topics/1155 134
@/home/ec2-user/data/topics/2026 135
@/home/ec2-user/data/topics/1835 136
ブラザー工業株式会社

@/home/ec2-user/data/topics/2085 137
@/home/ec2-user/data/topics/4548 137
@/home/ec2-user/data/topics/3686 138
@/home/ec2-user/data/topics/1636 139
@/home/ec2-user/data/topics/3613 140
@/home/ec2-user/data/topics/3507 141
@/home/ec2-user/data/topics/3477 142
@/home/ec2-user/data/topics/1076 143
@/home/ec2-user/data/topics/3789 144
@/home/ec2-user/data/topics/1697 145
@/home/ec2-user/data/topics/1164 146
@/home/ec2-user/data/topics/1300 147
@/home/ec2-user/data/topics/1183 148
@/home/ec2-user/data/topics/1906 149
@/home/ec2-user/data/topics/2086 150
富士通株式会社

@/home/ec2-user/data/topics/3460 151
@/home/ec2-user/data/topics/1123 151
@/home/ec2-user/data/topics/2215 152
@/home/ec2-user/data/topics/3399 153
@/home/ec2-user/data/topics/3870 154
@/home/ec2-user/data/topics/3850 155
@/home/ec2-user/data/topics/3799 156
@/home/ec2-user/data/topics/2216 157
@/home/ec2-user/data/topics/3883 158
@/home/ec2-user/data/topics/3381 159
@/home/ec2-user/data/topics/3802 160
@/home/ec2-user/data/topics/4191 161
@/home/ec2-user/data/topics/1609 162
@/home/ec2-user/data/topics/3428 163
@/home/ec2-user/data/topics/1271 164
@/home/ec2-user/data/topics/2227 165
@/home/ec2-user/data/topics/3636 166
@/home/ec2-user/data/topics/1547 167
@/home/ec2-user/data/topics/1874 168
@/home/ec2-user/data/topics/3765 169
@/home/ec2-user/data/topics/3749 170
@/home/ec2-user/data/topics/3400 171
@/home/ec2-user/data/topics/3862 172
@/home/ec2-user/data/topics/3962 173
@/home/ec2-user/data/topics/1998 174
@/home/ec2-user/data/topics/5004 175
@/home/ec2-user/data/topics/3751 176
@/home/ec2-user/data/topics/1264 177
@/home/ec2-user/data/topics/3912 178
@/home/ec2-user/data/topics/3538 179
@/home/ec2-user/data/topics/3846 180
@/home/ec2-user/data/topics/3970 181
静岡日本電気株式会社

@/home/ec2-user/data/topics/4250 182
@/home/ec2-user/data/topics/4365 182
@/home/ec2-user/data/topics/4531 183
@/home/ec2-user/data/topics/4326 184
@/home/ec2-user/data/topics/4314 185
@/home/ec2-user/data/topics/4507 186
住友重機械工業株式会社

@/home/ec2-user/data/topics/3952 187
@/home/ec2-user/data/topics/3868 187
@/home/ec2-user/data/topics/1900 188
@/home/ec2-user/data/topics/1019 189
@/home/ec2-user/data/topics/2039 190
@/home/ec2-user/data/topics/4854 191
@/home/ec2-user/data/topics/1373 192
@/home/ec2-user/data/topics/1505 193
@/home/ec2-user/data/topics/1553 194
大日本印刷株式会社

@/home/ec2-user/data/topics/3569 195
@/home/ec2-user/data/topics/1099 195
@/home/ec2-user/data/topics/1145 196
@/home/ec2-user/data/topics/3388 197
@/home/ec2-user/data/topics/1564 198
@/home/ec2-user/data/topics/1262 199
日本電気株式会社

@/home/ec2-user/data/topics/4186 200
@/home/ec2-user/data/topics/4134 200
@/home/ec2-user/data/topics/4442 201
@/home/ec2-user/data/topics/4603 202
@/home/ec2-user/data/topics/4243 203
@/home/ec2-user/data/topics/4760 204
@/home/ec2-user/data/topics/1879 205
@/home/ec2-user/data/topics/4142 206
@/home/ec2-user/data/topics/4153 207
@/home/ec2-user/data/topics/4646 208
@/home/ec2-user/data/topics/3954 209
@/home/ec2-user/data/topics/4728 210
@/home/ec2-user/data/topics/1815 211
@/home/ec2-user/data/topics/1773 212
@/home/ec2-user/data/topics/4120 213
@/home/ec2-user/data/topics/4595 214
@/home/ec2-user/data/topics/4447 215
@/home/ec2-user/data/topics/1661 216
@/home/ec2-user/data/topics/4138 217
@/home/ec2-user/data/topics/1852 218
@/home/ec2-user/data/topics/4360 219
@/home/ec2-user/data/topics/4650 220
@/home/ec2-user/data/topics/4876 221
@/home/ec2-user/data/topics/4850 222
@/home/ec2-user/data/topics/1464 223
@/home/ec2-user/data/topics/2119 224
@/home/ec2-user/data/topics/4742 225
@/home/ec2-user/data/topics/1624 226
@/home/ec2-user/data/topics/4651 227
@/home/ec2-user/data/topics/4429 228
@/home/ec2-user/data/topics/1928 229
@/home/ec2-user/data/topics/3744 230
@/home/ec2-user/data/topics/1383 231
@/home/ec2-user/data/topics/4418 232
@/home/ec2-user/data/topics/4764 233
@/home/ec2-user/data/topics/1557 234
@/home/ec2-user/data/topics/1937 235
@/home/ec2-user/data/topics/4240 236
@/home/ec2-user/data/topics/4838 237
@/home/ec2-user/data/topics/1457 238
@/home/ec2-user/data/topics/4725 239
@/home/ec2-user/data/topics/4536 240
@/home/ec2-user/data/topics/4721 241
@/home/ec2-user/data/topics/4490 242
@/home/ec2-user/data/topics/4267 243
@/home/ec2-user/data/topics/1486 244
@/home/ec2-user/data/topics/4137 245
@/home/ec2-user/data/topics/4433 246
@/home/ec2-user/data/topics/4260 247
@/home/ec2-user/data/topics/3766 248
@/home/ec2-user/data/topics/4158 249
@/home/ec2-user/data/topics/4168 250
@/home/ec2-user/data/topics/4207 251
@/home/ec2-user/data/topics/4342 252
@/home/ec2-user/data/topics/4902 253
@/home/ec2-user/data/topics/1199 254
@/home/ec2-user/data/topics/3897 255
@/home/ec2-user/data/topics/4272 256
@/home/ec2-user/data/topics/4081 257
@/home/ec2-user/data/topics/4584 258
@/home/ec2-user/data/topics/4446 259
@/home/ec2-user/data/topics/4892 260
@/home/ec2-user/data/topics/4634 261
@/home/ec2-user/data/topics/2144 262
@/home/ec2-user/data/topics/4808 263
@/home/ec2-user/data/topics/4485 264
@/home/ec2-user/data/topics/4926 265
@/home/ec2-user/data/topics/4128 266
@/home/ec2-user/data/topics/4071 267
@/home/ec2-user/data/topics/2088 268
@/home/ec2-user/data/topics/4196 269
@/home/ec2-user/data/topics/4644 270
@/home/ec2-user/data/topics/4257 271
@/home/ec2-user/data/topics/3938 272
@/home/ec2-user/data/topics/4246 273
@/home/ec2-user/data/topics/1948 274
@/home/ec2-user/data/topics/1844 275
@/home/ec2-user/data/topics/4598 276
@/home/ec2-user/data/topics/4665 277
@/home/ec2-user/data/topics/1112 278
@/home/ec2-user/data/topics/3886 279
@/home/ec2-user/data/topics/4561 280
@/home/ec2-user/data/topics/4427 281
@/home/ec2-user/data/topics/4171 282
@/home/ec2-user/data/topics/4682 283
@/home/ec2-user/data/topics/4440 284
@/home/ec2-user/data/topics/1710 285
@/home/ec2-user/data/topics/4273 286
@/home/ec2-user/data/topics/1360 287
@/home/ec2-user/data/topics/4238 288
@/home/ec2-user/data/topics/4460 289
@/home/ec2-user/data/topics/4497 290
@/home/ec2-user/data/topics/4162 291
@/home/ec2-user/data/topics/4779 292
@/home/ec2-user/data/topics/4247 293
@/home/ec2-user/data/topics/4393 294
@/home/ec2-user/data/topics/4425 295
@/home/ec2-user/data/topics/5034 296
@/home/ec2-user/data/topics/4275 297
@/home/ec2-user/data/topics/4657 298
@/home/ec2-user/data/topics/1973 299
@/home/ec2-user/data/topics/4718 300
@/home/ec2-user/data/topics/4227 301
@/home/ec2-user/data/topics/4480 302
@/home/ec2-user/data/topics/3971 303
@/home/ec2-user/data/topics/4093 304
@/home/ec2-user/data/topics/1764 305
@/home/ec2-user/data/topics/3724 306
@/home/ec2-user/data/topics/1122 307
@/home/ec2-user/data/topics/4533 308
@/home/ec2-user/data/topics/1016 309
@/home/ec2-user/data/topics/4390 310
@/home/ec2-user/data/topics/4154 311
@/home/ec2-user/data/topics/4458 312
@/home/ec2-user/data/topics/4699 313
@/home/ec2-user/data/topics/4759 314
@/home/ec2-user/data/topics/4613 315
@/home/ec2-user/data/topics/1783 316
@/home/ec2-user/data/topics/4824 317
@/home/ec2-user/data/topics/4877 318
@/home/ec2-user/data/topics/1634 319
@/home/ec2-user/data/topics/4315 320
@/home/ec2-user/data/topics/4359 321
@/home/ec2-user/data/topics/3767 322
@/home/ec2-user/data/topics/4532 323
@/home/ec2-user/data/topics/1523 324
@/home/ec2-user/data/topics/4116 325
@/home/ec2-user/data/topics/3853 326
@/home/ec2-user/data/topics/3865 327
@/home/ec2-user/data/topics/3956 328
@/home/ec2-user/data/topics/2127 329
@/home/ec2-user/data/topics/4696 330
@/home/ec2-user/data/topics/1595 331
@/home/ec2-user/data/topics/4278 332
@/home/ec2-user/data/topics/4276 333
@/home/ec2-user/data/topics/4129 334
@/home/ec2-user/data/topics/1867 335
@/home/ec2-user/data/topics/1724 336
@/home/ec2-user/data/topics/4119 337
@/home/ec2-user/data/topics/4300 338
@/home/ec2-user/data/topics/1500 339
@/home/ec2-user/data/topics/4749 340
@/home/ec2-user/data/topics/4477 341
@/home/ec2-user/data/topics/4313 342
@/home/ec2-user/data/topics/1791 343
@/home/ec2-user/data/topics/4092 344
@/home/ec2-user/data/topics/4244 345
@/home/ec2-user/data/topics/4689 346
@/home/ec2-user/data/topics/2041 347
@/home/ec2-user/data/topics/4319 348
@/home/ec2-user/data/topics/3896 349
@/home/ec2-user/data/topics/4185 350
@/home/ec2-user/data/topics/1362 351
@/home/ec2-user/data/topics/1612 352
@/home/ec2-user/data/topics/4288 353
@/home/ec2-user/data/topics/4082 354
@/home/ec2-user/data/topics/1100 355
@/home/ec2-user/data/topics/4398 356
@/home/ec2-user/data/topics/4785 357
@/home/ec2-user/data/topics/3995 358
@/home/ec2-user/data/topics/4258 359
@/home/ec2-user/data/topics/4578 360
@/home/ec2-user/data/topics/3875 361
@/home/ec2-user/data/topics/1567 362
@/home/ec2-user/data/topics/4281 363
@/home/ec2-user/data/topics/1052 364
@/home/ec2-user/data/topics/4062 365
@/home/ec2-user/data/topics/4940 366
@/home/ec2-user/data/topics/4486 367
@/home/ec2-user/data/topics/4708 368
@/home/ec2-user/data/topics/2022 369
@/home/ec2-user/data/topics/4434 370
@/home/ec2-user/data/topics/4537 371
@/home/ec2-user/data/topics/4310 372
@/home/ec2-user/data/topics/1044 373
@/home/ec2-user/data/topics/1326 374
@/home/ec2-user/data/topics/4309 375
@/home/ec2-user/data/topics/4192 376
@/home/ec2-user/data/topics/4643 377
@/home/ec2-user/data/topics/4204 378
@/home/ec2-user/data/topics/4352 379
@/home/ec2-user/data/topics/2031 380
@/home/ec2-user/data/topics/4775 381
@/home/ec2-user/data/topics/4343 382
@/home/ec2-user/data/topics/4388 383
@/home/ec2-user/data/topics/4100 384
@/home/ec2-user/data/topics/4404 385
@/home/ec2-user/data/topics/4549 386
@/home/ec2-user/data/topics/4236 387
@/home/ec2-user/data/topics/1116 388
@/home/ec2-user/data/topics/4216 389
@/home/ec2-user/data/topics/1364 390
@/home/ec2-user/data/topics/4338 391
@/home/ec2-user/data/topics/1078 392
@/home/ec2-user/data/topics/4003 393
@/home/ec2-user/data/topics/4816 394
@/home/ec2-user/data/topics/1281 395
@/home/ec2-user/data/topics/1923 396
@/home/ec2-user/data/topics/1891 397
@/home/ec2-user/data/topics/4209 398
@/home/ec2-user/data/topics/3729 399
@/home/ec2-user/data/topics/2166 400
@/home/ec2-user/data/topics/4318 401
@/home/ec2-user/data/topics/4770 402
@/home/ec2-user/data/topics/4320 403
@/home/ec2-user/data/topics/4414 404
@/home/ec2-user/data/topics/4389 405
@/home/ec2-user/data/topics/4063 406
@/home/ec2-user/data/topics/4609 407
@/home/ec2-user/data/topics/4659 408
@/home/ec2-user/data/topics/4626 409
@/home/ec2-user/data/topics/4017 410
@/home/ec2-user/data/topics/4097 411
@/home/ec2-user/data/topics/4530 412
@/home/ec2-user/data/topics/4750 413
@/home/ec2-user/data/topics/4666 414
@/home/ec2-user/data/topics/1101 415
@/home/ec2-user/data/topics/4254 416
@/home/ec2-user/data/topics/4371 417
@/home/ec2-user/data/topics/2150 418
松下電器産業株式会社

@/home/ec2-user/data/topics/3721 419
@/home/ec2-user/data/topics/3386 419
@/home/ec2-user/data/topics/4215 420
@/home/ec2-user/data/topics/4797 421
@/home/ec2-user/data/topics/4918 422
@/home/ec2-user/data/topics/4804 423
@/home/ec2-user/data/topics/4574 424
@/home/ec2-user/data/topics/4043 425
@/home/ec2-user/data/topics/1706 426
@/home/ec2-user/data/topics/3719 427
@/home/ec2-user/data/topics/4000 428
@/home/ec2-user/data/topics/3746 429
@/home/ec2-user/data/topics/1748 430
@/home/ec2-user/data/topics/4961 431
@/home/ec2-user/data/topics/4101 432
@/home/ec2-user/data/topics/3951 433
@/home/ec2-user/data/topics/4102 434
@/home/ec2-user/data/topics/5028 435
@/home/ec2-user/data/topics/3676 436
@/home/ec2-user/data/topics/3692 437
@/home/ec2-user/data/topics/1705 438
@/home/ec2-user/data/topics/4936 439
@/home/ec2-user/data/topics/3704 440
@/home/ec2-user/data/topics/4394 441
@/home/ec2-user/data/topics/1701 442
@/home/ec2-user/data/topics/4464 443
@/home/ec2-user/data/topics/1157 444
@/home/ec2-user/data/topics/4098 445
@/home/ec2-user/data/topics/1635 446
@/home/ec2-user/data/topics/3519 447
@/home/ec2-user/data/topics/3619 448
@/home/ec2-user/data/topics/4303 449
@/home/ec2-user/data/topics/4817 450
@/home/ec2-user/data/topics/2222 451
@/home/ec2-user/data/topics/4159 452
@/home/ec2-user/data/topics/2170 453
@/home/ec2-user/data/topics/4667 454
@/home/ec2-user/data/topics/4503 455
@/home/ec2-user/data/topics/4625 456
@/home/ec2-user/data/topics/1026 457
@/home/ec2-user/data/topics/1812 458
@/home/ec2-user/data/topics/4761 459
@/home/ec2-user/data/topics/1252 460
@/home/ec2-user/data/topics/4385 461
@/home/ec2-user/data/topics/4806 462
@/home/ec2-user/data/topics/4264 463
@/home/ec2-user/data/topics/3960 464
@/home/ec2-user/data/topics/1158 465
@/home/ec2-user/data/topics/4707 466
@/home/ec2-user/data/topics/4491 467
@/home/ec2-user/data/topics/3510 468
@/home/ec2-user/data/topics/3920 469
@/home/ec2-user/data/topics/4448 470
@/home/ec2-user/data/topics/1525 471
@/home/ec2-user/data/topics/1898 472
@/home/ec2-user/data/topics/3847 473
@/home/ec2-user/data/topics/4280 474
@/home/ec2-user/data/topics/1589 475
@/home/ec2-user/data/topics/4885 476
@/home/ec2-user/data/topics/4577 477
@/home/ec2-user/data/topics/3402 478
@/home/ec2-user/data/topics/4126 479
@/home/ec2-user/data/topics/4787 480
@/home/ec2-user/data/topics/3514 481
@/home/ec2-user/data/topics/4586 482
@/home/ec2-user/data/topics/4501 483
@/home/ec2-user/data/topics/4867 484
@/home/ec2-user/data/topics/4599 485
@/home/ec2-user/data/topics/4968 486
@/home/ec2-user/data/topics/3904 487
@/home/ec2-user/data/topics/1881 488
@/home/ec2-user/data/topics/4558 489
@/home/ec2-user/data/topics/3761 490
@/home/ec2-user/data/topics/1829 491
@/home/ec2-user/data/topics/4422 492
@/home/ec2-user/data/topics/1762 493
@/home/ec2-user/data/topics/4382 494
@/home/ec2-user/data/topics/3585 495
@/home/ec2-user/data/topics/4798 496
@/home/ec2-user/data/topics/5024 497
@/home/ec2-user/data/topics/1136 498
@/home/ec2-user/data/topics/3807 499
@/home/ec2-user/data/topics/2056 500
@/home/ec2-user/data/topics/1509 501
@/home/ec2-user/data/topics/4180 502
@/home/ec2-user/data/topics/4917 503
@/home/ec2-user/data/topics/4676 504
@/home/ec2-user/data/topics/1540 505
@/home/ec2-user/data/topics/4193 506
@/home/ec2-user/data/topics/4157 507
@/home/ec2-user/data/topics/1257 508
@/home/ec2-user/data/topics/3658 509
@/home/ec2-user/data/topics/4160 510
@/home/ec2-user/data/topics/4475 511
@/home/ec2-user/data/topics/4502 512
@/home/ec2-user/data/topics/4274 513
@/home/ec2-user/data/topics/1070 514
@/home/ec2-user/data/topics/1339 515
@/home/ec2-user/data/topics/3680 516
@/home/ec2-user/data/topics/4307 517
@/home/ec2-user/data/topics/1477 518
@/home/ec2-user/data/topics/3404 519
@/home/ec2-user/data/topics/2080 520
@/home/ec2-user/data/topics/3558 521
@/home/ec2-user/data/topics/4945 522
@/home/ec2-user/data/topics/1179 523
@/home/ec2-user/data/topics/1955 524
@/home/ec2-user/data/topics/1885 525
@/home/ec2-user/data/topics/1633 526
@/home/ec2-user/data/topics/3694 527
@/home/ec2-user/data/topics/2029 528
@/home/ec2-user/data/topics/3979 529
@/home/ec2-user/data/topics/2156 530
@/home/ec2-user/data/topics/4229 531
@/home/ec2-user/data/topics/3455 532
@/home/ec2-user/data/topics/3739 533
@/home/ec2-user/data/topics/4754 534
@/home/ec2-user/data/topics/2129 535
@/home/ec2-user/data/topics/3494 536
@/home/ec2-user/data/topics/4355 537
@/home/ec2-user/data/topics/4459 538
@/home/ec2-user/data/topics/1516 539
@/home/ec2-user/data/topics/4139 540
セイコーインスツルメンツ株式会社

@/home/ec2-user/data/topics/3626 541
@/home/ec2-user/data/topics/3825 541
@/home/ec2-user/data/topics/4088 542
@/home/ec2-user/data/topics/4203 543
@/home/ec2-user/data/topics/1707 544
@/home/ec2-user/data/topics/4151 545
@/home/ec2-user/data/topics/4997 546
@/home/ec2-user/data/topics/4190 547
@/home/ec2-user/data/topics/4036 548
ミノルタ株式会社

@/home/ec2-user/data/topics/2190 549
@/home/ec2-user/data/topics/4971 549
@/home/ec2-user/data/topics/4970 550
@/home/ec2-user/data/topics/4984 551
@/home/ec2-user/data/topics/3584 552
@/home/ec2-user/data/topics/3810 553
@/home/ec2-user/data/topics/3545 554
@/home/ec2-user/data/topics/4951 555
@/home/ec2-user/data/topics/4321 556
@/home/ec2-user/data/topics/4986 557
@/home/ec2-user/data/topics/1152 558
@/home/ec2-user/data/topics/4977 559
株式会社リコー

@/home/ec2-user/data/topics/1976 560
@/home/ec2-user/data/topics/3880 560
@/home/ec2-user/data/topics/3411 561
@/home/ec2-user/data/topics/3495 562
@/home/ec2-user/data/topics/1433 563
@/home/ec2-user/data/topics/3394 564
@/home/ec2-user/data/topics/1775 565
@/home/ec2-user/data/topics/3446 566
@/home/ec2-user/data/topics/3424 567
@/home/ec2-user/data/topics/3557 568
@/home/ec2-user/data/topics/3750 569
@/home/ec2-user/data/topics/3378 570
@/home/ec2-user/data/topics/3484 571
@/home/ec2-user/data/topics/3474 572
@/home/ec2-user/data/topics/1663 573
@/home/ec2-user/data/topics/3472 574
@/home/ec2-user/data/topics/1282 575
@/home/ec2-user/data/topics/1668 576
@/home/ec2-user/data/topics/3555 577
@/home/ec2-user/data/topics/1593 578
@/home/ec2-user/data/topics/1776 579
@/home/ec2-user/data/topics/3687 580
@/home/ec2-user/data/topics/1755 581
@/home/ec2-user/data/topics/1669 582
@/home/ec2-user/data/topics/1670 583
@/home/ec2-user/data/topics/1225 584
@/home/ec2-user/data/topics/4781 585
@/home/ec2-user/data/topics/2219 586
@/home/ec2-user/data/topics/1083 587
@/home/ec2-user/data/topics/3711 588
@/home/ec2-user/data/topics/3633 589
@/home/ec2-user/data/topics/1718 590
@/home/ec2-user/data/topics/4265 591
@/home/ec2-user/data/topics/1482 592
@/home/ec2-user/data/topics/1514 593
@/home/ec2-user/data/topics/1436 594
@/home/ec2-user/data/topics/3669 595
@/home/ec2-user/data/topics/3574 596
@/home/ec2-user/data/topics/2201 597
@/home/ec2-user/data/topics/3436 598
@/home/ec2-user/data/topics/1095 599
@/home/ec2-user/data/topics/3530 600
@/home/ec2-user/data/topics/1780 601
@/home/ec2-user/data/topics/3775 602
@/home/ec2-user/data/topics/1878 603
@/home/ec2-user/data/topics/3713 604
@/home/ec2-user/data/topics/2090 605
@/home/ec2-user/data/topics/3837 606
@/home/ec2-user/data/topics/1627 607
@/home/ec2-user/data/topics/2043 608
@/home/ec2-user/data/topics/4037 609
@/home/ec2-user/data/topics/3548 610
@/home/ec2-user/data/topics/3759 611
@/home/ec2-user/data/topics/4879 612
@/home/ec2-user/data/topics/4344 613
@/home/ec2-user/data/topics/3523 614
@/home/ec2-user/data/topics/1190 615
@/home/ec2-user/data/topics/4616 616
@/home/ec2-user/data/topics/1740 617
@/home/ec2-user/data/topics/2006 618
@/home/ec2-user/data/topics/1064 619
@/home/ec2-user/data/topics/1106 620
@/home/ec2-user/data/topics/1774 621
@/home/ec2-user/data/topics/2189 622
@/home/ec2-user/data/topics/1691 623
@/home/ec2-user/data/topics/1974 624
@/home/ec2-user/data/topics/1478 625
@/home/ec2-user/data/topics/2200 626
@/home/ec2-user/data/topics/2182 627
@/home/ec2-user/data/topics/1610 628
@/home/ec2-user/data/topics/1806 629
独立行政法人産業技術総合研究所

@/home/ec2-user/data/topics/4777 630
@/home/ec2-user/data/topics/1356 630
@/home/ec2-user/data/topics/4740 631
@/home/ec2-user/data/topics/4739 632
@/home/ec2-user/data/topics/4800 633
@/home/ec2-user/data/topics/4869 634
ソニー株式会社

@/home/ec2-user/data/topics/1679 635
@/home/ec2-user/data/topics/3975 635
@/home/ec2-user/data/topics/4351 636
@/home/ec2-user/data/topics/2059 637
@/home/ec2-user/data/topics/1291 638
@/home/ec2-user/data/topics/1147 639
@/home/ec2-user/data/topics/1426 640
@/home/ec2-user/data/topics/2094 641
@/home/ec2-user/data/topics/1380 642
@/home/ec2-user/data/topics/1836 643
@/home/ec2-user/data/topics/1233 644
@/home/ec2-user/data/topics/1414 645
@/home/ec2-user/data/topics/1892 646
@/home/ec2-user/data/topics/3392 647
@/home/ec2-user/data/topics/1471 648
@/home/ec2-user/data/topics/1397 649
@/home/ec2-user/data/topics/1602 650
@/home/ec2-user/data/topics/2037 651
@/home/ec2-user/data/topics/2058 652
@/home/ec2-user/data/topics/1059 653
@/home/ec2-user/data/topics/1912 654
@/home/ec2-user/data/topics/3872 655
@/home/ec2-user/data/topics/2105 656
@/home/ec2-user/data/topics/1686 657
@/home/ec2-user/data/topics/4224 658
@/home/ec2-user/data/topics/1218 659
@/home/ec2-user/data/topics/1749 660
@/home/ec2-user/data/topics/3955 661
@/home/ec2-user/data/topics/1298 662
@/home/ec2-user/data/topics/1967 663
@/home/ec2-user/data/topics/1873 664
@/home/ec2-user/data/topics/2075 665
@/home/ec2-user/data/topics/1884 666
@/home/ec2-user/data/topics/1491 667
@/home/ec2-user/data/topics/1435 668
@/home/ec2-user/data/topics/4219 669
@/home/ec2-user/data/topics/3924 670
@/home/ec2-user/data/topics/5027 671
@/home/ec2-user/data/topics/1102 672
@/home/ec2-user/data/topics/2048 673
@/home/ec2-user/data/topics/1926 674
@/home/ec2-user/data/topics/1954 675
@/home/ec2-user/data/topics/3401 676
@/home/ec2-user/data/topics/3456 677
@/home/ec2-user/data/topics/1778 678
@/home/ec2-user/data/topics/2052 679
@/home/ec2-user/data/topics/4184 680
富士ゼロックス株式会社

@/home/ec2-user/data/topics/3782 681
@/home/ec2-user/data/topics/3790 681
@/home/ec2-user/data/topics/3366 682
@/home/ec2-user/data/topics/5031 683
@/home/ec2-user/data/topics/3407 684
@/home/ec2-user/data/topics/3473 685
@/home/ec2-user/data/topics/1947 686
@/home/ec2-user/data/topics/3564 687
@/home/ec2-user/data/topics/3661 688
@/home/ec2-user/data/topics/1560 689
@/home/ec2-user/data/topics/3383 690
@/home/ec2-user/data/topics/4108 691
@/home/ec2-user/data/topics/3662 692
@/home/ec2-user/data/topics/3695 693
@/home/ec2-user/data/topics/3640 694
住友金属工業株式会社

@/home/ec2-user/data/topics/4733 695
@/home/ec2-user/data/topics/1268 695
@/home/ec2-user/data/topics/4021 696
@/home/ec2-user/data/topics/3577 697
@/home/ec2-user/data/topics/4991 698
@/home/ec2-user/data/topics/3655 699
@/home/ec2-user/data/topics/4322 700
@/home/ec2-user/data/topics/4534 701
@/home/ec2-user/data/topics/4661 702
@/home/ec2-user/data/topics/4182 703
@/home/ec2-user/data/topics/4295 704
@/home/ec2-user/data/topics/3826 705
日立電線株式会社

@/home/ec2-user/data/topics/1027 706
@/home/ec2-user/data/topics/4357 706
@/home/ec2-user/data/topics/1117 707
@/home/ec2-user/data/topics/1305 708
@/home/ec2-user/data/topics/4356 709
@/home/ec2-user/data/topics/3756 710
@/home/ec2-user/data/topics/1388 711
@/home/ec2-user/data/topics/3930 712
@/home/ec2-user/data/topics/4329 713
キヤノン株式会社

@/home/ec2-user/data/topics/1631 714
@/home/ec2-user/data/topics/1228 714
@/home/ec2-user/data/topics/3454 715
@/home/ec2-user/data/topics/1848 716
@/home/ec2-user/data/topics/3730 717
@/home/ec2-user/data/topics/3374 718
@/home/ec2-user/data/topics/2231 719
@/home/ec2-user/data/topics/4521 720
@/home/ec2-user/data/topics/4520 721
@/home/ec2-user/data/topics/3958 722
@/home/ec2-user/data/topics/1975 723
@/home/ec2-user/data/topics/1961 724
@/home/ec2-user/data/topics/1590 725
@/home/ec2-user/data/topics/3996 726
@/home/ec2-user/data/topics/3628 727
@/home/ec2-user/data/topics/1646 728
@/home/ec2-user/data/topics/1118 729
@/home/ec2-user/data/topics/3420 730
@/home/ec2-user/data/topics/2107 731
@/home/ec2-user/data/topics/3967 732
@/home/ec2-user/data/topics/4948 733
@/home/ec2-user/data/topics/4020 734
@/home/ec2-user/data/topics/1080 735
@/home/ec2-user/data/topics/3416 736
@/home/ec2-user/data/topics/3755 737
@/home/ec2-user/data/topics/3949 738
@/home/ec2-user/data/topics/4628 739
@/home/ec2-user/data/topics/4054 740
@/home/ec2-user/data/topics/1513 741
@/home/ec2-user/data/topics/3660 742
@/home/ec2-user/data/topics/3852 743
@/home/ec2-user/data/topics/2004 744
@/home/ec2-user/data/topics/3434 745
@/home/ec2-user/data/topics/1539 746
@/home/ec2-user/data/topics/1847 747
@/home/ec2-user/data/topics/1455 748
@/home/ec2-user/data/topics/2053 749
@/home/ec2-user/data/topics/1802 750
@/home/ec2-user/data/topics/1208 751
@/home/ec2-user/data/topics/3642 752
@/home/ec2-user/data/topics/3430 753
@/home/ec2-user/data/topics/1519 754
@/home/ec2-user/data/topics/2145 755
@/home/ec2-user/data/topics/2117 756
@/home/ec2-user/data/topics/3737 757
@/home/ec2-user/data/topics/3438 758
@/home/ec2-user/data/topics/3445 759
@/home/ec2-user/data/topics/1866 760
@/home/ec2-user/data/topics/3417 761
@/home/ec2-user/data/topics/4068 762
@/home/ec2-user/data/topics/4363 763
@/home/ec2-user/data/topics/1216 764
@/home/ec2-user/data/topics/1889 765
@/home/ec2-user/data/topics/3843 766
@/home/ec2-user/data/topics/4350 767
@/home/ec2-user/data/topics/1744 768
@/home/ec2-user/data/topics/3376 769
@/home/ec2-user/data/topics/3656 770
@/home/ec2-user/data/topics/3722 771
@/home/ec2-user/data/topics/4947 772
@/home/ec2-user/data/topics/2243 773
@/home/ec2-user/data/topics/3441 774
@/home/ec2-user/data/topics/3410 775
@/home/ec2-user/data/topics/1895 776
@/home/ec2-user/data/topics/1790 777
@/home/ec2-user/data/topics/3415 778
@/home/ec2-user/data/topics/4937 779
@/home/ec2-user/data/topics/4610 780
@/home/ec2-user/data/topics/3720 781
@/home/ec2-user/data/topics/1124 782
@/home/ec2-user/data/topics/1745 783
@/home/ec2-user/data/topics/1438 784
@/home/ec2-user/data/topics/1568 785
三洋電機株式会社

@/home/ec2-user/data/topics/4328 786
@/home/ec2-user/data/topics/1652 786
@/home/ec2-user/data/topics/3581 787
@/home/ec2-user/data/topics/4039 788
@/home/ec2-user/data/topics/4983 789
@/home/ec2-user/data/topics/3906 790
@/home/ec2-user/data/topics/3781 791
@/home/ec2-user/data/topics/2063 792
@/home/ec2-user/data/topics/1451 793
@/home/ec2-user/data/topics/3804 794
@/home/ec2-user/data/topics/4571 795
@/home/ec2-user/data/topics/2014 796
@/home/ec2-user/data/topics/3859 797
@/home/ec2-user/data/topics/4384 798
@/home/ec2-user/data/topics/2071 799
@/home/ec2-user/data/topics/3492 800
@/home/ec2-user/data/topics/4060 801
@/home/ec2-user/data/topics/4304 802
@/home/ec2-user/data/topics/3708 803
@/home/ec2-user/data/topics/3681 804
@/home/ec2-user/data/topics/3845 805
@/home/ec2-user/data/topics/4066 806
@/home/ec2-user/data/topics/3986 807
@/home/ec2-user/data/topics/4527 808
@/home/ec2-user/data/topics/3889 809
@/home/ec2-user/data/topics/4178 810
@/home/ec2-user/data/topics/3974 811
@/home/ec2-user/data/topics/4099 812
@/home/ec2-user/data/topics/2098 813
@/home/ec2-user/data/topics/3808 814
@/home/ec2-user/data/topics/4612 815
@/home/ec2-user/data/topics/4837 816
@/home/ec2-user/data/topics/1479 817
@/home/ec2-user/data/topics/1163 818
@/home/ec2-user/data/topics/1722 819
@/home/ec2-user/data/topics/3539 820
@/home/ec2-user/data/topics/1321 821
@/home/ec2-user/data/topics/2230 822
@/home/ec2-user/data/topics/4978 823
@/home/ec2-user/data/topics/4301 824
@/home/ec2-user/data/topics/3817 825
@/home/ec2-user/data/topics/3926 826
@/home/ec2-user/data/topics/4376 827
@/home/ec2-user/data/topics/3830 828
@/home/ec2-user/data/topics/1289 829
@/home/ec2-user/data/topics/1386 830
@/home/ec2-user/data/topics/3953 831
@/home/ec2-user/data/topics/3754 832
@/home/ec2-user/data/topics/1079 833
@/home/ec2-user/data/topics/4001 834
@/home/ec2-user/data/topics/1488 835
@/home/ec2-user/data/topics/4763 836
@/home/ec2-user/data/topics/4212 837
@/home/ec2-user/data/topics/5002 838
@/home/ec2-user/data/topics/4150 839
@/home/ec2-user/data/topics/3625 840
@/home/ec2-user/data/topics/4720 841
@/home/ec2-user/data/topics/1653 842
@/home/ec2-user/data/topics/2194 843
@/home/ec2-user/data/topics/4654 844
@/home/ec2-user/data/topics/4679 845
@/home/ec2-user/data/topics/4492 846
@/home/ec2-user/data/topics/4179 847
@/home/ec2-user/data/topics/4726 848
@/home/ec2-user/data/topics/4474 849
@/home/ec2-user/data/topics/1246 850
@/home/ec2-user/data/topics/4061 851
@/home/ec2-user/data/topics/4788 852
@/home/ec2-user/data/topics/3403 853
@/home/ec2-user/data/topics/1671 854
@/home/ec2-user/data/topics/1515 855
@/home/ec2-user/data/topics/5011 856
@/home/ec2-user/data/topics/2054 857
@/home/ec2-user/data/topics/4604 858
@/home/ec2-user/data/topics/4960 859
@/home/ec2-user/data/topics/3398 860
@/home/ec2-user/data/topics/3491 861
@/home/ec2-user/data/topics/4015 862
@/home/ec2-user/data/topics/1980 863
三菱電機株式会社

@/home/ec2-user/data/topics/4419 864
@/home/ec2-user/data/topics/3466 864
@/home/ec2-user/data/topics/1738 865
@/home/ec2-user/data/topics/4282 866
@/home/ec2-user/data/topics/4149 867
@/home/ec2-user/data/topics/3873 868
@/home/ec2-user/data/topics/3612 869
@/home/ec2-user/data/topics/4181 870
@/home/ec2-user/data/topics/3409 871
@/home/ec2-user/data/topics/3774 872
@/home/ec2-user/data/topics/1754 873
@/home/ec2-user/data/topics/1110 874
@/home/ec2-user/data/topics/3490 875
@/home/ec2-user/data/topics/3963 876
@/home/ec2-user/data/topics/4514 877
@/home/ec2-user/data/topics/4834 878
@/home/ec2-user/data/topics/1536 879
@/home/ec2-user/data/topics/3493 880
@/home/ec2-user/data/topics/3397 881
@/home/ec2-user/data/topics/4880 882
@/home/ec2-user/data/topics/3609 883
@/home/ec2-user/data/topics/3592 884
@/home/ec2-user/data/topics/3595 885
@/home/ec2-user/data/topics/4663 886
@/home/ec2-user/data/topics/3465 887
@/home/ec2-user/data/topics/4220 888
@/home/ec2-user/data/topics/3856 889
@/home/ec2-user/data/topics/4221 890
@/home/ec2-user/data/topics/2146 891
@/home/ec2-user/data/topics/3469 892
@/home/ec2-user/data/topics/4041 893
@/home/ec2-user/data/topics/3666 894
@/home/ec2-user/data/topics/3616 895
@/home/ec2-user/data/topics/1792 896
@/home/ec2-user/data/topics/3451 897
@/home/ec2-user/data/topics/4133 898
@/home/ec2-user/data/topics/4047 899
@/home/ec2-user/data/topics/5032 900
@/home/ec2-user/data/topics/4614 901
@/home/ec2-user/data/topics/4235 902
@/home/ec2-user/data/topics/4233 903
@/home/ec2-user/data/topics/4562 904
@/home/ec2-user/data/topics/4552 905
@/home/ec2-user/data/topics/4305 906
@/home/ec2-user/data/topics/4980 907
@/home/ec2-user/data/topics/3453 908
@/home/ec2-user/data/topics/3800 909
@/home/ec2-user/data/topics/5033 910
@/home/ec2-user/data/topics/3412 911
@/home/ec2-user/data/topics/3841 912
@/home/ec2-user/data/topics/1872 913
@/home/ec2-user/data/topics/3506 914
@/home/ec2-user/data/topics/1220 915
@/home/ec2-user/data/topics/4518 916
@/home/ec2-user/data/topics/3747 917
@/home/ec2-user/data/topics/3921 918
@/home/ec2-user/data/topics/3820 919
@/home/ec2-user/data/topics/4076 920
住友ゴム工業株式会社

@/home/ec2-user/data/topics/1758 921
@/home/ec2-user/data/topics/4048 921
@/home/ec2-user/data/topics/1114 922
@/home/ec2-user/data/topics/4406 923
@/home/ec2-user/data/topics/2007 924
@/home/ec2-user/data/topics/4597 925
@/home/ec2-user/data/topics/4568 926
セイコーエプソン株式会社

@/home/ec2-user/data/topics/4454 927
@/home/ec2-user/data/topics/3819 927
@/home/ec2-user/data/topics/3476 928
@/home/ec2-user/data/topics/3505 929
@/home/ec2-user/data/topics/3887 930
@/home/ec2-user/data/topics/4801 931
@/home/ec2-user/data/topics/2078 932
@/home/ec2-user/data/topics/1378 933
@/home/ec2-user/data/topics/4585 934
@/home/ec2-user/data/topics/3589 935
@/home/ec2-user/data/topics/2165 936
@/home/ec2-user/data/topics/4386 937
@/home/ec2-user/data/topics/4605 938
@/home/ec2-user/data/topics/1343 939
@/home/ec2-user/data/topics/4802 940
@/home/ec2-user/data/topics/1641 941
@/home/ec2-user/data/topics/1423 942
@/home/ec2-user/data/topics/3910 943
@/home/ec2-user/data/topics/4022 944
@/home/ec2-user/data/topics/3985 945
@/home/ec2-user/data/topics/1484 946
@/home/ec2-user/data/topics/1938 947
@/home/ec2-user/data/topics/4109 948
@/home/ec2-user/data/topics/3361 949
@/home/ec2-user/data/topics/4719 950
@/home/ec2-user/data/topics/1890 951
株式会社三共

@/home/ec2-user/data/topics/4374 952
@/home/ec2-user/data/topics/1189 952
@/home/ec2-user/data/topics/1377 953
@/home/ec2-user/data/topics/2060 954
@/home/ec2-user/data/topics/1648 955
@/home/ec2-user/data/topics/1086 956
@/home/ec2-user/data/topics/4868 957
@/home/ec2-user/data/topics/2123 958
@/home/ec2-user/data/topics/1665 959
沖電気工業株式会社

@/home/ec2-user/data/topics/3433 960
@/home/ec2-user/data/topics/3964 960
@/home/ec2-user/data/topics/4308 961
@/home/ec2-user/data/topics/3690 962
@/home/ec2-user/data/topics/4693 963
@/home/ec2-user/data/topics/3571 964
@/home/ec2-user/data/topics/1531 965
@/home/ec2-user/data/topics/3621 966
@/home/ec2-user/data/topics/4575 967
@/home/ec2-user/data/topics/1188 968
@/home/ec2-user/data/topics/3457 969
@/home/ec2-user/data/topics/4299 970
@/home/ec2-user/data/topics/3764 971
@/home/ec2-user/data/topics/3395 972
株式会社三星

@/home/ec2-user/data/topics/3942 973
@/home/ec2-user/data/topics/2108 973
@/home/ec2-user/data/topics/1733 974
@/home/ec2-user/data/topics/1728 975
@/home/ec2-user/data/topics/1260 976
@/home/ec2-user/data/topics/2198 977
日本ビクター株式会社

@/home/ec2-user/data/topics/3882 978
@/home/ec2-user/data/topics/1389 978
@/home/ec2-user/data/topics/3939 979
@/home/ec2-user/data/topics/3620 980
@/home/ec2-user/data/topics/4672 981
@/home/ec2-user/data/topics/1520 982
@/home/ec2-user/data/topics/3603 983
@/home/ec2-user/data/topics/4123 984
@/home/ec2-user/data/topics/1440 985
@/home/ec2-user/data/topics/1823 986
@/home/ec2-user/data/topics/4056 987
花王株式会社

@/home/ec2-user/data/topics/4249 988
@/home/ec2-user/data/topics/3753 988
@/home/ec2-user/data/topics/4287 989
@/home/ec2-user/data/topics/3812 990
@/home/ec2-user/data/topics/4211 991
@/home/ec2-user/data/topics/1767 992
@/home/ec2-user/data/topics/3884 993
@/home/ec2-user/data/topics/4827 994
@/home/ec2-user/data/topics/3999 995
@/home/ec2-user/data/topics/1022 996
@/home/ec2-user/data/topics/1196 997
@/home/ec2-user/data/topics/4445 998
@/home/ec2-user/data/topics/2214 999
三田工業株式会社

@/home/ec2-user/data/topics/1269 1000
@/home/ec2-user/data/topics/1766 1000
@/home/ec2-user/data/topics/3604 1001
@/home/ec2-user/data/topics/2136 1002
@/home/ec2-user/data/topics/1034 1003
@/home/ec2-user/data/topics/3842 1004
@/home/ec2-user/data/topics/1033 1005
@/home/ec2-user/data/topics/2155 1006
@/home/ec2-user/data/topics/3923 1007
豊丸産業株式会社

@/home/ec2-user/data/topics/2011 1008
@/home/ec2-user/data/topics/1138 1008
@/home/ec2-user/data/topics/1726 1009
@/home/ec2-user/data/topics/1713 1010
@/home/ec2-user/data/topics/3672 1011
@/home/ec2-user/data/topics/4847 1012
@/home/ec2-user/data/topics/1677 1013
@/home/ec2-user/data/topics/1126 1014
@/home/ec2-user/data/topics/1401 1015
@/home/ec2-user/data/topics/1914 1016
@/home/ec2-user/data/topics/1353 1017
@/home/ec2-user/data/topics/1284 1018
@/home/ec2-user/data/topics/1588 1019
@/home/ec2-user/data/topics/1097 1020
@/home/ec2-user/data/topics/2169 1021
鐘紡株式会社

@/home/ec2-user/data/topics/2034 1022
@/home/ec2-user/data/topics/2223 1022
@/home/ec2-user/data/topics/1842 1023
@/home/ec2-user/data/topics/3551 1024
@/home/ec2-user/data/topics/1054 1025
@/home/ec2-user/data/topics/2185 1026
@/home/ec2-user/data/topics/1870 1027
@/home/ec2-user/data/topics/1367 1028
@/home/ec2-user/data/topics/3560 1029
@/home/ec2-user/data/topics/3566 1030
@/home/ec2-user/data/topics/4195 1031
@/home/ec2-user/data/topics/1901 1032
@/home/ec2-user/data/topics/1304 1033
@/home/ec2-user/data/topics/3634 1034
@/home/ec2-user/data/topics/1178 1035
@/home/ec2-user/data/topics/1886 1036
株式会社デンソー

@/home/ec2-user/data/topics/4622 1037
@/home/ec2-user/data/topics/4840 1037
@/home/ec2-user/data/topics/4675 1038
@/home/ec2-user/data/topics/4483 1039
@/home/ec2-user/data/topics/3421 1040
@/home/ec2-user/data/topics/4423 1041
@/home/ec2-user/data/topics/3710 1042
@/home/ec2-user/data/topics/4046 1043
@/home/ec2-user/data/topics/4656 1044
@/home/ec2-user/data/topics/3406 1045
@/home/ec2-user/data/topics/1028 1046
@/home/ec2-user/data/topics/4164 1047
@/home/ec2-user/data/topics/4805 1048
@/home/ec2-user/data/topics/4498 1049
@/home/ec2-user/data/topics/3480 1050
@/home/ec2-user/data/topics/1855 1051
@/home/ec2-user/data/topics/4024 1052
富士写真フイルム株式会社

@/home/ec2-user/data/topics/1244 1053
@/home/ec2-user/data/topics/2134 1053
@/home/ec2-user/data/topics/3857 1054
@/home/ec2-user/data/topics/3447 1055
@/home/ec2-user/data/topics/3354 1056
@/home/ec2-user/data/topics/1662 1057
@/home/ec2-user/data/topics/1603 1058
@/home/ec2-user/data/topics/4962 1059
@/home/ec2-user/data/topics/3911 1060
@/home/ec2-user/data/topics/1570 1061
@/home/ec2-user/data/topics/3918 1062
京セラ株式会社

@/home/ec2-user/data/topics/4513 1063
@/home/ec2-user/data/topics/4901 1063
@/home/ec2-user/data/topics/3741 1064
@/home/ec2-user/data/topics/4031 1065
@/home/ec2-user/data/topics/4340 1066
@/home/ec2-user/data/topics/1485 1067
@/home/ec2-user/data/topics/3615 1068
@/home/ec2-user/data/topics/1741 1069
@/home/ec2-user/data/topics/1708 1070
@/home/ec2-user/data/topics/3869 1071
@/home/ec2-user/data/topics/3593 1072
@/home/ec2-user/data/topics/1913 1073
イビデン株式会社

@/home/ec2-user/data/topics/1770 1074
@/home/ec2-user/data/topics/3814 1074
@/home/ec2-user/data/topics/1336 1075
@/home/ec2-user/data/topics/2033 1076
@/home/ec2-user/data/topics/1682 1077
@/home/ec2-user/data/topics/1315 1078
@/home/ec2-user/data/topics/1952 1079
株式会社東芝

@/home/ec2-user/data/topics/3380 1080
@/home/ec2-user/data/topics/3734 1080
@/home/ec2-user/data/topics/3780 1081
@/home/ec2-user/data/topics/3716 1082
@/home/ec2-user/data/topics/4566 1083
@/home/ec2-user/data/topics/3363 1084
@/home/ec2-user/data/topics/3988 1085
@/home/ec2-user/data/topics/3688 1086
@/home/ec2-user/data/topics/4751 1087
@/home/ec2-user/data/topics/3881 1088
@/home/ec2-user/data/topics/4336 1089
@/home/ec2-user/data/topics/4863 1090
@/home/ec2-user/data/topics/1819 1091
@/home/ec2-user/data/topics/4197 1092
@/home/ec2-user/data/topics/3834 1093
@/home/ec2-user/data/topics/3352 1094
@/home/ec2-user/data/topics/3598 1095
@/home/ec2-user/data/topics/3732 1096
@/home/ec2-user/data/topics/3990 1097
@/home/ec2-user/data/topics/3890 1098
@/home/ec2-user/data/topics/4594 1099
@/home/ec2-user/data/topics/4140 1100
@/home/ec2-user/data/topics/4361 1101
@/home/ec2-user/data/topics/4057 1102
@/home/ec2-user/data/topics/4509 1103
@/home/ec2-user/data/topics/1757 1104
@/home/ec2-user/data/topics/4623 1105
@/home/ec2-user/data/topics/1756 1106
@/home/ec2-user/data/topics/3360 1107
@/home/ec2-user/data/topics/1332 1108
@/home/ec2-user/data/topics/4096 1109
@/home/ec2-user/data/topics/4381 1110
@/home/ec2-user/data/topics/3851 1111
@/home/ec2-user/data/topics/4183 1112
@/home/ec2-user/data/topics/2241 1113
@/home/ec2-user/data/topics/1585 1114
@/home/ec2-user/data/topics/3542 1115
@/home/ec2-user/data/topics/4089 1116
@/home/ec2-user/data/topics/4535 1117
@/home/ec2-user/data/topics/4292 1118
@/home/ec2-user/data/topics/4935 1119
@/home/ec2-user/data/topics/3689 1120
@/home/ec2-user/data/topics/3795 1121
@/home/ec2-user/data/topics/3948 1122
@/home/ec2-user/data/topics/4631 1123
@/home/ec2-user/data/topics/1132 1124
@/home/ec2-user/data/topics/4842 1125
@/home/ec2-user/data/topics/1205 1126
@/home/ec2-user/data/topics/3462 1127
@/home/ec2-user/data/topics/4172 1128
@/home/ec2-user/data/topics/4755 1129
@/home/ec2-user/data/topics/4165 1130
@/home/ec2-user/data/topics/4881 1131
@/home/ec2-user/data/topics/3351 1132
@/home/ec2-user/data/topics/4009 1133
@/home/ec2-user/data/topics/3683 1134
@/home/ec2-user/data/topics/1997 1135
@/home/ec2-user/data/topics/1090 1136
@/home/ec2-user/data/topics/3618 1137
@/home/ec2-user/data/topics/4912 1138
@/home/ec2-user/data/topics/4302 1139
ヤマハ株式会社

@/home/ec2-user/data/topics/4177 1140
@/home/ec2-user/data/topics/1676 1140
@/home/ec2-user/data/topics/4010 1141
@/home/ec2-user/data/topics/4145 1142
@/home/ec2-user/data/topics/3972 1143
@/home/ec2-user/data/topics/4954 1144
@/home/ec2-user/data/topics/1911 1145
@/home/ec2-user/data/topics/4084 1146
@/home/ec2-user/data/topics/4125 1147
@/home/ec2-user/data/topics/4919 1148
@/home/ec2-user/data/topics/4045 1149
@/home/ec2-user/data/topics/1720 1150
@/home/ec2-user/data/topics/1443 1151
東洋紡績株式会社

@/home/ec2-user/data/topics/4366 1152
@/home/ec2-user/data/topics/3769 1152
@/home/ec2-user/data/topics/1029 1153
@/home/ec2-user/data/topics/4362 1154
@/home/ec2-user/data/topics/1613 1155
@/home/ec2-user/data/topics/4284 1156
三菱化学株式会社

@/home/ec2-user/data/topics/3458 1157
@/home/ec2-user/data/topics/1197 1157
@/home/ec2-user/data/topics/3513 1158
@/home/ec2-user/data/topics/1902 1159
@/home/ec2-user/data/topics/1699 1160
@/home/ec2-user/data/topics/3638 1161
カシオ計算機株式会社

@/home/ec2-user/data/topics/1368 1162
@/home/ec2-user/data/topics/1047 1162
@/home/ec2-user/data/topics/1235 1163
@/home/ec2-user/data/topics/1535 1164
@/home/ec2-user/data/topics/2180 1165
@/home/ec2-user/data/topics/2237 1166
@/home/ec2-user/data/topics/3391 1167
@/home/ec2-user/data/topics/1794 1168
コナミ株式会社

@/home/ec2-user/data/topics/2100 1169
@/home/ec2-user/data/topics/4681 1169
@/home/ec2-user/data/topics/1302 1170
@/home/ec2-user/data/topics/2151 1171
@/home/ec2-user/data/topics/1672 1172
@/home/ec2-user/data/topics/1621 1173
@/home/ec2-user/data/topics/5015 1174
@/home/ec2-user/data/topics/4602 1175
大日本スクリーン製造株式会社

@/home/ec2-user/data/topics/1173 1176
@/home/ec2-user/data/topics/1130 1176
@/home/ec2-user/data/topics/1779 1177
@/home/ec2-user/data/topics/2172 1178
@/home/ec2-user/data/topics/1608 1179
@/home/ec2-user/data/topics/3742 1180
@/home/ec2-user/data/topics/2209 1181
オムロン株式会社

@/home/ec2-user/data/topics/1657 1182
@/home/ec2-user/data/topics/1151 1182
@/home/ec2-user/data/topics/1533 1183
@/home/ec2-user/data/topics/3597 1184
@/home/ec2-user/data/topics/3594 1185
@/home/ec2-user/data/topics/3863 1186
@/home/ec2-user/data/topics/3700 1187
@/home/ec2-user/data/topics/1067 1188
@/home/ec2-user/data/topics/4771 1189
@/home/ec2-user/data/topics/1933 1190
@/home/ec2-user/data/topics/1841 1191
@/home/ec2-user/data/topics/1579 1192
@/home/ec2-user/data/topics/3748 1193
@/home/ec2-user/data/topics/1135 1194
@/home/ec2-user/data/topics/2096 1195
株式会社日立製作所

@/home/ec2-user/data/topics/4551 1196
@/home/ec2-user/data/topics/3968 1196
@/home/ec2-user/data/topics/3488 1197
@/home/ec2-user/data/topics/1825 1198
@/home/ec2-user/data/topics/4040 1199
@/home/ec2-user/data/topics/1072 1200
@/home/ec2-user/data/topics/4621 1201
@/home/ec2-user/data/topics/2184 1202
@/home/ec2-user/data/topics/3524 1203
@/home/ec2-user/data/topics/4493 1204
@/home/ec2-user/data/topics/4402 1205
@/home/ec2-user/data/topics/3993 1206
@/home/ec2-user/data/topics/1880 1207
@/home/ec2-user/data/topics/4122 1208
@/home/ec2-user/data/topics/1826 1209
@/home/ec2-user/data/topics/4401 1210
@/home/ec2-user/data/topics/1249 1211
@/home/ec2-user/data/topics/3432 1212
@/home/ec2-user/data/topics/3570 1213
@/home/ec2-user/data/topics/5030 1214
@/home/ec2-user/data/topics/1882 1215
@/home/ec2-user/data/topics/2019 1216
@/home/ec2-user/data/topics/3440 1217
@/home/ec2-user/data/topics/1833 1218
@/home/ec2-user/data/topics/1487 1219
@/home/ec2-user/data/topics/3965 1220
@/home/ec2-user/data/topics/3599 1221
@/home/ec2-user/data/topics/4166 1222
@/home/ec2-user/data/topics/2239 1223
@/home/ec2-user/data/topics/4830 1224
@/home/ec2-user/data/topics/1667 1225
@/home/ec2-user/data/topics/3706 1226
@/home/ec2-user/data/topics/4058 1227
@/home/ec2-user/data/topics/3772 1228
@/home/ec2-user/data/topics/1987 1229
@/home/ec2-user/data/topics/4545 1230
@/home/ec2-user/data/topics/1105 1231
@/home/ec2-user/data/topics/1334 1232
@/home/ec2-user/data/topics/1640 1233
@/home/ec2-user/data/topics/3665 1234
@/home/ec2-user/data/topics/1501 1235
@/home/ec2-user/data/topics/3994 1236
@/home/ec2-user/data/topics/5029 1237
@/home/ec2-user/data/topics/3531 1238
@/home/ec2-user/data/topics/1463 1239
@/home/ec2-user/data/topics/3471 1240
@/home/ec2-user/data/topics/3779 1241
@/home/ec2-user/data/topics/1296 1242
@/home/ec2-user/data/topics/3384 1243
@/home/ec2-user/data/topics/4420 1244
@/home/ec2-user/data/topics/4799 1245
@/home/ec2-user/data/topics/3439 1246
@/home/ec2-user/data/topics/1082 1247
@/home/ec2-user/data/topics/1651 1248
@/home/ec2-user/data/topics/3461 1249
@/home/ec2-user/data/topics/4990 1250
@/home/ec2-user/data/topics/1340 1251
@/home/ec2-user/data/topics/4559 1252
@/home/ec2-user/data/topics/1278 1253
@/home/ec2-user/data/topics/3648 1254
@/home/ec2-user/data/topics/4489 1255
@/home/ec2-user/data/topics/4547 1256
@/home/ec2-user/data/topics/3973 1257
@/home/ec2-user/data/topics/3350 1258
@/home/ec2-user/data/topics/3596 1259
@/home/ec2-user/data/topics/3691 1260
@/home/ec2-user/data/topics/1693 1261
@/home/ec2-user/data/topics/1247 1262
@/home/ec2-user/data/topics/2081 1263
@/home/ec2-user/data/topics/1562 1264
@/home/ec2-user/data/topics/3659 1265
@/home/ec2-user/data/topics/3588 1266
@/home/ec2-user/data/topics/4943 1267
@/home/ec2-user/data/topics/3822 1268
凸版印刷株式会社

@/home/ec2-user/data/topics/3526 1269
@/home/ec2-user/data/topics/3500 1269
@/home/ec2-user/data/topics/1977 1270
@/home/ec2-user/data/topics/1091 1271
@/home/ec2-user/data/topics/4874 1272
@/home/ec2-user/data/topics/1765 1273
@/home/ec2-user/data/topics/3624 1274
株式会社ノーリツ

@/home/ec2-user/data/topics/4776 1275
@/home/ec2-user/data/topics/4354 1275
@/home/ec2-user/data/topics/1760 1276
@/home/ec2-user/data/topics/1618 1277
@/home/ec2-user/data/topics/2116 1278
@/home/ec2-user/data/topics/4206 1279
@/home/ec2-user/data/topics/1598 1280
@/home/ec2-user/data/topics/1290 1281
川崎重工業株式会社

@/home/ec2-user/data/topics/5025 1282
@/home/ec2-user/data/topics/4866 1282
@/home/ec2-user/data/topics/1162 1283
@/home/ec2-user/data/topics/1172 1284
@/home/ec2-user/data/topics/4756 1285
@/home/ec2-user/data/topics/4572 1286
@/home/ec2-user/data/topics/4793 1287
@/home/ec2-user/data/topics/4944 1288
ティーディーケイ株式会社

@/home/ec2-user/data/topics/1129 1289
@/home/ec2-user/data/topics/2202 1289
@/home/ec2-user/data/topics/3792 1290
@/home/ec2-user/data/topics/2210 1291
@/home/ec2-user/data/topics/3909 1292
@/home/ec2-user/data/topics/1409 1293
@/home/ec2-user/data/topics/1510 1294
@/home/ec2-user/data/topics/4619 1295
@/home/ec2-user/data/topics/3798 1296
京セラミタ株式会社

@/home/ec2-user/data/topics/4174 1297
@/home/ec2-user/data/topics/2141 1297
@/home/ec2-user/data/topics/1930 1298
@/home/ec2-user/data/topics/4564 1299
@/home/ec2-user/data/topics/4985 1300
@/home/ec2-user/data/topics/4973 1301
@/home/ec2-user/data/topics/1032 1302
株式会社クボタ

@/home/ec2-user/data/topics/4379 1303
@/home/ec2-user/data/topics/1280 1303
@/home/ec2-user/data/topics/3919 1304
@/home/ec2-user/data/topics/3854 1305
@/home/ec2-user/data/topics/1734 1306
@/home/ec2-user/data/topics/4745 1307
@/home/ec2-user/data/topics/1448 1308
@/home/ec2-user/data/topics/3823 1309
@/home/ec2-user/data/topics/1012 1310
@/home/ec2-user/data/topics/4251 1311
シャープ株式会社

@/home/ec2-user/data/topics/4861 1312
@/home/ec2-user/data/topics/2087 1312
@/home/ec2-user/data/topics/3673 1313
@/home/ec2-user/data/topics/3610 1314
@/home/ec2-user/data/topics/3793 1315
@/home/ec2-user/data/topics/3871 1316
@/home/ec2-user/data/topics/2020 1317
@/home/ec2-user/data/topics/3777 1318
@/home/ec2-user/data/topics/3649 1319
@/home/ec2-user/data/topics/4214 1320
@/home/ec2-user/data/topics/4782 1321
@/home/ec2-user/data/topics/4430 1322
@/home/ec2-user/data/topics/1174 1323
@/home/ec2-user/data/topics/3858 1324
@/home/ec2-user/data/topics/4228 1325
@/home/ec2-user/data/topics/3678 1326
@/home/ec2-user/data/topics/4469 1327
@/home/ec2-user/data/topics/3578 1328
@/home/ec2-user/data/topics/3762 1329
@/home/ec2-user/data/topics/4717 1330
@/home/ec2-user/data/topics/3832 1331
@/home/ec2-user/data/topics/1563 1332
@/home/ec2-user/data/topics/4263 1333
@/home/ec2-user/data/topics/1258 1334
@/home/ec2-user/data/topics/1396 1335
@/home/ec2-user/data/topics/4349 1336
@/home/ec2-user/data/topics/3679 1337
@/home/ec2-user/data/topics/1419 1338
@/home/ec2-user/data/topics/3966 1339
@/home/ec2-user/data/topics/4683 1340
@/home/ec2-user/data/topics/4245 1341
@/home/ec2-user/data/topics/4252 1342
@/home/ec2-user/data/topics/3813 1343
@/home/ec2-user/data/topics/3422 1344
@/home/ec2-user/data/topics/1561 1345
@/home/ec2-user/data/topics/1804 1346
@/home/ec2-user/data/topics/3855 1347
@/home/ec2-user/data/topics/1209 1348
@/home/ec2-user/data/topics/3978 1349
@/home/ec2-user/data/topics/1384 1350
@/home/ec2-user/data/topics/1431 1351
@/home/ec2-user/data/topics/4105 1352
@/home/ec2-user/data/topics/4516 1353
@/home/ec2-user/data/topics/4113 1354
@/home/ec2-user/data/topics/3895 1355
@/home/ec2-user/data/topics/4230 1356
@/home/ec2-user/data/topics/4005 1357
@/home/ec2-user/data/topics/4323 1358
@/home/ec2-user/data/topics/4173 1359
@/home/ec2-user/data/topics/1840 1360
@/home/ec2-user/data/topics/3957 1361
@/home/ec2-user/data/topics/3452 1362
@/home/ec2-user/data/topics/4256 1363
@/home/ec2-user/data/topics/4648 1364
@/home/ec2-user/data/topics/4691 1365
@/home/ec2-user/data/topics/3606 1366
@/home/ec2-user/data/topics/2118 1367
@/home/ec2-user/data/topics/3450 1368
@/home/ec2-user/data/topics/3776 1369
@/home/ec2-user/data/topics/2084 1370
@/home/ec2-user/data/topics/4103 1371
@/home/ec2-user/data/topics/1288 1372
@/home/ec2-user/data/topics/4124 1373
@/home/ec2-user/data/topics/4519 1374
@/home/ec2-user/data/topics/1318 1375
@/home/ec2-user/data/topics/1970 1376
@/home/ec2-user/data/topics/3981 1377
@/home/ec2-user/data/topics/1349 1378
@/home/ec2-user/data/topics/4127 1379
@/home/ec2-user/data/topics/1965 1380
@/home/ec2-user/data/topics/4744 1381
@/home/ec2-user/data/topics/4583 1382
@/home/ec2-user/data/topics/3698 1383
@/home/ec2-user/data/topics/4095 1384
@/home/ec2-user/data/topics/3537 1385
@/home/ec2-user/data/topics/1154 1386
@/home/ec2-user/data/topics/4152 1387
@/home/ec2-user/data/topics/1685 1388
@/home/ec2-user/data/topics/4019 1389
@/home/ec2-user/data/topics/3760 1390
@/home/ec2-user/data/topics/3941 1391
日本輸送機株式会社

@/home/ec2-user/data/topics/1493 1392
@/home/ec2-user/data/topics/1191 1392
@/home/ec2-user/data/topics/3573 1393
@/home/ec2-user/data/topics/2221 1394
@/home/ec2-user/data/topics/1456 1395
@/home/ec2-user/data/topics/2065 1396
@/home/ec2-user/data/topics/1108 1397
@/home/ec2-user/data/topics/1940 1398
東京エレクトロン株式会社

@/home/ec2-user/data/topics/4345 1399
@/home/ec2-user/data/topics/1800 1399
@/home/ec2-user/data/topics/1736 1400
@/home/ec2-user/data/topics/1263 1401
@/home/ec2-user/data/topics/4618 1402
@/home/ec2-user/data/topics/4702 1403
@/home/ec2-user/data/topics/4023 1404
@/home/ec2-user/data/topics/1508 1405
@/home/ec2-user/data/topics/3947 1406
@/home/ec2-user/data/topics/4906 1407
@/home/ec2-user/data/topics/4053 1408
@/home/ec2-user/data/topics/4002 1409
株式会社村田製作所

@/home/ec2-user/data/topics/4325 1410
@/home/ec2-user/data/topics/2229 1410
@/home/ec2-user/data/topics/3435 1411
@/home/ec2-user/data/topics/4432 1412
@/home/ec2-user/data/topics/4703 1413
@/home/ec2-user/data/topics/4042 1414
@/home/ec2-user/data/topics/1374 1415
@/home/ec2-user/data/topics/3697 1416
@/home/ec2-user/data/topics/4070 1417
@/home/ec2-user/data/topics/4163 1418
@/home/ec2-user/data/topics/4271 1419
@/home/ec2-user/data/topics/3885 1420
@/home/ec2-user/data/topics/1411 1421
@/home/ec2-user/data/topics/4378 1422
@/home/ec2-user/data/topics/4795 1423
@/home/ec2-user/data/topics/3482 1424
@/home/ec2-user/data/topics/4417 1425
日本電信電話株式会社

@/home/ec2-user/data/topics/4121 1426
@/home/ec2-user/data/topics/4146 1426
@/home/ec2-user/data/topics/4965 1427
@/home/ec2-user/data/topics/1787 1428
@/home/ec2-user/data/topics/3927 1429
@/home/ec2-user/data/topics/3544 1430
@/home/ec2-user/data/topics/4118 1431
@/home/ec2-user/data/topics/3536 1432
@/home/ec2-user/data/topics/4865 1433
@/home/ec2-user/data/topics/3586 1434
@/home/ec2-user/data/topics/1809 1435
@/home/ec2-user/data/topics/4488 1436
@/home/ec2-user/data/topics/4115 1437
@/home/ec2-user/data/topics/1042 1438
@/home/ec2-user/data/topics/4114 1439
@/home/ec2-user/data/topics/3568 1440
@/home/ec2-user/data/topics/4232 1441
@/home/ec2-user/data/topics/4870 1442
@/home/ec2-user/data/topics/4505 1443
@/home/ec2-user/data/topics/4025 1444
@/home/ec2-user/data/topics/4208 1445
@/home/ec2-user/data/topics/3915 1446
@/home/ec2-user/data/topics/4664 1447
@/home/ec2-user/data/topics/3359 1448
@/home/ec2-user/data/topics/4087 1449
@/home/ec2-user/data/topics/1229 1450
@/home/ec2-user/data/topics/1934 1451
@/home/ec2-user/data/topics/4560 1452
@/home/ec2-user/data/topics/3650 1453
@/home/ec2-user/data/topics/3811 1454
@/home/ec2-user/data/topics/3552 1455
@/home/ec2-user/data/topics/4131 1456
@/home/ec2-user/data/topics/2017 1457
@/home/ec2-user/data/topics/1230 1458
@/home/ec2-user/data/topics/4964 1459
@/home/ec2-user/data/topics/4836 1460
@/home/ec2-user/data/topics/3894 1461
@/home/ec2-user/data/topics/4925 1462
@/home/ec2-user/data/topics/4175 1463
@/home/ec2-user/data/topics/4792 1464
@/home/ec2-user/data/topics/3785 1465
@/home/ec2-user/data/topics/3521 1466
@/home/ec2-user/data/topics/4916 1467
@/home/ec2-user/data/topics/3928 1468
@/home/ec2-user/data/topics/2130 1469
@/home/ec2-user/data/topics/4511 1470
@/home/ec2-user/data/topics/4104 1471
@/home/ec2-user/data/topics/3509 1472
@/home/ec2-user/data/topics/1408 1473
@/home/ec2-user/data/topics/3824 1474
@/home/ec2-user/data/topics/4335 1475
@/home/ec2-user/data/topics/1556 1476
@/home/ec2-user/data/topics/4443 1477
@/home/ec2-user/data/topics/3425 1478
@/home/ec2-user/data/topics/3641 1479
@/home/ec2-user/data/topics/4952 1480
日本鋼管株式会社

@/home/ec2-user/data/topics/4455 1481
@/home/ec2-user/data/topics/4289 1481
@/home/ec2-user/data/topics/3572 1482
@/home/ec2-user/data/topics/4161 1483
@/home/ec2-user/data/topics/2095 1484
@/home/ec2-user/data/topics/1690 1485
@/home/ec2-user/data/topics/1404 1486
株式会社神戸製鋼所

@/home/ec2-user/data/topics/3902 1487
@/home/ec2-user/data/topics/3674 1487
@/home/ec2-user/data/topics/3475 1488
@/home/ec2-user/data/topics/1465 1489
@/home/ec2-user/data/topics/3632 1490
@/home/ec2-user/data/topics/4949 1491
@/home/ec2-user/data/topics/2064 1492
株式会社ケンウッド

@/home/ec2-user/data/topics/1896 1493
@/home/ec2-user/data/topics/2036 1493
@/home/ec2-user/data/topics/3463 1494
@/home/ec2-user/data/topics/4167 1495
@/home/ec2-user/data/topics/3969 1496
@/home/ec2-user/data/topics/4038 1497
@/home/ec2-user/data/topics/3878 1498
@/home/ec2-user/data/topics/4050 1499
@/home/ec2-user/data/topics/3839 1500
@/home/ec2-user/data/topics/4467 1501
@/home/ec2-user/data/topics/1424 1502
@/home/ec2-user/data/topics/3977 1503
@/home/ec2-user/data/topics/3801 1504
@/home/ec2-user/data/topics/1345 1505
@/home/ec2-user/data/topics/2163 1506
@/home/ec2-user/data/topics/1698 1507
@/home/ec2-user/data/topics/1617 1508
@/home/ec2-user/data/topics/1186 1509
@/home/ec2-user/data/topics/1241 1510
@/home/ec2-user/data/topics/1115 1511
@/home/ec2-user/data/topics/3794 1512
東陶機器株式会社

@/home/ec2-user/data/topics/3583 1513
@/home/ec2-user/data/topics/2135 1513
@/home/ec2-user/data/topics/1692 1514
@/home/ec2-user/data/topics/1626 1515
@/home/ec2-user/data/topics/1735 1516
@/home/ec2-user/data/topics/3821 1517
本田技研工業株式会社

@/home/ec2-user/data/topics/1143 1518
@/home/ec2-user/data/topics/4783 1518
@/home/ec2-user/data/topics/4199 1519
@/home/ec2-user/data/topics/1266 1520
@/home/ec2-user/data/topics/1822 1521
@/home/ec2-user/data/topics/1226 1522
@/home/ec2-user/data/topics/4033 1523
@/home/ec2-user/data/topics/2016 1524
@/home/ec2-user/data/topics/4375 1525
@/home/ec2-user/data/topics/1605 1526
@/home/ec2-user/data/topics/1818 1527
@/home/ec2-user/data/topics/3685 1528
@/home/ec2-user/data/topics/4331 1529
@/home/ec2-user/data/topics/2000 1530
@/home/ec2-user/data/topics/1215 1531
@/home/ec2-user/data/topics/4132 1532
@/home/ec2-user/data/topics/1444 1533
@/home/ec2-user/data/topics/4888 1534
@/home/ec2-user/data/topics/5026 1535
新日本製鐵株式会社

@/home/ec2-user/data/topics/5008 1536
@/home/ec2-user/data/topics/3663 1536
@/home/ec2-user/data/topics/3899 1537
@/home/ec2-user/data/topics/3861 1538
@/home/ec2-user/data/topics/3368 1539
@/home/ec2-user/data/topics/4472 1540
松下電工株式会社

@/home/ec2-user/data/topics/3379 1541
@/home/ec2-user/data/topics/4094 1541
@/home/ec2-user/data/topics/3565 1542
@/home/ec2-user/data/topics/4029 1543
@/home/ec2-user/data/topics/2045 1544
@/home/ec2-user/data/topics/1803 1545
@/home/ec2-user/data/topics/4347 1546
@/home/ec2-user/data/topics/1011 1547
@/home/ec2-user/data/topics/4012 1548
@/home/ec2-user/data/topics/3651 1549
@/home/ec2-user/data/topics/3835 1550
@/home/ec2-user/data/topics/4083 1551
@/home/ec2-user/data/topics/3549 1552
@/home/ec2-user/data/topics/3778 1553
@/home/ec2-user/data/topics/4592 1554
@/home/ec2-user/data/topics/1311 1555
@/home/ec2-user/data/topics/4450 1556
@/home/ec2-user/data/topics/1251 1557
@/home/ec2-user/data/topics/4317 1558
@/home/ec2-user/data/topics/3511 1559
@/home/ec2-user/data/topics/3932 1560
@/home/ec2-user/data/topics/3670 1561
usernum: 72
hit: 725
simhit: 963
simmax: 0.624349446951
simmin: 0.0
simavg: 0.203795981007
dlmax: 0.116296930275
dlmin: 0.00875907417822
dlavg: 0.033054574321
mthit: 1075
mthls: 10
srp: 1033.55
total: 1562
hit/total: 0.464148527529
simhit/total: 0.616517285531
mthit/(total+usernum): 0.657894736842
mthls/(total+usernum): 0.00611995104039
srp/(total+usernum): 0.0903610771114
srp20/(total+usernum): 0.0258393075713
srp100/(total+usernum): 0.0534245497465
srp500/(total+usernum): 0.0776030774611

2017-01-12 17:50:08.101468
