2016-12-24 13:52:46.622270

topic-folder:/home/ec2-user/data/topics/
cl-file:/home/ec2-user/git/tfidf/result-new/b3-3.txt
cl-floder:/home/ec2-user/data/ldaclass-32-2000-top10000/
zipf:0.2
stype[0(tfidf)/1(tfidf2)/2(lsa)/3(lda)]:3
dtype[<0(diff*rand)/0(diff)/1(same)/>=2(diff*same)]:0
output-floder:/home/ec2-user/git/userquery/result

三菱マテリアル株式会社

@/home/ec2-user/data/topics/3866 0
@/home/ec2-user/data/topics/1085 0
@/home/ec2-user/data/topics/1638 1
@/home/ec2-user/data/topics/3546 2
@/home/ec2-user/data/topics/2093 3
@/home/ec2-user/data/topics/3520 4
@/home/ec2-user/data/topics/3630 5
@/home/ec2-user/data/topics/3470 6
日本精機株式会社

@/home/ec2-user/data/topics/4709 7
@/home/ec2-user/data/topics/4875 7
@/home/ec2-user/data/topics/4907 8
@/home/ec2-user/data/topics/1398 9
@/home/ec2-user/data/topics/4972 10
@/home/ec2-user/data/topics/4690 11
コニカ株式会社

@/home/ec2-user/data/topics/3419 12
@/home/ec2-user/data/topics/3426 12
@/home/ec2-user/data/topics/3431 13
@/home/ec2-user/data/topics/1946 14
@/home/ec2-user/data/topics/3370 15
@/home/ec2-user/data/topics/2162 16
@/home/ec2-user/data/topics/3533 17
@/home/ec2-user/data/topics/3357 18
@/home/ec2-user/data/topics/3486 19
@/home/ec2-user/data/topics/3414 20
@/home/ec2-user/data/topics/3418 21
埼玉日本電気株式会社

@/home/ec2-user/data/topics/4496 22
@/home/ec2-user/data/topics/5010 22
@/home/ec2-user/data/topics/4283 23
@/home/ec2-user/data/topics/1512 24
@/home/ec2-user/data/topics/4242 25
@/home/ec2-user/data/topics/4468 26
@/home/ec2-user/data/topics/4998 27
@/home/ec2-user/data/topics/4279 28
@/home/ec2-user/data/topics/1620 29
アルプス電気株式会社

@/home/ec2-user/data/topics/3429 30
@/home/ec2-user/data/topics/3582 30
@/home/ec2-user/data/topics/2012 31
@/home/ec2-user/data/topics/1434 32
@/home/ec2-user/data/topics/4791 33
@/home/ec2-user/data/topics/1253 34
@/home/ec2-user/data/topics/2089 35
三菱重工業株式会社

@/home/ec2-user/data/topics/4412 36
@/home/ec2-user/data/topics/3591 36
@/home/ec2-user/data/topics/3503 37
@/home/ec2-user/data/topics/3529 38
@/home/ec2-user/data/topics/4687 39
@/home/ec2-user/data/topics/3637 40
@/home/ec2-user/data/topics/4882 41
@/home/ec2-user/data/topics/4862 42
@/home/ec2-user/data/topics/5022 43
@/home/ec2-user/data/topics/3944 44
@/home/ec2-user/data/topics/4563 45
@/home/ec2-user/data/topics/3833 46
村田機械株式会社

@/home/ec2-user/data/topics/4596 47
@/home/ec2-user/data/topics/4441 47
@/home/ec2-user/data/topics/5000 48
@/home/ec2-user/data/topics/4565 49
@/home/ec2-user/data/topics/4835 50
@/home/ec2-user/data/topics/1607 51
@/home/ec2-user/data/topics/4638 52
@/home/ec2-user/data/topics/4746 53
@/home/ec2-user/data/topics/1293 54
@/home/ec2-user/data/topics/4570 55
@/home/ec2-user/data/topics/4645 56
@/home/ec2-user/data/topics/4941 57
@/home/ec2-user/data/topics/4556 58
@/home/ec2-user/data/topics/1511 59
@/home/ec2-user/data/topics/3528 60
@/home/ec2-user/data/topics/1074 61
@/home/ec2-user/data/topics/3740 62
川崎製鉄株式会社

@/home/ec2-user/data/topics/4615 63
@/home/ec2-user/data/topics/3553 63
@/home/ec2-user/data/topics/3611 64
@/home/ec2-user/data/topics/1037 65
@/home/ec2-user/data/topics/1459 66
@/home/ec2-user/data/topics/3929 67
@/home/ec2-user/data/topics/3483 68
@/home/ec2-user/data/topics/3413 69
@/home/ec2-user/data/topics/3532 70
ダイキン工業株式会社

@/home/ec2-user/data/topics/4734 71
@/home/ec2-user/data/topics/4515 71
@/home/ec2-user/data/topics/4400 72
@/home/ec2-user/data/topics/4701 73
@/home/ec2-user/data/topics/1565 74
@/home/ec2-user/data/topics/3888 75
@/home/ec2-user/data/topics/1600 76
@/home/ec2-user/data/topics/4367 77
@/home/ec2-user/data/topics/4753 78
@/home/ec2-user/data/topics/4845 79
@/home/ec2-user/data/topics/4858 80
三菱自動車工業株式会社

@/home/ec2-user/data/topics/2101 81
@/home/ec2-user/data/topics/1428 81
@/home/ec2-user/data/topics/4189 82
@/home/ec2-user/data/topics/3502 83
@/home/ec2-user/data/topics/3815 84
@/home/ec2-user/data/topics/1816 85
@/home/ec2-user/data/topics/1527 86
@/home/ec2-user/data/topics/3940 87
日産自動車株式会社

@/home/ec2-user/data/topics/3497 88
@/home/ec2-user/data/topics/3712 88
@/home/ec2-user/data/topics/3489 89
@/home/ec2-user/data/topics/4074 90
@/home/ec2-user/data/topics/3936 91
@/home/ec2-user/data/topics/3829 92
@/home/ec2-user/data/topics/3645 93
@/home/ec2-user/data/topics/3501 94
@/home/ec2-user/data/topics/3723 95
@/home/ec2-user/data/topics/4982 96
@/home/ec2-user/data/topics/3677 97
トヨタ自動車株式会社

@/home/ec2-user/data/topics/2218 98
@/home/ec2-user/data/topics/4298 98
@/home/ec2-user/data/topics/4064 99
@/home/ec2-user/data/topics/4658 100
@/home/ec2-user/data/topics/4008 101
@/home/ec2-user/data/topics/4633 102
@/home/ec2-user/data/topics/1551 103
@/home/ec2-user/data/topics/4543 104
@/home/ec2-user/data/topics/4647 105
@/home/ec2-user/data/topics/4767 106
@/home/ec2-user/data/topics/3356 107
@/home/ec2-user/data/topics/3405 108
@/home/ec2-user/data/topics/3943 109
@/home/ec2-user/data/topics/3481 110
@/home/ec2-user/data/topics/3699 111
@/home/ec2-user/data/topics/4617 112
@/home/ec2-user/data/topics/3587 113
@/home/ec2-user/data/topics/4426 114
@/home/ec2-user/data/topics/1494 115
@/home/ec2-user/data/topics/2111 116
@/home/ec2-user/data/topics/3758 117
@/home/ec2-user/data/topics/3783 118
@/home/ec2-user/data/topics/4144 119
@/home/ec2-user/data/topics/3725 120
@/home/ec2-user/data/topics/3731 121
@/home/ec2-user/data/topics/4030 122
@/home/ec2-user/data/topics/4346 123
@/home/ec2-user/data/topics/3671 124
@/home/ec2-user/data/topics/4920 125
オリンパス光学工業株式会社

@/home/ec2-user/data/topics/2026 126
@/home/ec2-user/data/topics/1586 126
@/home/ec2-user/data/topics/4007 127
@/home/ec2-user/data/topics/4013 128
@/home/ec2-user/data/topics/1981 129
@/home/ec2-user/data/topics/1869 130
@/home/ec2-user/data/topics/1155 131
@/home/ec2-user/data/topics/1835 132
@/home/ec2-user/data/topics/1107 133
@/home/ec2-user/data/topics/4878 134
@/home/ec2-user/data/topics/1739 135
@/home/ec2-user/data/topics/5006 136
ブラザー工業株式会社

@/home/ec2-user/data/topics/4548 137
@/home/ec2-user/data/topics/3507 137
@/home/ec2-user/data/topics/1164 138
@/home/ec2-user/data/topics/3789 139
@/home/ec2-user/data/topics/2085 140
@/home/ec2-user/data/topics/3686 141
@/home/ec2-user/data/topics/1300 142
@/home/ec2-user/data/topics/3613 143
@/home/ec2-user/data/topics/1697 144
@/home/ec2-user/data/topics/1183 145
@/home/ec2-user/data/topics/1076 146
@/home/ec2-user/data/topics/1636 147
@/home/ec2-user/data/topics/3477 148
@/home/ec2-user/data/topics/2086 149
@/home/ec2-user/data/topics/1906 150
富士通株式会社

@/home/ec2-user/data/topics/3460 151
@/home/ec2-user/data/topics/1874 151
@/home/ec2-user/data/topics/1998 152
@/home/ec2-user/data/topics/3962 153
@/home/ec2-user/data/topics/3400 154
@/home/ec2-user/data/topics/4191 155
@/home/ec2-user/data/topics/3802 156
@/home/ec2-user/data/topics/3862 157
@/home/ec2-user/data/topics/2215 158
@/home/ec2-user/data/topics/3399 159
@/home/ec2-user/data/topics/3912 160
@/home/ec2-user/data/topics/3636 161
@/home/ec2-user/data/topics/3749 162
@/home/ec2-user/data/topics/3846 163
@/home/ec2-user/data/topics/3799 164
@/home/ec2-user/data/topics/3538 165
@/home/ec2-user/data/topics/5004 166
@/home/ec2-user/data/topics/3870 167
@/home/ec2-user/data/topics/1547 168
@/home/ec2-user/data/topics/3883 169
@/home/ec2-user/data/topics/2216 170
@/home/ec2-user/data/topics/1271 171
@/home/ec2-user/data/topics/3765 172
@/home/ec2-user/data/topics/1609 173
@/home/ec2-user/data/topics/1123 174
@/home/ec2-user/data/topics/2227 175
@/home/ec2-user/data/topics/3428 176
@/home/ec2-user/data/topics/3970 177
@/home/ec2-user/data/topics/3751 178
@/home/ec2-user/data/topics/3381 179
@/home/ec2-user/data/topics/1264 180
@/home/ec2-user/data/topics/3850 181
静岡日本電気株式会社

@/home/ec2-user/data/topics/4250 182
@/home/ec2-user/data/topics/4314 182
@/home/ec2-user/data/topics/4531 183
@/home/ec2-user/data/topics/4507 184
@/home/ec2-user/data/topics/4365 185
@/home/ec2-user/data/topics/4326 186
住友重機械工業株式会社

@/home/ec2-user/data/topics/1505 187
@/home/ec2-user/data/topics/1900 187
@/home/ec2-user/data/topics/3952 188
@/home/ec2-user/data/topics/1553 189
@/home/ec2-user/data/topics/1019 190
@/home/ec2-user/data/topics/2039 191
@/home/ec2-user/data/topics/1373 192
@/home/ec2-user/data/topics/3868 193
@/home/ec2-user/data/topics/4854 194
大日本印刷株式会社

@/home/ec2-user/data/topics/1145 195
@/home/ec2-user/data/topics/1262 195
@/home/ec2-user/data/topics/3388 196
@/home/ec2-user/data/topics/1099 197
@/home/ec2-user/data/topics/1564 198
@/home/ec2-user/data/topics/3569 199
日本電気株式会社

@/home/ec2-user/data/topics/1973 200
@/home/ec2-user/data/topics/4902 200
@/home/ec2-user/data/topics/4749 201
@/home/ec2-user/data/topics/4696 202
@/home/ec2-user/data/topics/2127 203
@/home/ec2-user/data/topics/4750 204
@/home/ec2-user/data/topics/3886 205
@/home/ec2-user/data/topics/4759 206
@/home/ec2-user/data/topics/4530 207
@/home/ec2-user/data/topics/4318 208
@/home/ec2-user/data/topics/4196 209
@/home/ec2-user/data/topics/3766 210
@/home/ec2-user/data/topics/4257 211
@/home/ec2-user/data/topics/4816 212
@/home/ec2-user/data/topics/1879 213
@/home/ec2-user/data/topics/1948 214
@/home/ec2-user/data/topics/1523 215
@/home/ec2-user/data/topics/4168 216
@/home/ec2-user/data/topics/4236 217
@/home/ec2-user/data/topics/4186 218
@/home/ec2-user/data/topics/4425 219
@/home/ec2-user/data/topics/4644 220
@/home/ec2-user/data/topics/4278 221
@/home/ec2-user/data/topics/4760 222
@/home/ec2-user/data/topics/3954 223
@/home/ec2-user/data/topics/1101 224
@/home/ec2-user/data/topics/4440 225
@/home/ec2-user/data/topics/4227 226
@/home/ec2-user/data/topics/4207 227
@/home/ec2-user/data/topics/1612 228
@/home/ec2-user/data/topics/3875 229
@/home/ec2-user/data/topics/4338 230
@/home/ec2-user/data/topics/4533 231
@/home/ec2-user/data/topics/4764 232
@/home/ec2-user/data/topics/4651 233
@/home/ec2-user/data/topics/3897 234
@/home/ec2-user/data/topics/4171 235
@/home/ec2-user/data/topics/4682 236
@/home/ec2-user/data/topics/1937 237
@/home/ec2-user/data/topics/4313 238
@/home/ec2-user/data/topics/4260 239
@/home/ec2-user/data/topics/4532 240
@/home/ec2-user/data/topics/4838 241
@/home/ec2-user/data/topics/4158 242
@/home/ec2-user/data/topics/1661 243
@/home/ec2-user/data/topics/4371 244
@/home/ec2-user/data/topics/4770 245
@/home/ec2-user/data/topics/1852 246
@/home/ec2-user/data/topics/3744 247
@/home/ec2-user/data/topics/3995 248
@/home/ec2-user/data/topics/4536 249
@/home/ec2-user/data/topics/4276 250
@/home/ec2-user/data/topics/4429 251
@/home/ec2-user/data/topics/4877 252
@/home/ec2-user/data/topics/4390 253
@/home/ec2-user/data/topics/4120 254
@/home/ec2-user/data/topics/4549 255
@/home/ec2-user/data/topics/2150 256
@/home/ec2-user/data/topics/4204 257
@/home/ec2-user/data/topics/4650 258
@/home/ec2-user/data/topics/4097 259
@/home/ec2-user/data/topics/4418 260
@/home/ec2-user/data/topics/4490 261
@/home/ec2-user/data/topics/4258 262
@/home/ec2-user/data/topics/4721 263
@/home/ec2-user/data/topics/4003 264
@/home/ec2-user/data/topics/4926 265
@/home/ec2-user/data/topics/1122 266
@/home/ec2-user/data/topics/4665 267
@/home/ec2-user/data/topics/1457 268
@/home/ec2-user/data/topics/4309 269
@/home/ec2-user/data/topics/4785 270
@/home/ec2-user/data/topics/1710 271
@/home/ec2-user/data/topics/4824 272
@/home/ec2-user/data/topics/1464 273
@/home/ec2-user/data/topics/4742 274
@/home/ec2-user/data/topics/4119 275
@/home/ec2-user/data/topics/4359 276
@/home/ec2-user/data/topics/2022 277
@/home/ec2-user/data/topics/4414 278
@/home/ec2-user/data/topics/1773 279
@/home/ec2-user/data/topics/1928 280
@/home/ec2-user/data/topics/1844 281
@/home/ec2-user/data/topics/4092 282
@/home/ec2-user/data/topics/4689 283
@/home/ec2-user/data/topics/4192 284
@/home/ec2-user/data/topics/4497 285
@/home/ec2-user/data/topics/4718 286
@/home/ec2-user/data/topics/4185 287
@/home/ec2-user/data/topics/4728 288
@/home/ec2-user/data/topics/4699 289
@/home/ec2-user/data/topics/4267 290
@/home/ec2-user/data/topics/1078 291
@/home/ec2-user/data/topics/1116 292
@/home/ec2-user/data/topics/1199 293
@/home/ec2-user/data/topics/1923 294
@/home/ec2-user/data/topics/4434 295
@/home/ec2-user/data/topics/4129 296
@/home/ec2-user/data/topics/4071 297
@/home/ec2-user/data/topics/4486 298
@/home/ec2-user/data/topics/1764 299
@/home/ec2-user/data/topics/4209 300
@/home/ec2-user/data/topics/2144 301
@/home/ec2-user/data/topics/4940 302
@/home/ec2-user/data/topics/1326 303
@/home/ec2-user/data/topics/4153 304
@/home/ec2-user/data/topics/4310 305
@/home/ec2-user/data/topics/3938 306
@/home/ec2-user/data/topics/1016 307
@/home/ec2-user/data/topics/4138 308
@/home/ec2-user/data/topics/3956 309
@/home/ec2-user/data/topics/4666 310
@/home/ec2-user/data/topics/3853 311
@/home/ec2-user/data/topics/4850 312
@/home/ec2-user/data/topics/4281 313
@/home/ec2-user/data/topics/4254 314
@/home/ec2-user/data/topics/4398 315
@/home/ec2-user/data/topics/2088 316
@/home/ec2-user/data/topics/1783 317
@/home/ec2-user/data/topics/4643 318
@/home/ec2-user/data/topics/1052 319
@/home/ec2-user/data/topics/4116 320
@/home/ec2-user/data/topics/4603 321
@/home/ec2-user/data/topics/1281 322
@/home/ec2-user/data/topics/4300 323
@/home/ec2-user/data/topics/1100 324
@/home/ec2-user/data/topics/4634 325
@/home/ec2-user/data/topics/4360 326
@/home/ec2-user/data/topics/1557 327
@/home/ec2-user/data/topics/3971 328
@/home/ec2-user/data/topics/3865 329
@/home/ec2-user/data/topics/1500 330
@/home/ec2-user/data/topics/4578 331
@/home/ec2-user/data/topics/4247 332
@/home/ec2-user/data/topics/5034 333
@/home/ec2-user/data/topics/4093 334
@/home/ec2-user/data/topics/4315 335
@/home/ec2-user/data/topics/3767 336
@/home/ec2-user/data/topics/4404 337
@/home/ec2-user/data/topics/4100 338
@/home/ec2-user/data/topics/4460 339
@/home/ec2-user/data/topics/1815 340
@/home/ec2-user/data/topics/4725 341
@/home/ec2-user/data/topics/1383 342
@/home/ec2-user/data/topics/1567 343
@/home/ec2-user/data/topics/4352 344
@/home/ec2-user/data/topics/4275 345
@/home/ec2-user/data/topics/4162 346
@/home/ec2-user/data/topics/4876 347
@/home/ec2-user/data/topics/4892 348
@/home/ec2-user/data/topics/4137 349
@/home/ec2-user/data/topics/4708 350
@/home/ec2-user/data/topics/4063 351
@/home/ec2-user/data/topics/3724 352
@/home/ec2-user/data/topics/1791 353
@/home/ec2-user/data/topics/4128 354
@/home/ec2-user/data/topics/4433 355
@/home/ec2-user/data/topics/4480 356
@/home/ec2-user/data/topics/4272 357
@/home/ec2-user/data/topics/4246 358
@/home/ec2-user/data/topics/3729 359
@/home/ec2-user/data/topics/4319 360
@/home/ec2-user/data/topics/2119 361
@/home/ec2-user/data/topics/4288 362
@/home/ec2-user/data/topics/4427 363
@/home/ec2-user/data/topics/4238 364
@/home/ec2-user/data/topics/1364 365
@/home/ec2-user/data/topics/4320 366
@/home/ec2-user/data/topics/4584 367
@/home/ec2-user/data/topics/4142 368
@/home/ec2-user/data/topics/4017 369
@/home/ec2-user/data/topics/4273 370
@/home/ec2-user/data/topics/1112 371
@/home/ec2-user/data/topics/4216 372
@/home/ec2-user/data/topics/1624 373
@/home/ec2-user/data/topics/1867 374
@/home/ec2-user/data/topics/3896 375
@/home/ec2-user/data/topics/4626 376
@/home/ec2-user/data/topics/4561 377
@/home/ec2-user/data/topics/4657 378
@/home/ec2-user/data/topics/4134 379
@/home/ec2-user/data/topics/1634 380
@/home/ec2-user/data/topics/4458 381
@/home/ec2-user/data/topics/4598 382
@/home/ec2-user/data/topics/1724 383
@/home/ec2-user/data/topics/4244 384
@/home/ec2-user/data/topics/4081 385
@/home/ec2-user/data/topics/4775 386
@/home/ec2-user/data/topics/4342 387
@/home/ec2-user/data/topics/1595 388
@/home/ec2-user/data/topics/4442 389
@/home/ec2-user/data/topics/4446 390
@/home/ec2-user/data/topics/4595 391
@/home/ec2-user/data/topics/4082 392
@/home/ec2-user/data/topics/4537 393
@/home/ec2-user/data/topics/1362 394
@/home/ec2-user/data/topics/1360 395
@/home/ec2-user/data/topics/1486 396
@/home/ec2-user/data/topics/4447 397
@/home/ec2-user/data/topics/4477 398
@/home/ec2-user/data/topics/4062 399
@/home/ec2-user/data/topics/4240 400
@/home/ec2-user/data/topics/4343 401
@/home/ec2-user/data/topics/4659 402
@/home/ec2-user/data/topics/4388 403
@/home/ec2-user/data/topics/2041 404
@/home/ec2-user/data/topics/2031 405
@/home/ec2-user/data/topics/4613 406
@/home/ec2-user/data/topics/4779 407
@/home/ec2-user/data/topics/4646 408
@/home/ec2-user/data/topics/1044 409
@/home/ec2-user/data/topics/1891 410
@/home/ec2-user/data/topics/4485 411
@/home/ec2-user/data/topics/4393 412
@/home/ec2-user/data/topics/4609 413
@/home/ec2-user/data/topics/2166 414
@/home/ec2-user/data/topics/4243 415
@/home/ec2-user/data/topics/4808 416
@/home/ec2-user/data/topics/4389 417
@/home/ec2-user/data/topics/4154 418
松下電器産業株式会社

@/home/ec2-user/data/topics/4459 419
@/home/ec2-user/data/topics/1955 419
@/home/ec2-user/data/topics/3920 420
@/home/ec2-user/data/topics/2056 421
@/home/ec2-user/data/topics/4229 422
@/home/ec2-user/data/topics/1881 423
@/home/ec2-user/data/topics/2222 424
@/home/ec2-user/data/topics/4817 425
@/home/ec2-user/data/topics/4102 426
@/home/ec2-user/data/topics/3746 427
@/home/ec2-user/data/topics/4126 428
@/home/ec2-user/data/topics/1898 429
@/home/ec2-user/data/topics/1885 430
@/home/ec2-user/data/topics/4558 431
@/home/ec2-user/data/topics/5028 432
@/home/ec2-user/data/topics/3694 433
@/home/ec2-user/data/topics/3510 434
@/home/ec2-user/data/topics/1829 435
@/home/ec2-user/data/topics/3455 436
@/home/ec2-user/data/topics/1257 437
@/home/ec2-user/data/topics/3807 438
@/home/ec2-user/data/topics/4491 439
@/home/ec2-user/data/topics/4448 440
@/home/ec2-user/data/topics/1477 441
@/home/ec2-user/data/topics/1701 442
@/home/ec2-user/data/topics/3514 443
@/home/ec2-user/data/topics/4574 444
@/home/ec2-user/data/topics/3704 445
@/home/ec2-user/data/topics/3721 446
@/home/ec2-user/data/topics/4274 447
@/home/ec2-user/data/topics/1589 448
@/home/ec2-user/data/topics/1705 449
@/home/ec2-user/data/topics/1525 450
@/home/ec2-user/data/topics/3761 451
@/home/ec2-user/data/topics/5024 452
@/home/ec2-user/data/topics/4502 453
@/home/ec2-user/data/topics/1158 454
@/home/ec2-user/data/topics/4180 455
@/home/ec2-user/data/topics/3680 456
@/home/ec2-user/data/topics/4797 457
@/home/ec2-user/data/topics/2080 458
@/home/ec2-user/data/topics/4159 459
@/home/ec2-user/data/topics/4945 460
@/home/ec2-user/data/topics/4264 461
@/home/ec2-user/data/topics/1748 462
@/home/ec2-user/data/topics/1540 463
@/home/ec2-user/data/topics/4599 464
@/home/ec2-user/data/topics/4385 465
@/home/ec2-user/data/topics/1812 466
@/home/ec2-user/data/topics/4475 467
@/home/ec2-user/data/topics/4101 468
@/home/ec2-user/data/topics/1179 469
@/home/ec2-user/data/topics/3739 470
@/home/ec2-user/data/topics/3719 471
@/home/ec2-user/data/topics/4000 472
@/home/ec2-user/data/topics/4577 473
@/home/ec2-user/data/topics/4098 474
@/home/ec2-user/data/topics/2170 475
@/home/ec2-user/data/topics/3847 476
@/home/ec2-user/data/topics/4936 477
@/home/ec2-user/data/topics/1070 478
@/home/ec2-user/data/topics/4676 479
@/home/ec2-user/data/topics/3494 480
@/home/ec2-user/data/topics/1762 481
@/home/ec2-user/data/topics/4157 482
@/home/ec2-user/data/topics/4918 483
@/home/ec2-user/data/topics/1339 484
@/home/ec2-user/data/topics/4804 485
@/home/ec2-user/data/topics/3585 486
@/home/ec2-user/data/topics/3619 487
@/home/ec2-user/data/topics/4215 488
@/home/ec2-user/data/topics/2029 489
@/home/ec2-user/data/topics/4382 490
@/home/ec2-user/data/topics/3904 491
@/home/ec2-user/data/topics/4139 492
@/home/ec2-user/data/topics/2156 493
@/home/ec2-user/data/topics/3692 494
@/home/ec2-user/data/topics/4160 495
@/home/ec2-user/data/topics/4625 496
@/home/ec2-user/data/topics/1633 497
@/home/ec2-user/data/topics/1157 498
@/home/ec2-user/data/topics/3676 499
@/home/ec2-user/data/topics/1026 500
@/home/ec2-user/data/topics/4501 501
@/home/ec2-user/data/topics/4586 502
@/home/ec2-user/data/topics/4280 503
@/home/ec2-user/data/topics/4303 504
@/home/ec2-user/data/topics/4787 505
@/home/ec2-user/data/topics/1136 506
@/home/ec2-user/data/topics/4193 507
@/home/ec2-user/data/topics/4307 508
@/home/ec2-user/data/topics/3960 509
@/home/ec2-user/data/topics/4761 510
@/home/ec2-user/data/topics/3402 511
@/home/ec2-user/data/topics/4867 512
@/home/ec2-user/data/topics/3658 513
@/home/ec2-user/data/topics/4355 514
@/home/ec2-user/data/topics/4798 515
@/home/ec2-user/data/topics/1509 516
@/home/ec2-user/data/topics/3386 517
@/home/ec2-user/data/topics/1635 518
@/home/ec2-user/data/topics/4961 519
@/home/ec2-user/data/topics/4422 520
@/home/ec2-user/data/topics/1516 521
@/home/ec2-user/data/topics/4806 522
@/home/ec2-user/data/topics/4754 523
@/home/ec2-user/data/topics/4464 524
@/home/ec2-user/data/topics/4667 525
@/home/ec2-user/data/topics/4503 526
@/home/ec2-user/data/topics/4043 527
@/home/ec2-user/data/topics/3951 528
@/home/ec2-user/data/topics/3404 529
@/home/ec2-user/data/topics/4968 530
@/home/ec2-user/data/topics/1706 531
@/home/ec2-user/data/topics/2129 532
@/home/ec2-user/data/topics/4917 533
@/home/ec2-user/data/topics/4394 534
@/home/ec2-user/data/topics/1252 535
@/home/ec2-user/data/topics/3519 536
@/home/ec2-user/data/topics/4885 537
@/home/ec2-user/data/topics/3558 538
@/home/ec2-user/data/topics/4707 539
@/home/ec2-user/data/topics/3979 540
セイコーインスツルメンツ株式会社

@/home/ec2-user/data/topics/4151 541
@/home/ec2-user/data/topics/4036 541
@/home/ec2-user/data/topics/4088 542
@/home/ec2-user/data/topics/4203 543
@/home/ec2-user/data/topics/3825 544
@/home/ec2-user/data/topics/4997 545
@/home/ec2-user/data/topics/1707 546
@/home/ec2-user/data/topics/3626 547
@/home/ec2-user/data/topics/4190 548
ミノルタ株式会社

@/home/ec2-user/data/topics/4984 549
@/home/ec2-user/data/topics/1152 549
@/home/ec2-user/data/topics/4951 550
@/home/ec2-user/data/topics/4321 551
@/home/ec2-user/data/topics/4986 552
@/home/ec2-user/data/topics/3584 553
@/home/ec2-user/data/topics/3545 554
@/home/ec2-user/data/topics/4970 555
@/home/ec2-user/data/topics/3810 556
@/home/ec2-user/data/topics/2190 557
@/home/ec2-user/data/topics/4977 558
@/home/ec2-user/data/topics/4971 559
株式会社リコー

@/home/ec2-user/data/topics/1482 560
@/home/ec2-user/data/topics/1974 560
@/home/ec2-user/data/topics/1106 561
@/home/ec2-user/data/topics/4037 562
@/home/ec2-user/data/topics/3669 563
@/home/ec2-user/data/topics/3484 564
@/home/ec2-user/data/topics/3378 565
@/home/ec2-user/data/topics/1774 566
@/home/ec2-user/data/topics/4879 567
@/home/ec2-user/data/topics/2219 568
@/home/ec2-user/data/topics/2182 569
@/home/ec2-user/data/topics/3523 570
@/home/ec2-user/data/topics/1064 571
@/home/ec2-user/data/topics/1282 572
@/home/ec2-user/data/topics/3548 573
@/home/ec2-user/data/topics/3411 574
@/home/ec2-user/data/topics/4344 575
@/home/ec2-user/data/topics/3837 576
@/home/ec2-user/data/topics/1610 577
@/home/ec2-user/data/topics/3759 578
@/home/ec2-user/data/topics/1095 579
@/home/ec2-user/data/topics/2006 580
@/home/ec2-user/data/topics/4781 581
@/home/ec2-user/data/topics/3495 582
@/home/ec2-user/data/topics/3555 583
@/home/ec2-user/data/topics/3633 584
@/home/ec2-user/data/topics/1806 585
@/home/ec2-user/data/topics/2200 586
@/home/ec2-user/data/topics/1627 587
@/home/ec2-user/data/topics/1669 588
@/home/ec2-user/data/topics/3687 589
@/home/ec2-user/data/topics/2043 590
@/home/ec2-user/data/topics/4616 591
@/home/ec2-user/data/topics/3446 592
@/home/ec2-user/data/topics/1775 593
@/home/ec2-user/data/topics/3574 594
@/home/ec2-user/data/topics/1740 595
@/home/ec2-user/data/topics/3472 596
@/home/ec2-user/data/topics/3713 597
@/home/ec2-user/data/topics/1691 598
@/home/ec2-user/data/topics/3711 599
@/home/ec2-user/data/topics/1780 600
@/home/ec2-user/data/topics/3394 601
@/home/ec2-user/data/topics/3474 602
@/home/ec2-user/data/topics/1190 603
@/home/ec2-user/data/topics/1668 604
@/home/ec2-user/data/topics/1663 605
@/home/ec2-user/data/topics/1478 606
@/home/ec2-user/data/topics/1776 607
@/home/ec2-user/data/topics/1755 608
@/home/ec2-user/data/topics/1670 609
@/home/ec2-user/data/topics/1718 610
@/home/ec2-user/data/topics/3775 611
@/home/ec2-user/data/topics/2189 612
@/home/ec2-user/data/topics/1593 613
@/home/ec2-user/data/topics/3557 614
@/home/ec2-user/data/topics/2201 615
@/home/ec2-user/data/topics/3424 616
@/home/ec2-user/data/topics/1878 617
@/home/ec2-user/data/topics/1225 618
@/home/ec2-user/data/topics/1976 619
@/home/ec2-user/data/topics/3750 620
@/home/ec2-user/data/topics/3880 621
@/home/ec2-user/data/topics/1083 622
@/home/ec2-user/data/topics/3530 623
@/home/ec2-user/data/topics/1433 624
@/home/ec2-user/data/topics/3436 625
@/home/ec2-user/data/topics/4265 626
@/home/ec2-user/data/topics/1436 627
@/home/ec2-user/data/topics/2090 628
@/home/ec2-user/data/topics/1514 629
独立行政法人産業技術総合研究所

@/home/ec2-user/data/topics/4869 630
@/home/ec2-user/data/topics/1356 630
@/home/ec2-user/data/topics/4740 631
@/home/ec2-user/data/topics/4739 632
@/home/ec2-user/data/topics/4800 633
@/home/ec2-user/data/topics/4777 634
ソニー株式会社

@/home/ec2-user/data/topics/2105 635
@/home/ec2-user/data/topics/1778 635
@/home/ec2-user/data/topics/1686 636
@/home/ec2-user/data/topics/3401 637
@/home/ec2-user/data/topics/1471 638
@/home/ec2-user/data/topics/4184 639
@/home/ec2-user/data/topics/1414 640
@/home/ec2-user/data/topics/1397 641
@/home/ec2-user/data/topics/1426 642
@/home/ec2-user/data/topics/1291 643
@/home/ec2-user/data/topics/3955 644
@/home/ec2-user/data/topics/1147 645
@/home/ec2-user/data/topics/2048 646
@/home/ec2-user/data/topics/1836 647
@/home/ec2-user/data/topics/3924 648
@/home/ec2-user/data/topics/4351 649
@/home/ec2-user/data/topics/1218 650
@/home/ec2-user/data/topics/1884 651
@/home/ec2-user/data/topics/1602 652
@/home/ec2-user/data/topics/2058 653
@/home/ec2-user/data/topics/3872 654
@/home/ec2-user/data/topics/2037 655
@/home/ec2-user/data/topics/1059 656
@/home/ec2-user/data/topics/1926 657
@/home/ec2-user/data/topics/1380 658
@/home/ec2-user/data/topics/5027 659
@/home/ec2-user/data/topics/1912 660
@/home/ec2-user/data/topics/1749 661
@/home/ec2-user/data/topics/1102 662
@/home/ec2-user/data/topics/1435 663
@/home/ec2-user/data/topics/2094 664
@/home/ec2-user/data/topics/4224 665
@/home/ec2-user/data/topics/2052 666
@/home/ec2-user/data/topics/1873 667
@/home/ec2-user/data/topics/3456 668
@/home/ec2-user/data/topics/1298 669
@/home/ec2-user/data/topics/1233 670
@/home/ec2-user/data/topics/4219 671
@/home/ec2-user/data/topics/1892 672
@/home/ec2-user/data/topics/1679 673
@/home/ec2-user/data/topics/1954 674
@/home/ec2-user/data/topics/1491 675
@/home/ec2-user/data/topics/3975 676
@/home/ec2-user/data/topics/2059 677
@/home/ec2-user/data/topics/1967 678
@/home/ec2-user/data/topics/3392 679
@/home/ec2-user/data/topics/2075 680
富士ゼロックス株式会社

@/home/ec2-user/data/topics/3662 681
@/home/ec2-user/data/topics/3383 681
@/home/ec2-user/data/topics/3564 682
@/home/ec2-user/data/topics/3473 683
@/home/ec2-user/data/topics/3640 684
@/home/ec2-user/data/topics/3695 685
@/home/ec2-user/data/topics/4108 686
@/home/ec2-user/data/topics/5031 687
@/home/ec2-user/data/topics/3407 688
@/home/ec2-user/data/topics/1947 689
@/home/ec2-user/data/topics/3661 690
@/home/ec2-user/data/topics/3790 691
@/home/ec2-user/data/topics/3366 692
@/home/ec2-user/data/topics/1560 693
@/home/ec2-user/data/topics/3782 694
住友金属工業株式会社

@/home/ec2-user/data/topics/4322 695
@/home/ec2-user/data/topics/4733 695
@/home/ec2-user/data/topics/4021 696
@/home/ec2-user/data/topics/3826 697
@/home/ec2-user/data/topics/3577 698
@/home/ec2-user/data/topics/1268 699
@/home/ec2-user/data/topics/4534 700
@/home/ec2-user/data/topics/4661 701
@/home/ec2-user/data/topics/4991 702
@/home/ec2-user/data/topics/3655 703
@/home/ec2-user/data/topics/4295 704
@/home/ec2-user/data/topics/4182 705
日立電線株式会社

@/home/ec2-user/data/topics/3756 706
@/home/ec2-user/data/topics/1027 706
@/home/ec2-user/data/topics/1117 707
@/home/ec2-user/data/topics/1305 708
@/home/ec2-user/data/topics/4356 709
@/home/ec2-user/data/topics/4329 710
@/home/ec2-user/data/topics/4357 711
@/home/ec2-user/data/topics/1388 712
@/home/ec2-user/data/topics/3930 713
キヤノン株式会社

@/home/ec2-user/data/topics/3438 714
@/home/ec2-user/data/topics/1216 714
@/home/ec2-user/data/topics/3755 715
@/home/ec2-user/data/topics/4350 716
@/home/ec2-user/data/topics/1895 717
@/home/ec2-user/data/topics/3416 718
@/home/ec2-user/data/topics/3737 719
@/home/ec2-user/data/topics/3445 720
@/home/ec2-user/data/topics/3722 721
@/home/ec2-user/data/topics/3420 722
@/home/ec2-user/data/topics/2004 723
@/home/ec2-user/data/topics/3628 724
@/home/ec2-user/data/topics/3958 725
@/home/ec2-user/data/topics/3730 726
@/home/ec2-user/data/topics/4068 727
@/home/ec2-user/data/topics/2107 728
@/home/ec2-user/data/topics/1631 729
@/home/ec2-user/data/topics/1866 730
@/home/ec2-user/data/topics/1568 731
@/home/ec2-user/data/topics/1438 732
@/home/ec2-user/data/topics/4937 733
@/home/ec2-user/data/topics/3415 734
@/home/ec2-user/data/topics/1513 735
@/home/ec2-user/data/topics/1646 736
@/home/ec2-user/data/topics/1975 737
@/home/ec2-user/data/topics/2145 738
@/home/ec2-user/data/topics/4020 739
@/home/ec2-user/data/topics/2053 740
@/home/ec2-user/data/topics/3454 741
@/home/ec2-user/data/topics/3720 742
@/home/ec2-user/data/topics/3441 743
@/home/ec2-user/data/topics/2117 744
@/home/ec2-user/data/topics/4610 745
@/home/ec2-user/data/topics/1744 746
@/home/ec2-user/data/topics/4054 747
@/home/ec2-user/data/topics/2243 748
@/home/ec2-user/data/topics/1208 749
@/home/ec2-user/data/topics/4363 750
@/home/ec2-user/data/topics/3376 751
@/home/ec2-user/data/topics/4947 752
@/home/ec2-user/data/topics/4520 753
@/home/ec2-user/data/topics/1848 754
@/home/ec2-user/data/topics/2231 755
@/home/ec2-user/data/topics/3417 756
@/home/ec2-user/data/topics/3656 757
@/home/ec2-user/data/topics/3967 758
@/home/ec2-user/data/topics/3660 759
@/home/ec2-user/data/topics/3996 760
@/home/ec2-user/data/topics/1455 761
@/home/ec2-user/data/topics/1124 762
@/home/ec2-user/data/topics/3410 763
@/home/ec2-user/data/topics/1118 764
@/home/ec2-user/data/topics/1802 765
@/home/ec2-user/data/topics/1080 766
@/home/ec2-user/data/topics/1745 767
@/home/ec2-user/data/topics/1519 768
@/home/ec2-user/data/topics/4628 769
@/home/ec2-user/data/topics/3374 770
@/home/ec2-user/data/topics/3434 771
@/home/ec2-user/data/topics/1889 772
@/home/ec2-user/data/topics/3949 773
@/home/ec2-user/data/topics/1847 774
@/home/ec2-user/data/topics/1539 775
@/home/ec2-user/data/topics/1228 776
@/home/ec2-user/data/topics/1790 777
@/home/ec2-user/data/topics/3843 778
@/home/ec2-user/data/topics/3852 779
@/home/ec2-user/data/topics/1961 780
@/home/ec2-user/data/topics/3430 781
@/home/ec2-user/data/topics/1590 782
@/home/ec2-user/data/topics/4948 783
@/home/ec2-user/data/topics/3642 784
@/home/ec2-user/data/topics/4521 785
三洋電機株式会社

@/home/ec2-user/data/topics/3906 786
@/home/ec2-user/data/topics/4178 786
@/home/ec2-user/data/topics/2071 787
@/home/ec2-user/data/topics/2194 788
@/home/ec2-user/data/topics/2230 789
@/home/ec2-user/data/topics/3581 790
@/home/ec2-user/data/topics/1289 791
@/home/ec2-user/data/topics/3625 792
@/home/ec2-user/data/topics/3681 793
@/home/ec2-user/data/topics/4492 794
@/home/ec2-user/data/topics/4015 795
@/home/ec2-user/data/topics/4837 796
@/home/ec2-user/data/topics/3845 797
@/home/ec2-user/data/topics/2098 798
@/home/ec2-user/data/topics/3926 799
@/home/ec2-user/data/topics/4060 800
@/home/ec2-user/data/topics/4039 801
@/home/ec2-user/data/topics/4571 802
@/home/ec2-user/data/topics/4960 803
@/home/ec2-user/data/topics/1515 804
@/home/ec2-user/data/topics/1079 805
@/home/ec2-user/data/topics/4983 806
@/home/ec2-user/data/topics/3974 807
@/home/ec2-user/data/topics/4604 808
@/home/ec2-user/data/topics/3804 809
@/home/ec2-user/data/topics/2014 810
@/home/ec2-user/data/topics/4612 811
@/home/ec2-user/data/topics/4726 812
@/home/ec2-user/data/topics/3398 813
@/home/ec2-user/data/topics/3859 814
@/home/ec2-user/data/topics/4978 815
@/home/ec2-user/data/topics/1653 816
@/home/ec2-user/data/topics/4099 817
@/home/ec2-user/data/topics/3953 818
@/home/ec2-user/data/topics/3986 819
@/home/ec2-user/data/topics/4304 820
@/home/ec2-user/data/topics/4527 821
@/home/ec2-user/data/topics/1980 822
@/home/ec2-user/data/topics/3492 823
@/home/ec2-user/data/topics/4654 824
@/home/ec2-user/data/topics/5011 825
@/home/ec2-user/data/topics/1451 826
@/home/ec2-user/data/topics/1488 827
@/home/ec2-user/data/topics/4376 828
@/home/ec2-user/data/topics/1163 829
@/home/ec2-user/data/topics/4788 830
@/home/ec2-user/data/topics/4301 831
@/home/ec2-user/data/topics/1386 832
@/home/ec2-user/data/topics/1321 833
@/home/ec2-user/data/topics/4474 834
@/home/ec2-user/data/topics/4179 835
@/home/ec2-user/data/topics/3403 836
@/home/ec2-user/data/topics/1671 837
@/home/ec2-user/data/topics/4720 838
@/home/ec2-user/data/topics/4150 839
@/home/ec2-user/data/topics/4679 840
@/home/ec2-user/data/topics/3781 841
@/home/ec2-user/data/topics/4066 842
@/home/ec2-user/data/topics/3754 843
@/home/ec2-user/data/topics/1722 844
@/home/ec2-user/data/topics/3708 845
@/home/ec2-user/data/topics/3808 846
@/home/ec2-user/data/topics/3539 847
@/home/ec2-user/data/topics/1479 848
@/home/ec2-user/data/topics/3817 849
@/home/ec2-user/data/topics/4763 850
@/home/ec2-user/data/topics/2063 851
@/home/ec2-user/data/topics/4212 852
@/home/ec2-user/data/topics/3889 853
@/home/ec2-user/data/topics/4328 854
@/home/ec2-user/data/topics/2054 855
@/home/ec2-user/data/topics/3830 856
@/home/ec2-user/data/topics/5002 857
@/home/ec2-user/data/topics/3491 858
@/home/ec2-user/data/topics/4384 859
@/home/ec2-user/data/topics/4001 860
@/home/ec2-user/data/topics/4061 861
@/home/ec2-user/data/topics/1246 862
@/home/ec2-user/data/topics/1652 863
三菱電機株式会社

@/home/ec2-user/data/topics/3612 864
@/home/ec2-user/data/topics/3493 864
@/home/ec2-user/data/topics/4834 865
@/home/ec2-user/data/topics/3397 866
@/home/ec2-user/data/topics/3774 867
@/home/ec2-user/data/topics/3800 868
@/home/ec2-user/data/topics/1872 869
@/home/ec2-user/data/topics/3412 870
@/home/ec2-user/data/topics/3841 871
@/home/ec2-user/data/topics/1110 872
@/home/ec2-user/data/topics/4133 873
@/home/ec2-user/data/topics/4149 874
@/home/ec2-user/data/topics/4980 875
@/home/ec2-user/data/topics/4047 876
@/home/ec2-user/data/topics/3506 877
@/home/ec2-user/data/topics/3465 878
@/home/ec2-user/data/topics/5032 879
@/home/ec2-user/data/topics/3490 880
@/home/ec2-user/data/topics/4220 881
@/home/ec2-user/data/topics/4041 882
@/home/ec2-user/data/topics/5033 883
@/home/ec2-user/data/topics/3466 884
@/home/ec2-user/data/topics/3873 885
@/home/ec2-user/data/topics/4614 886
@/home/ec2-user/data/topics/4663 887
@/home/ec2-user/data/topics/4419 888
@/home/ec2-user/data/topics/1792 889
@/home/ec2-user/data/topics/4562 890
@/home/ec2-user/data/topics/3747 891
@/home/ec2-user/data/topics/1536 892
@/home/ec2-user/data/topics/3820 893
@/home/ec2-user/data/topics/1738 894
@/home/ec2-user/data/topics/1220 895
@/home/ec2-user/data/topics/3409 896
@/home/ec2-user/data/topics/4076 897
@/home/ec2-user/data/topics/4552 898
@/home/ec2-user/data/topics/4514 899
@/home/ec2-user/data/topics/3451 900
@/home/ec2-user/data/topics/4282 901
@/home/ec2-user/data/topics/4880 902
@/home/ec2-user/data/topics/4233 903
@/home/ec2-user/data/topics/3616 904
@/home/ec2-user/data/topics/4181 905
@/home/ec2-user/data/topics/4518 906
@/home/ec2-user/data/topics/3963 907
@/home/ec2-user/data/topics/3592 908
@/home/ec2-user/data/topics/3595 909
@/home/ec2-user/data/topics/3453 910
@/home/ec2-user/data/topics/3469 911
@/home/ec2-user/data/topics/3609 912
@/home/ec2-user/data/topics/2146 913
@/home/ec2-user/data/topics/3666 914
@/home/ec2-user/data/topics/4235 915
@/home/ec2-user/data/topics/3921 916
@/home/ec2-user/data/topics/4305 917
@/home/ec2-user/data/topics/4221 918
@/home/ec2-user/data/topics/3856 919
@/home/ec2-user/data/topics/1754 920
住友ゴム工業株式会社

@/home/ec2-user/data/topics/4406 921
@/home/ec2-user/data/topics/4048 921
@/home/ec2-user/data/topics/4568 922
@/home/ec2-user/data/topics/1758 923
@/home/ec2-user/data/topics/1114 924
@/home/ec2-user/data/topics/2007 925
@/home/ec2-user/data/topics/4597 926
セイコーエプソン株式会社

@/home/ec2-user/data/topics/4109 927
@/home/ec2-user/data/topics/3505 927
@/home/ec2-user/data/topics/3887 928
@/home/ec2-user/data/topics/4386 929
@/home/ec2-user/data/topics/4022 930
@/home/ec2-user/data/topics/4719 931
@/home/ec2-user/data/topics/3910 932
@/home/ec2-user/data/topics/1484 933
@/home/ec2-user/data/topics/1890 934
@/home/ec2-user/data/topics/2078 935
@/home/ec2-user/data/topics/1378 936
@/home/ec2-user/data/topics/4802 937
@/home/ec2-user/data/topics/4801 938
@/home/ec2-user/data/topics/3361 939
@/home/ec2-user/data/topics/1641 940
@/home/ec2-user/data/topics/4605 941
@/home/ec2-user/data/topics/1423 942
@/home/ec2-user/data/topics/2165 943
@/home/ec2-user/data/topics/3819 944
@/home/ec2-user/data/topics/4454 945
@/home/ec2-user/data/topics/1343 946
@/home/ec2-user/data/topics/3589 947
@/home/ec2-user/data/topics/3476 948
@/home/ec2-user/data/topics/3985 949
@/home/ec2-user/data/topics/1938 950
@/home/ec2-user/data/topics/4585 951
株式会社三共

@/home/ec2-user/data/topics/1189 952
@/home/ec2-user/data/topics/2123 952
@/home/ec2-user/data/topics/4374 953
@/home/ec2-user/data/topics/2060 954
@/home/ec2-user/data/topics/1377 955
@/home/ec2-user/data/topics/1665 956
@/home/ec2-user/data/topics/1086 957
@/home/ec2-user/data/topics/4868 958
@/home/ec2-user/data/topics/1648 959
沖電気工業株式会社

@/home/ec2-user/data/topics/3621 960
@/home/ec2-user/data/topics/3395 960
@/home/ec2-user/data/topics/3690 961
@/home/ec2-user/data/topics/3571 962
@/home/ec2-user/data/topics/4308 963
@/home/ec2-user/data/topics/3433 964
@/home/ec2-user/data/topics/4299 965
@/home/ec2-user/data/topics/1188 966
@/home/ec2-user/data/topics/3457 967
@/home/ec2-user/data/topics/3764 968
@/home/ec2-user/data/topics/4575 969
@/home/ec2-user/data/topics/1531 970
@/home/ec2-user/data/topics/3964 971
@/home/ec2-user/data/topics/4693 972
株式会社三星

@/home/ec2-user/data/topics/1733 973
@/home/ec2-user/data/topics/1260 973
@/home/ec2-user/data/topics/3942 974
@/home/ec2-user/data/topics/2108 975
@/home/ec2-user/data/topics/1728 976
@/home/ec2-user/data/topics/2198 977
日本ビクター株式会社

@/home/ec2-user/data/topics/3939 978
@/home/ec2-user/data/topics/1440 978
@/home/ec2-user/data/topics/3882 979
@/home/ec2-user/data/topics/1823 980
@/home/ec2-user/data/topics/1520 981
@/home/ec2-user/data/topics/3603 982
@/home/ec2-user/data/topics/4056 983
@/home/ec2-user/data/topics/1389 984
@/home/ec2-user/data/topics/4123 985
@/home/ec2-user/data/topics/3620 986
@/home/ec2-user/data/topics/4672 987
花王株式会社

@/home/ec2-user/data/topics/4827 988
@/home/ec2-user/data/topics/3753 988
@/home/ec2-user/data/topics/3812 989
@/home/ec2-user/data/topics/4445 990
@/home/ec2-user/data/topics/1196 991
@/home/ec2-user/data/topics/4249 992
@/home/ec2-user/data/topics/4287 993
@/home/ec2-user/data/topics/3999 994
@/home/ec2-user/data/topics/2214 995
@/home/ec2-user/data/topics/1022 996
@/home/ec2-user/data/topics/1767 997
@/home/ec2-user/data/topics/4211 998
@/home/ec2-user/data/topics/3884 999
三田工業株式会社

@/home/ec2-user/data/topics/1269 1000
@/home/ec2-user/data/topics/3923 1000
@/home/ec2-user/data/topics/3604 1001
@/home/ec2-user/data/topics/1034 1002
@/home/ec2-user/data/topics/3842 1003
@/home/ec2-user/data/topics/1033 1004
@/home/ec2-user/data/topics/1766 1005
@/home/ec2-user/data/topics/2136 1006
@/home/ec2-user/data/topics/2155 1007
豊丸産業株式会社

@/home/ec2-user/data/topics/1097 1008
@/home/ec2-user/data/topics/1914 1008
@/home/ec2-user/data/topics/1713 1009
@/home/ec2-user/data/topics/2169 1010
@/home/ec2-user/data/topics/1726 1011
@/home/ec2-user/data/topics/4847 1012
@/home/ec2-user/data/topics/1588 1013
@/home/ec2-user/data/topics/1401 1014
@/home/ec2-user/data/topics/3672 1015
@/home/ec2-user/data/topics/1353 1016
@/home/ec2-user/data/topics/1677 1017
@/home/ec2-user/data/topics/1138 1018
@/home/ec2-user/data/topics/1284 1019
@/home/ec2-user/data/topics/2011 1020
@/home/ec2-user/data/topics/1126 1021
鐘紡株式会社

@/home/ec2-user/data/topics/2223 1022
@/home/ec2-user/data/topics/1901 1022
@/home/ec2-user/data/topics/1886 1023
@/home/ec2-user/data/topics/3560 1024
@/home/ec2-user/data/topics/3566 1025
@/home/ec2-user/data/topics/1870 1026
@/home/ec2-user/data/topics/1304 1027
@/home/ec2-user/data/topics/2034 1028
@/home/ec2-user/data/topics/1842 1029
@/home/ec2-user/data/topics/4195 1030
@/home/ec2-user/data/topics/2185 1031
@/home/ec2-user/data/topics/3551 1032
@/home/ec2-user/data/topics/1367 1033
@/home/ec2-user/data/topics/3634 1034
@/home/ec2-user/data/topics/1054 1035
@/home/ec2-user/data/topics/1178 1036
株式会社デンソー

@/home/ec2-user/data/topics/1028 1037
@/home/ec2-user/data/topics/4164 1037
@/home/ec2-user/data/topics/4024 1038
@/home/ec2-user/data/topics/4046 1039
@/home/ec2-user/data/topics/3421 1040
@/home/ec2-user/data/topics/4656 1041
@/home/ec2-user/data/topics/4675 1042
@/home/ec2-user/data/topics/4498 1043
@/home/ec2-user/data/topics/3710 1044
@/home/ec2-user/data/topics/3480 1045
@/home/ec2-user/data/topics/4805 1046
@/home/ec2-user/data/topics/4423 1047
@/home/ec2-user/data/topics/3406 1048
@/home/ec2-user/data/topics/4483 1049
@/home/ec2-user/data/topics/4622 1050
@/home/ec2-user/data/topics/1855 1051
@/home/ec2-user/data/topics/4840 1052
富士写真フイルム株式会社

@/home/ec2-user/data/topics/1570 1053
@/home/ec2-user/data/topics/1603 1053
@/home/ec2-user/data/topics/1662 1054
@/home/ec2-user/data/topics/4962 1055
@/home/ec2-user/data/topics/3447 1056
@/home/ec2-user/data/topics/3918 1057
@/home/ec2-user/data/topics/2134 1058
@/home/ec2-user/data/topics/3354 1059
@/home/ec2-user/data/topics/3857 1060
@/home/ec2-user/data/topics/3911 1061
@/home/ec2-user/data/topics/1244 1062
京セラ株式会社

@/home/ec2-user/data/topics/3741 1063
@/home/ec2-user/data/topics/1708 1063
@/home/ec2-user/data/topics/4340 1064
@/home/ec2-user/data/topics/3615 1065
@/home/ec2-user/data/topics/1741 1066
@/home/ec2-user/data/topics/4513 1067
@/home/ec2-user/data/topics/4031 1068
@/home/ec2-user/data/topics/4901 1069
@/home/ec2-user/data/topics/3869 1070
@/home/ec2-user/data/topics/1913 1071
@/home/ec2-user/data/topics/3593 1072
@/home/ec2-user/data/topics/1485 1073
イビデン株式会社

@/home/ec2-user/data/topics/1682 1074
@/home/ec2-user/data/topics/2033 1074
@/home/ec2-user/data/topics/1315 1075
@/home/ec2-user/data/topics/1770 1076
@/home/ec2-user/data/topics/3814 1077
@/home/ec2-user/data/topics/1952 1078
@/home/ec2-user/data/topics/1336 1079
株式会社東芝

@/home/ec2-user/data/topics/4566 1080
@/home/ec2-user/data/topics/3890 1080
@/home/ec2-user/data/topics/3851 1081
@/home/ec2-user/data/topics/3598 1082
@/home/ec2-user/data/topics/3618 1083
@/home/ec2-user/data/topics/1585 1084
@/home/ec2-user/data/topics/4336 1085
@/home/ec2-user/data/topics/3351 1086
@/home/ec2-user/data/topics/4863 1087
@/home/ec2-user/data/topics/3688 1088
@/home/ec2-user/data/topics/3834 1089
@/home/ec2-user/data/topics/1090 1090
@/home/ec2-user/data/topics/4912 1091
@/home/ec2-user/data/topics/4751 1092
@/home/ec2-user/data/topics/4594 1093
@/home/ec2-user/data/topics/1819 1094
@/home/ec2-user/data/topics/1132 1095
@/home/ec2-user/data/topics/4197 1096
@/home/ec2-user/data/topics/3363 1097
@/home/ec2-user/data/topics/4292 1098
@/home/ec2-user/data/topics/4509 1099
@/home/ec2-user/data/topics/1205 1100
@/home/ec2-user/data/topics/4140 1101
@/home/ec2-user/data/topics/4842 1102
@/home/ec2-user/data/topics/4009 1103
@/home/ec2-user/data/topics/4881 1104
@/home/ec2-user/data/topics/3732 1105
@/home/ec2-user/data/topics/4623 1106
@/home/ec2-user/data/topics/3542 1107
@/home/ec2-user/data/topics/1997 1108
@/home/ec2-user/data/topics/4096 1109
@/home/ec2-user/data/topics/1757 1110
@/home/ec2-user/data/topics/4381 1111
@/home/ec2-user/data/topics/4535 1112
@/home/ec2-user/data/topics/4302 1113
@/home/ec2-user/data/topics/4172 1114
@/home/ec2-user/data/topics/3990 1115
@/home/ec2-user/data/topics/3988 1116
@/home/ec2-user/data/topics/3360 1117
@/home/ec2-user/data/topics/3881 1118
@/home/ec2-user/data/topics/4755 1119
@/home/ec2-user/data/topics/4631 1120
@/home/ec2-user/data/topics/3352 1121
@/home/ec2-user/data/topics/4935 1122
@/home/ec2-user/data/topics/4057 1123
@/home/ec2-user/data/topics/1332 1124
@/home/ec2-user/data/topics/3716 1125
@/home/ec2-user/data/topics/4361 1126
@/home/ec2-user/data/topics/4165 1127
@/home/ec2-user/data/topics/2241 1128
@/home/ec2-user/data/topics/3380 1129
@/home/ec2-user/data/topics/1756 1130
@/home/ec2-user/data/topics/3780 1131
@/home/ec2-user/data/topics/4089 1132
@/home/ec2-user/data/topics/3689 1133
@/home/ec2-user/data/topics/3462 1134
@/home/ec2-user/data/topics/3948 1135
@/home/ec2-user/data/topics/3683 1136
@/home/ec2-user/data/topics/3795 1137
@/home/ec2-user/data/topics/3734 1138
@/home/ec2-user/data/topics/4183 1139
ヤマハ株式会社

@/home/ec2-user/data/topics/4177 1140
@/home/ec2-user/data/topics/1911 1140
@/home/ec2-user/data/topics/1443 1141
@/home/ec2-user/data/topics/4045 1142
@/home/ec2-user/data/topics/4010 1143
@/home/ec2-user/data/topics/4125 1144
@/home/ec2-user/data/topics/1720 1145
@/home/ec2-user/data/topics/4919 1146
@/home/ec2-user/data/topics/4084 1147
@/home/ec2-user/data/topics/1676 1148
@/home/ec2-user/data/topics/3972 1149
@/home/ec2-user/data/topics/4145 1150
@/home/ec2-user/data/topics/4954 1151
東洋紡績株式会社

@/home/ec2-user/data/topics/4366 1152
@/home/ec2-user/data/topics/3769 1152
@/home/ec2-user/data/topics/1613 1153
@/home/ec2-user/data/topics/4284 1154
@/home/ec2-user/data/topics/1029 1155
@/home/ec2-user/data/topics/4362 1156
三菱化学株式会社

@/home/ec2-user/data/topics/3638 1157
@/home/ec2-user/data/topics/3458 1157
@/home/ec2-user/data/topics/1902 1158
@/home/ec2-user/data/topics/1699 1159
@/home/ec2-user/data/topics/1197 1160
@/home/ec2-user/data/topics/3513 1161
カシオ計算機株式会社

@/home/ec2-user/data/topics/3391 1162
@/home/ec2-user/data/topics/1047 1162
@/home/ec2-user/data/topics/1794 1163
@/home/ec2-user/data/topics/2237 1164
@/home/ec2-user/data/topics/1535 1165
@/home/ec2-user/data/topics/1368 1166
@/home/ec2-user/data/topics/2180 1167
@/home/ec2-user/data/topics/1235 1168
コナミ株式会社

@/home/ec2-user/data/topics/4602 1169
@/home/ec2-user/data/topics/1672 1169
@/home/ec2-user/data/topics/2151 1170
@/home/ec2-user/data/topics/1621 1171
@/home/ec2-user/data/topics/4681 1172
@/home/ec2-user/data/topics/5015 1173
@/home/ec2-user/data/topics/2100 1174
@/home/ec2-user/data/topics/1302 1175
大日本スクリーン製造株式会社

@/home/ec2-user/data/topics/1608 1176
@/home/ec2-user/data/topics/2172 1176
@/home/ec2-user/data/topics/3742 1177
@/home/ec2-user/data/topics/1173 1178
@/home/ec2-user/data/topics/2209 1179
@/home/ec2-user/data/topics/1779 1180
@/home/ec2-user/data/topics/1130 1181
オムロン株式会社

@/home/ec2-user/data/topics/1067 1182
@/home/ec2-user/data/topics/1151 1182
@/home/ec2-user/data/topics/3700 1183
@/home/ec2-user/data/topics/1135 1184
@/home/ec2-user/data/topics/3594 1185
@/home/ec2-user/data/topics/1657 1186
@/home/ec2-user/data/topics/3597 1187
@/home/ec2-user/data/topics/3748 1188
@/home/ec2-user/data/topics/1579 1189
@/home/ec2-user/data/topics/1841 1190
@/home/ec2-user/data/topics/1933 1191
@/home/ec2-user/data/topics/2096 1192
@/home/ec2-user/data/topics/3863 1193
@/home/ec2-user/data/topics/1533 1194
@/home/ec2-user/data/topics/4771 1195
株式会社日立製作所

@/home/ec2-user/data/topics/3588 1196
@/home/ec2-user/data/topics/4040 1196
@/home/ec2-user/data/topics/4799 1197
@/home/ec2-user/data/topics/1987 1198
@/home/ec2-user/data/topics/3665 1199
@/home/ec2-user/data/topics/3993 1200
@/home/ec2-user/data/topics/1247 1201
@/home/ec2-user/data/topics/3965 1202
@/home/ec2-user/data/topics/2239 1203
@/home/ec2-user/data/topics/4402 1204
@/home/ec2-user/data/topics/1501 1205
@/home/ec2-user/data/topics/4420 1206
@/home/ec2-user/data/topics/3570 1207
@/home/ec2-user/data/topics/3488 1208
@/home/ec2-user/data/topics/3706 1209
@/home/ec2-user/data/topics/5029 1210
@/home/ec2-user/data/topics/3471 1211
@/home/ec2-user/data/topics/4943 1212
@/home/ec2-user/data/topics/3994 1213
@/home/ec2-user/data/topics/3772 1214
@/home/ec2-user/data/topics/2184 1215
@/home/ec2-user/data/topics/3350 1216
@/home/ec2-user/data/topics/3384 1217
@/home/ec2-user/data/topics/1072 1218
@/home/ec2-user/data/topics/1296 1219
@/home/ec2-user/data/topics/1651 1220
@/home/ec2-user/data/topics/1082 1221
@/home/ec2-user/data/topics/3648 1222
@/home/ec2-user/data/topics/4990 1223
@/home/ec2-user/data/topics/1249 1224
@/home/ec2-user/data/topics/4830 1225
@/home/ec2-user/data/topics/1562 1226
@/home/ec2-user/data/topics/3973 1227
@/home/ec2-user/data/topics/1882 1228
@/home/ec2-user/data/topics/4122 1229
@/home/ec2-user/data/topics/2019 1230
@/home/ec2-user/data/topics/1640 1231
@/home/ec2-user/data/topics/3822 1232
@/home/ec2-user/data/topics/3531 1233
@/home/ec2-user/data/topics/4545 1234
@/home/ec2-user/data/topics/4493 1235
@/home/ec2-user/data/topics/1826 1236
@/home/ec2-user/data/topics/3659 1237
@/home/ec2-user/data/topics/1880 1238
@/home/ec2-user/data/topics/4621 1239
@/home/ec2-user/data/topics/3596 1240
@/home/ec2-user/data/topics/1334 1241
@/home/ec2-user/data/topics/1340 1242
@/home/ec2-user/data/topics/1667 1243
@/home/ec2-user/data/topics/3432 1244
@/home/ec2-user/data/topics/3440 1245
@/home/ec2-user/data/topics/1693 1246
@/home/ec2-user/data/topics/1487 1247
@/home/ec2-user/data/topics/1825 1248
@/home/ec2-user/data/topics/4547 1249
@/home/ec2-user/data/topics/1463 1250
@/home/ec2-user/data/topics/1278 1251
@/home/ec2-user/data/topics/4489 1252
@/home/ec2-user/data/topics/3968 1253
@/home/ec2-user/data/topics/3779 1254
@/home/ec2-user/data/topics/1833 1255
@/home/ec2-user/data/topics/3461 1256
@/home/ec2-user/data/topics/2081 1257
@/home/ec2-user/data/topics/4166 1258
@/home/ec2-user/data/topics/4058 1259
@/home/ec2-user/data/topics/4401 1260
@/home/ec2-user/data/topics/3691 1261
@/home/ec2-user/data/topics/4551 1262
@/home/ec2-user/data/topics/3524 1263
@/home/ec2-user/data/topics/1105 1264
@/home/ec2-user/data/topics/5030 1265
@/home/ec2-user/data/topics/3599 1266
@/home/ec2-user/data/topics/3439 1267
@/home/ec2-user/data/topics/4559 1268
凸版印刷株式会社

@/home/ec2-user/data/topics/3500 1269
@/home/ec2-user/data/topics/3526 1269
@/home/ec2-user/data/topics/1977 1270
@/home/ec2-user/data/topics/1091 1271
@/home/ec2-user/data/topics/3624 1272
@/home/ec2-user/data/topics/1765 1273
@/home/ec2-user/data/topics/4874 1274
株式会社ノーリツ

@/home/ec2-user/data/topics/1760 1275
@/home/ec2-user/data/topics/1598 1275
@/home/ec2-user/data/topics/2116 1276
@/home/ec2-user/data/topics/4206 1277
@/home/ec2-user/data/topics/1290 1278
@/home/ec2-user/data/topics/1618 1279
@/home/ec2-user/data/topics/4354 1280
@/home/ec2-user/data/topics/4776 1281
川崎重工業株式会社

@/home/ec2-user/data/topics/5025 1282
@/home/ec2-user/data/topics/4866 1282
@/home/ec2-user/data/topics/1162 1283
@/home/ec2-user/data/topics/4572 1284
@/home/ec2-user/data/topics/4793 1285
@/home/ec2-user/data/topics/4944 1286
@/home/ec2-user/data/topics/4756 1287
@/home/ec2-user/data/topics/1172 1288
ティーディーケイ株式会社

@/home/ec2-user/data/topics/3798 1289
@/home/ec2-user/data/topics/2202 1289
@/home/ec2-user/data/topics/3792 1290
@/home/ec2-user/data/topics/3909 1291
@/home/ec2-user/data/topics/1129 1292
@/home/ec2-user/data/topics/1510 1293
@/home/ec2-user/data/topics/4619 1294
@/home/ec2-user/data/topics/1409 1295
@/home/ec2-user/data/topics/2210 1296
京セラミタ株式会社

@/home/ec2-user/data/topics/2141 1297
@/home/ec2-user/data/topics/4973 1297
@/home/ec2-user/data/topics/4985 1298
@/home/ec2-user/data/topics/1930 1299
@/home/ec2-user/data/topics/1032 1300
@/home/ec2-user/data/topics/4174 1301
@/home/ec2-user/data/topics/4564 1302
株式会社クボタ

@/home/ec2-user/data/topics/1280 1303
@/home/ec2-user/data/topics/4379 1303
@/home/ec2-user/data/topics/3823 1304
@/home/ec2-user/data/topics/4745 1305
@/home/ec2-user/data/topics/3854 1306
@/home/ec2-user/data/topics/3919 1307
@/home/ec2-user/data/topics/1448 1308
@/home/ec2-user/data/topics/1012 1309
@/home/ec2-user/data/topics/1734 1310
@/home/ec2-user/data/topics/4251 1311
シャープ株式会社

@/home/ec2-user/data/topics/1384 1312
@/home/ec2-user/data/topics/3858 1312
@/home/ec2-user/data/topics/4782 1313
@/home/ec2-user/data/topics/3957 1314
@/home/ec2-user/data/topics/1419 1315
@/home/ec2-user/data/topics/4245 1316
@/home/ec2-user/data/topics/4173 1317
@/home/ec2-user/data/topics/3649 1318
@/home/ec2-user/data/topics/4717 1319
@/home/ec2-user/data/topics/3832 1320
@/home/ec2-user/data/topics/4683 1321
@/home/ec2-user/data/topics/1431 1322
@/home/ec2-user/data/topics/4323 1323
@/home/ec2-user/data/topics/1154 1324
@/home/ec2-user/data/topics/3762 1325
@/home/ec2-user/data/topics/2087 1326
@/home/ec2-user/data/topics/1561 1327
@/home/ec2-user/data/topics/4252 1328
@/home/ec2-user/data/topics/3793 1329
@/home/ec2-user/data/topics/4349 1330
@/home/ec2-user/data/topics/1396 1331
@/home/ec2-user/data/topics/4113 1332
@/home/ec2-user/data/topics/3422 1333
@/home/ec2-user/data/topics/3981 1334
@/home/ec2-user/data/topics/4256 1335
@/home/ec2-user/data/topics/1563 1336
@/home/ec2-user/data/topics/4744 1337
@/home/ec2-user/data/topics/2084 1338
@/home/ec2-user/data/topics/3679 1339
@/home/ec2-user/data/topics/1318 1340
@/home/ec2-user/data/topics/4516 1341
@/home/ec2-user/data/topics/3978 1342
@/home/ec2-user/data/topics/3813 1343
@/home/ec2-user/data/topics/3606 1344
@/home/ec2-user/data/topics/3452 1345
@/home/ec2-user/data/topics/3678 1346
@/home/ec2-user/data/topics/4469 1347
@/home/ec2-user/data/topics/3776 1348
@/home/ec2-user/data/topics/4103 1349
@/home/ec2-user/data/topics/4105 1350
@/home/ec2-user/data/topics/4127 1351
@/home/ec2-user/data/topics/1685 1352
@/home/ec2-user/data/topics/3537 1353
@/home/ec2-user/data/topics/1965 1354
@/home/ec2-user/data/topics/4228 1355
@/home/ec2-user/data/topics/1209 1356
@/home/ec2-user/data/topics/2118 1357
@/home/ec2-user/data/topics/4691 1358
@/home/ec2-user/data/topics/4648 1359
@/home/ec2-user/data/topics/3777 1360
@/home/ec2-user/data/topics/3895 1361
@/home/ec2-user/data/topics/3578 1362
@/home/ec2-user/data/topics/4263 1363
@/home/ec2-user/data/topics/1288 1364
@/home/ec2-user/data/topics/4152 1365
@/home/ec2-user/data/topics/4861 1366
@/home/ec2-user/data/topics/4124 1367
@/home/ec2-user/data/topics/3855 1368
@/home/ec2-user/data/topics/2020 1369
@/home/ec2-user/data/topics/1349 1370
@/home/ec2-user/data/topics/1258 1371
@/home/ec2-user/data/topics/1174 1372
@/home/ec2-user/data/topics/4430 1373
@/home/ec2-user/data/topics/3698 1374
@/home/ec2-user/data/topics/3941 1375
@/home/ec2-user/data/topics/3966 1376
@/home/ec2-user/data/topics/4583 1377
@/home/ec2-user/data/topics/4095 1378
@/home/ec2-user/data/topics/3450 1379
@/home/ec2-user/data/topics/4230 1380
@/home/ec2-user/data/topics/4019 1381
@/home/ec2-user/data/topics/1840 1382
@/home/ec2-user/data/topics/3871 1383
@/home/ec2-user/data/topics/4005 1384
@/home/ec2-user/data/topics/4214 1385
@/home/ec2-user/data/topics/1804 1386
@/home/ec2-user/data/topics/3760 1387
@/home/ec2-user/data/topics/3610 1388
@/home/ec2-user/data/topics/3673 1389
@/home/ec2-user/data/topics/4519 1390
@/home/ec2-user/data/topics/1970 1391
日本輸送機株式会社

@/home/ec2-user/data/topics/1191 1392
@/home/ec2-user/data/topics/1493 1392
@/home/ec2-user/data/topics/2221 1393
@/home/ec2-user/data/topics/1108 1394
@/home/ec2-user/data/topics/1940 1395
@/home/ec2-user/data/topics/3573 1396
@/home/ec2-user/data/topics/1456 1397
@/home/ec2-user/data/topics/2065 1398
東京エレクトロン株式会社

@/home/ec2-user/data/topics/4702 1399
@/home/ec2-user/data/topics/1736 1399
@/home/ec2-user/data/topics/1800 1400
@/home/ec2-user/data/topics/4002 1401
@/home/ec2-user/data/topics/1508 1402
@/home/ec2-user/data/topics/4023 1403
@/home/ec2-user/data/topics/4345 1404
@/home/ec2-user/data/topics/3947 1405
@/home/ec2-user/data/topics/4906 1406
@/home/ec2-user/data/topics/1263 1407
@/home/ec2-user/data/topics/4053 1408
@/home/ec2-user/data/topics/4618 1409
株式会社村田製作所

@/home/ec2-user/data/topics/3435 1410
@/home/ec2-user/data/topics/4325 1410
@/home/ec2-user/data/topics/4271 1411
@/home/ec2-user/data/topics/4070 1412
@/home/ec2-user/data/topics/4432 1413
@/home/ec2-user/data/topics/4042 1414
@/home/ec2-user/data/topics/1374 1415
@/home/ec2-user/data/topics/2229 1416
@/home/ec2-user/data/topics/3697 1417
@/home/ec2-user/data/topics/4795 1418
@/home/ec2-user/data/topics/3885 1419
@/home/ec2-user/data/topics/4417 1420
@/home/ec2-user/data/topics/4378 1421
@/home/ec2-user/data/topics/3482 1422
@/home/ec2-user/data/topics/4163 1423
@/home/ec2-user/data/topics/1411 1424
@/home/ec2-user/data/topics/4703 1425
日本電信電話株式会社

@/home/ec2-user/data/topics/3359 1426
@/home/ec2-user/data/topics/3509 1426
@/home/ec2-user/data/topics/4511 1427
@/home/ec2-user/data/topics/4131 1428
@/home/ec2-user/data/topics/3536 1429
@/home/ec2-user/data/topics/3568 1430
@/home/ec2-user/data/topics/4443 1431
@/home/ec2-user/data/topics/1787 1432
@/home/ec2-user/data/topics/3641 1433
@/home/ec2-user/data/topics/4836 1434
@/home/ec2-user/data/topics/4664 1435
@/home/ec2-user/data/topics/3811 1436
@/home/ec2-user/data/topics/4121 1437
@/home/ec2-user/data/topics/3927 1438
@/home/ec2-user/data/topics/4965 1439
@/home/ec2-user/data/topics/3928 1440
@/home/ec2-user/data/topics/3894 1441
@/home/ec2-user/data/topics/4232 1442
@/home/ec2-user/data/topics/3544 1443
@/home/ec2-user/data/topics/4488 1444
@/home/ec2-user/data/topics/3650 1445
@/home/ec2-user/data/topics/1809 1446
@/home/ec2-user/data/topics/3425 1447
@/home/ec2-user/data/topics/1042 1448
@/home/ec2-user/data/topics/4870 1449
@/home/ec2-user/data/topics/4505 1450
@/home/ec2-user/data/topics/3824 1451
@/home/ec2-user/data/topics/1408 1452
@/home/ec2-user/data/topics/4146 1453
@/home/ec2-user/data/topics/4916 1454
@/home/ec2-user/data/topics/3586 1455
@/home/ec2-user/data/topics/3521 1456
@/home/ec2-user/data/topics/4335 1457
@/home/ec2-user/data/topics/2017 1458
@/home/ec2-user/data/topics/4115 1459
@/home/ec2-user/data/topics/1230 1460
@/home/ec2-user/data/topics/3785 1461
@/home/ec2-user/data/topics/3915 1462
@/home/ec2-user/data/topics/4208 1463
@/home/ec2-user/data/topics/4792 1464
@/home/ec2-user/data/topics/4560 1465
@/home/ec2-user/data/topics/4104 1466
@/home/ec2-user/data/topics/1229 1467
@/home/ec2-user/data/topics/4925 1468
@/home/ec2-user/data/topics/4175 1469
@/home/ec2-user/data/topics/4865 1470
@/home/ec2-user/data/topics/4087 1471
@/home/ec2-user/data/topics/4964 1472
@/home/ec2-user/data/topics/1934 1473
@/home/ec2-user/data/topics/1556 1474
@/home/ec2-user/data/topics/4952 1475
@/home/ec2-user/data/topics/4025 1476
@/home/ec2-user/data/topics/3552 1477
@/home/ec2-user/data/topics/4118 1478
@/home/ec2-user/data/topics/2130 1479
@/home/ec2-user/data/topics/4114 1480
日本鋼管株式会社

@/home/ec2-user/data/topics/4289 1481
@/home/ec2-user/data/topics/4161 1481
@/home/ec2-user/data/topics/2095 1482
@/home/ec2-user/data/topics/4455 1483
@/home/ec2-user/data/topics/3572 1484
@/home/ec2-user/data/topics/1690 1485
@/home/ec2-user/data/topics/1404 1486
株式会社神戸製鋼所

@/home/ec2-user/data/topics/1465 1487
@/home/ec2-user/data/topics/4949 1487
@/home/ec2-user/data/topics/3902 1488
@/home/ec2-user/data/topics/3674 1489
@/home/ec2-user/data/topics/3475 1490
@/home/ec2-user/data/topics/3632 1491
@/home/ec2-user/data/topics/2064 1492
株式会社ケンウッド

@/home/ec2-user/data/topics/1345 1493
@/home/ec2-user/data/topics/1424 1493
@/home/ec2-user/data/topics/3801 1494
@/home/ec2-user/data/topics/4467 1495
@/home/ec2-user/data/topics/3878 1496
@/home/ec2-user/data/topics/2163 1497
@/home/ec2-user/data/topics/1115 1498
@/home/ec2-user/data/topics/3969 1499
@/home/ec2-user/data/topics/1896 1500
@/home/ec2-user/data/topics/1617 1501
@/home/ec2-user/data/topics/4038 1502
@/home/ec2-user/data/topics/1186 1503
@/home/ec2-user/data/topics/3977 1504
@/home/ec2-user/data/topics/4167 1505
@/home/ec2-user/data/topics/2036 1506
@/home/ec2-user/data/topics/3463 1507
@/home/ec2-user/data/topics/1241 1508
@/home/ec2-user/data/topics/3839 1509
@/home/ec2-user/data/topics/1698 1510
@/home/ec2-user/data/topics/4050 1511
@/home/ec2-user/data/topics/3794 1512
東陶機器株式会社

@/home/ec2-user/data/topics/2135 1513
@/home/ec2-user/data/topics/3821 1513
@/home/ec2-user/data/topics/1692 1514
@/home/ec2-user/data/topics/1626 1515
@/home/ec2-user/data/topics/1735 1516
@/home/ec2-user/data/topics/3583 1517
本田技研工業株式会社

@/home/ec2-user/data/topics/1818 1518
@/home/ec2-user/data/topics/4199 1518
@/home/ec2-user/data/topics/1143 1519
@/home/ec2-user/data/topics/1266 1520
@/home/ec2-user/data/topics/1226 1521
@/home/ec2-user/data/topics/2016 1522
@/home/ec2-user/data/topics/1822 1523
@/home/ec2-user/data/topics/1444 1524
@/home/ec2-user/data/topics/1215 1525
@/home/ec2-user/data/topics/3685 1526
@/home/ec2-user/data/topics/4033 1527
@/home/ec2-user/data/topics/4132 1528
@/home/ec2-user/data/topics/4375 1529
@/home/ec2-user/data/topics/5026 1530
@/home/ec2-user/data/topics/2000 1531
@/home/ec2-user/data/topics/4888 1532
@/home/ec2-user/data/topics/4331 1533
@/home/ec2-user/data/topics/4783 1534
@/home/ec2-user/data/topics/1605 1535
新日本製鐵株式会社

@/home/ec2-user/data/topics/3663 1536
@/home/ec2-user/data/topics/3861 1536
@/home/ec2-user/data/topics/5008 1537
@/home/ec2-user/data/topics/4472 1538
@/home/ec2-user/data/topics/3899 1539
@/home/ec2-user/data/topics/3368 1540
松下電工株式会社

@/home/ec2-user/data/topics/1011 1541
@/home/ec2-user/data/topics/4592 1541
@/home/ec2-user/data/topics/4012 1542
@/home/ec2-user/data/topics/4317 1543
@/home/ec2-user/data/topics/1251 1544
@/home/ec2-user/data/topics/4347 1545
@/home/ec2-user/data/topics/3932 1546
@/home/ec2-user/data/topics/3670 1547
@/home/ec2-user/data/topics/4450 1548
@/home/ec2-user/data/topics/3565 1549
@/home/ec2-user/data/topics/4083 1550
@/home/ec2-user/data/topics/3651 1551
@/home/ec2-user/data/topics/1803 1552
@/home/ec2-user/data/topics/3379 1553
@/home/ec2-user/data/topics/3511 1554
@/home/ec2-user/data/topics/3778 1555
@/home/ec2-user/data/topics/1311 1556
@/home/ec2-user/data/topics/4094 1557
@/home/ec2-user/data/topics/4029 1558
@/home/ec2-user/data/topics/3549 1559
@/home/ec2-user/data/topics/3835 1560
@/home/ec2-user/data/topics/2045 1561
usernum: 72
hit: 1466
simhit: 1446
simmax: 0.587431719362
simmin: 0.0
simavg: 0.198495444113
dlmax: 0.162322250797
dlmin: 0.00664019424655
dlavg: 0.0344966403361
mthit: 1626
mthls: 0
srp: 92.502
total: 1562
hit/total: 0.938540332907
simhit/total: 0.925736235595
mthit/(total+usernum): 0.995104039168
mthls/(total+usernum): 0.0
srp/(total+usernum): 0.0188702570379
srp20/(total+usernum): 0.00521215830273
srp100/(total+usernum): 0.0139106487148
srp500/(total+usernum): 0.0173235414117

2016-12-24 15:33:29.397385
