2016-12-24 06:16:38.623313

topic-folder:/home/ec2-user/data/topics/
cl-file:/home/ec2-user/git/tfidf/result-new/b3-1.txt
cl-floder:/home/ec2-user/data/ldaclass-32-2000-top10000/
zipf:0.2
stype[0(tfidf)/1(tfidf2)/2(lsa)/3(lda)]:3
dtype[<0(diff*rand)/0(diff)/1(same)/>=2(diff*same)]:0
output-floder:/home/ec2-user/git/userquery/result

三菱マテリアル株式会社

@/home/ec2-user/data/topics/3866 0
@/home/ec2-user/data/topics/1638 0
@/home/ec2-user/data/topics/1085 1
@/home/ec2-user/data/topics/3520 2
@/home/ec2-user/data/topics/3630 3
@/home/ec2-user/data/topics/2093 4
@/home/ec2-user/data/topics/3546 5
@/home/ec2-user/data/topics/3470 6
日本精機株式会社

@/home/ec2-user/data/topics/4972 7
@/home/ec2-user/data/topics/1398 7
@/home/ec2-user/data/topics/4709 8
@/home/ec2-user/data/topics/4907 9
@/home/ec2-user/data/topics/4690 10
@/home/ec2-user/data/topics/4875 11
コニカ株式会社

@/home/ec2-user/data/topics/3431 12
@/home/ec2-user/data/topics/3486 12
@/home/ec2-user/data/topics/3370 13
@/home/ec2-user/data/topics/3426 14
@/home/ec2-user/data/topics/2162 15
@/home/ec2-user/data/topics/3533 16
@/home/ec2-user/data/topics/1946 17
@/home/ec2-user/data/topics/3418 18
@/home/ec2-user/data/topics/3414 19
@/home/ec2-user/data/topics/3357 20
@/home/ec2-user/data/topics/3419 21
埼玉日本電気株式会社

@/home/ec2-user/data/topics/4998 22
@/home/ec2-user/data/topics/4279 22
@/home/ec2-user/data/topics/1512 23
@/home/ec2-user/data/topics/4468 24
@/home/ec2-user/data/topics/4283 25
@/home/ec2-user/data/topics/4496 26
@/home/ec2-user/data/topics/5010 27
@/home/ec2-user/data/topics/1620 28
@/home/ec2-user/data/topics/4242 29
アルプス電気株式会社

@/home/ec2-user/data/topics/4791 30
@/home/ec2-user/data/topics/3429 30
@/home/ec2-user/data/topics/1253 31
@/home/ec2-user/data/topics/1434 32
@/home/ec2-user/data/topics/2089 33
@/home/ec2-user/data/topics/2012 34
@/home/ec2-user/data/topics/3582 35
三菱重工業株式会社

@/home/ec2-user/data/topics/3529 36
@/home/ec2-user/data/topics/3503 36
@/home/ec2-user/data/topics/4563 37
@/home/ec2-user/data/topics/3591 38
@/home/ec2-user/data/topics/3637 39
@/home/ec2-user/data/topics/3833 40
@/home/ec2-user/data/topics/4412 41
@/home/ec2-user/data/topics/4862 42
@/home/ec2-user/data/topics/4882 43
@/home/ec2-user/data/topics/3944 44
@/home/ec2-user/data/topics/4687 45
@/home/ec2-user/data/topics/5022 46
村田機械株式会社

@/home/ec2-user/data/topics/3528 47
@/home/ec2-user/data/topics/4441 47
@/home/ec2-user/data/topics/1607 48
@/home/ec2-user/data/topics/4941 49
@/home/ec2-user/data/topics/1511 50
@/home/ec2-user/data/topics/5000 51
@/home/ec2-user/data/topics/4570 52
@/home/ec2-user/data/topics/4565 53
@/home/ec2-user/data/topics/4638 54
@/home/ec2-user/data/topics/4645 55
@/home/ec2-user/data/topics/1293 56
@/home/ec2-user/data/topics/4596 57
@/home/ec2-user/data/topics/4746 58
@/home/ec2-user/data/topics/1074 59
@/home/ec2-user/data/topics/4835 60
@/home/ec2-user/data/topics/3740 61
@/home/ec2-user/data/topics/4556 62
川崎製鉄株式会社

@/home/ec2-user/data/topics/3929 63
@/home/ec2-user/data/topics/3483 63
@/home/ec2-user/data/topics/1459 64
@/home/ec2-user/data/topics/3532 65
@/home/ec2-user/data/topics/1037 66
@/home/ec2-user/data/topics/3553 67
@/home/ec2-user/data/topics/3611 68
@/home/ec2-user/data/topics/3413 69
@/home/ec2-user/data/topics/4615 70
ダイキン工業株式会社

@/home/ec2-user/data/topics/1565 71
@/home/ec2-user/data/topics/4367 71
@/home/ec2-user/data/topics/4400 72
@/home/ec2-user/data/topics/4701 73
@/home/ec2-user/data/topics/1600 74
@/home/ec2-user/data/topics/4753 75
@/home/ec2-user/data/topics/3888 76
@/home/ec2-user/data/topics/4845 77
@/home/ec2-user/data/topics/4734 78
@/home/ec2-user/data/topics/4515 79
@/home/ec2-user/data/topics/4858 80
三菱自動車工業株式会社

@/home/ec2-user/data/topics/3940 81
@/home/ec2-user/data/topics/1816 81
@/home/ec2-user/data/topics/2101 82
@/home/ec2-user/data/topics/3815 83
@/home/ec2-user/data/topics/3502 84
@/home/ec2-user/data/topics/4189 85
@/home/ec2-user/data/topics/1428 86
@/home/ec2-user/data/topics/1527 87
日産自動車株式会社

@/home/ec2-user/data/topics/3723 88
@/home/ec2-user/data/topics/4982 88
@/home/ec2-user/data/topics/3489 89
@/home/ec2-user/data/topics/3829 90
@/home/ec2-user/data/topics/3936 91
@/home/ec2-user/data/topics/3712 92
@/home/ec2-user/data/topics/4074 93
@/home/ec2-user/data/topics/3501 94
@/home/ec2-user/data/topics/3677 95
@/home/ec2-user/data/topics/3497 96
@/home/ec2-user/data/topics/3645 97
トヨタ自動車株式会社

@/home/ec2-user/data/topics/3587 98
@/home/ec2-user/data/topics/4144 98
@/home/ec2-user/data/topics/4647 99
@/home/ec2-user/data/topics/1494 100
@/home/ec2-user/data/topics/4008 101
@/home/ec2-user/data/topics/2111 102
@/home/ec2-user/data/topics/3699 103
@/home/ec2-user/data/topics/3356 104
@/home/ec2-user/data/topics/4346 105
@/home/ec2-user/data/topics/3725 106
@/home/ec2-user/data/topics/3671 107
@/home/ec2-user/data/topics/4633 108
@/home/ec2-user/data/topics/4030 109
@/home/ec2-user/data/topics/4298 110
@/home/ec2-user/data/topics/4658 111
@/home/ec2-user/data/topics/2218 112
@/home/ec2-user/data/topics/1551 113
@/home/ec2-user/data/topics/4767 114
@/home/ec2-user/data/topics/4920 115
@/home/ec2-user/data/topics/4543 116
@/home/ec2-user/data/topics/3405 117
@/home/ec2-user/data/topics/4617 118
@/home/ec2-user/data/topics/3943 119
@/home/ec2-user/data/topics/3783 120
@/home/ec2-user/data/topics/4426 121
@/home/ec2-user/data/topics/3481 122
@/home/ec2-user/data/topics/3758 123
@/home/ec2-user/data/topics/4064 124
@/home/ec2-user/data/topics/3731 125
オリンパス光学工業株式会社

@/home/ec2-user/data/topics/5006 126
@/home/ec2-user/data/topics/2026 126
@/home/ec2-user/data/topics/1586 127
@/home/ec2-user/data/topics/4878 128
@/home/ec2-user/data/topics/1155 129
@/home/ec2-user/data/topics/1835 130
@/home/ec2-user/data/topics/4013 131
@/home/ec2-user/data/topics/1739 132
@/home/ec2-user/data/topics/1981 133
@/home/ec2-user/data/topics/1107 134
@/home/ec2-user/data/topics/4007 135
@/home/ec2-user/data/topics/1869 136
ブラザー工業株式会社

@/home/ec2-user/data/topics/1300 137
@/home/ec2-user/data/topics/1076 137
@/home/ec2-user/data/topics/3613 138
@/home/ec2-user/data/topics/3507 139
@/home/ec2-user/data/topics/1906 140
@/home/ec2-user/data/topics/3686 141
@/home/ec2-user/data/topics/1164 142
@/home/ec2-user/data/topics/2086 143
@/home/ec2-user/data/topics/1636 144
@/home/ec2-user/data/topics/2085 145
@/home/ec2-user/data/topics/3789 146
@/home/ec2-user/data/topics/4548 147
@/home/ec2-user/data/topics/1183 148
@/home/ec2-user/data/topics/1697 149
@/home/ec2-user/data/topics/3477 150
富士通株式会社

@/home/ec2-user/data/topics/1547 151
@/home/ec2-user/data/topics/3802 151
@/home/ec2-user/data/topics/3538 152
@/home/ec2-user/data/topics/2215 153
@/home/ec2-user/data/topics/1264 154
@/home/ec2-user/data/topics/3460 155
@/home/ec2-user/data/topics/5004 156
@/home/ec2-user/data/topics/1609 157
@/home/ec2-user/data/topics/2216 158
@/home/ec2-user/data/topics/3381 159
@/home/ec2-user/data/topics/3846 160
@/home/ec2-user/data/topics/2227 161
@/home/ec2-user/data/topics/3751 162
@/home/ec2-user/data/topics/3912 163
@/home/ec2-user/data/topics/3883 164
@/home/ec2-user/data/topics/3749 165
@/home/ec2-user/data/topics/3870 166
@/home/ec2-user/data/topics/3636 167
@/home/ec2-user/data/topics/3765 168
@/home/ec2-user/data/topics/3962 169
@/home/ec2-user/data/topics/3862 170
@/home/ec2-user/data/topics/3399 171
@/home/ec2-user/data/topics/3400 172
@/home/ec2-user/data/topics/3799 173
@/home/ec2-user/data/topics/1123 174
@/home/ec2-user/data/topics/4191 175
@/home/ec2-user/data/topics/3428 176
@/home/ec2-user/data/topics/1998 177
@/home/ec2-user/data/topics/1874 178
@/home/ec2-user/data/topics/3850 179
@/home/ec2-user/data/topics/3970 180
@/home/ec2-user/data/topics/1271 181
静岡日本電気株式会社

@/home/ec2-user/data/topics/4314 182
@/home/ec2-user/data/topics/4531 182
@/home/ec2-user/data/topics/4326 183
@/home/ec2-user/data/topics/4365 184
@/home/ec2-user/data/topics/4507 185
@/home/ec2-user/data/topics/4250 186
住友重機械工業株式会社

@/home/ec2-user/data/topics/1900 187
@/home/ec2-user/data/topics/1019 187
@/home/ec2-user/data/topics/3952 188
@/home/ec2-user/data/topics/3868 189
@/home/ec2-user/data/topics/1373 190
@/home/ec2-user/data/topics/4854 191
@/home/ec2-user/data/topics/2039 192
@/home/ec2-user/data/topics/1505 193
@/home/ec2-user/data/topics/1553 194
大日本印刷株式会社

@/home/ec2-user/data/topics/3569 195
@/home/ec2-user/data/topics/1099 195
@/home/ec2-user/data/topics/1564 196
@/home/ec2-user/data/topics/1145 197
@/home/ec2-user/data/topics/1262 198
@/home/ec2-user/data/topics/3388 199
日本電気株式会社

@/home/ec2-user/data/topics/4725 200
@/home/ec2-user/data/topics/4682 200
@/home/ec2-user/data/topics/4433 201
@/home/ec2-user/data/topics/4227 202
@/home/ec2-user/data/topics/4142 203
@/home/ec2-user/data/topics/4850 204
@/home/ec2-user/data/topics/4490 205
@/home/ec2-user/data/topics/4318 206
@/home/ec2-user/data/topics/1661 207
@/home/ec2-user/data/topics/4578 208
@/home/ec2-user/data/topics/4236 209
@/home/ec2-user/data/topics/3956 210
@/home/ec2-user/data/topics/4414 211
@/home/ec2-user/data/topics/4062 212
@/home/ec2-user/data/topics/4186 213
@/home/ec2-user/data/topics/4138 214
@/home/ec2-user/data/topics/1016 215
@/home/ec2-user/data/topics/4082 216
@/home/ec2-user/data/topics/4071 217
@/home/ec2-user/data/topics/1486 218
@/home/ec2-user/data/topics/4876 219
@/home/ec2-user/data/topics/3766 220
@/home/ec2-user/data/topics/4119 221
@/home/ec2-user/data/topics/4440 222
@/home/ec2-user/data/topics/4257 223
@/home/ec2-user/data/topics/3938 224
@/home/ec2-user/data/topics/4300 225
@/home/ec2-user/data/topics/4721 226
@/home/ec2-user/data/topics/1457 227
@/home/ec2-user/data/topics/4824 228
@/home/ec2-user/data/topics/4434 229
@/home/ec2-user/data/topics/3954 230
@/home/ec2-user/data/topics/4171 231
@/home/ec2-user/data/topics/4092 232
@/home/ec2-user/data/topics/4418 233
@/home/ec2-user/data/topics/4643 234
@/home/ec2-user/data/topics/4644 235
@/home/ec2-user/data/topics/4536 236
@/home/ec2-user/data/topics/4458 237
@/home/ec2-user/data/topics/4003 238
@/home/ec2-user/data/topics/4116 239
@/home/ec2-user/data/topics/4209 240
@/home/ec2-user/data/topics/4097 241
@/home/ec2-user/data/topics/4137 242
@/home/ec2-user/data/topics/1815 243
@/home/ec2-user/data/topics/4760 244
@/home/ec2-user/data/topics/4749 245
@/home/ec2-user/data/topics/4650 246
@/home/ec2-user/data/topics/4246 247
@/home/ec2-user/data/topics/4310 248
@/home/ec2-user/data/topics/4775 249
@/home/ec2-user/data/topics/4216 250
@/home/ec2-user/data/topics/4238 251
@/home/ec2-user/data/topics/4486 252
@/home/ec2-user/data/topics/4613 253
@/home/ec2-user/data/topics/4708 254
@/home/ec2-user/data/topics/1710 255
@/home/ec2-user/data/topics/4129 256
@/home/ec2-user/data/topics/3896 257
@/home/ec2-user/data/topics/4728 258
@/home/ec2-user/data/topics/4192 259
@/home/ec2-user/data/topics/4742 260
@/home/ec2-user/data/topics/1464 261
@/home/ec2-user/data/topics/4477 262
@/home/ec2-user/data/topics/3744 263
@/home/ec2-user/data/topics/4267 264
@/home/ec2-user/data/topics/1199 265
@/home/ec2-user/data/topics/4584 266
@/home/ec2-user/data/topics/4371 267
@/home/ec2-user/data/topics/2119 268
@/home/ec2-user/data/topics/1852 269
@/home/ec2-user/data/topics/1052 270
@/home/ec2-user/data/topics/1764 271
@/home/ec2-user/data/topics/4785 272
@/home/ec2-user/data/topics/4204 273
@/home/ec2-user/data/topics/4275 274
@/home/ec2-user/data/topics/3886 275
@/home/ec2-user/data/topics/4549 276
@/home/ec2-user/data/topics/1773 277
@/home/ec2-user/data/topics/4388 278
@/home/ec2-user/data/topics/1891 279
@/home/ec2-user/data/topics/1783 280
@/home/ec2-user/data/topics/4162 281
@/home/ec2-user/data/topics/1112 282
@/home/ec2-user/data/topics/4288 283
@/home/ec2-user/data/topics/2088 284
@/home/ec2-user/data/topics/1500 285
@/home/ec2-user/data/topics/4309 286
@/home/ec2-user/data/topics/4446 287
@/home/ec2-user/data/topics/4134 288
@/home/ec2-user/data/topics/4154 289
@/home/ec2-user/data/topics/4207 290
@/home/ec2-user/data/topics/4360 291
@/home/ec2-user/data/topics/3897 292
@/home/ec2-user/data/topics/4258 293
@/home/ec2-user/data/topics/4427 294
@/home/ec2-user/data/topics/4158 295
@/home/ec2-user/data/topics/4273 296
@/home/ec2-user/data/topics/4689 297
@/home/ec2-user/data/topics/4657 298
@/home/ec2-user/data/topics/1612 299
@/home/ec2-user/data/topics/4320 300
@/home/ec2-user/data/topics/4429 301
@/home/ec2-user/data/topics/4665 302
@/home/ec2-user/data/topics/4338 303
@/home/ec2-user/data/topics/4315 304
@/home/ec2-user/data/topics/4533 305
@/home/ec2-user/data/topics/4902 306
@/home/ec2-user/data/topics/4626 307
@/home/ec2-user/data/topics/1362 308
@/home/ec2-user/data/topics/1791 309
@/home/ec2-user/data/topics/4017 310
@/home/ec2-user/data/topics/4120 311
@/home/ec2-user/data/topics/4093 312
@/home/ec2-user/data/topics/4497 313
@/home/ec2-user/data/topics/3875 314
@/home/ec2-user/data/topics/1116 315
@/home/ec2-user/data/topics/3971 316
@/home/ec2-user/data/topics/2127 317
@/home/ec2-user/data/topics/4537 318
@/home/ec2-user/data/topics/4609 319
@/home/ec2-user/data/topics/4485 320
@/home/ec2-user/data/topics/4081 321
@/home/ec2-user/data/topics/4278 322
@/home/ec2-user/data/topics/3729 323
@/home/ec2-user/data/topics/4816 324
@/home/ec2-user/data/topics/4808 325
@/home/ec2-user/data/topics/4260 326
@/home/ec2-user/data/topics/4651 327
@/home/ec2-user/data/topics/4393 328
@/home/ec2-user/data/topics/4603 329
@/home/ec2-user/data/topics/2031 330
@/home/ec2-user/data/topics/1557 331
@/home/ec2-user/data/topics/4352 332
@/home/ec2-user/data/topics/3865 333
@/home/ec2-user/data/topics/1948 334
@/home/ec2-user/data/topics/4530 335
@/home/ec2-user/data/topics/4442 336
@/home/ec2-user/data/topics/4153 337
@/home/ec2-user/data/topics/4926 338
@/home/ec2-user/data/topics/4718 339
@/home/ec2-user/data/topics/4128 340
@/home/ec2-user/data/topics/1724 341
@/home/ec2-user/data/topics/1923 342
@/home/ec2-user/data/topics/4940 343
@/home/ec2-user/data/topics/4313 344
@/home/ec2-user/data/topics/4699 345
@/home/ec2-user/data/topics/1360 346
@/home/ec2-user/data/topics/3724 347
@/home/ec2-user/data/topics/1078 348
@/home/ec2-user/data/topics/4425 349
@/home/ec2-user/data/topics/4696 350
@/home/ec2-user/data/topics/4666 351
@/home/ec2-user/data/topics/4342 352
@/home/ec2-user/data/topics/4343 353
@/home/ec2-user/data/topics/1867 354
@/home/ec2-user/data/topics/5034 355
@/home/ec2-user/data/topics/1879 356
@/home/ec2-user/data/topics/4561 357
@/home/ec2-user/data/topics/4480 358
@/home/ec2-user/data/topics/1122 359
@/home/ec2-user/data/topics/1326 360
@/home/ec2-user/data/topics/4247 361
@/home/ec2-user/data/topics/1844 362
@/home/ec2-user/data/topics/4404 363
@/home/ec2-user/data/topics/4244 364
@/home/ec2-user/data/topics/4460 365
@/home/ec2-user/data/topics/4770 366
@/home/ec2-user/data/topics/4319 367
@/home/ec2-user/data/topics/4892 368
@/home/ec2-user/data/topics/1624 369
@/home/ec2-user/data/topics/4168 370
@/home/ec2-user/data/topics/3995 371
@/home/ec2-user/data/topics/4659 372
@/home/ec2-user/data/topics/4359 373
@/home/ec2-user/data/topics/1595 374
@/home/ec2-user/data/topics/4447 375
@/home/ec2-user/data/topics/3767 376
@/home/ec2-user/data/topics/4281 377
@/home/ec2-user/data/topics/3853 378
@/home/ec2-user/data/topics/1281 379
@/home/ec2-user/data/topics/4243 380
@/home/ec2-user/data/topics/1567 381
@/home/ec2-user/data/topics/2166 382
@/home/ec2-user/data/topics/4196 383
@/home/ec2-user/data/topics/4838 384
@/home/ec2-user/data/topics/4750 385
@/home/ec2-user/data/topics/4240 386
@/home/ec2-user/data/topics/4759 387
@/home/ec2-user/data/topics/4254 388
@/home/ec2-user/data/topics/1044 389
@/home/ec2-user/data/topics/4398 390
@/home/ec2-user/data/topics/1937 391
@/home/ec2-user/data/topics/4779 392
@/home/ec2-user/data/topics/4063 393
@/home/ec2-user/data/topics/4276 394
@/home/ec2-user/data/topics/2022 395
@/home/ec2-user/data/topics/1364 396
@/home/ec2-user/data/topics/1100 397
@/home/ec2-user/data/topics/4100 398
@/home/ec2-user/data/topics/4532 399
@/home/ec2-user/data/topics/4185 400
@/home/ec2-user/data/topics/1928 401
@/home/ec2-user/data/topics/4595 402
@/home/ec2-user/data/topics/4634 403
@/home/ec2-user/data/topics/2150 404
@/home/ec2-user/data/topics/2041 405
@/home/ec2-user/data/topics/4598 406
@/home/ec2-user/data/topics/1973 407
@/home/ec2-user/data/topics/1523 408
@/home/ec2-user/data/topics/1101 409
@/home/ec2-user/data/topics/4389 410
@/home/ec2-user/data/topics/1634 411
@/home/ec2-user/data/topics/2144 412
@/home/ec2-user/data/topics/4390 413
@/home/ec2-user/data/topics/1383 414
@/home/ec2-user/data/topics/4272 415
@/home/ec2-user/data/topics/4877 416
@/home/ec2-user/data/topics/4646 417
@/home/ec2-user/data/topics/4764 418
松下電器産業株式会社

@/home/ec2-user/data/topics/4180 419
@/home/ec2-user/data/topics/4558 419
@/home/ec2-user/data/topics/3455 420
@/home/ec2-user/data/topics/3807 421
@/home/ec2-user/data/topics/1477 422
@/home/ec2-user/data/topics/4804 423
@/home/ec2-user/data/topics/1635 424
@/home/ec2-user/data/topics/4817 425
@/home/ec2-user/data/topics/2029 426
@/home/ec2-user/data/topics/3721 427
@/home/ec2-user/data/topics/4475 428
@/home/ec2-user/data/topics/4707 429
@/home/ec2-user/data/topics/1070 430
@/home/ec2-user/data/topics/3979 431
@/home/ec2-user/data/topics/4586 432
@/home/ec2-user/data/topics/4139 433
@/home/ec2-user/data/topics/3676 434
@/home/ec2-user/data/topics/3386 435
@/home/ec2-user/data/topics/1812 436
@/home/ec2-user/data/topics/3904 437
@/home/ec2-user/data/topics/5028 438
@/home/ec2-user/data/topics/1158 439
@/home/ec2-user/data/topics/3404 440
@/home/ec2-user/data/topics/5024 441
@/home/ec2-user/data/topics/3951 442
@/home/ec2-user/data/topics/4797 443
@/home/ec2-user/data/topics/1705 444
@/home/ec2-user/data/topics/4264 445
@/home/ec2-user/data/topics/2056 446
@/home/ec2-user/data/topics/2080 447
@/home/ec2-user/data/topics/4229 448
@/home/ec2-user/data/topics/4382 449
@/home/ec2-user/data/topics/4215 450
@/home/ec2-user/data/topics/4043 451
@/home/ec2-user/data/topics/4667 452
@/home/ec2-user/data/topics/3739 453
@/home/ec2-user/data/topics/1748 454
@/home/ec2-user/data/topics/4503 455
@/home/ec2-user/data/topics/1540 456
@/home/ec2-user/data/topics/3746 457
@/home/ec2-user/data/topics/1257 458
@/home/ec2-user/data/topics/2222 459
@/home/ec2-user/data/topics/4885 460
@/home/ec2-user/data/topics/4501 461
@/home/ec2-user/data/topics/3847 462
@/home/ec2-user/data/topics/4968 463
@/home/ec2-user/data/topics/2170 464
@/home/ec2-user/data/topics/1136 465
@/home/ec2-user/data/topics/4355 466
@/home/ec2-user/data/topics/4798 467
@/home/ec2-user/data/topics/1885 468
@/home/ec2-user/data/topics/4464 469
@/home/ec2-user/data/topics/4945 470
@/home/ec2-user/data/topics/1898 471
@/home/ec2-user/data/topics/4574 472
@/home/ec2-user/data/topics/3519 473
@/home/ec2-user/data/topics/4917 474
@/home/ec2-user/data/topics/4157 475
@/home/ec2-user/data/topics/3680 476
@/home/ec2-user/data/topics/4101 477
@/home/ec2-user/data/topics/4000 478
@/home/ec2-user/data/topics/3510 479
@/home/ec2-user/data/topics/1706 480
@/home/ec2-user/data/topics/4625 481
@/home/ec2-user/data/topics/1881 482
@/home/ec2-user/data/topics/1701 483
@/home/ec2-user/data/topics/1157 484
@/home/ec2-user/data/topics/4961 485
@/home/ec2-user/data/topics/3692 486
@/home/ec2-user/data/topics/3704 487
@/home/ec2-user/data/topics/2156 488
@/home/ec2-user/data/topics/4918 489
@/home/ec2-user/data/topics/4394 490
@/home/ec2-user/data/topics/3558 491
@/home/ec2-user/data/topics/4599 492
@/home/ec2-user/data/topics/1829 493
@/home/ec2-user/data/topics/1955 494
@/home/ec2-user/data/topics/4102 495
@/home/ec2-user/data/topics/4867 496
@/home/ec2-user/data/topics/4676 497
@/home/ec2-user/data/topics/4448 498
@/home/ec2-user/data/topics/4787 499
@/home/ec2-user/data/topics/1509 500
@/home/ec2-user/data/topics/3658 501
@/home/ec2-user/data/topics/1633 502
@/home/ec2-user/data/topics/2129 503
@/home/ec2-user/data/topics/4098 504
@/home/ec2-user/data/topics/1252 505
@/home/ec2-user/data/topics/4806 506
@/home/ec2-user/data/topics/3694 507
@/home/ec2-user/data/topics/4159 508
@/home/ec2-user/data/topics/1179 509
@/home/ec2-user/data/topics/3514 510
@/home/ec2-user/data/topics/3619 511
@/home/ec2-user/data/topics/4193 512
@/home/ec2-user/data/topics/4754 513
@/home/ec2-user/data/topics/4307 514
@/home/ec2-user/data/topics/3920 515
@/home/ec2-user/data/topics/4491 516
@/home/ec2-user/data/topics/4936 517
@/home/ec2-user/data/topics/1339 518
@/home/ec2-user/data/topics/4459 519
@/home/ec2-user/data/topics/1589 520
@/home/ec2-user/data/topics/3402 521
@/home/ec2-user/data/topics/4280 522
@/home/ec2-user/data/topics/1762 523
@/home/ec2-user/data/topics/1525 524
@/home/ec2-user/data/topics/4577 525
@/home/ec2-user/data/topics/4303 526
@/home/ec2-user/data/topics/3494 527
@/home/ec2-user/data/topics/3585 528
@/home/ec2-user/data/topics/1026 529
@/home/ec2-user/data/topics/4422 530
@/home/ec2-user/data/topics/4761 531
@/home/ec2-user/data/topics/4385 532
@/home/ec2-user/data/topics/4502 533
@/home/ec2-user/data/topics/3719 534
@/home/ec2-user/data/topics/4126 535
@/home/ec2-user/data/topics/4274 536
@/home/ec2-user/data/topics/1516 537
@/home/ec2-user/data/topics/4160 538
@/home/ec2-user/data/topics/3960 539
@/home/ec2-user/data/topics/3761 540
セイコーインスツルメンツ株式会社

@/home/ec2-user/data/topics/4151 541
@/home/ec2-user/data/topics/4203 541
@/home/ec2-user/data/topics/4997 542
@/home/ec2-user/data/topics/4190 543
@/home/ec2-user/data/topics/1707 544
@/home/ec2-user/data/topics/4088 545
@/home/ec2-user/data/topics/3825 546
@/home/ec2-user/data/topics/4036 547
@/home/ec2-user/data/topics/3626 548
ミノルタ株式会社

@/home/ec2-user/data/topics/4971 549
@/home/ec2-user/data/topics/4321 549
@/home/ec2-user/data/topics/4970 550
@/home/ec2-user/data/topics/1152 551
@/home/ec2-user/data/topics/3545 552
@/home/ec2-user/data/topics/3810 553
@/home/ec2-user/data/topics/2190 554
@/home/ec2-user/data/topics/4977 555
@/home/ec2-user/data/topics/4984 556
@/home/ec2-user/data/topics/3584 557
@/home/ec2-user/data/topics/4951 558
@/home/ec2-user/data/topics/4986 559
株式会社リコー

@/home/ec2-user/data/topics/3880 560
@/home/ec2-user/data/topics/3669 560
@/home/ec2-user/data/topics/3548 561
@/home/ec2-user/data/topics/4265 562
@/home/ec2-user/data/topics/1974 563
@/home/ec2-user/data/topics/1691 564
@/home/ec2-user/data/topics/1436 565
@/home/ec2-user/data/topics/2043 566
@/home/ec2-user/data/topics/1433 567
@/home/ec2-user/data/topics/1806 568
@/home/ec2-user/data/topics/1878 569
@/home/ec2-user/data/topics/2201 570
@/home/ec2-user/data/topics/1775 571
@/home/ec2-user/data/topics/2182 572
@/home/ec2-user/data/topics/3378 573
@/home/ec2-user/data/topics/3555 574
@/home/ec2-user/data/topics/1106 575
@/home/ec2-user/data/topics/1668 576
@/home/ec2-user/data/topics/1482 577
@/home/ec2-user/data/topics/3495 578
@/home/ec2-user/data/topics/3446 579
@/home/ec2-user/data/topics/1083 580
@/home/ec2-user/data/topics/3633 581
@/home/ec2-user/data/topics/1670 582
@/home/ec2-user/data/topics/1095 583
@/home/ec2-user/data/topics/3523 584
@/home/ec2-user/data/topics/4037 585
@/home/ec2-user/data/topics/1282 586
@/home/ec2-user/data/topics/4781 587
@/home/ec2-user/data/topics/3394 588
@/home/ec2-user/data/topics/1064 589
@/home/ec2-user/data/topics/3424 590
@/home/ec2-user/data/topics/1627 591
@/home/ec2-user/data/topics/1610 592
@/home/ec2-user/data/topics/3775 593
@/home/ec2-user/data/topics/1663 594
@/home/ec2-user/data/topics/2200 595
@/home/ec2-user/data/topics/1780 596
@/home/ec2-user/data/topics/1740 597
@/home/ec2-user/data/topics/3484 598
@/home/ec2-user/data/topics/3557 599
@/home/ec2-user/data/topics/3713 600
@/home/ec2-user/data/topics/3530 601
@/home/ec2-user/data/topics/1669 602
@/home/ec2-user/data/topics/3759 603
@/home/ec2-user/data/topics/1755 604
@/home/ec2-user/data/topics/1478 605
@/home/ec2-user/data/topics/3411 606
@/home/ec2-user/data/topics/2189 607
@/home/ec2-user/data/topics/1514 608
@/home/ec2-user/data/topics/3436 609
@/home/ec2-user/data/topics/4344 610
@/home/ec2-user/data/topics/4616 611
@/home/ec2-user/data/topics/3472 612
@/home/ec2-user/data/topics/2006 613
@/home/ec2-user/data/topics/1976 614
@/home/ec2-user/data/topics/3711 615
@/home/ec2-user/data/topics/1718 616
@/home/ec2-user/data/topics/2090 617
@/home/ec2-user/data/topics/1774 618
@/home/ec2-user/data/topics/3837 619
@/home/ec2-user/data/topics/1776 620
@/home/ec2-user/data/topics/3574 621
@/home/ec2-user/data/topics/3687 622
@/home/ec2-user/data/topics/3474 623
@/home/ec2-user/data/topics/2219 624
@/home/ec2-user/data/topics/1225 625
@/home/ec2-user/data/topics/4879 626
@/home/ec2-user/data/topics/1593 627
@/home/ec2-user/data/topics/1190 628
@/home/ec2-user/data/topics/3750 629
独立行政法人産業技術総合研究所

@/home/ec2-user/data/topics/4800 630
@/home/ec2-user/data/topics/4739 630
@/home/ec2-user/data/topics/4869 631
@/home/ec2-user/data/topics/4777 632
@/home/ec2-user/data/topics/1356 633
@/home/ec2-user/data/topics/4740 634
ソニー株式会社

@/home/ec2-user/data/topics/2052 635
@/home/ec2-user/data/topics/1892 635
@/home/ec2-user/data/topics/3924 636
@/home/ec2-user/data/topics/2037 637
@/home/ec2-user/data/topics/2058 638
@/home/ec2-user/data/topics/1912 639
@/home/ec2-user/data/topics/1147 640
@/home/ec2-user/data/topics/1686 641
@/home/ec2-user/data/topics/5027 642
@/home/ec2-user/data/topics/1380 643
@/home/ec2-user/data/topics/4184 644
@/home/ec2-user/data/topics/2075 645
@/home/ec2-user/data/topics/1471 646
@/home/ec2-user/data/topics/1778 647
@/home/ec2-user/data/topics/4224 648
@/home/ec2-user/data/topics/1414 649
@/home/ec2-user/data/topics/1435 650
@/home/ec2-user/data/topics/1102 651
@/home/ec2-user/data/topics/3872 652
@/home/ec2-user/data/topics/1233 653
@/home/ec2-user/data/topics/2094 654
@/home/ec2-user/data/topics/3401 655
@/home/ec2-user/data/topics/1967 656
@/home/ec2-user/data/topics/1059 657
@/home/ec2-user/data/topics/1836 658
@/home/ec2-user/data/topics/1291 659
@/home/ec2-user/data/topics/2059 660
@/home/ec2-user/data/topics/1749 661
@/home/ec2-user/data/topics/4219 662
@/home/ec2-user/data/topics/1954 663
@/home/ec2-user/data/topics/1397 664
@/home/ec2-user/data/topics/1926 665
@/home/ec2-user/data/topics/3975 666
@/home/ec2-user/data/topics/1426 667
@/home/ec2-user/data/topics/4351 668
@/home/ec2-user/data/topics/2048 669
@/home/ec2-user/data/topics/3456 670
@/home/ec2-user/data/topics/3955 671
@/home/ec2-user/data/topics/1298 672
@/home/ec2-user/data/topics/1218 673
@/home/ec2-user/data/topics/1602 674
@/home/ec2-user/data/topics/1884 675
@/home/ec2-user/data/topics/1679 676
@/home/ec2-user/data/topics/1873 677
@/home/ec2-user/data/topics/3392 678
@/home/ec2-user/data/topics/1491 679
@/home/ec2-user/data/topics/2105 680
富士ゼロックス株式会社

@/home/ec2-user/data/topics/5031 681
@/home/ec2-user/data/topics/3640 681
@/home/ec2-user/data/topics/1947 682
@/home/ec2-user/data/topics/3407 683
@/home/ec2-user/data/topics/3790 684
@/home/ec2-user/data/topics/3782 685
@/home/ec2-user/data/topics/3473 686
@/home/ec2-user/data/topics/3695 687
@/home/ec2-user/data/topics/3661 688
@/home/ec2-user/data/topics/3383 689
@/home/ec2-user/data/topics/4108 690
@/home/ec2-user/data/topics/3366 691
@/home/ec2-user/data/topics/3564 692
@/home/ec2-user/data/topics/1560 693
@/home/ec2-user/data/topics/3662 694
住友金属工業株式会社

@/home/ec2-user/data/topics/4295 695
@/home/ec2-user/data/topics/1268 695
@/home/ec2-user/data/topics/4733 696
@/home/ec2-user/data/topics/3577 697
@/home/ec2-user/data/topics/3826 698
@/home/ec2-user/data/topics/4991 699
@/home/ec2-user/data/topics/4661 700
@/home/ec2-user/data/topics/3655 701
@/home/ec2-user/data/topics/4182 702
@/home/ec2-user/data/topics/4322 703
@/home/ec2-user/data/topics/4534 704
@/home/ec2-user/data/topics/4021 705
日立電線株式会社

@/home/ec2-user/data/topics/1388 706
@/home/ec2-user/data/topics/1027 706
@/home/ec2-user/data/topics/4357 707
@/home/ec2-user/data/topics/4356 708
@/home/ec2-user/data/topics/1117 709
@/home/ec2-user/data/topics/3930 710
@/home/ec2-user/data/topics/3756 711
@/home/ec2-user/data/topics/1305 712
@/home/ec2-user/data/topics/4329 713
キヤノン株式会社

@/home/ec2-user/data/topics/1895 714
@/home/ec2-user/data/topics/4521 714
@/home/ec2-user/data/topics/1889 715
@/home/ec2-user/data/topics/1124 716
@/home/ec2-user/data/topics/3720 717
@/home/ec2-user/data/topics/1216 718
@/home/ec2-user/data/topics/1118 719
@/home/ec2-user/data/topics/3656 720
@/home/ec2-user/data/topics/2145 721
@/home/ec2-user/data/topics/3628 722
@/home/ec2-user/data/topics/3417 723
@/home/ec2-user/data/topics/1790 724
@/home/ec2-user/data/topics/1961 725
@/home/ec2-user/data/topics/1513 726
@/home/ec2-user/data/topics/1568 727
@/home/ec2-user/data/topics/2053 728
@/home/ec2-user/data/topics/1847 729
@/home/ec2-user/data/topics/1802 730
@/home/ec2-user/data/topics/1080 731
@/home/ec2-user/data/topics/3454 732
@/home/ec2-user/data/topics/3415 733
@/home/ec2-user/data/topics/3843 734
@/home/ec2-user/data/topics/4947 735
@/home/ec2-user/data/topics/2117 736
@/home/ec2-user/data/topics/1539 737
@/home/ec2-user/data/topics/3642 738
@/home/ec2-user/data/topics/4610 739
@/home/ec2-user/data/topics/3737 740
@/home/ec2-user/data/topics/3441 741
@/home/ec2-user/data/topics/3430 742
@/home/ec2-user/data/topics/1228 743
@/home/ec2-user/data/topics/3730 744
@/home/ec2-user/data/topics/1631 745
@/home/ec2-user/data/topics/4363 746
@/home/ec2-user/data/topics/4068 747
@/home/ec2-user/data/topics/3958 748
@/home/ec2-user/data/topics/1519 749
@/home/ec2-user/data/topics/3852 750
@/home/ec2-user/data/topics/2243 751
@/home/ec2-user/data/topics/1646 752
@/home/ec2-user/data/topics/1590 753
@/home/ec2-user/data/topics/4020 754
@/home/ec2-user/data/topics/3438 755
@/home/ec2-user/data/topics/3949 756
@/home/ec2-user/data/topics/4054 757
@/home/ec2-user/data/topics/1848 758
@/home/ec2-user/data/topics/3660 759
@/home/ec2-user/data/topics/3755 760
@/home/ec2-user/data/topics/4937 761
@/home/ec2-user/data/topics/4350 762
@/home/ec2-user/data/topics/3416 763
@/home/ec2-user/data/topics/3996 764
@/home/ec2-user/data/topics/1208 765
@/home/ec2-user/data/topics/4520 766
@/home/ec2-user/data/topics/3445 767
@/home/ec2-user/data/topics/1744 768
@/home/ec2-user/data/topics/1455 769
@/home/ec2-user/data/topics/3376 770
@/home/ec2-user/data/topics/3722 771
@/home/ec2-user/data/topics/3434 772
@/home/ec2-user/data/topics/2231 773
@/home/ec2-user/data/topics/1866 774
@/home/ec2-user/data/topics/4628 775
@/home/ec2-user/data/topics/3410 776
@/home/ec2-user/data/topics/3967 777
@/home/ec2-user/data/topics/2004 778
@/home/ec2-user/data/topics/1745 779
@/home/ec2-user/data/topics/1975 780
@/home/ec2-user/data/topics/4948 781
@/home/ec2-user/data/topics/3420 782
@/home/ec2-user/data/topics/1438 783
@/home/ec2-user/data/topics/3374 784
@/home/ec2-user/data/topics/2107 785
三洋電機株式会社

@/home/ec2-user/data/topics/5002 786
@/home/ec2-user/data/topics/3804 786
@/home/ec2-user/data/topics/3808 787
@/home/ec2-user/data/topics/4788 788
@/home/ec2-user/data/topics/1653 789
@/home/ec2-user/data/topics/2063 790
@/home/ec2-user/data/topics/1488 791
@/home/ec2-user/data/topics/1980 792
@/home/ec2-user/data/topics/4212 793
@/home/ec2-user/data/topics/4527 794
@/home/ec2-user/data/topics/3953 795
@/home/ec2-user/data/topics/1246 796
@/home/ec2-user/data/topics/1479 797
@/home/ec2-user/data/topics/4001 798
@/home/ec2-user/data/topics/4983 799
@/home/ec2-user/data/topics/3859 800
@/home/ec2-user/data/topics/4376 801
@/home/ec2-user/data/topics/1321 802
@/home/ec2-user/data/topics/3830 803
@/home/ec2-user/data/topics/4978 804
@/home/ec2-user/data/topics/4178 805
@/home/ec2-user/data/topics/4612 806
@/home/ec2-user/data/topics/2230 807
@/home/ec2-user/data/topics/2071 808
@/home/ec2-user/data/topics/3754 809
@/home/ec2-user/data/topics/4474 810
@/home/ec2-user/data/topics/4384 811
@/home/ec2-user/data/topics/4679 812
@/home/ec2-user/data/topics/4726 813
@/home/ec2-user/data/topics/3539 814
@/home/ec2-user/data/topics/4328 815
@/home/ec2-user/data/topics/4763 816
@/home/ec2-user/data/topics/4654 817
@/home/ec2-user/data/topics/3491 818
@/home/ec2-user/data/topics/1515 819
@/home/ec2-user/data/topics/2054 820
@/home/ec2-user/data/topics/4099 821
@/home/ec2-user/data/topics/4571 822
@/home/ec2-user/data/topics/3845 823
@/home/ec2-user/data/topics/3817 824
@/home/ec2-user/data/topics/1079 825
@/home/ec2-user/data/topics/2194 826
@/home/ec2-user/data/topics/3781 827
@/home/ec2-user/data/topics/4039 828
@/home/ec2-user/data/topics/1386 829
@/home/ec2-user/data/topics/3889 830
@/home/ec2-user/data/topics/5011 831
@/home/ec2-user/data/topics/3581 832
@/home/ec2-user/data/topics/4960 833
@/home/ec2-user/data/topics/4604 834
@/home/ec2-user/data/topics/4492 835
@/home/ec2-user/data/topics/4015 836
@/home/ec2-user/data/topics/4301 837
@/home/ec2-user/data/topics/4304 838
@/home/ec2-user/data/topics/3906 839
@/home/ec2-user/data/topics/4066 840
@/home/ec2-user/data/topics/1451 841
@/home/ec2-user/data/topics/4179 842
@/home/ec2-user/data/topics/4720 843
@/home/ec2-user/data/topics/4060 844
@/home/ec2-user/data/topics/2098 845
@/home/ec2-user/data/topics/1163 846
@/home/ec2-user/data/topics/3681 847
@/home/ec2-user/data/topics/1671 848
@/home/ec2-user/data/topics/4061 849
@/home/ec2-user/data/topics/3492 850
@/home/ec2-user/data/topics/2014 851
@/home/ec2-user/data/topics/3974 852
@/home/ec2-user/data/topics/3398 853
@/home/ec2-user/data/topics/3403 854
@/home/ec2-user/data/topics/1652 855
@/home/ec2-user/data/topics/3625 856
@/home/ec2-user/data/topics/4150 857
@/home/ec2-user/data/topics/1722 858
@/home/ec2-user/data/topics/3926 859
@/home/ec2-user/data/topics/4837 860
@/home/ec2-user/data/topics/3708 861
@/home/ec2-user/data/topics/3986 862
@/home/ec2-user/data/topics/1289 863
三菱電機株式会社

@/home/ec2-user/data/topics/3453 864
@/home/ec2-user/data/topics/1536 864
@/home/ec2-user/data/topics/1872 865
@/home/ec2-user/data/topics/3397 866
@/home/ec2-user/data/topics/1792 867
@/home/ec2-user/data/topics/4235 868
@/home/ec2-user/data/topics/3609 869
@/home/ec2-user/data/topics/4133 870
@/home/ec2-user/data/topics/3412 871
@/home/ec2-user/data/topics/4220 872
@/home/ec2-user/data/topics/4980 873
@/home/ec2-user/data/topics/3592 874
@/home/ec2-user/data/topics/3465 875
@/home/ec2-user/data/topics/3506 876
@/home/ec2-user/data/topics/5033 877
@/home/ec2-user/data/topics/3747 878
@/home/ec2-user/data/topics/3800 879
@/home/ec2-user/data/topics/4041 880
@/home/ec2-user/data/topics/4663 881
@/home/ec2-user/data/topics/4419 882
@/home/ec2-user/data/topics/3873 883
@/home/ec2-user/data/topics/4221 884
@/home/ec2-user/data/topics/4518 885
@/home/ec2-user/data/topics/4614 886
@/home/ec2-user/data/topics/5032 887
@/home/ec2-user/data/topics/1110 888
@/home/ec2-user/data/topics/3451 889
@/home/ec2-user/data/topics/3490 890
@/home/ec2-user/data/topics/3595 891
@/home/ec2-user/data/topics/4562 892
@/home/ec2-user/data/topics/3841 893
@/home/ec2-user/data/topics/2146 894
@/home/ec2-user/data/topics/3963 895
@/home/ec2-user/data/topics/1754 896
@/home/ec2-user/data/topics/4233 897
@/home/ec2-user/data/topics/3856 898
@/home/ec2-user/data/topics/3666 899
@/home/ec2-user/data/topics/4076 900
@/home/ec2-user/data/topics/3820 901
@/home/ec2-user/data/topics/3616 902
@/home/ec2-user/data/topics/1738 903
@/home/ec2-user/data/topics/4149 904
@/home/ec2-user/data/topics/3466 905
@/home/ec2-user/data/topics/3774 906
@/home/ec2-user/data/topics/3612 907
@/home/ec2-user/data/topics/4514 908
@/home/ec2-user/data/topics/1220 909
@/home/ec2-user/data/topics/4047 910
@/home/ec2-user/data/topics/3409 911
@/home/ec2-user/data/topics/3921 912
@/home/ec2-user/data/topics/4834 913
@/home/ec2-user/data/topics/4282 914
@/home/ec2-user/data/topics/4552 915
@/home/ec2-user/data/topics/3469 916
@/home/ec2-user/data/topics/3493 917
@/home/ec2-user/data/topics/4880 918
@/home/ec2-user/data/topics/4181 919
@/home/ec2-user/data/topics/4305 920
住友ゴム工業株式会社

@/home/ec2-user/data/topics/2007 921
@/home/ec2-user/data/topics/4597 921
@/home/ec2-user/data/topics/1758 922
@/home/ec2-user/data/topics/4406 923
@/home/ec2-user/data/topics/4048 924
@/home/ec2-user/data/topics/1114 925
@/home/ec2-user/data/topics/4568 926
セイコーエプソン株式会社

@/home/ec2-user/data/topics/4605 927
@/home/ec2-user/data/topics/1343 927
@/home/ec2-user/data/topics/4022 928
@/home/ec2-user/data/topics/1484 929
@/home/ec2-user/data/topics/4801 930
@/home/ec2-user/data/topics/4454 931
@/home/ec2-user/data/topics/4386 932
@/home/ec2-user/data/topics/3887 933
@/home/ec2-user/data/topics/3819 934
@/home/ec2-user/data/topics/4802 935
@/home/ec2-user/data/topics/4719 936
@/home/ec2-user/data/topics/1641 937
@/home/ec2-user/data/topics/4585 938
@/home/ec2-user/data/topics/2165 939
@/home/ec2-user/data/topics/1890 940
@/home/ec2-user/data/topics/1423 941
@/home/ec2-user/data/topics/4109 942
@/home/ec2-user/data/topics/3361 943
@/home/ec2-user/data/topics/3910 944
@/home/ec2-user/data/topics/3985 945
@/home/ec2-user/data/topics/3505 946
@/home/ec2-user/data/topics/1378 947
@/home/ec2-user/data/topics/3589 948
@/home/ec2-user/data/topics/3476 949
@/home/ec2-user/data/topics/2078 950
@/home/ec2-user/data/topics/1938 951
株式会社三共

@/home/ec2-user/data/topics/1377 952
@/home/ec2-user/data/topics/1086 952
@/home/ec2-user/data/topics/4868 953
@/home/ec2-user/data/topics/2060 954
@/home/ec2-user/data/topics/1648 955
@/home/ec2-user/data/topics/1189 956
@/home/ec2-user/data/topics/4374 957
@/home/ec2-user/data/topics/1665 958
@/home/ec2-user/data/topics/2123 959
沖電気工業株式会社

@/home/ec2-user/data/topics/4693 960
@/home/ec2-user/data/topics/1188 960
@/home/ec2-user/data/topics/3571 961
@/home/ec2-user/data/topics/3621 962
@/home/ec2-user/data/topics/3690 963
@/home/ec2-user/data/topics/3457 964
@/home/ec2-user/data/topics/4308 965
@/home/ec2-user/data/topics/3395 966
@/home/ec2-user/data/topics/3764 967
@/home/ec2-user/data/topics/1531 968
@/home/ec2-user/data/topics/3433 969
@/home/ec2-user/data/topics/4575 970
@/home/ec2-user/data/topics/4299 971
@/home/ec2-user/data/topics/3964 972
株式会社三星

@/home/ec2-user/data/topics/1728 973
@/home/ec2-user/data/topics/2198 973
@/home/ec2-user/data/topics/1733 974
@/home/ec2-user/data/topics/1260 975
@/home/ec2-user/data/topics/2108 976
@/home/ec2-user/data/topics/3942 977
日本ビクター株式会社

@/home/ec2-user/data/topics/1520 978
@/home/ec2-user/data/topics/3620 978
@/home/ec2-user/data/topics/4672 979
@/home/ec2-user/data/topics/3603 980
@/home/ec2-user/data/topics/1389 981
@/home/ec2-user/data/topics/4123 982
@/home/ec2-user/data/topics/4056 983
@/home/ec2-user/data/topics/3882 984
@/home/ec2-user/data/topics/3939 985
@/home/ec2-user/data/topics/1823 986
@/home/ec2-user/data/topics/1440 987
花王株式会社

@/home/ec2-user/data/topics/1022 988
@/home/ec2-user/data/topics/3884 988
@/home/ec2-user/data/topics/1767 989
@/home/ec2-user/data/topics/4827 990
@/home/ec2-user/data/topics/3999 991
@/home/ec2-user/data/topics/4211 992
@/home/ec2-user/data/topics/1196 993
@/home/ec2-user/data/topics/4445 994
@/home/ec2-user/data/topics/4249 995
@/home/ec2-user/data/topics/4287 996
@/home/ec2-user/data/topics/3812 997
@/home/ec2-user/data/topics/3753 998
@/home/ec2-user/data/topics/2214 999
三田工業株式会社

@/home/ec2-user/data/topics/3604 1000
@/home/ec2-user/data/topics/1766 1000
@/home/ec2-user/data/topics/2136 1001
@/home/ec2-user/data/topics/1033 1002
@/home/ec2-user/data/topics/1269 1003
@/home/ec2-user/data/topics/3842 1004
@/home/ec2-user/data/topics/1034 1005
@/home/ec2-user/data/topics/2155 1006
@/home/ec2-user/data/topics/3923 1007
豊丸産業株式会社

@/home/ec2-user/data/topics/1138 1008
@/home/ec2-user/data/topics/1097 1008
@/home/ec2-user/data/topics/2169 1009
@/home/ec2-user/data/topics/1284 1010
@/home/ec2-user/data/topics/1914 1011
@/home/ec2-user/data/topics/1588 1012
@/home/ec2-user/data/topics/2011 1013
@/home/ec2-user/data/topics/1401 1014
@/home/ec2-user/data/topics/1677 1015
@/home/ec2-user/data/topics/3672 1016
@/home/ec2-user/data/topics/4847 1017
@/home/ec2-user/data/topics/1713 1018
@/home/ec2-user/data/topics/1353 1019
@/home/ec2-user/data/topics/1726 1020
@/home/ec2-user/data/topics/1126 1021
鐘紡株式会社

@/home/ec2-user/data/topics/1870 1022
@/home/ec2-user/data/topics/2223 1022
@/home/ec2-user/data/topics/1886 1023
@/home/ec2-user/data/topics/1842 1024
@/home/ec2-user/data/topics/3634 1025
@/home/ec2-user/data/topics/2034 1026
@/home/ec2-user/data/topics/2185 1027
@/home/ec2-user/data/topics/4195 1028
@/home/ec2-user/data/topics/1054 1029
@/home/ec2-user/data/topics/1901 1030
@/home/ec2-user/data/topics/3566 1031
@/home/ec2-user/data/topics/3551 1032
@/home/ec2-user/data/topics/1178 1033
@/home/ec2-user/data/topics/3560 1034
@/home/ec2-user/data/topics/1304 1035
@/home/ec2-user/data/topics/1367 1036
株式会社デンソー

@/home/ec2-user/data/topics/3406 1037
@/home/ec2-user/data/topics/3480 1037
@/home/ec2-user/data/topics/4423 1038
@/home/ec2-user/data/topics/3710 1039
@/home/ec2-user/data/topics/1028 1040
@/home/ec2-user/data/topics/4024 1041
@/home/ec2-user/data/topics/4622 1042
@/home/ec2-user/data/topics/4164 1043
@/home/ec2-user/data/topics/3421 1044
@/home/ec2-user/data/topics/4498 1045
@/home/ec2-user/data/topics/4840 1046
@/home/ec2-user/data/topics/4675 1047
@/home/ec2-user/data/topics/4656 1048
@/home/ec2-user/data/topics/1855 1049
@/home/ec2-user/data/topics/4046 1050
@/home/ec2-user/data/topics/4483 1051
@/home/ec2-user/data/topics/4805 1052
富士写真フイルム株式会社

@/home/ec2-user/data/topics/3857 1053
@/home/ec2-user/data/topics/3447 1053
@/home/ec2-user/data/topics/4962 1054
@/home/ec2-user/data/topics/1603 1055
@/home/ec2-user/data/topics/3354 1056
@/home/ec2-user/data/topics/1570 1057
@/home/ec2-user/data/topics/3918 1058
@/home/ec2-user/data/topics/1244 1059
@/home/ec2-user/data/topics/1662 1060
@/home/ec2-user/data/topics/2134 1061
@/home/ec2-user/data/topics/3911 1062
京セラ株式会社

@/home/ec2-user/data/topics/1741 1063
@/home/ec2-user/data/topics/1913 1063
@/home/ec2-user/data/topics/4031 1064
@/home/ec2-user/data/topics/4513 1065
@/home/ec2-user/data/topics/3615 1066
@/home/ec2-user/data/topics/1708 1067
@/home/ec2-user/data/topics/3869 1068
@/home/ec2-user/data/topics/4901 1069
@/home/ec2-user/data/topics/3593 1070
@/home/ec2-user/data/topics/1485 1071
@/home/ec2-user/data/topics/4340 1072
@/home/ec2-user/data/topics/3741 1073
イビデン株式会社

@/home/ec2-user/data/topics/1952 1074
@/home/ec2-user/data/topics/1315 1074
@/home/ec2-user/data/topics/2033 1075
@/home/ec2-user/data/topics/1336 1076
@/home/ec2-user/data/topics/1682 1077
@/home/ec2-user/data/topics/1770 1078
@/home/ec2-user/data/topics/3814 1079
株式会社東芝

@/home/ec2-user/data/topics/3948 1080
@/home/ec2-user/data/topics/4197 1080
@/home/ec2-user/data/topics/4009 1081
@/home/ec2-user/data/topics/3380 1082
@/home/ec2-user/data/topics/4631 1083
@/home/ec2-user/data/topics/3881 1084
@/home/ec2-user/data/topics/4755 1085
@/home/ec2-user/data/topics/3732 1086
@/home/ec2-user/data/topics/1132 1087
@/home/ec2-user/data/topics/3834 1088
@/home/ec2-user/data/topics/4089 1089
@/home/ec2-user/data/topics/4183 1090
@/home/ec2-user/data/topics/3363 1091
@/home/ec2-user/data/topics/3851 1092
@/home/ec2-user/data/topics/3542 1093
@/home/ec2-user/data/topics/4292 1094
@/home/ec2-user/data/topics/2241 1095
@/home/ec2-user/data/topics/4751 1096
@/home/ec2-user/data/topics/1997 1097
@/home/ec2-user/data/topics/4165 1098
@/home/ec2-user/data/topics/3734 1099
@/home/ec2-user/data/topics/4172 1100
@/home/ec2-user/data/topics/4566 1101
@/home/ec2-user/data/topics/4361 1102
@/home/ec2-user/data/topics/4302 1103
@/home/ec2-user/data/topics/4336 1104
@/home/ec2-user/data/topics/4381 1105
@/home/ec2-user/data/topics/4912 1106
@/home/ec2-user/data/topics/4140 1107
@/home/ec2-user/data/topics/4509 1108
@/home/ec2-user/data/topics/4935 1109
@/home/ec2-user/data/topics/1756 1110
@/home/ec2-user/data/topics/3780 1111
@/home/ec2-user/data/topics/4842 1112
@/home/ec2-user/data/topics/3988 1113
@/home/ec2-user/data/topics/3618 1114
@/home/ec2-user/data/topics/3716 1115
@/home/ec2-user/data/topics/1819 1116
@/home/ec2-user/data/topics/3360 1117
@/home/ec2-user/data/topics/4057 1118
@/home/ec2-user/data/topics/4881 1119
@/home/ec2-user/data/topics/3890 1120
@/home/ec2-user/data/topics/3683 1121
@/home/ec2-user/data/topics/3462 1122
@/home/ec2-user/data/topics/1757 1123
@/home/ec2-user/data/topics/3689 1124
@/home/ec2-user/data/topics/3598 1125
@/home/ec2-user/data/topics/3688 1126
@/home/ec2-user/data/topics/4863 1127
@/home/ec2-user/data/topics/4623 1128
@/home/ec2-user/data/topics/1585 1129
@/home/ec2-user/data/topics/1332 1130
@/home/ec2-user/data/topics/4096 1131
@/home/ec2-user/data/topics/1090 1132
@/home/ec2-user/data/topics/3351 1133
@/home/ec2-user/data/topics/3795 1134
@/home/ec2-user/data/topics/1205 1135
@/home/ec2-user/data/topics/4535 1136
@/home/ec2-user/data/topics/3352 1137
@/home/ec2-user/data/topics/3990 1138
@/home/ec2-user/data/topics/4594 1139
ヤマハ株式会社

@/home/ec2-user/data/topics/4145 1140
@/home/ec2-user/data/topics/4010 1140
@/home/ec2-user/data/topics/3972 1141
@/home/ec2-user/data/topics/4125 1142
@/home/ec2-user/data/topics/1720 1143
@/home/ec2-user/data/topics/1911 1144
@/home/ec2-user/data/topics/4954 1145
@/home/ec2-user/data/topics/1443 1146
@/home/ec2-user/data/topics/4919 1147
@/home/ec2-user/data/topics/4084 1148
@/home/ec2-user/data/topics/1676 1149
@/home/ec2-user/data/topics/4045 1150
@/home/ec2-user/data/topics/4177 1151
東洋紡績株式会社

@/home/ec2-user/data/topics/1613 1152
@/home/ec2-user/data/topics/4362 1152
@/home/ec2-user/data/topics/3769 1153
@/home/ec2-user/data/topics/4284 1154
@/home/ec2-user/data/topics/1029 1155
@/home/ec2-user/data/topics/4366 1156
三菱化学株式会社

@/home/ec2-user/data/topics/3638 1157
@/home/ec2-user/data/topics/1699 1157
@/home/ec2-user/data/topics/1902 1158
@/home/ec2-user/data/topics/1197 1159
@/home/ec2-user/data/topics/3458 1160
@/home/ec2-user/data/topics/3513 1161
カシオ計算機株式会社

@/home/ec2-user/data/topics/1368 1162
@/home/ec2-user/data/topics/1535 1162
@/home/ec2-user/data/topics/1794 1163
@/home/ec2-user/data/topics/2237 1164
@/home/ec2-user/data/topics/3391 1165
@/home/ec2-user/data/topics/2180 1166
@/home/ec2-user/data/topics/1047 1167
@/home/ec2-user/data/topics/1235 1168
コナミ株式会社

@/home/ec2-user/data/topics/1302 1169
@/home/ec2-user/data/topics/1672 1169
@/home/ec2-user/data/topics/1621 1170
@/home/ec2-user/data/topics/2100 1171
@/home/ec2-user/data/topics/4602 1172
@/home/ec2-user/data/topics/2151 1173
@/home/ec2-user/data/topics/4681 1174
@/home/ec2-user/data/topics/5015 1175
大日本スクリーン製造株式会社

@/home/ec2-user/data/topics/1608 1176
@/home/ec2-user/data/topics/1173 1176
@/home/ec2-user/data/topics/3742 1177
@/home/ec2-user/data/topics/1130 1178
@/home/ec2-user/data/topics/2172 1179
@/home/ec2-user/data/topics/1779 1180
@/home/ec2-user/data/topics/2209 1181
オムロン株式会社

@/home/ec2-user/data/topics/3700 1182
@/home/ec2-user/data/topics/1067 1182
@/home/ec2-user/data/topics/1533 1183
@/home/ec2-user/data/topics/1579 1184
@/home/ec2-user/data/topics/3597 1185
@/home/ec2-user/data/topics/3594 1186
@/home/ec2-user/data/topics/1933 1187
@/home/ec2-user/data/topics/2096 1188
@/home/ec2-user/data/topics/4771 1189
@/home/ec2-user/data/topics/1135 1190
@/home/ec2-user/data/topics/3863 1191
@/home/ec2-user/data/topics/3748 1192
@/home/ec2-user/data/topics/1151 1193
@/home/ec2-user/data/topics/1657 1194
@/home/ec2-user/data/topics/1841 1195
株式会社日立製作所

@/home/ec2-user/data/topics/4547 1196
@/home/ec2-user/data/topics/4621 1196
@/home/ec2-user/data/topics/3596 1197
@/home/ec2-user/data/topics/1826 1198
@/home/ec2-user/data/topics/3471 1199
@/home/ec2-user/data/topics/3973 1200
@/home/ec2-user/data/topics/1105 1201
@/home/ec2-user/data/topics/1693 1202
@/home/ec2-user/data/topics/1562 1203
@/home/ec2-user/data/topics/3648 1204
@/home/ec2-user/data/topics/3531 1205
@/home/ec2-user/data/topics/4545 1206
@/home/ec2-user/data/topics/4799 1207
@/home/ec2-user/data/topics/2184 1208
@/home/ec2-user/data/topics/1833 1209
@/home/ec2-user/data/topics/1334 1210
@/home/ec2-user/data/topics/3965 1211
@/home/ec2-user/data/topics/4990 1212
@/home/ec2-user/data/topics/1640 1213
@/home/ec2-user/data/topics/1487 1214
@/home/ec2-user/data/topics/1249 1215
@/home/ec2-user/data/topics/3432 1216
@/home/ec2-user/data/topics/1651 1217
@/home/ec2-user/data/topics/3439 1218
@/home/ec2-user/data/topics/3570 1219
@/home/ec2-user/data/topics/3993 1220
@/home/ec2-user/data/topics/3994 1221
@/home/ec2-user/data/topics/3461 1222
@/home/ec2-user/data/topics/4830 1223
@/home/ec2-user/data/topics/3691 1224
@/home/ec2-user/data/topics/3488 1225
@/home/ec2-user/data/topics/4420 1226
@/home/ec2-user/data/topics/4402 1227
@/home/ec2-user/data/topics/3968 1228
@/home/ec2-user/data/topics/1082 1229
@/home/ec2-user/data/topics/3665 1230
@/home/ec2-user/data/topics/3772 1231
@/home/ec2-user/data/topics/3524 1232
@/home/ec2-user/data/topics/3384 1233
@/home/ec2-user/data/topics/3440 1234
@/home/ec2-user/data/topics/1340 1235
@/home/ec2-user/data/topics/1987 1236
@/home/ec2-user/data/topics/3779 1237
@/home/ec2-user/data/topics/1667 1238
@/home/ec2-user/data/topics/4040 1239
@/home/ec2-user/data/topics/4166 1240
@/home/ec2-user/data/topics/3588 1241
@/home/ec2-user/data/topics/1278 1242
@/home/ec2-user/data/topics/3350 1243
@/home/ec2-user/data/topics/4551 1244
@/home/ec2-user/data/topics/1825 1245
@/home/ec2-user/data/topics/4559 1246
@/home/ec2-user/data/topics/1072 1247
@/home/ec2-user/data/topics/1296 1248
@/home/ec2-user/data/topics/1247 1249
@/home/ec2-user/data/topics/3706 1250
@/home/ec2-user/data/topics/4493 1251
@/home/ec2-user/data/topics/1501 1252
@/home/ec2-user/data/topics/4058 1253
@/home/ec2-user/data/topics/3599 1254
@/home/ec2-user/data/topics/4401 1255
@/home/ec2-user/data/topics/1880 1256
@/home/ec2-user/data/topics/5029 1257
@/home/ec2-user/data/topics/3659 1258
@/home/ec2-user/data/topics/4943 1259
@/home/ec2-user/data/topics/2019 1260
@/home/ec2-user/data/topics/2239 1261
@/home/ec2-user/data/topics/2081 1262
@/home/ec2-user/data/topics/4122 1263
@/home/ec2-user/data/topics/1463 1264
@/home/ec2-user/data/topics/5030 1265
@/home/ec2-user/data/topics/3822 1266
@/home/ec2-user/data/topics/4489 1267
@/home/ec2-user/data/topics/1882 1268
凸版印刷株式会社

@/home/ec2-user/data/topics/3500 1269
@/home/ec2-user/data/topics/1765 1269
@/home/ec2-user/data/topics/1091 1270
@/home/ec2-user/data/topics/4874 1271
@/home/ec2-user/data/topics/3526 1272
@/home/ec2-user/data/topics/3624 1273
@/home/ec2-user/data/topics/1977 1274
株式会社ノーリツ

@/home/ec2-user/data/topics/2116 1275
@/home/ec2-user/data/topics/4206 1275
@/home/ec2-user/data/topics/4776 1276
@/home/ec2-user/data/topics/4354 1277
@/home/ec2-user/data/topics/1618 1278
@/home/ec2-user/data/topics/1760 1279
@/home/ec2-user/data/topics/1290 1280
@/home/ec2-user/data/topics/1598 1281
川崎重工業株式会社

@/home/ec2-user/data/topics/4793 1282
@/home/ec2-user/data/topics/4944 1282
@/home/ec2-user/data/topics/4756 1283
@/home/ec2-user/data/topics/4866 1284
@/home/ec2-user/data/topics/5025 1285
@/home/ec2-user/data/topics/1172 1286
@/home/ec2-user/data/topics/1162 1287
@/home/ec2-user/data/topics/4572 1288
ティーディーケイ株式会社

@/home/ec2-user/data/topics/2202 1289
@/home/ec2-user/data/topics/1129 1289
@/home/ec2-user/data/topics/1409 1290
@/home/ec2-user/data/topics/3792 1291
@/home/ec2-user/data/topics/3909 1292
@/home/ec2-user/data/topics/1510 1293
@/home/ec2-user/data/topics/4619 1294
@/home/ec2-user/data/topics/3798 1295
@/home/ec2-user/data/topics/2210 1296
京セラミタ株式会社

@/home/ec2-user/data/topics/1032 1297
@/home/ec2-user/data/topics/4973 1297
@/home/ec2-user/data/topics/1930 1298
@/home/ec2-user/data/topics/2141 1299
@/home/ec2-user/data/topics/4564 1300
@/home/ec2-user/data/topics/4174 1301
@/home/ec2-user/data/topics/4985 1302
株式会社クボタ

@/home/ec2-user/data/topics/1448 1303
@/home/ec2-user/data/topics/3854 1303
@/home/ec2-user/data/topics/1734 1304
@/home/ec2-user/data/topics/4251 1305
@/home/ec2-user/data/topics/4745 1306
@/home/ec2-user/data/topics/3919 1307
@/home/ec2-user/data/topics/3823 1308
@/home/ec2-user/data/topics/4379 1309
@/home/ec2-user/data/topics/1012 1310
@/home/ec2-user/data/topics/1280 1311
シャープ株式会社

@/home/ec2-user/data/topics/1563 1312
@/home/ec2-user/data/topics/3858 1312
@/home/ec2-user/data/topics/3793 1313
@/home/ec2-user/data/topics/4430 1314
@/home/ec2-user/data/topics/3957 1315
@/home/ec2-user/data/topics/1174 1316
@/home/ec2-user/data/topics/1288 1317
@/home/ec2-user/data/topics/3452 1318
@/home/ec2-user/data/topics/3762 1319
@/home/ec2-user/data/topics/3679 1320
@/home/ec2-user/data/topics/3978 1321
@/home/ec2-user/data/topics/2087 1322
@/home/ec2-user/data/topics/3698 1323
@/home/ec2-user/data/topics/2118 1324
@/home/ec2-user/data/topics/3895 1325
@/home/ec2-user/data/topics/4152 1326
@/home/ec2-user/data/topics/1804 1327
@/home/ec2-user/data/topics/3649 1328
@/home/ec2-user/data/topics/4127 1329
@/home/ec2-user/data/topics/1419 1330
@/home/ec2-user/data/topics/1349 1331
@/home/ec2-user/data/topics/1318 1332
@/home/ec2-user/data/topics/4113 1333
@/home/ec2-user/data/topics/4519 1334
@/home/ec2-user/data/topics/3981 1335
@/home/ec2-user/data/topics/3855 1336
@/home/ec2-user/data/topics/1384 1337
@/home/ec2-user/data/topics/1396 1338
@/home/ec2-user/data/topics/4173 1339
@/home/ec2-user/data/topics/3871 1340
@/home/ec2-user/data/topics/4252 1341
@/home/ec2-user/data/topics/4323 1342
@/home/ec2-user/data/topics/1840 1343
@/home/ec2-user/data/topics/4469 1344
@/home/ec2-user/data/topics/4228 1345
@/home/ec2-user/data/topics/4861 1346
@/home/ec2-user/data/topics/4095 1347
@/home/ec2-user/data/topics/1431 1348
@/home/ec2-user/data/topics/4583 1349
@/home/ec2-user/data/topics/4230 1350
@/home/ec2-user/data/topics/3422 1351
@/home/ec2-user/data/topics/3776 1352
@/home/ec2-user/data/topics/4103 1353
@/home/ec2-user/data/topics/4124 1354
@/home/ec2-user/data/topics/3678 1355
@/home/ec2-user/data/topics/2084 1356
@/home/ec2-user/data/topics/3966 1357
@/home/ec2-user/data/topics/4105 1358
@/home/ec2-user/data/topics/4005 1359
@/home/ec2-user/data/topics/3578 1360
@/home/ec2-user/data/topics/3760 1361
@/home/ec2-user/data/topics/4683 1362
@/home/ec2-user/data/topics/2020 1363
@/home/ec2-user/data/topics/4516 1364
@/home/ec2-user/data/topics/3450 1365
@/home/ec2-user/data/topics/4214 1366
@/home/ec2-user/data/topics/1209 1367
@/home/ec2-user/data/topics/4256 1368
@/home/ec2-user/data/topics/3777 1369
@/home/ec2-user/data/topics/4744 1370
@/home/ec2-user/data/topics/3832 1371
@/home/ec2-user/data/topics/4648 1372
@/home/ec2-user/data/topics/3673 1373
@/home/ec2-user/data/topics/1965 1374
@/home/ec2-user/data/topics/3537 1375
@/home/ec2-user/data/topics/1685 1376
@/home/ec2-user/data/topics/1561 1377
@/home/ec2-user/data/topics/1258 1378
@/home/ec2-user/data/topics/4019 1379
@/home/ec2-user/data/topics/4263 1380
@/home/ec2-user/data/topics/4349 1381
@/home/ec2-user/data/topics/1154 1382
@/home/ec2-user/data/topics/4245 1383
@/home/ec2-user/data/topics/1970 1384
@/home/ec2-user/data/topics/3813 1385
@/home/ec2-user/data/topics/4691 1386
@/home/ec2-user/data/topics/3941 1387
@/home/ec2-user/data/topics/3610 1388
@/home/ec2-user/data/topics/4782 1389
@/home/ec2-user/data/topics/3606 1390
@/home/ec2-user/data/topics/4717 1391
日本輸送機株式会社

@/home/ec2-user/data/topics/1493 1392
@/home/ec2-user/data/topics/3573 1392
@/home/ec2-user/data/topics/1456 1393
@/home/ec2-user/data/topics/1191 1394
@/home/ec2-user/data/topics/2221 1395
@/home/ec2-user/data/topics/1940 1396
@/home/ec2-user/data/topics/2065 1397
@/home/ec2-user/data/topics/1108 1398
東京エレクトロン株式会社

@/home/ec2-user/data/topics/4906 1399
@/home/ec2-user/data/topics/1800 1399
@/home/ec2-user/data/topics/4702 1400
@/home/ec2-user/data/topics/4002 1401
@/home/ec2-user/data/topics/4618 1402
@/home/ec2-user/data/topics/1508 1403
@/home/ec2-user/data/topics/4053 1404
@/home/ec2-user/data/topics/1263 1405
@/home/ec2-user/data/topics/4345 1406
@/home/ec2-user/data/topics/1736 1407
@/home/ec2-user/data/topics/4023 1408
@/home/ec2-user/data/topics/3947 1409
株式会社村田製作所

@/home/ec2-user/data/topics/4378 1410
@/home/ec2-user/data/topics/3697 1410
@/home/ec2-user/data/topics/2229 1411
@/home/ec2-user/data/topics/4795 1412
@/home/ec2-user/data/topics/4271 1413
@/home/ec2-user/data/topics/1374 1414
@/home/ec2-user/data/topics/4417 1415
@/home/ec2-user/data/topics/3482 1416
@/home/ec2-user/data/topics/3435 1417
@/home/ec2-user/data/topics/4325 1418
@/home/ec2-user/data/topics/4703 1419
@/home/ec2-user/data/topics/4432 1420
@/home/ec2-user/data/topics/1411 1421
@/home/ec2-user/data/topics/4042 1422
@/home/ec2-user/data/topics/3885 1423
@/home/ec2-user/data/topics/4070 1424
@/home/ec2-user/data/topics/4163 1425
日本電信電話株式会社

@/home/ec2-user/data/topics/3359 1426
@/home/ec2-user/data/topics/1230 1426
@/home/ec2-user/data/topics/4505 1427
@/home/ec2-user/data/topics/4952 1428
@/home/ec2-user/data/topics/3509 1429
@/home/ec2-user/data/topics/3915 1430
@/home/ec2-user/data/topics/3641 1431
@/home/ec2-user/data/topics/3568 1432
@/home/ec2-user/data/topics/3536 1433
@/home/ec2-user/data/topics/4488 1434
@/home/ec2-user/data/topics/2130 1435
@/home/ec2-user/data/topics/4443 1436
@/home/ec2-user/data/topics/4087 1437
@/home/ec2-user/data/topics/1408 1438
@/home/ec2-user/data/topics/2017 1439
@/home/ec2-user/data/topics/3824 1440
@/home/ec2-user/data/topics/3894 1441
@/home/ec2-user/data/topics/1556 1442
@/home/ec2-user/data/topics/4208 1443
@/home/ec2-user/data/topics/3928 1444
@/home/ec2-user/data/topics/4870 1445
@/home/ec2-user/data/topics/4511 1446
@/home/ec2-user/data/topics/3521 1447
@/home/ec2-user/data/topics/1229 1448
@/home/ec2-user/data/topics/4865 1449
@/home/ec2-user/data/topics/3425 1450
@/home/ec2-user/data/topics/3650 1451
@/home/ec2-user/data/topics/3785 1452
@/home/ec2-user/data/topics/3544 1453
@/home/ec2-user/data/topics/4025 1454
@/home/ec2-user/data/topics/4146 1455
@/home/ec2-user/data/topics/4335 1456
@/home/ec2-user/data/topics/4115 1457
@/home/ec2-user/data/topics/3927 1458
@/home/ec2-user/data/topics/3552 1459
@/home/ec2-user/data/topics/4964 1460
@/home/ec2-user/data/topics/4916 1461
@/home/ec2-user/data/topics/4131 1462
@/home/ec2-user/data/topics/4836 1463
@/home/ec2-user/data/topics/1787 1464
@/home/ec2-user/data/topics/1042 1465
@/home/ec2-user/data/topics/1809 1466
@/home/ec2-user/data/topics/3586 1467
@/home/ec2-user/data/topics/4664 1468
@/home/ec2-user/data/topics/4232 1469
@/home/ec2-user/data/topics/4118 1470
@/home/ec2-user/data/topics/4965 1471
@/home/ec2-user/data/topics/4925 1472
@/home/ec2-user/data/topics/1934 1473
@/home/ec2-user/data/topics/3811 1474
@/home/ec2-user/data/topics/4175 1475
@/home/ec2-user/data/topics/4121 1476
@/home/ec2-user/data/topics/4114 1477
@/home/ec2-user/data/topics/4104 1478
@/home/ec2-user/data/topics/4792 1479
@/home/ec2-user/data/topics/4560 1480
日本鋼管株式会社

@/home/ec2-user/data/topics/1404 1481
@/home/ec2-user/data/topics/4161 1481
@/home/ec2-user/data/topics/4289 1482
@/home/ec2-user/data/topics/2095 1483
@/home/ec2-user/data/topics/4455 1484
@/home/ec2-user/data/topics/3572 1485
@/home/ec2-user/data/topics/1690 1486
株式会社神戸製鋼所

@/home/ec2-user/data/topics/4949 1487
@/home/ec2-user/data/topics/3475 1487
@/home/ec2-user/data/topics/2064 1488
@/home/ec2-user/data/topics/3902 1489
@/home/ec2-user/data/topics/3674 1490
@/home/ec2-user/data/topics/1465 1491
@/home/ec2-user/data/topics/3632 1492
株式会社ケンウッド

@/home/ec2-user/data/topics/2163 1493
@/home/ec2-user/data/topics/4038 1493
@/home/ec2-user/data/topics/4167 1494
@/home/ec2-user/data/topics/1345 1495
@/home/ec2-user/data/topics/4467 1496
@/home/ec2-user/data/topics/1115 1497
@/home/ec2-user/data/topics/3463 1498
@/home/ec2-user/data/topics/3794 1499
@/home/ec2-user/data/topics/1186 1500
@/home/ec2-user/data/topics/3878 1501
@/home/ec2-user/data/topics/3977 1502
@/home/ec2-user/data/topics/1241 1503
@/home/ec2-user/data/topics/3969 1504
@/home/ec2-user/data/topics/4050 1505
@/home/ec2-user/data/topics/2036 1506
@/home/ec2-user/data/topics/3801 1507
@/home/ec2-user/data/topics/1424 1508
@/home/ec2-user/data/topics/1617 1509
@/home/ec2-user/data/topics/3839 1510
@/home/ec2-user/data/topics/1896 1511
@/home/ec2-user/data/topics/1698 1512
東陶機器株式会社

@/home/ec2-user/data/topics/1692 1513
@/home/ec2-user/data/topics/1735 1513
@/home/ec2-user/data/topics/1626 1514
@/home/ec2-user/data/topics/3583 1515
@/home/ec2-user/data/topics/3821 1516
@/home/ec2-user/data/topics/2135 1517
本田技研工業株式会社

@/home/ec2-user/data/topics/1143 1518
@/home/ec2-user/data/topics/4331 1518
@/home/ec2-user/data/topics/4132 1519
@/home/ec2-user/data/topics/4783 1520
@/home/ec2-user/data/topics/1266 1521
@/home/ec2-user/data/topics/4375 1522
@/home/ec2-user/data/topics/2000 1523
@/home/ec2-user/data/topics/4033 1524
@/home/ec2-user/data/topics/4199 1525
@/home/ec2-user/data/topics/1818 1526
@/home/ec2-user/data/topics/1215 1527
@/home/ec2-user/data/topics/2016 1528
@/home/ec2-user/data/topics/1444 1529
@/home/ec2-user/data/topics/1226 1530
@/home/ec2-user/data/topics/4888 1531
@/home/ec2-user/data/topics/1822 1532
@/home/ec2-user/data/topics/5026 1533
@/home/ec2-user/data/topics/3685 1534
@/home/ec2-user/data/topics/1605 1535
新日本製鐵株式会社

@/home/ec2-user/data/topics/4472 1536
@/home/ec2-user/data/topics/5008 1536
@/home/ec2-user/data/topics/3861 1537
@/home/ec2-user/data/topics/3663 1538
@/home/ec2-user/data/topics/3368 1539
@/home/ec2-user/data/topics/3899 1540
松下電工株式会社

@/home/ec2-user/data/topics/3932 1541
@/home/ec2-user/data/topics/4029 1541
@/home/ec2-user/data/topics/2045 1542
@/home/ec2-user/data/topics/3379 1543
@/home/ec2-user/data/topics/3835 1544
@/home/ec2-user/data/topics/1311 1545
@/home/ec2-user/data/topics/1011 1546
@/home/ec2-user/data/topics/1803 1547
@/home/ec2-user/data/topics/4094 1548
@/home/ec2-user/data/topics/3549 1549
@/home/ec2-user/data/topics/3670 1550
@/home/ec2-user/data/topics/4450 1551
@/home/ec2-user/data/topics/4592 1552
@/home/ec2-user/data/topics/3565 1553
@/home/ec2-user/data/topics/4083 1554
@/home/ec2-user/data/topics/4347 1555
@/home/ec2-user/data/topics/1251 1556
@/home/ec2-user/data/topics/3511 1557
@/home/ec2-user/data/topics/3651 1558
@/home/ec2-user/data/topics/4012 1559
@/home/ec2-user/data/topics/3778 1560
@/home/ec2-user/data/topics/4317 1561
usernum: 72
hit: 933
simhit: 1415
simmax: 0.659508423394
simmin: 0.0
simavg: 0.1998162846
dlmax: 0.126789017343
dlmin: 0.0065572493285
dlavg: 0.0364425475055
mthit: 1623
mthls: 0
srp: 152.954
total: 1562
hit/total: 0.597311139565
simhit/total: 0.905889884763
mthit/(total+usernum): 0.993268053856
mthls/(total+usernum): 0.0
srp/(total+usernum): 0.0312023663811
srp20/(total+usernum): 0.00855773153815
srp100/(total+usernum): 0.0223031415749
srp500/(total+usernum): 0.0284573643411

2016-12-24 09:14:32.880735
