2016-12-24 01:51:00.210821

topic-folder:/home/ec2-user/data/topics/
cl-file:/home/ec2-user/git/tfidf/result-new/b3-0.txt
cl-floder:/home/ec2-user/data/ldaclass-32-2000-top10000/
zipf:0.2
stype[0(tfidf)/1(tfidf2)/2(lsa)/3(lda)]:3
dtype[<0(diff*rand)/0(diff)/1(same)/>=2(diff*same)]:0
output-floder:/home/ec2-user/git/userquery/result

三菱マテリアル株式会社

@/home/ec2-user/data/topics/3546 0
@/home/ec2-user/data/topics/3630 0
@/home/ec2-user/data/topics/1638 1
@/home/ec2-user/data/topics/1085 2
@/home/ec2-user/data/topics/2093 3
@/home/ec2-user/data/topics/3520 4
@/home/ec2-user/data/topics/3866 5
@/home/ec2-user/data/topics/3470 6
日本精機株式会社

@/home/ec2-user/data/topics/4907 7
@/home/ec2-user/data/topics/4972 7
@/home/ec2-user/data/topics/4690 8
@/home/ec2-user/data/topics/1398 9
@/home/ec2-user/data/topics/4875 10
@/home/ec2-user/data/topics/4709 11
コニカ株式会社

@/home/ec2-user/data/topics/3370 12
@/home/ec2-user/data/topics/1946 12
@/home/ec2-user/data/topics/3486 13
@/home/ec2-user/data/topics/3426 14
@/home/ec2-user/data/topics/3418 15
@/home/ec2-user/data/topics/3431 16
@/home/ec2-user/data/topics/3357 17
@/home/ec2-user/data/topics/3533 18
@/home/ec2-user/data/topics/2162 19
@/home/ec2-user/data/topics/3419 20
@/home/ec2-user/data/topics/3414 21
埼玉日本電気株式会社

@/home/ec2-user/data/topics/4496 22
@/home/ec2-user/data/topics/4242 22
@/home/ec2-user/data/topics/1620 23
@/home/ec2-user/data/topics/4279 24
@/home/ec2-user/data/topics/4468 25
@/home/ec2-user/data/topics/1512 26
@/home/ec2-user/data/topics/5010 27
@/home/ec2-user/data/topics/4998 28
@/home/ec2-user/data/topics/4283 29
アルプス電気株式会社

@/home/ec2-user/data/topics/3582 30
@/home/ec2-user/data/topics/3429 30
@/home/ec2-user/data/topics/1253 31
@/home/ec2-user/data/topics/2012 32
@/home/ec2-user/data/topics/4791 33
@/home/ec2-user/data/topics/1434 34
@/home/ec2-user/data/topics/2089 35
三菱重工業株式会社

@/home/ec2-user/data/topics/4563 36
@/home/ec2-user/data/topics/4412 36
@/home/ec2-user/data/topics/4882 37
@/home/ec2-user/data/topics/5022 38
@/home/ec2-user/data/topics/3944 39
@/home/ec2-user/data/topics/3591 40
@/home/ec2-user/data/topics/4862 41
@/home/ec2-user/data/topics/3637 42
@/home/ec2-user/data/topics/3503 43
@/home/ec2-user/data/topics/3833 44
@/home/ec2-user/data/topics/3529 45
@/home/ec2-user/data/topics/4687 46
村田機械株式会社

@/home/ec2-user/data/topics/3528 47
@/home/ec2-user/data/topics/4556 47
@/home/ec2-user/data/topics/1607 48
@/home/ec2-user/data/topics/4941 49
@/home/ec2-user/data/topics/4645 50
@/home/ec2-user/data/topics/5000 51
@/home/ec2-user/data/topics/4565 52
@/home/ec2-user/data/topics/4570 53
@/home/ec2-user/data/topics/1511 54
@/home/ec2-user/data/topics/4638 55
@/home/ec2-user/data/topics/1293 56
@/home/ec2-user/data/topics/4835 57
@/home/ec2-user/data/topics/4596 58
@/home/ec2-user/data/topics/3740 59
@/home/ec2-user/data/topics/1074 60
@/home/ec2-user/data/topics/4746 61
@/home/ec2-user/data/topics/4441 62
川崎製鉄株式会社

@/home/ec2-user/data/topics/1459 63
@/home/ec2-user/data/topics/3553 63
@/home/ec2-user/data/topics/3413 64
@/home/ec2-user/data/topics/3532 65
@/home/ec2-user/data/topics/3611 66
@/home/ec2-user/data/topics/4615 67
@/home/ec2-user/data/topics/1037 68
@/home/ec2-user/data/topics/3929 69
@/home/ec2-user/data/topics/3483 70
ダイキン工業株式会社

@/home/ec2-user/data/topics/4701 71
@/home/ec2-user/data/topics/3888 71
@/home/ec2-user/data/topics/4367 72
@/home/ec2-user/data/topics/1565 73
@/home/ec2-user/data/topics/4858 74
@/home/ec2-user/data/topics/4734 75
@/home/ec2-user/data/topics/1600 76
@/home/ec2-user/data/topics/4400 77
@/home/ec2-user/data/topics/4845 78
@/home/ec2-user/data/topics/4515 79
@/home/ec2-user/data/topics/4753 80
三菱自動車工業株式会社

@/home/ec2-user/data/topics/3815 81
@/home/ec2-user/data/topics/1428 81
@/home/ec2-user/data/topics/3502 82
@/home/ec2-user/data/topics/3940 83
@/home/ec2-user/data/topics/1527 84
@/home/ec2-user/data/topics/4189 85
@/home/ec2-user/data/topics/1816 86
@/home/ec2-user/data/topics/2101 87
日産自動車株式会社

@/home/ec2-user/data/topics/3677 88
@/home/ec2-user/data/topics/4074 88
@/home/ec2-user/data/topics/3712 89
@/home/ec2-user/data/topics/3501 90
@/home/ec2-user/data/topics/4982 91
@/home/ec2-user/data/topics/3829 92
@/home/ec2-user/data/topics/3936 93
@/home/ec2-user/data/topics/3723 94
@/home/ec2-user/data/topics/3645 95
@/home/ec2-user/data/topics/3489 96
@/home/ec2-user/data/topics/3497 97
トヨタ自動車株式会社

@/home/ec2-user/data/topics/4658 98
@/home/ec2-user/data/topics/4543 98
@/home/ec2-user/data/topics/4008 99
@/home/ec2-user/data/topics/4298 100
@/home/ec2-user/data/topics/3758 101
@/home/ec2-user/data/topics/3405 102
@/home/ec2-user/data/topics/3587 103
@/home/ec2-user/data/topics/3943 104
@/home/ec2-user/data/topics/4633 105
@/home/ec2-user/data/topics/1551 106
@/home/ec2-user/data/topics/4767 107
@/home/ec2-user/data/topics/4346 108
@/home/ec2-user/data/topics/4030 109
@/home/ec2-user/data/topics/2111 110
@/home/ec2-user/data/topics/4920 111
@/home/ec2-user/data/topics/4064 112
@/home/ec2-user/data/topics/3725 113
@/home/ec2-user/data/topics/2218 114
@/home/ec2-user/data/topics/4426 115
@/home/ec2-user/data/topics/3731 116
@/home/ec2-user/data/topics/4144 117
@/home/ec2-user/data/topics/1494 118
@/home/ec2-user/data/topics/4647 119
@/home/ec2-user/data/topics/3481 120
@/home/ec2-user/data/topics/3783 121
@/home/ec2-user/data/topics/4617 122
@/home/ec2-user/data/topics/3699 123
@/home/ec2-user/data/topics/3671 124
@/home/ec2-user/data/topics/3356 125
オリンパス光学工業株式会社

@/home/ec2-user/data/topics/4013 126
@/home/ec2-user/data/topics/1835 126
@/home/ec2-user/data/topics/1155 127
@/home/ec2-user/data/topics/1869 128
@/home/ec2-user/data/topics/1739 129
@/home/ec2-user/data/topics/1107 130
@/home/ec2-user/data/topics/2026 131
@/home/ec2-user/data/topics/5006 132
@/home/ec2-user/data/topics/4878 133
@/home/ec2-user/data/topics/4007 134
@/home/ec2-user/data/topics/1981 135
@/home/ec2-user/data/topics/1586 136
ブラザー工業株式会社

@/home/ec2-user/data/topics/1300 137
@/home/ec2-user/data/topics/1906 137
@/home/ec2-user/data/topics/3477 138
@/home/ec2-user/data/topics/1076 139
@/home/ec2-user/data/topics/3789 140
@/home/ec2-user/data/topics/1697 141
@/home/ec2-user/data/topics/2086 142
@/home/ec2-user/data/topics/4548 143
@/home/ec2-user/data/topics/3507 144
@/home/ec2-user/data/topics/2085 145
@/home/ec2-user/data/topics/1164 146
@/home/ec2-user/data/topics/3613 147
@/home/ec2-user/data/topics/1636 148
@/home/ec2-user/data/topics/1183 149
@/home/ec2-user/data/topics/3686 150
富士通株式会社

@/home/ec2-user/data/topics/3428 151
@/home/ec2-user/data/topics/3850 151
@/home/ec2-user/data/topics/3399 152
@/home/ec2-user/data/topics/1271 153
@/home/ec2-user/data/topics/1874 154
@/home/ec2-user/data/topics/3381 155
@/home/ec2-user/data/topics/1998 156
@/home/ec2-user/data/topics/3962 157
@/home/ec2-user/data/topics/3802 158
@/home/ec2-user/data/topics/1547 159
@/home/ec2-user/data/topics/3538 160
@/home/ec2-user/data/topics/5004 161
@/home/ec2-user/data/topics/3636 162
@/home/ec2-user/data/topics/2215 163
@/home/ec2-user/data/topics/3799 164
@/home/ec2-user/data/topics/3751 165
@/home/ec2-user/data/topics/3862 166
@/home/ec2-user/data/topics/3883 167
@/home/ec2-user/data/topics/3400 168
@/home/ec2-user/data/topics/1123 169
@/home/ec2-user/data/topics/1264 170
@/home/ec2-user/data/topics/2227 171
@/home/ec2-user/data/topics/1609 172
@/home/ec2-user/data/topics/4191 173
@/home/ec2-user/data/topics/3765 174
@/home/ec2-user/data/topics/3870 175
@/home/ec2-user/data/topics/2216 176
@/home/ec2-user/data/topics/3970 177
@/home/ec2-user/data/topics/3912 178
@/home/ec2-user/data/topics/3846 179
@/home/ec2-user/data/topics/3749 180
@/home/ec2-user/data/topics/3460 181
静岡日本電気株式会社

@/home/ec2-user/data/topics/4531 182
@/home/ec2-user/data/topics/4326 182
@/home/ec2-user/data/topics/4250 183
@/home/ec2-user/data/topics/4314 184
@/home/ec2-user/data/topics/4507 185
@/home/ec2-user/data/topics/4365 186
住友重機械工業株式会社

@/home/ec2-user/data/topics/4854 187
@/home/ec2-user/data/topics/1019 187
@/home/ec2-user/data/topics/1505 188
@/home/ec2-user/data/topics/1553 189
@/home/ec2-user/data/topics/3868 190
@/home/ec2-user/data/topics/1900 191
@/home/ec2-user/data/topics/2039 192
@/home/ec2-user/data/topics/1373 193
@/home/ec2-user/data/topics/3952 194
大日本印刷株式会社

@/home/ec2-user/data/topics/1099 195
@/home/ec2-user/data/topics/1564 195
@/home/ec2-user/data/topics/1262 196
@/home/ec2-user/data/topics/3388 197
@/home/ec2-user/data/topics/1145 198
@/home/ec2-user/data/topics/3569 199
日本電気株式会社

@/home/ec2-user/data/topics/4273 200
@/home/ec2-user/data/topics/4260 200
@/home/ec2-user/data/topics/4760 201
@/home/ec2-user/data/topics/4779 202
@/home/ec2-user/data/topics/4561 203
@/home/ec2-user/data/topics/4532 204
@/home/ec2-user/data/topics/4427 205
@/home/ec2-user/data/topics/4207 206
@/home/ec2-user/data/topics/4530 207
@/home/ec2-user/data/topics/4643 208
@/home/ec2-user/data/topics/4926 209
@/home/ec2-user/data/topics/4092 210
@/home/ec2-user/data/topics/4533 211
@/home/ec2-user/data/topics/3954 212
@/home/ec2-user/data/topics/4236 213
@/home/ec2-user/data/topics/4940 214
@/home/ec2-user/data/topics/1937 215
@/home/ec2-user/data/topics/4196 216
@/home/ec2-user/data/topics/4128 217
@/home/ec2-user/data/topics/4477 218
@/home/ec2-user/data/topics/4536 219
@/home/ec2-user/data/topics/4100 220
@/home/ec2-user/data/topics/4486 221
@/home/ec2-user/data/topics/3853 222
@/home/ec2-user/data/topics/4725 223
@/home/ec2-user/data/topics/3897 224
@/home/ec2-user/data/topics/4816 225
@/home/ec2-user/data/topics/1923 226
@/home/ec2-user/data/topics/1867 227
@/home/ec2-user/data/topics/1464 228
@/home/ec2-user/data/topics/1634 229
@/home/ec2-user/data/topics/4659 230
@/home/ec2-user/data/topics/4238 231
@/home/ec2-user/data/topics/2150 232
@/home/ec2-user/data/topics/1567 233
@/home/ec2-user/data/topics/4696 234
@/home/ec2-user/data/topics/4442 235
@/home/ec2-user/data/topics/4485 236
@/home/ec2-user/data/topics/4227 237
@/home/ec2-user/data/topics/4071 238
@/home/ec2-user/data/topics/4097 239
@/home/ec2-user/data/topics/1973 240
@/home/ec2-user/data/topics/4850 241
@/home/ec2-user/data/topics/4446 242
@/home/ec2-user/data/topics/4244 243
@/home/ec2-user/data/topics/4276 244
@/home/ec2-user/data/topics/4309 245
@/home/ec2-user/data/topics/1523 246
@/home/ec2-user/data/topics/1116 247
@/home/ec2-user/data/topics/4892 248
@/home/ec2-user/data/topics/4425 249
@/home/ec2-user/data/topics/4388 250
@/home/ec2-user/data/topics/1362 251
@/home/ec2-user/data/topics/1557 252
@/home/ec2-user/data/topics/1078 253
@/home/ec2-user/data/topics/4116 254
@/home/ec2-user/data/topics/3886 255
@/home/ec2-user/data/topics/4315 256
@/home/ec2-user/data/topics/4062 257
@/home/ec2-user/data/topics/4134 258
@/home/ec2-user/data/topics/3875 259
@/home/ec2-user/data/topics/4063 260
@/home/ec2-user/data/topics/4093 261
@/home/ec2-user/data/topics/4770 262
@/home/ec2-user/data/topics/4689 263
@/home/ec2-user/data/topics/4595 264
@/home/ec2-user/data/topics/2166 265
@/home/ec2-user/data/topics/4371 266
@/home/ec2-user/data/topics/4682 267
@/home/ec2-user/data/topics/4759 268
@/home/ec2-user/data/topics/4665 269
@/home/ec2-user/data/topics/4699 270
@/home/ec2-user/data/topics/4300 271
@/home/ec2-user/data/topics/4240 272
@/home/ec2-user/data/topics/1595 273
@/home/ec2-user/data/topics/4603 274
@/home/ec2-user/data/topics/5034 275
@/home/ec2-user/data/topics/4129 276
@/home/ec2-user/data/topics/1624 277
@/home/ec2-user/data/topics/4162 278
@/home/ec2-user/data/topics/4549 279
@/home/ec2-user/data/topics/4808 280
@/home/ec2-user/data/topics/1360 281
@/home/ec2-user/data/topics/3896 282
@/home/ec2-user/data/topics/4626 283
@/home/ec2-user/data/topics/1724 284
@/home/ec2-user/data/topics/4267 285
@/home/ec2-user/data/topics/4404 286
@/home/ec2-user/data/topics/4243 287
@/home/ec2-user/data/topics/4318 288
@/home/ec2-user/data/topics/4258 289
@/home/ec2-user/data/topics/3865 290
@/home/ec2-user/data/topics/4003 291
@/home/ec2-user/data/topics/1326 292
@/home/ec2-user/data/topics/4209 293
@/home/ec2-user/data/topics/4877 294
@/home/ec2-user/data/topics/1457 295
@/home/ec2-user/data/topics/4186 296
@/home/ec2-user/data/topics/1661 297
@/home/ec2-user/data/topics/4838 298
@/home/ec2-user/data/topics/4288 299
@/home/ec2-user/data/topics/1783 300
@/home/ec2-user/data/topics/1101 301
@/home/ec2-user/data/topics/4718 302
@/home/ec2-user/data/topics/4460 303
@/home/ec2-user/data/topics/4247 304
@/home/ec2-user/data/topics/4398 305
@/home/ec2-user/data/topics/1815 306
@/home/ec2-user/data/topics/4082 307
@/home/ec2-user/data/topics/4389 308
@/home/ec2-user/data/topics/3724 309
@/home/ec2-user/data/topics/1844 310
@/home/ec2-user/data/topics/4171 311
@/home/ec2-user/data/topics/3971 312
@/home/ec2-user/data/topics/4168 313
@/home/ec2-user/data/topics/1364 314
@/home/ec2-user/data/topics/4313 315
@/home/ec2-user/data/topics/4651 316
@/home/ec2-user/data/topics/4185 317
@/home/ec2-user/data/topics/4137 318
@/home/ec2-user/data/topics/4728 319
@/home/ec2-user/data/topics/1016 320
@/home/ec2-user/data/topics/1052 321
@/home/ec2-user/data/topics/4120 322
@/home/ec2-user/data/topics/4578 323
@/home/ec2-user/data/topics/1852 324
@/home/ec2-user/data/topics/2031 325
@/home/ec2-user/data/topics/4153 326
@/home/ec2-user/data/topics/4480 327
@/home/ec2-user/data/topics/4458 328
@/home/ec2-user/data/topics/4433 329
@/home/ec2-user/data/topics/4204 330
@/home/ec2-user/data/topics/1383 331
@/home/ec2-user/data/topics/4338 332
@/home/ec2-user/data/topics/1100 333
@/home/ec2-user/data/topics/3744 334
@/home/ec2-user/data/topics/4876 335
@/home/ec2-user/data/topics/4246 336
@/home/ec2-user/data/topics/4613 337
@/home/ec2-user/data/topics/3766 338
@/home/ec2-user/data/topics/4775 339
@/home/ec2-user/data/topics/1891 340
@/home/ec2-user/data/topics/4319 341
@/home/ec2-user/data/topics/4138 342
@/home/ec2-user/data/topics/3956 343
@/home/ec2-user/data/topics/4490 344
@/home/ec2-user/data/topics/4158 345
@/home/ec2-user/data/topics/1486 346
@/home/ec2-user/data/topics/4393 347
@/home/ec2-user/data/topics/1928 348
@/home/ec2-user/data/topics/1112 349
@/home/ec2-user/data/topics/4824 350
@/home/ec2-user/data/topics/4142 351
@/home/ec2-user/data/topics/1773 352
@/home/ec2-user/data/topics/3767 353
@/home/ec2-user/data/topics/4343 354
@/home/ec2-user/data/topics/3729 355
@/home/ec2-user/data/topics/4708 356
@/home/ec2-user/data/topics/2127 357
@/home/ec2-user/data/topics/4352 358
@/home/ec2-user/data/topics/4418 359
@/home/ec2-user/data/topics/4281 360
@/home/ec2-user/data/topics/4081 361
@/home/ec2-user/data/topics/3995 362
@/home/ec2-user/data/topics/4785 363
@/home/ec2-user/data/topics/4434 364
@/home/ec2-user/data/topics/4342 365
@/home/ec2-user/data/topics/4119 366
@/home/ec2-user/data/topics/1791 367
@/home/ec2-user/data/topics/3938 368
@/home/ec2-user/data/topics/4634 369
@/home/ec2-user/data/topics/2119 370
@/home/ec2-user/data/topics/4537 371
@/home/ec2-user/data/topics/1612 372
@/home/ec2-user/data/topics/4742 373
@/home/ec2-user/data/topics/4447 374
@/home/ec2-user/data/topics/4666 375
@/home/ec2-user/data/topics/4440 376
@/home/ec2-user/data/topics/4272 377
@/home/ec2-user/data/topics/4609 378
@/home/ec2-user/data/topics/4750 379
@/home/ec2-user/data/topics/1044 380
@/home/ec2-user/data/topics/1764 381
@/home/ec2-user/data/topics/4644 382
@/home/ec2-user/data/topics/4598 383
@/home/ec2-user/data/topics/4390 384
@/home/ec2-user/data/topics/4749 385
@/home/ec2-user/data/topics/4310 386
@/home/ec2-user/data/topics/4584 387
@/home/ec2-user/data/topics/4902 388
@/home/ec2-user/data/topics/4192 389
@/home/ec2-user/data/topics/4017 390
@/home/ec2-user/data/topics/1122 391
@/home/ec2-user/data/topics/1281 392
@/home/ec2-user/data/topics/4278 393
@/home/ec2-user/data/topics/4414 394
@/home/ec2-user/data/topics/2041 395
@/home/ec2-user/data/topics/1948 396
@/home/ec2-user/data/topics/2088 397
@/home/ec2-user/data/topics/4646 398
@/home/ec2-user/data/topics/4721 399
@/home/ec2-user/data/topics/4657 400
@/home/ec2-user/data/topics/4216 401
@/home/ec2-user/data/topics/4764 402
@/home/ec2-user/data/topics/4254 403
@/home/ec2-user/data/topics/4275 404
@/home/ec2-user/data/topics/4320 405
@/home/ec2-user/data/topics/4360 406
@/home/ec2-user/data/topics/2022 407
@/home/ec2-user/data/topics/4359 408
@/home/ec2-user/data/topics/4154 409
@/home/ec2-user/data/topics/4650 410
@/home/ec2-user/data/topics/1500 411
@/home/ec2-user/data/topics/2144 412
@/home/ec2-user/data/topics/1710 413
@/home/ec2-user/data/topics/4429 414
@/home/ec2-user/data/topics/4497 415
@/home/ec2-user/data/topics/1199 416
@/home/ec2-user/data/topics/4257 417
@/home/ec2-user/data/topics/1879 418
松下電器産業株式会社

@/home/ec2-user/data/topics/4599 419
@/home/ec2-user/data/topics/1252 419
@/home/ec2-user/data/topics/4459 420
@/home/ec2-user/data/topics/4355 421
@/home/ec2-user/data/topics/1955 422
@/home/ec2-user/data/topics/3920 423
@/home/ec2-user/data/topics/4574 424
@/home/ec2-user/data/topics/3402 425
@/home/ec2-user/data/topics/2156 426
@/home/ec2-user/data/topics/4502 427
@/home/ec2-user/data/topics/3455 428
@/home/ec2-user/data/topics/1635 429
@/home/ec2-user/data/topics/4101 430
@/home/ec2-user/data/topics/3704 431
@/home/ec2-user/data/topics/4867 432
@/home/ec2-user/data/topics/4817 433
@/home/ec2-user/data/topics/1158 434
@/home/ec2-user/data/topics/4126 435
@/home/ec2-user/data/topics/3979 436
@/home/ec2-user/data/topics/4501 437
@/home/ec2-user/data/topics/4382 438
@/home/ec2-user/data/topics/4968 439
@/home/ec2-user/data/topics/4798 440
@/home/ec2-user/data/topics/1762 441
@/home/ec2-user/data/topics/4707 442
@/home/ec2-user/data/topics/1070 443
@/home/ec2-user/data/topics/1748 444
@/home/ec2-user/data/topics/3386 445
@/home/ec2-user/data/topics/1136 446
@/home/ec2-user/data/topics/1339 447
@/home/ec2-user/data/topics/2029 448
@/home/ec2-user/data/topics/1881 449
@/home/ec2-user/data/topics/4307 450
@/home/ec2-user/data/topics/1509 451
@/home/ec2-user/data/topics/4945 452
@/home/ec2-user/data/topics/4043 453
@/home/ec2-user/data/topics/4961 454
@/home/ec2-user/data/topics/3676 455
@/home/ec2-user/data/topics/3514 456
@/home/ec2-user/data/topics/1525 457
@/home/ec2-user/data/topics/2056 458
@/home/ec2-user/data/topics/1705 459
@/home/ec2-user/data/topics/4806 460
@/home/ec2-user/data/topics/3807 461
@/home/ec2-user/data/topics/4303 462
@/home/ec2-user/data/topics/4464 463
@/home/ec2-user/data/topics/4229 464
@/home/ec2-user/data/topics/4577 465
@/home/ec2-user/data/topics/4448 466
@/home/ec2-user/data/topics/3746 467
@/home/ec2-user/data/topics/4754 468
@/home/ec2-user/data/topics/4385 469
@/home/ec2-user/data/topics/3694 470
@/home/ec2-user/data/topics/2129 471
@/home/ec2-user/data/topics/5024 472
@/home/ec2-user/data/topics/4475 473
@/home/ec2-user/data/topics/1157 474
@/home/ec2-user/data/topics/1701 475
@/home/ec2-user/data/topics/1589 476
@/home/ec2-user/data/topics/4761 477
@/home/ec2-user/data/topics/3761 478
@/home/ec2-user/data/topics/3558 479
@/home/ec2-user/data/topics/4160 480
@/home/ec2-user/data/topics/2222 481
@/home/ec2-user/data/topics/3510 482
@/home/ec2-user/data/topics/4503 483
@/home/ec2-user/data/topics/4098 484
@/home/ec2-user/data/topics/1257 485
@/home/ec2-user/data/topics/3847 486
@/home/ec2-user/data/topics/4422 487
@/home/ec2-user/data/topics/4936 488
@/home/ec2-user/data/topics/4787 489
@/home/ec2-user/data/topics/3585 490
@/home/ec2-user/data/topics/4264 491
@/home/ec2-user/data/topics/3519 492
@/home/ec2-user/data/topics/1706 493
@/home/ec2-user/data/topics/1540 494
@/home/ec2-user/data/topics/4586 495
@/home/ec2-user/data/topics/1885 496
@/home/ec2-user/data/topics/3739 497
@/home/ec2-user/data/topics/4797 498
@/home/ec2-user/data/topics/4804 499
@/home/ec2-user/data/topics/3692 500
@/home/ec2-user/data/topics/4918 501
@/home/ec2-user/data/topics/4215 502
@/home/ec2-user/data/topics/4274 503
@/home/ec2-user/data/topics/4000 504
@/home/ec2-user/data/topics/1477 505
@/home/ec2-user/data/topics/4917 506
@/home/ec2-user/data/topics/4180 507
@/home/ec2-user/data/topics/3404 508
@/home/ec2-user/data/topics/4157 509
@/home/ec2-user/data/topics/4667 510
@/home/ec2-user/data/topics/1516 511
@/home/ec2-user/data/topics/4491 512
@/home/ec2-user/data/topics/3721 513
@/home/ec2-user/data/topics/3904 514
@/home/ec2-user/data/topics/4558 515
@/home/ec2-user/data/topics/5028 516
@/home/ec2-user/data/topics/1829 517
@/home/ec2-user/data/topics/1179 518
@/home/ec2-user/data/topics/1026 519
@/home/ec2-user/data/topics/4394 520
@/home/ec2-user/data/topics/3951 521
@/home/ec2-user/data/topics/1898 522
@/home/ec2-user/data/topics/4102 523
@/home/ec2-user/data/topics/4885 524
@/home/ec2-user/data/topics/4625 525
@/home/ec2-user/data/topics/4159 526
@/home/ec2-user/data/topics/3680 527
@/home/ec2-user/data/topics/3619 528
@/home/ec2-user/data/topics/4280 529
@/home/ec2-user/data/topics/3960 530
@/home/ec2-user/data/topics/1812 531
@/home/ec2-user/data/topics/2170 532
@/home/ec2-user/data/topics/2080 533
@/home/ec2-user/data/topics/4193 534
@/home/ec2-user/data/topics/4676 535
@/home/ec2-user/data/topics/3719 536
@/home/ec2-user/data/topics/3658 537
@/home/ec2-user/data/topics/3494 538
@/home/ec2-user/data/topics/1633 539
@/home/ec2-user/data/topics/4139 540
セイコーインスツルメンツ株式会社

@/home/ec2-user/data/topics/4088 541
@/home/ec2-user/data/topics/3825 541
@/home/ec2-user/data/topics/4203 542
@/home/ec2-user/data/topics/4036 543
@/home/ec2-user/data/topics/1707 544
@/home/ec2-user/data/topics/4190 545
@/home/ec2-user/data/topics/4997 546
@/home/ec2-user/data/topics/3626 547
@/home/ec2-user/data/topics/4151 548
ミノルタ株式会社

@/home/ec2-user/data/topics/4984 549
@/home/ec2-user/data/topics/4321 549
@/home/ec2-user/data/topics/2190 550
@/home/ec2-user/data/topics/4977 551
@/home/ec2-user/data/topics/3584 552
@/home/ec2-user/data/topics/4971 553
@/home/ec2-user/data/topics/1152 554
@/home/ec2-user/data/topics/4986 555
@/home/ec2-user/data/topics/4951 556
@/home/ec2-user/data/topics/3810 557
@/home/ec2-user/data/topics/3545 558
@/home/ec2-user/data/topics/4970 559
株式会社リコー

@/home/ec2-user/data/topics/1282 560
@/home/ec2-user/data/topics/1627 560
@/home/ec2-user/data/topics/1670 561
@/home/ec2-user/data/topics/3530 562
@/home/ec2-user/data/topics/2043 563
@/home/ec2-user/data/topics/3669 564
@/home/ec2-user/data/topics/3711 565
@/home/ec2-user/data/topics/4265 566
@/home/ec2-user/data/topics/3411 567
@/home/ec2-user/data/topics/1755 568
@/home/ec2-user/data/topics/2090 569
@/home/ec2-user/data/topics/1740 570
@/home/ec2-user/data/topics/3574 571
@/home/ec2-user/data/topics/3394 572
@/home/ec2-user/data/topics/1806 573
@/home/ec2-user/data/topics/3446 574
@/home/ec2-user/data/topics/4037 575
@/home/ec2-user/data/topics/1663 576
@/home/ec2-user/data/topics/3474 577
@/home/ec2-user/data/topics/1482 578
@/home/ec2-user/data/topics/4781 579
@/home/ec2-user/data/topics/4879 580
@/home/ec2-user/data/topics/1225 581
@/home/ec2-user/data/topics/1668 582
@/home/ec2-user/data/topics/3484 583
@/home/ec2-user/data/topics/1976 584
@/home/ec2-user/data/topics/1478 585
@/home/ec2-user/data/topics/1780 586
@/home/ec2-user/data/topics/3495 587
@/home/ec2-user/data/topics/1775 588
@/home/ec2-user/data/topics/1593 589
@/home/ec2-user/data/topics/3436 590
@/home/ec2-user/data/topics/2219 591
@/home/ec2-user/data/topics/4616 592
@/home/ec2-user/data/topics/1718 593
@/home/ec2-user/data/topics/1610 594
@/home/ec2-user/data/topics/3548 595
@/home/ec2-user/data/topics/2182 596
@/home/ec2-user/data/topics/1190 597
@/home/ec2-user/data/topics/3837 598
@/home/ec2-user/data/topics/1106 599
@/home/ec2-user/data/topics/1514 600
@/home/ec2-user/data/topics/3424 601
@/home/ec2-user/data/topics/2201 602
@/home/ec2-user/data/topics/1083 603
@/home/ec2-user/data/topics/2006 604
@/home/ec2-user/data/topics/3880 605
@/home/ec2-user/data/topics/3750 606
@/home/ec2-user/data/topics/3775 607
@/home/ec2-user/data/topics/1669 608
@/home/ec2-user/data/topics/1774 609
@/home/ec2-user/data/topics/1436 610
@/home/ec2-user/data/topics/3759 611
@/home/ec2-user/data/topics/3687 612
@/home/ec2-user/data/topics/3713 613
@/home/ec2-user/data/topics/4344 614
@/home/ec2-user/data/topics/1974 615
@/home/ec2-user/data/topics/2189 616
@/home/ec2-user/data/topics/1691 617
@/home/ec2-user/data/topics/3633 618
@/home/ec2-user/data/topics/3472 619
@/home/ec2-user/data/topics/1064 620
@/home/ec2-user/data/topics/1776 621
@/home/ec2-user/data/topics/3523 622
@/home/ec2-user/data/topics/1878 623
@/home/ec2-user/data/topics/1095 624
@/home/ec2-user/data/topics/3555 625
@/home/ec2-user/data/topics/3557 626
@/home/ec2-user/data/topics/2200 627
@/home/ec2-user/data/topics/3378 628
@/home/ec2-user/data/topics/1433 629
独立行政法人産業技術総合研究所

@/home/ec2-user/data/topics/4777 630
@/home/ec2-user/data/topics/4739 630
@/home/ec2-user/data/topics/4800 631
@/home/ec2-user/data/topics/4740 632
@/home/ec2-user/data/topics/4869 633
@/home/ec2-user/data/topics/1356 634
ソニー株式会社

@/home/ec2-user/data/topics/1967 635
@/home/ec2-user/data/topics/1884 635
@/home/ec2-user/data/topics/1218 636
@/home/ec2-user/data/topics/1414 637
@/home/ec2-user/data/topics/3872 638
@/home/ec2-user/data/topics/1836 639
@/home/ec2-user/data/topics/1491 640
@/home/ec2-user/data/topics/1912 641
@/home/ec2-user/data/topics/1686 642
@/home/ec2-user/data/topics/2037 643
@/home/ec2-user/data/topics/4219 644
@/home/ec2-user/data/topics/4224 645
@/home/ec2-user/data/topics/1291 646
@/home/ec2-user/data/topics/1147 647
@/home/ec2-user/data/topics/1679 648
@/home/ec2-user/data/topics/1873 649
@/home/ec2-user/data/topics/5027 650
@/home/ec2-user/data/topics/2094 651
@/home/ec2-user/data/topics/4351 652
@/home/ec2-user/data/topics/2059 653
@/home/ec2-user/data/topics/1778 654
@/home/ec2-user/data/topics/3392 655
@/home/ec2-user/data/topics/2075 656
@/home/ec2-user/data/topics/1471 657
@/home/ec2-user/data/topics/4184 658
@/home/ec2-user/data/topics/1233 659
@/home/ec2-user/data/topics/3456 660
@/home/ec2-user/data/topics/1426 661
@/home/ec2-user/data/topics/2052 662
@/home/ec2-user/data/topics/1435 663
@/home/ec2-user/data/topics/1380 664
@/home/ec2-user/data/topics/2058 665
@/home/ec2-user/data/topics/3955 666
@/home/ec2-user/data/topics/1102 667
@/home/ec2-user/data/topics/1059 668
@/home/ec2-user/data/topics/1926 669
@/home/ec2-user/data/topics/1602 670
@/home/ec2-user/data/topics/2048 671
@/home/ec2-user/data/topics/1954 672
@/home/ec2-user/data/topics/3401 673
@/home/ec2-user/data/topics/3924 674
@/home/ec2-user/data/topics/1749 675
@/home/ec2-user/data/topics/1298 676
@/home/ec2-user/data/topics/3975 677
@/home/ec2-user/data/topics/2105 678
@/home/ec2-user/data/topics/1397 679
@/home/ec2-user/data/topics/1892 680
富士ゼロックス株式会社

@/home/ec2-user/data/topics/3661 681
@/home/ec2-user/data/topics/3366 681
@/home/ec2-user/data/topics/3662 682
@/home/ec2-user/data/topics/3782 683
@/home/ec2-user/data/topics/3383 684
@/home/ec2-user/data/topics/5031 685
@/home/ec2-user/data/topics/3564 686
@/home/ec2-user/data/topics/1560 687
@/home/ec2-user/data/topics/3473 688
@/home/ec2-user/data/topics/3695 689
@/home/ec2-user/data/topics/4108 690
@/home/ec2-user/data/topics/3640 691
@/home/ec2-user/data/topics/1947 692
@/home/ec2-user/data/topics/3790 693
@/home/ec2-user/data/topics/3407 694
住友金属工業株式会社

@/home/ec2-user/data/topics/4661 695
@/home/ec2-user/data/topics/4021 695
@/home/ec2-user/data/topics/4733 696
@/home/ec2-user/data/topics/3655 697
@/home/ec2-user/data/topics/3826 698
@/home/ec2-user/data/topics/4991 699
@/home/ec2-user/data/topics/4322 700
@/home/ec2-user/data/topics/4295 701
@/home/ec2-user/data/topics/4534 702
@/home/ec2-user/data/topics/4182 703
@/home/ec2-user/data/topics/1268 704
@/home/ec2-user/data/topics/3577 705
日立電線株式会社

@/home/ec2-user/data/topics/1117 706
@/home/ec2-user/data/topics/1388 706
@/home/ec2-user/data/topics/3756 707
@/home/ec2-user/data/topics/1027 708
@/home/ec2-user/data/topics/4329 709
@/home/ec2-user/data/topics/4357 710
@/home/ec2-user/data/topics/3930 711
@/home/ec2-user/data/topics/1305 712
@/home/ec2-user/data/topics/4356 713
キヤノン株式会社

@/home/ec2-user/data/topics/3949 714
@/home/ec2-user/data/topics/1848 714
@/home/ec2-user/data/topics/3430 715
@/home/ec2-user/data/topics/3420 716
@/home/ec2-user/data/topics/3722 717
@/home/ec2-user/data/topics/4610 718
@/home/ec2-user/data/topics/1455 719
@/home/ec2-user/data/topics/1790 720
@/home/ec2-user/data/topics/1895 721
@/home/ec2-user/data/topics/1438 722
@/home/ec2-user/data/topics/3642 723
@/home/ec2-user/data/topics/3441 724
@/home/ec2-user/data/topics/3656 725
@/home/ec2-user/data/topics/3967 726
@/home/ec2-user/data/topics/1539 727
@/home/ec2-user/data/topics/3416 728
@/home/ec2-user/data/topics/4937 729
@/home/ec2-user/data/topics/4054 730
@/home/ec2-user/data/topics/4068 731
@/home/ec2-user/data/topics/3628 732
@/home/ec2-user/data/topics/1646 733
@/home/ec2-user/data/topics/1590 734
@/home/ec2-user/data/topics/2004 735
@/home/ec2-user/data/topics/1802 736
@/home/ec2-user/data/topics/4520 737
@/home/ec2-user/data/topics/1080 738
@/home/ec2-user/data/topics/3445 739
@/home/ec2-user/data/topics/2231 740
@/home/ec2-user/data/topics/3374 741
@/home/ec2-user/data/topics/3660 742
@/home/ec2-user/data/topics/1744 743
@/home/ec2-user/data/topics/4363 744
@/home/ec2-user/data/topics/3755 745
@/home/ec2-user/data/topics/4628 746
@/home/ec2-user/data/topics/2053 747
@/home/ec2-user/data/topics/3376 748
@/home/ec2-user/data/topics/1847 749
@/home/ec2-user/data/topics/3730 750
@/home/ec2-user/data/topics/1216 751
@/home/ec2-user/data/topics/1631 752
@/home/ec2-user/data/topics/2243 753
@/home/ec2-user/data/topics/3415 754
@/home/ec2-user/data/topics/1745 755
@/home/ec2-user/data/topics/1866 756
@/home/ec2-user/data/topics/1975 757
@/home/ec2-user/data/topics/1568 758
@/home/ec2-user/data/topics/4948 759
@/home/ec2-user/data/topics/3454 760
@/home/ec2-user/data/topics/4020 761
@/home/ec2-user/data/topics/3417 762
@/home/ec2-user/data/topics/3737 763
@/home/ec2-user/data/topics/1513 764
@/home/ec2-user/data/topics/2117 765
@/home/ec2-user/data/topics/1124 766
@/home/ec2-user/data/topics/3438 767
@/home/ec2-user/data/topics/1118 768
@/home/ec2-user/data/topics/2107 769
@/home/ec2-user/data/topics/1228 770
@/home/ec2-user/data/topics/1889 771
@/home/ec2-user/data/topics/1208 772
@/home/ec2-user/data/topics/3720 773
@/home/ec2-user/data/topics/4521 774
@/home/ec2-user/data/topics/3410 775
@/home/ec2-user/data/topics/1519 776
@/home/ec2-user/data/topics/3996 777
@/home/ec2-user/data/topics/3434 778
@/home/ec2-user/data/topics/3843 779
@/home/ec2-user/data/topics/3958 780
@/home/ec2-user/data/topics/2145 781
@/home/ec2-user/data/topics/3852 782
@/home/ec2-user/data/topics/4947 783
@/home/ec2-user/data/topics/4350 784
@/home/ec2-user/data/topics/1961 785
三洋電機株式会社

@/home/ec2-user/data/topics/1079 786
@/home/ec2-user/data/topics/2063 786
@/home/ec2-user/data/topics/3817 787
@/home/ec2-user/data/topics/4304 788
@/home/ec2-user/data/topics/1652 789
@/home/ec2-user/data/topics/4978 790
@/home/ec2-user/data/topics/3491 791
@/home/ec2-user/data/topics/3830 792
@/home/ec2-user/data/topics/1386 793
@/home/ec2-user/data/topics/4571 794
@/home/ec2-user/data/topics/4679 795
@/home/ec2-user/data/topics/4527 796
@/home/ec2-user/data/topics/4763 797
@/home/ec2-user/data/topics/3906 798
@/home/ec2-user/data/topics/4099 799
@/home/ec2-user/data/topics/3398 800
@/home/ec2-user/data/topics/5011 801
@/home/ec2-user/data/topics/4376 802
@/home/ec2-user/data/topics/4654 803
@/home/ec2-user/data/topics/3845 804
@/home/ec2-user/data/topics/1289 805
@/home/ec2-user/data/topics/4384 806
@/home/ec2-user/data/topics/3625 807
@/home/ec2-user/data/topics/3804 808
@/home/ec2-user/data/topics/4492 809
@/home/ec2-user/data/topics/4301 810
@/home/ec2-user/data/topics/1488 811
@/home/ec2-user/data/topics/3581 812
@/home/ec2-user/data/topics/1515 813
@/home/ec2-user/data/topics/3889 814
@/home/ec2-user/data/topics/4015 815
@/home/ec2-user/data/topics/4066 816
@/home/ec2-user/data/topics/1479 817
@/home/ec2-user/data/topics/4061 818
@/home/ec2-user/data/topics/4983 819
@/home/ec2-user/data/topics/3926 820
@/home/ec2-user/data/topics/4001 821
@/home/ec2-user/data/topics/4328 822
@/home/ec2-user/data/topics/4726 823
@/home/ec2-user/data/topics/4604 824
@/home/ec2-user/data/topics/3808 825
@/home/ec2-user/data/topics/4178 826
@/home/ec2-user/data/topics/3859 827
@/home/ec2-user/data/topics/3974 828
@/home/ec2-user/data/topics/3708 829
@/home/ec2-user/data/topics/4960 830
@/home/ec2-user/data/topics/4837 831
@/home/ec2-user/data/topics/2054 832
@/home/ec2-user/data/topics/1653 833
@/home/ec2-user/data/topics/4212 834
@/home/ec2-user/data/topics/3754 835
@/home/ec2-user/data/topics/4612 836
@/home/ec2-user/data/topics/4474 837
@/home/ec2-user/data/topics/1163 838
@/home/ec2-user/data/topics/3781 839
@/home/ec2-user/data/topics/4179 840
@/home/ec2-user/data/topics/2194 841
@/home/ec2-user/data/topics/2071 842
@/home/ec2-user/data/topics/3539 843
@/home/ec2-user/data/topics/4788 844
@/home/ec2-user/data/topics/5002 845
@/home/ec2-user/data/topics/1722 846
@/home/ec2-user/data/topics/3681 847
@/home/ec2-user/data/topics/2230 848
@/home/ec2-user/data/topics/4150 849
@/home/ec2-user/data/topics/4060 850
@/home/ec2-user/data/topics/1671 851
@/home/ec2-user/data/topics/2014 852
@/home/ec2-user/data/topics/1246 853
@/home/ec2-user/data/topics/3986 854
@/home/ec2-user/data/topics/3492 855
@/home/ec2-user/data/topics/3953 856
@/home/ec2-user/data/topics/4720 857
@/home/ec2-user/data/topics/2098 858
@/home/ec2-user/data/topics/1321 859
@/home/ec2-user/data/topics/1980 860
@/home/ec2-user/data/topics/1451 861
@/home/ec2-user/data/topics/3403 862
@/home/ec2-user/data/topics/4039 863
三菱電機株式会社

@/home/ec2-user/data/topics/4149 864
@/home/ec2-user/data/topics/4221 864
@/home/ec2-user/data/topics/3397 865
@/home/ec2-user/data/topics/3666 866
@/home/ec2-user/data/topics/3466 867
@/home/ec2-user/data/topics/3873 868
@/home/ec2-user/data/topics/3820 869
@/home/ec2-user/data/topics/4133 870
@/home/ec2-user/data/topics/1536 871
@/home/ec2-user/data/topics/5032 872
@/home/ec2-user/data/topics/4041 873
@/home/ec2-user/data/topics/4282 874
@/home/ec2-user/data/topics/3469 875
@/home/ec2-user/data/topics/4980 876
@/home/ec2-user/data/topics/3490 877
@/home/ec2-user/data/topics/4614 878
@/home/ec2-user/data/topics/3800 879
@/home/ec2-user/data/topics/3409 880
@/home/ec2-user/data/topics/4880 881
@/home/ec2-user/data/topics/1792 882
@/home/ec2-user/data/topics/3612 883
@/home/ec2-user/data/topics/3747 884
@/home/ec2-user/data/topics/3465 885
@/home/ec2-user/data/topics/1110 886
@/home/ec2-user/data/topics/2146 887
@/home/ec2-user/data/topics/4663 888
@/home/ec2-user/data/topics/4047 889
@/home/ec2-user/data/topics/3616 890
@/home/ec2-user/data/topics/4235 891
@/home/ec2-user/data/topics/4181 892
@/home/ec2-user/data/topics/3921 893
@/home/ec2-user/data/topics/4514 894
@/home/ec2-user/data/topics/4552 895
@/home/ec2-user/data/topics/4562 896
@/home/ec2-user/data/topics/1220 897
@/home/ec2-user/data/topics/1872 898
@/home/ec2-user/data/topics/3856 899
@/home/ec2-user/data/topics/4834 900
@/home/ec2-user/data/topics/4076 901
@/home/ec2-user/data/topics/3412 902
@/home/ec2-user/data/topics/5033 903
@/home/ec2-user/data/topics/4305 904
@/home/ec2-user/data/topics/3963 905
@/home/ec2-user/data/topics/3592 906
@/home/ec2-user/data/topics/4518 907
@/home/ec2-user/data/topics/3451 908
@/home/ec2-user/data/topics/1738 909
@/home/ec2-user/data/topics/1754 910
@/home/ec2-user/data/topics/4419 911
@/home/ec2-user/data/topics/3506 912
@/home/ec2-user/data/topics/3609 913
@/home/ec2-user/data/topics/4233 914
@/home/ec2-user/data/topics/3841 915
@/home/ec2-user/data/topics/3453 916
@/home/ec2-user/data/topics/3774 917
@/home/ec2-user/data/topics/3595 918
@/home/ec2-user/data/topics/4220 919
@/home/ec2-user/data/topics/3493 920
住友ゴム工業株式会社

@/home/ec2-user/data/topics/1758 921
@/home/ec2-user/data/topics/4406 921
@/home/ec2-user/data/topics/4597 922
@/home/ec2-user/data/topics/4048 923
@/home/ec2-user/data/topics/4568 924
@/home/ec2-user/data/topics/1114 925
@/home/ec2-user/data/topics/2007 926
セイコーエプソン株式会社

@/home/ec2-user/data/topics/1938 927
@/home/ec2-user/data/topics/3589 927
@/home/ec2-user/data/topics/3819 928
@/home/ec2-user/data/topics/3910 929
@/home/ec2-user/data/topics/1890 930
@/home/ec2-user/data/topics/4719 931
@/home/ec2-user/data/topics/4109 932
@/home/ec2-user/data/topics/3887 933
@/home/ec2-user/data/topics/4585 934
@/home/ec2-user/data/topics/4022 935
@/home/ec2-user/data/topics/1378 936
@/home/ec2-user/data/topics/4386 937
@/home/ec2-user/data/topics/2165 938
@/home/ec2-user/data/topics/3476 939
@/home/ec2-user/data/topics/2078 940
@/home/ec2-user/data/topics/1484 941
@/home/ec2-user/data/topics/3505 942
@/home/ec2-user/data/topics/1343 943
@/home/ec2-user/data/topics/1641 944
@/home/ec2-user/data/topics/3361 945
@/home/ec2-user/data/topics/4454 946
@/home/ec2-user/data/topics/4801 947
@/home/ec2-user/data/topics/3985 948
@/home/ec2-user/data/topics/4802 949
@/home/ec2-user/data/topics/4605 950
@/home/ec2-user/data/topics/1423 951
株式会社三共

@/home/ec2-user/data/topics/1665 952
@/home/ec2-user/data/topics/2123 952
@/home/ec2-user/data/topics/1377 953
@/home/ec2-user/data/topics/1648 954
@/home/ec2-user/data/topics/2060 955
@/home/ec2-user/data/topics/1189 956
@/home/ec2-user/data/topics/4868 957
@/home/ec2-user/data/topics/4374 958
@/home/ec2-user/data/topics/1086 959
沖電気工業株式会社

@/home/ec2-user/data/topics/3395 960
@/home/ec2-user/data/topics/3764 960
@/home/ec2-user/data/topics/4308 961
@/home/ec2-user/data/topics/4299 962
@/home/ec2-user/data/topics/1188 963
@/home/ec2-user/data/topics/3964 964
@/home/ec2-user/data/topics/1531 965
@/home/ec2-user/data/topics/3690 966
@/home/ec2-user/data/topics/4693 967
@/home/ec2-user/data/topics/3433 968
@/home/ec2-user/data/topics/3621 969
@/home/ec2-user/data/topics/4575 970
@/home/ec2-user/data/topics/3571 971
@/home/ec2-user/data/topics/3457 972
株式会社三星

@/home/ec2-user/data/topics/2198 973
@/home/ec2-user/data/topics/1260 973
@/home/ec2-user/data/topics/2108 974
@/home/ec2-user/data/topics/1728 975
@/home/ec2-user/data/topics/1733 976
@/home/ec2-user/data/topics/3942 977
日本ビクター株式会社

@/home/ec2-user/data/topics/4672 978
@/home/ec2-user/data/topics/1823 978
@/home/ec2-user/data/topics/1520 979
@/home/ec2-user/data/topics/1389 980
@/home/ec2-user/data/topics/4056 981
@/home/ec2-user/data/topics/1440 982
@/home/ec2-user/data/topics/3939 983
@/home/ec2-user/data/topics/3620 984
@/home/ec2-user/data/topics/3882 985
@/home/ec2-user/data/topics/3603 986
@/home/ec2-user/data/topics/4123 987
花王株式会社

@/home/ec2-user/data/topics/4827 988
@/home/ec2-user/data/topics/3884 988
@/home/ec2-user/data/topics/2214 989
@/home/ec2-user/data/topics/3812 990
@/home/ec2-user/data/topics/1196 991
@/home/ec2-user/data/topics/3753 992
@/home/ec2-user/data/topics/4211 993
@/home/ec2-user/data/topics/4249 994
@/home/ec2-user/data/topics/3999 995
@/home/ec2-user/data/topics/4445 996
@/home/ec2-user/data/topics/1022 997
@/home/ec2-user/data/topics/1767 998
@/home/ec2-user/data/topics/4287 999
三田工業株式会社

@/home/ec2-user/data/topics/2136 1000
@/home/ec2-user/data/topics/1033 1000
@/home/ec2-user/data/topics/3842 1001
@/home/ec2-user/data/topics/1269 1002
@/home/ec2-user/data/topics/3604 1003
@/home/ec2-user/data/topics/2155 1004
@/home/ec2-user/data/topics/3923 1005
@/home/ec2-user/data/topics/1766 1006
@/home/ec2-user/data/topics/1034 1007
豊丸産業株式会社

@/home/ec2-user/data/topics/1677 1008
@/home/ec2-user/data/topics/1726 1008
@/home/ec2-user/data/topics/1713 1009
@/home/ec2-user/data/topics/1401 1010
@/home/ec2-user/data/topics/2011 1011
@/home/ec2-user/data/topics/4847 1012
@/home/ec2-user/data/topics/2169 1013
@/home/ec2-user/data/topics/1126 1014
@/home/ec2-user/data/topics/1588 1015
@/home/ec2-user/data/topics/1138 1016
@/home/ec2-user/data/topics/1914 1017
@/home/ec2-user/data/topics/1353 1018
@/home/ec2-user/data/topics/1097 1019
@/home/ec2-user/data/topics/1284 1020
@/home/ec2-user/data/topics/3672 1021
鐘紡株式会社

@/home/ec2-user/data/topics/1178 1022
@/home/ec2-user/data/topics/3551 1022
@/home/ec2-user/data/topics/1901 1023
@/home/ec2-user/data/topics/2034 1024
@/home/ec2-user/data/topics/4195 1025
@/home/ec2-user/data/topics/3560 1026
@/home/ec2-user/data/topics/1886 1027
@/home/ec2-user/data/topics/2185 1028
@/home/ec2-user/data/topics/3566 1029
@/home/ec2-user/data/topics/1842 1030
@/home/ec2-user/data/topics/1870 1031
@/home/ec2-user/data/topics/1304 1032
@/home/ec2-user/data/topics/2223 1033
@/home/ec2-user/data/topics/1054 1034
@/home/ec2-user/data/topics/3634 1035
@/home/ec2-user/data/topics/1367 1036
株式会社デンソー

@/home/ec2-user/data/topics/1028 1037
@/home/ec2-user/data/topics/4483 1037
@/home/ec2-user/data/topics/4805 1038
@/home/ec2-user/data/topics/4024 1039
@/home/ec2-user/data/topics/4046 1040
@/home/ec2-user/data/topics/4675 1041
@/home/ec2-user/data/topics/3480 1042
@/home/ec2-user/data/topics/4840 1043
@/home/ec2-user/data/topics/4423 1044
@/home/ec2-user/data/topics/4622 1045
@/home/ec2-user/data/topics/3710 1046
@/home/ec2-user/data/topics/4656 1047
@/home/ec2-user/data/topics/1855 1048
@/home/ec2-user/data/topics/4498 1049
@/home/ec2-user/data/topics/4164 1050
@/home/ec2-user/data/topics/3421 1051
@/home/ec2-user/data/topics/3406 1052
富士写真フイルム株式会社

@/home/ec2-user/data/topics/1662 1053
@/home/ec2-user/data/topics/1603 1053
@/home/ec2-user/data/topics/4962 1054
@/home/ec2-user/data/topics/1570 1055
@/home/ec2-user/data/topics/3918 1056
@/home/ec2-user/data/topics/3354 1057
@/home/ec2-user/data/topics/1244 1058
@/home/ec2-user/data/topics/3857 1059
@/home/ec2-user/data/topics/3447 1060
@/home/ec2-user/data/topics/3911 1061
@/home/ec2-user/data/topics/2134 1062
京セラ株式会社

@/home/ec2-user/data/topics/4031 1063
@/home/ec2-user/data/topics/1913 1063
@/home/ec2-user/data/topics/4513 1064
@/home/ec2-user/data/topics/3593 1065
@/home/ec2-user/data/topics/4340 1066
@/home/ec2-user/data/topics/3869 1067
@/home/ec2-user/data/topics/4901 1068
@/home/ec2-user/data/topics/1741 1069
@/home/ec2-user/data/topics/1708 1070
@/home/ec2-user/data/topics/3741 1071
@/home/ec2-user/data/topics/3615 1072
@/home/ec2-user/data/topics/1485 1073
イビデン株式会社

@/home/ec2-user/data/topics/1336 1074
@/home/ec2-user/data/topics/3814 1074
@/home/ec2-user/data/topics/1315 1075
@/home/ec2-user/data/topics/1770 1076
@/home/ec2-user/data/topics/1952 1077
@/home/ec2-user/data/topics/2033 1078
@/home/ec2-user/data/topics/1682 1079
株式会社東芝

@/home/ec2-user/data/topics/3988 1080
@/home/ec2-user/data/topics/4336 1080
@/home/ec2-user/data/topics/4863 1081
@/home/ec2-user/data/topics/2241 1082
@/home/ec2-user/data/topics/1090 1083
@/home/ec2-user/data/topics/4631 1084
@/home/ec2-user/data/topics/3890 1085
@/home/ec2-user/data/topics/1756 1086
@/home/ec2-user/data/topics/4197 1087
@/home/ec2-user/data/topics/4842 1088
@/home/ec2-user/data/topics/4165 1089
@/home/ec2-user/data/topics/4912 1090
@/home/ec2-user/data/topics/3542 1091
@/home/ec2-user/data/topics/3352 1092
@/home/ec2-user/data/topics/3363 1093
@/home/ec2-user/data/topics/3688 1094
@/home/ec2-user/data/topics/1205 1095
@/home/ec2-user/data/topics/3598 1096
@/home/ec2-user/data/topics/4096 1097
@/home/ec2-user/data/topics/1819 1098
@/home/ec2-user/data/topics/3780 1099
@/home/ec2-user/data/topics/1332 1100
@/home/ec2-user/data/topics/4089 1101
@/home/ec2-user/data/topics/4381 1102
@/home/ec2-user/data/topics/4566 1103
@/home/ec2-user/data/topics/4594 1104
@/home/ec2-user/data/topics/3462 1105
@/home/ec2-user/data/topics/1997 1106
@/home/ec2-user/data/topics/4755 1107
@/home/ec2-user/data/topics/1585 1108
@/home/ec2-user/data/topics/3834 1109
@/home/ec2-user/data/topics/4361 1110
@/home/ec2-user/data/topics/4881 1111
@/home/ec2-user/data/topics/4509 1112
@/home/ec2-user/data/topics/3795 1113
@/home/ec2-user/data/topics/4140 1114
@/home/ec2-user/data/topics/4302 1115
@/home/ec2-user/data/topics/3851 1116
@/home/ec2-user/data/topics/3683 1117
@/home/ec2-user/data/topics/4009 1118
@/home/ec2-user/data/topics/3990 1119
@/home/ec2-user/data/topics/3689 1120
@/home/ec2-user/data/topics/4535 1121
@/home/ec2-user/data/topics/4057 1122
@/home/ec2-user/data/topics/4183 1123
@/home/ec2-user/data/topics/3732 1124
@/home/ec2-user/data/topics/4751 1125
@/home/ec2-user/data/topics/3948 1126
@/home/ec2-user/data/topics/4935 1127
@/home/ec2-user/data/topics/4292 1128
@/home/ec2-user/data/topics/4623 1129
@/home/ec2-user/data/topics/3716 1130
@/home/ec2-user/data/topics/3380 1131
@/home/ec2-user/data/topics/4172 1132
@/home/ec2-user/data/topics/3734 1133
@/home/ec2-user/data/topics/3360 1134
@/home/ec2-user/data/topics/3618 1135
@/home/ec2-user/data/topics/3881 1136
@/home/ec2-user/data/topics/1132 1137
@/home/ec2-user/data/topics/1757 1138
@/home/ec2-user/data/topics/3351 1139
ヤマハ株式会社

@/home/ec2-user/data/topics/4084 1140
@/home/ec2-user/data/topics/1676 1140
@/home/ec2-user/data/topics/1720 1141
@/home/ec2-user/data/topics/1443 1142
@/home/ec2-user/data/topics/4045 1143
@/home/ec2-user/data/topics/4145 1144
@/home/ec2-user/data/topics/4954 1145
@/home/ec2-user/data/topics/4010 1146
@/home/ec2-user/data/topics/3972 1147
@/home/ec2-user/data/topics/4177 1148
@/home/ec2-user/data/topics/4919 1149
@/home/ec2-user/data/topics/4125 1150
@/home/ec2-user/data/topics/1911 1151
東洋紡績株式会社

@/home/ec2-user/data/topics/1029 1152
@/home/ec2-user/data/topics/4366 1152
@/home/ec2-user/data/topics/1613 1153
@/home/ec2-user/data/topics/4362 1154
@/home/ec2-user/data/topics/4284 1155
@/home/ec2-user/data/topics/3769 1156
三菱化学株式会社

@/home/ec2-user/data/topics/3513 1157
@/home/ec2-user/data/topics/3458 1157
@/home/ec2-user/data/topics/1699 1158
@/home/ec2-user/data/topics/3638 1159
@/home/ec2-user/data/topics/1902 1160
@/home/ec2-user/data/topics/1197 1161
カシオ計算機株式会社

@/home/ec2-user/data/topics/2180 1162
@/home/ec2-user/data/topics/1368 1162
@/home/ec2-user/data/topics/1794 1163
@/home/ec2-user/data/topics/1047 1164
@/home/ec2-user/data/topics/1535 1165
@/home/ec2-user/data/topics/1235 1166
@/home/ec2-user/data/topics/3391 1167
@/home/ec2-user/data/topics/2237 1168
コナミ株式会社

@/home/ec2-user/data/topics/1621 1169
@/home/ec2-user/data/topics/4602 1169
@/home/ec2-user/data/topics/1672 1170
@/home/ec2-user/data/topics/4681 1171
@/home/ec2-user/data/topics/5015 1172
@/home/ec2-user/data/topics/2151 1173
@/home/ec2-user/data/topics/2100 1174
@/home/ec2-user/data/topics/1302 1175
大日本スクリーン製造株式会社

@/home/ec2-user/data/topics/1608 1176
@/home/ec2-user/data/topics/3742 1176
@/home/ec2-user/data/topics/1130 1177
@/home/ec2-user/data/topics/2209 1178
@/home/ec2-user/data/topics/1779 1179
@/home/ec2-user/data/topics/2172 1180
@/home/ec2-user/data/topics/1173 1181
オムロン株式会社

@/home/ec2-user/data/topics/1841 1182
@/home/ec2-user/data/topics/1135 1182
@/home/ec2-user/data/topics/3748 1183
@/home/ec2-user/data/topics/1933 1184
@/home/ec2-user/data/topics/3597 1185
@/home/ec2-user/data/topics/2096 1186
@/home/ec2-user/data/topics/3863 1187
@/home/ec2-user/data/topics/3700 1188
@/home/ec2-user/data/topics/1579 1189
@/home/ec2-user/data/topics/1533 1190
@/home/ec2-user/data/topics/1151 1191
@/home/ec2-user/data/topics/1067 1192
@/home/ec2-user/data/topics/3594 1193
@/home/ec2-user/data/topics/1657 1194
@/home/ec2-user/data/topics/4771 1195
株式会社日立製作所

@/home/ec2-user/data/topics/2239 1196
@/home/ec2-user/data/topics/4040 1196
@/home/ec2-user/data/topics/1562 1197
@/home/ec2-user/data/topics/3384 1198
@/home/ec2-user/data/topics/3973 1199
@/home/ec2-user/data/topics/1693 1200
@/home/ec2-user/data/topics/1987 1201
@/home/ec2-user/data/topics/3570 1202
@/home/ec2-user/data/topics/1882 1203
@/home/ec2-user/data/topics/4401 1204
@/home/ec2-user/data/topics/1340 1205
@/home/ec2-user/data/topics/3706 1206
@/home/ec2-user/data/topics/2081 1207
@/home/ec2-user/data/topics/1833 1208
@/home/ec2-user/data/topics/4489 1209
@/home/ec2-user/data/topics/3432 1210
@/home/ec2-user/data/topics/3439 1211
@/home/ec2-user/data/topics/4559 1212
@/home/ec2-user/data/topics/1296 1213
@/home/ec2-user/data/topics/4551 1214
@/home/ec2-user/data/topics/3471 1215
@/home/ec2-user/data/topics/3822 1216
@/home/ec2-user/data/topics/3531 1217
@/home/ec2-user/data/topics/1826 1218
@/home/ec2-user/data/topics/3648 1219
@/home/ec2-user/data/topics/2184 1220
@/home/ec2-user/data/topics/3779 1221
@/home/ec2-user/data/topics/4493 1222
@/home/ec2-user/data/topics/1825 1223
@/home/ec2-user/data/topics/3691 1224
@/home/ec2-user/data/topics/1334 1225
@/home/ec2-user/data/topics/1072 1226
@/home/ec2-user/data/topics/4990 1227
@/home/ec2-user/data/topics/1082 1228
@/home/ec2-user/data/topics/1278 1229
@/home/ec2-user/data/topics/1880 1230
@/home/ec2-user/data/topics/4943 1231
@/home/ec2-user/data/topics/4621 1232
@/home/ec2-user/data/topics/3659 1233
@/home/ec2-user/data/topics/1105 1234
@/home/ec2-user/data/topics/1640 1235
@/home/ec2-user/data/topics/4547 1236
@/home/ec2-user/data/topics/5029 1237
@/home/ec2-user/data/topics/3588 1238
@/home/ec2-user/data/topics/3665 1239
@/home/ec2-user/data/topics/3440 1240
@/home/ec2-user/data/topics/4420 1241
@/home/ec2-user/data/topics/3965 1242
@/home/ec2-user/data/topics/3994 1243
@/home/ec2-user/data/topics/3488 1244
@/home/ec2-user/data/topics/1463 1245
@/home/ec2-user/data/topics/3596 1246
@/home/ec2-user/data/topics/1667 1247
@/home/ec2-user/data/topics/1249 1248
@/home/ec2-user/data/topics/3993 1249
@/home/ec2-user/data/topics/3524 1250
@/home/ec2-user/data/topics/1487 1251
@/home/ec2-user/data/topics/4402 1252
@/home/ec2-user/data/topics/3968 1253
@/home/ec2-user/data/topics/3772 1254
@/home/ec2-user/data/topics/1247 1255
@/home/ec2-user/data/topics/1501 1256
@/home/ec2-user/data/topics/4166 1257
@/home/ec2-user/data/topics/4799 1258
@/home/ec2-user/data/topics/4830 1259
@/home/ec2-user/data/topics/3461 1260
@/home/ec2-user/data/topics/4545 1261
@/home/ec2-user/data/topics/5030 1262
@/home/ec2-user/data/topics/3599 1263
@/home/ec2-user/data/topics/4058 1264
@/home/ec2-user/data/topics/4122 1265
@/home/ec2-user/data/topics/2019 1266
@/home/ec2-user/data/topics/1651 1267
@/home/ec2-user/data/topics/3350 1268
凸版印刷株式会社

@/home/ec2-user/data/topics/1765 1269
@/home/ec2-user/data/topics/1091 1269
@/home/ec2-user/data/topics/4874 1270
@/home/ec2-user/data/topics/3624 1271
@/home/ec2-user/data/topics/3526 1272
@/home/ec2-user/data/topics/1977 1273
@/home/ec2-user/data/topics/3500 1274
株式会社ノーリツ

@/home/ec2-user/data/topics/1598 1275
@/home/ec2-user/data/topics/4776 1275
@/home/ec2-user/data/topics/1760 1276
@/home/ec2-user/data/topics/2116 1277
@/home/ec2-user/data/topics/1290 1278
@/home/ec2-user/data/topics/1618 1279
@/home/ec2-user/data/topics/4206 1280
@/home/ec2-user/data/topics/4354 1281
川崎重工業株式会社

@/home/ec2-user/data/topics/4572 1282
@/home/ec2-user/data/topics/4793 1282
@/home/ec2-user/data/topics/1162 1283
@/home/ec2-user/data/topics/5025 1284
@/home/ec2-user/data/topics/1172 1285
@/home/ec2-user/data/topics/4944 1286
@/home/ec2-user/data/topics/4756 1287
@/home/ec2-user/data/topics/4866 1288
ティーディーケイ株式会社

@/home/ec2-user/data/topics/2210 1289
@/home/ec2-user/data/topics/3798 1289
@/home/ec2-user/data/topics/1129 1290
@/home/ec2-user/data/topics/3909 1291
@/home/ec2-user/data/topics/2202 1292
@/home/ec2-user/data/topics/1510 1293
@/home/ec2-user/data/topics/3792 1294
@/home/ec2-user/data/topics/4619 1295
@/home/ec2-user/data/topics/1409 1296
京セラミタ株式会社

@/home/ec2-user/data/topics/4985 1297
@/home/ec2-user/data/topics/4564 1297
@/home/ec2-user/data/topics/4174 1298
@/home/ec2-user/data/topics/4973 1299
@/home/ec2-user/data/topics/1930 1300
@/home/ec2-user/data/topics/2141 1301
@/home/ec2-user/data/topics/1032 1302
株式会社クボタ

@/home/ec2-user/data/topics/3919 1303
@/home/ec2-user/data/topics/1012 1303
@/home/ec2-user/data/topics/1734 1304
@/home/ec2-user/data/topics/1448 1305
@/home/ec2-user/data/topics/3823 1306
@/home/ec2-user/data/topics/4745 1307
@/home/ec2-user/data/topics/1280 1308
@/home/ec2-user/data/topics/3854 1309
@/home/ec2-user/data/topics/4251 1310
@/home/ec2-user/data/topics/4379 1311
シャープ株式会社

@/home/ec2-user/data/topics/1396 1312
@/home/ec2-user/data/topics/4252 1312
@/home/ec2-user/data/topics/1685 1313
@/home/ec2-user/data/topics/4230 1314
@/home/ec2-user/data/topics/4173 1315
@/home/ec2-user/data/topics/3966 1316
@/home/ec2-user/data/topics/3610 1317
@/home/ec2-user/data/topics/1970 1318
@/home/ec2-user/data/topics/3760 1319
@/home/ec2-user/data/topics/3762 1320
@/home/ec2-user/data/topics/3537 1321
@/home/ec2-user/data/topics/4861 1322
@/home/ec2-user/data/topics/4228 1323
@/home/ec2-user/data/topics/2020 1324
@/home/ec2-user/data/topics/3673 1325
@/home/ec2-user/data/topics/4583 1326
@/home/ec2-user/data/topics/2087 1327
@/home/ec2-user/data/topics/3941 1328
@/home/ec2-user/data/topics/3813 1329
@/home/ec2-user/data/topics/1349 1330
@/home/ec2-user/data/topics/4691 1331
@/home/ec2-user/data/topics/1563 1332
@/home/ec2-user/data/topics/4323 1333
@/home/ec2-user/data/topics/1258 1334
@/home/ec2-user/data/topics/3776 1335
@/home/ec2-user/data/topics/4095 1336
@/home/ec2-user/data/topics/3422 1337
@/home/ec2-user/data/topics/3793 1338
@/home/ec2-user/data/topics/3606 1339
@/home/ec2-user/data/topics/4744 1340
@/home/ec2-user/data/topics/3679 1341
@/home/ec2-user/data/topics/4005 1342
@/home/ec2-user/data/topics/1384 1343
@/home/ec2-user/data/topics/3578 1344
@/home/ec2-user/data/topics/4263 1345
@/home/ec2-user/data/topics/4516 1346
@/home/ec2-user/data/topics/4214 1347
@/home/ec2-user/data/topics/3832 1348
@/home/ec2-user/data/topics/1154 1349
@/home/ec2-user/data/topics/1431 1350
@/home/ec2-user/data/topics/4105 1351
@/home/ec2-user/data/topics/1318 1352
@/home/ec2-user/data/topics/4717 1353
@/home/ec2-user/data/topics/1804 1354
@/home/ec2-user/data/topics/1419 1355
@/home/ec2-user/data/topics/3957 1356
@/home/ec2-user/data/topics/3777 1357
@/home/ec2-user/data/topics/3678 1358
@/home/ec2-user/data/topics/4683 1359
@/home/ec2-user/data/topics/3895 1360
@/home/ec2-user/data/topics/1288 1361
@/home/ec2-user/data/topics/2084 1362
@/home/ec2-user/data/topics/1209 1363
@/home/ec2-user/data/topics/3858 1364
@/home/ec2-user/data/topics/1561 1365
@/home/ec2-user/data/topics/4782 1366
@/home/ec2-user/data/topics/3698 1367
@/home/ec2-user/data/topics/3871 1368
@/home/ec2-user/data/topics/2118 1369
@/home/ec2-user/data/topics/4124 1370
@/home/ec2-user/data/topics/4245 1371
@/home/ec2-user/data/topics/4469 1372
@/home/ec2-user/data/topics/4648 1373
@/home/ec2-user/data/topics/4152 1374
@/home/ec2-user/data/topics/4127 1375
@/home/ec2-user/data/topics/4256 1376
@/home/ec2-user/data/topics/3981 1377
@/home/ec2-user/data/topics/4103 1378
@/home/ec2-user/data/topics/1174 1379
@/home/ec2-user/data/topics/3649 1380
@/home/ec2-user/data/topics/4113 1381
@/home/ec2-user/data/topics/3855 1382
@/home/ec2-user/data/topics/4349 1383
@/home/ec2-user/data/topics/3452 1384
@/home/ec2-user/data/topics/4430 1385
@/home/ec2-user/data/topics/1965 1386
@/home/ec2-user/data/topics/4019 1387
@/home/ec2-user/data/topics/4519 1388
@/home/ec2-user/data/topics/3450 1389
@/home/ec2-user/data/topics/3978 1390
@/home/ec2-user/data/topics/1840 1391
日本輸送機株式会社

@/home/ec2-user/data/topics/1191 1392
@/home/ec2-user/data/topics/1456 1392
@/home/ec2-user/data/topics/3573 1393
@/home/ec2-user/data/topics/1940 1394
@/home/ec2-user/data/topics/1108 1395
@/home/ec2-user/data/topics/2221 1396
@/home/ec2-user/data/topics/1493 1397
@/home/ec2-user/data/topics/2065 1398
東京エレクトロン株式会社

@/home/ec2-user/data/topics/1800 1399
@/home/ec2-user/data/topics/4906 1399
@/home/ec2-user/data/topics/4053 1400
@/home/ec2-user/data/topics/3947 1401
@/home/ec2-user/data/topics/4023 1402
@/home/ec2-user/data/topics/1508 1403
@/home/ec2-user/data/topics/4345 1404
@/home/ec2-user/data/topics/4618 1405
@/home/ec2-user/data/topics/4002 1406
@/home/ec2-user/data/topics/4702 1407
@/home/ec2-user/data/topics/1736 1408
@/home/ec2-user/data/topics/1263 1409
株式会社村田製作所

@/home/ec2-user/data/topics/1374 1410
@/home/ec2-user/data/topics/4070 1410
@/home/ec2-user/data/topics/4163 1411
@/home/ec2-user/data/topics/4378 1412
@/home/ec2-user/data/topics/4042 1413
@/home/ec2-user/data/topics/4432 1414
@/home/ec2-user/data/topics/4795 1415
@/home/ec2-user/data/topics/2229 1416
@/home/ec2-user/data/topics/1411 1417
@/home/ec2-user/data/topics/4271 1418
@/home/ec2-user/data/topics/3482 1419
@/home/ec2-user/data/topics/3435 1420
@/home/ec2-user/data/topics/4417 1421
@/home/ec2-user/data/topics/3697 1422
@/home/ec2-user/data/topics/3885 1423
@/home/ec2-user/data/topics/4325 1424
@/home/ec2-user/data/topics/4703 1425
日本電信電話株式会社

@/home/ec2-user/data/topics/4664 1426
@/home/ec2-user/data/topics/1556 1426
@/home/ec2-user/data/topics/4115 1427
@/home/ec2-user/data/topics/1809 1428
@/home/ec2-user/data/topics/1408 1429
@/home/ec2-user/data/topics/4118 1430
@/home/ec2-user/data/topics/4560 1431
@/home/ec2-user/data/topics/3811 1432
@/home/ec2-user/data/topics/1229 1433
@/home/ec2-user/data/topics/4121 1434
@/home/ec2-user/data/topics/4964 1435
@/home/ec2-user/data/topics/3927 1436
@/home/ec2-user/data/topics/4443 1437
@/home/ec2-user/data/topics/1787 1438
@/home/ec2-user/data/topics/4208 1439
@/home/ec2-user/data/topics/3521 1440
@/home/ec2-user/data/topics/4836 1441
@/home/ec2-user/data/topics/4232 1442
@/home/ec2-user/data/topics/4131 1443
@/home/ec2-user/data/topics/1230 1444
@/home/ec2-user/data/topics/4870 1445
@/home/ec2-user/data/topics/3359 1446
@/home/ec2-user/data/topics/3568 1447
@/home/ec2-user/data/topics/4505 1448
@/home/ec2-user/data/topics/3586 1449
@/home/ec2-user/data/topics/3425 1450
@/home/ec2-user/data/topics/4488 1451
@/home/ec2-user/data/topics/3641 1452
@/home/ec2-user/data/topics/3915 1453
@/home/ec2-user/data/topics/4025 1454
@/home/ec2-user/data/topics/4087 1455
@/home/ec2-user/data/topics/4865 1456
@/home/ec2-user/data/topics/4335 1457
@/home/ec2-user/data/topics/2017 1458
@/home/ec2-user/data/topics/3509 1459
@/home/ec2-user/data/topics/4916 1460
@/home/ec2-user/data/topics/3785 1461
@/home/ec2-user/data/topics/3894 1462
@/home/ec2-user/data/topics/4114 1463
@/home/ec2-user/data/topics/4146 1464
@/home/ec2-user/data/topics/3650 1465
@/home/ec2-user/data/topics/1934 1466
@/home/ec2-user/data/topics/4965 1467
@/home/ec2-user/data/topics/4792 1468
@/home/ec2-user/data/topics/3536 1469
@/home/ec2-user/data/topics/3824 1470
@/home/ec2-user/data/topics/2130 1471
@/home/ec2-user/data/topics/4104 1472
@/home/ec2-user/data/topics/3544 1473
@/home/ec2-user/data/topics/4511 1474
@/home/ec2-user/data/topics/1042 1475
@/home/ec2-user/data/topics/3552 1476
@/home/ec2-user/data/topics/3928 1477
@/home/ec2-user/data/topics/4175 1478
@/home/ec2-user/data/topics/4952 1479
@/home/ec2-user/data/topics/4925 1480
日本鋼管株式会社

@/home/ec2-user/data/topics/1404 1481
@/home/ec2-user/data/topics/2095 1481
@/home/ec2-user/data/topics/1690 1482
@/home/ec2-user/data/topics/4289 1483
@/home/ec2-user/data/topics/4455 1484
@/home/ec2-user/data/topics/3572 1485
@/home/ec2-user/data/topics/4161 1486
株式会社神戸製鋼所

@/home/ec2-user/data/topics/3475 1487
@/home/ec2-user/data/topics/3902 1487
@/home/ec2-user/data/topics/3632 1488
@/home/ec2-user/data/topics/1465 1489
@/home/ec2-user/data/topics/3674 1490
@/home/ec2-user/data/topics/4949 1491
@/home/ec2-user/data/topics/2064 1492
株式会社ケンウッド

@/home/ec2-user/data/topics/1186 1493
@/home/ec2-user/data/topics/1115 1493
@/home/ec2-user/data/topics/3839 1494
@/home/ec2-user/data/topics/2036 1495
@/home/ec2-user/data/topics/4038 1496
@/home/ec2-user/data/topics/3801 1497
@/home/ec2-user/data/topics/1896 1498
@/home/ec2-user/data/topics/3969 1499
@/home/ec2-user/data/topics/1241 1500
@/home/ec2-user/data/topics/1617 1501
@/home/ec2-user/data/topics/2163 1502
@/home/ec2-user/data/topics/4167 1503
@/home/ec2-user/data/topics/3878 1504
@/home/ec2-user/data/topics/1424 1505
@/home/ec2-user/data/topics/3977 1506
@/home/ec2-user/data/topics/3794 1507
@/home/ec2-user/data/topics/1698 1508
@/home/ec2-user/data/topics/3463 1509
@/home/ec2-user/data/topics/1345 1510
@/home/ec2-user/data/topics/4467 1511
@/home/ec2-user/data/topics/4050 1512
東陶機器株式会社

@/home/ec2-user/data/topics/3583 1513
@/home/ec2-user/data/topics/1735 1513
@/home/ec2-user/data/topics/2135 1514
@/home/ec2-user/data/topics/1692 1515
@/home/ec2-user/data/topics/1626 1516
@/home/ec2-user/data/topics/3821 1517
本田技研工業株式会社

@/home/ec2-user/data/topics/1143 1518
@/home/ec2-user/data/topics/4783 1518
@/home/ec2-user/data/topics/4132 1519
@/home/ec2-user/data/topics/4331 1520
@/home/ec2-user/data/topics/4033 1521
@/home/ec2-user/data/topics/4199 1522
@/home/ec2-user/data/topics/5026 1523
@/home/ec2-user/data/topics/2016 1524
@/home/ec2-user/data/topics/4375 1525
@/home/ec2-user/data/topics/1605 1526
@/home/ec2-user/data/topics/1215 1527
@/home/ec2-user/data/topics/2000 1528
@/home/ec2-user/data/topics/1266 1529
@/home/ec2-user/data/topics/1226 1530
@/home/ec2-user/data/topics/3685 1531
@/home/ec2-user/data/topics/1818 1532
@/home/ec2-user/data/topics/4888 1533
@/home/ec2-user/data/topics/1444 1534
@/home/ec2-user/data/topics/1822 1535
新日本製鐵株式会社

@/home/ec2-user/data/topics/3861 1536
@/home/ec2-user/data/topics/3899 1536
@/home/ec2-user/data/topics/3368 1537
@/home/ec2-user/data/topics/5008 1538
@/home/ec2-user/data/topics/4472 1539
@/home/ec2-user/data/topics/3663 1540
松下電工株式会社

@/home/ec2-user/data/topics/3670 1541
@/home/ec2-user/data/topics/3549 1541
@/home/ec2-user/data/topics/1311 1542
@/home/ec2-user/data/topics/3835 1543
@/home/ec2-user/data/topics/1011 1544
@/home/ec2-user/data/topics/4450 1545
@/home/ec2-user/data/topics/1803 1546
@/home/ec2-user/data/topics/3379 1547
@/home/ec2-user/data/topics/3778 1548
@/home/ec2-user/data/topics/4029 1549
@/home/ec2-user/data/topics/4317 1550
@/home/ec2-user/data/topics/4592 1551
@/home/ec2-user/data/topics/4094 1552
@/home/ec2-user/data/topics/3511 1553
@/home/ec2-user/data/topics/4012 1554
@/home/ec2-user/data/topics/2045 1555
@/home/ec2-user/data/topics/4347 1556
@/home/ec2-user/data/topics/4083 1557
@/home/ec2-user/data/topics/1251 1558
@/home/ec2-user/data/topics/3932 1559
@/home/ec2-user/data/topics/3565 1560
@/home/ec2-user/data/topics/3651 1561
usernum: 72
hit: 1528
simhit: 1467
simmax: 0.654984426541
simmin: 0.0
simavg: 0.200409130114
dlmax: 0.183892165281
dlmin: 0.00578247003561
dlavg: 0.0339199470855
mthit: 1628
mthls: 0
srp: 43.158
total: 1562
hit/total: 0.978233034571
simhit/total: 0.939180537772
mthit/(total+usernum): 0.996328029376
mthls/(total+usernum): 0.0
srp/(total+usernum): 0.00880416156671
srp20/(total+usernum): 0.00198898408813
srp100/(total+usernum): 0.0064891880865
srp500/(total+usernum): 0.00830436556508

2016-12-24 03:21:47.171775
