2016-12-22 19:51:37.265018

topic-folder:/home/ec2-user/data/topics/
cl-file:rand
cl-floder:/home/ec2-user/data/ldaclass-32-1000-top10000
zipf:0.4
stype[0(tfidf)/1(tfidf2)/2(lsa)/3(lda)]:3
dtype[<0(diff*rand)/0(diff)/1(same)/>=2(diff*same)]:1
output-floder:/home/ec2-user/git/userquery/result

三菱マテリアル株式会社

@/home/ec2-user/data/topics/3546 0
@/home/ec2-user/data/topics/3470 0
@/home/ec2-user/data/topics/3630 1
@/home/ec2-user/data/topics/3866 2
@/home/ec2-user/data/topics/1638 3
@/home/ec2-user/data/topics/3520 4
@/home/ec2-user/data/topics/1085 5
@/home/ec2-user/data/topics/2093 6
日本精機株式会社

@/home/ec2-user/data/topics/4875 7
@/home/ec2-user/data/topics/4972 7
@/home/ec2-user/data/topics/1398 8
@/home/ec2-user/data/topics/4907 9
@/home/ec2-user/data/topics/4690 10
@/home/ec2-user/data/topics/4709 11
コニカ株式会社

@/home/ec2-user/data/topics/2162 12
@/home/ec2-user/data/topics/3414 12
@/home/ec2-user/data/topics/3418 13
@/home/ec2-user/data/topics/3486 14
@/home/ec2-user/data/topics/3370 15
@/home/ec2-user/data/topics/3357 16
@/home/ec2-user/data/topics/3426 17
@/home/ec2-user/data/topics/3533 18
@/home/ec2-user/data/topics/1946 19
@/home/ec2-user/data/topics/3419 20
@/home/ec2-user/data/topics/3431 21
埼玉日本電気株式会社

@/home/ec2-user/data/topics/5010 22
@/home/ec2-user/data/topics/4279 22
@/home/ec2-user/data/topics/4468 23
@/home/ec2-user/data/topics/4283 24
@/home/ec2-user/data/topics/4242 25
@/home/ec2-user/data/topics/4496 26
@/home/ec2-user/data/topics/1620 27
@/home/ec2-user/data/topics/1512 28
@/home/ec2-user/data/topics/4998 29
アルプス電気株式会社

@/home/ec2-user/data/topics/1253 30
@/home/ec2-user/data/topics/2012 30
@/home/ec2-user/data/topics/3582 31
@/home/ec2-user/data/topics/1434 32
@/home/ec2-user/data/topics/4791 33
@/home/ec2-user/data/topics/3429 34
@/home/ec2-user/data/topics/2089 35
三菱重工業株式会社

@/home/ec2-user/data/topics/4862 36
@/home/ec2-user/data/topics/4687 36
@/home/ec2-user/data/topics/4563 37
@/home/ec2-user/data/topics/4882 38
@/home/ec2-user/data/topics/3833 39
@/home/ec2-user/data/topics/5022 40
@/home/ec2-user/data/topics/3637 41
@/home/ec2-user/data/topics/3529 42
@/home/ec2-user/data/topics/3944 43
@/home/ec2-user/data/topics/3503 44
@/home/ec2-user/data/topics/4412 45
@/home/ec2-user/data/topics/3591 46
村田機械株式会社

@/home/ec2-user/data/topics/1607 47
@/home/ec2-user/data/topics/4941 47
@/home/ec2-user/data/topics/4565 48
@/home/ec2-user/data/topics/1511 49
@/home/ec2-user/data/topics/4746 50
@/home/ec2-user/data/topics/4556 51
@/home/ec2-user/data/topics/4835 52
@/home/ec2-user/data/topics/5000 53
@/home/ec2-user/data/topics/4596 54
@/home/ec2-user/data/topics/4645 55
@/home/ec2-user/data/topics/1293 56
@/home/ec2-user/data/topics/1074 57
@/home/ec2-user/data/topics/4638 58
@/home/ec2-user/data/topics/4570 59
@/home/ec2-user/data/topics/3528 60
@/home/ec2-user/data/topics/4441 61
@/home/ec2-user/data/topics/3740 62
川崎製鉄株式会社

@/home/ec2-user/data/topics/3532 63
@/home/ec2-user/data/topics/1037 63
@/home/ec2-user/data/topics/3413 64
@/home/ec2-user/data/topics/3483 65
@/home/ec2-user/data/topics/3553 66
@/home/ec2-user/data/topics/3929 67
@/home/ec2-user/data/topics/4615 68
@/home/ec2-user/data/topics/3611 69
@/home/ec2-user/data/topics/1459 70
ダイキン工業株式会社

@/home/ec2-user/data/topics/4734 71
@/home/ec2-user/data/topics/4400 71
@/home/ec2-user/data/topics/1565 72
@/home/ec2-user/data/topics/4701 73
@/home/ec2-user/data/topics/4858 74
@/home/ec2-user/data/topics/4845 75
@/home/ec2-user/data/topics/4753 76
@/home/ec2-user/data/topics/3888 77
@/home/ec2-user/data/topics/1600 78
@/home/ec2-user/data/topics/4367 79
@/home/ec2-user/data/topics/4515 80
三菱自動車工業株式会社

@/home/ec2-user/data/topics/1816 81
@/home/ec2-user/data/topics/1527 81
@/home/ec2-user/data/topics/3940 82
@/home/ec2-user/data/topics/3502 83
@/home/ec2-user/data/topics/2101 84
@/home/ec2-user/data/topics/4189 85
@/home/ec2-user/data/topics/3815 86
@/home/ec2-user/data/topics/1428 87
日産自動車株式会社

@/home/ec2-user/data/topics/3712 88
@/home/ec2-user/data/topics/4074 88
@/home/ec2-user/data/topics/3723 89
@/home/ec2-user/data/topics/3829 90
@/home/ec2-user/data/topics/3501 91
@/home/ec2-user/data/topics/4982 92
@/home/ec2-user/data/topics/3489 93
@/home/ec2-user/data/topics/3677 94
@/home/ec2-user/data/topics/3645 95
@/home/ec2-user/data/topics/3497 96
@/home/ec2-user/data/topics/3936 97
トヨタ自動車株式会社

@/home/ec2-user/data/topics/2111 98
@/home/ec2-user/data/topics/3943 98
@/home/ec2-user/data/topics/4920 99
@/home/ec2-user/data/topics/4346 100
@/home/ec2-user/data/topics/3671 101
@/home/ec2-user/data/topics/4633 102
@/home/ec2-user/data/topics/3587 103
@/home/ec2-user/data/topics/4144 104
@/home/ec2-user/data/topics/3699 105
@/home/ec2-user/data/topics/4543 106
@/home/ec2-user/data/topics/3731 107
@/home/ec2-user/data/topics/4008 108
@/home/ec2-user/data/topics/4064 109
@/home/ec2-user/data/topics/3758 110
@/home/ec2-user/data/topics/1551 111
@/home/ec2-user/data/topics/1494 112
@/home/ec2-user/data/topics/3481 113
@/home/ec2-user/data/topics/4658 114
@/home/ec2-user/data/topics/4030 115
@/home/ec2-user/data/topics/3725 116
@/home/ec2-user/data/topics/4617 117
@/home/ec2-user/data/topics/4767 118
@/home/ec2-user/data/topics/3405 119
@/home/ec2-user/data/topics/4298 120
@/home/ec2-user/data/topics/3356 121
@/home/ec2-user/data/topics/4426 122
@/home/ec2-user/data/topics/2218 123
@/home/ec2-user/data/topics/4647 124
@/home/ec2-user/data/topics/3783 125
オリンパス光学工業株式会社

@/home/ec2-user/data/topics/2026 126
@/home/ec2-user/data/topics/1107 126
@/home/ec2-user/data/topics/1739 127
@/home/ec2-user/data/topics/5006 128
@/home/ec2-user/data/topics/1869 129
@/home/ec2-user/data/topics/1586 130
@/home/ec2-user/data/topics/4007 131
@/home/ec2-user/data/topics/1981 132
@/home/ec2-user/data/topics/4878 133
@/home/ec2-user/data/topics/4013 134
@/home/ec2-user/data/topics/1835 135
@/home/ec2-user/data/topics/1155 136
ブラザー工業株式会社

@/home/ec2-user/data/topics/1300 137
@/home/ec2-user/data/topics/1906 137
@/home/ec2-user/data/topics/1183 138
@/home/ec2-user/data/topics/3477 139
@/home/ec2-user/data/topics/3686 140
@/home/ec2-user/data/topics/1164 141
@/home/ec2-user/data/topics/1076 142
@/home/ec2-user/data/topics/3507 143
@/home/ec2-user/data/topics/2085 144
@/home/ec2-user/data/topics/3613 145
@/home/ec2-user/data/topics/1636 146
@/home/ec2-user/data/topics/2086 147
@/home/ec2-user/data/topics/1697 148
@/home/ec2-user/data/topics/4548 149
@/home/ec2-user/data/topics/3789 150
富士通株式会社

@/home/ec2-user/data/topics/3399 151
@/home/ec2-user/data/topics/3846 151
@/home/ec2-user/data/topics/3538 152
@/home/ec2-user/data/topics/1264 153
@/home/ec2-user/data/topics/1609 154
@/home/ec2-user/data/topics/3749 155
@/home/ec2-user/data/topics/1271 156
@/home/ec2-user/data/topics/3912 157
@/home/ec2-user/data/topics/3751 158
@/home/ec2-user/data/topics/3799 159
@/home/ec2-user/data/topics/1547 160
@/home/ec2-user/data/topics/3962 161
@/home/ec2-user/data/topics/2216 162
@/home/ec2-user/data/topics/3460 163
@/home/ec2-user/data/topics/3802 164
@/home/ec2-user/data/topics/3636 165
@/home/ec2-user/data/topics/3883 166
@/home/ec2-user/data/topics/4191 167
@/home/ec2-user/data/topics/3870 168
@/home/ec2-user/data/topics/5004 169
@/home/ec2-user/data/topics/3862 170
@/home/ec2-user/data/topics/3850 171
@/home/ec2-user/data/topics/1874 172
@/home/ec2-user/data/topics/1123 173
@/home/ec2-user/data/topics/2227 174
@/home/ec2-user/data/topics/3970 175
@/home/ec2-user/data/topics/3400 176
@/home/ec2-user/data/topics/1998 177
@/home/ec2-user/data/topics/3765 178
@/home/ec2-user/data/topics/2215 179
@/home/ec2-user/data/topics/3381 180
@/home/ec2-user/data/topics/3428 181
静岡日本電気株式会社

@/home/ec2-user/data/topics/4314 182
@/home/ec2-user/data/topics/4326 182
@/home/ec2-user/data/topics/4365 183
@/home/ec2-user/data/topics/4531 184
@/home/ec2-user/data/topics/4250 185
@/home/ec2-user/data/topics/4507 186
住友重機械工業株式会社

@/home/ec2-user/data/topics/1900 187
@/home/ec2-user/data/topics/2039 187
@/home/ec2-user/data/topics/1553 188
@/home/ec2-user/data/topics/3952 189
@/home/ec2-user/data/topics/3868 190
@/home/ec2-user/data/topics/1373 191
@/home/ec2-user/data/topics/1019 192
@/home/ec2-user/data/topics/1505 193
@/home/ec2-user/data/topics/4854 194
大日本印刷株式会社

@/home/ec2-user/data/topics/1262 195
@/home/ec2-user/data/topics/3388 195
@/home/ec2-user/data/topics/1099 196
@/home/ec2-user/data/topics/1145 197
@/home/ec2-user/data/topics/3569 198
@/home/ec2-user/data/topics/1564 199
日本電気株式会社

@/home/ec2-user/data/topics/4309 200
@/home/ec2-user/data/topics/1052 200
@/home/ec2-user/data/topics/4120 201
@/home/ec2-user/data/topics/4646 202
@/home/ec2-user/data/topics/4657 203
@/home/ec2-user/data/topics/3767 204
@/home/ec2-user/data/topics/4634 205
@/home/ec2-user/data/topics/4388 206
@/home/ec2-user/data/topics/3956 207
@/home/ec2-user/data/topics/4530 208
@/home/ec2-user/data/topics/4458 209
@/home/ec2-user/data/topics/3938 210
@/home/ec2-user/data/topics/4876 211
@/home/ec2-user/data/topics/4434 212
@/home/ec2-user/data/topics/4273 213
@/home/ec2-user/data/topics/4275 214
@/home/ec2-user/data/topics/4276 215
@/home/ec2-user/data/topics/4549 216
@/home/ec2-user/data/topics/4129 217
@/home/ec2-user/data/topics/4850 218
@/home/ec2-user/data/topics/3766 219
@/home/ec2-user/data/topics/3875 220
@/home/ec2-user/data/topics/4128 221
@/home/ec2-user/data/topics/1500 222
@/home/ec2-user/data/topics/4153 223
@/home/ec2-user/data/topics/4017 224
@/home/ec2-user/data/topics/4532 225
@/home/ec2-user/data/topics/4485 226
@/home/ec2-user/data/topics/4119 227
@/home/ec2-user/data/topics/4359 228
@/home/ec2-user/data/topics/1634 229
@/home/ec2-user/data/topics/1199 230
@/home/ec2-user/data/topics/4742 231
@/home/ec2-user/data/topics/4536 232
@/home/ec2-user/data/topics/4721 233
@/home/ec2-user/data/topics/1100 234
@/home/ec2-user/data/topics/4158 235
@/home/ec2-user/data/topics/4440 236
@/home/ec2-user/data/topics/4578 237
@/home/ec2-user/data/topics/4204 238
@/home/ec2-user/data/topics/4257 239
@/home/ec2-user/data/topics/4785 240
@/home/ec2-user/data/topics/1464 241
@/home/ec2-user/data/topics/1567 242
@/home/ec2-user/data/topics/4398 243
@/home/ec2-user/data/topics/4490 244
@/home/ec2-user/data/topics/4460 245
@/home/ec2-user/data/topics/4940 246
@/home/ec2-user/data/topics/4609 247
@/home/ec2-user/data/topics/3729 248
@/home/ec2-user/data/topics/3724 249
@/home/ec2-user/data/topics/4902 250
@/home/ec2-user/data/topics/4258 251
@/home/ec2-user/data/topics/4650 252
@/home/ec2-user/data/topics/4137 253
@/home/ec2-user/data/topics/4196 254
@/home/ec2-user/data/topics/4760 255
@/home/ec2-user/data/topics/1326 256
@/home/ec2-user/data/topics/4442 257
@/home/ec2-user/data/topics/4425 258
@/home/ec2-user/data/topics/4433 259
@/home/ec2-user/data/topics/4533 260
@/home/ec2-user/data/topics/4477 261
@/home/ec2-user/data/topics/4480 262
@/home/ec2-user/data/topics/4561 263
@/home/ec2-user/data/topics/4343 264
@/home/ec2-user/data/topics/4725 265
@/home/ec2-user/data/topics/4134 266
@/home/ec2-user/data/topics/1523 267
@/home/ec2-user/data/topics/4154 268
@/home/ec2-user/data/topics/4718 269
@/home/ec2-user/data/topics/4171 270
@/home/ec2-user/data/topics/4390 271
@/home/ec2-user/data/topics/4728 272
@/home/ec2-user/data/topics/4389 273
@/home/ec2-user/data/topics/4603 274
@/home/ec2-user/data/topics/1383 275
@/home/ec2-user/data/topics/4260 276
@/home/ec2-user/data/topics/3954 277
@/home/ec2-user/data/topics/4209 278
@/home/ec2-user/data/topics/4651 279
@/home/ec2-user/data/topics/4063 280
@/home/ec2-user/data/topics/4310 281
@/home/ec2-user/data/topics/4315 282
@/home/ec2-user/data/topics/4393 283
@/home/ec2-user/data/topics/4816 284
@/home/ec2-user/data/topics/4300 285
@/home/ec2-user/data/topics/4352 286
@/home/ec2-user/data/topics/4666 287
@/home/ec2-user/data/topics/4240 288
@/home/ec2-user/data/topics/4414 289
@/home/ec2-user/data/topics/4272 290
@/home/ec2-user/data/topics/1112 291
@/home/ec2-user/data/topics/4613 292
@/home/ec2-user/data/topics/4892 293
@/home/ec2-user/data/topics/4764 294
@/home/ec2-user/data/topics/4429 295
@/home/ec2-user/data/topics/1116 296
@/home/ec2-user/data/topics/4926 297
@/home/ec2-user/data/topics/1867 298
@/home/ec2-user/data/topics/4207 299
@/home/ec2-user/data/topics/2119 300
@/home/ec2-user/data/topics/4162 301
@/home/ec2-user/data/topics/4246 302
@/home/ec2-user/data/topics/1815 303
@/home/ec2-user/data/topics/2144 304
@/home/ec2-user/data/topics/1724 305
@/home/ec2-user/data/topics/4186 306
@/home/ec2-user/data/topics/4168 307
@/home/ec2-user/data/topics/4247 308
@/home/ec2-user/data/topics/4486 309
@/home/ec2-user/data/topics/4082 310
@/home/ec2-user/data/topics/2022 311
@/home/ec2-user/data/topics/1122 312
@/home/ec2-user/data/topics/1879 313
@/home/ec2-user/data/topics/4288 314
@/home/ec2-user/data/topics/1101 315
@/home/ec2-user/data/topics/4699 316
@/home/ec2-user/data/topics/4100 317
@/home/ec2-user/data/topics/1948 318
@/home/ec2-user/data/topics/4877 319
@/home/ec2-user/data/topics/4093 320
@/home/ec2-user/data/topics/4371 321
@/home/ec2-user/data/topics/5034 322
@/home/ec2-user/data/topics/1661 323
@/home/ec2-user/data/topics/1557 324
@/home/ec2-user/data/topics/1624 325
@/home/ec2-user/data/topics/1973 326
@/home/ec2-user/data/topics/4497 327
@/home/ec2-user/data/topics/4775 328
@/home/ec2-user/data/topics/2127 329
@/home/ec2-user/data/topics/3896 330
@/home/ec2-user/data/topics/1783 331
@/home/ec2-user/data/topics/4447 332
@/home/ec2-user/data/topics/4243 333
@/home/ec2-user/data/topics/4838 334
@/home/ec2-user/data/topics/1791 335
@/home/ec2-user/data/topics/4238 336
@/home/ec2-user/data/topics/4446 337
@/home/ec2-user/data/topics/1764 338
@/home/ec2-user/data/topics/4708 339
@/home/ec2-user/data/topics/3886 340
@/home/ec2-user/data/topics/1486 341
@/home/ec2-user/data/topics/2041 342
@/home/ec2-user/data/topics/1923 343
@/home/ec2-user/data/topics/4808 344
@/home/ec2-user/data/topics/4643 345
@/home/ec2-user/data/topics/4116 346
@/home/ec2-user/data/topics/1852 347
@/home/ec2-user/data/topics/4216 348
@/home/ec2-user/data/topics/4342 349
@/home/ec2-user/data/topics/4313 350
@/home/ec2-user/data/topics/1710 351
@/home/ec2-user/data/topics/1364 352
@/home/ec2-user/data/topics/4418 353
@/home/ec2-user/data/topics/4244 354
@/home/ec2-user/data/topics/4062 355
@/home/ec2-user/data/topics/1612 356
@/home/ec2-user/data/topics/1362 357
@/home/ec2-user/data/topics/4750 358
@/home/ec2-user/data/topics/3897 359
@/home/ec2-user/data/topics/4092 360
@/home/ec2-user/data/topics/4227 361
@/home/ec2-user/data/topics/4749 362
@/home/ec2-user/data/topics/3744 363
@/home/ec2-user/data/topics/1891 364
@/home/ec2-user/data/topics/2031 365
@/home/ec2-user/data/topics/4779 366
@/home/ec2-user/data/topics/4598 367
@/home/ec2-user/data/topics/4071 368
@/home/ec2-user/data/topics/3971 369
@/home/ec2-user/data/topics/4236 370
@/home/ec2-user/data/topics/4267 371
@/home/ec2-user/data/topics/1078 372
@/home/ec2-user/data/topics/4003 373
@/home/ec2-user/data/topics/4644 374
@/home/ec2-user/data/topics/4404 375
@/home/ec2-user/data/topics/4281 376
@/home/ec2-user/data/topics/4682 377
@/home/ec2-user/data/topics/4759 378
@/home/ec2-user/data/topics/1360 379
@/home/ec2-user/data/topics/2166 380
@/home/ec2-user/data/topics/4318 381
@/home/ec2-user/data/topics/3995 382
@/home/ec2-user/data/topics/4254 383
@/home/ec2-user/data/topics/4360 384
@/home/ec2-user/data/topics/4081 385
@/home/ec2-user/data/topics/4319 386
@/home/ec2-user/data/topics/4185 387
@/home/ec2-user/data/topics/1595 388
@/home/ec2-user/data/topics/1928 389
@/home/ec2-user/data/topics/1457 390
@/home/ec2-user/data/topics/4427 391
@/home/ec2-user/data/topics/1281 392
@/home/ec2-user/data/topics/4138 393
@/home/ec2-user/data/topics/4097 394
@/home/ec2-user/data/topics/1016 395
@/home/ec2-user/data/topics/4659 396
@/home/ec2-user/data/topics/4824 397
@/home/ec2-user/data/topics/1044 398
@/home/ec2-user/data/topics/4626 399
@/home/ec2-user/data/topics/4192 400
@/home/ec2-user/data/topics/4689 401
@/home/ec2-user/data/topics/4770 402
@/home/ec2-user/data/topics/2150 403
@/home/ec2-user/data/topics/1844 404
@/home/ec2-user/data/topics/4665 405
@/home/ec2-user/data/topics/1773 406
@/home/ec2-user/data/topics/4537 407
@/home/ec2-user/data/topics/2088 408
@/home/ec2-user/data/topics/1937 409
@/home/ec2-user/data/topics/4696 410
@/home/ec2-user/data/topics/4338 411
@/home/ec2-user/data/topics/4142 412
@/home/ec2-user/data/topics/4584 413
@/home/ec2-user/data/topics/3853 414
@/home/ec2-user/data/topics/4320 415
@/home/ec2-user/data/topics/4278 416
@/home/ec2-user/data/topics/4595 417
@/home/ec2-user/data/topics/3865 418
松下電器産業株式会社

@/home/ec2-user/data/topics/4355 419
@/home/ec2-user/data/topics/1252 419
@/home/ec2-user/data/topics/4215 420
@/home/ec2-user/data/topics/3739 421
@/home/ec2-user/data/topics/2129 422
@/home/ec2-user/data/topics/1477 423
@/home/ec2-user/data/topics/2056 424
@/home/ec2-user/data/topics/4274 425
@/home/ec2-user/data/topics/1706 426
@/home/ec2-user/data/topics/4502 427
@/home/ec2-user/data/topics/1516 428
@/home/ec2-user/data/topics/1525 429
@/home/ec2-user/data/topics/1635 430
@/home/ec2-user/data/topics/4394 431
@/home/ec2-user/data/topics/4098 432
@/home/ec2-user/data/topics/4264 433
@/home/ec2-user/data/topics/4229 434
@/home/ec2-user/data/topics/1179 435
@/home/ec2-user/data/topics/1955 436
@/home/ec2-user/data/topics/1829 437
@/home/ec2-user/data/topics/4475 438
@/home/ec2-user/data/topics/4817 439
@/home/ec2-user/data/topics/1158 440
@/home/ec2-user/data/topics/4464 441
@/home/ec2-user/data/topics/3510 442
@/home/ec2-user/data/topics/3619 443
@/home/ec2-user/data/topics/1701 444
@/home/ec2-user/data/topics/1257 445
@/home/ec2-user/data/topics/3721 446
@/home/ec2-user/data/topics/3514 447
@/home/ec2-user/data/topics/4303 448
@/home/ec2-user/data/topics/4126 449
@/home/ec2-user/data/topics/4180 450
@/home/ec2-user/data/topics/4936 451
@/home/ec2-user/data/topics/1026 452
@/home/ec2-user/data/topics/4448 453
@/home/ec2-user/data/topics/4676 454
@/home/ec2-user/data/topics/4917 455
@/home/ec2-user/data/topics/3519 456
@/home/ec2-user/data/topics/3692 457
@/home/ec2-user/data/topics/1339 458
@/home/ec2-user/data/topics/4501 459
@/home/ec2-user/data/topics/4918 460
@/home/ec2-user/data/topics/1898 461
@/home/ec2-user/data/topics/4422 462
@/home/ec2-user/data/topics/4797 463
@/home/ec2-user/data/topics/4754 464
@/home/ec2-user/data/topics/3585 465
@/home/ec2-user/data/topics/1748 466
@/home/ec2-user/data/topics/1157 467
@/home/ec2-user/data/topics/3694 468
@/home/ec2-user/data/topics/3658 469
@/home/ec2-user/data/topics/4000 470
@/home/ec2-user/data/topics/1540 471
@/home/ec2-user/data/topics/3979 472
@/home/ec2-user/data/topics/2029 473
@/home/ec2-user/data/topics/1885 474
@/home/ec2-user/data/topics/4599 475
@/home/ec2-user/data/topics/4382 476
@/home/ec2-user/data/topics/4459 477
@/home/ec2-user/data/topics/3960 478
@/home/ec2-user/data/topics/1881 479
@/home/ec2-user/data/topics/4707 480
@/home/ec2-user/data/topics/4798 481
@/home/ec2-user/data/topics/2080 482
@/home/ec2-user/data/topics/1762 483
@/home/ec2-user/data/topics/1136 484
@/home/ec2-user/data/topics/4193 485
@/home/ec2-user/data/topics/4804 486
@/home/ec2-user/data/topics/3680 487
@/home/ec2-user/data/topics/4307 488
@/home/ec2-user/data/topics/4625 489
@/home/ec2-user/data/topics/4101 490
@/home/ec2-user/data/topics/3386 491
@/home/ec2-user/data/topics/4102 492
@/home/ec2-user/data/topics/4867 493
@/home/ec2-user/data/topics/3719 494
@/home/ec2-user/data/topics/4139 495
@/home/ec2-user/data/topics/1812 496
@/home/ec2-user/data/topics/3455 497
@/home/ec2-user/data/topics/5024 498
@/home/ec2-user/data/topics/2222 499
@/home/ec2-user/data/topics/3404 500
@/home/ec2-user/data/topics/4043 501
@/home/ec2-user/data/topics/3847 502
@/home/ec2-user/data/topics/4761 503
@/home/ec2-user/data/topics/4160 504
@/home/ec2-user/data/topics/1589 505
@/home/ec2-user/data/topics/3746 506
@/home/ec2-user/data/topics/1633 507
@/home/ec2-user/data/topics/3676 508
@/home/ec2-user/data/topics/4157 509
@/home/ec2-user/data/topics/2156 510
@/home/ec2-user/data/topics/2170 511
@/home/ec2-user/data/topics/4577 512
@/home/ec2-user/data/topics/3920 513
@/home/ec2-user/data/topics/1509 514
@/home/ec2-user/data/topics/4961 515
@/home/ec2-user/data/topics/4586 516
@/home/ec2-user/data/topics/4574 517
@/home/ec2-user/data/topics/1070 518
@/home/ec2-user/data/topics/3904 519
@/home/ec2-user/data/topics/3558 520
@/home/ec2-user/data/topics/4968 521
@/home/ec2-user/data/topics/4885 522
@/home/ec2-user/data/topics/4787 523
@/home/ec2-user/data/topics/3402 524
@/home/ec2-user/data/topics/4667 525
@/home/ec2-user/data/topics/4491 526
@/home/ec2-user/data/topics/4945 527
@/home/ec2-user/data/topics/4503 528
@/home/ec2-user/data/topics/3704 529
@/home/ec2-user/data/topics/3807 530
@/home/ec2-user/data/topics/3494 531
@/home/ec2-user/data/topics/4159 532
@/home/ec2-user/data/topics/4806 533
@/home/ec2-user/data/topics/4558 534
@/home/ec2-user/data/topics/1705 535
@/home/ec2-user/data/topics/3951 536
@/home/ec2-user/data/topics/3761 537
@/home/ec2-user/data/topics/5028 538
@/home/ec2-user/data/topics/4280 539
@/home/ec2-user/data/topics/4385 540
セイコーインスツルメンツ株式会社

@/home/ec2-user/data/topics/4203 541
@/home/ec2-user/data/topics/3825 541
@/home/ec2-user/data/topics/4036 542
@/home/ec2-user/data/topics/4151 543
@/home/ec2-user/data/topics/1707 544
@/home/ec2-user/data/topics/3626 545
@/home/ec2-user/data/topics/4190 546
@/home/ec2-user/data/topics/4997 547
@/home/ec2-user/data/topics/4088 548
ミノルタ株式会社

@/home/ec2-user/data/topics/4970 549
@/home/ec2-user/data/topics/4951 549
@/home/ec2-user/data/topics/1152 550
@/home/ec2-user/data/topics/4971 551
@/home/ec2-user/data/topics/2190 552
@/home/ec2-user/data/topics/3810 553
@/home/ec2-user/data/topics/3545 554
@/home/ec2-user/data/topics/4321 555
@/home/ec2-user/data/topics/4986 556
@/home/ec2-user/data/topics/4984 557
@/home/ec2-user/data/topics/4977 558
@/home/ec2-user/data/topics/3584 559
株式会社リコー

@/home/ec2-user/data/topics/1691 560
@/home/ec2-user/data/topics/1806 560
@/home/ec2-user/data/topics/4344 561
@/home/ec2-user/data/topics/3424 562
@/home/ec2-user/data/topics/2006 563
@/home/ec2-user/data/topics/3530 564
@/home/ec2-user/data/topics/3750 565
@/home/ec2-user/data/topics/3548 566
@/home/ec2-user/data/topics/1627 567
@/home/ec2-user/data/topics/1740 568
@/home/ec2-user/data/topics/2201 569
@/home/ec2-user/data/topics/3378 570
@/home/ec2-user/data/topics/3484 571
@/home/ec2-user/data/topics/1878 572
@/home/ec2-user/data/topics/3669 573
@/home/ec2-user/data/topics/3557 574
@/home/ec2-user/data/topics/3474 575
@/home/ec2-user/data/topics/1670 576
@/home/ec2-user/data/topics/1718 577
@/home/ec2-user/data/topics/1190 578
@/home/ec2-user/data/topics/2189 579
@/home/ec2-user/data/topics/4265 580
@/home/ec2-user/data/topics/1514 581
@/home/ec2-user/data/topics/1478 582
@/home/ec2-user/data/topics/4616 583
@/home/ec2-user/data/topics/4037 584
@/home/ec2-user/data/topics/3837 585
@/home/ec2-user/data/topics/3436 586
@/home/ec2-user/data/topics/1774 587
@/home/ec2-user/data/topics/1593 588
@/home/ec2-user/data/topics/3574 589
@/home/ec2-user/data/topics/3555 590
@/home/ec2-user/data/topics/1776 591
@/home/ec2-user/data/topics/3759 592
@/home/ec2-user/data/topics/1436 593
@/home/ec2-user/data/topics/1974 594
@/home/ec2-user/data/topics/3411 595
@/home/ec2-user/data/topics/1282 596
@/home/ec2-user/data/topics/1064 597
@/home/ec2-user/data/topics/1482 598
@/home/ec2-user/data/topics/3775 599
@/home/ec2-user/data/topics/3394 600
@/home/ec2-user/data/topics/2090 601
@/home/ec2-user/data/topics/1610 602
@/home/ec2-user/data/topics/1976 603
@/home/ec2-user/data/topics/3472 604
@/home/ec2-user/data/topics/2043 605
@/home/ec2-user/data/topics/3711 606
@/home/ec2-user/data/topics/4879 607
@/home/ec2-user/data/topics/1095 608
@/home/ec2-user/data/topics/2219 609
@/home/ec2-user/data/topics/1775 610
@/home/ec2-user/data/topics/1780 611
@/home/ec2-user/data/topics/2200 612
@/home/ec2-user/data/topics/3687 613
@/home/ec2-user/data/topics/3523 614
@/home/ec2-user/data/topics/2182 615
@/home/ec2-user/data/topics/4781 616
@/home/ec2-user/data/topics/3495 617
@/home/ec2-user/data/topics/3446 618
@/home/ec2-user/data/topics/1433 619
@/home/ec2-user/data/topics/1083 620
@/home/ec2-user/data/topics/1225 621
@/home/ec2-user/data/topics/3713 622
@/home/ec2-user/data/topics/1755 623
@/home/ec2-user/data/topics/3880 624
@/home/ec2-user/data/topics/3633 625
@/home/ec2-user/data/topics/1663 626
@/home/ec2-user/data/topics/1668 627
@/home/ec2-user/data/topics/1669 628
@/home/ec2-user/data/topics/1106 629
独立行政法人産業技術総合研究所

@/home/ec2-user/data/topics/4869 630
@/home/ec2-user/data/topics/1356 630
@/home/ec2-user/data/topics/4740 631
@/home/ec2-user/data/topics/4739 632
@/home/ec2-user/data/topics/4777 633
@/home/ec2-user/data/topics/4800 634
ソニー株式会社

@/home/ec2-user/data/topics/1147 635
@/home/ec2-user/data/topics/3872 635
@/home/ec2-user/data/topics/1912 636
@/home/ec2-user/data/topics/1926 637
@/home/ec2-user/data/topics/1380 638
@/home/ec2-user/data/topics/1686 639
@/home/ec2-user/data/topics/1426 640
@/home/ec2-user/data/topics/4224 641
@/home/ec2-user/data/topics/1778 642
@/home/ec2-user/data/topics/1491 643
@/home/ec2-user/data/topics/1749 644
@/home/ec2-user/data/topics/2094 645
@/home/ec2-user/data/topics/1414 646
@/home/ec2-user/data/topics/1602 647
@/home/ec2-user/data/topics/3924 648
@/home/ec2-user/data/topics/2059 649
@/home/ec2-user/data/topics/2048 650
@/home/ec2-user/data/topics/3456 651
@/home/ec2-user/data/topics/2052 652
@/home/ec2-user/data/topics/5027 653
@/home/ec2-user/data/topics/1471 654
@/home/ec2-user/data/topics/1218 655
@/home/ec2-user/data/topics/1836 656
@/home/ec2-user/data/topics/1397 657
@/home/ec2-user/data/topics/1059 658
@/home/ec2-user/data/topics/1679 659
@/home/ec2-user/data/topics/2037 660
@/home/ec2-user/data/topics/1298 661
@/home/ec2-user/data/topics/1884 662
@/home/ec2-user/data/topics/4184 663
@/home/ec2-user/data/topics/2058 664
@/home/ec2-user/data/topics/4351 665
@/home/ec2-user/data/topics/1873 666
@/home/ec2-user/data/topics/1954 667
@/home/ec2-user/data/topics/1102 668
@/home/ec2-user/data/topics/1233 669
@/home/ec2-user/data/topics/3975 670
@/home/ec2-user/data/topics/1291 671
@/home/ec2-user/data/topics/3392 672
@/home/ec2-user/data/topics/3955 673
@/home/ec2-user/data/topics/1435 674
@/home/ec2-user/data/topics/3401 675
@/home/ec2-user/data/topics/1967 676
@/home/ec2-user/data/topics/1892 677
@/home/ec2-user/data/topics/2105 678
@/home/ec2-user/data/topics/4219 679
@/home/ec2-user/data/topics/2075 680
富士ゼロックス株式会社

@/home/ec2-user/data/topics/3473 681
@/home/ec2-user/data/topics/1947 681
@/home/ec2-user/data/topics/3782 682
@/home/ec2-user/data/topics/4108 683
@/home/ec2-user/data/topics/3661 684
@/home/ec2-user/data/topics/3564 685
@/home/ec2-user/data/topics/3383 686
@/home/ec2-user/data/topics/3366 687
@/home/ec2-user/data/topics/3662 688
@/home/ec2-user/data/topics/5031 689
@/home/ec2-user/data/topics/1560 690
@/home/ec2-user/data/topics/3640 691
@/home/ec2-user/data/topics/3695 692
@/home/ec2-user/data/topics/3407 693
@/home/ec2-user/data/topics/3790 694
住友金属工業株式会社

@/home/ec2-user/data/topics/1268 695
@/home/ec2-user/data/topics/4534 695
@/home/ec2-user/data/topics/3826 696
@/home/ec2-user/data/topics/4322 697
@/home/ec2-user/data/topics/3655 698
@/home/ec2-user/data/topics/4991 699
@/home/ec2-user/data/topics/4295 700
@/home/ec2-user/data/topics/4021 701
@/home/ec2-user/data/topics/4661 702
@/home/ec2-user/data/topics/4733 703
@/home/ec2-user/data/topics/4182 704
@/home/ec2-user/data/topics/3577 705
日立電線株式会社

@/home/ec2-user/data/topics/1117 706
@/home/ec2-user/data/topics/1305 706
@/home/ec2-user/data/topics/4357 707
@/home/ec2-user/data/topics/1027 708
@/home/ec2-user/data/topics/4356 709
@/home/ec2-user/data/topics/3930 710
@/home/ec2-user/data/topics/1388 711
@/home/ec2-user/data/topics/3756 712
@/home/ec2-user/data/topics/4329 713
キヤノン株式会社

@/home/ec2-user/data/topics/4054 714
@/home/ec2-user/data/topics/2107 714
@/home/ec2-user/data/topics/3996 715
@/home/ec2-user/data/topics/3730 716
@/home/ec2-user/data/topics/1790 717
@/home/ec2-user/data/topics/2145 718
@/home/ec2-user/data/topics/1961 719
@/home/ec2-user/data/topics/1568 720
@/home/ec2-user/data/topics/1847 721
@/home/ec2-user/data/topics/3642 722
@/home/ec2-user/data/topics/1895 723
@/home/ec2-user/data/topics/4350 724
@/home/ec2-user/data/topics/1590 725
@/home/ec2-user/data/topics/3755 726
@/home/ec2-user/data/topics/4020 727
@/home/ec2-user/data/topics/3656 728
@/home/ec2-user/data/topics/3376 729
@/home/ec2-user/data/topics/3374 730
@/home/ec2-user/data/topics/1513 731
@/home/ec2-user/data/topics/3720 732
@/home/ec2-user/data/topics/4521 733
@/home/ec2-user/data/topics/1118 734
@/home/ec2-user/data/topics/3722 735
@/home/ec2-user/data/topics/3417 736
@/home/ec2-user/data/topics/1228 737
@/home/ec2-user/data/topics/2243 738
@/home/ec2-user/data/topics/3438 739
@/home/ec2-user/data/topics/1975 740
@/home/ec2-user/data/topics/3628 741
@/home/ec2-user/data/topics/2231 742
@/home/ec2-user/data/topics/3737 743
@/home/ec2-user/data/topics/4628 744
@/home/ec2-user/data/topics/3430 745
@/home/ec2-user/data/topics/2004 746
@/home/ec2-user/data/topics/4947 747
@/home/ec2-user/data/topics/1744 748
@/home/ec2-user/data/topics/3420 749
@/home/ec2-user/data/topics/1539 750
@/home/ec2-user/data/topics/1889 751
@/home/ec2-user/data/topics/3441 752
@/home/ec2-user/data/topics/1216 753
@/home/ec2-user/data/topics/3852 754
@/home/ec2-user/data/topics/4068 755
@/home/ec2-user/data/topics/4520 756
@/home/ec2-user/data/topics/1848 757
@/home/ec2-user/data/topics/1745 758
@/home/ec2-user/data/topics/1438 759
@/home/ec2-user/data/topics/1208 760
@/home/ec2-user/data/topics/4937 761
@/home/ec2-user/data/topics/2053 762
@/home/ec2-user/data/topics/3415 763
@/home/ec2-user/data/topics/3843 764
@/home/ec2-user/data/topics/3967 765
@/home/ec2-user/data/topics/1631 766
@/home/ec2-user/data/topics/3434 767
@/home/ec2-user/data/topics/1519 768
@/home/ec2-user/data/topics/3660 769
@/home/ec2-user/data/topics/3416 770
@/home/ec2-user/data/topics/1866 771
@/home/ec2-user/data/topics/3445 772
@/home/ec2-user/data/topics/4363 773
@/home/ec2-user/data/topics/4610 774
@/home/ec2-user/data/topics/2117 775
@/home/ec2-user/data/topics/3410 776
@/home/ec2-user/data/topics/1080 777
@/home/ec2-user/data/topics/1455 778
@/home/ec2-user/data/topics/3958 779
@/home/ec2-user/data/topics/1124 780
@/home/ec2-user/data/topics/1802 781
@/home/ec2-user/data/topics/3454 782
@/home/ec2-user/data/topics/3949 783
@/home/ec2-user/data/topics/4948 784
@/home/ec2-user/data/topics/1646 785
三洋電機株式会社

@/home/ec2-user/data/topics/1321 786
@/home/ec2-user/data/topics/2063 786
@/home/ec2-user/data/topics/4099 787
@/home/ec2-user/data/topics/4328 788
@/home/ec2-user/data/topics/3492 789
@/home/ec2-user/data/topics/4178 790
@/home/ec2-user/data/topics/4376 791
@/home/ec2-user/data/topics/4060 792
@/home/ec2-user/data/topics/4212 793
@/home/ec2-user/data/topics/3398 794
@/home/ec2-user/data/topics/3845 795
@/home/ec2-user/data/topics/4978 796
@/home/ec2-user/data/topics/1479 797
@/home/ec2-user/data/topics/4474 798
@/home/ec2-user/data/topics/4150 799
@/home/ec2-user/data/topics/4983 800
@/home/ec2-user/data/topics/3403 801
@/home/ec2-user/data/topics/1653 802
@/home/ec2-user/data/topics/4837 803
@/home/ec2-user/data/topics/4179 804
@/home/ec2-user/data/topics/4015 805
@/home/ec2-user/data/topics/3808 806
@/home/ec2-user/data/topics/4654 807
@/home/ec2-user/data/topics/4001 808
@/home/ec2-user/data/topics/1671 809
@/home/ec2-user/data/topics/4612 810
@/home/ec2-user/data/topics/1246 811
@/home/ec2-user/data/topics/3681 812
@/home/ec2-user/data/topics/2098 813
@/home/ec2-user/data/topics/3491 814
@/home/ec2-user/data/topics/4061 815
@/home/ec2-user/data/topics/3926 816
@/home/ec2-user/data/topics/3953 817
@/home/ec2-user/data/topics/3754 818
@/home/ec2-user/data/topics/4571 819
@/home/ec2-user/data/topics/1451 820
@/home/ec2-user/data/topics/4604 821
@/home/ec2-user/data/topics/4960 822
@/home/ec2-user/data/topics/3830 823
@/home/ec2-user/data/topics/3859 824
@/home/ec2-user/data/topics/4726 825
@/home/ec2-user/data/topics/3781 826
@/home/ec2-user/data/topics/1163 827
@/home/ec2-user/data/topics/4301 828
@/home/ec2-user/data/topics/4788 829
@/home/ec2-user/data/topics/5002 830
@/home/ec2-user/data/topics/1079 831
@/home/ec2-user/data/topics/1386 832
@/home/ec2-user/data/topics/3906 833
@/home/ec2-user/data/topics/4492 834
@/home/ec2-user/data/topics/1488 835
@/home/ec2-user/data/topics/1722 836
@/home/ec2-user/data/topics/5011 837
@/home/ec2-user/data/topics/3625 838
@/home/ec2-user/data/topics/1515 839
@/home/ec2-user/data/topics/4066 840
@/home/ec2-user/data/topics/4039 841
@/home/ec2-user/data/topics/1980 842
@/home/ec2-user/data/topics/2194 843
@/home/ec2-user/data/topics/2230 844
@/home/ec2-user/data/topics/3708 845
@/home/ec2-user/data/topics/4304 846
@/home/ec2-user/data/topics/3804 847
@/home/ec2-user/data/topics/3889 848
@/home/ec2-user/data/topics/2014 849
@/home/ec2-user/data/topics/4679 850
@/home/ec2-user/data/topics/4384 851
@/home/ec2-user/data/topics/4763 852
@/home/ec2-user/data/topics/1289 853
@/home/ec2-user/data/topics/2054 854
@/home/ec2-user/data/topics/3817 855
@/home/ec2-user/data/topics/3986 856
@/home/ec2-user/data/topics/3581 857
@/home/ec2-user/data/topics/3974 858
@/home/ec2-user/data/topics/2071 859
@/home/ec2-user/data/topics/3539 860
@/home/ec2-user/data/topics/4720 861
@/home/ec2-user/data/topics/1652 862
@/home/ec2-user/data/topics/4527 863
三菱電機株式会社

@/home/ec2-user/data/topics/4181 864
@/home/ec2-user/data/topics/4552 864
@/home/ec2-user/data/topics/4235 865
@/home/ec2-user/data/topics/3397 866
@/home/ec2-user/data/topics/2146 867
@/home/ec2-user/data/topics/3616 868
@/home/ec2-user/data/topics/3841 869
@/home/ec2-user/data/topics/4514 870
@/home/ec2-user/data/topics/3774 871
@/home/ec2-user/data/topics/4614 872
@/home/ec2-user/data/topics/3921 873
@/home/ec2-user/data/topics/4305 874
@/home/ec2-user/data/topics/3747 875
@/home/ec2-user/data/topics/3506 876
@/home/ec2-user/data/topics/3820 877
@/home/ec2-user/data/topics/4562 878
@/home/ec2-user/data/topics/1110 879
@/home/ec2-user/data/topics/4419 880
@/home/ec2-user/data/topics/1792 881
@/home/ec2-user/data/topics/3873 882
@/home/ec2-user/data/topics/1872 883
@/home/ec2-user/data/topics/1738 884
@/home/ec2-user/data/topics/3493 885
@/home/ec2-user/data/topics/3451 886
@/home/ec2-user/data/topics/3409 887
@/home/ec2-user/data/topics/4518 888
@/home/ec2-user/data/topics/5033 889
@/home/ec2-user/data/topics/1754 890
@/home/ec2-user/data/topics/3490 891
@/home/ec2-user/data/topics/3412 892
@/home/ec2-user/data/topics/1220 893
@/home/ec2-user/data/topics/4221 894
@/home/ec2-user/data/topics/3592 895
@/home/ec2-user/data/topics/4282 896
@/home/ec2-user/data/topics/4133 897
@/home/ec2-user/data/topics/4220 898
@/home/ec2-user/data/topics/3856 899
@/home/ec2-user/data/topics/3469 900
@/home/ec2-user/data/topics/3666 901
@/home/ec2-user/data/topics/4663 902
@/home/ec2-user/data/topics/4149 903
@/home/ec2-user/data/topics/3612 904
@/home/ec2-user/data/topics/3466 905
@/home/ec2-user/data/topics/4233 906
@/home/ec2-user/data/topics/3453 907
@/home/ec2-user/data/topics/5032 908
@/home/ec2-user/data/topics/4041 909
@/home/ec2-user/data/topics/4880 910
@/home/ec2-user/data/topics/3800 911
@/home/ec2-user/data/topics/4980 912
@/home/ec2-user/data/topics/4834 913
@/home/ec2-user/data/topics/3963 914
@/home/ec2-user/data/topics/4076 915
@/home/ec2-user/data/topics/4047 916
@/home/ec2-user/data/topics/1536 917
@/home/ec2-user/data/topics/3465 918
@/home/ec2-user/data/topics/3609 919
@/home/ec2-user/data/topics/3595 920
住友ゴム工業株式会社

@/home/ec2-user/data/topics/4406 921
@/home/ec2-user/data/topics/4597 921
@/home/ec2-user/data/topics/4048 922
@/home/ec2-user/data/topics/2007 923
@/home/ec2-user/data/topics/1758 924
@/home/ec2-user/data/topics/4568 925
@/home/ec2-user/data/topics/1114 926
セイコーエプソン株式会社

@/home/ec2-user/data/topics/1484 927
@/home/ec2-user/data/topics/4454 927
@/home/ec2-user/data/topics/4605 928
@/home/ec2-user/data/topics/1423 929
@/home/ec2-user/data/topics/1378 930
@/home/ec2-user/data/topics/4719 931
@/home/ec2-user/data/topics/4585 932
@/home/ec2-user/data/topics/4386 933
@/home/ec2-user/data/topics/3887 934
@/home/ec2-user/data/topics/1938 935
@/home/ec2-user/data/topics/2165 936
@/home/ec2-user/data/topics/4802 937
@/home/ec2-user/data/topics/2078 938
@/home/ec2-user/data/topics/4801 939
@/home/ec2-user/data/topics/3361 940
@/home/ec2-user/data/topics/3910 941
@/home/ec2-user/data/topics/3589 942
@/home/ec2-user/data/topics/1641 943
@/home/ec2-user/data/topics/4022 944
@/home/ec2-user/data/topics/3819 945
@/home/ec2-user/data/topics/3476 946
@/home/ec2-user/data/topics/4109 947
@/home/ec2-user/data/topics/1890 948
@/home/ec2-user/data/topics/3985 949
@/home/ec2-user/data/topics/3505 950
@/home/ec2-user/data/topics/1343 951
株式会社三共

@/home/ec2-user/data/topics/2060 952
@/home/ec2-user/data/topics/4868 952
@/home/ec2-user/data/topics/1648 953
@/home/ec2-user/data/topics/1665 954
@/home/ec2-user/data/topics/1377 955
@/home/ec2-user/data/topics/4374 956
@/home/ec2-user/data/topics/2123 957
@/home/ec2-user/data/topics/1086 958
@/home/ec2-user/data/topics/1189 959
沖電気工業株式会社

@/home/ec2-user/data/topics/3764 960
@/home/ec2-user/data/topics/3964 960
@/home/ec2-user/data/topics/1188 961
@/home/ec2-user/data/topics/3395 962
@/home/ec2-user/data/topics/4299 963
@/home/ec2-user/data/topics/3621 964
@/home/ec2-user/data/topics/3571 965
@/home/ec2-user/data/topics/3457 966
@/home/ec2-user/data/topics/4308 967
@/home/ec2-user/data/topics/4575 968
@/home/ec2-user/data/topics/4693 969
@/home/ec2-user/data/topics/1531 970
@/home/ec2-user/data/topics/3433 971
@/home/ec2-user/data/topics/3690 972
株式会社三星

@/home/ec2-user/data/topics/1260 973
@/home/ec2-user/data/topics/1733 973
@/home/ec2-user/data/topics/3942 974
@/home/ec2-user/data/topics/1728 975
@/home/ec2-user/data/topics/2108 976
@/home/ec2-user/data/topics/2198 977
日本ビクター株式会社

@/home/ec2-user/data/topics/4123 978
@/home/ec2-user/data/topics/3603 978
@/home/ec2-user/data/topics/4056 979
@/home/ec2-user/data/topics/1823 980
@/home/ec2-user/data/topics/4672 981
@/home/ec2-user/data/topics/1440 982
@/home/ec2-user/data/topics/3939 983
@/home/ec2-user/data/topics/3620 984
@/home/ec2-user/data/topics/3882 985
@/home/ec2-user/data/topics/1520 986
@/home/ec2-user/data/topics/1389 987
花王株式会社

@/home/ec2-user/data/topics/1767 988
@/home/ec2-user/data/topics/3884 988
@/home/ec2-user/data/topics/1022 989
@/home/ec2-user/data/topics/4211 990
@/home/ec2-user/data/topics/4445 991
@/home/ec2-user/data/topics/3753 992
@/home/ec2-user/data/topics/2214 993
@/home/ec2-user/data/topics/1196 994
@/home/ec2-user/data/topics/4287 995
@/home/ec2-user/data/topics/4827 996
@/home/ec2-user/data/topics/4249 997
@/home/ec2-user/data/topics/3812 998
@/home/ec2-user/data/topics/3999 999
三田工業株式会社

@/home/ec2-user/data/topics/3842 1000
@/home/ec2-user/data/topics/1766 1000
@/home/ec2-user/data/topics/2155 1001
@/home/ec2-user/data/topics/1034 1002
@/home/ec2-user/data/topics/1033 1003
@/home/ec2-user/data/topics/2136 1004
@/home/ec2-user/data/topics/3923 1005
@/home/ec2-user/data/topics/3604 1006
@/home/ec2-user/data/topics/1269 1007
豊丸産業株式会社

@/home/ec2-user/data/topics/1138 1008
@/home/ec2-user/data/topics/1284 1008
@/home/ec2-user/data/topics/1588 1009
@/home/ec2-user/data/topics/1097 1010
@/home/ec2-user/data/topics/1713 1011
@/home/ec2-user/data/topics/1353 1012
@/home/ec2-user/data/topics/1677 1013
@/home/ec2-user/data/topics/3672 1014
@/home/ec2-user/data/topics/1126 1015
@/home/ec2-user/data/topics/1726 1016
@/home/ec2-user/data/topics/2011 1017
@/home/ec2-user/data/topics/1401 1018
@/home/ec2-user/data/topics/4847 1019
@/home/ec2-user/data/topics/1914 1020
@/home/ec2-user/data/topics/2169 1021
鐘紡株式会社

@/home/ec2-user/data/topics/2223 1022
@/home/ec2-user/data/topics/3566 1022
@/home/ec2-user/data/topics/2185 1023
@/home/ec2-user/data/topics/4195 1024
@/home/ec2-user/data/topics/1304 1025
@/home/ec2-user/data/topics/1870 1026
@/home/ec2-user/data/topics/3551 1027
@/home/ec2-user/data/topics/1367 1028
@/home/ec2-user/data/topics/1178 1029
@/home/ec2-user/data/topics/1901 1030
@/home/ec2-user/data/topics/3560 1031
@/home/ec2-user/data/topics/2034 1032
@/home/ec2-user/data/topics/3634 1033
@/home/ec2-user/data/topics/1054 1034
@/home/ec2-user/data/topics/1842 1035
@/home/ec2-user/data/topics/1886 1036
株式会社デンソー

@/home/ec2-user/data/topics/4656 1037
@/home/ec2-user/data/topics/3710 1037
@/home/ec2-user/data/topics/4805 1038
@/home/ec2-user/data/topics/4840 1039
@/home/ec2-user/data/topics/4423 1040
@/home/ec2-user/data/topics/4498 1041
@/home/ec2-user/data/topics/1855 1042
@/home/ec2-user/data/topics/4483 1043
@/home/ec2-user/data/topics/3406 1044
@/home/ec2-user/data/topics/3421 1045
@/home/ec2-user/data/topics/4675 1046
@/home/ec2-user/data/topics/4622 1047
@/home/ec2-user/data/topics/4024 1048
@/home/ec2-user/data/topics/4046 1049
@/home/ec2-user/data/topics/4164 1050
@/home/ec2-user/data/topics/3480 1051
@/home/ec2-user/data/topics/1028 1052
富士写真フイルム株式会社

@/home/ec2-user/data/topics/1570 1053
@/home/ec2-user/data/topics/3447 1053
@/home/ec2-user/data/topics/2134 1054
@/home/ec2-user/data/topics/4962 1055
@/home/ec2-user/data/topics/3857 1056
@/home/ec2-user/data/topics/1662 1057
@/home/ec2-user/data/topics/3354 1058
@/home/ec2-user/data/topics/1244 1059
@/home/ec2-user/data/topics/3911 1060
@/home/ec2-user/data/topics/1603 1061
@/home/ec2-user/data/topics/3918 1062
京セラ株式会社

@/home/ec2-user/data/topics/4901 1063
@/home/ec2-user/data/topics/1913 1063
@/home/ec2-user/data/topics/4513 1064
@/home/ec2-user/data/topics/3615 1065
@/home/ec2-user/data/topics/1708 1066
@/home/ec2-user/data/topics/4340 1067
@/home/ec2-user/data/topics/3593 1068
@/home/ec2-user/data/topics/4031 1069
@/home/ec2-user/data/topics/3869 1070
@/home/ec2-user/data/topics/1741 1071
@/home/ec2-user/data/topics/1485 1072
@/home/ec2-user/data/topics/3741 1073
イビデン株式会社

@/home/ec2-user/data/topics/3814 1074
@/home/ec2-user/data/topics/1770 1074
@/home/ec2-user/data/topics/1336 1075
@/home/ec2-user/data/topics/2033 1076
@/home/ec2-user/data/topics/1315 1077
@/home/ec2-user/data/topics/1952 1078
@/home/ec2-user/data/topics/1682 1079
株式会社東芝

@/home/ec2-user/data/topics/3780 1080
@/home/ec2-user/data/topics/3363 1080
@/home/ec2-user/data/topics/3732 1081
@/home/ec2-user/data/topics/4509 1082
@/home/ec2-user/data/topics/4361 1083
@/home/ec2-user/data/topics/3795 1084
@/home/ec2-user/data/topics/4381 1085
@/home/ec2-user/data/topics/4594 1086
@/home/ec2-user/data/topics/3716 1087
@/home/ec2-user/data/topics/1997 1088
@/home/ec2-user/data/topics/4197 1089
@/home/ec2-user/data/topics/1756 1090
@/home/ec2-user/data/topics/3598 1091
@/home/ec2-user/data/topics/4912 1092
@/home/ec2-user/data/topics/3834 1093
@/home/ec2-user/data/topics/4842 1094
@/home/ec2-user/data/topics/1090 1095
@/home/ec2-user/data/topics/3734 1096
@/home/ec2-user/data/topics/3851 1097
@/home/ec2-user/data/topics/3542 1098
@/home/ec2-user/data/topics/3948 1099
@/home/ec2-user/data/topics/1585 1100
@/home/ec2-user/data/topics/4863 1101
@/home/ec2-user/data/topics/3881 1102
@/home/ec2-user/data/topics/3988 1103
@/home/ec2-user/data/topics/1757 1104
@/home/ec2-user/data/topics/3352 1105
@/home/ec2-user/data/topics/4535 1106
@/home/ec2-user/data/topics/1332 1107
@/home/ec2-user/data/topics/4089 1108
@/home/ec2-user/data/topics/1132 1109
@/home/ec2-user/data/topics/4096 1110
@/home/ec2-user/data/topics/4009 1111
@/home/ec2-user/data/topics/3688 1112
@/home/ec2-user/data/topics/3689 1113
@/home/ec2-user/data/topics/4292 1114
@/home/ec2-user/data/topics/2241 1115
@/home/ec2-user/data/topics/4566 1116
@/home/ec2-user/data/topics/4302 1117
@/home/ec2-user/data/topics/3683 1118
@/home/ec2-user/data/topics/4165 1119
@/home/ec2-user/data/topics/3462 1120
@/home/ec2-user/data/topics/4140 1121
@/home/ec2-user/data/topics/4631 1122
@/home/ec2-user/data/topics/3618 1123
@/home/ec2-user/data/topics/4623 1124
@/home/ec2-user/data/topics/4935 1125
@/home/ec2-user/data/topics/4755 1126
@/home/ec2-user/data/topics/3351 1127
@/home/ec2-user/data/topics/3380 1128
@/home/ec2-user/data/topics/3890 1129
@/home/ec2-user/data/topics/1205 1130
@/home/ec2-user/data/topics/4172 1131
@/home/ec2-user/data/topics/3990 1132
@/home/ec2-user/data/topics/4751 1133
@/home/ec2-user/data/topics/4183 1134
@/home/ec2-user/data/topics/3360 1135
@/home/ec2-user/data/topics/4881 1136
@/home/ec2-user/data/topics/1819 1137
@/home/ec2-user/data/topics/4057 1138
@/home/ec2-user/data/topics/4336 1139
ヤマハ株式会社

@/home/ec2-user/data/topics/3972 1140
@/home/ec2-user/data/topics/4919 1140
@/home/ec2-user/data/topics/1443 1141
@/home/ec2-user/data/topics/4084 1142
@/home/ec2-user/data/topics/4145 1143
@/home/ec2-user/data/topics/1676 1144
@/home/ec2-user/data/topics/1720 1145
@/home/ec2-user/data/topics/4954 1146
@/home/ec2-user/data/topics/4125 1147
@/home/ec2-user/data/topics/4045 1148
@/home/ec2-user/data/topics/1911 1149
@/home/ec2-user/data/topics/4177 1150
@/home/ec2-user/data/topics/4010 1151
東洋紡績株式会社

@/home/ec2-user/data/topics/1029 1152
@/home/ec2-user/data/topics/1613 1152
@/home/ec2-user/data/topics/4366 1153
@/home/ec2-user/data/topics/4362 1154
@/home/ec2-user/data/topics/4284 1155
@/home/ec2-user/data/topics/3769 1156
三菱化学株式会社

@/home/ec2-user/data/topics/3458 1157
@/home/ec2-user/data/topics/1699 1157
@/home/ec2-user/data/topics/1902 1158
@/home/ec2-user/data/topics/3638 1159
@/home/ec2-user/data/topics/1197 1160
@/home/ec2-user/data/topics/3513 1161
カシオ計算機株式会社

@/home/ec2-user/data/topics/2237 1162
@/home/ec2-user/data/topics/1794 1162
@/home/ec2-user/data/topics/2180 1163
@/home/ec2-user/data/topics/3391 1164
@/home/ec2-user/data/topics/1235 1165
@/home/ec2-user/data/topics/1535 1166
@/home/ec2-user/data/topics/1047 1167
@/home/ec2-user/data/topics/1368 1168
コナミ株式会社

@/home/ec2-user/data/topics/4602 1169
@/home/ec2-user/data/topics/4681 1169
@/home/ec2-user/data/topics/1672 1170
@/home/ec2-user/data/topics/1302 1171
@/home/ec2-user/data/topics/2151 1172
@/home/ec2-user/data/topics/5015 1173
@/home/ec2-user/data/topics/2100 1174
@/home/ec2-user/data/topics/1621 1175
大日本スクリーン製造株式会社

@/home/ec2-user/data/topics/1173 1176
@/home/ec2-user/data/topics/1779 1176
@/home/ec2-user/data/topics/3742 1177
@/home/ec2-user/data/topics/1608 1178
@/home/ec2-user/data/topics/2172 1179
@/home/ec2-user/data/topics/2209 1180
@/home/ec2-user/data/topics/1130 1181
オムロン株式会社

@/home/ec2-user/data/topics/1657 1182
@/home/ec2-user/data/topics/3597 1182
@/home/ec2-user/data/topics/4771 1183
@/home/ec2-user/data/topics/3748 1184
@/home/ec2-user/data/topics/3594 1185
@/home/ec2-user/data/topics/3700 1186
@/home/ec2-user/data/topics/1067 1187
@/home/ec2-user/data/topics/1841 1188
@/home/ec2-user/data/topics/1135 1189
@/home/ec2-user/data/topics/1533 1190
@/home/ec2-user/data/topics/2096 1191
@/home/ec2-user/data/topics/3863 1192
@/home/ec2-user/data/topics/1579 1193
@/home/ec2-user/data/topics/1933 1194
@/home/ec2-user/data/topics/1151 1195
株式会社日立製作所

@/home/ec2-user/data/topics/3596 1196
@/home/ec2-user/data/topics/3350 1196
@/home/ec2-user/data/topics/3706 1197
@/home/ec2-user/data/topics/1562 1198
@/home/ec2-user/data/topics/1501 1199
@/home/ec2-user/data/topics/1340 1200
@/home/ec2-user/data/topics/3648 1201
@/home/ec2-user/data/topics/1278 1202
@/home/ec2-user/data/topics/3993 1203
@/home/ec2-user/data/topics/1651 1204
@/home/ec2-user/data/topics/3432 1205
@/home/ec2-user/data/topics/1987 1206
@/home/ec2-user/data/topics/1882 1207
@/home/ec2-user/data/topics/3822 1208
@/home/ec2-user/data/topics/4401 1209
@/home/ec2-user/data/topics/2081 1210
@/home/ec2-user/data/topics/3973 1211
@/home/ec2-user/data/topics/3659 1212
@/home/ec2-user/data/topics/3531 1213
@/home/ec2-user/data/topics/3665 1214
@/home/ec2-user/data/topics/1249 1215
@/home/ec2-user/data/topics/2184 1216
@/home/ec2-user/data/topics/1833 1217
@/home/ec2-user/data/topics/1105 1218
@/home/ec2-user/data/topics/3588 1219
@/home/ec2-user/data/topics/4547 1220
@/home/ec2-user/data/topics/3772 1221
@/home/ec2-user/data/topics/2239 1222
@/home/ec2-user/data/topics/4420 1223
@/home/ec2-user/data/topics/3779 1224
@/home/ec2-user/data/topics/3461 1225
@/home/ec2-user/data/topics/3994 1226
@/home/ec2-user/data/topics/3439 1227
@/home/ec2-user/data/topics/4830 1228
@/home/ec2-user/data/topics/4545 1229
@/home/ec2-user/data/topics/3471 1230
@/home/ec2-user/data/topics/3524 1231
@/home/ec2-user/data/topics/4990 1232
@/home/ec2-user/data/topics/3440 1233
@/home/ec2-user/data/topics/1247 1234
@/home/ec2-user/data/topics/1487 1235
@/home/ec2-user/data/topics/4551 1236
@/home/ec2-user/data/topics/4493 1237
@/home/ec2-user/data/topics/1640 1238
@/home/ec2-user/data/topics/4489 1239
@/home/ec2-user/data/topics/3384 1240
@/home/ec2-user/data/topics/4040 1241
@/home/ec2-user/data/topics/4799 1242
@/home/ec2-user/data/topics/1334 1243
@/home/ec2-user/data/topics/3599 1244
@/home/ec2-user/data/topics/1880 1245
@/home/ec2-user/data/topics/1463 1246
@/home/ec2-user/data/topics/4621 1247
@/home/ec2-user/data/topics/4559 1248
@/home/ec2-user/data/topics/1667 1249
@/home/ec2-user/data/topics/1082 1250
@/home/ec2-user/data/topics/4943 1251
@/home/ec2-user/data/topics/4122 1252
@/home/ec2-user/data/topics/1072 1253
@/home/ec2-user/data/topics/2019 1254
@/home/ec2-user/data/topics/3968 1255
@/home/ec2-user/data/topics/4166 1256
@/home/ec2-user/data/topics/3570 1257
@/home/ec2-user/data/topics/5030 1258
@/home/ec2-user/data/topics/3691 1259
@/home/ec2-user/data/topics/1296 1260
@/home/ec2-user/data/topics/1825 1261
@/home/ec2-user/data/topics/1826 1262
@/home/ec2-user/data/topics/5029 1263
@/home/ec2-user/data/topics/3965 1264
@/home/ec2-user/data/topics/4058 1265
@/home/ec2-user/data/topics/1693 1266
@/home/ec2-user/data/topics/4402 1267
@/home/ec2-user/data/topics/3488 1268
凸版印刷株式会社

@/home/ec2-user/data/topics/3500 1269
@/home/ec2-user/data/topics/1977 1269
@/home/ec2-user/data/topics/4874 1270
@/home/ec2-user/data/topics/1091 1271
@/home/ec2-user/data/topics/3624 1272
@/home/ec2-user/data/topics/1765 1273
@/home/ec2-user/data/topics/3526 1274
株式会社ノーリツ

@/home/ec2-user/data/topics/4206 1275
@/home/ec2-user/data/topics/1760 1275
@/home/ec2-user/data/topics/1290 1276
@/home/ec2-user/data/topics/4776 1277
@/home/ec2-user/data/topics/1598 1278
@/home/ec2-user/data/topics/2116 1279
@/home/ec2-user/data/topics/4354 1280
@/home/ec2-user/data/topics/1618 1281
川崎重工業株式会社

@/home/ec2-user/data/topics/1162 1282
@/home/ec2-user/data/topics/4944 1282
@/home/ec2-user/data/topics/4793 1283
@/home/ec2-user/data/topics/5025 1284
@/home/ec2-user/data/topics/1172 1285
@/home/ec2-user/data/topics/4866 1286
@/home/ec2-user/data/topics/4572 1287
@/home/ec2-user/data/topics/4756 1288
ティーディーケイ株式会社

@/home/ec2-user/data/topics/1129 1289
@/home/ec2-user/data/topics/2202 1289
@/home/ec2-user/data/topics/1409 1290
@/home/ec2-user/data/topics/3798 1291
@/home/ec2-user/data/topics/3909 1292
@/home/ec2-user/data/topics/3792 1293
@/home/ec2-user/data/topics/2210 1294
@/home/ec2-user/data/topics/1510 1295
@/home/ec2-user/data/topics/4619 1296
京セラミタ株式会社

@/home/ec2-user/data/topics/1032 1297
@/home/ec2-user/data/topics/4973 1297
@/home/ec2-user/data/topics/4985 1298
@/home/ec2-user/data/topics/1930 1299
@/home/ec2-user/data/topics/2141 1300
@/home/ec2-user/data/topics/4174 1301
@/home/ec2-user/data/topics/4564 1302
株式会社クボタ

@/home/ec2-user/data/topics/3919 1303
@/home/ec2-user/data/topics/1280 1303
@/home/ec2-user/data/topics/4745 1304
@/home/ec2-user/data/topics/3854 1305
@/home/ec2-user/data/topics/4379 1306
@/home/ec2-user/data/topics/4251 1307
@/home/ec2-user/data/topics/1012 1308
@/home/ec2-user/data/topics/1448 1309
@/home/ec2-user/data/topics/3823 1310
@/home/ec2-user/data/topics/1734 1311
シャープ株式会社

@/home/ec2-user/data/topics/1288 1312
@/home/ec2-user/data/topics/3978 1312
@/home/ec2-user/data/topics/1258 1313
@/home/ec2-user/data/topics/3649 1314
@/home/ec2-user/data/topics/1685 1315
@/home/ec2-user/data/topics/1349 1316
@/home/ec2-user/data/topics/3578 1317
@/home/ec2-user/data/topics/1431 1318
@/home/ec2-user/data/topics/1419 1319
@/home/ec2-user/data/topics/3981 1320
@/home/ec2-user/data/topics/3858 1321
@/home/ec2-user/data/topics/4127 1322
@/home/ec2-user/data/topics/4683 1323
@/home/ec2-user/data/topics/3422 1324
@/home/ec2-user/data/topics/1154 1325
@/home/ec2-user/data/topics/3966 1326
@/home/ec2-user/data/topics/1563 1327
@/home/ec2-user/data/topics/1970 1328
@/home/ec2-user/data/topics/3673 1329
@/home/ec2-user/data/topics/4256 1330
@/home/ec2-user/data/topics/4019 1331
@/home/ec2-user/data/topics/3855 1332
@/home/ec2-user/data/topics/4103 1333
@/home/ec2-user/data/topics/1174 1334
@/home/ec2-user/data/topics/4519 1335
@/home/ec2-user/data/topics/4230 1336
@/home/ec2-user/data/topics/4095 1337
@/home/ec2-user/data/topics/3957 1338
@/home/ec2-user/data/topics/4583 1339
@/home/ec2-user/data/topics/4323 1340
@/home/ec2-user/data/topics/3679 1341
@/home/ec2-user/data/topics/3895 1342
@/home/ec2-user/data/topics/4430 1343
@/home/ec2-user/data/topics/4263 1344
@/home/ec2-user/data/topics/3606 1345
@/home/ec2-user/data/topics/3760 1346
@/home/ec2-user/data/topics/3776 1347
@/home/ec2-user/data/topics/4717 1348
@/home/ec2-user/data/topics/4113 1349
@/home/ec2-user/data/topics/1209 1350
@/home/ec2-user/data/topics/3762 1351
@/home/ec2-user/data/topics/4124 1352
@/home/ec2-user/data/topics/3537 1353
@/home/ec2-user/data/topics/1396 1354
@/home/ec2-user/data/topics/3793 1355
@/home/ec2-user/data/topics/1965 1356
@/home/ec2-user/data/topics/3813 1357
@/home/ec2-user/data/topics/3452 1358
@/home/ec2-user/data/topics/4744 1359
@/home/ec2-user/data/topics/4252 1360
@/home/ec2-user/data/topics/3777 1361
@/home/ec2-user/data/topics/3678 1362
@/home/ec2-user/data/topics/1384 1363
@/home/ec2-user/data/topics/4648 1364
@/home/ec2-user/data/topics/4173 1365
@/home/ec2-user/data/topics/3610 1366
@/home/ec2-user/data/topics/3941 1367
@/home/ec2-user/data/topics/3450 1368
@/home/ec2-user/data/topics/4782 1369
@/home/ec2-user/data/topics/3871 1370
@/home/ec2-user/data/topics/1561 1371
@/home/ec2-user/data/topics/3698 1372
@/home/ec2-user/data/topics/2087 1373
@/home/ec2-user/data/topics/1318 1374
@/home/ec2-user/data/topics/2084 1375
@/home/ec2-user/data/topics/4228 1376
@/home/ec2-user/data/topics/4105 1377
@/home/ec2-user/data/topics/4349 1378
@/home/ec2-user/data/topics/4691 1379
@/home/ec2-user/data/topics/4516 1380
@/home/ec2-user/data/topics/3832 1381
@/home/ec2-user/data/topics/1840 1382
@/home/ec2-user/data/topics/4861 1383
@/home/ec2-user/data/topics/1804 1384
@/home/ec2-user/data/topics/4005 1385
@/home/ec2-user/data/topics/4245 1386
@/home/ec2-user/data/topics/4214 1387
@/home/ec2-user/data/topics/4469 1388
@/home/ec2-user/data/topics/4152 1389
@/home/ec2-user/data/topics/2020 1390
@/home/ec2-user/data/topics/2118 1391
日本輸送機株式会社

@/home/ec2-user/data/topics/1456 1392
@/home/ec2-user/data/topics/1493 1392
@/home/ec2-user/data/topics/2065 1393
@/home/ec2-user/data/topics/2221 1394
@/home/ec2-user/data/topics/1108 1395
@/home/ec2-user/data/topics/3573 1396
@/home/ec2-user/data/topics/1191 1397
@/home/ec2-user/data/topics/1940 1398
東京エレクトロン株式会社

@/home/ec2-user/data/topics/4618 1399
@/home/ec2-user/data/topics/1508 1399
@/home/ec2-user/data/topics/4702 1400
@/home/ec2-user/data/topics/1263 1401
@/home/ec2-user/data/topics/4906 1402
@/home/ec2-user/data/topics/1736 1403
@/home/ec2-user/data/topics/4053 1404
@/home/ec2-user/data/topics/1800 1405
@/home/ec2-user/data/topics/3947 1406
@/home/ec2-user/data/topics/4023 1407
@/home/ec2-user/data/topics/4002 1408
@/home/ec2-user/data/topics/4345 1409
株式会社村田製作所

@/home/ec2-user/data/topics/4432 1410
@/home/ec2-user/data/topics/4378 1410
@/home/ec2-user/data/topics/3482 1411
@/home/ec2-user/data/topics/4795 1412
@/home/ec2-user/data/topics/4417 1413
@/home/ec2-user/data/topics/3435 1414
@/home/ec2-user/data/topics/2229 1415
@/home/ec2-user/data/topics/4042 1416
@/home/ec2-user/data/topics/4070 1417
@/home/ec2-user/data/topics/3697 1418
@/home/ec2-user/data/topics/1374 1419
@/home/ec2-user/data/topics/4163 1420
@/home/ec2-user/data/topics/4271 1421
@/home/ec2-user/data/topics/1411 1422
@/home/ec2-user/data/topics/4325 1423
@/home/ec2-user/data/topics/3885 1424
@/home/ec2-user/data/topics/4703 1425
日本電信電話株式会社

@/home/ec2-user/data/topics/3811 1426
@/home/ec2-user/data/topics/2130 1426
@/home/ec2-user/data/topics/3586 1427
@/home/ec2-user/data/topics/1408 1428
@/home/ec2-user/data/topics/3509 1429
@/home/ec2-user/data/topics/3521 1430
@/home/ec2-user/data/topics/4792 1431
@/home/ec2-user/data/topics/3915 1432
@/home/ec2-user/data/topics/4443 1433
@/home/ec2-user/data/topics/1556 1434
@/home/ec2-user/data/topics/4870 1435
@/home/ec2-user/data/topics/3894 1436
@/home/ec2-user/data/topics/1229 1437
@/home/ec2-user/data/topics/1809 1438
@/home/ec2-user/data/topics/4560 1439
@/home/ec2-user/data/topics/4208 1440
@/home/ec2-user/data/topics/4104 1441
@/home/ec2-user/data/topics/4664 1442
@/home/ec2-user/data/topics/4131 1443
@/home/ec2-user/data/topics/3928 1444
@/home/ec2-user/data/topics/3552 1445
@/home/ec2-user/data/topics/4505 1446
@/home/ec2-user/data/topics/4916 1447
@/home/ec2-user/data/topics/1230 1448
@/home/ec2-user/data/topics/4335 1449
@/home/ec2-user/data/topics/4146 1450
@/home/ec2-user/data/topics/4087 1451
@/home/ec2-user/data/topics/4865 1452
@/home/ec2-user/data/topics/3650 1453
@/home/ec2-user/data/topics/4115 1454
@/home/ec2-user/data/topics/3568 1455
@/home/ec2-user/data/topics/1934 1456
@/home/ec2-user/data/topics/4232 1457
@/home/ec2-user/data/topics/4964 1458
@/home/ec2-user/data/topics/3425 1459
@/home/ec2-user/data/topics/3536 1460
@/home/ec2-user/data/topics/4121 1461
@/home/ec2-user/data/topics/3824 1462
@/home/ec2-user/data/topics/3359 1463
@/home/ec2-user/data/topics/1042 1464
@/home/ec2-user/data/topics/4511 1465
@/home/ec2-user/data/topics/4488 1466
@/home/ec2-user/data/topics/3785 1467
@/home/ec2-user/data/topics/2017 1468
@/home/ec2-user/data/topics/3927 1469
@/home/ec2-user/data/topics/3641 1470
@/home/ec2-user/data/topics/4118 1471
@/home/ec2-user/data/topics/3544 1472
@/home/ec2-user/data/topics/4175 1473
@/home/ec2-user/data/topics/4952 1474
@/home/ec2-user/data/topics/1787 1475
@/home/ec2-user/data/topics/4925 1476
@/home/ec2-user/data/topics/4836 1477
@/home/ec2-user/data/topics/4025 1478
@/home/ec2-user/data/topics/4114 1479
@/home/ec2-user/data/topics/4965 1480
日本鋼管株式会社

@/home/ec2-user/data/topics/4161 1481
@/home/ec2-user/data/topics/3572 1481
@/home/ec2-user/data/topics/4289 1482
@/home/ec2-user/data/topics/1690 1483
@/home/ec2-user/data/topics/1404 1484
@/home/ec2-user/data/topics/4455 1485
@/home/ec2-user/data/topics/2095 1486
株式会社神戸製鋼所

@/home/ec2-user/data/topics/3475 1487
@/home/ec2-user/data/topics/3632 1487
@/home/ec2-user/data/topics/3902 1488
@/home/ec2-user/data/topics/2064 1489
@/home/ec2-user/data/topics/3674 1490
@/home/ec2-user/data/topics/1465 1491
@/home/ec2-user/data/topics/4949 1492
株式会社ケンウッド

@/home/ec2-user/data/topics/4050 1493
@/home/ec2-user/data/topics/1186 1493
@/home/ec2-user/data/topics/4167 1494
@/home/ec2-user/data/topics/3801 1495
@/home/ec2-user/data/topics/3839 1496
@/home/ec2-user/data/topics/4467 1497
@/home/ec2-user/data/topics/3463 1498
@/home/ec2-user/data/topics/4038 1499
@/home/ec2-user/data/topics/1115 1500
@/home/ec2-user/data/topics/1241 1501
@/home/ec2-user/data/topics/1424 1502
@/home/ec2-user/data/topics/1896 1503
@/home/ec2-user/data/topics/3878 1504
@/home/ec2-user/data/topics/3969 1505
@/home/ec2-user/data/topics/1698 1506
@/home/ec2-user/data/topics/1617 1507
@/home/ec2-user/data/topics/3794 1508
@/home/ec2-user/data/topics/2036 1509
@/home/ec2-user/data/topics/3977 1510
@/home/ec2-user/data/topics/1345 1511
@/home/ec2-user/data/topics/2163 1512
東陶機器株式会社

@/home/ec2-user/data/topics/1692 1513
@/home/ec2-user/data/topics/1735 1513
@/home/ec2-user/data/topics/3821 1514
@/home/ec2-user/data/topics/2135 1515
@/home/ec2-user/data/topics/3583 1516
@/home/ec2-user/data/topics/1626 1517
本田技研工業株式会社

@/home/ec2-user/data/topics/4783 1518
@/home/ec2-user/data/topics/4331 1518
@/home/ec2-user/data/topics/5026 1519
@/home/ec2-user/data/topics/2016 1520
@/home/ec2-user/data/topics/3685 1521
@/home/ec2-user/data/topics/1444 1522
@/home/ec2-user/data/topics/1266 1523
@/home/ec2-user/data/topics/1226 1524
@/home/ec2-user/data/topics/4375 1525
@/home/ec2-user/data/topics/2000 1526
@/home/ec2-user/data/topics/4888 1527
@/home/ec2-user/data/topics/1822 1528
@/home/ec2-user/data/topics/1143 1529
@/home/ec2-user/data/topics/1215 1530
@/home/ec2-user/data/topics/1605 1531
@/home/ec2-user/data/topics/4199 1532
@/home/ec2-user/data/topics/1818 1533
@/home/ec2-user/data/topics/4132 1534
@/home/ec2-user/data/topics/4033 1535
新日本製鐵株式会社

@/home/ec2-user/data/topics/4472 1536
@/home/ec2-user/data/topics/3899 1536
@/home/ec2-user/data/topics/3861 1537
@/home/ec2-user/data/topics/5008 1538
@/home/ec2-user/data/topics/3663 1539
@/home/ec2-user/data/topics/3368 1540
松下電工株式会社

@/home/ec2-user/data/topics/3511 1541
@/home/ec2-user/data/topics/4094 1541
@/home/ec2-user/data/topics/1311 1542
@/home/ec2-user/data/topics/3549 1543
@/home/ec2-user/data/topics/3379 1544
@/home/ec2-user/data/topics/3670 1545
@/home/ec2-user/data/topics/1803 1546
@/home/ec2-user/data/topics/1011 1547
@/home/ec2-user/data/topics/4592 1548
@/home/ec2-user/data/topics/4083 1549
@/home/ec2-user/data/topics/4450 1550
@/home/ec2-user/data/topics/4012 1551
@/home/ec2-user/data/topics/3565 1552
@/home/ec2-user/data/topics/3651 1553
@/home/ec2-user/data/topics/3778 1554
@/home/ec2-user/data/topics/4029 1555
@/home/ec2-user/data/topics/2045 1556
@/home/ec2-user/data/topics/4317 1557
@/home/ec2-user/data/topics/1251 1558
@/home/ec2-user/data/topics/3932 1559
@/home/ec2-user/data/topics/3835 1560
@/home/ec2-user/data/topics/4347 1561
usernum: 72
hit: 1024
simhit: 965
simmax: 0.711111111111
simmin: 0.0
simavg: 0.207532808046
dlmax: 0.166316194463
dlmin: 0.00692530302376
dlavg: 0.0357636972535
mthit: 1616
mthls: 0
srp: 447.314
total: 1562
hit/total: 0.65556978233
simhit/total: 0.617797695262
mthit/(total+usernum): 0.988984088127
mthls/(total+usernum): 0.0
srp/(total+usernum): 0.0912513259894
srp20/(total+usernum): 0.0260301917585
srp100/(total+usernum): 0.0621032231742
srp500/(total+usernum): 0.0815463076295

2016-12-22 23:46:20.925711
