2017-01-11 22:28:20.082544

topic-folder:/home/ec2-user/data/topics/
cl-file:/home/ec2-user/git/tfidf/result-new/b1-1-2.txt
cl-floder:/home/ec2-user/data/classinfo/
zipf:0.11
stype[0(tfidf)/1(tfidf2)/2(lsa)/3(lda)]:1
dtype[<0(diff*rand)/0(diff)/1(same)/>=2(diff*same)]:0
output-floder:/home/ec2-user/git/userquery/result

三菱マテリアル株式会社

@/home/ec2-user/data/topics/3470 0
@/home/ec2-user/data/topics/3520 0
@/home/ec2-user/data/topics/3866 1
@/home/ec2-user/data/topics/3630 2
@/home/ec2-user/data/topics/3546 3
@/home/ec2-user/data/topics/1085 4
@/home/ec2-user/data/topics/2093 5
@/home/ec2-user/data/topics/1638 6
日本精機株式会社

@/home/ec2-user/data/topics/4907 7
@/home/ec2-user/data/topics/4875 7
@/home/ec2-user/data/topics/4709 8
@/home/ec2-user/data/topics/4690 9
@/home/ec2-user/data/topics/1398 10
@/home/ec2-user/data/topics/4972 11
コニカ株式会社

@/home/ec2-user/data/topics/3533 12
@/home/ec2-user/data/topics/3370 12
@/home/ec2-user/data/topics/3414 13
@/home/ec2-user/data/topics/1946 14
@/home/ec2-user/data/topics/3426 15
@/home/ec2-user/data/topics/3357 16
@/home/ec2-user/data/topics/3418 17
@/home/ec2-user/data/topics/3431 18
@/home/ec2-user/data/topics/2162 19
@/home/ec2-user/data/topics/3419 20
@/home/ec2-user/data/topics/3486 21
埼玉日本電気株式会社

@/home/ec2-user/data/topics/4496 22
@/home/ec2-user/data/topics/1512 22
@/home/ec2-user/data/topics/4279 23
@/home/ec2-user/data/topics/4242 24
@/home/ec2-user/data/topics/4468 25
@/home/ec2-user/data/topics/4998 26
@/home/ec2-user/data/topics/4283 27
@/home/ec2-user/data/topics/1620 28
@/home/ec2-user/data/topics/5010 29
アルプス電気株式会社

@/home/ec2-user/data/topics/1434 30
@/home/ec2-user/data/topics/4791 30
@/home/ec2-user/data/topics/1253 31
@/home/ec2-user/data/topics/2012 32
@/home/ec2-user/data/topics/2089 33
@/home/ec2-user/data/topics/3429 34
@/home/ec2-user/data/topics/3582 35
三菱重工業株式会社

@/home/ec2-user/data/topics/3833 36
@/home/ec2-user/data/topics/4687 36
@/home/ec2-user/data/topics/4882 37
@/home/ec2-user/data/topics/3944 38
@/home/ec2-user/data/topics/4412 39
@/home/ec2-user/data/topics/4563 40
@/home/ec2-user/data/topics/3529 41
@/home/ec2-user/data/topics/3637 42
@/home/ec2-user/data/topics/5022 43
@/home/ec2-user/data/topics/3591 44
@/home/ec2-user/data/topics/3503 45
@/home/ec2-user/data/topics/4862 46
村田機械株式会社

@/home/ec2-user/data/topics/4570 47
@/home/ec2-user/data/topics/4556 47
@/home/ec2-user/data/topics/4835 48
@/home/ec2-user/data/topics/4596 49
@/home/ec2-user/data/topics/5000 50
@/home/ec2-user/data/topics/4638 51
@/home/ec2-user/data/topics/4746 52
@/home/ec2-user/data/topics/1074 53
@/home/ec2-user/data/topics/1511 54
@/home/ec2-user/data/topics/1293 55
@/home/ec2-user/data/topics/1607 56
@/home/ec2-user/data/topics/4441 57
@/home/ec2-user/data/topics/4941 58
@/home/ec2-user/data/topics/3528 59
@/home/ec2-user/data/topics/4645 60
@/home/ec2-user/data/topics/4565 61
@/home/ec2-user/data/topics/3740 62
川崎製鉄株式会社

@/home/ec2-user/data/topics/3413 63
@/home/ec2-user/data/topics/3483 63
@/home/ec2-user/data/topics/4615 64
@/home/ec2-user/data/topics/1037 65
@/home/ec2-user/data/topics/1459 66
@/home/ec2-user/data/topics/3532 67
@/home/ec2-user/data/topics/3611 68
@/home/ec2-user/data/topics/3929 69
@/home/ec2-user/data/topics/3553 70
ダイキン工業株式会社

@/home/ec2-user/data/topics/4367 71
@/home/ec2-user/data/topics/4515 71
@/home/ec2-user/data/topics/4845 72
@/home/ec2-user/data/topics/4400 73
@/home/ec2-user/data/topics/4701 74
@/home/ec2-user/data/topics/4858 75
@/home/ec2-user/data/topics/4753 76
@/home/ec2-user/data/topics/4734 77
@/home/ec2-user/data/topics/1600 78
@/home/ec2-user/data/topics/1565 79
@/home/ec2-user/data/topics/3888 80
三菱自動車工業株式会社

@/home/ec2-user/data/topics/1428 81
@/home/ec2-user/data/topics/3502 81
@/home/ec2-user/data/topics/3815 82
@/home/ec2-user/data/topics/4189 83
@/home/ec2-user/data/topics/1816 84
@/home/ec2-user/data/topics/1527 85
@/home/ec2-user/data/topics/2101 86
@/home/ec2-user/data/topics/3940 87
日産自動車株式会社

@/home/ec2-user/data/topics/4074 88
@/home/ec2-user/data/topics/3723 88
@/home/ec2-user/data/topics/3677 89
@/home/ec2-user/data/topics/3712 90
@/home/ec2-user/data/topics/3489 91
@/home/ec2-user/data/topics/3497 92
@/home/ec2-user/data/topics/3645 93
@/home/ec2-user/data/topics/3501 94
@/home/ec2-user/data/topics/3936 95
@/home/ec2-user/data/topics/3829 96
@/home/ec2-user/data/topics/4982 97
トヨタ自動車株式会社

@/home/ec2-user/data/topics/3405 98
@/home/ec2-user/data/topics/4617 98
@/home/ec2-user/data/topics/3758 99
@/home/ec2-user/data/topics/4346 100
@/home/ec2-user/data/topics/4064 101
@/home/ec2-user/data/topics/4426 102
@/home/ec2-user/data/topics/4298 103
@/home/ec2-user/data/topics/3356 104
@/home/ec2-user/data/topics/4543 105
@/home/ec2-user/data/topics/3587 106
@/home/ec2-user/data/topics/4647 107
@/home/ec2-user/data/topics/3481 108
@/home/ec2-user/data/topics/3699 109
@/home/ec2-user/data/topics/1494 110
@/home/ec2-user/data/topics/3731 111
@/home/ec2-user/data/topics/4920 112
@/home/ec2-user/data/topics/3783 113
@/home/ec2-user/data/topics/3725 114
@/home/ec2-user/data/topics/3671 115
@/home/ec2-user/data/topics/4144 116
@/home/ec2-user/data/topics/2111 117
@/home/ec2-user/data/topics/4658 118
@/home/ec2-user/data/topics/3943 119
@/home/ec2-user/data/topics/4008 120
@/home/ec2-user/data/topics/4030 121
@/home/ec2-user/data/topics/2218 122
@/home/ec2-user/data/topics/1551 123
@/home/ec2-user/data/topics/4767 124
@/home/ec2-user/data/topics/4633 125
オリンパス光学工業株式会社

@/home/ec2-user/data/topics/1981 126
@/home/ec2-user/data/topics/1869 126
@/home/ec2-user/data/topics/1739 127
@/home/ec2-user/data/topics/1586 128
@/home/ec2-user/data/topics/2026 129
@/home/ec2-user/data/topics/4013 130
@/home/ec2-user/data/topics/1155 131
@/home/ec2-user/data/topics/1107 132
@/home/ec2-user/data/topics/4007 133
@/home/ec2-user/data/topics/5006 134
@/home/ec2-user/data/topics/4878 135
@/home/ec2-user/data/topics/1835 136
ブラザー工業株式会社

@/home/ec2-user/data/topics/2086 137
@/home/ec2-user/data/topics/4548 137
@/home/ec2-user/data/topics/3477 138
@/home/ec2-user/data/topics/3789 139
@/home/ec2-user/data/topics/3613 140
@/home/ec2-user/data/topics/2085 141
@/home/ec2-user/data/topics/1697 142
@/home/ec2-user/data/topics/1076 143
@/home/ec2-user/data/topics/3507 144
@/home/ec2-user/data/topics/3686 145
@/home/ec2-user/data/topics/1183 146
@/home/ec2-user/data/topics/1906 147
@/home/ec2-user/data/topics/1636 148
@/home/ec2-user/data/topics/1300 149
@/home/ec2-user/data/topics/1164 150
富士通株式会社

@/home/ec2-user/data/topics/2215 151
@/home/ec2-user/data/topics/3751 151
@/home/ec2-user/data/topics/3912 152
@/home/ec2-user/data/topics/3862 153
@/home/ec2-user/data/topics/3883 154
@/home/ec2-user/data/topics/3870 155
@/home/ec2-user/data/topics/3962 156
@/home/ec2-user/data/topics/3850 157
@/home/ec2-user/data/topics/2216 158
@/home/ec2-user/data/topics/3846 159
@/home/ec2-user/data/topics/3970 160
@/home/ec2-user/data/topics/1998 161
@/home/ec2-user/data/topics/3799 162
@/home/ec2-user/data/topics/5004 163
@/home/ec2-user/data/topics/3749 164
@/home/ec2-user/data/topics/3765 165
@/home/ec2-user/data/topics/3428 166
@/home/ec2-user/data/topics/3460 167
@/home/ec2-user/data/topics/3636 168
@/home/ec2-user/data/topics/3399 169
@/home/ec2-user/data/topics/2227 170
@/home/ec2-user/data/topics/1123 171
@/home/ec2-user/data/topics/4191 172
@/home/ec2-user/data/topics/3381 173
@/home/ec2-user/data/topics/3538 174
@/home/ec2-user/data/topics/1609 175
@/home/ec2-user/data/topics/3400 176
@/home/ec2-user/data/topics/1264 177
@/home/ec2-user/data/topics/1874 178
@/home/ec2-user/data/topics/1271 179
@/home/ec2-user/data/topics/1547 180
@/home/ec2-user/data/topics/3802 181
静岡日本電気株式会社

@/home/ec2-user/data/topics/4507 182
@/home/ec2-user/data/topics/4314 182
@/home/ec2-user/data/topics/4250 183
@/home/ec2-user/data/topics/4365 184
@/home/ec2-user/data/topics/4326 185
@/home/ec2-user/data/topics/4531 186
住友重機械工業株式会社

@/home/ec2-user/data/topics/4854 187
@/home/ec2-user/data/topics/2039 187
@/home/ec2-user/data/topics/3868 188
@/home/ec2-user/data/topics/1900 189
@/home/ec2-user/data/topics/1505 190
@/home/ec2-user/data/topics/1019 191
@/home/ec2-user/data/topics/1373 192
@/home/ec2-user/data/topics/1553 193
@/home/ec2-user/data/topics/3952 194
大日本印刷株式会社

@/home/ec2-user/data/topics/1099 195
@/home/ec2-user/data/topics/1262 195
@/home/ec2-user/data/topics/1564 196
@/home/ec2-user/data/topics/3569 197
@/home/ec2-user/data/topics/3388 198
@/home/ec2-user/data/topics/1145 199
日本電気株式会社

@/home/ec2-user/data/topics/4418 200
@/home/ec2-user/data/topics/4100 200
@/home/ec2-user/data/topics/4598 201
@/home/ec2-user/data/topics/4440 202
@/home/ec2-user/data/topics/4192 203
@/home/ec2-user/data/topics/1791 204
@/home/ec2-user/data/topics/4536 205
@/home/ec2-user/data/topics/4278 206
@/home/ec2-user/data/topics/4742 207
@/home/ec2-user/data/topics/3724 208
@/home/ec2-user/data/topics/4162 209
@/home/ec2-user/data/topics/4119 210
@/home/ec2-user/data/topics/4244 211
@/home/ec2-user/data/topics/4142 212
@/home/ec2-user/data/topics/1044 213
@/home/ec2-user/data/topics/1879 214
@/home/ec2-user/data/topics/4062 215
@/home/ec2-user/data/topics/4240 216
@/home/ec2-user/data/topics/3766 217
@/home/ec2-user/data/topics/4561 218
@/home/ec2-user/data/topics/5034 219
@/home/ec2-user/data/topics/4116 220
@/home/ec2-user/data/topics/1523 221
@/home/ec2-user/data/topics/4532 222
@/home/ec2-user/data/topics/4236 223
@/home/ec2-user/data/topics/4272 224
@/home/ec2-user/data/topics/1661 225
@/home/ec2-user/data/topics/4650 226
@/home/ec2-user/data/topics/4433 227
@/home/ec2-user/data/topics/1360 228
@/home/ec2-user/data/topics/4824 229
@/home/ec2-user/data/topics/4603 230
@/home/ec2-user/data/topics/4276 231
@/home/ec2-user/data/topics/4129 232
@/home/ec2-user/data/topics/4186 233
@/home/ec2-user/data/topics/4425 234
@/home/ec2-user/data/topics/4926 235
@/home/ec2-user/data/topics/4634 236
@/home/ec2-user/data/topics/1724 237
@/home/ec2-user/data/topics/4227 238
@/home/ec2-user/data/topics/4665 239
@/home/ec2-user/data/topics/4092 240
@/home/ec2-user/data/topics/4530 241
@/home/ec2-user/data/topics/4584 242
@/home/ec2-user/data/topics/4785 243
@/home/ec2-user/data/topics/1383 244
@/home/ec2-user/data/topics/2031 245
@/home/ec2-user/data/topics/4759 246
@/home/ec2-user/data/topics/3744 247
@/home/ec2-user/data/topics/4247 248
@/home/ec2-user/data/topics/4360 249
@/home/ec2-user/data/topics/4154 250
@/home/ec2-user/data/topics/4876 251
@/home/ec2-user/data/topics/4371 252
@/home/ec2-user/data/topics/4770 253
@/home/ec2-user/data/topics/2127 254
@/home/ec2-user/data/topics/4318 255
@/home/ec2-user/data/topics/4120 256
@/home/ec2-user/data/topics/4338 257
@/home/ec2-user/data/topics/4721 258
@/home/ec2-user/data/topics/2088 259
@/home/ec2-user/data/topics/1567 260
@/home/ec2-user/data/topics/1116 261
@/home/ec2-user/data/topics/4204 262
@/home/ec2-user/data/topics/3865 263
@/home/ec2-user/data/topics/1891 264
@/home/ec2-user/data/topics/4613 265
@/home/ec2-user/data/topics/1815 266
@/home/ec2-user/data/topics/3875 267
@/home/ec2-user/data/topics/1937 268
@/home/ec2-user/data/topics/4137 269
@/home/ec2-user/data/topics/4644 270
@/home/ec2-user/data/topics/1078 271
@/home/ec2-user/data/topics/4300 272
@/home/ec2-user/data/topics/4267 273
@/home/ec2-user/data/topics/4389 274
@/home/ec2-user/data/topics/1867 275
@/home/ec2-user/data/topics/4388 276
@/home/ec2-user/data/topics/4017 277
@/home/ec2-user/data/topics/4320 278
@/home/ec2-user/data/topics/4342 279
@/home/ec2-user/data/topics/4749 280
@/home/ec2-user/data/topics/4609 281
@/home/ec2-user/data/topics/3938 282
@/home/ec2-user/data/topics/1557 283
@/home/ec2-user/data/topics/4838 284
@/home/ec2-user/data/topics/4485 285
@/home/ec2-user/data/topics/1016 286
@/home/ec2-user/data/topics/4134 287
@/home/ec2-user/data/topics/3767 288
@/home/ec2-user/data/topics/4643 289
@/home/ec2-user/data/topics/3954 290
@/home/ec2-user/data/topics/1101 291
@/home/ec2-user/data/topics/4651 292
@/home/ec2-user/data/topics/4480 293
@/home/ec2-user/data/topics/1464 294
@/home/ec2-user/data/topics/4666 295
@/home/ec2-user/data/topics/4243 296
@/home/ec2-user/data/topics/1052 297
@/home/ec2-user/data/topics/4281 298
@/home/ec2-user/data/topics/2166 299
@/home/ec2-user/data/topics/4309 300
@/home/ec2-user/data/topics/4446 301
@/home/ec2-user/data/topics/4626 302
@/home/ec2-user/data/topics/4315 303
@/home/ec2-user/data/topics/4390 304
@/home/ec2-user/data/topics/1112 305
@/home/ec2-user/data/topics/4313 306
@/home/ec2-user/data/topics/4764 307
@/home/ec2-user/data/topics/4128 308
@/home/ec2-user/data/topics/4414 309
@/home/ec2-user/data/topics/1100 310
@/home/ec2-user/data/topics/4850 311
@/home/ec2-user/data/topics/1710 312
@/home/ec2-user/data/topics/4718 313
@/home/ec2-user/data/topics/4359 314
@/home/ec2-user/data/topics/4657 315
@/home/ec2-user/data/topics/4728 316
@/home/ec2-user/data/topics/4537 317
@/home/ec2-user/data/topics/4497 318
@/home/ec2-user/data/topics/4779 319
@/home/ec2-user/data/topics/3886 320
@/home/ec2-user/data/topics/4816 321
@/home/ec2-user/data/topics/4082 322
@/home/ec2-user/data/topics/4458 323
@/home/ec2-user/data/topics/4257 324
@/home/ec2-user/data/topics/4171 325
@/home/ec2-user/data/topics/4682 326
@/home/ec2-user/data/topics/1783 327
@/home/ec2-user/data/topics/4578 328
@/home/ec2-user/data/topics/1624 329
@/home/ec2-user/data/topics/1595 330
@/home/ec2-user/data/topics/2150 331
@/home/ec2-user/data/topics/4775 332
@/home/ec2-user/data/topics/4288 333
@/home/ec2-user/data/topics/4063 334
@/home/ec2-user/data/topics/4238 335
@/home/ec2-user/data/topics/3897 336
@/home/ec2-user/data/topics/4689 337
@/home/ec2-user/data/topics/4533 338
@/home/ec2-user/data/topics/4343 339
@/home/ec2-user/data/topics/4404 340
@/home/ec2-user/data/topics/4892 341
@/home/ec2-user/data/topics/4760 342
@/home/ec2-user/data/topics/4185 343
@/home/ec2-user/data/topics/2022 344
@/home/ec2-user/data/topics/4153 345
@/home/ec2-user/data/topics/4275 346
@/home/ec2-user/data/topics/3853 347
@/home/ec2-user/data/topics/4442 348
@/home/ec2-user/data/topics/4659 349
@/home/ec2-user/data/topics/4750 350
@/home/ec2-user/data/topics/4258 351
@/home/ec2-user/data/topics/4699 352
@/home/ec2-user/data/topics/2041 353
@/home/ec2-user/data/topics/4477 354
@/home/ec2-user/data/topics/1973 355
@/home/ec2-user/data/topics/1457 356
@/home/ec2-user/data/topics/4310 357
@/home/ec2-user/data/topics/4808 358
@/home/ec2-user/data/topics/4429 359
@/home/ec2-user/data/topics/3956 360
@/home/ec2-user/data/topics/4646 361
@/home/ec2-user/data/topics/4209 362
@/home/ec2-user/data/topics/4486 363
@/home/ec2-user/data/topics/4196 364
@/home/ec2-user/data/topics/4138 365
@/home/ec2-user/data/topics/2144 366
@/home/ec2-user/data/topics/2119 367
@/home/ec2-user/data/topics/4207 368
@/home/ec2-user/data/topics/1612 369
@/home/ec2-user/data/topics/4352 370
@/home/ec2-user/data/topics/1362 371
@/home/ec2-user/data/topics/3729 372
@/home/ec2-user/data/topics/4097 373
@/home/ec2-user/data/topics/4254 374
@/home/ec2-user/data/topics/4490 375
@/home/ec2-user/data/topics/4460 376
@/home/ec2-user/data/topics/4595 377
@/home/ec2-user/data/topics/4902 378
@/home/ec2-user/data/topics/4003 379
@/home/ec2-user/data/topics/4319 380
@/home/ec2-user/data/topics/3896 381
@/home/ec2-user/data/topics/4216 382
@/home/ec2-user/data/topics/1281 383
@/home/ec2-user/data/topics/4393 384
@/home/ec2-user/data/topics/3995 385
@/home/ec2-user/data/topics/4940 386
@/home/ec2-user/data/topics/1852 387
@/home/ec2-user/data/topics/4398 388
@/home/ec2-user/data/topics/4725 389
@/home/ec2-user/data/topics/1928 390
@/home/ec2-user/data/topics/1948 391
@/home/ec2-user/data/topics/1500 392
@/home/ec2-user/data/topics/4549 393
@/home/ec2-user/data/topics/1634 394
@/home/ec2-user/data/topics/4273 395
@/home/ec2-user/data/topics/4877 396
@/home/ec2-user/data/topics/1764 397
@/home/ec2-user/data/topics/1844 398
@/home/ec2-user/data/topics/1199 399
@/home/ec2-user/data/topics/4168 400
@/home/ec2-user/data/topics/3971 401
@/home/ec2-user/data/topics/4158 402
@/home/ec2-user/data/topics/4071 403
@/home/ec2-user/data/topics/4081 404
@/home/ec2-user/data/topics/1773 405
@/home/ec2-user/data/topics/4246 406
@/home/ec2-user/data/topics/4696 407
@/home/ec2-user/data/topics/4447 408
@/home/ec2-user/data/topics/1326 409
@/home/ec2-user/data/topics/4708 410
@/home/ec2-user/data/topics/4260 411
@/home/ec2-user/data/topics/1364 412
@/home/ec2-user/data/topics/1122 413
@/home/ec2-user/data/topics/1923 414
@/home/ec2-user/data/topics/1486 415
@/home/ec2-user/data/topics/4093 416
@/home/ec2-user/data/topics/4434 417
@/home/ec2-user/data/topics/4427 418
松下電器産業株式会社

@/home/ec2-user/data/topics/4586 419
@/home/ec2-user/data/topics/4101 419
@/home/ec2-user/data/topics/4885 420
@/home/ec2-user/data/topics/4798 421
@/home/ec2-user/data/topics/3847 422
@/home/ec2-user/data/topics/1516 423
@/home/ec2-user/data/topics/1829 424
@/home/ec2-user/data/topics/2222 425
@/home/ec2-user/data/topics/1158 426
@/home/ec2-user/data/topics/4625 427
@/home/ec2-user/data/topics/4917 428
@/home/ec2-user/data/topics/4307 429
@/home/ec2-user/data/topics/4303 430
@/home/ec2-user/data/topics/3951 431
@/home/ec2-user/data/topics/5024 432
@/home/ec2-user/data/topics/3694 433
@/home/ec2-user/data/topics/4707 434
@/home/ec2-user/data/topics/1881 435
@/home/ec2-user/data/topics/3619 436
@/home/ec2-user/data/topics/4157 437
@/home/ec2-user/data/topics/3721 438
@/home/ec2-user/data/topics/1179 439
@/home/ec2-user/data/topics/4667 440
@/home/ec2-user/data/topics/2029 441
@/home/ec2-user/data/topics/4754 442
@/home/ec2-user/data/topics/4394 443
@/home/ec2-user/data/topics/4475 444
@/home/ec2-user/data/topics/4761 445
@/home/ec2-user/data/topics/3519 446
@/home/ec2-user/data/topics/1762 447
@/home/ec2-user/data/topics/1898 448
@/home/ec2-user/data/topics/1955 449
@/home/ec2-user/data/topics/3719 450
@/home/ec2-user/data/topics/3692 451
@/home/ec2-user/data/topics/1633 452
@/home/ec2-user/data/topics/3920 453
@/home/ec2-user/data/topics/1701 454
@/home/ec2-user/data/topics/2080 455
@/home/ec2-user/data/topics/4501 456
@/home/ec2-user/data/topics/4797 457
@/home/ec2-user/data/topics/3494 458
@/home/ec2-user/data/topics/1540 459
@/home/ec2-user/data/topics/4229 460
@/home/ec2-user/data/topics/4193 461
@/home/ec2-user/data/topics/4806 462
@/home/ec2-user/data/topics/3739 463
@/home/ec2-user/data/topics/1705 464
@/home/ec2-user/data/topics/1257 465
@/home/ec2-user/data/topics/1525 466
@/home/ec2-user/data/topics/4139 467
@/home/ec2-user/data/topics/1477 468
@/home/ec2-user/data/topics/1509 469
@/home/ec2-user/data/topics/4577 470
@/home/ec2-user/data/topics/3402 471
@/home/ec2-user/data/topics/3807 472
@/home/ec2-user/data/topics/1157 473
@/home/ec2-user/data/topics/4264 474
@/home/ec2-user/data/topics/4459 475
@/home/ec2-user/data/topics/3455 476
@/home/ec2-user/data/topics/1589 477
@/home/ec2-user/data/topics/4558 478
@/home/ec2-user/data/topics/1812 479
@/home/ec2-user/data/topics/4280 480
@/home/ec2-user/data/topics/1026 481
@/home/ec2-user/data/topics/4503 482
@/home/ec2-user/data/topics/4382 483
@/home/ec2-user/data/topics/4945 484
@/home/ec2-user/data/topics/1706 485
@/home/ec2-user/data/topics/1136 486
@/home/ec2-user/data/topics/4126 487
@/home/ec2-user/data/topics/4043 488
@/home/ec2-user/data/topics/3761 489
@/home/ec2-user/data/topics/3676 490
@/home/ec2-user/data/topics/4274 491
@/home/ec2-user/data/topics/2056 492
@/home/ec2-user/data/topics/3404 493
@/home/ec2-user/data/topics/3904 494
@/home/ec2-user/data/topics/4159 495
@/home/ec2-user/data/topics/3585 496
@/home/ec2-user/data/topics/3658 497
@/home/ec2-user/data/topics/3558 498
@/home/ec2-user/data/topics/1748 499
@/home/ec2-user/data/topics/4502 500
@/home/ec2-user/data/topics/4215 501
@/home/ec2-user/data/topics/4355 502
@/home/ec2-user/data/topics/4676 503
@/home/ec2-user/data/topics/1339 504
@/home/ec2-user/data/topics/4102 505
@/home/ec2-user/data/topics/1635 506
@/home/ec2-user/data/topics/1885 507
@/home/ec2-user/data/topics/4936 508
@/home/ec2-user/data/topics/4422 509
@/home/ec2-user/data/topics/4491 510
@/home/ec2-user/data/topics/4180 511
@/home/ec2-user/data/topics/3979 512
@/home/ec2-user/data/topics/4817 513
@/home/ec2-user/data/topics/4160 514
@/home/ec2-user/data/topics/3386 515
@/home/ec2-user/data/topics/4098 516
@/home/ec2-user/data/topics/2129 517
@/home/ec2-user/data/topics/5028 518
@/home/ec2-user/data/topics/2156 519
@/home/ec2-user/data/topics/4787 520
@/home/ec2-user/data/topics/3514 521
@/home/ec2-user/data/topics/3680 522
@/home/ec2-user/data/topics/4448 523
@/home/ec2-user/data/topics/1252 524
@/home/ec2-user/data/topics/3704 525
@/home/ec2-user/data/topics/3746 526
@/home/ec2-user/data/topics/4918 527
@/home/ec2-user/data/topics/4968 528
@/home/ec2-user/data/topics/4867 529
@/home/ec2-user/data/topics/4804 530
@/home/ec2-user/data/topics/1070 531
@/home/ec2-user/data/topics/4000 532
@/home/ec2-user/data/topics/4385 533
@/home/ec2-user/data/topics/4599 534
@/home/ec2-user/data/topics/4961 535
@/home/ec2-user/data/topics/2170 536
@/home/ec2-user/data/topics/4574 537
@/home/ec2-user/data/topics/3510 538
@/home/ec2-user/data/topics/4464 539
@/home/ec2-user/data/topics/3960 540
セイコーインスツルメンツ株式会社

@/home/ec2-user/data/topics/4203 541
@/home/ec2-user/data/topics/4997 541
@/home/ec2-user/data/topics/4036 542
@/home/ec2-user/data/topics/4151 543
@/home/ec2-user/data/topics/4088 544
@/home/ec2-user/data/topics/4190 545
@/home/ec2-user/data/topics/3626 546
@/home/ec2-user/data/topics/1707 547
@/home/ec2-user/data/topics/3825 548
ミノルタ株式会社

@/home/ec2-user/data/topics/3545 549
@/home/ec2-user/data/topics/4951 549
@/home/ec2-user/data/topics/4971 550
@/home/ec2-user/data/topics/4970 551
@/home/ec2-user/data/topics/2190 552
@/home/ec2-user/data/topics/3584 553
@/home/ec2-user/data/topics/4984 554
@/home/ec2-user/data/topics/1152 555
@/home/ec2-user/data/topics/4321 556
@/home/ec2-user/data/topics/4986 557
@/home/ec2-user/data/topics/3810 558
@/home/ec2-user/data/topics/4977 559
株式会社リコー

@/home/ec2-user/data/topics/1776 560
@/home/ec2-user/data/topics/2090 560
@/home/ec2-user/data/topics/2201 561
@/home/ec2-user/data/topics/1780 562
@/home/ec2-user/data/topics/3557 563
@/home/ec2-user/data/topics/4616 564
@/home/ec2-user/data/topics/2189 565
@/home/ec2-user/data/topics/1976 566
@/home/ec2-user/data/topics/1663 567
@/home/ec2-user/data/topics/3424 568
@/home/ec2-user/data/topics/1775 569
@/home/ec2-user/data/topics/3495 570
@/home/ec2-user/data/topics/3523 571
@/home/ec2-user/data/topics/3484 572
@/home/ec2-user/data/topics/3711 573
@/home/ec2-user/data/topics/3713 574
@/home/ec2-user/data/topics/2043 575
@/home/ec2-user/data/topics/3574 576
@/home/ec2-user/data/topics/3378 577
@/home/ec2-user/data/topics/2182 578
@/home/ec2-user/data/topics/1610 579
@/home/ec2-user/data/topics/1225 580
@/home/ec2-user/data/topics/1282 581
@/home/ec2-user/data/topics/1774 582
@/home/ec2-user/data/topics/3633 583
@/home/ec2-user/data/topics/1106 584
@/home/ec2-user/data/topics/4265 585
@/home/ec2-user/data/topics/1083 586
@/home/ec2-user/data/topics/1095 587
@/home/ec2-user/data/topics/3775 588
@/home/ec2-user/data/topics/3750 589
@/home/ec2-user/data/topics/1482 590
@/home/ec2-user/data/topics/3446 591
@/home/ec2-user/data/topics/1668 592
@/home/ec2-user/data/topics/1669 593
@/home/ec2-user/data/topics/3472 594
@/home/ec2-user/data/topics/3759 595
@/home/ec2-user/data/topics/1514 596
@/home/ec2-user/data/topics/1064 597
@/home/ec2-user/data/topics/3687 598
@/home/ec2-user/data/topics/2006 599
@/home/ec2-user/data/topics/3474 600
@/home/ec2-user/data/topics/4037 601
@/home/ec2-user/data/topics/3530 602
@/home/ec2-user/data/topics/2219 603
@/home/ec2-user/data/topics/1478 604
@/home/ec2-user/data/topics/3548 605
@/home/ec2-user/data/topics/3837 606
@/home/ec2-user/data/topics/1878 607
@/home/ec2-user/data/topics/1755 608
@/home/ec2-user/data/topics/1190 609
@/home/ec2-user/data/topics/4781 610
@/home/ec2-user/data/topics/3411 611
@/home/ec2-user/data/topics/3394 612
@/home/ec2-user/data/topics/3669 613
@/home/ec2-user/data/topics/1691 614
@/home/ec2-user/data/topics/1433 615
@/home/ec2-user/data/topics/1670 616
@/home/ec2-user/data/topics/3555 617
@/home/ec2-user/data/topics/1593 618
@/home/ec2-user/data/topics/3436 619
@/home/ec2-user/data/topics/2200 620
@/home/ec2-user/data/topics/3880 621
@/home/ec2-user/data/topics/1436 622
@/home/ec2-user/data/topics/1627 623
@/home/ec2-user/data/topics/1740 624
@/home/ec2-user/data/topics/1974 625
@/home/ec2-user/data/topics/1806 626
@/home/ec2-user/data/topics/4344 627
@/home/ec2-user/data/topics/4879 628
@/home/ec2-user/data/topics/1718 629
独立行政法人産業技術総合研究所

@/home/ec2-user/data/topics/4739 630
@/home/ec2-user/data/topics/4740 630
@/home/ec2-user/data/topics/1356 631
@/home/ec2-user/data/topics/4800 632
@/home/ec2-user/data/topics/4869 633
@/home/ec2-user/data/topics/4777 634
ソニー株式会社

@/home/ec2-user/data/topics/1059 635
@/home/ec2-user/data/topics/1749 635
@/home/ec2-user/data/topics/3872 636
@/home/ec2-user/data/topics/4351 637
@/home/ec2-user/data/topics/1397 638
@/home/ec2-user/data/topics/2048 639
@/home/ec2-user/data/topics/1218 640
@/home/ec2-user/data/topics/1954 641
@/home/ec2-user/data/topics/2075 642
@/home/ec2-user/data/topics/2059 643
@/home/ec2-user/data/topics/1967 644
@/home/ec2-user/data/topics/4184 645
@/home/ec2-user/data/topics/1147 646
@/home/ec2-user/data/topics/1471 647
@/home/ec2-user/data/topics/1426 648
@/home/ec2-user/data/topics/1435 649
@/home/ec2-user/data/topics/2037 650
@/home/ec2-user/data/topics/1778 651
@/home/ec2-user/data/topics/3456 652
@/home/ec2-user/data/topics/1602 653
@/home/ec2-user/data/topics/2094 654
@/home/ec2-user/data/topics/4224 655
@/home/ec2-user/data/topics/2058 656
@/home/ec2-user/data/topics/1380 657
@/home/ec2-user/data/topics/1291 658
@/home/ec2-user/data/topics/3955 659
@/home/ec2-user/data/topics/4219 660
@/home/ec2-user/data/topics/1679 661
@/home/ec2-user/data/topics/5027 662
@/home/ec2-user/data/topics/2052 663
@/home/ec2-user/data/topics/1414 664
@/home/ec2-user/data/topics/3924 665
@/home/ec2-user/data/topics/1836 666
@/home/ec2-user/data/topics/1926 667
@/home/ec2-user/data/topics/2105 668
@/home/ec2-user/data/topics/1298 669
@/home/ec2-user/data/topics/1912 670
@/home/ec2-user/data/topics/1233 671
@/home/ec2-user/data/topics/1102 672
@/home/ec2-user/data/topics/1686 673
@/home/ec2-user/data/topics/3392 674
@/home/ec2-user/data/topics/1873 675
@/home/ec2-user/data/topics/1884 676
@/home/ec2-user/data/topics/1892 677
@/home/ec2-user/data/topics/1491 678
@/home/ec2-user/data/topics/3401 679
@/home/ec2-user/data/topics/3975 680
富士ゼロックス株式会社

@/home/ec2-user/data/topics/3790 681
@/home/ec2-user/data/topics/3407 681
@/home/ec2-user/data/topics/3695 682
@/home/ec2-user/data/topics/5031 683
@/home/ec2-user/data/topics/3782 684
@/home/ec2-user/data/topics/3383 685
@/home/ec2-user/data/topics/1947 686
@/home/ec2-user/data/topics/3640 687
@/home/ec2-user/data/topics/1560 688
@/home/ec2-user/data/topics/3662 689
@/home/ec2-user/data/topics/3661 690
@/home/ec2-user/data/topics/3473 691
@/home/ec2-user/data/topics/4108 692
@/home/ec2-user/data/topics/3366 693
@/home/ec2-user/data/topics/3564 694
住友金属工業株式会社

@/home/ec2-user/data/topics/4295 695
@/home/ec2-user/data/topics/4534 695
@/home/ec2-user/data/topics/3655 696
@/home/ec2-user/data/topics/4322 697
@/home/ec2-user/data/topics/4661 698
@/home/ec2-user/data/topics/3577 699
@/home/ec2-user/data/topics/4991 700
@/home/ec2-user/data/topics/3826 701
@/home/ec2-user/data/topics/4021 702
@/home/ec2-user/data/topics/4733 703
@/home/ec2-user/data/topics/4182 704
@/home/ec2-user/data/topics/1268 705
日立電線株式会社

@/home/ec2-user/data/topics/1027 706
@/home/ec2-user/data/topics/1305 706
@/home/ec2-user/data/topics/3756 707
@/home/ec2-user/data/topics/4357 708
@/home/ec2-user/data/topics/1388 709
@/home/ec2-user/data/topics/3930 710
@/home/ec2-user/data/topics/1117 711
@/home/ec2-user/data/topics/4329 712
@/home/ec2-user/data/topics/4356 713
キヤノン株式会社

@/home/ec2-user/data/topics/1590 714
@/home/ec2-user/data/topics/4520 714
@/home/ec2-user/data/topics/1889 715
@/home/ec2-user/data/topics/3737 716
@/home/ec2-user/data/topics/3958 717
@/home/ec2-user/data/topics/1124 718
@/home/ec2-user/data/topics/1080 719
@/home/ec2-user/data/topics/1455 720
@/home/ec2-user/data/topics/3949 721
@/home/ec2-user/data/topics/2004 722
@/home/ec2-user/data/topics/1975 723
@/home/ec2-user/data/topics/2053 724
@/home/ec2-user/data/topics/3843 725
@/home/ec2-user/data/topics/3434 726
@/home/ec2-user/data/topics/1848 727
@/home/ec2-user/data/topics/1438 728
@/home/ec2-user/data/topics/2107 729
@/home/ec2-user/data/topics/3438 730
@/home/ec2-user/data/topics/3660 731
@/home/ec2-user/data/topics/1208 732
@/home/ec2-user/data/topics/1847 733
@/home/ec2-user/data/topics/3415 734
@/home/ec2-user/data/topics/3642 735
@/home/ec2-user/data/topics/1744 736
@/home/ec2-user/data/topics/3441 737
@/home/ec2-user/data/topics/3374 738
@/home/ec2-user/data/topics/3722 739
@/home/ec2-user/data/topics/4068 740
@/home/ec2-user/data/topics/4937 741
@/home/ec2-user/data/topics/3416 742
@/home/ec2-user/data/topics/4350 743
@/home/ec2-user/data/topics/4521 744
@/home/ec2-user/data/topics/1895 745
@/home/ec2-user/data/topics/4948 746
@/home/ec2-user/data/topics/3454 747
@/home/ec2-user/data/topics/3967 748
@/home/ec2-user/data/topics/1228 749
@/home/ec2-user/data/topics/3417 750
@/home/ec2-user/data/topics/1216 751
@/home/ec2-user/data/topics/3445 752
@/home/ec2-user/data/topics/3730 753
@/home/ec2-user/data/topics/4628 754
@/home/ec2-user/data/topics/3720 755
@/home/ec2-user/data/topics/3420 756
@/home/ec2-user/data/topics/3430 757
@/home/ec2-user/data/topics/4610 758
@/home/ec2-user/data/topics/1745 759
@/home/ec2-user/data/topics/2145 760
@/home/ec2-user/data/topics/2243 761
@/home/ec2-user/data/topics/1118 762
@/home/ec2-user/data/topics/3755 763
@/home/ec2-user/data/topics/3656 764
@/home/ec2-user/data/topics/4947 765
@/home/ec2-user/data/topics/4054 766
@/home/ec2-user/data/topics/1961 767
@/home/ec2-user/data/topics/2231 768
@/home/ec2-user/data/topics/2117 769
@/home/ec2-user/data/topics/3852 770
@/home/ec2-user/data/topics/1513 771
@/home/ec2-user/data/topics/1519 772
@/home/ec2-user/data/topics/3996 773
@/home/ec2-user/data/topics/1631 774
@/home/ec2-user/data/topics/1802 775
@/home/ec2-user/data/topics/1866 776
@/home/ec2-user/data/topics/4020 777
@/home/ec2-user/data/topics/3410 778
@/home/ec2-user/data/topics/4363 779
@/home/ec2-user/data/topics/1646 780
@/home/ec2-user/data/topics/1568 781
@/home/ec2-user/data/topics/3628 782
@/home/ec2-user/data/topics/1790 783
@/home/ec2-user/data/topics/3376 784
@/home/ec2-user/data/topics/1539 785
三洋電機株式会社

@/home/ec2-user/data/topics/3953 786
@/home/ec2-user/data/topics/3906 786
@/home/ec2-user/data/topics/2063 787
@/home/ec2-user/data/topics/4304 788
@/home/ec2-user/data/topics/3781 789
@/home/ec2-user/data/topics/3681 790
@/home/ec2-user/data/topics/1515 791
@/home/ec2-user/data/topics/4179 792
@/home/ec2-user/data/topics/4837 793
@/home/ec2-user/data/topics/1722 794
@/home/ec2-user/data/topics/4099 795
@/home/ec2-user/data/topics/3845 796
@/home/ec2-user/data/topics/3398 797
@/home/ec2-user/data/topics/3708 798
@/home/ec2-user/data/topics/4328 799
@/home/ec2-user/data/topics/4527 800
@/home/ec2-user/data/topics/4679 801
@/home/ec2-user/data/topics/3804 802
@/home/ec2-user/data/topics/3625 803
@/home/ec2-user/data/topics/4983 804
@/home/ec2-user/data/topics/4066 805
@/home/ec2-user/data/topics/1079 806
@/home/ec2-user/data/topics/1163 807
@/home/ec2-user/data/topics/4612 808
@/home/ec2-user/data/topics/5002 809
@/home/ec2-user/data/topics/4474 810
@/home/ec2-user/data/topics/2194 811
@/home/ec2-user/data/topics/3859 812
@/home/ec2-user/data/topics/4492 813
@/home/ec2-user/data/topics/4039 814
@/home/ec2-user/data/topics/1980 815
@/home/ec2-user/data/topics/4061 816
@/home/ec2-user/data/topics/4384 817
@/home/ec2-user/data/topics/1451 818
@/home/ec2-user/data/topics/1652 819
@/home/ec2-user/data/topics/4150 820
@/home/ec2-user/data/topics/4726 821
@/home/ec2-user/data/topics/1386 822
@/home/ec2-user/data/topics/4015 823
@/home/ec2-user/data/topics/3754 824
@/home/ec2-user/data/topics/4654 825
@/home/ec2-user/data/topics/3817 826
@/home/ec2-user/data/topics/2230 827
@/home/ec2-user/data/topics/3986 828
@/home/ec2-user/data/topics/5011 829
@/home/ec2-user/data/topics/3403 830
@/home/ec2-user/data/topics/3581 831
@/home/ec2-user/data/topics/1289 832
@/home/ec2-user/data/topics/1671 833
@/home/ec2-user/data/topics/4720 834
@/home/ec2-user/data/topics/1246 835
@/home/ec2-user/data/topics/3830 836
@/home/ec2-user/data/topics/2098 837
@/home/ec2-user/data/topics/1488 838
@/home/ec2-user/data/topics/4571 839
@/home/ec2-user/data/topics/4788 840
@/home/ec2-user/data/topics/4301 841
@/home/ec2-user/data/topics/3492 842
@/home/ec2-user/data/topics/3926 843
@/home/ec2-user/data/topics/3539 844
@/home/ec2-user/data/topics/3491 845
@/home/ec2-user/data/topics/4978 846
@/home/ec2-user/data/topics/2054 847
@/home/ec2-user/data/topics/1653 848
@/home/ec2-user/data/topics/4376 849
@/home/ec2-user/data/topics/4763 850
@/home/ec2-user/data/topics/2071 851
@/home/ec2-user/data/topics/1321 852
@/home/ec2-user/data/topics/3889 853
@/home/ec2-user/data/topics/1479 854
@/home/ec2-user/data/topics/4212 855
@/home/ec2-user/data/topics/4001 856
@/home/ec2-user/data/topics/4178 857
@/home/ec2-user/data/topics/3974 858
@/home/ec2-user/data/topics/3808 859
@/home/ec2-user/data/topics/4060 860
@/home/ec2-user/data/topics/4604 861
@/home/ec2-user/data/topics/4960 862
@/home/ec2-user/data/topics/2014 863
三菱電機株式会社

@/home/ec2-user/data/topics/3409 864
@/home/ec2-user/data/topics/3612 864
@/home/ec2-user/data/topics/3921 865
@/home/ec2-user/data/topics/3616 866
@/home/ec2-user/data/topics/1110 867
@/home/ec2-user/data/topics/4235 868
@/home/ec2-user/data/topics/3490 869
@/home/ec2-user/data/topics/1872 870
@/home/ec2-user/data/topics/5033 871
@/home/ec2-user/data/topics/3595 872
@/home/ec2-user/data/topics/4980 873
@/home/ec2-user/data/topics/5032 874
@/home/ec2-user/data/topics/3466 875
@/home/ec2-user/data/topics/3592 876
@/home/ec2-user/data/topics/1220 877
@/home/ec2-user/data/topics/4614 878
@/home/ec2-user/data/topics/2146 879
@/home/ec2-user/data/topics/3963 880
@/home/ec2-user/data/topics/4133 881
@/home/ec2-user/data/topics/3856 882
@/home/ec2-user/data/topics/3800 883
@/home/ec2-user/data/topics/4552 884
@/home/ec2-user/data/topics/4181 885
@/home/ec2-user/data/topics/4663 886
@/home/ec2-user/data/topics/4834 887
@/home/ec2-user/data/topics/1738 888
@/home/ec2-user/data/topics/3774 889
@/home/ec2-user/data/topics/4149 890
@/home/ec2-user/data/topics/3493 891
@/home/ec2-user/data/topics/4518 892
@/home/ec2-user/data/topics/3841 893
@/home/ec2-user/data/topics/3609 894
@/home/ec2-user/data/topics/4233 895
@/home/ec2-user/data/topics/3451 896
@/home/ec2-user/data/topics/4047 897
@/home/ec2-user/data/topics/3465 898
@/home/ec2-user/data/topics/3412 899
@/home/ec2-user/data/topics/4880 900
@/home/ec2-user/data/topics/3453 901
@/home/ec2-user/data/topics/4305 902
@/home/ec2-user/data/topics/4221 903
@/home/ec2-user/data/topics/4419 904
@/home/ec2-user/data/topics/3820 905
@/home/ec2-user/data/topics/3666 906
@/home/ec2-user/data/topics/3873 907
@/home/ec2-user/data/topics/4514 908
@/home/ec2-user/data/topics/3469 909
@/home/ec2-user/data/topics/1754 910
@/home/ec2-user/data/topics/3397 911
@/home/ec2-user/data/topics/1536 912
@/home/ec2-user/data/topics/4562 913
@/home/ec2-user/data/topics/1792 914
@/home/ec2-user/data/topics/4041 915
@/home/ec2-user/data/topics/4282 916
@/home/ec2-user/data/topics/3506 917
@/home/ec2-user/data/topics/4076 918
@/home/ec2-user/data/topics/3747 919
@/home/ec2-user/data/topics/4220 920
住友ゴム工業株式会社

@/home/ec2-user/data/topics/1114 921
@/home/ec2-user/data/topics/4048 921
@/home/ec2-user/data/topics/4597 922
@/home/ec2-user/data/topics/4568 923
@/home/ec2-user/data/topics/4406 924
@/home/ec2-user/data/topics/2007 925
@/home/ec2-user/data/topics/1758 926
セイコーエプソン株式会社

@/home/ec2-user/data/topics/4801 927
@/home/ec2-user/data/topics/1484 927
@/home/ec2-user/data/topics/3505 928
@/home/ec2-user/data/topics/1423 929
@/home/ec2-user/data/topics/2078 930
@/home/ec2-user/data/topics/4719 931
@/home/ec2-user/data/topics/4454 932
@/home/ec2-user/data/topics/1378 933
@/home/ec2-user/data/topics/3887 934
@/home/ec2-user/data/topics/4802 935
@/home/ec2-user/data/topics/3819 936
@/home/ec2-user/data/topics/4605 937
@/home/ec2-user/data/topics/4585 938
@/home/ec2-user/data/topics/4109 939
@/home/ec2-user/data/topics/1343 940
@/home/ec2-user/data/topics/1890 941
@/home/ec2-user/data/topics/3361 942
@/home/ec2-user/data/topics/3589 943
@/home/ec2-user/data/topics/3910 944
@/home/ec2-user/data/topics/2165 945
@/home/ec2-user/data/topics/3985 946
@/home/ec2-user/data/topics/4022 947
@/home/ec2-user/data/topics/3476 948
@/home/ec2-user/data/topics/4386 949
@/home/ec2-user/data/topics/1641 950
@/home/ec2-user/data/topics/1938 951
株式会社三共

@/home/ec2-user/data/topics/4374 952
@/home/ec2-user/data/topics/1648 952
@/home/ec2-user/data/topics/2123 953
@/home/ec2-user/data/topics/4868 954
@/home/ec2-user/data/topics/1665 955
@/home/ec2-user/data/topics/1377 956
@/home/ec2-user/data/topics/2060 957
@/home/ec2-user/data/topics/1189 958
@/home/ec2-user/data/topics/1086 959
沖電気工業株式会社

@/home/ec2-user/data/topics/4308 960
@/home/ec2-user/data/topics/4693 960
@/home/ec2-user/data/topics/3457 961
@/home/ec2-user/data/topics/3433 962
@/home/ec2-user/data/topics/1188 963
@/home/ec2-user/data/topics/3764 964
@/home/ec2-user/data/topics/3964 965
@/home/ec2-user/data/topics/4575 966
@/home/ec2-user/data/topics/3690 967
@/home/ec2-user/data/topics/3621 968
@/home/ec2-user/data/topics/3395 969
@/home/ec2-user/data/topics/1531 970
@/home/ec2-user/data/topics/3571 971
@/home/ec2-user/data/topics/4299 972
株式会社三星

@/home/ec2-user/data/topics/3942 973
@/home/ec2-user/data/topics/2108 973
@/home/ec2-user/data/topics/2198 974
@/home/ec2-user/data/topics/1728 975
@/home/ec2-user/data/topics/1733 976
@/home/ec2-user/data/topics/1260 977
日本ビクター株式会社

@/home/ec2-user/data/topics/4056 978
@/home/ec2-user/data/topics/3939 978
@/home/ec2-user/data/topics/4672 979
@/home/ec2-user/data/topics/1440 980
@/home/ec2-user/data/topics/3882 981
@/home/ec2-user/data/topics/3620 982
@/home/ec2-user/data/topics/1520 983
@/home/ec2-user/data/topics/4123 984
@/home/ec2-user/data/topics/1823 985
@/home/ec2-user/data/topics/3603 986
@/home/ec2-user/data/topics/1389 987
花王株式会社

@/home/ec2-user/data/topics/4287 988
@/home/ec2-user/data/topics/3753 988
@/home/ec2-user/data/topics/3999 989
@/home/ec2-user/data/topics/4445 990
@/home/ec2-user/data/topics/4827 991
@/home/ec2-user/data/topics/1767 992
@/home/ec2-user/data/topics/1022 993
@/home/ec2-user/data/topics/3812 994
@/home/ec2-user/data/topics/4211 995
@/home/ec2-user/data/topics/2214 996
@/home/ec2-user/data/topics/3884 997
@/home/ec2-user/data/topics/1196 998
@/home/ec2-user/data/topics/4249 999
三田工業株式会社

@/home/ec2-user/data/topics/1766 1000
@/home/ec2-user/data/topics/1033 1000
@/home/ec2-user/data/topics/3604 1001
@/home/ec2-user/data/topics/1269 1002
@/home/ec2-user/data/topics/2136 1003
@/home/ec2-user/data/topics/2155 1004
@/home/ec2-user/data/topics/3842 1005
@/home/ec2-user/data/topics/1034 1006
@/home/ec2-user/data/topics/3923 1007
豊丸産業株式会社

@/home/ec2-user/data/topics/2011 1008
@/home/ec2-user/data/topics/1097 1008
@/home/ec2-user/data/topics/2169 1009
@/home/ec2-user/data/topics/1713 1010
@/home/ec2-user/data/topics/1126 1011
@/home/ec2-user/data/topics/1677 1012
@/home/ec2-user/data/topics/1726 1013
@/home/ec2-user/data/topics/1284 1014
@/home/ec2-user/data/topics/1353 1015
@/home/ec2-user/data/topics/1138 1016
@/home/ec2-user/data/topics/1914 1017
@/home/ec2-user/data/topics/3672 1018
@/home/ec2-user/data/topics/1401 1019
@/home/ec2-user/data/topics/1588 1020
@/home/ec2-user/data/topics/4847 1021
鐘紡株式会社

@/home/ec2-user/data/topics/1842 1022
@/home/ec2-user/data/topics/2034 1022
@/home/ec2-user/data/topics/2185 1023
@/home/ec2-user/data/topics/1886 1024
@/home/ec2-user/data/topics/4195 1025
@/home/ec2-user/data/topics/1054 1026
@/home/ec2-user/data/topics/2223 1027
@/home/ec2-user/data/topics/3634 1028
@/home/ec2-user/data/topics/1367 1029
@/home/ec2-user/data/topics/1901 1030
@/home/ec2-user/data/topics/3560 1031
@/home/ec2-user/data/topics/1178 1032
@/home/ec2-user/data/topics/3566 1033
@/home/ec2-user/data/topics/1870 1034
@/home/ec2-user/data/topics/1304 1035
@/home/ec2-user/data/topics/3551 1036
株式会社デンソー

@/home/ec2-user/data/topics/3710 1037
@/home/ec2-user/data/topics/4164 1037
@/home/ec2-user/data/topics/4498 1038
@/home/ec2-user/data/topics/3480 1039
@/home/ec2-user/data/topics/4423 1040
@/home/ec2-user/data/topics/4675 1041
@/home/ec2-user/data/topics/3421 1042
@/home/ec2-user/data/topics/1028 1043
@/home/ec2-user/data/topics/4046 1044
@/home/ec2-user/data/topics/4805 1045
@/home/ec2-user/data/topics/4656 1046
@/home/ec2-user/data/topics/4622 1047
@/home/ec2-user/data/topics/3406 1048
@/home/ec2-user/data/topics/4483 1049
@/home/ec2-user/data/topics/4840 1050
@/home/ec2-user/data/topics/1855 1051
@/home/ec2-user/data/topics/4024 1052
富士写真フイルム株式会社

@/home/ec2-user/data/topics/1662 1053
@/home/ec2-user/data/topics/3447 1053
@/home/ec2-user/data/topics/1570 1054
@/home/ec2-user/data/topics/1603 1055
@/home/ec2-user/data/topics/3857 1056
@/home/ec2-user/data/topics/3918 1057
@/home/ec2-user/data/topics/3911 1058
@/home/ec2-user/data/topics/3354 1059
@/home/ec2-user/data/topics/1244 1060
@/home/ec2-user/data/topics/2134 1061
@/home/ec2-user/data/topics/4962 1062
京セラ株式会社

@/home/ec2-user/data/topics/4513 1063
@/home/ec2-user/data/topics/3615 1063
@/home/ec2-user/data/topics/1708 1064
@/home/ec2-user/data/topics/1485 1065
@/home/ec2-user/data/topics/1741 1066
@/home/ec2-user/data/topics/3869 1067
@/home/ec2-user/data/topics/4340 1068
@/home/ec2-user/data/topics/3741 1069
@/home/ec2-user/data/topics/4901 1070
@/home/ec2-user/data/topics/4031 1071
@/home/ec2-user/data/topics/1913 1072
@/home/ec2-user/data/topics/3593 1073
イビデン株式会社

@/home/ec2-user/data/topics/2033 1074
@/home/ec2-user/data/topics/1336 1074
@/home/ec2-user/data/topics/1682 1075
@/home/ec2-user/data/topics/1952 1076
@/home/ec2-user/data/topics/1315 1077
@/home/ec2-user/data/topics/1770 1078
@/home/ec2-user/data/topics/3814 1079
株式会社東芝

@/home/ec2-user/data/topics/3890 1080
@/home/ec2-user/data/topics/4842 1080
@/home/ec2-user/data/topics/4912 1081
@/home/ec2-user/data/topics/3834 1082
@/home/ec2-user/data/topics/4302 1083
@/home/ec2-user/data/topics/3780 1084
@/home/ec2-user/data/topics/3881 1085
@/home/ec2-user/data/topics/4631 1086
@/home/ec2-user/data/topics/4336 1087
@/home/ec2-user/data/topics/1756 1088
@/home/ec2-user/data/topics/3734 1089
@/home/ec2-user/data/topics/3732 1090
@/home/ec2-user/data/topics/1585 1091
@/home/ec2-user/data/topics/3689 1092
@/home/ec2-user/data/topics/4535 1093
@/home/ec2-user/data/topics/4935 1094
@/home/ec2-user/data/topics/3360 1095
@/home/ec2-user/data/topics/4089 1096
@/home/ec2-user/data/topics/3716 1097
@/home/ec2-user/data/topics/1757 1098
@/home/ec2-user/data/topics/4594 1099
@/home/ec2-user/data/topics/3352 1100
@/home/ec2-user/data/topics/2241 1101
@/home/ec2-user/data/topics/4183 1102
@/home/ec2-user/data/topics/3988 1103
@/home/ec2-user/data/topics/4172 1104
@/home/ec2-user/data/topics/4623 1105
@/home/ec2-user/data/topics/3598 1106
@/home/ec2-user/data/topics/3351 1107
@/home/ec2-user/data/topics/1332 1108
@/home/ec2-user/data/topics/1090 1109
@/home/ec2-user/data/topics/1819 1110
@/home/ec2-user/data/topics/3363 1111
@/home/ec2-user/data/topics/4863 1112
@/home/ec2-user/data/topics/4140 1113
@/home/ec2-user/data/topics/4096 1114
@/home/ec2-user/data/topics/3851 1115
@/home/ec2-user/data/topics/3795 1116
@/home/ec2-user/data/topics/4197 1117
@/home/ec2-user/data/topics/3462 1118
@/home/ec2-user/data/topics/4881 1119
@/home/ec2-user/data/topics/4009 1120
@/home/ec2-user/data/topics/4755 1121
@/home/ec2-user/data/topics/4165 1122
@/home/ec2-user/data/topics/4566 1123
@/home/ec2-user/data/topics/4361 1124
@/home/ec2-user/data/topics/1132 1125
@/home/ec2-user/data/topics/3990 1126
@/home/ec2-user/data/topics/1205 1127
@/home/ec2-user/data/topics/4057 1128
@/home/ec2-user/data/topics/4509 1129
@/home/ec2-user/data/topics/4381 1130
@/home/ec2-user/data/topics/3683 1131
@/home/ec2-user/data/topics/4751 1132
@/home/ec2-user/data/topics/3542 1133
@/home/ec2-user/data/topics/4292 1134
@/home/ec2-user/data/topics/3948 1135
@/home/ec2-user/data/topics/3618 1136
@/home/ec2-user/data/topics/3688 1137
@/home/ec2-user/data/topics/1997 1138
@/home/ec2-user/data/topics/3380 1139
ヤマハ株式会社

@/home/ec2-user/data/topics/4177 1140
@/home/ec2-user/data/topics/1443 1140
@/home/ec2-user/data/topics/1911 1141
@/home/ec2-user/data/topics/4084 1142
@/home/ec2-user/data/topics/3972 1143
@/home/ec2-user/data/topics/4954 1144
@/home/ec2-user/data/topics/4125 1145
@/home/ec2-user/data/topics/1720 1146
@/home/ec2-user/data/topics/1676 1147
@/home/ec2-user/data/topics/4010 1148
@/home/ec2-user/data/topics/4145 1149
@/home/ec2-user/data/topics/4045 1150
@/home/ec2-user/data/topics/4919 1151
東洋紡績株式会社

@/home/ec2-user/data/topics/4362 1152
@/home/ec2-user/data/topics/4366 1152
@/home/ec2-user/data/topics/1029 1153
@/home/ec2-user/data/topics/1613 1154
@/home/ec2-user/data/topics/4284 1155
@/home/ec2-user/data/topics/3769 1156
三菱化学株式会社

@/home/ec2-user/data/topics/3458 1157
@/home/ec2-user/data/topics/3638 1157
@/home/ec2-user/data/topics/1902 1158
@/home/ec2-user/data/topics/1197 1159
@/home/ec2-user/data/topics/3513 1160
@/home/ec2-user/data/topics/1699 1161
カシオ計算機株式会社

@/home/ec2-user/data/topics/2180 1162
@/home/ec2-user/data/topics/1235 1162
@/home/ec2-user/data/topics/1368 1163
@/home/ec2-user/data/topics/1535 1164
@/home/ec2-user/data/topics/3391 1165
@/home/ec2-user/data/topics/2237 1166
@/home/ec2-user/data/topics/1047 1167
@/home/ec2-user/data/topics/1794 1168
コナミ株式会社

@/home/ec2-user/data/topics/1672 1169
@/home/ec2-user/data/topics/2100 1169
@/home/ec2-user/data/topics/1302 1170
@/home/ec2-user/data/topics/4602 1171
@/home/ec2-user/data/topics/2151 1172
@/home/ec2-user/data/topics/4681 1173
@/home/ec2-user/data/topics/5015 1174
@/home/ec2-user/data/topics/1621 1175
大日本スクリーン製造株式会社

@/home/ec2-user/data/topics/1130 1176
@/home/ec2-user/data/topics/3742 1176
@/home/ec2-user/data/topics/1608 1177
@/home/ec2-user/data/topics/2172 1178
@/home/ec2-user/data/topics/1779 1179
@/home/ec2-user/data/topics/2209 1180
@/home/ec2-user/data/topics/1173 1181
オムロン株式会社

@/home/ec2-user/data/topics/3597 1182
@/home/ec2-user/data/topics/3594 1182
@/home/ec2-user/data/topics/1533 1183
@/home/ec2-user/data/topics/1067 1184
@/home/ec2-user/data/topics/1579 1185
@/home/ec2-user/data/topics/1933 1186
@/home/ec2-user/data/topics/3863 1187
@/home/ec2-user/data/topics/2096 1188
@/home/ec2-user/data/topics/1841 1189
@/home/ec2-user/data/topics/1135 1190
@/home/ec2-user/data/topics/3700 1191
@/home/ec2-user/data/topics/1657 1192
@/home/ec2-user/data/topics/1151 1193
@/home/ec2-user/data/topics/4771 1194
@/home/ec2-user/data/topics/3748 1195
株式会社日立製作所

@/home/ec2-user/data/topics/3691 1196
@/home/ec2-user/data/topics/1334 1196
@/home/ec2-user/data/topics/1882 1197
@/home/ec2-user/data/topics/3599 1198
@/home/ec2-user/data/topics/1825 1199
@/home/ec2-user/data/topics/2184 1200
@/home/ec2-user/data/topics/3461 1201
@/home/ec2-user/data/topics/1105 1202
@/home/ec2-user/data/topics/1562 1203
@/home/ec2-user/data/topics/1082 1204
@/home/ec2-user/data/topics/4493 1205
@/home/ec2-user/data/topics/4559 1206
@/home/ec2-user/data/topics/1463 1207
@/home/ec2-user/data/topics/4547 1208
@/home/ec2-user/data/topics/3779 1209
@/home/ec2-user/data/topics/1693 1210
@/home/ec2-user/data/topics/3973 1211
@/home/ec2-user/data/topics/2081 1212
@/home/ec2-user/data/topics/4943 1213
@/home/ec2-user/data/topics/1249 1214
@/home/ec2-user/data/topics/5029 1215
@/home/ec2-user/data/topics/3772 1216
@/home/ec2-user/data/topics/1072 1217
@/home/ec2-user/data/topics/4040 1218
@/home/ec2-user/data/topics/4166 1219
@/home/ec2-user/data/topics/3648 1220
@/home/ec2-user/data/topics/3822 1221
@/home/ec2-user/data/topics/3706 1222
@/home/ec2-user/data/topics/1247 1223
@/home/ec2-user/data/topics/3531 1224
@/home/ec2-user/data/topics/2239 1225
@/home/ec2-user/data/topics/4420 1226
@/home/ec2-user/data/topics/1833 1227
@/home/ec2-user/data/topics/3488 1228
@/home/ec2-user/data/topics/3432 1229
@/home/ec2-user/data/topics/1340 1230
@/home/ec2-user/data/topics/3596 1231
@/home/ec2-user/data/topics/4545 1232
@/home/ec2-user/data/topics/5030 1233
@/home/ec2-user/data/topics/3968 1234
@/home/ec2-user/data/topics/4799 1235
@/home/ec2-user/data/topics/1501 1236
@/home/ec2-user/data/topics/4122 1237
@/home/ec2-user/data/topics/4621 1238
@/home/ec2-user/data/topics/1987 1239
@/home/ec2-user/data/topics/3570 1240
@/home/ec2-user/data/topics/4551 1241
@/home/ec2-user/data/topics/3993 1242
@/home/ec2-user/data/topics/1667 1243
@/home/ec2-user/data/topics/3965 1244
@/home/ec2-user/data/topics/3471 1245
@/home/ec2-user/data/topics/3350 1246
@/home/ec2-user/data/topics/3384 1247
@/home/ec2-user/data/topics/1296 1248
@/home/ec2-user/data/topics/3665 1249
@/home/ec2-user/data/topics/3439 1250
@/home/ec2-user/data/topics/1651 1251
@/home/ec2-user/data/topics/1487 1252
@/home/ec2-user/data/topics/1880 1253
@/home/ec2-user/data/topics/4401 1254
@/home/ec2-user/data/topics/4489 1255
@/home/ec2-user/data/topics/4830 1256
@/home/ec2-user/data/topics/1826 1257
@/home/ec2-user/data/topics/4058 1258
@/home/ec2-user/data/topics/3994 1259
@/home/ec2-user/data/topics/1278 1260
@/home/ec2-user/data/topics/3524 1261
@/home/ec2-user/data/topics/2019 1262
@/home/ec2-user/data/topics/4402 1263
@/home/ec2-user/data/topics/3659 1264
@/home/ec2-user/data/topics/3440 1265
@/home/ec2-user/data/topics/4990 1266
@/home/ec2-user/data/topics/1640 1267
@/home/ec2-user/data/topics/3588 1268
凸版印刷株式会社

@/home/ec2-user/data/topics/4874 1269
@/home/ec2-user/data/topics/3500 1269
@/home/ec2-user/data/topics/1977 1270
@/home/ec2-user/data/topics/1765 1271
@/home/ec2-user/data/topics/3624 1272
@/home/ec2-user/data/topics/1091 1273
@/home/ec2-user/data/topics/3526 1274
株式会社ノーリツ

@/home/ec2-user/data/topics/1760 1275
@/home/ec2-user/data/topics/1598 1275
@/home/ec2-user/data/topics/4776 1276
@/home/ec2-user/data/topics/1290 1277
@/home/ec2-user/data/topics/1618 1278
@/home/ec2-user/data/topics/2116 1279
@/home/ec2-user/data/topics/4354 1280
@/home/ec2-user/data/topics/4206 1281
川崎重工業株式会社

@/home/ec2-user/data/topics/4756 1282
@/home/ec2-user/data/topics/4793 1282
@/home/ec2-user/data/topics/1172 1283
@/home/ec2-user/data/topics/4572 1284
@/home/ec2-user/data/topics/1162 1285
@/home/ec2-user/data/topics/4944 1286
@/home/ec2-user/data/topics/5025 1287
@/home/ec2-user/data/topics/4866 1288
ティーディーケイ株式会社

@/home/ec2-user/data/topics/3798 1289
@/home/ec2-user/data/topics/2210 1289
@/home/ec2-user/data/topics/1510 1290
@/home/ec2-user/data/topics/1409 1291
@/home/ec2-user/data/topics/3909 1292
@/home/ec2-user/data/topics/4619 1293
@/home/ec2-user/data/topics/1129 1294
@/home/ec2-user/data/topics/2202 1295
@/home/ec2-user/data/topics/3792 1296
京セラミタ株式会社

@/home/ec2-user/data/topics/1930 1297
@/home/ec2-user/data/topics/2141 1297
@/home/ec2-user/data/topics/4973 1298
@/home/ec2-user/data/topics/4174 1299
@/home/ec2-user/data/topics/4985 1300
@/home/ec2-user/data/topics/4564 1301
@/home/ec2-user/data/topics/1032 1302
株式会社クボタ

@/home/ec2-user/data/topics/3823 1303
@/home/ec2-user/data/topics/1012 1303
@/home/ec2-user/data/topics/4745 1304
@/home/ec2-user/data/topics/1280 1305
@/home/ec2-user/data/topics/3854 1306
@/home/ec2-user/data/topics/1448 1307
@/home/ec2-user/data/topics/4379 1308
@/home/ec2-user/data/topics/1734 1309
@/home/ec2-user/data/topics/4251 1310
@/home/ec2-user/data/topics/3919 1311
シャープ株式会社

@/home/ec2-user/data/topics/4228 1312
@/home/ec2-user/data/topics/1965 1312
@/home/ec2-user/data/topics/3858 1313
@/home/ec2-user/data/topics/4113 1314
@/home/ec2-user/data/topics/3813 1315
@/home/ec2-user/data/topics/2020 1316
@/home/ec2-user/data/topics/1384 1317
@/home/ec2-user/data/topics/4744 1318
@/home/ec2-user/data/topics/1349 1319
@/home/ec2-user/data/topics/4103 1320
@/home/ec2-user/data/topics/4263 1321
@/home/ec2-user/data/topics/4173 1322
@/home/ec2-user/data/topics/3776 1323
@/home/ec2-user/data/topics/1154 1324
@/home/ec2-user/data/topics/3649 1325
@/home/ec2-user/data/topics/4516 1326
@/home/ec2-user/data/topics/4430 1327
@/home/ec2-user/data/topics/4683 1328
@/home/ec2-user/data/topics/3957 1329
@/home/ec2-user/data/topics/3760 1330
@/home/ec2-user/data/topics/3673 1331
@/home/ec2-user/data/topics/4095 1332
@/home/ec2-user/data/topics/3895 1333
@/home/ec2-user/data/topics/3966 1334
@/home/ec2-user/data/topics/1288 1335
@/home/ec2-user/data/topics/2087 1336
@/home/ec2-user/data/topics/3981 1337
@/home/ec2-user/data/topics/4349 1338
@/home/ec2-user/data/topics/4583 1339
@/home/ec2-user/data/topics/1431 1340
@/home/ec2-user/data/topics/4648 1341
@/home/ec2-user/data/topics/3941 1342
@/home/ec2-user/data/topics/1396 1343
@/home/ec2-user/data/topics/4861 1344
@/home/ec2-user/data/topics/3777 1345
@/home/ec2-user/data/topics/4005 1346
@/home/ec2-user/data/topics/3422 1347
@/home/ec2-user/data/topics/4127 1348
@/home/ec2-user/data/topics/4245 1349
@/home/ec2-user/data/topics/4252 1350
@/home/ec2-user/data/topics/4019 1351
@/home/ec2-user/data/topics/3606 1352
@/home/ec2-user/data/topics/4519 1353
@/home/ec2-user/data/topics/1685 1354
@/home/ec2-user/data/topics/3450 1355
@/home/ec2-user/data/topics/3698 1356
@/home/ec2-user/data/topics/3978 1357
@/home/ec2-user/data/topics/3578 1358
@/home/ec2-user/data/topics/1209 1359
@/home/ec2-user/data/topics/4323 1360
@/home/ec2-user/data/topics/3871 1361
@/home/ec2-user/data/topics/1258 1362
@/home/ec2-user/data/topics/1840 1363
@/home/ec2-user/data/topics/3855 1364
@/home/ec2-user/data/topics/3762 1365
@/home/ec2-user/data/topics/1804 1366
@/home/ec2-user/data/topics/3610 1367
@/home/ec2-user/data/topics/4717 1368
@/home/ec2-user/data/topics/4105 1369
@/home/ec2-user/data/topics/1563 1370
@/home/ec2-user/data/topics/2118 1371
@/home/ec2-user/data/topics/3537 1372
@/home/ec2-user/data/topics/4124 1373
@/home/ec2-user/data/topics/3452 1374
@/home/ec2-user/data/topics/3679 1375
@/home/ec2-user/data/topics/3678 1376
@/home/ec2-user/data/topics/4469 1377
@/home/ec2-user/data/topics/2084 1378
@/home/ec2-user/data/topics/1970 1379
@/home/ec2-user/data/topics/1174 1380
@/home/ec2-user/data/topics/4782 1381
@/home/ec2-user/data/topics/4230 1382
@/home/ec2-user/data/topics/4214 1383
@/home/ec2-user/data/topics/3793 1384
@/home/ec2-user/data/topics/1318 1385
@/home/ec2-user/data/topics/4152 1386
@/home/ec2-user/data/topics/4691 1387
@/home/ec2-user/data/topics/1419 1388
@/home/ec2-user/data/topics/1561 1389
@/home/ec2-user/data/topics/4256 1390
@/home/ec2-user/data/topics/3832 1391
日本輸送機株式会社

@/home/ec2-user/data/topics/3573 1392
@/home/ec2-user/data/topics/1940 1392
@/home/ec2-user/data/topics/2065 1393
@/home/ec2-user/data/topics/1456 1394
@/home/ec2-user/data/topics/1493 1395
@/home/ec2-user/data/topics/1191 1396
@/home/ec2-user/data/topics/1108 1397
@/home/ec2-user/data/topics/2221 1398
東京エレクトロン株式会社

@/home/ec2-user/data/topics/1736 1399
@/home/ec2-user/data/topics/4002 1399
@/home/ec2-user/data/topics/1508 1400
@/home/ec2-user/data/topics/3947 1401
@/home/ec2-user/data/topics/4345 1402
@/home/ec2-user/data/topics/4023 1403
@/home/ec2-user/data/topics/4053 1404
@/home/ec2-user/data/topics/1800 1405
@/home/ec2-user/data/topics/4702 1406
@/home/ec2-user/data/topics/4906 1407
@/home/ec2-user/data/topics/4618 1408
@/home/ec2-user/data/topics/1263 1409
株式会社村田製作所

@/home/ec2-user/data/topics/4271 1410
@/home/ec2-user/data/topics/3697 1410
@/home/ec2-user/data/topics/4163 1411
@/home/ec2-user/data/topics/1411 1412
@/home/ec2-user/data/topics/3885 1413
@/home/ec2-user/data/topics/3482 1414
@/home/ec2-user/data/topics/2229 1415
@/home/ec2-user/data/topics/4378 1416
@/home/ec2-user/data/topics/4070 1417
@/home/ec2-user/data/topics/4042 1418
@/home/ec2-user/data/topics/4417 1419
@/home/ec2-user/data/topics/4795 1420
@/home/ec2-user/data/topics/4325 1421
@/home/ec2-user/data/topics/3435 1422
@/home/ec2-user/data/topics/4703 1423
@/home/ec2-user/data/topics/1374 1424
@/home/ec2-user/data/topics/4432 1425
日本電信電話株式会社

@/home/ec2-user/data/topics/4511 1426
@/home/ec2-user/data/topics/4131 1426
@/home/ec2-user/data/topics/4335 1427
@/home/ec2-user/data/topics/4865 1428
@/home/ec2-user/data/topics/3536 1429
@/home/ec2-user/data/topics/3824 1430
@/home/ec2-user/data/topics/3650 1431
@/home/ec2-user/data/topics/4121 1432
@/home/ec2-user/data/topics/4836 1433
@/home/ec2-user/data/topics/1787 1434
@/home/ec2-user/data/topics/4208 1435
@/home/ec2-user/data/topics/1408 1436
@/home/ec2-user/data/topics/4025 1437
@/home/ec2-user/data/topics/4952 1438
@/home/ec2-user/data/topics/1042 1439
@/home/ec2-user/data/topics/1230 1440
@/home/ec2-user/data/topics/3509 1441
@/home/ec2-user/data/topics/3552 1442
@/home/ec2-user/data/topics/4965 1443
@/home/ec2-user/data/topics/4443 1444
@/home/ec2-user/data/topics/4175 1445
@/home/ec2-user/data/topics/2017 1446
@/home/ec2-user/data/topics/4505 1447
@/home/ec2-user/data/topics/4916 1448
@/home/ec2-user/data/topics/1229 1449
@/home/ec2-user/data/topics/1556 1450
@/home/ec2-user/data/topics/3915 1451
@/home/ec2-user/data/topics/4488 1452
@/home/ec2-user/data/topics/3928 1453
@/home/ec2-user/data/topics/4792 1454
@/home/ec2-user/data/topics/4118 1455
@/home/ec2-user/data/topics/3359 1456
@/home/ec2-user/data/topics/4560 1457
@/home/ec2-user/data/topics/4114 1458
@/home/ec2-user/data/topics/3568 1459
@/home/ec2-user/data/topics/4146 1460
@/home/ec2-user/data/topics/3811 1461
@/home/ec2-user/data/topics/4087 1462
@/home/ec2-user/data/topics/3544 1463
@/home/ec2-user/data/topics/3425 1464
@/home/ec2-user/data/topics/4115 1465
@/home/ec2-user/data/topics/3586 1466
@/home/ec2-user/data/topics/4664 1467
@/home/ec2-user/data/topics/3894 1468
@/home/ec2-user/data/topics/1809 1469
@/home/ec2-user/data/topics/4964 1470
@/home/ec2-user/data/topics/3785 1471
@/home/ec2-user/data/topics/4925 1472
@/home/ec2-user/data/topics/1934 1473
@/home/ec2-user/data/topics/3927 1474
@/home/ec2-user/data/topics/4232 1475
@/home/ec2-user/data/topics/3641 1476
@/home/ec2-user/data/topics/4870 1477
@/home/ec2-user/data/topics/3521 1478
@/home/ec2-user/data/topics/4104 1479
@/home/ec2-user/data/topics/2130 1480
日本鋼管株式会社

@/home/ec2-user/data/topics/4161 1481
@/home/ec2-user/data/topics/3572 1481
@/home/ec2-user/data/topics/1404 1482
@/home/ec2-user/data/topics/2095 1483
@/home/ec2-user/data/topics/4455 1484
@/home/ec2-user/data/topics/4289 1485
@/home/ec2-user/data/topics/1690 1486
株式会社神戸製鋼所

@/home/ec2-user/data/topics/3632 1487
@/home/ec2-user/data/topics/3902 1487
@/home/ec2-user/data/topics/2064 1488
@/home/ec2-user/data/topics/4949 1489
@/home/ec2-user/data/topics/3475 1490
@/home/ec2-user/data/topics/3674 1491
@/home/ec2-user/data/topics/1465 1492
株式会社ケンウッド

@/home/ec2-user/data/topics/1115 1493
@/home/ec2-user/data/topics/3794 1493
@/home/ec2-user/data/topics/3463 1494
@/home/ec2-user/data/topics/1698 1495
@/home/ec2-user/data/topics/1345 1496
@/home/ec2-user/data/topics/3878 1497
@/home/ec2-user/data/topics/3969 1498
@/home/ec2-user/data/topics/4038 1499
@/home/ec2-user/data/topics/4050 1500
@/home/ec2-user/data/topics/4467 1501
@/home/ec2-user/data/topics/4167 1502
@/home/ec2-user/data/topics/1617 1503
@/home/ec2-user/data/topics/2036 1504
@/home/ec2-user/data/topics/2163 1505
@/home/ec2-user/data/topics/3977 1506
@/home/ec2-user/data/topics/3839 1507
@/home/ec2-user/data/topics/1896 1508
@/home/ec2-user/data/topics/3801 1509
@/home/ec2-user/data/topics/1241 1510
@/home/ec2-user/data/topics/1424 1511
@/home/ec2-user/data/topics/1186 1512
東陶機器株式会社

@/home/ec2-user/data/topics/2135 1513
@/home/ec2-user/data/topics/3821 1513
@/home/ec2-user/data/topics/3583 1514
@/home/ec2-user/data/topics/1735 1515
@/home/ec2-user/data/topics/1692 1516
@/home/ec2-user/data/topics/1626 1517
本田技研工業株式会社

@/home/ec2-user/data/topics/1822 1518
@/home/ec2-user/data/topics/4375 1518
@/home/ec2-user/data/topics/1605 1519
@/home/ec2-user/data/topics/4331 1520
@/home/ec2-user/data/topics/4033 1521
@/home/ec2-user/data/topics/4888 1522
@/home/ec2-user/data/topics/1266 1523
@/home/ec2-user/data/topics/2000 1524
@/home/ec2-user/data/topics/4783 1525
@/home/ec2-user/data/topics/1444 1526
@/home/ec2-user/data/topics/1215 1527
@/home/ec2-user/data/topics/1226 1528
@/home/ec2-user/data/topics/3685 1529
@/home/ec2-user/data/topics/1143 1530
@/home/ec2-user/data/topics/1818 1531
@/home/ec2-user/data/topics/2016 1532
@/home/ec2-user/data/topics/4132 1533
@/home/ec2-user/data/topics/4199 1534
@/home/ec2-user/data/topics/5026 1535
新日本製鐵株式会社

@/home/ec2-user/data/topics/5008 1536
@/home/ec2-user/data/topics/4472 1536
@/home/ec2-user/data/topics/3861 1537
@/home/ec2-user/data/topics/3899 1538
@/home/ec2-user/data/topics/3368 1539
@/home/ec2-user/data/topics/3663 1540
松下電工株式会社

@/home/ec2-user/data/topics/3778 1541
@/home/ec2-user/data/topics/1803 1541
@/home/ec2-user/data/topics/1311 1542
@/home/ec2-user/data/topics/3670 1543
@/home/ec2-user/data/topics/4029 1544
@/home/ec2-user/data/topics/4347 1545
@/home/ec2-user/data/topics/3932 1546
@/home/ec2-user/data/topics/4450 1547
@/home/ec2-user/data/topics/4083 1548
@/home/ec2-user/data/topics/3835 1549
@/home/ec2-user/data/topics/4317 1550
@/home/ec2-user/data/topics/4094 1551
@/home/ec2-user/data/topics/1011 1552
@/home/ec2-user/data/topics/3565 1553
@/home/ec2-user/data/topics/3651 1554
@/home/ec2-user/data/topics/3549 1555
@/home/ec2-user/data/topics/4012 1556
@/home/ec2-user/data/topics/1251 1557
@/home/ec2-user/data/topics/2045 1558
@/home/ec2-user/data/topics/3511 1559
@/home/ec2-user/data/topics/3379 1560
@/home/ec2-user/data/topics/4592 1561
usernum: 72
hit: 712
simhit: 983
simmax: 0.769230769231
simmin: 0.0151515151515
simavg: 0.20496607974
dlmax: 0.124461094007
dlmin: 0.00714768129675
dlavg: 0.0330155202231
mthit: 1075
mthls: 10
srp: 1033.55
total: 1562
hit/total: 0.455825864277
simhit/total: 0.629321382843
mthit/(total+usernum): 0.657894736842
mthls/(total+usernum): 0.00611995104039
srp/(total+usernum): 0.0903610771114
srp20/(total+usernum): 0.0258393075713
srp100/(total+usernum): 0.0534245497465
srp500/(total+usernum): 0.0776030774611

2017-01-12 04:56:30.730249
