2016-12-22 11:36:05.640546

topic-folder:/home/ec2-user/data/topics/
cl-file:rand
cl-floder:/home/ec2-user/data/lsaclass/
zipf:0.4
stype[0(tfidf)/1(tfidf2)/2(lsa)/3(lda)]:2
dtype[<0(diff*rand)/0(diff)/1(same)/>=2(diff*same)]:1
output-floder:/home/ec2-user/git/userquery/result

三菱マテリアル株式会社

@/home/ec2-user/data/topics/2093 0
@/home/ec2-user/data/topics/1638 0
@/home/ec2-user/data/topics/3630 1
@/home/ec2-user/data/topics/3546 2
@/home/ec2-user/data/topics/1085 3
@/home/ec2-user/data/topics/3520 4
@/home/ec2-user/data/topics/3866 5
@/home/ec2-user/data/topics/3470 6
日本精機株式会社

@/home/ec2-user/data/topics/4875 7
@/home/ec2-user/data/topics/4690 7
@/home/ec2-user/data/topics/4907 8
@/home/ec2-user/data/topics/4972 9
@/home/ec2-user/data/topics/1398 10
@/home/ec2-user/data/topics/4709 11
コニカ株式会社

@/home/ec2-user/data/topics/2162 12
@/home/ec2-user/data/topics/3533 12
@/home/ec2-user/data/topics/3418 13
@/home/ec2-user/data/topics/3426 14
@/home/ec2-user/data/topics/3419 15
@/home/ec2-user/data/topics/3357 16
@/home/ec2-user/data/topics/3370 17
@/home/ec2-user/data/topics/3486 18
@/home/ec2-user/data/topics/3414 19
@/home/ec2-user/data/topics/3431 20
@/home/ec2-user/data/topics/1946 21
埼玉日本電気株式会社

@/home/ec2-user/data/topics/4998 22
@/home/ec2-user/data/topics/1620 22
@/home/ec2-user/data/topics/5010 23
@/home/ec2-user/data/topics/1512 24
@/home/ec2-user/data/topics/4496 25
@/home/ec2-user/data/topics/4279 26
@/home/ec2-user/data/topics/4468 27
@/home/ec2-user/data/topics/4283 28
@/home/ec2-user/data/topics/4242 29
アルプス電気株式会社

@/home/ec2-user/data/topics/3582 30
@/home/ec2-user/data/topics/1434 30
@/home/ec2-user/data/topics/2089 31
@/home/ec2-user/data/topics/3429 32
@/home/ec2-user/data/topics/4791 33
@/home/ec2-user/data/topics/2012 34
@/home/ec2-user/data/topics/1253 35
三菱重工業株式会社

@/home/ec2-user/data/topics/4862 36
@/home/ec2-user/data/topics/3591 36
@/home/ec2-user/data/topics/4882 37
@/home/ec2-user/data/topics/4687 38
@/home/ec2-user/data/topics/3529 39
@/home/ec2-user/data/topics/3833 40
@/home/ec2-user/data/topics/5022 41
@/home/ec2-user/data/topics/4563 42
@/home/ec2-user/data/topics/3503 43
@/home/ec2-user/data/topics/3944 44
@/home/ec2-user/data/topics/4412 45
@/home/ec2-user/data/topics/3637 46
村田機械株式会社

@/home/ec2-user/data/topics/4746 47
@/home/ec2-user/data/topics/4835 47
@/home/ec2-user/data/topics/4441 48
@/home/ec2-user/data/topics/4596 49
@/home/ec2-user/data/topics/1074 50
@/home/ec2-user/data/topics/5000 51
@/home/ec2-user/data/topics/4645 52
@/home/ec2-user/data/topics/1293 53
@/home/ec2-user/data/topics/1607 54
@/home/ec2-user/data/topics/4556 55
@/home/ec2-user/data/topics/4638 56
@/home/ec2-user/data/topics/4565 57
@/home/ec2-user/data/topics/4570 58
@/home/ec2-user/data/topics/4941 59
@/home/ec2-user/data/topics/3528 60
@/home/ec2-user/data/topics/3740 61
@/home/ec2-user/data/topics/1511 62
川崎製鉄株式会社

@/home/ec2-user/data/topics/3611 63
@/home/ec2-user/data/topics/1459 63
@/home/ec2-user/data/topics/3413 64
@/home/ec2-user/data/topics/3553 65
@/home/ec2-user/data/topics/1037 66
@/home/ec2-user/data/topics/3483 67
@/home/ec2-user/data/topics/3532 68
@/home/ec2-user/data/topics/4615 69
@/home/ec2-user/data/topics/3929 70
ダイキン工業株式会社

@/home/ec2-user/data/topics/4845 71
@/home/ec2-user/data/topics/1565 71
@/home/ec2-user/data/topics/4734 72
@/home/ec2-user/data/topics/4701 73
@/home/ec2-user/data/topics/4515 74
@/home/ec2-user/data/topics/4858 75
@/home/ec2-user/data/topics/1600 76
@/home/ec2-user/data/topics/4367 77
@/home/ec2-user/data/topics/4400 78
@/home/ec2-user/data/topics/4753 79
@/home/ec2-user/data/topics/3888 80
三菱自動車工業株式会社

@/home/ec2-user/data/topics/2101 81
@/home/ec2-user/data/topics/4189 81
@/home/ec2-user/data/topics/3502 82
@/home/ec2-user/data/topics/3815 83
@/home/ec2-user/data/topics/1816 84
@/home/ec2-user/data/topics/1428 85
@/home/ec2-user/data/topics/3940 86
@/home/ec2-user/data/topics/1527 87
日産自動車株式会社

@/home/ec2-user/data/topics/3936 88
@/home/ec2-user/data/topics/3645 88
@/home/ec2-user/data/topics/3829 89
@/home/ec2-user/data/topics/4074 90
@/home/ec2-user/data/topics/4982 91
@/home/ec2-user/data/topics/3497 92
@/home/ec2-user/data/topics/3501 93
@/home/ec2-user/data/topics/3489 94
@/home/ec2-user/data/topics/3712 95
@/home/ec2-user/data/topics/3677 96
@/home/ec2-user/data/topics/3723 97
トヨタ自動車株式会社

@/home/ec2-user/data/topics/4298 98
@/home/ec2-user/data/topics/3731 98
@/home/ec2-user/data/topics/4633 99
@/home/ec2-user/data/topics/3758 100
@/home/ec2-user/data/topics/4647 101
@/home/ec2-user/data/topics/3943 102
@/home/ec2-user/data/topics/3481 103
@/home/ec2-user/data/topics/4543 104
@/home/ec2-user/data/topics/3699 105
@/home/ec2-user/data/topics/4617 106
@/home/ec2-user/data/topics/3671 107
@/home/ec2-user/data/topics/1551 108
@/home/ec2-user/data/topics/2111 109
@/home/ec2-user/data/topics/4144 110
@/home/ec2-user/data/topics/4658 111
@/home/ec2-user/data/topics/4008 112
@/home/ec2-user/data/topics/3587 113
@/home/ec2-user/data/topics/4346 114
@/home/ec2-user/data/topics/3405 115
@/home/ec2-user/data/topics/4030 116
@/home/ec2-user/data/topics/2218 117
@/home/ec2-user/data/topics/3783 118
@/home/ec2-user/data/topics/3725 119
@/home/ec2-user/data/topics/3356 120
@/home/ec2-user/data/topics/1494 121
@/home/ec2-user/data/topics/4920 122
@/home/ec2-user/data/topics/4064 123
@/home/ec2-user/data/topics/4426 124
@/home/ec2-user/data/topics/4767 125
オリンパス光学工業株式会社

@/home/ec2-user/data/topics/5006 126
@/home/ec2-user/data/topics/1739 126
@/home/ec2-user/data/topics/4007 127
@/home/ec2-user/data/topics/4013 128
@/home/ec2-user/data/topics/1981 129
@/home/ec2-user/data/topics/1869 130
@/home/ec2-user/data/topics/1835 131
@/home/ec2-user/data/topics/4878 132
@/home/ec2-user/data/topics/2026 133
@/home/ec2-user/data/topics/1107 134
@/home/ec2-user/data/topics/1155 135
@/home/ec2-user/data/topics/1586 136
ブラザー工業株式会社

@/home/ec2-user/data/topics/1164 137
@/home/ec2-user/data/topics/1906 137
@/home/ec2-user/data/topics/1076 138
@/home/ec2-user/data/topics/3507 139
@/home/ec2-user/data/topics/3477 140
@/home/ec2-user/data/topics/3686 141
@/home/ec2-user/data/topics/1636 142
@/home/ec2-user/data/topics/2086 143
@/home/ec2-user/data/topics/3789 144
@/home/ec2-user/data/topics/3613 145
@/home/ec2-user/data/topics/1300 146
@/home/ec2-user/data/topics/1183 147
@/home/ec2-user/data/topics/2085 148
@/home/ec2-user/data/topics/1697 149
@/home/ec2-user/data/topics/4548 150
富士通株式会社

@/home/ec2-user/data/topics/4191 151
@/home/ec2-user/data/topics/3428 151
@/home/ec2-user/data/topics/3400 152
@/home/ec2-user/data/topics/3749 153
@/home/ec2-user/data/topics/3399 154
@/home/ec2-user/data/topics/3870 155
@/home/ec2-user/data/topics/1609 156
@/home/ec2-user/data/topics/3862 157
@/home/ec2-user/data/topics/1123 158
@/home/ec2-user/data/topics/3381 159
@/home/ec2-user/data/topics/3846 160
@/home/ec2-user/data/topics/3799 161
@/home/ec2-user/data/topics/3802 162
@/home/ec2-user/data/topics/3751 163
@/home/ec2-user/data/topics/1547 164
@/home/ec2-user/data/topics/3765 165
@/home/ec2-user/data/topics/1271 166
@/home/ec2-user/data/topics/3970 167
@/home/ec2-user/data/topics/3538 168
@/home/ec2-user/data/topics/3962 169
@/home/ec2-user/data/topics/3912 170
@/home/ec2-user/data/topics/3636 171
@/home/ec2-user/data/topics/2216 172
@/home/ec2-user/data/topics/3883 173
@/home/ec2-user/data/topics/2215 174
@/home/ec2-user/data/topics/1874 175
@/home/ec2-user/data/topics/5004 176
@/home/ec2-user/data/topics/3850 177
@/home/ec2-user/data/topics/1264 178
@/home/ec2-user/data/topics/3460 179
@/home/ec2-user/data/topics/1998 180
@/home/ec2-user/data/topics/2227 181
静岡日本電気株式会社

@/home/ec2-user/data/topics/4314 182
@/home/ec2-user/data/topics/4365 182
@/home/ec2-user/data/topics/4250 183
@/home/ec2-user/data/topics/4326 184
@/home/ec2-user/data/topics/4531 185
@/home/ec2-user/data/topics/4507 186
住友重機械工業株式会社

@/home/ec2-user/data/topics/1373 187
@/home/ec2-user/data/topics/3952 187
@/home/ec2-user/data/topics/1019 188
@/home/ec2-user/data/topics/1900 189
@/home/ec2-user/data/topics/1553 190
@/home/ec2-user/data/topics/1505 191
@/home/ec2-user/data/topics/3868 192
@/home/ec2-user/data/topics/2039 193
@/home/ec2-user/data/topics/4854 194
大日本印刷株式会社

@/home/ec2-user/data/topics/1564 195
@/home/ec2-user/data/topics/1262 195
@/home/ec2-user/data/topics/3569 196
@/home/ec2-user/data/topics/1099 197
@/home/ec2-user/data/topics/1145 198
@/home/ec2-user/data/topics/3388 199
日本電気株式会社

@/home/ec2-user/data/topics/4561 200
@/home/ec2-user/data/topics/1122 200
@/home/ec2-user/data/topics/4537 201
@/home/ec2-user/data/topics/4168 202
@/home/ec2-user/data/topics/4267 203
@/home/ec2-user/data/topics/2088 204
@/home/ec2-user/data/topics/1557 205
@/home/ec2-user/data/topics/1764 206
@/home/ec2-user/data/topics/1464 207
@/home/ec2-user/data/topics/4425 208
@/home/ec2-user/data/topics/4699 209
@/home/ec2-user/data/topics/4708 210
@/home/ec2-user/data/topics/1500 211
@/home/ec2-user/data/topics/4533 212
@/home/ec2-user/data/topics/4371 213
@/home/ec2-user/data/topics/4300 214
@/home/ec2-user/data/topics/4142 215
@/home/ec2-user/data/topics/4257 216
@/home/ec2-user/data/topics/4129 217
@/home/ec2-user/data/topics/3853 218
@/home/ec2-user/data/topics/4276 219
@/home/ec2-user/data/topics/4613 220
@/home/ec2-user/data/topics/4081 221
@/home/ec2-user/data/topics/4609 222
@/home/ec2-user/data/topics/5034 223
@/home/ec2-user/data/topics/4260 224
@/home/ec2-user/data/topics/3897 225
@/home/ec2-user/data/topics/4216 226
@/home/ec2-user/data/topics/4390 227
@/home/ec2-user/data/topics/1879 228
@/home/ec2-user/data/topics/4153 229
@/home/ec2-user/data/topics/4207 230
@/home/ec2-user/data/topics/2022 231
@/home/ec2-user/data/topics/4414 232
@/home/ec2-user/data/topics/3954 233
@/home/ec2-user/data/topics/4154 234
@/home/ec2-user/data/topics/4310 235
@/home/ec2-user/data/topics/2031 236
@/home/ec2-user/data/topics/1612 237
@/home/ec2-user/data/topics/1710 238
@/home/ec2-user/data/topics/1567 239
@/home/ec2-user/data/topics/3995 240
@/home/ec2-user/data/topics/1364 241
@/home/ec2-user/data/topics/4427 242
@/home/ec2-user/data/topics/4281 243
@/home/ec2-user/data/topics/4062 244
@/home/ec2-user/data/topics/4071 245
@/home/ec2-user/data/topics/4404 246
@/home/ec2-user/data/topics/4278 247
@/home/ec2-user/data/topics/4238 248
@/home/ec2-user/data/topics/4359 249
@/home/ec2-user/data/topics/1948 250
@/home/ec2-user/data/topics/1044 251
@/home/ec2-user/data/topics/4137 252
@/home/ec2-user/data/topics/4759 253
@/home/ec2-user/data/topics/4082 254
@/home/ec2-user/data/topics/4319 255
@/home/ec2-user/data/topics/4120 256
@/home/ec2-user/data/topics/4902 257
@/home/ec2-user/data/topics/4318 258
@/home/ec2-user/data/topics/4254 259
@/home/ec2-user/data/topics/4490 260
@/home/ec2-user/data/topics/4119 261
@/home/ec2-user/data/topics/3886 262
@/home/ec2-user/data/topics/4418 263
@/home/ec2-user/data/topics/1661 264
@/home/ec2-user/data/topics/1326 265
@/home/ec2-user/data/topics/4162 266
@/home/ec2-user/data/topics/1634 267
@/home/ec2-user/data/topics/3724 268
@/home/ec2-user/data/topics/4275 269
@/home/ec2-user/data/topics/1937 270
@/home/ec2-user/data/topics/4750 271
@/home/ec2-user/data/topics/3767 272
@/home/ec2-user/data/topics/4313 273
@/home/ec2-user/data/topics/4775 274
@/home/ec2-user/data/topics/1078 275
@/home/ec2-user/data/topics/4486 276
@/home/ec2-user/data/topics/1112 277
@/home/ec2-user/data/topics/4272 278
@/home/ec2-user/data/topics/4877 279
@/home/ec2-user/data/topics/1052 280
@/home/ec2-user/data/topics/1815 281
@/home/ec2-user/data/topics/4725 282
@/home/ec2-user/data/topics/4116 283
@/home/ec2-user/data/topics/4247 284
@/home/ec2-user/data/topics/4138 285
@/home/ec2-user/data/topics/4343 286
@/home/ec2-user/data/topics/4718 287
@/home/ec2-user/data/topics/1457 288
@/home/ec2-user/data/topics/4460 289
@/home/ec2-user/data/topics/4940 290
@/home/ec2-user/data/topics/4097 291
@/home/ec2-user/data/topics/4578 292
@/home/ec2-user/data/topics/4584 293
@/home/ec2-user/data/topics/4532 294
@/home/ec2-user/data/topics/4477 295
@/home/ec2-user/data/topics/4388 296
@/home/ec2-user/data/topics/4338 297
@/home/ec2-user/data/topics/3971 298
@/home/ec2-user/data/topics/4017 299
@/home/ec2-user/data/topics/1281 300
@/home/ec2-user/data/topics/4497 301
@/home/ec2-user/data/topics/4434 302
@/home/ec2-user/data/topics/2127 303
@/home/ec2-user/data/topics/3865 304
@/home/ec2-user/data/topics/1891 305
@/home/ec2-user/data/topics/4665 306
@/home/ec2-user/data/topics/4760 307
@/home/ec2-user/data/topics/1624 308
@/home/ec2-user/data/topics/1100 309
@/home/ec2-user/data/topics/2144 310
@/home/ec2-user/data/topics/4485 311
@/home/ec2-user/data/topics/2166 312
@/home/ec2-user/data/topics/4598 313
@/home/ec2-user/data/topics/1116 314
@/home/ec2-user/data/topics/4643 315
@/home/ec2-user/data/topics/4646 316
@/home/ec2-user/data/topics/4092 317
@/home/ec2-user/data/topics/4352 318
@/home/ec2-user/data/topics/4158 319
@/home/ec2-user/data/topics/4634 320
@/home/ec2-user/data/topics/4309 321
@/home/ec2-user/data/topics/4816 322
@/home/ec2-user/data/topics/4644 323
@/home/ec2-user/data/topics/4440 324
@/home/ec2-user/data/topics/2150 325
@/home/ec2-user/data/topics/1383 326
@/home/ec2-user/data/topics/4689 327
@/home/ec2-user/data/topics/4196 328
@/home/ec2-user/data/topics/4447 329
@/home/ec2-user/data/topics/4824 330
@/home/ec2-user/data/topics/1852 331
@/home/ec2-user/data/topics/4892 332
@/home/ec2-user/data/topics/4185 333
@/home/ec2-user/data/topics/4240 334
@/home/ec2-user/data/topics/4003 335
@/home/ec2-user/data/topics/4100 336
@/home/ec2-user/data/topics/4192 337
@/home/ec2-user/data/topics/4764 338
@/home/ec2-user/data/topics/4651 339
@/home/ec2-user/data/topics/4876 340
@/home/ec2-user/data/topics/4433 341
@/home/ec2-user/data/topics/4446 342
@/home/ec2-user/data/topics/4244 343
@/home/ec2-user/data/topics/4315 344
@/home/ec2-user/data/topics/1199 345
@/home/ec2-user/data/topics/4360 346
@/home/ec2-user/data/topics/4728 347
@/home/ec2-user/data/topics/1362 348
@/home/ec2-user/data/topics/4808 349
@/home/ec2-user/data/topics/4273 350
@/home/ec2-user/data/topics/4442 351
@/home/ec2-user/data/topics/4779 352
@/home/ec2-user/data/topics/2041 353
@/home/ec2-user/data/topics/4770 354
@/home/ec2-user/data/topics/4657 355
@/home/ec2-user/data/topics/1595 356
@/home/ec2-user/data/topics/4171 357
@/home/ec2-user/data/topics/1783 358
@/home/ec2-user/data/topics/4258 359
@/home/ec2-user/data/topics/4850 360
@/home/ec2-user/data/topics/1791 361
@/home/ec2-user/data/topics/4458 362
@/home/ec2-user/data/topics/4342 363
@/home/ec2-user/data/topics/4093 364
@/home/ec2-user/data/topics/4236 365
@/home/ec2-user/data/topics/4742 366
@/home/ec2-user/data/topics/4659 367
@/home/ec2-user/data/topics/3938 368
@/home/ec2-user/data/topics/4785 369
@/home/ec2-user/data/topics/4227 370
@/home/ec2-user/data/topics/2119 371
@/home/ec2-user/data/topics/4243 372
@/home/ec2-user/data/topics/4480 373
@/home/ec2-user/data/topics/4288 374
@/home/ec2-user/data/topics/4134 375
@/home/ec2-user/data/topics/1923 376
@/home/ec2-user/data/topics/1973 377
@/home/ec2-user/data/topics/4666 378
@/home/ec2-user/data/topics/4204 379
@/home/ec2-user/data/topics/4926 380
@/home/ec2-user/data/topics/4429 381
@/home/ec2-user/data/topics/4721 382
@/home/ec2-user/data/topics/1486 383
@/home/ec2-user/data/topics/3956 384
@/home/ec2-user/data/topics/4603 385
@/home/ec2-user/data/topics/3875 386
@/home/ec2-user/data/topics/4682 387
@/home/ec2-user/data/topics/1928 388
@/home/ec2-user/data/topics/4393 389
@/home/ec2-user/data/topics/4209 390
@/home/ec2-user/data/topics/3729 391
@/home/ec2-user/data/topics/4696 392
@/home/ec2-user/data/topics/4530 393
@/home/ec2-user/data/topics/3896 394
@/home/ec2-user/data/topics/4389 395
@/home/ec2-user/data/topics/4128 396
@/home/ec2-user/data/topics/4595 397
@/home/ec2-user/data/topics/3766 398
@/home/ec2-user/data/topics/1844 399
@/home/ec2-user/data/topics/4749 400
@/home/ec2-user/data/topics/1867 401
@/home/ec2-user/data/topics/1016 402
@/home/ec2-user/data/topics/4320 403
@/home/ec2-user/data/topics/1773 404
@/home/ec2-user/data/topics/1724 405
@/home/ec2-user/data/topics/4626 406
@/home/ec2-user/data/topics/3744 407
@/home/ec2-user/data/topics/4838 408
@/home/ec2-user/data/topics/1360 409
@/home/ec2-user/data/topics/1101 410
@/home/ec2-user/data/topics/4186 411
@/home/ec2-user/data/topics/4398 412
@/home/ec2-user/data/topics/1523 413
@/home/ec2-user/data/topics/4246 414
@/home/ec2-user/data/topics/4536 415
@/home/ec2-user/data/topics/4063 416
@/home/ec2-user/data/topics/4650 417
@/home/ec2-user/data/topics/4549 418
松下電器産業株式会社

@/home/ec2-user/data/topics/4798 419
@/home/ec2-user/data/topics/3585 419
@/home/ec2-user/data/topics/4098 420
@/home/ec2-user/data/topics/4761 421
@/home/ec2-user/data/topics/4577 422
@/home/ec2-user/data/topics/1748 423
@/home/ec2-user/data/topics/3514 424
@/home/ec2-user/data/topics/1179 425
@/home/ec2-user/data/topics/4000 426
@/home/ec2-user/data/topics/3402 427
@/home/ec2-user/data/topics/4918 428
@/home/ec2-user/data/topics/4867 429
@/home/ec2-user/data/topics/1516 430
@/home/ec2-user/data/topics/5028 431
@/home/ec2-user/data/topics/4936 432
@/home/ec2-user/data/topics/1829 433
@/home/ec2-user/data/topics/1477 434
@/home/ec2-user/data/topics/1898 435
@/home/ec2-user/data/topics/3676 436
@/home/ec2-user/data/topics/1540 437
@/home/ec2-user/data/topics/4160 438
@/home/ec2-user/data/topics/4558 439
@/home/ec2-user/data/topics/3704 440
@/home/ec2-user/data/topics/3951 441
@/home/ec2-user/data/topics/3510 442
@/home/ec2-user/data/topics/2129 443
@/home/ec2-user/data/topics/4159 444
@/home/ec2-user/data/topics/4961 445
@/home/ec2-user/data/topics/4667 446
@/home/ec2-user/data/topics/4422 447
@/home/ec2-user/data/topics/1525 448
@/home/ec2-user/data/topics/1070 449
@/home/ec2-user/data/topics/4229 450
@/home/ec2-user/data/topics/1701 451
@/home/ec2-user/data/topics/1026 452
@/home/ec2-user/data/topics/3455 453
@/home/ec2-user/data/topics/4385 454
@/home/ec2-user/data/topics/2170 455
@/home/ec2-user/data/topics/4501 456
@/home/ec2-user/data/topics/4917 457
@/home/ec2-user/data/topics/3386 458
@/home/ec2-user/data/topics/2156 459
@/home/ec2-user/data/topics/4307 460
@/home/ec2-user/data/topics/3904 461
@/home/ec2-user/data/topics/4804 462
@/home/ec2-user/data/topics/4139 463
@/home/ec2-user/data/topics/4193 464
@/home/ec2-user/data/topics/4101 465
@/home/ec2-user/data/topics/4264 466
@/home/ec2-user/data/topics/3847 467
@/home/ec2-user/data/topics/2080 468
@/home/ec2-user/data/topics/4215 469
@/home/ec2-user/data/topics/1158 470
@/home/ec2-user/data/topics/1635 471
@/home/ec2-user/data/topics/4968 472
@/home/ec2-user/data/topics/1706 473
@/home/ec2-user/data/topics/3680 474
@/home/ec2-user/data/topics/1633 475
@/home/ec2-user/data/topics/3494 476
@/home/ec2-user/data/topics/1157 477
@/home/ec2-user/data/topics/2222 478
@/home/ec2-user/data/topics/4797 479
@/home/ec2-user/data/topics/1136 480
@/home/ec2-user/data/topics/1885 481
@/home/ec2-user/data/topics/3761 482
@/home/ec2-user/data/topics/4303 483
@/home/ec2-user/data/topics/3807 484
@/home/ec2-user/data/topics/4676 485
@/home/ec2-user/data/topics/4945 486
@/home/ec2-user/data/topics/3979 487
@/home/ec2-user/data/topics/3746 488
@/home/ec2-user/data/topics/4502 489
@/home/ec2-user/data/topics/3619 490
@/home/ec2-user/data/topics/4586 491
@/home/ec2-user/data/topics/4043 492
@/home/ec2-user/data/topics/4817 493
@/home/ec2-user/data/topics/4126 494
@/home/ec2-user/data/topics/4394 495
@/home/ec2-user/data/topics/4787 496
@/home/ec2-user/data/topics/4459 497
@/home/ec2-user/data/topics/3694 498
@/home/ec2-user/data/topics/2029 499
@/home/ec2-user/data/topics/4180 500
@/home/ec2-user/data/topics/4806 501
@/home/ec2-user/data/topics/4382 502
@/home/ec2-user/data/topics/1589 503
@/home/ec2-user/data/topics/4707 504
@/home/ec2-user/data/topics/1252 505
@/home/ec2-user/data/topics/4491 506
@/home/ec2-user/data/topics/2056 507
@/home/ec2-user/data/topics/4599 508
@/home/ec2-user/data/topics/1257 509
@/home/ec2-user/data/topics/3519 510
@/home/ec2-user/data/topics/4503 511
@/home/ec2-user/data/topics/1705 512
@/home/ec2-user/data/topics/1509 513
@/home/ec2-user/data/topics/3721 514
@/home/ec2-user/data/topics/3739 515
@/home/ec2-user/data/topics/3920 516
@/home/ec2-user/data/topics/1339 517
@/home/ec2-user/data/topics/1955 518
@/home/ec2-user/data/topics/3719 519
@/home/ec2-user/data/topics/4102 520
@/home/ec2-user/data/topics/4885 521
@/home/ec2-user/data/topics/3404 522
@/home/ec2-user/data/topics/3658 523
@/home/ec2-user/data/topics/3558 524
@/home/ec2-user/data/topics/4355 525
@/home/ec2-user/data/topics/3692 526
@/home/ec2-user/data/topics/3960 527
@/home/ec2-user/data/topics/4448 528
@/home/ec2-user/data/topics/4464 529
@/home/ec2-user/data/topics/4754 530
@/home/ec2-user/data/topics/4475 531
@/home/ec2-user/data/topics/4280 532
@/home/ec2-user/data/topics/1762 533
@/home/ec2-user/data/topics/1881 534
@/home/ec2-user/data/topics/5024 535
@/home/ec2-user/data/topics/4625 536
@/home/ec2-user/data/topics/4157 537
@/home/ec2-user/data/topics/4574 538
@/home/ec2-user/data/topics/1812 539
@/home/ec2-user/data/topics/4274 540
セイコーインスツルメンツ株式会社

@/home/ec2-user/data/topics/4997 541
@/home/ec2-user/data/topics/3825 541
@/home/ec2-user/data/topics/3626 542
@/home/ec2-user/data/topics/4190 543
@/home/ec2-user/data/topics/4203 544
@/home/ec2-user/data/topics/4088 545
@/home/ec2-user/data/topics/4036 546
@/home/ec2-user/data/topics/4151 547
@/home/ec2-user/data/topics/1707 548
ミノルタ株式会社

@/home/ec2-user/data/topics/1152 549
@/home/ec2-user/data/topics/2190 549
@/home/ec2-user/data/topics/4951 550
@/home/ec2-user/data/topics/4977 551
@/home/ec2-user/data/topics/4321 552
@/home/ec2-user/data/topics/4971 553
@/home/ec2-user/data/topics/3545 554
@/home/ec2-user/data/topics/3584 555
@/home/ec2-user/data/topics/3810 556
@/home/ec2-user/data/topics/4986 557
@/home/ec2-user/data/topics/4984 558
@/home/ec2-user/data/topics/4970 559
株式会社リコー

@/home/ec2-user/data/topics/1775 560
@/home/ec2-user/data/topics/1514 560
@/home/ec2-user/data/topics/3436 561
@/home/ec2-user/data/topics/3775 562
@/home/ec2-user/data/topics/1064 563
@/home/ec2-user/data/topics/2189 564
@/home/ec2-user/data/topics/1106 565
@/home/ec2-user/data/topics/1669 566
@/home/ec2-user/data/topics/1806 567
@/home/ec2-user/data/topics/3555 568
@/home/ec2-user/data/topics/3548 569
@/home/ec2-user/data/topics/3750 570
@/home/ec2-user/data/topics/3633 571
@/home/ec2-user/data/topics/1478 572
@/home/ec2-user/data/topics/4265 573
@/home/ec2-user/data/topics/1740 574
@/home/ec2-user/data/topics/1482 575
@/home/ec2-user/data/topics/1627 576
@/home/ec2-user/data/topics/1974 577
@/home/ec2-user/data/topics/3687 578
@/home/ec2-user/data/topics/4616 579
@/home/ec2-user/data/topics/2182 580
@/home/ec2-user/data/topics/3669 581
@/home/ec2-user/data/topics/3411 582
@/home/ec2-user/data/topics/3713 583
@/home/ec2-user/data/topics/3484 584
@/home/ec2-user/data/topics/1718 585
@/home/ec2-user/data/topics/2006 586
@/home/ec2-user/data/topics/3837 587
@/home/ec2-user/data/topics/2201 588
@/home/ec2-user/data/topics/4879 589
@/home/ec2-user/data/topics/1691 590
@/home/ec2-user/data/topics/2219 591
@/home/ec2-user/data/topics/2090 592
@/home/ec2-user/data/topics/1878 593
@/home/ec2-user/data/topics/1780 594
@/home/ec2-user/data/topics/1095 595
@/home/ec2-user/data/topics/3474 596
@/home/ec2-user/data/topics/2043 597
@/home/ec2-user/data/topics/3378 598
@/home/ec2-user/data/topics/3495 599
@/home/ec2-user/data/topics/3759 600
@/home/ec2-user/data/topics/1083 601
@/home/ec2-user/data/topics/2200 602
@/home/ec2-user/data/topics/1774 603
@/home/ec2-user/data/topics/3523 604
@/home/ec2-user/data/topics/1976 605
@/home/ec2-user/data/topics/1433 606
@/home/ec2-user/data/topics/4037 607
@/home/ec2-user/data/topics/1670 608
@/home/ec2-user/data/topics/3446 609
@/home/ec2-user/data/topics/3711 610
@/home/ec2-user/data/topics/1610 611
@/home/ec2-user/data/topics/3574 612
@/home/ec2-user/data/topics/1436 613
@/home/ec2-user/data/topics/4781 614
@/home/ec2-user/data/topics/1663 615
@/home/ec2-user/data/topics/1593 616
@/home/ec2-user/data/topics/1190 617
@/home/ec2-user/data/topics/1776 618
@/home/ec2-user/data/topics/4344 619
@/home/ec2-user/data/topics/1668 620
@/home/ec2-user/data/topics/1282 621
@/home/ec2-user/data/topics/3424 622
@/home/ec2-user/data/topics/1755 623
@/home/ec2-user/data/topics/3880 624
@/home/ec2-user/data/topics/1225 625
@/home/ec2-user/data/topics/3557 626
@/home/ec2-user/data/topics/3472 627
@/home/ec2-user/data/topics/3530 628
@/home/ec2-user/data/topics/3394 629
独立行政法人産業技術総合研究所

@/home/ec2-user/data/topics/4739 630
@/home/ec2-user/data/topics/4800 630
@/home/ec2-user/data/topics/4777 631
@/home/ec2-user/data/topics/4869 632
@/home/ec2-user/data/topics/4740 633
@/home/ec2-user/data/topics/1356 634
ソニー株式会社

@/home/ec2-user/data/topics/4224 635
@/home/ec2-user/data/topics/1873 635
@/home/ec2-user/data/topics/1059 636
@/home/ec2-user/data/topics/2037 637
@/home/ec2-user/data/topics/4184 638
@/home/ec2-user/data/topics/1836 639
@/home/ec2-user/data/topics/3975 640
@/home/ec2-user/data/topics/2058 641
@/home/ec2-user/data/topics/1967 642
@/home/ec2-user/data/topics/1291 643
@/home/ec2-user/data/topics/2048 644
@/home/ec2-user/data/topics/1954 645
@/home/ec2-user/data/topics/2075 646
@/home/ec2-user/data/topics/1218 647
@/home/ec2-user/data/topics/1884 648
@/home/ec2-user/data/topics/1778 649
@/home/ec2-user/data/topics/1892 650
@/home/ec2-user/data/topics/1471 651
@/home/ec2-user/data/topics/3955 652
@/home/ec2-user/data/topics/3401 653
@/home/ec2-user/data/topics/1380 654
@/home/ec2-user/data/topics/1926 655
@/home/ec2-user/data/topics/1414 656
@/home/ec2-user/data/topics/1912 657
@/home/ec2-user/data/topics/2094 658
@/home/ec2-user/data/topics/3872 659
@/home/ec2-user/data/topics/1679 660
@/home/ec2-user/data/topics/5027 661
@/home/ec2-user/data/topics/1686 662
@/home/ec2-user/data/topics/2059 663
@/home/ec2-user/data/topics/1102 664
@/home/ec2-user/data/topics/1749 665
@/home/ec2-user/data/topics/1397 666
@/home/ec2-user/data/topics/1147 667
@/home/ec2-user/data/topics/4219 668
@/home/ec2-user/data/topics/4351 669
@/home/ec2-user/data/topics/1602 670
@/home/ec2-user/data/topics/2052 671
@/home/ec2-user/data/topics/1491 672
@/home/ec2-user/data/topics/1435 673
@/home/ec2-user/data/topics/3392 674
@/home/ec2-user/data/topics/1233 675
@/home/ec2-user/data/topics/2105 676
@/home/ec2-user/data/topics/3456 677
@/home/ec2-user/data/topics/3924 678
@/home/ec2-user/data/topics/1298 679
@/home/ec2-user/data/topics/1426 680
富士ゼロックス株式会社

@/home/ec2-user/data/topics/3383 681
@/home/ec2-user/data/topics/5031 681
@/home/ec2-user/data/topics/3640 682
@/home/ec2-user/data/topics/3564 683
@/home/ec2-user/data/topics/3695 684
@/home/ec2-user/data/topics/3366 685
@/home/ec2-user/data/topics/3407 686
@/home/ec2-user/data/topics/3662 687
@/home/ec2-user/data/topics/3782 688
@/home/ec2-user/data/topics/3473 689
@/home/ec2-user/data/topics/3661 690
@/home/ec2-user/data/topics/3790 691
@/home/ec2-user/data/topics/1560 692
@/home/ec2-user/data/topics/4108 693
@/home/ec2-user/data/topics/1947 694
住友金属工業株式会社

@/home/ec2-user/data/topics/3577 695
@/home/ec2-user/data/topics/4295 695
@/home/ec2-user/data/topics/4661 696
@/home/ec2-user/data/topics/4021 697
@/home/ec2-user/data/topics/3655 698
@/home/ec2-user/data/topics/3826 699
@/home/ec2-user/data/topics/4733 700
@/home/ec2-user/data/topics/4534 701
@/home/ec2-user/data/topics/1268 702
@/home/ec2-user/data/topics/4182 703
@/home/ec2-user/data/topics/4991 704
@/home/ec2-user/data/topics/4322 705
日立電線株式会社

@/home/ec2-user/data/topics/1117 706
@/home/ec2-user/data/topics/1027 706
@/home/ec2-user/data/topics/1388 707
@/home/ec2-user/data/topics/4356 708
@/home/ec2-user/data/topics/3756 709
@/home/ec2-user/data/topics/4357 710
@/home/ec2-user/data/topics/4329 711
@/home/ec2-user/data/topics/1305 712
@/home/ec2-user/data/topics/3930 713
キヤノン株式会社

@/home/ec2-user/data/topics/4068 714
@/home/ec2-user/data/topics/3410 714
@/home/ec2-user/data/topics/3949 715
@/home/ec2-user/data/topics/1080 716
@/home/ec2-user/data/topics/3642 717
@/home/ec2-user/data/topics/1802 718
@/home/ec2-user/data/topics/1889 719
@/home/ec2-user/data/topics/4947 720
@/home/ec2-user/data/topics/2145 721
@/home/ec2-user/data/topics/2243 722
@/home/ec2-user/data/topics/4054 723
@/home/ec2-user/data/topics/2117 724
@/home/ec2-user/data/topics/1961 725
@/home/ec2-user/data/topics/1848 726
@/home/ec2-user/data/topics/4520 727
@/home/ec2-user/data/topics/3852 728
@/home/ec2-user/data/topics/1975 729
@/home/ec2-user/data/topics/1847 730
@/home/ec2-user/data/topics/3417 731
@/home/ec2-user/data/topics/2231 732
@/home/ec2-user/data/topics/3967 733
@/home/ec2-user/data/topics/4363 734
@/home/ec2-user/data/topics/4020 735
@/home/ec2-user/data/topics/3441 736
@/home/ec2-user/data/topics/1790 737
@/home/ec2-user/data/topics/4948 738
@/home/ec2-user/data/topics/3996 739
@/home/ec2-user/data/topics/1745 740
@/home/ec2-user/data/topics/3434 741
@/home/ec2-user/data/topics/3376 742
@/home/ec2-user/data/topics/4628 743
@/home/ec2-user/data/topics/1539 744
@/home/ec2-user/data/topics/1118 745
@/home/ec2-user/data/topics/4350 746
@/home/ec2-user/data/topics/1519 747
@/home/ec2-user/data/topics/1866 748
@/home/ec2-user/data/topics/4521 749
@/home/ec2-user/data/topics/1228 750
@/home/ec2-user/data/topics/1438 751
@/home/ec2-user/data/topics/3660 752
@/home/ec2-user/data/topics/1208 753
@/home/ec2-user/data/topics/3416 754
@/home/ec2-user/data/topics/1631 755
@/home/ec2-user/data/topics/2004 756
@/home/ec2-user/data/topics/3445 757
@/home/ec2-user/data/topics/3755 758
@/home/ec2-user/data/topics/1455 759
@/home/ec2-user/data/topics/3722 760
@/home/ec2-user/data/topics/1646 761
@/home/ec2-user/data/topics/3374 762
@/home/ec2-user/data/topics/3730 763
@/home/ec2-user/data/topics/3420 764
@/home/ec2-user/data/topics/1513 765
@/home/ec2-user/data/topics/3958 766
@/home/ec2-user/data/topics/4610 767
@/home/ec2-user/data/topics/2053 768
@/home/ec2-user/data/topics/3430 769
@/home/ec2-user/data/topics/3438 770
@/home/ec2-user/data/topics/1124 771
@/home/ec2-user/data/topics/3720 772
@/home/ec2-user/data/topics/3415 773
@/home/ec2-user/data/topics/1216 774
@/home/ec2-user/data/topics/3656 775
@/home/ec2-user/data/topics/1590 776
@/home/ec2-user/data/topics/4937 777
@/home/ec2-user/data/topics/3628 778
@/home/ec2-user/data/topics/3454 779
@/home/ec2-user/data/topics/1895 780
@/home/ec2-user/data/topics/3737 781
@/home/ec2-user/data/topics/2107 782
@/home/ec2-user/data/topics/1568 783
@/home/ec2-user/data/topics/3843 784
@/home/ec2-user/data/topics/1744 785
三洋電機株式会社

@/home/ec2-user/data/topics/1321 786
@/home/ec2-user/data/topics/4178 786
@/home/ec2-user/data/topics/3804 787
@/home/ec2-user/data/topics/3491 788
@/home/ec2-user/data/topics/3398 789
@/home/ec2-user/data/topics/1451 790
@/home/ec2-user/data/topics/3889 791
@/home/ec2-user/data/topics/4612 792
@/home/ec2-user/data/topics/1246 793
@/home/ec2-user/data/topics/4301 794
@/home/ec2-user/data/topics/1289 795
@/home/ec2-user/data/topics/5002 796
@/home/ec2-user/data/topics/4060 797
@/home/ec2-user/data/topics/4763 798
@/home/ec2-user/data/topics/4837 799
@/home/ec2-user/data/topics/2194 800
@/home/ec2-user/data/topics/4066 801
@/home/ec2-user/data/topics/4983 802
@/home/ec2-user/data/topics/4978 803
@/home/ec2-user/data/topics/4474 804
@/home/ec2-user/data/topics/3859 805
@/home/ec2-user/data/topics/3492 806
@/home/ec2-user/data/topics/3403 807
@/home/ec2-user/data/topics/1671 808
@/home/ec2-user/data/topics/4039 809
@/home/ec2-user/data/topics/5011 810
@/home/ec2-user/data/topics/4679 811
@/home/ec2-user/data/topics/2063 812
@/home/ec2-user/data/topics/1479 813
@/home/ec2-user/data/topics/4720 814
@/home/ec2-user/data/topics/3953 815
@/home/ec2-user/data/topics/4099 816
@/home/ec2-user/data/topics/3681 817
@/home/ec2-user/data/topics/3974 818
@/home/ec2-user/data/topics/3625 819
@/home/ec2-user/data/topics/3817 820
@/home/ec2-user/data/topics/2054 821
@/home/ec2-user/data/topics/4384 822
@/home/ec2-user/data/topics/3781 823
@/home/ec2-user/data/topics/4571 824
@/home/ec2-user/data/topics/2098 825
@/home/ec2-user/data/topics/4179 826
@/home/ec2-user/data/topics/4604 827
@/home/ec2-user/data/topics/4492 828
@/home/ec2-user/data/topics/4788 829
@/home/ec2-user/data/topics/1079 830
@/home/ec2-user/data/topics/1653 831
@/home/ec2-user/data/topics/1515 832
@/home/ec2-user/data/topics/1980 833
@/home/ec2-user/data/topics/4654 834
@/home/ec2-user/data/topics/4001 835
@/home/ec2-user/data/topics/4960 836
@/home/ec2-user/data/topics/2230 837
@/home/ec2-user/data/topics/4726 838
@/home/ec2-user/data/topics/1386 839
@/home/ec2-user/data/topics/4328 840
@/home/ec2-user/data/topics/3754 841
@/home/ec2-user/data/topics/4015 842
@/home/ec2-user/data/topics/3906 843
@/home/ec2-user/data/topics/4150 844
@/home/ec2-user/data/topics/3708 845
@/home/ec2-user/data/topics/1722 846
@/home/ec2-user/data/topics/2071 847
@/home/ec2-user/data/topics/4304 848
@/home/ec2-user/data/topics/3845 849
@/home/ec2-user/data/topics/3986 850
@/home/ec2-user/data/topics/4527 851
@/home/ec2-user/data/topics/1163 852
@/home/ec2-user/data/topics/2014 853
@/home/ec2-user/data/topics/3539 854
@/home/ec2-user/data/topics/4212 855
@/home/ec2-user/data/topics/1488 856
@/home/ec2-user/data/topics/1652 857
@/home/ec2-user/data/topics/3926 858
@/home/ec2-user/data/topics/3808 859
@/home/ec2-user/data/topics/3581 860
@/home/ec2-user/data/topics/4376 861
@/home/ec2-user/data/topics/3830 862
@/home/ec2-user/data/topics/4061 863
三菱電機株式会社

@/home/ec2-user/data/topics/4880 864
@/home/ec2-user/data/topics/4614 864
@/home/ec2-user/data/topics/1220 865
@/home/ec2-user/data/topics/3774 866
@/home/ec2-user/data/topics/4518 867
@/home/ec2-user/data/topics/3592 868
@/home/ec2-user/data/topics/4514 869
@/home/ec2-user/data/topics/3453 870
@/home/ec2-user/data/topics/3820 871
@/home/ec2-user/data/topics/1536 872
@/home/ec2-user/data/topics/3465 873
@/home/ec2-user/data/topics/3506 874
@/home/ec2-user/data/topics/5033 875
@/home/ec2-user/data/topics/3963 876
@/home/ec2-user/data/topics/1754 877
@/home/ec2-user/data/topics/4419 878
@/home/ec2-user/data/topics/4220 879
@/home/ec2-user/data/topics/3873 880
@/home/ec2-user/data/topics/1110 881
@/home/ec2-user/data/topics/4305 882
@/home/ec2-user/data/topics/3841 883
@/home/ec2-user/data/topics/4133 884
@/home/ec2-user/data/topics/3612 885
@/home/ec2-user/data/topics/3666 886
@/home/ec2-user/data/topics/4552 887
@/home/ec2-user/data/topics/1792 888
@/home/ec2-user/data/topics/3616 889
@/home/ec2-user/data/topics/3469 890
@/home/ec2-user/data/topics/4233 891
@/home/ec2-user/data/topics/3856 892
@/home/ec2-user/data/topics/3412 893
@/home/ec2-user/data/topics/3493 894
@/home/ec2-user/data/topics/3451 895
@/home/ec2-user/data/topics/3409 896
@/home/ec2-user/data/topics/3921 897
@/home/ec2-user/data/topics/3595 898
@/home/ec2-user/data/topics/4149 899
@/home/ec2-user/data/topics/3490 900
@/home/ec2-user/data/topics/4834 901
@/home/ec2-user/data/topics/3609 902
@/home/ec2-user/data/topics/5032 903
@/home/ec2-user/data/topics/3466 904
@/home/ec2-user/data/topics/1738 905
@/home/ec2-user/data/topics/4980 906
@/home/ec2-user/data/topics/3800 907
@/home/ec2-user/data/topics/4221 908
@/home/ec2-user/data/topics/4282 909
@/home/ec2-user/data/topics/4076 910
@/home/ec2-user/data/topics/1872 911
@/home/ec2-user/data/topics/4181 912
@/home/ec2-user/data/topics/4235 913
@/home/ec2-user/data/topics/4041 914
@/home/ec2-user/data/topics/4562 915
@/home/ec2-user/data/topics/2146 916
@/home/ec2-user/data/topics/3747 917
@/home/ec2-user/data/topics/4663 918
@/home/ec2-user/data/topics/3397 919
@/home/ec2-user/data/topics/4047 920
住友ゴム工業株式会社

@/home/ec2-user/data/topics/1758 921
@/home/ec2-user/data/topics/4406 921
@/home/ec2-user/data/topics/1114 922
@/home/ec2-user/data/topics/4568 923
@/home/ec2-user/data/topics/4597 924
@/home/ec2-user/data/topics/2007 925
@/home/ec2-user/data/topics/4048 926
セイコーエプソン株式会社

@/home/ec2-user/data/topics/3361 927
@/home/ec2-user/data/topics/4386 927
@/home/ec2-user/data/topics/2165 928
@/home/ec2-user/data/topics/1641 929
@/home/ec2-user/data/topics/4719 930
@/home/ec2-user/data/topics/1890 931
@/home/ec2-user/data/topics/1484 932
@/home/ec2-user/data/topics/1423 933
@/home/ec2-user/data/topics/1378 934
@/home/ec2-user/data/topics/3819 935
@/home/ec2-user/data/topics/4605 936
@/home/ec2-user/data/topics/1938 937
@/home/ec2-user/data/topics/3910 938
@/home/ec2-user/data/topics/3589 939
@/home/ec2-user/data/topics/2078 940
@/home/ec2-user/data/topics/4802 941
@/home/ec2-user/data/topics/4801 942
@/home/ec2-user/data/topics/3887 943
@/home/ec2-user/data/topics/3505 944
@/home/ec2-user/data/topics/3476 945
@/home/ec2-user/data/topics/4022 946
@/home/ec2-user/data/topics/4454 947
@/home/ec2-user/data/topics/4109 948
@/home/ec2-user/data/topics/3985 949
@/home/ec2-user/data/topics/1343 950
@/home/ec2-user/data/topics/4585 951
株式会社三共

@/home/ec2-user/data/topics/1189 952
@/home/ec2-user/data/topics/4374 952
@/home/ec2-user/data/topics/4868 953
@/home/ec2-user/data/topics/2123 954
@/home/ec2-user/data/topics/1648 955
@/home/ec2-user/data/topics/1377 956
@/home/ec2-user/data/topics/2060 957
@/home/ec2-user/data/topics/1665 958
@/home/ec2-user/data/topics/1086 959
沖電気工業株式会社

@/home/ec2-user/data/topics/3571 960
@/home/ec2-user/data/topics/1188 960
@/home/ec2-user/data/topics/3395 961
@/home/ec2-user/data/topics/4575 962
@/home/ec2-user/data/topics/4299 963
@/home/ec2-user/data/topics/1531 964
@/home/ec2-user/data/topics/3433 965
@/home/ec2-user/data/topics/3764 966
@/home/ec2-user/data/topics/3690 967
@/home/ec2-user/data/topics/3964 968
@/home/ec2-user/data/topics/3457 969
@/home/ec2-user/data/topics/4308 970
@/home/ec2-user/data/topics/3621 971
@/home/ec2-user/data/topics/4693 972
株式会社三星

@/home/ec2-user/data/topics/2198 973
@/home/ec2-user/data/topics/1728 973
@/home/ec2-user/data/topics/2108 974
@/home/ec2-user/data/topics/1260 975
@/home/ec2-user/data/topics/3942 976
@/home/ec2-user/data/topics/1733 977
日本ビクター株式会社

@/home/ec2-user/data/topics/1440 978
@/home/ec2-user/data/topics/4056 978
@/home/ec2-user/data/topics/3603 979
@/home/ec2-user/data/topics/1520 980
@/home/ec2-user/data/topics/4123 981
@/home/ec2-user/data/topics/3939 982
@/home/ec2-user/data/topics/4672 983
@/home/ec2-user/data/topics/3620 984
@/home/ec2-user/data/topics/3882 985
@/home/ec2-user/data/topics/1823 986
@/home/ec2-user/data/topics/1389 987
花王株式会社

@/home/ec2-user/data/topics/2214 988
@/home/ec2-user/data/topics/1767 988
@/home/ec2-user/data/topics/3884 989
@/home/ec2-user/data/topics/4249 990
@/home/ec2-user/data/topics/3812 991
@/home/ec2-user/data/topics/1196 992
@/home/ec2-user/data/topics/3999 993
@/home/ec2-user/data/topics/3753 994
@/home/ec2-user/data/topics/4211 995
@/home/ec2-user/data/topics/4827 996
@/home/ec2-user/data/topics/4287 997
@/home/ec2-user/data/topics/4445 998
@/home/ec2-user/data/topics/1022 999
三田工業株式会社

@/home/ec2-user/data/topics/1033 1000
@/home/ec2-user/data/topics/1034 1000
@/home/ec2-user/data/topics/2136 1001
@/home/ec2-user/data/topics/3842 1002
@/home/ec2-user/data/topics/2155 1003
@/home/ec2-user/data/topics/3604 1004
@/home/ec2-user/data/topics/1766 1005
@/home/ec2-user/data/topics/1269 1006
@/home/ec2-user/data/topics/3923 1007
豊丸産業株式会社

@/home/ec2-user/data/topics/2169 1008
@/home/ec2-user/data/topics/1401 1008
@/home/ec2-user/data/topics/1138 1009
@/home/ec2-user/data/topics/2011 1010
@/home/ec2-user/data/topics/1097 1011
@/home/ec2-user/data/topics/1914 1012
@/home/ec2-user/data/topics/1126 1013
@/home/ec2-user/data/topics/3672 1014
@/home/ec2-user/data/topics/1588 1015
@/home/ec2-user/data/topics/1726 1016
@/home/ec2-user/data/topics/1353 1017
@/home/ec2-user/data/topics/1677 1018
@/home/ec2-user/data/topics/4847 1019
@/home/ec2-user/data/topics/1713 1020
@/home/ec2-user/data/topics/1284 1021
鐘紡株式会社

@/home/ec2-user/data/topics/3566 1022
@/home/ec2-user/data/topics/2185 1022
@/home/ec2-user/data/topics/2223 1023
@/home/ec2-user/data/topics/3551 1024
@/home/ec2-user/data/topics/1178 1025
@/home/ec2-user/data/topics/2034 1026
@/home/ec2-user/data/topics/1054 1027
@/home/ec2-user/data/topics/1886 1028
@/home/ec2-user/data/topics/1367 1029
@/home/ec2-user/data/topics/1304 1030
@/home/ec2-user/data/topics/1842 1031
@/home/ec2-user/data/topics/1901 1032
@/home/ec2-user/data/topics/3560 1033
@/home/ec2-user/data/topics/4195 1034
@/home/ec2-user/data/topics/1870 1035
@/home/ec2-user/data/topics/3634 1036
株式会社デンソー

@/home/ec2-user/data/topics/4483 1037
@/home/ec2-user/data/topics/4046 1037
@/home/ec2-user/data/topics/4622 1038
@/home/ec2-user/data/topics/4805 1039
@/home/ec2-user/data/topics/3480 1040
@/home/ec2-user/data/topics/4024 1041
@/home/ec2-user/data/topics/4498 1042
@/home/ec2-user/data/topics/1855 1043
@/home/ec2-user/data/topics/4840 1044
@/home/ec2-user/data/topics/4423 1045
@/home/ec2-user/data/topics/4164 1046
@/home/ec2-user/data/topics/3406 1047
@/home/ec2-user/data/topics/1028 1048
@/home/ec2-user/data/topics/3421 1049
@/home/ec2-user/data/topics/3710 1050
@/home/ec2-user/data/topics/4675 1051
@/home/ec2-user/data/topics/4656 1052
富士写真フイルム株式会社

@/home/ec2-user/data/topics/4962 1053
@/home/ec2-user/data/topics/3447 1053
@/home/ec2-user/data/topics/3354 1054
@/home/ec2-user/data/topics/1662 1055
@/home/ec2-user/data/topics/1603 1056
@/home/ec2-user/data/topics/3857 1057
@/home/ec2-user/data/topics/1570 1058
@/home/ec2-user/data/topics/3911 1059
@/home/ec2-user/data/topics/3918 1060
@/home/ec2-user/data/topics/2134 1061
@/home/ec2-user/data/topics/1244 1062
京セラ株式会社

@/home/ec2-user/data/topics/4901 1063
@/home/ec2-user/data/topics/3615 1063
@/home/ec2-user/data/topics/4031 1064
@/home/ec2-user/data/topics/1741 1065
@/home/ec2-user/data/topics/3741 1066
@/home/ec2-user/data/topics/3869 1067
@/home/ec2-user/data/topics/1485 1068
@/home/ec2-user/data/topics/1708 1069
@/home/ec2-user/data/topics/3593 1070
@/home/ec2-user/data/topics/4513 1071
@/home/ec2-user/data/topics/4340 1072
@/home/ec2-user/data/topics/1913 1073
イビデン株式会社

@/home/ec2-user/data/topics/1315 1074
@/home/ec2-user/data/topics/1770 1074
@/home/ec2-user/data/topics/2033 1075
@/home/ec2-user/data/topics/1336 1076
@/home/ec2-user/data/topics/1682 1077
@/home/ec2-user/data/topics/3814 1078
@/home/ec2-user/data/topics/1952 1079
株式会社東芝

@/home/ec2-user/data/topics/3948 1080
@/home/ec2-user/data/topics/3732 1080
@/home/ec2-user/data/topics/1205 1081
@/home/ec2-user/data/topics/4096 1082
@/home/ec2-user/data/topics/3689 1083
@/home/ec2-user/data/topics/4509 1084
@/home/ec2-user/data/topics/4183 1085
@/home/ec2-user/data/topics/1757 1086
@/home/ec2-user/data/topics/2241 1087
@/home/ec2-user/data/topics/1585 1088
@/home/ec2-user/data/topics/3795 1089
@/home/ec2-user/data/topics/4302 1090
@/home/ec2-user/data/topics/3688 1091
@/home/ec2-user/data/topics/4197 1092
@/home/ec2-user/data/topics/3734 1093
@/home/ec2-user/data/topics/1819 1094
@/home/ec2-user/data/topics/3351 1095
@/home/ec2-user/data/topics/1132 1096
@/home/ec2-user/data/topics/4594 1097
@/home/ec2-user/data/topics/3380 1098
@/home/ec2-user/data/topics/4292 1099
@/home/ec2-user/data/topics/4631 1100
@/home/ec2-user/data/topics/1332 1101
@/home/ec2-user/data/topics/4912 1102
@/home/ec2-user/data/topics/1756 1103
@/home/ec2-user/data/topics/3462 1104
@/home/ec2-user/data/topics/3716 1105
@/home/ec2-user/data/topics/3352 1106
@/home/ec2-user/data/topics/3988 1107
@/home/ec2-user/data/topics/4089 1108
@/home/ec2-user/data/topics/3851 1109
@/home/ec2-user/data/topics/1090 1110
@/home/ec2-user/data/topics/3990 1111
@/home/ec2-user/data/topics/4623 1112
@/home/ec2-user/data/topics/4935 1113
@/home/ec2-user/data/topics/3618 1114
@/home/ec2-user/data/topics/4140 1115
@/home/ec2-user/data/topics/4361 1116
@/home/ec2-user/data/topics/4336 1117
@/home/ec2-user/data/topics/3542 1118
@/home/ec2-user/data/topics/4755 1119
@/home/ec2-user/data/topics/4566 1120
@/home/ec2-user/data/topics/4009 1121
@/home/ec2-user/data/topics/4842 1122
@/home/ec2-user/data/topics/3881 1123
@/home/ec2-user/data/topics/3360 1124
@/home/ec2-user/data/topics/1997 1125
@/home/ec2-user/data/topics/3598 1126
@/home/ec2-user/data/topics/4381 1127
@/home/ec2-user/data/topics/3890 1128
@/home/ec2-user/data/topics/4751 1129
@/home/ec2-user/data/topics/3834 1130
@/home/ec2-user/data/topics/4165 1131
@/home/ec2-user/data/topics/3683 1132
@/home/ec2-user/data/topics/3363 1133
@/home/ec2-user/data/topics/3780 1134
@/home/ec2-user/data/topics/4863 1135
@/home/ec2-user/data/topics/4172 1136
@/home/ec2-user/data/topics/4535 1137
@/home/ec2-user/data/topics/4057 1138
@/home/ec2-user/data/topics/4881 1139
ヤマハ株式会社

@/home/ec2-user/data/topics/4954 1140
@/home/ec2-user/data/topics/4045 1140
@/home/ec2-user/data/topics/1676 1141
@/home/ec2-user/data/topics/4125 1142
@/home/ec2-user/data/topics/1443 1143
@/home/ec2-user/data/topics/3972 1144
@/home/ec2-user/data/topics/1720 1145
@/home/ec2-user/data/topics/4145 1146
@/home/ec2-user/data/topics/1911 1147
@/home/ec2-user/data/topics/4084 1148
@/home/ec2-user/data/topics/4919 1149
@/home/ec2-user/data/topics/4010 1150
@/home/ec2-user/data/topics/4177 1151
東洋紡績株式会社

@/home/ec2-user/data/topics/4362 1152
@/home/ec2-user/data/topics/3769 1152
@/home/ec2-user/data/topics/1029 1153
@/home/ec2-user/data/topics/4284 1154
@/home/ec2-user/data/topics/1613 1155
@/home/ec2-user/data/topics/4366 1156
三菱化学株式会社

@/home/ec2-user/data/topics/1902 1157
@/home/ec2-user/data/topics/1197 1157
@/home/ec2-user/data/topics/3513 1158
@/home/ec2-user/data/topics/3458 1159
@/home/ec2-user/data/topics/1699 1160
@/home/ec2-user/data/topics/3638 1161
カシオ計算機株式会社

@/home/ec2-user/data/topics/1535 1162
@/home/ec2-user/data/topics/1047 1162
@/home/ec2-user/data/topics/2180 1163
@/home/ec2-user/data/topics/2237 1164
@/home/ec2-user/data/topics/1235 1165
@/home/ec2-user/data/topics/1794 1166
@/home/ec2-user/data/topics/1368 1167
@/home/ec2-user/data/topics/3391 1168
コナミ株式会社

@/home/ec2-user/data/topics/4602 1169
@/home/ec2-user/data/topics/1621 1169
@/home/ec2-user/data/topics/2151 1170
@/home/ec2-user/data/topics/5015 1171
@/home/ec2-user/data/topics/1672 1172
@/home/ec2-user/data/topics/4681 1173
@/home/ec2-user/data/topics/1302 1174
@/home/ec2-user/data/topics/2100 1175
大日本スクリーン製造株式会社

@/home/ec2-user/data/topics/2209 1176
@/home/ec2-user/data/topics/1130 1176
@/home/ec2-user/data/topics/2172 1177
@/home/ec2-user/data/topics/1779 1178
@/home/ec2-user/data/topics/1608 1179
@/home/ec2-user/data/topics/1173 1180
@/home/ec2-user/data/topics/3742 1181
オムロン株式会社

@/home/ec2-user/data/topics/1933 1182
@/home/ec2-user/data/topics/1151 1182
@/home/ec2-user/data/topics/1657 1183
@/home/ec2-user/data/topics/1841 1184
@/home/ec2-user/data/topics/1579 1185
@/home/ec2-user/data/topics/4771 1186
@/home/ec2-user/data/topics/1067 1187
@/home/ec2-user/data/topics/3748 1188
@/home/ec2-user/data/topics/3863 1189
@/home/ec2-user/data/topics/1135 1190
@/home/ec2-user/data/topics/3700 1191
@/home/ec2-user/data/topics/1533 1192
@/home/ec2-user/data/topics/2096 1193
@/home/ec2-user/data/topics/3597 1194
@/home/ec2-user/data/topics/3594 1195
株式会社日立製作所

@/home/ec2-user/data/topics/4545 1196
@/home/ec2-user/data/topics/4943 1196
@/home/ec2-user/data/topics/5030 1197
@/home/ec2-user/data/topics/2081 1198
@/home/ec2-user/data/topics/1880 1199
@/home/ec2-user/data/topics/3665 1200
@/home/ec2-user/data/topics/3531 1201
@/home/ec2-user/data/topics/3384 1202
@/home/ec2-user/data/topics/3772 1203
@/home/ec2-user/data/topics/4621 1204
@/home/ec2-user/data/topics/1651 1205
@/home/ec2-user/data/topics/3350 1206
@/home/ec2-user/data/topics/4830 1207
@/home/ec2-user/data/topics/3461 1208
@/home/ec2-user/data/topics/3965 1209
@/home/ec2-user/data/topics/1296 1210
@/home/ec2-user/data/topics/3659 1211
@/home/ec2-user/data/topics/4489 1212
@/home/ec2-user/data/topics/1487 1213
@/home/ec2-user/data/topics/3968 1214
@/home/ec2-user/data/topics/3596 1215
@/home/ec2-user/data/topics/1072 1216
@/home/ec2-user/data/topics/3779 1217
@/home/ec2-user/data/topics/1667 1218
@/home/ec2-user/data/topics/4058 1219
@/home/ec2-user/data/topics/4559 1220
@/home/ec2-user/data/topics/1833 1221
@/home/ec2-user/data/topics/2239 1222
@/home/ec2-user/data/topics/1247 1223
@/home/ec2-user/data/topics/3439 1224
@/home/ec2-user/data/topics/1340 1225
@/home/ec2-user/data/topics/3488 1226
@/home/ec2-user/data/topics/1334 1227
@/home/ec2-user/data/topics/3822 1228
@/home/ec2-user/data/topics/3524 1229
@/home/ec2-user/data/topics/4401 1230
@/home/ec2-user/data/topics/4551 1231
@/home/ec2-user/data/topics/1463 1232
@/home/ec2-user/data/topics/4122 1233
@/home/ec2-user/data/topics/5029 1234
@/home/ec2-user/data/topics/4990 1235
@/home/ec2-user/data/topics/1278 1236
@/home/ec2-user/data/topics/3648 1237
@/home/ec2-user/data/topics/4166 1238
@/home/ec2-user/data/topics/1501 1239
@/home/ec2-user/data/topics/3993 1240
@/home/ec2-user/data/topics/4547 1241
@/home/ec2-user/data/topics/3588 1242
@/home/ec2-user/data/topics/1082 1243
@/home/ec2-user/data/topics/2019 1244
@/home/ec2-user/data/topics/3691 1245
@/home/ec2-user/data/topics/1693 1246
@/home/ec2-user/data/topics/3599 1247
@/home/ec2-user/data/topics/1640 1248
@/home/ec2-user/data/topics/1826 1249
@/home/ec2-user/data/topics/4493 1250
@/home/ec2-user/data/topics/3432 1251
@/home/ec2-user/data/topics/1882 1252
@/home/ec2-user/data/topics/2184 1253
@/home/ec2-user/data/topics/4799 1254
@/home/ec2-user/data/topics/3994 1255
@/home/ec2-user/data/topics/3570 1256
@/home/ec2-user/data/topics/3440 1257
@/home/ec2-user/data/topics/1562 1258
@/home/ec2-user/data/topics/4040 1259
@/home/ec2-user/data/topics/3706 1260
@/home/ec2-user/data/topics/1249 1261
@/home/ec2-user/data/topics/3471 1262
@/home/ec2-user/data/topics/4420 1263
@/home/ec2-user/data/topics/1825 1264
@/home/ec2-user/data/topics/4402 1265
@/home/ec2-user/data/topics/1987 1266
@/home/ec2-user/data/topics/3973 1267
@/home/ec2-user/data/topics/1105 1268
凸版印刷株式会社

@/home/ec2-user/data/topics/1091 1269
@/home/ec2-user/data/topics/3624 1269
@/home/ec2-user/data/topics/4874 1270
@/home/ec2-user/data/topics/1977 1271
@/home/ec2-user/data/topics/1765 1272
@/home/ec2-user/data/topics/3500 1273
@/home/ec2-user/data/topics/3526 1274
株式会社ノーリツ

@/home/ec2-user/data/topics/1618 1275
@/home/ec2-user/data/topics/4776 1275
@/home/ec2-user/data/topics/1598 1276
@/home/ec2-user/data/topics/4354 1277
@/home/ec2-user/data/topics/4206 1278
@/home/ec2-user/data/topics/2116 1279
@/home/ec2-user/data/topics/1290 1280
@/home/ec2-user/data/topics/1760 1281
川崎重工業株式会社

@/home/ec2-user/data/topics/4793 1282
@/home/ec2-user/data/topics/4944 1282
@/home/ec2-user/data/topics/1162 1283
@/home/ec2-user/data/topics/1172 1284
@/home/ec2-user/data/topics/4866 1285
@/home/ec2-user/data/topics/4572 1286
@/home/ec2-user/data/topics/5025 1287
@/home/ec2-user/data/topics/4756 1288
ティーディーケイ株式会社

@/home/ec2-user/data/topics/2202 1289
@/home/ec2-user/data/topics/2210 1289
@/home/ec2-user/data/topics/1409 1290
@/home/ec2-user/data/topics/3792 1291
@/home/ec2-user/data/topics/3909 1292
@/home/ec2-user/data/topics/1510 1293
@/home/ec2-user/data/topics/3798 1294
@/home/ec2-user/data/topics/1129 1295
@/home/ec2-user/data/topics/4619 1296
京セラミタ株式会社

@/home/ec2-user/data/topics/1930 1297
@/home/ec2-user/data/topics/4174 1297
@/home/ec2-user/data/topics/2141 1298
@/home/ec2-user/data/topics/4973 1299
@/home/ec2-user/data/topics/1032 1300
@/home/ec2-user/data/topics/4985 1301
@/home/ec2-user/data/topics/4564 1302
株式会社クボタ

@/home/ec2-user/data/topics/3919 1303
@/home/ec2-user/data/topics/1734 1303
@/home/ec2-user/data/topics/1012 1304
@/home/ec2-user/data/topics/4251 1305
@/home/ec2-user/data/topics/3823 1306
@/home/ec2-user/data/topics/1448 1307
@/home/ec2-user/data/topics/4745 1308
@/home/ec2-user/data/topics/4379 1309
@/home/ec2-user/data/topics/3854 1310
@/home/ec2-user/data/topics/1280 1311
シャープ株式会社

@/home/ec2-user/data/topics/1965 1312
@/home/ec2-user/data/topics/3871 1312
@/home/ec2-user/data/topics/4127 1313
@/home/ec2-user/data/topics/4782 1314
@/home/ec2-user/data/topics/1563 1315
@/home/ec2-user/data/topics/1174 1316
@/home/ec2-user/data/topics/3649 1317
@/home/ec2-user/data/topics/3578 1318
@/home/ec2-user/data/topics/3673 1319
@/home/ec2-user/data/topics/1396 1320
@/home/ec2-user/data/topics/4252 1321
@/home/ec2-user/data/topics/1431 1322
@/home/ec2-user/data/topics/3452 1323
@/home/ec2-user/data/topics/4519 1324
@/home/ec2-user/data/topics/4245 1325
@/home/ec2-user/data/topics/1804 1326
@/home/ec2-user/data/topics/4230 1327
@/home/ec2-user/data/topics/3793 1328
@/home/ec2-user/data/topics/3813 1329
@/home/ec2-user/data/topics/3858 1330
@/home/ec2-user/data/topics/1561 1331
@/home/ec2-user/data/topics/4113 1332
@/home/ec2-user/data/topics/3698 1333
@/home/ec2-user/data/topics/4469 1334
@/home/ec2-user/data/topics/4744 1335
@/home/ec2-user/data/topics/3606 1336
@/home/ec2-user/data/topics/2020 1337
@/home/ec2-user/data/topics/1349 1338
@/home/ec2-user/data/topics/3422 1339
@/home/ec2-user/data/topics/3941 1340
@/home/ec2-user/data/topics/4683 1341
@/home/ec2-user/data/topics/4516 1342
@/home/ec2-user/data/topics/4228 1343
@/home/ec2-user/data/topics/3678 1344
@/home/ec2-user/data/topics/3760 1345
@/home/ec2-user/data/topics/1209 1346
@/home/ec2-user/data/topics/1419 1347
@/home/ec2-user/data/topics/2118 1348
@/home/ec2-user/data/topics/3450 1349
@/home/ec2-user/data/topics/4105 1350
@/home/ec2-user/data/topics/2087 1351
@/home/ec2-user/data/topics/3957 1352
@/home/ec2-user/data/topics/1318 1353
@/home/ec2-user/data/topics/4019 1354
@/home/ec2-user/data/topics/3537 1355
@/home/ec2-user/data/topics/1840 1356
@/home/ec2-user/data/topics/3895 1357
@/home/ec2-user/data/topics/4717 1358
@/home/ec2-user/data/topics/1258 1359
@/home/ec2-user/data/topics/3981 1360
@/home/ec2-user/data/topics/3832 1361
@/home/ec2-user/data/topics/1288 1362
@/home/ec2-user/data/topics/3776 1363
@/home/ec2-user/data/topics/4103 1364
@/home/ec2-user/data/topics/4214 1365
@/home/ec2-user/data/topics/3679 1366
@/home/ec2-user/data/topics/4124 1367
@/home/ec2-user/data/topics/3762 1368
@/home/ec2-user/data/topics/4648 1369
@/home/ec2-user/data/topics/3978 1370
@/home/ec2-user/data/topics/1154 1371
@/home/ec2-user/data/topics/4583 1372
@/home/ec2-user/data/topics/1970 1373
@/home/ec2-user/data/topics/4095 1374
@/home/ec2-user/data/topics/4152 1375
@/home/ec2-user/data/topics/4263 1376
@/home/ec2-user/data/topics/4691 1377
@/home/ec2-user/data/topics/4861 1378
@/home/ec2-user/data/topics/3855 1379
@/home/ec2-user/data/topics/4256 1380
@/home/ec2-user/data/topics/4005 1381
@/home/ec2-user/data/topics/4323 1382
@/home/ec2-user/data/topics/3610 1383
@/home/ec2-user/data/topics/4173 1384
@/home/ec2-user/data/topics/4349 1385
@/home/ec2-user/data/topics/2084 1386
@/home/ec2-user/data/topics/1384 1387
@/home/ec2-user/data/topics/3966 1388
@/home/ec2-user/data/topics/4430 1389
@/home/ec2-user/data/topics/3777 1390
@/home/ec2-user/data/topics/1685 1391
日本輸送機株式会社

@/home/ec2-user/data/topics/1108 1392
@/home/ec2-user/data/topics/1493 1392
@/home/ec2-user/data/topics/3573 1393
@/home/ec2-user/data/topics/2065 1394
@/home/ec2-user/data/topics/2221 1395
@/home/ec2-user/data/topics/1456 1396
@/home/ec2-user/data/topics/1940 1397
@/home/ec2-user/data/topics/1191 1398
東京エレクトロン株式会社

@/home/ec2-user/data/topics/4618 1399
@/home/ec2-user/data/topics/4906 1399
@/home/ec2-user/data/topics/4002 1400
@/home/ec2-user/data/topics/4702 1401
@/home/ec2-user/data/topics/1800 1402
@/home/ec2-user/data/topics/4023 1403
@/home/ec2-user/data/topics/3947 1404
@/home/ec2-user/data/topics/1508 1405
@/home/ec2-user/data/topics/1263 1406
@/home/ec2-user/data/topics/4053 1407
@/home/ec2-user/data/topics/1736 1408
@/home/ec2-user/data/topics/4345 1409
株式会社村田製作所

@/home/ec2-user/data/topics/1411 1410
@/home/ec2-user/data/topics/1374 1410
@/home/ec2-user/data/topics/4378 1411
@/home/ec2-user/data/topics/4042 1412
@/home/ec2-user/data/topics/4703 1413
@/home/ec2-user/data/topics/2229 1414
@/home/ec2-user/data/topics/4432 1415
@/home/ec2-user/data/topics/4795 1416
@/home/ec2-user/data/topics/3885 1417
@/home/ec2-user/data/topics/3435 1418
@/home/ec2-user/data/topics/3697 1419
@/home/ec2-user/data/topics/4271 1420
@/home/ec2-user/data/topics/4325 1421
@/home/ec2-user/data/topics/4417 1422
@/home/ec2-user/data/topics/3482 1423
@/home/ec2-user/data/topics/4163 1424
@/home/ec2-user/data/topics/4070 1425
日本電信電話株式会社

@/home/ec2-user/data/topics/3824 1426
@/home/ec2-user/data/topics/4175 1426
@/home/ec2-user/data/topics/1556 1427
@/home/ec2-user/data/topics/4560 1428
@/home/ec2-user/data/topics/4131 1429
@/home/ec2-user/data/topics/3568 1430
@/home/ec2-user/data/topics/3544 1431
@/home/ec2-user/data/topics/4232 1432
@/home/ec2-user/data/topics/1934 1433
@/home/ec2-user/data/topics/4865 1434
@/home/ec2-user/data/topics/4118 1435
@/home/ec2-user/data/topics/4965 1436
@/home/ec2-user/data/topics/3641 1437
@/home/ec2-user/data/topics/4488 1438
@/home/ec2-user/data/topics/4505 1439
@/home/ec2-user/data/topics/1042 1440
@/home/ec2-user/data/topics/3359 1441
@/home/ec2-user/data/topics/3586 1442
@/home/ec2-user/data/topics/3521 1443
@/home/ec2-user/data/topics/1229 1444
@/home/ec2-user/data/topics/4335 1445
@/home/ec2-user/data/topics/1809 1446
@/home/ec2-user/data/topics/4792 1447
@/home/ec2-user/data/topics/1230 1448
@/home/ec2-user/data/topics/4916 1449
@/home/ec2-user/data/topics/2017 1450
@/home/ec2-user/data/topics/4114 1451
@/home/ec2-user/data/topics/3425 1452
@/home/ec2-user/data/topics/3536 1453
@/home/ec2-user/data/topics/3915 1454
@/home/ec2-user/data/topics/4952 1455
@/home/ec2-user/data/topics/4115 1456
@/home/ec2-user/data/topics/4511 1457
@/home/ec2-user/data/topics/3894 1458
@/home/ec2-user/data/topics/4087 1459
@/home/ec2-user/data/topics/4870 1460
@/home/ec2-user/data/topics/1787 1461
@/home/ec2-user/data/topics/2130 1462
@/home/ec2-user/data/topics/4146 1463
@/home/ec2-user/data/topics/4925 1464
@/home/ec2-user/data/topics/3928 1465
@/home/ec2-user/data/topics/3552 1466
@/home/ec2-user/data/topics/4104 1467
@/home/ec2-user/data/topics/3509 1468
@/home/ec2-user/data/topics/4664 1469
@/home/ec2-user/data/topics/3785 1470
@/home/ec2-user/data/topics/4443 1471
@/home/ec2-user/data/topics/1408 1472
@/home/ec2-user/data/topics/4964 1473
@/home/ec2-user/data/topics/4208 1474
@/home/ec2-user/data/topics/4025 1475
@/home/ec2-user/data/topics/3811 1476
@/home/ec2-user/data/topics/3650 1477
@/home/ec2-user/data/topics/4121 1478
@/home/ec2-user/data/topics/4836 1479
@/home/ec2-user/data/topics/3927 1480
日本鋼管株式会社

@/home/ec2-user/data/topics/1690 1481
@/home/ec2-user/data/topics/4161 1481
@/home/ec2-user/data/topics/1404 1482
@/home/ec2-user/data/topics/3572 1483
@/home/ec2-user/data/topics/2095 1484
@/home/ec2-user/data/topics/4455 1485
@/home/ec2-user/data/topics/4289 1486
株式会社神戸製鋼所

@/home/ec2-user/data/topics/2064 1487
@/home/ec2-user/data/topics/1465 1487
@/home/ec2-user/data/topics/3902 1488
@/home/ec2-user/data/topics/3475 1489
@/home/ec2-user/data/topics/3674 1490
@/home/ec2-user/data/topics/4949 1491
@/home/ec2-user/data/topics/3632 1492
株式会社ケンウッド

@/home/ec2-user/data/topics/4167 1493
@/home/ec2-user/data/topics/1345 1493
@/home/ec2-user/data/topics/1115 1494
@/home/ec2-user/data/topics/3463 1495
@/home/ec2-user/data/topics/1424 1496
@/home/ec2-user/data/topics/1896 1497
@/home/ec2-user/data/topics/3878 1498
@/home/ec2-user/data/topics/3839 1499
@/home/ec2-user/data/topics/1241 1500
@/home/ec2-user/data/topics/4038 1501
@/home/ec2-user/data/topics/4050 1502
@/home/ec2-user/data/topics/3794 1503
@/home/ec2-user/data/topics/1186 1504
@/home/ec2-user/data/topics/3977 1505
@/home/ec2-user/data/topics/2163 1506
@/home/ec2-user/data/topics/1617 1507
@/home/ec2-user/data/topics/1698 1508
@/home/ec2-user/data/topics/3801 1509
@/home/ec2-user/data/topics/2036 1510
@/home/ec2-user/data/topics/3969 1511
@/home/ec2-user/data/topics/4467 1512
東陶機器株式会社

@/home/ec2-user/data/topics/3821 1513
@/home/ec2-user/data/topics/1626 1513
@/home/ec2-user/data/topics/3583 1514
@/home/ec2-user/data/topics/2135 1515
@/home/ec2-user/data/topics/1735 1516
@/home/ec2-user/data/topics/1692 1517
本田技研工業株式会社

@/home/ec2-user/data/topics/1444 1518
@/home/ec2-user/data/topics/1266 1518
@/home/ec2-user/data/topics/4132 1519
@/home/ec2-user/data/topics/1215 1520
@/home/ec2-user/data/topics/3685 1521
@/home/ec2-user/data/topics/4033 1522
@/home/ec2-user/data/topics/1226 1523
@/home/ec2-user/data/topics/1143 1524
@/home/ec2-user/data/topics/2016 1525
@/home/ec2-user/data/topics/2000 1526
@/home/ec2-user/data/topics/4783 1527
@/home/ec2-user/data/topics/4199 1528
@/home/ec2-user/data/topics/4331 1529
@/home/ec2-user/data/topics/1605 1530
@/home/ec2-user/data/topics/5026 1531
@/home/ec2-user/data/topics/4375 1532
@/home/ec2-user/data/topics/4888 1533
@/home/ec2-user/data/topics/1818 1534
@/home/ec2-user/data/topics/1822 1535
新日本製鐵株式会社

@/home/ec2-user/data/topics/5008 1536
@/home/ec2-user/data/topics/3663 1536
@/home/ec2-user/data/topics/3861 1537
@/home/ec2-user/data/topics/3899 1538
@/home/ec2-user/data/topics/4472 1539
@/home/ec2-user/data/topics/3368 1540
松下電工株式会社

@/home/ec2-user/data/topics/1803 1541
@/home/ec2-user/data/topics/3549 1541
@/home/ec2-user/data/topics/3932 1542
@/home/ec2-user/data/topics/1251 1543
@/home/ec2-user/data/topics/4347 1544
@/home/ec2-user/data/topics/3651 1545
@/home/ec2-user/data/topics/3565 1546
@/home/ec2-user/data/topics/1311 1547
@/home/ec2-user/data/topics/4592 1548
@/home/ec2-user/data/topics/4317 1549
@/home/ec2-user/data/topics/3511 1550
@/home/ec2-user/data/topics/4083 1551
@/home/ec2-user/data/topics/3379 1552
@/home/ec2-user/data/topics/3670 1553
@/home/ec2-user/data/topics/4450 1554
@/home/ec2-user/data/topics/3835 1555
@/home/ec2-user/data/topics/4094 1556
@/home/ec2-user/data/topics/4029 1557
@/home/ec2-user/data/topics/2045 1558
@/home/ec2-user/data/topics/3778 1559
@/home/ec2-user/data/topics/1011 1560
@/home/ec2-user/data/topics/4012 1561
usernum: 72
hit: 575
simhit: 690
simmax: 0.666805477132
simmin: 0.0
simavg: 0.218350523441
dlmax: 0.120246499652
dlmin: 0.00700267590091
dlavg: 0.0321404602356
mthit: 479
mthls: 227
srp: 466.964
total: 1562
hit/total: 0.368117797695
simhit/total: 0.441741357234
mthit/(total+usernum): 0.293145654835
mthls/(total+usernum): 0.138922888617
srp/(total+usernum): 0.0952598939208
srp20/(total+usernum): 0.0258975928193
srp100/(total+usernum): 0.0571583027336
srp500/(total+usernum): 0.0833251733986

2016-12-22 16:23:10.201404
