2016-12-24 04:05:06.075916

topic-folder:/home/ec2-user/data/topics/
cl-file:/home/ec2-user/git/tfidf/result-new/b2-2.txt
cl-floder:/home/ec2-user/data/lsaclass/
zipf:0.5
stype[0(tfidf)/1(tfidf2)/2(lsa)/3(lda)]:2
dtype[<0(diff*rand)/0(diff)/1(same)/>=2(diff*same)]:0
output-floder:/home/ec2-user/git/userquery/result

三菱マテリアル株式会社

@/home/ec2-user/data/topics/3520 0
@/home/ec2-user/data/topics/1085 0
@/home/ec2-user/data/topics/3630 1
@/home/ec2-user/data/topics/2093 2
@/home/ec2-user/data/topics/3866 3
@/home/ec2-user/data/topics/3546 4
@/home/ec2-user/data/topics/1638 5
@/home/ec2-user/data/topics/3470 6
日本精機株式会社

@/home/ec2-user/data/topics/4907 7
@/home/ec2-user/data/topics/1398 7
@/home/ec2-user/data/topics/4972 8
@/home/ec2-user/data/topics/4875 9
@/home/ec2-user/data/topics/4690 10
@/home/ec2-user/data/topics/4709 11
コニカ株式会社

@/home/ec2-user/data/topics/1946 12
@/home/ec2-user/data/topics/3419 12
@/home/ec2-user/data/topics/3357 13
@/home/ec2-user/data/topics/3486 14
@/home/ec2-user/data/topics/3431 15
@/home/ec2-user/data/topics/3370 16
@/home/ec2-user/data/topics/3418 17
@/home/ec2-user/data/topics/3533 18
@/home/ec2-user/data/topics/2162 19
@/home/ec2-user/data/topics/3426 20
@/home/ec2-user/data/topics/3414 21
埼玉日本電気株式会社

@/home/ec2-user/data/topics/4998 22
@/home/ec2-user/data/topics/4283 22
@/home/ec2-user/data/topics/4242 23
@/home/ec2-user/data/topics/1620 24
@/home/ec2-user/data/topics/4468 25
@/home/ec2-user/data/topics/4496 26
@/home/ec2-user/data/topics/1512 27
@/home/ec2-user/data/topics/5010 28
@/home/ec2-user/data/topics/4279 29
アルプス電気株式会社

@/home/ec2-user/data/topics/1434 30
@/home/ec2-user/data/topics/3582 30
@/home/ec2-user/data/topics/3429 31
@/home/ec2-user/data/topics/1253 32
@/home/ec2-user/data/topics/2089 33
@/home/ec2-user/data/topics/4791 34
@/home/ec2-user/data/topics/2012 35
三菱重工業株式会社

@/home/ec2-user/data/topics/5022 36
@/home/ec2-user/data/topics/4412 36
@/home/ec2-user/data/topics/4687 37
@/home/ec2-user/data/topics/4563 38
@/home/ec2-user/data/topics/4882 39
@/home/ec2-user/data/topics/3637 40
@/home/ec2-user/data/topics/3503 41
@/home/ec2-user/data/topics/3591 42
@/home/ec2-user/data/topics/3529 43
@/home/ec2-user/data/topics/3833 44
@/home/ec2-user/data/topics/4862 45
@/home/ec2-user/data/topics/3944 46
村田機械株式会社

@/home/ec2-user/data/topics/1511 47
@/home/ec2-user/data/topics/5000 47
@/home/ec2-user/data/topics/3528 48
@/home/ec2-user/data/topics/4941 49
@/home/ec2-user/data/topics/4746 50
@/home/ec2-user/data/topics/4596 51
@/home/ec2-user/data/topics/4441 52
@/home/ec2-user/data/topics/4570 53
@/home/ec2-user/data/topics/4835 54
@/home/ec2-user/data/topics/4638 55
@/home/ec2-user/data/topics/1074 56
@/home/ec2-user/data/topics/1293 57
@/home/ec2-user/data/topics/4565 58
@/home/ec2-user/data/topics/3740 59
@/home/ec2-user/data/topics/1607 60
@/home/ec2-user/data/topics/4556 61
@/home/ec2-user/data/topics/4645 62
川崎製鉄株式会社

@/home/ec2-user/data/topics/1459 63
@/home/ec2-user/data/topics/1037 63
@/home/ec2-user/data/topics/3553 64
@/home/ec2-user/data/topics/3532 65
@/home/ec2-user/data/topics/3929 66
@/home/ec2-user/data/topics/3611 67
@/home/ec2-user/data/topics/4615 68
@/home/ec2-user/data/topics/3413 69
@/home/ec2-user/data/topics/3483 70
ダイキン工業株式会社

@/home/ec2-user/data/topics/4515 71
@/home/ec2-user/data/topics/4734 71
@/home/ec2-user/data/topics/4753 72
@/home/ec2-user/data/topics/4400 73
@/home/ec2-user/data/topics/1600 74
@/home/ec2-user/data/topics/4701 75
@/home/ec2-user/data/topics/4367 76
@/home/ec2-user/data/topics/1565 77
@/home/ec2-user/data/topics/4858 78
@/home/ec2-user/data/topics/4845 79
@/home/ec2-user/data/topics/3888 80
三菱自動車工業株式会社

@/home/ec2-user/data/topics/1527 81
@/home/ec2-user/data/topics/2101 81
@/home/ec2-user/data/topics/3502 82
@/home/ec2-user/data/topics/1816 83
@/home/ec2-user/data/topics/3815 84
@/home/ec2-user/data/topics/4189 85
@/home/ec2-user/data/topics/3940 86
@/home/ec2-user/data/topics/1428 87
日産自動車株式会社

@/home/ec2-user/data/topics/3497 88
@/home/ec2-user/data/topics/3645 88
@/home/ec2-user/data/topics/4074 89
@/home/ec2-user/data/topics/3936 90
@/home/ec2-user/data/topics/3723 91
@/home/ec2-user/data/topics/3501 92
@/home/ec2-user/data/topics/3829 93
@/home/ec2-user/data/topics/4982 94
@/home/ec2-user/data/topics/3712 95
@/home/ec2-user/data/topics/3677 96
@/home/ec2-user/data/topics/3489 97
トヨタ自動車株式会社

@/home/ec2-user/data/topics/3356 98
@/home/ec2-user/data/topics/3405 98
@/home/ec2-user/data/topics/4617 99
@/home/ec2-user/data/topics/4633 100
@/home/ec2-user/data/topics/3699 101
@/home/ec2-user/data/topics/4144 102
@/home/ec2-user/data/topics/2111 103
@/home/ec2-user/data/topics/3725 104
@/home/ec2-user/data/topics/4064 105
@/home/ec2-user/data/topics/4298 106
@/home/ec2-user/data/topics/3671 107
@/home/ec2-user/data/topics/3481 108
@/home/ec2-user/data/topics/1494 109
@/home/ec2-user/data/topics/4346 110
@/home/ec2-user/data/topics/4426 111
@/home/ec2-user/data/topics/4920 112
@/home/ec2-user/data/topics/2218 113
@/home/ec2-user/data/topics/4767 114
@/home/ec2-user/data/topics/3731 115
@/home/ec2-user/data/topics/4030 116
@/home/ec2-user/data/topics/4658 117
@/home/ec2-user/data/topics/3587 118
@/home/ec2-user/data/topics/1551 119
@/home/ec2-user/data/topics/3783 120
@/home/ec2-user/data/topics/3758 121
@/home/ec2-user/data/topics/4543 122
@/home/ec2-user/data/topics/4647 123
@/home/ec2-user/data/topics/3943 124
@/home/ec2-user/data/topics/4008 125
オリンパス光学工業株式会社

@/home/ec2-user/data/topics/4013 126
@/home/ec2-user/data/topics/1155 126
@/home/ec2-user/data/topics/1835 127
@/home/ec2-user/data/topics/4878 128
@/home/ec2-user/data/topics/5006 129
@/home/ec2-user/data/topics/1981 130
@/home/ec2-user/data/topics/1107 131
@/home/ec2-user/data/topics/1586 132
@/home/ec2-user/data/topics/1739 133
@/home/ec2-user/data/topics/1869 134
@/home/ec2-user/data/topics/2026 135
@/home/ec2-user/data/topics/4007 136
ブラザー工業株式会社

@/home/ec2-user/data/topics/3613 137
@/home/ec2-user/data/topics/1183 137
@/home/ec2-user/data/topics/2086 138
@/home/ec2-user/data/topics/1164 139
@/home/ec2-user/data/topics/4548 140
@/home/ec2-user/data/topics/3507 141
@/home/ec2-user/data/topics/1300 142
@/home/ec2-user/data/topics/2085 143
@/home/ec2-user/data/topics/3477 144
@/home/ec2-user/data/topics/3686 145
@/home/ec2-user/data/topics/1906 146
@/home/ec2-user/data/topics/1076 147
@/home/ec2-user/data/topics/1636 148
@/home/ec2-user/data/topics/3789 149
@/home/ec2-user/data/topics/1697 150
富士通株式会社

@/home/ec2-user/data/topics/3970 151
@/home/ec2-user/data/topics/1264 151
@/home/ec2-user/data/topics/2216 152
@/home/ec2-user/data/topics/3962 153
@/home/ec2-user/data/topics/3883 154
@/home/ec2-user/data/topics/3862 155
@/home/ec2-user/data/topics/3751 156
@/home/ec2-user/data/topics/3870 157
@/home/ec2-user/data/topics/1874 158
@/home/ec2-user/data/topics/3460 159
@/home/ec2-user/data/topics/3765 160
@/home/ec2-user/data/topics/3749 161
@/home/ec2-user/data/topics/3399 162
@/home/ec2-user/data/topics/3538 163
@/home/ec2-user/data/topics/3802 164
@/home/ec2-user/data/topics/3846 165
@/home/ec2-user/data/topics/1271 166
@/home/ec2-user/data/topics/4191 167
@/home/ec2-user/data/topics/3428 168
@/home/ec2-user/data/topics/3850 169
@/home/ec2-user/data/topics/2215 170
@/home/ec2-user/data/topics/3400 171
@/home/ec2-user/data/topics/2227 172
@/home/ec2-user/data/topics/1123 173
@/home/ec2-user/data/topics/3799 174
@/home/ec2-user/data/topics/3636 175
@/home/ec2-user/data/topics/5004 176
@/home/ec2-user/data/topics/1547 177
@/home/ec2-user/data/topics/3912 178
@/home/ec2-user/data/topics/3381 179
@/home/ec2-user/data/topics/1609 180
@/home/ec2-user/data/topics/1998 181
静岡日本電気株式会社

@/home/ec2-user/data/topics/4531 182
@/home/ec2-user/data/topics/4365 182
@/home/ec2-user/data/topics/4314 183
@/home/ec2-user/data/topics/4250 184
@/home/ec2-user/data/topics/4326 185
@/home/ec2-user/data/topics/4507 186
住友重機械工業株式会社

@/home/ec2-user/data/topics/3952 187
@/home/ec2-user/data/topics/1019 187
@/home/ec2-user/data/topics/1553 188
@/home/ec2-user/data/topics/3868 189
@/home/ec2-user/data/topics/1900 190
@/home/ec2-user/data/topics/2039 191
@/home/ec2-user/data/topics/1505 192
@/home/ec2-user/data/topics/1373 193
@/home/ec2-user/data/topics/4854 194
大日本印刷株式会社

@/home/ec2-user/data/topics/3388 195
@/home/ec2-user/data/topics/1564 195
@/home/ec2-user/data/topics/1262 196
@/home/ec2-user/data/topics/3569 197
@/home/ec2-user/data/topics/1099 198
@/home/ec2-user/data/topics/1145 199
日本電気株式会社

@/home/ec2-user/data/topics/4352 200
@/home/ec2-user/data/topics/4092 200
@/home/ec2-user/data/topics/4749 201
@/home/ec2-user/data/topics/4425 202
@/home/ec2-user/data/topics/4236 203
@/home/ec2-user/data/topics/4240 204
@/home/ec2-user/data/topics/4142 205
@/home/ec2-user/data/topics/4185 206
@/home/ec2-user/data/topics/4272 207
@/home/ec2-user/data/topics/4816 208
@/home/ec2-user/data/topics/4227 209
@/home/ec2-user/data/topics/4342 210
@/home/ec2-user/data/topics/1815 211
@/home/ec2-user/data/topics/4319 212
@/home/ec2-user/data/topics/3875 213
@/home/ec2-user/data/topics/3865 214
@/home/ec2-user/data/topics/4460 215
@/home/ec2-user/data/topics/1100 216
@/home/ec2-user/data/topics/4603 217
@/home/ec2-user/data/topics/2119 218
@/home/ec2-user/data/topics/4267 219
@/home/ec2-user/data/topics/4404 220
@/home/ec2-user/data/topics/4204 221
@/home/ec2-user/data/topics/4644 222
@/home/ec2-user/data/topics/1844 223
@/home/ec2-user/data/topics/4850 224
@/home/ec2-user/data/topics/4561 225
@/home/ec2-user/data/topics/3724 226
@/home/ec2-user/data/topics/1016 227
@/home/ec2-user/data/topics/4750 228
@/home/ec2-user/data/topics/2088 229
@/home/ec2-user/data/topics/4318 230
@/home/ec2-user/data/topics/4434 231
@/home/ec2-user/data/topics/4442 232
@/home/ec2-user/data/topics/4718 233
@/home/ec2-user/data/topics/2022 234
@/home/ec2-user/data/topics/1612 235
@/home/ec2-user/data/topics/4646 236
@/home/ec2-user/data/topics/4168 237
@/home/ec2-user/data/topics/4643 238
@/home/ec2-user/data/topics/4779 239
@/home/ec2-user/data/topics/4120 240
@/home/ec2-user/data/topics/4275 241
@/home/ec2-user/data/topics/1928 242
@/home/ec2-user/data/topics/4533 243
@/home/ec2-user/data/topics/1710 244
@/home/ec2-user/data/topics/4634 245
@/home/ec2-user/data/topics/2031 246
@/home/ec2-user/data/topics/4119 247
@/home/ec2-user/data/topics/4162 248
@/home/ec2-user/data/topics/4247 249
@/home/ec2-user/data/topics/4785 250
@/home/ec2-user/data/topics/1923 251
@/home/ec2-user/data/topics/1360 252
@/home/ec2-user/data/topics/4537 253
@/home/ec2-user/data/topics/4440 254
@/home/ec2-user/data/topics/3995 255
@/home/ec2-user/data/topics/1624 256
@/home/ec2-user/data/topics/4665 257
@/home/ec2-user/data/topics/3956 258
@/home/ec2-user/data/topics/4838 259
@/home/ec2-user/data/topics/4876 260
@/home/ec2-user/data/topics/4186 261
@/home/ec2-user/data/topics/1773 262
@/home/ec2-user/data/topics/4682 263
@/home/ec2-user/data/topics/3896 264
@/home/ec2-user/data/topics/4310 265
@/home/ec2-user/data/topics/1724 266
@/home/ec2-user/data/topics/4281 267
@/home/ec2-user/data/topics/4003 268
@/home/ec2-user/data/topics/4728 269
@/home/ec2-user/data/topics/4071 270
@/home/ec2-user/data/topics/1867 271
@/home/ec2-user/data/topics/4260 272
@/home/ec2-user/data/topics/1383 273
@/home/ec2-user/data/topics/1364 274
@/home/ec2-user/data/topics/4666 275
@/home/ec2-user/data/topics/4877 276
@/home/ec2-user/data/topics/4017 277
@/home/ec2-user/data/topics/4414 278
@/home/ec2-user/data/topics/4689 279
@/home/ec2-user/data/topics/4313 280
@/home/ec2-user/data/topics/4209 281
@/home/ec2-user/data/topics/4276 282
@/home/ec2-user/data/topics/4288 283
@/home/ec2-user/data/topics/1116 284
@/home/ec2-user/data/topics/4433 285
@/home/ec2-user/data/topics/3886 286
@/home/ec2-user/data/topics/4273 287
@/home/ec2-user/data/topics/3744 288
@/home/ec2-user/data/topics/4759 289
@/home/ec2-user/data/topics/4081 290
@/home/ec2-user/data/topics/4708 291
@/home/ec2-user/data/topics/4082 292
@/home/ec2-user/data/topics/4278 293
@/home/ec2-user/data/topics/1044 294
@/home/ec2-user/data/topics/2150 295
@/home/ec2-user/data/topics/1101 296
@/home/ec2-user/data/topics/4926 297
@/home/ec2-user/data/topics/4258 298
@/home/ec2-user/data/topics/2166 299
@/home/ec2-user/data/topics/1112 300
@/home/ec2-user/data/topics/1078 301
@/home/ec2-user/data/topics/1500 302
@/home/ec2-user/data/topics/4238 303
@/home/ec2-user/data/topics/1567 304
@/home/ec2-user/data/topics/4207 305
@/home/ec2-user/data/topics/4137 306
@/home/ec2-user/data/topics/1791 307
@/home/ec2-user/data/topics/4063 308
@/home/ec2-user/data/topics/4530 309
@/home/ec2-user/data/topics/4062 310
@/home/ec2-user/data/topics/3938 311
@/home/ec2-user/data/topics/4320 312
@/home/ec2-user/data/topics/3954 313
@/home/ec2-user/data/topics/4390 314
@/home/ec2-user/data/topics/4257 315
@/home/ec2-user/data/topics/4359 316
@/home/ec2-user/data/topics/4595 317
@/home/ec2-user/data/topics/4651 318
@/home/ec2-user/data/topics/4659 319
@/home/ec2-user/data/topics/4477 320
@/home/ec2-user/data/topics/4418 321
@/home/ec2-user/data/topics/4398 322
@/home/ec2-user/data/topics/4158 323
@/home/ec2-user/data/topics/4699 324
@/home/ec2-user/data/topics/1486 325
@/home/ec2-user/data/topics/4613 326
@/home/ec2-user/data/topics/4427 327
@/home/ec2-user/data/topics/4940 328
@/home/ec2-user/data/topics/4134 329
@/home/ec2-user/data/topics/1879 330
@/home/ec2-user/data/topics/4153 331
@/home/ec2-user/data/topics/4360 332
@/home/ec2-user/data/topics/1891 333
@/home/ec2-user/data/topics/3897 334
@/home/ec2-user/data/topics/4128 335
@/home/ec2-user/data/topics/1634 336
@/home/ec2-user/data/topics/1326 337
@/home/ec2-user/data/topics/4371 338
@/home/ec2-user/data/topics/4244 339
@/home/ec2-user/data/topics/4138 340
@/home/ec2-user/data/topics/4458 341
@/home/ec2-user/data/topics/4129 342
@/home/ec2-user/data/topics/4892 343
@/home/ec2-user/data/topics/4626 344
@/home/ec2-user/data/topics/1362 345
@/home/ec2-user/data/topics/4650 346
@/home/ec2-user/data/topics/4490 347
@/home/ec2-user/data/topics/4429 348
@/home/ec2-user/data/topics/1052 349
@/home/ec2-user/data/topics/4393 350
@/home/ec2-user/data/topics/1199 351
@/home/ec2-user/data/topics/1595 352
@/home/ec2-user/data/topics/4760 353
@/home/ec2-user/data/topics/4216 354
@/home/ec2-user/data/topics/4093 355
@/home/ec2-user/data/topics/4725 356
@/home/ec2-user/data/topics/4100 357
@/home/ec2-user/data/topics/4480 358
@/home/ec2-user/data/topics/4578 359
@/home/ec2-user/data/topics/3729 360
@/home/ec2-user/data/topics/1937 361
@/home/ec2-user/data/topics/3767 362
@/home/ec2-user/data/topics/4742 363
@/home/ec2-user/data/topics/4300 364
@/home/ec2-user/data/topics/4389 365
@/home/ec2-user/data/topics/5034 366
@/home/ec2-user/data/topics/4192 367
@/home/ec2-user/data/topics/4116 368
@/home/ec2-user/data/topics/4770 369
@/home/ec2-user/data/topics/4246 370
@/home/ec2-user/data/topics/4485 371
@/home/ec2-user/data/topics/4549 372
@/home/ec2-user/data/topics/4338 373
@/home/ec2-user/data/topics/1464 374
@/home/ec2-user/data/topics/4388 375
@/home/ec2-user/data/topics/4171 376
@/home/ec2-user/data/topics/1122 377
@/home/ec2-user/data/topics/4254 378
@/home/ec2-user/data/topics/4824 379
@/home/ec2-user/data/topics/3971 380
@/home/ec2-user/data/topics/1557 381
@/home/ec2-user/data/topics/4584 382
@/home/ec2-user/data/topics/4764 383
@/home/ec2-user/data/topics/4196 384
@/home/ec2-user/data/topics/4343 385
@/home/ec2-user/data/topics/1948 386
@/home/ec2-user/data/topics/4536 387
@/home/ec2-user/data/topics/4609 388
@/home/ec2-user/data/topics/4902 389
@/home/ec2-user/data/topics/3853 390
@/home/ec2-user/data/topics/4243 391
@/home/ec2-user/data/topics/1852 392
@/home/ec2-user/data/topics/4486 393
@/home/ec2-user/data/topics/4097 394
@/home/ec2-user/data/topics/4808 395
@/home/ec2-user/data/topics/4598 396
@/home/ec2-user/data/topics/2127 397
@/home/ec2-user/data/topics/4154 398
@/home/ec2-user/data/topics/4309 399
@/home/ec2-user/data/topics/4497 400
@/home/ec2-user/data/topics/1783 401
@/home/ec2-user/data/topics/4447 402
@/home/ec2-user/data/topics/1457 403
@/home/ec2-user/data/topics/1973 404
@/home/ec2-user/data/topics/4315 405
@/home/ec2-user/data/topics/4657 406
@/home/ec2-user/data/topics/1661 407
@/home/ec2-user/data/topics/2041 408
@/home/ec2-user/data/topics/4721 409
@/home/ec2-user/data/topics/2144 410
@/home/ec2-user/data/topics/4775 411
@/home/ec2-user/data/topics/1523 412
@/home/ec2-user/data/topics/1764 413
@/home/ec2-user/data/topics/4532 414
@/home/ec2-user/data/topics/3766 415
@/home/ec2-user/data/topics/4696 416
@/home/ec2-user/data/topics/1281 417
@/home/ec2-user/data/topics/4446 418
松下電器産業株式会社

@/home/ec2-user/data/topics/3920 419
@/home/ec2-user/data/topics/4126 419
@/home/ec2-user/data/topics/4000 420
@/home/ec2-user/data/topics/1070 421
@/home/ec2-user/data/topics/3514 422
@/home/ec2-user/data/topics/1748 423
@/home/ec2-user/data/topics/3951 424
@/home/ec2-user/data/topics/1339 425
@/home/ec2-user/data/topics/2080 426
@/home/ec2-user/data/topics/1635 427
@/home/ec2-user/data/topics/4159 428
@/home/ec2-user/data/topics/4667 429
@/home/ec2-user/data/topics/5028 430
@/home/ec2-user/data/topics/4491 431
@/home/ec2-user/data/topics/4043 432
@/home/ec2-user/data/topics/4804 433
@/home/ec2-user/data/topics/3658 434
@/home/ec2-user/data/topics/1589 435
@/home/ec2-user/data/topics/4448 436
@/home/ec2-user/data/topics/4307 437
@/home/ec2-user/data/topics/4229 438
@/home/ec2-user/data/topics/4464 439
@/home/ec2-user/data/topics/3455 440
@/home/ec2-user/data/topics/3979 441
@/home/ec2-user/data/topics/1633 442
@/home/ec2-user/data/topics/1812 443
@/home/ec2-user/data/topics/4917 444
@/home/ec2-user/data/topics/4098 445
@/home/ec2-user/data/topics/3704 446
@/home/ec2-user/data/topics/4754 447
@/home/ec2-user/data/topics/3676 448
@/home/ec2-user/data/topics/4394 449
@/home/ec2-user/data/topics/4475 450
@/home/ec2-user/data/topics/4918 451
@/home/ec2-user/data/topics/4945 452
@/home/ec2-user/data/topics/3960 453
@/home/ec2-user/data/topics/3510 454
@/home/ec2-user/data/topics/1257 455
@/home/ec2-user/data/topics/1026 456
@/home/ec2-user/data/topics/4139 457
@/home/ec2-user/data/topics/1158 458
@/home/ec2-user/data/topics/2170 459
@/home/ec2-user/data/topics/4707 460
@/home/ec2-user/data/topics/3404 461
@/home/ec2-user/data/topics/4867 462
@/home/ec2-user/data/topics/4102 463
@/home/ec2-user/data/topics/2222 464
@/home/ec2-user/data/topics/4501 465
@/home/ec2-user/data/topics/3904 466
@/home/ec2-user/data/topics/4459 467
@/home/ec2-user/data/topics/4503 468
@/home/ec2-user/data/topics/1136 469
@/home/ec2-user/data/topics/1157 470
@/home/ec2-user/data/topics/1509 471
@/home/ec2-user/data/topics/2029 472
@/home/ec2-user/data/topics/4502 473
@/home/ec2-user/data/topics/1540 474
@/home/ec2-user/data/topics/4303 475
@/home/ec2-user/data/topics/4355 476
@/home/ec2-user/data/topics/4422 477
@/home/ec2-user/data/topics/3619 478
@/home/ec2-user/data/topics/3494 479
@/home/ec2-user/data/topics/1885 480
@/home/ec2-user/data/topics/3585 481
@/home/ec2-user/data/topics/1252 482
@/home/ec2-user/data/topics/4817 483
@/home/ec2-user/data/topics/4625 484
@/home/ec2-user/data/topics/3680 485
@/home/ec2-user/data/topics/1829 486
@/home/ec2-user/data/topics/1898 487
@/home/ec2-user/data/topics/1477 488
@/home/ec2-user/data/topics/4193 489
@/home/ec2-user/data/topics/4264 490
@/home/ec2-user/data/topics/4798 491
@/home/ec2-user/data/topics/1706 492
@/home/ec2-user/data/topics/4961 493
@/home/ec2-user/data/topics/1179 494
@/home/ec2-user/data/topics/4101 495
@/home/ec2-user/data/topics/3746 496
@/home/ec2-user/data/topics/4676 497
@/home/ec2-user/data/topics/2056 498
@/home/ec2-user/data/topics/5024 499
@/home/ec2-user/data/topics/4806 500
@/home/ec2-user/data/topics/4599 501
@/home/ec2-user/data/topics/1955 502
@/home/ec2-user/data/topics/4280 503
@/home/ec2-user/data/topics/3519 504
@/home/ec2-user/data/topics/1762 505
@/home/ec2-user/data/topics/1701 506
@/home/ec2-user/data/topics/4761 507
@/home/ec2-user/data/topics/4586 508
@/home/ec2-user/data/topics/4274 509
@/home/ec2-user/data/topics/3721 510
@/home/ec2-user/data/topics/4787 511
@/home/ec2-user/data/topics/4180 512
@/home/ec2-user/data/topics/4215 513
@/home/ec2-user/data/topics/4385 514
@/home/ec2-user/data/topics/3847 515
@/home/ec2-user/data/topics/4157 516
@/home/ec2-user/data/topics/4797 517
@/home/ec2-user/data/topics/3761 518
@/home/ec2-user/data/topics/4885 519
@/home/ec2-user/data/topics/1525 520
@/home/ec2-user/data/topics/4160 521
@/home/ec2-user/data/topics/3386 522
@/home/ec2-user/data/topics/4936 523
@/home/ec2-user/data/topics/1881 524
@/home/ec2-user/data/topics/4574 525
@/home/ec2-user/data/topics/1516 526
@/home/ec2-user/data/topics/1705 527
@/home/ec2-user/data/topics/4382 528
@/home/ec2-user/data/topics/3402 529
@/home/ec2-user/data/topics/2129 530
@/home/ec2-user/data/topics/3807 531
@/home/ec2-user/data/topics/3558 532
@/home/ec2-user/data/topics/3694 533
@/home/ec2-user/data/topics/3692 534
@/home/ec2-user/data/topics/4968 535
@/home/ec2-user/data/topics/3739 536
@/home/ec2-user/data/topics/3719 537
@/home/ec2-user/data/topics/4577 538
@/home/ec2-user/data/topics/4558 539
@/home/ec2-user/data/topics/2156 540
セイコーインスツルメンツ株式会社

@/home/ec2-user/data/topics/3626 541
@/home/ec2-user/data/topics/4151 541
@/home/ec2-user/data/topics/4036 542
@/home/ec2-user/data/topics/4203 543
@/home/ec2-user/data/topics/4190 544
@/home/ec2-user/data/topics/1707 545
@/home/ec2-user/data/topics/3825 546
@/home/ec2-user/data/topics/4997 547
@/home/ec2-user/data/topics/4088 548
ミノルタ株式会社

@/home/ec2-user/data/topics/4971 549
@/home/ec2-user/data/topics/3810 549
@/home/ec2-user/data/topics/4951 550
@/home/ec2-user/data/topics/2190 551
@/home/ec2-user/data/topics/4984 552
@/home/ec2-user/data/topics/3584 553
@/home/ec2-user/data/topics/4321 554
@/home/ec2-user/data/topics/4986 555
@/home/ec2-user/data/topics/4977 556
@/home/ec2-user/data/topics/3545 557
@/home/ec2-user/data/topics/4970 558
@/home/ec2-user/data/topics/1152 559
株式会社リコー

@/home/ec2-user/data/topics/3472 560
@/home/ec2-user/data/topics/1482 560
@/home/ec2-user/data/topics/1514 561
@/home/ec2-user/data/topics/3411 562
@/home/ec2-user/data/topics/1436 563
@/home/ec2-user/data/topics/1064 564
@/home/ec2-user/data/topics/1974 565
@/home/ec2-user/data/topics/1668 566
@/home/ec2-user/data/topics/3474 567
@/home/ec2-user/data/topics/2090 568
@/home/ec2-user/data/topics/3711 569
@/home/ec2-user/data/topics/3523 570
@/home/ec2-user/data/topics/1669 571
@/home/ec2-user/data/topics/1610 572
@/home/ec2-user/data/topics/3557 573
@/home/ec2-user/data/topics/1478 574
@/home/ec2-user/data/topics/3446 575
@/home/ec2-user/data/topics/1663 576
@/home/ec2-user/data/topics/2201 577
@/home/ec2-user/data/topics/1083 578
@/home/ec2-user/data/topics/2006 579
@/home/ec2-user/data/topics/3880 580
@/home/ec2-user/data/topics/1593 581
@/home/ec2-user/data/topics/1095 582
@/home/ec2-user/data/topics/1780 583
@/home/ec2-user/data/topics/3424 584
@/home/ec2-user/data/topics/2219 585
@/home/ec2-user/data/topics/2182 586
@/home/ec2-user/data/topics/1190 587
@/home/ec2-user/data/topics/2200 588
@/home/ec2-user/data/topics/3713 589
@/home/ec2-user/data/topics/1225 590
@/home/ec2-user/data/topics/3378 591
@/home/ec2-user/data/topics/3530 592
@/home/ec2-user/data/topics/3669 593
@/home/ec2-user/data/topics/3484 594
@/home/ec2-user/data/topics/1718 595
@/home/ec2-user/data/topics/3394 596
@/home/ec2-user/data/topics/1755 597
@/home/ec2-user/data/topics/4344 598
@/home/ec2-user/data/topics/3775 599
@/home/ec2-user/data/topics/2189 600
@/home/ec2-user/data/topics/3750 601
@/home/ec2-user/data/topics/1691 602
@/home/ec2-user/data/topics/1776 603
@/home/ec2-user/data/topics/3436 604
@/home/ec2-user/data/topics/1670 605
@/home/ec2-user/data/topics/3548 606
@/home/ec2-user/data/topics/4879 607
@/home/ec2-user/data/topics/4037 608
@/home/ec2-user/data/topics/3837 609
@/home/ec2-user/data/topics/1282 610
@/home/ec2-user/data/topics/1878 611
@/home/ec2-user/data/topics/1976 612
@/home/ec2-user/data/topics/3687 613
@/home/ec2-user/data/topics/1106 614
@/home/ec2-user/data/topics/4781 615
@/home/ec2-user/data/topics/3633 616
@/home/ec2-user/data/topics/1806 617
@/home/ec2-user/data/topics/1627 618
@/home/ec2-user/data/topics/3759 619
@/home/ec2-user/data/topics/4265 620
@/home/ec2-user/data/topics/1774 621
@/home/ec2-user/data/topics/3495 622
@/home/ec2-user/data/topics/3555 623
@/home/ec2-user/data/topics/3574 624
@/home/ec2-user/data/topics/4616 625
@/home/ec2-user/data/topics/1433 626
@/home/ec2-user/data/topics/1740 627
@/home/ec2-user/data/topics/2043 628
@/home/ec2-user/data/topics/1775 629
独立行政法人産業技術総合研究所

@/home/ec2-user/data/topics/4869 630
@/home/ec2-user/data/topics/4739 630
@/home/ec2-user/data/topics/1356 631
@/home/ec2-user/data/topics/4777 632
@/home/ec2-user/data/topics/4740 633
@/home/ec2-user/data/topics/4800 634
ソニー株式会社

@/home/ec2-user/data/topics/1954 635
@/home/ec2-user/data/topics/4224 635
@/home/ec2-user/data/topics/1435 636
@/home/ec2-user/data/topics/3401 637
@/home/ec2-user/data/topics/1147 638
@/home/ec2-user/data/topics/4184 639
@/home/ec2-user/data/topics/3392 640
@/home/ec2-user/data/topics/3975 641
@/home/ec2-user/data/topics/1233 642
@/home/ec2-user/data/topics/1102 643
@/home/ec2-user/data/topics/1059 644
@/home/ec2-user/data/topics/3955 645
@/home/ec2-user/data/topics/2052 646
@/home/ec2-user/data/topics/2037 647
@/home/ec2-user/data/topics/1471 648
@/home/ec2-user/data/topics/1967 649
@/home/ec2-user/data/topics/3924 650
@/home/ec2-user/data/topics/1912 651
@/home/ec2-user/data/topics/1218 652
@/home/ec2-user/data/topics/2048 653
@/home/ec2-user/data/topics/2058 654
@/home/ec2-user/data/topics/4351 655
@/home/ec2-user/data/topics/1778 656
@/home/ec2-user/data/topics/1426 657
@/home/ec2-user/data/topics/1884 658
@/home/ec2-user/data/topics/2094 659
@/home/ec2-user/data/topics/1298 660
@/home/ec2-user/data/topics/1686 661
@/home/ec2-user/data/topics/4219 662
@/home/ec2-user/data/topics/1397 663
@/home/ec2-user/data/topics/1892 664
@/home/ec2-user/data/topics/5027 665
@/home/ec2-user/data/topics/1380 666
@/home/ec2-user/data/topics/1291 667
@/home/ec2-user/data/topics/1414 668
@/home/ec2-user/data/topics/1873 669
@/home/ec2-user/data/topics/1679 670
@/home/ec2-user/data/topics/1602 671
@/home/ec2-user/data/topics/3872 672
@/home/ec2-user/data/topics/2075 673
@/home/ec2-user/data/topics/1491 674
@/home/ec2-user/data/topics/1749 675
@/home/ec2-user/data/topics/3456 676
@/home/ec2-user/data/topics/1836 677
@/home/ec2-user/data/topics/2105 678
@/home/ec2-user/data/topics/1926 679
@/home/ec2-user/data/topics/2059 680
富士ゼロックス株式会社

@/home/ec2-user/data/topics/3407 681
@/home/ec2-user/data/topics/3782 681
@/home/ec2-user/data/topics/5031 682
@/home/ec2-user/data/topics/3662 683
@/home/ec2-user/data/topics/3790 684
@/home/ec2-user/data/topics/4108 685
@/home/ec2-user/data/topics/3383 686
@/home/ec2-user/data/topics/3564 687
@/home/ec2-user/data/topics/1560 688
@/home/ec2-user/data/topics/3640 689
@/home/ec2-user/data/topics/3473 690
@/home/ec2-user/data/topics/1947 691
@/home/ec2-user/data/topics/3661 692
@/home/ec2-user/data/topics/3366 693
@/home/ec2-user/data/topics/3695 694
住友金属工業株式会社

@/home/ec2-user/data/topics/1268 695
@/home/ec2-user/data/topics/4991 695
@/home/ec2-user/data/topics/4295 696
@/home/ec2-user/data/topics/3577 697
@/home/ec2-user/data/topics/3655 698
@/home/ec2-user/data/topics/4021 699
@/home/ec2-user/data/topics/4534 700
@/home/ec2-user/data/topics/4182 701
@/home/ec2-user/data/topics/4733 702
@/home/ec2-user/data/topics/4322 703
@/home/ec2-user/data/topics/4661 704
@/home/ec2-user/data/topics/3826 705
日立電線株式会社

@/home/ec2-user/data/topics/1027 706
@/home/ec2-user/data/topics/3756 706
@/home/ec2-user/data/topics/4356 707
@/home/ec2-user/data/topics/3930 708
@/home/ec2-user/data/topics/1117 709
@/home/ec2-user/data/topics/1305 710
@/home/ec2-user/data/topics/4357 711
@/home/ec2-user/data/topics/1388 712
@/home/ec2-user/data/topics/4329 713
キヤノン株式会社

@/home/ec2-user/data/topics/3415 714
@/home/ec2-user/data/topics/4520 714
@/home/ec2-user/data/topics/2117 715
@/home/ec2-user/data/topics/1208 716
@/home/ec2-user/data/topics/1228 717
@/home/ec2-user/data/topics/4628 718
@/home/ec2-user/data/topics/1961 719
@/home/ec2-user/data/topics/1975 720
@/home/ec2-user/data/topics/2004 721
@/home/ec2-user/data/topics/3416 722
@/home/ec2-user/data/topics/2231 723
@/home/ec2-user/data/topics/1866 724
@/home/ec2-user/data/topics/3417 725
@/home/ec2-user/data/topics/3434 726
@/home/ec2-user/data/topics/1744 727
@/home/ec2-user/data/topics/3454 728
@/home/ec2-user/data/topics/1646 729
@/home/ec2-user/data/topics/3445 730
@/home/ec2-user/data/topics/1513 731
@/home/ec2-user/data/topics/3737 732
@/home/ec2-user/data/topics/1631 733
@/home/ec2-user/data/topics/3374 734
@/home/ec2-user/data/topics/2145 735
@/home/ec2-user/data/topics/3755 736
@/home/ec2-user/data/topics/3430 737
@/home/ec2-user/data/topics/1118 738
@/home/ec2-user/data/topics/1216 739
@/home/ec2-user/data/topics/1455 740
@/home/ec2-user/data/topics/2107 741
@/home/ec2-user/data/topics/3958 742
@/home/ec2-user/data/topics/1080 743
@/home/ec2-user/data/topics/3420 744
@/home/ec2-user/data/topics/1745 745
@/home/ec2-user/data/topics/2053 746
@/home/ec2-user/data/topics/3996 747
@/home/ec2-user/data/topics/3730 748
@/home/ec2-user/data/topics/1438 749
@/home/ec2-user/data/topics/2243 750
@/home/ec2-user/data/topics/4068 751
@/home/ec2-user/data/topics/1848 752
@/home/ec2-user/data/topics/1568 753
@/home/ec2-user/data/topics/3628 754
@/home/ec2-user/data/topics/1590 755
@/home/ec2-user/data/topics/3660 756
@/home/ec2-user/data/topics/3722 757
@/home/ec2-user/data/topics/3852 758
@/home/ec2-user/data/topics/3376 759
@/home/ec2-user/data/topics/1802 760
@/home/ec2-user/data/topics/1519 761
@/home/ec2-user/data/topics/4363 762
@/home/ec2-user/data/topics/4054 763
@/home/ec2-user/data/topics/3642 764
@/home/ec2-user/data/topics/4020 765
@/home/ec2-user/data/topics/3656 766
@/home/ec2-user/data/topics/4521 767
@/home/ec2-user/data/topics/4947 768
@/home/ec2-user/data/topics/3441 769
@/home/ec2-user/data/topics/4948 770
@/home/ec2-user/data/topics/3410 771
@/home/ec2-user/data/topics/1124 772
@/home/ec2-user/data/topics/3967 773
@/home/ec2-user/data/topics/3843 774
@/home/ec2-user/data/topics/1895 775
@/home/ec2-user/data/topics/1847 776
@/home/ec2-user/data/topics/1539 777
@/home/ec2-user/data/topics/4610 778
@/home/ec2-user/data/topics/4937 779
@/home/ec2-user/data/topics/1889 780
@/home/ec2-user/data/topics/4350 781
@/home/ec2-user/data/topics/3720 782
@/home/ec2-user/data/topics/1790 783
@/home/ec2-user/data/topics/3438 784
@/home/ec2-user/data/topics/3949 785
三洋電機株式会社

@/home/ec2-user/data/topics/4039 786
@/home/ec2-user/data/topics/3845 786
@/home/ec2-user/data/topics/3681 787
@/home/ec2-user/data/topics/4179 788
@/home/ec2-user/data/topics/4679 789
@/home/ec2-user/data/topics/4066 790
@/home/ec2-user/data/topics/4001 791
@/home/ec2-user/data/topics/1980 792
@/home/ec2-user/data/topics/3539 793
@/home/ec2-user/data/topics/3492 794
@/home/ec2-user/data/topics/4150 795
@/home/ec2-user/data/topics/3889 796
@/home/ec2-user/data/topics/2014 797
@/home/ec2-user/data/topics/4301 798
@/home/ec2-user/data/topics/3781 799
@/home/ec2-user/data/topics/4978 800
@/home/ec2-user/data/topics/3830 801
@/home/ec2-user/data/topics/3708 802
@/home/ec2-user/data/topics/4060 803
@/home/ec2-user/data/topics/4061 804
@/home/ec2-user/data/topics/3808 805
@/home/ec2-user/data/topics/4654 806
@/home/ec2-user/data/topics/5002 807
@/home/ec2-user/data/topics/3859 808
@/home/ec2-user/data/topics/4726 809
@/home/ec2-user/data/topics/1722 810
@/home/ec2-user/data/topics/3926 811
@/home/ec2-user/data/topics/4527 812
@/home/ec2-user/data/topics/5011 813
@/home/ec2-user/data/topics/4612 814
@/home/ec2-user/data/topics/3986 815
@/home/ec2-user/data/topics/1479 816
@/home/ec2-user/data/topics/3974 817
@/home/ec2-user/data/topics/2230 818
@/home/ec2-user/data/topics/1246 819
@/home/ec2-user/data/topics/3906 820
@/home/ec2-user/data/topics/4763 821
@/home/ec2-user/data/topics/3625 822
@/home/ec2-user/data/topics/4983 823
@/home/ec2-user/data/topics/4837 824
@/home/ec2-user/data/topics/4960 825
@/home/ec2-user/data/topics/2063 826
@/home/ec2-user/data/topics/1671 827
@/home/ec2-user/data/topics/4720 828
@/home/ec2-user/data/topics/4604 829
@/home/ec2-user/data/topics/4376 830
@/home/ec2-user/data/topics/3804 831
@/home/ec2-user/data/topics/4571 832
@/home/ec2-user/data/topics/4492 833
@/home/ec2-user/data/topics/1321 834
@/home/ec2-user/data/topics/1515 835
@/home/ec2-user/data/topics/4328 836
@/home/ec2-user/data/topics/1488 837
@/home/ec2-user/data/topics/1163 838
@/home/ec2-user/data/topics/2098 839
@/home/ec2-user/data/topics/3754 840
@/home/ec2-user/data/topics/1653 841
@/home/ec2-user/data/topics/1289 842
@/home/ec2-user/data/topics/4212 843
@/home/ec2-user/data/topics/1652 844
@/home/ec2-user/data/topics/1451 845
@/home/ec2-user/data/topics/2054 846
@/home/ec2-user/data/topics/4015 847
@/home/ec2-user/data/topics/4788 848
@/home/ec2-user/data/topics/3491 849
@/home/ec2-user/data/topics/4099 850
@/home/ec2-user/data/topics/4304 851
@/home/ec2-user/data/topics/3817 852
@/home/ec2-user/data/topics/3403 853
@/home/ec2-user/data/topics/2194 854
@/home/ec2-user/data/topics/4178 855
@/home/ec2-user/data/topics/4384 856
@/home/ec2-user/data/topics/3581 857
@/home/ec2-user/data/topics/3398 858
@/home/ec2-user/data/topics/4474 859
@/home/ec2-user/data/topics/1386 860
@/home/ec2-user/data/topics/2071 861
@/home/ec2-user/data/topics/1079 862
@/home/ec2-user/data/topics/3953 863
三菱電機株式会社

@/home/ec2-user/data/topics/4880 864
@/home/ec2-user/data/topics/1738 864
@/home/ec2-user/data/topics/4663 865
@/home/ec2-user/data/topics/1220 866
@/home/ec2-user/data/topics/1754 867
@/home/ec2-user/data/topics/4419 868
@/home/ec2-user/data/topics/3506 869
@/home/ec2-user/data/topics/5032 870
@/home/ec2-user/data/topics/1792 871
@/home/ec2-user/data/topics/3747 872
@/home/ec2-user/data/topics/3466 873
@/home/ec2-user/data/topics/3490 874
@/home/ec2-user/data/topics/3469 875
@/home/ec2-user/data/topics/4235 876
@/home/ec2-user/data/topics/1110 877
@/home/ec2-user/data/topics/4221 878
@/home/ec2-user/data/topics/3612 879
@/home/ec2-user/data/topics/4047 880
@/home/ec2-user/data/topics/1872 881
@/home/ec2-user/data/topics/3409 882
@/home/ec2-user/data/topics/3465 883
@/home/ec2-user/data/topics/3666 884
@/home/ec2-user/data/topics/4220 885
@/home/ec2-user/data/topics/4614 886
@/home/ec2-user/data/topics/3412 887
@/home/ec2-user/data/topics/4518 888
@/home/ec2-user/data/topics/4181 889
@/home/ec2-user/data/topics/4133 890
@/home/ec2-user/data/topics/3592 891
@/home/ec2-user/data/topics/3616 892
@/home/ec2-user/data/topics/4514 893
@/home/ec2-user/data/topics/3774 894
@/home/ec2-user/data/topics/3451 895
@/home/ec2-user/data/topics/3453 896
@/home/ec2-user/data/topics/5033 897
@/home/ec2-user/data/topics/4834 898
@/home/ec2-user/data/topics/4305 899
@/home/ec2-user/data/topics/4233 900
@/home/ec2-user/data/topics/3595 901
@/home/ec2-user/data/topics/4282 902
@/home/ec2-user/data/topics/4076 903
@/home/ec2-user/data/topics/3397 904
@/home/ec2-user/data/topics/3873 905
@/home/ec2-user/data/topics/4562 906
@/home/ec2-user/data/topics/3921 907
@/home/ec2-user/data/topics/3609 908
@/home/ec2-user/data/topics/4552 909
@/home/ec2-user/data/topics/3493 910
@/home/ec2-user/data/topics/2146 911
@/home/ec2-user/data/topics/3841 912
@/home/ec2-user/data/topics/3820 913
@/home/ec2-user/data/topics/1536 914
@/home/ec2-user/data/topics/4149 915
@/home/ec2-user/data/topics/3856 916
@/home/ec2-user/data/topics/3963 917
@/home/ec2-user/data/topics/4041 918
@/home/ec2-user/data/topics/3800 919
@/home/ec2-user/data/topics/4980 920
住友ゴム工業株式会社

@/home/ec2-user/data/topics/4406 921
@/home/ec2-user/data/topics/4597 921
@/home/ec2-user/data/topics/4568 922
@/home/ec2-user/data/topics/1758 923
@/home/ec2-user/data/topics/1114 924
@/home/ec2-user/data/topics/4048 925
@/home/ec2-user/data/topics/2007 926
セイコーエプソン株式会社

@/home/ec2-user/data/topics/3505 927
@/home/ec2-user/data/topics/1641 927
@/home/ec2-user/data/topics/4022 928
@/home/ec2-user/data/topics/3819 929
@/home/ec2-user/data/topics/3887 930
@/home/ec2-user/data/topics/1378 931
@/home/ec2-user/data/topics/1423 932
@/home/ec2-user/data/topics/3361 933
@/home/ec2-user/data/topics/2078 934
@/home/ec2-user/data/topics/4605 935
@/home/ec2-user/data/topics/1343 936
@/home/ec2-user/data/topics/4585 937
@/home/ec2-user/data/topics/4109 938
@/home/ec2-user/data/topics/1484 939
@/home/ec2-user/data/topics/3476 940
@/home/ec2-user/data/topics/3589 941
@/home/ec2-user/data/topics/4386 942
@/home/ec2-user/data/topics/4801 943
@/home/ec2-user/data/topics/1890 944
@/home/ec2-user/data/topics/1938 945
@/home/ec2-user/data/topics/4719 946
@/home/ec2-user/data/topics/3910 947
@/home/ec2-user/data/topics/2165 948
@/home/ec2-user/data/topics/3985 949
@/home/ec2-user/data/topics/4802 950
@/home/ec2-user/data/topics/4454 951
株式会社三共

@/home/ec2-user/data/topics/4868 952
@/home/ec2-user/data/topics/2060 952
@/home/ec2-user/data/topics/4374 953
@/home/ec2-user/data/topics/1648 954
@/home/ec2-user/data/topics/1086 955
@/home/ec2-user/data/topics/1377 956
@/home/ec2-user/data/topics/1665 957
@/home/ec2-user/data/topics/1189 958
@/home/ec2-user/data/topics/2123 959
沖電気工業株式会社

@/home/ec2-user/data/topics/3690 960
@/home/ec2-user/data/topics/3764 960
@/home/ec2-user/data/topics/4693 961
@/home/ec2-user/data/topics/3395 962
@/home/ec2-user/data/topics/1188 963
@/home/ec2-user/data/topics/1531 964
@/home/ec2-user/data/topics/3433 965
@/home/ec2-user/data/topics/3621 966
@/home/ec2-user/data/topics/4299 967
@/home/ec2-user/data/topics/3571 968
@/home/ec2-user/data/topics/4575 969
@/home/ec2-user/data/topics/3964 970
@/home/ec2-user/data/topics/3457 971
@/home/ec2-user/data/topics/4308 972
株式会社三星

@/home/ec2-user/data/topics/2198 973
@/home/ec2-user/data/topics/1260 973
@/home/ec2-user/data/topics/1728 974
@/home/ec2-user/data/topics/3942 975
@/home/ec2-user/data/topics/2108 976
@/home/ec2-user/data/topics/1733 977
日本ビクター株式会社

@/home/ec2-user/data/topics/1389 978
@/home/ec2-user/data/topics/4056 978
@/home/ec2-user/data/topics/3620 979
@/home/ec2-user/data/topics/1823 980
@/home/ec2-user/data/topics/3939 981
@/home/ec2-user/data/topics/4672 982
@/home/ec2-user/data/topics/1440 983
@/home/ec2-user/data/topics/3603 984
@/home/ec2-user/data/topics/1520 985
@/home/ec2-user/data/topics/4123 986
@/home/ec2-user/data/topics/3882 987
花王株式会社

@/home/ec2-user/data/topics/1767 988
@/home/ec2-user/data/topics/3999 988
@/home/ec2-user/data/topics/2214 989
@/home/ec2-user/data/topics/4211 990
@/home/ec2-user/data/topics/4287 991
@/home/ec2-user/data/topics/3884 992
@/home/ec2-user/data/topics/1196 993
@/home/ec2-user/data/topics/3812 994
@/home/ec2-user/data/topics/4445 995
@/home/ec2-user/data/topics/4827 996
@/home/ec2-user/data/topics/4249 997
@/home/ec2-user/data/topics/3753 998
@/home/ec2-user/data/topics/1022 999
三田工業株式会社

@/home/ec2-user/data/topics/1034 1000
@/home/ec2-user/data/topics/2155 1000
@/home/ec2-user/data/topics/3923 1001
@/home/ec2-user/data/topics/1766 1002
@/home/ec2-user/data/topics/1033 1003
@/home/ec2-user/data/topics/3604 1004
@/home/ec2-user/data/topics/1269 1005
@/home/ec2-user/data/topics/3842 1006
@/home/ec2-user/data/topics/2136 1007
豊丸産業株式会社

@/home/ec2-user/data/topics/1126 1008
@/home/ec2-user/data/topics/1097 1008
@/home/ec2-user/data/topics/1284 1009
@/home/ec2-user/data/topics/1677 1010
@/home/ec2-user/data/topics/1726 1011
@/home/ec2-user/data/topics/3672 1012
@/home/ec2-user/data/topics/1914 1013
@/home/ec2-user/data/topics/2011 1014
@/home/ec2-user/data/topics/1713 1015
@/home/ec2-user/data/topics/2169 1016
@/home/ec2-user/data/topics/1401 1017
@/home/ec2-user/data/topics/1588 1018
@/home/ec2-user/data/topics/1138 1019
@/home/ec2-user/data/topics/4847 1020
@/home/ec2-user/data/topics/1353 1021
鐘紡株式会社

@/home/ec2-user/data/topics/4195 1022
@/home/ec2-user/data/topics/2223 1022
@/home/ec2-user/data/topics/1901 1023
@/home/ec2-user/data/topics/1842 1024
@/home/ec2-user/data/topics/1870 1025
@/home/ec2-user/data/topics/1886 1026
@/home/ec2-user/data/topics/1054 1027
@/home/ec2-user/data/topics/2185 1028
@/home/ec2-user/data/topics/3551 1029
@/home/ec2-user/data/topics/3634 1030
@/home/ec2-user/data/topics/3560 1031
@/home/ec2-user/data/topics/3566 1032
@/home/ec2-user/data/topics/1304 1033
@/home/ec2-user/data/topics/2034 1034
@/home/ec2-user/data/topics/1367 1035
@/home/ec2-user/data/topics/1178 1036
株式会社デンソー

@/home/ec2-user/data/topics/4024 1037
@/home/ec2-user/data/topics/4805 1037
@/home/ec2-user/data/topics/3480 1038
@/home/ec2-user/data/topics/4046 1039
@/home/ec2-user/data/topics/1855 1040
@/home/ec2-user/data/topics/4498 1041
@/home/ec2-user/data/topics/4840 1042
@/home/ec2-user/data/topics/3710 1043
@/home/ec2-user/data/topics/4675 1044
@/home/ec2-user/data/topics/3406 1045
@/home/ec2-user/data/topics/4423 1046
@/home/ec2-user/data/topics/4164 1047
@/home/ec2-user/data/topics/3421 1048
@/home/ec2-user/data/topics/4622 1049
@/home/ec2-user/data/topics/4656 1050
@/home/ec2-user/data/topics/1028 1051
@/home/ec2-user/data/topics/4483 1052
富士写真フイルム株式会社

@/home/ec2-user/data/topics/3918 1053
@/home/ec2-user/data/topics/3857 1053
@/home/ec2-user/data/topics/4962 1054
@/home/ec2-user/data/topics/2134 1055
@/home/ec2-user/data/topics/1570 1056
@/home/ec2-user/data/topics/1662 1057
@/home/ec2-user/data/topics/3911 1058
@/home/ec2-user/data/topics/1244 1059
@/home/ec2-user/data/topics/3447 1060
@/home/ec2-user/data/topics/1603 1061
@/home/ec2-user/data/topics/3354 1062
京セラ株式会社

@/home/ec2-user/data/topics/3593 1063
@/home/ec2-user/data/topics/4901 1063
@/home/ec2-user/data/topics/4340 1064
@/home/ec2-user/data/topics/3869 1065
@/home/ec2-user/data/topics/3615 1066
@/home/ec2-user/data/topics/1485 1067
@/home/ec2-user/data/topics/1741 1068
@/home/ec2-user/data/topics/1708 1069
@/home/ec2-user/data/topics/1913 1070
@/home/ec2-user/data/topics/3741 1071
@/home/ec2-user/data/topics/4031 1072
@/home/ec2-user/data/topics/4513 1073
イビデン株式会社

@/home/ec2-user/data/topics/1682 1074
@/home/ec2-user/data/topics/1336 1074
@/home/ec2-user/data/topics/3814 1075
@/home/ec2-user/data/topics/2033 1076
@/home/ec2-user/data/topics/1952 1077
@/home/ec2-user/data/topics/1770 1078
@/home/ec2-user/data/topics/1315 1079
株式会社東芝

@/home/ec2-user/data/topics/2241 1080
@/home/ec2-user/data/topics/3851 1080
@/home/ec2-user/data/topics/4140 1081
@/home/ec2-user/data/topics/4566 1082
@/home/ec2-user/data/topics/1585 1083
@/home/ec2-user/data/topics/4623 1084
@/home/ec2-user/data/topics/3618 1085
@/home/ec2-user/data/topics/3734 1086
@/home/ec2-user/data/topics/4183 1087
@/home/ec2-user/data/topics/3363 1088
@/home/ec2-user/data/topics/4594 1089
@/home/ec2-user/data/topics/3780 1090
@/home/ec2-user/data/topics/1997 1091
@/home/ec2-user/data/topics/3352 1092
@/home/ec2-user/data/topics/4057 1093
@/home/ec2-user/data/topics/1819 1094
@/home/ec2-user/data/topics/4935 1095
@/home/ec2-user/data/topics/4089 1096
@/home/ec2-user/data/topics/3380 1097
@/home/ec2-user/data/topics/4509 1098
@/home/ec2-user/data/topics/4881 1099
@/home/ec2-user/data/topics/4009 1100
@/home/ec2-user/data/topics/4751 1101
@/home/ec2-user/data/topics/3716 1102
@/home/ec2-user/data/topics/3990 1103
@/home/ec2-user/data/topics/4863 1104
@/home/ec2-user/data/topics/3462 1105
@/home/ec2-user/data/topics/3948 1106
@/home/ec2-user/data/topics/1205 1107
@/home/ec2-user/data/topics/4755 1108
@/home/ec2-user/data/topics/3360 1109
@/home/ec2-user/data/topics/4096 1110
@/home/ec2-user/data/topics/3542 1111
@/home/ec2-user/data/topics/3795 1112
@/home/ec2-user/data/topics/4172 1113
@/home/ec2-user/data/topics/3688 1114
@/home/ec2-user/data/topics/4842 1115
@/home/ec2-user/data/topics/3881 1116
@/home/ec2-user/data/topics/4302 1117
@/home/ec2-user/data/topics/4292 1118
@/home/ec2-user/data/topics/3598 1119
@/home/ec2-user/data/topics/3988 1120
@/home/ec2-user/data/topics/3683 1121
@/home/ec2-user/data/topics/3732 1122
@/home/ec2-user/data/topics/1757 1123
@/home/ec2-user/data/topics/4165 1124
@/home/ec2-user/data/topics/3834 1125
@/home/ec2-user/data/topics/1756 1126
@/home/ec2-user/data/topics/4912 1127
@/home/ec2-user/data/topics/3689 1128
@/home/ec2-user/data/topics/3890 1129
@/home/ec2-user/data/topics/4197 1130
@/home/ec2-user/data/topics/4336 1131
@/home/ec2-user/data/topics/1090 1132
@/home/ec2-user/data/topics/4361 1133
@/home/ec2-user/data/topics/1332 1134
@/home/ec2-user/data/topics/4381 1135
@/home/ec2-user/data/topics/3351 1136
@/home/ec2-user/data/topics/4631 1137
@/home/ec2-user/data/topics/4535 1138
@/home/ec2-user/data/topics/1132 1139
ヤマハ株式会社

@/home/ec2-user/data/topics/4954 1140
@/home/ec2-user/data/topics/1443 1140
@/home/ec2-user/data/topics/4177 1141
@/home/ec2-user/data/topics/1676 1142
@/home/ec2-user/data/topics/4145 1143
@/home/ec2-user/data/topics/4045 1144
@/home/ec2-user/data/topics/4125 1145
@/home/ec2-user/data/topics/4084 1146
@/home/ec2-user/data/topics/1720 1147
@/home/ec2-user/data/topics/1911 1148
@/home/ec2-user/data/topics/3972 1149
@/home/ec2-user/data/topics/4919 1150
@/home/ec2-user/data/topics/4010 1151
東洋紡績株式会社

@/home/ec2-user/data/topics/1029 1152
@/home/ec2-user/data/topics/4284 1152
@/home/ec2-user/data/topics/1613 1153
@/home/ec2-user/data/topics/3769 1154
@/home/ec2-user/data/topics/4362 1155
@/home/ec2-user/data/topics/4366 1156
三菱化学株式会社

@/home/ec2-user/data/topics/3638 1157
@/home/ec2-user/data/topics/3513 1157
@/home/ec2-user/data/topics/3458 1158
@/home/ec2-user/data/topics/1197 1159
@/home/ec2-user/data/topics/1699 1160
@/home/ec2-user/data/topics/1902 1161
カシオ計算機株式会社

@/home/ec2-user/data/topics/1368 1162
@/home/ec2-user/data/topics/2237 1162
@/home/ec2-user/data/topics/2180 1163
@/home/ec2-user/data/topics/1235 1164
@/home/ec2-user/data/topics/3391 1165
@/home/ec2-user/data/topics/1794 1166
@/home/ec2-user/data/topics/1535 1167
@/home/ec2-user/data/topics/1047 1168
コナミ株式会社

@/home/ec2-user/data/topics/4602 1169
@/home/ec2-user/data/topics/2151 1169
@/home/ec2-user/data/topics/1672 1170
@/home/ec2-user/data/topics/1302 1171
@/home/ec2-user/data/topics/1621 1172
@/home/ec2-user/data/topics/2100 1173
@/home/ec2-user/data/topics/4681 1174
@/home/ec2-user/data/topics/5015 1175
大日本スクリーン製造株式会社

@/home/ec2-user/data/topics/1130 1176
@/home/ec2-user/data/topics/1779 1176
@/home/ec2-user/data/topics/1608 1177
@/home/ec2-user/data/topics/3742 1178
@/home/ec2-user/data/topics/2209 1179
@/home/ec2-user/data/topics/2172 1180
@/home/ec2-user/data/topics/1173 1181
オムロン株式会社

@/home/ec2-user/data/topics/3863 1182
@/home/ec2-user/data/topics/3700 1182
@/home/ec2-user/data/topics/3748 1183
@/home/ec2-user/data/topics/3594 1184
@/home/ec2-user/data/topics/1657 1185
@/home/ec2-user/data/topics/1135 1186
@/home/ec2-user/data/topics/1841 1187
@/home/ec2-user/data/topics/1533 1188
@/home/ec2-user/data/topics/1579 1189
@/home/ec2-user/data/topics/1067 1190
@/home/ec2-user/data/topics/1151 1191
@/home/ec2-user/data/topics/4771 1192
@/home/ec2-user/data/topics/1933 1193
@/home/ec2-user/data/topics/2096 1194
@/home/ec2-user/data/topics/3597 1195
株式会社日立製作所

@/home/ec2-user/data/topics/1882 1196
@/home/ec2-user/data/topics/3596 1196
@/home/ec2-user/data/topics/3432 1197
@/home/ec2-user/data/topics/4493 1198
@/home/ec2-user/data/topics/3822 1199
@/home/ec2-user/data/topics/1651 1200
@/home/ec2-user/data/topics/1640 1201
@/home/ec2-user/data/topics/1833 1202
@/home/ec2-user/data/topics/3488 1203
@/home/ec2-user/data/topics/4058 1204
@/home/ec2-user/data/topics/4489 1205
@/home/ec2-user/data/topics/3524 1206
@/home/ec2-user/data/topics/3973 1207
@/home/ec2-user/data/topics/2239 1208
@/home/ec2-user/data/topics/1825 1209
@/home/ec2-user/data/topics/1072 1210
@/home/ec2-user/data/topics/3471 1211
@/home/ec2-user/data/topics/1693 1212
@/home/ec2-user/data/topics/2184 1213
@/home/ec2-user/data/topics/4402 1214
@/home/ec2-user/data/topics/3461 1215
@/home/ec2-user/data/topics/3531 1216
@/home/ec2-user/data/topics/3779 1217
@/home/ec2-user/data/topics/1562 1218
@/home/ec2-user/data/topics/5029 1219
@/home/ec2-user/data/topics/4990 1220
@/home/ec2-user/data/topics/1987 1221
@/home/ec2-user/data/topics/3350 1222
@/home/ec2-user/data/topics/1340 1223
@/home/ec2-user/data/topics/4545 1224
@/home/ec2-user/data/topics/3648 1225
@/home/ec2-user/data/topics/2081 1226
@/home/ec2-user/data/topics/1501 1227
@/home/ec2-user/data/topics/4401 1228
@/home/ec2-user/data/topics/4621 1229
@/home/ec2-user/data/topics/3772 1230
@/home/ec2-user/data/topics/1105 1231
@/home/ec2-user/data/topics/5030 1232
@/home/ec2-user/data/topics/4166 1233
@/home/ec2-user/data/topics/4420 1234
@/home/ec2-user/data/topics/1463 1235
@/home/ec2-user/data/topics/1826 1236
@/home/ec2-user/data/topics/1082 1237
@/home/ec2-user/data/topics/4559 1238
@/home/ec2-user/data/topics/3994 1239
@/home/ec2-user/data/topics/4040 1240
@/home/ec2-user/data/topics/3691 1241
@/home/ec2-user/data/topics/3659 1242
@/home/ec2-user/data/topics/1247 1243
@/home/ec2-user/data/topics/3993 1244
@/home/ec2-user/data/topics/1278 1245
@/home/ec2-user/data/topics/4551 1246
@/home/ec2-user/data/topics/4943 1247
@/home/ec2-user/data/topics/4122 1248
@/home/ec2-user/data/topics/3384 1249
@/home/ec2-user/data/topics/4547 1250
@/home/ec2-user/data/topics/3570 1251
@/home/ec2-user/data/topics/3968 1252
@/home/ec2-user/data/topics/1296 1253
@/home/ec2-user/data/topics/3439 1254
@/home/ec2-user/data/topics/3588 1255
@/home/ec2-user/data/topics/2019 1256
@/home/ec2-user/data/topics/1667 1257
@/home/ec2-user/data/topics/3665 1258
@/home/ec2-user/data/topics/1334 1259
@/home/ec2-user/data/topics/4830 1260
@/home/ec2-user/data/topics/1487 1261
@/home/ec2-user/data/topics/1880 1262
@/home/ec2-user/data/topics/3706 1263
@/home/ec2-user/data/topics/3440 1264
@/home/ec2-user/data/topics/3965 1265
@/home/ec2-user/data/topics/3599 1266
@/home/ec2-user/data/topics/4799 1267
@/home/ec2-user/data/topics/1249 1268
凸版印刷株式会社

@/home/ec2-user/data/topics/3624 1269
@/home/ec2-user/data/topics/1977 1269
@/home/ec2-user/data/topics/4874 1270
@/home/ec2-user/data/topics/1765 1271
@/home/ec2-user/data/topics/3500 1272
@/home/ec2-user/data/topics/3526 1273
@/home/ec2-user/data/topics/1091 1274
株式会社ノーリツ

@/home/ec2-user/data/topics/1290 1275
@/home/ec2-user/data/topics/2116 1275
@/home/ec2-user/data/topics/4206 1276
@/home/ec2-user/data/topics/1618 1277
@/home/ec2-user/data/topics/4776 1278
@/home/ec2-user/data/topics/1760 1279
@/home/ec2-user/data/topics/1598 1280
@/home/ec2-user/data/topics/4354 1281
川崎重工業株式会社

@/home/ec2-user/data/topics/1172 1282
@/home/ec2-user/data/topics/4866 1282
@/home/ec2-user/data/topics/1162 1283
@/home/ec2-user/data/topics/5025 1284
@/home/ec2-user/data/topics/4793 1285
@/home/ec2-user/data/topics/4572 1286
@/home/ec2-user/data/topics/4756 1287
@/home/ec2-user/data/topics/4944 1288
ティーディーケイ株式会社

@/home/ec2-user/data/topics/1129 1289
@/home/ec2-user/data/topics/1409 1289
@/home/ec2-user/data/topics/4619 1290
@/home/ec2-user/data/topics/3798 1291
@/home/ec2-user/data/topics/3909 1292
@/home/ec2-user/data/topics/3792 1293
@/home/ec2-user/data/topics/2210 1294
@/home/ec2-user/data/topics/2202 1295
@/home/ec2-user/data/topics/1510 1296
京セラミタ株式会社

@/home/ec2-user/data/topics/4174 1297
@/home/ec2-user/data/topics/4973 1297
@/home/ec2-user/data/topics/2141 1298
@/home/ec2-user/data/topics/4985 1299
@/home/ec2-user/data/topics/1032 1300
@/home/ec2-user/data/topics/4564 1301
@/home/ec2-user/data/topics/1930 1302
株式会社クボタ

@/home/ec2-user/data/topics/1448 1303
@/home/ec2-user/data/topics/1734 1303
@/home/ec2-user/data/topics/3919 1304
@/home/ec2-user/data/topics/4379 1305
@/home/ec2-user/data/topics/1280 1306
@/home/ec2-user/data/topics/4251 1307
@/home/ec2-user/data/topics/3823 1308
@/home/ec2-user/data/topics/4745 1309
@/home/ec2-user/data/topics/3854 1310
@/home/ec2-user/data/topics/1012 1311
シャープ株式会社

@/home/ec2-user/data/topics/2087 1312
@/home/ec2-user/data/topics/1318 1312
@/home/ec2-user/data/topics/4005 1313
@/home/ec2-user/data/topics/4469 1314
@/home/ec2-user/data/topics/4430 1315
@/home/ec2-user/data/topics/3895 1316
@/home/ec2-user/data/topics/1840 1317
@/home/ec2-user/data/topics/4648 1318
@/home/ec2-user/data/topics/3813 1319
@/home/ec2-user/data/topics/1384 1320
@/home/ec2-user/data/topics/4105 1321
@/home/ec2-user/data/topics/3678 1322
@/home/ec2-user/data/topics/1685 1323
@/home/ec2-user/data/topics/3858 1324
@/home/ec2-user/data/topics/3855 1325
@/home/ec2-user/data/topics/3698 1326
@/home/ec2-user/data/topics/3452 1327
@/home/ec2-user/data/topics/4691 1328
@/home/ec2-user/data/topics/1965 1329
@/home/ec2-user/data/topics/3760 1330
@/home/ec2-user/data/topics/3777 1331
@/home/ec2-user/data/topics/4744 1332
@/home/ec2-user/data/topics/3679 1333
@/home/ec2-user/data/topics/3422 1334
@/home/ec2-user/data/topics/4782 1335
@/home/ec2-user/data/topics/3649 1336
@/home/ec2-user/data/topics/4256 1337
@/home/ec2-user/data/topics/3606 1338
@/home/ec2-user/data/topics/1288 1339
@/home/ec2-user/data/topics/3871 1340
@/home/ec2-user/data/topics/1563 1341
@/home/ec2-user/data/topics/1804 1342
@/home/ec2-user/data/topics/1154 1343
@/home/ec2-user/data/topics/3610 1344
@/home/ec2-user/data/topics/1258 1345
@/home/ec2-user/data/topics/3832 1346
@/home/ec2-user/data/topics/3981 1347
@/home/ec2-user/data/topics/3941 1348
@/home/ec2-user/data/topics/4583 1349
@/home/ec2-user/data/topics/4095 1350
@/home/ec2-user/data/topics/2084 1351
@/home/ec2-user/data/topics/1396 1352
@/home/ec2-user/data/topics/1349 1353
@/home/ec2-user/data/topics/3578 1354
@/home/ec2-user/data/topics/1561 1355
@/home/ec2-user/data/topics/3793 1356
@/home/ec2-user/data/topics/2020 1357
@/home/ec2-user/data/topics/1970 1358
@/home/ec2-user/data/topics/4717 1359
@/home/ec2-user/data/topics/1419 1360
@/home/ec2-user/data/topics/3966 1361
@/home/ec2-user/data/topics/3762 1362
@/home/ec2-user/data/topics/4124 1363
@/home/ec2-user/data/topics/1209 1364
@/home/ec2-user/data/topics/4519 1365
@/home/ec2-user/data/topics/3450 1366
@/home/ec2-user/data/topics/4861 1367
@/home/ec2-user/data/topics/4214 1368
@/home/ec2-user/data/topics/4019 1369
@/home/ec2-user/data/topics/4173 1370
@/home/ec2-user/data/topics/3978 1371
@/home/ec2-user/data/topics/4152 1372
@/home/ec2-user/data/topics/4103 1373
@/home/ec2-user/data/topics/4127 1374
@/home/ec2-user/data/topics/4263 1375
@/home/ec2-user/data/topics/3957 1376
@/home/ec2-user/data/topics/1174 1377
@/home/ec2-user/data/topics/4323 1378
@/home/ec2-user/data/topics/4230 1379
@/home/ec2-user/data/topics/4113 1380
@/home/ec2-user/data/topics/4683 1381
@/home/ec2-user/data/topics/3537 1382
@/home/ec2-user/data/topics/3673 1383
@/home/ec2-user/data/topics/4228 1384
@/home/ec2-user/data/topics/4516 1385
@/home/ec2-user/data/topics/3776 1386
@/home/ec2-user/data/topics/1431 1387
@/home/ec2-user/data/topics/4252 1388
@/home/ec2-user/data/topics/2118 1389
@/home/ec2-user/data/topics/4245 1390
@/home/ec2-user/data/topics/4349 1391
日本輸送機株式会社

@/home/ec2-user/data/topics/1940 1392
@/home/ec2-user/data/topics/1493 1392
@/home/ec2-user/data/topics/3573 1393
@/home/ec2-user/data/topics/1108 1394
@/home/ec2-user/data/topics/1456 1395
@/home/ec2-user/data/topics/1191 1396
@/home/ec2-user/data/topics/2065 1397
@/home/ec2-user/data/topics/2221 1398
東京エレクトロン株式会社

@/home/ec2-user/data/topics/1263 1399
@/home/ec2-user/data/topics/4345 1399
@/home/ec2-user/data/topics/4618 1400
@/home/ec2-user/data/topics/4906 1401
@/home/ec2-user/data/topics/4702 1402
@/home/ec2-user/data/topics/3947 1403
@/home/ec2-user/data/topics/1800 1404
@/home/ec2-user/data/topics/4023 1405
@/home/ec2-user/data/topics/1508 1406
@/home/ec2-user/data/topics/1736 1407
@/home/ec2-user/data/topics/4053 1408
@/home/ec2-user/data/topics/4002 1409
株式会社村田製作所

@/home/ec2-user/data/topics/1374 1410
@/home/ec2-user/data/topics/3435 1410
@/home/ec2-user/data/topics/3482 1411
@/home/ec2-user/data/topics/1411 1412
@/home/ec2-user/data/topics/4417 1413
@/home/ec2-user/data/topics/3885 1414
@/home/ec2-user/data/topics/4070 1415
@/home/ec2-user/data/topics/4703 1416
@/home/ec2-user/data/topics/4042 1417
@/home/ec2-user/data/topics/4432 1418
@/home/ec2-user/data/topics/2229 1419
@/home/ec2-user/data/topics/4378 1420
@/home/ec2-user/data/topics/4163 1421
@/home/ec2-user/data/topics/4795 1422
@/home/ec2-user/data/topics/3697 1423
@/home/ec2-user/data/topics/4271 1424
@/home/ec2-user/data/topics/4325 1425
日本電信電話株式会社

@/home/ec2-user/data/topics/3915 1426
@/home/ec2-user/data/topics/3568 1426
@/home/ec2-user/data/topics/3509 1427
@/home/ec2-user/data/topics/2017 1428
@/home/ec2-user/data/topics/3544 1429
@/home/ec2-user/data/topics/4208 1430
@/home/ec2-user/data/topics/2130 1431
@/home/ec2-user/data/topics/4965 1432
@/home/ec2-user/data/topics/3811 1433
@/home/ec2-user/data/topics/4505 1434
@/home/ec2-user/data/topics/4952 1435
@/home/ec2-user/data/topics/1787 1436
@/home/ec2-user/data/topics/4488 1437
@/home/ec2-user/data/topics/3650 1438
@/home/ec2-user/data/topics/3359 1439
@/home/ec2-user/data/topics/1809 1440
@/home/ec2-user/data/topics/4104 1441
@/home/ec2-user/data/topics/3824 1442
@/home/ec2-user/data/topics/1408 1443
@/home/ec2-user/data/topics/4925 1444
@/home/ec2-user/data/topics/4664 1445
@/home/ec2-user/data/topics/4870 1446
@/home/ec2-user/data/topics/3552 1447
@/home/ec2-user/data/topics/4560 1448
@/home/ec2-user/data/topics/1229 1449
@/home/ec2-user/data/topics/4087 1450
@/home/ec2-user/data/topics/3521 1451
@/home/ec2-user/data/topics/4131 1452
@/home/ec2-user/data/topics/1042 1453
@/home/ec2-user/data/topics/4146 1454
@/home/ec2-user/data/topics/3894 1455
@/home/ec2-user/data/topics/4232 1456
@/home/ec2-user/data/topics/4118 1457
@/home/ec2-user/data/topics/3536 1458
@/home/ec2-user/data/topics/4511 1459
@/home/ec2-user/data/topics/4836 1460
@/home/ec2-user/data/topics/4443 1461
@/home/ec2-user/data/topics/1556 1462
@/home/ec2-user/data/topics/4175 1463
@/home/ec2-user/data/topics/4114 1464
@/home/ec2-user/data/topics/3586 1465
@/home/ec2-user/data/topics/3927 1466
@/home/ec2-user/data/topics/4792 1467
@/home/ec2-user/data/topics/3641 1468
@/home/ec2-user/data/topics/1934 1469
@/home/ec2-user/data/topics/4335 1470
@/home/ec2-user/data/topics/4865 1471
@/home/ec2-user/data/topics/3785 1472
@/home/ec2-user/data/topics/4121 1473
@/home/ec2-user/data/topics/3928 1474
@/home/ec2-user/data/topics/4115 1475
@/home/ec2-user/data/topics/3425 1476
@/home/ec2-user/data/topics/4964 1477
@/home/ec2-user/data/topics/1230 1478
@/home/ec2-user/data/topics/4025 1479
@/home/ec2-user/data/topics/4916 1480
日本鋼管株式会社

@/home/ec2-user/data/topics/2095 1481
@/home/ec2-user/data/topics/4455 1481
@/home/ec2-user/data/topics/4161 1482
@/home/ec2-user/data/topics/1404 1483
@/home/ec2-user/data/topics/1690 1484
@/home/ec2-user/data/topics/3572 1485
@/home/ec2-user/data/topics/4289 1486
株式会社神戸製鋼所

@/home/ec2-user/data/topics/4949 1487
@/home/ec2-user/data/topics/3632 1487
@/home/ec2-user/data/topics/2064 1488
@/home/ec2-user/data/topics/3475 1489
@/home/ec2-user/data/topics/1465 1490
@/home/ec2-user/data/topics/3902 1491
@/home/ec2-user/data/topics/3674 1492
株式会社ケンウッド

@/home/ec2-user/data/topics/1115 1493
@/home/ec2-user/data/topics/4467 1493
@/home/ec2-user/data/topics/1896 1494
@/home/ec2-user/data/topics/3969 1495
@/home/ec2-user/data/topics/4038 1496
@/home/ec2-user/data/topics/1617 1497
@/home/ec2-user/data/topics/4167 1498
@/home/ec2-user/data/topics/1424 1499
@/home/ec2-user/data/topics/1186 1500
@/home/ec2-user/data/topics/2036 1501
@/home/ec2-user/data/topics/3794 1502
@/home/ec2-user/data/topics/3839 1503
@/home/ec2-user/data/topics/3463 1504
@/home/ec2-user/data/topics/2163 1505
@/home/ec2-user/data/topics/1698 1506
@/home/ec2-user/data/topics/1345 1507
@/home/ec2-user/data/topics/3801 1508
@/home/ec2-user/data/topics/4050 1509
@/home/ec2-user/data/topics/3977 1510
@/home/ec2-user/data/topics/3878 1511
@/home/ec2-user/data/topics/1241 1512
東陶機器株式会社

@/home/ec2-user/data/topics/1735 1513
@/home/ec2-user/data/topics/3583 1513
@/home/ec2-user/data/topics/1692 1514
@/home/ec2-user/data/topics/2135 1515
@/home/ec2-user/data/topics/1626 1516
@/home/ec2-user/data/topics/3821 1517
本田技研工業株式会社

@/home/ec2-user/data/topics/1266 1518
@/home/ec2-user/data/topics/1822 1518
@/home/ec2-user/data/topics/2016 1519
@/home/ec2-user/data/topics/4199 1520
@/home/ec2-user/data/topics/1444 1521
@/home/ec2-user/data/topics/1215 1522
@/home/ec2-user/data/topics/1226 1523
@/home/ec2-user/data/topics/5026 1524
@/home/ec2-user/data/topics/4132 1525
@/home/ec2-user/data/topics/1818 1526
@/home/ec2-user/data/topics/2000 1527
@/home/ec2-user/data/topics/3685 1528
@/home/ec2-user/data/topics/4331 1529
@/home/ec2-user/data/topics/4033 1530
@/home/ec2-user/data/topics/4375 1531
@/home/ec2-user/data/topics/1143 1532
@/home/ec2-user/data/topics/1605 1533
@/home/ec2-user/data/topics/4783 1534
@/home/ec2-user/data/topics/4888 1535
新日本製鐵株式会社

@/home/ec2-user/data/topics/5008 1536
@/home/ec2-user/data/topics/3663 1536
@/home/ec2-user/data/topics/3368 1537
@/home/ec2-user/data/topics/4472 1538
@/home/ec2-user/data/topics/3861 1539
@/home/ec2-user/data/topics/3899 1540
松下電工株式会社

@/home/ec2-user/data/topics/3651 1541
@/home/ec2-user/data/topics/4450 1541
@/home/ec2-user/data/topics/2045 1542
@/home/ec2-user/data/topics/4012 1543
@/home/ec2-user/data/topics/4347 1544
@/home/ec2-user/data/topics/3511 1545
@/home/ec2-user/data/topics/1311 1546
@/home/ec2-user/data/topics/3379 1547
@/home/ec2-user/data/topics/4094 1548
@/home/ec2-user/data/topics/1011 1549
@/home/ec2-user/data/topics/4317 1550
@/home/ec2-user/data/topics/4083 1551
@/home/ec2-user/data/topics/1251 1552
@/home/ec2-user/data/topics/3565 1553
@/home/ec2-user/data/topics/4592 1554
@/home/ec2-user/data/topics/3835 1555
@/home/ec2-user/data/topics/1803 1556
@/home/ec2-user/data/topics/4029 1557
@/home/ec2-user/data/topics/3778 1558
@/home/ec2-user/data/topics/3670 1559
@/home/ec2-user/data/topics/3932 1560
@/home/ec2-user/data/topics/3549 1561
usernum: 72
hit: 791
simhit: 1339
simmax: 0.608306348625
simmin: 0.0
simavg: 0.198038811517
dlmax: 0.124407693801
dlmin: 0.00700366992226
dlavg: 0.0348672322353
mthit: 1266
mthls: 30
srp: 164.461
total: 1562
hit/total: 0.506402048656
simhit/total: 0.857234314981
mthit/(total+usernum): 0.774785801714
mthls/(total+usernum): 0.0183598531212
srp/(total+usernum): 0.0335497756018
srp20/(total+usernum): 0.0105059159527
srp100/(total+usernum): 0.0199918400653
srp500/(total+usernum): 0.028664626683

2016-12-24 07:20:43.482230
