2016-12-24 23:02:55.969500

topic-folder:/home/ec2-user/data/topics/
cl-file:/home/ec2-user/git/tfidf/result-new/b2-1.txt
cl-floder:/home/ec2-user/data/lsaclass/
zipf:0.5
stype[0(tfidf)/1(tfidf2)/2(lsa)/3(lda)]:2
dtype[<0(diff*rand)/0(diff)/1(same)/>=2(diff*same)]:0
output-floder:/home/ec2-user/git/userquery/result

三菱マテリアル株式会社

@/home/ec2-user/data/topics/2093 0
@/home/ec2-user/data/topics/3630 0
@/home/ec2-user/data/topics/3520 1
@/home/ec2-user/data/topics/3546 2
@/home/ec2-user/data/topics/3866 3
@/home/ec2-user/data/topics/1085 4
@/home/ec2-user/data/topics/3470 5
@/home/ec2-user/data/topics/1638 6
日本精機株式会社

@/home/ec2-user/data/topics/4875 7
@/home/ec2-user/data/topics/1398 7
@/home/ec2-user/data/topics/4972 8
@/home/ec2-user/data/topics/4709 9
@/home/ec2-user/data/topics/4690 10
@/home/ec2-user/data/topics/4907 11
コニカ株式会社

@/home/ec2-user/data/topics/3414 12
@/home/ec2-user/data/topics/3431 12
@/home/ec2-user/data/topics/3370 13
@/home/ec2-user/data/topics/3533 14
@/home/ec2-user/data/topics/3486 15
@/home/ec2-user/data/topics/2162 16
@/home/ec2-user/data/topics/3418 17
@/home/ec2-user/data/topics/3426 18
@/home/ec2-user/data/topics/3357 19
@/home/ec2-user/data/topics/1946 20
@/home/ec2-user/data/topics/3419 21
埼玉日本電気株式会社

@/home/ec2-user/data/topics/4279 22
@/home/ec2-user/data/topics/5010 22
@/home/ec2-user/data/topics/4998 23
@/home/ec2-user/data/topics/4468 24
@/home/ec2-user/data/topics/4496 25
@/home/ec2-user/data/topics/4283 26
@/home/ec2-user/data/topics/1620 27
@/home/ec2-user/data/topics/1512 28
@/home/ec2-user/data/topics/4242 29
アルプス電気株式会社

@/home/ec2-user/data/topics/2089 30
@/home/ec2-user/data/topics/3429 30
@/home/ec2-user/data/topics/1253 31
@/home/ec2-user/data/topics/2012 32
@/home/ec2-user/data/topics/3582 33
@/home/ec2-user/data/topics/1434 34
@/home/ec2-user/data/topics/4791 35
三菱重工業株式会社

@/home/ec2-user/data/topics/4687 36
@/home/ec2-user/data/topics/3833 36
@/home/ec2-user/data/topics/3637 37
@/home/ec2-user/data/topics/3944 38
@/home/ec2-user/data/topics/3529 39
@/home/ec2-user/data/topics/4563 40
@/home/ec2-user/data/topics/4862 41
@/home/ec2-user/data/topics/4412 42
@/home/ec2-user/data/topics/3503 43
@/home/ec2-user/data/topics/5022 44
@/home/ec2-user/data/topics/3591 45
@/home/ec2-user/data/topics/4882 46
村田機械株式会社

@/home/ec2-user/data/topics/4638 47
@/home/ec2-user/data/topics/4835 47
@/home/ec2-user/data/topics/3740 48
@/home/ec2-user/data/topics/5000 49
@/home/ec2-user/data/topics/4441 50
@/home/ec2-user/data/topics/4746 51
@/home/ec2-user/data/topics/3528 52
@/home/ec2-user/data/topics/1607 53
@/home/ec2-user/data/topics/4596 54
@/home/ec2-user/data/topics/4645 55
@/home/ec2-user/data/topics/4941 56
@/home/ec2-user/data/topics/4565 57
@/home/ec2-user/data/topics/4570 58
@/home/ec2-user/data/topics/1511 59
@/home/ec2-user/data/topics/4556 60
@/home/ec2-user/data/topics/1074 61
@/home/ec2-user/data/topics/1293 62
川崎製鉄株式会社

@/home/ec2-user/data/topics/3483 63
@/home/ec2-user/data/topics/4615 63
@/home/ec2-user/data/topics/3611 64
@/home/ec2-user/data/topics/3413 65
@/home/ec2-user/data/topics/3532 66
@/home/ec2-user/data/topics/3553 67
@/home/ec2-user/data/topics/3929 68
@/home/ec2-user/data/topics/1459 69
@/home/ec2-user/data/topics/1037 70
ダイキン工業株式会社

@/home/ec2-user/data/topics/4515 71
@/home/ec2-user/data/topics/4734 71
@/home/ec2-user/data/topics/4367 72
@/home/ec2-user/data/topics/4858 73
@/home/ec2-user/data/topics/4753 74
@/home/ec2-user/data/topics/1600 75
@/home/ec2-user/data/topics/1565 76
@/home/ec2-user/data/topics/4400 77
@/home/ec2-user/data/topics/3888 78
@/home/ec2-user/data/topics/4845 79
@/home/ec2-user/data/topics/4701 80
三菱自動車工業株式会社

@/home/ec2-user/data/topics/3502 81
@/home/ec2-user/data/topics/3815 81
@/home/ec2-user/data/topics/1527 82
@/home/ec2-user/data/topics/2101 83
@/home/ec2-user/data/topics/1816 84
@/home/ec2-user/data/topics/4189 85
@/home/ec2-user/data/topics/3940 86
@/home/ec2-user/data/topics/1428 87
日産自動車株式会社

@/home/ec2-user/data/topics/4074 88
@/home/ec2-user/data/topics/3501 88
@/home/ec2-user/data/topics/3677 89
@/home/ec2-user/data/topics/3497 90
@/home/ec2-user/data/topics/3723 91
@/home/ec2-user/data/topics/3489 92
@/home/ec2-user/data/topics/3936 93
@/home/ec2-user/data/topics/3829 94
@/home/ec2-user/data/topics/3712 95
@/home/ec2-user/data/topics/4982 96
@/home/ec2-user/data/topics/3645 97
トヨタ自動車株式会社

@/home/ec2-user/data/topics/3731 98
@/home/ec2-user/data/topics/3587 98
@/home/ec2-user/data/topics/4346 99
@/home/ec2-user/data/topics/3481 100
@/home/ec2-user/data/topics/3699 101
@/home/ec2-user/data/topics/3758 102
@/home/ec2-user/data/topics/4543 103
@/home/ec2-user/data/topics/3405 104
@/home/ec2-user/data/topics/2111 105
@/home/ec2-user/data/topics/3725 106
@/home/ec2-user/data/topics/4617 107
@/home/ec2-user/data/topics/3943 108
@/home/ec2-user/data/topics/3783 109
@/home/ec2-user/data/topics/3356 110
@/home/ec2-user/data/topics/4426 111
@/home/ec2-user/data/topics/4658 112
@/home/ec2-user/data/topics/4920 113
@/home/ec2-user/data/topics/4767 114
@/home/ec2-user/data/topics/4144 115
@/home/ec2-user/data/topics/4064 116
@/home/ec2-user/data/topics/4298 117
@/home/ec2-user/data/topics/4008 118
@/home/ec2-user/data/topics/2218 119
@/home/ec2-user/data/topics/4647 120
@/home/ec2-user/data/topics/4030 121
@/home/ec2-user/data/topics/1494 122
@/home/ec2-user/data/topics/1551 123
@/home/ec2-user/data/topics/3671 124
@/home/ec2-user/data/topics/4633 125
オリンパス光学工業株式会社

@/home/ec2-user/data/topics/1835 126
@/home/ec2-user/data/topics/1869 126
@/home/ec2-user/data/topics/4007 127
@/home/ec2-user/data/topics/2026 128
@/home/ec2-user/data/topics/4013 129
@/home/ec2-user/data/topics/1107 130
@/home/ec2-user/data/topics/4878 131
@/home/ec2-user/data/topics/1981 132
@/home/ec2-user/data/topics/1586 133
@/home/ec2-user/data/topics/1739 134
@/home/ec2-user/data/topics/1155 135
@/home/ec2-user/data/topics/5006 136
ブラザー工業株式会社

@/home/ec2-user/data/topics/1906 137
@/home/ec2-user/data/topics/1076 137
@/home/ec2-user/data/topics/3507 138
@/home/ec2-user/data/topics/1300 139
@/home/ec2-user/data/topics/3789 140
@/home/ec2-user/data/topics/2086 141
@/home/ec2-user/data/topics/3613 142
@/home/ec2-user/data/topics/1164 143
@/home/ec2-user/data/topics/4548 144
@/home/ec2-user/data/topics/1183 145
@/home/ec2-user/data/topics/2085 146
@/home/ec2-user/data/topics/3477 147
@/home/ec2-user/data/topics/3686 148
@/home/ec2-user/data/topics/1697 149
@/home/ec2-user/data/topics/1636 150
富士通株式会社

@/home/ec2-user/data/topics/2215 151
@/home/ec2-user/data/topics/2216 151
@/home/ec2-user/data/topics/1609 152
@/home/ec2-user/data/topics/3962 153
@/home/ec2-user/data/topics/3399 154
@/home/ec2-user/data/topics/3862 155
@/home/ec2-user/data/topics/1264 156
@/home/ec2-user/data/topics/3765 157
@/home/ec2-user/data/topics/3850 158
@/home/ec2-user/data/topics/3749 159
@/home/ec2-user/data/topics/1547 160
@/home/ec2-user/data/topics/1998 161
@/home/ec2-user/data/topics/3381 162
@/home/ec2-user/data/topics/3428 163
@/home/ec2-user/data/topics/3636 164
@/home/ec2-user/data/topics/4191 165
@/home/ec2-user/data/topics/3460 166
@/home/ec2-user/data/topics/3799 167
@/home/ec2-user/data/topics/3400 168
@/home/ec2-user/data/topics/2227 169
@/home/ec2-user/data/topics/1271 170
@/home/ec2-user/data/topics/3802 171
@/home/ec2-user/data/topics/3883 172
@/home/ec2-user/data/topics/3912 173
@/home/ec2-user/data/topics/3538 174
@/home/ec2-user/data/topics/3751 175
@/home/ec2-user/data/topics/5004 176
@/home/ec2-user/data/topics/3970 177
@/home/ec2-user/data/topics/3870 178
@/home/ec2-user/data/topics/1874 179
@/home/ec2-user/data/topics/1123 180
@/home/ec2-user/data/topics/3846 181
静岡日本電気株式会社

@/home/ec2-user/data/topics/4531 182
@/home/ec2-user/data/topics/4365 182
@/home/ec2-user/data/topics/4326 183
@/home/ec2-user/data/topics/4314 184
@/home/ec2-user/data/topics/4507 185
@/home/ec2-user/data/topics/4250 186
住友重機械工業株式会社

@/home/ec2-user/data/topics/2039 187
@/home/ec2-user/data/topics/1373 187
@/home/ec2-user/data/topics/1900 188
@/home/ec2-user/data/topics/3952 189
@/home/ec2-user/data/topics/1505 190
@/home/ec2-user/data/topics/3868 191
@/home/ec2-user/data/topics/1019 192
@/home/ec2-user/data/topics/4854 193
@/home/ec2-user/data/topics/1553 194
大日本印刷株式会社

@/home/ec2-user/data/topics/1099 195
@/home/ec2-user/data/topics/3388 195
@/home/ec2-user/data/topics/3569 196
@/home/ec2-user/data/topics/1564 197
@/home/ec2-user/data/topics/1145 198
@/home/ec2-user/data/topics/1262 199
日本電気株式会社

@/home/ec2-user/data/topics/4398 200
@/home/ec2-user/data/topics/1078 200
@/home/ec2-user/data/topics/4824 201
@/home/ec2-user/data/topics/3995 202
@/home/ec2-user/data/topics/1116 203
@/home/ec2-user/data/topics/4207 204
@/home/ec2-user/data/topics/4273 205
@/home/ec2-user/data/topics/1486 206
@/home/ec2-user/data/topics/4940 207
@/home/ec2-user/data/topics/4659 208
@/home/ec2-user/data/topics/2166 209
@/home/ec2-user/data/topics/4578 210
@/home/ec2-user/data/topics/4227 211
@/home/ec2-user/data/topics/4728 212
@/home/ec2-user/data/topics/1815 213
@/home/ec2-user/data/topics/4318 214
@/home/ec2-user/data/topics/1383 215
@/home/ec2-user/data/topics/4808 216
@/home/ec2-user/data/topics/4850 217
@/home/ec2-user/data/topics/1595 218
@/home/ec2-user/data/topics/4092 219
@/home/ec2-user/data/topics/4100 220
@/home/ec2-user/data/topics/4272 221
@/home/ec2-user/data/topics/4838 222
@/home/ec2-user/data/topics/4404 223
@/home/ec2-user/data/topics/4650 224
@/home/ec2-user/data/topics/4209 225
@/home/ec2-user/data/topics/4275 226
@/home/ec2-user/data/topics/4877 227
@/home/ec2-user/data/topics/4185 228
@/home/ec2-user/data/topics/4097 229
@/home/ec2-user/data/topics/1867 230
@/home/ec2-user/data/topics/3954 231
@/home/ec2-user/data/topics/4770 232
@/home/ec2-user/data/topics/4278 233
@/home/ec2-user/data/topics/3744 234
@/home/ec2-user/data/topics/4238 235
@/home/ec2-user/data/topics/1112 236
@/home/ec2-user/data/topics/4584 237
@/home/ec2-user/data/topics/1891 238
@/home/ec2-user/data/topics/4926 239
@/home/ec2-user/data/topics/4665 240
@/home/ec2-user/data/topics/1360 241
@/home/ec2-user/data/topics/1844 242
@/home/ec2-user/data/topics/4192 243
@/home/ec2-user/data/topics/3971 244
@/home/ec2-user/data/topics/4257 245
@/home/ec2-user/data/topics/4338 246
@/home/ec2-user/data/topics/3938 247
@/home/ec2-user/data/topics/1044 248
@/home/ec2-user/data/topics/1052 249
@/home/ec2-user/data/topics/1923 250
@/home/ec2-user/data/topics/4243 251
@/home/ec2-user/data/topics/2031 252
@/home/ec2-user/data/topics/1199 253
@/home/ec2-user/data/topics/1724 254
@/home/ec2-user/data/topics/3896 255
@/home/ec2-user/data/topics/4134 256
@/home/ec2-user/data/topics/1948 257
@/home/ec2-user/data/topics/4393 258
@/home/ec2-user/data/topics/4158 259
@/home/ec2-user/data/topics/4371 260
@/home/ec2-user/data/topics/2150 261
@/home/ec2-user/data/topics/1783 262
@/home/ec2-user/data/topics/4447 263
@/home/ec2-user/data/topics/4093 264
@/home/ec2-user/data/topics/4216 265
@/home/ec2-user/data/topics/4137 266
@/home/ec2-user/data/topics/4666 267
@/home/ec2-user/data/topics/3767 268
@/home/ec2-user/data/topics/1764 269
@/home/ec2-user/data/topics/4433 270
@/home/ec2-user/data/topics/3897 271
@/home/ec2-user/data/topics/4497 272
@/home/ec2-user/data/topics/4142 273
@/home/ec2-user/data/topics/1928 274
@/home/ec2-user/data/topics/1612 275
@/home/ec2-user/data/topics/4240 276
@/home/ec2-user/data/topics/4081 277
@/home/ec2-user/data/topics/4352 278
@/home/ec2-user/data/topics/4725 279
@/home/ec2-user/data/topics/3875 280
@/home/ec2-user/data/topics/4446 281
@/home/ec2-user/data/topics/4603 282
@/home/ec2-user/data/topics/4168 283
@/home/ec2-user/data/topics/4244 284
@/home/ec2-user/data/topics/1791 285
@/home/ec2-user/data/topics/4017 286
@/home/ec2-user/data/topics/1773 287
@/home/ec2-user/data/topics/4699 288
@/home/ec2-user/data/topics/3729 289
@/home/ec2-user/data/topics/4153 290
@/home/ec2-user/data/topics/4258 291
@/home/ec2-user/data/topics/4390 292
@/home/ec2-user/data/topics/4254 293
@/home/ec2-user/data/topics/1634 294
@/home/ec2-user/data/topics/4343 295
@/home/ec2-user/data/topics/4609 296
@/home/ec2-user/data/topics/4775 297
@/home/ec2-user/data/topics/4425 298
@/home/ec2-user/data/topics/4315 299
@/home/ec2-user/data/topics/4696 300
@/home/ec2-user/data/topics/4708 301
@/home/ec2-user/data/topics/1364 302
@/home/ec2-user/data/topics/4063 303
@/home/ec2-user/data/topics/4418 304
@/home/ec2-user/data/topics/1852 305
@/home/ec2-user/data/topics/4389 306
@/home/ec2-user/data/topics/1500 307
@/home/ec2-user/data/topics/4892 308
@/home/ec2-user/data/topics/1101 309
@/home/ec2-user/data/topics/1122 310
@/home/ec2-user/data/topics/4657 311
@/home/ec2-user/data/topics/4902 312
@/home/ec2-user/data/topics/1100 313
@/home/ec2-user/data/topics/4458 314
@/home/ec2-user/data/topics/4682 315
@/home/ec2-user/data/topics/4536 316
@/home/ec2-user/data/topics/4613 317
@/home/ec2-user/data/topics/4320 318
@/home/ec2-user/data/topics/4561 319
@/home/ec2-user/data/topics/4549 320
@/home/ec2-user/data/topics/4309 321
@/home/ec2-user/data/topics/3853 322
@/home/ec2-user/data/topics/4281 323
@/home/ec2-user/data/topics/1362 324
@/home/ec2-user/data/topics/4485 325
@/home/ec2-user/data/topics/1710 326
@/home/ec2-user/data/topics/4434 327
@/home/ec2-user/data/topics/4486 328
@/home/ec2-user/data/topics/4742 329
@/home/ec2-user/data/topics/4246 330
@/home/ec2-user/data/topics/4414 331
@/home/ec2-user/data/topics/4162 332
@/home/ec2-user/data/topics/4718 333
@/home/ec2-user/data/topics/4644 334
@/home/ec2-user/data/topics/4750 335
@/home/ec2-user/data/topics/4267 336
@/home/ec2-user/data/topics/4460 337
@/home/ec2-user/data/topics/4062 338
@/home/ec2-user/data/topics/4116 339
@/home/ec2-user/data/topics/4186 340
@/home/ec2-user/data/topics/1464 341
@/home/ec2-user/data/topics/1326 342
@/home/ec2-user/data/topics/4236 343
@/home/ec2-user/data/topics/4440 344
@/home/ec2-user/data/topics/4749 345
@/home/ec2-user/data/topics/3724 346
@/home/ec2-user/data/topics/4643 347
@/home/ec2-user/data/topics/4532 348
@/home/ec2-user/data/topics/2041 349
@/home/ec2-user/data/topics/4480 350
@/home/ec2-user/data/topics/4779 351
@/home/ec2-user/data/topics/4003 352
@/home/ec2-user/data/topics/4154 353
@/home/ec2-user/data/topics/3956 354
@/home/ec2-user/data/topics/4626 355
@/home/ec2-user/data/topics/4651 356
@/home/ec2-user/data/topics/4477 357
@/home/ec2-user/data/topics/1016 358
@/home/ec2-user/data/topics/4490 359
@/home/ec2-user/data/topics/4388 360
@/home/ec2-user/data/topics/3766 361
@/home/ec2-user/data/topics/4634 362
@/home/ec2-user/data/topics/4138 363
@/home/ec2-user/data/topics/1879 364
@/home/ec2-user/data/topics/4342 365
@/home/ec2-user/data/topics/4310 366
@/home/ec2-user/data/topics/4128 367
@/home/ec2-user/data/topics/4119 368
@/home/ec2-user/data/topics/4260 369
@/home/ec2-user/data/topics/2022 370
@/home/ec2-user/data/topics/4171 371
@/home/ec2-user/data/topics/5034 372
@/home/ec2-user/data/topics/4646 373
@/home/ec2-user/data/topics/4764 374
@/home/ec2-user/data/topics/2127 375
@/home/ec2-user/data/topics/4816 376
@/home/ec2-user/data/topics/4300 377
@/home/ec2-user/data/topics/4598 378
@/home/ec2-user/data/topics/4721 379
@/home/ec2-user/data/topics/4442 380
@/home/ec2-user/data/topics/1661 381
@/home/ec2-user/data/topics/4595 382
@/home/ec2-user/data/topics/4319 383
@/home/ec2-user/data/topics/2088 384
@/home/ec2-user/data/topics/1281 385
@/home/ec2-user/data/topics/4313 386
@/home/ec2-user/data/topics/4120 387
@/home/ec2-user/data/topics/4689 388
@/home/ec2-user/data/topics/4360 389
@/home/ec2-user/data/topics/1567 390
@/home/ec2-user/data/topics/1523 391
@/home/ec2-user/data/topics/1557 392
@/home/ec2-user/data/topics/4429 393
@/home/ec2-user/data/topics/2144 394
@/home/ec2-user/data/topics/3865 395
@/home/ec2-user/data/topics/4288 396
@/home/ec2-user/data/topics/4760 397
@/home/ec2-user/data/topics/4204 398
@/home/ec2-user/data/topics/1457 399
@/home/ec2-user/data/topics/1624 400
@/home/ec2-user/data/topics/4759 401
@/home/ec2-user/data/topics/2119 402
@/home/ec2-user/data/topics/4427 403
@/home/ec2-user/data/topics/4196 404
@/home/ec2-user/data/topics/4082 405
@/home/ec2-user/data/topics/4530 406
@/home/ec2-user/data/topics/4537 407
@/home/ec2-user/data/topics/4276 408
@/home/ec2-user/data/topics/3886 409
@/home/ec2-user/data/topics/1937 410
@/home/ec2-user/data/topics/4359 411
@/home/ec2-user/data/topics/4247 412
@/home/ec2-user/data/topics/1973 413
@/home/ec2-user/data/topics/4071 414
@/home/ec2-user/data/topics/4876 415
@/home/ec2-user/data/topics/4533 416
@/home/ec2-user/data/topics/4129 417
@/home/ec2-user/data/topics/4785 418
松下電器産業株式会社

@/home/ec2-user/data/topics/3619 419
@/home/ec2-user/data/topics/3979 419
@/home/ec2-user/data/topics/3514 420
@/home/ec2-user/data/topics/4806 421
@/home/ec2-user/data/topics/1701 422
@/home/ec2-user/data/topics/1525 423
@/home/ec2-user/data/topics/1881 424
@/home/ec2-user/data/topics/1705 425
@/home/ec2-user/data/topics/1158 426
@/home/ec2-user/data/topics/4180 427
@/home/ec2-user/data/topics/3739 428
@/home/ec2-user/data/topics/4707 429
@/home/ec2-user/data/topics/1812 430
@/home/ec2-user/data/topics/4667 431
@/home/ec2-user/data/topics/2170 432
@/home/ec2-user/data/topics/4475 433
@/home/ec2-user/data/topics/4274 434
@/home/ec2-user/data/topics/3746 435
@/home/ec2-user/data/topics/4936 436
@/home/ec2-user/data/topics/4043 437
@/home/ec2-user/data/topics/4491 438
@/home/ec2-user/data/topics/1706 439
@/home/ec2-user/data/topics/4577 440
@/home/ec2-user/data/topics/4459 441
@/home/ec2-user/data/topics/1509 442
@/home/ec2-user/data/topics/4761 443
@/home/ec2-user/data/topics/3455 444
@/home/ec2-user/data/topics/3680 445
@/home/ec2-user/data/topics/4599 446
@/home/ec2-user/data/topics/1157 447
@/home/ec2-user/data/topics/3721 448
@/home/ec2-user/data/topics/4193 449
@/home/ec2-user/data/topics/4503 450
@/home/ec2-user/data/topics/2156 451
@/home/ec2-user/data/topics/3960 452
@/home/ec2-user/data/topics/4787 453
@/home/ec2-user/data/topics/1635 454
@/home/ec2-user/data/topics/4102 455
@/home/ec2-user/data/topics/4157 456
@/home/ec2-user/data/topics/1339 457
@/home/ec2-user/data/topics/3692 458
@/home/ec2-user/data/topics/4448 459
@/home/ec2-user/data/topics/3676 460
@/home/ec2-user/data/topics/1633 461
@/home/ec2-user/data/topics/4885 462
@/home/ec2-user/data/topics/4139 463
@/home/ec2-user/data/topics/4945 464
@/home/ec2-user/data/topics/3719 465
@/home/ec2-user/data/topics/4385 466
@/home/ec2-user/data/topics/4574 467
@/home/ec2-user/data/topics/1540 468
@/home/ec2-user/data/topics/1179 469
@/home/ec2-user/data/topics/1252 470
@/home/ec2-user/data/topics/3704 471
@/home/ec2-user/data/topics/4101 472
@/home/ec2-user/data/topics/4159 473
@/home/ec2-user/data/topics/4961 474
@/home/ec2-user/data/topics/4126 475
@/home/ec2-user/data/topics/4586 476
@/home/ec2-user/data/topics/3658 477
@/home/ec2-user/data/topics/1136 478
@/home/ec2-user/data/topics/4917 479
@/home/ec2-user/data/topics/1748 480
@/home/ec2-user/data/topics/4264 481
@/home/ec2-user/data/topics/4817 482
@/home/ec2-user/data/topics/1762 483
@/home/ec2-user/data/topics/1589 484
@/home/ec2-user/data/topics/3694 485
@/home/ec2-user/data/topics/4303 486
@/home/ec2-user/data/topics/4798 487
@/home/ec2-user/data/topics/4501 488
@/home/ec2-user/data/topics/3510 489
@/home/ec2-user/data/topics/4394 490
@/home/ec2-user/data/topics/4502 491
@/home/ec2-user/data/topics/4676 492
@/home/ec2-user/data/topics/1885 493
@/home/ec2-user/data/topics/4160 494
@/home/ec2-user/data/topics/4307 495
@/home/ec2-user/data/topics/4464 496
@/home/ec2-user/data/topics/4422 497
@/home/ec2-user/data/topics/4625 498
@/home/ec2-user/data/topics/3386 499
@/home/ec2-user/data/topics/4098 500
@/home/ec2-user/data/topics/2080 501
@/home/ec2-user/data/topics/3558 502
@/home/ec2-user/data/topics/2029 503
@/home/ec2-user/data/topics/4867 504
@/home/ec2-user/data/topics/4215 505
@/home/ec2-user/data/topics/1070 506
@/home/ec2-user/data/topics/4382 507
@/home/ec2-user/data/topics/3761 508
@/home/ec2-user/data/topics/1026 509
@/home/ec2-user/data/topics/4804 510
@/home/ec2-user/data/topics/3585 511
@/home/ec2-user/data/topics/5024 512
@/home/ec2-user/data/topics/1257 513
@/home/ec2-user/data/topics/1477 514
@/home/ec2-user/data/topics/3904 515
@/home/ec2-user/data/topics/1516 516
@/home/ec2-user/data/topics/5028 517
@/home/ec2-user/data/topics/3519 518
@/home/ec2-user/data/topics/4968 519
@/home/ec2-user/data/topics/4918 520
@/home/ec2-user/data/topics/4280 521
@/home/ec2-user/data/topics/3807 522
@/home/ec2-user/data/topics/1898 523
@/home/ec2-user/data/topics/2056 524
@/home/ec2-user/data/topics/3847 525
@/home/ec2-user/data/topics/3951 526
@/home/ec2-user/data/topics/2222 527
@/home/ec2-user/data/topics/4797 528
@/home/ec2-user/data/topics/4000 529
@/home/ec2-user/data/topics/2129 530
@/home/ec2-user/data/topics/4558 531
@/home/ec2-user/data/topics/3404 532
@/home/ec2-user/data/topics/3494 533
@/home/ec2-user/data/topics/4355 534
@/home/ec2-user/data/topics/1955 535
@/home/ec2-user/data/topics/3402 536
@/home/ec2-user/data/topics/1829 537
@/home/ec2-user/data/topics/3920 538
@/home/ec2-user/data/topics/4229 539
@/home/ec2-user/data/topics/4754 540
セイコーインスツルメンツ株式会社

@/home/ec2-user/data/topics/4151 541
@/home/ec2-user/data/topics/4036 541
@/home/ec2-user/data/topics/3825 542
@/home/ec2-user/data/topics/4088 543
@/home/ec2-user/data/topics/1707 544
@/home/ec2-user/data/topics/4203 545
@/home/ec2-user/data/topics/4997 546
@/home/ec2-user/data/topics/4190 547
@/home/ec2-user/data/topics/3626 548
ミノルタ株式会社

@/home/ec2-user/data/topics/4984 549
@/home/ec2-user/data/topics/2190 549
@/home/ec2-user/data/topics/3545 550
@/home/ec2-user/data/topics/3810 551
@/home/ec2-user/data/topics/3584 552
@/home/ec2-user/data/topics/4321 553
@/home/ec2-user/data/topics/4971 554
@/home/ec2-user/data/topics/4951 555
@/home/ec2-user/data/topics/4986 556
@/home/ec2-user/data/topics/4977 557
@/home/ec2-user/data/topics/1152 558
@/home/ec2-user/data/topics/4970 559
株式会社リコー

@/home/ec2-user/data/topics/1436 560
@/home/ec2-user/data/topics/1225 560
@/home/ec2-user/data/topics/3446 561
@/home/ec2-user/data/topics/1776 562
@/home/ec2-user/data/topics/3495 563
@/home/ec2-user/data/topics/3548 564
@/home/ec2-user/data/topics/1718 565
@/home/ec2-user/data/topics/3411 566
@/home/ec2-user/data/topics/1478 567
@/home/ec2-user/data/topics/3484 568
@/home/ec2-user/data/topics/1514 569
@/home/ec2-user/data/topics/2043 570
@/home/ec2-user/data/topics/1190 571
@/home/ec2-user/data/topics/1482 572
@/home/ec2-user/data/topics/2219 573
@/home/ec2-user/data/topics/1593 574
@/home/ec2-user/data/topics/3436 575
@/home/ec2-user/data/topics/3759 576
@/home/ec2-user/data/topics/3574 577
@/home/ec2-user/data/topics/1064 578
@/home/ec2-user/data/topics/4616 579
@/home/ec2-user/data/topics/1806 580
@/home/ec2-user/data/topics/2201 581
@/home/ec2-user/data/topics/4879 582
@/home/ec2-user/data/topics/3530 583
@/home/ec2-user/data/topics/3837 584
@/home/ec2-user/data/topics/1670 585
@/home/ec2-user/data/topics/3555 586
@/home/ec2-user/data/topics/3474 587
@/home/ec2-user/data/topics/1668 588
@/home/ec2-user/data/topics/3713 589
@/home/ec2-user/data/topics/1976 590
@/home/ec2-user/data/topics/3557 591
@/home/ec2-user/data/topics/1433 592
@/home/ec2-user/data/topics/1740 593
@/home/ec2-user/data/topics/3523 594
@/home/ec2-user/data/topics/1282 595
@/home/ec2-user/data/topics/4037 596
@/home/ec2-user/data/topics/1627 597
@/home/ec2-user/data/topics/3750 598
@/home/ec2-user/data/topics/1083 599
@/home/ec2-user/data/topics/3472 600
@/home/ec2-user/data/topics/1774 601
@/home/ec2-user/data/topics/3378 602
@/home/ec2-user/data/topics/1878 603
@/home/ec2-user/data/topics/3687 604
@/home/ec2-user/data/topics/1780 605
@/home/ec2-user/data/topics/1663 606
@/home/ec2-user/data/topics/2090 607
@/home/ec2-user/data/topics/4781 608
@/home/ec2-user/data/topics/3669 609
@/home/ec2-user/data/topics/2182 610
@/home/ec2-user/data/topics/2006 611
@/home/ec2-user/data/topics/3775 612
@/home/ec2-user/data/topics/1691 613
@/home/ec2-user/data/topics/2200 614
@/home/ec2-user/data/topics/4265 615
@/home/ec2-user/data/topics/1669 616
@/home/ec2-user/data/topics/3711 617
@/home/ec2-user/data/topics/1974 618
@/home/ec2-user/data/topics/1106 619
@/home/ec2-user/data/topics/3880 620
@/home/ec2-user/data/topics/3424 621
@/home/ec2-user/data/topics/1095 622
@/home/ec2-user/data/topics/1610 623
@/home/ec2-user/data/topics/1775 624
@/home/ec2-user/data/topics/3633 625
@/home/ec2-user/data/topics/1755 626
@/home/ec2-user/data/topics/4344 627
@/home/ec2-user/data/topics/2189 628
@/home/ec2-user/data/topics/3394 629
独立行政法人産業技術総合研究所

@/home/ec2-user/data/topics/4739 630
@/home/ec2-user/data/topics/1356 630
@/home/ec2-user/data/topics/4800 631
@/home/ec2-user/data/topics/4777 632
@/home/ec2-user/data/topics/4869 633
@/home/ec2-user/data/topics/4740 634
ソニー株式会社

@/home/ec2-user/data/topics/1679 635
@/home/ec2-user/data/topics/1912 635
@/home/ec2-user/data/topics/2037 636
@/home/ec2-user/data/topics/1836 637
@/home/ec2-user/data/topics/2048 638
@/home/ec2-user/data/topics/4224 639
@/home/ec2-user/data/topics/1686 640
@/home/ec2-user/data/topics/1873 641
@/home/ec2-user/data/topics/1298 642
@/home/ec2-user/data/topics/1414 643
@/home/ec2-user/data/topics/1967 644
@/home/ec2-user/data/topics/1954 645
@/home/ec2-user/data/topics/1059 646
@/home/ec2-user/data/topics/1426 647
@/home/ec2-user/data/topics/5027 648
@/home/ec2-user/data/topics/4184 649
@/home/ec2-user/data/topics/3975 650
@/home/ec2-user/data/topics/2105 651
@/home/ec2-user/data/topics/1926 652
@/home/ec2-user/data/topics/4351 653
@/home/ec2-user/data/topics/1491 654
@/home/ec2-user/data/topics/1884 655
@/home/ec2-user/data/topics/1147 656
@/home/ec2-user/data/topics/1778 657
@/home/ec2-user/data/topics/1380 658
@/home/ec2-user/data/topics/4219 659
@/home/ec2-user/data/topics/1102 660
@/home/ec2-user/data/topics/1471 661
@/home/ec2-user/data/topics/1435 662
@/home/ec2-user/data/topics/1892 663
@/home/ec2-user/data/topics/3456 664
@/home/ec2-user/data/topics/3401 665
@/home/ec2-user/data/topics/3955 666
@/home/ec2-user/data/topics/2094 667
@/home/ec2-user/data/topics/1602 668
@/home/ec2-user/data/topics/1397 669
@/home/ec2-user/data/topics/1749 670
@/home/ec2-user/data/topics/2059 671
@/home/ec2-user/data/topics/1233 672
@/home/ec2-user/data/topics/3392 673
@/home/ec2-user/data/topics/3924 674
@/home/ec2-user/data/topics/2075 675
@/home/ec2-user/data/topics/2058 676
@/home/ec2-user/data/topics/1218 677
@/home/ec2-user/data/topics/3872 678
@/home/ec2-user/data/topics/1291 679
@/home/ec2-user/data/topics/2052 680
富士ゼロックス株式会社

@/home/ec2-user/data/topics/3695 681
@/home/ec2-user/data/topics/3782 681
@/home/ec2-user/data/topics/3383 682
@/home/ec2-user/data/topics/4108 683
@/home/ec2-user/data/topics/1947 684
@/home/ec2-user/data/topics/3407 685
@/home/ec2-user/data/topics/3473 686
@/home/ec2-user/data/topics/3366 687
@/home/ec2-user/data/topics/5031 688
@/home/ec2-user/data/topics/3564 689
@/home/ec2-user/data/topics/1560 690
@/home/ec2-user/data/topics/3662 691
@/home/ec2-user/data/topics/3661 692
@/home/ec2-user/data/topics/3790 693
@/home/ec2-user/data/topics/3640 694
住友金属工業株式会社

@/home/ec2-user/data/topics/1268 695
@/home/ec2-user/data/topics/4322 695
@/home/ec2-user/data/topics/4661 696
@/home/ec2-user/data/topics/4991 697
@/home/ec2-user/data/topics/4534 698
@/home/ec2-user/data/topics/3577 699
@/home/ec2-user/data/topics/4182 700
@/home/ec2-user/data/topics/4733 701
@/home/ec2-user/data/topics/4021 702
@/home/ec2-user/data/topics/3826 703
@/home/ec2-user/data/topics/3655 704
@/home/ec2-user/data/topics/4295 705
日立電線株式会社

@/home/ec2-user/data/topics/4329 706
@/home/ec2-user/data/topics/3930 706
@/home/ec2-user/data/topics/1117 707
@/home/ec2-user/data/topics/1388 708
@/home/ec2-user/data/topics/1027 709
@/home/ec2-user/data/topics/4356 710
@/home/ec2-user/data/topics/1305 711
@/home/ec2-user/data/topics/3756 712
@/home/ec2-user/data/topics/4357 713
キヤノン株式会社

@/home/ec2-user/data/topics/2231 714
@/home/ec2-user/data/topics/3420 714
@/home/ec2-user/data/topics/3996 715
@/home/ec2-user/data/topics/3737 716
@/home/ec2-user/data/topics/4520 717
@/home/ec2-user/data/topics/1124 718
@/home/ec2-user/data/topics/2004 719
@/home/ec2-user/data/topics/1631 720
@/home/ec2-user/data/topics/3417 721
@/home/ec2-user/data/topics/3376 722
@/home/ec2-user/data/topics/3415 723
@/home/ec2-user/data/topics/3454 724
@/home/ec2-user/data/topics/1455 725
@/home/ec2-user/data/topics/1208 726
@/home/ec2-user/data/topics/3410 727
@/home/ec2-user/data/topics/1889 728
@/home/ec2-user/data/topics/4521 729
@/home/ec2-user/data/topics/1848 730
@/home/ec2-user/data/topics/3852 731
@/home/ec2-user/data/topics/4068 732
@/home/ec2-user/data/topics/4610 733
@/home/ec2-user/data/topics/3720 734
@/home/ec2-user/data/topics/3642 735
@/home/ec2-user/data/topics/1118 736
@/home/ec2-user/data/topics/1866 737
@/home/ec2-user/data/topics/3656 738
@/home/ec2-user/data/topics/4948 739
@/home/ec2-user/data/topics/1438 740
@/home/ec2-user/data/topics/1568 741
@/home/ec2-user/data/topics/3628 742
@/home/ec2-user/data/topics/1513 743
@/home/ec2-user/data/topics/2117 744
@/home/ec2-user/data/topics/2145 745
@/home/ec2-user/data/topics/2107 746
@/home/ec2-user/data/topics/3374 747
@/home/ec2-user/data/topics/3967 748
@/home/ec2-user/data/topics/3958 749
@/home/ec2-user/data/topics/1961 750
@/home/ec2-user/data/topics/3949 751
@/home/ec2-user/data/topics/4628 752
@/home/ec2-user/data/topics/4363 753
@/home/ec2-user/data/topics/1216 754
@/home/ec2-user/data/topics/3441 755
@/home/ec2-user/data/topics/4947 756
@/home/ec2-user/data/topics/1802 757
@/home/ec2-user/data/topics/1790 758
@/home/ec2-user/data/topics/1744 759
@/home/ec2-user/data/topics/1745 760
@/home/ec2-user/data/topics/1847 761
@/home/ec2-user/data/topics/4020 762
@/home/ec2-user/data/topics/3730 763
@/home/ec2-user/data/topics/3430 764
@/home/ec2-user/data/topics/1590 765
@/home/ec2-user/data/topics/1228 766
@/home/ec2-user/data/topics/1539 767
@/home/ec2-user/data/topics/4054 768
@/home/ec2-user/data/topics/3438 769
@/home/ec2-user/data/topics/1080 770
@/home/ec2-user/data/topics/4350 771
@/home/ec2-user/data/topics/3755 772
@/home/ec2-user/data/topics/3843 773
@/home/ec2-user/data/topics/1895 774
@/home/ec2-user/data/topics/3416 775
@/home/ec2-user/data/topics/1646 776
@/home/ec2-user/data/topics/4937 777
@/home/ec2-user/data/topics/2053 778
@/home/ec2-user/data/topics/3434 779
@/home/ec2-user/data/topics/3445 780
@/home/ec2-user/data/topics/3722 781
@/home/ec2-user/data/topics/3660 782
@/home/ec2-user/data/topics/2243 783
@/home/ec2-user/data/topics/1975 784
@/home/ec2-user/data/topics/1519 785
三洋電機株式会社

@/home/ec2-user/data/topics/1079 786
@/home/ec2-user/data/topics/2098 786
@/home/ec2-user/data/topics/3859 787
@/home/ec2-user/data/topics/5002 788
@/home/ec2-user/data/topics/4604 789
@/home/ec2-user/data/topics/2071 790
@/home/ec2-user/data/topics/4978 791
@/home/ec2-user/data/topics/3817 792
@/home/ec2-user/data/topics/2054 793
@/home/ec2-user/data/topics/4654 794
@/home/ec2-user/data/topics/3581 795
@/home/ec2-user/data/topics/3953 796
@/home/ec2-user/data/topics/3681 797
@/home/ec2-user/data/topics/4960 798
@/home/ec2-user/data/topics/1980 799
@/home/ec2-user/data/topics/1451 800
@/home/ec2-user/data/topics/4150 801
@/home/ec2-user/data/topics/4178 802
@/home/ec2-user/data/topics/4384 803
@/home/ec2-user/data/topics/2194 804
@/home/ec2-user/data/topics/3398 805
@/home/ec2-user/data/topics/2014 806
@/home/ec2-user/data/topics/3625 807
@/home/ec2-user/data/topics/4527 808
@/home/ec2-user/data/topics/4679 809
@/home/ec2-user/data/topics/3830 810
@/home/ec2-user/data/topics/2063 811
@/home/ec2-user/data/topics/5011 812
@/home/ec2-user/data/topics/1321 813
@/home/ec2-user/data/topics/4983 814
@/home/ec2-user/data/topics/4001 815
@/home/ec2-user/data/topics/1652 816
@/home/ec2-user/data/topics/4328 817
@/home/ec2-user/data/topics/4039 818
@/home/ec2-user/data/topics/4099 819
@/home/ec2-user/data/topics/3804 820
@/home/ec2-user/data/topics/3808 821
@/home/ec2-user/data/topics/1163 822
@/home/ec2-user/data/topics/4474 823
@/home/ec2-user/data/topics/4212 824
@/home/ec2-user/data/topics/4492 825
@/home/ec2-user/data/topics/4066 826
@/home/ec2-user/data/topics/4060 827
@/home/ec2-user/data/topics/3889 828
@/home/ec2-user/data/topics/1246 829
@/home/ec2-user/data/topics/3845 830
@/home/ec2-user/data/topics/4612 831
@/home/ec2-user/data/topics/3974 832
@/home/ec2-user/data/topics/4015 833
@/home/ec2-user/data/topics/1653 834
@/home/ec2-user/data/topics/4571 835
@/home/ec2-user/data/topics/1289 836
@/home/ec2-user/data/topics/4726 837
@/home/ec2-user/data/topics/2230 838
@/home/ec2-user/data/topics/3906 839
@/home/ec2-user/data/topics/1386 840
@/home/ec2-user/data/topics/1671 841
@/home/ec2-user/data/topics/4061 842
@/home/ec2-user/data/topics/3708 843
@/home/ec2-user/data/topics/4301 844
@/home/ec2-user/data/topics/3492 845
@/home/ec2-user/data/topics/3491 846
@/home/ec2-user/data/topics/3403 847
@/home/ec2-user/data/topics/4179 848
@/home/ec2-user/data/topics/4837 849
@/home/ec2-user/data/topics/4720 850
@/home/ec2-user/data/topics/3781 851
@/home/ec2-user/data/topics/1722 852
@/home/ec2-user/data/topics/3754 853
@/home/ec2-user/data/topics/1479 854
@/home/ec2-user/data/topics/3986 855
@/home/ec2-user/data/topics/1515 856
@/home/ec2-user/data/topics/4304 857
@/home/ec2-user/data/topics/3926 858
@/home/ec2-user/data/topics/4788 859
@/home/ec2-user/data/topics/4763 860
@/home/ec2-user/data/topics/1488 861
@/home/ec2-user/data/topics/4376 862
@/home/ec2-user/data/topics/3539 863
三菱電機株式会社

@/home/ec2-user/data/topics/3616 864
@/home/ec2-user/data/topics/1110 864
@/home/ec2-user/data/topics/4041 865
@/home/ec2-user/data/topics/4305 866
@/home/ec2-user/data/topics/4233 867
@/home/ec2-user/data/topics/5032 868
@/home/ec2-user/data/topics/3820 869
@/home/ec2-user/data/topics/3612 870
@/home/ec2-user/data/topics/1754 871
@/home/ec2-user/data/topics/4133 872
@/home/ec2-user/data/topics/4419 873
@/home/ec2-user/data/topics/3412 874
@/home/ec2-user/data/topics/3747 875
@/home/ec2-user/data/topics/3774 876
@/home/ec2-user/data/topics/3800 877
@/home/ec2-user/data/topics/3469 878
@/home/ec2-user/data/topics/3397 879
@/home/ec2-user/data/topics/3666 880
@/home/ec2-user/data/topics/4663 881
@/home/ec2-user/data/topics/3506 882
@/home/ec2-user/data/topics/3592 883
@/home/ec2-user/data/topics/3453 884
@/home/ec2-user/data/topics/4834 885
@/home/ec2-user/data/topics/4282 886
@/home/ec2-user/data/topics/4980 887
@/home/ec2-user/data/topics/4220 888
@/home/ec2-user/data/topics/3465 889
@/home/ec2-user/data/topics/4552 890
@/home/ec2-user/data/topics/1738 891
@/home/ec2-user/data/topics/3873 892
@/home/ec2-user/data/topics/3451 893
@/home/ec2-user/data/topics/4518 894
@/home/ec2-user/data/topics/4047 895
@/home/ec2-user/data/topics/2146 896
@/home/ec2-user/data/topics/4514 897
@/home/ec2-user/data/topics/4076 898
@/home/ec2-user/data/topics/3409 899
@/home/ec2-user/data/topics/3841 900
@/home/ec2-user/data/topics/3595 901
@/home/ec2-user/data/topics/4614 902
@/home/ec2-user/data/topics/3921 903
@/home/ec2-user/data/topics/1220 904
@/home/ec2-user/data/topics/1872 905
@/home/ec2-user/data/topics/4181 906
@/home/ec2-user/data/topics/4235 907
@/home/ec2-user/data/topics/3490 908
@/home/ec2-user/data/topics/3466 909
@/home/ec2-user/data/topics/3609 910
@/home/ec2-user/data/topics/1792 911
@/home/ec2-user/data/topics/3493 912
@/home/ec2-user/data/topics/1536 913
@/home/ec2-user/data/topics/5033 914
@/home/ec2-user/data/topics/4149 915
@/home/ec2-user/data/topics/4880 916
@/home/ec2-user/data/topics/3856 917
@/home/ec2-user/data/topics/4221 918
@/home/ec2-user/data/topics/3963 919
@/home/ec2-user/data/topics/4562 920
住友ゴム工業株式会社

@/home/ec2-user/data/topics/1758 921
@/home/ec2-user/data/topics/2007 921
@/home/ec2-user/data/topics/4048 922
@/home/ec2-user/data/topics/1114 923
@/home/ec2-user/data/topics/4568 924
@/home/ec2-user/data/topics/4597 925
@/home/ec2-user/data/topics/4406 926
セイコーエプソン株式会社

@/home/ec2-user/data/topics/3985 927
@/home/ec2-user/data/topics/1378 927
@/home/ec2-user/data/topics/4109 928
@/home/ec2-user/data/topics/2078 929
@/home/ec2-user/data/topics/4719 930
@/home/ec2-user/data/topics/4454 931
@/home/ec2-user/data/topics/1484 932
@/home/ec2-user/data/topics/4605 933
@/home/ec2-user/data/topics/3887 934
@/home/ec2-user/data/topics/4585 935
@/home/ec2-user/data/topics/4386 936
@/home/ec2-user/data/topics/1938 937
@/home/ec2-user/data/topics/3910 938
@/home/ec2-user/data/topics/4801 939
@/home/ec2-user/data/topics/3361 940
@/home/ec2-user/data/topics/3589 941
@/home/ec2-user/data/topics/1890 942
@/home/ec2-user/data/topics/1423 943
@/home/ec2-user/data/topics/2165 944
@/home/ec2-user/data/topics/3819 945
@/home/ec2-user/data/topics/1343 946
@/home/ec2-user/data/topics/1641 947
@/home/ec2-user/data/topics/3476 948
@/home/ec2-user/data/topics/3505 949
@/home/ec2-user/data/topics/4022 950
@/home/ec2-user/data/topics/4802 951
株式会社三共

@/home/ec2-user/data/topics/1086 952
@/home/ec2-user/data/topics/4868 952
@/home/ec2-user/data/topics/1665 953
@/home/ec2-user/data/topics/1648 954
@/home/ec2-user/data/topics/1189 955
@/home/ec2-user/data/topics/2123 956
@/home/ec2-user/data/topics/2060 957
@/home/ec2-user/data/topics/1377 958
@/home/ec2-user/data/topics/4374 959
沖電気工業株式会社

@/home/ec2-user/data/topics/3433 960
@/home/ec2-user/data/topics/3764 960
@/home/ec2-user/data/topics/3690 961
@/home/ec2-user/data/topics/4693 962
@/home/ec2-user/data/topics/3395 963
@/home/ec2-user/data/topics/4308 964
@/home/ec2-user/data/topics/3571 965
@/home/ec2-user/data/topics/3457 966
@/home/ec2-user/data/topics/4299 967
@/home/ec2-user/data/topics/3964 968
@/home/ec2-user/data/topics/3621 969
@/home/ec2-user/data/topics/1531 970
@/home/ec2-user/data/topics/1188 971
@/home/ec2-user/data/topics/4575 972
株式会社三星

@/home/ec2-user/data/topics/1728 973
@/home/ec2-user/data/topics/1260 973
@/home/ec2-user/data/topics/2198 974
@/home/ec2-user/data/topics/3942 975
@/home/ec2-user/data/topics/1733 976
@/home/ec2-user/data/topics/2108 977
日本ビクター株式会社

@/home/ec2-user/data/topics/3939 978
@/home/ec2-user/data/topics/1389 978
@/home/ec2-user/data/topics/1520 979
@/home/ec2-user/data/topics/1823 980
@/home/ec2-user/data/topics/4056 981
@/home/ec2-user/data/topics/4672 982
@/home/ec2-user/data/topics/3882 983
@/home/ec2-user/data/topics/3603 984
@/home/ec2-user/data/topics/1440 985
@/home/ec2-user/data/topics/3620 986
@/home/ec2-user/data/topics/4123 987
花王株式会社

@/home/ec2-user/data/topics/3999 988
@/home/ec2-user/data/topics/2214 988
@/home/ec2-user/data/topics/1196 989
@/home/ec2-user/data/topics/4249 990
@/home/ec2-user/data/topics/4445 991
@/home/ec2-user/data/topics/3812 992
@/home/ec2-user/data/topics/1022 993
@/home/ec2-user/data/topics/3753 994
@/home/ec2-user/data/topics/4211 995
@/home/ec2-user/data/topics/3884 996
@/home/ec2-user/data/topics/4827 997
@/home/ec2-user/data/topics/4287 998
@/home/ec2-user/data/topics/1767 999
三田工業株式会社

@/home/ec2-user/data/topics/1034 1000
@/home/ec2-user/data/topics/2155 1000
@/home/ec2-user/data/topics/3604 1001
@/home/ec2-user/data/topics/1269 1002
@/home/ec2-user/data/topics/3842 1003
@/home/ec2-user/data/topics/2136 1004
@/home/ec2-user/data/topics/3923 1005
@/home/ec2-user/data/topics/1033 1006
@/home/ec2-user/data/topics/1766 1007
豊丸産業株式会社

@/home/ec2-user/data/topics/1914 1008
@/home/ec2-user/data/topics/1097 1008
@/home/ec2-user/data/topics/1284 1009
@/home/ec2-user/data/topics/1401 1010
@/home/ec2-user/data/topics/4847 1011
@/home/ec2-user/data/topics/1713 1012
@/home/ec2-user/data/topics/1726 1013
@/home/ec2-user/data/topics/2011 1014
@/home/ec2-user/data/topics/1353 1015
@/home/ec2-user/data/topics/2169 1016
@/home/ec2-user/data/topics/3672 1017
@/home/ec2-user/data/topics/1138 1018
@/home/ec2-user/data/topics/1588 1019
@/home/ec2-user/data/topics/1677 1020
@/home/ec2-user/data/topics/1126 1021
鐘紡株式会社

@/home/ec2-user/data/topics/2223 1022
@/home/ec2-user/data/topics/1367 1022
@/home/ec2-user/data/topics/4195 1023
@/home/ec2-user/data/topics/1901 1024
@/home/ec2-user/data/topics/1054 1025
@/home/ec2-user/data/topics/1886 1026
@/home/ec2-user/data/topics/1304 1027
@/home/ec2-user/data/topics/1178 1028
@/home/ec2-user/data/topics/3551 1029
@/home/ec2-user/data/topics/1842 1030
@/home/ec2-user/data/topics/3560 1031
@/home/ec2-user/data/topics/1870 1032
@/home/ec2-user/data/topics/3634 1033
@/home/ec2-user/data/topics/3566 1034
@/home/ec2-user/data/topics/2034 1035
@/home/ec2-user/data/topics/2185 1036
株式会社デンソー

@/home/ec2-user/data/topics/4840 1037
@/home/ec2-user/data/topics/4046 1037
@/home/ec2-user/data/topics/4805 1038
@/home/ec2-user/data/topics/3710 1039
@/home/ec2-user/data/topics/4423 1040
@/home/ec2-user/data/topics/3406 1041
@/home/ec2-user/data/topics/3421 1042
@/home/ec2-user/data/topics/3480 1043
@/home/ec2-user/data/topics/4483 1044
@/home/ec2-user/data/topics/4164 1045
@/home/ec2-user/data/topics/1855 1046
@/home/ec2-user/data/topics/4675 1047
@/home/ec2-user/data/topics/4656 1048
@/home/ec2-user/data/topics/4622 1049
@/home/ec2-user/data/topics/4024 1050
@/home/ec2-user/data/topics/1028 1051
@/home/ec2-user/data/topics/4498 1052
富士写真フイルム株式会社

@/home/ec2-user/data/topics/1603 1053
@/home/ec2-user/data/topics/4962 1053
@/home/ec2-user/data/topics/3354 1054
@/home/ec2-user/data/topics/3447 1055
@/home/ec2-user/data/topics/1244 1056
@/home/ec2-user/data/topics/3918 1057
@/home/ec2-user/data/topics/2134 1058
@/home/ec2-user/data/topics/3857 1059
@/home/ec2-user/data/topics/3911 1060
@/home/ec2-user/data/topics/1570 1061
@/home/ec2-user/data/topics/1662 1062
京セラ株式会社

@/home/ec2-user/data/topics/3869 1063
@/home/ec2-user/data/topics/3615 1063
@/home/ec2-user/data/topics/1913 1064
@/home/ec2-user/data/topics/4340 1065
@/home/ec2-user/data/topics/4513 1066
@/home/ec2-user/data/topics/3593 1067
@/home/ec2-user/data/topics/4031 1068
@/home/ec2-user/data/topics/3741 1069
@/home/ec2-user/data/topics/1741 1070
@/home/ec2-user/data/topics/4901 1071
@/home/ec2-user/data/topics/1485 1072
@/home/ec2-user/data/topics/1708 1073
イビデン株式会社

@/home/ec2-user/data/topics/1952 1074
@/home/ec2-user/data/topics/1315 1074
@/home/ec2-user/data/topics/1682 1075
@/home/ec2-user/data/topics/1770 1076
@/home/ec2-user/data/topics/3814 1077
@/home/ec2-user/data/topics/1336 1078
@/home/ec2-user/data/topics/2033 1079
株式会社東芝

@/home/ec2-user/data/topics/1205 1080
@/home/ec2-user/data/topics/4509 1080
@/home/ec2-user/data/topics/4089 1081
@/home/ec2-user/data/topics/3618 1082
@/home/ec2-user/data/topics/3990 1083
@/home/ec2-user/data/topics/3780 1084
@/home/ec2-user/data/topics/4302 1085
@/home/ec2-user/data/topics/4594 1086
@/home/ec2-user/data/topics/4172 1087
@/home/ec2-user/data/topics/3988 1088
@/home/ec2-user/data/topics/3734 1089
@/home/ec2-user/data/topics/3542 1090
@/home/ec2-user/data/topics/4755 1091
@/home/ec2-user/data/topics/3716 1092
@/home/ec2-user/data/topics/1585 1093
@/home/ec2-user/data/topics/3688 1094
@/home/ec2-user/data/topics/4381 1095
@/home/ec2-user/data/topics/4165 1096
@/home/ec2-user/data/topics/3795 1097
@/home/ec2-user/data/topics/4881 1098
@/home/ec2-user/data/topics/4623 1099
@/home/ec2-user/data/topics/3689 1100
@/home/ec2-user/data/topics/4912 1101
@/home/ec2-user/data/topics/4292 1102
@/home/ec2-user/data/topics/3890 1103
@/home/ec2-user/data/topics/3683 1104
@/home/ec2-user/data/topics/3948 1105
@/home/ec2-user/data/topics/1090 1106
@/home/ec2-user/data/topics/4140 1107
@/home/ec2-user/data/topics/1756 1108
@/home/ec2-user/data/topics/4197 1109
@/home/ec2-user/data/topics/3351 1110
@/home/ec2-user/data/topics/3380 1111
@/home/ec2-user/data/topics/3363 1112
@/home/ec2-user/data/topics/4057 1113
@/home/ec2-user/data/topics/4566 1114
@/home/ec2-user/data/topics/4096 1115
@/home/ec2-user/data/topics/4751 1116
@/home/ec2-user/data/topics/3732 1117
@/home/ec2-user/data/topics/4009 1118
@/home/ec2-user/data/topics/3598 1119
@/home/ec2-user/data/topics/4863 1120
@/home/ec2-user/data/topics/4842 1121
@/home/ec2-user/data/topics/3881 1122
@/home/ec2-user/data/topics/1757 1123
@/home/ec2-user/data/topics/1997 1124
@/home/ec2-user/data/topics/3462 1125
@/home/ec2-user/data/topics/2241 1126
@/home/ec2-user/data/topics/3834 1127
@/home/ec2-user/data/topics/1819 1128
@/home/ec2-user/data/topics/4361 1129
@/home/ec2-user/data/topics/3352 1130
@/home/ec2-user/data/topics/4631 1131
@/home/ec2-user/data/topics/1332 1132
@/home/ec2-user/data/topics/3360 1133
@/home/ec2-user/data/topics/4183 1134
@/home/ec2-user/data/topics/3851 1135
@/home/ec2-user/data/topics/1132 1136
@/home/ec2-user/data/topics/4336 1137
@/home/ec2-user/data/topics/4935 1138
@/home/ec2-user/data/topics/4535 1139
ヤマハ株式会社

@/home/ec2-user/data/topics/4010 1140
@/home/ec2-user/data/topics/4954 1140
@/home/ec2-user/data/topics/4177 1141
@/home/ec2-user/data/topics/4045 1142
@/home/ec2-user/data/topics/3972 1143
@/home/ec2-user/data/topics/1676 1144
@/home/ec2-user/data/topics/1911 1145
@/home/ec2-user/data/topics/4084 1146
@/home/ec2-user/data/topics/4145 1147
@/home/ec2-user/data/topics/4125 1148
@/home/ec2-user/data/topics/1443 1149
@/home/ec2-user/data/topics/4919 1150
@/home/ec2-user/data/topics/1720 1151
東洋紡績株式会社

@/home/ec2-user/data/topics/4366 1152
@/home/ec2-user/data/topics/1613 1152
@/home/ec2-user/data/topics/4284 1153
@/home/ec2-user/data/topics/4362 1154
@/home/ec2-user/data/topics/3769 1155
@/home/ec2-user/data/topics/1029 1156
三菱化学株式会社

@/home/ec2-user/data/topics/1699 1157
@/home/ec2-user/data/topics/3458 1157
@/home/ec2-user/data/topics/1902 1158
@/home/ec2-user/data/topics/3513 1159
@/home/ec2-user/data/topics/1197 1160
@/home/ec2-user/data/topics/3638 1161
カシオ計算機株式会社

@/home/ec2-user/data/topics/2180 1162
@/home/ec2-user/data/topics/1535 1162
@/home/ec2-user/data/topics/1794 1163
@/home/ec2-user/data/topics/1235 1164
@/home/ec2-user/data/topics/1047 1165
@/home/ec2-user/data/topics/3391 1166
@/home/ec2-user/data/topics/1368 1167
@/home/ec2-user/data/topics/2237 1168
コナミ株式会社

@/home/ec2-user/data/topics/1302 1169
@/home/ec2-user/data/topics/4681 1169
@/home/ec2-user/data/topics/1672 1170
@/home/ec2-user/data/topics/1621 1171
@/home/ec2-user/data/topics/4602 1172
@/home/ec2-user/data/topics/2100 1173
@/home/ec2-user/data/topics/5015 1174
@/home/ec2-user/data/topics/2151 1175
大日本スクリーン製造株式会社

@/home/ec2-user/data/topics/1173 1176
@/home/ec2-user/data/topics/2172 1176
@/home/ec2-user/data/topics/2209 1177
@/home/ec2-user/data/topics/1608 1178
@/home/ec2-user/data/topics/1779 1179
@/home/ec2-user/data/topics/1130 1180
@/home/ec2-user/data/topics/3742 1181
オムロン株式会社

@/home/ec2-user/data/topics/3748 1182
@/home/ec2-user/data/topics/3863 1182
@/home/ec2-user/data/topics/3700 1183
@/home/ec2-user/data/topics/1933 1184
@/home/ec2-user/data/topics/1657 1185
@/home/ec2-user/data/topics/1533 1186
@/home/ec2-user/data/topics/1841 1187
@/home/ec2-user/data/topics/1135 1188
@/home/ec2-user/data/topics/4771 1189
@/home/ec2-user/data/topics/3594 1190
@/home/ec2-user/data/topics/3597 1191
@/home/ec2-user/data/topics/1579 1192
@/home/ec2-user/data/topics/1067 1193
@/home/ec2-user/data/topics/2096 1194
@/home/ec2-user/data/topics/1151 1195
株式会社日立製作所

@/home/ec2-user/data/topics/2184 1196
@/home/ec2-user/data/topics/2019 1196
@/home/ec2-user/data/topics/3772 1197
@/home/ec2-user/data/topics/3488 1198
@/home/ec2-user/data/topics/4489 1199
@/home/ec2-user/data/topics/1693 1200
@/home/ec2-user/data/topics/4401 1201
@/home/ec2-user/data/topics/1340 1202
@/home/ec2-user/data/topics/3570 1203
@/home/ec2-user/data/topics/4122 1204
@/home/ec2-user/data/topics/3973 1205
@/home/ec2-user/data/topics/1278 1206
@/home/ec2-user/data/topics/3822 1207
@/home/ec2-user/data/topics/1501 1208
@/home/ec2-user/data/topics/3659 1209
@/home/ec2-user/data/topics/4621 1210
@/home/ec2-user/data/topics/4058 1211
@/home/ec2-user/data/topics/1082 1212
@/home/ec2-user/data/topics/1463 1213
@/home/ec2-user/data/topics/3531 1214
@/home/ec2-user/data/topics/3994 1215
@/home/ec2-user/data/topics/1651 1216
@/home/ec2-user/data/topics/1249 1217
@/home/ec2-user/data/topics/3599 1218
@/home/ec2-user/data/topics/4166 1219
@/home/ec2-user/data/topics/3440 1220
@/home/ec2-user/data/topics/4420 1221
@/home/ec2-user/data/topics/4402 1222
@/home/ec2-user/data/topics/4990 1223
@/home/ec2-user/data/topics/1987 1224
@/home/ec2-user/data/topics/4559 1225
@/home/ec2-user/data/topics/4799 1226
@/home/ec2-user/data/topics/4830 1227
@/home/ec2-user/data/topics/3432 1228
@/home/ec2-user/data/topics/3665 1229
@/home/ec2-user/data/topics/3779 1230
@/home/ec2-user/data/topics/3993 1231
@/home/ec2-user/data/topics/3384 1232
@/home/ec2-user/data/topics/3350 1233
@/home/ec2-user/data/topics/1296 1234
@/home/ec2-user/data/topics/3596 1235
@/home/ec2-user/data/topics/3588 1236
@/home/ec2-user/data/topics/1880 1237
@/home/ec2-user/data/topics/3524 1238
@/home/ec2-user/data/topics/1640 1239
@/home/ec2-user/data/topics/3965 1240
@/home/ec2-user/data/topics/3706 1241
@/home/ec2-user/data/topics/4040 1242
@/home/ec2-user/data/topics/1833 1243
@/home/ec2-user/data/topics/3691 1244
@/home/ec2-user/data/topics/1334 1245
@/home/ec2-user/data/topics/3968 1246
@/home/ec2-user/data/topics/4551 1247
@/home/ec2-user/data/topics/5029 1248
@/home/ec2-user/data/topics/4545 1249
@/home/ec2-user/data/topics/3439 1250
@/home/ec2-user/data/topics/1247 1251
@/home/ec2-user/data/topics/3648 1252
@/home/ec2-user/data/topics/3461 1253
@/home/ec2-user/data/topics/4493 1254
@/home/ec2-user/data/topics/1826 1255
@/home/ec2-user/data/topics/1667 1256
@/home/ec2-user/data/topics/2081 1257
@/home/ec2-user/data/topics/1825 1258
@/home/ec2-user/data/topics/4547 1259
@/home/ec2-user/data/topics/1562 1260
@/home/ec2-user/data/topics/3471 1261
@/home/ec2-user/data/topics/1072 1262
@/home/ec2-user/data/topics/1487 1263
@/home/ec2-user/data/topics/4943 1264
@/home/ec2-user/data/topics/1105 1265
@/home/ec2-user/data/topics/2239 1266
@/home/ec2-user/data/topics/5030 1267
@/home/ec2-user/data/topics/1882 1268
凸版印刷株式会社

@/home/ec2-user/data/topics/3526 1269
@/home/ec2-user/data/topics/3624 1269
@/home/ec2-user/data/topics/3500 1270
@/home/ec2-user/data/topics/4874 1271
@/home/ec2-user/data/topics/1977 1272
@/home/ec2-user/data/topics/1765 1273
@/home/ec2-user/data/topics/1091 1274
株式会社ノーリツ

@/home/ec2-user/data/topics/4776 1275
@/home/ec2-user/data/topics/1598 1275
@/home/ec2-user/data/topics/4206 1276
@/home/ec2-user/data/topics/1760 1277
@/home/ec2-user/data/topics/1290 1278
@/home/ec2-user/data/topics/1618 1279
@/home/ec2-user/data/topics/4354 1280
@/home/ec2-user/data/topics/2116 1281
川崎重工業株式会社

@/home/ec2-user/data/topics/1162 1282
@/home/ec2-user/data/topics/4793 1282
@/home/ec2-user/data/topics/4944 1283
@/home/ec2-user/data/topics/4756 1284
@/home/ec2-user/data/topics/1172 1285
@/home/ec2-user/data/topics/4866 1286
@/home/ec2-user/data/topics/4572 1287
@/home/ec2-user/data/topics/5025 1288
ティーディーケイ株式会社

@/home/ec2-user/data/topics/4619 1289
@/home/ec2-user/data/topics/3909 1289
@/home/ec2-user/data/topics/1510 1290
@/home/ec2-user/data/topics/1409 1291
@/home/ec2-user/data/topics/3792 1292
@/home/ec2-user/data/topics/2202 1293
@/home/ec2-user/data/topics/2210 1294
@/home/ec2-user/data/topics/1129 1295
@/home/ec2-user/data/topics/3798 1296
京セラミタ株式会社

@/home/ec2-user/data/topics/4174 1297
@/home/ec2-user/data/topics/1032 1297
@/home/ec2-user/data/topics/1930 1298
@/home/ec2-user/data/topics/4973 1299
@/home/ec2-user/data/topics/4985 1300
@/home/ec2-user/data/topics/2141 1301
@/home/ec2-user/data/topics/4564 1302
株式会社クボタ

@/home/ec2-user/data/topics/1280 1303
@/home/ec2-user/data/topics/3854 1303
@/home/ec2-user/data/topics/1734 1304
@/home/ec2-user/data/topics/4745 1305
@/home/ec2-user/data/topics/4251 1306
@/home/ec2-user/data/topics/1012 1307
@/home/ec2-user/data/topics/3919 1308
@/home/ec2-user/data/topics/3823 1309
@/home/ec2-user/data/topics/1448 1310
@/home/ec2-user/data/topics/4379 1311
シャープ株式会社

@/home/ec2-user/data/topics/4861 1312
@/home/ec2-user/data/topics/3762 1312
@/home/ec2-user/data/topics/1970 1313
@/home/ec2-user/data/topics/3978 1314
@/home/ec2-user/data/topics/1384 1315
@/home/ec2-user/data/topics/4230 1316
@/home/ec2-user/data/topics/3673 1317
@/home/ec2-user/data/topics/1965 1318
@/home/ec2-user/data/topics/1563 1319
@/home/ec2-user/data/topics/3793 1320
@/home/ec2-user/data/topics/4124 1321
@/home/ec2-user/data/topics/1318 1322
@/home/ec2-user/data/topics/3776 1323
@/home/ec2-user/data/topics/1258 1324
@/home/ec2-user/data/topics/3678 1325
@/home/ec2-user/data/topics/3813 1326
@/home/ec2-user/data/topics/3698 1327
@/home/ec2-user/data/topics/4245 1328
@/home/ec2-user/data/topics/1840 1329
@/home/ec2-user/data/topics/4648 1330
@/home/ec2-user/data/topics/1209 1331
@/home/ec2-user/data/topics/3537 1332
@/home/ec2-user/data/topics/4256 1333
@/home/ec2-user/data/topics/3610 1334
@/home/ec2-user/data/topics/4127 1335
@/home/ec2-user/data/topics/3760 1336
@/home/ec2-user/data/topics/3895 1337
@/home/ec2-user/data/topics/3858 1338
@/home/ec2-user/data/topics/4263 1339
@/home/ec2-user/data/topics/3606 1340
@/home/ec2-user/data/topics/1685 1341
@/home/ec2-user/data/topics/4105 1342
@/home/ec2-user/data/topics/3966 1343
@/home/ec2-user/data/topics/4744 1344
@/home/ec2-user/data/topics/4252 1345
@/home/ec2-user/data/topics/4349 1346
@/home/ec2-user/data/topics/1154 1347
@/home/ec2-user/data/topics/3957 1348
@/home/ec2-user/data/topics/3855 1349
@/home/ec2-user/data/topics/4683 1350
@/home/ec2-user/data/topics/3777 1351
@/home/ec2-user/data/topics/1396 1352
@/home/ec2-user/data/topics/4469 1353
@/home/ec2-user/data/topics/4173 1354
@/home/ec2-user/data/topics/1419 1355
@/home/ec2-user/data/topics/2084 1356
@/home/ec2-user/data/topics/4113 1357
@/home/ec2-user/data/topics/4214 1358
@/home/ec2-user/data/topics/4516 1359
@/home/ec2-user/data/topics/4228 1360
@/home/ec2-user/data/topics/3981 1361
@/home/ec2-user/data/topics/4583 1362
@/home/ec2-user/data/topics/2020 1363
@/home/ec2-user/data/topics/3450 1364
@/home/ec2-user/data/topics/3832 1365
@/home/ec2-user/data/topics/1288 1366
@/home/ec2-user/data/topics/4095 1367
@/home/ec2-user/data/topics/1174 1368
@/home/ec2-user/data/topics/4519 1369
@/home/ec2-user/data/topics/4430 1370
@/home/ec2-user/data/topics/4152 1371
@/home/ec2-user/data/topics/2087 1372
@/home/ec2-user/data/topics/3649 1373
@/home/ec2-user/data/topics/4019 1374
@/home/ec2-user/data/topics/1804 1375
@/home/ec2-user/data/topics/4782 1376
@/home/ec2-user/data/topics/4717 1377
@/home/ec2-user/data/topics/4691 1378
@/home/ec2-user/data/topics/3452 1379
@/home/ec2-user/data/topics/2118 1380
@/home/ec2-user/data/topics/1561 1381
@/home/ec2-user/data/topics/3679 1382
@/home/ec2-user/data/topics/3871 1383
@/home/ec2-user/data/topics/4005 1384
@/home/ec2-user/data/topics/4323 1385
@/home/ec2-user/data/topics/1349 1386
@/home/ec2-user/data/topics/1431 1387
@/home/ec2-user/data/topics/4103 1388
@/home/ec2-user/data/topics/3422 1389
@/home/ec2-user/data/topics/3941 1390
@/home/ec2-user/data/topics/3578 1391
日本輸送機株式会社

@/home/ec2-user/data/topics/1456 1392
@/home/ec2-user/data/topics/2065 1392
@/home/ec2-user/data/topics/1940 1393
@/home/ec2-user/data/topics/1493 1394
@/home/ec2-user/data/topics/3573 1395
@/home/ec2-user/data/topics/1191 1396
@/home/ec2-user/data/topics/2221 1397
@/home/ec2-user/data/topics/1108 1398
東京エレクトロン株式会社

@/home/ec2-user/data/topics/1800 1399
@/home/ec2-user/data/topics/4053 1399
@/home/ec2-user/data/topics/4345 1400
@/home/ec2-user/data/topics/1263 1401
@/home/ec2-user/data/topics/1508 1402
@/home/ec2-user/data/topics/4702 1403
@/home/ec2-user/data/topics/3947 1404
@/home/ec2-user/data/topics/1736 1405
@/home/ec2-user/data/topics/4002 1406
@/home/ec2-user/data/topics/4618 1407
@/home/ec2-user/data/topics/4906 1408
@/home/ec2-user/data/topics/4023 1409
株式会社村田製作所

@/home/ec2-user/data/topics/4432 1410
@/home/ec2-user/data/topics/3435 1410
@/home/ec2-user/data/topics/4070 1411
@/home/ec2-user/data/topics/4325 1412
@/home/ec2-user/data/topics/1411 1413
@/home/ec2-user/data/topics/2229 1414
@/home/ec2-user/data/topics/4703 1415
@/home/ec2-user/data/topics/1374 1416
@/home/ec2-user/data/topics/4378 1417
@/home/ec2-user/data/topics/4271 1418
@/home/ec2-user/data/topics/3697 1419
@/home/ec2-user/data/topics/3885 1420
@/home/ec2-user/data/topics/4795 1421
@/home/ec2-user/data/topics/3482 1422
@/home/ec2-user/data/topics/4163 1423
@/home/ec2-user/data/topics/4417 1424
@/home/ec2-user/data/topics/4042 1425
日本電信電話株式会社

@/home/ec2-user/data/topics/3359 1426
@/home/ec2-user/data/topics/4865 1426
@/home/ec2-user/data/topics/4870 1427
@/home/ec2-user/data/topics/4925 1428
@/home/ec2-user/data/topics/3509 1429
@/home/ec2-user/data/topics/1042 1430
@/home/ec2-user/data/topics/4511 1431
@/home/ec2-user/data/topics/1408 1432
@/home/ec2-user/data/topics/4146 1433
@/home/ec2-user/data/topics/4208 1434
@/home/ec2-user/data/topics/4505 1435
@/home/ec2-user/data/topics/3521 1436
@/home/ec2-user/data/topics/3928 1437
@/home/ec2-user/data/topics/3586 1438
@/home/ec2-user/data/topics/3811 1439
@/home/ec2-user/data/topics/4964 1440
@/home/ec2-user/data/topics/1934 1441
@/home/ec2-user/data/topics/3894 1442
@/home/ec2-user/data/topics/4792 1443
@/home/ec2-user/data/topics/4104 1444
@/home/ec2-user/data/topics/4560 1445
@/home/ec2-user/data/topics/4916 1446
@/home/ec2-user/data/topics/4115 1447
@/home/ec2-user/data/topics/1556 1448
@/home/ec2-user/data/topics/4131 1449
@/home/ec2-user/data/topics/3544 1450
@/home/ec2-user/data/topics/4232 1451
@/home/ec2-user/data/topics/3568 1452
@/home/ec2-user/data/topics/4488 1453
@/home/ec2-user/data/topics/1229 1454
@/home/ec2-user/data/topics/4664 1455
@/home/ec2-user/data/topics/2130 1456
@/home/ec2-user/data/topics/4965 1457
@/home/ec2-user/data/topics/4121 1458
@/home/ec2-user/data/topics/4087 1459
@/home/ec2-user/data/topics/2017 1460
@/home/ec2-user/data/topics/4335 1461
@/home/ec2-user/data/topics/3915 1462
@/home/ec2-user/data/topics/1809 1463
@/home/ec2-user/data/topics/3641 1464
@/home/ec2-user/data/topics/4114 1465
@/home/ec2-user/data/topics/3425 1466
@/home/ec2-user/data/topics/3785 1467
@/home/ec2-user/data/topics/3650 1468
@/home/ec2-user/data/topics/1230 1469
@/home/ec2-user/data/topics/4443 1470
@/home/ec2-user/data/topics/4952 1471
@/home/ec2-user/data/topics/3824 1472
@/home/ec2-user/data/topics/3552 1473
@/home/ec2-user/data/topics/4836 1474
@/home/ec2-user/data/topics/4025 1475
@/home/ec2-user/data/topics/3536 1476
@/home/ec2-user/data/topics/1787 1477
@/home/ec2-user/data/topics/4175 1478
@/home/ec2-user/data/topics/3927 1479
@/home/ec2-user/data/topics/4118 1480
日本鋼管株式会社

@/home/ec2-user/data/topics/4455 1481
@/home/ec2-user/data/topics/4161 1481
@/home/ec2-user/data/topics/1404 1482
@/home/ec2-user/data/topics/1690 1483
@/home/ec2-user/data/topics/2095 1484
@/home/ec2-user/data/topics/3572 1485
@/home/ec2-user/data/topics/4289 1486
株式会社神戸製鋼所

@/home/ec2-user/data/topics/1465 1487
@/home/ec2-user/data/topics/3902 1487
@/home/ec2-user/data/topics/3674 1488
@/home/ec2-user/data/topics/4949 1489
@/home/ec2-user/data/topics/2064 1490
@/home/ec2-user/data/topics/3475 1491
@/home/ec2-user/data/topics/3632 1492
株式会社ケンウッド

@/home/ec2-user/data/topics/1115 1493
@/home/ec2-user/data/topics/4038 1493
@/home/ec2-user/data/topics/3969 1494
@/home/ec2-user/data/topics/2036 1495
@/home/ec2-user/data/topics/1241 1496
@/home/ec2-user/data/topics/3878 1497
@/home/ec2-user/data/topics/1186 1498
@/home/ec2-user/data/topics/3794 1499
@/home/ec2-user/data/topics/1424 1500
@/home/ec2-user/data/topics/3801 1501
@/home/ec2-user/data/topics/1617 1502
@/home/ec2-user/data/topics/1896 1503
@/home/ec2-user/data/topics/1698 1504
@/home/ec2-user/data/topics/3977 1505
@/home/ec2-user/data/topics/4050 1506
@/home/ec2-user/data/topics/3463 1507
@/home/ec2-user/data/topics/1345 1508
@/home/ec2-user/data/topics/4467 1509
@/home/ec2-user/data/topics/3839 1510
@/home/ec2-user/data/topics/4167 1511
@/home/ec2-user/data/topics/2163 1512
東陶機器株式会社

@/home/ec2-user/data/topics/1626 1513
@/home/ec2-user/data/topics/3821 1513
@/home/ec2-user/data/topics/2135 1514
@/home/ec2-user/data/topics/1692 1515
@/home/ec2-user/data/topics/1735 1516
@/home/ec2-user/data/topics/3583 1517
本田技研工業株式会社

@/home/ec2-user/data/topics/4375 1518
@/home/ec2-user/data/topics/1226 1518
@/home/ec2-user/data/topics/1444 1519
@/home/ec2-user/data/topics/4331 1520
@/home/ec2-user/data/topics/4888 1521
@/home/ec2-user/data/topics/1266 1522
@/home/ec2-user/data/topics/4783 1523
@/home/ec2-user/data/topics/1822 1524
@/home/ec2-user/data/topics/4132 1525
@/home/ec2-user/data/topics/4033 1526
@/home/ec2-user/data/topics/1143 1527
@/home/ec2-user/data/topics/4199 1528
@/home/ec2-user/data/topics/1215 1529
@/home/ec2-user/data/topics/2000 1530
@/home/ec2-user/data/topics/1605 1531
@/home/ec2-user/data/topics/3685 1532
@/home/ec2-user/data/topics/1818 1533
@/home/ec2-user/data/topics/5026 1534
@/home/ec2-user/data/topics/2016 1535
新日本製鐵株式会社

@/home/ec2-user/data/topics/3368 1536
@/home/ec2-user/data/topics/3899 1536
@/home/ec2-user/data/topics/5008 1537
@/home/ec2-user/data/topics/4472 1538
@/home/ec2-user/data/topics/3861 1539
@/home/ec2-user/data/topics/3663 1540
松下電工株式会社

@/home/ec2-user/data/topics/4592 1541
@/home/ec2-user/data/topics/3835 1541
@/home/ec2-user/data/topics/4450 1542
@/home/ec2-user/data/topics/4317 1543
@/home/ec2-user/data/topics/3379 1544
@/home/ec2-user/data/topics/3511 1545
@/home/ec2-user/data/topics/4347 1546
@/home/ec2-user/data/topics/1311 1547
@/home/ec2-user/data/topics/1011 1548
@/home/ec2-user/data/topics/3670 1549
@/home/ec2-user/data/topics/3549 1550
@/home/ec2-user/data/topics/4012 1551
@/home/ec2-user/data/topics/1251 1552
@/home/ec2-user/data/topics/4083 1553
@/home/ec2-user/data/topics/4029 1554
@/home/ec2-user/data/topics/3651 1555
@/home/ec2-user/data/topics/1803 1556
@/home/ec2-user/data/topics/2045 1557
@/home/ec2-user/data/topics/4094 1558
@/home/ec2-user/data/topics/3932 1559
@/home/ec2-user/data/topics/3778 1560
@/home/ec2-user/data/topics/3565 1561
usernum: 72
hit: 560
simhit: 1042
simmax: 0.618634504558
simmin: 0.0
simavg: 0.200983878433
dlmax: 0.13105785524
dlmin: 0.00647884185734
dlavg: 0.0332284102282
mthit: 460
mthls: 345
srp: 240.54
total: 1562
hit/total: 0.358514724712
simhit/total: 0.66709346991
mthit/(total+usernum): 0.281517747858
mthls/(total+usernum): 0.211138310894
srp/(total+usernum): 0.0490697674419
srp20/(total+usernum): 0.0136168910649
srp100/(total+usernum): 0.0283598531212
srp500/(total+usernum): 0.0424279885761

2016-12-25 03:30:08.732503
