2017-01-11 00:37:33.512323

topic-folder:/home/ec2-user/data/topics/
cl-file:/home/ec2-user/git/tfidf/result-new/b264-1-2.txt
cl-floder:/home/ec2-user/data/lsaclass/
zipf:0.11
stype[0(tfidf)/1(tfidf2)/2(lsa)/3(lda)]:2
dtype[<0(diff*rand)/0(diff)/1(same)/>=2(diff*same)]:0
output-floder:/home/ec2-user/git/userquery/result

三菱マテリアル株式会社

@/home/ec2-user/data/topics/2093 0
@/home/ec2-user/data/topics/3866 0
@/home/ec2-user/data/topics/3546 1
@/home/ec2-user/data/topics/3470 2
@/home/ec2-user/data/topics/3630 3
@/home/ec2-user/data/topics/1638 4
@/home/ec2-user/data/topics/1085 5
@/home/ec2-user/data/topics/3520 6
日本精機株式会社

@/home/ec2-user/data/topics/1398 7
@/home/ec2-user/data/topics/4709 7
@/home/ec2-user/data/topics/4972 8
@/home/ec2-user/data/topics/4875 9
@/home/ec2-user/data/topics/4907 10
@/home/ec2-user/data/topics/4690 11
コニカ株式会社

@/home/ec2-user/data/topics/3431 12
@/home/ec2-user/data/topics/3418 12
@/home/ec2-user/data/topics/1946 13
@/home/ec2-user/data/topics/3486 14
@/home/ec2-user/data/topics/3414 15
@/home/ec2-user/data/topics/3357 16
@/home/ec2-user/data/topics/3533 17
@/home/ec2-user/data/topics/3426 18
@/home/ec2-user/data/topics/3370 19
@/home/ec2-user/data/topics/2162 20
@/home/ec2-user/data/topics/3419 21
埼玉日本電気株式会社

@/home/ec2-user/data/topics/1512 22
@/home/ec2-user/data/topics/4998 22
@/home/ec2-user/data/topics/4279 23
@/home/ec2-user/data/topics/4468 24
@/home/ec2-user/data/topics/1620 25
@/home/ec2-user/data/topics/5010 26
@/home/ec2-user/data/topics/4283 27
@/home/ec2-user/data/topics/4496 28
@/home/ec2-user/data/topics/4242 29
アルプス電気株式会社

@/home/ec2-user/data/topics/1434 30
@/home/ec2-user/data/topics/3582 30
@/home/ec2-user/data/topics/3429 31
@/home/ec2-user/data/topics/2012 32
@/home/ec2-user/data/topics/1253 33
@/home/ec2-user/data/topics/2089 34
@/home/ec2-user/data/topics/4791 35
三菱重工業株式会社

@/home/ec2-user/data/topics/3591 36
@/home/ec2-user/data/topics/3529 36
@/home/ec2-user/data/topics/3833 37
@/home/ec2-user/data/topics/4862 38
@/home/ec2-user/data/topics/4882 39
@/home/ec2-user/data/topics/5022 40
@/home/ec2-user/data/topics/3944 41
@/home/ec2-user/data/topics/4412 42
@/home/ec2-user/data/topics/4687 43
@/home/ec2-user/data/topics/4563 44
@/home/ec2-user/data/topics/3503 45
@/home/ec2-user/data/topics/3637 46
村田機械株式会社

@/home/ec2-user/data/topics/1293 47
@/home/ec2-user/data/topics/4645 47
@/home/ec2-user/data/topics/4565 48
@/home/ec2-user/data/topics/4570 49
@/home/ec2-user/data/topics/4638 50
@/home/ec2-user/data/topics/4746 51
@/home/ec2-user/data/topics/3528 52
@/home/ec2-user/data/topics/3740 53
@/home/ec2-user/data/topics/4835 54
@/home/ec2-user/data/topics/1511 55
@/home/ec2-user/data/topics/5000 56
@/home/ec2-user/data/topics/4441 57
@/home/ec2-user/data/topics/4556 58
@/home/ec2-user/data/topics/4596 59
@/home/ec2-user/data/topics/1074 60
@/home/ec2-user/data/topics/4941 61
@/home/ec2-user/data/topics/1607 62
川崎製鉄株式会社

@/home/ec2-user/data/topics/3611 63
@/home/ec2-user/data/topics/3553 63
@/home/ec2-user/data/topics/3483 64
@/home/ec2-user/data/topics/3413 65
@/home/ec2-user/data/topics/1037 66
@/home/ec2-user/data/topics/3532 67
@/home/ec2-user/data/topics/1459 68
@/home/ec2-user/data/topics/4615 69
@/home/ec2-user/data/topics/3929 70
ダイキン工業株式会社

@/home/ec2-user/data/topics/4400 71
@/home/ec2-user/data/topics/4753 71
@/home/ec2-user/data/topics/1600 72
@/home/ec2-user/data/topics/4845 73
@/home/ec2-user/data/topics/4367 74
@/home/ec2-user/data/topics/3888 75
@/home/ec2-user/data/topics/4734 76
@/home/ec2-user/data/topics/1565 77
@/home/ec2-user/data/topics/4515 78
@/home/ec2-user/data/topics/4701 79
@/home/ec2-user/data/topics/4858 80
三菱自動車工業株式会社

@/home/ec2-user/data/topics/3940 81
@/home/ec2-user/data/topics/1527 81
@/home/ec2-user/data/topics/4189 82
@/home/ec2-user/data/topics/3815 83
@/home/ec2-user/data/topics/3502 84
@/home/ec2-user/data/topics/2101 85
@/home/ec2-user/data/topics/1428 86
@/home/ec2-user/data/topics/1816 87
日産自動車株式会社

@/home/ec2-user/data/topics/3489 88
@/home/ec2-user/data/topics/3936 88
@/home/ec2-user/data/topics/3677 89
@/home/ec2-user/data/topics/4074 90
@/home/ec2-user/data/topics/3645 91
@/home/ec2-user/data/topics/3723 92
@/home/ec2-user/data/topics/3497 93
@/home/ec2-user/data/topics/3712 94
@/home/ec2-user/data/topics/3501 95
@/home/ec2-user/data/topics/4982 96
@/home/ec2-user/data/topics/3829 97
トヨタ自動車株式会社

@/home/ec2-user/data/topics/4298 98
@/home/ec2-user/data/topics/4064 98
@/home/ec2-user/data/topics/1494 99
@/home/ec2-user/data/topics/3481 100
@/home/ec2-user/data/topics/2111 101
@/home/ec2-user/data/topics/4543 102
@/home/ec2-user/data/topics/3699 103
@/home/ec2-user/data/topics/4617 104
@/home/ec2-user/data/topics/2218 105
@/home/ec2-user/data/topics/4426 106
@/home/ec2-user/data/topics/3356 107
@/home/ec2-user/data/topics/4144 108
@/home/ec2-user/data/topics/3671 109
@/home/ec2-user/data/topics/4658 110
@/home/ec2-user/data/topics/4920 111
@/home/ec2-user/data/topics/4346 112
@/home/ec2-user/data/topics/3783 113
@/home/ec2-user/data/topics/4647 114
@/home/ec2-user/data/topics/3587 115
@/home/ec2-user/data/topics/4030 116
@/home/ec2-user/data/topics/4767 117
@/home/ec2-user/data/topics/3725 118
@/home/ec2-user/data/topics/1551 119
@/home/ec2-user/data/topics/3758 120
@/home/ec2-user/data/topics/3405 121
@/home/ec2-user/data/topics/4633 122
@/home/ec2-user/data/topics/3731 123
@/home/ec2-user/data/topics/4008 124
@/home/ec2-user/data/topics/3943 125
オリンパス光学工業株式会社

@/home/ec2-user/data/topics/1155 126
@/home/ec2-user/data/topics/4878 126
@/home/ec2-user/data/topics/1739 127
@/home/ec2-user/data/topics/1869 128
@/home/ec2-user/data/topics/4007 129
@/home/ec2-user/data/topics/1981 130
@/home/ec2-user/data/topics/1835 131
@/home/ec2-user/data/topics/5006 132
@/home/ec2-user/data/topics/1586 133
@/home/ec2-user/data/topics/1107 134
@/home/ec2-user/data/topics/4013 135
@/home/ec2-user/data/topics/2026 136
ブラザー工業株式会社

@/home/ec2-user/data/topics/1906 137
@/home/ec2-user/data/topics/1164 137
@/home/ec2-user/data/topics/3686 138
@/home/ec2-user/data/topics/3613 139
@/home/ec2-user/data/topics/3789 140
@/home/ec2-user/data/topics/3507 141
@/home/ec2-user/data/topics/1183 142
@/home/ec2-user/data/topics/1636 143
@/home/ec2-user/data/topics/1076 144
@/home/ec2-user/data/topics/2086 145
@/home/ec2-user/data/topics/3477 146
@/home/ec2-user/data/topics/1300 147
@/home/ec2-user/data/topics/4548 148
@/home/ec2-user/data/topics/1697 149
@/home/ec2-user/data/topics/2085 150
富士通株式会社

@/home/ec2-user/data/topics/3912 151
@/home/ec2-user/data/topics/3970 151
@/home/ec2-user/data/topics/3636 152
@/home/ec2-user/data/topics/3428 153
@/home/ec2-user/data/topics/2227 154
@/home/ec2-user/data/topics/1264 155
@/home/ec2-user/data/topics/3460 156
@/home/ec2-user/data/topics/3846 157
@/home/ec2-user/data/topics/4191 158
@/home/ec2-user/data/topics/3400 159
@/home/ec2-user/data/topics/1123 160
@/home/ec2-user/data/topics/2216 161
@/home/ec2-user/data/topics/3802 162
@/home/ec2-user/data/topics/3870 163
@/home/ec2-user/data/topics/3749 164
@/home/ec2-user/data/topics/1874 165
@/home/ec2-user/data/topics/3765 166
@/home/ec2-user/data/topics/3862 167
@/home/ec2-user/data/topics/5004 168
@/home/ec2-user/data/topics/3799 169
@/home/ec2-user/data/topics/1998 170
@/home/ec2-user/data/topics/3381 171
@/home/ec2-user/data/topics/2215 172
@/home/ec2-user/data/topics/1271 173
@/home/ec2-user/data/topics/3850 174
@/home/ec2-user/data/topics/3538 175
@/home/ec2-user/data/topics/1547 176
@/home/ec2-user/data/topics/1609 177
@/home/ec2-user/data/topics/3399 178
@/home/ec2-user/data/topics/3962 179
@/home/ec2-user/data/topics/3751 180
@/home/ec2-user/data/topics/3883 181
静岡日本電気株式会社

@/home/ec2-user/data/topics/4314 182
@/home/ec2-user/data/topics/4250 182
@/home/ec2-user/data/topics/4326 183
@/home/ec2-user/data/topics/4507 184
@/home/ec2-user/data/topics/4531 185
@/home/ec2-user/data/topics/4365 186
住友重機械工業株式会社

@/home/ec2-user/data/topics/2039 187
@/home/ec2-user/data/topics/1373 187
@/home/ec2-user/data/topics/4854 188
@/home/ec2-user/data/topics/1019 189
@/home/ec2-user/data/topics/1900 190
@/home/ec2-user/data/topics/3868 191
@/home/ec2-user/data/topics/1553 192
@/home/ec2-user/data/topics/1505 193
@/home/ec2-user/data/topics/3952 194
大日本印刷株式会社

@/home/ec2-user/data/topics/1564 195
@/home/ec2-user/data/topics/1099 195
@/home/ec2-user/data/topics/1262 196
@/home/ec2-user/data/topics/3569 197
@/home/ec2-user/data/topics/3388 198
@/home/ec2-user/data/topics/1145 199
日本電気株式会社

@/home/ec2-user/data/topics/1199 200
@/home/ec2-user/data/topics/1364 200
@/home/ec2-user/data/topics/4460 201
@/home/ec2-user/data/topics/4257 202
@/home/ec2-user/data/topics/1557 203
@/home/ec2-user/data/topics/4598 204
@/home/ec2-user/data/topics/4116 205
@/home/ec2-user/data/topics/4134 206
@/home/ec2-user/data/topics/4775 207
@/home/ec2-user/data/topics/4666 208
@/home/ec2-user/data/topics/4490 209
@/home/ec2-user/data/topics/3971 210
@/home/ec2-user/data/topics/1595 211
@/home/ec2-user/data/topics/1852 212
@/home/ec2-user/data/topics/4446 213
@/home/ec2-user/data/topics/4129 214
@/home/ec2-user/data/topics/4281 215
@/home/ec2-user/data/topics/4319 216
@/home/ec2-user/data/topics/4404 217
@/home/ec2-user/data/topics/1783 218
@/home/ec2-user/data/topics/1948 219
@/home/ec2-user/data/topics/1464 220
@/home/ec2-user/data/topics/4824 221
@/home/ec2-user/data/topics/4238 222
@/home/ec2-user/data/topics/4278 223
@/home/ec2-user/data/topics/4728 224
@/home/ec2-user/data/topics/1879 225
@/home/ec2-user/data/topics/1016 226
@/home/ec2-user/data/topics/4276 227
@/home/ec2-user/data/topics/4288 228
@/home/ec2-user/data/topics/4209 229
@/home/ec2-user/data/topics/4532 230
@/home/ec2-user/data/topics/1362 231
@/home/ec2-user/data/topics/3724 232
@/home/ec2-user/data/topics/4338 233
@/home/ec2-user/data/topics/4708 234
@/home/ec2-user/data/topics/1360 235
@/home/ec2-user/data/topics/4128 236
@/home/ec2-user/data/topics/4093 237
@/home/ec2-user/data/topics/4390 238
@/home/ec2-user/data/topics/1937 239
@/home/ec2-user/data/topics/2031 240
@/home/ec2-user/data/topics/4458 241
@/home/ec2-user/data/topics/4665 242
@/home/ec2-user/data/topics/4186 243
@/home/ec2-user/data/topics/4427 244
@/home/ec2-user/data/topics/1101 245
@/home/ec2-user/data/topics/4530 246
@/home/ec2-user/data/topics/1710 247
@/home/ec2-user/data/topics/3865 248
@/home/ec2-user/data/topics/1791 249
@/home/ec2-user/data/topics/4168 250
@/home/ec2-user/data/topics/3886 251
@/home/ec2-user/data/topics/1891 252
@/home/ec2-user/data/topics/4718 253
@/home/ec2-user/data/topics/4414 254
@/home/ec2-user/data/topics/4418 255
@/home/ec2-user/data/topics/2041 256
@/home/ec2-user/data/topics/4320 257
@/home/ec2-user/data/topics/3729 258
@/home/ec2-user/data/topics/4442 259
@/home/ec2-user/data/topics/4309 260
@/home/ec2-user/data/topics/4389 261
@/home/ec2-user/data/topics/4153 262
@/home/ec2-user/data/topics/5034 263
@/home/ec2-user/data/topics/4275 264
@/home/ec2-user/data/topics/4247 265
@/home/ec2-user/data/topics/1661 266
@/home/ec2-user/data/topics/4646 267
@/home/ec2-user/data/topics/4216 268
@/home/ec2-user/data/topics/4318 269
@/home/ec2-user/data/topics/4315 270
@/home/ec2-user/data/topics/4360 271
@/home/ec2-user/data/topics/4657 272
@/home/ec2-user/data/topics/4003 273
@/home/ec2-user/data/topics/4120 274
@/home/ec2-user/data/topics/4770 275
@/home/ec2-user/data/topics/4779 276
@/home/ec2-user/data/topics/4742 277
@/home/ec2-user/data/topics/4196 278
@/home/ec2-user/data/topics/4940 279
@/home/ec2-user/data/topics/4536 280
@/home/ec2-user/data/topics/4808 281
@/home/ec2-user/data/topics/4759 282
@/home/ec2-user/data/topics/4204 283
@/home/ec2-user/data/topics/4613 284
@/home/ec2-user/data/topics/1044 285
@/home/ec2-user/data/topics/4260 286
@/home/ec2-user/data/topics/4485 287
@/home/ec2-user/data/topics/4158 288
@/home/ec2-user/data/topics/1634 289
@/home/ec2-user/data/topics/4244 290
@/home/ec2-user/data/topics/4877 291
@/home/ec2-user/data/topics/4240 292
@/home/ec2-user/data/topics/4876 293
@/home/ec2-user/data/topics/1383 294
@/home/ec2-user/data/topics/4236 295
@/home/ec2-user/data/topics/4838 296
@/home/ec2-user/data/topics/4272 297
@/home/ec2-user/data/topics/3853 298
@/home/ec2-user/data/topics/4393 299
@/home/ec2-user/data/topics/4137 300
@/home/ec2-user/data/topics/4595 301
@/home/ec2-user/data/topics/4609 302
@/home/ec2-user/data/topics/4696 303
@/home/ec2-user/data/topics/4650 304
@/home/ec2-user/data/topics/1844 305
@/home/ec2-user/data/topics/1923 306
@/home/ec2-user/data/topics/1500 307
@/home/ec2-user/data/topics/4892 308
@/home/ec2-user/data/topics/1624 309
@/home/ec2-user/data/topics/4785 310
@/home/ec2-user/data/topics/4310 311
@/home/ec2-user/data/topics/4561 312
@/home/ec2-user/data/topics/4138 313
@/home/ec2-user/data/topics/4497 314
@/home/ec2-user/data/topics/4192 315
@/home/ec2-user/data/topics/3875 316
@/home/ec2-user/data/topics/4429 317
@/home/ec2-user/data/topics/4440 318
@/home/ec2-user/data/topics/4162 319
@/home/ec2-user/data/topics/4926 320
@/home/ec2-user/data/topics/2088 321
@/home/ec2-user/data/topics/4651 322
@/home/ec2-user/data/topics/1973 323
@/home/ec2-user/data/topics/1928 324
@/home/ec2-user/data/topics/4816 325
@/home/ec2-user/data/topics/4371 326
@/home/ec2-user/data/topics/3954 327
@/home/ec2-user/data/topics/1867 328
@/home/ec2-user/data/topics/1567 329
@/home/ec2-user/data/topics/4750 330
@/home/ec2-user/data/topics/4433 331
@/home/ec2-user/data/topics/1078 332
@/home/ec2-user/data/topics/4388 333
@/home/ec2-user/data/topics/4634 334
@/home/ec2-user/data/topics/4850 335
@/home/ec2-user/data/topics/4207 336
@/home/ec2-user/data/topics/4342 337
@/home/ec2-user/data/topics/4398 338
@/home/ec2-user/data/topics/4902 339
@/home/ec2-user/data/topics/4171 340
@/home/ec2-user/data/topics/4081 341
@/home/ec2-user/data/topics/1764 342
@/home/ec2-user/data/topics/4447 343
@/home/ec2-user/data/topics/1112 344
@/home/ec2-user/data/topics/2166 345
@/home/ec2-user/data/topics/4017 346
@/home/ec2-user/data/topics/1773 347
@/home/ec2-user/data/topics/4246 348
@/home/ec2-user/data/topics/2144 349
@/home/ec2-user/data/topics/3956 350
@/home/ec2-user/data/topics/4533 351
@/home/ec2-user/data/topics/4185 352
@/home/ec2-user/data/topics/4227 353
@/home/ec2-user/data/topics/4267 354
@/home/ec2-user/data/topics/1052 355
@/home/ec2-user/data/topics/4119 356
@/home/ec2-user/data/topics/4273 357
@/home/ec2-user/data/topics/4352 358
@/home/ec2-user/data/topics/1815 359
@/home/ec2-user/data/topics/4764 360
@/home/ec2-user/data/topics/4154 361
@/home/ec2-user/data/topics/4254 362
@/home/ec2-user/data/topics/4699 363
@/home/ec2-user/data/topics/1612 364
@/home/ec2-user/data/topics/4603 365
@/home/ec2-user/data/topics/2119 366
@/home/ec2-user/data/topics/4644 367
@/home/ec2-user/data/topics/1100 368
@/home/ec2-user/data/topics/2150 369
@/home/ec2-user/data/topics/1116 370
@/home/ec2-user/data/topics/4063 371
@/home/ec2-user/data/topics/1326 372
@/home/ec2-user/data/topics/4643 373
@/home/ec2-user/data/topics/1486 374
@/home/ec2-user/data/topics/4749 375
@/home/ec2-user/data/topics/4243 376
@/home/ec2-user/data/topics/4549 377
@/home/ec2-user/data/topics/4725 378
@/home/ec2-user/data/topics/1122 379
@/home/ec2-user/data/topics/4082 380
@/home/ec2-user/data/topics/4626 381
@/home/ec2-user/data/topics/4071 382
@/home/ec2-user/data/topics/4258 383
@/home/ec2-user/data/topics/2022 384
@/home/ec2-user/data/topics/4343 385
@/home/ec2-user/data/topics/4689 386
@/home/ec2-user/data/topics/4760 387
@/home/ec2-user/data/topics/4584 388
@/home/ec2-user/data/topics/3896 389
@/home/ec2-user/data/topics/1281 390
@/home/ec2-user/data/topics/2127 391
@/home/ec2-user/data/topics/4486 392
@/home/ec2-user/data/topics/4062 393
@/home/ec2-user/data/topics/3744 394
@/home/ec2-user/data/topics/1724 395
@/home/ec2-user/data/topics/3938 396
@/home/ec2-user/data/topics/4434 397
@/home/ec2-user/data/topics/4100 398
@/home/ec2-user/data/topics/3995 399
@/home/ec2-user/data/topics/4477 400
@/home/ec2-user/data/topics/4537 401
@/home/ec2-user/data/topics/4359 402
@/home/ec2-user/data/topics/4313 403
@/home/ec2-user/data/topics/4425 404
@/home/ec2-user/data/topics/4578 405
@/home/ec2-user/data/topics/1457 406
@/home/ec2-user/data/topics/4721 407
@/home/ec2-user/data/topics/4480 408
@/home/ec2-user/data/topics/3767 409
@/home/ec2-user/data/topics/4142 410
@/home/ec2-user/data/topics/3897 411
@/home/ec2-user/data/topics/3766 412
@/home/ec2-user/data/topics/4097 413
@/home/ec2-user/data/topics/4659 414
@/home/ec2-user/data/topics/1523 415
@/home/ec2-user/data/topics/4682 416
@/home/ec2-user/data/topics/4300 417
@/home/ec2-user/data/topics/4092 418
松下電器産業株式会社

@/home/ec2-user/data/topics/4157 419
@/home/ec2-user/data/topics/4180 419
@/home/ec2-user/data/topics/4885 420
@/home/ec2-user/data/topics/2029 421
@/home/ec2-user/data/topics/4558 422
@/home/ec2-user/data/topics/1885 423
@/home/ec2-user/data/topics/4160 424
@/home/ec2-user/data/topics/4798 425
@/home/ec2-user/data/topics/1898 426
@/home/ec2-user/data/topics/4303 427
@/home/ec2-user/data/topics/4806 428
@/home/ec2-user/data/topics/1252 429
@/home/ec2-user/data/topics/2156 430
@/home/ec2-user/data/topics/3658 431
@/home/ec2-user/data/topics/1701 432
@/home/ec2-user/data/topics/4139 433
@/home/ec2-user/data/topics/4676 434
@/home/ec2-user/data/topics/4394 435
@/home/ec2-user/data/topics/4599 436
@/home/ec2-user/data/topics/4501 437
@/home/ec2-user/data/topics/3904 438
@/home/ec2-user/data/topics/4307 439
@/home/ec2-user/data/topics/3807 440
@/home/ec2-user/data/topics/4945 441
@/home/ec2-user/data/topics/1179 442
@/home/ec2-user/data/topics/3719 443
@/home/ec2-user/data/topics/1955 444
@/home/ec2-user/data/topics/2080 445
@/home/ec2-user/data/topics/3920 446
@/home/ec2-user/data/topics/4422 447
@/home/ec2-user/data/topics/1706 448
@/home/ec2-user/data/topics/3402 449
@/home/ec2-user/data/topics/1881 450
@/home/ec2-user/data/topics/4867 451
@/home/ec2-user/data/topics/1136 452
@/home/ec2-user/data/topics/1829 453
@/home/ec2-user/data/topics/3386 454
@/home/ec2-user/data/topics/3960 455
@/home/ec2-user/data/topics/2170 456
@/home/ec2-user/data/topics/3979 457
@/home/ec2-user/data/topics/4761 458
@/home/ec2-user/data/topics/3761 459
@/home/ec2-user/data/topics/1509 460
@/home/ec2-user/data/topics/3746 461
@/home/ec2-user/data/topics/3558 462
@/home/ec2-user/data/topics/3455 463
@/home/ec2-user/data/topics/4804 464
@/home/ec2-user/data/topics/5028 465
@/home/ec2-user/data/topics/4215 466
@/home/ec2-user/data/topics/3694 467
@/home/ec2-user/data/topics/1633 468
@/home/ec2-user/data/topics/4625 469
@/home/ec2-user/data/topics/4961 470
@/home/ec2-user/data/topics/4448 471
@/home/ec2-user/data/topics/1705 472
@/home/ec2-user/data/topics/1339 473
@/home/ec2-user/data/topics/4274 474
@/home/ec2-user/data/topics/4502 475
@/home/ec2-user/data/topics/3619 476
@/home/ec2-user/data/topics/4126 477
@/home/ec2-user/data/topics/3721 478
@/home/ec2-user/data/topics/4000 479
@/home/ec2-user/data/topics/3704 480
@/home/ec2-user/data/topics/1516 481
@/home/ec2-user/data/topics/4797 482
@/home/ec2-user/data/topics/4229 483
@/home/ec2-user/data/topics/1812 484
@/home/ec2-user/data/topics/1477 485
@/home/ec2-user/data/topics/4382 486
@/home/ec2-user/data/topics/4577 487
@/home/ec2-user/data/topics/4264 488
@/home/ec2-user/data/topics/4475 489
@/home/ec2-user/data/topics/1158 490
@/home/ec2-user/data/topics/3585 491
@/home/ec2-user/data/topics/4917 492
@/home/ec2-user/data/topics/4968 493
@/home/ec2-user/data/topics/1748 494
@/home/ec2-user/data/topics/4667 495
@/home/ec2-user/data/topics/1026 496
@/home/ec2-user/data/topics/1589 497
@/home/ec2-user/data/topics/3692 498
@/home/ec2-user/data/topics/4464 499
@/home/ec2-user/data/topics/1257 500
@/home/ec2-user/data/topics/4574 501
@/home/ec2-user/data/topics/3739 502
@/home/ec2-user/data/topics/5024 503
@/home/ec2-user/data/topics/2222 504
@/home/ec2-user/data/topics/4787 505
@/home/ec2-user/data/topics/4491 506
@/home/ec2-user/data/topics/4459 507
@/home/ec2-user/data/topics/4043 508
@/home/ec2-user/data/topics/4817 509
@/home/ec2-user/data/topics/3514 510
@/home/ec2-user/data/topics/4159 511
@/home/ec2-user/data/topics/4503 512
@/home/ec2-user/data/topics/4098 513
@/home/ec2-user/data/topics/4918 514
@/home/ec2-user/data/topics/3676 515
@/home/ec2-user/data/topics/1635 516
@/home/ec2-user/data/topics/3519 517
@/home/ec2-user/data/topics/1540 518
@/home/ec2-user/data/topics/3680 519
@/home/ec2-user/data/topics/1070 520
@/home/ec2-user/data/topics/4101 521
@/home/ec2-user/data/topics/3510 522
@/home/ec2-user/data/topics/4193 523
@/home/ec2-user/data/topics/3404 524
@/home/ec2-user/data/topics/1157 525
@/home/ec2-user/data/topics/3494 526
@/home/ec2-user/data/topics/4936 527
@/home/ec2-user/data/topics/4586 528
@/home/ec2-user/data/topics/1762 529
@/home/ec2-user/data/topics/4754 530
@/home/ec2-user/data/topics/2129 531
@/home/ec2-user/data/topics/4355 532
@/home/ec2-user/data/topics/4280 533
@/home/ec2-user/data/topics/1525 534
@/home/ec2-user/data/topics/3951 535
@/home/ec2-user/data/topics/2056 536
@/home/ec2-user/data/topics/4102 537
@/home/ec2-user/data/topics/4385 538
@/home/ec2-user/data/topics/4707 539
@/home/ec2-user/data/topics/3847 540
セイコーインスツルメンツ株式会社

@/home/ec2-user/data/topics/4997 541
@/home/ec2-user/data/topics/3825 541
@/home/ec2-user/data/topics/4151 542
@/home/ec2-user/data/topics/4036 543
@/home/ec2-user/data/topics/3626 544
@/home/ec2-user/data/topics/4203 545
@/home/ec2-user/data/topics/4088 546
@/home/ec2-user/data/topics/4190 547
@/home/ec2-user/data/topics/1707 548
ミノルタ株式会社

@/home/ec2-user/data/topics/4971 549
@/home/ec2-user/data/topics/4321 549
@/home/ec2-user/data/topics/3584 550
@/home/ec2-user/data/topics/4984 551
@/home/ec2-user/data/topics/2190 552
@/home/ec2-user/data/topics/3810 553
@/home/ec2-user/data/topics/4970 554
@/home/ec2-user/data/topics/4977 555
@/home/ec2-user/data/topics/4986 556
@/home/ec2-user/data/topics/4951 557
@/home/ec2-user/data/topics/3545 558
@/home/ec2-user/data/topics/1152 559
株式会社リコー

@/home/ec2-user/data/topics/1780 560
@/home/ec2-user/data/topics/1974 560
@/home/ec2-user/data/topics/1740 561
@/home/ec2-user/data/topics/4344 562
@/home/ec2-user/data/topics/2006 563
@/home/ec2-user/data/topics/3530 564
@/home/ec2-user/data/topics/3711 565
@/home/ec2-user/data/topics/3424 566
@/home/ec2-user/data/topics/1718 567
@/home/ec2-user/data/topics/4879 568
@/home/ec2-user/data/topics/3557 569
@/home/ec2-user/data/topics/3669 570
@/home/ec2-user/data/topics/3495 571
@/home/ec2-user/data/topics/4037 572
@/home/ec2-user/data/topics/3378 573
@/home/ec2-user/data/topics/4781 574
@/home/ec2-user/data/topics/3436 575
@/home/ec2-user/data/topics/4616 576
@/home/ec2-user/data/topics/3880 577
@/home/ec2-user/data/topics/1627 578
@/home/ec2-user/data/topics/1225 579
@/home/ec2-user/data/topics/1190 580
@/home/ec2-user/data/topics/2219 581
@/home/ec2-user/data/topics/1064 582
@/home/ec2-user/data/topics/1806 583
@/home/ec2-user/data/topics/2201 584
@/home/ec2-user/data/topics/1106 585
@/home/ec2-user/data/topics/3548 586
@/home/ec2-user/data/topics/1670 587
@/home/ec2-user/data/topics/1775 588
@/home/ec2-user/data/topics/2090 589
@/home/ec2-user/data/topics/3687 590
@/home/ec2-user/data/topics/1663 591
@/home/ec2-user/data/topics/3837 592
@/home/ec2-user/data/topics/2182 593
@/home/ec2-user/data/topics/2043 594
@/home/ec2-user/data/topics/3394 595
@/home/ec2-user/data/topics/3484 596
@/home/ec2-user/data/topics/1668 597
@/home/ec2-user/data/topics/1610 598
@/home/ec2-user/data/topics/1478 599
@/home/ec2-user/data/topics/3523 600
@/home/ec2-user/data/topics/1095 601
@/home/ec2-user/data/topics/3555 602
@/home/ec2-user/data/topics/3750 603
@/home/ec2-user/data/topics/4265 604
@/home/ec2-user/data/topics/1691 605
@/home/ec2-user/data/topics/3775 606
@/home/ec2-user/data/topics/1282 607
@/home/ec2-user/data/topics/1436 608
@/home/ec2-user/data/topics/3472 609
@/home/ec2-user/data/topics/3574 610
@/home/ec2-user/data/topics/1669 611
@/home/ec2-user/data/topics/3713 612
@/home/ec2-user/data/topics/3474 613
@/home/ec2-user/data/topics/1774 614
@/home/ec2-user/data/topics/1878 615
@/home/ec2-user/data/topics/1976 616
@/home/ec2-user/data/topics/2200 617
@/home/ec2-user/data/topics/2189 618
@/home/ec2-user/data/topics/1593 619
@/home/ec2-user/data/topics/3411 620
@/home/ec2-user/data/topics/1755 621
@/home/ec2-user/data/topics/3759 622
@/home/ec2-user/data/topics/1514 623
@/home/ec2-user/data/topics/1776 624
@/home/ec2-user/data/topics/1482 625
@/home/ec2-user/data/topics/3633 626
@/home/ec2-user/data/topics/1433 627
@/home/ec2-user/data/topics/1083 628
@/home/ec2-user/data/topics/3446 629
独立行政法人産業技術総合研究所

@/home/ec2-user/data/topics/4777 630
@/home/ec2-user/data/topics/4740 630
@/home/ec2-user/data/topics/4739 631
@/home/ec2-user/data/topics/1356 632
@/home/ec2-user/data/topics/4800 633
@/home/ec2-user/data/topics/4869 634
ソニー株式会社

@/home/ec2-user/data/topics/1873 635
@/home/ec2-user/data/topics/2075 635
@/home/ec2-user/data/topics/2058 636
@/home/ec2-user/data/topics/1967 637
@/home/ec2-user/data/topics/1686 638
@/home/ec2-user/data/topics/1836 639
@/home/ec2-user/data/topics/5027 640
@/home/ec2-user/data/topics/2105 641
@/home/ec2-user/data/topics/2052 642
@/home/ec2-user/data/topics/1233 643
@/home/ec2-user/data/topics/2048 644
@/home/ec2-user/data/topics/3872 645
@/home/ec2-user/data/topics/3401 646
@/home/ec2-user/data/topics/1892 647
@/home/ec2-user/data/topics/4219 648
@/home/ec2-user/data/topics/1926 649
@/home/ec2-user/data/topics/2037 650
@/home/ec2-user/data/topics/4184 651
@/home/ec2-user/data/topics/1471 652
@/home/ec2-user/data/topics/1679 653
@/home/ec2-user/data/topics/1884 654
@/home/ec2-user/data/topics/3924 655
@/home/ec2-user/data/topics/1291 656
@/home/ec2-user/data/topics/2059 657
@/home/ec2-user/data/topics/1778 658
@/home/ec2-user/data/topics/3456 659
@/home/ec2-user/data/topics/4224 660
@/home/ec2-user/data/topics/1435 661
@/home/ec2-user/data/topics/1298 662
@/home/ec2-user/data/topics/3975 663
@/home/ec2-user/data/topics/1602 664
@/home/ec2-user/data/topics/1147 665
@/home/ec2-user/data/topics/1912 666
@/home/ec2-user/data/topics/1426 667
@/home/ec2-user/data/topics/3392 668
@/home/ec2-user/data/topics/1059 669
@/home/ec2-user/data/topics/1491 670
@/home/ec2-user/data/topics/3955 671
@/home/ec2-user/data/topics/1397 672
@/home/ec2-user/data/topics/1102 673
@/home/ec2-user/data/topics/4351 674
@/home/ec2-user/data/topics/1749 675
@/home/ec2-user/data/topics/2094 676
@/home/ec2-user/data/topics/1954 677
@/home/ec2-user/data/topics/1380 678
@/home/ec2-user/data/topics/1218 679
@/home/ec2-user/data/topics/1414 680
富士ゼロックス株式会社

@/home/ec2-user/data/topics/3366 681
@/home/ec2-user/data/topics/3564 681
@/home/ec2-user/data/topics/3790 682
@/home/ec2-user/data/topics/3473 683
@/home/ec2-user/data/topics/5031 684
@/home/ec2-user/data/topics/3383 685
@/home/ec2-user/data/topics/1560 686
@/home/ec2-user/data/topics/3640 687
@/home/ec2-user/data/topics/3662 688
@/home/ec2-user/data/topics/1947 689
@/home/ec2-user/data/topics/3661 690
@/home/ec2-user/data/topics/3695 691
@/home/ec2-user/data/topics/3782 692
@/home/ec2-user/data/topics/3407 693
@/home/ec2-user/data/topics/4108 694
住友金属工業株式会社

@/home/ec2-user/data/topics/4295 695
@/home/ec2-user/data/topics/3577 695
@/home/ec2-user/data/topics/4991 696
@/home/ec2-user/data/topics/3655 697
@/home/ec2-user/data/topics/1268 698
@/home/ec2-user/data/topics/4534 699
@/home/ec2-user/data/topics/4733 700
@/home/ec2-user/data/topics/3826 701
@/home/ec2-user/data/topics/4661 702
@/home/ec2-user/data/topics/4322 703
@/home/ec2-user/data/topics/4021 704
@/home/ec2-user/data/topics/4182 705
日立電線株式会社

@/home/ec2-user/data/topics/4356 706
@/home/ec2-user/data/topics/1117 706
@/home/ec2-user/data/topics/3930 707
@/home/ec2-user/data/topics/4329 708
@/home/ec2-user/data/topics/3756 709
@/home/ec2-user/data/topics/1388 710
@/home/ec2-user/data/topics/1305 711
@/home/ec2-user/data/topics/1027 712
@/home/ec2-user/data/topics/4357 713
キヤノン株式会社

@/home/ec2-user/data/topics/3730 714
@/home/ec2-user/data/topics/1631 714
@/home/ec2-user/data/topics/1568 715
@/home/ec2-user/data/topics/2231 716
@/home/ec2-user/data/topics/3376 717
@/home/ec2-user/data/topics/3722 718
@/home/ec2-user/data/topics/1847 719
@/home/ec2-user/data/topics/3656 720
@/home/ec2-user/data/topics/1080 721
@/home/ec2-user/data/topics/1519 722
@/home/ec2-user/data/topics/1848 723
@/home/ec2-user/data/topics/3967 724
@/home/ec2-user/data/topics/4610 725
@/home/ec2-user/data/topics/1646 726
@/home/ec2-user/data/topics/3434 727
@/home/ec2-user/data/topics/1961 728
@/home/ec2-user/data/topics/1118 729
@/home/ec2-user/data/topics/4020 730
@/home/ec2-user/data/topics/1208 731
@/home/ec2-user/data/topics/3628 732
@/home/ec2-user/data/topics/3958 733
@/home/ec2-user/data/topics/4521 734
@/home/ec2-user/data/topics/3374 735
@/home/ec2-user/data/topics/2107 736
@/home/ec2-user/data/topics/3660 737
@/home/ec2-user/data/topics/3642 738
@/home/ec2-user/data/topics/3416 739
@/home/ec2-user/data/topics/3417 740
@/home/ec2-user/data/topics/3737 741
@/home/ec2-user/data/topics/1513 742
@/home/ec2-user/data/topics/3843 743
@/home/ec2-user/data/topics/4350 744
@/home/ec2-user/data/topics/1228 745
@/home/ec2-user/data/topics/1895 746
@/home/ec2-user/data/topics/1975 747
@/home/ec2-user/data/topics/1124 748
@/home/ec2-user/data/topics/2145 749
@/home/ec2-user/data/topics/1455 750
@/home/ec2-user/data/topics/1438 751
@/home/ec2-user/data/topics/4628 752
@/home/ec2-user/data/topics/1216 753
@/home/ec2-user/data/topics/3454 754
@/home/ec2-user/data/topics/4068 755
@/home/ec2-user/data/topics/3755 756
@/home/ec2-user/data/topics/4054 757
@/home/ec2-user/data/topics/3415 758
@/home/ec2-user/data/topics/4948 759
@/home/ec2-user/data/topics/4947 760
@/home/ec2-user/data/topics/3441 761
@/home/ec2-user/data/topics/1802 762
@/home/ec2-user/data/topics/3438 763
@/home/ec2-user/data/topics/1745 764
@/home/ec2-user/data/topics/2053 765
@/home/ec2-user/data/topics/4363 766
@/home/ec2-user/data/topics/3430 767
@/home/ec2-user/data/topics/3445 768
@/home/ec2-user/data/topics/4937 769
@/home/ec2-user/data/topics/3410 770
@/home/ec2-user/data/topics/2004 771
@/home/ec2-user/data/topics/4520 772
@/home/ec2-user/data/topics/3852 773
@/home/ec2-user/data/topics/1790 774
@/home/ec2-user/data/topics/3720 775
@/home/ec2-user/data/topics/1744 776
@/home/ec2-user/data/topics/3996 777
@/home/ec2-user/data/topics/3420 778
@/home/ec2-user/data/topics/1539 779
@/home/ec2-user/data/topics/3949 780
@/home/ec2-user/data/topics/1866 781
@/home/ec2-user/data/topics/2117 782
@/home/ec2-user/data/topics/1889 783
@/home/ec2-user/data/topics/1590 784
@/home/ec2-user/data/topics/2243 785
三洋電機株式会社

@/home/ec2-user/data/topics/4066 786
@/home/ec2-user/data/topics/1488 786
@/home/ec2-user/data/topics/2194 787
@/home/ec2-user/data/topics/2063 788
@/home/ec2-user/data/topics/1671 789
@/home/ec2-user/data/topics/4527 790
@/home/ec2-user/data/topics/3681 791
@/home/ec2-user/data/topics/4328 792
@/home/ec2-user/data/topics/3491 793
@/home/ec2-user/data/topics/4983 794
@/home/ec2-user/data/topics/4604 795
@/home/ec2-user/data/topics/1653 796
@/home/ec2-user/data/topics/1451 797
@/home/ec2-user/data/topics/1722 798
@/home/ec2-user/data/topics/4763 799
@/home/ec2-user/data/topics/1515 800
@/home/ec2-user/data/topics/4099 801
@/home/ec2-user/data/topics/1321 802
@/home/ec2-user/data/topics/1479 803
@/home/ec2-user/data/topics/3539 804
@/home/ec2-user/data/topics/1386 805
@/home/ec2-user/data/topics/4039 806
@/home/ec2-user/data/topics/3625 807
@/home/ec2-user/data/topics/1289 808
@/home/ec2-user/data/topics/4612 809
@/home/ec2-user/data/topics/1652 810
@/home/ec2-user/data/topics/5002 811
@/home/ec2-user/data/topics/2014 812
@/home/ec2-user/data/topics/3754 813
@/home/ec2-user/data/topics/3708 814
@/home/ec2-user/data/topics/3817 815
@/home/ec2-user/data/topics/3889 816
@/home/ec2-user/data/topics/4726 817
@/home/ec2-user/data/topics/5011 818
@/home/ec2-user/data/topics/4376 819
@/home/ec2-user/data/topics/2054 820
@/home/ec2-user/data/topics/4150 821
@/home/ec2-user/data/topics/3974 822
@/home/ec2-user/data/topics/4001 823
@/home/ec2-user/data/topics/4178 824
@/home/ec2-user/data/topics/4474 825
@/home/ec2-user/data/topics/3906 826
@/home/ec2-user/data/topics/4788 827
@/home/ec2-user/data/topics/4837 828
@/home/ec2-user/data/topics/1079 829
@/home/ec2-user/data/topics/2098 830
@/home/ec2-user/data/topics/3492 831
@/home/ec2-user/data/topics/3845 832
@/home/ec2-user/data/topics/2071 833
@/home/ec2-user/data/topics/3926 834
@/home/ec2-user/data/topics/3830 835
@/home/ec2-user/data/topics/4212 836
@/home/ec2-user/data/topics/3804 837
@/home/ec2-user/data/topics/4015 838
@/home/ec2-user/data/topics/3953 839
@/home/ec2-user/data/topics/4978 840
@/home/ec2-user/data/topics/3859 841
@/home/ec2-user/data/topics/4720 842
@/home/ec2-user/data/topics/3986 843
@/home/ec2-user/data/topics/1163 844
@/home/ec2-user/data/topics/4384 845
@/home/ec2-user/data/topics/3808 846
@/home/ec2-user/data/topics/1246 847
@/home/ec2-user/data/topics/3398 848
@/home/ec2-user/data/topics/3403 849
@/home/ec2-user/data/topics/4061 850
@/home/ec2-user/data/topics/4060 851
@/home/ec2-user/data/topics/4654 852
@/home/ec2-user/data/topics/3781 853
@/home/ec2-user/data/topics/2230 854
@/home/ec2-user/data/topics/4301 855
@/home/ec2-user/data/topics/4304 856
@/home/ec2-user/data/topics/4960 857
@/home/ec2-user/data/topics/3581 858
@/home/ec2-user/data/topics/4492 859
@/home/ec2-user/data/topics/1980 860
@/home/ec2-user/data/topics/4179 861
@/home/ec2-user/data/topics/4571 862
@/home/ec2-user/data/topics/4679 863
三菱電機株式会社

@/home/ec2-user/data/topics/3921 864
@/home/ec2-user/data/topics/3612 864
@/home/ec2-user/data/topics/5032 865
@/home/ec2-user/data/topics/3469 866
@/home/ec2-user/data/topics/3856 867
@/home/ec2-user/data/topics/3465 868
@/home/ec2-user/data/topics/1872 869
@/home/ec2-user/data/topics/4133 870
@/home/ec2-user/data/topics/4149 871
@/home/ec2-user/data/topics/3466 872
@/home/ec2-user/data/topics/3592 873
@/home/ec2-user/data/topics/3453 874
@/home/ec2-user/data/topics/3595 875
@/home/ec2-user/data/topics/1754 876
@/home/ec2-user/data/topics/4076 877
@/home/ec2-user/data/topics/4041 878
@/home/ec2-user/data/topics/4880 879
@/home/ec2-user/data/topics/4235 880
@/home/ec2-user/data/topics/4663 881
@/home/ec2-user/data/topics/4221 882
@/home/ec2-user/data/topics/3397 883
@/home/ec2-user/data/topics/3800 884
@/home/ec2-user/data/topics/4518 885
@/home/ec2-user/data/topics/4834 886
@/home/ec2-user/data/topics/3409 887
@/home/ec2-user/data/topics/4980 888
@/home/ec2-user/data/topics/3873 889
@/home/ec2-user/data/topics/2146 890
@/home/ec2-user/data/topics/3493 891
@/home/ec2-user/data/topics/3747 892
@/home/ec2-user/data/topics/4047 893
@/home/ec2-user/data/topics/4305 894
@/home/ec2-user/data/topics/3963 895
@/home/ec2-user/data/topics/3820 896
@/home/ec2-user/data/topics/1792 897
@/home/ec2-user/data/topics/1220 898
@/home/ec2-user/data/topics/4514 899
@/home/ec2-user/data/topics/3616 900
@/home/ec2-user/data/topics/4233 901
@/home/ec2-user/data/topics/3412 902
@/home/ec2-user/data/topics/3451 903
@/home/ec2-user/data/topics/4419 904
@/home/ec2-user/data/topics/3506 905
@/home/ec2-user/data/topics/4562 906
@/home/ec2-user/data/topics/4220 907
@/home/ec2-user/data/topics/4614 908
@/home/ec2-user/data/topics/3666 909
@/home/ec2-user/data/topics/5033 910
@/home/ec2-user/data/topics/4181 911
@/home/ec2-user/data/topics/1110 912
@/home/ec2-user/data/topics/3841 913
@/home/ec2-user/data/topics/3490 914
@/home/ec2-user/data/topics/4552 915
@/home/ec2-user/data/topics/1536 916
@/home/ec2-user/data/topics/3609 917
@/home/ec2-user/data/topics/1738 918
@/home/ec2-user/data/topics/4282 919
@/home/ec2-user/data/topics/3774 920
住友ゴム工業株式会社

@/home/ec2-user/data/topics/4406 921
@/home/ec2-user/data/topics/1758 921
@/home/ec2-user/data/topics/1114 922
@/home/ec2-user/data/topics/4597 923
@/home/ec2-user/data/topics/4568 924
@/home/ec2-user/data/topics/2007 925
@/home/ec2-user/data/topics/4048 926
セイコーエプソン株式会社

@/home/ec2-user/data/topics/4386 927
@/home/ec2-user/data/topics/3361 927
@/home/ec2-user/data/topics/4719 928
@/home/ec2-user/data/topics/4802 929
@/home/ec2-user/data/topics/1378 930
@/home/ec2-user/data/topics/3887 931
@/home/ec2-user/data/topics/1938 932
@/home/ec2-user/data/topics/3819 933
@/home/ec2-user/data/topics/1890 934
@/home/ec2-user/data/topics/1423 935
@/home/ec2-user/data/topics/3985 936
@/home/ec2-user/data/topics/4454 937
@/home/ec2-user/data/topics/1343 938
@/home/ec2-user/data/topics/3505 939
@/home/ec2-user/data/topics/3589 940
@/home/ec2-user/data/topics/4109 941
@/home/ec2-user/data/topics/4605 942
@/home/ec2-user/data/topics/3476 943
@/home/ec2-user/data/topics/2165 944
@/home/ec2-user/data/topics/1641 945
@/home/ec2-user/data/topics/1484 946
@/home/ec2-user/data/topics/3910 947
@/home/ec2-user/data/topics/2078 948
@/home/ec2-user/data/topics/4022 949
@/home/ec2-user/data/topics/4801 950
@/home/ec2-user/data/topics/4585 951
株式会社三共

@/home/ec2-user/data/topics/2123 952
@/home/ec2-user/data/topics/4868 952
@/home/ec2-user/data/topics/1086 953
@/home/ec2-user/data/topics/1665 954
@/home/ec2-user/data/topics/2060 955
@/home/ec2-user/data/topics/1648 956
@/home/ec2-user/data/topics/4374 957
@/home/ec2-user/data/topics/1189 958
@/home/ec2-user/data/topics/1377 959
沖電気工業株式会社

@/home/ec2-user/data/topics/4693 960
@/home/ec2-user/data/topics/4299 960
@/home/ec2-user/data/topics/1188 961
@/home/ec2-user/data/topics/3964 962
@/home/ec2-user/data/topics/3621 963
@/home/ec2-user/data/topics/3764 964
@/home/ec2-user/data/topics/3433 965
@/home/ec2-user/data/topics/3395 966
@/home/ec2-user/data/topics/4575 967
@/home/ec2-user/data/topics/1531 968
@/home/ec2-user/data/topics/3457 969
@/home/ec2-user/data/topics/3690 970
@/home/ec2-user/data/topics/3571 971
@/home/ec2-user/data/topics/4308 972
株式会社三星

@/home/ec2-user/data/topics/1260 973
@/home/ec2-user/data/topics/2198 973
@/home/ec2-user/data/topics/1733 974
@/home/ec2-user/data/topics/1728 975
@/home/ec2-user/data/topics/3942 976
@/home/ec2-user/data/topics/2108 977
日本ビクター株式会社

@/home/ec2-user/data/topics/1520 978
@/home/ec2-user/data/topics/3939 978
@/home/ec2-user/data/topics/4056 979
@/home/ec2-user/data/topics/3620 980
@/home/ec2-user/data/topics/4123 981
@/home/ec2-user/data/topics/1823 982
@/home/ec2-user/data/topics/3603 983
@/home/ec2-user/data/topics/1389 984
@/home/ec2-user/data/topics/4672 985
@/home/ec2-user/data/topics/3882 986
@/home/ec2-user/data/topics/1440 987
花王株式会社

@/home/ec2-user/data/topics/3753 988
@/home/ec2-user/data/topics/4211 988
@/home/ec2-user/data/topics/4287 989
@/home/ec2-user/data/topics/3884 990
@/home/ec2-user/data/topics/1196 991
@/home/ec2-user/data/topics/2214 992
@/home/ec2-user/data/topics/4827 993
@/home/ec2-user/data/topics/1022 994
@/home/ec2-user/data/topics/1767 995
@/home/ec2-user/data/topics/3999 996
@/home/ec2-user/data/topics/4249 997
@/home/ec2-user/data/topics/3812 998
@/home/ec2-user/data/topics/4445 999
三田工業株式会社

@/home/ec2-user/data/topics/1269 1000
@/home/ec2-user/data/topics/1766 1000
@/home/ec2-user/data/topics/2155 1001
@/home/ec2-user/data/topics/3604 1002
@/home/ec2-user/data/topics/1033 1003
@/home/ec2-user/data/topics/3923 1004
@/home/ec2-user/data/topics/1034 1005
@/home/ec2-user/data/topics/2136 1006
@/home/ec2-user/data/topics/3842 1007
豊丸産業株式会社

@/home/ec2-user/data/topics/1284 1008
@/home/ec2-user/data/topics/4847 1008
@/home/ec2-user/data/topics/3672 1009
@/home/ec2-user/data/topics/1726 1010
@/home/ec2-user/data/topics/1401 1011
@/home/ec2-user/data/topics/1588 1012
@/home/ec2-user/data/topics/1126 1013
@/home/ec2-user/data/topics/2169 1014
@/home/ec2-user/data/topics/1097 1015
@/home/ec2-user/data/topics/2011 1016
@/home/ec2-user/data/topics/1713 1017
@/home/ec2-user/data/topics/1353 1018
@/home/ec2-user/data/topics/1138 1019
@/home/ec2-user/data/topics/1914 1020
@/home/ec2-user/data/topics/1677 1021
鐘紡株式会社

@/home/ec2-user/data/topics/4195 1022
@/home/ec2-user/data/topics/1842 1022
@/home/ec2-user/data/topics/3551 1023
@/home/ec2-user/data/topics/1870 1024
@/home/ec2-user/data/topics/2185 1025
@/home/ec2-user/data/topics/1886 1026
@/home/ec2-user/data/topics/2223 1027
@/home/ec2-user/data/topics/1054 1028
@/home/ec2-user/data/topics/1367 1029
@/home/ec2-user/data/topics/2034 1030
@/home/ec2-user/data/topics/3560 1031
@/home/ec2-user/data/topics/1178 1032
@/home/ec2-user/data/topics/3634 1033
@/home/ec2-user/data/topics/1304 1034
@/home/ec2-user/data/topics/1901 1035
@/home/ec2-user/data/topics/3566 1036
株式会社デンソー

@/home/ec2-user/data/topics/4164 1037
@/home/ec2-user/data/topics/4805 1037
@/home/ec2-user/data/topics/1028 1038
@/home/ec2-user/data/topics/4423 1039
@/home/ec2-user/data/topics/3406 1040
@/home/ec2-user/data/topics/4024 1041
@/home/ec2-user/data/topics/3480 1042
@/home/ec2-user/data/topics/1855 1043
@/home/ec2-user/data/topics/3710 1044
@/home/ec2-user/data/topics/4046 1045
@/home/ec2-user/data/topics/3421 1046
@/home/ec2-user/data/topics/4675 1047
@/home/ec2-user/data/topics/4840 1048
@/home/ec2-user/data/topics/4498 1049
@/home/ec2-user/data/topics/4656 1050
@/home/ec2-user/data/topics/4483 1051
@/home/ec2-user/data/topics/4622 1052
富士写真フイルム株式会社

@/home/ec2-user/data/topics/2134 1053
@/home/ec2-user/data/topics/3354 1053
@/home/ec2-user/data/topics/3857 1054
@/home/ec2-user/data/topics/3918 1055
@/home/ec2-user/data/topics/4962 1056
@/home/ec2-user/data/topics/1570 1057
@/home/ec2-user/data/topics/1603 1058
@/home/ec2-user/data/topics/3911 1059
@/home/ec2-user/data/topics/1244 1060
@/home/ec2-user/data/topics/3447 1061
@/home/ec2-user/data/topics/1662 1062
京セラ株式会社

@/home/ec2-user/data/topics/4901 1063
@/home/ec2-user/data/topics/3869 1063
@/home/ec2-user/data/topics/3615 1064
@/home/ec2-user/data/topics/4031 1065
@/home/ec2-user/data/topics/1913 1066
@/home/ec2-user/data/topics/1485 1067
@/home/ec2-user/data/topics/3741 1068
@/home/ec2-user/data/topics/1741 1069
@/home/ec2-user/data/topics/4513 1070
@/home/ec2-user/data/topics/1708 1071
@/home/ec2-user/data/topics/3593 1072
@/home/ec2-user/data/topics/4340 1073
イビデン株式会社

@/home/ec2-user/data/topics/1336 1074
@/home/ec2-user/data/topics/3814 1074
@/home/ec2-user/data/topics/2033 1075
@/home/ec2-user/data/topics/1315 1076
@/home/ec2-user/data/topics/1682 1077
@/home/ec2-user/data/topics/1770 1078
@/home/ec2-user/data/topics/1952 1079
株式会社東芝

@/home/ec2-user/data/topics/3688 1080
@/home/ec2-user/data/topics/4140 1080
@/home/ec2-user/data/topics/3732 1081
@/home/ec2-user/data/topics/1585 1082
@/home/ec2-user/data/topics/1205 1083
@/home/ec2-user/data/topics/4302 1084
@/home/ec2-user/data/topics/3780 1085
@/home/ec2-user/data/topics/3380 1086
@/home/ec2-user/data/topics/3618 1087
@/home/ec2-user/data/topics/4594 1088
@/home/ec2-user/data/topics/3834 1089
@/home/ec2-user/data/topics/3542 1090
@/home/ec2-user/data/topics/4509 1091
@/home/ec2-user/data/topics/4881 1092
@/home/ec2-user/data/topics/4751 1093
@/home/ec2-user/data/topics/4197 1094
@/home/ec2-user/data/topics/1332 1095
@/home/ec2-user/data/topics/3360 1096
@/home/ec2-user/data/topics/3689 1097
@/home/ec2-user/data/topics/4292 1098
@/home/ec2-user/data/topics/3716 1099
@/home/ec2-user/data/topics/4165 1100
@/home/ec2-user/data/topics/4863 1101
@/home/ec2-user/data/topics/4089 1102
@/home/ec2-user/data/topics/4535 1103
@/home/ec2-user/data/topics/1132 1104
@/home/ec2-user/data/topics/3734 1105
@/home/ec2-user/data/topics/4172 1106
@/home/ec2-user/data/topics/4755 1107
@/home/ec2-user/data/topics/4361 1108
@/home/ec2-user/data/topics/3890 1109
@/home/ec2-user/data/topics/4057 1110
@/home/ec2-user/data/topics/1997 1111
@/home/ec2-user/data/topics/3990 1112
@/home/ec2-user/data/topics/3683 1113
@/home/ec2-user/data/topics/4842 1114
@/home/ec2-user/data/topics/3795 1115
@/home/ec2-user/data/topics/3352 1116
@/home/ec2-user/data/topics/4009 1117
@/home/ec2-user/data/topics/1756 1118
@/home/ec2-user/data/topics/3988 1119
@/home/ec2-user/data/topics/1819 1120
@/home/ec2-user/data/topics/4623 1121
@/home/ec2-user/data/topics/3462 1122
@/home/ec2-user/data/topics/3598 1123
@/home/ec2-user/data/topics/4096 1124
@/home/ec2-user/data/topics/4631 1125
@/home/ec2-user/data/topics/1090 1126
@/home/ec2-user/data/topics/4566 1127
@/home/ec2-user/data/topics/3881 1128
@/home/ec2-user/data/topics/3948 1129
@/home/ec2-user/data/topics/4381 1130
@/home/ec2-user/data/topics/3363 1131
@/home/ec2-user/data/topics/4336 1132
@/home/ec2-user/data/topics/2241 1133
@/home/ec2-user/data/topics/1757 1134
@/home/ec2-user/data/topics/4912 1135
@/home/ec2-user/data/topics/4183 1136
@/home/ec2-user/data/topics/3351 1137
@/home/ec2-user/data/topics/4935 1138
@/home/ec2-user/data/topics/3851 1139
ヤマハ株式会社

@/home/ec2-user/data/topics/4954 1140
@/home/ec2-user/data/topics/1720 1140
@/home/ec2-user/data/topics/1443 1141
@/home/ec2-user/data/topics/4125 1142
@/home/ec2-user/data/topics/3972 1143
@/home/ec2-user/data/topics/4919 1144
@/home/ec2-user/data/topics/4010 1145
@/home/ec2-user/data/topics/4045 1146
@/home/ec2-user/data/topics/1676 1147
@/home/ec2-user/data/topics/4145 1148
@/home/ec2-user/data/topics/4177 1149
@/home/ec2-user/data/topics/1911 1150
@/home/ec2-user/data/topics/4084 1151
東洋紡績株式会社

@/home/ec2-user/data/topics/1613 1152
@/home/ec2-user/data/topics/4366 1152
@/home/ec2-user/data/topics/4284 1153
@/home/ec2-user/data/topics/1029 1154
@/home/ec2-user/data/topics/4362 1155
@/home/ec2-user/data/topics/3769 1156
三菱化学株式会社

@/home/ec2-user/data/topics/3638 1157
@/home/ec2-user/data/topics/3458 1157
@/home/ec2-user/data/topics/3513 1158
@/home/ec2-user/data/topics/1197 1159
@/home/ec2-user/data/topics/1902 1160
@/home/ec2-user/data/topics/1699 1161
カシオ計算機株式会社

@/home/ec2-user/data/topics/2180 1162
@/home/ec2-user/data/topics/1794 1162
@/home/ec2-user/data/topics/3391 1163
@/home/ec2-user/data/topics/1235 1164
@/home/ec2-user/data/topics/1535 1165
@/home/ec2-user/data/topics/2237 1166
@/home/ec2-user/data/topics/1047 1167
@/home/ec2-user/data/topics/1368 1168
コナミ株式会社

@/home/ec2-user/data/topics/2100 1169
@/home/ec2-user/data/topics/4681 1169
@/home/ec2-user/data/topics/5015 1170
@/home/ec2-user/data/topics/2151 1171
@/home/ec2-user/data/topics/4602 1172
@/home/ec2-user/data/topics/1302 1173
@/home/ec2-user/data/topics/1621 1174
@/home/ec2-user/data/topics/1672 1175
大日本スクリーン製造株式会社

@/home/ec2-user/data/topics/1130 1176
@/home/ec2-user/data/topics/1608 1176
@/home/ec2-user/data/topics/2172 1177
@/home/ec2-user/data/topics/2209 1178
@/home/ec2-user/data/topics/1173 1179
@/home/ec2-user/data/topics/3742 1180
@/home/ec2-user/data/topics/1779 1181
オムロン株式会社

@/home/ec2-user/data/topics/4771 1182
@/home/ec2-user/data/topics/1533 1182
@/home/ec2-user/data/topics/3597 1183
@/home/ec2-user/data/topics/1933 1184
@/home/ec2-user/data/topics/3863 1185
@/home/ec2-user/data/topics/1657 1186
@/home/ec2-user/data/topics/1579 1187
@/home/ec2-user/data/topics/1135 1188
@/home/ec2-user/data/topics/3594 1189
@/home/ec2-user/data/topics/3748 1190
@/home/ec2-user/data/topics/3700 1191
@/home/ec2-user/data/topics/2096 1192
@/home/ec2-user/data/topics/1841 1193
@/home/ec2-user/data/topics/1151 1194
@/home/ec2-user/data/topics/1067 1195
株式会社日立製作所

@/home/ec2-user/data/topics/1501 1196
@/home/ec2-user/data/topics/4040 1196
@/home/ec2-user/data/topics/3439 1197
@/home/ec2-user/data/topics/2019 1198
@/home/ec2-user/data/topics/4058 1199
@/home/ec2-user/data/topics/4122 1200
@/home/ec2-user/data/topics/1825 1201
@/home/ec2-user/data/topics/3350 1202
@/home/ec2-user/data/topics/1296 1203
@/home/ec2-user/data/topics/3596 1204
@/home/ec2-user/data/topics/1693 1205
@/home/ec2-user/data/topics/4420 1206
@/home/ec2-user/data/topics/3965 1207
@/home/ec2-user/data/topics/1882 1208
@/home/ec2-user/data/topics/4830 1209
@/home/ec2-user/data/topics/2081 1210
@/home/ec2-user/data/topics/1826 1211
@/home/ec2-user/data/topics/5030 1212
@/home/ec2-user/data/topics/3432 1213
@/home/ec2-user/data/topics/3659 1214
@/home/ec2-user/data/topics/1340 1215
@/home/ec2-user/data/topics/1833 1216
@/home/ec2-user/data/topics/1640 1217
@/home/ec2-user/data/topics/3488 1218
@/home/ec2-user/data/topics/3588 1219
@/home/ec2-user/data/topics/3994 1220
@/home/ec2-user/data/topics/4166 1221
@/home/ec2-user/data/topics/1072 1222
@/home/ec2-user/data/topics/4990 1223
@/home/ec2-user/data/topics/1667 1224
@/home/ec2-user/data/topics/4402 1225
@/home/ec2-user/data/topics/1880 1226
@/home/ec2-user/data/topics/3706 1227
@/home/ec2-user/data/topics/1487 1228
@/home/ec2-user/data/topics/3384 1229
@/home/ec2-user/data/topics/1278 1230
@/home/ec2-user/data/topics/2239 1231
@/home/ec2-user/data/topics/3531 1232
@/home/ec2-user/data/topics/3648 1233
@/home/ec2-user/data/topics/3524 1234
@/home/ec2-user/data/topics/1247 1235
@/home/ec2-user/data/topics/1249 1236
@/home/ec2-user/data/topics/4401 1237
@/home/ec2-user/data/topics/4551 1238
@/home/ec2-user/data/topics/3570 1239
@/home/ec2-user/data/topics/3665 1240
@/home/ec2-user/data/topics/1987 1241
@/home/ec2-user/data/topics/4799 1242
@/home/ec2-user/data/topics/3779 1243
@/home/ec2-user/data/topics/2184 1244
@/home/ec2-user/data/topics/1105 1245
@/home/ec2-user/data/topics/3461 1246
@/home/ec2-user/data/topics/3973 1247
@/home/ec2-user/data/topics/3993 1248
@/home/ec2-user/data/topics/3822 1249
@/home/ec2-user/data/topics/4493 1250
@/home/ec2-user/data/topics/5029 1251
@/home/ec2-user/data/topics/3471 1252
@/home/ec2-user/data/topics/1651 1253
@/home/ec2-user/data/topics/4943 1254
@/home/ec2-user/data/topics/1334 1255
@/home/ec2-user/data/topics/3599 1256
@/home/ec2-user/data/topics/4621 1257
@/home/ec2-user/data/topics/4559 1258
@/home/ec2-user/data/topics/4489 1259
@/home/ec2-user/data/topics/4547 1260
@/home/ec2-user/data/topics/1463 1261
@/home/ec2-user/data/topics/4545 1262
@/home/ec2-user/data/topics/3440 1263
@/home/ec2-user/data/topics/1562 1264
@/home/ec2-user/data/topics/3968 1265
@/home/ec2-user/data/topics/3772 1266
@/home/ec2-user/data/topics/1082 1267
@/home/ec2-user/data/topics/3691 1268
凸版印刷株式会社

@/home/ec2-user/data/topics/4874 1269
@/home/ec2-user/data/topics/1977 1269
@/home/ec2-user/data/topics/3526 1270
@/home/ec2-user/data/topics/1765 1271
@/home/ec2-user/data/topics/1091 1272
@/home/ec2-user/data/topics/3624 1273
@/home/ec2-user/data/topics/3500 1274
株式会社ノーリツ

@/home/ec2-user/data/topics/4776 1275
@/home/ec2-user/data/topics/1290 1275
@/home/ec2-user/data/topics/1760 1276
@/home/ec2-user/data/topics/4354 1277
@/home/ec2-user/data/topics/1618 1278
@/home/ec2-user/data/topics/4206 1279
@/home/ec2-user/data/topics/1598 1280
@/home/ec2-user/data/topics/2116 1281
川崎重工業株式会社

@/home/ec2-user/data/topics/4756 1282
@/home/ec2-user/data/topics/1162 1282
@/home/ec2-user/data/topics/1172 1283
@/home/ec2-user/data/topics/4793 1284
@/home/ec2-user/data/topics/4572 1285
@/home/ec2-user/data/topics/4944 1286
@/home/ec2-user/data/topics/5025 1287
@/home/ec2-user/data/topics/4866 1288
ティーディーケイ株式会社

@/home/ec2-user/data/topics/2202 1289
@/home/ec2-user/data/topics/4619 1289
@/home/ec2-user/data/topics/1409 1290
@/home/ec2-user/data/topics/2210 1291
@/home/ec2-user/data/topics/3798 1292
@/home/ec2-user/data/topics/3909 1293
@/home/ec2-user/data/topics/1129 1294
@/home/ec2-user/data/topics/1510 1295
@/home/ec2-user/data/topics/3792 1296
京セラミタ株式会社

@/home/ec2-user/data/topics/4973 1297
@/home/ec2-user/data/topics/4174 1297
@/home/ec2-user/data/topics/2141 1298
@/home/ec2-user/data/topics/1032 1299
@/home/ec2-user/data/topics/4985 1300
@/home/ec2-user/data/topics/1930 1301
@/home/ec2-user/data/topics/4564 1302
株式会社クボタ

@/home/ec2-user/data/topics/4251 1303
@/home/ec2-user/data/topics/1734 1303
@/home/ec2-user/data/topics/1448 1304
@/home/ec2-user/data/topics/4745 1305
@/home/ec2-user/data/topics/1280 1306
@/home/ec2-user/data/topics/3854 1307
@/home/ec2-user/data/topics/4379 1308
@/home/ec2-user/data/topics/3919 1309
@/home/ec2-user/data/topics/3823 1310
@/home/ec2-user/data/topics/1012 1311
シャープ株式会社

@/home/ec2-user/data/topics/3978 1312
@/home/ec2-user/data/topics/1396 1312
@/home/ec2-user/data/topics/3678 1313
@/home/ec2-user/data/topics/1970 1314
@/home/ec2-user/data/topics/1840 1315
@/home/ec2-user/data/topics/3776 1316
@/home/ec2-user/data/topics/1965 1317
@/home/ec2-user/data/topics/4103 1318
@/home/ec2-user/data/topics/4349 1319
@/home/ec2-user/data/topics/4252 1320
@/home/ec2-user/data/topics/4019 1321
@/home/ec2-user/data/topics/3673 1322
@/home/ec2-user/data/topics/4430 1323
@/home/ec2-user/data/topics/3871 1324
@/home/ec2-user/data/topics/3966 1325
@/home/ec2-user/data/topics/3698 1326
@/home/ec2-user/data/topics/4516 1327
@/home/ec2-user/data/topics/4256 1328
@/home/ec2-user/data/topics/1349 1329
@/home/ec2-user/data/topics/4648 1330
@/home/ec2-user/data/topics/3813 1331
@/home/ec2-user/data/topics/4683 1332
@/home/ec2-user/data/topics/1804 1333
@/home/ec2-user/data/topics/4469 1334
@/home/ec2-user/data/topics/3679 1335
@/home/ec2-user/data/topics/3895 1336
@/home/ec2-user/data/topics/3760 1337
@/home/ec2-user/data/topics/1154 1338
@/home/ec2-user/data/topics/3422 1339
@/home/ec2-user/data/topics/3606 1340
@/home/ec2-user/data/topics/4228 1341
@/home/ec2-user/data/topics/1384 1342
@/home/ec2-user/data/topics/4095 1343
@/home/ec2-user/data/topics/3858 1344
@/home/ec2-user/data/topics/4263 1345
@/home/ec2-user/data/topics/4124 1346
@/home/ec2-user/data/topics/4691 1347
@/home/ec2-user/data/topics/3957 1348
@/home/ec2-user/data/topics/3832 1349
@/home/ec2-user/data/topics/1563 1350
@/home/ec2-user/data/topics/1561 1351
@/home/ec2-user/data/topics/3777 1352
@/home/ec2-user/data/topics/1209 1353
@/home/ec2-user/data/topics/1174 1354
@/home/ec2-user/data/topics/4245 1355
@/home/ec2-user/data/topics/2020 1356
@/home/ec2-user/data/topics/4861 1357
@/home/ec2-user/data/topics/1431 1358
@/home/ec2-user/data/topics/2087 1359
@/home/ec2-user/data/topics/1288 1360
@/home/ec2-user/data/topics/4717 1361
@/home/ec2-user/data/topics/3762 1362
@/home/ec2-user/data/topics/3452 1363
@/home/ec2-user/data/topics/4323 1364
@/home/ec2-user/data/topics/1258 1365
@/home/ec2-user/data/topics/2118 1366
@/home/ec2-user/data/topics/3855 1367
@/home/ec2-user/data/topics/4214 1368
@/home/ec2-user/data/topics/3578 1369
@/home/ec2-user/data/topics/4113 1370
@/home/ec2-user/data/topics/3981 1371
@/home/ec2-user/data/topics/4519 1372
@/home/ec2-user/data/topics/3450 1373
@/home/ec2-user/data/topics/4005 1374
@/home/ec2-user/data/topics/4105 1375
@/home/ec2-user/data/topics/1685 1376
@/home/ec2-user/data/topics/3537 1377
@/home/ec2-user/data/topics/1318 1378
@/home/ec2-user/data/topics/1419 1379
@/home/ec2-user/data/topics/4173 1380
@/home/ec2-user/data/topics/4230 1381
@/home/ec2-user/data/topics/4583 1382
@/home/ec2-user/data/topics/3793 1383
@/home/ec2-user/data/topics/3649 1384
@/home/ec2-user/data/topics/4782 1385
@/home/ec2-user/data/topics/2084 1386
@/home/ec2-user/data/topics/3610 1387
@/home/ec2-user/data/topics/3941 1388
@/home/ec2-user/data/topics/4127 1389
@/home/ec2-user/data/topics/4152 1390
@/home/ec2-user/data/topics/4744 1391
日本輸送機株式会社

@/home/ec2-user/data/topics/1940 1392
@/home/ec2-user/data/topics/2221 1392
@/home/ec2-user/data/topics/1456 1393
@/home/ec2-user/data/topics/1191 1394
@/home/ec2-user/data/topics/2065 1395
@/home/ec2-user/data/topics/1108 1396
@/home/ec2-user/data/topics/1493 1397
@/home/ec2-user/data/topics/3573 1398
東京エレクトロン株式会社

@/home/ec2-user/data/topics/4345 1399
@/home/ec2-user/data/topics/4053 1399
@/home/ec2-user/data/topics/1263 1400
@/home/ec2-user/data/topics/1800 1401
@/home/ec2-user/data/topics/4618 1402
@/home/ec2-user/data/topics/1736 1403
@/home/ec2-user/data/topics/4002 1404
@/home/ec2-user/data/topics/4023 1405
@/home/ec2-user/data/topics/1508 1406
@/home/ec2-user/data/topics/4906 1407
@/home/ec2-user/data/topics/4702 1408
@/home/ec2-user/data/topics/3947 1409
株式会社村田製作所

@/home/ec2-user/data/topics/4432 1410
@/home/ec2-user/data/topics/4271 1410
@/home/ec2-user/data/topics/4795 1411
@/home/ec2-user/data/topics/4325 1412
@/home/ec2-user/data/topics/3885 1413
@/home/ec2-user/data/topics/4703 1414
@/home/ec2-user/data/topics/4042 1415
@/home/ec2-user/data/topics/4378 1416
@/home/ec2-user/data/topics/1374 1417
@/home/ec2-user/data/topics/3697 1418
@/home/ec2-user/data/topics/2229 1419
@/home/ec2-user/data/topics/4417 1420
@/home/ec2-user/data/topics/3482 1421
@/home/ec2-user/data/topics/4070 1422
@/home/ec2-user/data/topics/3435 1423
@/home/ec2-user/data/topics/1411 1424
@/home/ec2-user/data/topics/4163 1425
日本電信電話株式会社

@/home/ec2-user/data/topics/3785 1426
@/home/ec2-user/data/topics/1229 1426
@/home/ec2-user/data/topics/3359 1427
@/home/ec2-user/data/topics/4175 1428
@/home/ec2-user/data/topics/3586 1429
@/home/ec2-user/data/topics/1556 1430
@/home/ec2-user/data/topics/4870 1431
@/home/ec2-user/data/topics/2017 1432
@/home/ec2-user/data/topics/3521 1433
@/home/ec2-user/data/topics/4146 1434
@/home/ec2-user/data/topics/4121 1435
@/home/ec2-user/data/topics/3641 1436
@/home/ec2-user/data/topics/4792 1437
@/home/ec2-user/data/topics/4836 1438
@/home/ec2-user/data/topics/3915 1439
@/home/ec2-user/data/topics/4511 1440
@/home/ec2-user/data/topics/1809 1441
@/home/ec2-user/data/topics/4025 1442
@/home/ec2-user/data/topics/1934 1443
@/home/ec2-user/data/topics/1230 1444
@/home/ec2-user/data/topics/1408 1445
@/home/ec2-user/data/topics/4114 1446
@/home/ec2-user/data/topics/1787 1447
@/home/ec2-user/data/topics/3824 1448
@/home/ec2-user/data/topics/3650 1449
@/home/ec2-user/data/topics/3811 1450
@/home/ec2-user/data/topics/3927 1451
@/home/ec2-user/data/topics/3894 1452
@/home/ec2-user/data/topics/4560 1453
@/home/ec2-user/data/topics/4335 1454
@/home/ec2-user/data/topics/3928 1455
@/home/ec2-user/data/topics/4488 1456
@/home/ec2-user/data/topics/4865 1457
@/home/ec2-user/data/topics/4925 1458
@/home/ec2-user/data/topics/4505 1459
@/home/ec2-user/data/topics/4443 1460
@/home/ec2-user/data/topics/3536 1461
@/home/ec2-user/data/topics/2130 1462
@/home/ec2-user/data/topics/4664 1463
@/home/ec2-user/data/topics/4131 1464
@/home/ec2-user/data/topics/4232 1465
@/home/ec2-user/data/topics/4087 1466
@/home/ec2-user/data/topics/4208 1467
@/home/ec2-user/data/topics/4964 1468
@/home/ec2-user/data/topics/4952 1469
@/home/ec2-user/data/topics/4115 1470
@/home/ec2-user/data/topics/3568 1471
@/home/ec2-user/data/topics/4118 1472
@/home/ec2-user/data/topics/3544 1473
@/home/ec2-user/data/topics/3425 1474
@/home/ec2-user/data/topics/3509 1475
@/home/ec2-user/data/topics/1042 1476
@/home/ec2-user/data/topics/4965 1477
@/home/ec2-user/data/topics/4916 1478
@/home/ec2-user/data/topics/4104 1479
@/home/ec2-user/data/topics/3552 1480
日本鋼管株式会社

@/home/ec2-user/data/topics/4161 1481
@/home/ec2-user/data/topics/2095 1481
@/home/ec2-user/data/topics/4455 1482
@/home/ec2-user/data/topics/1690 1483
@/home/ec2-user/data/topics/3572 1484
@/home/ec2-user/data/topics/4289 1485
@/home/ec2-user/data/topics/1404 1486
株式会社神戸製鋼所

@/home/ec2-user/data/topics/3632 1487
@/home/ec2-user/data/topics/2064 1487
@/home/ec2-user/data/topics/1465 1488
@/home/ec2-user/data/topics/3902 1489
@/home/ec2-user/data/topics/3674 1490
@/home/ec2-user/data/topics/4949 1491
@/home/ec2-user/data/topics/3475 1492
株式会社ケンウッド

@/home/ec2-user/data/topics/3801 1493
@/home/ec2-user/data/topics/3839 1493
@/home/ec2-user/data/topics/1617 1494
@/home/ec2-user/data/topics/3463 1495
@/home/ec2-user/data/topics/4038 1496
@/home/ec2-user/data/topics/3977 1497
@/home/ec2-user/data/topics/2163 1498
@/home/ec2-user/data/topics/1896 1499
@/home/ec2-user/data/topics/1424 1500
@/home/ec2-user/data/topics/1186 1501
@/home/ec2-user/data/topics/3969 1502
@/home/ec2-user/data/topics/1698 1503
@/home/ec2-user/data/topics/4050 1504
@/home/ec2-user/data/topics/1345 1505
@/home/ec2-user/data/topics/3794 1506
@/home/ec2-user/data/topics/3878 1507
@/home/ec2-user/data/topics/2036 1508
@/home/ec2-user/data/topics/4467 1509
@/home/ec2-user/data/topics/4167 1510
@/home/ec2-user/data/topics/1115 1511
@/home/ec2-user/data/topics/1241 1512
東陶機器株式会社

@/home/ec2-user/data/topics/1626 1513
@/home/ec2-user/data/topics/2135 1513
@/home/ec2-user/data/topics/3821 1514
@/home/ec2-user/data/topics/1692 1515
@/home/ec2-user/data/topics/3583 1516
@/home/ec2-user/data/topics/1735 1517
本田技研工業株式会社

@/home/ec2-user/data/topics/1818 1518
@/home/ec2-user/data/topics/4132 1518
@/home/ec2-user/data/topics/1266 1519
@/home/ec2-user/data/topics/5026 1520
@/home/ec2-user/data/topics/4888 1521
@/home/ec2-user/data/topics/1605 1522
@/home/ec2-user/data/topics/4783 1523
@/home/ec2-user/data/topics/3685 1524
@/home/ec2-user/data/topics/1444 1525
@/home/ec2-user/data/topics/4375 1526
@/home/ec2-user/data/topics/4033 1527
@/home/ec2-user/data/topics/4331 1528
@/home/ec2-user/data/topics/2016 1529
@/home/ec2-user/data/topics/1226 1530
@/home/ec2-user/data/topics/4199 1531
@/home/ec2-user/data/topics/1143 1532
@/home/ec2-user/data/topics/1215 1533
@/home/ec2-user/data/topics/2000 1534
@/home/ec2-user/data/topics/1822 1535
新日本製鐵株式会社

@/home/ec2-user/data/topics/4472 1536
@/home/ec2-user/data/topics/3899 1536
@/home/ec2-user/data/topics/3368 1537
@/home/ec2-user/data/topics/5008 1538
@/home/ec2-user/data/topics/3861 1539
@/home/ec2-user/data/topics/3663 1540
松下電工株式会社

@/home/ec2-user/data/topics/4012 1541
@/home/ec2-user/data/topics/2045 1541
@/home/ec2-user/data/topics/3651 1542
@/home/ec2-user/data/topics/3511 1543
@/home/ec2-user/data/topics/3565 1544
@/home/ec2-user/data/topics/3835 1545
@/home/ec2-user/data/topics/3670 1546
@/home/ec2-user/data/topics/3778 1547
@/home/ec2-user/data/topics/4317 1548
@/home/ec2-user/data/topics/4083 1549
@/home/ec2-user/data/topics/3549 1550
@/home/ec2-user/data/topics/3932 1551
@/home/ec2-user/data/topics/4592 1552
@/home/ec2-user/data/topics/3379 1553
@/home/ec2-user/data/topics/1251 1554
@/home/ec2-user/data/topics/1311 1555
@/home/ec2-user/data/topics/1011 1556
@/home/ec2-user/data/topics/4029 1557
@/home/ec2-user/data/topics/4347 1558
@/home/ec2-user/data/topics/1803 1559
@/home/ec2-user/data/topics/4094 1560
@/home/ec2-user/data/topics/4450 1561
usernum: 72
hit: 275
simhit: 788
simmax: 0.614209626978
simmin: 0.0
simavg: 0.200466655063
dlmax: 0.116622537764
dlmin: 0.00745759575067
dlavg: 0.0330199666966
mthit: 200
mthls: 86
srp: 535.183
total: 1562
hit/total: 0.176056338028
simhit/total: 0.504481434059
mthit/(total+usernum): 0.122399020808
mthls/(total+usernum): 0.0526315789474
srp/(total+usernum): 0.0467899108236
srp20/(total+usernum): 0.0126770414408
srp100/(total+usernum): 0.0268692079035
srp500/(total+usernum): 0.0401351634901

2017-01-11 09:20:36.155453
