2016-12-23 12:38:11.331731

topic-folder:/home/ec2-user/data/topics/
cl-file:/home/ec2-user/git/tfidf/result-new/b1-1.txt
cl-floder:/home/ec2-user/data/classinfo/
zipf:0.6
stype[0(tfidf)/1(tfidf2)/2(lsa)/3(lda)]:1
dtype[<0(diff*rand)/0(diff)/1(same)/>=2(diff*same)]:0
output-floder:/home/ec2-user/git/userquery/result

三菱マテリアル株式会社

@/home/ec2-user/data/topics/1638 0
@/home/ec2-user/data/topics/2093 0
@/home/ec2-user/data/topics/1085 1
@/home/ec2-user/data/topics/3630 2
@/home/ec2-user/data/topics/3866 3
@/home/ec2-user/data/topics/3470 4
@/home/ec2-user/data/topics/3546 5
@/home/ec2-user/data/topics/3520 6
日本精機株式会社

@/home/ec2-user/data/topics/4907 7
@/home/ec2-user/data/topics/4709 7
@/home/ec2-user/data/topics/4972 8
@/home/ec2-user/data/topics/4690 9
@/home/ec2-user/data/topics/4875 10
@/home/ec2-user/data/topics/1398 11
コニカ株式会社

@/home/ec2-user/data/topics/1946 12
@/home/ec2-user/data/topics/2162 12
@/home/ec2-user/data/topics/3357 13
@/home/ec2-user/data/topics/3370 14
@/home/ec2-user/data/topics/3418 15
@/home/ec2-user/data/topics/3533 16
@/home/ec2-user/data/topics/3431 17
@/home/ec2-user/data/topics/3414 18
@/home/ec2-user/data/topics/3486 19
@/home/ec2-user/data/topics/3419 20
@/home/ec2-user/data/topics/3426 21
埼玉日本電気株式会社

@/home/ec2-user/data/topics/4468 22
@/home/ec2-user/data/topics/4496 22
@/home/ec2-user/data/topics/1512 23
@/home/ec2-user/data/topics/4279 24
@/home/ec2-user/data/topics/4242 25
@/home/ec2-user/data/topics/5010 26
@/home/ec2-user/data/topics/4283 27
@/home/ec2-user/data/topics/1620 28
@/home/ec2-user/data/topics/4998 29
アルプス電気株式会社

@/home/ec2-user/data/topics/2012 30
@/home/ec2-user/data/topics/3429 30
@/home/ec2-user/data/topics/4791 31
@/home/ec2-user/data/topics/3582 32
@/home/ec2-user/data/topics/1434 33
@/home/ec2-user/data/topics/2089 34
@/home/ec2-user/data/topics/1253 35
三菱重工業株式会社

@/home/ec2-user/data/topics/3944 36
@/home/ec2-user/data/topics/5022 36
@/home/ec2-user/data/topics/3637 37
@/home/ec2-user/data/topics/3591 38
@/home/ec2-user/data/topics/4882 39
@/home/ec2-user/data/topics/3833 40
@/home/ec2-user/data/topics/4412 41
@/home/ec2-user/data/topics/4862 42
@/home/ec2-user/data/topics/4563 43
@/home/ec2-user/data/topics/3503 44
@/home/ec2-user/data/topics/3529 45
@/home/ec2-user/data/topics/4687 46
村田機械株式会社

@/home/ec2-user/data/topics/1607 47
@/home/ec2-user/data/topics/4565 47
@/home/ec2-user/data/topics/4638 48
@/home/ec2-user/data/topics/3740 49
@/home/ec2-user/data/topics/1511 50
@/home/ec2-user/data/topics/4556 51
@/home/ec2-user/data/topics/4941 52
@/home/ec2-user/data/topics/1293 53
@/home/ec2-user/data/topics/4645 54
@/home/ec2-user/data/topics/3528 55
@/home/ec2-user/data/topics/1074 56
@/home/ec2-user/data/topics/4570 57
@/home/ec2-user/data/topics/5000 58
@/home/ec2-user/data/topics/4746 59
@/home/ec2-user/data/topics/4596 60
@/home/ec2-user/data/topics/4835 61
@/home/ec2-user/data/topics/4441 62
川崎製鉄株式会社

@/home/ec2-user/data/topics/3929 63
@/home/ec2-user/data/topics/4615 63
@/home/ec2-user/data/topics/3532 64
@/home/ec2-user/data/topics/3553 65
@/home/ec2-user/data/topics/3611 66
@/home/ec2-user/data/topics/3483 67
@/home/ec2-user/data/topics/3413 68
@/home/ec2-user/data/topics/1459 69
@/home/ec2-user/data/topics/1037 70
ダイキン工業株式会社

@/home/ec2-user/data/topics/4701 71
@/home/ec2-user/data/topics/3888 71
@/home/ec2-user/data/topics/4845 72
@/home/ec2-user/data/topics/4515 73
@/home/ec2-user/data/topics/1565 74
@/home/ec2-user/data/topics/4400 75
@/home/ec2-user/data/topics/4858 76
@/home/ec2-user/data/topics/1600 77
@/home/ec2-user/data/topics/4367 78
@/home/ec2-user/data/topics/4753 79
@/home/ec2-user/data/topics/4734 80
三菱自動車工業株式会社

@/home/ec2-user/data/topics/3815 81
@/home/ec2-user/data/topics/2101 81
@/home/ec2-user/data/topics/4189 82
@/home/ec2-user/data/topics/3940 83
@/home/ec2-user/data/topics/3502 84
@/home/ec2-user/data/topics/1428 85
@/home/ec2-user/data/topics/1816 86
@/home/ec2-user/data/topics/1527 87
日産自動車株式会社

@/home/ec2-user/data/topics/3712 88
@/home/ec2-user/data/topics/3645 88
@/home/ec2-user/data/topics/3677 89
@/home/ec2-user/data/topics/3489 90
@/home/ec2-user/data/topics/3497 91
@/home/ec2-user/data/topics/3936 92
@/home/ec2-user/data/topics/4982 93
@/home/ec2-user/data/topics/3723 94
@/home/ec2-user/data/topics/3501 95
@/home/ec2-user/data/topics/4074 96
@/home/ec2-user/data/topics/3829 97
トヨタ自動車株式会社

@/home/ec2-user/data/topics/3783 98
@/home/ec2-user/data/topics/3699 98
@/home/ec2-user/data/topics/3481 99
@/home/ec2-user/data/topics/1551 100
@/home/ec2-user/data/topics/3671 101
@/home/ec2-user/data/topics/4617 102
@/home/ec2-user/data/topics/4543 103
@/home/ec2-user/data/topics/3725 104
@/home/ec2-user/data/topics/4008 105
@/home/ec2-user/data/topics/4633 106
@/home/ec2-user/data/topics/4030 107
@/home/ec2-user/data/topics/4298 108
@/home/ec2-user/data/topics/3405 109
@/home/ec2-user/data/topics/3587 110
@/home/ec2-user/data/topics/4064 111
@/home/ec2-user/data/topics/3758 112
@/home/ec2-user/data/topics/3731 113
@/home/ec2-user/data/topics/4658 114
@/home/ec2-user/data/topics/4767 115
@/home/ec2-user/data/topics/4346 116
@/home/ec2-user/data/topics/4426 117
@/home/ec2-user/data/topics/1494 118
@/home/ec2-user/data/topics/4144 119
@/home/ec2-user/data/topics/3356 120
@/home/ec2-user/data/topics/4920 121
@/home/ec2-user/data/topics/4647 122
@/home/ec2-user/data/topics/3943 123
@/home/ec2-user/data/topics/2218 124
@/home/ec2-user/data/topics/2111 125
オリンパス光学工業株式会社

@/home/ec2-user/data/topics/1107 126
@/home/ec2-user/data/topics/1155 126
@/home/ec2-user/data/topics/1981 127
@/home/ec2-user/data/topics/1586 128
@/home/ec2-user/data/topics/1739 129
@/home/ec2-user/data/topics/4007 130
@/home/ec2-user/data/topics/2026 131
@/home/ec2-user/data/topics/4878 132
@/home/ec2-user/data/topics/4013 133
@/home/ec2-user/data/topics/5006 134
@/home/ec2-user/data/topics/1869 135
@/home/ec2-user/data/topics/1835 136
ブラザー工業株式会社

@/home/ec2-user/data/topics/1697 137
@/home/ec2-user/data/topics/3613 137
@/home/ec2-user/data/topics/4548 138
@/home/ec2-user/data/topics/3477 139
@/home/ec2-user/data/topics/2086 140
@/home/ec2-user/data/topics/1300 141
@/home/ec2-user/data/topics/1076 142
@/home/ec2-user/data/topics/1636 143
@/home/ec2-user/data/topics/1164 144
@/home/ec2-user/data/topics/1906 145
@/home/ec2-user/data/topics/3789 146
@/home/ec2-user/data/topics/3686 147
@/home/ec2-user/data/topics/1183 148
@/home/ec2-user/data/topics/3507 149
@/home/ec2-user/data/topics/2085 150
富士通株式会社

@/home/ec2-user/data/topics/3751 151
@/home/ec2-user/data/topics/1547 151
@/home/ec2-user/data/topics/3636 152
@/home/ec2-user/data/topics/3970 153
@/home/ec2-user/data/topics/1264 154
@/home/ec2-user/data/topics/3400 155
@/home/ec2-user/data/topics/3399 156
@/home/ec2-user/data/topics/3765 157
@/home/ec2-user/data/topics/2215 158
@/home/ec2-user/data/topics/1998 159
@/home/ec2-user/data/topics/3749 160
@/home/ec2-user/data/topics/3538 161
@/home/ec2-user/data/topics/3799 162
@/home/ec2-user/data/topics/2216 163
@/home/ec2-user/data/topics/1123 164
@/home/ec2-user/data/topics/3870 165
@/home/ec2-user/data/topics/3428 166
@/home/ec2-user/data/topics/3912 167
@/home/ec2-user/data/topics/3381 168
@/home/ec2-user/data/topics/1609 169
@/home/ec2-user/data/topics/3962 170
@/home/ec2-user/data/topics/3862 171
@/home/ec2-user/data/topics/3460 172
@/home/ec2-user/data/topics/4191 173
@/home/ec2-user/data/topics/1874 174
@/home/ec2-user/data/topics/3850 175
@/home/ec2-user/data/topics/2227 176
@/home/ec2-user/data/topics/1271 177
@/home/ec2-user/data/topics/5004 178
@/home/ec2-user/data/topics/3883 179
@/home/ec2-user/data/topics/3802 180
@/home/ec2-user/data/topics/3846 181
静岡日本電気株式会社

@/home/ec2-user/data/topics/4314 182
@/home/ec2-user/data/topics/4250 182
@/home/ec2-user/data/topics/4531 183
@/home/ec2-user/data/topics/4507 184
@/home/ec2-user/data/topics/4326 185
@/home/ec2-user/data/topics/4365 186
住友重機械工業株式会社

@/home/ec2-user/data/topics/1373 187
@/home/ec2-user/data/topics/3868 187
@/home/ec2-user/data/topics/1553 188
@/home/ec2-user/data/topics/3952 189
@/home/ec2-user/data/topics/1900 190
@/home/ec2-user/data/topics/1505 191
@/home/ec2-user/data/topics/2039 192
@/home/ec2-user/data/topics/1019 193
@/home/ec2-user/data/topics/4854 194
大日本印刷株式会社

@/home/ec2-user/data/topics/1145 195
@/home/ec2-user/data/topics/3388 195
@/home/ec2-user/data/topics/1564 196
@/home/ec2-user/data/topics/3569 197
@/home/ec2-user/data/topics/1099 198
@/home/ec2-user/data/topics/1262 199
日本電気株式会社

@/home/ec2-user/data/topics/4342 200
@/home/ec2-user/data/topics/1500 200
@/home/ec2-user/data/topics/4486 201
@/home/ec2-user/data/topics/4246 202
@/home/ec2-user/data/topics/4119 203
@/home/ec2-user/data/topics/4338 204
@/home/ec2-user/data/topics/4247 205
@/home/ec2-user/data/topics/4708 206
@/home/ec2-user/data/topics/4603 207
@/home/ec2-user/data/topics/4634 208
@/home/ec2-user/data/topics/1464 209
@/home/ec2-user/data/topics/4081 210
@/home/ec2-user/data/topics/3766 211
@/home/ec2-user/data/topics/4699 212
@/home/ec2-user/data/topics/4644 213
@/home/ec2-user/data/topics/2088 214
@/home/ec2-user/data/topics/4666 215
@/home/ec2-user/data/topics/1112 216
@/home/ec2-user/data/topics/4485 217
@/home/ec2-user/data/topics/4446 218
@/home/ec2-user/data/topics/4816 219
@/home/ec2-user/data/topics/3954 220
@/home/ec2-user/data/topics/3729 221
@/home/ec2-user/data/topics/4134 222
@/home/ec2-user/data/topics/4497 223
@/home/ec2-user/data/topics/4770 224
@/home/ec2-user/data/topics/1783 225
@/home/ec2-user/data/topics/4750 226
@/home/ec2-user/data/topics/3938 227
@/home/ec2-user/data/topics/4100 228
@/home/ec2-user/data/topics/4578 229
@/home/ec2-user/data/topics/4414 230
@/home/ec2-user/data/topics/4063 231
@/home/ec2-user/data/topics/1634 232
@/home/ec2-user/data/topics/1364 233
@/home/ec2-user/data/topics/4168 234
@/home/ec2-user/data/topics/4626 235
@/home/ec2-user/data/topics/4196 236
@/home/ec2-user/data/topics/4257 237
@/home/ec2-user/data/topics/4404 238
@/home/ec2-user/data/topics/1199 239
@/home/ec2-user/data/topics/4940 240
@/home/ec2-user/data/topics/4310 241
@/home/ec2-user/data/topics/4598 242
@/home/ec2-user/data/topics/4682 243
@/home/ec2-user/data/topics/4093 244
@/home/ec2-user/data/topics/4097 245
@/home/ec2-user/data/topics/4393 246
@/home/ec2-user/data/topics/4785 247
@/home/ec2-user/data/topics/3767 248
@/home/ec2-user/data/topics/4447 249
@/home/ec2-user/data/topics/4158 250
@/home/ec2-user/data/topics/2119 251
@/home/ec2-user/data/topics/4371 252
@/home/ec2-user/data/topics/4595 253
@/home/ec2-user/data/topics/3995 254
@/home/ec2-user/data/topics/4092 255
@/home/ec2-user/data/topics/4185 256
@/home/ec2-user/data/topics/1557 257
@/home/ec2-user/data/topics/4850 258
@/home/ec2-user/data/topics/4204 259
@/home/ec2-user/data/topics/1773 260
@/home/ec2-user/data/topics/4877 261
@/home/ec2-user/data/topics/4659 262
@/home/ec2-user/data/topics/4657 263
@/home/ec2-user/data/topics/4281 264
@/home/ec2-user/data/topics/4530 265
@/home/ec2-user/data/topics/4434 266
@/home/ec2-user/data/topics/4120 267
@/home/ec2-user/data/topics/4171 268
@/home/ec2-user/data/topics/4216 269
@/home/ec2-user/data/topics/4254 270
@/home/ec2-user/data/topics/4398 271
@/home/ec2-user/data/topics/1844 272
@/home/ec2-user/data/topics/3853 273
@/home/ec2-user/data/topics/4460 274
@/home/ec2-user/data/topics/4775 275
@/home/ec2-user/data/topics/1764 276
@/home/ec2-user/data/topics/4532 277
@/home/ec2-user/data/topics/1362 278
@/home/ec2-user/data/topics/4082 279
@/home/ec2-user/data/topics/1486 280
@/home/ec2-user/data/topics/4609 281
@/home/ec2-user/data/topics/4275 282
@/home/ec2-user/data/topics/4260 283
@/home/ec2-user/data/topics/4537 284
@/home/ec2-user/data/topics/4650 285
@/home/ec2-user/data/topics/4138 286
@/home/ec2-user/data/topics/4276 287
@/home/ec2-user/data/topics/4808 288
@/home/ec2-user/data/topics/2150 289
@/home/ec2-user/data/topics/4613 290
@/home/ec2-user/data/topics/1937 291
@/home/ec2-user/data/topics/4646 292
@/home/ec2-user/data/topics/4725 293
@/home/ec2-user/data/topics/1116 294
@/home/ec2-user/data/topics/4838 295
@/home/ec2-user/data/topics/1815 296
@/home/ec2-user/data/topics/4390 297
@/home/ec2-user/data/topics/3875 298
@/home/ec2-user/data/topics/4071 299
@/home/ec2-user/data/topics/4536 300
@/home/ec2-user/data/topics/4561 301
@/home/ec2-user/data/topics/1122 302
@/home/ec2-user/data/topics/3956 303
@/home/ec2-user/data/topics/4584 304
@/home/ec2-user/data/topics/1928 305
@/home/ec2-user/data/topics/4728 306
@/home/ec2-user/data/topics/4278 307
@/home/ec2-user/data/topics/4267 308
@/home/ec2-user/data/topics/4359 309
@/home/ec2-user/data/topics/4429 310
@/home/ec2-user/data/topics/3865 311
@/home/ec2-user/data/topics/4192 312
@/home/ec2-user/data/topics/4238 313
@/home/ec2-user/data/topics/4696 314
@/home/ec2-user/data/topics/4490 315
@/home/ec2-user/data/topics/4425 316
@/home/ec2-user/data/topics/4153 317
@/home/ec2-user/data/topics/4244 318
@/home/ec2-user/data/topics/4209 319
@/home/ec2-user/data/topics/1595 320
@/home/ec2-user/data/topics/2041 321
@/home/ec2-user/data/topics/4433 322
@/home/ec2-user/data/topics/4315 323
@/home/ec2-user/data/topics/4643 324
@/home/ec2-user/data/topics/4533 325
@/home/ec2-user/data/topics/2031 326
@/home/ec2-user/data/topics/1383 327
@/home/ec2-user/data/topics/1624 328
@/home/ec2-user/data/topics/4389 329
@/home/ec2-user/data/topics/4876 330
@/home/ec2-user/data/topics/1016 331
@/home/ec2-user/data/topics/2144 332
@/home/ec2-user/data/topics/4154 333
@/home/ec2-user/data/topics/4116 334
@/home/ec2-user/data/topics/4162 335
@/home/ec2-user/data/topics/4764 336
@/home/ec2-user/data/topics/4319 337
@/home/ec2-user/data/topics/4721 338
@/home/ec2-user/data/topics/4272 339
@/home/ec2-user/data/topics/1923 340
@/home/ec2-user/data/topics/4779 341
@/home/ec2-user/data/topics/3971 342
@/home/ec2-user/data/topics/4273 343
@/home/ec2-user/data/topics/4458 344
@/home/ec2-user/data/topics/1052 345
@/home/ec2-user/data/topics/4062 346
@/home/ec2-user/data/topics/3744 347
@/home/ec2-user/data/topics/1973 348
@/home/ec2-user/data/topics/5034 349
@/home/ec2-user/data/topics/4300 350
@/home/ec2-user/data/topics/4288 351
@/home/ec2-user/data/topics/1661 352
@/home/ec2-user/data/topics/4309 353
@/home/ec2-user/data/topics/4137 354
@/home/ec2-user/data/topics/4902 355
@/home/ec2-user/data/topics/4427 356
@/home/ec2-user/data/topics/4129 357
@/home/ec2-user/data/topics/1101 358
@/home/ec2-user/data/topics/4480 359
@/home/ec2-user/data/topics/4718 360
@/home/ec2-user/data/topics/4243 361
@/home/ec2-user/data/topics/4236 362
@/home/ec2-user/data/topics/3897 363
@/home/ec2-user/data/topics/4240 364
@/home/ec2-user/data/topics/3886 365
@/home/ec2-user/data/topics/4186 366
@/home/ec2-user/data/topics/4320 367
@/home/ec2-user/data/topics/1567 368
@/home/ec2-user/data/topics/4651 369
@/home/ec2-user/data/topics/1852 370
@/home/ec2-user/data/topics/1044 371
@/home/ec2-user/data/topics/4360 372
@/home/ec2-user/data/topics/1523 373
@/home/ec2-user/data/topics/1891 374
@/home/ec2-user/data/topics/1710 375
@/home/ec2-user/data/topics/2166 376
@/home/ec2-user/data/topics/4477 377
@/home/ec2-user/data/topics/4440 378
@/home/ec2-user/data/topics/1281 379
@/home/ec2-user/data/topics/4549 380
@/home/ec2-user/data/topics/1791 381
@/home/ec2-user/data/topics/4418 382
@/home/ec2-user/data/topics/4128 383
@/home/ec2-user/data/topics/3724 384
@/home/ec2-user/data/topics/4003 385
@/home/ec2-user/data/topics/1948 386
@/home/ec2-user/data/topics/1100 387
@/home/ec2-user/data/topics/1326 388
@/home/ec2-user/data/topics/4227 389
@/home/ec2-user/data/topics/4442 390
@/home/ec2-user/data/topics/1078 391
@/home/ec2-user/data/topics/4352 392
@/home/ec2-user/data/topics/4017 393
@/home/ec2-user/data/topics/4313 394
@/home/ec2-user/data/topics/4760 395
@/home/ec2-user/data/topics/4142 396
@/home/ec2-user/data/topics/1724 397
@/home/ec2-user/data/topics/4665 398
@/home/ec2-user/data/topics/4689 399
@/home/ec2-user/data/topics/4759 400
@/home/ec2-user/data/topics/4258 401
@/home/ec2-user/data/topics/4343 402
@/home/ec2-user/data/topics/3896 403
@/home/ec2-user/data/topics/4318 404
@/home/ec2-user/data/topics/4388 405
@/home/ec2-user/data/topics/1867 406
@/home/ec2-user/data/topics/4926 407
@/home/ec2-user/data/topics/4207 408
@/home/ec2-user/data/topics/1360 409
@/home/ec2-user/data/topics/2127 410
@/home/ec2-user/data/topics/1457 411
@/home/ec2-user/data/topics/4892 412
@/home/ec2-user/data/topics/4742 413
@/home/ec2-user/data/topics/4749 414
@/home/ec2-user/data/topics/1612 415
@/home/ec2-user/data/topics/1879 416
@/home/ec2-user/data/topics/4824 417
@/home/ec2-user/data/topics/2022 418
松下電器産業株式会社

@/home/ec2-user/data/topics/4307 419
@/home/ec2-user/data/topics/4625 419
@/home/ec2-user/data/topics/4586 420
@/home/ec2-user/data/topics/4501 421
@/home/ec2-user/data/topics/4102 422
@/home/ec2-user/data/topics/3721 423
@/home/ec2-user/data/topics/4503 424
@/home/ec2-user/data/topics/3404 425
@/home/ec2-user/data/topics/1257 426
@/home/ec2-user/data/topics/3904 427
@/home/ec2-user/data/topics/4804 428
@/home/ec2-user/data/topics/4667 429
@/home/ec2-user/data/topics/4160 430
@/home/ec2-user/data/topics/5024 431
@/home/ec2-user/data/topics/4098 432
@/home/ec2-user/data/topics/2222 433
@/home/ec2-user/data/topics/3979 434
@/home/ec2-user/data/topics/3510 435
@/home/ec2-user/data/topics/3494 436
@/home/ec2-user/data/topics/4157 437
@/home/ec2-user/data/topics/3680 438
@/home/ec2-user/data/topics/3694 439
@/home/ec2-user/data/topics/4798 440
@/home/ec2-user/data/topics/2156 441
@/home/ec2-user/data/topics/3585 442
@/home/ec2-user/data/topics/1705 443
@/home/ec2-user/data/topics/1701 444
@/home/ec2-user/data/topics/1762 445
@/home/ec2-user/data/topics/1477 446
@/home/ec2-user/data/topics/4000 447
@/home/ec2-user/data/topics/3951 448
@/home/ec2-user/data/topics/3719 449
@/home/ec2-user/data/topics/3619 450
@/home/ec2-user/data/topics/4382 451
@/home/ec2-user/data/topics/4707 452
@/home/ec2-user/data/topics/1955 453
@/home/ec2-user/data/topics/4394 454
@/home/ec2-user/data/topics/3704 455
@/home/ec2-user/data/topics/4885 456
@/home/ec2-user/data/topics/1812 457
@/home/ec2-user/data/topics/4280 458
@/home/ec2-user/data/topics/4126 459
@/home/ec2-user/data/topics/1589 460
@/home/ec2-user/data/topics/1179 461
@/home/ec2-user/data/topics/1252 462
@/home/ec2-user/data/topics/4448 463
@/home/ec2-user/data/topics/3558 464
@/home/ec2-user/data/topics/1540 465
@/home/ec2-user/data/topics/4459 466
@/home/ec2-user/data/topics/3658 467
@/home/ec2-user/data/topics/1136 468
@/home/ec2-user/data/topics/4464 469
@/home/ec2-user/data/topics/1157 470
@/home/ec2-user/data/topics/2029 471
@/home/ec2-user/data/topics/1516 472
@/home/ec2-user/data/topics/3807 473
@/home/ec2-user/data/topics/3746 474
@/home/ec2-user/data/topics/2170 475
@/home/ec2-user/data/topics/2056 476
@/home/ec2-user/data/topics/1748 477
@/home/ec2-user/data/topics/4139 478
@/home/ec2-user/data/topics/1898 479
@/home/ec2-user/data/topics/3761 480
@/home/ec2-user/data/topics/1026 481
@/home/ec2-user/data/topics/4577 482
@/home/ec2-user/data/topics/4180 483
@/home/ec2-user/data/topics/4761 484
@/home/ec2-user/data/topics/4968 485
@/home/ec2-user/data/topics/3514 486
@/home/ec2-user/data/topics/1635 487
@/home/ec2-user/data/topics/4917 488
@/home/ec2-user/data/topics/1829 489
@/home/ec2-user/data/topics/4754 490
@/home/ec2-user/data/topics/1633 491
@/home/ec2-user/data/topics/1070 492
@/home/ec2-user/data/topics/4422 493
@/home/ec2-user/data/topics/4918 494
@/home/ec2-user/data/topics/3386 495
@/home/ec2-user/data/topics/1885 496
@/home/ec2-user/data/topics/3402 497
@/home/ec2-user/data/topics/4574 498
@/home/ec2-user/data/topics/4676 499
@/home/ec2-user/data/topics/3519 500
@/home/ec2-user/data/topics/4159 501
@/home/ec2-user/data/topics/4502 502
@/home/ec2-user/data/topics/3692 503
@/home/ec2-user/data/topics/4787 504
@/home/ec2-user/data/topics/1881 505
@/home/ec2-user/data/topics/4303 506
@/home/ec2-user/data/topics/3739 507
@/home/ec2-user/data/topics/4475 508
@/home/ec2-user/data/topics/1509 509
@/home/ec2-user/data/topics/4797 510
@/home/ec2-user/data/topics/4599 511
@/home/ec2-user/data/topics/1525 512
@/home/ec2-user/data/topics/1158 513
@/home/ec2-user/data/topics/4264 514
@/home/ec2-user/data/topics/4215 515
@/home/ec2-user/data/topics/4355 516
@/home/ec2-user/data/topics/4945 517
@/home/ec2-user/data/topics/3960 518
@/home/ec2-user/data/topics/4101 519
@/home/ec2-user/data/topics/4867 520
@/home/ec2-user/data/topics/4043 521
@/home/ec2-user/data/topics/4961 522
@/home/ec2-user/data/topics/4806 523
@/home/ec2-user/data/topics/2080 524
@/home/ec2-user/data/topics/1706 525
@/home/ec2-user/data/topics/4274 526
@/home/ec2-user/data/topics/4817 527
@/home/ec2-user/data/topics/4558 528
@/home/ec2-user/data/topics/2129 529
@/home/ec2-user/data/topics/4491 530
@/home/ec2-user/data/topics/3455 531
@/home/ec2-user/data/topics/5028 532
@/home/ec2-user/data/topics/3847 533
@/home/ec2-user/data/topics/4936 534
@/home/ec2-user/data/topics/4193 535
@/home/ec2-user/data/topics/1339 536
@/home/ec2-user/data/topics/4229 537
@/home/ec2-user/data/topics/3920 538
@/home/ec2-user/data/topics/3676 539
@/home/ec2-user/data/topics/4385 540
セイコーインスツルメンツ株式会社

@/home/ec2-user/data/topics/4997 541
@/home/ec2-user/data/topics/4088 541
@/home/ec2-user/data/topics/4036 542
@/home/ec2-user/data/topics/3825 543
@/home/ec2-user/data/topics/3626 544
@/home/ec2-user/data/topics/4203 545
@/home/ec2-user/data/topics/4190 546
@/home/ec2-user/data/topics/1707 547
@/home/ec2-user/data/topics/4151 548
ミノルタ株式会社

@/home/ec2-user/data/topics/2190 549
@/home/ec2-user/data/topics/4984 549
@/home/ec2-user/data/topics/4977 550
@/home/ec2-user/data/topics/4971 551
@/home/ec2-user/data/topics/3810 552
@/home/ec2-user/data/topics/4970 553
@/home/ec2-user/data/topics/3545 554
@/home/ec2-user/data/topics/4321 555
@/home/ec2-user/data/topics/3584 556
@/home/ec2-user/data/topics/4951 557
@/home/ec2-user/data/topics/4986 558
@/home/ec2-user/data/topics/1152 559
株式会社リコー

@/home/ec2-user/data/topics/3411 560
@/home/ec2-user/data/topics/3750 560
@/home/ec2-user/data/topics/1436 561
@/home/ec2-user/data/topics/1776 562
@/home/ec2-user/data/topics/3713 563
@/home/ec2-user/data/topics/3633 564
@/home/ec2-user/data/topics/1806 565
@/home/ec2-user/data/topics/2189 566
@/home/ec2-user/data/topics/1669 567
@/home/ec2-user/data/topics/3687 568
@/home/ec2-user/data/topics/1878 569
@/home/ec2-user/data/topics/1514 570
@/home/ec2-user/data/topics/3557 571
@/home/ec2-user/data/topics/1670 572
@/home/ec2-user/data/topics/3530 573
@/home/ec2-user/data/topics/1106 574
@/home/ec2-user/data/topics/4616 575
@/home/ec2-user/data/topics/1775 576
@/home/ec2-user/data/topics/1627 577
@/home/ec2-user/data/topics/3574 578
@/home/ec2-user/data/topics/3775 579
@/home/ec2-user/data/topics/2219 580
@/home/ec2-user/data/topics/3472 581
@/home/ec2-user/data/topics/2090 582
@/home/ec2-user/data/topics/1225 583
@/home/ec2-user/data/topics/3837 584
@/home/ec2-user/data/topics/4781 585
@/home/ec2-user/data/topics/2043 586
@/home/ec2-user/data/topics/1691 587
@/home/ec2-user/data/topics/1482 588
@/home/ec2-user/data/topics/1668 589
@/home/ec2-user/data/topics/1190 590
@/home/ec2-user/data/topics/3669 591
@/home/ec2-user/data/topics/3446 592
@/home/ec2-user/data/topics/3424 593
@/home/ec2-user/data/topics/3436 594
@/home/ec2-user/data/topics/3555 595
@/home/ec2-user/data/topics/1755 596
@/home/ec2-user/data/topics/1083 597
@/home/ec2-user/data/topics/1663 598
@/home/ec2-user/data/topics/2201 599
@/home/ec2-user/data/topics/3711 600
@/home/ec2-user/data/topics/3495 601
@/home/ec2-user/data/topics/3394 602
@/home/ec2-user/data/topics/1282 603
@/home/ec2-user/data/topics/3474 604
@/home/ec2-user/data/topics/3484 605
@/home/ec2-user/data/topics/1780 606
@/home/ec2-user/data/topics/3880 607
@/home/ec2-user/data/topics/2006 608
@/home/ec2-user/data/topics/4344 609
@/home/ec2-user/data/topics/2200 610
@/home/ec2-user/data/topics/2182 611
@/home/ec2-user/data/topics/4037 612
@/home/ec2-user/data/topics/3759 613
@/home/ec2-user/data/topics/1593 614
@/home/ec2-user/data/topics/4879 615
@/home/ec2-user/data/topics/1610 616
@/home/ec2-user/data/topics/1064 617
@/home/ec2-user/data/topics/1478 618
@/home/ec2-user/data/topics/1095 619
@/home/ec2-user/data/topics/1740 620
@/home/ec2-user/data/topics/4265 621
@/home/ec2-user/data/topics/3378 622
@/home/ec2-user/data/topics/1976 623
@/home/ec2-user/data/topics/3548 624
@/home/ec2-user/data/topics/1718 625
@/home/ec2-user/data/topics/3523 626
@/home/ec2-user/data/topics/1433 627
@/home/ec2-user/data/topics/1974 628
@/home/ec2-user/data/topics/1774 629
独立行政法人産業技術総合研究所

@/home/ec2-user/data/topics/4777 630
@/home/ec2-user/data/topics/4740 630
@/home/ec2-user/data/topics/4800 631
@/home/ec2-user/data/topics/1356 632
@/home/ec2-user/data/topics/4739 633
@/home/ec2-user/data/topics/4869 634
ソニー株式会社

@/home/ec2-user/data/topics/3975 635
@/home/ec2-user/data/topics/1873 635
@/home/ec2-user/data/topics/1435 636
@/home/ec2-user/data/topics/1291 637
@/home/ec2-user/data/topics/1491 638
@/home/ec2-user/data/topics/1912 639
@/home/ec2-user/data/topics/4351 640
@/home/ec2-user/data/topics/2094 641
@/home/ec2-user/data/topics/1686 642
@/home/ec2-user/data/topics/3872 643
@/home/ec2-user/data/topics/2075 644
@/home/ec2-user/data/topics/2105 645
@/home/ec2-user/data/topics/1679 646
@/home/ec2-user/data/topics/1426 647
@/home/ec2-user/data/topics/1954 648
@/home/ec2-user/data/topics/2048 649
@/home/ec2-user/data/topics/1147 650
@/home/ec2-user/data/topics/1749 651
@/home/ec2-user/data/topics/1233 652
@/home/ec2-user/data/topics/2059 653
@/home/ec2-user/data/topics/5027 654
@/home/ec2-user/data/topics/1414 655
@/home/ec2-user/data/topics/1471 656
@/home/ec2-user/data/topics/3456 657
@/home/ec2-user/data/topics/1967 658
@/home/ec2-user/data/topics/3924 659
@/home/ec2-user/data/topics/3401 660
@/home/ec2-user/data/topics/3392 661
@/home/ec2-user/data/topics/1397 662
@/home/ec2-user/data/topics/1059 663
@/home/ec2-user/data/topics/1778 664
@/home/ec2-user/data/topics/4219 665
@/home/ec2-user/data/topics/4184 666
@/home/ec2-user/data/topics/1218 667
@/home/ec2-user/data/topics/3955 668
@/home/ec2-user/data/topics/2058 669
@/home/ec2-user/data/topics/2037 670
@/home/ec2-user/data/topics/2052 671
@/home/ec2-user/data/topics/1884 672
@/home/ec2-user/data/topics/1380 673
@/home/ec2-user/data/topics/1298 674
@/home/ec2-user/data/topics/1892 675
@/home/ec2-user/data/topics/1102 676
@/home/ec2-user/data/topics/4224 677
@/home/ec2-user/data/topics/1926 678
@/home/ec2-user/data/topics/1836 679
@/home/ec2-user/data/topics/1602 680
富士ゼロックス株式会社

@/home/ec2-user/data/topics/3473 681
@/home/ec2-user/data/topics/1560 681
@/home/ec2-user/data/topics/1947 682
@/home/ec2-user/data/topics/3564 683
@/home/ec2-user/data/topics/3383 684
@/home/ec2-user/data/topics/4108 685
@/home/ec2-user/data/topics/5031 686
@/home/ec2-user/data/topics/3366 687
@/home/ec2-user/data/topics/3695 688
@/home/ec2-user/data/topics/3662 689
@/home/ec2-user/data/topics/3790 690
@/home/ec2-user/data/topics/3782 691
@/home/ec2-user/data/topics/3640 692
@/home/ec2-user/data/topics/3661 693
@/home/ec2-user/data/topics/3407 694
住友金属工業株式会社

@/home/ec2-user/data/topics/4534 695
@/home/ec2-user/data/topics/4295 695
@/home/ec2-user/data/topics/3826 696
@/home/ec2-user/data/topics/4021 697
@/home/ec2-user/data/topics/4322 698
@/home/ec2-user/data/topics/4182 699
@/home/ec2-user/data/topics/1268 700
@/home/ec2-user/data/topics/3577 701
@/home/ec2-user/data/topics/4991 702
@/home/ec2-user/data/topics/4661 703
@/home/ec2-user/data/topics/3655 704
@/home/ec2-user/data/topics/4733 705
日立電線株式会社

@/home/ec2-user/data/topics/3930 706
@/home/ec2-user/data/topics/1027 706
@/home/ec2-user/data/topics/4357 707
@/home/ec2-user/data/topics/3756 708
@/home/ec2-user/data/topics/1305 709
@/home/ec2-user/data/topics/4356 710
@/home/ec2-user/data/topics/1117 711
@/home/ec2-user/data/topics/1388 712
@/home/ec2-user/data/topics/4329 713
キヤノン株式会社

@/home/ec2-user/data/topics/3420 714
@/home/ec2-user/data/topics/4068 714
@/home/ec2-user/data/topics/1745 715
@/home/ec2-user/data/topics/3730 716
@/home/ec2-user/data/topics/3656 717
@/home/ec2-user/data/topics/4350 718
@/home/ec2-user/data/topics/1889 719
@/home/ec2-user/data/topics/3376 720
@/home/ec2-user/data/topics/1631 721
@/home/ec2-user/data/topics/3958 722
@/home/ec2-user/data/topics/1975 723
@/home/ec2-user/data/topics/3441 724
@/home/ec2-user/data/topics/1455 725
@/home/ec2-user/data/topics/4628 726
@/home/ec2-user/data/topics/4947 727
@/home/ec2-user/data/topics/1438 728
@/home/ec2-user/data/topics/2117 729
@/home/ec2-user/data/topics/1080 730
@/home/ec2-user/data/topics/2243 731
@/home/ec2-user/data/topics/3438 732
@/home/ec2-user/data/topics/4020 733
@/home/ec2-user/data/topics/1790 734
@/home/ec2-user/data/topics/1590 735
@/home/ec2-user/data/topics/3720 736
@/home/ec2-user/data/topics/4610 737
@/home/ec2-user/data/topics/1118 738
@/home/ec2-user/data/topics/3660 739
@/home/ec2-user/data/topics/3374 740
@/home/ec2-user/data/topics/1513 741
@/home/ec2-user/data/topics/3996 742
@/home/ec2-user/data/topics/4948 743
@/home/ec2-user/data/topics/3642 744
@/home/ec2-user/data/topics/3417 745
@/home/ec2-user/data/topics/3949 746
@/home/ec2-user/data/topics/3416 747
@/home/ec2-user/data/topics/1961 748
@/home/ec2-user/data/topics/4363 749
@/home/ec2-user/data/topics/3434 750
@/home/ec2-user/data/topics/4937 751
@/home/ec2-user/data/topics/1802 752
@/home/ec2-user/data/topics/2004 753
@/home/ec2-user/data/topics/1847 754
@/home/ec2-user/data/topics/3737 755
@/home/ec2-user/data/topics/2231 756
@/home/ec2-user/data/topics/1519 757
@/home/ec2-user/data/topics/2145 758
@/home/ec2-user/data/topics/1124 759
@/home/ec2-user/data/topics/1216 760
@/home/ec2-user/data/topics/2053 761
@/home/ec2-user/data/topics/1744 762
@/home/ec2-user/data/topics/4054 763
@/home/ec2-user/data/topics/1848 764
@/home/ec2-user/data/topics/2107 765
@/home/ec2-user/data/topics/3430 766
@/home/ec2-user/data/topics/1568 767
@/home/ec2-user/data/topics/3454 768
@/home/ec2-user/data/topics/3852 769
@/home/ec2-user/data/topics/1228 770
@/home/ec2-user/data/topics/4521 771
@/home/ec2-user/data/topics/3410 772
@/home/ec2-user/data/topics/3445 773
@/home/ec2-user/data/topics/3843 774
@/home/ec2-user/data/topics/3967 775
@/home/ec2-user/data/topics/4520 776
@/home/ec2-user/data/topics/1646 777
@/home/ec2-user/data/topics/1895 778
@/home/ec2-user/data/topics/3755 779
@/home/ec2-user/data/topics/3722 780
@/home/ec2-user/data/topics/3628 781
@/home/ec2-user/data/topics/1208 782
@/home/ec2-user/data/topics/3415 783
@/home/ec2-user/data/topics/1866 784
@/home/ec2-user/data/topics/1539 785
三洋電機株式会社

@/home/ec2-user/data/topics/3625 786
@/home/ec2-user/data/topics/1652 786
@/home/ec2-user/data/topics/4726 787
@/home/ec2-user/data/topics/4328 788
@/home/ec2-user/data/topics/2098 789
@/home/ec2-user/data/topics/3974 790
@/home/ec2-user/data/topics/1321 791
@/home/ec2-user/data/topics/4978 792
@/home/ec2-user/data/topics/4571 793
@/home/ec2-user/data/topics/4788 794
@/home/ec2-user/data/topics/3817 795
@/home/ec2-user/data/topics/2194 796
@/home/ec2-user/data/topics/3491 797
@/home/ec2-user/data/topics/2063 798
@/home/ec2-user/data/topics/4212 799
@/home/ec2-user/data/topics/3708 800
@/home/ec2-user/data/topics/4060 801
@/home/ec2-user/data/topics/2230 802
@/home/ec2-user/data/topics/2071 803
@/home/ec2-user/data/topics/1653 804
@/home/ec2-user/data/topics/1722 805
@/home/ec2-user/data/topics/3906 806
@/home/ec2-user/data/topics/3804 807
@/home/ec2-user/data/topics/4474 808
@/home/ec2-user/data/topics/3398 809
@/home/ec2-user/data/topics/1515 810
@/home/ec2-user/data/topics/4654 811
@/home/ec2-user/data/topics/4301 812
@/home/ec2-user/data/topics/4492 813
@/home/ec2-user/data/topics/3492 814
@/home/ec2-user/data/topics/1386 815
@/home/ec2-user/data/topics/3889 816
@/home/ec2-user/data/topics/4604 817
@/home/ec2-user/data/topics/1671 818
@/home/ec2-user/data/topics/4679 819
@/home/ec2-user/data/topics/3539 820
@/home/ec2-user/data/topics/4837 821
@/home/ec2-user/data/topics/4960 822
@/home/ec2-user/data/topics/4178 823
@/home/ec2-user/data/topics/4720 824
@/home/ec2-user/data/topics/3681 825
@/home/ec2-user/data/topics/3754 826
@/home/ec2-user/data/topics/1246 827
@/home/ec2-user/data/topics/5011 828
@/home/ec2-user/data/topics/4061 829
@/home/ec2-user/data/topics/4304 830
@/home/ec2-user/data/topics/1289 831
@/home/ec2-user/data/topics/3581 832
@/home/ec2-user/data/topics/3845 833
@/home/ec2-user/data/topics/4099 834
@/home/ec2-user/data/topics/1488 835
@/home/ec2-user/data/topics/2054 836
@/home/ec2-user/data/topics/1980 837
@/home/ec2-user/data/topics/4384 838
@/home/ec2-user/data/topics/3986 839
@/home/ec2-user/data/topics/4015 840
@/home/ec2-user/data/topics/3859 841
@/home/ec2-user/data/topics/4983 842
@/home/ec2-user/data/topics/3926 843
@/home/ec2-user/data/topics/4066 844
@/home/ec2-user/data/topics/3953 845
@/home/ec2-user/data/topics/4179 846
@/home/ec2-user/data/topics/4612 847
@/home/ec2-user/data/topics/1451 848
@/home/ec2-user/data/topics/4039 849
@/home/ec2-user/data/topics/4527 850
@/home/ec2-user/data/topics/3403 851
@/home/ec2-user/data/topics/4763 852
@/home/ec2-user/data/topics/4150 853
@/home/ec2-user/data/topics/1079 854
@/home/ec2-user/data/topics/3781 855
@/home/ec2-user/data/topics/4376 856
@/home/ec2-user/data/topics/3830 857
@/home/ec2-user/data/topics/2014 858
@/home/ec2-user/data/topics/1479 859
@/home/ec2-user/data/topics/5002 860
@/home/ec2-user/data/topics/1163 861
@/home/ec2-user/data/topics/4001 862
@/home/ec2-user/data/topics/3808 863
三菱電機株式会社

@/home/ec2-user/data/topics/4562 864
@/home/ec2-user/data/topics/4235 864
@/home/ec2-user/data/topics/4220 865
@/home/ec2-user/data/topics/3841 866
@/home/ec2-user/data/topics/4221 867
@/home/ec2-user/data/topics/1220 868
@/home/ec2-user/data/topics/4663 869
@/home/ec2-user/data/topics/3451 870
@/home/ec2-user/data/topics/1754 871
@/home/ec2-user/data/topics/1536 872
@/home/ec2-user/data/topics/3466 873
@/home/ec2-user/data/topics/3800 874
@/home/ec2-user/data/topics/4305 875
@/home/ec2-user/data/topics/3921 876
@/home/ec2-user/data/topics/3666 877
@/home/ec2-user/data/topics/4133 878
@/home/ec2-user/data/topics/4149 879
@/home/ec2-user/data/topics/4419 880
@/home/ec2-user/data/topics/3856 881
@/home/ec2-user/data/topics/5032 882
@/home/ec2-user/data/topics/3506 883
@/home/ec2-user/data/topics/4552 884
@/home/ec2-user/data/topics/4076 885
@/home/ec2-user/data/topics/3409 886
@/home/ec2-user/data/topics/3873 887
@/home/ec2-user/data/topics/3469 888
@/home/ec2-user/data/topics/4514 889
@/home/ec2-user/data/topics/3595 890
@/home/ec2-user/data/topics/4834 891
@/home/ec2-user/data/topics/4880 892
@/home/ec2-user/data/topics/2146 893
@/home/ec2-user/data/topics/4233 894
@/home/ec2-user/data/topics/1872 895
@/home/ec2-user/data/topics/3397 896
@/home/ec2-user/data/topics/4614 897
@/home/ec2-user/data/topics/3465 898
@/home/ec2-user/data/topics/1738 899
@/home/ec2-user/data/topics/3592 900
@/home/ec2-user/data/topics/3616 901
@/home/ec2-user/data/topics/4282 902
@/home/ec2-user/data/topics/3490 903
@/home/ec2-user/data/topics/3612 904
@/home/ec2-user/data/topics/3609 905
@/home/ec2-user/data/topics/3453 906
@/home/ec2-user/data/topics/3747 907
@/home/ec2-user/data/topics/1792 908
@/home/ec2-user/data/topics/3820 909
@/home/ec2-user/data/topics/1110 910
@/home/ec2-user/data/topics/4041 911
@/home/ec2-user/data/topics/4518 912
@/home/ec2-user/data/topics/3774 913
@/home/ec2-user/data/topics/5033 914
@/home/ec2-user/data/topics/4181 915
@/home/ec2-user/data/topics/3412 916
@/home/ec2-user/data/topics/4047 917
@/home/ec2-user/data/topics/4980 918
@/home/ec2-user/data/topics/3963 919
@/home/ec2-user/data/topics/3493 920
住友ゴム工業株式会社

@/home/ec2-user/data/topics/4048 921
@/home/ec2-user/data/topics/1758 921
@/home/ec2-user/data/topics/4406 922
@/home/ec2-user/data/topics/4597 923
@/home/ec2-user/data/topics/1114 924
@/home/ec2-user/data/topics/4568 925
@/home/ec2-user/data/topics/2007 926
セイコーエプソン株式会社

@/home/ec2-user/data/topics/3910 927
@/home/ec2-user/data/topics/2165 927
@/home/ec2-user/data/topics/3589 928
@/home/ec2-user/data/topics/3887 929
@/home/ec2-user/data/topics/2078 930
@/home/ec2-user/data/topics/1890 931
@/home/ec2-user/data/topics/4386 932
@/home/ec2-user/data/topics/3985 933
@/home/ec2-user/data/topics/1343 934
@/home/ec2-user/data/topics/3476 935
@/home/ec2-user/data/topics/4605 936
@/home/ec2-user/data/topics/4109 937
@/home/ec2-user/data/topics/4022 938
@/home/ec2-user/data/topics/4719 939
@/home/ec2-user/data/topics/1378 940
@/home/ec2-user/data/topics/4802 941
@/home/ec2-user/data/topics/1938 942
@/home/ec2-user/data/topics/4585 943
@/home/ec2-user/data/topics/3361 944
@/home/ec2-user/data/topics/1641 945
@/home/ec2-user/data/topics/1484 946
@/home/ec2-user/data/topics/1423 947
@/home/ec2-user/data/topics/4801 948
@/home/ec2-user/data/topics/3505 949
@/home/ec2-user/data/topics/4454 950
@/home/ec2-user/data/topics/3819 951
株式会社三共

@/home/ec2-user/data/topics/1665 952
@/home/ec2-user/data/topics/1086 952
@/home/ec2-user/data/topics/1377 953
@/home/ec2-user/data/topics/1189 954
@/home/ec2-user/data/topics/4374 955
@/home/ec2-user/data/topics/2123 956
@/home/ec2-user/data/topics/4868 957
@/home/ec2-user/data/topics/1648 958
@/home/ec2-user/data/topics/2060 959
沖電気工業株式会社

@/home/ec2-user/data/topics/3690 960
@/home/ec2-user/data/topics/3964 960
@/home/ec2-user/data/topics/1531 961
@/home/ec2-user/data/topics/3433 962
@/home/ec2-user/data/topics/3764 963
@/home/ec2-user/data/topics/4299 964
@/home/ec2-user/data/topics/1188 965
@/home/ec2-user/data/topics/3621 966
@/home/ec2-user/data/topics/4308 967
@/home/ec2-user/data/topics/3571 968
@/home/ec2-user/data/topics/3457 969
@/home/ec2-user/data/topics/4693 970
@/home/ec2-user/data/topics/4575 971
@/home/ec2-user/data/topics/3395 972
株式会社三星

@/home/ec2-user/data/topics/1728 973
@/home/ec2-user/data/topics/2108 973
@/home/ec2-user/data/topics/1260 974
@/home/ec2-user/data/topics/2198 975
@/home/ec2-user/data/topics/1733 976
@/home/ec2-user/data/topics/3942 977
日本ビクター株式会社

@/home/ec2-user/data/topics/1823 978
@/home/ec2-user/data/topics/3882 978
@/home/ec2-user/data/topics/3603 979
@/home/ec2-user/data/topics/1389 980
@/home/ec2-user/data/topics/3620 981
@/home/ec2-user/data/topics/1440 982
@/home/ec2-user/data/topics/4123 983
@/home/ec2-user/data/topics/1520 984
@/home/ec2-user/data/topics/4056 985
@/home/ec2-user/data/topics/4672 986
@/home/ec2-user/data/topics/3939 987
花王株式会社

@/home/ec2-user/data/topics/4827 988
@/home/ec2-user/data/topics/3753 988
@/home/ec2-user/data/topics/2214 989
@/home/ec2-user/data/topics/3999 990
@/home/ec2-user/data/topics/4445 991
@/home/ec2-user/data/topics/4211 992
@/home/ec2-user/data/topics/1022 993
@/home/ec2-user/data/topics/3812 994
@/home/ec2-user/data/topics/3884 995
@/home/ec2-user/data/topics/4249 996
@/home/ec2-user/data/topics/1196 997
@/home/ec2-user/data/topics/1767 998
@/home/ec2-user/data/topics/4287 999
三田工業株式会社

@/home/ec2-user/data/topics/3923 1000
@/home/ec2-user/data/topics/3604 1000
@/home/ec2-user/data/topics/1034 1001
@/home/ec2-user/data/topics/2136 1002
@/home/ec2-user/data/topics/1269 1003
@/home/ec2-user/data/topics/3842 1004
@/home/ec2-user/data/topics/1766 1005
@/home/ec2-user/data/topics/2155 1006
@/home/ec2-user/data/topics/1033 1007
豊丸産業株式会社

@/home/ec2-user/data/topics/2011 1008
@/home/ec2-user/data/topics/1401 1008
@/home/ec2-user/data/topics/1284 1009
@/home/ec2-user/data/topics/2169 1010
@/home/ec2-user/data/topics/1126 1011
@/home/ec2-user/data/topics/1097 1012
@/home/ec2-user/data/topics/3672 1013
@/home/ec2-user/data/topics/1726 1014
@/home/ec2-user/data/topics/1138 1015
@/home/ec2-user/data/topics/4847 1016
@/home/ec2-user/data/topics/1588 1017
@/home/ec2-user/data/topics/1914 1018
@/home/ec2-user/data/topics/1677 1019
@/home/ec2-user/data/topics/1713 1020
@/home/ec2-user/data/topics/1353 1021
鐘紡株式会社

@/home/ec2-user/data/topics/1054 1022
@/home/ec2-user/data/topics/2185 1022
@/home/ec2-user/data/topics/2223 1023
@/home/ec2-user/data/topics/3634 1024
@/home/ec2-user/data/topics/3566 1025
@/home/ec2-user/data/topics/1901 1026
@/home/ec2-user/data/topics/3560 1027
@/home/ec2-user/data/topics/1304 1028
@/home/ec2-user/data/topics/1178 1029
@/home/ec2-user/data/topics/1870 1030
@/home/ec2-user/data/topics/2034 1031
@/home/ec2-user/data/topics/3551 1032
@/home/ec2-user/data/topics/1886 1033
@/home/ec2-user/data/topics/4195 1034
@/home/ec2-user/data/topics/1842 1035
@/home/ec2-user/data/topics/1367 1036
株式会社デンソー

@/home/ec2-user/data/topics/4498 1037
@/home/ec2-user/data/topics/1028 1037
@/home/ec2-user/data/topics/3480 1038
@/home/ec2-user/data/topics/4840 1039
@/home/ec2-user/data/topics/1855 1040
@/home/ec2-user/data/topics/4622 1041
@/home/ec2-user/data/topics/3421 1042
@/home/ec2-user/data/topics/4423 1043
@/home/ec2-user/data/topics/4164 1044
@/home/ec2-user/data/topics/4656 1045
@/home/ec2-user/data/topics/3406 1046
@/home/ec2-user/data/topics/4483 1047
@/home/ec2-user/data/topics/4675 1048
@/home/ec2-user/data/topics/4024 1049
@/home/ec2-user/data/topics/4046 1050
@/home/ec2-user/data/topics/3710 1051
@/home/ec2-user/data/topics/4805 1052
富士写真フイルム株式会社

@/home/ec2-user/data/topics/1570 1053
@/home/ec2-user/data/topics/1603 1053
@/home/ec2-user/data/topics/3918 1054
@/home/ec2-user/data/topics/1244 1055
@/home/ec2-user/data/topics/4962 1056
@/home/ec2-user/data/topics/3354 1057
@/home/ec2-user/data/topics/1662 1058
@/home/ec2-user/data/topics/3911 1059
@/home/ec2-user/data/topics/3857 1060
@/home/ec2-user/data/topics/3447 1061
@/home/ec2-user/data/topics/2134 1062
京セラ株式会社

@/home/ec2-user/data/topics/3741 1063
@/home/ec2-user/data/topics/1485 1063
@/home/ec2-user/data/topics/4513 1064
@/home/ec2-user/data/topics/3615 1065
@/home/ec2-user/data/topics/3593 1066
@/home/ec2-user/data/topics/1913 1067
@/home/ec2-user/data/topics/4340 1068
@/home/ec2-user/data/topics/1741 1069
@/home/ec2-user/data/topics/4031 1070
@/home/ec2-user/data/topics/4901 1071
@/home/ec2-user/data/topics/3869 1072
@/home/ec2-user/data/topics/1708 1073
イビデン株式会社

@/home/ec2-user/data/topics/1682 1074
@/home/ec2-user/data/topics/1336 1074
@/home/ec2-user/data/topics/1952 1075
@/home/ec2-user/data/topics/1770 1076
@/home/ec2-user/data/topics/2033 1077
@/home/ec2-user/data/topics/1315 1078
@/home/ec2-user/data/topics/3814 1079
株式会社東芝

@/home/ec2-user/data/topics/3542 1080
@/home/ec2-user/data/topics/4336 1080
@/home/ec2-user/data/topics/4509 1081
@/home/ec2-user/data/topics/3734 1082
@/home/ec2-user/data/topics/4935 1083
@/home/ec2-user/data/topics/4172 1084
@/home/ec2-user/data/topics/4912 1085
@/home/ec2-user/data/topics/4197 1086
@/home/ec2-user/data/topics/4165 1087
@/home/ec2-user/data/topics/1585 1088
@/home/ec2-user/data/topics/1090 1089
@/home/ec2-user/data/topics/1757 1090
@/home/ec2-user/data/topics/4361 1091
@/home/ec2-user/data/topics/1132 1092
@/home/ec2-user/data/topics/3834 1093
@/home/ec2-user/data/topics/1756 1094
@/home/ec2-user/data/topics/3780 1095
@/home/ec2-user/data/topics/4381 1096
@/home/ec2-user/data/topics/4631 1097
@/home/ec2-user/data/topics/3683 1098
@/home/ec2-user/data/topics/4140 1099
@/home/ec2-user/data/topics/3881 1100
@/home/ec2-user/data/topics/3948 1101
@/home/ec2-user/data/topics/3890 1102
@/home/ec2-user/data/topics/4566 1103
@/home/ec2-user/data/topics/3689 1104
@/home/ec2-user/data/topics/4751 1105
@/home/ec2-user/data/topics/3618 1106
@/home/ec2-user/data/topics/3988 1107
@/home/ec2-user/data/topics/4842 1108
@/home/ec2-user/data/topics/4594 1109
@/home/ec2-user/data/topics/3462 1110
@/home/ec2-user/data/topics/4292 1111
@/home/ec2-user/data/topics/4863 1112
@/home/ec2-user/data/topics/1205 1113
@/home/ec2-user/data/topics/3598 1114
@/home/ec2-user/data/topics/4623 1115
@/home/ec2-user/data/topics/4057 1116
@/home/ec2-user/data/topics/4089 1117
@/home/ec2-user/data/topics/3363 1118
@/home/ec2-user/data/topics/4096 1119
@/home/ec2-user/data/topics/3716 1120
@/home/ec2-user/data/topics/3851 1121
@/home/ec2-user/data/topics/4535 1122
@/home/ec2-user/data/topics/3352 1123
@/home/ec2-user/data/topics/3688 1124
@/home/ec2-user/data/topics/4881 1125
@/home/ec2-user/data/topics/3732 1126
@/home/ec2-user/data/topics/4009 1127
@/home/ec2-user/data/topics/1997 1128
@/home/ec2-user/data/topics/1819 1129
@/home/ec2-user/data/topics/3990 1130
@/home/ec2-user/data/topics/2241 1131
@/home/ec2-user/data/topics/1332 1132
@/home/ec2-user/data/topics/3351 1133
@/home/ec2-user/data/topics/4183 1134
@/home/ec2-user/data/topics/3360 1135
@/home/ec2-user/data/topics/4755 1136
@/home/ec2-user/data/topics/4302 1137
@/home/ec2-user/data/topics/3380 1138
@/home/ec2-user/data/topics/3795 1139
ヤマハ株式会社

@/home/ec2-user/data/topics/1443 1140
@/home/ec2-user/data/topics/4010 1140
@/home/ec2-user/data/topics/4145 1141
@/home/ec2-user/data/topics/4125 1142
@/home/ec2-user/data/topics/4045 1143
@/home/ec2-user/data/topics/4919 1144
@/home/ec2-user/data/topics/1911 1145
@/home/ec2-user/data/topics/1676 1146
@/home/ec2-user/data/topics/4954 1147
@/home/ec2-user/data/topics/3972 1148
@/home/ec2-user/data/topics/1720 1149
@/home/ec2-user/data/topics/4177 1150
@/home/ec2-user/data/topics/4084 1151
東洋紡績株式会社

@/home/ec2-user/data/topics/4366 1152
@/home/ec2-user/data/topics/4362 1152
@/home/ec2-user/data/topics/3769 1153
@/home/ec2-user/data/topics/1029 1154
@/home/ec2-user/data/topics/1613 1155
@/home/ec2-user/data/topics/4284 1156
三菱化学株式会社

@/home/ec2-user/data/topics/3458 1157
@/home/ec2-user/data/topics/1197 1157
@/home/ec2-user/data/topics/1902 1158
@/home/ec2-user/data/topics/3513 1159
@/home/ec2-user/data/topics/3638 1160
@/home/ec2-user/data/topics/1699 1161
カシオ計算機株式会社

@/home/ec2-user/data/topics/1535 1162
@/home/ec2-user/data/topics/1368 1162
@/home/ec2-user/data/topics/1794 1163
@/home/ec2-user/data/topics/3391 1164
@/home/ec2-user/data/topics/1235 1165
@/home/ec2-user/data/topics/1047 1166
@/home/ec2-user/data/topics/2180 1167
@/home/ec2-user/data/topics/2237 1168
コナミ株式会社

@/home/ec2-user/data/topics/4602 1169
@/home/ec2-user/data/topics/2151 1169
@/home/ec2-user/data/topics/5015 1170
@/home/ec2-user/data/topics/4681 1171
@/home/ec2-user/data/topics/2100 1172
@/home/ec2-user/data/topics/1672 1173
@/home/ec2-user/data/topics/1621 1174
@/home/ec2-user/data/topics/1302 1175
大日本スクリーン製造株式会社

@/home/ec2-user/data/topics/1173 1176
@/home/ec2-user/data/topics/1608 1176
@/home/ec2-user/data/topics/3742 1177
@/home/ec2-user/data/topics/2209 1178
@/home/ec2-user/data/topics/1779 1179
@/home/ec2-user/data/topics/2172 1180
@/home/ec2-user/data/topics/1130 1181
オムロン株式会社

@/home/ec2-user/data/topics/1579 1182
@/home/ec2-user/data/topics/3597 1182
@/home/ec2-user/data/topics/1151 1183
@/home/ec2-user/data/topics/3863 1184
@/home/ec2-user/data/topics/3748 1185
@/home/ec2-user/data/topics/3594 1186
@/home/ec2-user/data/topics/1933 1187
@/home/ec2-user/data/topics/4771 1188
@/home/ec2-user/data/topics/2096 1189
@/home/ec2-user/data/topics/1067 1190
@/home/ec2-user/data/topics/3700 1191
@/home/ec2-user/data/topics/1841 1192
@/home/ec2-user/data/topics/1657 1193
@/home/ec2-user/data/topics/1533 1194
@/home/ec2-user/data/topics/1135 1195
株式会社日立製作所

@/home/ec2-user/data/topics/1501 1196
@/home/ec2-user/data/topics/3350 1196
@/home/ec2-user/data/topics/4040 1197
@/home/ec2-user/data/topics/1825 1198
@/home/ec2-user/data/topics/4402 1199
@/home/ec2-user/data/topics/3461 1200
@/home/ec2-user/data/topics/3665 1201
@/home/ec2-user/data/topics/4559 1202
@/home/ec2-user/data/topics/1247 1203
@/home/ec2-user/data/topics/1693 1204
@/home/ec2-user/data/topics/3706 1205
@/home/ec2-user/data/topics/1296 1206
@/home/ec2-user/data/topics/1072 1207
@/home/ec2-user/data/topics/1463 1208
@/home/ec2-user/data/topics/5029 1209
@/home/ec2-user/data/topics/3994 1210
@/home/ec2-user/data/topics/3570 1211
@/home/ec2-user/data/topics/3432 1212
@/home/ec2-user/data/topics/1082 1213
@/home/ec2-user/data/topics/3822 1214
@/home/ec2-user/data/topics/1487 1215
@/home/ec2-user/data/topics/1340 1216
@/home/ec2-user/data/topics/4830 1217
@/home/ec2-user/data/topics/4545 1218
@/home/ec2-user/data/topics/1880 1219
@/home/ec2-user/data/topics/3471 1220
@/home/ec2-user/data/topics/4122 1221
@/home/ec2-user/data/topics/1833 1222
@/home/ec2-user/data/topics/4058 1223
@/home/ec2-user/data/topics/1826 1224
@/home/ec2-user/data/topics/1334 1225
@/home/ec2-user/data/topics/1651 1226
@/home/ec2-user/data/topics/4621 1227
@/home/ec2-user/data/topics/3691 1228
@/home/ec2-user/data/topics/3531 1229
@/home/ec2-user/data/topics/4489 1230
@/home/ec2-user/data/topics/4943 1231
@/home/ec2-user/data/topics/5030 1232
@/home/ec2-user/data/topics/4166 1233
@/home/ec2-user/data/topics/3993 1234
@/home/ec2-user/data/topics/3488 1235
@/home/ec2-user/data/topics/4420 1236
@/home/ec2-user/data/topics/2081 1237
@/home/ec2-user/data/topics/3965 1238
@/home/ec2-user/data/topics/2019 1239
@/home/ec2-user/data/topics/1562 1240
@/home/ec2-user/data/topics/3524 1241
@/home/ec2-user/data/topics/3588 1242
@/home/ec2-user/data/topics/3973 1243
@/home/ec2-user/data/topics/1278 1244
@/home/ec2-user/data/topics/2239 1245
@/home/ec2-user/data/topics/3772 1246
@/home/ec2-user/data/topics/3440 1247
@/home/ec2-user/data/topics/3384 1248
@/home/ec2-user/data/topics/3779 1249
@/home/ec2-user/data/topics/4401 1250
@/home/ec2-user/data/topics/1987 1251
@/home/ec2-user/data/topics/4551 1252
@/home/ec2-user/data/topics/3659 1253
@/home/ec2-user/data/topics/3596 1254
@/home/ec2-user/data/topics/1882 1255
@/home/ec2-user/data/topics/1667 1256
@/home/ec2-user/data/topics/1640 1257
@/home/ec2-user/data/topics/4493 1258
@/home/ec2-user/data/topics/4547 1259
@/home/ec2-user/data/topics/3968 1260
@/home/ec2-user/data/topics/2184 1261
@/home/ec2-user/data/topics/1249 1262
@/home/ec2-user/data/topics/4990 1263
@/home/ec2-user/data/topics/4799 1264
@/home/ec2-user/data/topics/3599 1265
@/home/ec2-user/data/topics/3648 1266
@/home/ec2-user/data/topics/3439 1267
@/home/ec2-user/data/topics/1105 1268
凸版印刷株式会社

@/home/ec2-user/data/topics/1977 1269
@/home/ec2-user/data/topics/3624 1269
@/home/ec2-user/data/topics/3500 1270
@/home/ec2-user/data/topics/4874 1271
@/home/ec2-user/data/topics/1765 1272
@/home/ec2-user/data/topics/3526 1273
@/home/ec2-user/data/topics/1091 1274
株式会社ノーリツ

@/home/ec2-user/data/topics/1760 1275
@/home/ec2-user/data/topics/1618 1275
@/home/ec2-user/data/topics/2116 1276
@/home/ec2-user/data/topics/4354 1277
@/home/ec2-user/data/topics/1598 1278
@/home/ec2-user/data/topics/1290 1279
@/home/ec2-user/data/topics/4776 1280
@/home/ec2-user/data/topics/4206 1281
川崎重工業株式会社

@/home/ec2-user/data/topics/4866 1282
@/home/ec2-user/data/topics/1162 1282
@/home/ec2-user/data/topics/4756 1283
@/home/ec2-user/data/topics/1172 1284
@/home/ec2-user/data/topics/4572 1285
@/home/ec2-user/data/topics/4793 1286
@/home/ec2-user/data/topics/5025 1287
@/home/ec2-user/data/topics/4944 1288
ティーディーケイ株式会社

@/home/ec2-user/data/topics/4619 1289
@/home/ec2-user/data/topics/1129 1289
@/home/ec2-user/data/topics/2202 1290
@/home/ec2-user/data/topics/3909 1291
@/home/ec2-user/data/topics/3798 1292
@/home/ec2-user/data/topics/3792 1293
@/home/ec2-user/data/topics/1510 1294
@/home/ec2-user/data/topics/1409 1295
@/home/ec2-user/data/topics/2210 1296
京セラミタ株式会社

@/home/ec2-user/data/topics/4564 1297
@/home/ec2-user/data/topics/4985 1297
@/home/ec2-user/data/topics/2141 1298
@/home/ec2-user/data/topics/4973 1299
@/home/ec2-user/data/topics/4174 1300
@/home/ec2-user/data/topics/1930 1301
@/home/ec2-user/data/topics/1032 1302
株式会社クボタ

@/home/ec2-user/data/topics/1448 1303
@/home/ec2-user/data/topics/3919 1303
@/home/ec2-user/data/topics/4379 1304
@/home/ec2-user/data/topics/1734 1305
@/home/ec2-user/data/topics/4251 1306
@/home/ec2-user/data/topics/3823 1307
@/home/ec2-user/data/topics/4745 1308
@/home/ec2-user/data/topics/1280 1309
@/home/ec2-user/data/topics/1012 1310
@/home/ec2-user/data/topics/3854 1311
シャープ株式会社

@/home/ec2-user/data/topics/1840 1312
@/home/ec2-user/data/topics/4127 1312
@/home/ec2-user/data/topics/4861 1313
@/home/ec2-user/data/topics/2087 1314
@/home/ec2-user/data/topics/4095 1315
@/home/ec2-user/data/topics/1384 1316
@/home/ec2-user/data/topics/3966 1317
@/home/ec2-user/data/topics/4717 1318
@/home/ec2-user/data/topics/4230 1319
@/home/ec2-user/data/topics/4245 1320
@/home/ec2-user/data/topics/4152 1321
@/home/ec2-user/data/topics/4173 1322
@/home/ec2-user/data/topics/1288 1323
@/home/ec2-user/data/topics/1154 1324
@/home/ec2-user/data/topics/1563 1325
@/home/ec2-user/data/topics/4228 1326
@/home/ec2-user/data/topics/3895 1327
@/home/ec2-user/data/topics/3673 1328
@/home/ec2-user/data/topics/4430 1329
@/home/ec2-user/data/topics/4256 1330
@/home/ec2-user/data/topics/3450 1331
@/home/ec2-user/data/topics/2118 1332
@/home/ec2-user/data/topics/3679 1333
@/home/ec2-user/data/topics/3978 1334
@/home/ec2-user/data/topics/3698 1335
@/home/ec2-user/data/topics/2020 1336
@/home/ec2-user/data/topics/1804 1337
@/home/ec2-user/data/topics/4683 1338
@/home/ec2-user/data/topics/4744 1339
@/home/ec2-user/data/topics/3776 1340
@/home/ec2-user/data/topics/3762 1341
@/home/ec2-user/data/topics/3941 1342
@/home/ec2-user/data/topics/4519 1343
@/home/ec2-user/data/topics/4782 1344
@/home/ec2-user/data/topics/3610 1345
@/home/ec2-user/data/topics/3957 1346
@/home/ec2-user/data/topics/4252 1347
@/home/ec2-user/data/topics/4691 1348
@/home/ec2-user/data/topics/3678 1349
@/home/ec2-user/data/topics/3422 1350
@/home/ec2-user/data/topics/4103 1351
@/home/ec2-user/data/topics/3981 1352
@/home/ec2-user/data/topics/3606 1353
@/home/ec2-user/data/topics/3813 1354
@/home/ec2-user/data/topics/3760 1355
@/home/ec2-user/data/topics/1318 1356
@/home/ec2-user/data/topics/4105 1357
@/home/ec2-user/data/topics/4516 1358
@/home/ec2-user/data/topics/3793 1359
@/home/ec2-user/data/topics/1970 1360
@/home/ec2-user/data/topics/1561 1361
@/home/ec2-user/data/topics/4469 1362
@/home/ec2-user/data/topics/3578 1363
@/home/ec2-user/data/topics/4583 1364
@/home/ec2-user/data/topics/4263 1365
@/home/ec2-user/data/topics/3537 1366
@/home/ec2-user/data/topics/3452 1367
@/home/ec2-user/data/topics/4019 1368
@/home/ec2-user/data/topics/4349 1369
@/home/ec2-user/data/topics/4124 1370
@/home/ec2-user/data/topics/3649 1371
@/home/ec2-user/data/topics/4323 1372
@/home/ec2-user/data/topics/1396 1373
@/home/ec2-user/data/topics/4113 1374
@/home/ec2-user/data/topics/3855 1375
@/home/ec2-user/data/topics/4648 1376
@/home/ec2-user/data/topics/4214 1377
@/home/ec2-user/data/topics/2084 1378
@/home/ec2-user/data/topics/1349 1379
@/home/ec2-user/data/topics/3832 1380
@/home/ec2-user/data/topics/1685 1381
@/home/ec2-user/data/topics/1258 1382
@/home/ec2-user/data/topics/3871 1383
@/home/ec2-user/data/topics/1431 1384
@/home/ec2-user/data/topics/1965 1385
@/home/ec2-user/data/topics/4005 1386
@/home/ec2-user/data/topics/1209 1387
@/home/ec2-user/data/topics/3777 1388
@/home/ec2-user/data/topics/3858 1389
@/home/ec2-user/data/topics/1419 1390
@/home/ec2-user/data/topics/1174 1391
日本輸送機株式会社

@/home/ec2-user/data/topics/1940 1392
@/home/ec2-user/data/topics/1108 1392
@/home/ec2-user/data/topics/1191 1393
@/home/ec2-user/data/topics/2065 1394
@/home/ec2-user/data/topics/2221 1395
@/home/ec2-user/data/topics/1493 1396
@/home/ec2-user/data/topics/3573 1397
@/home/ec2-user/data/topics/1456 1398
東京エレクトロン株式会社

@/home/ec2-user/data/topics/4702 1399
@/home/ec2-user/data/topics/4023 1399
@/home/ec2-user/data/topics/1263 1400
@/home/ec2-user/data/topics/4053 1401
@/home/ec2-user/data/topics/1800 1402
@/home/ec2-user/data/topics/4345 1403
@/home/ec2-user/data/topics/4618 1404
@/home/ec2-user/data/topics/4002 1405
@/home/ec2-user/data/topics/1736 1406
@/home/ec2-user/data/topics/1508 1407
@/home/ec2-user/data/topics/3947 1408
@/home/ec2-user/data/topics/4906 1409
株式会社村田製作所

@/home/ec2-user/data/topics/4042 1410
@/home/ec2-user/data/topics/2229 1410
@/home/ec2-user/data/topics/4432 1411
@/home/ec2-user/data/topics/4703 1412
@/home/ec2-user/data/topics/3482 1413
@/home/ec2-user/data/topics/4070 1414
@/home/ec2-user/data/topics/1374 1415
@/home/ec2-user/data/topics/3435 1416
@/home/ec2-user/data/topics/4378 1417
@/home/ec2-user/data/topics/3885 1418
@/home/ec2-user/data/topics/3697 1419
@/home/ec2-user/data/topics/4163 1420
@/home/ec2-user/data/topics/4325 1421
@/home/ec2-user/data/topics/1411 1422
@/home/ec2-user/data/topics/4417 1423
@/home/ec2-user/data/topics/4271 1424
@/home/ec2-user/data/topics/4795 1425
日本電信電話株式会社

@/home/ec2-user/data/topics/3927 1426
@/home/ec2-user/data/topics/3915 1426
@/home/ec2-user/data/topics/3359 1427
@/home/ec2-user/data/topics/3509 1428
@/home/ec2-user/data/topics/4208 1429
@/home/ec2-user/data/topics/1809 1430
@/home/ec2-user/data/topics/4146 1431
@/home/ec2-user/data/topics/3536 1432
@/home/ec2-user/data/topics/4952 1433
@/home/ec2-user/data/topics/1934 1434
@/home/ec2-user/data/topics/4870 1435
@/home/ec2-user/data/topics/4131 1436
@/home/ec2-user/data/topics/1787 1437
@/home/ec2-user/data/topics/4505 1438
@/home/ec2-user/data/topics/3650 1439
@/home/ec2-user/data/topics/3568 1440
@/home/ec2-user/data/topics/3811 1441
@/home/ec2-user/data/topics/4836 1442
@/home/ec2-user/data/topics/1042 1443
@/home/ec2-user/data/topics/4087 1444
@/home/ec2-user/data/topics/4792 1445
@/home/ec2-user/data/topics/4232 1446
@/home/ec2-user/data/topics/4115 1447
@/home/ec2-user/data/topics/4865 1448
@/home/ec2-user/data/topics/4175 1449
@/home/ec2-user/data/topics/4664 1450
@/home/ec2-user/data/topics/3425 1451
@/home/ec2-user/data/topics/3586 1452
@/home/ec2-user/data/topics/4964 1453
@/home/ec2-user/data/topics/1556 1454
@/home/ec2-user/data/topics/3785 1455
@/home/ec2-user/data/topics/2130 1456
@/home/ec2-user/data/topics/1229 1457
@/home/ec2-user/data/topics/4511 1458
@/home/ec2-user/data/topics/4488 1459
@/home/ec2-user/data/topics/3824 1460
@/home/ec2-user/data/topics/4335 1461
@/home/ec2-user/data/topics/3552 1462
@/home/ec2-user/data/topics/4965 1463
@/home/ec2-user/data/topics/4121 1464
@/home/ec2-user/data/topics/1230 1465
@/home/ec2-user/data/topics/3894 1466
@/home/ec2-user/data/topics/4925 1467
@/home/ec2-user/data/topics/1408 1468
@/home/ec2-user/data/topics/4104 1469
@/home/ec2-user/data/topics/4443 1470
@/home/ec2-user/data/topics/4025 1471
@/home/ec2-user/data/topics/4560 1472
@/home/ec2-user/data/topics/3521 1473
@/home/ec2-user/data/topics/3641 1474
@/home/ec2-user/data/topics/4114 1475
@/home/ec2-user/data/topics/2017 1476
@/home/ec2-user/data/topics/3544 1477
@/home/ec2-user/data/topics/4118 1478
@/home/ec2-user/data/topics/3928 1479
@/home/ec2-user/data/topics/4916 1480
日本鋼管株式会社

@/home/ec2-user/data/topics/1690 1481
@/home/ec2-user/data/topics/4289 1481
@/home/ec2-user/data/topics/3572 1482
@/home/ec2-user/data/topics/2095 1483
@/home/ec2-user/data/topics/1404 1484
@/home/ec2-user/data/topics/4455 1485
@/home/ec2-user/data/topics/4161 1486
株式会社神戸製鋼所

@/home/ec2-user/data/topics/1465 1487
@/home/ec2-user/data/topics/3902 1487
@/home/ec2-user/data/topics/3632 1488
@/home/ec2-user/data/topics/4949 1489
@/home/ec2-user/data/topics/2064 1490
@/home/ec2-user/data/topics/3674 1491
@/home/ec2-user/data/topics/3475 1492
株式会社ケンウッド

@/home/ec2-user/data/topics/1345 1493
@/home/ec2-user/data/topics/3839 1493
@/home/ec2-user/data/topics/3969 1494
@/home/ec2-user/data/topics/1698 1495
@/home/ec2-user/data/topics/4467 1496
@/home/ec2-user/data/topics/1186 1497
@/home/ec2-user/data/topics/2163 1498
@/home/ec2-user/data/topics/4167 1499
@/home/ec2-user/data/topics/2036 1500
@/home/ec2-user/data/topics/3463 1501
@/home/ec2-user/data/topics/1241 1502
@/home/ec2-user/data/topics/3878 1503
@/home/ec2-user/data/topics/3794 1504
@/home/ec2-user/data/topics/3801 1505
@/home/ec2-user/data/topics/4050 1506
@/home/ec2-user/data/topics/3977 1507
@/home/ec2-user/data/topics/1617 1508
@/home/ec2-user/data/topics/1115 1509
@/home/ec2-user/data/topics/1424 1510
@/home/ec2-user/data/topics/4038 1511
@/home/ec2-user/data/topics/1896 1512
東陶機器株式会社

@/home/ec2-user/data/topics/2135 1513
@/home/ec2-user/data/topics/3583 1513
@/home/ec2-user/data/topics/1626 1514
@/home/ec2-user/data/topics/3821 1515
@/home/ec2-user/data/topics/1692 1516
@/home/ec2-user/data/topics/1735 1517
本田技研工業株式会社

@/home/ec2-user/data/topics/1822 1518
@/home/ec2-user/data/topics/1143 1518
@/home/ec2-user/data/topics/5026 1519
@/home/ec2-user/data/topics/3685 1520
@/home/ec2-user/data/topics/1215 1521
@/home/ec2-user/data/topics/4331 1522
@/home/ec2-user/data/topics/4888 1523
@/home/ec2-user/data/topics/2000 1524
@/home/ec2-user/data/topics/4375 1525
@/home/ec2-user/data/topics/1444 1526
@/home/ec2-user/data/topics/4033 1527
@/home/ec2-user/data/topics/1266 1528
@/home/ec2-user/data/topics/4132 1529
@/home/ec2-user/data/topics/1226 1530
@/home/ec2-user/data/topics/4783 1531
@/home/ec2-user/data/topics/1818 1532
@/home/ec2-user/data/topics/1605 1533
@/home/ec2-user/data/topics/4199 1534
@/home/ec2-user/data/topics/2016 1535
新日本製鐵株式会社

@/home/ec2-user/data/topics/3899 1536
@/home/ec2-user/data/topics/5008 1536
@/home/ec2-user/data/topics/3368 1537
@/home/ec2-user/data/topics/4472 1538
@/home/ec2-user/data/topics/3663 1539
@/home/ec2-user/data/topics/3861 1540
松下電工株式会社

@/home/ec2-user/data/topics/3778 1541
@/home/ec2-user/data/topics/3511 1541
@/home/ec2-user/data/topics/4012 1542
@/home/ec2-user/data/topics/4450 1543
@/home/ec2-user/data/topics/1311 1544
@/home/ec2-user/data/topics/3835 1545
@/home/ec2-user/data/topics/4029 1546
@/home/ec2-user/data/topics/1011 1547
@/home/ec2-user/data/topics/4094 1548
@/home/ec2-user/data/topics/1803 1549
@/home/ec2-user/data/topics/4317 1550
@/home/ec2-user/data/topics/4347 1551
@/home/ec2-user/data/topics/3670 1552
@/home/ec2-user/data/topics/3565 1553
@/home/ec2-user/data/topics/4592 1554
@/home/ec2-user/data/topics/2045 1555
@/home/ec2-user/data/topics/4083 1556
@/home/ec2-user/data/topics/3651 1557
@/home/ec2-user/data/topics/3932 1558
@/home/ec2-user/data/topics/3549 1559
@/home/ec2-user/data/topics/1251 1560
@/home/ec2-user/data/topics/3379 1561
usernum: 72
hit: 1005
simhit: 1215
simmax: 0.664017443537
simmin: 0.0
simavg: 0.204707106289
dlmax: 0.126525581598
dlmin: 0.00814547362665
dlavg: 0.0324487082815
mthit: 1270
mthls: 43
srp: 519.356
total: 1562
hit/total: 0.643405889885
simhit/total: 0.777848911652
mthit/(total+usernum): 0.77723378213
mthls/(total+usernum): 0.0263157894737
srp/(total+usernum): 0.105947776418
srp20/(total+usernum): 0.0333843329253
srp100/(total+usernum): 0.0648796409629
srp500/(total+usernum): 0.0918135454916

2016-12-23 15:59:04.326814
