2017-01-12 20:23:38.365417

topic-folder:/home/ec2-user/data/topics/
cl-file:/home/ec2-user/git/tfidf/result-new/b232-1-2.txt
cl-floder:/home/ec2-user/data/lsaclass/
zipf:0.11
stype[0(tfidf)/1(tfidf2)/2(lsa)/3(lda)]:2
dtype[<0(diff*rand)/0(diff)/1(same)/>=2(diff*same)]:0
output-floder:/home/ec2-user/git/userquery/result

三菱マテリアル株式会社

@/home/ec2-user/data/topics/1085 0
@/home/ec2-user/data/topics/3470 0
@/home/ec2-user/data/topics/3546 1
@/home/ec2-user/data/topics/2093 2
@/home/ec2-user/data/topics/3866 3
@/home/ec2-user/data/topics/1638 4
@/home/ec2-user/data/topics/3630 5
@/home/ec2-user/data/topics/3520 6
日本精機株式会社

@/home/ec2-user/data/topics/4690 7
@/home/ec2-user/data/topics/4907 7
@/home/ec2-user/data/topics/4972 8
@/home/ec2-user/data/topics/4875 9
@/home/ec2-user/data/topics/4709 10
@/home/ec2-user/data/topics/1398 11
コニカ株式会社

@/home/ec2-user/data/topics/3533 12
@/home/ec2-user/data/topics/2162 12
@/home/ec2-user/data/topics/3357 13
@/home/ec2-user/data/topics/3414 14
@/home/ec2-user/data/topics/3370 15
@/home/ec2-user/data/topics/3418 16
@/home/ec2-user/data/topics/3431 17
@/home/ec2-user/data/topics/1946 18
@/home/ec2-user/data/topics/3426 19
@/home/ec2-user/data/topics/3419 20
@/home/ec2-user/data/topics/3486 21
埼玉日本電気株式会社

@/home/ec2-user/data/topics/1620 22
@/home/ec2-user/data/topics/1512 22
@/home/ec2-user/data/topics/4283 23
@/home/ec2-user/data/topics/4496 24
@/home/ec2-user/data/topics/4242 25
@/home/ec2-user/data/topics/4279 26
@/home/ec2-user/data/topics/4998 27
@/home/ec2-user/data/topics/4468 28
@/home/ec2-user/data/topics/5010 29
アルプス電気株式会社

@/home/ec2-user/data/topics/3582 30
@/home/ec2-user/data/topics/2012 30
@/home/ec2-user/data/topics/2089 31
@/home/ec2-user/data/topics/1253 32
@/home/ec2-user/data/topics/1434 33
@/home/ec2-user/data/topics/4791 34
@/home/ec2-user/data/topics/3429 35
三菱重工業株式会社

@/home/ec2-user/data/topics/4687 36
@/home/ec2-user/data/topics/3637 36
@/home/ec2-user/data/topics/4882 37
@/home/ec2-user/data/topics/5022 38
@/home/ec2-user/data/topics/3591 39
@/home/ec2-user/data/topics/3833 40
@/home/ec2-user/data/topics/4862 41
@/home/ec2-user/data/topics/3944 42
@/home/ec2-user/data/topics/3529 43
@/home/ec2-user/data/topics/3503 44
@/home/ec2-user/data/topics/4563 45
@/home/ec2-user/data/topics/4412 46
村田機械株式会社

@/home/ec2-user/data/topics/1293 47
@/home/ec2-user/data/topics/4596 47
@/home/ec2-user/data/topics/4441 48
@/home/ec2-user/data/topics/4638 49
@/home/ec2-user/data/topics/4565 50
@/home/ec2-user/data/topics/1511 51
@/home/ec2-user/data/topics/4570 52
@/home/ec2-user/data/topics/1074 53
@/home/ec2-user/data/topics/4556 54
@/home/ec2-user/data/topics/4835 55
@/home/ec2-user/data/topics/4645 56
@/home/ec2-user/data/topics/3740 57
@/home/ec2-user/data/topics/5000 58
@/home/ec2-user/data/topics/4746 59
@/home/ec2-user/data/topics/1607 60
@/home/ec2-user/data/topics/4941 61
@/home/ec2-user/data/topics/3528 62
川崎製鉄株式会社

@/home/ec2-user/data/topics/3413 63
@/home/ec2-user/data/topics/3483 63
@/home/ec2-user/data/topics/1459 64
@/home/ec2-user/data/topics/3553 65
@/home/ec2-user/data/topics/3929 66
@/home/ec2-user/data/topics/1037 67
@/home/ec2-user/data/topics/3532 68
@/home/ec2-user/data/topics/3611 69
@/home/ec2-user/data/topics/4615 70
ダイキン工業株式会社

@/home/ec2-user/data/topics/4734 71
@/home/ec2-user/data/topics/1565 71
@/home/ec2-user/data/topics/4845 72
@/home/ec2-user/data/topics/4367 73
@/home/ec2-user/data/topics/4400 74
@/home/ec2-user/data/topics/3888 75
@/home/ec2-user/data/topics/4515 76
@/home/ec2-user/data/topics/1600 77
@/home/ec2-user/data/topics/4858 78
@/home/ec2-user/data/topics/4701 79
@/home/ec2-user/data/topics/4753 80
三菱自動車工業株式会社

@/home/ec2-user/data/topics/1527 81
@/home/ec2-user/data/topics/2101 81
@/home/ec2-user/data/topics/4189 82
@/home/ec2-user/data/topics/3815 83
@/home/ec2-user/data/topics/1816 84
@/home/ec2-user/data/topics/3940 85
@/home/ec2-user/data/topics/3502 86
@/home/ec2-user/data/topics/1428 87
日産自動車株式会社

@/home/ec2-user/data/topics/3936 88
@/home/ec2-user/data/topics/3829 88
@/home/ec2-user/data/topics/3723 89
@/home/ec2-user/data/topics/3712 90
@/home/ec2-user/data/topics/3677 91
@/home/ec2-user/data/topics/4982 92
@/home/ec2-user/data/topics/3497 93
@/home/ec2-user/data/topics/4074 94
@/home/ec2-user/data/topics/3489 95
@/home/ec2-user/data/topics/3645 96
@/home/ec2-user/data/topics/3501 97
トヨタ自動車株式会社

@/home/ec2-user/data/topics/4346 98
@/home/ec2-user/data/topics/4030 98
@/home/ec2-user/data/topics/3725 99
@/home/ec2-user/data/topics/4617 100
@/home/ec2-user/data/topics/4767 101
@/home/ec2-user/data/topics/3943 102
@/home/ec2-user/data/topics/4008 103
@/home/ec2-user/data/topics/4426 104
@/home/ec2-user/data/topics/4543 105
@/home/ec2-user/data/topics/3481 106
@/home/ec2-user/data/topics/4920 107
@/home/ec2-user/data/topics/3405 108
@/home/ec2-user/data/topics/3671 109
@/home/ec2-user/data/topics/4633 110
@/home/ec2-user/data/topics/2218 111
@/home/ec2-user/data/topics/4647 112
@/home/ec2-user/data/topics/1494 113
@/home/ec2-user/data/topics/3758 114
@/home/ec2-user/data/topics/4298 115
@/home/ec2-user/data/topics/1551 116
@/home/ec2-user/data/topics/4144 117
@/home/ec2-user/data/topics/3783 118
@/home/ec2-user/data/topics/4658 119
@/home/ec2-user/data/topics/3699 120
@/home/ec2-user/data/topics/3731 121
@/home/ec2-user/data/topics/3356 122
@/home/ec2-user/data/topics/2111 123
@/home/ec2-user/data/topics/4064 124
@/home/ec2-user/data/topics/3587 125
オリンパス光学工業株式会社

@/home/ec2-user/data/topics/1586 126
@/home/ec2-user/data/topics/5006 126
@/home/ec2-user/data/topics/1869 127
@/home/ec2-user/data/topics/2026 128
@/home/ec2-user/data/topics/1835 129
@/home/ec2-user/data/topics/1981 130
@/home/ec2-user/data/topics/1107 131
@/home/ec2-user/data/topics/4007 132
@/home/ec2-user/data/topics/4878 133
@/home/ec2-user/data/topics/4013 134
@/home/ec2-user/data/topics/1739 135
@/home/ec2-user/data/topics/1155 136
ブラザー工業株式会社

@/home/ec2-user/data/topics/3613 137
@/home/ec2-user/data/topics/1906 137
@/home/ec2-user/data/topics/1636 138
@/home/ec2-user/data/topics/3507 139
@/home/ec2-user/data/topics/3477 140
@/home/ec2-user/data/topics/4548 141
@/home/ec2-user/data/topics/1697 142
@/home/ec2-user/data/topics/3789 143
@/home/ec2-user/data/topics/1076 144
@/home/ec2-user/data/topics/2086 145
@/home/ec2-user/data/topics/1300 146
@/home/ec2-user/data/topics/1183 147
@/home/ec2-user/data/topics/2085 148
@/home/ec2-user/data/topics/1164 149
@/home/ec2-user/data/topics/3686 150
富士通株式会社

@/home/ec2-user/data/topics/2227 151
@/home/ec2-user/data/topics/1609 151
@/home/ec2-user/data/topics/2215 152
@/home/ec2-user/data/topics/3538 153
@/home/ec2-user/data/topics/1547 154
@/home/ec2-user/data/topics/3802 155
@/home/ec2-user/data/topics/1271 156
@/home/ec2-user/data/topics/3970 157
@/home/ec2-user/data/topics/3381 158
@/home/ec2-user/data/topics/3799 159
@/home/ec2-user/data/topics/3850 160
@/home/ec2-user/data/topics/3399 161
@/home/ec2-user/data/topics/3883 162
@/home/ec2-user/data/topics/3765 163
@/home/ec2-user/data/topics/1998 164
@/home/ec2-user/data/topics/3751 165
@/home/ec2-user/data/topics/1264 166
@/home/ec2-user/data/topics/1874 167
@/home/ec2-user/data/topics/3400 168
@/home/ec2-user/data/topics/3912 169
@/home/ec2-user/data/topics/1123 170
@/home/ec2-user/data/topics/3636 171
@/home/ec2-user/data/topics/3460 172
@/home/ec2-user/data/topics/3870 173
@/home/ec2-user/data/topics/3962 174
@/home/ec2-user/data/topics/5004 175
@/home/ec2-user/data/topics/3749 176
@/home/ec2-user/data/topics/2216 177
@/home/ec2-user/data/topics/3428 178
@/home/ec2-user/data/topics/3846 179
@/home/ec2-user/data/topics/3862 180
@/home/ec2-user/data/topics/4191 181
静岡日本電気株式会社

@/home/ec2-user/data/topics/4250 182
@/home/ec2-user/data/topics/4531 182
@/home/ec2-user/data/topics/4314 183
@/home/ec2-user/data/topics/4507 184
@/home/ec2-user/data/topics/4326 185
@/home/ec2-user/data/topics/4365 186
住友重機械工業株式会社

@/home/ec2-user/data/topics/1505 187
@/home/ec2-user/data/topics/3868 187
@/home/ec2-user/data/topics/4854 188
@/home/ec2-user/data/topics/1900 189
@/home/ec2-user/data/topics/3952 190
@/home/ec2-user/data/topics/1553 191
@/home/ec2-user/data/topics/1373 192
@/home/ec2-user/data/topics/1019 193
@/home/ec2-user/data/topics/2039 194
大日本印刷株式会社

@/home/ec2-user/data/topics/1564 195
@/home/ec2-user/data/topics/1145 195
@/home/ec2-user/data/topics/1099 196
@/home/ec2-user/data/topics/3569 197
@/home/ec2-user/data/topics/3388 198
@/home/ec2-user/data/topics/1262 199
日本電気株式会社

@/home/ec2-user/data/topics/4626 200
@/home/ec2-user/data/topics/4850 200
@/home/ec2-user/data/topics/2144 201
@/home/ec2-user/data/topics/4838 202
@/home/ec2-user/data/topics/4940 203
@/home/ec2-user/data/topics/4309 204
@/home/ec2-user/data/topics/4764 205
@/home/ec2-user/data/topics/1852 206
@/home/ec2-user/data/topics/4142 207
@/home/ec2-user/data/topics/4742 208
@/home/ec2-user/data/topics/4338 209
@/home/ec2-user/data/topics/3875 210
@/home/ec2-user/data/topics/4276 211
@/home/ec2-user/data/topics/4275 212
@/home/ec2-user/data/topics/4926 213
@/home/ec2-user/data/topics/4063 214
@/home/ec2-user/data/topics/3971 215
@/home/ec2-user/data/topics/4352 216
@/home/ec2-user/data/topics/4240 217
@/home/ec2-user/data/topics/4390 218
@/home/ec2-user/data/topics/4082 219
@/home/ec2-user/data/topics/2031 220
@/home/ec2-user/data/topics/4530 221
@/home/ec2-user/data/topics/4238 222
@/home/ec2-user/data/topics/2041 223
@/home/ec2-user/data/topics/4272 224
@/home/ec2-user/data/topics/4536 225
@/home/ec2-user/data/topics/1937 226
@/home/ec2-user/data/topics/4497 227
@/home/ec2-user/data/topics/4404 228
@/home/ec2-user/data/topics/1326 229
@/home/ec2-user/data/topics/1523 230
@/home/ec2-user/data/topics/4389 231
@/home/ec2-user/data/topics/4359 232
@/home/ec2-user/data/topics/4313 233
@/home/ec2-user/data/topics/1052 234
@/home/ec2-user/data/topics/4760 235
@/home/ec2-user/data/topics/1557 236
@/home/ec2-user/data/topics/1464 237
@/home/ec2-user/data/topics/4434 238
@/home/ec2-user/data/topics/4613 239
@/home/ec2-user/data/topics/4595 240
@/home/ec2-user/data/topics/4267 241
@/home/ec2-user/data/topics/4071 242
@/home/ec2-user/data/topics/5034 243
@/home/ec2-user/data/topics/1457 244
@/home/ec2-user/data/topics/1624 245
@/home/ec2-user/data/topics/4093 246
@/home/ec2-user/data/topics/4128 247
@/home/ec2-user/data/topics/4537 248
@/home/ec2-user/data/topics/4244 249
@/home/ec2-user/data/topics/4490 250
@/home/ec2-user/data/topics/4236 251
@/home/ec2-user/data/topics/4650 252
@/home/ec2-user/data/topics/4246 253
@/home/ec2-user/data/topics/4318 254
@/home/ec2-user/data/topics/4281 255
@/home/ec2-user/data/topics/4393 256
@/home/ec2-user/data/topics/1891 257
@/home/ec2-user/data/topics/4770 258
@/home/ec2-user/data/topics/4429 259
@/home/ec2-user/data/topics/4533 260
@/home/ec2-user/data/topics/4634 261
@/home/ec2-user/data/topics/4877 262
@/home/ec2-user/data/topics/4260 263
@/home/ec2-user/data/topics/4116 264
@/home/ec2-user/data/topics/2166 265
@/home/ec2-user/data/topics/4561 266
@/home/ec2-user/data/topics/4418 267
@/home/ec2-user/data/topics/3897 268
@/home/ec2-user/data/topics/1928 269
@/home/ec2-user/data/topics/4609 270
@/home/ec2-user/data/topics/4824 271
@/home/ec2-user/data/topics/4100 272
@/home/ec2-user/data/topics/4371 273
@/home/ec2-user/data/topics/1724 274
@/home/ec2-user/data/topics/4204 275
@/home/ec2-user/data/topics/1199 276
@/home/ec2-user/data/topics/4243 277
@/home/ec2-user/data/topics/1815 278
@/home/ec2-user/data/topics/1364 279
@/home/ec2-user/data/topics/1016 280
@/home/ec2-user/data/topics/4186 281
@/home/ec2-user/data/topics/4097 282
@/home/ec2-user/data/topics/4207 283
@/home/ec2-user/data/topics/2127 284
@/home/ec2-user/data/topics/4137 285
@/home/ec2-user/data/topics/1867 286
@/home/ec2-user/data/topics/4119 287
@/home/ec2-user/data/topics/4446 288
@/home/ec2-user/data/topics/4902 289
@/home/ec2-user/data/topics/4485 290
@/home/ec2-user/data/topics/4808 291
@/home/ec2-user/data/topics/1122 292
@/home/ec2-user/data/topics/1710 293
@/home/ec2-user/data/topics/4254 294
@/home/ec2-user/data/topics/1973 295
@/home/ec2-user/data/topics/4749 296
@/home/ec2-user/data/topics/4092 297
@/home/ec2-user/data/topics/4598 298
@/home/ec2-user/data/topics/4651 299
@/home/ec2-user/data/topics/4659 300
@/home/ec2-user/data/topics/1360 301
@/home/ec2-user/data/topics/4278 302
@/home/ec2-user/data/topics/4892 303
@/home/ec2-user/data/topics/2022 304
@/home/ec2-user/data/topics/1791 305
@/home/ec2-user/data/topics/4154 306
@/home/ec2-user/data/topics/1595 307
@/home/ec2-user/data/topics/3995 308
@/home/ec2-user/data/topics/4718 309
@/home/ec2-user/data/topics/3956 310
@/home/ec2-user/data/topics/2119 311
@/home/ec2-user/data/topics/3853 312
@/home/ec2-user/data/topics/1112 313
@/home/ec2-user/data/topics/4227 314
@/home/ec2-user/data/topics/4342 315
@/home/ec2-user/data/topics/1044 316
@/home/ec2-user/data/topics/4158 317
@/home/ec2-user/data/topics/4153 318
@/home/ec2-user/data/topics/4725 319
@/home/ec2-user/data/topics/4427 320
@/home/ec2-user/data/topics/2150 321
@/home/ec2-user/data/topics/4578 322
@/home/ec2-user/data/topics/4876 323
@/home/ec2-user/data/topics/4442 324
@/home/ec2-user/data/topics/4247 325
@/home/ec2-user/data/topics/4288 326
@/home/ec2-user/data/topics/1383 327
@/home/ec2-user/data/topics/4447 328
@/home/ec2-user/data/topics/4486 329
@/home/ec2-user/data/topics/4257 330
@/home/ec2-user/data/topics/4440 331
@/home/ec2-user/data/topics/1100 332
@/home/ec2-user/data/topics/4360 333
@/home/ec2-user/data/topics/4549 334
@/home/ec2-user/data/topics/1773 335
@/home/ec2-user/data/topics/3766 336
@/home/ec2-user/data/topics/4644 337
@/home/ec2-user/data/topics/4775 338
@/home/ec2-user/data/topics/4138 339
@/home/ec2-user/data/topics/1783 340
@/home/ec2-user/data/topics/3744 341
@/home/ec2-user/data/topics/4081 342
@/home/ec2-user/data/topics/4398 343
@/home/ec2-user/data/topics/4003 344
@/home/ec2-user/data/topics/1281 345
@/home/ec2-user/data/topics/3954 346
@/home/ec2-user/data/topics/4062 347
@/home/ec2-user/data/topics/4168 348
@/home/ec2-user/data/topics/4388 349
@/home/ec2-user/data/topics/1567 350
@/home/ec2-user/data/topics/4643 351
@/home/ec2-user/data/topics/4460 352
@/home/ec2-user/data/topics/1634 353
@/home/ec2-user/data/topics/1078 354
@/home/ec2-user/data/topics/1661 355
@/home/ec2-user/data/topics/4196 356
@/home/ec2-user/data/topics/3896 357
@/home/ec2-user/data/topics/4646 358
@/home/ec2-user/data/topics/4728 359
@/home/ec2-user/data/topics/1101 360
@/home/ec2-user/data/topics/1764 361
@/home/ec2-user/data/topics/4433 362
@/home/ec2-user/data/topics/4721 363
@/home/ec2-user/data/topics/4666 364
@/home/ec2-user/data/topics/3729 365
@/home/ec2-user/data/topics/4273 366
@/home/ec2-user/data/topics/4689 367
@/home/ec2-user/data/topics/4477 368
@/home/ec2-user/data/topics/4696 369
@/home/ec2-user/data/topics/4665 370
@/home/ec2-user/data/topics/4414 371
@/home/ec2-user/data/topics/3724 372
@/home/ec2-user/data/topics/1116 373
@/home/ec2-user/data/topics/4209 374
@/home/ec2-user/data/topics/4699 375
@/home/ec2-user/data/topics/4192 376
@/home/ec2-user/data/topics/4162 377
@/home/ec2-user/data/topics/4185 378
@/home/ec2-user/data/topics/4750 379
@/home/ec2-user/data/topics/4017 380
@/home/ec2-user/data/topics/3767 381
@/home/ec2-user/data/topics/1923 382
@/home/ec2-user/data/topics/4480 383
@/home/ec2-user/data/topics/4682 384
@/home/ec2-user/data/topics/3938 385
@/home/ec2-user/data/topics/4759 386
@/home/ec2-user/data/topics/1612 387
@/home/ec2-user/data/topics/4816 388
@/home/ec2-user/data/topics/4129 389
@/home/ec2-user/data/topics/1486 390
@/home/ec2-user/data/topics/4343 391
@/home/ec2-user/data/topics/4657 392
@/home/ec2-user/data/topics/4708 393
@/home/ec2-user/data/topics/4532 394
@/home/ec2-user/data/topics/4779 395
@/home/ec2-user/data/topics/4603 396
@/home/ec2-user/data/topics/4785 397
@/home/ec2-user/data/topics/4300 398
@/home/ec2-user/data/topics/3865 399
@/home/ec2-user/data/topics/4310 400
@/home/ec2-user/data/topics/3886 401
@/home/ec2-user/data/topics/4216 402
@/home/ec2-user/data/topics/4134 403
@/home/ec2-user/data/topics/4171 404
@/home/ec2-user/data/topics/1362 405
@/home/ec2-user/data/topics/4584 406
@/home/ec2-user/data/topics/4320 407
@/home/ec2-user/data/topics/4258 408
@/home/ec2-user/data/topics/4120 409
@/home/ec2-user/data/topics/4315 410
@/home/ec2-user/data/topics/1844 411
@/home/ec2-user/data/topics/1879 412
@/home/ec2-user/data/topics/4458 413
@/home/ec2-user/data/topics/4319 414
@/home/ec2-user/data/topics/2088 415
@/home/ec2-user/data/topics/1948 416
@/home/ec2-user/data/topics/4425 417
@/home/ec2-user/data/topics/1500 418
松下電器産業株式会社

@/home/ec2-user/data/topics/4804 419
@/home/ec2-user/data/topics/4307 419
@/home/ec2-user/data/topics/1516 420
@/home/ec2-user/data/topics/4586 421
@/home/ec2-user/data/topics/3514 422
@/home/ec2-user/data/topics/4459 423
@/home/ec2-user/data/topics/3386 424
@/home/ec2-user/data/topics/4798 425
@/home/ec2-user/data/topics/1635 426
@/home/ec2-user/data/topics/1705 427
@/home/ec2-user/data/topics/4215 428
@/home/ec2-user/data/topics/4160 429
@/home/ec2-user/data/topics/4502 430
@/home/ec2-user/data/topics/3739 431
@/home/ec2-user/data/topics/3904 432
@/home/ec2-user/data/topics/3719 433
@/home/ec2-user/data/topics/4625 434
@/home/ec2-user/data/topics/3402 435
@/home/ec2-user/data/topics/4961 436
@/home/ec2-user/data/topics/1955 437
@/home/ec2-user/data/topics/3704 438
@/home/ec2-user/data/topics/4193 439
@/home/ec2-user/data/topics/1252 440
@/home/ec2-user/data/topics/4280 441
@/home/ec2-user/data/topics/3676 442
@/home/ec2-user/data/topics/1881 443
@/home/ec2-user/data/topics/1829 444
@/home/ec2-user/data/topics/3519 445
@/home/ec2-user/data/topics/4229 446
@/home/ec2-user/data/topics/3721 447
@/home/ec2-user/data/topics/1885 448
@/home/ec2-user/data/topics/1257 449
@/home/ec2-user/data/topics/4867 450
@/home/ec2-user/data/topics/3746 451
@/home/ec2-user/data/topics/1762 452
@/home/ec2-user/data/topics/1701 453
@/home/ec2-user/data/topics/3979 454
@/home/ec2-user/data/topics/4448 455
@/home/ec2-user/data/topics/4303 456
@/home/ec2-user/data/topics/2056 457
@/home/ec2-user/data/topics/3455 458
@/home/ec2-user/data/topics/4761 459
@/home/ec2-user/data/topics/1540 460
@/home/ec2-user/data/topics/4574 461
@/home/ec2-user/data/topics/3558 462
@/home/ec2-user/data/topics/4797 463
@/home/ec2-user/data/topics/3680 464
@/home/ec2-user/data/topics/4503 465
@/home/ec2-user/data/topics/1633 466
@/home/ec2-user/data/topics/4159 467
@/home/ec2-user/data/topics/2156 468
@/home/ec2-user/data/topics/1589 469
@/home/ec2-user/data/topics/4101 470
@/home/ec2-user/data/topics/5024 471
@/home/ec2-user/data/topics/3494 472
@/home/ec2-user/data/topics/1509 473
@/home/ec2-user/data/topics/1477 474
@/home/ec2-user/data/topics/4918 475
@/home/ec2-user/data/topics/1026 476
@/home/ec2-user/data/topics/3847 477
@/home/ec2-user/data/topics/2129 478
@/home/ec2-user/data/topics/2170 479
@/home/ec2-user/data/topics/4385 480
@/home/ec2-user/data/topics/4098 481
@/home/ec2-user/data/topics/1339 482
@/home/ec2-user/data/topics/3960 483
@/home/ec2-user/data/topics/4936 484
@/home/ec2-user/data/topics/4139 485
@/home/ec2-user/data/topics/1070 486
@/home/ec2-user/data/topics/4043 487
@/home/ec2-user/data/topics/4599 488
@/home/ec2-user/data/topics/3761 489
@/home/ec2-user/data/topics/1136 490
@/home/ec2-user/data/topics/4180 491
@/home/ec2-user/data/topics/1898 492
@/home/ec2-user/data/topics/4355 493
@/home/ec2-user/data/topics/4707 494
@/home/ec2-user/data/topics/1812 495
@/home/ec2-user/data/topics/3658 496
@/home/ec2-user/data/topics/4817 497
@/home/ec2-user/data/topics/4885 498
@/home/ec2-user/data/topics/4126 499
@/home/ec2-user/data/topics/4945 500
@/home/ec2-user/data/topics/4264 501
@/home/ec2-user/data/topics/3694 502
@/home/ec2-user/data/topics/4917 503
@/home/ec2-user/data/topics/4491 504
@/home/ec2-user/data/topics/4558 505
@/home/ec2-user/data/topics/1157 506
@/home/ec2-user/data/topics/3585 507
@/home/ec2-user/data/topics/4577 508
@/home/ec2-user/data/topics/3920 509
@/home/ec2-user/data/topics/4000 510
@/home/ec2-user/data/topics/4787 511
@/home/ec2-user/data/topics/3619 512
@/home/ec2-user/data/topics/4676 513
@/home/ec2-user/data/topics/2029 514
@/home/ec2-user/data/topics/1706 515
@/home/ec2-user/data/topics/2222 516
@/home/ec2-user/data/topics/1158 517
@/home/ec2-user/data/topics/5028 518
@/home/ec2-user/data/topics/4382 519
@/home/ec2-user/data/topics/3692 520
@/home/ec2-user/data/topics/1525 521
@/home/ec2-user/data/topics/3510 522
@/home/ec2-user/data/topics/4102 523
@/home/ec2-user/data/topics/4422 524
@/home/ec2-user/data/topics/4274 525
@/home/ec2-user/data/topics/4475 526
@/home/ec2-user/data/topics/2080 527
@/home/ec2-user/data/topics/4667 528
@/home/ec2-user/data/topics/3404 529
@/home/ec2-user/data/topics/1179 530
@/home/ec2-user/data/topics/3951 531
@/home/ec2-user/data/topics/4968 532
@/home/ec2-user/data/topics/4394 533
@/home/ec2-user/data/topics/3807 534
@/home/ec2-user/data/topics/4754 535
@/home/ec2-user/data/topics/4464 536
@/home/ec2-user/data/topics/1748 537
@/home/ec2-user/data/topics/4157 538
@/home/ec2-user/data/topics/4501 539
@/home/ec2-user/data/topics/4806 540
セイコーインスツルメンツ株式会社

@/home/ec2-user/data/topics/4203 541
@/home/ec2-user/data/topics/3825 541
@/home/ec2-user/data/topics/4088 542
@/home/ec2-user/data/topics/3626 543
@/home/ec2-user/data/topics/4190 544
@/home/ec2-user/data/topics/4036 545
@/home/ec2-user/data/topics/1707 546
@/home/ec2-user/data/topics/4151 547
@/home/ec2-user/data/topics/4997 548
ミノルタ株式会社

@/home/ec2-user/data/topics/3545 549
@/home/ec2-user/data/topics/4970 549
@/home/ec2-user/data/topics/4321 550
@/home/ec2-user/data/topics/3584 551
@/home/ec2-user/data/topics/2190 552
@/home/ec2-user/data/topics/3810 553
@/home/ec2-user/data/topics/4951 554
@/home/ec2-user/data/topics/4971 555
@/home/ec2-user/data/topics/1152 556
@/home/ec2-user/data/topics/4984 557
@/home/ec2-user/data/topics/4986 558
@/home/ec2-user/data/topics/4977 559
株式会社リコー

@/home/ec2-user/data/topics/1478 560
@/home/ec2-user/data/topics/4616 560
@/home/ec2-user/data/topics/1691 561
@/home/ec2-user/data/topics/1776 562
@/home/ec2-user/data/topics/1610 563
@/home/ec2-user/data/topics/3711 564
@/home/ec2-user/data/topics/3530 565
@/home/ec2-user/data/topics/4037 566
@/home/ec2-user/data/topics/3669 567
@/home/ec2-user/data/topics/3424 568
@/home/ec2-user/data/topics/1627 569
@/home/ec2-user/data/topics/2201 570
@/home/ec2-user/data/topics/1482 571
@/home/ec2-user/data/topics/1436 572
@/home/ec2-user/data/topics/3495 573
@/home/ec2-user/data/topics/1669 574
@/home/ec2-user/data/topics/1095 575
@/home/ec2-user/data/topics/1775 576
@/home/ec2-user/data/topics/1774 577
@/home/ec2-user/data/topics/3557 578
@/home/ec2-user/data/topics/3446 579
@/home/ec2-user/data/topics/3633 580
@/home/ec2-user/data/topics/3687 581
@/home/ec2-user/data/topics/3775 582
@/home/ec2-user/data/topics/3523 583
@/home/ec2-user/data/topics/1976 584
@/home/ec2-user/data/topics/3713 585
@/home/ec2-user/data/topics/3837 586
@/home/ec2-user/data/topics/1064 587
@/home/ec2-user/data/topics/1433 588
@/home/ec2-user/data/topics/4265 589
@/home/ec2-user/data/topics/1740 590
@/home/ec2-user/data/topics/3411 591
@/home/ec2-user/data/topics/2200 592
@/home/ec2-user/data/topics/1190 593
@/home/ec2-user/data/topics/1668 594
@/home/ec2-user/data/topics/3394 595
@/home/ec2-user/data/topics/4781 596
@/home/ec2-user/data/topics/2189 597
@/home/ec2-user/data/topics/2090 598
@/home/ec2-user/data/topics/3880 599
@/home/ec2-user/data/topics/1593 600
@/home/ec2-user/data/topics/3555 601
@/home/ec2-user/data/topics/1514 602
@/home/ec2-user/data/topics/1878 603
@/home/ec2-user/data/topics/2043 604
@/home/ec2-user/data/topics/1282 605
@/home/ec2-user/data/topics/1718 606
@/home/ec2-user/data/topics/2219 607
@/home/ec2-user/data/topics/1974 608
@/home/ec2-user/data/topics/2182 609
@/home/ec2-user/data/topics/1670 610
@/home/ec2-user/data/topics/3474 611
@/home/ec2-user/data/topics/3484 612
@/home/ec2-user/data/topics/1780 613
@/home/ec2-user/data/topics/3759 614
@/home/ec2-user/data/topics/1083 615
@/home/ec2-user/data/topics/1755 616
@/home/ec2-user/data/topics/2006 617
@/home/ec2-user/data/topics/3574 618
@/home/ec2-user/data/topics/1106 619
@/home/ec2-user/data/topics/3472 620
@/home/ec2-user/data/topics/3436 621
@/home/ec2-user/data/topics/3750 622
@/home/ec2-user/data/topics/3548 623
@/home/ec2-user/data/topics/1806 624
@/home/ec2-user/data/topics/3378 625
@/home/ec2-user/data/topics/4879 626
@/home/ec2-user/data/topics/4344 627
@/home/ec2-user/data/topics/1663 628
@/home/ec2-user/data/topics/1225 629
独立行政法人産業技術総合研究所

@/home/ec2-user/data/topics/4869 630
@/home/ec2-user/data/topics/4739 630
@/home/ec2-user/data/topics/4740 631
@/home/ec2-user/data/topics/4777 632
@/home/ec2-user/data/topics/1356 633
@/home/ec2-user/data/topics/4800 634
ソニー株式会社

@/home/ec2-user/data/topics/3975 635
@/home/ec2-user/data/topics/1291 635
@/home/ec2-user/data/topics/4219 636
@/home/ec2-user/data/topics/4224 637
@/home/ec2-user/data/topics/1397 638
@/home/ec2-user/data/topics/1471 639
@/home/ec2-user/data/topics/1102 640
@/home/ec2-user/data/topics/3392 641
@/home/ec2-user/data/topics/1435 642
@/home/ec2-user/data/topics/1147 643
@/home/ec2-user/data/topics/1059 644
@/home/ec2-user/data/topics/3401 645
@/home/ec2-user/data/topics/3872 646
@/home/ec2-user/data/topics/2048 647
@/home/ec2-user/data/topics/1778 648
@/home/ec2-user/data/topics/1884 649
@/home/ec2-user/data/topics/2105 650
@/home/ec2-user/data/topics/2094 651
@/home/ec2-user/data/topics/1298 652
@/home/ec2-user/data/topics/1414 653
@/home/ec2-user/data/topics/1926 654
@/home/ec2-user/data/topics/2059 655
@/home/ec2-user/data/topics/1873 656
@/home/ec2-user/data/topics/1218 657
@/home/ec2-user/data/topics/1836 658
@/home/ec2-user/data/topics/2058 659
@/home/ec2-user/data/topics/2052 660
@/home/ec2-user/data/topics/1954 661
@/home/ec2-user/data/topics/5027 662
@/home/ec2-user/data/topics/3456 663
@/home/ec2-user/data/topics/3924 664
@/home/ec2-user/data/topics/1749 665
@/home/ec2-user/data/topics/2075 666
@/home/ec2-user/data/topics/1426 667
@/home/ec2-user/data/topics/1967 668
@/home/ec2-user/data/topics/4351 669
@/home/ec2-user/data/topics/1602 670
@/home/ec2-user/data/topics/2037 671
@/home/ec2-user/data/topics/4184 672
@/home/ec2-user/data/topics/1380 673
@/home/ec2-user/data/topics/1912 674
@/home/ec2-user/data/topics/1233 675
@/home/ec2-user/data/topics/1679 676
@/home/ec2-user/data/topics/1686 677
@/home/ec2-user/data/topics/3955 678
@/home/ec2-user/data/topics/1892 679
@/home/ec2-user/data/topics/1491 680
富士ゼロックス株式会社

@/home/ec2-user/data/topics/3790 681
@/home/ec2-user/data/topics/3383 681
@/home/ec2-user/data/topics/3407 682
@/home/ec2-user/data/topics/1560 683
@/home/ec2-user/data/topics/3640 684
@/home/ec2-user/data/topics/1947 685
@/home/ec2-user/data/topics/3661 686
@/home/ec2-user/data/topics/3695 687
@/home/ec2-user/data/topics/3473 688
@/home/ec2-user/data/topics/3564 689
@/home/ec2-user/data/topics/3366 690
@/home/ec2-user/data/topics/3662 691
@/home/ec2-user/data/topics/5031 692
@/home/ec2-user/data/topics/3782 693
@/home/ec2-user/data/topics/4108 694
住友金属工業株式会社

@/home/ec2-user/data/topics/3826 695
@/home/ec2-user/data/topics/4295 695
@/home/ec2-user/data/topics/4021 696
@/home/ec2-user/data/topics/3577 697
@/home/ec2-user/data/topics/3655 698
@/home/ec2-user/data/topics/4182 699
@/home/ec2-user/data/topics/4991 700
@/home/ec2-user/data/topics/4322 701
@/home/ec2-user/data/topics/4661 702
@/home/ec2-user/data/topics/4733 703
@/home/ec2-user/data/topics/1268 704
@/home/ec2-user/data/topics/4534 705
日立電線株式会社

@/home/ec2-user/data/topics/4356 706
@/home/ec2-user/data/topics/3930 706
@/home/ec2-user/data/topics/1305 707
@/home/ec2-user/data/topics/1388 708
@/home/ec2-user/data/topics/4357 709
@/home/ec2-user/data/topics/1027 710
@/home/ec2-user/data/topics/1117 711
@/home/ec2-user/data/topics/4329 712
@/home/ec2-user/data/topics/3756 713
キヤノン株式会社

@/home/ec2-user/data/topics/1208 714
@/home/ec2-user/data/topics/3730 714
@/home/ec2-user/data/topics/3441 715
@/home/ec2-user/data/topics/1975 716
@/home/ec2-user/data/topics/4068 717
@/home/ec2-user/data/topics/3656 718
@/home/ec2-user/data/topics/2231 719
@/home/ec2-user/data/topics/3843 720
@/home/ec2-user/data/topics/3416 721
@/home/ec2-user/data/topics/1802 722
@/home/ec2-user/data/topics/4628 723
@/home/ec2-user/data/topics/3628 724
@/home/ec2-user/data/topics/1866 725
@/home/ec2-user/data/topics/4520 726
@/home/ec2-user/data/topics/1124 727
@/home/ec2-user/data/topics/4610 728
@/home/ec2-user/data/topics/3755 729
@/home/ec2-user/data/topics/3430 730
@/home/ec2-user/data/topics/1631 731
@/home/ec2-user/data/topics/2053 732
@/home/ec2-user/data/topics/3949 733
@/home/ec2-user/data/topics/4363 734
@/home/ec2-user/data/topics/2004 735
@/home/ec2-user/data/topics/1568 736
@/home/ec2-user/data/topics/4947 737
@/home/ec2-user/data/topics/3642 738
@/home/ec2-user/data/topics/1745 739
@/home/ec2-user/data/topics/1848 740
@/home/ec2-user/data/topics/1590 741
@/home/ec2-user/data/topics/3454 742
@/home/ec2-user/data/topics/4937 743
@/home/ec2-user/data/topics/4350 744
@/home/ec2-user/data/topics/3420 745
@/home/ec2-user/data/topics/4054 746
@/home/ec2-user/data/topics/1216 747
@/home/ec2-user/data/topics/2117 748
@/home/ec2-user/data/topics/1646 749
@/home/ec2-user/data/topics/3434 750
@/home/ec2-user/data/topics/1118 751
@/home/ec2-user/data/topics/1228 752
@/home/ec2-user/data/topics/1790 753
@/home/ec2-user/data/topics/3720 754
@/home/ec2-user/data/topics/3967 755
@/home/ec2-user/data/topics/3374 756
@/home/ec2-user/data/topics/4521 757
@/home/ec2-user/data/topics/1539 758
@/home/ec2-user/data/topics/3660 759
@/home/ec2-user/data/topics/1744 760
@/home/ec2-user/data/topics/3445 761
@/home/ec2-user/data/topics/3737 762
@/home/ec2-user/data/topics/2145 763
@/home/ec2-user/data/topics/3417 764
@/home/ec2-user/data/topics/4948 765
@/home/ec2-user/data/topics/1961 766
@/home/ec2-user/data/topics/3722 767
@/home/ec2-user/data/topics/2243 768
@/home/ec2-user/data/topics/2107 769
@/home/ec2-user/data/topics/1847 770
@/home/ec2-user/data/topics/3852 771
@/home/ec2-user/data/topics/1513 772
@/home/ec2-user/data/topics/3996 773
@/home/ec2-user/data/topics/1080 774
@/home/ec2-user/data/topics/1455 775
@/home/ec2-user/data/topics/3415 776
@/home/ec2-user/data/topics/3958 777
@/home/ec2-user/data/topics/4020 778
@/home/ec2-user/data/topics/3438 779
@/home/ec2-user/data/topics/3410 780
@/home/ec2-user/data/topics/1519 781
@/home/ec2-user/data/topics/3376 782
@/home/ec2-user/data/topics/1889 783
@/home/ec2-user/data/topics/1438 784
@/home/ec2-user/data/topics/1895 785
三洋電機株式会社

@/home/ec2-user/data/topics/3859 786
@/home/ec2-user/data/topics/1246 786
@/home/ec2-user/data/topics/4720 787
@/home/ec2-user/data/topics/1321 788
@/home/ec2-user/data/topics/4150 789
@/home/ec2-user/data/topics/3804 790
@/home/ec2-user/data/topics/3974 791
@/home/ec2-user/data/topics/4978 792
@/home/ec2-user/data/topics/2098 793
@/home/ec2-user/data/topics/4039 794
@/home/ec2-user/data/topics/3681 795
@/home/ec2-user/data/topics/4001 796
@/home/ec2-user/data/topics/1671 797
@/home/ec2-user/data/topics/3492 798
@/home/ec2-user/data/topics/3403 799
@/home/ec2-user/data/topics/2071 800
@/home/ec2-user/data/topics/4474 801
@/home/ec2-user/data/topics/4015 802
@/home/ec2-user/data/topics/4527 803
@/home/ec2-user/data/topics/3708 804
@/home/ec2-user/data/topics/1653 805
@/home/ec2-user/data/topics/4726 806
@/home/ec2-user/data/topics/1722 807
@/home/ec2-user/data/topics/4983 808
@/home/ec2-user/data/topics/4763 809
@/home/ec2-user/data/topics/4179 810
@/home/ec2-user/data/topics/4376 811
@/home/ec2-user/data/topics/4384 812
@/home/ec2-user/data/topics/3953 813
@/home/ec2-user/data/topics/5011 814
@/home/ec2-user/data/topics/3986 815
@/home/ec2-user/data/topics/3754 816
@/home/ec2-user/data/topics/3491 817
@/home/ec2-user/data/topics/4960 818
@/home/ec2-user/data/topics/4612 819
@/home/ec2-user/data/topics/1980 820
@/home/ec2-user/data/topics/3539 821
@/home/ec2-user/data/topics/4788 822
@/home/ec2-user/data/topics/2063 823
@/home/ec2-user/data/topics/3817 824
@/home/ec2-user/data/topics/4679 825
@/home/ec2-user/data/topics/3889 826
@/home/ec2-user/data/topics/4304 827
@/home/ec2-user/data/topics/4301 828
@/home/ec2-user/data/topics/4604 829
@/home/ec2-user/data/topics/2014 830
@/home/ec2-user/data/topics/1652 831
@/home/ec2-user/data/topics/3906 832
@/home/ec2-user/data/topics/4099 833
@/home/ec2-user/data/topics/1488 834
@/home/ec2-user/data/topics/2194 835
@/home/ec2-user/data/topics/1386 836
@/home/ec2-user/data/topics/4060 837
@/home/ec2-user/data/topics/4328 838
@/home/ec2-user/data/topics/4061 839
@/home/ec2-user/data/topics/3625 840
@/home/ec2-user/data/topics/3581 841
@/home/ec2-user/data/topics/3830 842
@/home/ec2-user/data/topics/4837 843
@/home/ec2-user/data/topics/1079 844
@/home/ec2-user/data/topics/4178 845
@/home/ec2-user/data/topics/1163 846
@/home/ec2-user/data/topics/3808 847
@/home/ec2-user/data/topics/4212 848
@/home/ec2-user/data/topics/4066 849
@/home/ec2-user/data/topics/2230 850
@/home/ec2-user/data/topics/3845 851
@/home/ec2-user/data/topics/1515 852
@/home/ec2-user/data/topics/3781 853
@/home/ec2-user/data/topics/4654 854
@/home/ec2-user/data/topics/1479 855
@/home/ec2-user/data/topics/3926 856
@/home/ec2-user/data/topics/4571 857
@/home/ec2-user/data/topics/1451 858
@/home/ec2-user/data/topics/5002 859
@/home/ec2-user/data/topics/1289 860
@/home/ec2-user/data/topics/4492 861
@/home/ec2-user/data/topics/2054 862
@/home/ec2-user/data/topics/3398 863
三菱電機株式会社

@/home/ec2-user/data/topics/3466 864
@/home/ec2-user/data/topics/4221 864
@/home/ec2-user/data/topics/3747 865
@/home/ec2-user/data/topics/4181 866
@/home/ec2-user/data/topics/1220 867
@/home/ec2-user/data/topics/4880 868
@/home/ec2-user/data/topics/4834 869
@/home/ec2-user/data/topics/4220 870
@/home/ec2-user/data/topics/3800 871
@/home/ec2-user/data/topics/4419 872
@/home/ec2-user/data/topics/5033 873
@/home/ec2-user/data/topics/4041 874
@/home/ec2-user/data/topics/3820 875
@/home/ec2-user/data/topics/3595 876
@/home/ec2-user/data/topics/3490 877
@/home/ec2-user/data/topics/4149 878
@/home/ec2-user/data/topics/4233 879
@/home/ec2-user/data/topics/4514 880
@/home/ec2-user/data/topics/3592 881
@/home/ec2-user/data/topics/3873 882
@/home/ec2-user/data/topics/4133 883
@/home/ec2-user/data/topics/3465 884
@/home/ec2-user/data/topics/3409 885
@/home/ec2-user/data/topics/3666 886
@/home/ec2-user/data/topics/4518 887
@/home/ec2-user/data/topics/4552 888
@/home/ec2-user/data/topics/1110 889
@/home/ec2-user/data/topics/2146 890
@/home/ec2-user/data/topics/4663 891
@/home/ec2-user/data/topics/3453 892
@/home/ec2-user/data/topics/4980 893
@/home/ec2-user/data/topics/3841 894
@/home/ec2-user/data/topics/3616 895
@/home/ec2-user/data/topics/3506 896
@/home/ec2-user/data/topics/3412 897
@/home/ec2-user/data/topics/3493 898
@/home/ec2-user/data/topics/4614 899
@/home/ec2-user/data/topics/1792 900
@/home/ec2-user/data/topics/5032 901
@/home/ec2-user/data/topics/4562 902
@/home/ec2-user/data/topics/1872 903
@/home/ec2-user/data/topics/4305 904
@/home/ec2-user/data/topics/3612 905
@/home/ec2-user/data/topics/1536 906
@/home/ec2-user/data/topics/3963 907
@/home/ec2-user/data/topics/4047 908
@/home/ec2-user/data/topics/4235 909
@/home/ec2-user/data/topics/3469 910
@/home/ec2-user/data/topics/1754 911
@/home/ec2-user/data/topics/4282 912
@/home/ec2-user/data/topics/1738 913
@/home/ec2-user/data/topics/3451 914
@/home/ec2-user/data/topics/3609 915
@/home/ec2-user/data/topics/3397 916
@/home/ec2-user/data/topics/3774 917
@/home/ec2-user/data/topics/3856 918
@/home/ec2-user/data/topics/3921 919
@/home/ec2-user/data/topics/4076 920
住友ゴム工業株式会社

@/home/ec2-user/data/topics/4568 921
@/home/ec2-user/data/topics/1758 921
@/home/ec2-user/data/topics/4048 922
@/home/ec2-user/data/topics/2007 923
@/home/ec2-user/data/topics/4597 924
@/home/ec2-user/data/topics/4406 925
@/home/ec2-user/data/topics/1114 926
セイコーエプソン株式会社

@/home/ec2-user/data/topics/3505 927
@/home/ec2-user/data/topics/4454 927
@/home/ec2-user/data/topics/1343 928
@/home/ec2-user/data/topics/4801 929
@/home/ec2-user/data/topics/1641 930
@/home/ec2-user/data/topics/3361 931
@/home/ec2-user/data/topics/3910 932
@/home/ec2-user/data/topics/3589 933
@/home/ec2-user/data/topics/4802 934
@/home/ec2-user/data/topics/1938 935
@/home/ec2-user/data/topics/1890 936
@/home/ec2-user/data/topics/4022 937
@/home/ec2-user/data/topics/4719 938
@/home/ec2-user/data/topics/3819 939
@/home/ec2-user/data/topics/1423 940
@/home/ec2-user/data/topics/3887 941
@/home/ec2-user/data/topics/1378 942
@/home/ec2-user/data/topics/4585 943
@/home/ec2-user/data/topics/2078 944
@/home/ec2-user/data/topics/4109 945
@/home/ec2-user/data/topics/1484 946
@/home/ec2-user/data/topics/4605 947
@/home/ec2-user/data/topics/4386 948
@/home/ec2-user/data/topics/3985 949
@/home/ec2-user/data/topics/3476 950
@/home/ec2-user/data/topics/2165 951
株式会社三共

@/home/ec2-user/data/topics/2123 952
@/home/ec2-user/data/topics/1189 952
@/home/ec2-user/data/topics/1086 953
@/home/ec2-user/data/topics/2060 954
@/home/ec2-user/data/topics/4374 955
@/home/ec2-user/data/topics/4868 956
@/home/ec2-user/data/topics/1648 957
@/home/ec2-user/data/topics/1665 958
@/home/ec2-user/data/topics/1377 959
沖電気工業株式会社

@/home/ec2-user/data/topics/4693 960
@/home/ec2-user/data/topics/3433 960
@/home/ec2-user/data/topics/3571 961
@/home/ec2-user/data/topics/3690 962
@/home/ec2-user/data/topics/1531 963
@/home/ec2-user/data/topics/3457 964
@/home/ec2-user/data/topics/4308 965
@/home/ec2-user/data/topics/1188 966
@/home/ec2-user/data/topics/4575 967
@/home/ec2-user/data/topics/3621 968
@/home/ec2-user/data/topics/3395 969
@/home/ec2-user/data/topics/4299 970
@/home/ec2-user/data/topics/3764 971
@/home/ec2-user/data/topics/3964 972
株式会社三星

@/home/ec2-user/data/topics/1733 973
@/home/ec2-user/data/topics/1260 973
@/home/ec2-user/data/topics/3942 974
@/home/ec2-user/data/topics/1728 975
@/home/ec2-user/data/topics/2198 976
@/home/ec2-user/data/topics/2108 977
日本ビクター株式会社

@/home/ec2-user/data/topics/4672 978
@/home/ec2-user/data/topics/1440 978
@/home/ec2-user/data/topics/3882 979
@/home/ec2-user/data/topics/1520 980
@/home/ec2-user/data/topics/4123 981
@/home/ec2-user/data/topics/1823 982
@/home/ec2-user/data/topics/3603 983
@/home/ec2-user/data/topics/1389 984
@/home/ec2-user/data/topics/3620 985
@/home/ec2-user/data/topics/3939 986
@/home/ec2-user/data/topics/4056 987
花王株式会社

@/home/ec2-user/data/topics/3884 988
@/home/ec2-user/data/topics/4287 988
@/home/ec2-user/data/topics/4445 989
@/home/ec2-user/data/topics/3999 990
@/home/ec2-user/data/topics/1196 991
@/home/ec2-user/data/topics/1022 992
@/home/ec2-user/data/topics/3812 993
@/home/ec2-user/data/topics/2214 994
@/home/ec2-user/data/topics/4827 995
@/home/ec2-user/data/topics/1767 996
@/home/ec2-user/data/topics/4211 997
@/home/ec2-user/data/topics/3753 998
@/home/ec2-user/data/topics/4249 999
三田工業株式会社

@/home/ec2-user/data/topics/1269 1000
@/home/ec2-user/data/topics/1766 1000
@/home/ec2-user/data/topics/1033 1001
@/home/ec2-user/data/topics/3923 1002
@/home/ec2-user/data/topics/3842 1003
@/home/ec2-user/data/topics/3604 1004
@/home/ec2-user/data/topics/1034 1005
@/home/ec2-user/data/topics/2136 1006
@/home/ec2-user/data/topics/2155 1007
豊丸産業株式会社

@/home/ec2-user/data/topics/1138 1008
@/home/ec2-user/data/topics/1353 1008
@/home/ec2-user/data/topics/1677 1009
@/home/ec2-user/data/topics/1588 1010
@/home/ec2-user/data/topics/1726 1011
@/home/ec2-user/data/topics/4847 1012
@/home/ec2-user/data/topics/1097 1013
@/home/ec2-user/data/topics/2169 1014
@/home/ec2-user/data/topics/3672 1015
@/home/ec2-user/data/topics/1914 1016
@/home/ec2-user/data/topics/1401 1017
@/home/ec2-user/data/topics/1284 1018
@/home/ec2-user/data/topics/2011 1019
@/home/ec2-user/data/topics/1126 1020
@/home/ec2-user/data/topics/1713 1021
鐘紡株式会社

@/home/ec2-user/data/topics/1304 1022
@/home/ec2-user/data/topics/2185 1022
@/home/ec2-user/data/topics/1054 1023
@/home/ec2-user/data/topics/1886 1024
@/home/ec2-user/data/topics/1901 1025
@/home/ec2-user/data/topics/3566 1026
@/home/ec2-user/data/topics/2223 1027
@/home/ec2-user/data/topics/3551 1028
@/home/ec2-user/data/topics/3560 1029
@/home/ec2-user/data/topics/3634 1030
@/home/ec2-user/data/topics/1842 1031
@/home/ec2-user/data/topics/4195 1032
@/home/ec2-user/data/topics/1870 1033
@/home/ec2-user/data/topics/2034 1034
@/home/ec2-user/data/topics/1367 1035
@/home/ec2-user/data/topics/1178 1036
株式会社デンソー

@/home/ec2-user/data/topics/3406 1037
@/home/ec2-user/data/topics/4656 1037
@/home/ec2-user/data/topics/4024 1038
@/home/ec2-user/data/topics/4622 1039
@/home/ec2-user/data/topics/3480 1040
@/home/ec2-user/data/topics/4164 1041
@/home/ec2-user/data/topics/3421 1042
@/home/ec2-user/data/topics/4675 1043
@/home/ec2-user/data/topics/4498 1044
@/home/ec2-user/data/topics/4805 1045
@/home/ec2-user/data/topics/4840 1046
@/home/ec2-user/data/topics/1028 1047
@/home/ec2-user/data/topics/1855 1048
@/home/ec2-user/data/topics/3710 1049
@/home/ec2-user/data/topics/4423 1050
@/home/ec2-user/data/topics/4483 1051
@/home/ec2-user/data/topics/4046 1052
富士写真フイルム株式会社

@/home/ec2-user/data/topics/1662 1053
@/home/ec2-user/data/topics/1570 1053
@/home/ec2-user/data/topics/3354 1054
@/home/ec2-user/data/topics/2134 1055
@/home/ec2-user/data/topics/4962 1056
@/home/ec2-user/data/topics/3857 1057
@/home/ec2-user/data/topics/1603 1058
@/home/ec2-user/data/topics/3911 1059
@/home/ec2-user/data/topics/1244 1060
@/home/ec2-user/data/topics/3918 1061
@/home/ec2-user/data/topics/3447 1062
京セラ株式会社

@/home/ec2-user/data/topics/4340 1063
@/home/ec2-user/data/topics/4513 1063
@/home/ec2-user/data/topics/3741 1064
@/home/ec2-user/data/topics/3615 1065
@/home/ec2-user/data/topics/3869 1066
@/home/ec2-user/data/topics/1913 1067
@/home/ec2-user/data/topics/4031 1068
@/home/ec2-user/data/topics/1485 1069
@/home/ec2-user/data/topics/4901 1070
@/home/ec2-user/data/topics/1741 1071
@/home/ec2-user/data/topics/1708 1072
@/home/ec2-user/data/topics/3593 1073
イビデン株式会社

@/home/ec2-user/data/topics/1770 1074
@/home/ec2-user/data/topics/2033 1074
@/home/ec2-user/data/topics/1336 1075
@/home/ec2-user/data/topics/1952 1076
@/home/ec2-user/data/topics/3814 1077
@/home/ec2-user/data/topics/1682 1078
@/home/ec2-user/data/topics/1315 1079
株式会社東芝

@/home/ec2-user/data/topics/3542 1080
@/home/ec2-user/data/topics/2241 1080
@/home/ec2-user/data/topics/4881 1081
@/home/ec2-user/data/topics/4057 1082
@/home/ec2-user/data/topics/4535 1083
@/home/ec2-user/data/topics/3462 1084
@/home/ec2-user/data/topics/4197 1085
@/home/ec2-user/data/topics/4912 1086
@/home/ec2-user/data/topics/4361 1087
@/home/ec2-user/data/topics/4509 1088
@/home/ec2-user/data/topics/4089 1089
@/home/ec2-user/data/topics/4935 1090
@/home/ec2-user/data/topics/4292 1091
@/home/ec2-user/data/topics/4165 1092
@/home/ec2-user/data/topics/3732 1093
@/home/ec2-user/data/topics/3689 1094
@/home/ec2-user/data/topics/3360 1095
@/home/ec2-user/data/topics/4336 1096
@/home/ec2-user/data/topics/3734 1097
@/home/ec2-user/data/topics/4755 1098
@/home/ec2-user/data/topics/3598 1099
@/home/ec2-user/data/topics/4623 1100
@/home/ec2-user/data/topics/1997 1101
@/home/ec2-user/data/topics/1585 1102
@/home/ec2-user/data/topics/3890 1103
@/home/ec2-user/data/topics/3990 1104
@/home/ec2-user/data/topics/3351 1105
@/home/ec2-user/data/topics/3834 1106
@/home/ec2-user/data/topics/1819 1107
@/home/ec2-user/data/topics/4302 1108
@/home/ec2-user/data/topics/4863 1109
@/home/ec2-user/data/topics/3363 1110
@/home/ec2-user/data/topics/4751 1111
@/home/ec2-user/data/topics/3948 1112
@/home/ec2-user/data/topics/3881 1113
@/home/ec2-user/data/topics/3618 1114
@/home/ec2-user/data/topics/4566 1115
@/home/ec2-user/data/topics/4594 1116
@/home/ec2-user/data/topics/1332 1117
@/home/ec2-user/data/topics/4140 1118
@/home/ec2-user/data/topics/1205 1119
@/home/ec2-user/data/topics/4381 1120
@/home/ec2-user/data/topics/4009 1121
@/home/ec2-user/data/topics/3795 1122
@/home/ec2-user/data/topics/3352 1123
@/home/ec2-user/data/topics/1757 1124
@/home/ec2-user/data/topics/1090 1125
@/home/ec2-user/data/topics/4842 1126
@/home/ec2-user/data/topics/3683 1127
@/home/ec2-user/data/topics/1756 1128
@/home/ec2-user/data/topics/4183 1129
@/home/ec2-user/data/topics/3851 1130
@/home/ec2-user/data/topics/4096 1131
@/home/ec2-user/data/topics/1132 1132
@/home/ec2-user/data/topics/3780 1133
@/home/ec2-user/data/topics/4631 1134
@/home/ec2-user/data/topics/3988 1135
@/home/ec2-user/data/topics/3688 1136
@/home/ec2-user/data/topics/4172 1137
@/home/ec2-user/data/topics/3380 1138
@/home/ec2-user/data/topics/3716 1139
ヤマハ株式会社

@/home/ec2-user/data/topics/3972 1140
@/home/ec2-user/data/topics/4177 1140
@/home/ec2-user/data/topics/1911 1141
@/home/ec2-user/data/topics/4084 1142
@/home/ec2-user/data/topics/4045 1143
@/home/ec2-user/data/topics/1676 1144
@/home/ec2-user/data/topics/4954 1145
@/home/ec2-user/data/topics/4010 1146
@/home/ec2-user/data/topics/4919 1147
@/home/ec2-user/data/topics/1720 1148
@/home/ec2-user/data/topics/4125 1149
@/home/ec2-user/data/topics/1443 1150
@/home/ec2-user/data/topics/4145 1151
東洋紡績株式会社

@/home/ec2-user/data/topics/3769 1152
@/home/ec2-user/data/topics/4362 1152
@/home/ec2-user/data/topics/1029 1153
@/home/ec2-user/data/topics/1613 1154
@/home/ec2-user/data/topics/4284 1155
@/home/ec2-user/data/topics/4366 1156
三菱化学株式会社

@/home/ec2-user/data/topics/3513 1157
@/home/ec2-user/data/topics/1699 1157
@/home/ec2-user/data/topics/3458 1158
@/home/ec2-user/data/topics/1197 1159
@/home/ec2-user/data/topics/1902 1160
@/home/ec2-user/data/topics/3638 1161
カシオ計算機株式会社

@/home/ec2-user/data/topics/1535 1162
@/home/ec2-user/data/topics/2237 1162
@/home/ec2-user/data/topics/3391 1163
@/home/ec2-user/data/topics/1047 1164
@/home/ec2-user/data/topics/1235 1165
@/home/ec2-user/data/topics/1794 1166
@/home/ec2-user/data/topics/2180 1167
@/home/ec2-user/data/topics/1368 1168
コナミ株式会社

@/home/ec2-user/data/topics/2100 1169
@/home/ec2-user/data/topics/1302 1169
@/home/ec2-user/data/topics/1621 1170
@/home/ec2-user/data/topics/5015 1171
@/home/ec2-user/data/topics/1672 1172
@/home/ec2-user/data/topics/2151 1173
@/home/ec2-user/data/topics/4602 1174
@/home/ec2-user/data/topics/4681 1175
大日本スクリーン製造株式会社

@/home/ec2-user/data/topics/1130 1176
@/home/ec2-user/data/topics/2172 1176
@/home/ec2-user/data/topics/1608 1177
@/home/ec2-user/data/topics/3742 1178
@/home/ec2-user/data/topics/1173 1179
@/home/ec2-user/data/topics/1779 1180
@/home/ec2-user/data/topics/2209 1181
オムロン株式会社

@/home/ec2-user/data/topics/3594 1182
@/home/ec2-user/data/topics/1067 1182
@/home/ec2-user/data/topics/3748 1183
@/home/ec2-user/data/topics/1533 1184
@/home/ec2-user/data/topics/3597 1185
@/home/ec2-user/data/topics/3863 1186
@/home/ec2-user/data/topics/1841 1187
@/home/ec2-user/data/topics/2096 1188
@/home/ec2-user/data/topics/1657 1189
@/home/ec2-user/data/topics/3700 1190
@/home/ec2-user/data/topics/1135 1191
@/home/ec2-user/data/topics/1579 1192
@/home/ec2-user/data/topics/1933 1193
@/home/ec2-user/data/topics/1151 1194
@/home/ec2-user/data/topics/4771 1195
株式会社日立製作所

@/home/ec2-user/data/topics/4547 1196
@/home/ec2-user/data/topics/1640 1196
@/home/ec2-user/data/topics/3965 1197
@/home/ec2-user/data/topics/3665 1198
@/home/ec2-user/data/topics/4122 1199
@/home/ec2-user/data/topics/4990 1200
@/home/ec2-user/data/topics/3691 1201
@/home/ec2-user/data/topics/4799 1202
@/home/ec2-user/data/topics/1825 1203
@/home/ec2-user/data/topics/1487 1204
@/home/ec2-user/data/topics/3350 1205
@/home/ec2-user/data/topics/5030 1206
@/home/ec2-user/data/topics/3596 1207
@/home/ec2-user/data/topics/4058 1208
@/home/ec2-user/data/topics/1334 1209
@/home/ec2-user/data/topics/3531 1210
@/home/ec2-user/data/topics/4401 1211
@/home/ec2-user/data/topics/3471 1212
@/home/ec2-user/data/topics/1833 1213
@/home/ec2-user/data/topics/3440 1214
@/home/ec2-user/data/topics/1105 1215
@/home/ec2-user/data/topics/1880 1216
@/home/ec2-user/data/topics/3488 1217
@/home/ec2-user/data/topics/3461 1218
@/home/ec2-user/data/topics/1693 1219
@/home/ec2-user/data/topics/3706 1220
@/home/ec2-user/data/topics/3570 1221
@/home/ec2-user/data/topics/3599 1222
@/home/ec2-user/data/topics/1072 1223
@/home/ec2-user/data/topics/4493 1224
@/home/ec2-user/data/topics/2239 1225
@/home/ec2-user/data/topics/3588 1226
@/home/ec2-user/data/topics/4943 1227
@/home/ec2-user/data/topics/3659 1228
@/home/ec2-user/data/topics/2081 1229
@/home/ec2-user/data/topics/4621 1230
@/home/ec2-user/data/topics/3439 1231
@/home/ec2-user/data/topics/3993 1232
@/home/ec2-user/data/topics/1501 1233
@/home/ec2-user/data/topics/3772 1234
@/home/ec2-user/data/topics/1667 1235
@/home/ec2-user/data/topics/3822 1236
@/home/ec2-user/data/topics/3973 1237
@/home/ec2-user/data/topics/1651 1238
@/home/ec2-user/data/topics/3968 1239
@/home/ec2-user/data/topics/1826 1240
@/home/ec2-user/data/topics/1249 1241
@/home/ec2-user/data/topics/2019 1242
@/home/ec2-user/data/topics/4166 1243
@/home/ec2-user/data/topics/1987 1244
@/home/ec2-user/data/topics/4559 1245
@/home/ec2-user/data/topics/1463 1246
@/home/ec2-user/data/topics/1882 1247
@/home/ec2-user/data/topics/3779 1248
@/home/ec2-user/data/topics/4545 1249
@/home/ec2-user/data/topics/1278 1250
@/home/ec2-user/data/topics/1296 1251
@/home/ec2-user/data/topics/2184 1252
@/home/ec2-user/data/topics/4420 1253
@/home/ec2-user/data/topics/1562 1254
@/home/ec2-user/data/topics/4551 1255
@/home/ec2-user/data/topics/3994 1256
@/home/ec2-user/data/topics/5029 1257
@/home/ec2-user/data/topics/3524 1258
@/home/ec2-user/data/topics/1247 1259
@/home/ec2-user/data/topics/4402 1260
@/home/ec2-user/data/topics/3384 1261
@/home/ec2-user/data/topics/1340 1262
@/home/ec2-user/data/topics/4489 1263
@/home/ec2-user/data/topics/4040 1264
@/home/ec2-user/data/topics/3432 1265
@/home/ec2-user/data/topics/3648 1266
@/home/ec2-user/data/topics/4830 1267
@/home/ec2-user/data/topics/1082 1268
凸版印刷株式会社

@/home/ec2-user/data/topics/3500 1269
@/home/ec2-user/data/topics/3526 1269
@/home/ec2-user/data/topics/3624 1270
@/home/ec2-user/data/topics/1765 1271
@/home/ec2-user/data/topics/1091 1272
@/home/ec2-user/data/topics/1977 1273
@/home/ec2-user/data/topics/4874 1274
株式会社ノーリツ

@/home/ec2-user/data/topics/1598 1275
@/home/ec2-user/data/topics/1290 1275
@/home/ec2-user/data/topics/1760 1276
@/home/ec2-user/data/topics/4206 1277
@/home/ec2-user/data/topics/2116 1278
@/home/ec2-user/data/topics/4354 1279
@/home/ec2-user/data/topics/1618 1280
@/home/ec2-user/data/topics/4776 1281
川崎重工業株式会社

@/home/ec2-user/data/topics/5025 1282
@/home/ec2-user/data/topics/4756 1282
@/home/ec2-user/data/topics/1172 1283
@/home/ec2-user/data/topics/1162 1284
@/home/ec2-user/data/topics/4793 1285
@/home/ec2-user/data/topics/4944 1286
@/home/ec2-user/data/topics/4572 1287
@/home/ec2-user/data/topics/4866 1288
ティーディーケイ株式会社

@/home/ec2-user/data/topics/3798 1289
@/home/ec2-user/data/topics/4619 1289
@/home/ec2-user/data/topics/3909 1290
@/home/ec2-user/data/topics/3792 1291
@/home/ec2-user/data/topics/1409 1292
@/home/ec2-user/data/topics/2202 1293
@/home/ec2-user/data/topics/1129 1294
@/home/ec2-user/data/topics/1510 1295
@/home/ec2-user/data/topics/2210 1296
京セラミタ株式会社

@/home/ec2-user/data/topics/4973 1297
@/home/ec2-user/data/topics/2141 1297
@/home/ec2-user/data/topics/4564 1298
@/home/ec2-user/data/topics/4985 1299
@/home/ec2-user/data/topics/4174 1300
@/home/ec2-user/data/topics/1930 1301
@/home/ec2-user/data/topics/1032 1302
株式会社クボタ

@/home/ec2-user/data/topics/1734 1303
@/home/ec2-user/data/topics/3823 1303
@/home/ec2-user/data/topics/4251 1304
@/home/ec2-user/data/topics/1012 1305
@/home/ec2-user/data/topics/4745 1306
@/home/ec2-user/data/topics/1280 1307
@/home/ec2-user/data/topics/3919 1308
@/home/ec2-user/data/topics/4379 1309
@/home/ec2-user/data/topics/1448 1310
@/home/ec2-user/data/topics/3854 1311
シャープ株式会社

@/home/ec2-user/data/topics/1965 1312
@/home/ec2-user/data/topics/1288 1312
@/home/ec2-user/data/topics/2020 1313
@/home/ec2-user/data/topics/3858 1314
@/home/ec2-user/data/topics/3606 1315
@/home/ec2-user/data/topics/1209 1316
@/home/ec2-user/data/topics/1349 1317
@/home/ec2-user/data/topics/4152 1318
@/home/ec2-user/data/topics/3450 1319
@/home/ec2-user/data/topics/4127 1320
@/home/ec2-user/data/topics/4263 1321
@/home/ec2-user/data/topics/3679 1322
@/home/ec2-user/data/topics/1258 1323
@/home/ec2-user/data/topics/3422 1324
@/home/ec2-user/data/topics/4005 1325
@/home/ec2-user/data/topics/3793 1326
@/home/ec2-user/data/topics/4717 1327
@/home/ec2-user/data/topics/1970 1328
@/home/ec2-user/data/topics/1419 1329
@/home/ec2-user/data/topics/3957 1330
@/home/ec2-user/data/topics/4228 1331
@/home/ec2-user/data/topics/4519 1332
@/home/ec2-user/data/topics/4648 1333
@/home/ec2-user/data/topics/4103 1334
@/home/ec2-user/data/topics/4349 1335
@/home/ec2-user/data/topics/3610 1336
@/home/ec2-user/data/topics/1431 1337
@/home/ec2-user/data/topics/4256 1338
@/home/ec2-user/data/topics/2084 1339
@/home/ec2-user/data/topics/3698 1340
@/home/ec2-user/data/topics/3777 1341
@/home/ec2-user/data/topics/4516 1342
@/home/ec2-user/data/topics/1384 1343
@/home/ec2-user/data/topics/3678 1344
@/home/ec2-user/data/topics/3832 1345
@/home/ec2-user/data/topics/4430 1346
@/home/ec2-user/data/topics/2087 1347
@/home/ec2-user/data/topics/3813 1348
@/home/ec2-user/data/topics/2118 1349
@/home/ec2-user/data/topics/3649 1350
@/home/ec2-user/data/topics/3760 1351
@/home/ec2-user/data/topics/3762 1352
@/home/ec2-user/data/topics/1174 1353
@/home/ec2-user/data/topics/1154 1354
@/home/ec2-user/data/topics/1563 1355
@/home/ec2-user/data/topics/1396 1356
@/home/ec2-user/data/topics/4113 1357
@/home/ec2-user/data/topics/4173 1358
@/home/ec2-user/data/topics/4124 1359
@/home/ec2-user/data/topics/1685 1360
@/home/ec2-user/data/topics/1840 1361
@/home/ec2-user/data/topics/3895 1362
@/home/ec2-user/data/topics/1804 1363
@/home/ec2-user/data/topics/3452 1364
@/home/ec2-user/data/topics/4861 1365
@/home/ec2-user/data/topics/1561 1366
@/home/ec2-user/data/topics/3981 1367
@/home/ec2-user/data/topics/3966 1368
@/home/ec2-user/data/topics/4105 1369
@/home/ec2-user/data/topics/3871 1370
@/home/ec2-user/data/topics/4252 1371
@/home/ec2-user/data/topics/4019 1372
@/home/ec2-user/data/topics/4583 1373
@/home/ec2-user/data/topics/4469 1374
@/home/ec2-user/data/topics/3941 1375
@/home/ec2-user/data/topics/3776 1376
@/home/ec2-user/data/topics/3978 1377
@/home/ec2-user/data/topics/4691 1378
@/home/ec2-user/data/topics/3537 1379
@/home/ec2-user/data/topics/3855 1380
@/home/ec2-user/data/topics/3673 1381
@/home/ec2-user/data/topics/4245 1382
@/home/ec2-user/data/topics/4323 1383
@/home/ec2-user/data/topics/4214 1384
@/home/ec2-user/data/topics/4095 1385
@/home/ec2-user/data/topics/4230 1386
@/home/ec2-user/data/topics/3578 1387
@/home/ec2-user/data/topics/4744 1388
@/home/ec2-user/data/topics/4683 1389
@/home/ec2-user/data/topics/1318 1390
@/home/ec2-user/data/topics/4782 1391
日本輸送機株式会社

@/home/ec2-user/data/topics/1108 1392
@/home/ec2-user/data/topics/2065 1392
@/home/ec2-user/data/topics/1191 1393
@/home/ec2-user/data/topics/1940 1394
@/home/ec2-user/data/topics/1456 1395
@/home/ec2-user/data/topics/1493 1396
@/home/ec2-user/data/topics/3573 1397
@/home/ec2-user/data/topics/2221 1398
東京エレクトロン株式会社

@/home/ec2-user/data/topics/4002 1399
@/home/ec2-user/data/topics/4023 1399
@/home/ec2-user/data/topics/1508 1400
@/home/ec2-user/data/topics/3947 1401
@/home/ec2-user/data/topics/4618 1402
@/home/ec2-user/data/topics/1800 1403
@/home/ec2-user/data/topics/4702 1404
@/home/ec2-user/data/topics/4906 1405
@/home/ec2-user/data/topics/4345 1406
@/home/ec2-user/data/topics/1263 1407
@/home/ec2-user/data/topics/1736 1408
@/home/ec2-user/data/topics/4053 1409
株式会社村田製作所

@/home/ec2-user/data/topics/4325 1410
@/home/ec2-user/data/topics/3482 1410
@/home/ec2-user/data/topics/4795 1411
@/home/ec2-user/data/topics/4070 1412
@/home/ec2-user/data/topics/4042 1413
@/home/ec2-user/data/topics/4703 1414
@/home/ec2-user/data/topics/3697 1415
@/home/ec2-user/data/topics/3885 1416
@/home/ec2-user/data/topics/4432 1417
@/home/ec2-user/data/topics/4163 1418
@/home/ec2-user/data/topics/4417 1419
@/home/ec2-user/data/topics/2229 1420
@/home/ec2-user/data/topics/1411 1421
@/home/ec2-user/data/topics/3435 1422
@/home/ec2-user/data/topics/4271 1423
@/home/ec2-user/data/topics/1374 1424
@/home/ec2-user/data/topics/4378 1425
日本電信電話株式会社

@/home/ec2-user/data/topics/3894 1426
@/home/ec2-user/data/topics/2130 1426
@/home/ec2-user/data/topics/3785 1427
@/home/ec2-user/data/topics/1787 1428
@/home/ec2-user/data/topics/2017 1429
@/home/ec2-user/data/topics/3928 1430
@/home/ec2-user/data/topics/3650 1431
@/home/ec2-user/data/topics/3824 1432
@/home/ec2-user/data/topics/3552 1433
@/home/ec2-user/data/topics/1408 1434
@/home/ec2-user/data/topics/4131 1435
@/home/ec2-user/data/topics/4488 1436
@/home/ec2-user/data/topics/4560 1437
@/home/ec2-user/data/topics/1230 1438
@/home/ec2-user/data/topics/4505 1439
@/home/ec2-user/data/topics/4952 1440
@/home/ec2-user/data/topics/4511 1441
@/home/ec2-user/data/topics/4443 1442
@/home/ec2-user/data/topics/4836 1443
@/home/ec2-user/data/topics/4870 1444
@/home/ec2-user/data/topics/3811 1445
@/home/ec2-user/data/topics/4175 1446
@/home/ec2-user/data/topics/4087 1447
@/home/ec2-user/data/topics/4232 1448
@/home/ec2-user/data/topics/4916 1449
@/home/ec2-user/data/topics/4965 1450
@/home/ec2-user/data/topics/1934 1451
@/home/ec2-user/data/topics/4118 1452
@/home/ec2-user/data/topics/3927 1453
@/home/ec2-user/data/topics/3544 1454
@/home/ec2-user/data/topics/3425 1455
@/home/ec2-user/data/topics/1229 1456
@/home/ec2-user/data/topics/4025 1457
@/home/ec2-user/data/topics/4664 1458
@/home/ec2-user/data/topics/4104 1459
@/home/ec2-user/data/topics/4146 1460
@/home/ec2-user/data/topics/4121 1461
@/home/ec2-user/data/topics/1809 1462
@/home/ec2-user/data/topics/4925 1463
@/home/ec2-user/data/topics/4115 1464
@/home/ec2-user/data/topics/3586 1465
@/home/ec2-user/data/topics/3536 1466
@/home/ec2-user/data/topics/4114 1467
@/home/ec2-user/data/topics/3359 1468
@/home/ec2-user/data/topics/4964 1469
@/home/ec2-user/data/topics/1042 1470
@/home/ec2-user/data/topics/1556 1471
@/home/ec2-user/data/topics/4865 1472
@/home/ec2-user/data/topics/4792 1473
@/home/ec2-user/data/topics/3568 1474
@/home/ec2-user/data/topics/4335 1475
@/home/ec2-user/data/topics/3641 1476
@/home/ec2-user/data/topics/3521 1477
@/home/ec2-user/data/topics/3915 1478
@/home/ec2-user/data/topics/3509 1479
@/home/ec2-user/data/topics/4208 1480
日本鋼管株式会社

@/home/ec2-user/data/topics/4161 1481
@/home/ec2-user/data/topics/1404 1481
@/home/ec2-user/data/topics/1690 1482
@/home/ec2-user/data/topics/3572 1483
@/home/ec2-user/data/topics/4455 1484
@/home/ec2-user/data/topics/4289 1485
@/home/ec2-user/data/topics/2095 1486
株式会社神戸製鋼所

@/home/ec2-user/data/topics/2064 1487
@/home/ec2-user/data/topics/4949 1487
@/home/ec2-user/data/topics/3632 1488
@/home/ec2-user/data/topics/3674 1489
@/home/ec2-user/data/topics/3475 1490
@/home/ec2-user/data/topics/3902 1491
@/home/ec2-user/data/topics/1465 1492
株式会社ケンウッド

@/home/ec2-user/data/topics/1241 1493
@/home/ec2-user/data/topics/3801 1493
@/home/ec2-user/data/topics/1186 1494
@/home/ec2-user/data/topics/4467 1495
@/home/ec2-user/data/topics/1617 1496
@/home/ec2-user/data/topics/1115 1497
@/home/ec2-user/data/topics/3839 1498
@/home/ec2-user/data/topics/1698 1499
@/home/ec2-user/data/topics/3794 1500
@/home/ec2-user/data/topics/3463 1501
@/home/ec2-user/data/topics/3977 1502
@/home/ec2-user/data/topics/1424 1503
@/home/ec2-user/data/topics/2163 1504
@/home/ec2-user/data/topics/3969 1505
@/home/ec2-user/data/topics/3878 1506
@/home/ec2-user/data/topics/4050 1507
@/home/ec2-user/data/topics/2036 1508
@/home/ec2-user/data/topics/4167 1509
@/home/ec2-user/data/topics/1345 1510
@/home/ec2-user/data/topics/1896 1511
@/home/ec2-user/data/topics/4038 1512
東陶機器株式会社

@/home/ec2-user/data/topics/2135 1513
@/home/ec2-user/data/topics/1735 1513
@/home/ec2-user/data/topics/1626 1514
@/home/ec2-user/data/topics/3821 1515
@/home/ec2-user/data/topics/3583 1516
@/home/ec2-user/data/topics/1692 1517
本田技研工業株式会社

@/home/ec2-user/data/topics/5026 1518
@/home/ec2-user/data/topics/4888 1518
@/home/ec2-user/data/topics/4132 1519
@/home/ec2-user/data/topics/1266 1520
@/home/ec2-user/data/topics/4033 1521
@/home/ec2-user/data/topics/4375 1522
@/home/ec2-user/data/topics/1444 1523
@/home/ec2-user/data/topics/4783 1524
@/home/ec2-user/data/topics/4331 1525
@/home/ec2-user/data/topics/1215 1526
@/home/ec2-user/data/topics/2016 1527
@/home/ec2-user/data/topics/4199 1528
@/home/ec2-user/data/topics/1226 1529
@/home/ec2-user/data/topics/1822 1530
@/home/ec2-user/data/topics/1818 1531
@/home/ec2-user/data/topics/3685 1532
@/home/ec2-user/data/topics/2000 1533
@/home/ec2-user/data/topics/1605 1534
@/home/ec2-user/data/topics/1143 1535
新日本製鐵株式会社

@/home/ec2-user/data/topics/3368 1536
@/home/ec2-user/data/topics/3899 1536
@/home/ec2-user/data/topics/3663 1537
@/home/ec2-user/data/topics/3861 1538
@/home/ec2-user/data/topics/4472 1539
@/home/ec2-user/data/topics/5008 1540
松下電工株式会社

@/home/ec2-user/data/topics/3932 1541
@/home/ec2-user/data/topics/4094 1541
@/home/ec2-user/data/topics/3379 1542
@/home/ec2-user/data/topics/4083 1543
@/home/ec2-user/data/topics/3565 1544
@/home/ec2-user/data/topics/3549 1545
@/home/ec2-user/data/topics/3670 1546
@/home/ec2-user/data/topics/4317 1547
@/home/ec2-user/data/topics/1311 1548
@/home/ec2-user/data/topics/4450 1549
@/home/ec2-user/data/topics/4029 1550
@/home/ec2-user/data/topics/1803 1551
@/home/ec2-user/data/topics/1251 1552
@/home/ec2-user/data/topics/3778 1553
@/home/ec2-user/data/topics/4347 1554
@/home/ec2-user/data/topics/3511 1555
@/home/ec2-user/data/topics/2045 1556
@/home/ec2-user/data/topics/4592 1557
@/home/ec2-user/data/topics/1011 1558
@/home/ec2-user/data/topics/4012 1559
@/home/ec2-user/data/topics/3651 1560
@/home/ec2-user/data/topics/3835 1561
usernum: 72
hit: 264
simhit: 720
simmax: 0.657444750475
simmin: 0.0
simavg: 0.200584476718
dlmax: 0.111257952338
dlmin: 0.00681856540006
dlavg: 0.0327392194674
mthit: 199
mthls: 72
srp: 538.367
total: 1562
hit/total: 0.169014084507
simhit/total: 0.460947503201
mthit/(total+usernum): 0.121787025704
mthls/(total+usernum): 0.0440636474908
srp/(total+usernum): 0.047068281168
srp20/(total+usernum): 0.012510928484
srp100/(total+usernum): 0.0268193740164
srp500/(total+usernum): 0.040313516349

2017-01-13 05:17:04.168083
