2016-12-25 12:19:55.095686

topic-folder:/home/ec2-user/data/topics/
cl-file:/home/ec2-user/git/tfidf/result-new/b2-1.txt
cl-floder:/home/ec2-user/data/lsaclass/
zipf:0.5
stype[0(tfidf)/1(tfidf2)/2(lsa)/3(lda)]:2
dtype[<0(diff*rand)/0(diff)/1(same)/>=2(diff*same)]:0
output-floder:/home/ec2-user/git/userquery/result

三菱マテリアル株式会社

@/home/ec2-user/data/topics/3630 0
@/home/ec2-user/data/topics/3546 0
@/home/ec2-user/data/topics/3470 1
@/home/ec2-user/data/topics/1085 2
@/home/ec2-user/data/topics/3520 3
@/home/ec2-user/data/topics/3866 4
@/home/ec2-user/data/topics/1638 5
@/home/ec2-user/data/topics/2093 6
日本精機株式会社

@/home/ec2-user/data/topics/1398 7
@/home/ec2-user/data/topics/4709 7
@/home/ec2-user/data/topics/4907 8
@/home/ec2-user/data/topics/4690 9
@/home/ec2-user/data/topics/4972 10
@/home/ec2-user/data/topics/4875 11
コニカ株式会社

@/home/ec2-user/data/topics/1946 12
@/home/ec2-user/data/topics/3533 12
@/home/ec2-user/data/topics/3357 13
@/home/ec2-user/data/topics/3426 14
@/home/ec2-user/data/topics/3418 15
@/home/ec2-user/data/topics/3414 16
@/home/ec2-user/data/topics/3370 17
@/home/ec2-user/data/topics/3486 18
@/home/ec2-user/data/topics/2162 19
@/home/ec2-user/data/topics/3419 20
@/home/ec2-user/data/topics/3431 21
埼玉日本電気株式会社

@/home/ec2-user/data/topics/4283 22
@/home/ec2-user/data/topics/5010 22
@/home/ec2-user/data/topics/4468 23
@/home/ec2-user/data/topics/4242 24
@/home/ec2-user/data/topics/4496 25
@/home/ec2-user/data/topics/1620 26
@/home/ec2-user/data/topics/1512 27
@/home/ec2-user/data/topics/4279 28
@/home/ec2-user/data/topics/4998 29
アルプス電気株式会社

@/home/ec2-user/data/topics/4791 30
@/home/ec2-user/data/topics/2012 30
@/home/ec2-user/data/topics/2089 31
@/home/ec2-user/data/topics/3429 32
@/home/ec2-user/data/topics/1253 33
@/home/ec2-user/data/topics/1434 34
@/home/ec2-user/data/topics/3582 35
三菱重工業株式会社

@/home/ec2-user/data/topics/3591 36
@/home/ec2-user/data/topics/4687 36
@/home/ec2-user/data/topics/5022 37
@/home/ec2-user/data/topics/3833 38
@/home/ec2-user/data/topics/3944 39
@/home/ec2-user/data/topics/3529 40
@/home/ec2-user/data/topics/4862 41
@/home/ec2-user/data/topics/4412 42
@/home/ec2-user/data/topics/4563 43
@/home/ec2-user/data/topics/3637 44
@/home/ec2-user/data/topics/4882 45
@/home/ec2-user/data/topics/3503 46
村田機械株式会社

@/home/ec2-user/data/topics/4835 47
@/home/ec2-user/data/topics/4596 47
@/home/ec2-user/data/topics/4441 48
@/home/ec2-user/data/topics/4746 49
@/home/ec2-user/data/topics/4565 50
@/home/ec2-user/data/topics/4556 51
@/home/ec2-user/data/topics/1074 52
@/home/ec2-user/data/topics/1293 53
@/home/ec2-user/data/topics/4941 54
@/home/ec2-user/data/topics/4645 55
@/home/ec2-user/data/topics/1607 56
@/home/ec2-user/data/topics/5000 57
@/home/ec2-user/data/topics/4638 58
@/home/ec2-user/data/topics/3740 59
@/home/ec2-user/data/topics/1511 60
@/home/ec2-user/data/topics/3528 61
@/home/ec2-user/data/topics/4570 62
川崎製鉄株式会社

@/home/ec2-user/data/topics/3929 63
@/home/ec2-user/data/topics/3483 63
@/home/ec2-user/data/topics/3553 64
@/home/ec2-user/data/topics/3611 65
@/home/ec2-user/data/topics/3413 66
@/home/ec2-user/data/topics/1037 67
@/home/ec2-user/data/topics/3532 68
@/home/ec2-user/data/topics/1459 69
@/home/ec2-user/data/topics/4615 70
ダイキン工業株式会社

@/home/ec2-user/data/topics/4753 71
@/home/ec2-user/data/topics/4400 71
@/home/ec2-user/data/topics/4367 72
@/home/ec2-user/data/topics/4858 73
@/home/ec2-user/data/topics/4701 74
@/home/ec2-user/data/topics/4845 75
@/home/ec2-user/data/topics/4515 76
@/home/ec2-user/data/topics/4734 77
@/home/ec2-user/data/topics/1565 78
@/home/ec2-user/data/topics/3888 79
@/home/ec2-user/data/topics/1600 80
三菱自動車工業株式会社

@/home/ec2-user/data/topics/3502 81
@/home/ec2-user/data/topics/1527 81
@/home/ec2-user/data/topics/1816 82
@/home/ec2-user/data/topics/3940 83
@/home/ec2-user/data/topics/3815 84
@/home/ec2-user/data/topics/4189 85
@/home/ec2-user/data/topics/1428 86
@/home/ec2-user/data/topics/2101 87
日産自動車株式会社

@/home/ec2-user/data/topics/3497 88
@/home/ec2-user/data/topics/3645 88
@/home/ec2-user/data/topics/4982 89
@/home/ec2-user/data/topics/3501 90
@/home/ec2-user/data/topics/3712 91
@/home/ec2-user/data/topics/4074 92
@/home/ec2-user/data/topics/3677 93
@/home/ec2-user/data/topics/3936 94
@/home/ec2-user/data/topics/3489 95
@/home/ec2-user/data/topics/3829 96
@/home/ec2-user/data/topics/3723 97
トヨタ自動車株式会社

@/home/ec2-user/data/topics/4298 98
@/home/ec2-user/data/topics/3783 98
@/home/ec2-user/data/topics/4617 99
@/home/ec2-user/data/topics/4543 100
@/home/ec2-user/data/topics/2111 101
@/home/ec2-user/data/topics/3481 102
@/home/ec2-user/data/topics/3699 103
@/home/ec2-user/data/topics/3671 104
@/home/ec2-user/data/topics/4030 105
@/home/ec2-user/data/topics/1494 106
@/home/ec2-user/data/topics/4426 107
@/home/ec2-user/data/topics/4008 108
@/home/ec2-user/data/topics/3731 109
@/home/ec2-user/data/topics/3943 110
@/home/ec2-user/data/topics/2218 111
@/home/ec2-user/data/topics/4647 112
@/home/ec2-user/data/topics/4144 113
@/home/ec2-user/data/topics/3758 114
@/home/ec2-user/data/topics/1551 115
@/home/ec2-user/data/topics/4658 116
@/home/ec2-user/data/topics/3405 117
@/home/ec2-user/data/topics/4346 118
@/home/ec2-user/data/topics/3725 119
@/home/ec2-user/data/topics/3356 120
@/home/ec2-user/data/topics/3587 121
@/home/ec2-user/data/topics/4633 122
@/home/ec2-user/data/topics/4920 123
@/home/ec2-user/data/topics/4064 124
@/home/ec2-user/data/topics/4767 125
オリンパス光学工業株式会社

@/home/ec2-user/data/topics/2026 126
@/home/ec2-user/data/topics/1155 126
@/home/ec2-user/data/topics/4007 127
@/home/ec2-user/data/topics/1739 128
@/home/ec2-user/data/topics/4878 129
@/home/ec2-user/data/topics/1869 130
@/home/ec2-user/data/topics/5006 131
@/home/ec2-user/data/topics/4013 132
@/home/ec2-user/data/topics/1107 133
@/home/ec2-user/data/topics/1586 134
@/home/ec2-user/data/topics/1981 135
@/home/ec2-user/data/topics/1835 136
ブラザー工業株式会社

@/home/ec2-user/data/topics/3507 137
@/home/ec2-user/data/topics/2086 137
@/home/ec2-user/data/topics/1636 138
@/home/ec2-user/data/topics/3789 139
@/home/ec2-user/data/topics/1183 140
@/home/ec2-user/data/topics/1906 141
@/home/ec2-user/data/topics/1164 142
@/home/ec2-user/data/topics/4548 143
@/home/ec2-user/data/topics/3477 144
@/home/ec2-user/data/topics/3613 145
@/home/ec2-user/data/topics/1697 146
@/home/ec2-user/data/topics/2085 147
@/home/ec2-user/data/topics/1300 148
@/home/ec2-user/data/topics/3686 149
@/home/ec2-user/data/topics/1076 150
富士通株式会社

@/home/ec2-user/data/topics/3862 151
@/home/ec2-user/data/topics/3428 151
@/home/ec2-user/data/topics/1874 152
@/home/ec2-user/data/topics/5004 153
@/home/ec2-user/data/topics/3460 154
@/home/ec2-user/data/topics/1609 155
@/home/ec2-user/data/topics/3765 156
@/home/ec2-user/data/topics/3846 157
@/home/ec2-user/data/topics/2227 158
@/home/ec2-user/data/topics/2216 159
@/home/ec2-user/data/topics/2215 160
@/home/ec2-user/data/topics/3538 161
@/home/ec2-user/data/topics/1547 162
@/home/ec2-user/data/topics/1998 163
@/home/ec2-user/data/topics/1123 164
@/home/ec2-user/data/topics/3962 165
@/home/ec2-user/data/topics/3912 166
@/home/ec2-user/data/topics/4191 167
@/home/ec2-user/data/topics/1271 168
@/home/ec2-user/data/topics/1264 169
@/home/ec2-user/data/topics/3970 170
@/home/ec2-user/data/topics/3751 171
@/home/ec2-user/data/topics/3381 172
@/home/ec2-user/data/topics/3399 173
@/home/ec2-user/data/topics/3870 174
@/home/ec2-user/data/topics/3799 175
@/home/ec2-user/data/topics/3883 176
@/home/ec2-user/data/topics/3802 177
@/home/ec2-user/data/topics/3400 178
@/home/ec2-user/data/topics/3850 179
@/home/ec2-user/data/topics/3749 180
@/home/ec2-user/data/topics/3636 181
静岡日本電気株式会社

@/home/ec2-user/data/topics/4314 182
@/home/ec2-user/data/topics/4365 182
@/home/ec2-user/data/topics/4507 183
@/home/ec2-user/data/topics/4531 184
@/home/ec2-user/data/topics/4250 185
@/home/ec2-user/data/topics/4326 186
住友重機械工業株式会社

@/home/ec2-user/data/topics/4854 187
@/home/ec2-user/data/topics/1505 187
@/home/ec2-user/data/topics/1373 188
@/home/ec2-user/data/topics/3952 189
@/home/ec2-user/data/topics/2039 190
@/home/ec2-user/data/topics/3868 191
@/home/ec2-user/data/topics/1900 192
@/home/ec2-user/data/topics/1553 193
@/home/ec2-user/data/topics/1019 194
大日本印刷株式会社

@/home/ec2-user/data/topics/1099 195
@/home/ec2-user/data/topics/1564 195
@/home/ec2-user/data/topics/3388 196
@/home/ec2-user/data/topics/1145 197
@/home/ec2-user/data/topics/3569 198
@/home/ec2-user/data/topics/1262 199
日本電気株式会社

@/home/ec2-user/data/topics/4816 200
@/home/ec2-user/data/topics/1634 200
@/home/ec2-user/data/topics/4093 201
@/home/ec2-user/data/topics/1500 202
@/home/ec2-user/data/topics/1101 203
@/home/ec2-user/data/topics/4288 204
@/home/ec2-user/data/topics/4613 205
@/home/ec2-user/data/topics/4238 206
@/home/ec2-user/data/topics/4742 207
@/home/ec2-user/data/topics/4626 208
@/home/ec2-user/data/topics/1383 209
@/home/ec2-user/data/topics/4315 210
@/home/ec2-user/data/topics/4207 211
@/home/ec2-user/data/topics/4440 212
@/home/ec2-user/data/topics/4490 213
@/home/ec2-user/data/topics/1710 214
@/home/ec2-user/data/topics/2144 215
@/home/ec2-user/data/topics/4342 216
@/home/ec2-user/data/topics/4138 217
@/home/ec2-user/data/topics/3724 218
@/home/ec2-user/data/topics/4243 219
@/home/ec2-user/data/topics/4186 220
@/home/ec2-user/data/topics/1773 221
@/home/ec2-user/data/topics/4532 222
@/home/ec2-user/data/topics/4168 223
@/home/ec2-user/data/topics/5034 224
@/home/ec2-user/data/topics/4598 225
@/home/ec2-user/data/topics/4320 226
@/home/ec2-user/data/topics/1457 227
@/home/ec2-user/data/topics/4278 228
@/home/ec2-user/data/topics/4808 229
@/home/ec2-user/data/topics/4530 230
@/home/ec2-user/data/topics/1112 231
@/home/ec2-user/data/topics/4300 232
@/home/ec2-user/data/topics/4418 233
@/home/ec2-user/data/topics/4097 234
@/home/ec2-user/data/topics/4442 235
@/home/ec2-user/data/topics/4388 236
@/home/ec2-user/data/topics/1362 237
@/home/ec2-user/data/topics/4533 238
@/home/ec2-user/data/topics/4609 239
@/home/ec2-user/data/topics/4708 240
@/home/ec2-user/data/topics/1364 241
@/home/ec2-user/data/topics/4651 242
@/home/ec2-user/data/topics/4725 243
@/home/ec2-user/data/topics/1879 244
@/home/ec2-user/data/topics/4689 245
@/home/ec2-user/data/topics/4824 246
@/home/ec2-user/data/topics/4158 247
@/home/ec2-user/data/topics/3744 248
@/home/ec2-user/data/topics/1199 249
@/home/ec2-user/data/topics/4650 250
@/home/ec2-user/data/topics/4192 251
@/home/ec2-user/data/topics/4389 252
@/home/ec2-user/data/topics/4247 253
@/home/ec2-user/data/topics/4760 254
@/home/ec2-user/data/topics/4162 255
@/home/ec2-user/data/topics/1783 256
@/home/ec2-user/data/topics/4485 257
@/home/ec2-user/data/topics/4171 258
@/home/ec2-user/data/topics/1867 259
@/home/ec2-user/data/topics/1815 260
@/home/ec2-user/data/topics/4082 261
@/home/ec2-user/data/topics/4659 262
@/home/ec2-user/data/topics/4696 263
@/home/ec2-user/data/topics/2031 264
@/home/ec2-user/data/topics/4759 265
@/home/ec2-user/data/topics/4240 266
@/home/ec2-user/data/topics/1624 267
@/home/ec2-user/data/topics/4850 268
@/home/ec2-user/data/topics/4137 269
@/home/ec2-user/data/topics/4749 270
@/home/ec2-user/data/topics/4338 271
@/home/ec2-user/data/topics/4477 272
@/home/ec2-user/data/topics/1016 273
@/home/ec2-user/data/topics/4352 274
@/home/ec2-user/data/topics/4603 275
@/home/ec2-user/data/topics/4360 276
@/home/ec2-user/data/topics/1923 277
@/home/ec2-user/data/topics/1464 278
@/home/ec2-user/data/topics/4129 279
@/home/ec2-user/data/topics/4779 280
@/home/ec2-user/data/topics/4404 281
@/home/ec2-user/data/topics/1557 282
@/home/ec2-user/data/topics/4770 283
@/home/ec2-user/data/topics/4120 284
@/home/ec2-user/data/topics/4260 285
@/home/ec2-user/data/topics/4764 286
@/home/ec2-user/data/topics/3938 287
@/home/ec2-user/data/topics/4063 288
@/home/ec2-user/data/topics/4775 289
@/home/ec2-user/data/topics/4940 290
@/home/ec2-user/data/topics/4578 291
@/home/ec2-user/data/topics/2166 292
@/home/ec2-user/data/topics/4486 293
@/home/ec2-user/data/topics/4595 294
@/home/ec2-user/data/topics/1661 295
@/home/ec2-user/data/topics/4254 296
@/home/ec2-user/data/topics/1937 297
@/home/ec2-user/data/topics/4458 298
@/home/ec2-user/data/topics/1595 299
@/home/ec2-user/data/topics/4536 300
@/home/ec2-user/data/topics/4153 301
@/home/ec2-user/data/topics/3729 302
@/home/ec2-user/data/topics/2088 303
@/home/ec2-user/data/topics/4185 304
@/home/ec2-user/data/topics/4257 305
@/home/ec2-user/data/topics/4236 306
@/home/ec2-user/data/topics/3896 307
@/home/ec2-user/data/topics/3886 308
@/home/ec2-user/data/topics/4319 309
@/home/ec2-user/data/topics/4446 310
@/home/ec2-user/data/topics/4892 311
@/home/ec2-user/data/topics/4273 312
@/home/ec2-user/data/topics/1567 313
@/home/ec2-user/data/topics/4318 314
@/home/ec2-user/data/topics/4128 315
@/home/ec2-user/data/topics/4272 316
@/home/ec2-user/data/topics/4119 317
@/home/ec2-user/data/topics/4116 318
@/home/ec2-user/data/topics/4142 319
@/home/ec2-user/data/topics/4267 320
@/home/ec2-user/data/topics/4154 321
@/home/ec2-user/data/topics/4196 322
@/home/ec2-user/data/topics/4785 323
@/home/ec2-user/data/topics/1764 324
@/home/ec2-user/data/topics/4017 325
@/home/ec2-user/data/topics/4497 326
@/home/ec2-user/data/topics/4876 327
@/home/ec2-user/data/topics/4718 328
@/home/ec2-user/data/topics/4728 329
@/home/ec2-user/data/topics/4480 330
@/home/ec2-user/data/topics/4003 331
@/home/ec2-user/data/topics/4634 332
@/home/ec2-user/data/topics/4460 333
@/home/ec2-user/data/topics/4425 334
@/home/ec2-user/data/topics/4275 335
@/home/ec2-user/data/topics/3954 336
@/home/ec2-user/data/topics/4204 337
@/home/ec2-user/data/topics/1044 338
@/home/ec2-user/data/topics/4926 339
@/home/ec2-user/data/topics/4750 340
@/home/ec2-user/data/topics/3971 341
@/home/ec2-user/data/topics/3956 342
@/home/ec2-user/data/topics/4549 343
@/home/ec2-user/data/topics/2150 344
@/home/ec2-user/data/topics/2022 345
@/home/ec2-user/data/topics/4227 346
@/home/ec2-user/data/topics/1891 347
@/home/ec2-user/data/topics/4081 348
@/home/ec2-user/data/topics/4281 349
@/home/ec2-user/data/topics/1360 350
@/home/ec2-user/data/topics/4276 351
@/home/ec2-user/data/topics/4371 352
@/home/ec2-user/data/topics/1852 353
@/home/ec2-user/data/topics/1724 354
@/home/ec2-user/data/topics/2119 355
@/home/ec2-user/data/topics/3875 356
@/home/ec2-user/data/topics/4434 357
@/home/ec2-user/data/topics/4644 358
@/home/ec2-user/data/topics/4666 359
@/home/ec2-user/data/topics/4100 360
@/home/ec2-user/data/topics/4665 361
@/home/ec2-user/data/topics/1791 362
@/home/ec2-user/data/topics/1948 363
@/home/ec2-user/data/topics/3995 364
@/home/ec2-user/data/topics/3767 365
@/home/ec2-user/data/topics/4313 366
@/home/ec2-user/data/topics/4584 367
@/home/ec2-user/data/topics/4643 368
@/home/ec2-user/data/topics/4398 369
@/home/ec2-user/data/topics/4062 370
@/home/ec2-user/data/topics/4721 371
@/home/ec2-user/data/topics/4134 372
@/home/ec2-user/data/topics/4246 373
@/home/ec2-user/data/topics/4537 374
@/home/ec2-user/data/topics/1973 375
@/home/ec2-user/data/topics/4657 376
@/home/ec2-user/data/topics/4310 377
@/home/ec2-user/data/topics/1052 378
@/home/ec2-user/data/topics/3865 379
@/home/ec2-user/data/topics/1100 380
@/home/ec2-user/data/topics/3853 381
@/home/ec2-user/data/topics/4414 382
@/home/ec2-user/data/topics/4309 383
@/home/ec2-user/data/topics/4447 384
@/home/ec2-user/data/topics/4244 385
@/home/ec2-user/data/topics/2041 386
@/home/ec2-user/data/topics/1844 387
@/home/ec2-user/data/topics/1281 388
@/home/ec2-user/data/topics/4343 389
@/home/ec2-user/data/topics/4216 390
@/home/ec2-user/data/topics/4561 391
@/home/ec2-user/data/topics/4699 392
@/home/ec2-user/data/topics/4429 393
@/home/ec2-user/data/topics/4071 394
@/home/ec2-user/data/topics/2127 395
@/home/ec2-user/data/topics/4902 396
@/home/ec2-user/data/topics/4427 397
@/home/ec2-user/data/topics/4092 398
@/home/ec2-user/data/topics/4646 399
@/home/ec2-user/data/topics/3766 400
@/home/ec2-user/data/topics/1523 401
@/home/ec2-user/data/topics/4359 402
@/home/ec2-user/data/topics/1116 403
@/home/ec2-user/data/topics/1122 404
@/home/ec2-user/data/topics/4838 405
@/home/ec2-user/data/topics/1612 406
@/home/ec2-user/data/topics/1078 407
@/home/ec2-user/data/topics/3897 408
@/home/ec2-user/data/topics/4433 409
@/home/ec2-user/data/topics/4390 410
@/home/ec2-user/data/topics/4209 411
@/home/ec2-user/data/topics/4682 412
@/home/ec2-user/data/topics/1928 413
@/home/ec2-user/data/topics/1486 414
@/home/ec2-user/data/topics/1326 415
@/home/ec2-user/data/topics/4393 416
@/home/ec2-user/data/topics/4877 417
@/home/ec2-user/data/topics/4258 418
松下電器産業株式会社

@/home/ec2-user/data/topics/4961 419
@/home/ec2-user/data/topics/3807 419
@/home/ec2-user/data/topics/3455 420
@/home/ec2-user/data/topics/1748 421
@/home/ec2-user/data/topics/4761 422
@/home/ec2-user/data/topics/4394 423
@/home/ec2-user/data/topics/2222 424
@/home/ec2-user/data/topics/1540 425
@/home/ec2-user/data/topics/3510 426
@/home/ec2-user/data/topics/2156 427
@/home/ec2-user/data/topics/4787 428
@/home/ec2-user/data/topics/4503 429
@/home/ec2-user/data/topics/1158 430
@/home/ec2-user/data/topics/4707 431
@/home/ec2-user/data/topics/5028 432
@/home/ec2-user/data/topics/4274 433
@/home/ec2-user/data/topics/1898 434
@/home/ec2-user/data/topics/3658 435
@/home/ec2-user/data/topics/3960 436
@/home/ec2-user/data/topics/4574 437
@/home/ec2-user/data/topics/3402 438
@/home/ec2-user/data/topics/1339 439
@/home/ec2-user/data/topics/4385 440
@/home/ec2-user/data/topics/1477 441
@/home/ec2-user/data/topics/4804 442
@/home/ec2-user/data/topics/3746 443
@/home/ec2-user/data/topics/4180 444
@/home/ec2-user/data/topics/4101 445
@/home/ec2-user/data/topics/4160 446
@/home/ec2-user/data/topics/4126 447
@/home/ec2-user/data/topics/4043 448
@/home/ec2-user/data/topics/3694 449
@/home/ec2-user/data/topics/4475 450
@/home/ec2-user/data/topics/1705 451
@/home/ec2-user/data/topics/4280 452
@/home/ec2-user/data/topics/4102 453
@/home/ec2-user/data/topics/4303 454
@/home/ec2-user/data/topics/4215 455
@/home/ec2-user/data/topics/4885 456
@/home/ec2-user/data/topics/4382 457
@/home/ec2-user/data/topics/3704 458
@/home/ec2-user/data/topics/4817 459
@/home/ec2-user/data/topics/1633 460
@/home/ec2-user/data/topics/1829 461
@/home/ec2-user/data/topics/4936 462
@/home/ec2-user/data/topics/3721 463
@/home/ec2-user/data/topics/4229 464
@/home/ec2-user/data/topics/1701 465
@/home/ec2-user/data/topics/3494 466
@/home/ec2-user/data/topics/3680 467
@/home/ec2-user/data/topics/3619 468
@/home/ec2-user/data/topics/1589 469
@/home/ec2-user/data/topics/1509 470
@/home/ec2-user/data/topics/4159 471
@/home/ec2-user/data/topics/1881 472
@/home/ec2-user/data/topics/4586 473
@/home/ec2-user/data/topics/2129 474
@/home/ec2-user/data/topics/4797 475
@/home/ec2-user/data/topics/1026 476
@/home/ec2-user/data/topics/4625 477
@/home/ec2-user/data/topics/4139 478
@/home/ec2-user/data/topics/4754 479
@/home/ec2-user/data/topics/4667 480
@/home/ec2-user/data/topics/3979 481
@/home/ec2-user/data/topics/1955 482
@/home/ec2-user/data/topics/4459 483
@/home/ec2-user/data/topics/4676 484
@/home/ec2-user/data/topics/2170 485
@/home/ec2-user/data/topics/1257 486
@/home/ec2-user/data/topics/4577 487
@/home/ec2-user/data/topics/2080 488
@/home/ec2-user/data/topics/1157 489
@/home/ec2-user/data/topics/4867 490
@/home/ec2-user/data/topics/4918 491
@/home/ec2-user/data/topics/5024 492
@/home/ec2-user/data/topics/4502 493
@/home/ec2-user/data/topics/3519 494
@/home/ec2-user/data/topics/2056 495
@/home/ec2-user/data/topics/4000 496
@/home/ec2-user/data/topics/4491 497
@/home/ec2-user/data/topics/3761 498
@/home/ec2-user/data/topics/1635 499
@/home/ec2-user/data/topics/4558 500
@/home/ec2-user/data/topics/1252 501
@/home/ec2-user/data/topics/3558 502
@/home/ec2-user/data/topics/3585 503
@/home/ec2-user/data/topics/4193 504
@/home/ec2-user/data/topics/4464 505
@/home/ec2-user/data/topics/4501 506
@/home/ec2-user/data/topics/4599 507
@/home/ec2-user/data/topics/4307 508
@/home/ec2-user/data/topics/3676 509
@/home/ec2-user/data/topics/3719 510
@/home/ec2-user/data/topics/4798 511
@/home/ec2-user/data/topics/2029 512
@/home/ec2-user/data/topics/3920 513
@/home/ec2-user/data/topics/3404 514
@/home/ec2-user/data/topics/4098 515
@/home/ec2-user/data/topics/4917 516
@/home/ec2-user/data/topics/3951 517
@/home/ec2-user/data/topics/3386 518
@/home/ec2-user/data/topics/1136 519
@/home/ec2-user/data/topics/1885 520
@/home/ec2-user/data/topics/1762 521
@/home/ec2-user/data/topics/3739 522
@/home/ec2-user/data/topics/4157 523
@/home/ec2-user/data/topics/1179 524
@/home/ec2-user/data/topics/4945 525
@/home/ec2-user/data/topics/4264 526
@/home/ec2-user/data/topics/3904 527
@/home/ec2-user/data/topics/4968 528
@/home/ec2-user/data/topics/1706 529
@/home/ec2-user/data/topics/3847 530
@/home/ec2-user/data/topics/1070 531
@/home/ec2-user/data/topics/1516 532
@/home/ec2-user/data/topics/3692 533
@/home/ec2-user/data/topics/4355 534
@/home/ec2-user/data/topics/1525 535
@/home/ec2-user/data/topics/4448 536
@/home/ec2-user/data/topics/3514 537
@/home/ec2-user/data/topics/4806 538
@/home/ec2-user/data/topics/1812 539
@/home/ec2-user/data/topics/4422 540
セイコーインスツルメンツ株式会社

@/home/ec2-user/data/topics/3825 541
@/home/ec2-user/data/topics/4203 541
@/home/ec2-user/data/topics/4190 542
@/home/ec2-user/data/topics/1707 543
@/home/ec2-user/data/topics/4036 544
@/home/ec2-user/data/topics/4997 545
@/home/ec2-user/data/topics/3626 546
@/home/ec2-user/data/topics/4088 547
@/home/ec2-user/data/topics/4151 548
ミノルタ株式会社

@/home/ec2-user/data/topics/4986 549
@/home/ec2-user/data/topics/3810 549
@/home/ec2-user/data/topics/4321 550
@/home/ec2-user/data/topics/4977 551
@/home/ec2-user/data/topics/3545 552
@/home/ec2-user/data/topics/4951 553
@/home/ec2-user/data/topics/4970 554
@/home/ec2-user/data/topics/4971 555
@/home/ec2-user/data/topics/4984 556
@/home/ec2-user/data/topics/1152 557
@/home/ec2-user/data/topics/2190 558
@/home/ec2-user/data/topics/3584 559
株式会社リコー

@/home/ec2-user/data/topics/3633 560
@/home/ec2-user/data/topics/1776 560
@/home/ec2-user/data/topics/1064 561
@/home/ec2-user/data/topics/4616 562
@/home/ec2-user/data/topics/3394 563
@/home/ec2-user/data/topics/1780 564
@/home/ec2-user/data/topics/1436 565
@/home/ec2-user/data/topics/3436 566
@/home/ec2-user/data/topics/3523 567
@/home/ec2-user/data/topics/4265 568
@/home/ec2-user/data/topics/2189 569
@/home/ec2-user/data/topics/1663 570
@/home/ec2-user/data/topics/1775 571
@/home/ec2-user/data/topics/3711 572
@/home/ec2-user/data/topics/1433 573
@/home/ec2-user/data/topics/1478 574
@/home/ec2-user/data/topics/2182 575
@/home/ec2-user/data/topics/4344 576
@/home/ec2-user/data/topics/3555 577
@/home/ec2-user/data/topics/3495 578
@/home/ec2-user/data/topics/3474 579
@/home/ec2-user/data/topics/2200 580
@/home/ec2-user/data/topics/3548 581
@/home/ec2-user/data/topics/1514 582
@/home/ec2-user/data/topics/3837 583
@/home/ec2-user/data/topics/4037 584
@/home/ec2-user/data/topics/1669 585
@/home/ec2-user/data/topics/1627 586
@/home/ec2-user/data/topics/1083 587
@/home/ec2-user/data/topics/3750 588
@/home/ec2-user/data/topics/3446 589
@/home/ec2-user/data/topics/1974 590
@/home/ec2-user/data/topics/1740 591
@/home/ec2-user/data/topics/2219 592
@/home/ec2-user/data/topics/1755 593
@/home/ec2-user/data/topics/1106 594
@/home/ec2-user/data/topics/3424 595
@/home/ec2-user/data/topics/1190 596
@/home/ec2-user/data/topics/4781 597
@/home/ec2-user/data/topics/3775 598
@/home/ec2-user/data/topics/1670 599
@/home/ec2-user/data/topics/2006 600
@/home/ec2-user/data/topics/3759 601
@/home/ec2-user/data/topics/4879 602
@/home/ec2-user/data/topics/1593 603
@/home/ec2-user/data/topics/1668 604
@/home/ec2-user/data/topics/3484 605
@/home/ec2-user/data/topics/1878 606
@/home/ec2-user/data/topics/1610 607
@/home/ec2-user/data/topics/3687 608
@/home/ec2-user/data/topics/3378 609
@/home/ec2-user/data/topics/3574 610
@/home/ec2-user/data/topics/2090 611
@/home/ec2-user/data/topics/1095 612
@/home/ec2-user/data/topics/1225 613
@/home/ec2-user/data/topics/1482 614
@/home/ec2-user/data/topics/3713 615
@/home/ec2-user/data/topics/3669 616
@/home/ec2-user/data/topics/3411 617
@/home/ec2-user/data/topics/1806 618
@/home/ec2-user/data/topics/3880 619
@/home/ec2-user/data/topics/3530 620
@/home/ec2-user/data/topics/1774 621
@/home/ec2-user/data/topics/2201 622
@/home/ec2-user/data/topics/2043 623
@/home/ec2-user/data/topics/3472 624
@/home/ec2-user/data/topics/1718 625
@/home/ec2-user/data/topics/1691 626
@/home/ec2-user/data/topics/1976 627
@/home/ec2-user/data/topics/3557 628
@/home/ec2-user/data/topics/1282 629
独立行政法人産業技術総合研究所

@/home/ec2-user/data/topics/1356 630
@/home/ec2-user/data/topics/4800 630
@/home/ec2-user/data/topics/4740 631
@/home/ec2-user/data/topics/4869 632
@/home/ec2-user/data/topics/4777 633
@/home/ec2-user/data/topics/4739 634
ソニー株式会社

@/home/ec2-user/data/topics/1679 635
@/home/ec2-user/data/topics/1397 635
@/home/ec2-user/data/topics/2094 636
@/home/ec2-user/data/topics/1102 637
@/home/ec2-user/data/topics/2052 638
@/home/ec2-user/data/topics/1471 639
@/home/ec2-user/data/topics/1892 640
@/home/ec2-user/data/topics/1218 641
@/home/ec2-user/data/topics/1873 642
@/home/ec2-user/data/topics/3924 643
@/home/ec2-user/data/topics/1298 644
@/home/ec2-user/data/topics/1059 645
@/home/ec2-user/data/topics/1435 646
@/home/ec2-user/data/topics/1912 647
@/home/ec2-user/data/topics/3975 648
@/home/ec2-user/data/topics/1491 649
@/home/ec2-user/data/topics/1686 650
@/home/ec2-user/data/topics/1749 651
@/home/ec2-user/data/topics/1602 652
@/home/ec2-user/data/topics/3401 653
@/home/ec2-user/data/topics/4219 654
@/home/ec2-user/data/topics/1836 655
@/home/ec2-user/data/topics/4351 656
@/home/ec2-user/data/topics/3955 657
@/home/ec2-user/data/topics/1778 658
@/home/ec2-user/data/topics/2058 659
@/home/ec2-user/data/topics/2075 660
@/home/ec2-user/data/topics/2048 661
@/home/ec2-user/data/topics/3392 662
@/home/ec2-user/data/topics/2059 663
@/home/ec2-user/data/topics/4224 664
@/home/ec2-user/data/topics/1380 665
@/home/ec2-user/data/topics/1926 666
@/home/ec2-user/data/topics/5027 667
@/home/ec2-user/data/topics/3872 668
@/home/ec2-user/data/topics/1967 669
@/home/ec2-user/data/topics/2037 670
@/home/ec2-user/data/topics/2105 671
@/home/ec2-user/data/topics/1954 672
@/home/ec2-user/data/topics/1426 673
@/home/ec2-user/data/topics/1884 674
@/home/ec2-user/data/topics/1291 675
@/home/ec2-user/data/topics/1414 676
@/home/ec2-user/data/topics/4184 677
@/home/ec2-user/data/topics/1233 678
@/home/ec2-user/data/topics/1147 679
@/home/ec2-user/data/topics/3456 680
富士ゼロックス株式会社

@/home/ec2-user/data/topics/3407 681
@/home/ec2-user/data/topics/3473 681
@/home/ec2-user/data/topics/3782 682
@/home/ec2-user/data/topics/3662 683
@/home/ec2-user/data/topics/3383 684
@/home/ec2-user/data/topics/3790 685
@/home/ec2-user/data/topics/4108 686
@/home/ec2-user/data/topics/3695 687
@/home/ec2-user/data/topics/3640 688
@/home/ec2-user/data/topics/1947 689
@/home/ec2-user/data/topics/1560 690
@/home/ec2-user/data/topics/3564 691
@/home/ec2-user/data/topics/5031 692
@/home/ec2-user/data/topics/3661 693
@/home/ec2-user/data/topics/3366 694
住友金属工業株式会社

@/home/ec2-user/data/topics/4733 695
@/home/ec2-user/data/topics/1268 695
@/home/ec2-user/data/topics/4021 696
@/home/ec2-user/data/topics/3577 697
@/home/ec2-user/data/topics/4534 698
@/home/ec2-user/data/topics/3655 699
@/home/ec2-user/data/topics/4295 700
@/home/ec2-user/data/topics/4661 701
@/home/ec2-user/data/topics/3826 702
@/home/ec2-user/data/topics/4991 703
@/home/ec2-user/data/topics/4322 704
@/home/ec2-user/data/topics/4182 705
日立電線株式会社

@/home/ec2-user/data/topics/1305 706
@/home/ec2-user/data/topics/4356 706
@/home/ec2-user/data/topics/4357 707
@/home/ec2-user/data/topics/1117 708
@/home/ec2-user/data/topics/3756 709
@/home/ec2-user/data/topics/3930 710
@/home/ec2-user/data/topics/1027 711
@/home/ec2-user/data/topics/4329 712
@/home/ec2-user/data/topics/1388 713
キヤノン株式会社

@/home/ec2-user/data/topics/2053 714
@/home/ec2-user/data/topics/2004 714
@/home/ec2-user/data/topics/1228 715
@/home/ec2-user/data/topics/3722 716
@/home/ec2-user/data/topics/1744 717
@/home/ec2-user/data/topics/3376 718
@/home/ec2-user/data/topics/4020 719
@/home/ec2-user/data/topics/1208 720
@/home/ec2-user/data/topics/1895 721
@/home/ec2-user/data/topics/3843 722
@/home/ec2-user/data/topics/3958 723
@/home/ec2-user/data/topics/2117 724
@/home/ec2-user/data/topics/1802 725
@/home/ec2-user/data/topics/2107 726
@/home/ec2-user/data/topics/3415 727
@/home/ec2-user/data/topics/1646 728
@/home/ec2-user/data/topics/3720 729
@/home/ec2-user/data/topics/3441 730
@/home/ec2-user/data/topics/4521 731
@/home/ec2-user/data/topics/3642 732
@/home/ec2-user/data/topics/2243 733
@/home/ec2-user/data/topics/2231 734
@/home/ec2-user/data/topics/4520 735
@/home/ec2-user/data/topics/1080 736
@/home/ec2-user/data/topics/3438 737
@/home/ec2-user/data/topics/3660 738
@/home/ec2-user/data/topics/1961 739
@/home/ec2-user/data/topics/1847 740
@/home/ec2-user/data/topics/4350 741
@/home/ec2-user/data/topics/1118 742
@/home/ec2-user/data/topics/1568 743
@/home/ec2-user/data/topics/3454 744
@/home/ec2-user/data/topics/4068 745
@/home/ec2-user/data/topics/3730 746
@/home/ec2-user/data/topics/1438 747
@/home/ec2-user/data/topics/1975 748
@/home/ec2-user/data/topics/3949 749
@/home/ec2-user/data/topics/1519 750
@/home/ec2-user/data/topics/3628 751
@/home/ec2-user/data/topics/1590 752
@/home/ec2-user/data/topics/3374 753
@/home/ec2-user/data/topics/1866 754
@/home/ec2-user/data/topics/1889 755
@/home/ec2-user/data/topics/1539 756
@/home/ec2-user/data/topics/4610 757
@/home/ec2-user/data/topics/3755 758
@/home/ec2-user/data/topics/1745 759
@/home/ec2-user/data/topics/4628 760
@/home/ec2-user/data/topics/3737 761
@/home/ec2-user/data/topics/3445 762
@/home/ec2-user/data/topics/3967 763
@/home/ec2-user/data/topics/1216 764
@/home/ec2-user/data/topics/3410 765
@/home/ec2-user/data/topics/4948 766
@/home/ec2-user/data/topics/3430 767
@/home/ec2-user/data/topics/1513 768
@/home/ec2-user/data/topics/1455 769
@/home/ec2-user/data/topics/3420 770
@/home/ec2-user/data/topics/3996 771
@/home/ec2-user/data/topics/3417 772
@/home/ec2-user/data/topics/4363 773
@/home/ec2-user/data/topics/1790 774
@/home/ec2-user/data/topics/3656 775
@/home/ec2-user/data/topics/4054 776
@/home/ec2-user/data/topics/1631 777
@/home/ec2-user/data/topics/4947 778
@/home/ec2-user/data/topics/4937 779
@/home/ec2-user/data/topics/2145 780
@/home/ec2-user/data/topics/1124 781
@/home/ec2-user/data/topics/3434 782
@/home/ec2-user/data/topics/3416 783
@/home/ec2-user/data/topics/3852 784
@/home/ec2-user/data/topics/1848 785
三洋電機株式会社

@/home/ec2-user/data/topics/1488 786
@/home/ec2-user/data/topics/4571 786
@/home/ec2-user/data/topics/4527 787
@/home/ec2-user/data/topics/3804 788
@/home/ec2-user/data/topics/3953 789
@/home/ec2-user/data/topics/4328 790
@/home/ec2-user/data/topics/2054 791
@/home/ec2-user/data/topics/1515 792
@/home/ec2-user/data/topics/1246 793
@/home/ec2-user/data/topics/4654 794
@/home/ec2-user/data/topics/2098 795
@/home/ec2-user/data/topics/1321 796
@/home/ec2-user/data/topics/3754 797
@/home/ec2-user/data/topics/4301 798
@/home/ec2-user/data/topics/1722 799
@/home/ec2-user/data/topics/4212 800
@/home/ec2-user/data/topics/4837 801
@/home/ec2-user/data/topics/5002 802
@/home/ec2-user/data/topics/3403 803
@/home/ec2-user/data/topics/4720 804
@/home/ec2-user/data/topics/3492 805
@/home/ec2-user/data/topics/1386 806
@/home/ec2-user/data/topics/4763 807
@/home/ec2-user/data/topics/4304 808
@/home/ec2-user/data/topics/3859 809
@/home/ec2-user/data/topics/3906 810
@/home/ec2-user/data/topics/4178 811
@/home/ec2-user/data/topics/3625 812
@/home/ec2-user/data/topics/3539 813
@/home/ec2-user/data/topics/4039 814
@/home/ec2-user/data/topics/3398 815
@/home/ec2-user/data/topics/3974 816
@/home/ec2-user/data/topics/3830 817
@/home/ec2-user/data/topics/1451 818
@/home/ec2-user/data/topics/5011 819
@/home/ec2-user/data/topics/2071 820
@/home/ec2-user/data/topics/3808 821
@/home/ec2-user/data/topics/4679 822
@/home/ec2-user/data/topics/1163 823
@/home/ec2-user/data/topics/3681 824
@/home/ec2-user/data/topics/4978 825
@/home/ec2-user/data/topics/2194 826
@/home/ec2-user/data/topics/4492 827
@/home/ec2-user/data/topics/1671 828
@/home/ec2-user/data/topics/3926 829
@/home/ec2-user/data/topics/3986 830
@/home/ec2-user/data/topics/3491 831
@/home/ec2-user/data/topics/3781 832
@/home/ec2-user/data/topics/4001 833
@/home/ec2-user/data/topics/4612 834
@/home/ec2-user/data/topics/4099 835
@/home/ec2-user/data/topics/3845 836
@/home/ec2-user/data/topics/4788 837
@/home/ec2-user/data/topics/4960 838
@/home/ec2-user/data/topics/4179 839
@/home/ec2-user/data/topics/4061 840
@/home/ec2-user/data/topics/4066 841
@/home/ec2-user/data/topics/2014 842
@/home/ec2-user/data/topics/3708 843
@/home/ec2-user/data/topics/4150 844
@/home/ec2-user/data/topics/1289 845
@/home/ec2-user/data/topics/4015 846
@/home/ec2-user/data/topics/4604 847
@/home/ec2-user/data/topics/1479 848
@/home/ec2-user/data/topics/4726 849
@/home/ec2-user/data/topics/1653 850
@/home/ec2-user/data/topics/1652 851
@/home/ec2-user/data/topics/1079 852
@/home/ec2-user/data/topics/1980 853
@/home/ec2-user/data/topics/2063 854
@/home/ec2-user/data/topics/4474 855
@/home/ec2-user/data/topics/4376 856
@/home/ec2-user/data/topics/3889 857
@/home/ec2-user/data/topics/4060 858
@/home/ec2-user/data/topics/4983 859
@/home/ec2-user/data/topics/3817 860
@/home/ec2-user/data/topics/4384 861
@/home/ec2-user/data/topics/2230 862
@/home/ec2-user/data/topics/3581 863
三菱電機株式会社

@/home/ec2-user/data/topics/3612 864
@/home/ec2-user/data/topics/5033 864
@/home/ec2-user/data/topics/3466 865
@/home/ec2-user/data/topics/3493 866
@/home/ec2-user/data/topics/4552 867
@/home/ec2-user/data/topics/4047 868
@/home/ec2-user/data/topics/3873 869
@/home/ec2-user/data/topics/4419 870
@/home/ec2-user/data/topics/4834 871
@/home/ec2-user/data/topics/1792 872
@/home/ec2-user/data/topics/3595 873
@/home/ec2-user/data/topics/3666 874
@/home/ec2-user/data/topics/3465 875
@/home/ec2-user/data/topics/4282 876
@/home/ec2-user/data/topics/3800 877
@/home/ec2-user/data/topics/3616 878
@/home/ec2-user/data/topics/4235 879
@/home/ec2-user/data/topics/3592 880
@/home/ec2-user/data/topics/3609 881
@/home/ec2-user/data/topics/4514 882
@/home/ec2-user/data/topics/4305 883
@/home/ec2-user/data/topics/4233 884
@/home/ec2-user/data/topics/3397 885
@/home/ec2-user/data/topics/3506 886
@/home/ec2-user/data/topics/4076 887
@/home/ec2-user/data/topics/3841 888
@/home/ec2-user/data/topics/3469 889
@/home/ec2-user/data/topics/1110 890
@/home/ec2-user/data/topics/4980 891
@/home/ec2-user/data/topics/3856 892
@/home/ec2-user/data/topics/3451 893
@/home/ec2-user/data/topics/4221 894
@/home/ec2-user/data/topics/1872 895
@/home/ec2-user/data/topics/3963 896
@/home/ec2-user/data/topics/3409 897
@/home/ec2-user/data/topics/1536 898
@/home/ec2-user/data/topics/3412 899
@/home/ec2-user/data/topics/4041 900
@/home/ec2-user/data/topics/4614 901
@/home/ec2-user/data/topics/4220 902
@/home/ec2-user/data/topics/3453 903
@/home/ec2-user/data/topics/4880 904
@/home/ec2-user/data/topics/3921 905
@/home/ec2-user/data/topics/3820 906
@/home/ec2-user/data/topics/3490 907
@/home/ec2-user/data/topics/1754 908
@/home/ec2-user/data/topics/5032 909
@/home/ec2-user/data/topics/1220 910
@/home/ec2-user/data/topics/4149 911
@/home/ec2-user/data/topics/4562 912
@/home/ec2-user/data/topics/4663 913
@/home/ec2-user/data/topics/4518 914
@/home/ec2-user/data/topics/2146 915
@/home/ec2-user/data/topics/4181 916
@/home/ec2-user/data/topics/3774 917
@/home/ec2-user/data/topics/4133 918
@/home/ec2-user/data/topics/3747 919
@/home/ec2-user/data/topics/1738 920
住友ゴム工業株式会社

@/home/ec2-user/data/topics/1114 921
@/home/ec2-user/data/topics/4568 921
@/home/ec2-user/data/topics/2007 922
@/home/ec2-user/data/topics/4406 923
@/home/ec2-user/data/topics/1758 924
@/home/ec2-user/data/topics/4597 925
@/home/ec2-user/data/topics/4048 926
セイコーエプソン株式会社

@/home/ec2-user/data/topics/1890 927
@/home/ec2-user/data/topics/1938 927
@/home/ec2-user/data/topics/3361 928
@/home/ec2-user/data/topics/1378 929
@/home/ec2-user/data/topics/1484 930
@/home/ec2-user/data/topics/3589 931
@/home/ec2-user/data/topics/1423 932
@/home/ec2-user/data/topics/3476 933
@/home/ec2-user/data/topics/4801 934
@/home/ec2-user/data/topics/4454 935
@/home/ec2-user/data/topics/3887 936
@/home/ec2-user/data/topics/3910 937
@/home/ec2-user/data/topics/4585 938
@/home/ec2-user/data/topics/3985 939
@/home/ec2-user/data/topics/3505 940
@/home/ec2-user/data/topics/4386 941
@/home/ec2-user/data/topics/4109 942
@/home/ec2-user/data/topics/2165 943
@/home/ec2-user/data/topics/1641 944
@/home/ec2-user/data/topics/3819 945
@/home/ec2-user/data/topics/1343 946
@/home/ec2-user/data/topics/2078 947
@/home/ec2-user/data/topics/4022 948
@/home/ec2-user/data/topics/4719 949
@/home/ec2-user/data/topics/4802 950
@/home/ec2-user/data/topics/4605 951
株式会社三共

@/home/ec2-user/data/topics/1086 952
@/home/ec2-user/data/topics/1648 952
@/home/ec2-user/data/topics/1189 953
@/home/ec2-user/data/topics/4374 954
@/home/ec2-user/data/topics/2060 955
@/home/ec2-user/data/topics/1377 956
@/home/ec2-user/data/topics/1665 957
@/home/ec2-user/data/topics/2123 958
@/home/ec2-user/data/topics/4868 959
沖電気工業株式会社

@/home/ec2-user/data/topics/3964 960
@/home/ec2-user/data/topics/4308 960
@/home/ec2-user/data/topics/1188 961
@/home/ec2-user/data/topics/4299 962
@/home/ec2-user/data/topics/3764 963
@/home/ec2-user/data/topics/3395 964
@/home/ec2-user/data/topics/4693 965
@/home/ec2-user/data/topics/4575 966
@/home/ec2-user/data/topics/3690 967
@/home/ec2-user/data/topics/1531 968
@/home/ec2-user/data/topics/3621 969
@/home/ec2-user/data/topics/3457 970
@/home/ec2-user/data/topics/3433 971
@/home/ec2-user/data/topics/3571 972
株式会社三星

@/home/ec2-user/data/topics/1260 973
@/home/ec2-user/data/topics/2108 973
@/home/ec2-user/data/topics/2198 974
@/home/ec2-user/data/topics/1728 975
@/home/ec2-user/data/topics/3942 976
@/home/ec2-user/data/topics/1733 977
日本ビクター株式会社

@/home/ec2-user/data/topics/3882 978
@/home/ec2-user/data/topics/4672 978
@/home/ec2-user/data/topics/1520 979
@/home/ec2-user/data/topics/4056 980
@/home/ec2-user/data/topics/1823 981
@/home/ec2-user/data/topics/1389 982
@/home/ec2-user/data/topics/3939 983
@/home/ec2-user/data/topics/3603 984
@/home/ec2-user/data/topics/4123 985
@/home/ec2-user/data/topics/3620 986
@/home/ec2-user/data/topics/1440 987
花王株式会社

@/home/ec2-user/data/topics/3753 988
@/home/ec2-user/data/topics/3999 988
@/home/ec2-user/data/topics/4249 989
@/home/ec2-user/data/topics/3884 990
@/home/ec2-user/data/topics/3812 991
@/home/ec2-user/data/topics/1767 992
@/home/ec2-user/data/topics/4287 993
@/home/ec2-user/data/topics/1196 994
@/home/ec2-user/data/topics/2214 995
@/home/ec2-user/data/topics/4211 996
@/home/ec2-user/data/topics/4827 997
@/home/ec2-user/data/topics/4445 998
@/home/ec2-user/data/topics/1022 999
三田工業株式会社

@/home/ec2-user/data/topics/1034 1000
@/home/ec2-user/data/topics/2136 1000
@/home/ec2-user/data/topics/1269 1001
@/home/ec2-user/data/topics/3842 1002
@/home/ec2-user/data/topics/3923 1003
@/home/ec2-user/data/topics/1766 1004
@/home/ec2-user/data/topics/3604 1005
@/home/ec2-user/data/topics/2155 1006
@/home/ec2-user/data/topics/1033 1007
豊丸産業株式会社

@/home/ec2-user/data/topics/4847 1008
@/home/ec2-user/data/topics/2169 1008
@/home/ec2-user/data/topics/1713 1009
@/home/ec2-user/data/topics/1097 1010
@/home/ec2-user/data/topics/1726 1011
@/home/ec2-user/data/topics/1401 1012
@/home/ec2-user/data/topics/2011 1013
@/home/ec2-user/data/topics/1284 1014
@/home/ec2-user/data/topics/1138 1015
@/home/ec2-user/data/topics/3672 1016
@/home/ec2-user/data/topics/1126 1017
@/home/ec2-user/data/topics/1353 1018
@/home/ec2-user/data/topics/1588 1019
@/home/ec2-user/data/topics/1677 1020
@/home/ec2-user/data/topics/1914 1021
鐘紡株式会社

@/home/ec2-user/data/topics/3560 1022
@/home/ec2-user/data/topics/1178 1022
@/home/ec2-user/data/topics/3551 1023
@/home/ec2-user/data/topics/1870 1024
@/home/ec2-user/data/topics/2223 1025
@/home/ec2-user/data/topics/2034 1026
@/home/ec2-user/data/topics/1367 1027
@/home/ec2-user/data/topics/4195 1028
@/home/ec2-user/data/topics/1054 1029
@/home/ec2-user/data/topics/1842 1030
@/home/ec2-user/data/topics/1901 1031
@/home/ec2-user/data/topics/3634 1032
@/home/ec2-user/data/topics/1304 1033
@/home/ec2-user/data/topics/1886 1034
@/home/ec2-user/data/topics/3566 1035
@/home/ec2-user/data/topics/2185 1036
株式会社デンソー

@/home/ec2-user/data/topics/3406 1037
@/home/ec2-user/data/topics/1028 1037
@/home/ec2-user/data/topics/3421 1038
@/home/ec2-user/data/topics/4622 1039
@/home/ec2-user/data/topics/4840 1040
@/home/ec2-user/data/topics/4164 1041
@/home/ec2-user/data/topics/3710 1042
@/home/ec2-user/data/topics/3480 1043
@/home/ec2-user/data/topics/4498 1044
@/home/ec2-user/data/topics/4423 1045
@/home/ec2-user/data/topics/4805 1046
@/home/ec2-user/data/topics/4046 1047
@/home/ec2-user/data/topics/4024 1048
@/home/ec2-user/data/topics/4656 1049
@/home/ec2-user/data/topics/4675 1050
@/home/ec2-user/data/topics/1855 1051
@/home/ec2-user/data/topics/4483 1052
富士写真フイルム株式会社

@/home/ec2-user/data/topics/3354 1053
@/home/ec2-user/data/topics/2134 1053
@/home/ec2-user/data/topics/3918 1054
@/home/ec2-user/data/topics/4962 1055
@/home/ec2-user/data/topics/1662 1056
@/home/ec2-user/data/topics/1244 1057
@/home/ec2-user/data/topics/3857 1058
@/home/ec2-user/data/topics/3447 1059
@/home/ec2-user/data/topics/1603 1060
@/home/ec2-user/data/topics/1570 1061
@/home/ec2-user/data/topics/3911 1062
京セラ株式会社

@/home/ec2-user/data/topics/4340 1063
@/home/ec2-user/data/topics/1708 1063
@/home/ec2-user/data/topics/3741 1064
@/home/ec2-user/data/topics/1741 1065
@/home/ec2-user/data/topics/4031 1066
@/home/ec2-user/data/topics/3869 1067
@/home/ec2-user/data/topics/4513 1068
@/home/ec2-user/data/topics/1485 1069
@/home/ec2-user/data/topics/1913 1070
@/home/ec2-user/data/topics/3615 1071
@/home/ec2-user/data/topics/4901 1072
@/home/ec2-user/data/topics/3593 1073
イビデン株式会社

@/home/ec2-user/data/topics/1952 1074
@/home/ec2-user/data/topics/1770 1074
@/home/ec2-user/data/topics/1682 1075
@/home/ec2-user/data/topics/1315 1076
@/home/ec2-user/data/topics/1336 1077
@/home/ec2-user/data/topics/2033 1078
@/home/ec2-user/data/topics/3814 1079
株式会社東芝

@/home/ec2-user/data/topics/4842 1080
@/home/ec2-user/data/topics/3732 1080
@/home/ec2-user/data/topics/4009 1081
@/home/ec2-user/data/topics/4863 1082
@/home/ec2-user/data/topics/3542 1083
@/home/ec2-user/data/topics/4881 1084
@/home/ec2-user/data/topics/3734 1085
@/home/ec2-user/data/topics/4566 1086
@/home/ec2-user/data/topics/4751 1087
@/home/ec2-user/data/topics/4183 1088
@/home/ec2-user/data/topics/3990 1089
@/home/ec2-user/data/topics/3462 1090
@/home/ec2-user/data/topics/3618 1091
@/home/ec2-user/data/topics/4594 1092
@/home/ec2-user/data/topics/3890 1093
@/home/ec2-user/data/topics/1332 1094
@/home/ec2-user/data/topics/4509 1095
@/home/ec2-user/data/topics/4623 1096
@/home/ec2-user/data/topics/3363 1097
@/home/ec2-user/data/topics/3988 1098
@/home/ec2-user/data/topics/4535 1099
@/home/ec2-user/data/topics/3688 1100
@/home/ec2-user/data/topics/3881 1101
@/home/ec2-user/data/topics/3851 1102
@/home/ec2-user/data/topics/3834 1103
@/home/ec2-user/data/topics/3716 1104
@/home/ec2-user/data/topics/3689 1105
@/home/ec2-user/data/topics/4912 1106
@/home/ec2-user/data/topics/4381 1107
@/home/ec2-user/data/topics/4140 1108
@/home/ec2-user/data/topics/4096 1109
@/home/ec2-user/data/topics/4165 1110
@/home/ec2-user/data/topics/1757 1111
@/home/ec2-user/data/topics/1756 1112
@/home/ec2-user/data/topics/4172 1113
@/home/ec2-user/data/topics/4755 1114
@/home/ec2-user/data/topics/1132 1115
@/home/ec2-user/data/topics/3948 1116
@/home/ec2-user/data/topics/4057 1117
@/home/ec2-user/data/topics/3352 1118
@/home/ec2-user/data/topics/4631 1119
@/home/ec2-user/data/topics/4336 1120
@/home/ec2-user/data/topics/1819 1121
@/home/ec2-user/data/topics/4292 1122
@/home/ec2-user/data/topics/1585 1123
@/home/ec2-user/data/topics/1090 1124
@/home/ec2-user/data/topics/1205 1125
@/home/ec2-user/data/topics/4935 1126
@/home/ec2-user/data/topics/4089 1127
@/home/ec2-user/data/topics/3780 1128
@/home/ec2-user/data/topics/2241 1129
@/home/ec2-user/data/topics/3683 1130
@/home/ec2-user/data/topics/4361 1131
@/home/ec2-user/data/topics/1997 1132
@/home/ec2-user/data/topics/3360 1133
@/home/ec2-user/data/topics/4197 1134
@/home/ec2-user/data/topics/3795 1135
@/home/ec2-user/data/topics/3598 1136
@/home/ec2-user/data/topics/3351 1137
@/home/ec2-user/data/topics/4302 1138
@/home/ec2-user/data/topics/3380 1139
ヤマハ株式会社

@/home/ec2-user/data/topics/1911 1140
@/home/ec2-user/data/topics/4919 1140
@/home/ec2-user/data/topics/4145 1141
@/home/ec2-user/data/topics/4010 1142
@/home/ec2-user/data/topics/4045 1143
@/home/ec2-user/data/topics/1720 1144
@/home/ec2-user/data/topics/4177 1145
@/home/ec2-user/data/topics/4954 1146
@/home/ec2-user/data/topics/4084 1147
@/home/ec2-user/data/topics/1443 1148
@/home/ec2-user/data/topics/3972 1149
@/home/ec2-user/data/topics/1676 1150
@/home/ec2-user/data/topics/4125 1151
東洋紡績株式会社

@/home/ec2-user/data/topics/1613 1152
@/home/ec2-user/data/topics/4284 1152
@/home/ec2-user/data/topics/4366 1153
@/home/ec2-user/data/topics/3769 1154
@/home/ec2-user/data/topics/4362 1155
@/home/ec2-user/data/topics/1029 1156
三菱化学株式会社

@/home/ec2-user/data/topics/3513 1157
@/home/ec2-user/data/topics/1197 1157
@/home/ec2-user/data/topics/1902 1158
@/home/ec2-user/data/topics/1699 1159
@/home/ec2-user/data/topics/3458 1160
@/home/ec2-user/data/topics/3638 1161
カシオ計算機株式会社

@/home/ec2-user/data/topics/2237 1162
@/home/ec2-user/data/topics/3391 1162
@/home/ec2-user/data/topics/1794 1163
@/home/ec2-user/data/topics/1047 1164
@/home/ec2-user/data/topics/2180 1165
@/home/ec2-user/data/topics/1368 1166
@/home/ec2-user/data/topics/1535 1167
@/home/ec2-user/data/topics/1235 1168
コナミ株式会社

@/home/ec2-user/data/topics/1302 1169
@/home/ec2-user/data/topics/4602 1169
@/home/ec2-user/data/topics/1621 1170
@/home/ec2-user/data/topics/2151 1171
@/home/ec2-user/data/topics/2100 1172
@/home/ec2-user/data/topics/4681 1173
@/home/ec2-user/data/topics/5015 1174
@/home/ec2-user/data/topics/1672 1175
大日本スクリーン製造株式会社

@/home/ec2-user/data/topics/1130 1176
@/home/ec2-user/data/topics/1608 1176
@/home/ec2-user/data/topics/2172 1177
@/home/ec2-user/data/topics/2209 1178
@/home/ec2-user/data/topics/1779 1179
@/home/ec2-user/data/topics/1173 1180
@/home/ec2-user/data/topics/3742 1181
オムロン株式会社

@/home/ec2-user/data/topics/3700 1182
@/home/ec2-user/data/topics/3594 1182
@/home/ec2-user/data/topics/2096 1183
@/home/ec2-user/data/topics/1579 1184
@/home/ec2-user/data/topics/1135 1185
@/home/ec2-user/data/topics/1533 1186
@/home/ec2-user/data/topics/3748 1187
@/home/ec2-user/data/topics/3863 1188
@/home/ec2-user/data/topics/1933 1189
@/home/ec2-user/data/topics/1151 1190
@/home/ec2-user/data/topics/1657 1191
@/home/ec2-user/data/topics/1067 1192
@/home/ec2-user/data/topics/1841 1193
@/home/ec2-user/data/topics/3597 1194
@/home/ec2-user/data/topics/4771 1195
株式会社日立製作所

@/home/ec2-user/data/topics/4545 1196
@/home/ec2-user/data/topics/3965 1196
@/home/ec2-user/data/topics/1340 1197
@/home/ec2-user/data/topics/5029 1198
@/home/ec2-user/data/topics/4551 1199
@/home/ec2-user/data/topics/3973 1200
@/home/ec2-user/data/topics/1640 1201
@/home/ec2-user/data/topics/3706 1202
@/home/ec2-user/data/topics/5030 1203
@/home/ec2-user/data/topics/3588 1204
@/home/ec2-user/data/topics/1249 1205
@/home/ec2-user/data/topics/4058 1206
@/home/ec2-user/data/topics/4493 1207
@/home/ec2-user/data/topics/1693 1208
@/home/ec2-user/data/topics/3659 1209
@/home/ec2-user/data/topics/3488 1210
@/home/ec2-user/data/topics/4489 1211
@/home/ec2-user/data/topics/4830 1212
@/home/ec2-user/data/topics/1501 1213
@/home/ec2-user/data/topics/3599 1214
@/home/ec2-user/data/topics/1072 1215
@/home/ec2-user/data/topics/1880 1216
@/home/ec2-user/data/topics/3993 1217
@/home/ec2-user/data/topics/1463 1218
@/home/ec2-user/data/topics/3665 1219
@/home/ec2-user/data/topics/3439 1220
@/home/ec2-user/data/topics/1667 1221
@/home/ec2-user/data/topics/1826 1222
@/home/ec2-user/data/topics/3691 1223
@/home/ec2-user/data/topics/4402 1224
@/home/ec2-user/data/topics/4420 1225
@/home/ec2-user/data/topics/2239 1226
@/home/ec2-user/data/topics/3648 1227
@/home/ec2-user/data/topics/4547 1228
@/home/ec2-user/data/topics/1651 1229
@/home/ec2-user/data/topics/3968 1230
@/home/ec2-user/data/topics/3432 1231
@/home/ec2-user/data/topics/1278 1232
@/home/ec2-user/data/topics/3524 1233
@/home/ec2-user/data/topics/4990 1234
@/home/ec2-user/data/topics/1825 1235
@/home/ec2-user/data/topics/4122 1236
@/home/ec2-user/data/topics/3350 1237
@/home/ec2-user/data/topics/3440 1238
@/home/ec2-user/data/topics/1334 1239
@/home/ec2-user/data/topics/1105 1240
@/home/ec2-user/data/topics/4559 1241
@/home/ec2-user/data/topics/4401 1242
@/home/ec2-user/data/topics/3596 1243
@/home/ec2-user/data/topics/3994 1244
@/home/ec2-user/data/topics/3471 1245
@/home/ec2-user/data/topics/3570 1246
@/home/ec2-user/data/topics/4166 1247
@/home/ec2-user/data/topics/1247 1248
@/home/ec2-user/data/topics/4799 1249
@/home/ec2-user/data/topics/1082 1250
@/home/ec2-user/data/topics/3531 1251
@/home/ec2-user/data/topics/4621 1252
@/home/ec2-user/data/topics/2019 1253
@/home/ec2-user/data/topics/3779 1254
@/home/ec2-user/data/topics/2184 1255
@/home/ec2-user/data/topics/4040 1256
@/home/ec2-user/data/topics/3384 1257
@/home/ec2-user/data/topics/3461 1258
@/home/ec2-user/data/topics/3772 1259
@/home/ec2-user/data/topics/3822 1260
@/home/ec2-user/data/topics/1296 1261
@/home/ec2-user/data/topics/1882 1262
@/home/ec2-user/data/topics/1987 1263
@/home/ec2-user/data/topics/2081 1264
@/home/ec2-user/data/topics/1833 1265
@/home/ec2-user/data/topics/4943 1266
@/home/ec2-user/data/topics/1487 1267
@/home/ec2-user/data/topics/1562 1268
凸版印刷株式会社

@/home/ec2-user/data/topics/1977 1269
@/home/ec2-user/data/topics/3624 1269
@/home/ec2-user/data/topics/3526 1270
@/home/ec2-user/data/topics/1091 1271
@/home/ec2-user/data/topics/4874 1272
@/home/ec2-user/data/topics/1765 1273
@/home/ec2-user/data/topics/3500 1274
株式会社ノーリツ

@/home/ec2-user/data/topics/1618 1275
@/home/ec2-user/data/topics/4776 1275
@/home/ec2-user/data/topics/1598 1276
@/home/ec2-user/data/topics/2116 1277
@/home/ec2-user/data/topics/4354 1278
@/home/ec2-user/data/topics/4206 1279
@/home/ec2-user/data/topics/1290 1280
@/home/ec2-user/data/topics/1760 1281
川崎重工業株式会社

@/home/ec2-user/data/topics/4572 1282
@/home/ec2-user/data/topics/4944 1282
@/home/ec2-user/data/topics/1172 1283
@/home/ec2-user/data/topics/5025 1284
@/home/ec2-user/data/topics/4793 1285
@/home/ec2-user/data/topics/4756 1286
@/home/ec2-user/data/topics/1162 1287
@/home/ec2-user/data/topics/4866 1288
ティーディーケイ株式会社

@/home/ec2-user/data/topics/3909 1289
@/home/ec2-user/data/topics/2202 1289
@/home/ec2-user/data/topics/1510 1290
@/home/ec2-user/data/topics/4619 1291
@/home/ec2-user/data/topics/1129 1292
@/home/ec2-user/data/topics/1409 1293
@/home/ec2-user/data/topics/3798 1294
@/home/ec2-user/data/topics/2210 1295
@/home/ec2-user/data/topics/3792 1296
京セラミタ株式会社

@/home/ec2-user/data/topics/4564 1297
@/home/ec2-user/data/topics/4174 1297
@/home/ec2-user/data/topics/2141 1298
@/home/ec2-user/data/topics/1930 1299
@/home/ec2-user/data/topics/4973 1300
@/home/ec2-user/data/topics/4985 1301
@/home/ec2-user/data/topics/1032 1302
株式会社クボタ

@/home/ec2-user/data/topics/3854 1303
@/home/ec2-user/data/topics/1448 1303
@/home/ec2-user/data/topics/4379 1304
@/home/ec2-user/data/topics/1012 1305
@/home/ec2-user/data/topics/1734 1306
@/home/ec2-user/data/topics/1280 1307
@/home/ec2-user/data/topics/3823 1308
@/home/ec2-user/data/topics/4745 1309
@/home/ec2-user/data/topics/4251 1310
@/home/ec2-user/data/topics/3919 1311
シャープ株式会社

@/home/ec2-user/data/topics/3941 1312
@/home/ec2-user/data/topics/3673 1312
@/home/ec2-user/data/topics/1154 1313
@/home/ec2-user/data/topics/4349 1314
@/home/ec2-user/data/topics/3871 1315
@/home/ec2-user/data/topics/3793 1316
@/home/ec2-user/data/topics/1965 1317
@/home/ec2-user/data/topics/4691 1318
@/home/ec2-user/data/topics/1561 1319
@/home/ec2-user/data/topics/2118 1320
@/home/ec2-user/data/topics/3966 1321
@/home/ec2-user/data/topics/4019 1322
@/home/ec2-user/data/topics/3776 1323
@/home/ec2-user/data/topics/1563 1324
@/home/ec2-user/data/topics/3606 1325
@/home/ec2-user/data/topics/4744 1326
@/home/ec2-user/data/topics/1804 1327
@/home/ec2-user/data/topics/2084 1328
@/home/ec2-user/data/topics/3895 1329
@/home/ec2-user/data/topics/4228 1330
@/home/ec2-user/data/topics/4323 1331
@/home/ec2-user/data/topics/1288 1332
@/home/ec2-user/data/topics/4430 1333
@/home/ec2-user/data/topics/3777 1334
@/home/ec2-user/data/topics/1318 1335
@/home/ec2-user/data/topics/4103 1336
@/home/ec2-user/data/topics/4256 1337
@/home/ec2-user/data/topics/1396 1338
@/home/ec2-user/data/topics/3760 1339
@/home/ec2-user/data/topics/4095 1340
@/home/ec2-user/data/topics/1840 1341
@/home/ec2-user/data/topics/3698 1342
@/home/ec2-user/data/topics/3813 1343
@/home/ec2-user/data/topics/1209 1344
@/home/ec2-user/data/topics/3578 1345
@/home/ec2-user/data/topics/4152 1346
@/home/ec2-user/data/topics/4230 1347
@/home/ec2-user/data/topics/3957 1348
@/home/ec2-user/data/topics/3832 1349
@/home/ec2-user/data/topics/4127 1350
@/home/ec2-user/data/topics/2020 1351
@/home/ec2-user/data/topics/4252 1352
@/home/ec2-user/data/topics/4005 1353
@/home/ec2-user/data/topics/4263 1354
@/home/ec2-user/data/topics/4113 1355
@/home/ec2-user/data/topics/1685 1356
@/home/ec2-user/data/topics/3450 1357
@/home/ec2-user/data/topics/1384 1358
@/home/ec2-user/data/topics/4683 1359
@/home/ec2-user/data/topics/1258 1360
@/home/ec2-user/data/topics/3610 1361
@/home/ec2-user/data/topics/3762 1362
@/home/ec2-user/data/topics/3452 1363
@/home/ec2-user/data/topics/3679 1364
@/home/ec2-user/data/topics/3858 1365
@/home/ec2-user/data/topics/4214 1366
@/home/ec2-user/data/topics/1349 1367
@/home/ec2-user/data/topics/4469 1368
@/home/ec2-user/data/topics/4717 1369
@/home/ec2-user/data/topics/4648 1370
@/home/ec2-user/data/topics/1174 1371
@/home/ec2-user/data/topics/3678 1372
@/home/ec2-user/data/topics/3422 1373
@/home/ec2-user/data/topics/4861 1374
@/home/ec2-user/data/topics/1431 1375
@/home/ec2-user/data/topics/3978 1376
@/home/ec2-user/data/topics/1970 1377
@/home/ec2-user/data/topics/3855 1378
@/home/ec2-user/data/topics/4173 1379
@/home/ec2-user/data/topics/4124 1380
@/home/ec2-user/data/topics/1419 1381
@/home/ec2-user/data/topics/4105 1382
@/home/ec2-user/data/topics/4519 1383
@/home/ec2-user/data/topics/3981 1384
@/home/ec2-user/data/topics/3537 1385
@/home/ec2-user/data/topics/3649 1386
@/home/ec2-user/data/topics/4516 1387
@/home/ec2-user/data/topics/2087 1388
@/home/ec2-user/data/topics/4782 1389
@/home/ec2-user/data/topics/4245 1390
@/home/ec2-user/data/topics/4583 1391
日本輸送機株式会社

@/home/ec2-user/data/topics/3573 1392
@/home/ec2-user/data/topics/1191 1392
@/home/ec2-user/data/topics/1108 1393
@/home/ec2-user/data/topics/2221 1394
@/home/ec2-user/data/topics/1456 1395
@/home/ec2-user/data/topics/1940 1396
@/home/ec2-user/data/topics/1493 1397
@/home/ec2-user/data/topics/2065 1398
東京エレクトロン株式会社

@/home/ec2-user/data/topics/1800 1399
@/home/ec2-user/data/topics/4618 1399
@/home/ec2-user/data/topics/1508 1400
@/home/ec2-user/data/topics/4002 1401
@/home/ec2-user/data/topics/1736 1402
@/home/ec2-user/data/topics/3947 1403
@/home/ec2-user/data/topics/4906 1404
@/home/ec2-user/data/topics/4053 1405
@/home/ec2-user/data/topics/4702 1406
@/home/ec2-user/data/topics/4023 1407
@/home/ec2-user/data/topics/1263 1408
@/home/ec2-user/data/topics/4345 1409
株式会社村田製作所

@/home/ec2-user/data/topics/4163 1410
@/home/ec2-user/data/topics/3697 1410
@/home/ec2-user/data/topics/1411 1411
@/home/ec2-user/data/topics/4378 1412
@/home/ec2-user/data/topics/1374 1413
@/home/ec2-user/data/topics/2229 1414
@/home/ec2-user/data/topics/4042 1415
@/home/ec2-user/data/topics/3435 1416
@/home/ec2-user/data/topics/3482 1417
@/home/ec2-user/data/topics/4432 1418
@/home/ec2-user/data/topics/4795 1419
@/home/ec2-user/data/topics/4325 1420
@/home/ec2-user/data/topics/3885 1421
@/home/ec2-user/data/topics/4271 1422
@/home/ec2-user/data/topics/4417 1423
@/home/ec2-user/data/topics/4703 1424
@/home/ec2-user/data/topics/4070 1425
日本電信電話株式会社

@/home/ec2-user/data/topics/3894 1426
@/home/ec2-user/data/topics/3568 1426
@/home/ec2-user/data/topics/3586 1427
@/home/ec2-user/data/topics/1787 1428
@/home/ec2-user/data/topics/3927 1429
@/home/ec2-user/data/topics/4925 1430
@/home/ec2-user/data/topics/1809 1431
@/home/ec2-user/data/topics/3811 1432
@/home/ec2-user/data/topics/4025 1433
@/home/ec2-user/data/topics/4792 1434
@/home/ec2-user/data/topics/4488 1435
@/home/ec2-user/data/topics/3915 1436
@/home/ec2-user/data/topics/4175 1437
@/home/ec2-user/data/topics/4115 1438
@/home/ec2-user/data/topics/3536 1439
@/home/ec2-user/data/topics/4870 1440
@/home/ec2-user/data/topics/1556 1441
@/home/ec2-user/data/topics/3544 1442
@/home/ec2-user/data/topics/2017 1443
@/home/ec2-user/data/topics/3928 1444
@/home/ec2-user/data/topics/1229 1445
@/home/ec2-user/data/topics/3521 1446
@/home/ec2-user/data/topics/1042 1447
@/home/ec2-user/data/topics/4208 1448
@/home/ec2-user/data/topics/4836 1449
@/home/ec2-user/data/topics/3552 1450
@/home/ec2-user/data/topics/4664 1451
@/home/ec2-user/data/topics/4118 1452
@/home/ec2-user/data/topics/4560 1453
@/home/ec2-user/data/topics/3509 1454
@/home/ec2-user/data/topics/4952 1455
@/home/ec2-user/data/topics/4114 1456
@/home/ec2-user/data/topics/4131 1457
@/home/ec2-user/data/topics/4232 1458
@/home/ec2-user/data/topics/3641 1459
@/home/ec2-user/data/topics/4104 1460
@/home/ec2-user/data/topics/4965 1461
@/home/ec2-user/data/topics/3824 1462
@/home/ec2-user/data/topics/4916 1463
@/home/ec2-user/data/topics/2130 1464
@/home/ec2-user/data/topics/4335 1465
@/home/ec2-user/data/topics/4087 1466
@/home/ec2-user/data/topics/4865 1467
@/home/ec2-user/data/topics/3359 1468
@/home/ec2-user/data/topics/3650 1469
@/home/ec2-user/data/topics/1230 1470
@/home/ec2-user/data/topics/4146 1471
@/home/ec2-user/data/topics/3425 1472
@/home/ec2-user/data/topics/4443 1473
@/home/ec2-user/data/topics/4964 1474
@/home/ec2-user/data/topics/1934 1475
@/home/ec2-user/data/topics/1408 1476
@/home/ec2-user/data/topics/4511 1477
@/home/ec2-user/data/topics/3785 1478
@/home/ec2-user/data/topics/4505 1479
@/home/ec2-user/data/topics/4121 1480
日本鋼管株式会社

@/home/ec2-user/data/topics/3572 1481
@/home/ec2-user/data/topics/4455 1481
@/home/ec2-user/data/topics/1404 1482
@/home/ec2-user/data/topics/1690 1483
@/home/ec2-user/data/topics/4289 1484
@/home/ec2-user/data/topics/2095 1485
@/home/ec2-user/data/topics/4161 1486
株式会社神戸製鋼所

@/home/ec2-user/data/topics/3902 1487
@/home/ec2-user/data/topics/3475 1487
@/home/ec2-user/data/topics/3674 1488
@/home/ec2-user/data/topics/3632 1489
@/home/ec2-user/data/topics/1465 1490
@/home/ec2-user/data/topics/2064 1491
@/home/ec2-user/data/topics/4949 1492
株式会社ケンウッド

@/home/ec2-user/data/topics/3794 1493
@/home/ec2-user/data/topics/4467 1493
@/home/ec2-user/data/topics/4167 1494
@/home/ec2-user/data/topics/1698 1495
@/home/ec2-user/data/topics/3977 1496
@/home/ec2-user/data/topics/1186 1497
@/home/ec2-user/data/topics/2036 1498
@/home/ec2-user/data/topics/4038 1499
@/home/ec2-user/data/topics/1617 1500
@/home/ec2-user/data/topics/3969 1501
@/home/ec2-user/data/topics/4050 1502
@/home/ec2-user/data/topics/3801 1503
@/home/ec2-user/data/topics/1424 1504
@/home/ec2-user/data/topics/1241 1505
@/home/ec2-user/data/topics/2163 1506
@/home/ec2-user/data/topics/3463 1507
@/home/ec2-user/data/topics/1345 1508
@/home/ec2-user/data/topics/1896 1509
@/home/ec2-user/data/topics/1115 1510
@/home/ec2-user/data/topics/3878 1511
@/home/ec2-user/data/topics/3839 1512
東陶機器株式会社

@/home/ec2-user/data/topics/1626 1513
@/home/ec2-user/data/topics/1735 1513
@/home/ec2-user/data/topics/3821 1514
@/home/ec2-user/data/topics/3583 1515
@/home/ec2-user/data/topics/1692 1516
@/home/ec2-user/data/topics/2135 1517
本田技研工業株式会社

@/home/ec2-user/data/topics/1226 1518
@/home/ec2-user/data/topics/4375 1518
@/home/ec2-user/data/topics/3685 1519
@/home/ec2-user/data/topics/4783 1520
@/home/ec2-user/data/topics/5026 1521
@/home/ec2-user/data/topics/1818 1522
@/home/ec2-user/data/topics/4199 1523
@/home/ec2-user/data/topics/4132 1524
@/home/ec2-user/data/topics/4888 1525
@/home/ec2-user/data/topics/1266 1526
@/home/ec2-user/data/topics/1143 1527
@/home/ec2-user/data/topics/4033 1528
@/home/ec2-user/data/topics/2000 1529
@/home/ec2-user/data/topics/1822 1530
@/home/ec2-user/data/topics/1444 1531
@/home/ec2-user/data/topics/4331 1532
@/home/ec2-user/data/topics/1605 1533
@/home/ec2-user/data/topics/2016 1534
@/home/ec2-user/data/topics/1215 1535
新日本製鐵株式会社

@/home/ec2-user/data/topics/3663 1536
@/home/ec2-user/data/topics/3861 1536
@/home/ec2-user/data/topics/5008 1537
@/home/ec2-user/data/topics/4472 1538
@/home/ec2-user/data/topics/3899 1539
@/home/ec2-user/data/topics/3368 1540
松下電工株式会社

@/home/ec2-user/data/topics/3511 1541
@/home/ec2-user/data/topics/4347 1541
@/home/ec2-user/data/topics/3778 1542
@/home/ec2-user/data/topics/3565 1543
@/home/ec2-user/data/topics/1311 1544
@/home/ec2-user/data/topics/4592 1545
@/home/ec2-user/data/topics/4083 1546
@/home/ec2-user/data/topics/3670 1547
@/home/ec2-user/data/topics/1803 1548
@/home/ec2-user/data/topics/4450 1549
@/home/ec2-user/data/topics/4094 1550
@/home/ec2-user/data/topics/1251 1551
@/home/ec2-user/data/topics/3379 1552
@/home/ec2-user/data/topics/3651 1553
@/home/ec2-user/data/topics/4317 1554
@/home/ec2-user/data/topics/3932 1555
@/home/ec2-user/data/topics/4012 1556
@/home/ec2-user/data/topics/3549 1557
@/home/ec2-user/data/topics/4029 1558
@/home/ec2-user/data/topics/3835 1559
@/home/ec2-user/data/topics/1011 1560
@/home/ec2-user/data/topics/2045 1561
usernum: 72
hit: 535
simhit: 1038
simmax: 0.663747443661
simmin: 0.0
simavg: 0.200214306227
dlmax: 0.175505582938
dlmin: 0.00763404434676
dlavg: 0.0336051020776
mthit: 460
mthls: 345
srp: 240.54
total: 1562
hit/total: 0.342509603073
simhit/total: 0.664532650448
mthit/(total+usernum): 0.281517747858
mthls/(total+usernum): 0.211138310894
srp/(total+usernum): 0.0490697674419
srp20/(total+usernum): 0.0136168910649
srp100/(total+usernum): 0.0283598531212
srp500/(total+usernum): 0.0424279885761

2016-12-25 16:41:14.866212
