2016-12-22 13:13:16.710119

topic-folder:/home/ec2-user/data/topics/
cl-file:/home/ec2-user/git/tfidf/result-new/b1-1.txt
cl-floder:/home/ec2-user/data/classinfo/
zipf:0.6
stype[0(tfidf)/1(tfidf2)/2(lsa)/3(lda)]:1
dtype[<0(diff*rand)/0(diff)/1(same)/>=2(diff*same)]:0
output-floder:/home/ec2-user/git/userquery/result

三菱マテリアル株式会社

@/home/ec2-user/data/topics/3470 0
@/home/ec2-user/data/topics/2093 0
@/home/ec2-user/data/topics/1085 1
@/home/ec2-user/data/topics/1638 2
@/home/ec2-user/data/topics/3866 3
@/home/ec2-user/data/topics/3546 4
@/home/ec2-user/data/topics/3630 5
@/home/ec2-user/data/topics/3520 6
日本精機株式会社

@/home/ec2-user/data/topics/4972 7
@/home/ec2-user/data/topics/4690 7
@/home/ec2-user/data/topics/4907 8
@/home/ec2-user/data/topics/4875 9
@/home/ec2-user/data/topics/4709 10
@/home/ec2-user/data/topics/1398 11
コニカ株式会社

@/home/ec2-user/data/topics/3426 12
@/home/ec2-user/data/topics/3431 12
@/home/ec2-user/data/topics/3370 13
@/home/ec2-user/data/topics/3533 14
@/home/ec2-user/data/topics/3418 15
@/home/ec2-user/data/topics/2162 16
@/home/ec2-user/data/topics/3357 17
@/home/ec2-user/data/topics/1946 18
@/home/ec2-user/data/topics/3414 19
@/home/ec2-user/data/topics/3486 20
@/home/ec2-user/data/topics/3419 21
埼玉日本電気株式会社

@/home/ec2-user/data/topics/1620 22
@/home/ec2-user/data/topics/4283 22
@/home/ec2-user/data/topics/4998 23
@/home/ec2-user/data/topics/1512 24
@/home/ec2-user/data/topics/4468 25
@/home/ec2-user/data/topics/4279 26
@/home/ec2-user/data/topics/4496 27
@/home/ec2-user/data/topics/5010 28
@/home/ec2-user/data/topics/4242 29
アルプス電気株式会社

@/home/ec2-user/data/topics/1434 30
@/home/ec2-user/data/topics/3582 30
@/home/ec2-user/data/topics/2012 31
@/home/ec2-user/data/topics/4791 32
@/home/ec2-user/data/topics/1253 33
@/home/ec2-user/data/topics/2089 34
@/home/ec2-user/data/topics/3429 35
三菱重工業株式会社

@/home/ec2-user/data/topics/3591 36
@/home/ec2-user/data/topics/4687 36
@/home/ec2-user/data/topics/4862 37
@/home/ec2-user/data/topics/4882 38
@/home/ec2-user/data/topics/5022 39
@/home/ec2-user/data/topics/3529 40
@/home/ec2-user/data/topics/3637 41
@/home/ec2-user/data/topics/3833 42
@/home/ec2-user/data/topics/4412 43
@/home/ec2-user/data/topics/3503 44
@/home/ec2-user/data/topics/3944 45
@/home/ec2-user/data/topics/4563 46
村田機械株式会社

@/home/ec2-user/data/topics/3528 47
@/home/ec2-user/data/topics/1074 47
@/home/ec2-user/data/topics/4638 48
@/home/ec2-user/data/topics/4570 49
@/home/ec2-user/data/topics/1511 50
@/home/ec2-user/data/topics/1607 51
@/home/ec2-user/data/topics/1293 52
@/home/ec2-user/data/topics/4441 53
@/home/ec2-user/data/topics/4645 54
@/home/ec2-user/data/topics/4835 55
@/home/ec2-user/data/topics/5000 56
@/home/ec2-user/data/topics/4746 57
@/home/ec2-user/data/topics/4565 58
@/home/ec2-user/data/topics/3740 59
@/home/ec2-user/data/topics/4596 60
@/home/ec2-user/data/topics/4941 61
@/home/ec2-user/data/topics/4556 62
川崎製鉄株式会社

@/home/ec2-user/data/topics/3483 63
@/home/ec2-user/data/topics/3929 63
@/home/ec2-user/data/topics/4615 64
@/home/ec2-user/data/topics/3611 65
@/home/ec2-user/data/topics/3532 66
@/home/ec2-user/data/topics/1037 67
@/home/ec2-user/data/topics/3553 68
@/home/ec2-user/data/topics/3413 69
@/home/ec2-user/data/topics/1459 70
ダイキン工業株式会社

@/home/ec2-user/data/topics/4753 71
@/home/ec2-user/data/topics/4367 71
@/home/ec2-user/data/topics/4400 72
@/home/ec2-user/data/topics/4734 73
@/home/ec2-user/data/topics/4845 74
@/home/ec2-user/data/topics/1600 75
@/home/ec2-user/data/topics/3888 76
@/home/ec2-user/data/topics/4858 77
@/home/ec2-user/data/topics/1565 78
@/home/ec2-user/data/topics/4515 79
@/home/ec2-user/data/topics/4701 80
三菱自動車工業株式会社

@/home/ec2-user/data/topics/4189 81
@/home/ec2-user/data/topics/1527 81
@/home/ec2-user/data/topics/3502 82
@/home/ec2-user/data/topics/1428 83
@/home/ec2-user/data/topics/2101 84
@/home/ec2-user/data/topics/3940 85
@/home/ec2-user/data/topics/3815 86
@/home/ec2-user/data/topics/1816 87
日産自動車株式会社

@/home/ec2-user/data/topics/3497 88
@/home/ec2-user/data/topics/4982 88
@/home/ec2-user/data/topics/3936 89
@/home/ec2-user/data/topics/3645 90
@/home/ec2-user/data/topics/3677 91
@/home/ec2-user/data/topics/4074 92
@/home/ec2-user/data/topics/3712 93
@/home/ec2-user/data/topics/3829 94
@/home/ec2-user/data/topics/3501 95
@/home/ec2-user/data/topics/3723 96
@/home/ec2-user/data/topics/3489 97
トヨタ自動車株式会社

@/home/ec2-user/data/topics/3356 98
@/home/ec2-user/data/topics/4064 98
@/home/ec2-user/data/topics/3481 99
@/home/ec2-user/data/topics/4633 100
@/home/ec2-user/data/topics/4767 101
@/home/ec2-user/data/topics/3671 102
@/home/ec2-user/data/topics/3783 103
@/home/ec2-user/data/topics/2111 104
@/home/ec2-user/data/topics/3725 105
@/home/ec2-user/data/topics/4920 106
@/home/ec2-user/data/topics/4008 107
@/home/ec2-user/data/topics/4346 108
@/home/ec2-user/data/topics/3731 109
@/home/ec2-user/data/topics/4298 110
@/home/ec2-user/data/topics/3587 111
@/home/ec2-user/data/topics/3699 112
@/home/ec2-user/data/topics/3405 113
@/home/ec2-user/data/topics/2218 114
@/home/ec2-user/data/topics/4647 115
@/home/ec2-user/data/topics/1494 116
@/home/ec2-user/data/topics/4030 117
@/home/ec2-user/data/topics/4543 118
@/home/ec2-user/data/topics/3758 119
@/home/ec2-user/data/topics/3943 120
@/home/ec2-user/data/topics/4658 121
@/home/ec2-user/data/topics/4617 122
@/home/ec2-user/data/topics/1551 123
@/home/ec2-user/data/topics/4144 124
@/home/ec2-user/data/topics/4426 125
オリンパス光学工業株式会社

@/home/ec2-user/data/topics/2026 126
@/home/ec2-user/data/topics/1981 126
@/home/ec2-user/data/topics/4007 127
@/home/ec2-user/data/topics/4878 128
@/home/ec2-user/data/topics/1107 129
@/home/ec2-user/data/topics/1835 130
@/home/ec2-user/data/topics/1739 131
@/home/ec2-user/data/topics/4013 132
@/home/ec2-user/data/topics/5006 133
@/home/ec2-user/data/topics/1586 134
@/home/ec2-user/data/topics/1869 135
@/home/ec2-user/data/topics/1155 136
ブラザー工業株式会社

@/home/ec2-user/data/topics/1300 137
@/home/ec2-user/data/topics/4548 137
@/home/ec2-user/data/topics/3507 138
@/home/ec2-user/data/topics/3789 139
@/home/ec2-user/data/topics/1183 140
@/home/ec2-user/data/topics/3477 141
@/home/ec2-user/data/topics/2086 142
@/home/ec2-user/data/topics/1697 143
@/home/ec2-user/data/topics/1164 144
@/home/ec2-user/data/topics/1076 145
@/home/ec2-user/data/topics/1636 146
@/home/ec2-user/data/topics/1906 147
@/home/ec2-user/data/topics/3686 148
@/home/ec2-user/data/topics/2085 149
@/home/ec2-user/data/topics/3613 150
富士通株式会社

@/home/ec2-user/data/topics/3912 151
@/home/ec2-user/data/topics/5004 151
@/home/ec2-user/data/topics/3765 152
@/home/ec2-user/data/topics/1123 153
@/home/ec2-user/data/topics/1264 154
@/home/ec2-user/data/topics/3751 155
@/home/ec2-user/data/topics/3636 156
@/home/ec2-user/data/topics/3799 157
@/home/ec2-user/data/topics/3538 158
@/home/ec2-user/data/topics/3870 159
@/home/ec2-user/data/topics/1998 160
@/home/ec2-user/data/topics/2215 161
@/home/ec2-user/data/topics/3883 162
@/home/ec2-user/data/topics/3749 163
@/home/ec2-user/data/topics/1271 164
@/home/ec2-user/data/topics/3850 165
@/home/ec2-user/data/topics/1874 166
@/home/ec2-user/data/topics/3460 167
@/home/ec2-user/data/topics/3970 168
@/home/ec2-user/data/topics/2216 169
@/home/ec2-user/data/topics/1609 170
@/home/ec2-user/data/topics/3862 171
@/home/ec2-user/data/topics/4191 172
@/home/ec2-user/data/topics/2227 173
@/home/ec2-user/data/topics/3962 174
@/home/ec2-user/data/topics/3428 175
@/home/ec2-user/data/topics/3381 176
@/home/ec2-user/data/topics/1547 177
@/home/ec2-user/data/topics/3400 178
@/home/ec2-user/data/topics/3399 179
@/home/ec2-user/data/topics/3802 180
@/home/ec2-user/data/topics/3846 181
静岡日本電気株式会社

@/home/ec2-user/data/topics/4531 182
@/home/ec2-user/data/topics/4326 182
@/home/ec2-user/data/topics/4314 183
@/home/ec2-user/data/topics/4250 184
@/home/ec2-user/data/topics/4365 185
@/home/ec2-user/data/topics/4507 186
住友重機械工業株式会社

@/home/ec2-user/data/topics/4854 187
@/home/ec2-user/data/topics/1019 187
@/home/ec2-user/data/topics/1505 188
@/home/ec2-user/data/topics/1900 189
@/home/ec2-user/data/topics/2039 190
@/home/ec2-user/data/topics/3952 191
@/home/ec2-user/data/topics/1553 192
@/home/ec2-user/data/topics/1373 193
@/home/ec2-user/data/topics/3868 194
大日本印刷株式会社

@/home/ec2-user/data/topics/1099 195
@/home/ec2-user/data/topics/3569 195
@/home/ec2-user/data/topics/1564 196
@/home/ec2-user/data/topics/1262 197
@/home/ec2-user/data/topics/1145 198
@/home/ec2-user/data/topics/3388 199
日本電気株式会社

@/home/ec2-user/data/topics/4276 200
@/home/ec2-user/data/topics/4300 200
@/home/ec2-user/data/topics/4278 201
@/home/ec2-user/data/topics/4192 202
@/home/ec2-user/data/topics/4838 203
@/home/ec2-user/data/topics/4850 204
@/home/ec2-user/data/topics/3865 205
@/home/ec2-user/data/topics/4288 206
@/home/ec2-user/data/topics/4398 207
@/home/ec2-user/data/topics/4254 208
@/home/ec2-user/data/topics/1661 209
@/home/ec2-user/data/topics/4309 210
@/home/ec2-user/data/topics/4216 211
@/home/ec2-user/data/topics/1867 212
@/home/ec2-user/data/topics/4138 213
@/home/ec2-user/data/topics/2022 214
@/home/ec2-user/data/topics/4209 215
@/home/ec2-user/data/topics/1044 216
@/home/ec2-user/data/topics/1122 217
@/home/ec2-user/data/topics/1724 218
@/home/ec2-user/data/topics/4128 219
@/home/ec2-user/data/topics/4689 220
@/home/ec2-user/data/topics/4142 221
@/home/ec2-user/data/topics/4434 222
@/home/ec2-user/data/topics/4246 223
@/home/ec2-user/data/topics/1281 224
@/home/ec2-user/data/topics/4682 225
@/home/ec2-user/data/topics/4549 226
@/home/ec2-user/data/topics/4598 227
@/home/ec2-user/data/topics/4196 228
@/home/ec2-user/data/topics/1100 229
@/home/ec2-user/data/topics/4749 230
@/home/ec2-user/data/topics/4315 231
@/home/ec2-user/data/topics/4414 232
@/home/ec2-user/data/topics/4651 233
@/home/ec2-user/data/topics/4877 234
@/home/ec2-user/data/topics/4742 235
@/home/ec2-user/data/topics/3767 236
@/home/ec2-user/data/topics/4244 237
@/home/ec2-user/data/topics/4129 238
@/home/ec2-user/data/topics/4497 239
@/home/ec2-user/data/topics/3956 240
@/home/ec2-user/data/topics/4446 241
@/home/ec2-user/data/topics/1364 242
@/home/ec2-user/data/topics/4116 243
@/home/ec2-user/data/topics/4626 244
@/home/ec2-user/data/topics/4458 245
@/home/ec2-user/data/topics/4634 246
@/home/ec2-user/data/topics/4186 247
@/home/ec2-user/data/topics/4425 248
@/home/ec2-user/data/topics/3766 249
@/home/ec2-user/data/topics/3971 250
@/home/ec2-user/data/topics/4779 251
@/home/ec2-user/data/topics/4646 252
@/home/ec2-user/data/topics/1783 253
@/home/ec2-user/data/topics/4760 254
@/home/ec2-user/data/topics/2119 255
@/home/ec2-user/data/topics/4926 256
@/home/ec2-user/data/topics/4603 257
@/home/ec2-user/data/topics/4153 258
@/home/ec2-user/data/topics/4168 259
@/home/ec2-user/data/topics/4480 260
@/home/ec2-user/data/topics/2150 261
@/home/ec2-user/data/topics/1948 262
@/home/ec2-user/data/topics/4092 263
@/home/ec2-user/data/topics/4062 264
@/home/ec2-user/data/topics/1634 265
@/home/ec2-user/data/topics/4338 266
@/home/ec2-user/data/topics/1928 267
@/home/ec2-user/data/topics/1923 268
@/home/ec2-user/data/topics/4258 269
@/home/ec2-user/data/topics/4320 270
@/home/ec2-user/data/topics/1326 271
@/home/ec2-user/data/topics/5034 272
@/home/ec2-user/data/topics/4093 273
@/home/ec2-user/data/topics/4433 274
@/home/ec2-user/data/topics/4595 275
@/home/ec2-user/data/topics/4003 276
@/home/ec2-user/data/topics/3897 277
@/home/ec2-user/data/topics/1815 278
@/home/ec2-user/data/topics/4267 279
@/home/ec2-user/data/topics/4447 280
@/home/ec2-user/data/topics/4665 281
@/home/ec2-user/data/topics/4017 282
@/home/ec2-user/data/topics/4721 283
@/home/ec2-user/data/topics/4243 284
@/home/ec2-user/data/topics/4657 285
@/home/ec2-user/data/topics/1383 286
@/home/ec2-user/data/topics/4310 287
@/home/ec2-user/data/topics/1937 288
@/home/ec2-user/data/topics/4486 289
@/home/ec2-user/data/topics/4360 290
@/home/ec2-user/data/topics/4158 291
@/home/ec2-user/data/topics/4204 292
@/home/ec2-user/data/topics/4257 293
@/home/ec2-user/data/topics/1360 294
@/home/ec2-user/data/topics/4785 295
@/home/ec2-user/data/topics/2031 296
@/home/ec2-user/data/topics/1199 297
@/home/ec2-user/data/topics/4650 298
@/home/ec2-user/data/topics/4247 299
@/home/ec2-user/data/topics/4240 300
@/home/ec2-user/data/topics/4643 301
@/home/ec2-user/data/topics/4427 302
@/home/ec2-user/data/topics/4892 303
@/home/ec2-user/data/topics/4343 304
@/home/ec2-user/data/topics/4393 305
@/home/ec2-user/data/topics/4352 306
@/home/ec2-user/data/topics/4759 307
@/home/ec2-user/data/topics/1052 308
@/home/ec2-user/data/topics/1595 309
@/home/ec2-user/data/topics/1879 310
@/home/ec2-user/data/topics/1557 311
@/home/ec2-user/data/topics/4071 312
@/home/ec2-user/data/topics/1852 313
@/home/ec2-user/data/topics/3896 314
@/home/ec2-user/data/topics/4319 315
@/home/ec2-user/data/topics/1764 316
@/home/ec2-user/data/topics/1362 317
@/home/ec2-user/data/topics/2088 318
@/home/ec2-user/data/topics/1112 319
@/home/ec2-user/data/topics/1500 320
@/home/ec2-user/data/topics/4227 321
@/home/ec2-user/data/topics/4460 322
@/home/ec2-user/data/topics/4081 323
@/home/ec2-user/data/topics/4154 324
@/home/ec2-user/data/topics/4666 325
@/home/ec2-user/data/topics/1773 326
@/home/ec2-user/data/topics/4134 327
@/home/ec2-user/data/topics/1486 328
@/home/ec2-user/data/topics/4718 329
@/home/ec2-user/data/topics/4313 330
@/home/ec2-user/data/topics/4281 331
@/home/ec2-user/data/topics/4876 332
@/home/ec2-user/data/topics/4120 333
@/home/ec2-user/data/topics/4207 334
@/home/ec2-user/data/topics/4578 335
@/home/ec2-user/data/topics/1844 336
@/home/ec2-user/data/topics/4609 337
@/home/ec2-user/data/topics/4708 338
@/home/ec2-user/data/topics/1116 339
@/home/ec2-user/data/topics/3954 340
@/home/ec2-user/data/topics/4342 341
@/home/ec2-user/data/topics/4728 342
@/home/ec2-user/data/topics/2041 343
@/home/ec2-user/data/topics/4490 344
@/home/ec2-user/data/topics/1464 345
@/home/ec2-user/data/topics/4097 346
@/home/ec2-user/data/topics/4902 347
@/home/ec2-user/data/topics/4696 348
@/home/ec2-user/data/topics/4442 349
@/home/ec2-user/data/topics/4816 350
@/home/ec2-user/data/topics/4536 351
@/home/ec2-user/data/topics/4440 352
@/home/ec2-user/data/topics/4584 353
@/home/ec2-user/data/topics/1624 354
@/home/ec2-user/data/topics/1973 355
@/home/ec2-user/data/topics/4613 356
@/home/ec2-user/data/topics/4764 357
@/home/ec2-user/data/topics/4260 358
@/home/ec2-user/data/topics/4063 359
@/home/ec2-user/data/topics/3886 360
@/home/ec2-user/data/topics/1101 361
@/home/ec2-user/data/topics/4477 362
@/home/ec2-user/data/topics/4808 363
@/home/ec2-user/data/topics/4185 364
@/home/ec2-user/data/topics/4275 365
@/home/ec2-user/data/topics/1710 366
@/home/ec2-user/data/topics/4137 367
@/home/ec2-user/data/topics/4171 368
@/home/ec2-user/data/topics/4940 369
@/home/ec2-user/data/topics/4371 370
@/home/ec2-user/data/topics/4699 371
@/home/ec2-user/data/topics/4119 372
@/home/ec2-user/data/topics/4725 373
@/home/ec2-user/data/topics/4389 374
@/home/ec2-user/data/topics/4644 375
@/home/ec2-user/data/topics/3724 376
@/home/ec2-user/data/topics/1791 377
@/home/ec2-user/data/topics/3875 378
@/home/ec2-user/data/topics/2144 379
@/home/ec2-user/data/topics/1016 380
@/home/ec2-user/data/topics/4238 381
@/home/ec2-user/data/topics/2166 382
@/home/ec2-user/data/topics/1457 383
@/home/ec2-user/data/topics/2127 384
@/home/ec2-user/data/topics/4388 385
@/home/ec2-user/data/topics/4318 386
@/home/ec2-user/data/topics/4530 387
@/home/ec2-user/data/topics/4100 388
@/home/ec2-user/data/topics/3744 389
@/home/ec2-user/data/topics/4775 390
@/home/ec2-user/data/topics/4082 391
@/home/ec2-user/data/topics/1612 392
@/home/ec2-user/data/topics/4659 393
@/home/ec2-user/data/topics/1078 394
@/home/ec2-user/data/topics/3853 395
@/home/ec2-user/data/topics/4418 396
@/home/ec2-user/data/topics/4561 397
@/home/ec2-user/data/topics/4533 398
@/home/ec2-user/data/topics/4273 399
@/home/ec2-user/data/topics/4162 400
@/home/ec2-user/data/topics/1891 401
@/home/ec2-user/data/topics/4404 402
@/home/ec2-user/data/topics/1523 403
@/home/ec2-user/data/topics/3938 404
@/home/ec2-user/data/topics/4750 405
@/home/ec2-user/data/topics/3995 406
@/home/ec2-user/data/topics/4359 407
@/home/ec2-user/data/topics/4429 408
@/home/ec2-user/data/topics/3729 409
@/home/ec2-user/data/topics/4236 410
@/home/ec2-user/data/topics/4390 411
@/home/ec2-user/data/topics/4824 412
@/home/ec2-user/data/topics/4537 413
@/home/ec2-user/data/topics/4532 414
@/home/ec2-user/data/topics/4485 415
@/home/ec2-user/data/topics/4770 416
@/home/ec2-user/data/topics/1567 417
@/home/ec2-user/data/topics/4272 418
松下電器産業株式会社

@/home/ec2-user/data/topics/4180 419
@/home/ec2-user/data/topics/3920 419
@/home/ec2-user/data/topics/3676 420
@/home/ec2-user/data/topics/3658 421
@/home/ec2-user/data/topics/1339 422
@/home/ec2-user/data/topics/4754 423
@/home/ec2-user/data/topics/4355 424
@/home/ec2-user/data/topics/1525 425
@/home/ec2-user/data/topics/3558 426
@/home/ec2-user/data/topics/4382 427
@/home/ec2-user/data/topics/4936 428
@/home/ec2-user/data/topics/4303 429
@/home/ec2-user/data/topics/3904 430
@/home/ec2-user/data/topics/4157 431
@/home/ec2-user/data/topics/4667 432
@/home/ec2-user/data/topics/2080 433
@/home/ec2-user/data/topics/4586 434
@/home/ec2-user/data/topics/1540 435
@/home/ec2-user/data/topics/4502 436
@/home/ec2-user/data/topics/4917 437
@/home/ec2-user/data/topics/5028 438
@/home/ec2-user/data/topics/1812 439
@/home/ec2-user/data/topics/4139 440
@/home/ec2-user/data/topics/1589 441
@/home/ec2-user/data/topics/1885 442
@/home/ec2-user/data/topics/3746 443
@/home/ec2-user/data/topics/4503 444
@/home/ec2-user/data/topics/4491 445
@/home/ec2-user/data/topics/3510 446
@/home/ec2-user/data/topics/3951 447
@/home/ec2-user/data/topics/4422 448
@/home/ec2-user/data/topics/3585 449
@/home/ec2-user/data/topics/1252 450
@/home/ec2-user/data/topics/3739 451
@/home/ec2-user/data/topics/4448 452
@/home/ec2-user/data/topics/1026 453
@/home/ec2-user/data/topics/3455 454
@/home/ec2-user/data/topics/5024 455
@/home/ec2-user/data/topics/4817 456
@/home/ec2-user/data/topics/4558 457
@/home/ec2-user/data/topics/4193 458
@/home/ec2-user/data/topics/3494 459
@/home/ec2-user/data/topics/4599 460
@/home/ec2-user/data/topics/3960 461
@/home/ec2-user/data/topics/4160 462
@/home/ec2-user/data/topics/4215 463
@/home/ec2-user/data/topics/4625 464
@/home/ec2-user/data/topics/1898 465
@/home/ec2-user/data/topics/2129 466
@/home/ec2-user/data/topics/4501 467
@/home/ec2-user/data/topics/4126 468
@/home/ec2-user/data/topics/1516 469
@/home/ec2-user/data/topics/4761 470
@/home/ec2-user/data/topics/3719 471
@/home/ec2-user/data/topics/1509 472
@/home/ec2-user/data/topics/1748 473
@/home/ec2-user/data/topics/4806 474
@/home/ec2-user/data/topics/1257 475
@/home/ec2-user/data/topics/1706 476
@/home/ec2-user/data/topics/4867 477
@/home/ec2-user/data/topics/4385 478
@/home/ec2-user/data/topics/4707 479
@/home/ec2-user/data/topics/1881 480
@/home/ec2-user/data/topics/3704 481
@/home/ec2-user/data/topics/2029 482
@/home/ec2-user/data/topics/2056 483
@/home/ec2-user/data/topics/2170 484
@/home/ec2-user/data/topics/4229 485
@/home/ec2-user/data/topics/1705 486
@/home/ec2-user/data/topics/4961 487
@/home/ec2-user/data/topics/4968 488
@/home/ec2-user/data/topics/4945 489
@/home/ec2-user/data/topics/3761 490
@/home/ec2-user/data/topics/1635 491
@/home/ec2-user/data/topics/1477 492
@/home/ec2-user/data/topics/4394 493
@/home/ec2-user/data/topics/3847 494
@/home/ec2-user/data/topics/3514 495
@/home/ec2-user/data/topics/3519 496
@/home/ec2-user/data/topics/4264 497
@/home/ec2-user/data/topics/4885 498
@/home/ec2-user/data/topics/3807 499
@/home/ec2-user/data/topics/4798 500
@/home/ec2-user/data/topics/4475 501
@/home/ec2-user/data/topics/1762 502
@/home/ec2-user/data/topics/1955 503
@/home/ec2-user/data/topics/4676 504
@/home/ec2-user/data/topics/1136 505
@/home/ec2-user/data/topics/4101 506
@/home/ec2-user/data/topics/4787 507
@/home/ec2-user/data/topics/3694 508
@/home/ec2-user/data/topics/1179 509
@/home/ec2-user/data/topics/4459 510
@/home/ec2-user/data/topics/3680 511
@/home/ec2-user/data/topics/4043 512
@/home/ec2-user/data/topics/1829 513
@/home/ec2-user/data/topics/2222 514
@/home/ec2-user/data/topics/4159 515
@/home/ec2-user/data/topics/2156 516
@/home/ec2-user/data/topics/4577 517
@/home/ec2-user/data/topics/4797 518
@/home/ec2-user/data/topics/3619 519
@/home/ec2-user/data/topics/1158 520
@/home/ec2-user/data/topics/1633 521
@/home/ec2-user/data/topics/3721 522
@/home/ec2-user/data/topics/3386 523
@/home/ec2-user/data/topics/1070 524
@/home/ec2-user/data/topics/1157 525
@/home/ec2-user/data/topics/3979 526
@/home/ec2-user/data/topics/4804 527
@/home/ec2-user/data/topics/4000 528
@/home/ec2-user/data/topics/3692 529
@/home/ec2-user/data/topics/3404 530
@/home/ec2-user/data/topics/4274 531
@/home/ec2-user/data/topics/4098 532
@/home/ec2-user/data/topics/4307 533
@/home/ec2-user/data/topics/4918 534
@/home/ec2-user/data/topics/1701 535
@/home/ec2-user/data/topics/4464 536
@/home/ec2-user/data/topics/4280 537
@/home/ec2-user/data/topics/3402 538
@/home/ec2-user/data/topics/4574 539
@/home/ec2-user/data/topics/4102 540
セイコーインスツルメンツ株式会社

@/home/ec2-user/data/topics/4088 541
@/home/ec2-user/data/topics/1707 541
@/home/ec2-user/data/topics/4997 542
@/home/ec2-user/data/topics/4036 543
@/home/ec2-user/data/topics/3626 544
@/home/ec2-user/data/topics/4151 545
@/home/ec2-user/data/topics/3825 546
@/home/ec2-user/data/topics/4190 547
@/home/ec2-user/data/topics/4203 548
ミノルタ株式会社

@/home/ec2-user/data/topics/3584 549
@/home/ec2-user/data/topics/4977 549
@/home/ec2-user/data/topics/3810 550
@/home/ec2-user/data/topics/1152 551
@/home/ec2-user/data/topics/4984 552
@/home/ec2-user/data/topics/4970 553
@/home/ec2-user/data/topics/4971 554
@/home/ec2-user/data/topics/4321 555
@/home/ec2-user/data/topics/2190 556
@/home/ec2-user/data/topics/4951 557
@/home/ec2-user/data/topics/3545 558
@/home/ec2-user/data/topics/4986 559
株式会社リコー

@/home/ec2-user/data/topics/3530 560
@/home/ec2-user/data/topics/1433 560
@/home/ec2-user/data/topics/1670 561
@/home/ec2-user/data/topics/3378 562
@/home/ec2-user/data/topics/3411 563
@/home/ec2-user/data/topics/1106 564
@/home/ec2-user/data/topics/4879 565
@/home/ec2-user/data/topics/3548 566
@/home/ec2-user/data/topics/3750 567
@/home/ec2-user/data/topics/1514 568
@/home/ec2-user/data/topics/1780 569
@/home/ec2-user/data/topics/3669 570
@/home/ec2-user/data/topics/3474 571
@/home/ec2-user/data/topics/1083 572
@/home/ec2-user/data/topics/1482 573
@/home/ec2-user/data/topics/1718 574
@/home/ec2-user/data/topics/4344 575
@/home/ec2-user/data/topics/1478 576
@/home/ec2-user/data/topics/1878 577
@/home/ec2-user/data/topics/1775 578
@/home/ec2-user/data/topics/3557 579
@/home/ec2-user/data/topics/1436 580
@/home/ec2-user/data/topics/2201 581
@/home/ec2-user/data/topics/3424 582
@/home/ec2-user/data/topics/3484 583
@/home/ec2-user/data/topics/2182 584
@/home/ec2-user/data/topics/3436 585
@/home/ec2-user/data/topics/1774 586
@/home/ec2-user/data/topics/2219 587
@/home/ec2-user/data/topics/4265 588
@/home/ec2-user/data/topics/1976 589
@/home/ec2-user/data/topics/4781 590
@/home/ec2-user/data/topics/1669 591
@/home/ec2-user/data/topics/3687 592
@/home/ec2-user/data/topics/3775 593
@/home/ec2-user/data/topics/1663 594
@/home/ec2-user/data/topics/1095 595
@/home/ec2-user/data/topics/4037 596
@/home/ec2-user/data/topics/3633 597
@/home/ec2-user/data/topics/1668 598
@/home/ec2-user/data/topics/1974 599
@/home/ec2-user/data/topics/2189 600
@/home/ec2-user/data/topics/1593 601
@/home/ec2-user/data/topics/4616 602
@/home/ec2-user/data/topics/1740 603
@/home/ec2-user/data/topics/1776 604
@/home/ec2-user/data/topics/2006 605
@/home/ec2-user/data/topics/2200 606
@/home/ec2-user/data/topics/3394 607
@/home/ec2-user/data/topics/3713 608
@/home/ec2-user/data/topics/2090 609
@/home/ec2-user/data/topics/1064 610
@/home/ec2-user/data/topics/1627 611
@/home/ec2-user/data/topics/1225 612
@/home/ec2-user/data/topics/3495 613
@/home/ec2-user/data/topics/3711 614
@/home/ec2-user/data/topics/1806 615
@/home/ec2-user/data/topics/1190 616
@/home/ec2-user/data/topics/1610 617
@/home/ec2-user/data/topics/3837 618
@/home/ec2-user/data/topics/3472 619
@/home/ec2-user/data/topics/3880 620
@/home/ec2-user/data/topics/3523 621
@/home/ec2-user/data/topics/3446 622
@/home/ec2-user/data/topics/1755 623
@/home/ec2-user/data/topics/1691 624
@/home/ec2-user/data/topics/3759 625
@/home/ec2-user/data/topics/2043 626
@/home/ec2-user/data/topics/3555 627
@/home/ec2-user/data/topics/3574 628
@/home/ec2-user/data/topics/1282 629
独立行政法人産業技術総合研究所

@/home/ec2-user/data/topics/1356 630
@/home/ec2-user/data/topics/4777 630
@/home/ec2-user/data/topics/4800 631
@/home/ec2-user/data/topics/4739 632
@/home/ec2-user/data/topics/4869 633
@/home/ec2-user/data/topics/4740 634
ソニー株式会社

@/home/ec2-user/data/topics/1435 635
@/home/ec2-user/data/topics/2094 635
@/home/ec2-user/data/topics/1102 636
@/home/ec2-user/data/topics/2052 637
@/home/ec2-user/data/topics/1397 638
@/home/ec2-user/data/topics/1602 639
@/home/ec2-user/data/topics/3401 640
@/home/ec2-user/data/topics/1836 641
@/home/ec2-user/data/topics/1491 642
@/home/ec2-user/data/topics/2075 643
@/home/ec2-user/data/topics/3872 644
@/home/ec2-user/data/topics/1686 645
@/home/ec2-user/data/topics/1414 646
@/home/ec2-user/data/topics/4219 647
@/home/ec2-user/data/topics/1926 648
@/home/ec2-user/data/topics/5027 649
@/home/ec2-user/data/topics/1233 650
@/home/ec2-user/data/topics/2059 651
@/home/ec2-user/data/topics/1147 652
@/home/ec2-user/data/topics/1892 653
@/home/ec2-user/data/topics/1749 654
@/home/ec2-user/data/topics/1679 655
@/home/ec2-user/data/topics/1380 656
@/home/ec2-user/data/topics/1954 657
@/home/ec2-user/data/topics/1426 658
@/home/ec2-user/data/topics/4224 659
@/home/ec2-user/data/topics/1873 660
@/home/ec2-user/data/topics/3924 661
@/home/ec2-user/data/topics/2048 662
@/home/ec2-user/data/topics/3392 663
@/home/ec2-user/data/topics/1967 664
@/home/ec2-user/data/topics/3456 665
@/home/ec2-user/data/topics/2058 666
@/home/ec2-user/data/topics/1778 667
@/home/ec2-user/data/topics/3955 668
@/home/ec2-user/data/topics/2105 669
@/home/ec2-user/data/topics/1218 670
@/home/ec2-user/data/topics/4351 671
@/home/ec2-user/data/topics/4184 672
@/home/ec2-user/data/topics/1912 673
@/home/ec2-user/data/topics/1291 674
@/home/ec2-user/data/topics/1298 675
@/home/ec2-user/data/topics/2037 676
@/home/ec2-user/data/topics/1471 677
@/home/ec2-user/data/topics/3975 678
@/home/ec2-user/data/topics/1059 679
@/home/ec2-user/data/topics/1884 680
富士ゼロックス株式会社

@/home/ec2-user/data/topics/3383 681
@/home/ec2-user/data/topics/3782 681
@/home/ec2-user/data/topics/3790 682
@/home/ec2-user/data/topics/3366 683
@/home/ec2-user/data/topics/3407 684
@/home/ec2-user/data/topics/1560 685
@/home/ec2-user/data/topics/3564 686
@/home/ec2-user/data/topics/3695 687
@/home/ec2-user/data/topics/5031 688
@/home/ec2-user/data/topics/3662 689
@/home/ec2-user/data/topics/3473 690
@/home/ec2-user/data/topics/1947 691
@/home/ec2-user/data/topics/3640 692
@/home/ec2-user/data/topics/3661 693
@/home/ec2-user/data/topics/4108 694
住友金属工業株式会社

@/home/ec2-user/data/topics/4322 695
@/home/ec2-user/data/topics/4021 695
@/home/ec2-user/data/topics/3655 696
@/home/ec2-user/data/topics/3826 697
@/home/ec2-user/data/topics/4991 698
@/home/ec2-user/data/topics/4733 699
@/home/ec2-user/data/topics/1268 700
@/home/ec2-user/data/topics/4534 701
@/home/ec2-user/data/topics/4182 702
@/home/ec2-user/data/topics/4295 703
@/home/ec2-user/data/topics/3577 704
@/home/ec2-user/data/topics/4661 705
日立電線株式会社

@/home/ec2-user/data/topics/1388 706
@/home/ec2-user/data/topics/4356 706
@/home/ec2-user/data/topics/4357 707
@/home/ec2-user/data/topics/1117 708
@/home/ec2-user/data/topics/3930 709
@/home/ec2-user/data/topics/1305 710
@/home/ec2-user/data/topics/4329 711
@/home/ec2-user/data/topics/3756 712
@/home/ec2-user/data/topics/1027 713
キヤノン株式会社

@/home/ec2-user/data/topics/3660 714
@/home/ec2-user/data/topics/3376 714
@/home/ec2-user/data/topics/4350 715
@/home/ec2-user/data/topics/1228 716
@/home/ec2-user/data/topics/4628 717
@/home/ec2-user/data/topics/1646 718
@/home/ec2-user/data/topics/3445 719
@/home/ec2-user/data/topics/1080 720
@/home/ec2-user/data/topics/4020 721
@/home/ec2-user/data/topics/1895 722
@/home/ec2-user/data/topics/3843 723
@/home/ec2-user/data/topics/2004 724
@/home/ec2-user/data/topics/1744 725
@/home/ec2-user/data/topics/1208 726
@/home/ec2-user/data/topics/3628 727
@/home/ec2-user/data/topics/1438 728
@/home/ec2-user/data/topics/3415 729
@/home/ec2-user/data/topics/1975 730
@/home/ec2-user/data/topics/4520 731
@/home/ec2-user/data/topics/4948 732
@/home/ec2-user/data/topics/4363 733
@/home/ec2-user/data/topics/1513 734
@/home/ec2-user/data/topics/3967 735
@/home/ec2-user/data/topics/3420 736
@/home/ec2-user/data/topics/4610 737
@/home/ec2-user/data/topics/3720 738
@/home/ec2-user/data/topics/1802 739
@/home/ec2-user/data/topics/1889 740
@/home/ec2-user/data/topics/3730 741
@/home/ec2-user/data/topics/3755 742
@/home/ec2-user/data/topics/4054 743
@/home/ec2-user/data/topics/3737 744
@/home/ec2-user/data/topics/2243 745
@/home/ec2-user/data/topics/1118 746
@/home/ec2-user/data/topics/3852 747
@/home/ec2-user/data/topics/4521 748
@/home/ec2-user/data/topics/3642 749
@/home/ec2-user/data/topics/3722 750
@/home/ec2-user/data/topics/4947 751
@/home/ec2-user/data/topics/3374 752
@/home/ec2-user/data/topics/3996 753
@/home/ec2-user/data/topics/3417 754
@/home/ec2-user/data/topics/1848 755
@/home/ec2-user/data/topics/3430 756
@/home/ec2-user/data/topics/3441 757
@/home/ec2-user/data/topics/1539 758
@/home/ec2-user/data/topics/1745 759
@/home/ec2-user/data/topics/1866 760
@/home/ec2-user/data/topics/3434 761
@/home/ec2-user/data/topics/1590 762
@/home/ec2-user/data/topics/2117 763
@/home/ec2-user/data/topics/3454 764
@/home/ec2-user/data/topics/1124 765
@/home/ec2-user/data/topics/3958 766
@/home/ec2-user/data/topics/1790 767
@/home/ec2-user/data/topics/2231 768
@/home/ec2-user/data/topics/1455 769
@/home/ec2-user/data/topics/2145 770
@/home/ec2-user/data/topics/1568 771
@/home/ec2-user/data/topics/1847 772
@/home/ec2-user/data/topics/1519 773
@/home/ec2-user/data/topics/1961 774
@/home/ec2-user/data/topics/3438 775
@/home/ec2-user/data/topics/3416 776
@/home/ec2-user/data/topics/1631 777
@/home/ec2-user/data/topics/2107 778
@/home/ec2-user/data/topics/1216 779
@/home/ec2-user/data/topics/3949 780
@/home/ec2-user/data/topics/4068 781
@/home/ec2-user/data/topics/3656 782
@/home/ec2-user/data/topics/2053 783
@/home/ec2-user/data/topics/3410 784
@/home/ec2-user/data/topics/4937 785
三洋電機株式会社

@/home/ec2-user/data/topics/4150 786
@/home/ec2-user/data/topics/4474 786
@/home/ec2-user/data/topics/3845 787
@/home/ec2-user/data/topics/4178 788
@/home/ec2-user/data/topics/3859 789
@/home/ec2-user/data/topics/3926 790
@/home/ec2-user/data/topics/4978 791
@/home/ec2-user/data/topics/4612 792
@/home/ec2-user/data/topics/4527 793
@/home/ec2-user/data/topics/4304 794
@/home/ec2-user/data/topics/3781 795
@/home/ec2-user/data/topics/4983 796
@/home/ec2-user/data/topics/3830 797
@/home/ec2-user/data/topics/3403 798
@/home/ec2-user/data/topics/4604 799
@/home/ec2-user/data/topics/2014 800
@/home/ec2-user/data/topics/1246 801
@/home/ec2-user/data/topics/3491 802
@/home/ec2-user/data/topics/3539 803
@/home/ec2-user/data/topics/2063 804
@/home/ec2-user/data/topics/3817 805
@/home/ec2-user/data/topics/1980 806
@/home/ec2-user/data/topics/4837 807
@/home/ec2-user/data/topics/4720 808
@/home/ec2-user/data/topics/5011 809
@/home/ec2-user/data/topics/4001 810
@/home/ec2-user/data/topics/4726 811
@/home/ec2-user/data/topics/4763 812
@/home/ec2-user/data/topics/1652 813
@/home/ec2-user/data/topics/3681 814
@/home/ec2-user/data/topics/3986 815
@/home/ec2-user/data/topics/4301 816
@/home/ec2-user/data/topics/4492 817
@/home/ec2-user/data/topics/1386 818
@/home/ec2-user/data/topics/4061 819
@/home/ec2-user/data/topics/3708 820
@/home/ec2-user/data/topics/4679 821
@/home/ec2-user/data/topics/4015 822
@/home/ec2-user/data/topics/3889 823
@/home/ec2-user/data/topics/4212 824
@/home/ec2-user/data/topics/2230 825
@/home/ec2-user/data/topics/4384 826
@/home/ec2-user/data/topics/4376 827
@/home/ec2-user/data/topics/1289 828
@/home/ec2-user/data/topics/1722 829
@/home/ec2-user/data/topics/5002 830
@/home/ec2-user/data/topics/3804 831
@/home/ec2-user/data/topics/3625 832
@/home/ec2-user/data/topics/1321 833
@/home/ec2-user/data/topics/3492 834
@/home/ec2-user/data/topics/3974 835
@/home/ec2-user/data/topics/4099 836
@/home/ec2-user/data/topics/4571 837
@/home/ec2-user/data/topics/2194 838
@/home/ec2-user/data/topics/3808 839
@/home/ec2-user/data/topics/1515 840
@/home/ec2-user/data/topics/1163 841
@/home/ec2-user/data/topics/3953 842
@/home/ec2-user/data/topics/3581 843
@/home/ec2-user/data/topics/4328 844
@/home/ec2-user/data/topics/2071 845
@/home/ec2-user/data/topics/4060 846
@/home/ec2-user/data/topics/4039 847
@/home/ec2-user/data/topics/1451 848
@/home/ec2-user/data/topics/4179 849
@/home/ec2-user/data/topics/4066 850
@/home/ec2-user/data/topics/2054 851
@/home/ec2-user/data/topics/4788 852
@/home/ec2-user/data/topics/1653 853
@/home/ec2-user/data/topics/1079 854
@/home/ec2-user/data/topics/1671 855
@/home/ec2-user/data/topics/4960 856
@/home/ec2-user/data/topics/1479 857
@/home/ec2-user/data/topics/3906 858
@/home/ec2-user/data/topics/1488 859
@/home/ec2-user/data/topics/3754 860
@/home/ec2-user/data/topics/2098 861
@/home/ec2-user/data/topics/4654 862
@/home/ec2-user/data/topics/3398 863
三菱電機株式会社

@/home/ec2-user/data/topics/3409 864
@/home/ec2-user/data/topics/4220 864
@/home/ec2-user/data/topics/3609 865
@/home/ec2-user/data/topics/3873 866
@/home/ec2-user/data/topics/3397 867
@/home/ec2-user/data/topics/3856 868
@/home/ec2-user/data/topics/4880 869
@/home/ec2-user/data/topics/3592 870
@/home/ec2-user/data/topics/1872 871
@/home/ec2-user/data/topics/3612 872
@/home/ec2-user/data/topics/5033 873
@/home/ec2-user/data/topics/1738 874
@/home/ec2-user/data/topics/3616 875
@/home/ec2-user/data/topics/3747 876
@/home/ec2-user/data/topics/1220 877
@/home/ec2-user/data/topics/3465 878
@/home/ec2-user/data/topics/1754 879
@/home/ec2-user/data/topics/4614 880
@/home/ec2-user/data/topics/4518 881
@/home/ec2-user/data/topics/4047 882
@/home/ec2-user/data/topics/4834 883
@/home/ec2-user/data/topics/3963 884
@/home/ec2-user/data/topics/4233 885
@/home/ec2-user/data/topics/3506 886
@/home/ec2-user/data/topics/4305 887
@/home/ec2-user/data/topics/4419 888
@/home/ec2-user/data/topics/1110 889
@/home/ec2-user/data/topics/4076 890
@/home/ec2-user/data/topics/3451 891
@/home/ec2-user/data/topics/4041 892
@/home/ec2-user/data/topics/4562 893
@/home/ec2-user/data/topics/3493 894
@/home/ec2-user/data/topics/3820 895
@/home/ec2-user/data/topics/4181 896
@/home/ec2-user/data/topics/2146 897
@/home/ec2-user/data/topics/3921 898
@/home/ec2-user/data/topics/3412 899
@/home/ec2-user/data/topics/3774 900
@/home/ec2-user/data/topics/3666 901
@/home/ec2-user/data/topics/4221 902
@/home/ec2-user/data/topics/3595 903
@/home/ec2-user/data/topics/3800 904
@/home/ec2-user/data/topics/3469 905
@/home/ec2-user/data/topics/4980 906
@/home/ec2-user/data/topics/4514 907
@/home/ec2-user/data/topics/1536 908
@/home/ec2-user/data/topics/5032 909
@/home/ec2-user/data/topics/3453 910
@/home/ec2-user/data/topics/4133 911
@/home/ec2-user/data/topics/3466 912
@/home/ec2-user/data/topics/4235 913
@/home/ec2-user/data/topics/3490 914
@/home/ec2-user/data/topics/1792 915
@/home/ec2-user/data/topics/4282 916
@/home/ec2-user/data/topics/3841 917
@/home/ec2-user/data/topics/4663 918
@/home/ec2-user/data/topics/4552 919
@/home/ec2-user/data/topics/4149 920
住友ゴム工業株式会社

@/home/ec2-user/data/topics/4597 921
@/home/ec2-user/data/topics/4406 921
@/home/ec2-user/data/topics/2007 922
@/home/ec2-user/data/topics/4568 923
@/home/ec2-user/data/topics/4048 924
@/home/ec2-user/data/topics/1114 925
@/home/ec2-user/data/topics/1758 926
セイコーエプソン株式会社

@/home/ec2-user/data/topics/1938 927
@/home/ec2-user/data/topics/4719 927
@/home/ec2-user/data/topics/1484 928
@/home/ec2-user/data/topics/3476 929
@/home/ec2-user/data/topics/4801 930
@/home/ec2-user/data/topics/4802 931
@/home/ec2-user/data/topics/2078 932
@/home/ec2-user/data/topics/4454 933
@/home/ec2-user/data/topics/4605 934
@/home/ec2-user/data/topics/1641 935
@/home/ec2-user/data/topics/4109 936
@/home/ec2-user/data/topics/4386 937
@/home/ec2-user/data/topics/3985 938
@/home/ec2-user/data/topics/3819 939
@/home/ec2-user/data/topics/3887 940
@/home/ec2-user/data/topics/4022 941
@/home/ec2-user/data/topics/3505 942
@/home/ec2-user/data/topics/1890 943
@/home/ec2-user/data/topics/3589 944
@/home/ec2-user/data/topics/2165 945
@/home/ec2-user/data/topics/4585 946
@/home/ec2-user/data/topics/1343 947
@/home/ec2-user/data/topics/3910 948
@/home/ec2-user/data/topics/3361 949
@/home/ec2-user/data/topics/1378 950
@/home/ec2-user/data/topics/1423 951
株式会社三共

@/home/ec2-user/data/topics/4374 952
@/home/ec2-user/data/topics/2123 952
@/home/ec2-user/data/topics/1377 953
@/home/ec2-user/data/topics/2060 954
@/home/ec2-user/data/topics/1665 955
@/home/ec2-user/data/topics/1086 956
@/home/ec2-user/data/topics/1648 957
@/home/ec2-user/data/topics/1189 958
@/home/ec2-user/data/topics/4868 959
沖電気工業株式会社

@/home/ec2-user/data/topics/1531 960
@/home/ec2-user/data/topics/4308 960
@/home/ec2-user/data/topics/4575 961
@/home/ec2-user/data/topics/3621 962
@/home/ec2-user/data/topics/3690 963
@/home/ec2-user/data/topics/4693 964
@/home/ec2-user/data/topics/1188 965
@/home/ec2-user/data/topics/4299 966
@/home/ec2-user/data/topics/3433 967
@/home/ec2-user/data/topics/3395 968
@/home/ec2-user/data/topics/3764 969
@/home/ec2-user/data/topics/3964 970
@/home/ec2-user/data/topics/3571 971
@/home/ec2-user/data/topics/3457 972
株式会社三星

@/home/ec2-user/data/topics/1728 973
@/home/ec2-user/data/topics/3942 973
@/home/ec2-user/data/topics/1260 974
@/home/ec2-user/data/topics/1733 975
@/home/ec2-user/data/topics/2108 976
@/home/ec2-user/data/topics/2198 977
日本ビクター株式会社

@/home/ec2-user/data/topics/1520 978
@/home/ec2-user/data/topics/3620 978
@/home/ec2-user/data/topics/3882 979
@/home/ec2-user/data/topics/1389 980
@/home/ec2-user/data/topics/4672 981
@/home/ec2-user/data/topics/3939 982
@/home/ec2-user/data/topics/1823 983
@/home/ec2-user/data/topics/4123 984
@/home/ec2-user/data/topics/4056 985
@/home/ec2-user/data/topics/1440 986
@/home/ec2-user/data/topics/3603 987
花王株式会社

@/home/ec2-user/data/topics/1767 988
@/home/ec2-user/data/topics/1196 988
@/home/ec2-user/data/topics/3884 989
@/home/ec2-user/data/topics/1022 990
@/home/ec2-user/data/topics/4211 991
@/home/ec2-user/data/topics/4249 992
@/home/ec2-user/data/topics/4827 993
@/home/ec2-user/data/topics/3753 994
@/home/ec2-user/data/topics/4287 995
@/home/ec2-user/data/topics/3812 996
@/home/ec2-user/data/topics/3999 997
@/home/ec2-user/data/topics/4445 998
@/home/ec2-user/data/topics/2214 999
三田工業株式会社

@/home/ec2-user/data/topics/3604 1000
@/home/ec2-user/data/topics/1766 1000
@/home/ec2-user/data/topics/2136 1001
@/home/ec2-user/data/topics/2155 1002
@/home/ec2-user/data/topics/1269 1003
@/home/ec2-user/data/topics/3842 1004
@/home/ec2-user/data/topics/1033 1005
@/home/ec2-user/data/topics/3923 1006
@/home/ec2-user/data/topics/1034 1007
豊丸産業株式会社

@/home/ec2-user/data/topics/3672 1008
@/home/ec2-user/data/topics/1353 1008
@/home/ec2-user/data/topics/1126 1009
@/home/ec2-user/data/topics/1914 1010
@/home/ec2-user/data/topics/1097 1011
@/home/ec2-user/data/topics/1284 1012
@/home/ec2-user/data/topics/1677 1013
@/home/ec2-user/data/topics/1726 1014
@/home/ec2-user/data/topics/1138 1015
@/home/ec2-user/data/topics/1401 1016
@/home/ec2-user/data/topics/4847 1017
@/home/ec2-user/data/topics/2169 1018
@/home/ec2-user/data/topics/1713 1019
@/home/ec2-user/data/topics/1588 1020
@/home/ec2-user/data/topics/2011 1021
鐘紡株式会社

@/home/ec2-user/data/topics/2185 1022
@/home/ec2-user/data/topics/1870 1022
@/home/ec2-user/data/topics/1886 1023
@/home/ec2-user/data/topics/2034 1024
@/home/ec2-user/data/topics/1054 1025
@/home/ec2-user/data/topics/2223 1026
@/home/ec2-user/data/topics/4195 1027
@/home/ec2-user/data/topics/1304 1028
@/home/ec2-user/data/topics/1178 1029
@/home/ec2-user/data/topics/3560 1030
@/home/ec2-user/data/topics/3634 1031
@/home/ec2-user/data/topics/3566 1032
@/home/ec2-user/data/topics/1842 1033
@/home/ec2-user/data/topics/1901 1034
@/home/ec2-user/data/topics/1367 1035
@/home/ec2-user/data/topics/3551 1036
株式会社デンソー

@/home/ec2-user/data/topics/4024 1037
@/home/ec2-user/data/topics/1855 1037
@/home/ec2-user/data/topics/4675 1038
@/home/ec2-user/data/topics/4164 1039
@/home/ec2-user/data/topics/3480 1040
@/home/ec2-user/data/topics/4483 1041
@/home/ec2-user/data/topics/4840 1042
@/home/ec2-user/data/topics/4498 1043
@/home/ec2-user/data/topics/3406 1044
@/home/ec2-user/data/topics/4622 1045
@/home/ec2-user/data/topics/4805 1046
@/home/ec2-user/data/topics/4046 1047
@/home/ec2-user/data/topics/3421 1048
@/home/ec2-user/data/topics/3710 1049
@/home/ec2-user/data/topics/4423 1050
@/home/ec2-user/data/topics/1028 1051
@/home/ec2-user/data/topics/4656 1052
富士写真フイルム株式会社

@/home/ec2-user/data/topics/2134 1053
@/home/ec2-user/data/topics/1662 1053
@/home/ec2-user/data/topics/1244 1054
@/home/ec2-user/data/topics/1603 1055
@/home/ec2-user/data/topics/4962 1056
@/home/ec2-user/data/topics/3857 1057
@/home/ec2-user/data/topics/3447 1058
@/home/ec2-user/data/topics/3354 1059
@/home/ec2-user/data/topics/3918 1060
@/home/ec2-user/data/topics/3911 1061
@/home/ec2-user/data/topics/1570 1062
京セラ株式会社

@/home/ec2-user/data/topics/3593 1063
@/home/ec2-user/data/topics/1485 1063
@/home/ec2-user/data/topics/3741 1064
@/home/ec2-user/data/topics/4901 1065
@/home/ec2-user/data/topics/4031 1066
@/home/ec2-user/data/topics/1741 1067
@/home/ec2-user/data/topics/4513 1068
@/home/ec2-user/data/topics/3615 1069
@/home/ec2-user/data/topics/1708 1070
@/home/ec2-user/data/topics/3869 1071
@/home/ec2-user/data/topics/1913 1072
@/home/ec2-user/data/topics/4340 1073
イビデン株式会社

@/home/ec2-user/data/topics/2033 1074
@/home/ec2-user/data/topics/1336 1074
@/home/ec2-user/data/topics/1770 1075
@/home/ec2-user/data/topics/1682 1076
@/home/ec2-user/data/topics/1952 1077
@/home/ec2-user/data/topics/3814 1078
@/home/ec2-user/data/topics/1315 1079
株式会社東芝

@/home/ec2-user/data/topics/1819 1080
@/home/ec2-user/data/topics/4183 1080
@/home/ec2-user/data/topics/1585 1081
@/home/ec2-user/data/topics/4165 1082
@/home/ec2-user/data/topics/4623 1083
@/home/ec2-user/data/topics/4140 1084
@/home/ec2-user/data/topics/3851 1085
@/home/ec2-user/data/topics/3990 1086
@/home/ec2-user/data/topics/1090 1087
@/home/ec2-user/data/topics/4509 1088
@/home/ec2-user/data/topics/3360 1089
@/home/ec2-user/data/topics/4912 1090
@/home/ec2-user/data/topics/4381 1091
@/home/ec2-user/data/topics/3380 1092
@/home/ec2-user/data/topics/3683 1093
@/home/ec2-user/data/topics/3734 1094
@/home/ec2-user/data/topics/4089 1095
@/home/ec2-user/data/topics/3834 1096
@/home/ec2-user/data/topics/1997 1097
@/home/ec2-user/data/topics/4361 1098
@/home/ec2-user/data/topics/3780 1099
@/home/ec2-user/data/topics/3352 1100
@/home/ec2-user/data/topics/3618 1101
@/home/ec2-user/data/topics/4755 1102
@/home/ec2-user/data/topics/4197 1103
@/home/ec2-user/data/topics/4009 1104
@/home/ec2-user/data/topics/4842 1105
@/home/ec2-user/data/topics/1757 1106
@/home/ec2-user/data/topics/4594 1107
@/home/ec2-user/data/topics/3598 1108
@/home/ec2-user/data/topics/1332 1109
@/home/ec2-user/data/topics/4863 1110
@/home/ec2-user/data/topics/4881 1111
@/home/ec2-user/data/topics/4631 1112
@/home/ec2-user/data/topics/4302 1113
@/home/ec2-user/data/topics/3462 1114
@/home/ec2-user/data/topics/1205 1115
@/home/ec2-user/data/topics/3689 1116
@/home/ec2-user/data/topics/4535 1117
@/home/ec2-user/data/topics/4172 1118
@/home/ec2-user/data/topics/4057 1119
@/home/ec2-user/data/topics/3890 1120
@/home/ec2-user/data/topics/3881 1121
@/home/ec2-user/data/topics/3732 1122
@/home/ec2-user/data/topics/3363 1123
@/home/ec2-user/data/topics/3795 1124
@/home/ec2-user/data/topics/3542 1125
@/home/ec2-user/data/topics/4751 1126
@/home/ec2-user/data/topics/1132 1127
@/home/ec2-user/data/topics/3948 1128
@/home/ec2-user/data/topics/1756 1129
@/home/ec2-user/data/topics/3716 1130
@/home/ec2-user/data/topics/4566 1131
@/home/ec2-user/data/topics/4935 1132
@/home/ec2-user/data/topics/2241 1133
@/home/ec2-user/data/topics/4096 1134
@/home/ec2-user/data/topics/3688 1135
@/home/ec2-user/data/topics/4292 1136
@/home/ec2-user/data/topics/3988 1137
@/home/ec2-user/data/topics/4336 1138
@/home/ec2-user/data/topics/3351 1139
ヤマハ株式会社

@/home/ec2-user/data/topics/4177 1140
@/home/ec2-user/data/topics/4145 1140
@/home/ec2-user/data/topics/1911 1141
@/home/ec2-user/data/topics/4125 1142
@/home/ec2-user/data/topics/4919 1143
@/home/ec2-user/data/topics/1443 1144
@/home/ec2-user/data/topics/4010 1145
@/home/ec2-user/data/topics/4954 1146
@/home/ec2-user/data/topics/1720 1147
@/home/ec2-user/data/topics/3972 1148
@/home/ec2-user/data/topics/1676 1149
@/home/ec2-user/data/topics/4084 1150
@/home/ec2-user/data/topics/4045 1151
東洋紡績株式会社

@/home/ec2-user/data/topics/4362 1152
@/home/ec2-user/data/topics/1613 1152
@/home/ec2-user/data/topics/3769 1153
@/home/ec2-user/data/topics/4366 1154
@/home/ec2-user/data/topics/4284 1155
@/home/ec2-user/data/topics/1029 1156
三菱化学株式会社

@/home/ec2-user/data/topics/3513 1157
@/home/ec2-user/data/topics/1699 1157
@/home/ec2-user/data/topics/3638 1158
@/home/ec2-user/data/topics/3458 1159
@/home/ec2-user/data/topics/1197 1160
@/home/ec2-user/data/topics/1902 1161
カシオ計算機株式会社

@/home/ec2-user/data/topics/1794 1162
@/home/ec2-user/data/topics/1535 1162
@/home/ec2-user/data/topics/1235 1163
@/home/ec2-user/data/topics/1368 1164
@/home/ec2-user/data/topics/2237 1165
@/home/ec2-user/data/topics/2180 1166
@/home/ec2-user/data/topics/1047 1167
@/home/ec2-user/data/topics/3391 1168
コナミ株式会社

@/home/ec2-user/data/topics/5015 1169
@/home/ec2-user/data/topics/2100 1169
@/home/ec2-user/data/topics/1621 1170
@/home/ec2-user/data/topics/1302 1171
@/home/ec2-user/data/topics/1672 1172
@/home/ec2-user/data/topics/2151 1173
@/home/ec2-user/data/topics/4681 1174
@/home/ec2-user/data/topics/4602 1175
大日本スクリーン製造株式会社

@/home/ec2-user/data/topics/2209 1176
@/home/ec2-user/data/topics/2172 1176
@/home/ec2-user/data/topics/1608 1177
@/home/ec2-user/data/topics/1779 1178
@/home/ec2-user/data/topics/3742 1179
@/home/ec2-user/data/topics/1173 1180
@/home/ec2-user/data/topics/1130 1181
オムロン株式会社

@/home/ec2-user/data/topics/3700 1182
@/home/ec2-user/data/topics/1657 1182
@/home/ec2-user/data/topics/1135 1183
@/home/ec2-user/data/topics/3863 1184
@/home/ec2-user/data/topics/1579 1185
@/home/ec2-user/data/topics/4771 1186
@/home/ec2-user/data/topics/1533 1187
@/home/ec2-user/data/topics/1151 1188
@/home/ec2-user/data/topics/3597 1189
@/home/ec2-user/data/topics/3594 1190
@/home/ec2-user/data/topics/1841 1191
@/home/ec2-user/data/topics/1933 1192
@/home/ec2-user/data/topics/3748 1193
@/home/ec2-user/data/topics/1067 1194
@/home/ec2-user/data/topics/2096 1195
株式会社日立製作所

@/home/ec2-user/data/topics/5029 1196
@/home/ec2-user/data/topics/1693 1196
@/home/ec2-user/data/topics/4830 1197
@/home/ec2-user/data/topics/1249 1198
@/home/ec2-user/data/topics/2184 1199
@/home/ec2-user/data/topics/3524 1200
@/home/ec2-user/data/topics/2239 1201
@/home/ec2-user/data/topics/3384 1202
@/home/ec2-user/data/topics/3706 1203
@/home/ec2-user/data/topics/2019 1204
@/home/ec2-user/data/topics/3588 1205
@/home/ec2-user/data/topics/1487 1206
@/home/ec2-user/data/topics/3822 1207
@/home/ec2-user/data/topics/1463 1208
@/home/ec2-user/data/topics/1826 1209
@/home/ec2-user/data/topics/3596 1210
@/home/ec2-user/data/topics/3350 1211
@/home/ec2-user/data/topics/1501 1212
@/home/ec2-user/data/topics/4401 1213
@/home/ec2-user/data/topics/4166 1214
@/home/ec2-user/data/topics/4990 1215
@/home/ec2-user/data/topics/4547 1216
@/home/ec2-user/data/topics/4040 1217
@/home/ec2-user/data/topics/4489 1218
@/home/ec2-user/data/topics/4551 1219
@/home/ec2-user/data/topics/3471 1220
@/home/ec2-user/data/topics/3779 1221
@/home/ec2-user/data/topics/2081 1222
@/home/ec2-user/data/topics/1667 1223
@/home/ec2-user/data/topics/4493 1224
@/home/ec2-user/data/topics/1247 1225
@/home/ec2-user/data/topics/1105 1226
@/home/ec2-user/data/topics/1072 1227
@/home/ec2-user/data/topics/3432 1228
@/home/ec2-user/data/topics/3488 1229
@/home/ec2-user/data/topics/1334 1230
@/home/ec2-user/data/topics/3461 1231
@/home/ec2-user/data/topics/4621 1232
@/home/ec2-user/data/topics/1987 1233
@/home/ec2-user/data/topics/1880 1234
@/home/ec2-user/data/topics/3599 1235
@/home/ec2-user/data/topics/3440 1236
@/home/ec2-user/data/topics/1278 1237
@/home/ec2-user/data/topics/1296 1238
@/home/ec2-user/data/topics/3439 1239
@/home/ec2-user/data/topics/3665 1240
@/home/ec2-user/data/topics/4402 1241
@/home/ec2-user/data/topics/4799 1242
@/home/ec2-user/data/topics/4545 1243
@/home/ec2-user/data/topics/5030 1244
@/home/ec2-user/data/topics/1562 1245
@/home/ec2-user/data/topics/1640 1246
@/home/ec2-user/data/topics/3772 1247
@/home/ec2-user/data/topics/3968 1248
@/home/ec2-user/data/topics/1882 1249
@/home/ec2-user/data/topics/3965 1250
@/home/ec2-user/data/topics/1340 1251
@/home/ec2-user/data/topics/3691 1252
@/home/ec2-user/data/topics/3648 1253
@/home/ec2-user/data/topics/4058 1254
@/home/ec2-user/data/topics/4559 1255
@/home/ec2-user/data/topics/1651 1256
@/home/ec2-user/data/topics/1082 1257
@/home/ec2-user/data/topics/1833 1258
@/home/ec2-user/data/topics/4122 1259
@/home/ec2-user/data/topics/1825 1260
@/home/ec2-user/data/topics/4943 1261
@/home/ec2-user/data/topics/3570 1262
@/home/ec2-user/data/topics/3973 1263
@/home/ec2-user/data/topics/3531 1264
@/home/ec2-user/data/topics/3993 1265
@/home/ec2-user/data/topics/3659 1266
@/home/ec2-user/data/topics/4420 1267
@/home/ec2-user/data/topics/3994 1268
凸版印刷株式会社

@/home/ec2-user/data/topics/1091 1269
@/home/ec2-user/data/topics/4874 1269
@/home/ec2-user/data/topics/1765 1270
@/home/ec2-user/data/topics/3624 1271
@/home/ec2-user/data/topics/1977 1272
@/home/ec2-user/data/topics/3500 1273
@/home/ec2-user/data/topics/3526 1274
株式会社ノーリツ

@/home/ec2-user/data/topics/2116 1275
@/home/ec2-user/data/topics/4354 1275
@/home/ec2-user/data/topics/4776 1276
@/home/ec2-user/data/topics/1618 1277
@/home/ec2-user/data/topics/1760 1278
@/home/ec2-user/data/topics/1290 1279
@/home/ec2-user/data/topics/4206 1280
@/home/ec2-user/data/topics/1598 1281
川崎重工業株式会社

@/home/ec2-user/data/topics/4944 1282
@/home/ec2-user/data/topics/4793 1282
@/home/ec2-user/data/topics/4866 1283
@/home/ec2-user/data/topics/1172 1284
@/home/ec2-user/data/topics/4572 1285
@/home/ec2-user/data/topics/5025 1286
@/home/ec2-user/data/topics/1162 1287
@/home/ec2-user/data/topics/4756 1288
ティーディーケイ株式会社

@/home/ec2-user/data/topics/1129 1289
@/home/ec2-user/data/topics/1409 1289
@/home/ec2-user/data/topics/4619 1290
@/home/ec2-user/data/topics/2210 1291
@/home/ec2-user/data/topics/3792 1292
@/home/ec2-user/data/topics/1510 1293
@/home/ec2-user/data/topics/2202 1294
@/home/ec2-user/data/topics/3798 1295
@/home/ec2-user/data/topics/3909 1296
京セラミタ株式会社

@/home/ec2-user/data/topics/2141 1297
@/home/ec2-user/data/topics/1930 1297
@/home/ec2-user/data/topics/4174 1298
@/home/ec2-user/data/topics/4973 1299
@/home/ec2-user/data/topics/1032 1300
@/home/ec2-user/data/topics/4564 1301
@/home/ec2-user/data/topics/4985 1302
株式会社クボタ

@/home/ec2-user/data/topics/4745 1303
@/home/ec2-user/data/topics/1012 1303
@/home/ec2-user/data/topics/3823 1304
@/home/ec2-user/data/topics/1280 1305
@/home/ec2-user/data/topics/1448 1306
@/home/ec2-user/data/topics/3854 1307
@/home/ec2-user/data/topics/3919 1308
@/home/ec2-user/data/topics/4251 1309
@/home/ec2-user/data/topics/4379 1310
@/home/ec2-user/data/topics/1734 1311
シャープ株式会社

@/home/ec2-user/data/topics/1154 1312
@/home/ec2-user/data/topics/1840 1312
@/home/ec2-user/data/topics/3537 1313
@/home/ec2-user/data/topics/3793 1314
@/home/ec2-user/data/topics/4469 1315
@/home/ec2-user/data/topics/1174 1316
@/home/ec2-user/data/topics/3813 1317
@/home/ec2-user/data/topics/3649 1318
@/home/ec2-user/data/topics/3678 1319
@/home/ec2-user/data/topics/1209 1320
@/home/ec2-user/data/topics/4683 1321
@/home/ec2-user/data/topics/4519 1322
@/home/ec2-user/data/topics/3966 1323
@/home/ec2-user/data/topics/3422 1324
@/home/ec2-user/data/topics/2087 1325
@/home/ec2-user/data/topics/2084 1326
@/home/ec2-user/data/topics/3679 1327
@/home/ec2-user/data/topics/3777 1328
@/home/ec2-user/data/topics/4648 1329
@/home/ec2-user/data/topics/4019 1330
@/home/ec2-user/data/topics/3871 1331
@/home/ec2-user/data/topics/1288 1332
@/home/ec2-user/data/topics/3981 1333
@/home/ec2-user/data/topics/3855 1334
@/home/ec2-user/data/topics/4516 1335
@/home/ec2-user/data/topics/1396 1336
@/home/ec2-user/data/topics/4124 1337
@/home/ec2-user/data/topics/2118 1338
@/home/ec2-user/data/topics/4861 1339
@/home/ec2-user/data/topics/3858 1340
@/home/ec2-user/data/topics/3698 1341
@/home/ec2-user/data/topics/3832 1342
@/home/ec2-user/data/topics/4263 1343
@/home/ec2-user/data/topics/3606 1344
@/home/ec2-user/data/topics/4214 1345
@/home/ec2-user/data/topics/4103 1346
@/home/ec2-user/data/topics/1318 1347
@/home/ec2-user/data/topics/4152 1348
@/home/ec2-user/data/topics/4323 1349
@/home/ec2-user/data/topics/3760 1350
@/home/ec2-user/data/topics/3957 1351
@/home/ec2-user/data/topics/3610 1352
@/home/ec2-user/data/topics/1431 1353
@/home/ec2-user/data/topics/4430 1354
@/home/ec2-user/data/topics/4583 1355
@/home/ec2-user/data/topics/1561 1356
@/home/ec2-user/data/topics/4744 1357
@/home/ec2-user/data/topics/3452 1358
@/home/ec2-user/data/topics/3895 1359
@/home/ec2-user/data/topics/4113 1360
@/home/ec2-user/data/topics/4095 1361
@/home/ec2-user/data/topics/4105 1362
@/home/ec2-user/data/topics/4173 1363
@/home/ec2-user/data/topics/1970 1364
@/home/ec2-user/data/topics/3450 1365
@/home/ec2-user/data/topics/4782 1366
@/home/ec2-user/data/topics/2020 1367
@/home/ec2-user/data/topics/1685 1368
@/home/ec2-user/data/topics/4349 1369
@/home/ec2-user/data/topics/4256 1370
@/home/ec2-user/data/topics/1258 1371
@/home/ec2-user/data/topics/4691 1372
@/home/ec2-user/data/topics/3578 1373
@/home/ec2-user/data/topics/1965 1374
@/home/ec2-user/data/topics/3673 1375
@/home/ec2-user/data/topics/1563 1376
@/home/ec2-user/data/topics/4005 1377
@/home/ec2-user/data/topics/1349 1378
@/home/ec2-user/data/topics/4245 1379
@/home/ec2-user/data/topics/3762 1380
@/home/ec2-user/data/topics/1419 1381
@/home/ec2-user/data/topics/4252 1382
@/home/ec2-user/data/topics/4230 1383
@/home/ec2-user/data/topics/1384 1384
@/home/ec2-user/data/topics/3776 1385
@/home/ec2-user/data/topics/3978 1386
@/home/ec2-user/data/topics/4127 1387
@/home/ec2-user/data/topics/4717 1388
@/home/ec2-user/data/topics/3941 1389
@/home/ec2-user/data/topics/4228 1390
@/home/ec2-user/data/topics/1804 1391
日本輸送機株式会社

@/home/ec2-user/data/topics/1456 1392
@/home/ec2-user/data/topics/3573 1392
@/home/ec2-user/data/topics/1191 1393
@/home/ec2-user/data/topics/2065 1394
@/home/ec2-user/data/topics/1940 1395
@/home/ec2-user/data/topics/2221 1396
@/home/ec2-user/data/topics/1108 1397
@/home/ec2-user/data/topics/1493 1398
東京エレクトロン株式会社

@/home/ec2-user/data/topics/4002 1399
@/home/ec2-user/data/topics/4023 1399
@/home/ec2-user/data/topics/3947 1400
@/home/ec2-user/data/topics/1800 1401
@/home/ec2-user/data/topics/1263 1402
@/home/ec2-user/data/topics/4702 1403
@/home/ec2-user/data/topics/1736 1404
@/home/ec2-user/data/topics/4345 1405
@/home/ec2-user/data/topics/4053 1406
@/home/ec2-user/data/topics/4618 1407
@/home/ec2-user/data/topics/1508 1408
@/home/ec2-user/data/topics/4906 1409
株式会社村田製作所

@/home/ec2-user/data/topics/4432 1410
@/home/ec2-user/data/topics/4042 1410
@/home/ec2-user/data/topics/4795 1411
@/home/ec2-user/data/topics/4703 1412
@/home/ec2-user/data/topics/1411 1413
@/home/ec2-user/data/topics/4163 1414
@/home/ec2-user/data/topics/4271 1415
@/home/ec2-user/data/topics/4417 1416
@/home/ec2-user/data/topics/4325 1417
@/home/ec2-user/data/topics/1374 1418
@/home/ec2-user/data/topics/2229 1419
@/home/ec2-user/data/topics/4378 1420
@/home/ec2-user/data/topics/3435 1421
@/home/ec2-user/data/topics/3697 1422
@/home/ec2-user/data/topics/4070 1423
@/home/ec2-user/data/topics/3482 1424
@/home/ec2-user/data/topics/3885 1425
日本電信電話株式会社

@/home/ec2-user/data/topics/1787 1426
@/home/ec2-user/data/topics/3641 1426
@/home/ec2-user/data/topics/4175 1427
@/home/ec2-user/data/topics/4964 1428
@/home/ec2-user/data/topics/4232 1429
@/home/ec2-user/data/topics/4965 1430
@/home/ec2-user/data/topics/4664 1431
@/home/ec2-user/data/topics/4560 1432
@/home/ec2-user/data/topics/4511 1433
@/home/ec2-user/data/topics/4104 1434
@/home/ec2-user/data/topics/4114 1435
@/home/ec2-user/data/topics/2017 1436
@/home/ec2-user/data/topics/4335 1437
@/home/ec2-user/data/topics/4118 1438
@/home/ec2-user/data/topics/4916 1439
@/home/ec2-user/data/topics/3928 1440
@/home/ec2-user/data/topics/1408 1441
@/home/ec2-user/data/topics/4121 1442
@/home/ec2-user/data/topics/4925 1443
@/home/ec2-user/data/topics/1809 1444
@/home/ec2-user/data/topics/3811 1445
@/home/ec2-user/data/topics/3915 1446
@/home/ec2-user/data/topics/3425 1447
@/home/ec2-user/data/topics/3824 1448
@/home/ec2-user/data/topics/4087 1449
@/home/ec2-user/data/topics/3785 1450
@/home/ec2-user/data/topics/3552 1451
@/home/ec2-user/data/topics/4131 1452
@/home/ec2-user/data/topics/3894 1453
@/home/ec2-user/data/topics/3650 1454
@/home/ec2-user/data/topics/3536 1455
@/home/ec2-user/data/topics/1042 1456
@/home/ec2-user/data/topics/1229 1457
@/home/ec2-user/data/topics/4208 1458
@/home/ec2-user/data/topics/4836 1459
@/home/ec2-user/data/topics/3521 1460
@/home/ec2-user/data/topics/2130 1461
@/home/ec2-user/data/topics/4870 1462
@/home/ec2-user/data/topics/1556 1463
@/home/ec2-user/data/topics/4952 1464
@/home/ec2-user/data/topics/4115 1465
@/home/ec2-user/data/topics/4505 1466
@/home/ec2-user/data/topics/4443 1467
@/home/ec2-user/data/topics/3568 1468
@/home/ec2-user/data/topics/4865 1469
@/home/ec2-user/data/topics/3544 1470
@/home/ec2-user/data/topics/3509 1471
@/home/ec2-user/data/topics/1934 1472
@/home/ec2-user/data/topics/3359 1473
@/home/ec2-user/data/topics/4488 1474
@/home/ec2-user/data/topics/3586 1475
@/home/ec2-user/data/topics/1230 1476
@/home/ec2-user/data/topics/3927 1477
@/home/ec2-user/data/topics/4792 1478
@/home/ec2-user/data/topics/4025 1479
@/home/ec2-user/data/topics/4146 1480
日本鋼管株式会社

@/home/ec2-user/data/topics/1690 1481
@/home/ec2-user/data/topics/3572 1481
@/home/ec2-user/data/topics/1404 1482
@/home/ec2-user/data/topics/4289 1483
@/home/ec2-user/data/topics/4455 1484
@/home/ec2-user/data/topics/4161 1485
@/home/ec2-user/data/topics/2095 1486
株式会社神戸製鋼所

@/home/ec2-user/data/topics/3475 1487
@/home/ec2-user/data/topics/3674 1487
@/home/ec2-user/data/topics/3632 1488
@/home/ec2-user/data/topics/2064 1489
@/home/ec2-user/data/topics/1465 1490
@/home/ec2-user/data/topics/3902 1491
@/home/ec2-user/data/topics/4949 1492
株式会社ケンウッド

@/home/ec2-user/data/topics/1115 1493
@/home/ec2-user/data/topics/1345 1493
@/home/ec2-user/data/topics/1896 1494
@/home/ec2-user/data/topics/1698 1495
@/home/ec2-user/data/topics/3878 1496
@/home/ec2-user/data/topics/4038 1497
@/home/ec2-user/data/topics/2163 1498
@/home/ec2-user/data/topics/1186 1499
@/home/ec2-user/data/topics/4467 1500
@/home/ec2-user/data/topics/2036 1501
@/home/ec2-user/data/topics/1617 1502
@/home/ec2-user/data/topics/3463 1503
@/home/ec2-user/data/topics/3969 1504
@/home/ec2-user/data/topics/1241 1505
@/home/ec2-user/data/topics/4050 1506
@/home/ec2-user/data/topics/3794 1507
@/home/ec2-user/data/topics/3977 1508
@/home/ec2-user/data/topics/4167 1509
@/home/ec2-user/data/topics/1424 1510
@/home/ec2-user/data/topics/3839 1511
@/home/ec2-user/data/topics/3801 1512
東陶機器株式会社

@/home/ec2-user/data/topics/1735 1513
@/home/ec2-user/data/topics/3583 1513
@/home/ec2-user/data/topics/2135 1514
@/home/ec2-user/data/topics/1692 1515
@/home/ec2-user/data/topics/1626 1516
@/home/ec2-user/data/topics/3821 1517
本田技研工業株式会社

@/home/ec2-user/data/topics/1605 1518
@/home/ec2-user/data/topics/5026 1518
@/home/ec2-user/data/topics/4199 1519
@/home/ec2-user/data/topics/4331 1520
@/home/ec2-user/data/topics/3685 1521
@/home/ec2-user/data/topics/1822 1522
@/home/ec2-user/data/topics/4888 1523
@/home/ec2-user/data/topics/4033 1524
@/home/ec2-user/data/topics/2016 1525
@/home/ec2-user/data/topics/4132 1526
@/home/ec2-user/data/topics/1215 1527
@/home/ec2-user/data/topics/1444 1528
@/home/ec2-user/data/topics/1266 1529
@/home/ec2-user/data/topics/1143 1530
@/home/ec2-user/data/topics/4783 1531
@/home/ec2-user/data/topics/1226 1532
@/home/ec2-user/data/topics/1818 1533
@/home/ec2-user/data/topics/2000 1534
@/home/ec2-user/data/topics/4375 1535
新日本製鐵株式会社

@/home/ec2-user/data/topics/3368 1536
@/home/ec2-user/data/topics/4472 1536
@/home/ec2-user/data/topics/3663 1537
@/home/ec2-user/data/topics/3899 1538
@/home/ec2-user/data/topics/5008 1539
@/home/ec2-user/data/topics/3861 1540
松下電工株式会社

@/home/ec2-user/data/topics/3565 1541
@/home/ec2-user/data/topics/4029 1541
@/home/ec2-user/data/topics/3932 1542
@/home/ec2-user/data/topics/4347 1543
@/home/ec2-user/data/topics/4094 1544
@/home/ec2-user/data/topics/1311 1545
@/home/ec2-user/data/topics/3778 1546
@/home/ec2-user/data/topics/2045 1547
@/home/ec2-user/data/topics/3549 1548
@/home/ec2-user/data/topics/3670 1549
@/home/ec2-user/data/topics/1011 1550
@/home/ec2-user/data/topics/4083 1551
@/home/ec2-user/data/topics/3511 1552
@/home/ec2-user/data/topics/3835 1553
@/home/ec2-user/data/topics/4317 1554
@/home/ec2-user/data/topics/4592 1555
@/home/ec2-user/data/topics/1803 1556
@/home/ec2-user/data/topics/3379 1557
@/home/ec2-user/data/topics/4012 1558
@/home/ec2-user/data/topics/4450 1559
@/home/ec2-user/data/topics/1251 1560
@/home/ec2-user/data/topics/3651 1561
usernum: 72
hit: 998
simhit: 1185
simmax: 0.726260738409
simmin: 0.0
simavg: 0.204045303588
dlmax: 0.11007218156
dlmin: 0.0053353745295
dlavg: 0.0324479750802
mthit: 1270
mthls: 43
srp: 519.356
total: 1562
hit/total: 0.638924455826
simhit/total: 0.758642765685
mthit/(total+usernum): 0.77723378213
mthls/(total+usernum): 0.0263157894737
srp/(total+usernum): 0.105947776418
srp20/(total+usernum): 0.0333843329253
srp100/(total+usernum): 0.0648796409629
srp500/(total+usernum): 0.0918135454916

2016-12-22 16:32:40.798618
