2016-12-23 10:17:48.905682

topic-folder:/home/ec2-user/data/topics/
cl-file:/home/ec2-user/git/tfidf/result-new/b1-0.txt
cl-floder:/home/ec2-user/data/classinfo/
zipf:0.6
stype[0(tfidf)/1(tfidf2)/2(lsa)/3(lda)]:1
dtype[<0(diff*rand)/0(diff)/1(same)/>=2(diff*same)]:0
output-floder:/home/ec2-user/git/userquery/result

三菱マテリアル株式会社

@/home/ec2-user/data/topics/3546 0
@/home/ec2-user/data/topics/1085 0
@/home/ec2-user/data/topics/3470 1
@/home/ec2-user/data/topics/2093 2
@/home/ec2-user/data/topics/3866 3
@/home/ec2-user/data/topics/1638 4
@/home/ec2-user/data/topics/3520 5
@/home/ec2-user/data/topics/3630 6
日本精機株式会社

@/home/ec2-user/data/topics/4907 7
@/home/ec2-user/data/topics/4875 7
@/home/ec2-user/data/topics/4690 8
@/home/ec2-user/data/topics/4709 9
@/home/ec2-user/data/topics/1398 10
@/home/ec2-user/data/topics/4972 11
コニカ株式会社

@/home/ec2-user/data/topics/3418 12
@/home/ec2-user/data/topics/3486 12
@/home/ec2-user/data/topics/3370 13
@/home/ec2-user/data/topics/3357 14
@/home/ec2-user/data/topics/3431 15
@/home/ec2-user/data/topics/3533 16
@/home/ec2-user/data/topics/2162 17
@/home/ec2-user/data/topics/3426 18
@/home/ec2-user/data/topics/3414 19
@/home/ec2-user/data/topics/3419 20
@/home/ec2-user/data/topics/1946 21
埼玉日本電気株式会社

@/home/ec2-user/data/topics/1620 22
@/home/ec2-user/data/topics/4496 22
@/home/ec2-user/data/topics/1512 23
@/home/ec2-user/data/topics/4468 24
@/home/ec2-user/data/topics/4279 25
@/home/ec2-user/data/topics/4242 26
@/home/ec2-user/data/topics/4998 27
@/home/ec2-user/data/topics/5010 28
@/home/ec2-user/data/topics/4283 29
アルプス電気株式会社

@/home/ec2-user/data/topics/4791 30
@/home/ec2-user/data/topics/1434 30
@/home/ec2-user/data/topics/3429 31
@/home/ec2-user/data/topics/2012 32
@/home/ec2-user/data/topics/1253 33
@/home/ec2-user/data/topics/3582 34
@/home/ec2-user/data/topics/2089 35
三菱重工業株式会社

@/home/ec2-user/data/topics/4687 36
@/home/ec2-user/data/topics/3944 36
@/home/ec2-user/data/topics/3637 37
@/home/ec2-user/data/topics/4882 38
@/home/ec2-user/data/topics/3503 39
@/home/ec2-user/data/topics/4862 40
@/home/ec2-user/data/topics/4412 41
@/home/ec2-user/data/topics/3529 42
@/home/ec2-user/data/topics/4563 43
@/home/ec2-user/data/topics/5022 44
@/home/ec2-user/data/topics/3591 45
@/home/ec2-user/data/topics/3833 46
村田機械株式会社

@/home/ec2-user/data/topics/1293 47
@/home/ec2-user/data/topics/3528 47
@/home/ec2-user/data/topics/4638 48
@/home/ec2-user/data/topics/4556 49
@/home/ec2-user/data/topics/4570 50
@/home/ec2-user/data/topics/4441 51
@/home/ec2-user/data/topics/1607 52
@/home/ec2-user/data/topics/4565 53
@/home/ec2-user/data/topics/1074 54
@/home/ec2-user/data/topics/4596 55
@/home/ec2-user/data/topics/1511 56
@/home/ec2-user/data/topics/4746 57
@/home/ec2-user/data/topics/3740 58
@/home/ec2-user/data/topics/4941 59
@/home/ec2-user/data/topics/4835 60
@/home/ec2-user/data/topics/4645 61
@/home/ec2-user/data/topics/5000 62
川崎製鉄株式会社

@/home/ec2-user/data/topics/3611 63
@/home/ec2-user/data/topics/3929 63
@/home/ec2-user/data/topics/1037 64
@/home/ec2-user/data/topics/3532 65
@/home/ec2-user/data/topics/4615 66
@/home/ec2-user/data/topics/3413 67
@/home/ec2-user/data/topics/1459 68
@/home/ec2-user/data/topics/3483 69
@/home/ec2-user/data/topics/3553 70
ダイキン工業株式会社

@/home/ec2-user/data/topics/4858 71
@/home/ec2-user/data/topics/4515 71
@/home/ec2-user/data/topics/4845 72
@/home/ec2-user/data/topics/4701 73
@/home/ec2-user/data/topics/3888 74
@/home/ec2-user/data/topics/1600 75
@/home/ec2-user/data/topics/4753 76
@/home/ec2-user/data/topics/4367 77
@/home/ec2-user/data/topics/1565 78
@/home/ec2-user/data/topics/4734 79
@/home/ec2-user/data/topics/4400 80
三菱自動車工業株式会社

@/home/ec2-user/data/topics/2101 81
@/home/ec2-user/data/topics/3940 81
@/home/ec2-user/data/topics/3502 82
@/home/ec2-user/data/topics/1428 83
@/home/ec2-user/data/topics/4189 84
@/home/ec2-user/data/topics/3815 85
@/home/ec2-user/data/topics/1527 86
@/home/ec2-user/data/topics/1816 87
日産自動車株式会社

@/home/ec2-user/data/topics/3829 88
@/home/ec2-user/data/topics/3645 88
@/home/ec2-user/data/topics/3497 89
@/home/ec2-user/data/topics/3677 90
@/home/ec2-user/data/topics/4074 91
@/home/ec2-user/data/topics/3489 92
@/home/ec2-user/data/topics/3723 93
@/home/ec2-user/data/topics/3936 94
@/home/ec2-user/data/topics/3712 95
@/home/ec2-user/data/topics/3501 96
@/home/ec2-user/data/topics/4982 97
トヨタ自動車株式会社

@/home/ec2-user/data/topics/3587 98
@/home/ec2-user/data/topics/4647 98
@/home/ec2-user/data/topics/3405 99
@/home/ec2-user/data/topics/4543 100
@/home/ec2-user/data/topics/3783 101
@/home/ec2-user/data/topics/1494 102
@/home/ec2-user/data/topics/2218 103
@/home/ec2-user/data/topics/4767 104
@/home/ec2-user/data/topics/4658 105
@/home/ec2-user/data/topics/4298 106
@/home/ec2-user/data/topics/4920 107
@/home/ec2-user/data/topics/3671 108
@/home/ec2-user/data/topics/4064 109
@/home/ec2-user/data/topics/3943 110
@/home/ec2-user/data/topics/4426 111
@/home/ec2-user/data/topics/4633 112
@/home/ec2-user/data/topics/3481 113
@/home/ec2-user/data/topics/2111 114
@/home/ec2-user/data/topics/3356 115
@/home/ec2-user/data/topics/4144 116
@/home/ec2-user/data/topics/4008 117
@/home/ec2-user/data/topics/4346 118
@/home/ec2-user/data/topics/1551 119
@/home/ec2-user/data/topics/3758 120
@/home/ec2-user/data/topics/3731 121
@/home/ec2-user/data/topics/3725 122
@/home/ec2-user/data/topics/4617 123
@/home/ec2-user/data/topics/3699 124
@/home/ec2-user/data/topics/4030 125
オリンパス光学工業株式会社

@/home/ec2-user/data/topics/1155 126
@/home/ec2-user/data/topics/1107 126
@/home/ec2-user/data/topics/4007 127
@/home/ec2-user/data/topics/5006 128
@/home/ec2-user/data/topics/1869 129
@/home/ec2-user/data/topics/1739 130
@/home/ec2-user/data/topics/2026 131
@/home/ec2-user/data/topics/4878 132
@/home/ec2-user/data/topics/1981 133
@/home/ec2-user/data/topics/1586 134
@/home/ec2-user/data/topics/4013 135
@/home/ec2-user/data/topics/1835 136
ブラザー工業株式会社

@/home/ec2-user/data/topics/3789 137
@/home/ec2-user/data/topics/2086 137
@/home/ec2-user/data/topics/1300 138
@/home/ec2-user/data/topics/1183 139
@/home/ec2-user/data/topics/3686 140
@/home/ec2-user/data/topics/2085 141
@/home/ec2-user/data/topics/1697 142
@/home/ec2-user/data/topics/1636 143
@/home/ec2-user/data/topics/1164 144
@/home/ec2-user/data/topics/4548 145
@/home/ec2-user/data/topics/3507 146
@/home/ec2-user/data/topics/3613 147
@/home/ec2-user/data/topics/3477 148
@/home/ec2-user/data/topics/1076 149
@/home/ec2-user/data/topics/1906 150
富士通株式会社

@/home/ec2-user/data/topics/3883 151
@/home/ec2-user/data/topics/3970 151
@/home/ec2-user/data/topics/2216 152
@/home/ec2-user/data/topics/3870 153
@/home/ec2-user/data/topics/1123 154
@/home/ec2-user/data/topics/3846 155
@/home/ec2-user/data/topics/2227 156
@/home/ec2-user/data/topics/3636 157
@/home/ec2-user/data/topics/3749 158
@/home/ec2-user/data/topics/3962 159
@/home/ec2-user/data/topics/3428 160
@/home/ec2-user/data/topics/2215 161
@/home/ec2-user/data/topics/3399 162
@/home/ec2-user/data/topics/1271 163
@/home/ec2-user/data/topics/3850 164
@/home/ec2-user/data/topics/3802 165
@/home/ec2-user/data/topics/4191 166
@/home/ec2-user/data/topics/3765 167
@/home/ec2-user/data/topics/3538 168
@/home/ec2-user/data/topics/3381 169
@/home/ec2-user/data/topics/1998 170
@/home/ec2-user/data/topics/1547 171
@/home/ec2-user/data/topics/1264 172
@/home/ec2-user/data/topics/1874 173
@/home/ec2-user/data/topics/3862 174
@/home/ec2-user/data/topics/3912 175
@/home/ec2-user/data/topics/5004 176
@/home/ec2-user/data/topics/3400 177
@/home/ec2-user/data/topics/3751 178
@/home/ec2-user/data/topics/1609 179
@/home/ec2-user/data/topics/3799 180
@/home/ec2-user/data/topics/3460 181
静岡日本電気株式会社

@/home/ec2-user/data/topics/4250 182
@/home/ec2-user/data/topics/4314 182
@/home/ec2-user/data/topics/4326 183
@/home/ec2-user/data/topics/4365 184
@/home/ec2-user/data/topics/4507 185
@/home/ec2-user/data/topics/4531 186
住友重機械工業株式会社

@/home/ec2-user/data/topics/3952 187
@/home/ec2-user/data/topics/3868 187
@/home/ec2-user/data/topics/1373 188
@/home/ec2-user/data/topics/2039 189
@/home/ec2-user/data/topics/1019 190
@/home/ec2-user/data/topics/1553 191
@/home/ec2-user/data/topics/1900 192
@/home/ec2-user/data/topics/4854 193
@/home/ec2-user/data/topics/1505 194
大日本印刷株式会社

@/home/ec2-user/data/topics/1099 195
@/home/ec2-user/data/topics/3569 195
@/home/ec2-user/data/topics/1564 196
@/home/ec2-user/data/topics/1145 197
@/home/ec2-user/data/topics/1262 198
@/home/ec2-user/data/topics/3388 199
日本電気株式会社

@/home/ec2-user/data/topics/4418 200
@/home/ec2-user/data/topics/4721 200
@/home/ec2-user/data/topics/4760 201
@/home/ec2-user/data/topics/4093 202
@/home/ec2-user/data/topics/4940 203
@/home/ec2-user/data/topics/1612 204
@/home/ec2-user/data/topics/1852 205
@/home/ec2-user/data/topics/4665 206
@/home/ec2-user/data/topics/4247 207
@/home/ec2-user/data/topics/1773 208
@/home/ec2-user/data/topics/4824 209
@/home/ec2-user/data/topics/4728 210
@/home/ec2-user/data/topics/3897 211
@/home/ec2-user/data/topics/4204 212
@/home/ec2-user/data/topics/4062 213
@/home/ec2-user/data/topics/4699 214
@/home/ec2-user/data/topics/4278 215
@/home/ec2-user/data/topics/4429 216
@/home/ec2-user/data/topics/4186 217
@/home/ec2-user/data/topics/4530 218
@/home/ec2-user/data/topics/4081 219
@/home/ec2-user/data/topics/4092 220
@/home/ec2-user/data/topics/1948 221
@/home/ec2-user/data/topics/4490 222
@/home/ec2-user/data/topics/4272 223
@/home/ec2-user/data/topics/4320 224
@/home/ec2-user/data/topics/4785 225
@/home/ec2-user/data/topics/4154 226
@/home/ec2-user/data/topics/1879 227
@/home/ec2-user/data/topics/3956 228
@/home/ec2-user/data/topics/3865 229
@/home/ec2-user/data/topics/4129 230
@/home/ec2-user/data/topics/4816 231
@/home/ec2-user/data/topics/4770 232
@/home/ec2-user/data/topics/4644 233
@/home/ec2-user/data/topics/4838 234
@/home/ec2-user/data/topics/4650 235
@/home/ec2-user/data/topics/4486 236
@/home/ec2-user/data/topics/4926 237
@/home/ec2-user/data/topics/1791 238
@/home/ec2-user/data/topics/4532 239
@/home/ec2-user/data/topics/4404 240
@/home/ec2-user/data/topics/4100 241
@/home/ec2-user/data/topics/1815 242
@/home/ec2-user/data/topics/4657 243
@/home/ec2-user/data/topics/4238 244
@/home/ec2-user/data/topics/2150 245
@/home/ec2-user/data/topics/4808 246
@/home/ec2-user/data/topics/4595 247
@/home/ec2-user/data/topics/1595 248
@/home/ec2-user/data/topics/1764 249
@/home/ec2-user/data/topics/1101 250
@/home/ec2-user/data/topics/4185 251
@/home/ec2-user/data/topics/1844 252
@/home/ec2-user/data/topics/2041 253
@/home/ec2-user/data/topics/4651 254
@/home/ec2-user/data/topics/4877 255
@/home/ec2-user/data/topics/4273 256
@/home/ec2-user/data/topics/1624 257
@/home/ec2-user/data/topics/4017 258
@/home/ec2-user/data/topics/4343 259
@/home/ec2-user/data/topics/4393 260
@/home/ec2-user/data/topics/4216 261
@/home/ec2-user/data/topics/4288 262
@/home/ec2-user/data/topics/1364 263
@/home/ec2-user/data/topics/4689 264
@/home/ec2-user/data/topics/4427 265
@/home/ec2-user/data/topics/4446 266
@/home/ec2-user/data/topics/1044 267
@/home/ec2-user/data/topics/3724 268
@/home/ec2-user/data/topics/4533 269
@/home/ec2-user/data/topics/1078 270
@/home/ec2-user/data/topics/4209 271
@/home/ec2-user/data/topics/4598 272
@/home/ec2-user/data/topics/4440 273
@/home/ec2-user/data/topics/4718 274
@/home/ec2-user/data/topics/1523 275
@/home/ec2-user/data/topics/1100 276
@/home/ec2-user/data/topics/4310 277
@/home/ec2-user/data/topics/4497 278
@/home/ec2-user/data/topics/4338 279
@/home/ec2-user/data/topics/4162 280
@/home/ec2-user/data/topics/1557 281
@/home/ec2-user/data/topics/4388 282
@/home/ec2-user/data/topics/4460 283
@/home/ec2-user/data/topics/4260 284
@/home/ec2-user/data/topics/1199 285
@/home/ec2-user/data/topics/3853 286
@/home/ec2-user/data/topics/4682 287
@/home/ec2-user/data/topics/1016 288
@/home/ec2-user/data/topics/1867 289
@/home/ec2-user/data/topics/4666 290
@/home/ec2-user/data/topics/4134 291
@/home/ec2-user/data/topics/1923 292
@/home/ec2-user/data/topics/4244 293
@/home/ec2-user/data/topics/4300 294
@/home/ec2-user/data/topics/1710 295
@/home/ec2-user/data/topics/4138 296
@/home/ec2-user/data/topics/4646 297
@/home/ec2-user/data/topics/4442 298
@/home/ec2-user/data/topics/3886 299
@/home/ec2-user/data/topics/4082 300
@/home/ec2-user/data/topics/4158 301
@/home/ec2-user/data/topics/4352 302
@/home/ec2-user/data/topics/4359 303
@/home/ec2-user/data/topics/4775 304
@/home/ec2-user/data/topics/1360 305
@/home/ec2-user/data/topics/4725 306
@/home/ec2-user/data/topics/2022 307
@/home/ec2-user/data/topics/4120 308
@/home/ec2-user/data/topics/4071 309
@/home/ec2-user/data/topics/4742 310
@/home/ec2-user/data/topics/4458 311
@/home/ec2-user/data/topics/4480 312
@/home/ec2-user/data/topics/4168 313
@/home/ec2-user/data/topics/4281 314
@/home/ec2-user/data/topics/4578 315
@/home/ec2-user/data/topics/4342 316
@/home/ec2-user/data/topics/4128 317
@/home/ec2-user/data/topics/4257 318
@/home/ec2-user/data/topics/4309 319
@/home/ec2-user/data/topics/3954 320
@/home/ec2-user/data/topics/4389 321
@/home/ec2-user/data/topics/4603 322
@/home/ec2-user/data/topics/4390 323
@/home/ec2-user/data/topics/3767 324
@/home/ec2-user/data/topics/2119 325
@/home/ec2-user/data/topics/4759 326
@/home/ec2-user/data/topics/4003 327
@/home/ec2-user/data/topics/4315 328
@/home/ec2-user/data/topics/4227 329
@/home/ec2-user/data/topics/1891 330
@/home/ec2-user/data/topics/4613 331
@/home/ec2-user/data/topics/4850 332
@/home/ec2-user/data/topics/1500 333
@/home/ec2-user/data/topics/2088 334
@/home/ec2-user/data/topics/3971 335
@/home/ec2-user/data/topics/4398 336
@/home/ec2-user/data/topics/5034 337
@/home/ec2-user/data/topics/3744 338
@/home/ec2-user/data/topics/4097 339
@/home/ec2-user/data/topics/4902 340
@/home/ec2-user/data/topics/4313 341
@/home/ec2-user/data/topics/1464 342
@/home/ec2-user/data/topics/4425 343
@/home/ec2-user/data/topics/4626 344
@/home/ec2-user/data/topics/4447 345
@/home/ec2-user/data/topics/1112 346
@/home/ec2-user/data/topics/4258 347
@/home/ec2-user/data/topics/1281 348
@/home/ec2-user/data/topics/4536 349
@/home/ec2-user/data/topics/1634 350
@/home/ec2-user/data/topics/4643 351
@/home/ec2-user/data/topics/1457 352
@/home/ec2-user/data/topics/4275 353
@/home/ec2-user/data/topics/4537 354
@/home/ec2-user/data/topics/4371 355
@/home/ec2-user/data/topics/4153 356
@/home/ec2-user/data/topics/4750 357
@/home/ec2-user/data/topics/4764 358
@/home/ec2-user/data/topics/4243 359
@/home/ec2-user/data/topics/4434 360
@/home/ec2-user/data/topics/4276 361
@/home/ec2-user/data/topics/4433 362
@/home/ec2-user/data/topics/4240 363
@/home/ec2-user/data/topics/1567 364
@/home/ec2-user/data/topics/1362 365
@/home/ec2-user/data/topics/4414 366
@/home/ec2-user/data/topics/1937 367
@/home/ec2-user/data/topics/1928 368
@/home/ec2-user/data/topics/4119 369
@/home/ec2-user/data/topics/1383 370
@/home/ec2-user/data/topics/1973 371
@/home/ec2-user/data/topics/2144 372
@/home/ec2-user/data/topics/3875 373
@/home/ec2-user/data/topics/4659 374
@/home/ec2-user/data/topics/4236 375
@/home/ec2-user/data/topics/4267 376
@/home/ec2-user/data/topics/4485 377
@/home/ec2-user/data/topics/4749 378
@/home/ec2-user/data/topics/2127 379
@/home/ec2-user/data/topics/4254 380
@/home/ec2-user/data/topics/4196 381
@/home/ec2-user/data/topics/4137 382
@/home/ec2-user/data/topics/4892 383
@/home/ec2-user/data/topics/4876 384
@/home/ec2-user/data/topics/3995 385
@/home/ec2-user/data/topics/3766 386
@/home/ec2-user/data/topics/1326 387
@/home/ec2-user/data/topics/4549 388
@/home/ec2-user/data/topics/3896 389
@/home/ec2-user/data/topics/4116 390
@/home/ec2-user/data/topics/1052 391
@/home/ec2-user/data/topics/4063 392
@/home/ec2-user/data/topics/4609 393
@/home/ec2-user/data/topics/4142 394
@/home/ec2-user/data/topics/1486 395
@/home/ec2-user/data/topics/4319 396
@/home/ec2-user/data/topics/4696 397
@/home/ec2-user/data/topics/4561 398
@/home/ec2-user/data/topics/4360 399
@/home/ec2-user/data/topics/1122 400
@/home/ec2-user/data/topics/4779 401
@/home/ec2-user/data/topics/2031 402
@/home/ec2-user/data/topics/4318 403
@/home/ec2-user/data/topics/1116 404
@/home/ec2-user/data/topics/3938 405
@/home/ec2-user/data/topics/4634 406
@/home/ec2-user/data/topics/4708 407
@/home/ec2-user/data/topics/3729 408
@/home/ec2-user/data/topics/4192 409
@/home/ec2-user/data/topics/4584 410
@/home/ec2-user/data/topics/4477 411
@/home/ec2-user/data/topics/1661 412
@/home/ec2-user/data/topics/4207 413
@/home/ec2-user/data/topics/4246 414
@/home/ec2-user/data/topics/1724 415
@/home/ec2-user/data/topics/4171 416
@/home/ec2-user/data/topics/1783 417
@/home/ec2-user/data/topics/2166 418
松下電器産業株式会社

@/home/ec2-user/data/topics/4102 419
@/home/ec2-user/data/topics/1026 419
@/home/ec2-user/data/topics/4503 420
@/home/ec2-user/data/topics/4968 421
@/home/ec2-user/data/topics/4586 422
@/home/ec2-user/data/topics/2222 423
@/home/ec2-user/data/topics/4355 424
@/home/ec2-user/data/topics/4159 425
@/home/ec2-user/data/topics/1762 426
@/home/ec2-user/data/topics/4502 427
@/home/ec2-user/data/topics/2029 428
@/home/ec2-user/data/topics/4180 429
@/home/ec2-user/data/topics/4798 430
@/home/ec2-user/data/topics/4945 431
@/home/ec2-user/data/topics/1257 432
@/home/ec2-user/data/topics/4491 433
@/home/ec2-user/data/topics/1748 434
@/home/ec2-user/data/topics/2056 435
@/home/ec2-user/data/topics/4464 436
@/home/ec2-user/data/topics/3455 437
@/home/ec2-user/data/topics/3510 438
@/home/ec2-user/data/topics/3519 439
@/home/ec2-user/data/topics/4043 440
@/home/ec2-user/data/topics/4422 441
@/home/ec2-user/data/topics/2129 442
@/home/ec2-user/data/topics/4917 443
@/home/ec2-user/data/topics/1701 444
@/home/ec2-user/data/topics/1157 445
@/home/ec2-user/data/topics/1540 446
@/home/ec2-user/data/topics/3514 447
@/home/ec2-user/data/topics/1070 448
@/home/ec2-user/data/topics/3979 449
@/home/ec2-user/data/topics/5024 450
@/home/ec2-user/data/topics/4574 451
@/home/ec2-user/data/topics/4676 452
@/home/ec2-user/data/topics/1158 453
@/home/ec2-user/data/topics/4264 454
@/home/ec2-user/data/topics/4139 455
@/home/ec2-user/data/topics/3558 456
@/home/ec2-user/data/topics/4961 457
@/home/ec2-user/data/topics/4501 458
@/home/ec2-user/data/topics/4274 459
@/home/ec2-user/data/topics/3704 460
@/home/ec2-user/data/topics/4229 461
@/home/ec2-user/data/topics/4797 462
@/home/ec2-user/data/topics/4280 463
@/home/ec2-user/data/topics/1633 464
@/home/ec2-user/data/topics/3761 465
@/home/ec2-user/data/topics/1706 466
@/home/ec2-user/data/topics/3619 467
@/home/ec2-user/data/topics/4558 468
@/home/ec2-user/data/topics/3960 469
@/home/ec2-user/data/topics/1509 470
@/home/ec2-user/data/topics/1516 471
@/home/ec2-user/data/topics/3721 472
@/home/ec2-user/data/topics/1136 473
@/home/ec2-user/data/topics/4098 474
@/home/ec2-user/data/topics/1705 475
@/home/ec2-user/data/topics/4448 476
@/home/ec2-user/data/topics/4787 477
@/home/ec2-user/data/topics/3739 478
@/home/ec2-user/data/topics/4382 479
@/home/ec2-user/data/topics/4385 480
@/home/ec2-user/data/topics/5028 481
@/home/ec2-user/data/topics/3402 482
@/home/ec2-user/data/topics/2080 483
@/home/ec2-user/data/topics/4101 484
@/home/ec2-user/data/topics/3694 485
@/home/ec2-user/data/topics/3676 486
@/home/ec2-user/data/topics/3680 487
@/home/ec2-user/data/topics/4806 488
@/home/ec2-user/data/topics/4459 489
@/home/ec2-user/data/topics/3904 490
@/home/ec2-user/data/topics/4885 491
@/home/ec2-user/data/topics/3807 492
@/home/ec2-user/data/topics/4126 493
@/home/ec2-user/data/topics/1525 494
@/home/ec2-user/data/topics/1881 495
@/home/ec2-user/data/topics/1812 496
@/home/ec2-user/data/topics/4804 497
@/home/ec2-user/data/topics/1829 498
@/home/ec2-user/data/topics/4157 499
@/home/ec2-user/data/topics/2170 500
@/home/ec2-user/data/topics/3585 501
@/home/ec2-user/data/topics/1179 502
@/home/ec2-user/data/topics/4599 503
@/home/ec2-user/data/topics/3719 504
@/home/ec2-user/data/topics/4307 505
@/home/ec2-user/data/topics/2156 506
@/home/ec2-user/data/topics/1898 507
@/home/ec2-user/data/topics/4754 508
@/home/ec2-user/data/topics/1955 509
@/home/ec2-user/data/topics/4936 510
@/home/ec2-user/data/topics/1589 511
@/home/ec2-user/data/topics/4707 512
@/home/ec2-user/data/topics/4475 513
@/home/ec2-user/data/topics/1477 514
@/home/ec2-user/data/topics/4000 515
@/home/ec2-user/data/topics/3494 516
@/home/ec2-user/data/topics/4918 517
@/home/ec2-user/data/topics/4577 518
@/home/ec2-user/data/topics/4817 519
@/home/ec2-user/data/topics/1635 520
@/home/ec2-user/data/topics/4867 521
@/home/ec2-user/data/topics/3920 522
@/home/ec2-user/data/topics/3692 523
@/home/ec2-user/data/topics/1885 524
@/home/ec2-user/data/topics/4215 525
@/home/ec2-user/data/topics/1252 526
@/home/ec2-user/data/topics/4625 527
@/home/ec2-user/data/topics/4761 528
@/home/ec2-user/data/topics/3951 529
@/home/ec2-user/data/topics/3386 530
@/home/ec2-user/data/topics/1339 531
@/home/ec2-user/data/topics/4193 532
@/home/ec2-user/data/topics/4303 533
@/home/ec2-user/data/topics/3658 534
@/home/ec2-user/data/topics/3404 535
@/home/ec2-user/data/topics/3847 536
@/home/ec2-user/data/topics/3746 537
@/home/ec2-user/data/topics/4394 538
@/home/ec2-user/data/topics/4667 539
@/home/ec2-user/data/topics/4160 540
セイコーインスツルメンツ株式会社

@/home/ec2-user/data/topics/1707 541
@/home/ec2-user/data/topics/4203 541
@/home/ec2-user/data/topics/3626 542
@/home/ec2-user/data/topics/4997 543
@/home/ec2-user/data/topics/4190 544
@/home/ec2-user/data/topics/4036 545
@/home/ec2-user/data/topics/3825 546
@/home/ec2-user/data/topics/4088 547
@/home/ec2-user/data/topics/4151 548
ミノルタ株式会社

@/home/ec2-user/data/topics/1152 549
@/home/ec2-user/data/topics/2190 549
@/home/ec2-user/data/topics/4970 550
@/home/ec2-user/data/topics/4951 551
@/home/ec2-user/data/topics/3810 552
@/home/ec2-user/data/topics/4977 553
@/home/ec2-user/data/topics/4321 554
@/home/ec2-user/data/topics/3584 555
@/home/ec2-user/data/topics/4984 556
@/home/ec2-user/data/topics/4986 557
@/home/ec2-user/data/topics/3545 558
@/home/ec2-user/data/topics/4971 559
株式会社リコー

@/home/ec2-user/data/topics/3424 560
@/home/ec2-user/data/topics/3837 560
@/home/ec2-user/data/topics/1610 561
@/home/ec2-user/data/topics/3495 562
@/home/ec2-user/data/topics/1775 563
@/home/ec2-user/data/topics/1095 564
@/home/ec2-user/data/topics/3411 565
@/home/ec2-user/data/topics/3474 566
@/home/ec2-user/data/topics/3523 567
@/home/ec2-user/data/topics/2219 568
@/home/ec2-user/data/topics/3530 569
@/home/ec2-user/data/topics/1878 570
@/home/ec2-user/data/topics/1282 571
@/home/ec2-user/data/topics/1668 572
@/home/ec2-user/data/topics/2182 573
@/home/ec2-user/data/topics/3750 574
@/home/ec2-user/data/topics/1478 575
@/home/ec2-user/data/topics/1669 576
@/home/ec2-user/data/topics/3669 577
@/home/ec2-user/data/topics/3557 578
@/home/ec2-user/data/topics/1064 579
@/home/ec2-user/data/topics/3633 580
@/home/ec2-user/data/topics/4616 581
@/home/ec2-user/data/topics/3472 582
@/home/ec2-user/data/topics/1514 583
@/home/ec2-user/data/topics/1083 584
@/home/ec2-user/data/topics/4781 585
@/home/ec2-user/data/topics/1691 586
@/home/ec2-user/data/topics/4265 587
@/home/ec2-user/data/topics/2043 588
@/home/ec2-user/data/topics/2006 589
@/home/ec2-user/data/topics/3880 590
@/home/ec2-user/data/topics/1774 591
@/home/ec2-user/data/topics/3484 592
@/home/ec2-user/data/topics/1593 593
@/home/ec2-user/data/topics/3378 594
@/home/ec2-user/data/topics/4037 595
@/home/ec2-user/data/topics/1974 596
@/home/ec2-user/data/topics/2200 597
@/home/ec2-user/data/topics/3548 598
@/home/ec2-user/data/topics/1482 599
@/home/ec2-user/data/topics/1740 600
@/home/ec2-user/data/topics/3775 601
@/home/ec2-user/data/topics/2189 602
@/home/ec2-user/data/topics/1976 603
@/home/ec2-user/data/topics/1718 604
@/home/ec2-user/data/topics/3687 605
@/home/ec2-user/data/topics/1106 606
@/home/ec2-user/data/topics/1663 607
@/home/ec2-user/data/topics/4344 608
@/home/ec2-user/data/topics/2090 609
@/home/ec2-user/data/topics/1225 610
@/home/ec2-user/data/topics/1806 611
@/home/ec2-user/data/topics/3446 612
@/home/ec2-user/data/topics/1436 613
@/home/ec2-user/data/topics/3436 614
@/home/ec2-user/data/topics/2201 615
@/home/ec2-user/data/topics/1755 616
@/home/ec2-user/data/topics/1776 617
@/home/ec2-user/data/topics/3394 618
@/home/ec2-user/data/topics/3574 619
@/home/ec2-user/data/topics/1780 620
@/home/ec2-user/data/topics/4879 621
@/home/ec2-user/data/topics/3713 622
@/home/ec2-user/data/topics/1627 623
@/home/ec2-user/data/topics/3711 624
@/home/ec2-user/data/topics/3555 625
@/home/ec2-user/data/topics/1670 626
@/home/ec2-user/data/topics/1190 627
@/home/ec2-user/data/topics/3759 628
@/home/ec2-user/data/topics/1433 629
独立行政法人産業技術総合研究所

@/home/ec2-user/data/topics/4777 630
@/home/ec2-user/data/topics/4800 630
@/home/ec2-user/data/topics/4869 631
@/home/ec2-user/data/topics/4739 632
@/home/ec2-user/data/topics/4740 633
@/home/ec2-user/data/topics/1356 634
ソニー株式会社

@/home/ec2-user/data/topics/3872 635
@/home/ec2-user/data/topics/1435 635
@/home/ec2-user/data/topics/2105 636
@/home/ec2-user/data/topics/1778 637
@/home/ec2-user/data/topics/1471 638
@/home/ec2-user/data/topics/1414 639
@/home/ec2-user/data/topics/1686 640
@/home/ec2-user/data/topics/3955 641
@/home/ec2-user/data/topics/2094 642
@/home/ec2-user/data/topics/3924 643
@/home/ec2-user/data/topics/1291 644
@/home/ec2-user/data/topics/5027 645
@/home/ec2-user/data/topics/1912 646
@/home/ec2-user/data/topics/2058 647
@/home/ec2-user/data/topics/3401 648
@/home/ec2-user/data/topics/4224 649
@/home/ec2-user/data/topics/1147 650
@/home/ec2-user/data/topics/3392 651
@/home/ec2-user/data/topics/3975 652
@/home/ec2-user/data/topics/1679 653
@/home/ec2-user/data/topics/4219 654
@/home/ec2-user/data/topics/1892 655
@/home/ec2-user/data/topics/2075 656
@/home/ec2-user/data/topics/1298 657
@/home/ec2-user/data/topics/1749 658
@/home/ec2-user/data/topics/1102 659
@/home/ec2-user/data/topics/3456 660
@/home/ec2-user/data/topics/1602 661
@/home/ec2-user/data/topics/2037 662
@/home/ec2-user/data/topics/2052 663
@/home/ec2-user/data/topics/1059 664
@/home/ec2-user/data/topics/1426 665
@/home/ec2-user/data/topics/1954 666
@/home/ec2-user/data/topics/4184 667
@/home/ec2-user/data/topics/1380 668
@/home/ec2-user/data/topics/1884 669
@/home/ec2-user/data/topics/1397 670
@/home/ec2-user/data/topics/4351 671
@/home/ec2-user/data/topics/1233 672
@/home/ec2-user/data/topics/1218 673
@/home/ec2-user/data/topics/1967 674
@/home/ec2-user/data/topics/1836 675
@/home/ec2-user/data/topics/2059 676
@/home/ec2-user/data/topics/1926 677
@/home/ec2-user/data/topics/1491 678
@/home/ec2-user/data/topics/1873 679
@/home/ec2-user/data/topics/2048 680
富士ゼロックス株式会社

@/home/ec2-user/data/topics/3782 681
@/home/ec2-user/data/topics/3695 681
@/home/ec2-user/data/topics/3640 682
@/home/ec2-user/data/topics/4108 683
@/home/ec2-user/data/topics/3473 684
@/home/ec2-user/data/topics/3661 685
@/home/ec2-user/data/topics/3383 686
@/home/ec2-user/data/topics/1947 687
@/home/ec2-user/data/topics/3366 688
@/home/ec2-user/data/topics/3790 689
@/home/ec2-user/data/topics/1560 690
@/home/ec2-user/data/topics/5031 691
@/home/ec2-user/data/topics/3407 692
@/home/ec2-user/data/topics/3564 693
@/home/ec2-user/data/topics/3662 694
住友金属工業株式会社

@/home/ec2-user/data/topics/1268 695
@/home/ec2-user/data/topics/4322 695
@/home/ec2-user/data/topics/4021 696
@/home/ec2-user/data/topics/3826 697
@/home/ec2-user/data/topics/4295 698
@/home/ec2-user/data/topics/3577 699
@/home/ec2-user/data/topics/4733 700
@/home/ec2-user/data/topics/4534 701
@/home/ec2-user/data/topics/4661 702
@/home/ec2-user/data/topics/4182 703
@/home/ec2-user/data/topics/3655 704
@/home/ec2-user/data/topics/4991 705
日立電線株式会社

@/home/ec2-user/data/topics/4357 706
@/home/ec2-user/data/topics/1117 706
@/home/ec2-user/data/topics/1305 707
@/home/ec2-user/data/topics/4329 708
@/home/ec2-user/data/topics/1027 709
@/home/ec2-user/data/topics/3756 710
@/home/ec2-user/data/topics/3930 711
@/home/ec2-user/data/topics/1388 712
@/home/ec2-user/data/topics/4356 713
キヤノン株式会社

@/home/ec2-user/data/topics/1568 714
@/home/ec2-user/data/topics/3949 714
@/home/ec2-user/data/topics/1455 715
@/home/ec2-user/data/topics/4948 716
@/home/ec2-user/data/topics/3843 717
@/home/ec2-user/data/topics/3374 718
@/home/ec2-user/data/topics/2231 719
@/home/ec2-user/data/topics/1590 720
@/home/ec2-user/data/topics/2053 721
@/home/ec2-user/data/topics/1744 722
@/home/ec2-user/data/topics/3438 723
@/home/ec2-user/data/topics/3416 724
@/home/ec2-user/data/topics/3430 725
@/home/ec2-user/data/topics/1519 726
@/home/ec2-user/data/topics/1790 727
@/home/ec2-user/data/topics/3660 728
@/home/ec2-user/data/topics/1513 729
@/home/ec2-user/data/topics/3967 730
@/home/ec2-user/data/topics/1848 731
@/home/ec2-user/data/topics/3720 732
@/home/ec2-user/data/topics/3376 733
@/home/ec2-user/data/topics/1124 734
@/home/ec2-user/data/topics/4054 735
@/home/ec2-user/data/topics/2145 736
@/home/ec2-user/data/topics/4020 737
@/home/ec2-user/data/topics/3996 738
@/home/ec2-user/data/topics/4521 739
@/home/ec2-user/data/topics/1631 740
@/home/ec2-user/data/topics/3656 741
@/home/ec2-user/data/topics/1745 742
@/home/ec2-user/data/topics/3415 743
@/home/ec2-user/data/topics/1975 744
@/home/ec2-user/data/topics/1118 745
@/home/ec2-user/data/topics/4350 746
@/home/ec2-user/data/topics/1438 747
@/home/ec2-user/data/topics/1646 748
@/home/ec2-user/data/topics/4937 749
@/home/ec2-user/data/topics/1802 750
@/home/ec2-user/data/topics/1228 751
@/home/ec2-user/data/topics/3852 752
@/home/ec2-user/data/topics/3958 753
@/home/ec2-user/data/topics/1895 754
@/home/ec2-user/data/topics/3722 755
@/home/ec2-user/data/topics/1866 756
@/home/ec2-user/data/topics/4068 757
@/home/ec2-user/data/topics/1208 758
@/home/ec2-user/data/topics/3755 759
@/home/ec2-user/data/topics/3454 760
@/home/ec2-user/data/topics/3434 761
@/home/ec2-user/data/topics/1847 762
@/home/ec2-user/data/topics/2117 763
@/home/ec2-user/data/topics/3628 764
@/home/ec2-user/data/topics/3410 765
@/home/ec2-user/data/topics/1961 766
@/home/ec2-user/data/topics/3737 767
@/home/ec2-user/data/topics/2004 768
@/home/ec2-user/data/topics/4628 769
@/home/ec2-user/data/topics/3445 770
@/home/ec2-user/data/topics/4947 771
@/home/ec2-user/data/topics/1539 772
@/home/ec2-user/data/topics/3420 773
@/home/ec2-user/data/topics/4610 774
@/home/ec2-user/data/topics/2243 775
@/home/ec2-user/data/topics/1889 776
@/home/ec2-user/data/topics/2107 777
@/home/ec2-user/data/topics/1216 778
@/home/ec2-user/data/topics/3441 779
@/home/ec2-user/data/topics/4520 780
@/home/ec2-user/data/topics/1080 781
@/home/ec2-user/data/topics/3730 782
@/home/ec2-user/data/topics/3417 783
@/home/ec2-user/data/topics/4363 784
@/home/ec2-user/data/topics/3642 785
三洋電機株式会社

@/home/ec2-user/data/topics/1451 786
@/home/ec2-user/data/topics/2071 786
@/home/ec2-user/data/topics/4527 787
@/home/ec2-user/data/topics/3781 788
@/home/ec2-user/data/topics/3986 789
@/home/ec2-user/data/topics/4212 790
@/home/ec2-user/data/topics/3808 791
@/home/ec2-user/data/topics/4978 792
@/home/ec2-user/data/topics/4612 793
@/home/ec2-user/data/topics/1479 794
@/home/ec2-user/data/topics/4679 795
@/home/ec2-user/data/topics/1321 796
@/home/ec2-user/data/topics/3754 797
@/home/ec2-user/data/topics/3804 798
@/home/ec2-user/data/topics/3581 799
@/home/ec2-user/data/topics/3830 800
@/home/ec2-user/data/topics/4571 801
@/home/ec2-user/data/topics/1980 802
@/home/ec2-user/data/topics/4654 803
@/home/ec2-user/data/topics/3492 804
@/home/ec2-user/data/topics/4983 805
@/home/ec2-user/data/topics/2230 806
@/home/ec2-user/data/topics/3681 807
@/home/ec2-user/data/topics/3403 808
@/home/ec2-user/data/topics/3953 809
@/home/ec2-user/data/topics/4039 810
@/home/ec2-user/data/topics/1671 811
@/home/ec2-user/data/topics/1515 812
@/home/ec2-user/data/topics/3845 813
@/home/ec2-user/data/topics/1652 814
@/home/ec2-user/data/topics/3906 815
@/home/ec2-user/data/topics/3625 816
@/home/ec2-user/data/topics/4015 817
@/home/ec2-user/data/topics/4604 818
@/home/ec2-user/data/topics/3398 819
@/home/ec2-user/data/topics/1488 820
@/home/ec2-user/data/topics/4001 821
@/home/ec2-user/data/topics/4474 822
@/home/ec2-user/data/topics/2063 823
@/home/ec2-user/data/topics/4304 824
@/home/ec2-user/data/topics/3491 825
@/home/ec2-user/data/topics/4763 826
@/home/ec2-user/data/topics/1722 827
@/home/ec2-user/data/topics/4837 828
@/home/ec2-user/data/topics/3974 829
@/home/ec2-user/data/topics/4788 830
@/home/ec2-user/data/topics/3926 831
@/home/ec2-user/data/topics/4061 832
@/home/ec2-user/data/topics/3859 833
@/home/ec2-user/data/topics/4384 834
@/home/ec2-user/data/topics/4301 835
@/home/ec2-user/data/topics/3539 836
@/home/ec2-user/data/topics/5002 837
@/home/ec2-user/data/topics/3817 838
@/home/ec2-user/data/topics/4376 839
@/home/ec2-user/data/topics/4099 840
@/home/ec2-user/data/topics/1246 841
@/home/ec2-user/data/topics/4178 842
@/home/ec2-user/data/topics/2054 843
@/home/ec2-user/data/topics/4150 844
@/home/ec2-user/data/topics/4960 845
@/home/ec2-user/data/topics/3889 846
@/home/ec2-user/data/topics/4179 847
@/home/ec2-user/data/topics/4726 848
@/home/ec2-user/data/topics/1386 849
@/home/ec2-user/data/topics/1653 850
@/home/ec2-user/data/topics/2014 851
@/home/ec2-user/data/topics/1163 852
@/home/ec2-user/data/topics/2194 853
@/home/ec2-user/data/topics/4720 854
@/home/ec2-user/data/topics/5011 855
@/home/ec2-user/data/topics/2098 856
@/home/ec2-user/data/topics/4066 857
@/home/ec2-user/data/topics/3708 858
@/home/ec2-user/data/topics/1289 859
@/home/ec2-user/data/topics/1079 860
@/home/ec2-user/data/topics/4060 861
@/home/ec2-user/data/topics/4492 862
@/home/ec2-user/data/topics/4328 863
三菱電機株式会社

@/home/ec2-user/data/topics/3800 864
@/home/ec2-user/data/topics/1220 864
@/home/ec2-user/data/topics/2146 865
@/home/ec2-user/data/topics/4980 866
@/home/ec2-user/data/topics/3451 867
@/home/ec2-user/data/topics/3616 868
@/home/ec2-user/data/topics/3841 869
@/home/ec2-user/data/topics/4880 870
@/home/ec2-user/data/topics/3921 871
@/home/ec2-user/data/topics/1792 872
@/home/ec2-user/data/topics/5033 873
@/home/ec2-user/data/topics/3490 874
@/home/ec2-user/data/topics/4419 875
@/home/ec2-user/data/topics/3747 876
@/home/ec2-user/data/topics/3493 877
@/home/ec2-user/data/topics/4220 878
@/home/ec2-user/data/topics/3465 879
@/home/ec2-user/data/topics/4133 880
@/home/ec2-user/data/topics/3397 881
@/home/ec2-user/data/topics/3774 882
@/home/ec2-user/data/topics/4076 883
@/home/ec2-user/data/topics/3856 884
@/home/ec2-user/data/topics/4614 885
@/home/ec2-user/data/topics/3963 886
@/home/ec2-user/data/topics/3412 887
@/home/ec2-user/data/topics/4149 888
@/home/ec2-user/data/topics/4518 889
@/home/ec2-user/data/topics/5032 890
@/home/ec2-user/data/topics/4282 891
@/home/ec2-user/data/topics/3409 892
@/home/ec2-user/data/topics/3466 893
@/home/ec2-user/data/topics/4233 894
@/home/ec2-user/data/topics/4834 895
@/home/ec2-user/data/topics/3612 896
@/home/ec2-user/data/topics/3666 897
@/home/ec2-user/data/topics/3592 898
@/home/ec2-user/data/topics/1738 899
@/home/ec2-user/data/topics/4235 900
@/home/ec2-user/data/topics/4221 901
@/home/ec2-user/data/topics/4181 902
@/home/ec2-user/data/topics/3506 903
@/home/ec2-user/data/topics/3469 904
@/home/ec2-user/data/topics/4305 905
@/home/ec2-user/data/topics/4562 906
@/home/ec2-user/data/topics/3453 907
@/home/ec2-user/data/topics/3609 908
@/home/ec2-user/data/topics/1110 909
@/home/ec2-user/data/topics/4663 910
@/home/ec2-user/data/topics/4552 911
@/home/ec2-user/data/topics/3873 912
@/home/ec2-user/data/topics/4041 913
@/home/ec2-user/data/topics/4047 914
@/home/ec2-user/data/topics/1872 915
@/home/ec2-user/data/topics/3595 916
@/home/ec2-user/data/topics/4514 917
@/home/ec2-user/data/topics/3820 918
@/home/ec2-user/data/topics/1536 919
@/home/ec2-user/data/topics/1754 920
住友ゴム工業株式会社

@/home/ec2-user/data/topics/4048 921
@/home/ec2-user/data/topics/4406 921
@/home/ec2-user/data/topics/4597 922
@/home/ec2-user/data/topics/4568 923
@/home/ec2-user/data/topics/2007 924
@/home/ec2-user/data/topics/1114 925
@/home/ec2-user/data/topics/1758 926
セイコーエプソン株式会社

@/home/ec2-user/data/topics/3589 927
@/home/ec2-user/data/topics/2165 927
@/home/ec2-user/data/topics/4605 928
@/home/ec2-user/data/topics/4454 929
@/home/ec2-user/data/topics/3361 930
@/home/ec2-user/data/topics/2078 931
@/home/ec2-user/data/topics/4802 932
@/home/ec2-user/data/topics/1938 933
@/home/ec2-user/data/topics/4801 934
@/home/ec2-user/data/topics/1484 935
@/home/ec2-user/data/topics/3819 936
@/home/ec2-user/data/topics/4719 937
@/home/ec2-user/data/topics/1890 938
@/home/ec2-user/data/topics/1423 939
@/home/ec2-user/data/topics/1343 940
@/home/ec2-user/data/topics/4022 941
@/home/ec2-user/data/topics/4109 942
@/home/ec2-user/data/topics/3887 943
@/home/ec2-user/data/topics/4585 944
@/home/ec2-user/data/topics/1378 945
@/home/ec2-user/data/topics/4386 946
@/home/ec2-user/data/topics/3505 947
@/home/ec2-user/data/topics/3476 948
@/home/ec2-user/data/topics/3910 949
@/home/ec2-user/data/topics/1641 950
@/home/ec2-user/data/topics/3985 951
株式会社三共

@/home/ec2-user/data/topics/4374 952
@/home/ec2-user/data/topics/4868 952
@/home/ec2-user/data/topics/1665 953
@/home/ec2-user/data/topics/1189 954
@/home/ec2-user/data/topics/2060 955
@/home/ec2-user/data/topics/1086 956
@/home/ec2-user/data/topics/1377 957
@/home/ec2-user/data/topics/2123 958
@/home/ec2-user/data/topics/1648 959
沖電気工業株式会社

@/home/ec2-user/data/topics/3764 960
@/home/ec2-user/data/topics/4299 960
@/home/ec2-user/data/topics/4308 961
@/home/ec2-user/data/topics/3571 962
@/home/ec2-user/data/topics/3433 963
@/home/ec2-user/data/topics/4575 964
@/home/ec2-user/data/topics/3621 965
@/home/ec2-user/data/topics/3964 966
@/home/ec2-user/data/topics/3457 967
@/home/ec2-user/data/topics/4693 968
@/home/ec2-user/data/topics/3690 969
@/home/ec2-user/data/topics/1188 970
@/home/ec2-user/data/topics/1531 971
@/home/ec2-user/data/topics/3395 972
株式会社三星

@/home/ec2-user/data/topics/1733 973
@/home/ec2-user/data/topics/2108 973
@/home/ec2-user/data/topics/1728 974
@/home/ec2-user/data/topics/2198 975
@/home/ec2-user/data/topics/3942 976
@/home/ec2-user/data/topics/1260 977
日本ビクター株式会社

@/home/ec2-user/data/topics/1389 978
@/home/ec2-user/data/topics/3620 978
@/home/ec2-user/data/topics/1823 979
@/home/ec2-user/data/topics/4056 980
@/home/ec2-user/data/topics/3939 981
@/home/ec2-user/data/topics/1440 982
@/home/ec2-user/data/topics/4672 983
@/home/ec2-user/data/topics/3882 984
@/home/ec2-user/data/topics/4123 985
@/home/ec2-user/data/topics/1520 986
@/home/ec2-user/data/topics/3603 987
花王株式会社

@/home/ec2-user/data/topics/4445 988
@/home/ec2-user/data/topics/2214 988
@/home/ec2-user/data/topics/3812 989
@/home/ec2-user/data/topics/1196 990
@/home/ec2-user/data/topics/1022 991
@/home/ec2-user/data/topics/3999 992
@/home/ec2-user/data/topics/4287 993
@/home/ec2-user/data/topics/3884 994
@/home/ec2-user/data/topics/4827 995
@/home/ec2-user/data/topics/4211 996
@/home/ec2-user/data/topics/3753 997
@/home/ec2-user/data/topics/4249 998
@/home/ec2-user/data/topics/1767 999
三田工業株式会社

@/home/ec2-user/data/topics/3604 1000
@/home/ec2-user/data/topics/3923 1000
@/home/ec2-user/data/topics/1033 1001
@/home/ec2-user/data/topics/3842 1002
@/home/ec2-user/data/topics/2155 1003
@/home/ec2-user/data/topics/1269 1004
@/home/ec2-user/data/topics/2136 1005
@/home/ec2-user/data/topics/1766 1006
@/home/ec2-user/data/topics/1034 1007
豊丸産業株式会社

@/home/ec2-user/data/topics/1138 1008
@/home/ec2-user/data/topics/1914 1008
@/home/ec2-user/data/topics/1588 1009
@/home/ec2-user/data/topics/1401 1010
@/home/ec2-user/data/topics/1726 1011
@/home/ec2-user/data/topics/3672 1012
@/home/ec2-user/data/topics/1284 1013
@/home/ec2-user/data/topics/4847 1014
@/home/ec2-user/data/topics/2011 1015
@/home/ec2-user/data/topics/1097 1016
@/home/ec2-user/data/topics/1126 1017
@/home/ec2-user/data/topics/1713 1018
@/home/ec2-user/data/topics/1677 1019
@/home/ec2-user/data/topics/2169 1020
@/home/ec2-user/data/topics/1353 1021
鐘紡株式会社

@/home/ec2-user/data/topics/1870 1022
@/home/ec2-user/data/topics/1178 1022
@/home/ec2-user/data/topics/3551 1023
@/home/ec2-user/data/topics/3560 1024
@/home/ec2-user/data/topics/3634 1025
@/home/ec2-user/data/topics/3566 1026
@/home/ec2-user/data/topics/2034 1027
@/home/ec2-user/data/topics/2185 1028
@/home/ec2-user/data/topics/2223 1029
@/home/ec2-user/data/topics/1901 1030
@/home/ec2-user/data/topics/4195 1031
@/home/ec2-user/data/topics/1304 1032
@/home/ec2-user/data/topics/1886 1033
@/home/ec2-user/data/topics/1367 1034
@/home/ec2-user/data/topics/1842 1035
@/home/ec2-user/data/topics/1054 1036
株式会社デンソー

@/home/ec2-user/data/topics/4805 1037
@/home/ec2-user/data/topics/4840 1037
@/home/ec2-user/data/topics/1028 1038
@/home/ec2-user/data/topics/4656 1039
@/home/ec2-user/data/topics/3421 1040
@/home/ec2-user/data/topics/1855 1041
@/home/ec2-user/data/topics/4423 1042
@/home/ec2-user/data/topics/3406 1043
@/home/ec2-user/data/topics/3480 1044
@/home/ec2-user/data/topics/4483 1045
@/home/ec2-user/data/topics/4498 1046
@/home/ec2-user/data/topics/4675 1047
@/home/ec2-user/data/topics/4024 1048
@/home/ec2-user/data/topics/4622 1049
@/home/ec2-user/data/topics/3710 1050
@/home/ec2-user/data/topics/4046 1051
@/home/ec2-user/data/topics/4164 1052
富士写真フイルム株式会社

@/home/ec2-user/data/topics/4962 1053
@/home/ec2-user/data/topics/3918 1053
@/home/ec2-user/data/topics/2134 1054
@/home/ec2-user/data/topics/1662 1055
@/home/ec2-user/data/topics/1603 1056
@/home/ec2-user/data/topics/3857 1057
@/home/ec2-user/data/topics/1570 1058
@/home/ec2-user/data/topics/3354 1059
@/home/ec2-user/data/topics/1244 1060
@/home/ec2-user/data/topics/3447 1061
@/home/ec2-user/data/topics/3911 1062
京セラ株式会社

@/home/ec2-user/data/topics/4901 1063
@/home/ec2-user/data/topics/3869 1063
@/home/ec2-user/data/topics/1485 1064
@/home/ec2-user/data/topics/1741 1065
@/home/ec2-user/data/topics/3593 1066
@/home/ec2-user/data/topics/1913 1067
@/home/ec2-user/data/topics/3615 1068
@/home/ec2-user/data/topics/4340 1069
@/home/ec2-user/data/topics/4513 1070
@/home/ec2-user/data/topics/1708 1071
@/home/ec2-user/data/topics/3741 1072
@/home/ec2-user/data/topics/4031 1073
イビデン株式会社

@/home/ec2-user/data/topics/1336 1074
@/home/ec2-user/data/topics/1315 1074
@/home/ec2-user/data/topics/2033 1075
@/home/ec2-user/data/topics/1682 1076
@/home/ec2-user/data/topics/3814 1077
@/home/ec2-user/data/topics/1952 1078
@/home/ec2-user/data/topics/1770 1079
株式会社東芝

@/home/ec2-user/data/topics/3716 1080
@/home/ec2-user/data/topics/3948 1080
@/home/ec2-user/data/topics/4863 1081
@/home/ec2-user/data/topics/4089 1082
@/home/ec2-user/data/topics/4509 1083
@/home/ec2-user/data/topics/1332 1084
@/home/ec2-user/data/topics/4336 1085
@/home/ec2-user/data/topics/3363 1086
@/home/ec2-user/data/topics/3618 1087
@/home/ec2-user/data/topics/4172 1088
@/home/ec2-user/data/topics/4361 1089
@/home/ec2-user/data/topics/3795 1090
@/home/ec2-user/data/topics/3542 1091
@/home/ec2-user/data/topics/3780 1092
@/home/ec2-user/data/topics/1997 1093
@/home/ec2-user/data/topics/4183 1094
@/home/ec2-user/data/topics/1819 1095
@/home/ec2-user/data/topics/3462 1096
@/home/ec2-user/data/topics/3890 1097
@/home/ec2-user/data/topics/4096 1098
@/home/ec2-user/data/topics/4009 1099
@/home/ec2-user/data/topics/4755 1100
@/home/ec2-user/data/topics/3851 1101
@/home/ec2-user/data/topics/4935 1102
@/home/ec2-user/data/topics/4631 1103
@/home/ec2-user/data/topics/3990 1104
@/home/ec2-user/data/topics/4140 1105
@/home/ec2-user/data/topics/4197 1106
@/home/ec2-user/data/topics/4535 1107
@/home/ec2-user/data/topics/3683 1108
@/home/ec2-user/data/topics/4912 1109
@/home/ec2-user/data/topics/3834 1110
@/home/ec2-user/data/topics/3352 1111
@/home/ec2-user/data/topics/4842 1112
@/home/ec2-user/data/topics/1756 1113
@/home/ec2-user/data/topics/3360 1114
@/home/ec2-user/data/topics/3732 1115
@/home/ec2-user/data/topics/4751 1116
@/home/ec2-user/data/topics/4302 1117
@/home/ec2-user/data/topics/1132 1118
@/home/ec2-user/data/topics/1585 1119
@/home/ec2-user/data/topics/4594 1120
@/home/ec2-user/data/topics/4623 1121
@/home/ec2-user/data/topics/3734 1122
@/home/ec2-user/data/topics/3881 1123
@/home/ec2-user/data/topics/1757 1124
@/home/ec2-user/data/topics/4881 1125
@/home/ec2-user/data/topics/2241 1126
@/home/ec2-user/data/topics/4165 1127
@/home/ec2-user/data/topics/4381 1128
@/home/ec2-user/data/topics/3988 1129
@/home/ec2-user/data/topics/3688 1130
@/home/ec2-user/data/topics/3351 1131
@/home/ec2-user/data/topics/3689 1132
@/home/ec2-user/data/topics/1090 1133
@/home/ec2-user/data/topics/4566 1134
@/home/ec2-user/data/topics/3380 1135
@/home/ec2-user/data/topics/4292 1136
@/home/ec2-user/data/topics/1205 1137
@/home/ec2-user/data/topics/3598 1138
@/home/ec2-user/data/topics/4057 1139
ヤマハ株式会社

@/home/ec2-user/data/topics/4954 1140
@/home/ec2-user/data/topics/4084 1140
@/home/ec2-user/data/topics/4010 1141
@/home/ec2-user/data/topics/1720 1142
@/home/ec2-user/data/topics/4045 1143
@/home/ec2-user/data/topics/1443 1144
@/home/ec2-user/data/topics/3972 1145
@/home/ec2-user/data/topics/4145 1146
@/home/ec2-user/data/topics/4919 1147
@/home/ec2-user/data/topics/4177 1148
@/home/ec2-user/data/topics/1911 1149
@/home/ec2-user/data/topics/1676 1150
@/home/ec2-user/data/topics/4125 1151
東洋紡績株式会社

@/home/ec2-user/data/topics/4366 1152
@/home/ec2-user/data/topics/4362 1152
@/home/ec2-user/data/topics/1613 1153
@/home/ec2-user/data/topics/4284 1154
@/home/ec2-user/data/topics/3769 1155
@/home/ec2-user/data/topics/1029 1156
三菱化学株式会社

@/home/ec2-user/data/topics/3513 1157
@/home/ec2-user/data/topics/3638 1157
@/home/ec2-user/data/topics/3458 1158
@/home/ec2-user/data/topics/1699 1159
@/home/ec2-user/data/topics/1902 1160
@/home/ec2-user/data/topics/1197 1161
カシオ計算機株式会社

@/home/ec2-user/data/topics/1047 1162
@/home/ec2-user/data/topics/3391 1162
@/home/ec2-user/data/topics/1535 1163
@/home/ec2-user/data/topics/1368 1164
@/home/ec2-user/data/topics/1794 1165
@/home/ec2-user/data/topics/1235 1166
@/home/ec2-user/data/topics/2180 1167
@/home/ec2-user/data/topics/2237 1168
コナミ株式会社

@/home/ec2-user/data/topics/5015 1169
@/home/ec2-user/data/topics/1302 1169
@/home/ec2-user/data/topics/4681 1170
@/home/ec2-user/data/topics/1672 1171
@/home/ec2-user/data/topics/2151 1172
@/home/ec2-user/data/topics/4602 1173
@/home/ec2-user/data/topics/1621 1174
@/home/ec2-user/data/topics/2100 1175
大日本スクリーン製造株式会社

@/home/ec2-user/data/topics/1173 1176
@/home/ec2-user/data/topics/1779 1176
@/home/ec2-user/data/topics/1608 1177
@/home/ec2-user/data/topics/2172 1178
@/home/ec2-user/data/topics/3742 1179
@/home/ec2-user/data/topics/2209 1180
@/home/ec2-user/data/topics/1130 1181
オムロン株式会社

@/home/ec2-user/data/topics/3597 1182
@/home/ec2-user/data/topics/1135 1182
@/home/ec2-user/data/topics/1841 1183
@/home/ec2-user/data/topics/1067 1184
@/home/ec2-user/data/topics/3700 1185
@/home/ec2-user/data/topics/3748 1186
@/home/ec2-user/data/topics/1933 1187
@/home/ec2-user/data/topics/1151 1188
@/home/ec2-user/data/topics/1657 1189
@/home/ec2-user/data/topics/4771 1190
@/home/ec2-user/data/topics/3594 1191
@/home/ec2-user/data/topics/1579 1192
@/home/ec2-user/data/topics/2096 1193
@/home/ec2-user/data/topics/3863 1194
@/home/ec2-user/data/topics/1533 1195
株式会社日立製作所

@/home/ec2-user/data/topics/3531 1196
@/home/ec2-user/data/topics/5029 1196
@/home/ec2-user/data/topics/4547 1197
@/home/ec2-user/data/topics/4402 1198
@/home/ec2-user/data/topics/3599 1199
@/home/ec2-user/data/topics/3994 1200
@/home/ec2-user/data/topics/2081 1201
@/home/ec2-user/data/topics/3570 1202
@/home/ec2-user/data/topics/3596 1203
@/home/ec2-user/data/topics/1082 1204
@/home/ec2-user/data/topics/1334 1205
@/home/ec2-user/data/topics/3691 1206
@/home/ec2-user/data/topics/4401 1207
@/home/ec2-user/data/topics/2239 1208
@/home/ec2-user/data/topics/3968 1209
@/home/ec2-user/data/topics/1833 1210
@/home/ec2-user/data/topics/4990 1211
@/home/ec2-user/data/topics/1651 1212
@/home/ec2-user/data/topics/3432 1213
@/home/ec2-user/data/topics/1880 1214
@/home/ec2-user/data/topics/3779 1215
@/home/ec2-user/data/topics/3384 1216
@/home/ec2-user/data/topics/4040 1217
@/home/ec2-user/data/topics/4621 1218
@/home/ec2-user/data/topics/1278 1219
@/home/ec2-user/data/topics/3439 1220
@/home/ec2-user/data/topics/1667 1221
@/home/ec2-user/data/topics/3665 1222
@/home/ec2-user/data/topics/4058 1223
@/home/ec2-user/data/topics/4122 1224
@/home/ec2-user/data/topics/1072 1225
@/home/ec2-user/data/topics/3648 1226
@/home/ec2-user/data/topics/3965 1227
@/home/ec2-user/data/topics/3461 1228
@/home/ec2-user/data/topics/4493 1229
@/home/ec2-user/data/topics/3822 1230
@/home/ec2-user/data/topics/1501 1231
@/home/ec2-user/data/topics/3488 1232
@/home/ec2-user/data/topics/3706 1233
@/home/ec2-user/data/topics/3659 1234
@/home/ec2-user/data/topics/1825 1235
@/home/ec2-user/data/topics/3993 1236
@/home/ec2-user/data/topics/1987 1237
@/home/ec2-user/data/topics/3350 1238
@/home/ec2-user/data/topics/4545 1239
@/home/ec2-user/data/topics/4799 1240
@/home/ec2-user/data/topics/4166 1241
@/home/ec2-user/data/topics/1340 1242
@/home/ec2-user/data/topics/1105 1243
@/home/ec2-user/data/topics/1693 1244
@/home/ec2-user/data/topics/1463 1245
@/home/ec2-user/data/topics/2184 1246
@/home/ec2-user/data/topics/1247 1247
@/home/ec2-user/data/topics/4489 1248
@/home/ec2-user/data/topics/3440 1249
@/home/ec2-user/data/topics/3772 1250
@/home/ec2-user/data/topics/3588 1251
@/home/ec2-user/data/topics/4943 1252
@/home/ec2-user/data/topics/1640 1253
@/home/ec2-user/data/topics/3973 1254
@/home/ec2-user/data/topics/1826 1255
@/home/ec2-user/data/topics/3471 1256
@/home/ec2-user/data/topics/4420 1257
@/home/ec2-user/data/topics/1562 1258
@/home/ec2-user/data/topics/1487 1259
@/home/ec2-user/data/topics/4551 1260
@/home/ec2-user/data/topics/5030 1261
@/home/ec2-user/data/topics/2019 1262
@/home/ec2-user/data/topics/4830 1263
@/home/ec2-user/data/topics/3524 1264
@/home/ec2-user/data/topics/1882 1265
@/home/ec2-user/data/topics/4559 1266
@/home/ec2-user/data/topics/1296 1267
@/home/ec2-user/data/topics/1249 1268
凸版印刷株式会社

@/home/ec2-user/data/topics/3624 1269
@/home/ec2-user/data/topics/1977 1269
@/home/ec2-user/data/topics/3526 1270
@/home/ec2-user/data/topics/3500 1271
@/home/ec2-user/data/topics/1765 1272
@/home/ec2-user/data/topics/4874 1273
@/home/ec2-user/data/topics/1091 1274
株式会社ノーリツ

@/home/ec2-user/data/topics/1618 1275
@/home/ec2-user/data/topics/1598 1275
@/home/ec2-user/data/topics/1290 1276
@/home/ec2-user/data/topics/2116 1277
@/home/ec2-user/data/topics/4206 1278
@/home/ec2-user/data/topics/1760 1279
@/home/ec2-user/data/topics/4776 1280
@/home/ec2-user/data/topics/4354 1281
川崎重工業株式会社

@/home/ec2-user/data/topics/4793 1282
@/home/ec2-user/data/topics/4756 1282
@/home/ec2-user/data/topics/1172 1283
@/home/ec2-user/data/topics/1162 1284
@/home/ec2-user/data/topics/4866 1285
@/home/ec2-user/data/topics/5025 1286
@/home/ec2-user/data/topics/4572 1287
@/home/ec2-user/data/topics/4944 1288
ティーディーケイ株式会社

@/home/ec2-user/data/topics/3798 1289
@/home/ec2-user/data/topics/1510 1289
@/home/ec2-user/data/topics/1129 1290
@/home/ec2-user/data/topics/3792 1291
@/home/ec2-user/data/topics/2202 1292
@/home/ec2-user/data/topics/3909 1293
@/home/ec2-user/data/topics/2210 1294
@/home/ec2-user/data/topics/4619 1295
@/home/ec2-user/data/topics/1409 1296
京セラミタ株式会社

@/home/ec2-user/data/topics/4174 1297
@/home/ec2-user/data/topics/4564 1297
@/home/ec2-user/data/topics/1930 1298
@/home/ec2-user/data/topics/4973 1299
@/home/ec2-user/data/topics/4985 1300
@/home/ec2-user/data/topics/2141 1301
@/home/ec2-user/data/topics/1032 1302
株式会社クボタ

@/home/ec2-user/data/topics/4251 1303
@/home/ec2-user/data/topics/1448 1303
@/home/ec2-user/data/topics/1280 1304
@/home/ec2-user/data/topics/3854 1305
@/home/ec2-user/data/topics/4745 1306
@/home/ec2-user/data/topics/4379 1307
@/home/ec2-user/data/topics/1734 1308
@/home/ec2-user/data/topics/3823 1309
@/home/ec2-user/data/topics/3919 1310
@/home/ec2-user/data/topics/1012 1311
シャープ株式会社

@/home/ec2-user/data/topics/3793 1312
@/home/ec2-user/data/topics/1318 1312
@/home/ec2-user/data/topics/4519 1313
@/home/ec2-user/data/topics/3678 1314
@/home/ec2-user/data/topics/2087 1315
@/home/ec2-user/data/topics/4861 1316
@/home/ec2-user/data/topics/3698 1317
@/home/ec2-user/data/topics/3941 1318
@/home/ec2-user/data/topics/3966 1319
@/home/ec2-user/data/topics/1840 1320
@/home/ec2-user/data/topics/3450 1321
@/home/ec2-user/data/topics/4782 1322
@/home/ec2-user/data/topics/4230 1323
@/home/ec2-user/data/topics/1965 1324
@/home/ec2-user/data/topics/3871 1325
@/home/ec2-user/data/topics/4256 1326
@/home/ec2-user/data/topics/1258 1327
@/home/ec2-user/data/topics/3978 1328
@/home/ec2-user/data/topics/4717 1329
@/home/ec2-user/data/topics/4516 1330
@/home/ec2-user/data/topics/3578 1331
@/home/ec2-user/data/topics/4019 1332
@/home/ec2-user/data/topics/1174 1333
@/home/ec2-user/data/topics/4583 1334
@/home/ec2-user/data/topics/3760 1335
@/home/ec2-user/data/topics/1563 1336
@/home/ec2-user/data/topics/3610 1337
@/home/ec2-user/data/topics/4152 1338
@/home/ec2-user/data/topics/3452 1339
@/home/ec2-user/data/topics/3855 1340
@/home/ec2-user/data/topics/3762 1341
@/home/ec2-user/data/topics/1154 1342
@/home/ec2-user/data/topics/4744 1343
@/home/ec2-user/data/topics/3776 1344
@/home/ec2-user/data/topics/4683 1345
@/home/ec2-user/data/topics/1384 1346
@/home/ec2-user/data/topics/4005 1347
@/home/ec2-user/data/topics/3832 1348
@/home/ec2-user/data/topics/4214 1349
@/home/ec2-user/data/topics/1349 1350
@/home/ec2-user/data/topics/4648 1351
@/home/ec2-user/data/topics/4113 1352
@/home/ec2-user/data/topics/4124 1353
@/home/ec2-user/data/topics/4127 1354
@/home/ec2-user/data/topics/3606 1355
@/home/ec2-user/data/topics/1431 1356
@/home/ec2-user/data/topics/4173 1357
@/home/ec2-user/data/topics/4245 1358
@/home/ec2-user/data/topics/3981 1359
@/home/ec2-user/data/topics/3813 1360
@/home/ec2-user/data/topics/1804 1361
@/home/ec2-user/data/topics/4469 1362
@/home/ec2-user/data/topics/1396 1363
@/home/ec2-user/data/topics/4228 1364
@/home/ec2-user/data/topics/4095 1365
@/home/ec2-user/data/topics/3679 1366
@/home/ec2-user/data/topics/1288 1367
@/home/ec2-user/data/topics/4103 1368
@/home/ec2-user/data/topics/1685 1369
@/home/ec2-user/data/topics/4349 1370
@/home/ec2-user/data/topics/2118 1371
@/home/ec2-user/data/topics/3537 1372
@/home/ec2-user/data/topics/3895 1373
@/home/ec2-user/data/topics/4105 1374
@/home/ec2-user/data/topics/1970 1375
@/home/ec2-user/data/topics/3858 1376
@/home/ec2-user/data/topics/1419 1377
@/home/ec2-user/data/topics/2020 1378
@/home/ec2-user/data/topics/3957 1379
@/home/ec2-user/data/topics/3777 1380
@/home/ec2-user/data/topics/4430 1381
@/home/ec2-user/data/topics/1209 1382
@/home/ec2-user/data/topics/4252 1383
@/home/ec2-user/data/topics/4323 1384
@/home/ec2-user/data/topics/1561 1385
@/home/ec2-user/data/topics/3673 1386
@/home/ec2-user/data/topics/4691 1387
@/home/ec2-user/data/topics/3649 1388
@/home/ec2-user/data/topics/2084 1389
@/home/ec2-user/data/topics/4263 1390
@/home/ec2-user/data/topics/3422 1391
日本輸送機株式会社

@/home/ec2-user/data/topics/1191 1392
@/home/ec2-user/data/topics/1940 1392
@/home/ec2-user/data/topics/1493 1393
@/home/ec2-user/data/topics/1108 1394
@/home/ec2-user/data/topics/1456 1395
@/home/ec2-user/data/topics/2221 1396
@/home/ec2-user/data/topics/2065 1397
@/home/ec2-user/data/topics/3573 1398
東京エレクトロン株式会社

@/home/ec2-user/data/topics/4002 1399
@/home/ec2-user/data/topics/4345 1399
@/home/ec2-user/data/topics/4618 1400
@/home/ec2-user/data/topics/4023 1401
@/home/ec2-user/data/topics/4053 1402
@/home/ec2-user/data/topics/1800 1403
@/home/ec2-user/data/topics/1736 1404
@/home/ec2-user/data/topics/1263 1405
@/home/ec2-user/data/topics/4906 1406
@/home/ec2-user/data/topics/3947 1407
@/home/ec2-user/data/topics/1508 1408
@/home/ec2-user/data/topics/4702 1409
株式会社村田製作所

@/home/ec2-user/data/topics/1411 1410
@/home/ec2-user/data/topics/3482 1410
@/home/ec2-user/data/topics/4271 1411
@/home/ec2-user/data/topics/3435 1412
@/home/ec2-user/data/topics/3885 1413
@/home/ec2-user/data/topics/1374 1414
@/home/ec2-user/data/topics/4417 1415
@/home/ec2-user/data/topics/4795 1416
@/home/ec2-user/data/topics/4163 1417
@/home/ec2-user/data/topics/4703 1418
@/home/ec2-user/data/topics/3697 1419
@/home/ec2-user/data/topics/4042 1420
@/home/ec2-user/data/topics/4378 1421
@/home/ec2-user/data/topics/4432 1422
@/home/ec2-user/data/topics/4325 1423
@/home/ec2-user/data/topics/2229 1424
@/home/ec2-user/data/topics/4070 1425
日本電信電話株式会社

@/home/ec2-user/data/topics/3359 1426
@/home/ec2-user/data/topics/3509 1426
@/home/ec2-user/data/topics/2130 1427
@/home/ec2-user/data/topics/1408 1428
@/home/ec2-user/data/topics/4964 1429
@/home/ec2-user/data/topics/4965 1430
@/home/ec2-user/data/topics/4104 1431
@/home/ec2-user/data/topics/3536 1432
@/home/ec2-user/data/topics/4836 1433
@/home/ec2-user/data/topics/1230 1434
@/home/ec2-user/data/topics/1556 1435
@/home/ec2-user/data/topics/2017 1436
@/home/ec2-user/data/topics/3824 1437
@/home/ec2-user/data/topics/4505 1438
@/home/ec2-user/data/topics/3785 1439
@/home/ec2-user/data/topics/4664 1440
@/home/ec2-user/data/topics/4146 1441
@/home/ec2-user/data/topics/1229 1442
@/home/ec2-user/data/topics/4925 1443
@/home/ec2-user/data/topics/3894 1444
@/home/ec2-user/data/topics/4792 1445
@/home/ec2-user/data/topics/4865 1446
@/home/ec2-user/data/topics/1934 1447
@/home/ec2-user/data/topics/3928 1448
@/home/ec2-user/data/topics/4916 1449
@/home/ec2-user/data/topics/3915 1450
@/home/ec2-user/data/topics/4232 1451
@/home/ec2-user/data/topics/1042 1452
@/home/ec2-user/data/topics/4087 1453
@/home/ec2-user/data/topics/4175 1454
@/home/ec2-user/data/topics/3552 1455
@/home/ec2-user/data/topics/4208 1456
@/home/ec2-user/data/topics/4121 1457
@/home/ec2-user/data/topics/4131 1458
@/home/ec2-user/data/topics/1809 1459
@/home/ec2-user/data/topics/4335 1460
@/home/ec2-user/data/topics/3521 1461
@/home/ec2-user/data/topics/3425 1462
@/home/ec2-user/data/topics/4114 1463
@/home/ec2-user/data/topics/4118 1464
@/home/ec2-user/data/topics/3544 1465
@/home/ec2-user/data/topics/4511 1466
@/home/ec2-user/data/topics/3568 1467
@/home/ec2-user/data/topics/4560 1468
@/home/ec2-user/data/topics/3586 1469
@/home/ec2-user/data/topics/1787 1470
@/home/ec2-user/data/topics/3927 1471
@/home/ec2-user/data/topics/3811 1472
@/home/ec2-user/data/topics/3641 1473
@/home/ec2-user/data/topics/4115 1474
@/home/ec2-user/data/topics/4870 1475
@/home/ec2-user/data/topics/4025 1476
@/home/ec2-user/data/topics/4952 1477
@/home/ec2-user/data/topics/4443 1478
@/home/ec2-user/data/topics/4488 1479
@/home/ec2-user/data/topics/3650 1480
日本鋼管株式会社

@/home/ec2-user/data/topics/4289 1481
@/home/ec2-user/data/topics/2095 1481
@/home/ec2-user/data/topics/1690 1482
@/home/ec2-user/data/topics/1404 1483
@/home/ec2-user/data/topics/3572 1484
@/home/ec2-user/data/topics/4455 1485
@/home/ec2-user/data/topics/4161 1486
株式会社神戸製鋼所

@/home/ec2-user/data/topics/1465 1487
@/home/ec2-user/data/topics/3475 1487
@/home/ec2-user/data/topics/4949 1488
@/home/ec2-user/data/topics/3674 1489
@/home/ec2-user/data/topics/2064 1490
@/home/ec2-user/data/topics/3902 1491
@/home/ec2-user/data/topics/3632 1492
株式会社ケンウッド

@/home/ec2-user/data/topics/1241 1493
@/home/ec2-user/data/topics/2036 1493
@/home/ec2-user/data/topics/4467 1494
@/home/ec2-user/data/topics/3878 1495
@/home/ec2-user/data/topics/3969 1496
@/home/ec2-user/data/topics/4167 1497
@/home/ec2-user/data/topics/4038 1498
@/home/ec2-user/data/topics/1896 1499
@/home/ec2-user/data/topics/1115 1500
@/home/ec2-user/data/topics/3839 1501
@/home/ec2-user/data/topics/1617 1502
@/home/ec2-user/data/topics/1186 1503
@/home/ec2-user/data/topics/3977 1504
@/home/ec2-user/data/topics/3463 1505
@/home/ec2-user/data/topics/1698 1506
@/home/ec2-user/data/topics/2163 1507
@/home/ec2-user/data/topics/4050 1508
@/home/ec2-user/data/topics/3801 1509
@/home/ec2-user/data/topics/1345 1510
@/home/ec2-user/data/topics/1424 1511
@/home/ec2-user/data/topics/3794 1512
東陶機器株式会社

@/home/ec2-user/data/topics/2135 1513
@/home/ec2-user/data/topics/3583 1513
@/home/ec2-user/data/topics/3821 1514
@/home/ec2-user/data/topics/1692 1515
@/home/ec2-user/data/topics/1626 1516
@/home/ec2-user/data/topics/1735 1517
本田技研工業株式会社

@/home/ec2-user/data/topics/4375 1518
@/home/ec2-user/data/topics/4033 1518
@/home/ec2-user/data/topics/1226 1519
@/home/ec2-user/data/topics/4888 1520
@/home/ec2-user/data/topics/1215 1521
@/home/ec2-user/data/topics/1818 1522
@/home/ec2-user/data/topics/1143 1523
@/home/ec2-user/data/topics/4132 1524
@/home/ec2-user/data/topics/1266 1525
@/home/ec2-user/data/topics/4783 1526
@/home/ec2-user/data/topics/2000 1527
@/home/ec2-user/data/topics/4331 1528
@/home/ec2-user/data/topics/3685 1529
@/home/ec2-user/data/topics/5026 1530
@/home/ec2-user/data/topics/4199 1531
@/home/ec2-user/data/topics/2016 1532
@/home/ec2-user/data/topics/1444 1533
@/home/ec2-user/data/topics/1822 1534
@/home/ec2-user/data/topics/1605 1535
新日本製鐵株式会社

@/home/ec2-user/data/topics/3861 1536
@/home/ec2-user/data/topics/3663 1536
@/home/ec2-user/data/topics/3899 1537
@/home/ec2-user/data/topics/5008 1538
@/home/ec2-user/data/topics/4472 1539
@/home/ec2-user/data/topics/3368 1540
松下電工株式会社

@/home/ec2-user/data/topics/4029 1541
@/home/ec2-user/data/topics/4012 1541
@/home/ec2-user/data/topics/4094 1542
@/home/ec2-user/data/topics/4347 1543
@/home/ec2-user/data/topics/3932 1544
@/home/ec2-user/data/topics/3549 1545
@/home/ec2-user/data/topics/3670 1546
@/home/ec2-user/data/topics/1251 1547
@/home/ec2-user/data/topics/3379 1548
@/home/ec2-user/data/topics/3778 1549
@/home/ec2-user/data/topics/3511 1550
@/home/ec2-user/data/topics/4083 1551
@/home/ec2-user/data/topics/4317 1552
@/home/ec2-user/data/topics/1803 1553
@/home/ec2-user/data/topics/3835 1554
@/home/ec2-user/data/topics/3651 1555
@/home/ec2-user/data/topics/1311 1556
@/home/ec2-user/data/topics/1011 1557
@/home/ec2-user/data/topics/3565 1558
@/home/ec2-user/data/topics/4450 1559
@/home/ec2-user/data/topics/4592 1560
@/home/ec2-user/data/topics/2045 1561
usernum: 72
hit: 933
simhit: 1377
simmax: 0.769230769231
simmin: 0.0
simavg: 0.201275033894
dlmax: 0.138962413159
dlmin: 0.00714768129675
dlavg: 0.0380743358561
mthit: 1427
mthls: 11
srp: 100.527
total: 1562
hit/total: 0.597311139565
simhit/total: 0.881562099872
mthit/(total+usernum): 0.873317013464
mthls/(total+usernum): 0.00673194614443
srp/(total+usernum): 0.0205073439412
srp20/(total+usernum): 0.00807833537332
srp100/(total+usernum): 0.0134516523868
srp500/(total+usernum): 0.0175369237046

2016-12-23 13:18:36.823068
