2016-12-24 12:08:10.615619

topic-folder:/home/ec2-user/data/topics/
cl-file:/home/ec2-user/git/tfidf/result-new/b3-2.txt
cl-floder:/home/ec2-user/data/ldaclass-32-2000-top10000/
zipf:0.2
stype[0(tfidf)/1(tfidf2)/2(lsa)/3(lda)]:3
dtype[<0(diff*rand)/0(diff)/1(same)/>=2(diff*same)]:0
output-floder:/home/ec2-user/git/userquery/result

三菱マテリアル株式会社

@/home/ec2-user/data/topics/3470 0
@/home/ec2-user/data/topics/1638 0
@/home/ec2-user/data/topics/3546 1
@/home/ec2-user/data/topics/2093 2
@/home/ec2-user/data/topics/3866 3
@/home/ec2-user/data/topics/3630 4
@/home/ec2-user/data/topics/3520 5
@/home/ec2-user/data/topics/1085 6
日本精機株式会社

@/home/ec2-user/data/topics/1398 7
@/home/ec2-user/data/topics/4709 7
@/home/ec2-user/data/topics/4907 8
@/home/ec2-user/data/topics/4690 9
@/home/ec2-user/data/topics/4875 10
@/home/ec2-user/data/topics/4972 11
コニカ株式会社

@/home/ec2-user/data/topics/3426 12
@/home/ec2-user/data/topics/3419 12
@/home/ec2-user/data/topics/3533 13
@/home/ec2-user/data/topics/1946 14
@/home/ec2-user/data/topics/3431 15
@/home/ec2-user/data/topics/3370 16
@/home/ec2-user/data/topics/3357 17
@/home/ec2-user/data/topics/3486 18
@/home/ec2-user/data/topics/3418 19
@/home/ec2-user/data/topics/3414 20
@/home/ec2-user/data/topics/2162 21
埼玉日本電気株式会社

@/home/ec2-user/data/topics/4998 22
@/home/ec2-user/data/topics/1620 22
@/home/ec2-user/data/topics/1512 23
@/home/ec2-user/data/topics/4283 24
@/home/ec2-user/data/topics/4279 25
@/home/ec2-user/data/topics/5010 26
@/home/ec2-user/data/topics/4242 27
@/home/ec2-user/data/topics/4496 28
@/home/ec2-user/data/topics/4468 29
アルプス電気株式会社

@/home/ec2-user/data/topics/1253 30
@/home/ec2-user/data/topics/4791 30
@/home/ec2-user/data/topics/3429 31
@/home/ec2-user/data/topics/2012 32
@/home/ec2-user/data/topics/1434 33
@/home/ec2-user/data/topics/3582 34
@/home/ec2-user/data/topics/2089 35
三菱重工業株式会社

@/home/ec2-user/data/topics/4687 36
@/home/ec2-user/data/topics/3833 36
@/home/ec2-user/data/topics/4882 37
@/home/ec2-user/data/topics/5022 38
@/home/ec2-user/data/topics/3944 39
@/home/ec2-user/data/topics/4412 40
@/home/ec2-user/data/topics/4563 41
@/home/ec2-user/data/topics/3591 42
@/home/ec2-user/data/topics/3503 43
@/home/ec2-user/data/topics/3529 44
@/home/ec2-user/data/topics/4862 45
@/home/ec2-user/data/topics/3637 46
村田機械株式会社

@/home/ec2-user/data/topics/4638 47
@/home/ec2-user/data/topics/4746 47
@/home/ec2-user/data/topics/4941 48
@/home/ec2-user/data/topics/4441 49
@/home/ec2-user/data/topics/4556 50
@/home/ec2-user/data/topics/3740 51
@/home/ec2-user/data/topics/1511 52
@/home/ec2-user/data/topics/1607 53
@/home/ec2-user/data/topics/4565 54
@/home/ec2-user/data/topics/1074 55
@/home/ec2-user/data/topics/4645 56
@/home/ec2-user/data/topics/4835 57
@/home/ec2-user/data/topics/4596 58
@/home/ec2-user/data/topics/1293 59
@/home/ec2-user/data/topics/4570 60
@/home/ec2-user/data/topics/3528 61
@/home/ec2-user/data/topics/5000 62
川崎製鉄株式会社

@/home/ec2-user/data/topics/1037 63
@/home/ec2-user/data/topics/3483 63
@/home/ec2-user/data/topics/3553 64
@/home/ec2-user/data/topics/3929 65
@/home/ec2-user/data/topics/3532 66
@/home/ec2-user/data/topics/3611 67
@/home/ec2-user/data/topics/1459 68
@/home/ec2-user/data/topics/3413 69
@/home/ec2-user/data/topics/4615 70
ダイキン工業株式会社

@/home/ec2-user/data/topics/1565 71
@/home/ec2-user/data/topics/1600 71
@/home/ec2-user/data/topics/4753 72
@/home/ec2-user/data/topics/4845 73
@/home/ec2-user/data/topics/3888 74
@/home/ec2-user/data/topics/4400 75
@/home/ec2-user/data/topics/4515 76
@/home/ec2-user/data/topics/4367 77
@/home/ec2-user/data/topics/4858 78
@/home/ec2-user/data/topics/4701 79
@/home/ec2-user/data/topics/4734 80
三菱自動車工業株式会社

@/home/ec2-user/data/topics/3940 81
@/home/ec2-user/data/topics/4189 81
@/home/ec2-user/data/topics/3815 82
@/home/ec2-user/data/topics/1428 83
@/home/ec2-user/data/topics/2101 84
@/home/ec2-user/data/topics/1527 85
@/home/ec2-user/data/topics/1816 86
@/home/ec2-user/data/topics/3502 87
日産自動車株式会社

@/home/ec2-user/data/topics/3723 88
@/home/ec2-user/data/topics/3497 88
@/home/ec2-user/data/topics/3489 89
@/home/ec2-user/data/topics/4982 90
@/home/ec2-user/data/topics/3677 91
@/home/ec2-user/data/topics/3501 92
@/home/ec2-user/data/topics/3645 93
@/home/ec2-user/data/topics/3712 94
@/home/ec2-user/data/topics/3936 95
@/home/ec2-user/data/topics/3829 96
@/home/ec2-user/data/topics/4074 97
トヨタ自動車株式会社

@/home/ec2-user/data/topics/4426 98
@/home/ec2-user/data/topics/3356 98
@/home/ec2-user/data/topics/4767 99
@/home/ec2-user/data/topics/3671 100
@/home/ec2-user/data/topics/2111 101
@/home/ec2-user/data/topics/4543 102
@/home/ec2-user/data/topics/4633 103
@/home/ec2-user/data/topics/4030 104
@/home/ec2-user/data/topics/3725 105
@/home/ec2-user/data/topics/3587 106
@/home/ec2-user/data/topics/4617 107
@/home/ec2-user/data/topics/3943 108
@/home/ec2-user/data/topics/4298 109
@/home/ec2-user/data/topics/3783 110
@/home/ec2-user/data/topics/4658 111
@/home/ec2-user/data/topics/4144 112
@/home/ec2-user/data/topics/2218 113
@/home/ec2-user/data/topics/4647 114
@/home/ec2-user/data/topics/3699 115
@/home/ec2-user/data/topics/4920 116
@/home/ec2-user/data/topics/1551 117
@/home/ec2-user/data/topics/3731 118
@/home/ec2-user/data/topics/4346 119
@/home/ec2-user/data/topics/4064 120
@/home/ec2-user/data/topics/3405 121
@/home/ec2-user/data/topics/3481 122
@/home/ec2-user/data/topics/4008 123
@/home/ec2-user/data/topics/3758 124
@/home/ec2-user/data/topics/1494 125
オリンパス光学工業株式会社

@/home/ec2-user/data/topics/1835 126
@/home/ec2-user/data/topics/4013 126
@/home/ec2-user/data/topics/4878 127
@/home/ec2-user/data/topics/1869 128
@/home/ec2-user/data/topics/1155 129
@/home/ec2-user/data/topics/1981 130
@/home/ec2-user/data/topics/2026 131
@/home/ec2-user/data/topics/5006 132
@/home/ec2-user/data/topics/1107 133
@/home/ec2-user/data/topics/1739 134
@/home/ec2-user/data/topics/1586 135
@/home/ec2-user/data/topics/4007 136
ブラザー工業株式会社

@/home/ec2-user/data/topics/1636 137
@/home/ec2-user/data/topics/3686 137
@/home/ec2-user/data/topics/3789 138
@/home/ec2-user/data/topics/1164 139
@/home/ec2-user/data/topics/2085 140
@/home/ec2-user/data/topics/1183 141
@/home/ec2-user/data/topics/3507 142
@/home/ec2-user/data/topics/1076 143
@/home/ec2-user/data/topics/3477 144
@/home/ec2-user/data/topics/4548 145
@/home/ec2-user/data/topics/3613 146
@/home/ec2-user/data/topics/2086 147
@/home/ec2-user/data/topics/1697 148
@/home/ec2-user/data/topics/1906 149
@/home/ec2-user/data/topics/1300 150
富士通株式会社

@/home/ec2-user/data/topics/3400 151
@/home/ec2-user/data/topics/3538 151
@/home/ec2-user/data/topics/1264 152
@/home/ec2-user/data/topics/3636 153
@/home/ec2-user/data/topics/1609 154
@/home/ec2-user/data/topics/3870 155
@/home/ec2-user/data/topics/3799 156
@/home/ec2-user/data/topics/3399 157
@/home/ec2-user/data/topics/3883 158
@/home/ec2-user/data/topics/4191 159
@/home/ec2-user/data/topics/3970 160
@/home/ec2-user/data/topics/1547 161
@/home/ec2-user/data/topics/2215 162
@/home/ec2-user/data/topics/3460 163
@/home/ec2-user/data/topics/1123 164
@/home/ec2-user/data/topics/3850 165
@/home/ec2-user/data/topics/3802 166
@/home/ec2-user/data/topics/3962 167
@/home/ec2-user/data/topics/2227 168
@/home/ec2-user/data/topics/3765 169
@/home/ec2-user/data/topics/3749 170
@/home/ec2-user/data/topics/1874 171
@/home/ec2-user/data/topics/3862 172
@/home/ec2-user/data/topics/3912 173
@/home/ec2-user/data/topics/2216 174
@/home/ec2-user/data/topics/5004 175
@/home/ec2-user/data/topics/3428 176
@/home/ec2-user/data/topics/1271 177
@/home/ec2-user/data/topics/1998 178
@/home/ec2-user/data/topics/3846 179
@/home/ec2-user/data/topics/3381 180
@/home/ec2-user/data/topics/3751 181
静岡日本電気株式会社

@/home/ec2-user/data/topics/4326 182
@/home/ec2-user/data/topics/4507 182
@/home/ec2-user/data/topics/4250 183
@/home/ec2-user/data/topics/4314 184
@/home/ec2-user/data/topics/4365 185
@/home/ec2-user/data/topics/4531 186
住友重機械工業株式会社

@/home/ec2-user/data/topics/3952 187
@/home/ec2-user/data/topics/1373 187
@/home/ec2-user/data/topics/1900 188
@/home/ec2-user/data/topics/1019 189
@/home/ec2-user/data/topics/3868 190
@/home/ec2-user/data/topics/2039 191
@/home/ec2-user/data/topics/4854 192
@/home/ec2-user/data/topics/1553 193
@/home/ec2-user/data/topics/1505 194
大日本印刷株式会社

@/home/ec2-user/data/topics/1262 195
@/home/ec2-user/data/topics/1145 195
@/home/ec2-user/data/topics/1099 196
@/home/ec2-user/data/topics/3569 197
@/home/ec2-user/data/topics/3388 198
@/home/ec2-user/data/topics/1564 199
日本電気株式会社

@/home/ec2-user/data/topics/4427 200
@/home/ec2-user/data/topics/4643 200
@/home/ec2-user/data/topics/4343 201
@/home/ec2-user/data/topics/4626 202
@/home/ec2-user/data/topics/4310 203
@/home/ec2-user/data/topics/4718 204
@/home/ec2-user/data/topics/4760 205
@/home/ec2-user/data/topics/1486 206
@/home/ec2-user/data/topics/2022 207
@/home/ec2-user/data/topics/4275 208
@/home/ec2-user/data/topics/4393 209
@/home/ec2-user/data/topics/4158 210
@/home/ec2-user/data/topics/2166 211
@/home/ec2-user/data/topics/4816 212
@/home/ec2-user/data/topics/4267 213
@/home/ec2-user/data/topics/4246 214
@/home/ec2-user/data/topics/4171 215
@/home/ec2-user/data/topics/1612 216
@/home/ec2-user/data/topics/4207 217
@/home/ec2-user/data/topics/1948 218
@/home/ec2-user/data/topics/1101 219
@/home/ec2-user/data/topics/3971 220
@/home/ec2-user/data/topics/1567 221
@/home/ec2-user/data/topics/1844 222
@/home/ec2-user/data/topics/1500 223
@/home/ec2-user/data/topics/4902 224
@/home/ec2-user/data/topics/1016 225
@/home/ec2-user/data/topics/4204 226
@/home/ec2-user/data/topics/4092 227
@/home/ec2-user/data/topics/1199 228
@/home/ec2-user/data/topics/1937 229
@/home/ec2-user/data/topics/4657 230
@/home/ec2-user/data/topics/3865 231
@/home/ec2-user/data/topics/4434 232
@/home/ec2-user/data/topics/4446 233
@/home/ec2-user/data/topics/3766 234
@/home/ec2-user/data/topics/4062 235
@/home/ec2-user/data/topics/4433 236
@/home/ec2-user/data/topics/4425 237
@/home/ec2-user/data/topics/1364 238
@/home/ec2-user/data/topics/4634 239
@/home/ec2-user/data/topics/1783 240
@/home/ec2-user/data/topics/4300 241
@/home/ec2-user/data/topics/4533 242
@/home/ec2-user/data/topics/4168 243
@/home/ec2-user/data/topics/4137 244
@/home/ec2-user/data/topics/1879 245
@/home/ec2-user/data/topics/3938 246
@/home/ec2-user/data/topics/4536 247
@/home/ec2-user/data/topics/1867 248
@/home/ec2-user/data/topics/4682 249
@/home/ec2-user/data/topics/1112 250
@/home/ec2-user/data/topics/4260 251
@/home/ec2-user/data/topics/1773 252
@/home/ec2-user/data/topics/1078 253
@/home/ec2-user/data/topics/1523 254
@/home/ec2-user/data/topics/1383 255
@/home/ec2-user/data/topics/4342 256
@/home/ec2-user/data/topics/1791 257
@/home/ec2-user/data/topics/4154 258
@/home/ec2-user/data/topics/4244 259
@/home/ec2-user/data/topics/4281 260
@/home/ec2-user/data/topics/1116 261
@/home/ec2-user/data/topics/4247 262
@/home/ec2-user/data/topics/1100 263
@/home/ec2-user/data/topics/4320 264
@/home/ec2-user/data/topics/4480 265
@/home/ec2-user/data/topics/4273 266
@/home/ec2-user/data/topics/4063 267
@/home/ec2-user/data/topics/1724 268
@/home/ec2-user/data/topics/4313 269
@/home/ec2-user/data/topics/4017 270
@/home/ec2-user/data/topics/2041 271
@/home/ec2-user/data/topics/2150 272
@/home/ec2-user/data/topics/2127 273
@/home/ec2-user/data/topics/4227 274
@/home/ec2-user/data/topics/4209 275
@/home/ec2-user/data/topics/4388 276
@/home/ec2-user/data/topics/4128 277
@/home/ec2-user/data/topics/4530 278
@/home/ec2-user/data/topics/4240 279
@/home/ec2-user/data/topics/1362 280
@/home/ec2-user/data/topics/4696 281
@/home/ec2-user/data/topics/4613 282
@/home/ec2-user/data/topics/4216 283
@/home/ec2-user/data/topics/4288 284
@/home/ec2-user/data/topics/4785 285
@/home/ec2-user/data/topics/4440 286
@/home/ec2-user/data/topics/4081 287
@/home/ec2-user/data/topics/4490 288
@/home/ec2-user/data/topics/1360 289
@/home/ec2-user/data/topics/4257 290
@/home/ec2-user/data/topics/4750 291
@/home/ec2-user/data/topics/3897 292
@/home/ec2-user/data/topics/4196 293
@/home/ec2-user/data/topics/4429 294
@/home/ec2-user/data/topics/4142 295
@/home/ec2-user/data/topics/5034 296
@/home/ec2-user/data/topics/4659 297
@/home/ec2-user/data/topics/4119 298
@/home/ec2-user/data/topics/3956 299
@/home/ec2-user/data/topics/4609 300
@/home/ec2-user/data/topics/1923 301
@/home/ec2-user/data/topics/1557 302
@/home/ec2-user/data/topics/4404 303
@/home/ec2-user/data/topics/4371 304
@/home/ec2-user/data/topics/3767 305
@/home/ec2-user/data/topics/4315 306
@/home/ec2-user/data/topics/1764 307
@/home/ec2-user/data/topics/4665 308
@/home/ec2-user/data/topics/3875 309
@/home/ec2-user/data/topics/4926 310
@/home/ec2-user/data/topics/4578 311
@/home/ec2-user/data/topics/2088 312
@/home/ec2-user/data/topics/3724 313
@/home/ec2-user/data/topics/4093 314
@/home/ec2-user/data/topics/4598 315
@/home/ec2-user/data/topics/1661 316
@/home/ec2-user/data/topics/4486 317
@/home/ec2-user/data/topics/4414 318
@/home/ec2-user/data/topics/4892 319
@/home/ec2-user/data/topics/4398 320
@/home/ec2-user/data/topics/4808 321
@/home/ec2-user/data/topics/4138 322
@/home/ec2-user/data/topics/1464 323
@/home/ec2-user/data/topics/4185 324
@/home/ec2-user/data/topics/4272 325
@/home/ec2-user/data/topics/4603 326
@/home/ec2-user/data/topics/1595 327
@/home/ec2-user/data/topics/4390 328
@/home/ec2-user/data/topics/4595 329
@/home/ec2-user/data/topics/4779 330
@/home/ec2-user/data/topics/4646 331
@/home/ec2-user/data/topics/4775 332
@/home/ec2-user/data/topics/4458 333
@/home/ec2-user/data/topics/4725 334
@/home/ec2-user/data/topics/4485 335
@/home/ec2-user/data/topics/2144 336
@/home/ec2-user/data/topics/4497 337
@/home/ec2-user/data/topics/4666 338
@/home/ec2-user/data/topics/4360 339
@/home/ec2-user/data/topics/4276 340
@/home/ec2-user/data/topics/4549 341
@/home/ec2-user/data/topics/4721 342
@/home/ec2-user/data/topics/4278 343
@/home/ec2-user/data/topics/1122 344
@/home/ec2-user/data/topics/4162 345
@/home/ec2-user/data/topics/2031 346
@/home/ec2-user/data/topics/4186 347
@/home/ec2-user/data/topics/4644 348
@/home/ec2-user/data/topics/4116 349
@/home/ec2-user/data/topics/4097 350
@/home/ec2-user/data/topics/4082 351
@/home/ec2-user/data/topics/4877 352
@/home/ec2-user/data/topics/3995 353
@/home/ec2-user/data/topics/4071 354
@/home/ec2-user/data/topics/4850 355
@/home/ec2-user/data/topics/2119 356
@/home/ec2-user/data/topics/4003 357
@/home/ec2-user/data/topics/3886 358
@/home/ec2-user/data/topics/1710 359
@/home/ec2-user/data/topics/4708 360
@/home/ec2-user/data/topics/1973 361
@/home/ec2-user/data/topics/1044 362
@/home/ec2-user/data/topics/1624 363
@/home/ec2-user/data/topics/3954 364
@/home/ec2-user/data/topics/3729 365
@/home/ec2-user/data/topics/4418 366
@/home/ec2-user/data/topics/4477 367
@/home/ec2-user/data/topics/4460 368
@/home/ec2-user/data/topics/4537 369
@/home/ec2-user/data/topics/4561 370
@/home/ec2-user/data/topics/1891 371
@/home/ec2-user/data/topics/4238 372
@/home/ec2-user/data/topics/4742 373
@/home/ec2-user/data/topics/4764 374
@/home/ec2-user/data/topics/4651 375
@/home/ec2-user/data/topics/3853 376
@/home/ec2-user/data/topics/4838 377
@/home/ec2-user/data/topics/3896 378
@/home/ec2-user/data/topics/4338 379
@/home/ec2-user/data/topics/4243 380
@/home/ec2-user/data/topics/4134 381
@/home/ec2-user/data/topics/4236 382
@/home/ec2-user/data/topics/4359 383
@/home/ec2-user/data/topics/4192 384
@/home/ec2-user/data/topics/4749 385
@/home/ec2-user/data/topics/1928 386
@/home/ec2-user/data/topics/3744 387
@/home/ec2-user/data/topics/1815 388
@/home/ec2-user/data/topics/4120 389
@/home/ec2-user/data/topics/1457 390
@/home/ec2-user/data/topics/4759 391
@/home/ec2-user/data/topics/4584 392
@/home/ec2-user/data/topics/1281 393
@/home/ec2-user/data/topics/4442 394
@/home/ec2-user/data/topics/4940 395
@/home/ec2-user/data/topics/4699 396
@/home/ec2-user/data/topics/1052 397
@/home/ec2-user/data/topics/4318 398
@/home/ec2-user/data/topics/4532 399
@/home/ec2-user/data/topics/4100 400
@/home/ec2-user/data/topics/1326 401
@/home/ec2-user/data/topics/4319 402
@/home/ec2-user/data/topics/1852 403
@/home/ec2-user/data/topics/4447 404
@/home/ec2-user/data/topics/4258 405
@/home/ec2-user/data/topics/4650 406
@/home/ec2-user/data/topics/4389 407
@/home/ec2-user/data/topics/1634 408
@/home/ec2-user/data/topics/4309 409
@/home/ec2-user/data/topics/4689 410
@/home/ec2-user/data/topics/4129 411
@/home/ec2-user/data/topics/4876 412
@/home/ec2-user/data/topics/4824 413
@/home/ec2-user/data/topics/4254 414
@/home/ec2-user/data/topics/4728 415
@/home/ec2-user/data/topics/4770 416
@/home/ec2-user/data/topics/4153 417
@/home/ec2-user/data/topics/4352 418
松下電器産業株式会社

@/home/ec2-user/data/topics/3514 419
@/home/ec2-user/data/topics/1157 419
@/home/ec2-user/data/topics/1026 420
@/home/ec2-user/data/topics/3455 421
@/home/ec2-user/data/topics/3619 422
@/home/ec2-user/data/topics/4160 423
@/home/ec2-user/data/topics/3739 424
@/home/ec2-user/data/topics/1509 425
@/home/ec2-user/data/topics/2056 426
@/home/ec2-user/data/topics/1158 427
@/home/ec2-user/data/topics/4503 428
@/home/ec2-user/data/topics/2080 429
@/home/ec2-user/data/topics/3807 430
@/home/ec2-user/data/topics/4307 431
@/home/ec2-user/data/topics/1257 432
@/home/ec2-user/data/topics/3680 433
@/home/ec2-user/data/topics/4385 434
@/home/ec2-user/data/topics/1540 435
@/home/ec2-user/data/topics/4193 436
@/home/ec2-user/data/topics/4502 437
@/home/ec2-user/data/topics/1136 438
@/home/ec2-user/data/topics/3904 439
@/home/ec2-user/data/topics/4126 440
@/home/ec2-user/data/topics/4761 441
@/home/ec2-user/data/topics/1881 442
@/home/ec2-user/data/topics/4382 443
@/home/ec2-user/data/topics/4159 444
@/home/ec2-user/data/topics/4101 445
@/home/ec2-user/data/topics/1070 446
@/home/ec2-user/data/topics/1589 447
@/home/ec2-user/data/topics/1701 448
@/home/ec2-user/data/topics/4817 449
@/home/ec2-user/data/topics/4157 450
@/home/ec2-user/data/topics/4968 451
@/home/ec2-user/data/topics/4043 452
@/home/ec2-user/data/topics/4625 453
@/home/ec2-user/data/topics/3719 454
@/home/ec2-user/data/topics/4787 455
@/home/ec2-user/data/topics/1898 456
@/home/ec2-user/data/topics/4558 457
@/home/ec2-user/data/topics/4215 458
@/home/ec2-user/data/topics/3721 459
@/home/ec2-user/data/topics/4945 460
@/home/ec2-user/data/topics/4574 461
@/home/ec2-user/data/topics/1339 462
@/home/ec2-user/data/topics/4280 463
@/home/ec2-user/data/topics/3519 464
@/home/ec2-user/data/topics/4667 465
@/home/ec2-user/data/topics/3676 466
@/home/ec2-user/data/topics/3979 467
@/home/ec2-user/data/topics/4422 468
@/home/ec2-user/data/topics/4475 469
@/home/ec2-user/data/topics/1635 470
@/home/ec2-user/data/topics/5028 471
@/home/ec2-user/data/topics/2029 472
@/home/ec2-user/data/topics/1633 473
@/home/ec2-user/data/topics/4707 474
@/home/ec2-user/data/topics/3847 475
@/home/ec2-user/data/topics/5024 476
@/home/ec2-user/data/topics/3558 477
@/home/ec2-user/data/topics/1252 478
@/home/ec2-user/data/topics/4936 479
@/home/ec2-user/data/topics/2170 480
@/home/ec2-user/data/topics/4303 481
@/home/ec2-user/data/topics/4676 482
@/home/ec2-user/data/topics/3694 483
@/home/ec2-user/data/topics/2222 484
@/home/ec2-user/data/topics/4229 485
@/home/ec2-user/data/topics/4501 486
@/home/ec2-user/data/topics/4274 487
@/home/ec2-user/data/topics/3704 488
@/home/ec2-user/data/topics/4464 489
@/home/ec2-user/data/topics/4806 490
@/home/ec2-user/data/topics/1516 491
@/home/ec2-user/data/topics/4754 492
@/home/ec2-user/data/topics/1705 493
@/home/ec2-user/data/topics/1885 494
@/home/ec2-user/data/topics/3402 495
@/home/ec2-user/data/topics/4000 496
@/home/ec2-user/data/topics/3585 497
@/home/ec2-user/data/topics/1525 498
@/home/ec2-user/data/topics/4586 499
@/home/ec2-user/data/topics/1829 500
@/home/ec2-user/data/topics/4098 501
@/home/ec2-user/data/topics/4804 502
@/home/ec2-user/data/topics/4917 503
@/home/ec2-user/data/topics/4394 504
@/home/ec2-user/data/topics/3494 505
@/home/ec2-user/data/topics/2156 506
@/home/ec2-user/data/topics/3746 507
@/home/ec2-user/data/topics/3951 508
@/home/ec2-user/data/topics/4355 509
@/home/ec2-user/data/topics/4577 510
@/home/ec2-user/data/topics/3404 511
@/home/ec2-user/data/topics/4885 512
@/home/ec2-user/data/topics/1706 513
@/home/ec2-user/data/topics/4599 514
@/home/ec2-user/data/topics/1762 515
@/home/ec2-user/data/topics/3658 516
@/home/ec2-user/data/topics/4264 517
@/home/ec2-user/data/topics/1955 518
@/home/ec2-user/data/topics/1179 519
@/home/ec2-user/data/topics/3510 520
@/home/ec2-user/data/topics/1812 521
@/home/ec2-user/data/topics/2129 522
@/home/ec2-user/data/topics/4918 523
@/home/ec2-user/data/topics/3386 524
@/home/ec2-user/data/topics/3920 525
@/home/ec2-user/data/topics/4961 526
@/home/ec2-user/data/topics/3761 527
@/home/ec2-user/data/topics/4797 528
@/home/ec2-user/data/topics/1748 529
@/home/ec2-user/data/topics/1477 530
@/home/ec2-user/data/topics/4102 531
@/home/ec2-user/data/topics/3692 532
@/home/ec2-user/data/topics/4139 533
@/home/ec2-user/data/topics/4491 534
@/home/ec2-user/data/topics/4448 535
@/home/ec2-user/data/topics/3960 536
@/home/ec2-user/data/topics/4867 537
@/home/ec2-user/data/topics/4180 538
@/home/ec2-user/data/topics/4459 539
@/home/ec2-user/data/topics/4798 540
セイコーインスツルメンツ株式会社

@/home/ec2-user/data/topics/4997 541
@/home/ec2-user/data/topics/4151 541
@/home/ec2-user/data/topics/4036 542
@/home/ec2-user/data/topics/3825 543
@/home/ec2-user/data/topics/3626 544
@/home/ec2-user/data/topics/4190 545
@/home/ec2-user/data/topics/4088 546
@/home/ec2-user/data/topics/4203 547
@/home/ec2-user/data/topics/1707 548
ミノルタ株式会社

@/home/ec2-user/data/topics/4951 549
@/home/ec2-user/data/topics/3545 549
@/home/ec2-user/data/topics/3810 550
@/home/ec2-user/data/topics/4984 551
@/home/ec2-user/data/topics/4977 552
@/home/ec2-user/data/topics/4970 553
@/home/ec2-user/data/topics/4321 554
@/home/ec2-user/data/topics/3584 555
@/home/ec2-user/data/topics/1152 556
@/home/ec2-user/data/topics/2190 557
@/home/ec2-user/data/topics/4971 558
@/home/ec2-user/data/topics/4986 559
株式会社リコー

@/home/ec2-user/data/topics/1780 560
@/home/ec2-user/data/topics/1436 560
@/home/ec2-user/data/topics/2219 561
@/home/ec2-user/data/topics/1878 562
@/home/ec2-user/data/topics/3775 563
@/home/ec2-user/data/topics/3750 564
@/home/ec2-user/data/topics/2090 565
@/home/ec2-user/data/topics/1627 566
@/home/ec2-user/data/topics/1976 567
@/home/ec2-user/data/topics/1610 568
@/home/ec2-user/data/topics/1190 569
@/home/ec2-user/data/topics/1106 570
@/home/ec2-user/data/topics/3669 571
@/home/ec2-user/data/topics/1064 572
@/home/ec2-user/data/topics/1670 573
@/home/ec2-user/data/topics/3394 574
@/home/ec2-user/data/topics/1668 575
@/home/ec2-user/data/topics/1663 576
@/home/ec2-user/data/topics/3472 577
@/home/ec2-user/data/topics/2006 578
@/home/ec2-user/data/topics/3446 579
@/home/ec2-user/data/topics/3837 580
@/home/ec2-user/data/topics/1225 581
@/home/ec2-user/data/topics/3495 582
@/home/ec2-user/data/topics/3557 583
@/home/ec2-user/data/topics/3484 584
@/home/ec2-user/data/topics/1083 585
@/home/ec2-user/data/topics/1593 586
@/home/ec2-user/data/topics/3633 587
@/home/ec2-user/data/topics/3713 588
@/home/ec2-user/data/topics/1740 589
@/home/ec2-user/data/topics/1514 590
@/home/ec2-user/data/topics/1755 591
@/home/ec2-user/data/topics/3378 592
@/home/ec2-user/data/topics/1482 593
@/home/ec2-user/data/topics/1282 594
@/home/ec2-user/data/topics/1774 595
@/home/ec2-user/data/topics/3411 596
@/home/ec2-user/data/topics/3523 597
@/home/ec2-user/data/topics/3687 598
@/home/ec2-user/data/topics/3474 599
@/home/ec2-user/data/topics/4616 600
@/home/ec2-user/data/topics/2189 601
@/home/ec2-user/data/topics/1806 602
@/home/ec2-user/data/topics/1095 603
@/home/ec2-user/data/topics/4344 604
@/home/ec2-user/data/topics/3759 605
@/home/ec2-user/data/topics/1776 606
@/home/ec2-user/data/topics/3548 607
@/home/ec2-user/data/topics/1775 608
@/home/ec2-user/data/topics/3436 609
@/home/ec2-user/data/topics/2201 610
@/home/ec2-user/data/topics/1691 611
@/home/ec2-user/data/topics/3880 612
@/home/ec2-user/data/topics/3711 613
@/home/ec2-user/data/topics/3530 614
@/home/ec2-user/data/topics/4265 615
@/home/ec2-user/data/topics/4879 616
@/home/ec2-user/data/topics/4037 617
@/home/ec2-user/data/topics/4781 618
@/home/ec2-user/data/topics/2043 619
@/home/ec2-user/data/topics/1974 620
@/home/ec2-user/data/topics/1433 621
@/home/ec2-user/data/topics/3555 622
@/home/ec2-user/data/topics/3424 623
@/home/ec2-user/data/topics/1669 624
@/home/ec2-user/data/topics/2200 625
@/home/ec2-user/data/topics/1478 626
@/home/ec2-user/data/topics/1718 627
@/home/ec2-user/data/topics/2182 628
@/home/ec2-user/data/topics/3574 629
独立行政法人産業技術総合研究所

@/home/ec2-user/data/topics/1356 630
@/home/ec2-user/data/topics/4869 630
@/home/ec2-user/data/topics/4739 631
@/home/ec2-user/data/topics/4740 632
@/home/ec2-user/data/topics/4800 633
@/home/ec2-user/data/topics/4777 634
ソニー株式会社

@/home/ec2-user/data/topics/1686 635
@/home/ec2-user/data/topics/2048 635
@/home/ec2-user/data/topics/1059 636
@/home/ec2-user/data/topics/1954 637
@/home/ec2-user/data/topics/2037 638
@/home/ec2-user/data/topics/1836 639
@/home/ec2-user/data/topics/1291 640
@/home/ec2-user/data/topics/1233 641
@/home/ec2-user/data/topics/1397 642
@/home/ec2-user/data/topics/4224 643
@/home/ec2-user/data/topics/3872 644
@/home/ec2-user/data/topics/3924 645
@/home/ec2-user/data/topics/1912 646
@/home/ec2-user/data/topics/1218 647
@/home/ec2-user/data/topics/1435 648
@/home/ec2-user/data/topics/3955 649
@/home/ec2-user/data/topics/4351 650
@/home/ec2-user/data/topics/1426 651
@/home/ec2-user/data/topics/2075 652
@/home/ec2-user/data/topics/2094 653
@/home/ec2-user/data/topics/1602 654
@/home/ec2-user/data/topics/1298 655
@/home/ec2-user/data/topics/1491 656
@/home/ec2-user/data/topics/2105 657
@/home/ec2-user/data/topics/1471 658
@/home/ec2-user/data/topics/1380 659
@/home/ec2-user/data/topics/3392 660
@/home/ec2-user/data/topics/1679 661
@/home/ec2-user/data/topics/5027 662
@/home/ec2-user/data/topics/1892 663
@/home/ec2-user/data/topics/3401 664
@/home/ec2-user/data/topics/1414 665
@/home/ec2-user/data/topics/1873 666
@/home/ec2-user/data/topics/2058 667
@/home/ec2-user/data/topics/2052 668
@/home/ec2-user/data/topics/1884 669
@/home/ec2-user/data/topics/1102 670
@/home/ec2-user/data/topics/3456 671
@/home/ec2-user/data/topics/1749 672
@/home/ec2-user/data/topics/1778 673
@/home/ec2-user/data/topics/4184 674
@/home/ec2-user/data/topics/1967 675
@/home/ec2-user/data/topics/1147 676
@/home/ec2-user/data/topics/3975 677
@/home/ec2-user/data/topics/1926 678
@/home/ec2-user/data/topics/2059 679
@/home/ec2-user/data/topics/4219 680
富士ゼロックス株式会社

@/home/ec2-user/data/topics/3695 681
@/home/ec2-user/data/topics/3473 681
@/home/ec2-user/data/topics/3661 682
@/home/ec2-user/data/topics/3366 683
@/home/ec2-user/data/topics/3383 684
@/home/ec2-user/data/topics/3790 685
@/home/ec2-user/data/topics/3640 686
@/home/ec2-user/data/topics/1947 687
@/home/ec2-user/data/topics/3662 688
@/home/ec2-user/data/topics/3564 689
@/home/ec2-user/data/topics/5031 690
@/home/ec2-user/data/topics/3782 691
@/home/ec2-user/data/topics/4108 692
@/home/ec2-user/data/topics/3407 693
@/home/ec2-user/data/topics/1560 694
住友金属工業株式会社

@/home/ec2-user/data/topics/4733 695
@/home/ec2-user/data/topics/4322 695
@/home/ec2-user/data/topics/4182 696
@/home/ec2-user/data/topics/1268 697
@/home/ec2-user/data/topics/4991 698
@/home/ec2-user/data/topics/4021 699
@/home/ec2-user/data/topics/4661 700
@/home/ec2-user/data/topics/4295 701
@/home/ec2-user/data/topics/3577 702
@/home/ec2-user/data/topics/4534 703
@/home/ec2-user/data/topics/3826 704
@/home/ec2-user/data/topics/3655 705
日立電線株式会社

@/home/ec2-user/data/topics/3756 706
@/home/ec2-user/data/topics/1117 706
@/home/ec2-user/data/topics/3930 707
@/home/ec2-user/data/topics/4356 708
@/home/ec2-user/data/topics/4357 709
@/home/ec2-user/data/topics/1388 710
@/home/ec2-user/data/topics/1305 711
@/home/ec2-user/data/topics/4329 712
@/home/ec2-user/data/topics/1027 713
キヤノン株式会社

@/home/ec2-user/data/topics/4948 714
@/home/ec2-user/data/topics/4610 714
@/home/ec2-user/data/topics/3430 715
@/home/ec2-user/data/topics/3416 716
@/home/ec2-user/data/topics/3374 717
@/home/ec2-user/data/topics/1790 718
@/home/ec2-user/data/topics/1228 719
@/home/ec2-user/data/topics/1975 720
@/home/ec2-user/data/topics/2145 721
@/home/ec2-user/data/topics/1590 722
@/home/ec2-user/data/topics/3434 723
@/home/ec2-user/data/topics/3949 724
@/home/ec2-user/data/topics/2231 725
@/home/ec2-user/data/topics/2117 726
@/home/ec2-user/data/topics/3420 727
@/home/ec2-user/data/topics/4020 728
@/home/ec2-user/data/topics/3730 729
@/home/ec2-user/data/topics/1848 730
@/home/ec2-user/data/topics/4068 731
@/home/ec2-user/data/topics/3628 732
@/home/ec2-user/data/topics/3967 733
@/home/ec2-user/data/topics/3438 734
@/home/ec2-user/data/topics/3755 735
@/home/ec2-user/data/topics/3376 736
@/home/ec2-user/data/topics/2004 737
@/home/ec2-user/data/topics/2053 738
@/home/ec2-user/data/topics/3417 739
@/home/ec2-user/data/topics/3642 740
@/home/ec2-user/data/topics/4937 741
@/home/ec2-user/data/topics/1438 742
@/home/ec2-user/data/topics/4350 743
@/home/ec2-user/data/topics/3958 744
@/home/ec2-user/data/topics/4054 745
@/home/ec2-user/data/topics/1080 746
@/home/ec2-user/data/topics/1802 747
@/home/ec2-user/data/topics/3656 748
@/home/ec2-user/data/topics/1895 749
@/home/ec2-user/data/topics/3415 750
@/home/ec2-user/data/topics/3722 751
@/home/ec2-user/data/topics/4947 752
@/home/ec2-user/data/topics/1124 753
@/home/ec2-user/data/topics/1631 754
@/home/ec2-user/data/topics/1568 755
@/home/ec2-user/data/topics/3441 756
@/home/ec2-user/data/topics/3720 757
@/home/ec2-user/data/topics/4520 758
@/home/ec2-user/data/topics/3454 759
@/home/ec2-user/data/topics/3660 760
@/home/ec2-user/data/topics/1118 761
@/home/ec2-user/data/topics/3737 762
@/home/ec2-user/data/topics/1519 763
@/home/ec2-user/data/topics/1961 764
@/home/ec2-user/data/topics/4363 765
@/home/ec2-user/data/topics/3445 766
@/home/ec2-user/data/topics/4521 767
@/home/ec2-user/data/topics/3843 768
@/home/ec2-user/data/topics/1847 769
@/home/ec2-user/data/topics/1646 770
@/home/ec2-user/data/topics/4628 771
@/home/ec2-user/data/topics/2107 772
@/home/ec2-user/data/topics/1208 773
@/home/ec2-user/data/topics/3996 774
@/home/ec2-user/data/topics/1745 775
@/home/ec2-user/data/topics/1539 776
@/home/ec2-user/data/topics/1455 777
@/home/ec2-user/data/topics/3852 778
@/home/ec2-user/data/topics/1889 779
@/home/ec2-user/data/topics/1216 780
@/home/ec2-user/data/topics/3410 781
@/home/ec2-user/data/topics/1744 782
@/home/ec2-user/data/topics/1866 783
@/home/ec2-user/data/topics/1513 784
@/home/ec2-user/data/topics/2243 785
三洋電機株式会社

@/home/ec2-user/data/topics/1515 786
@/home/ec2-user/data/topics/3859 786
@/home/ec2-user/data/topics/3889 787
@/home/ec2-user/data/topics/4983 788
@/home/ec2-user/data/topics/4015 789
@/home/ec2-user/data/topics/3906 790
@/home/ec2-user/data/topics/1722 791
@/home/ec2-user/data/topics/4301 792
@/home/ec2-user/data/topics/4001 793
@/home/ec2-user/data/topics/1980 794
@/home/ec2-user/data/topics/3403 795
@/home/ec2-user/data/topics/3581 796
@/home/ec2-user/data/topics/3808 797
@/home/ec2-user/data/topics/4763 798
@/home/ec2-user/data/topics/3625 799
@/home/ec2-user/data/topics/1079 800
@/home/ec2-user/data/topics/1321 801
@/home/ec2-user/data/topics/3830 802
@/home/ec2-user/data/topics/2230 803
@/home/ec2-user/data/topics/4212 804
@/home/ec2-user/data/topics/3845 805
@/home/ec2-user/data/topics/1163 806
@/home/ec2-user/data/topics/4066 807
@/home/ec2-user/data/topics/4654 808
@/home/ec2-user/data/topics/3817 809
@/home/ec2-user/data/topics/4099 810
@/home/ec2-user/data/topics/4612 811
@/home/ec2-user/data/topics/2194 812
@/home/ec2-user/data/topics/1479 813
@/home/ec2-user/data/topics/4837 814
@/home/ec2-user/data/topics/2098 815
@/home/ec2-user/data/topics/4527 816
@/home/ec2-user/data/topics/2014 817
@/home/ec2-user/data/topics/4179 818
@/home/ec2-user/data/topics/5002 819
@/home/ec2-user/data/topics/4978 820
@/home/ec2-user/data/topics/4788 821
@/home/ec2-user/data/topics/4039 822
@/home/ec2-user/data/topics/3539 823
@/home/ec2-user/data/topics/3398 824
@/home/ec2-user/data/topics/1289 825
@/home/ec2-user/data/topics/1653 826
@/home/ec2-user/data/topics/3708 827
@/home/ec2-user/data/topics/4960 828
@/home/ec2-user/data/topics/4061 829
@/home/ec2-user/data/topics/4376 830
@/home/ec2-user/data/topics/4328 831
@/home/ec2-user/data/topics/3681 832
@/home/ec2-user/data/topics/4474 833
@/home/ec2-user/data/topics/2063 834
@/home/ec2-user/data/topics/4304 835
@/home/ec2-user/data/topics/1671 836
@/home/ec2-user/data/topics/4178 837
@/home/ec2-user/data/topics/3781 838
@/home/ec2-user/data/topics/3953 839
@/home/ec2-user/data/topics/1488 840
@/home/ec2-user/data/topics/4060 841
@/home/ec2-user/data/topics/4384 842
@/home/ec2-user/data/topics/4726 843
@/home/ec2-user/data/topics/2071 844
@/home/ec2-user/data/topics/4604 845
@/home/ec2-user/data/topics/3491 846
@/home/ec2-user/data/topics/3754 847
@/home/ec2-user/data/topics/1652 848
@/home/ec2-user/data/topics/4571 849
@/home/ec2-user/data/topics/1451 850
@/home/ec2-user/data/topics/4679 851
@/home/ec2-user/data/topics/3974 852
@/home/ec2-user/data/topics/3926 853
@/home/ec2-user/data/topics/3804 854
@/home/ec2-user/data/topics/4492 855
@/home/ec2-user/data/topics/4150 856
@/home/ec2-user/data/topics/1246 857
@/home/ec2-user/data/topics/3492 858
@/home/ec2-user/data/topics/2054 859
@/home/ec2-user/data/topics/1386 860
@/home/ec2-user/data/topics/3986 861
@/home/ec2-user/data/topics/5011 862
@/home/ec2-user/data/topics/4720 863
三菱電機株式会社

@/home/ec2-user/data/topics/3921 864
@/home/ec2-user/data/topics/1738 864
@/home/ec2-user/data/topics/1792 865
@/home/ec2-user/data/topics/4834 866
@/home/ec2-user/data/topics/5032 867
@/home/ec2-user/data/topics/3747 868
@/home/ec2-user/data/topics/4562 869
@/home/ec2-user/data/topics/3397 870
@/home/ec2-user/data/topics/3592 871
@/home/ec2-user/data/topics/3493 872
@/home/ec2-user/data/topics/4041 873
@/home/ec2-user/data/topics/3774 874
@/home/ec2-user/data/topics/3612 875
@/home/ec2-user/data/topics/4221 876
@/home/ec2-user/data/topics/3465 877
@/home/ec2-user/data/topics/3453 878
@/home/ec2-user/data/topics/2146 879
@/home/ec2-user/data/topics/4880 880
@/home/ec2-user/data/topics/4419 881
@/home/ec2-user/data/topics/4233 882
@/home/ec2-user/data/topics/4282 883
@/home/ec2-user/data/topics/3856 884
@/home/ec2-user/data/topics/3595 885
@/home/ec2-user/data/topics/3820 886
@/home/ec2-user/data/topics/3506 887
@/home/ec2-user/data/topics/4552 888
@/home/ec2-user/data/topics/3963 889
@/home/ec2-user/data/topics/3409 890
@/home/ec2-user/data/topics/3451 891
@/home/ec2-user/data/topics/3666 892
@/home/ec2-user/data/topics/3490 893
@/home/ec2-user/data/topics/4663 894
@/home/ec2-user/data/topics/4220 895
@/home/ec2-user/data/topics/4514 896
@/home/ec2-user/data/topics/3800 897
@/home/ec2-user/data/topics/4305 898
@/home/ec2-user/data/topics/4047 899
@/home/ec2-user/data/topics/3609 900
@/home/ec2-user/data/topics/4235 901
@/home/ec2-user/data/topics/3469 902
@/home/ec2-user/data/topics/3616 903
@/home/ec2-user/data/topics/1754 904
@/home/ec2-user/data/topics/4518 905
@/home/ec2-user/data/topics/1872 906
@/home/ec2-user/data/topics/1536 907
@/home/ec2-user/data/topics/1220 908
@/home/ec2-user/data/topics/4181 909
@/home/ec2-user/data/topics/3412 910
@/home/ec2-user/data/topics/3841 911
@/home/ec2-user/data/topics/5033 912
@/home/ec2-user/data/topics/4614 913
@/home/ec2-user/data/topics/4133 914
@/home/ec2-user/data/topics/3873 915
@/home/ec2-user/data/topics/4149 916
@/home/ec2-user/data/topics/1110 917
@/home/ec2-user/data/topics/3466 918
@/home/ec2-user/data/topics/4980 919
@/home/ec2-user/data/topics/4076 920
住友ゴム工業株式会社

@/home/ec2-user/data/topics/4048 921
@/home/ec2-user/data/topics/1758 921
@/home/ec2-user/data/topics/4568 922
@/home/ec2-user/data/topics/4597 923
@/home/ec2-user/data/topics/2007 924
@/home/ec2-user/data/topics/4406 925
@/home/ec2-user/data/topics/1114 926
セイコーエプソン株式会社

@/home/ec2-user/data/topics/3589 927
@/home/ec2-user/data/topics/1938 927
@/home/ec2-user/data/topics/4454 928
@/home/ec2-user/data/topics/4802 929
@/home/ec2-user/data/topics/2078 930
@/home/ec2-user/data/topics/1423 931
@/home/ec2-user/data/topics/3505 932
@/home/ec2-user/data/topics/4605 933
@/home/ec2-user/data/topics/3476 934
@/home/ec2-user/data/topics/4719 935
@/home/ec2-user/data/topics/1890 936
@/home/ec2-user/data/topics/3361 937
@/home/ec2-user/data/topics/1484 938
@/home/ec2-user/data/topics/3985 939
@/home/ec2-user/data/topics/3887 940
@/home/ec2-user/data/topics/1343 941
@/home/ec2-user/data/topics/1641 942
@/home/ec2-user/data/topics/4801 943
@/home/ec2-user/data/topics/3910 944
@/home/ec2-user/data/topics/4386 945
@/home/ec2-user/data/topics/3819 946
@/home/ec2-user/data/topics/4585 947
@/home/ec2-user/data/topics/2165 948
@/home/ec2-user/data/topics/4109 949
@/home/ec2-user/data/topics/4022 950
@/home/ec2-user/data/topics/1378 951
株式会社三共

@/home/ec2-user/data/topics/2123 952
@/home/ec2-user/data/topics/1086 952
@/home/ec2-user/data/topics/1665 953
@/home/ec2-user/data/topics/4868 954
@/home/ec2-user/data/topics/4374 955
@/home/ec2-user/data/topics/2060 956
@/home/ec2-user/data/topics/1377 957
@/home/ec2-user/data/topics/1648 958
@/home/ec2-user/data/topics/1189 959
沖電気工業株式会社

@/home/ec2-user/data/topics/1531 960
@/home/ec2-user/data/topics/3571 960
@/home/ec2-user/data/topics/3764 961
@/home/ec2-user/data/topics/3621 962
@/home/ec2-user/data/topics/3395 963
@/home/ec2-user/data/topics/4308 964
@/home/ec2-user/data/topics/3964 965
@/home/ec2-user/data/topics/3690 966
@/home/ec2-user/data/topics/4575 967
@/home/ec2-user/data/topics/4693 968
@/home/ec2-user/data/topics/3433 969
@/home/ec2-user/data/topics/4299 970
@/home/ec2-user/data/topics/3457 971
@/home/ec2-user/data/topics/1188 972
株式会社三星

@/home/ec2-user/data/topics/1260 973
@/home/ec2-user/data/topics/1733 973
@/home/ec2-user/data/topics/3942 974
@/home/ec2-user/data/topics/1728 975
@/home/ec2-user/data/topics/2108 976
@/home/ec2-user/data/topics/2198 977
日本ビクター株式会社

@/home/ec2-user/data/topics/1440 978
@/home/ec2-user/data/topics/3882 978
@/home/ec2-user/data/topics/1520 979
@/home/ec2-user/data/topics/1389 980
@/home/ec2-user/data/topics/3939 981
@/home/ec2-user/data/topics/1823 982
@/home/ec2-user/data/topics/3603 983
@/home/ec2-user/data/topics/3620 984
@/home/ec2-user/data/topics/4056 985
@/home/ec2-user/data/topics/4672 986
@/home/ec2-user/data/topics/4123 987
花王株式会社

@/home/ec2-user/data/topics/3999 988
@/home/ec2-user/data/topics/1022 988
@/home/ec2-user/data/topics/2214 989
@/home/ec2-user/data/topics/4827 990
@/home/ec2-user/data/topics/4287 991
@/home/ec2-user/data/topics/1196 992
@/home/ec2-user/data/topics/1767 993
@/home/ec2-user/data/topics/4445 994
@/home/ec2-user/data/topics/4211 995
@/home/ec2-user/data/topics/3753 996
@/home/ec2-user/data/topics/3884 997
@/home/ec2-user/data/topics/3812 998
@/home/ec2-user/data/topics/4249 999
三田工業株式会社

@/home/ec2-user/data/topics/1269 1000
@/home/ec2-user/data/topics/2136 1000
@/home/ec2-user/data/topics/1033 1001
@/home/ec2-user/data/topics/2155 1002
@/home/ec2-user/data/topics/3923 1003
@/home/ec2-user/data/topics/1034 1004
@/home/ec2-user/data/topics/3604 1005
@/home/ec2-user/data/topics/3842 1006
@/home/ec2-user/data/topics/1766 1007
豊丸産業株式会社

@/home/ec2-user/data/topics/1126 1008
@/home/ec2-user/data/topics/1401 1008
@/home/ec2-user/data/topics/1713 1009
@/home/ec2-user/data/topics/2169 1010
@/home/ec2-user/data/topics/1097 1011
@/home/ec2-user/data/topics/2011 1012
@/home/ec2-user/data/topics/1588 1013
@/home/ec2-user/data/topics/3672 1014
@/home/ec2-user/data/topics/1914 1015
@/home/ec2-user/data/topics/1677 1016
@/home/ec2-user/data/topics/4847 1017
@/home/ec2-user/data/topics/1353 1018
@/home/ec2-user/data/topics/1726 1019
@/home/ec2-user/data/topics/1138 1020
@/home/ec2-user/data/topics/1284 1021
鐘紡株式会社

@/home/ec2-user/data/topics/1870 1022
@/home/ec2-user/data/topics/1367 1022
@/home/ec2-user/data/topics/3560 1023
@/home/ec2-user/data/topics/1178 1024
@/home/ec2-user/data/topics/3566 1025
@/home/ec2-user/data/topics/1886 1026
@/home/ec2-user/data/topics/1901 1027
@/home/ec2-user/data/topics/2034 1028
@/home/ec2-user/data/topics/2185 1029
@/home/ec2-user/data/topics/4195 1030
@/home/ec2-user/data/topics/3551 1031
@/home/ec2-user/data/topics/1304 1032
@/home/ec2-user/data/topics/3634 1033
@/home/ec2-user/data/topics/1054 1034
@/home/ec2-user/data/topics/1842 1035
@/home/ec2-user/data/topics/2223 1036
株式会社デンソー

@/home/ec2-user/data/topics/4483 1037
@/home/ec2-user/data/topics/3710 1037
@/home/ec2-user/data/topics/4675 1038
@/home/ec2-user/data/topics/3480 1039
@/home/ec2-user/data/topics/4805 1040
@/home/ec2-user/data/topics/3406 1041
@/home/ec2-user/data/topics/3421 1042
@/home/ec2-user/data/topics/4840 1043
@/home/ec2-user/data/topics/4656 1044
@/home/ec2-user/data/topics/4498 1045
@/home/ec2-user/data/topics/4046 1046
@/home/ec2-user/data/topics/1855 1047
@/home/ec2-user/data/topics/4164 1048
@/home/ec2-user/data/topics/1028 1049
@/home/ec2-user/data/topics/4423 1050
@/home/ec2-user/data/topics/4024 1051
@/home/ec2-user/data/topics/4622 1052
富士写真フイルム株式会社

@/home/ec2-user/data/topics/1603 1053
@/home/ec2-user/data/topics/1244 1053
@/home/ec2-user/data/topics/3857 1054
@/home/ec2-user/data/topics/4962 1055
@/home/ec2-user/data/topics/3447 1056
@/home/ec2-user/data/topics/3911 1057
@/home/ec2-user/data/topics/3918 1058
@/home/ec2-user/data/topics/2134 1059
@/home/ec2-user/data/topics/1570 1060
@/home/ec2-user/data/topics/1662 1061
@/home/ec2-user/data/topics/3354 1062
京セラ株式会社

@/home/ec2-user/data/topics/1913 1063
@/home/ec2-user/data/topics/1741 1063
@/home/ec2-user/data/topics/3741 1064
@/home/ec2-user/data/topics/3615 1065
@/home/ec2-user/data/topics/1485 1066
@/home/ec2-user/data/topics/3593 1067
@/home/ec2-user/data/topics/1708 1068
@/home/ec2-user/data/topics/3869 1069
@/home/ec2-user/data/topics/4901 1070
@/home/ec2-user/data/topics/4513 1071
@/home/ec2-user/data/topics/4340 1072
@/home/ec2-user/data/topics/4031 1073
イビデン株式会社

@/home/ec2-user/data/topics/1952 1074
@/home/ec2-user/data/topics/1336 1074
@/home/ec2-user/data/topics/1770 1075
@/home/ec2-user/data/topics/1315 1076
@/home/ec2-user/data/topics/2033 1077
@/home/ec2-user/data/topics/1682 1078
@/home/ec2-user/data/topics/3814 1079
株式会社東芝

@/home/ec2-user/data/topics/1757 1080
@/home/ec2-user/data/topics/3732 1080
@/home/ec2-user/data/topics/3360 1081
@/home/ec2-user/data/topics/4096 1082
@/home/ec2-user/data/topics/3351 1083
@/home/ec2-user/data/topics/3834 1084
@/home/ec2-user/data/topics/3716 1085
@/home/ec2-user/data/topics/4631 1086
@/home/ec2-user/data/topics/4140 1087
@/home/ec2-user/data/topics/3462 1088
@/home/ec2-user/data/topics/1819 1089
@/home/ec2-user/data/topics/3688 1090
@/home/ec2-user/data/topics/4183 1091
@/home/ec2-user/data/topics/4751 1092
@/home/ec2-user/data/topics/4292 1093
@/home/ec2-user/data/topics/1756 1094
@/home/ec2-user/data/topics/3683 1095
@/home/ec2-user/data/topics/4881 1096
@/home/ec2-user/data/topics/3780 1097
@/home/ec2-user/data/topics/3990 1098
@/home/ec2-user/data/topics/4009 1099
@/home/ec2-user/data/topics/3890 1100
@/home/ec2-user/data/topics/4755 1101
@/home/ec2-user/data/topics/3988 1102
@/home/ec2-user/data/topics/4381 1103
@/home/ec2-user/data/topics/1585 1104
@/home/ec2-user/data/topics/3542 1105
@/home/ec2-user/data/topics/4336 1106
@/home/ec2-user/data/topics/4057 1107
@/home/ec2-user/data/topics/4623 1108
@/home/ec2-user/data/topics/4535 1109
@/home/ec2-user/data/topics/4863 1110
@/home/ec2-user/data/topics/4089 1111
@/home/ec2-user/data/topics/4172 1112
@/home/ec2-user/data/topics/3689 1113
@/home/ec2-user/data/topics/4566 1114
@/home/ec2-user/data/topics/1090 1115
@/home/ec2-user/data/topics/4509 1116
@/home/ec2-user/data/topics/1997 1117
@/home/ec2-user/data/topics/3881 1118
@/home/ec2-user/data/topics/3618 1119
@/home/ec2-user/data/topics/4594 1120
@/home/ec2-user/data/topics/3598 1121
@/home/ec2-user/data/topics/4361 1122
@/home/ec2-user/data/topics/1332 1123
@/home/ec2-user/data/topics/3734 1124
@/home/ec2-user/data/topics/3363 1125
@/home/ec2-user/data/topics/1132 1126
@/home/ec2-user/data/topics/3948 1127
@/home/ec2-user/data/topics/3851 1128
@/home/ec2-user/data/topics/1205 1129
@/home/ec2-user/data/topics/3795 1130
@/home/ec2-user/data/topics/2241 1131
@/home/ec2-user/data/topics/4197 1132
@/home/ec2-user/data/topics/4842 1133
@/home/ec2-user/data/topics/3380 1134
@/home/ec2-user/data/topics/4165 1135
@/home/ec2-user/data/topics/3352 1136
@/home/ec2-user/data/topics/4935 1137
@/home/ec2-user/data/topics/4912 1138
@/home/ec2-user/data/topics/4302 1139
ヤマハ株式会社

@/home/ec2-user/data/topics/4084 1140
@/home/ec2-user/data/topics/4125 1140
@/home/ec2-user/data/topics/4919 1141
@/home/ec2-user/data/topics/1676 1142
@/home/ec2-user/data/topics/1911 1143
@/home/ec2-user/data/topics/4177 1144
@/home/ec2-user/data/topics/4954 1145
@/home/ec2-user/data/topics/4145 1146
@/home/ec2-user/data/topics/4045 1147
@/home/ec2-user/data/topics/3972 1148
@/home/ec2-user/data/topics/4010 1149
@/home/ec2-user/data/topics/1443 1150
@/home/ec2-user/data/topics/1720 1151
東洋紡績株式会社

@/home/ec2-user/data/topics/4362 1152
@/home/ec2-user/data/topics/1029 1152
@/home/ec2-user/data/topics/1613 1153
@/home/ec2-user/data/topics/4284 1154
@/home/ec2-user/data/topics/3769 1155
@/home/ec2-user/data/topics/4366 1156
三菱化学株式会社

@/home/ec2-user/data/topics/1902 1157
@/home/ec2-user/data/topics/1699 1157
@/home/ec2-user/data/topics/3513 1158
@/home/ec2-user/data/topics/1197 1159
@/home/ec2-user/data/topics/3638 1160
@/home/ec2-user/data/topics/3458 1161
カシオ計算機株式会社

@/home/ec2-user/data/topics/1047 1162
@/home/ec2-user/data/topics/2237 1162
@/home/ec2-user/data/topics/3391 1163
@/home/ec2-user/data/topics/1794 1164
@/home/ec2-user/data/topics/1535 1165
@/home/ec2-user/data/topics/1368 1166
@/home/ec2-user/data/topics/2180 1167
@/home/ec2-user/data/topics/1235 1168
コナミ株式会社

@/home/ec2-user/data/topics/5015 1169
@/home/ec2-user/data/topics/2100 1169
@/home/ec2-user/data/topics/4681 1170
@/home/ec2-user/data/topics/1621 1171
@/home/ec2-user/data/topics/2151 1172
@/home/ec2-user/data/topics/4602 1173
@/home/ec2-user/data/topics/1672 1174
@/home/ec2-user/data/topics/1302 1175
大日本スクリーン製造株式会社

@/home/ec2-user/data/topics/1130 1176
@/home/ec2-user/data/topics/3742 1176
@/home/ec2-user/data/topics/2209 1177
@/home/ec2-user/data/topics/1779 1178
@/home/ec2-user/data/topics/2172 1179
@/home/ec2-user/data/topics/1173 1180
@/home/ec2-user/data/topics/1608 1181
オムロン株式会社

@/home/ec2-user/data/topics/1579 1182
@/home/ec2-user/data/topics/2096 1182
@/home/ec2-user/data/topics/1657 1183
@/home/ec2-user/data/topics/3700 1184
@/home/ec2-user/data/topics/1135 1185
@/home/ec2-user/data/topics/3597 1186
@/home/ec2-user/data/topics/1533 1187
@/home/ec2-user/data/topics/3863 1188
@/home/ec2-user/data/topics/1841 1189
@/home/ec2-user/data/topics/3594 1190
@/home/ec2-user/data/topics/1151 1191
@/home/ec2-user/data/topics/4771 1192
@/home/ec2-user/data/topics/3748 1193
@/home/ec2-user/data/topics/1933 1194
@/home/ec2-user/data/topics/1067 1195
株式会社日立製作所

@/home/ec2-user/data/topics/3531 1196
@/home/ec2-user/data/topics/4058 1196
@/home/ec2-user/data/topics/3973 1197
@/home/ec2-user/data/topics/5029 1198
@/home/ec2-user/data/topics/1278 1199
@/home/ec2-user/data/topics/3588 1200
@/home/ec2-user/data/topics/3706 1201
@/home/ec2-user/data/topics/1825 1202
@/home/ec2-user/data/topics/3384 1203
@/home/ec2-user/data/topics/3993 1204
@/home/ec2-user/data/topics/4799 1205
@/home/ec2-user/data/topics/4547 1206
@/home/ec2-user/data/topics/1826 1207
@/home/ec2-user/data/topics/3596 1208
@/home/ec2-user/data/topics/3524 1209
@/home/ec2-user/data/topics/1340 1210
@/home/ec2-user/data/topics/1334 1211
@/home/ec2-user/data/topics/3659 1212
@/home/ec2-user/data/topics/2019 1213
@/home/ec2-user/data/topics/4943 1214
@/home/ec2-user/data/topics/3691 1215
@/home/ec2-user/data/topics/1987 1216
@/home/ec2-user/data/topics/3779 1217
@/home/ec2-user/data/topics/1487 1218
@/home/ec2-user/data/topics/1693 1219
@/home/ec2-user/data/topics/3965 1220
@/home/ec2-user/data/topics/3772 1221
@/home/ec2-user/data/topics/5030 1222
@/home/ec2-user/data/topics/3599 1223
@/home/ec2-user/data/topics/4122 1224
@/home/ec2-user/data/topics/3488 1225
@/home/ec2-user/data/topics/4551 1226
@/home/ec2-user/data/topics/4545 1227
@/home/ec2-user/data/topics/1880 1228
@/home/ec2-user/data/topics/4420 1229
@/home/ec2-user/data/topics/1501 1230
@/home/ec2-user/data/topics/1651 1231
@/home/ec2-user/data/topics/3471 1232
@/home/ec2-user/data/topics/3440 1233
@/home/ec2-user/data/topics/3461 1234
@/home/ec2-user/data/topics/1562 1235
@/home/ec2-user/data/topics/2184 1236
@/home/ec2-user/data/topics/1833 1237
@/home/ec2-user/data/topics/1082 1238
@/home/ec2-user/data/topics/3665 1239
@/home/ec2-user/data/topics/1247 1240
@/home/ec2-user/data/topics/4402 1241
@/home/ec2-user/data/topics/1296 1242
@/home/ec2-user/data/topics/4401 1243
@/home/ec2-user/data/topics/3570 1244
@/home/ec2-user/data/topics/1667 1245
@/home/ec2-user/data/topics/4990 1246
@/home/ec2-user/data/topics/1072 1247
@/home/ec2-user/data/topics/1463 1248
@/home/ec2-user/data/topics/3432 1249
@/home/ec2-user/data/topics/4559 1250
@/home/ec2-user/data/topics/1882 1251
@/home/ec2-user/data/topics/2239 1252
@/home/ec2-user/data/topics/3822 1253
@/home/ec2-user/data/topics/4493 1254
@/home/ec2-user/data/topics/4489 1255
@/home/ec2-user/data/topics/3439 1256
@/home/ec2-user/data/topics/4830 1257
@/home/ec2-user/data/topics/3350 1258
@/home/ec2-user/data/topics/3968 1259
@/home/ec2-user/data/topics/3648 1260
@/home/ec2-user/data/topics/1640 1261
@/home/ec2-user/data/topics/4040 1262
@/home/ec2-user/data/topics/4621 1263
@/home/ec2-user/data/topics/4166 1264
@/home/ec2-user/data/topics/1105 1265
@/home/ec2-user/data/topics/1249 1266
@/home/ec2-user/data/topics/2081 1267
@/home/ec2-user/data/topics/3994 1268
凸版印刷株式会社

@/home/ec2-user/data/topics/4874 1269
@/home/ec2-user/data/topics/1977 1269
@/home/ec2-user/data/topics/3624 1270
@/home/ec2-user/data/topics/3500 1271
@/home/ec2-user/data/topics/3526 1272
@/home/ec2-user/data/topics/1091 1273
@/home/ec2-user/data/topics/1765 1274
株式会社ノーリツ

@/home/ec2-user/data/topics/1760 1275
@/home/ec2-user/data/topics/2116 1275
@/home/ec2-user/data/topics/4354 1276
@/home/ec2-user/data/topics/1618 1277
@/home/ec2-user/data/topics/4206 1278
@/home/ec2-user/data/topics/4776 1279
@/home/ec2-user/data/topics/1598 1280
@/home/ec2-user/data/topics/1290 1281
川崎重工業株式会社

@/home/ec2-user/data/topics/5025 1282
@/home/ec2-user/data/topics/4944 1282
@/home/ec2-user/data/topics/4572 1283
@/home/ec2-user/data/topics/1162 1284
@/home/ec2-user/data/topics/4793 1285
@/home/ec2-user/data/topics/4756 1286
@/home/ec2-user/data/topics/1172 1287
@/home/ec2-user/data/topics/4866 1288
ティーディーケイ株式会社

@/home/ec2-user/data/topics/3909 1289
@/home/ec2-user/data/topics/1129 1289
@/home/ec2-user/data/topics/1409 1290
@/home/ec2-user/data/topics/3792 1291
@/home/ec2-user/data/topics/1510 1292
@/home/ec2-user/data/topics/3798 1293
@/home/ec2-user/data/topics/4619 1294
@/home/ec2-user/data/topics/2202 1295
@/home/ec2-user/data/topics/2210 1296
京セラミタ株式会社

@/home/ec2-user/data/topics/4973 1297
@/home/ec2-user/data/topics/4564 1297
@/home/ec2-user/data/topics/4985 1298
@/home/ec2-user/data/topics/1032 1299
@/home/ec2-user/data/topics/2141 1300
@/home/ec2-user/data/topics/4174 1301
@/home/ec2-user/data/topics/1930 1302
株式会社クボタ

@/home/ec2-user/data/topics/3854 1303
@/home/ec2-user/data/topics/3823 1303
@/home/ec2-user/data/topics/1734 1304
@/home/ec2-user/data/topics/3919 1305
@/home/ec2-user/data/topics/4251 1306
@/home/ec2-user/data/topics/1448 1307
@/home/ec2-user/data/topics/1280 1308
@/home/ec2-user/data/topics/1012 1309
@/home/ec2-user/data/topics/4745 1310
@/home/ec2-user/data/topics/4379 1311
シャープ株式会社

@/home/ec2-user/data/topics/4124 1312
@/home/ec2-user/data/topics/4263 1312
@/home/ec2-user/data/topics/4152 1313
@/home/ec2-user/data/topics/4323 1314
@/home/ec2-user/data/topics/3895 1315
@/home/ec2-user/data/topics/1288 1316
@/home/ec2-user/data/topics/1840 1317
@/home/ec2-user/data/topics/1431 1318
@/home/ec2-user/data/topics/4516 1319
@/home/ec2-user/data/topics/3941 1320
@/home/ec2-user/data/topics/4214 1321
@/home/ec2-user/data/topics/4103 1322
@/home/ec2-user/data/topics/3762 1323
@/home/ec2-user/data/topics/4173 1324
@/home/ec2-user/data/topics/4744 1325
@/home/ec2-user/data/topics/3606 1326
@/home/ec2-user/data/topics/4691 1327
@/home/ec2-user/data/topics/4005 1328
@/home/ec2-user/data/topics/3698 1329
@/home/ec2-user/data/topics/4648 1330
@/home/ec2-user/data/topics/3858 1331
@/home/ec2-user/data/topics/1561 1332
@/home/ec2-user/data/topics/4519 1333
@/home/ec2-user/data/topics/3777 1334
@/home/ec2-user/data/topics/4256 1335
@/home/ec2-user/data/topics/3679 1336
@/home/ec2-user/data/topics/2084 1337
@/home/ec2-user/data/topics/1318 1338
@/home/ec2-user/data/topics/1154 1339
@/home/ec2-user/data/topics/1396 1340
@/home/ec2-user/data/topics/3793 1341
@/home/ec2-user/data/topics/1965 1342
@/home/ec2-user/data/topics/1419 1343
@/home/ec2-user/data/topics/4127 1344
@/home/ec2-user/data/topics/1685 1345
@/home/ec2-user/data/topics/1563 1346
@/home/ec2-user/data/topics/2087 1347
@/home/ec2-user/data/topics/4228 1348
@/home/ec2-user/data/topics/4683 1349
@/home/ec2-user/data/topics/3966 1350
@/home/ec2-user/data/topics/3610 1351
@/home/ec2-user/data/topics/4245 1352
@/home/ec2-user/data/topics/4230 1353
@/home/ec2-user/data/topics/3832 1354
@/home/ec2-user/data/topics/4469 1355
@/home/ec2-user/data/topics/3578 1356
@/home/ec2-user/data/topics/4252 1357
@/home/ec2-user/data/topics/4113 1358
@/home/ec2-user/data/topics/1258 1359
@/home/ec2-user/data/topics/4430 1360
@/home/ec2-user/data/topics/3871 1361
@/home/ec2-user/data/topics/4583 1362
@/home/ec2-user/data/topics/3855 1363
@/home/ec2-user/data/topics/4349 1364
@/home/ec2-user/data/topics/1349 1365
@/home/ec2-user/data/topics/3813 1366
@/home/ec2-user/data/topics/3452 1367
@/home/ec2-user/data/topics/3776 1368
@/home/ec2-user/data/topics/1804 1369
@/home/ec2-user/data/topics/3678 1370
@/home/ec2-user/data/topics/4717 1371
@/home/ec2-user/data/topics/4861 1372
@/home/ec2-user/data/topics/3981 1373
@/home/ec2-user/data/topics/3450 1374
@/home/ec2-user/data/topics/4095 1375
@/home/ec2-user/data/topics/3537 1376
@/home/ec2-user/data/topics/4782 1377
@/home/ec2-user/data/topics/3978 1378
@/home/ec2-user/data/topics/2020 1379
@/home/ec2-user/data/topics/3649 1380
@/home/ec2-user/data/topics/2118 1381
@/home/ec2-user/data/topics/1384 1382
@/home/ec2-user/data/topics/1174 1383
@/home/ec2-user/data/topics/3673 1384
@/home/ec2-user/data/topics/4019 1385
@/home/ec2-user/data/topics/3422 1386
@/home/ec2-user/data/topics/1209 1387
@/home/ec2-user/data/topics/1970 1388
@/home/ec2-user/data/topics/4105 1389
@/home/ec2-user/data/topics/3760 1390
@/home/ec2-user/data/topics/3957 1391
日本輸送機株式会社

@/home/ec2-user/data/topics/3573 1392
@/home/ec2-user/data/topics/1191 1392
@/home/ec2-user/data/topics/1108 1393
@/home/ec2-user/data/topics/2065 1394
@/home/ec2-user/data/topics/1456 1395
@/home/ec2-user/data/topics/2221 1396
@/home/ec2-user/data/topics/1940 1397
@/home/ec2-user/data/topics/1493 1398
東京エレクトロン株式会社

@/home/ec2-user/data/topics/4702 1399
@/home/ec2-user/data/topics/4906 1399
@/home/ec2-user/data/topics/1736 1400
@/home/ec2-user/data/topics/4345 1401
@/home/ec2-user/data/topics/1263 1402
@/home/ec2-user/data/topics/4002 1403
@/home/ec2-user/data/topics/1800 1404
@/home/ec2-user/data/topics/4053 1405
@/home/ec2-user/data/topics/3947 1406
@/home/ec2-user/data/topics/4618 1407
@/home/ec2-user/data/topics/4023 1408
@/home/ec2-user/data/topics/1508 1409
株式会社村田製作所

@/home/ec2-user/data/topics/1411 1410
@/home/ec2-user/data/topics/1374 1410
@/home/ec2-user/data/topics/3697 1411
@/home/ec2-user/data/topics/4070 1412
@/home/ec2-user/data/topics/4325 1413
@/home/ec2-user/data/topics/3482 1414
@/home/ec2-user/data/topics/4703 1415
@/home/ec2-user/data/topics/3435 1416
@/home/ec2-user/data/topics/4795 1417
@/home/ec2-user/data/topics/4163 1418
@/home/ec2-user/data/topics/3885 1419
@/home/ec2-user/data/topics/4271 1420
@/home/ec2-user/data/topics/4417 1421
@/home/ec2-user/data/topics/4042 1422
@/home/ec2-user/data/topics/4378 1423
@/home/ec2-user/data/topics/2229 1424
@/home/ec2-user/data/topics/4432 1425
日本電信電話株式会社

@/home/ec2-user/data/topics/4560 1426
@/home/ec2-user/data/topics/1787 1426
@/home/ec2-user/data/topics/3509 1427
@/home/ec2-user/data/topics/3650 1428
@/home/ec2-user/data/topics/3359 1429
@/home/ec2-user/data/topics/3915 1430
@/home/ec2-user/data/topics/4208 1431
@/home/ec2-user/data/topics/1809 1432
@/home/ec2-user/data/topics/4964 1433
@/home/ec2-user/data/topics/3824 1434
@/home/ec2-user/data/topics/4104 1435
@/home/ec2-user/data/topics/3536 1436
@/home/ec2-user/data/topics/3928 1437
@/home/ec2-user/data/topics/4511 1438
@/home/ec2-user/data/topics/4836 1439
@/home/ec2-user/data/topics/3568 1440
@/home/ec2-user/data/topics/3521 1441
@/home/ec2-user/data/topics/4114 1442
@/home/ec2-user/data/topics/4916 1443
@/home/ec2-user/data/topics/4335 1444
@/home/ec2-user/data/topics/4087 1445
@/home/ec2-user/data/topics/3552 1446
@/home/ec2-user/data/topics/3425 1447
@/home/ec2-user/data/topics/1556 1448
@/home/ec2-user/data/topics/4232 1449
@/home/ec2-user/data/topics/4925 1450
@/home/ec2-user/data/topics/3927 1451
@/home/ec2-user/data/topics/4443 1452
@/home/ec2-user/data/topics/3641 1453
@/home/ec2-user/data/topics/3544 1454
@/home/ec2-user/data/topics/4118 1455
@/home/ec2-user/data/topics/4175 1456
@/home/ec2-user/data/topics/4865 1457
@/home/ec2-user/data/topics/4965 1458
@/home/ec2-user/data/topics/1934 1459
@/home/ec2-user/data/topics/4121 1460
@/home/ec2-user/data/topics/1229 1461
@/home/ec2-user/data/topics/1230 1462
@/home/ec2-user/data/topics/2130 1463
@/home/ec2-user/data/topics/4792 1464
@/home/ec2-user/data/topics/4952 1465
@/home/ec2-user/data/topics/1408 1466
@/home/ec2-user/data/topics/4146 1467
@/home/ec2-user/data/topics/4870 1468
@/home/ec2-user/data/topics/2017 1469
@/home/ec2-user/data/topics/3894 1470
@/home/ec2-user/data/topics/4664 1471
@/home/ec2-user/data/topics/4505 1472
@/home/ec2-user/data/topics/4025 1473
@/home/ec2-user/data/topics/4131 1474
@/home/ec2-user/data/topics/4115 1475
@/home/ec2-user/data/topics/4488 1476
@/home/ec2-user/data/topics/3785 1477
@/home/ec2-user/data/topics/1042 1478
@/home/ec2-user/data/topics/3586 1479
@/home/ec2-user/data/topics/3811 1480
日本鋼管株式会社

@/home/ec2-user/data/topics/4161 1481
@/home/ec2-user/data/topics/1690 1481
@/home/ec2-user/data/topics/4289 1482
@/home/ec2-user/data/topics/2095 1483
@/home/ec2-user/data/topics/4455 1484
@/home/ec2-user/data/topics/1404 1485
@/home/ec2-user/data/topics/3572 1486
株式会社神戸製鋼所

@/home/ec2-user/data/topics/4949 1487
@/home/ec2-user/data/topics/3632 1487
@/home/ec2-user/data/topics/3475 1488
@/home/ec2-user/data/topics/3902 1489
@/home/ec2-user/data/topics/2064 1490
@/home/ec2-user/data/topics/3674 1491
@/home/ec2-user/data/topics/1465 1492
株式会社ケンウッド

@/home/ec2-user/data/topics/2036 1493
@/home/ec2-user/data/topics/3878 1493
@/home/ec2-user/data/topics/1617 1494
@/home/ec2-user/data/topics/3839 1495
@/home/ec2-user/data/topics/1896 1496
@/home/ec2-user/data/topics/1241 1497
@/home/ec2-user/data/topics/3969 1498
@/home/ec2-user/data/topics/3977 1499
@/home/ec2-user/data/topics/4050 1500
@/home/ec2-user/data/topics/1698 1501
@/home/ec2-user/data/topics/2163 1502
@/home/ec2-user/data/topics/1424 1503
@/home/ec2-user/data/topics/4467 1504
@/home/ec2-user/data/topics/3463 1505
@/home/ec2-user/data/topics/4167 1506
@/home/ec2-user/data/topics/1345 1507
@/home/ec2-user/data/topics/3801 1508
@/home/ec2-user/data/topics/1115 1509
@/home/ec2-user/data/topics/4038 1510
@/home/ec2-user/data/topics/3794 1511
@/home/ec2-user/data/topics/1186 1512
東陶機器株式会社

@/home/ec2-user/data/topics/1626 1513
@/home/ec2-user/data/topics/1735 1513
@/home/ec2-user/data/topics/3583 1514
@/home/ec2-user/data/topics/2135 1515
@/home/ec2-user/data/topics/1692 1516
@/home/ec2-user/data/topics/3821 1517
本田技研工業株式会社

@/home/ec2-user/data/topics/4888 1518
@/home/ec2-user/data/topics/2000 1518
@/home/ec2-user/data/topics/1215 1519
@/home/ec2-user/data/topics/1818 1520
@/home/ec2-user/data/topics/1822 1521
@/home/ec2-user/data/topics/3685 1522
@/home/ec2-user/data/topics/1143 1523
@/home/ec2-user/data/topics/1226 1524
@/home/ec2-user/data/topics/1266 1525
@/home/ec2-user/data/topics/4375 1526
@/home/ec2-user/data/topics/1605 1527
@/home/ec2-user/data/topics/5026 1528
@/home/ec2-user/data/topics/4199 1529
@/home/ec2-user/data/topics/4132 1530
@/home/ec2-user/data/topics/2016 1531
@/home/ec2-user/data/topics/4033 1532
@/home/ec2-user/data/topics/4783 1533
@/home/ec2-user/data/topics/1444 1534
@/home/ec2-user/data/topics/4331 1535
新日本製鐵株式会社

@/home/ec2-user/data/topics/3663 1536
@/home/ec2-user/data/topics/3899 1536
@/home/ec2-user/data/topics/3861 1537
@/home/ec2-user/data/topics/4472 1538
@/home/ec2-user/data/topics/3368 1539
@/home/ec2-user/data/topics/5008 1540
松下電工株式会社

@/home/ec2-user/data/topics/3670 1541
@/home/ec2-user/data/topics/3835 1541
@/home/ec2-user/data/topics/3379 1542
@/home/ec2-user/data/topics/4012 1543
@/home/ec2-user/data/topics/3565 1544
@/home/ec2-user/data/topics/4029 1545
@/home/ec2-user/data/topics/3511 1546
@/home/ec2-user/data/topics/4592 1547
@/home/ec2-user/data/topics/1803 1548
@/home/ec2-user/data/topics/4347 1549
@/home/ec2-user/data/topics/4317 1550
@/home/ec2-user/data/topics/1011 1551
@/home/ec2-user/data/topics/2045 1552
@/home/ec2-user/data/topics/4094 1553
@/home/ec2-user/data/topics/4450 1554
@/home/ec2-user/data/topics/3932 1555
@/home/ec2-user/data/topics/3549 1556
@/home/ec2-user/data/topics/1251 1557
@/home/ec2-user/data/topics/3778 1558
@/home/ec2-user/data/topics/3651 1559
@/home/ec2-user/data/topics/1311 1560
@/home/ec2-user/data/topics/4083 1561
usernum: 72
hit: 1468
simhit: 1393
simmax: 0.615997585909
simmin: 0.0
simavg: 0.198960379927
dlmax: 0.160459761698
dlmin: 0.00795173165644
dlavg: 0.03408434598
mthit: 1626
mthls: 0
srp: 92.502
total: 1562
hit/total: 0.939820742638
simhit/total: 0.891805377721
mthit/(total+usernum): 0.995104039168
mthls/(total+usernum): 0.0
srp/(total+usernum): 0.0188702570379
srp20/(total+usernum): 0.00521215830273
srp100/(total+usernum): 0.0139106487148
srp500/(total+usernum): 0.0173235414117

2016-12-24 13:48:28.105239
