2016-12-24 06:22:30.376816

topic-folder:/home/ec2-user/data/topics/
cl-file:/home/ec2-user/git/tfidf/result-new/b3-0.txt
cl-floder:/home/ec2-user/data/ldaclass-32-2000-top10000/
zipf:0.2
stype[0(tfidf)/1(tfidf2)/2(lsa)/3(lda)]:3
dtype[<0(diff*rand)/0(diff)/1(same)/>=2(diff*same)]:0
output-floder:/home/ec2-user/git/userquery/result

三菱マテリアル株式会社

@/home/ec2-user/data/topics/3520 0
@/home/ec2-user/data/topics/3630 0
@/home/ec2-user/data/topics/3866 1
@/home/ec2-user/data/topics/1638 2
@/home/ec2-user/data/topics/3546 3
@/home/ec2-user/data/topics/1085 4
@/home/ec2-user/data/topics/3470 5
@/home/ec2-user/data/topics/2093 6
日本精機株式会社

@/home/ec2-user/data/topics/4690 7
@/home/ec2-user/data/topics/4709 7
@/home/ec2-user/data/topics/4907 8
@/home/ec2-user/data/topics/4972 9
@/home/ec2-user/data/topics/4875 10
@/home/ec2-user/data/topics/1398 11
コニカ株式会社

@/home/ec2-user/data/topics/3486 12
@/home/ec2-user/data/topics/3370 12
@/home/ec2-user/data/topics/3419 13
@/home/ec2-user/data/topics/3426 14
@/home/ec2-user/data/topics/3414 15
@/home/ec2-user/data/topics/3431 16
@/home/ec2-user/data/topics/3357 17
@/home/ec2-user/data/topics/3533 18
@/home/ec2-user/data/topics/2162 19
@/home/ec2-user/data/topics/1946 20
@/home/ec2-user/data/topics/3418 21
埼玉日本電気株式会社

@/home/ec2-user/data/topics/4496 22
@/home/ec2-user/data/topics/4279 22
@/home/ec2-user/data/topics/4283 23
@/home/ec2-user/data/topics/1620 24
@/home/ec2-user/data/topics/5010 25
@/home/ec2-user/data/topics/4242 26
@/home/ec2-user/data/topics/4468 27
@/home/ec2-user/data/topics/1512 28
@/home/ec2-user/data/topics/4998 29
アルプス電気株式会社

@/home/ec2-user/data/topics/4791 30
@/home/ec2-user/data/topics/1434 30
@/home/ec2-user/data/topics/3429 31
@/home/ec2-user/data/topics/2012 32
@/home/ec2-user/data/topics/1253 33
@/home/ec2-user/data/topics/3582 34
@/home/ec2-user/data/topics/2089 35
三菱重工業株式会社

@/home/ec2-user/data/topics/3591 36
@/home/ec2-user/data/topics/4412 36
@/home/ec2-user/data/topics/3833 37
@/home/ec2-user/data/topics/3637 38
@/home/ec2-user/data/topics/4862 39
@/home/ec2-user/data/topics/4882 40
@/home/ec2-user/data/topics/4687 41
@/home/ec2-user/data/topics/3503 42
@/home/ec2-user/data/topics/5022 43
@/home/ec2-user/data/topics/3529 44
@/home/ec2-user/data/topics/4563 45
@/home/ec2-user/data/topics/3944 46
村田機械株式会社

@/home/ec2-user/data/topics/4565 47
@/home/ec2-user/data/topics/5000 47
@/home/ec2-user/data/topics/4441 48
@/home/ec2-user/data/topics/4746 49
@/home/ec2-user/data/topics/1511 50
@/home/ec2-user/data/topics/4556 51
@/home/ec2-user/data/topics/4570 52
@/home/ec2-user/data/topics/3740 53
@/home/ec2-user/data/topics/4941 54
@/home/ec2-user/data/topics/4645 55
@/home/ec2-user/data/topics/4638 56
@/home/ec2-user/data/topics/3528 57
@/home/ec2-user/data/topics/4596 58
@/home/ec2-user/data/topics/1293 59
@/home/ec2-user/data/topics/1074 60
@/home/ec2-user/data/topics/1607 61
@/home/ec2-user/data/topics/4835 62
川崎製鉄株式会社

@/home/ec2-user/data/topics/3483 63
@/home/ec2-user/data/topics/3532 63
@/home/ec2-user/data/topics/3611 64
@/home/ec2-user/data/topics/3929 65
@/home/ec2-user/data/topics/4615 66
@/home/ec2-user/data/topics/3553 67
@/home/ec2-user/data/topics/1037 68
@/home/ec2-user/data/topics/3413 69
@/home/ec2-user/data/topics/1459 70
ダイキン工業株式会社

@/home/ec2-user/data/topics/4845 71
@/home/ec2-user/data/topics/4734 71
@/home/ec2-user/data/topics/4400 72
@/home/ec2-user/data/topics/4753 73
@/home/ec2-user/data/topics/4515 74
@/home/ec2-user/data/topics/1565 75
@/home/ec2-user/data/topics/1600 76
@/home/ec2-user/data/topics/4701 77
@/home/ec2-user/data/topics/4858 78
@/home/ec2-user/data/topics/3888 79
@/home/ec2-user/data/topics/4367 80
三菱自動車工業株式会社

@/home/ec2-user/data/topics/3815 81
@/home/ec2-user/data/topics/2101 81
@/home/ec2-user/data/topics/1428 82
@/home/ec2-user/data/topics/1816 83
@/home/ec2-user/data/topics/3502 84
@/home/ec2-user/data/topics/4189 85
@/home/ec2-user/data/topics/1527 86
@/home/ec2-user/data/topics/3940 87
日産自動車株式会社

@/home/ec2-user/data/topics/3677 88
@/home/ec2-user/data/topics/3712 88
@/home/ec2-user/data/topics/3936 89
@/home/ec2-user/data/topics/4074 90
@/home/ec2-user/data/topics/4982 91
@/home/ec2-user/data/topics/3645 92
@/home/ec2-user/data/topics/3723 93
@/home/ec2-user/data/topics/3501 94
@/home/ec2-user/data/topics/3497 95
@/home/ec2-user/data/topics/3829 96
@/home/ec2-user/data/topics/3489 97
トヨタ自動車株式会社

@/home/ec2-user/data/topics/3943 98
@/home/ec2-user/data/topics/4767 98
@/home/ec2-user/data/topics/3405 99
@/home/ec2-user/data/topics/3725 100
@/home/ec2-user/data/topics/4633 101
@/home/ec2-user/data/topics/4030 102
@/home/ec2-user/data/topics/3731 103
@/home/ec2-user/data/topics/4144 104
@/home/ec2-user/data/topics/1494 105
@/home/ec2-user/data/topics/4617 106
@/home/ec2-user/data/topics/3783 107
@/home/ec2-user/data/topics/3587 108
@/home/ec2-user/data/topics/4658 109
@/home/ec2-user/data/topics/4008 110
@/home/ec2-user/data/topics/4647 111
@/home/ec2-user/data/topics/3758 112
@/home/ec2-user/data/topics/4543 113
@/home/ec2-user/data/topics/3356 114
@/home/ec2-user/data/topics/4064 115
@/home/ec2-user/data/topics/4426 116
@/home/ec2-user/data/topics/1551 117
@/home/ec2-user/data/topics/4346 118
@/home/ec2-user/data/topics/3671 119
@/home/ec2-user/data/topics/2111 120
@/home/ec2-user/data/topics/4298 121
@/home/ec2-user/data/topics/4920 122
@/home/ec2-user/data/topics/3699 123
@/home/ec2-user/data/topics/2218 124
@/home/ec2-user/data/topics/3481 125
オリンパス光学工業株式会社

@/home/ec2-user/data/topics/4013 126
@/home/ec2-user/data/topics/1981 126
@/home/ec2-user/data/topics/5006 127
@/home/ec2-user/data/topics/1586 128
@/home/ec2-user/data/topics/1107 129
@/home/ec2-user/data/topics/1155 130
@/home/ec2-user/data/topics/4878 131
@/home/ec2-user/data/topics/1869 132
@/home/ec2-user/data/topics/2026 133
@/home/ec2-user/data/topics/4007 134
@/home/ec2-user/data/topics/1739 135
@/home/ec2-user/data/topics/1835 136
ブラザー工業株式会社

@/home/ec2-user/data/topics/3477 137
@/home/ec2-user/data/topics/1300 137
@/home/ec2-user/data/topics/3507 138
@/home/ec2-user/data/topics/1183 139
@/home/ec2-user/data/topics/4548 140
@/home/ec2-user/data/topics/1164 141
@/home/ec2-user/data/topics/1697 142
@/home/ec2-user/data/topics/2085 143
@/home/ec2-user/data/topics/1906 144
@/home/ec2-user/data/topics/3789 145
@/home/ec2-user/data/topics/3613 146
@/home/ec2-user/data/topics/3686 147
@/home/ec2-user/data/topics/1076 148
@/home/ec2-user/data/topics/1636 149
@/home/ec2-user/data/topics/2086 150
富士通株式会社

@/home/ec2-user/data/topics/3870 151
@/home/ec2-user/data/topics/3962 151
@/home/ec2-user/data/topics/3799 152
@/home/ec2-user/data/topics/3751 153
@/home/ec2-user/data/topics/3883 154
@/home/ec2-user/data/topics/3399 155
@/home/ec2-user/data/topics/3460 156
@/home/ec2-user/data/topics/3381 157
@/home/ec2-user/data/topics/1998 158
@/home/ec2-user/data/topics/1123 159
@/home/ec2-user/data/topics/3749 160
@/home/ec2-user/data/topics/2216 161
@/home/ec2-user/data/topics/3850 162
@/home/ec2-user/data/topics/4191 163
@/home/ec2-user/data/topics/3862 164
@/home/ec2-user/data/topics/5004 165
@/home/ec2-user/data/topics/3970 166
@/home/ec2-user/data/topics/3765 167
@/home/ec2-user/data/topics/3428 168
@/home/ec2-user/data/topics/2227 169
@/home/ec2-user/data/topics/3846 170
@/home/ec2-user/data/topics/3400 171
@/home/ec2-user/data/topics/1874 172
@/home/ec2-user/data/topics/3802 173
@/home/ec2-user/data/topics/1609 174
@/home/ec2-user/data/topics/1547 175
@/home/ec2-user/data/topics/3912 176
@/home/ec2-user/data/topics/1264 177
@/home/ec2-user/data/topics/3538 178
@/home/ec2-user/data/topics/1271 179
@/home/ec2-user/data/topics/3636 180
@/home/ec2-user/data/topics/2215 181
静岡日本電気株式会社

@/home/ec2-user/data/topics/4250 182
@/home/ec2-user/data/topics/4326 182
@/home/ec2-user/data/topics/4531 183
@/home/ec2-user/data/topics/4314 184
@/home/ec2-user/data/topics/4365 185
@/home/ec2-user/data/topics/4507 186
住友重機械工業株式会社

@/home/ec2-user/data/topics/1553 187
@/home/ec2-user/data/topics/3868 187
@/home/ec2-user/data/topics/1900 188
@/home/ec2-user/data/topics/4854 189
@/home/ec2-user/data/topics/1373 190
@/home/ec2-user/data/topics/1019 191
@/home/ec2-user/data/topics/2039 192
@/home/ec2-user/data/topics/3952 193
@/home/ec2-user/data/topics/1505 194
大日本印刷株式会社

@/home/ec2-user/data/topics/1262 195
@/home/ec2-user/data/topics/1099 195
@/home/ec2-user/data/topics/1145 196
@/home/ec2-user/data/topics/3388 197
@/home/ec2-user/data/topics/1564 198
@/home/ec2-user/data/topics/3569 199
日本電気株式会社

@/home/ec2-user/data/topics/4779 200
@/home/ec2-user/data/topics/4063 200
@/home/ec2-user/data/topics/1112 201
@/home/ec2-user/data/topics/4216 202
@/home/ec2-user/data/topics/3938 203
@/home/ec2-user/data/topics/4338 204
@/home/ec2-user/data/topics/4578 205
@/home/ec2-user/data/topics/4659 206
@/home/ec2-user/data/topics/4389 207
@/home/ec2-user/data/topics/3875 208
@/home/ec2-user/data/topics/1891 209
@/home/ec2-user/data/topics/4398 210
@/home/ec2-user/data/topics/4442 211
@/home/ec2-user/data/topics/1973 212
@/home/ec2-user/data/topics/3954 213
@/home/ec2-user/data/topics/1326 214
@/home/ec2-user/data/topics/1791 215
@/home/ec2-user/data/topics/4665 216
@/home/ec2-user/data/topics/4650 217
@/home/ec2-user/data/topics/1661 218
@/home/ec2-user/data/topics/4646 219
@/home/ec2-user/data/topics/4480 220
@/home/ec2-user/data/topics/4388 221
@/home/ec2-user/data/topics/2022 222
@/home/ec2-user/data/topics/4497 223
@/home/ec2-user/data/topics/4414 224
@/home/ec2-user/data/topics/4260 225
@/home/ec2-user/data/topics/1948 226
@/home/ec2-user/data/topics/4352 227
@/home/ec2-user/data/topics/4254 228
@/home/ec2-user/data/topics/1624 229
@/home/ec2-user/data/topics/4247 230
@/home/ec2-user/data/topics/4404 231
@/home/ec2-user/data/topics/3896 232
@/home/ec2-user/data/topics/4246 233
@/home/ec2-user/data/topics/4816 234
@/home/ec2-user/data/topics/4926 235
@/home/ec2-user/data/topics/1464 236
@/home/ec2-user/data/topics/1783 237
@/home/ec2-user/data/topics/4477 238
@/home/ec2-user/data/topics/1281 239
@/home/ec2-user/data/topics/4288 240
@/home/ec2-user/data/topics/4940 241
@/home/ec2-user/data/topics/4313 242
@/home/ec2-user/data/topics/4116 243
@/home/ec2-user/data/topics/1567 244
@/home/ec2-user/data/topics/4093 245
@/home/ec2-user/data/topics/4696 246
@/home/ec2-user/data/topics/4877 247
@/home/ec2-user/data/topics/4071 248
@/home/ec2-user/data/topics/1383 249
@/home/ec2-user/data/topics/4595 250
@/home/ec2-user/data/topics/4097 251
@/home/ec2-user/data/topics/1100 252
@/home/ec2-user/data/topics/4276 253
@/home/ec2-user/data/topics/4134 254
@/home/ec2-user/data/topics/4609 255
@/home/ec2-user/data/topics/4876 256
@/home/ec2-user/data/topics/1457 257
@/home/ec2-user/data/topics/4319 258
@/home/ec2-user/data/topics/4485 259
@/home/ec2-user/data/topics/4343 260
@/home/ec2-user/data/topics/4371 261
@/home/ec2-user/data/topics/2088 262
@/home/ec2-user/data/topics/4142 263
@/home/ec2-user/data/topics/1360 264
@/home/ec2-user/data/topics/4017 265
@/home/ec2-user/data/topics/4440 266
@/home/ec2-user/data/topics/1523 267
@/home/ec2-user/data/topics/4603 268
@/home/ec2-user/data/topics/3724 269
@/home/ec2-user/data/topics/4460 270
@/home/ec2-user/data/topics/4137 271
@/home/ec2-user/data/topics/4728 272
@/home/ec2-user/data/topics/4192 273
@/home/ec2-user/data/topics/4561 274
@/home/ec2-user/data/topics/4342 275
@/home/ec2-user/data/topics/4244 276
@/home/ec2-user/data/topics/4082 277
@/home/ec2-user/data/topics/1078 278
@/home/ec2-user/data/topics/4138 279
@/home/ec2-user/data/topics/4267 280
@/home/ec2-user/data/topics/1101 281
@/home/ec2-user/data/topics/3886 282
@/home/ec2-user/data/topics/4081 283
@/home/ec2-user/data/topics/4275 284
@/home/ec2-user/data/topics/4651 285
@/home/ec2-user/data/topics/4153 286
@/home/ec2-user/data/topics/2041 287
@/home/ec2-user/data/topics/4393 288
@/home/ec2-user/data/topics/2150 289
@/home/ec2-user/data/topics/4434 290
@/home/ec2-user/data/topics/4272 291
@/home/ec2-user/data/topics/4838 292
@/home/ec2-user/data/topics/4062 293
@/home/ec2-user/data/topics/4427 294
@/home/ec2-user/data/topics/3729 295
@/home/ec2-user/data/topics/4446 296
@/home/ec2-user/data/topics/4258 297
@/home/ec2-user/data/topics/4129 298
@/home/ec2-user/data/topics/4808 299
@/home/ec2-user/data/topics/4425 300
@/home/ec2-user/data/topics/4204 301
@/home/ec2-user/data/topics/4158 302
@/home/ec2-user/data/topics/4749 303
@/home/ec2-user/data/topics/4708 304
@/home/ec2-user/data/topics/4533 305
@/home/ec2-user/data/topics/1016 306
@/home/ec2-user/data/topics/3897 307
@/home/ec2-user/data/topics/4486 308
@/home/ec2-user/data/topics/4359 309
@/home/ec2-user/data/topics/4390 310
@/home/ec2-user/data/topics/4530 311
@/home/ec2-user/data/topics/1844 312
@/home/ec2-user/data/topics/1764 313
@/home/ec2-user/data/topics/1923 314
@/home/ec2-user/data/topics/1710 315
@/home/ec2-user/data/topics/4120 316
@/home/ec2-user/data/topics/5034 317
@/home/ec2-user/data/topics/4281 318
@/home/ec2-user/data/topics/4433 319
@/home/ec2-user/data/topics/4657 320
@/home/ec2-user/data/topics/1052 321
@/home/ec2-user/data/topics/4185 322
@/home/ec2-user/data/topics/4490 323
@/home/ec2-user/data/topics/4598 324
@/home/ec2-user/data/topics/4154 325
@/home/ec2-user/data/topics/4227 326
@/home/ec2-user/data/topics/4171 327
@/home/ec2-user/data/topics/4721 328
@/home/ec2-user/data/topics/4532 329
@/home/ec2-user/data/topics/4240 330
@/home/ec2-user/data/topics/4549 331
@/home/ec2-user/data/topics/4824 332
@/home/ec2-user/data/topics/1044 333
@/home/ec2-user/data/topics/1122 334
@/home/ec2-user/data/topics/4320 335
@/home/ec2-user/data/topics/1815 336
@/home/ec2-user/data/topics/4634 337
@/home/ec2-user/data/topics/4759 338
@/home/ec2-user/data/topics/4760 339
@/home/ec2-user/data/topics/4236 340
@/home/ec2-user/data/topics/1852 341
@/home/ec2-user/data/topics/4613 342
@/home/ec2-user/data/topics/2127 343
@/home/ec2-user/data/topics/2031 344
@/home/ec2-user/data/topics/1612 345
@/home/ec2-user/data/topics/4644 346
@/home/ec2-user/data/topics/4682 347
@/home/ec2-user/data/topics/1634 348
@/home/ec2-user/data/topics/4584 349
@/home/ec2-user/data/topics/4168 350
@/home/ec2-user/data/topics/4360 351
@/home/ec2-user/data/topics/4666 352
@/home/ec2-user/data/topics/2166 353
@/home/ec2-user/data/topics/4537 354
@/home/ec2-user/data/topics/1724 355
@/home/ec2-user/data/topics/1867 356
@/home/ec2-user/data/topics/4643 357
@/home/ec2-user/data/topics/4196 358
@/home/ec2-user/data/topics/1116 359
@/home/ec2-user/data/topics/4318 360
@/home/ec2-user/data/topics/4850 361
@/home/ec2-user/data/topics/4718 362
@/home/ec2-user/data/topics/4309 363
@/home/ec2-user/data/topics/4300 364
@/home/ec2-user/data/topics/4770 365
@/home/ec2-user/data/topics/1595 366
@/home/ec2-user/data/topics/4238 367
@/home/ec2-user/data/topics/4764 368
@/home/ec2-user/data/topics/1500 369
@/home/ec2-user/data/topics/3956 370
@/home/ec2-user/data/topics/4315 371
@/home/ec2-user/data/topics/4742 372
@/home/ec2-user/data/topics/4626 373
@/home/ec2-user/data/topics/4162 374
@/home/ec2-user/data/topics/4750 375
@/home/ec2-user/data/topics/3744 376
@/home/ec2-user/data/topics/1362 377
@/home/ec2-user/data/topics/1773 378
@/home/ec2-user/data/topics/4273 379
@/home/ec2-user/data/topics/4458 380
@/home/ec2-user/data/topics/1199 381
@/home/ec2-user/data/topics/3995 382
@/home/ec2-user/data/topics/4128 383
@/home/ec2-user/data/topics/4447 384
@/home/ec2-user/data/topics/3971 385
@/home/ec2-user/data/topics/3767 386
@/home/ec2-user/data/topics/4278 387
@/home/ec2-user/data/topics/4119 388
@/home/ec2-user/data/topics/4257 389
@/home/ec2-user/data/topics/4186 390
@/home/ec2-user/data/topics/4536 391
@/home/ec2-user/data/topics/1937 392
@/home/ec2-user/data/topics/4418 393
@/home/ec2-user/data/topics/1486 394
@/home/ec2-user/data/topics/4092 395
@/home/ec2-user/data/topics/2119 396
@/home/ec2-user/data/topics/4725 397
@/home/ec2-user/data/topics/3865 398
@/home/ec2-user/data/topics/4699 399
@/home/ec2-user/data/topics/4902 400
@/home/ec2-user/data/topics/1879 401
@/home/ec2-user/data/topics/4003 402
@/home/ec2-user/data/topics/4243 403
@/home/ec2-user/data/topics/4775 404
@/home/ec2-user/data/topics/3853 405
@/home/ec2-user/data/topics/4689 406
@/home/ec2-user/data/topics/4100 407
@/home/ec2-user/data/topics/4892 408
@/home/ec2-user/data/topics/4209 409
@/home/ec2-user/data/topics/1364 410
@/home/ec2-user/data/topics/4207 411
@/home/ec2-user/data/topics/1557 412
@/home/ec2-user/data/topics/4785 413
@/home/ec2-user/data/topics/4310 414
@/home/ec2-user/data/topics/4429 415
@/home/ec2-user/data/topics/1928 416
@/home/ec2-user/data/topics/2144 417
@/home/ec2-user/data/topics/3766 418
松下電器産業株式会社

@/home/ec2-user/data/topics/4491 419
@/home/ec2-user/data/topics/3494 419
@/home/ec2-user/data/topics/4382 420
@/home/ec2-user/data/topics/3920 421
@/home/ec2-user/data/topics/4307 422
@/home/ec2-user/data/topics/3694 423
@/home/ec2-user/data/topics/3951 424
@/home/ec2-user/data/topics/1070 425
@/home/ec2-user/data/topics/3514 426
@/home/ec2-user/data/topics/1136 427
@/home/ec2-user/data/topics/1516 428
@/home/ec2-user/data/topics/2056 429
@/home/ec2-user/data/topics/4936 430
@/home/ec2-user/data/topics/1748 431
@/home/ec2-user/data/topics/4501 432
@/home/ec2-user/data/topics/5028 433
@/home/ec2-user/data/topics/3519 434
@/home/ec2-user/data/topics/4000 435
@/home/ec2-user/data/topics/4867 436
@/home/ec2-user/data/topics/1252 437
@/home/ec2-user/data/topics/3721 438
@/home/ec2-user/data/topics/3692 439
@/home/ec2-user/data/topics/4798 440
@/home/ec2-user/data/topics/3619 441
@/home/ec2-user/data/topics/4098 442
@/home/ec2-user/data/topics/1509 443
@/home/ec2-user/data/topics/4885 444
@/home/ec2-user/data/topics/4280 445
@/home/ec2-user/data/topics/4355 446
@/home/ec2-user/data/topics/4806 447
@/home/ec2-user/data/topics/3558 448
@/home/ec2-user/data/topics/4968 449
@/home/ec2-user/data/topics/3960 450
@/home/ec2-user/data/topics/4385 451
@/home/ec2-user/data/topics/3807 452
@/home/ec2-user/data/topics/3739 453
@/home/ec2-user/data/topics/1157 454
@/home/ec2-user/data/topics/4303 455
@/home/ec2-user/data/topics/4817 456
@/home/ec2-user/data/topics/1158 457
@/home/ec2-user/data/topics/4787 458
@/home/ec2-user/data/topics/4761 459
@/home/ec2-user/data/topics/1477 460
@/home/ec2-user/data/topics/4126 461
@/home/ec2-user/data/topics/2170 462
@/home/ec2-user/data/topics/1633 463
@/home/ec2-user/data/topics/2129 464
@/home/ec2-user/data/topics/3510 465
@/home/ec2-user/data/topics/4797 466
@/home/ec2-user/data/topics/2222 467
@/home/ec2-user/data/topics/4229 468
@/home/ec2-user/data/topics/5024 469
@/home/ec2-user/data/topics/4274 470
@/home/ec2-user/data/topics/4625 471
@/home/ec2-user/data/topics/3404 472
@/home/ec2-user/data/topics/4502 473
@/home/ec2-user/data/topics/1589 474
@/home/ec2-user/data/topics/4586 475
@/home/ec2-user/data/topics/4422 476
@/home/ec2-user/data/topics/4264 477
@/home/ec2-user/data/topics/4459 478
@/home/ec2-user/data/topics/1026 479
@/home/ec2-user/data/topics/1525 480
@/home/ec2-user/data/topics/2029 481
@/home/ec2-user/data/topics/4503 482
@/home/ec2-user/data/topics/4448 483
@/home/ec2-user/data/topics/1706 484
@/home/ec2-user/data/topics/4157 485
@/home/ec2-user/data/topics/4475 486
@/home/ec2-user/data/topics/4574 487
@/home/ec2-user/data/topics/4754 488
@/home/ec2-user/data/topics/4215 489
@/home/ec2-user/data/topics/4043 490
@/home/ec2-user/data/topics/4804 491
@/home/ec2-user/data/topics/1829 492
@/home/ec2-user/data/topics/4676 493
@/home/ec2-user/data/topics/4159 494
@/home/ec2-user/data/topics/1955 495
@/home/ec2-user/data/topics/4558 496
@/home/ec2-user/data/topics/4707 497
@/home/ec2-user/data/topics/4961 498
@/home/ec2-user/data/topics/3386 499
@/home/ec2-user/data/topics/3704 500
@/home/ec2-user/data/topics/4918 501
@/home/ec2-user/data/topics/3746 502
@/home/ec2-user/data/topics/3761 503
@/home/ec2-user/data/topics/1179 504
@/home/ec2-user/data/topics/4667 505
@/home/ec2-user/data/topics/4394 506
@/home/ec2-user/data/topics/1635 507
@/home/ec2-user/data/topics/4599 508
@/home/ec2-user/data/topics/3676 509
@/home/ec2-user/data/topics/1762 510
@/home/ec2-user/data/topics/4464 511
@/home/ec2-user/data/topics/1885 512
@/home/ec2-user/data/topics/3658 513
@/home/ec2-user/data/topics/3585 514
@/home/ec2-user/data/topics/4101 515
@/home/ec2-user/data/topics/1701 516
@/home/ec2-user/data/topics/3719 517
@/home/ec2-user/data/topics/1257 518
@/home/ec2-user/data/topics/4193 519
@/home/ec2-user/data/topics/3402 520
@/home/ec2-user/data/topics/1540 521
@/home/ec2-user/data/topics/1898 522
@/home/ec2-user/data/topics/4180 523
@/home/ec2-user/data/topics/4917 524
@/home/ec2-user/data/topics/3847 525
@/home/ec2-user/data/topics/4945 526
@/home/ec2-user/data/topics/3904 527
@/home/ec2-user/data/topics/2080 528
@/home/ec2-user/data/topics/4139 529
@/home/ec2-user/data/topics/3680 530
@/home/ec2-user/data/topics/1881 531
@/home/ec2-user/data/topics/2156 532
@/home/ec2-user/data/topics/1812 533
@/home/ec2-user/data/topics/3455 534
@/home/ec2-user/data/topics/4577 535
@/home/ec2-user/data/topics/4160 536
@/home/ec2-user/data/topics/1705 537
@/home/ec2-user/data/topics/1339 538
@/home/ec2-user/data/topics/3979 539
@/home/ec2-user/data/topics/4102 540
セイコーインスツルメンツ株式会社

@/home/ec2-user/data/topics/4036 541
@/home/ec2-user/data/topics/4997 541
@/home/ec2-user/data/topics/1707 542
@/home/ec2-user/data/topics/3825 543
@/home/ec2-user/data/topics/4088 544
@/home/ec2-user/data/topics/3626 545
@/home/ec2-user/data/topics/4203 546
@/home/ec2-user/data/topics/4190 547
@/home/ec2-user/data/topics/4151 548
ミノルタ株式会社

@/home/ec2-user/data/topics/4986 549
@/home/ec2-user/data/topics/2190 549
@/home/ec2-user/data/topics/3810 550
@/home/ec2-user/data/topics/4984 551
@/home/ec2-user/data/topics/3584 552
@/home/ec2-user/data/topics/4971 553
@/home/ec2-user/data/topics/3545 554
@/home/ec2-user/data/topics/1152 555
@/home/ec2-user/data/topics/4951 556
@/home/ec2-user/data/topics/4321 557
@/home/ec2-user/data/topics/4970 558
@/home/ec2-user/data/topics/4977 559
株式会社リコー

@/home/ec2-user/data/topics/2090 560
@/home/ec2-user/data/topics/3394 560
@/home/ec2-user/data/topics/1436 561
@/home/ec2-user/data/topics/1482 562
@/home/ec2-user/data/topics/2043 563
@/home/ec2-user/data/topics/3775 564
@/home/ec2-user/data/topics/3837 565
@/home/ec2-user/data/topics/1663 566
@/home/ec2-user/data/topics/1225 567
@/home/ec2-user/data/topics/2006 568
@/home/ec2-user/data/topics/3484 569
@/home/ec2-user/data/topics/1610 570
@/home/ec2-user/data/topics/3750 571
@/home/ec2-user/data/topics/4781 572
@/home/ec2-user/data/topics/1106 573
@/home/ec2-user/data/topics/3555 574
@/home/ec2-user/data/topics/3472 575
@/home/ec2-user/data/topics/3669 576
@/home/ec2-user/data/topics/1064 577
@/home/ec2-user/data/topics/1775 578
@/home/ec2-user/data/topics/1806 579
@/home/ec2-user/data/topics/4037 580
@/home/ec2-user/data/topics/1780 581
@/home/ec2-user/data/topics/3436 582
@/home/ec2-user/data/topics/4265 583
@/home/ec2-user/data/topics/1514 584
@/home/ec2-user/data/topics/1627 585
@/home/ec2-user/data/topics/1974 586
@/home/ec2-user/data/topics/3880 587
@/home/ec2-user/data/topics/3633 588
@/home/ec2-user/data/topics/1282 589
@/home/ec2-user/data/topics/3523 590
@/home/ec2-user/data/topics/3530 591
@/home/ec2-user/data/topics/1433 592
@/home/ec2-user/data/topics/3574 593
@/home/ec2-user/data/topics/2200 594
@/home/ec2-user/data/topics/1976 595
@/home/ec2-user/data/topics/3713 596
@/home/ec2-user/data/topics/3557 597
@/home/ec2-user/data/topics/3474 598
@/home/ec2-user/data/topics/3687 599
@/home/ec2-user/data/topics/1668 600
@/home/ec2-user/data/topics/4616 601
@/home/ec2-user/data/topics/1774 602
@/home/ec2-user/data/topics/4879 603
@/home/ec2-user/data/topics/3424 604
@/home/ec2-user/data/topics/3446 605
@/home/ec2-user/data/topics/1478 606
@/home/ec2-user/data/topics/2201 607
@/home/ec2-user/data/topics/2189 608
@/home/ec2-user/data/topics/3378 609
@/home/ec2-user/data/topics/1669 610
@/home/ec2-user/data/topics/3495 611
@/home/ec2-user/data/topics/1670 612
@/home/ec2-user/data/topics/1776 613
@/home/ec2-user/data/topics/1740 614
@/home/ec2-user/data/topics/3759 615
@/home/ec2-user/data/topics/2182 616
@/home/ec2-user/data/topics/1691 617
@/home/ec2-user/data/topics/3548 618
@/home/ec2-user/data/topics/3411 619
@/home/ec2-user/data/topics/1190 620
@/home/ec2-user/data/topics/1878 621
@/home/ec2-user/data/topics/1718 622
@/home/ec2-user/data/topics/1083 623
@/home/ec2-user/data/topics/4344 624
@/home/ec2-user/data/topics/3711 625
@/home/ec2-user/data/topics/1593 626
@/home/ec2-user/data/topics/1755 627
@/home/ec2-user/data/topics/1095 628
@/home/ec2-user/data/topics/2219 629
独立行政法人産業技術総合研究所

@/home/ec2-user/data/topics/4869 630
@/home/ec2-user/data/topics/4739 630
@/home/ec2-user/data/topics/1356 631
@/home/ec2-user/data/topics/4800 632
@/home/ec2-user/data/topics/4777 633
@/home/ec2-user/data/topics/4740 634
ソニー株式会社

@/home/ec2-user/data/topics/2048 635
@/home/ec2-user/data/topics/2105 635
@/home/ec2-user/data/topics/3392 636
@/home/ec2-user/data/topics/3924 637
@/home/ec2-user/data/topics/1873 638
@/home/ec2-user/data/topics/1102 639
@/home/ec2-user/data/topics/2058 640
@/home/ec2-user/data/topics/1147 641
@/home/ec2-user/data/topics/2094 642
@/home/ec2-user/data/topics/5027 643
@/home/ec2-user/data/topics/3401 644
@/home/ec2-user/data/topics/4351 645
@/home/ec2-user/data/topics/1059 646
@/home/ec2-user/data/topics/1749 647
@/home/ec2-user/data/topics/1778 648
@/home/ec2-user/data/topics/4219 649
@/home/ec2-user/data/topics/2075 650
@/home/ec2-user/data/topics/1912 651
@/home/ec2-user/data/topics/1686 652
@/home/ec2-user/data/topics/1884 653
@/home/ec2-user/data/topics/2052 654
@/home/ec2-user/data/topics/1491 655
@/home/ec2-user/data/topics/1435 656
@/home/ec2-user/data/topics/1926 657
@/home/ec2-user/data/topics/3975 658
@/home/ec2-user/data/topics/3872 659
@/home/ec2-user/data/topics/1471 660
@/home/ec2-user/data/topics/3456 661
@/home/ec2-user/data/topics/1602 662
@/home/ec2-user/data/topics/1836 663
@/home/ec2-user/data/topics/1954 664
@/home/ec2-user/data/topics/1291 665
@/home/ec2-user/data/topics/2037 666
@/home/ec2-user/data/topics/1426 667
@/home/ec2-user/data/topics/1397 668
@/home/ec2-user/data/topics/4184 669
@/home/ec2-user/data/topics/1380 670
@/home/ec2-user/data/topics/1967 671
@/home/ec2-user/data/topics/1233 672
@/home/ec2-user/data/topics/1218 673
@/home/ec2-user/data/topics/4224 674
@/home/ec2-user/data/topics/1298 675
@/home/ec2-user/data/topics/3955 676
@/home/ec2-user/data/topics/1679 677
@/home/ec2-user/data/topics/2059 678
@/home/ec2-user/data/topics/1892 679
@/home/ec2-user/data/topics/1414 680
富士ゼロックス株式会社

@/home/ec2-user/data/topics/3661 681
@/home/ec2-user/data/topics/3640 681
@/home/ec2-user/data/topics/4108 682
@/home/ec2-user/data/topics/3383 683
@/home/ec2-user/data/topics/3407 684
@/home/ec2-user/data/topics/3473 685
@/home/ec2-user/data/topics/5031 686
@/home/ec2-user/data/topics/3366 687
@/home/ec2-user/data/topics/3782 688
@/home/ec2-user/data/topics/3564 689
@/home/ec2-user/data/topics/3790 690
@/home/ec2-user/data/topics/1560 691
@/home/ec2-user/data/topics/3662 692
@/home/ec2-user/data/topics/1947 693
@/home/ec2-user/data/topics/3695 694
住友金属工業株式会社

@/home/ec2-user/data/topics/4991 695
@/home/ec2-user/data/topics/4322 695
@/home/ec2-user/data/topics/4021 696
@/home/ec2-user/data/topics/4182 697
@/home/ec2-user/data/topics/3655 698
@/home/ec2-user/data/topics/3826 699
@/home/ec2-user/data/topics/1268 700
@/home/ec2-user/data/topics/4295 701
@/home/ec2-user/data/topics/3577 702
@/home/ec2-user/data/topics/4661 703
@/home/ec2-user/data/topics/4733 704
@/home/ec2-user/data/topics/4534 705
日立電線株式会社

@/home/ec2-user/data/topics/3756 706
@/home/ec2-user/data/topics/4357 706
@/home/ec2-user/data/topics/1027 707
@/home/ec2-user/data/topics/4356 708
@/home/ec2-user/data/topics/1305 709
@/home/ec2-user/data/topics/1388 710
@/home/ec2-user/data/topics/4329 711
@/home/ec2-user/data/topics/3930 712
@/home/ec2-user/data/topics/1117 713
キヤノン株式会社

@/home/ec2-user/data/topics/2231 714
@/home/ec2-user/data/topics/1208 714
@/home/ec2-user/data/topics/2107 715
@/home/ec2-user/data/topics/3843 716
@/home/ec2-user/data/topics/4020 717
@/home/ec2-user/data/topics/3438 718
@/home/ec2-user/data/topics/1539 719
@/home/ec2-user/data/topics/3420 720
@/home/ec2-user/data/topics/1646 721
@/home/ec2-user/data/topics/3445 722
@/home/ec2-user/data/topics/4521 723
@/home/ec2-user/data/topics/3441 724
@/home/ec2-user/data/topics/1513 725
@/home/ec2-user/data/topics/3628 726
@/home/ec2-user/data/topics/3416 727
@/home/ec2-user/data/topics/3660 728
@/home/ec2-user/data/topics/1866 729
@/home/ec2-user/data/topics/1455 730
@/home/ec2-user/data/topics/2243 731
@/home/ec2-user/data/topics/1519 732
@/home/ec2-user/data/topics/4363 733
@/home/ec2-user/data/topics/3656 734
@/home/ec2-user/data/topics/1228 735
@/home/ec2-user/data/topics/3949 736
@/home/ec2-user/data/topics/3730 737
@/home/ec2-user/data/topics/4610 738
@/home/ec2-user/data/topics/1080 739
@/home/ec2-user/data/topics/4350 740
@/home/ec2-user/data/topics/3755 741
@/home/ec2-user/data/topics/4628 742
@/home/ec2-user/data/topics/1744 743
@/home/ec2-user/data/topics/3454 744
@/home/ec2-user/data/topics/3376 745
@/home/ec2-user/data/topics/3410 746
@/home/ec2-user/data/topics/1847 747
@/home/ec2-user/data/topics/1568 748
@/home/ec2-user/data/topics/1961 749
@/home/ec2-user/data/topics/3996 750
@/home/ec2-user/data/topics/3642 751
@/home/ec2-user/data/topics/1124 752
@/home/ec2-user/data/topics/4054 753
@/home/ec2-user/data/topics/2004 754
@/home/ec2-user/data/topics/1895 755
@/home/ec2-user/data/topics/1118 756
@/home/ec2-user/data/topics/2053 757
@/home/ec2-user/data/topics/4937 758
@/home/ec2-user/data/topics/3430 759
@/home/ec2-user/data/topics/4947 760
@/home/ec2-user/data/topics/3737 761
@/home/ec2-user/data/topics/1631 762
@/home/ec2-user/data/topics/3434 763
@/home/ec2-user/data/topics/3374 764
@/home/ec2-user/data/topics/2145 765
@/home/ec2-user/data/topics/3415 766
@/home/ec2-user/data/topics/1590 767
@/home/ec2-user/data/topics/1438 768
@/home/ec2-user/data/topics/1889 769
@/home/ec2-user/data/topics/1790 770
@/home/ec2-user/data/topics/3720 771
@/home/ec2-user/data/topics/1848 772
@/home/ec2-user/data/topics/3417 773
@/home/ec2-user/data/topics/3722 774
@/home/ec2-user/data/topics/1745 775
@/home/ec2-user/data/topics/3958 776
@/home/ec2-user/data/topics/2117 777
@/home/ec2-user/data/topics/3852 778
@/home/ec2-user/data/topics/1975 779
@/home/ec2-user/data/topics/4068 780
@/home/ec2-user/data/topics/4948 781
@/home/ec2-user/data/topics/1216 782
@/home/ec2-user/data/topics/3967 783
@/home/ec2-user/data/topics/1802 784
@/home/ec2-user/data/topics/4520 785
三洋電機株式会社

@/home/ec2-user/data/topics/1671 786
@/home/ec2-user/data/topics/2098 786
@/home/ec2-user/data/topics/1653 787
@/home/ec2-user/data/topics/4304 788
@/home/ec2-user/data/topics/3625 789
@/home/ec2-user/data/topics/4039 790
@/home/ec2-user/data/topics/3492 791
@/home/ec2-user/data/topics/1488 792
@/home/ec2-user/data/topics/4978 793
@/home/ec2-user/data/topics/3830 794
@/home/ec2-user/data/topics/3859 795
@/home/ec2-user/data/topics/1321 796
@/home/ec2-user/data/topics/3845 797
@/home/ec2-user/data/topics/3926 798
@/home/ec2-user/data/topics/3808 799
@/home/ec2-user/data/topics/3754 800
@/home/ec2-user/data/topics/4837 801
@/home/ec2-user/data/topics/4060 802
@/home/ec2-user/data/topics/2054 803
@/home/ec2-user/data/topics/3953 804
@/home/ec2-user/data/topics/3403 805
@/home/ec2-user/data/topics/3889 806
@/home/ec2-user/data/topics/3804 807
@/home/ec2-user/data/topics/2194 808
@/home/ec2-user/data/topics/4612 809
@/home/ec2-user/data/topics/2063 810
@/home/ec2-user/data/topics/4679 811
@/home/ec2-user/data/topics/2014 812
@/home/ec2-user/data/topics/1451 813
@/home/ec2-user/data/topics/1652 814
@/home/ec2-user/data/topics/4604 815
@/home/ec2-user/data/topics/4474 816
@/home/ec2-user/data/topics/4720 817
@/home/ec2-user/data/topics/4178 818
@/home/ec2-user/data/topics/1386 819
@/home/ec2-user/data/topics/4301 820
@/home/ec2-user/data/topics/4983 821
@/home/ec2-user/data/topics/4212 822
@/home/ec2-user/data/topics/1722 823
@/home/ec2-user/data/topics/3708 824
@/home/ec2-user/data/topics/4015 825
@/home/ec2-user/data/topics/3817 826
@/home/ec2-user/data/topics/3986 827
@/home/ec2-user/data/topics/4654 828
@/home/ec2-user/data/topics/1246 829
@/home/ec2-user/data/topics/4061 830
@/home/ec2-user/data/topics/3491 831
@/home/ec2-user/data/topics/3974 832
@/home/ec2-user/data/topics/4179 833
@/home/ec2-user/data/topics/4788 834
@/home/ec2-user/data/topics/4492 835
@/home/ec2-user/data/topics/4527 836
@/home/ec2-user/data/topics/1479 837
@/home/ec2-user/data/topics/4150 838
@/home/ec2-user/data/topics/4099 839
@/home/ec2-user/data/topics/2071 840
@/home/ec2-user/data/topics/3539 841
@/home/ec2-user/data/topics/1980 842
@/home/ec2-user/data/topics/1515 843
@/home/ec2-user/data/topics/4571 844
@/home/ec2-user/data/topics/1079 845
@/home/ec2-user/data/topics/4001 846
@/home/ec2-user/data/topics/4763 847
@/home/ec2-user/data/topics/3681 848
@/home/ec2-user/data/topics/3581 849
@/home/ec2-user/data/topics/4066 850
@/home/ec2-user/data/topics/5011 851
@/home/ec2-user/data/topics/1289 852
@/home/ec2-user/data/topics/5002 853
@/home/ec2-user/data/topics/2230 854
@/home/ec2-user/data/topics/4328 855
@/home/ec2-user/data/topics/3781 856
@/home/ec2-user/data/topics/4376 857
@/home/ec2-user/data/topics/1163 858
@/home/ec2-user/data/topics/3906 859
@/home/ec2-user/data/topics/4960 860
@/home/ec2-user/data/topics/4726 861
@/home/ec2-user/data/topics/4384 862
@/home/ec2-user/data/topics/3398 863
三菱電機株式会社

@/home/ec2-user/data/topics/4980 864
@/home/ec2-user/data/topics/3800 864
@/home/ec2-user/data/topics/3747 865
@/home/ec2-user/data/topics/4235 866
@/home/ec2-user/data/topics/3397 867
@/home/ec2-user/data/topics/4282 868
@/home/ec2-user/data/topics/3841 869
@/home/ec2-user/data/topics/4518 870
@/home/ec2-user/data/topics/4076 871
@/home/ec2-user/data/topics/4663 872
@/home/ec2-user/data/topics/3820 873
@/home/ec2-user/data/topics/3612 874
@/home/ec2-user/data/topics/4133 875
@/home/ec2-user/data/topics/4041 876
@/home/ec2-user/data/topics/3774 877
@/home/ec2-user/data/topics/3469 878
@/home/ec2-user/data/topics/1738 879
@/home/ec2-user/data/topics/3616 880
@/home/ec2-user/data/topics/3506 881
@/home/ec2-user/data/topics/1792 882
@/home/ec2-user/data/topics/1754 883
@/home/ec2-user/data/topics/3451 884
@/home/ec2-user/data/topics/3856 885
@/home/ec2-user/data/topics/4220 886
@/home/ec2-user/data/topics/3963 887
@/home/ec2-user/data/topics/1536 888
@/home/ec2-user/data/topics/3595 889
@/home/ec2-user/data/topics/5033 890
@/home/ec2-user/data/topics/3409 891
@/home/ec2-user/data/topics/4880 892
@/home/ec2-user/data/topics/4614 893
@/home/ec2-user/data/topics/1110 894
@/home/ec2-user/data/topics/4834 895
@/home/ec2-user/data/topics/3466 896
@/home/ec2-user/data/topics/3592 897
@/home/ec2-user/data/topics/4552 898
@/home/ec2-user/data/topics/4047 899
@/home/ec2-user/data/topics/4221 900
@/home/ec2-user/data/topics/5032 901
@/home/ec2-user/data/topics/4181 902
@/home/ec2-user/data/topics/4562 903
@/home/ec2-user/data/topics/3921 904
@/home/ec2-user/data/topics/3493 905
@/home/ec2-user/data/topics/3453 906
@/home/ec2-user/data/topics/1220 907
@/home/ec2-user/data/topics/4514 908
@/home/ec2-user/data/topics/4149 909
@/home/ec2-user/data/topics/4233 910
@/home/ec2-user/data/topics/1872 911
@/home/ec2-user/data/topics/2146 912
@/home/ec2-user/data/topics/3465 913
@/home/ec2-user/data/topics/4305 914
@/home/ec2-user/data/topics/4419 915
@/home/ec2-user/data/topics/3873 916
@/home/ec2-user/data/topics/3666 917
@/home/ec2-user/data/topics/3609 918
@/home/ec2-user/data/topics/3490 919
@/home/ec2-user/data/topics/3412 920
住友ゴム工業株式会社

@/home/ec2-user/data/topics/4048 921
@/home/ec2-user/data/topics/1758 921
@/home/ec2-user/data/topics/4406 922
@/home/ec2-user/data/topics/4568 923
@/home/ec2-user/data/topics/1114 924
@/home/ec2-user/data/topics/2007 925
@/home/ec2-user/data/topics/4597 926
セイコーエプソン株式会社

@/home/ec2-user/data/topics/1343 927
@/home/ec2-user/data/topics/4109 927
@/home/ec2-user/data/topics/4585 928
@/home/ec2-user/data/topics/3505 929
@/home/ec2-user/data/topics/4022 930
@/home/ec2-user/data/topics/4802 931
@/home/ec2-user/data/topics/1890 932
@/home/ec2-user/data/topics/1423 933
@/home/ec2-user/data/topics/3589 934
@/home/ec2-user/data/topics/1378 935
@/home/ec2-user/data/topics/4605 936
@/home/ec2-user/data/topics/3361 937
@/home/ec2-user/data/topics/3476 938
@/home/ec2-user/data/topics/3910 939
@/home/ec2-user/data/topics/3887 940
@/home/ec2-user/data/topics/1641 941
@/home/ec2-user/data/topics/3819 942
@/home/ec2-user/data/topics/4801 943
@/home/ec2-user/data/topics/3985 944
@/home/ec2-user/data/topics/1938 945
@/home/ec2-user/data/topics/1484 946
@/home/ec2-user/data/topics/2078 947
@/home/ec2-user/data/topics/2165 948
@/home/ec2-user/data/topics/4719 949
@/home/ec2-user/data/topics/4386 950
@/home/ec2-user/data/topics/4454 951
株式会社三共

@/home/ec2-user/data/topics/1189 952
@/home/ec2-user/data/topics/1648 952
@/home/ec2-user/data/topics/1086 953
@/home/ec2-user/data/topics/1377 954
@/home/ec2-user/data/topics/4868 955
@/home/ec2-user/data/topics/2123 956
@/home/ec2-user/data/topics/4374 957
@/home/ec2-user/data/topics/1665 958
@/home/ec2-user/data/topics/2060 959
沖電気工業株式会社

@/home/ec2-user/data/topics/4299 960
@/home/ec2-user/data/topics/4575 960
@/home/ec2-user/data/topics/3395 961
@/home/ec2-user/data/topics/1188 962
@/home/ec2-user/data/topics/4308 963
@/home/ec2-user/data/topics/3457 964
@/home/ec2-user/data/topics/3433 965
@/home/ec2-user/data/topics/3690 966
@/home/ec2-user/data/topics/3964 967
@/home/ec2-user/data/topics/3571 968
@/home/ec2-user/data/topics/4693 969
@/home/ec2-user/data/topics/3764 970
@/home/ec2-user/data/topics/1531 971
@/home/ec2-user/data/topics/3621 972
株式会社三星

@/home/ec2-user/data/topics/1728 973
@/home/ec2-user/data/topics/1733 973
@/home/ec2-user/data/topics/2198 974
@/home/ec2-user/data/topics/3942 975
@/home/ec2-user/data/topics/2108 976
@/home/ec2-user/data/topics/1260 977
日本ビクター株式会社

@/home/ec2-user/data/topics/3603 978
@/home/ec2-user/data/topics/4056 978
@/home/ec2-user/data/topics/3882 979
@/home/ec2-user/data/topics/3939 980
@/home/ec2-user/data/topics/1823 981
@/home/ec2-user/data/topics/1389 982
@/home/ec2-user/data/topics/1520 983
@/home/ec2-user/data/topics/4123 984
@/home/ec2-user/data/topics/1440 985
@/home/ec2-user/data/topics/4672 986
@/home/ec2-user/data/topics/3620 987
花王株式会社

@/home/ec2-user/data/topics/3884 988
@/home/ec2-user/data/topics/1767 988
@/home/ec2-user/data/topics/4445 989
@/home/ec2-user/data/topics/4827 990
@/home/ec2-user/data/topics/1196 991
@/home/ec2-user/data/topics/4287 992
@/home/ec2-user/data/topics/3812 993
@/home/ec2-user/data/topics/1022 994
@/home/ec2-user/data/topics/2214 995
@/home/ec2-user/data/topics/4249 996
@/home/ec2-user/data/topics/3999 997
@/home/ec2-user/data/topics/4211 998
@/home/ec2-user/data/topics/3753 999
三田工業株式会社

@/home/ec2-user/data/topics/2136 1000
@/home/ec2-user/data/topics/1033 1000
@/home/ec2-user/data/topics/3604 1001
@/home/ec2-user/data/topics/1034 1002
@/home/ec2-user/data/topics/3923 1003
@/home/ec2-user/data/topics/2155 1004
@/home/ec2-user/data/topics/1269 1005
@/home/ec2-user/data/topics/1766 1006
@/home/ec2-user/data/topics/3842 1007
豊丸産業株式会社

@/home/ec2-user/data/topics/3672 1008
@/home/ec2-user/data/topics/1588 1008
@/home/ec2-user/data/topics/1284 1009
@/home/ec2-user/data/topics/1126 1010
@/home/ec2-user/data/topics/1914 1011
@/home/ec2-user/data/topics/1726 1012
@/home/ec2-user/data/topics/1677 1013
@/home/ec2-user/data/topics/1401 1014
@/home/ec2-user/data/topics/1097 1015
@/home/ec2-user/data/topics/1353 1016
@/home/ec2-user/data/topics/2169 1017
@/home/ec2-user/data/topics/1138 1018
@/home/ec2-user/data/topics/4847 1019
@/home/ec2-user/data/topics/2011 1020
@/home/ec2-user/data/topics/1713 1021
鐘紡株式会社

@/home/ec2-user/data/topics/1842 1022
@/home/ec2-user/data/topics/3551 1022
@/home/ec2-user/data/topics/4195 1023
@/home/ec2-user/data/topics/1367 1024
@/home/ec2-user/data/topics/1054 1025
@/home/ec2-user/data/topics/1901 1026
@/home/ec2-user/data/topics/2223 1027
@/home/ec2-user/data/topics/2185 1028
@/home/ec2-user/data/topics/3634 1029
@/home/ec2-user/data/topics/1870 1030
@/home/ec2-user/data/topics/1178 1031
@/home/ec2-user/data/topics/1886 1032
@/home/ec2-user/data/topics/2034 1033
@/home/ec2-user/data/topics/3566 1034
@/home/ec2-user/data/topics/1304 1035
@/home/ec2-user/data/topics/3560 1036
株式会社デンソー

@/home/ec2-user/data/topics/4675 1037
@/home/ec2-user/data/topics/4498 1037
@/home/ec2-user/data/topics/4840 1038
@/home/ec2-user/data/topics/4024 1039
@/home/ec2-user/data/topics/4805 1040
@/home/ec2-user/data/topics/4483 1041
@/home/ec2-user/data/topics/3406 1042
@/home/ec2-user/data/topics/4423 1043
@/home/ec2-user/data/topics/4622 1044
@/home/ec2-user/data/topics/3480 1045
@/home/ec2-user/data/topics/4046 1046
@/home/ec2-user/data/topics/4656 1047
@/home/ec2-user/data/topics/3421 1048
@/home/ec2-user/data/topics/1028 1049
@/home/ec2-user/data/topics/4164 1050
@/home/ec2-user/data/topics/3710 1051
@/home/ec2-user/data/topics/1855 1052
富士写真フイルム株式会社

@/home/ec2-user/data/topics/3911 1053
@/home/ec2-user/data/topics/1570 1053
@/home/ec2-user/data/topics/1603 1054
@/home/ec2-user/data/topics/1662 1055
@/home/ec2-user/data/topics/4962 1056
@/home/ec2-user/data/topics/3447 1057
@/home/ec2-user/data/topics/3918 1058
@/home/ec2-user/data/topics/2134 1059
@/home/ec2-user/data/topics/3354 1060
@/home/ec2-user/data/topics/3857 1061
@/home/ec2-user/data/topics/1244 1062
京セラ株式会社

@/home/ec2-user/data/topics/4513 1063
@/home/ec2-user/data/topics/3593 1063
@/home/ec2-user/data/topics/3741 1064
@/home/ec2-user/data/topics/1741 1065
@/home/ec2-user/data/topics/4031 1066
@/home/ec2-user/data/topics/3615 1067
@/home/ec2-user/data/topics/4340 1068
@/home/ec2-user/data/topics/1708 1069
@/home/ec2-user/data/topics/4901 1070
@/home/ec2-user/data/topics/3869 1071
@/home/ec2-user/data/topics/1485 1072
@/home/ec2-user/data/topics/1913 1073
イビデン株式会社

@/home/ec2-user/data/topics/1682 1074
@/home/ec2-user/data/topics/1770 1074
@/home/ec2-user/data/topics/3814 1075
@/home/ec2-user/data/topics/1336 1076
@/home/ec2-user/data/topics/1315 1077
@/home/ec2-user/data/topics/2033 1078
@/home/ec2-user/data/topics/1952 1079
株式会社東芝

@/home/ec2-user/data/topics/4863 1080
@/home/ec2-user/data/topics/4172 1080
@/home/ec2-user/data/topics/4935 1081
@/home/ec2-user/data/topics/3683 1082
@/home/ec2-user/data/topics/4381 1083
@/home/ec2-user/data/topics/4566 1084
@/home/ec2-user/data/topics/4881 1085
@/home/ec2-user/data/topics/4631 1086
@/home/ec2-user/data/topics/3851 1087
@/home/ec2-user/data/topics/4009 1088
@/home/ec2-user/data/topics/3462 1089
@/home/ec2-user/data/topics/1132 1090
@/home/ec2-user/data/topics/4912 1091
@/home/ec2-user/data/topics/4751 1092
@/home/ec2-user/data/topics/1090 1093
@/home/ec2-user/data/topics/3351 1094
@/home/ec2-user/data/topics/4140 1095
@/home/ec2-user/data/topics/4197 1096
@/home/ec2-user/data/topics/4509 1097
@/home/ec2-user/data/topics/3990 1098
@/home/ec2-user/data/topics/3780 1099
@/home/ec2-user/data/topics/3542 1100
@/home/ec2-user/data/topics/4361 1101
@/home/ec2-user/data/topics/4336 1102
@/home/ec2-user/data/topics/3890 1103
@/home/ec2-user/data/topics/4089 1104
@/home/ec2-user/data/topics/4842 1105
@/home/ec2-user/data/topics/2241 1106
@/home/ec2-user/data/topics/3688 1107
@/home/ec2-user/data/topics/3988 1108
@/home/ec2-user/data/topics/4057 1109
@/home/ec2-user/data/topics/4302 1110
@/home/ec2-user/data/topics/4594 1111
@/home/ec2-user/data/topics/3716 1112
@/home/ec2-user/data/topics/3363 1113
@/home/ec2-user/data/topics/4755 1114
@/home/ec2-user/data/topics/1757 1115
@/home/ec2-user/data/topics/4623 1116
@/home/ec2-user/data/topics/1756 1117
@/home/ec2-user/data/topics/1205 1118
@/home/ec2-user/data/topics/3795 1119
@/home/ec2-user/data/topics/4096 1120
@/home/ec2-user/data/topics/3834 1121
@/home/ec2-user/data/topics/1819 1122
@/home/ec2-user/data/topics/4165 1123
@/home/ec2-user/data/topics/3352 1124
@/home/ec2-user/data/topics/3734 1125
@/home/ec2-user/data/topics/1585 1126
@/home/ec2-user/data/topics/3360 1127
@/home/ec2-user/data/topics/3732 1128
@/home/ec2-user/data/topics/4535 1129
@/home/ec2-user/data/topics/3380 1130
@/home/ec2-user/data/topics/4183 1131
@/home/ec2-user/data/topics/1997 1132
@/home/ec2-user/data/topics/3618 1133
@/home/ec2-user/data/topics/3948 1134
@/home/ec2-user/data/topics/3881 1135
@/home/ec2-user/data/topics/4292 1136
@/home/ec2-user/data/topics/3689 1137
@/home/ec2-user/data/topics/1332 1138
@/home/ec2-user/data/topics/3598 1139
ヤマハ株式会社

@/home/ec2-user/data/topics/1443 1140
@/home/ec2-user/data/topics/4919 1140
@/home/ec2-user/data/topics/4084 1141
@/home/ec2-user/data/topics/4177 1142
@/home/ec2-user/data/topics/4045 1143
@/home/ec2-user/data/topics/4010 1144
@/home/ec2-user/data/topics/4145 1145
@/home/ec2-user/data/topics/4125 1146
@/home/ec2-user/data/topics/1720 1147
@/home/ec2-user/data/topics/4954 1148
@/home/ec2-user/data/topics/1911 1149
@/home/ec2-user/data/topics/3972 1150
@/home/ec2-user/data/topics/1676 1151
東洋紡績株式会社

@/home/ec2-user/data/topics/4366 1152
@/home/ec2-user/data/topics/1029 1152
@/home/ec2-user/data/topics/3769 1153
@/home/ec2-user/data/topics/4362 1154
@/home/ec2-user/data/topics/4284 1155
@/home/ec2-user/data/topics/1613 1156
三菱化学株式会社

@/home/ec2-user/data/topics/3638 1157
@/home/ec2-user/data/topics/3513 1157
@/home/ec2-user/data/topics/1699 1158
@/home/ec2-user/data/topics/1197 1159
@/home/ec2-user/data/topics/1902 1160
@/home/ec2-user/data/topics/3458 1161
カシオ計算機株式会社

@/home/ec2-user/data/topics/1368 1162
@/home/ec2-user/data/topics/2180 1162
@/home/ec2-user/data/topics/2237 1163
@/home/ec2-user/data/topics/1794 1164
@/home/ec2-user/data/topics/1235 1165
@/home/ec2-user/data/topics/3391 1166
@/home/ec2-user/data/topics/1535 1167
@/home/ec2-user/data/topics/1047 1168
コナミ株式会社

@/home/ec2-user/data/topics/1672 1169
@/home/ec2-user/data/topics/5015 1169
@/home/ec2-user/data/topics/4602 1170
@/home/ec2-user/data/topics/2100 1171
@/home/ec2-user/data/topics/1621 1172
@/home/ec2-user/data/topics/1302 1173
@/home/ec2-user/data/topics/4681 1174
@/home/ec2-user/data/topics/2151 1175
大日本スクリーン製造株式会社

@/home/ec2-user/data/topics/1608 1176
@/home/ec2-user/data/topics/2172 1176
@/home/ec2-user/data/topics/3742 1177
@/home/ec2-user/data/topics/1779 1178
@/home/ec2-user/data/topics/1130 1179
@/home/ec2-user/data/topics/1173 1180
@/home/ec2-user/data/topics/2209 1181
オムロン株式会社

@/home/ec2-user/data/topics/1657 1182
@/home/ec2-user/data/topics/1579 1182
@/home/ec2-user/data/topics/1151 1183
@/home/ec2-user/data/topics/1933 1184
@/home/ec2-user/data/topics/3863 1185
@/home/ec2-user/data/topics/3748 1186
@/home/ec2-user/data/topics/3700 1187
@/home/ec2-user/data/topics/2096 1188
@/home/ec2-user/data/topics/1135 1189
@/home/ec2-user/data/topics/1533 1190
@/home/ec2-user/data/topics/3597 1191
@/home/ec2-user/data/topics/1067 1192
@/home/ec2-user/data/topics/4771 1193
@/home/ec2-user/data/topics/3594 1194
@/home/ec2-user/data/topics/1841 1195
株式会社日立製作所

@/home/ec2-user/data/topics/1487 1196
@/home/ec2-user/data/topics/1826 1196
@/home/ec2-user/data/topics/1825 1197
@/home/ec2-user/data/topics/4122 1198
@/home/ec2-user/data/topics/1463 1199
@/home/ec2-user/data/topics/4990 1200
@/home/ec2-user/data/topics/1833 1201
@/home/ec2-user/data/topics/3659 1202
@/home/ec2-user/data/topics/1882 1203
@/home/ec2-user/data/topics/4402 1204
@/home/ec2-user/data/topics/2081 1205
@/home/ec2-user/data/topics/5030 1206
@/home/ec2-user/data/topics/4547 1207
@/home/ec2-user/data/topics/4799 1208
@/home/ec2-user/data/topics/3524 1209
@/home/ec2-user/data/topics/3570 1210
@/home/ec2-user/data/topics/4559 1211
@/home/ec2-user/data/topics/4166 1212
@/home/ec2-user/data/topics/1651 1213
@/home/ec2-user/data/topics/3471 1214
@/home/ec2-user/data/topics/4493 1215
@/home/ec2-user/data/topics/4401 1216
@/home/ec2-user/data/topics/4489 1217
@/home/ec2-user/data/topics/4040 1218
@/home/ec2-user/data/topics/1880 1219
@/home/ec2-user/data/topics/3822 1220
@/home/ec2-user/data/topics/3706 1221
@/home/ec2-user/data/topics/2019 1222
@/home/ec2-user/data/topics/1562 1223
@/home/ec2-user/data/topics/3432 1224
@/home/ec2-user/data/topics/3596 1225
@/home/ec2-user/data/topics/3994 1226
@/home/ec2-user/data/topics/1693 1227
@/home/ec2-user/data/topics/3965 1228
@/home/ec2-user/data/topics/1296 1229
@/home/ec2-user/data/topics/1278 1230
@/home/ec2-user/data/topics/4830 1231
@/home/ec2-user/data/topics/3461 1232
@/home/ec2-user/data/topics/3691 1233
@/home/ec2-user/data/topics/1249 1234
@/home/ec2-user/data/topics/3531 1235
@/home/ec2-user/data/topics/3648 1236
@/home/ec2-user/data/topics/2184 1237
@/home/ec2-user/data/topics/1340 1238
@/home/ec2-user/data/topics/3973 1239
@/home/ec2-user/data/topics/1082 1240
@/home/ec2-user/data/topics/1334 1241
@/home/ec2-user/data/topics/4545 1242
@/home/ec2-user/data/topics/3439 1243
@/home/ec2-user/data/topics/4420 1244
@/home/ec2-user/data/topics/4058 1245
@/home/ec2-user/data/topics/3588 1246
@/home/ec2-user/data/topics/3665 1247
@/home/ec2-user/data/topics/1072 1248
@/home/ec2-user/data/topics/3779 1249
@/home/ec2-user/data/topics/3772 1250
@/home/ec2-user/data/topics/3440 1251
@/home/ec2-user/data/topics/1640 1252
@/home/ec2-user/data/topics/4621 1253
@/home/ec2-user/data/topics/3488 1254
@/home/ec2-user/data/topics/3993 1255
@/home/ec2-user/data/topics/4943 1256
@/home/ec2-user/data/topics/2239 1257
@/home/ec2-user/data/topics/1105 1258
@/home/ec2-user/data/topics/1667 1259
@/home/ec2-user/data/topics/1987 1260
@/home/ec2-user/data/topics/4551 1261
@/home/ec2-user/data/topics/3350 1262
@/home/ec2-user/data/topics/3968 1263
@/home/ec2-user/data/topics/3384 1264
@/home/ec2-user/data/topics/5029 1265
@/home/ec2-user/data/topics/1501 1266
@/home/ec2-user/data/topics/1247 1267
@/home/ec2-user/data/topics/3599 1268
凸版印刷株式会社

@/home/ec2-user/data/topics/3526 1269
@/home/ec2-user/data/topics/3500 1269
@/home/ec2-user/data/topics/1765 1270
@/home/ec2-user/data/topics/3624 1271
@/home/ec2-user/data/topics/1977 1272
@/home/ec2-user/data/topics/1091 1273
@/home/ec2-user/data/topics/4874 1274
株式会社ノーリツ

@/home/ec2-user/data/topics/1290 1275
@/home/ec2-user/data/topics/1618 1275
@/home/ec2-user/data/topics/4776 1276
@/home/ec2-user/data/topics/4354 1277
@/home/ec2-user/data/topics/2116 1278
@/home/ec2-user/data/topics/1760 1279
@/home/ec2-user/data/topics/1598 1280
@/home/ec2-user/data/topics/4206 1281
川崎重工業株式会社

@/home/ec2-user/data/topics/4793 1282
@/home/ec2-user/data/topics/4944 1282
@/home/ec2-user/data/topics/4756 1283
@/home/ec2-user/data/topics/4572 1284
@/home/ec2-user/data/topics/4866 1285
@/home/ec2-user/data/topics/1162 1286
@/home/ec2-user/data/topics/5025 1287
@/home/ec2-user/data/topics/1172 1288
ティーディーケイ株式会社

@/home/ec2-user/data/topics/1129 1289
@/home/ec2-user/data/topics/2202 1289
@/home/ec2-user/data/topics/3792 1290
@/home/ec2-user/data/topics/3909 1291
@/home/ec2-user/data/topics/4619 1292
@/home/ec2-user/data/topics/3798 1293
@/home/ec2-user/data/topics/1510 1294
@/home/ec2-user/data/topics/1409 1295
@/home/ec2-user/data/topics/2210 1296
京セラミタ株式会社

@/home/ec2-user/data/topics/4985 1297
@/home/ec2-user/data/topics/1032 1297
@/home/ec2-user/data/topics/4564 1298
@/home/ec2-user/data/topics/4174 1299
@/home/ec2-user/data/topics/2141 1300
@/home/ec2-user/data/topics/4973 1301
@/home/ec2-user/data/topics/1930 1302
株式会社クボタ

@/home/ec2-user/data/topics/1734 1303
@/home/ec2-user/data/topics/3854 1303
@/home/ec2-user/data/topics/4379 1304
@/home/ec2-user/data/topics/1448 1305
@/home/ec2-user/data/topics/1280 1306
@/home/ec2-user/data/topics/4745 1307
@/home/ec2-user/data/topics/1012 1308
@/home/ec2-user/data/topics/3823 1309
@/home/ec2-user/data/topics/4251 1310
@/home/ec2-user/data/topics/3919 1311
シャープ株式会社

@/home/ec2-user/data/topics/3871 1312
@/home/ec2-user/data/topics/4691 1312
@/home/ec2-user/data/topics/1174 1313
@/home/ec2-user/data/topics/3777 1314
@/home/ec2-user/data/topics/4469 1315
@/home/ec2-user/data/topics/3793 1316
@/home/ec2-user/data/topics/4349 1317
@/home/ec2-user/data/topics/3698 1318
@/home/ec2-user/data/topics/3978 1319
@/home/ec2-user/data/topics/3649 1320
@/home/ec2-user/data/topics/1258 1321
@/home/ec2-user/data/topics/4516 1322
@/home/ec2-user/data/topics/4323 1323
@/home/ec2-user/data/topics/4230 1324
@/home/ec2-user/data/topics/3679 1325
@/home/ec2-user/data/topics/1431 1326
@/home/ec2-user/data/topics/3981 1327
@/home/ec2-user/data/topics/4113 1328
@/home/ec2-user/data/topics/1563 1329
@/home/ec2-user/data/topics/3606 1330
@/home/ec2-user/data/topics/1384 1331
@/home/ec2-user/data/topics/3762 1332
@/home/ec2-user/data/topics/3957 1333
@/home/ec2-user/data/topics/4152 1334
@/home/ec2-user/data/topics/3760 1335
@/home/ec2-user/data/topics/3537 1336
@/home/ec2-user/data/topics/4861 1337
@/home/ec2-user/data/topics/3858 1338
@/home/ec2-user/data/topics/4019 1339
@/home/ec2-user/data/topics/1561 1340
@/home/ec2-user/data/topics/4648 1341
@/home/ec2-user/data/topics/1209 1342
@/home/ec2-user/data/topics/3776 1343
@/home/ec2-user/data/topics/3450 1344
@/home/ec2-user/data/topics/3855 1345
@/home/ec2-user/data/topics/1318 1346
@/home/ec2-user/data/topics/3678 1347
@/home/ec2-user/data/topics/4782 1348
@/home/ec2-user/data/topics/1396 1349
@/home/ec2-user/data/topics/1804 1350
@/home/ec2-user/data/topics/4095 1351
@/home/ec2-user/data/topics/4105 1352
@/home/ec2-user/data/topics/1840 1353
@/home/ec2-user/data/topics/3813 1354
@/home/ec2-user/data/topics/4245 1355
@/home/ec2-user/data/topics/4263 1356
@/home/ec2-user/data/topics/2087 1357
@/home/ec2-user/data/topics/1154 1358
@/home/ec2-user/data/topics/4430 1359
@/home/ec2-user/data/topics/4127 1360
@/home/ec2-user/data/topics/3941 1361
@/home/ec2-user/data/topics/4683 1362
@/home/ec2-user/data/topics/4744 1363
@/home/ec2-user/data/topics/3832 1364
@/home/ec2-user/data/topics/3966 1365
@/home/ec2-user/data/topics/4214 1366
@/home/ec2-user/data/topics/3578 1367
@/home/ec2-user/data/topics/4173 1368
@/home/ec2-user/data/topics/3422 1369
@/home/ec2-user/data/topics/3452 1370
@/home/ec2-user/data/topics/2084 1371
@/home/ec2-user/data/topics/1685 1372
@/home/ec2-user/data/topics/4252 1373
@/home/ec2-user/data/topics/4717 1374
@/home/ec2-user/data/topics/1349 1375
@/home/ec2-user/data/topics/1970 1376
@/home/ec2-user/data/topics/4583 1377
@/home/ec2-user/data/topics/4256 1378
@/home/ec2-user/data/topics/3673 1379
@/home/ec2-user/data/topics/4228 1380
@/home/ec2-user/data/topics/2118 1381
@/home/ec2-user/data/topics/3895 1382
@/home/ec2-user/data/topics/1419 1383
@/home/ec2-user/data/topics/2020 1384
@/home/ec2-user/data/topics/1288 1385
@/home/ec2-user/data/topics/4103 1386
@/home/ec2-user/data/topics/3610 1387
@/home/ec2-user/data/topics/4005 1388
@/home/ec2-user/data/topics/1965 1389
@/home/ec2-user/data/topics/4519 1390
@/home/ec2-user/data/topics/4124 1391
日本輸送機株式会社

@/home/ec2-user/data/topics/1456 1392
@/home/ec2-user/data/topics/1108 1392
@/home/ec2-user/data/topics/3573 1393
@/home/ec2-user/data/topics/2221 1394
@/home/ec2-user/data/topics/2065 1395
@/home/ec2-user/data/topics/1191 1396
@/home/ec2-user/data/topics/1493 1397
@/home/ec2-user/data/topics/1940 1398
東京エレクトロン株式会社

@/home/ec2-user/data/topics/1263 1399
@/home/ec2-user/data/topics/1508 1399
@/home/ec2-user/data/topics/3947 1400
@/home/ec2-user/data/topics/4053 1401
@/home/ec2-user/data/topics/4702 1402
@/home/ec2-user/data/topics/4345 1403
@/home/ec2-user/data/topics/1736 1404
@/home/ec2-user/data/topics/4002 1405
@/home/ec2-user/data/topics/4618 1406
@/home/ec2-user/data/topics/1800 1407
@/home/ec2-user/data/topics/4906 1408
@/home/ec2-user/data/topics/4023 1409
株式会社村田製作所

@/home/ec2-user/data/topics/4325 1410
@/home/ec2-user/data/topics/4378 1410
@/home/ec2-user/data/topics/3697 1411
@/home/ec2-user/data/topics/4163 1412
@/home/ec2-user/data/topics/1374 1413
@/home/ec2-user/data/topics/2229 1414
@/home/ec2-user/data/topics/4703 1415
@/home/ec2-user/data/topics/4795 1416
@/home/ec2-user/data/topics/3885 1417
@/home/ec2-user/data/topics/4432 1418
@/home/ec2-user/data/topics/4417 1419
@/home/ec2-user/data/topics/4042 1420
@/home/ec2-user/data/topics/3435 1421
@/home/ec2-user/data/topics/1411 1422
@/home/ec2-user/data/topics/4271 1423
@/home/ec2-user/data/topics/4070 1424
@/home/ec2-user/data/topics/3482 1425
日本電信電話株式会社

@/home/ec2-user/data/topics/4916 1426
@/home/ec2-user/data/topics/4925 1426
@/home/ec2-user/data/topics/4175 1427
@/home/ec2-user/data/topics/1408 1428
@/home/ec2-user/data/topics/4870 1429
@/home/ec2-user/data/topics/4505 1430
@/home/ec2-user/data/topics/4865 1431
@/home/ec2-user/data/topics/3824 1432
@/home/ec2-user/data/topics/3586 1433
@/home/ec2-user/data/topics/3544 1434
@/home/ec2-user/data/topics/4560 1435
@/home/ec2-user/data/topics/4114 1436
@/home/ec2-user/data/topics/3641 1437
@/home/ec2-user/data/topics/4664 1438
@/home/ec2-user/data/topics/4208 1439
@/home/ec2-user/data/topics/3568 1440
@/home/ec2-user/data/topics/4836 1441
@/home/ec2-user/data/topics/4965 1442
@/home/ec2-user/data/topics/3650 1443
@/home/ec2-user/data/topics/4131 1444
@/home/ec2-user/data/topics/4232 1445
@/home/ec2-user/data/topics/4511 1446
@/home/ec2-user/data/topics/1229 1447
@/home/ec2-user/data/topics/1556 1448
@/home/ec2-user/data/topics/4443 1449
@/home/ec2-user/data/topics/3552 1450
@/home/ec2-user/data/topics/3927 1451
@/home/ec2-user/data/topics/1230 1452
@/home/ec2-user/data/topics/3359 1453
@/home/ec2-user/data/topics/4146 1454
@/home/ec2-user/data/topics/4025 1455
@/home/ec2-user/data/topics/3811 1456
@/home/ec2-user/data/topics/3509 1457
@/home/ec2-user/data/topics/4118 1458
@/home/ec2-user/data/topics/4488 1459
@/home/ec2-user/data/topics/4087 1460
@/home/ec2-user/data/topics/4952 1461
@/home/ec2-user/data/topics/4964 1462
@/home/ec2-user/data/topics/4335 1463
@/home/ec2-user/data/topics/1934 1464
@/home/ec2-user/data/topics/3536 1465
@/home/ec2-user/data/topics/1787 1466
@/home/ec2-user/data/topics/2130 1467
@/home/ec2-user/data/topics/3521 1468
@/home/ec2-user/data/topics/1809 1469
@/home/ec2-user/data/topics/3915 1470
@/home/ec2-user/data/topics/3894 1471
@/home/ec2-user/data/topics/4115 1472
@/home/ec2-user/data/topics/3425 1473
@/home/ec2-user/data/topics/3785 1474
@/home/ec2-user/data/topics/1042 1475
@/home/ec2-user/data/topics/4121 1476
@/home/ec2-user/data/topics/4792 1477
@/home/ec2-user/data/topics/4104 1478
@/home/ec2-user/data/topics/3928 1479
@/home/ec2-user/data/topics/2017 1480
日本鋼管株式会社

@/home/ec2-user/data/topics/1404 1481
@/home/ec2-user/data/topics/4161 1481
@/home/ec2-user/data/topics/3572 1482
@/home/ec2-user/data/topics/2095 1483
@/home/ec2-user/data/topics/1690 1484
@/home/ec2-user/data/topics/4289 1485
@/home/ec2-user/data/topics/4455 1486
株式会社神戸製鋼所

@/home/ec2-user/data/topics/3475 1487
@/home/ec2-user/data/topics/3902 1487
@/home/ec2-user/data/topics/3674 1488
@/home/ec2-user/data/topics/4949 1489
@/home/ec2-user/data/topics/1465 1490
@/home/ec2-user/data/topics/3632 1491
@/home/ec2-user/data/topics/2064 1492
株式会社ケンウッド

@/home/ec2-user/data/topics/4167 1493
@/home/ec2-user/data/topics/3463 1493
@/home/ec2-user/data/topics/4050 1494
@/home/ec2-user/data/topics/3839 1495
@/home/ec2-user/data/topics/3801 1496
@/home/ec2-user/data/topics/1115 1497
@/home/ec2-user/data/topics/1896 1498
@/home/ec2-user/data/topics/3794 1499
@/home/ec2-user/data/topics/1241 1500
@/home/ec2-user/data/topics/2036 1501
@/home/ec2-user/data/topics/1698 1502
@/home/ec2-user/data/topics/1345 1503
@/home/ec2-user/data/topics/1617 1504
@/home/ec2-user/data/topics/1186 1505
@/home/ec2-user/data/topics/2163 1506
@/home/ec2-user/data/topics/3977 1507
@/home/ec2-user/data/topics/4038 1508
@/home/ec2-user/data/topics/4467 1509
@/home/ec2-user/data/topics/1424 1510
@/home/ec2-user/data/topics/3969 1511
@/home/ec2-user/data/topics/3878 1512
東陶機器株式会社

@/home/ec2-user/data/topics/1626 1513
@/home/ec2-user/data/topics/3583 1513
@/home/ec2-user/data/topics/3821 1514
@/home/ec2-user/data/topics/1692 1515
@/home/ec2-user/data/topics/2135 1516
@/home/ec2-user/data/topics/1735 1517
本田技研工業株式会社

@/home/ec2-user/data/topics/3685 1518
@/home/ec2-user/data/topics/1143 1518
@/home/ec2-user/data/topics/1822 1519
@/home/ec2-user/data/topics/1266 1520
@/home/ec2-user/data/topics/1226 1521
@/home/ec2-user/data/topics/2016 1522
@/home/ec2-user/data/topics/5026 1523
@/home/ec2-user/data/topics/1215 1524
@/home/ec2-user/data/topics/4033 1525
@/home/ec2-user/data/topics/1444 1526
@/home/ec2-user/data/topics/4375 1527
@/home/ec2-user/data/topics/4331 1528
@/home/ec2-user/data/topics/4199 1529
@/home/ec2-user/data/topics/4888 1530
@/home/ec2-user/data/topics/2000 1531
@/home/ec2-user/data/topics/1818 1532
@/home/ec2-user/data/topics/4783 1533
@/home/ec2-user/data/topics/1605 1534
@/home/ec2-user/data/topics/4132 1535
新日本製鐵株式会社

@/home/ec2-user/data/topics/3899 1536
@/home/ec2-user/data/topics/5008 1536
@/home/ec2-user/data/topics/3663 1537
@/home/ec2-user/data/topics/3368 1538
@/home/ec2-user/data/topics/4472 1539
@/home/ec2-user/data/topics/3861 1540
松下電工株式会社

@/home/ec2-user/data/topics/1011 1541
@/home/ec2-user/data/topics/4094 1541
@/home/ec2-user/data/topics/4592 1542
@/home/ec2-user/data/topics/4347 1543
@/home/ec2-user/data/topics/3670 1544
@/home/ec2-user/data/topics/4083 1545
@/home/ec2-user/data/topics/1311 1546
@/home/ec2-user/data/topics/4317 1547
@/home/ec2-user/data/topics/4012 1548
@/home/ec2-user/data/topics/3835 1549
@/home/ec2-user/data/topics/3651 1550
@/home/ec2-user/data/topics/3511 1551
@/home/ec2-user/data/topics/3932 1552
@/home/ec2-user/data/topics/4029 1553
@/home/ec2-user/data/topics/1803 1554
@/home/ec2-user/data/topics/3549 1555
@/home/ec2-user/data/topics/4450 1556
@/home/ec2-user/data/topics/3778 1557
@/home/ec2-user/data/topics/1251 1558
@/home/ec2-user/data/topics/2045 1559
@/home/ec2-user/data/topics/3565 1560
@/home/ec2-user/data/topics/3379 1561
usernum: 72
hit: 1540
simhit: 1461
simmax: 0.65798403315
simmin: 0.0
simavg: 0.19956748815
dlmax: 0.200047582307
dlmin: 0.00598184387471
dlavg: 0.0337866390013
mthit: 1628
mthls: 0
srp: 43.158
total: 1562
hit/total: 0.985915492958
simhit/total: 0.935339308579
mthit/(total+usernum): 0.996328029376
mthls/(total+usernum): 0.0
srp/(total+usernum): 0.00880416156671
srp20/(total+usernum): 0.00198898408813
srp100/(total+usernum): 0.0064891880865
srp500/(total+usernum): 0.00830436556508

2016-12-24 07:53:36.279469
