2016-12-21 05:06:45.415332

topic-folder:/home/ec2-user/data/topics/
cl-file:/home/ec2-user/git/tfidf/result-new/b2-3.txt
cl-floder:/home/ec2-user/data/lsaclass/
zipf:0.1
stype[0(tfidf)/1(tfidf2)/2(lsa)/3(lda)]:2
dtype[<0(diff*rand)/0(diff)/1(same)/>=2(diff*same)]:0
output-floder:/home/ec2-user/git/userquery/result-new

三菱マテリアル株式会社

@/home/ec2-user/data/topics/3470 0
@/home/ec2-user/data/topics/3520 0
@/home/ec2-user/data/topics/2093 1
@/home/ec2-user/data/topics/1085 2
@/home/ec2-user/data/topics/3546 3
@/home/ec2-user/data/topics/3630 4
@/home/ec2-user/data/topics/3866 5
@/home/ec2-user/data/topics/1638 6
日本精機株式会社

@/home/ec2-user/data/topics/4709 7
@/home/ec2-user/data/topics/4690 7
@/home/ec2-user/data/topics/4875 8
@/home/ec2-user/data/topics/4972 9
@/home/ec2-user/data/topics/1398 10
@/home/ec2-user/data/topics/4907 11
コニカ株式会社

@/home/ec2-user/data/topics/3431 12
@/home/ec2-user/data/topics/3426 12
@/home/ec2-user/data/topics/3418 13
@/home/ec2-user/data/topics/3414 14
@/home/ec2-user/data/topics/3357 15
@/home/ec2-user/data/topics/1946 16
@/home/ec2-user/data/topics/3370 17
@/home/ec2-user/data/topics/3533 18
@/home/ec2-user/data/topics/3419 19
@/home/ec2-user/data/topics/3486 20
@/home/ec2-user/data/topics/2162 21
埼玉日本電気株式会社

@/home/ec2-user/data/topics/5010 22
@/home/ec2-user/data/topics/4998 22
@/home/ec2-user/data/topics/1512 23
@/home/ec2-user/data/topics/4496 24
@/home/ec2-user/data/topics/4279 25
@/home/ec2-user/data/topics/4283 26
@/home/ec2-user/data/topics/4242 27
@/home/ec2-user/data/topics/4468 28
@/home/ec2-user/data/topics/1620 29
アルプス電気株式会社

@/home/ec2-user/data/topics/1253 30
@/home/ec2-user/data/topics/2012 30
@/home/ec2-user/data/topics/4791 31
@/home/ec2-user/data/topics/3582 32
@/home/ec2-user/data/topics/2089 33
@/home/ec2-user/data/topics/1434 34
@/home/ec2-user/data/topics/3429 35
三菱重工業株式会社

@/home/ec2-user/data/topics/3503 36
@/home/ec2-user/data/topics/3944 36
@/home/ec2-user/data/topics/4412 37
@/home/ec2-user/data/topics/3637 38
@/home/ec2-user/data/topics/4862 39
@/home/ec2-user/data/topics/4563 40
@/home/ec2-user/data/topics/4882 41
@/home/ec2-user/data/topics/3833 42
@/home/ec2-user/data/topics/4687 43
@/home/ec2-user/data/topics/3529 44
@/home/ec2-user/data/topics/5022 45
@/home/ec2-user/data/topics/3591 46
村田機械株式会社

@/home/ec2-user/data/topics/3528 47
@/home/ec2-user/data/topics/4570 47
@/home/ec2-user/data/topics/1293 48
@/home/ec2-user/data/topics/3740 49
@/home/ec2-user/data/topics/1511 50
@/home/ec2-user/data/topics/4556 51
@/home/ec2-user/data/topics/4596 52
@/home/ec2-user/data/topics/4638 53
@/home/ec2-user/data/topics/1074 54
@/home/ec2-user/data/topics/4565 55
@/home/ec2-user/data/topics/4441 56
@/home/ec2-user/data/topics/4835 57
@/home/ec2-user/data/topics/1607 58
@/home/ec2-user/data/topics/4941 59
@/home/ec2-user/data/topics/4645 60
@/home/ec2-user/data/topics/4746 61
@/home/ec2-user/data/topics/5000 62
川崎製鉄株式会社

@/home/ec2-user/data/topics/1459 63
@/home/ec2-user/data/topics/3929 63
@/home/ec2-user/data/topics/1037 64
@/home/ec2-user/data/topics/3611 65
@/home/ec2-user/data/topics/3532 66
@/home/ec2-user/data/topics/3553 67
@/home/ec2-user/data/topics/3483 68
@/home/ec2-user/data/topics/3413 69
@/home/ec2-user/data/topics/4615 70
ダイキン工業株式会社

@/home/ec2-user/data/topics/3888 71
@/home/ec2-user/data/topics/4753 71
@/home/ec2-user/data/topics/4515 72
@/home/ec2-user/data/topics/4400 73
@/home/ec2-user/data/topics/4701 74
@/home/ec2-user/data/topics/1565 75
@/home/ec2-user/data/topics/4734 76
@/home/ec2-user/data/topics/1600 77
@/home/ec2-user/data/topics/4858 78
@/home/ec2-user/data/topics/4845 79
@/home/ec2-user/data/topics/4367 80
三菱自動車工業株式会社

@/home/ec2-user/data/topics/1527 81
@/home/ec2-user/data/topics/1428 81
@/home/ec2-user/data/topics/4189 82
@/home/ec2-user/data/topics/3940 83
@/home/ec2-user/data/topics/1816 84
@/home/ec2-user/data/topics/3815 85
@/home/ec2-user/data/topics/2101 86
@/home/ec2-user/data/topics/3502 87
日産自動車株式会社

@/home/ec2-user/data/topics/3712 88
@/home/ec2-user/data/topics/4074 88
@/home/ec2-user/data/topics/3489 89
@/home/ec2-user/data/topics/3677 90
@/home/ec2-user/data/topics/3497 91
@/home/ec2-user/data/topics/3645 92
@/home/ec2-user/data/topics/3723 93
@/home/ec2-user/data/topics/3829 94
@/home/ec2-user/data/topics/3501 95
@/home/ec2-user/data/topics/4982 96
@/home/ec2-user/data/topics/3936 97
トヨタ自動車株式会社

@/home/ec2-user/data/topics/4767 98
@/home/ec2-user/data/topics/4030 98
@/home/ec2-user/data/topics/3758 99
@/home/ec2-user/data/topics/4658 100
@/home/ec2-user/data/topics/3587 101
@/home/ec2-user/data/topics/4144 102
@/home/ec2-user/data/topics/3356 103
@/home/ec2-user/data/topics/2111 104
@/home/ec2-user/data/topics/3943 105
@/home/ec2-user/data/topics/1494 106
@/home/ec2-user/data/topics/2218 107
@/home/ec2-user/data/topics/4064 108
@/home/ec2-user/data/topics/4617 109
@/home/ec2-user/data/topics/4298 110
@/home/ec2-user/data/topics/3405 111
@/home/ec2-user/data/topics/4426 112
@/home/ec2-user/data/topics/3725 113
@/home/ec2-user/data/topics/4633 114
@/home/ec2-user/data/topics/4920 115
@/home/ec2-user/data/topics/4543 116
@/home/ec2-user/data/topics/3481 117
@/home/ec2-user/data/topics/4008 118
@/home/ec2-user/data/topics/3699 119
@/home/ec2-user/data/topics/3671 120
@/home/ec2-user/data/topics/3731 121
@/home/ec2-user/data/topics/3783 122
@/home/ec2-user/data/topics/4647 123
@/home/ec2-user/data/topics/4346 124
@/home/ec2-user/data/topics/1551 125
オリンパス光学工業株式会社

@/home/ec2-user/data/topics/1869 126
@/home/ec2-user/data/topics/1107 126
@/home/ec2-user/data/topics/4013 127
@/home/ec2-user/data/topics/1835 128
@/home/ec2-user/data/topics/1586 129
@/home/ec2-user/data/topics/1739 130
@/home/ec2-user/data/topics/2026 131
@/home/ec2-user/data/topics/4878 132
@/home/ec2-user/data/topics/1981 133
@/home/ec2-user/data/topics/5006 134
@/home/ec2-user/data/topics/1155 135
@/home/ec2-user/data/topics/4007 136
ブラザー工業株式会社

@/home/ec2-user/data/topics/2086 137
@/home/ec2-user/data/topics/2085 137
@/home/ec2-user/data/topics/1636 138
@/home/ec2-user/data/topics/4548 139
@/home/ec2-user/data/topics/3686 140
@/home/ec2-user/data/topics/1697 141
@/home/ec2-user/data/topics/1906 142
@/home/ec2-user/data/topics/1164 143
@/home/ec2-user/data/topics/3613 144
@/home/ec2-user/data/topics/1300 145
@/home/ec2-user/data/topics/3789 146
@/home/ec2-user/data/topics/3477 147
@/home/ec2-user/data/topics/1076 148
@/home/ec2-user/data/topics/1183 149
@/home/ec2-user/data/topics/3507 150
富士通株式会社

@/home/ec2-user/data/topics/3802 151
@/home/ec2-user/data/topics/1874 151
@/home/ec2-user/data/topics/1264 152
@/home/ec2-user/data/topics/1547 153
@/home/ec2-user/data/topics/3883 154
@/home/ec2-user/data/topics/3636 155
@/home/ec2-user/data/topics/1123 156
@/home/ec2-user/data/topics/1609 157
@/home/ec2-user/data/topics/3381 158
@/home/ec2-user/data/topics/3870 159
@/home/ec2-user/data/topics/3460 160
@/home/ec2-user/data/topics/3962 161
@/home/ec2-user/data/topics/3400 162
@/home/ec2-user/data/topics/2215 163
@/home/ec2-user/data/topics/3399 164
@/home/ec2-user/data/topics/3538 165
@/home/ec2-user/data/topics/1271 166
@/home/ec2-user/data/topics/2216 167
@/home/ec2-user/data/topics/5004 168
@/home/ec2-user/data/topics/3749 169
@/home/ec2-user/data/topics/3799 170
@/home/ec2-user/data/topics/3846 171
@/home/ec2-user/data/topics/3428 172
@/home/ec2-user/data/topics/3912 173
@/home/ec2-user/data/topics/3862 174
@/home/ec2-user/data/topics/3850 175
@/home/ec2-user/data/topics/3751 176
@/home/ec2-user/data/topics/2227 177
@/home/ec2-user/data/topics/1998 178
@/home/ec2-user/data/topics/3765 179
@/home/ec2-user/data/topics/3970 180
@/home/ec2-user/data/topics/4191 181
静岡日本電気株式会社

@/home/ec2-user/data/topics/4507 182
@/home/ec2-user/data/topics/4314 182
@/home/ec2-user/data/topics/4531 183
@/home/ec2-user/data/topics/4250 184
@/home/ec2-user/data/topics/4365 185
@/home/ec2-user/data/topics/4326 186
住友重機械工業株式会社

@/home/ec2-user/data/topics/2039 187
@/home/ec2-user/data/topics/1019 187
@/home/ec2-user/data/topics/1900 188
@/home/ec2-user/data/topics/1373 189
@/home/ec2-user/data/topics/1505 190
@/home/ec2-user/data/topics/3952 191
@/home/ec2-user/data/topics/1553 192
@/home/ec2-user/data/topics/3868 193
@/home/ec2-user/data/topics/4854 194
大日本印刷株式会社

@/home/ec2-user/data/topics/3569 195
@/home/ec2-user/data/topics/1145 195
@/home/ec2-user/data/topics/1564 196
@/home/ec2-user/data/topics/1099 197
@/home/ec2-user/data/topics/3388 198
@/home/ec2-user/data/topics/1262 199
日本電気株式会社

@/home/ec2-user/data/topics/2031 200
@/home/ec2-user/data/topics/4342 200
@/home/ec2-user/data/topics/4404 201
@/home/ec2-user/data/topics/3724 202
@/home/ec2-user/data/topics/4093 203
@/home/ec2-user/data/topics/4779 204
@/home/ec2-user/data/topics/3875 205
@/home/ec2-user/data/topics/4196 206
@/home/ec2-user/data/topics/4162 207
@/home/ec2-user/data/topics/4309 208
@/home/ec2-user/data/topics/4216 209
@/home/ec2-user/data/topics/4092 210
@/home/ec2-user/data/topics/4425 211
@/home/ec2-user/data/topics/4137 212
@/home/ec2-user/data/topics/4682 213
@/home/ec2-user/data/topics/4247 214
@/home/ec2-user/data/topics/1923 215
@/home/ec2-user/data/topics/1612 216
@/home/ec2-user/data/topics/4209 217
@/home/ec2-user/data/topics/4926 218
@/home/ec2-user/data/topics/4414 219
@/home/ec2-user/data/topics/4485 220
@/home/ec2-user/data/topics/1486 221
@/home/ec2-user/data/topics/4275 222
@/home/ec2-user/data/topics/1891 223
@/home/ec2-user/data/topics/1937 224
@/home/ec2-user/data/topics/4063 225
@/home/ec2-user/data/topics/4260 226
@/home/ec2-user/data/topics/4398 227
@/home/ec2-user/data/topics/4257 228
@/home/ec2-user/data/topics/1016 229
@/home/ec2-user/data/topics/4696 230
@/home/ec2-user/data/topics/4371 231
@/home/ec2-user/data/topics/4497 232
@/home/ec2-user/data/topics/4388 233
@/home/ec2-user/data/topics/4530 234
@/home/ec2-user/data/topics/4644 235
@/home/ec2-user/data/topics/4281 236
@/home/ec2-user/data/topics/4100 237
@/home/ec2-user/data/topics/4689 238
@/home/ec2-user/data/topics/4657 239
@/home/ec2-user/data/topics/4775 240
@/home/ec2-user/data/topics/4609 241
@/home/ec2-user/data/topics/4940 242
@/home/ec2-user/data/topics/1281 243
@/home/ec2-user/data/topics/1500 244
@/home/ec2-user/data/topics/4626 245
@/home/ec2-user/data/topics/4429 246
@/home/ec2-user/data/topics/4315 247
@/home/ec2-user/data/topics/4267 248
@/home/ec2-user/data/topics/4390 249
@/home/ec2-user/data/topics/4460 250
@/home/ec2-user/data/topics/4343 251
@/home/ec2-user/data/topics/4207 252
@/home/ec2-user/data/topics/4081 253
@/home/ec2-user/data/topics/4699 254
@/home/ec2-user/data/topics/4017 255
@/home/ec2-user/data/topics/1773 256
@/home/ec2-user/data/topics/4246 257
@/home/ec2-user/data/topics/3853 258
@/home/ec2-user/data/topics/4319 259
@/home/ec2-user/data/topics/4082 260
@/home/ec2-user/data/topics/1364 261
@/home/ec2-user/data/topics/4440 262
@/home/ec2-user/data/topics/1844 263
@/home/ec2-user/data/topics/4759 264
@/home/ec2-user/data/topics/2144 265
@/home/ec2-user/data/topics/1783 266
@/home/ec2-user/data/topics/4578 267
@/home/ec2-user/data/topics/1624 268
@/home/ec2-user/data/topics/1791 269
@/home/ec2-user/data/topics/4227 270
@/home/ec2-user/data/topics/2022 271
@/home/ec2-user/data/topics/4651 272
@/home/ec2-user/data/topics/4892 273
@/home/ec2-user/data/topics/4458 274
@/home/ec2-user/data/topics/3865 275
@/home/ec2-user/data/topics/4613 276
@/home/ec2-user/data/topics/4537 277
@/home/ec2-user/data/topics/4171 278
@/home/ec2-user/data/topics/4876 279
@/home/ec2-user/data/topics/4243 280
@/home/ec2-user/data/topics/4750 281
@/home/ec2-user/data/topics/1078 282
@/home/ec2-user/data/topics/1879 283
@/home/ec2-user/data/topics/4824 284
@/home/ec2-user/data/topics/4760 285
@/home/ec2-user/data/topics/1362 286
@/home/ec2-user/data/topics/4276 287
@/home/ec2-user/data/topics/4808 288
@/home/ec2-user/data/topics/1661 289
@/home/ec2-user/data/topics/4153 290
@/home/ec2-user/data/topics/4477 291
@/home/ec2-user/data/topics/4272 292
@/home/ec2-user/data/topics/4236 293
@/home/ec2-user/data/topics/4142 294
@/home/ec2-user/data/topics/4721 295
@/home/ec2-user/data/topics/4659 296
@/home/ec2-user/data/topics/1557 297
@/home/ec2-user/data/topics/3897 298
@/home/ec2-user/data/topics/4258 299
@/home/ec2-user/data/topics/4120 300
@/home/ec2-user/data/topics/4310 301
@/home/ec2-user/data/topics/3744 302
@/home/ec2-user/data/topics/4634 303
@/home/ec2-user/data/topics/2119 304
@/home/ec2-user/data/topics/4360 305
@/home/ec2-user/data/topics/4313 306
@/home/ec2-user/data/topics/4480 307
@/home/ec2-user/data/topics/1464 308
@/home/ec2-user/data/topics/4603 309
@/home/ec2-user/data/topics/4300 310
@/home/ec2-user/data/topics/4003 311
@/home/ec2-user/data/topics/1112 312
@/home/ec2-user/data/topics/4902 313
@/home/ec2-user/data/topics/4816 314
@/home/ec2-user/data/topics/4186 315
@/home/ec2-user/data/topics/4598 316
@/home/ec2-user/data/topics/4204 317
@/home/ec2-user/data/topics/4643 318
@/home/ec2-user/data/topics/4785 319
@/home/ec2-user/data/topics/1724 320
@/home/ec2-user/data/topics/1567 321
@/home/ec2-user/data/topics/1523 322
@/home/ec2-user/data/topics/4764 323
@/home/ec2-user/data/topics/4666 324
@/home/ec2-user/data/topics/4442 325
@/home/ec2-user/data/topics/4584 326
@/home/ec2-user/data/topics/1457 327
@/home/ec2-user/data/topics/4725 328
@/home/ec2-user/data/topics/4742 329
@/home/ec2-user/data/topics/1326 330
@/home/ec2-user/data/topics/4278 331
@/home/ec2-user/data/topics/4129 332
@/home/ec2-user/data/topics/3995 333
@/home/ec2-user/data/topics/4770 334
@/home/ec2-user/data/topics/4650 335
@/home/ec2-user/data/topics/4877 336
@/home/ec2-user/data/topics/4318 337
@/home/ec2-user/data/topics/4595 338
@/home/ec2-user/data/topics/4116 339
@/home/ec2-user/data/topics/2166 340
@/home/ec2-user/data/topics/4549 341
@/home/ec2-user/data/topics/3896 342
@/home/ec2-user/data/topics/4338 343
@/home/ec2-user/data/topics/4254 344
@/home/ec2-user/data/topics/2088 345
@/home/ec2-user/data/topics/4158 346
@/home/ec2-user/data/topics/4533 347
@/home/ec2-user/data/topics/4708 348
@/home/ec2-user/data/topics/1360 349
@/home/ec2-user/data/topics/1116 350
@/home/ec2-user/data/topics/4185 351
@/home/ec2-user/data/topics/1199 352
@/home/ec2-user/data/topics/4119 353
@/home/ec2-user/data/topics/4447 354
@/home/ec2-user/data/topics/4418 355
@/home/ec2-user/data/topics/4192 356
@/home/ec2-user/data/topics/4134 357
@/home/ec2-user/data/topics/1764 358
@/home/ec2-user/data/topics/4393 359
@/home/ec2-user/data/topics/5034 360
@/home/ec2-user/data/topics/1710 361
@/home/ec2-user/data/topics/3956 362
@/home/ec2-user/data/topics/3766 363
@/home/ec2-user/data/topics/4320 364
@/home/ec2-user/data/topics/2127 365
@/home/ec2-user/data/topics/4433 366
@/home/ec2-user/data/topics/4240 367
@/home/ec2-user/data/topics/1122 368
@/home/ec2-user/data/topics/4273 369
@/home/ec2-user/data/topics/4718 370
@/home/ec2-user/data/topics/4490 371
@/home/ec2-user/data/topics/3729 372
@/home/ec2-user/data/topics/1595 373
@/home/ec2-user/data/topics/1634 374
@/home/ec2-user/data/topics/1101 375
@/home/ec2-user/data/topics/1052 376
@/home/ec2-user/data/topics/1100 377
@/home/ec2-user/data/topics/1383 378
@/home/ec2-user/data/topics/1973 379
@/home/ec2-user/data/topics/3767 380
@/home/ec2-user/data/topics/4850 381
@/home/ec2-user/data/topics/4427 382
@/home/ec2-user/data/topics/1044 383
@/home/ec2-user/data/topics/4359 384
@/home/ec2-user/data/topics/4434 385
@/home/ec2-user/data/topics/4749 386
@/home/ec2-user/data/topics/4128 387
@/home/ec2-user/data/topics/4238 388
@/home/ec2-user/data/topics/4071 389
@/home/ec2-user/data/topics/3954 390
@/home/ec2-user/data/topics/4446 391
@/home/ec2-user/data/topics/1815 392
@/home/ec2-user/data/topics/4352 393
@/home/ec2-user/data/topics/4389 394
@/home/ec2-user/data/topics/1948 395
@/home/ec2-user/data/topics/1867 396
@/home/ec2-user/data/topics/4561 397
@/home/ec2-user/data/topics/4486 398
@/home/ec2-user/data/topics/4728 399
@/home/ec2-user/data/topics/3938 400
@/home/ec2-user/data/topics/4168 401
@/home/ec2-user/data/topics/2041 402
@/home/ec2-user/data/topics/4665 403
@/home/ec2-user/data/topics/4138 404
@/home/ec2-user/data/topics/4288 405
@/home/ec2-user/data/topics/3886 406
@/home/ec2-user/data/topics/1928 407
@/home/ec2-user/data/topics/4062 408
@/home/ec2-user/data/topics/4646 409
@/home/ec2-user/data/topics/4097 410
@/home/ec2-user/data/topics/1852 411
@/home/ec2-user/data/topics/4838 412
@/home/ec2-user/data/topics/3971 413
@/home/ec2-user/data/topics/4154 414
@/home/ec2-user/data/topics/2150 415
@/home/ec2-user/data/topics/4536 416
@/home/ec2-user/data/topics/4532 417
@/home/ec2-user/data/topics/4244 418
松下電器産業株式会社

@/home/ec2-user/data/topics/4867 419
@/home/ec2-user/data/topics/3979 419
@/home/ec2-user/data/topics/1157 420
@/home/ec2-user/data/topics/3692 421
@/home/ec2-user/data/topics/4448 422
@/home/ec2-user/data/topics/4797 423
@/home/ec2-user/data/topics/3514 424
@/home/ec2-user/data/topics/3704 425
@/home/ec2-user/data/topics/4180 426
@/home/ec2-user/data/topics/1955 427
@/home/ec2-user/data/topics/4577 428
@/home/ec2-user/data/topics/3585 429
@/home/ec2-user/data/topics/1540 430
@/home/ec2-user/data/topics/3847 431
@/home/ec2-user/data/topics/4307 432
@/home/ec2-user/data/topics/1705 433
@/home/ec2-user/data/topics/4139 434
@/home/ec2-user/data/topics/2170 435
@/home/ec2-user/data/topics/4558 436
@/home/ec2-user/data/topics/4501 437
@/home/ec2-user/data/topics/1589 438
@/home/ec2-user/data/topics/1339 439
@/home/ec2-user/data/topics/4798 440
@/home/ec2-user/data/topics/3558 441
@/home/ec2-user/data/topics/4160 442
@/home/ec2-user/data/topics/3951 443
@/home/ec2-user/data/topics/3761 444
@/home/ec2-user/data/topics/2129 445
@/home/ec2-user/data/topics/3404 446
@/home/ec2-user/data/topics/4274 447
@/home/ec2-user/data/topics/4754 448
@/home/ec2-user/data/topics/1706 449
@/home/ec2-user/data/topics/4475 450
@/home/ec2-user/data/topics/4159 451
@/home/ec2-user/data/topics/4464 452
@/home/ec2-user/data/topics/1026 453
@/home/ec2-user/data/topics/4303 454
@/home/ec2-user/data/topics/4229 455
@/home/ec2-user/data/topics/3694 456
@/home/ec2-user/data/topics/4491 457
@/home/ec2-user/data/topics/1252 458
@/home/ec2-user/data/topics/2080 459
@/home/ec2-user/data/topics/4918 460
@/home/ec2-user/data/topics/3721 461
@/home/ec2-user/data/topics/1701 462
@/home/ec2-user/data/topics/4885 463
@/home/ec2-user/data/topics/3455 464
@/home/ec2-user/data/topics/3746 465
@/home/ec2-user/data/topics/4355 466
@/home/ec2-user/data/topics/4761 467
@/home/ec2-user/data/topics/1509 468
@/home/ec2-user/data/topics/1525 469
@/home/ec2-user/data/topics/4385 470
@/home/ec2-user/data/topics/3676 471
@/home/ec2-user/data/topics/4667 472
@/home/ec2-user/data/topics/3680 473
@/home/ec2-user/data/topics/4503 474
@/home/ec2-user/data/topics/4806 475
@/home/ec2-user/data/topics/3904 476
@/home/ec2-user/data/topics/3807 477
@/home/ec2-user/data/topics/4101 478
@/home/ec2-user/data/topics/3619 479
@/home/ec2-user/data/topics/4126 480
@/home/ec2-user/data/topics/2222 481
@/home/ec2-user/data/topics/1881 482
@/home/ec2-user/data/topics/5028 483
@/home/ec2-user/data/topics/1762 484
@/home/ec2-user/data/topics/4102 485
@/home/ec2-user/data/topics/1516 486
@/home/ec2-user/data/topics/3658 487
@/home/ec2-user/data/topics/4707 488
@/home/ec2-user/data/topics/3519 489
@/home/ec2-user/data/topics/1633 490
@/home/ec2-user/data/topics/4676 491
@/home/ec2-user/data/topics/4787 492
@/home/ec2-user/data/topics/4193 493
@/home/ec2-user/data/topics/1070 494
@/home/ec2-user/data/topics/3386 495
@/home/ec2-user/data/topics/1257 496
@/home/ec2-user/data/topics/4280 497
@/home/ec2-user/data/topics/3960 498
@/home/ec2-user/data/topics/1635 499
@/home/ec2-user/data/topics/1812 500
@/home/ec2-user/data/topics/1158 501
@/home/ec2-user/data/topics/4459 502
@/home/ec2-user/data/topics/1898 503
@/home/ec2-user/data/topics/4625 504
@/home/ec2-user/data/topics/4804 505
@/home/ec2-user/data/topics/4945 506
@/home/ec2-user/data/topics/4422 507
@/home/ec2-user/data/topics/4961 508
@/home/ec2-user/data/topics/4000 509
@/home/ec2-user/data/topics/3494 510
@/home/ec2-user/data/topics/3920 511
@/home/ec2-user/data/topics/4968 512
@/home/ec2-user/data/topics/4394 513
@/home/ec2-user/data/topics/3510 514
@/home/ec2-user/data/topics/3719 515
@/home/ec2-user/data/topics/4157 516
@/home/ec2-user/data/topics/1179 517
@/home/ec2-user/data/topics/1477 518
@/home/ec2-user/data/topics/5024 519
@/home/ec2-user/data/topics/4599 520
@/home/ec2-user/data/topics/4043 521
@/home/ec2-user/data/topics/4502 522
@/home/ec2-user/data/topics/4917 523
@/home/ec2-user/data/topics/2056 524
@/home/ec2-user/data/topics/1748 525
@/home/ec2-user/data/topics/4936 526
@/home/ec2-user/data/topics/4382 527
@/home/ec2-user/data/topics/4817 528
@/home/ec2-user/data/topics/4264 529
@/home/ec2-user/data/topics/3739 530
@/home/ec2-user/data/topics/4586 531
@/home/ec2-user/data/topics/2029 532
@/home/ec2-user/data/topics/2156 533
@/home/ec2-user/data/topics/1136 534
@/home/ec2-user/data/topics/3402 535
@/home/ec2-user/data/topics/4574 536
@/home/ec2-user/data/topics/4098 537
@/home/ec2-user/data/topics/1829 538
@/home/ec2-user/data/topics/4215 539
@/home/ec2-user/data/topics/1885 540
セイコーインスツルメンツ株式会社

@/home/ec2-user/data/topics/4203 541
@/home/ec2-user/data/topics/4151 541
@/home/ec2-user/data/topics/4997 542
@/home/ec2-user/data/topics/4088 543
@/home/ec2-user/data/topics/1707 544
@/home/ec2-user/data/topics/4190 545
@/home/ec2-user/data/topics/3626 546
@/home/ec2-user/data/topics/3825 547
@/home/ec2-user/data/topics/4036 548
ミノルタ株式会社

@/home/ec2-user/data/topics/2190 549
@/home/ec2-user/data/topics/4984 549
@/home/ec2-user/data/topics/4970 550
@/home/ec2-user/data/topics/1152 551
@/home/ec2-user/data/topics/3545 552
@/home/ec2-user/data/topics/3810 553
@/home/ec2-user/data/topics/4971 554
@/home/ec2-user/data/topics/3584 555
@/home/ec2-user/data/topics/4321 556
@/home/ec2-user/data/topics/4977 557
@/home/ec2-user/data/topics/4951 558
@/home/ec2-user/data/topics/4986 559
株式会社リコー

@/home/ec2-user/data/topics/1878 560
@/home/ec2-user/data/topics/3555 560
@/home/ec2-user/data/topics/4265 561
@/home/ec2-user/data/topics/2201 562
@/home/ec2-user/data/topics/3557 563
@/home/ec2-user/data/topics/1775 564
@/home/ec2-user/data/topics/1974 565
@/home/ec2-user/data/topics/1718 566
@/home/ec2-user/data/topics/3687 567
@/home/ec2-user/data/topics/1436 568
@/home/ec2-user/data/topics/1225 569
@/home/ec2-user/data/topics/2043 570
@/home/ec2-user/data/topics/1433 571
@/home/ec2-user/data/topics/2090 572
@/home/ec2-user/data/topics/1669 573
@/home/ec2-user/data/topics/3378 574
@/home/ec2-user/data/topics/1610 575
@/home/ec2-user/data/topics/1670 576
@/home/ec2-user/data/topics/2189 577
@/home/ec2-user/data/topics/3837 578
@/home/ec2-user/data/topics/1774 579
@/home/ec2-user/data/topics/3633 580
@/home/ec2-user/data/topics/3574 581
@/home/ec2-user/data/topics/1627 582
@/home/ec2-user/data/topics/1740 583
@/home/ec2-user/data/topics/3411 584
@/home/ec2-user/data/topics/3424 585
@/home/ec2-user/data/topics/1064 586
@/home/ec2-user/data/topics/3711 587
@/home/ec2-user/data/topics/3775 588
@/home/ec2-user/data/topics/1755 589
@/home/ec2-user/data/topics/1668 590
@/home/ec2-user/data/topics/1976 591
@/home/ec2-user/data/topics/1663 592
@/home/ec2-user/data/topics/3759 593
@/home/ec2-user/data/topics/4781 594
@/home/ec2-user/data/topics/3523 595
@/home/ec2-user/data/topics/1106 596
@/home/ec2-user/data/topics/3446 597
@/home/ec2-user/data/topics/3436 598
@/home/ec2-user/data/topics/3530 599
@/home/ec2-user/data/topics/3713 600
@/home/ec2-user/data/topics/3394 601
@/home/ec2-user/data/topics/1593 602
@/home/ec2-user/data/topics/2006 603
@/home/ec2-user/data/topics/1691 604
@/home/ec2-user/data/topics/4037 605
@/home/ec2-user/data/topics/4616 606
@/home/ec2-user/data/topics/3548 607
@/home/ec2-user/data/topics/4344 608
@/home/ec2-user/data/topics/1780 609
@/home/ec2-user/data/topics/3669 610
@/home/ec2-user/data/topics/1190 611
@/home/ec2-user/data/topics/1806 612
@/home/ec2-user/data/topics/1282 613
@/home/ec2-user/data/topics/2200 614
@/home/ec2-user/data/topics/1776 615
@/home/ec2-user/data/topics/2182 616
@/home/ec2-user/data/topics/3474 617
@/home/ec2-user/data/topics/4879 618
@/home/ec2-user/data/topics/2219 619
@/home/ec2-user/data/topics/3880 620
@/home/ec2-user/data/topics/1095 621
@/home/ec2-user/data/topics/3472 622
@/home/ec2-user/data/topics/1478 623
@/home/ec2-user/data/topics/1482 624
@/home/ec2-user/data/topics/1083 625
@/home/ec2-user/data/topics/3750 626
@/home/ec2-user/data/topics/1514 627
@/home/ec2-user/data/topics/3495 628
@/home/ec2-user/data/topics/3484 629
独立行政法人産業技術総合研究所

@/home/ec2-user/data/topics/4739 630
@/home/ec2-user/data/topics/4869 630
@/home/ec2-user/data/topics/1356 631
@/home/ec2-user/data/topics/4777 632
@/home/ec2-user/data/topics/4740 633
@/home/ec2-user/data/topics/4800 634
ソニー株式会社

@/home/ec2-user/data/topics/3955 635
@/home/ec2-user/data/topics/1291 635
@/home/ec2-user/data/topics/2058 636
@/home/ec2-user/data/topics/1686 637
@/home/ec2-user/data/topics/1778 638
@/home/ec2-user/data/topics/3924 639
@/home/ec2-user/data/topics/1679 640
@/home/ec2-user/data/topics/2105 641
@/home/ec2-user/data/topics/2048 642
@/home/ec2-user/data/topics/1426 643
@/home/ec2-user/data/topics/1218 644
@/home/ec2-user/data/topics/3392 645
@/home/ec2-user/data/topics/1147 646
@/home/ec2-user/data/topics/4184 647
@/home/ec2-user/data/topics/1926 648
@/home/ec2-user/data/topics/1967 649
@/home/ec2-user/data/topics/3872 650
@/home/ec2-user/data/topics/1102 651
@/home/ec2-user/data/topics/1471 652
@/home/ec2-user/data/topics/1749 653
@/home/ec2-user/data/topics/1414 654
@/home/ec2-user/data/topics/3456 655
@/home/ec2-user/data/topics/5027 656
@/home/ec2-user/data/topics/1491 657
@/home/ec2-user/data/topics/1602 658
@/home/ec2-user/data/topics/2075 659
@/home/ec2-user/data/topics/4351 660
@/home/ec2-user/data/topics/1380 661
@/home/ec2-user/data/topics/3401 662
@/home/ec2-user/data/topics/2059 663
@/home/ec2-user/data/topics/1954 664
@/home/ec2-user/data/topics/1912 665
@/home/ec2-user/data/topics/4219 666
@/home/ec2-user/data/topics/3975 667
@/home/ec2-user/data/topics/1435 668
@/home/ec2-user/data/topics/1059 669
@/home/ec2-user/data/topics/1892 670
@/home/ec2-user/data/topics/2037 671
@/home/ec2-user/data/topics/1298 672
@/home/ec2-user/data/topics/4224 673
@/home/ec2-user/data/topics/1397 674
@/home/ec2-user/data/topics/1836 675
@/home/ec2-user/data/topics/2094 676
@/home/ec2-user/data/topics/1233 677
@/home/ec2-user/data/topics/1873 678
@/home/ec2-user/data/topics/2052 679
@/home/ec2-user/data/topics/1884 680
富士ゼロックス株式会社

@/home/ec2-user/data/topics/3782 681
@/home/ec2-user/data/topics/1560 681
@/home/ec2-user/data/topics/3662 682
@/home/ec2-user/data/topics/3661 683
@/home/ec2-user/data/topics/3473 684
@/home/ec2-user/data/topics/3695 685
@/home/ec2-user/data/topics/3564 686
@/home/ec2-user/data/topics/3640 687
@/home/ec2-user/data/topics/4108 688
@/home/ec2-user/data/topics/3407 689
@/home/ec2-user/data/topics/5031 690
@/home/ec2-user/data/topics/3790 691
@/home/ec2-user/data/topics/3366 692
@/home/ec2-user/data/topics/1947 693
@/home/ec2-user/data/topics/3383 694
住友金属工業株式会社

@/home/ec2-user/data/topics/3577 695
@/home/ec2-user/data/topics/4661 695
@/home/ec2-user/data/topics/4322 696
@/home/ec2-user/data/topics/4295 697
@/home/ec2-user/data/topics/4534 698
@/home/ec2-user/data/topics/4733 699
@/home/ec2-user/data/topics/4991 700
@/home/ec2-user/data/topics/3655 701
@/home/ec2-user/data/topics/4021 702
@/home/ec2-user/data/topics/3826 703
@/home/ec2-user/data/topics/1268 704
@/home/ec2-user/data/topics/4182 705
日立電線株式会社

@/home/ec2-user/data/topics/4357 706
@/home/ec2-user/data/topics/1305 706
@/home/ec2-user/data/topics/3930 707
@/home/ec2-user/data/topics/4356 708
@/home/ec2-user/data/topics/4329 709
@/home/ec2-user/data/topics/1027 710
@/home/ec2-user/data/topics/3756 711
@/home/ec2-user/data/topics/1117 712
@/home/ec2-user/data/topics/1388 713
キヤノン株式会社

@/home/ec2-user/data/topics/3628 714
@/home/ec2-user/data/topics/1631 714
@/home/ec2-user/data/topics/3730 715
@/home/ec2-user/data/topics/1744 716
@/home/ec2-user/data/topics/1745 717
@/home/ec2-user/data/topics/3852 718
@/home/ec2-user/data/topics/4937 719
@/home/ec2-user/data/topics/3415 720
@/home/ec2-user/data/topics/3441 721
@/home/ec2-user/data/topics/2231 722
@/home/ec2-user/data/topics/1895 723
@/home/ec2-user/data/topics/1802 724
@/home/ec2-user/data/topics/4628 725
@/home/ec2-user/data/topics/1568 726
@/home/ec2-user/data/topics/3430 727
@/home/ec2-user/data/topics/4948 728
@/home/ec2-user/data/topics/3949 729
@/home/ec2-user/data/topics/4350 730
@/home/ec2-user/data/topics/3376 731
@/home/ec2-user/data/topics/1590 732
@/home/ec2-user/data/topics/3642 733
@/home/ec2-user/data/topics/3967 734
@/home/ec2-user/data/topics/4020 735
@/home/ec2-user/data/topics/2004 736
@/home/ec2-user/data/topics/1513 737
@/home/ec2-user/data/topics/2053 738
@/home/ec2-user/data/topics/3996 739
@/home/ec2-user/data/topics/1646 740
@/home/ec2-user/data/topics/1848 741
@/home/ec2-user/data/topics/3438 742
@/home/ec2-user/data/topics/1208 743
@/home/ec2-user/data/topics/4363 744
@/home/ec2-user/data/topics/1539 745
@/home/ec2-user/data/topics/2117 746
@/home/ec2-user/data/topics/3737 747
@/home/ec2-user/data/topics/1847 748
@/home/ec2-user/data/topics/4068 749
@/home/ec2-user/data/topics/4521 750
@/home/ec2-user/data/topics/1790 751
@/home/ec2-user/data/topics/3410 752
@/home/ec2-user/data/topics/4610 753
@/home/ec2-user/data/topics/2107 754
@/home/ec2-user/data/topics/3958 755
@/home/ec2-user/data/topics/1866 756
@/home/ec2-user/data/topics/3722 757
@/home/ec2-user/data/topics/1124 758
@/home/ec2-user/data/topics/4054 759
@/home/ec2-user/data/topics/1889 760
@/home/ec2-user/data/topics/3445 761
@/home/ec2-user/data/topics/3434 762
@/home/ec2-user/data/topics/4947 763
@/home/ec2-user/data/topics/1080 764
@/home/ec2-user/data/topics/1228 765
@/home/ec2-user/data/topics/3720 766
@/home/ec2-user/data/topics/3454 767
@/home/ec2-user/data/topics/3416 768
@/home/ec2-user/data/topics/1216 769
@/home/ec2-user/data/topics/3656 770
@/home/ec2-user/data/topics/1519 771
@/home/ec2-user/data/topics/1975 772
@/home/ec2-user/data/topics/1455 773
@/home/ec2-user/data/topics/3417 774
@/home/ec2-user/data/topics/1961 775
@/home/ec2-user/data/topics/3374 776
@/home/ec2-user/data/topics/3755 777
@/home/ec2-user/data/topics/3843 778
@/home/ec2-user/data/topics/3420 779
@/home/ec2-user/data/topics/4520 780
@/home/ec2-user/data/topics/2145 781
@/home/ec2-user/data/topics/3660 782
@/home/ec2-user/data/topics/2243 783
@/home/ec2-user/data/topics/1438 784
@/home/ec2-user/data/topics/1118 785
三洋電機株式会社

@/home/ec2-user/data/topics/5002 786
@/home/ec2-user/data/topics/1163 786
@/home/ec2-user/data/topics/4960 787
@/home/ec2-user/data/topics/4301 788
@/home/ec2-user/data/topics/4788 789
@/home/ec2-user/data/topics/1386 790
@/home/ec2-user/data/topics/3625 791
@/home/ec2-user/data/topics/2071 792
@/home/ec2-user/data/topics/3804 793
@/home/ec2-user/data/topics/1722 794
@/home/ec2-user/data/topics/4837 795
@/home/ec2-user/data/topics/3926 796
@/home/ec2-user/data/topics/4328 797
@/home/ec2-user/data/topics/4720 798
@/home/ec2-user/data/topics/1321 799
@/home/ec2-user/data/topics/1479 800
@/home/ec2-user/data/topics/4384 801
@/home/ec2-user/data/topics/3539 802
@/home/ec2-user/data/topics/3491 803
@/home/ec2-user/data/topics/4015 804
@/home/ec2-user/data/topics/3403 805
@/home/ec2-user/data/topics/3808 806
@/home/ec2-user/data/topics/3906 807
@/home/ec2-user/data/topics/3889 808
@/home/ec2-user/data/topics/1515 809
@/home/ec2-user/data/topics/3859 810
@/home/ec2-user/data/topics/2098 811
@/home/ec2-user/data/topics/5011 812
@/home/ec2-user/data/topics/3986 813
@/home/ec2-user/data/topics/4179 814
@/home/ec2-user/data/topics/1451 815
@/home/ec2-user/data/topics/3845 816
@/home/ec2-user/data/topics/4150 817
@/home/ec2-user/data/topics/4474 818
@/home/ec2-user/data/topics/1671 819
@/home/ec2-user/data/topics/4001 820
@/home/ec2-user/data/topics/3830 821
@/home/ec2-user/data/topics/4571 822
@/home/ec2-user/data/topics/4066 823
@/home/ec2-user/data/topics/1246 824
@/home/ec2-user/data/topics/3817 825
@/home/ec2-user/data/topics/4726 826
@/home/ec2-user/data/topics/2194 827
@/home/ec2-user/data/topics/4978 828
@/home/ec2-user/data/topics/4212 829
@/home/ec2-user/data/topics/3398 830
@/home/ec2-user/data/topics/2054 831
@/home/ec2-user/data/topics/4612 832
@/home/ec2-user/data/topics/4527 833
@/home/ec2-user/data/topics/4376 834
@/home/ec2-user/data/topics/2063 835
@/home/ec2-user/data/topics/4099 836
@/home/ec2-user/data/topics/4060 837
@/home/ec2-user/data/topics/3781 838
@/home/ec2-user/data/topics/4654 839
@/home/ec2-user/data/topics/4763 840
@/home/ec2-user/data/topics/4061 841
@/home/ec2-user/data/topics/4492 842
@/home/ec2-user/data/topics/2230 843
@/home/ec2-user/data/topics/3953 844
@/home/ec2-user/data/topics/1488 845
@/home/ec2-user/data/topics/1652 846
@/home/ec2-user/data/topics/1980 847
@/home/ec2-user/data/topics/2014 848
@/home/ec2-user/data/topics/4604 849
@/home/ec2-user/data/topics/4039 850
@/home/ec2-user/data/topics/4983 851
@/home/ec2-user/data/topics/4178 852
@/home/ec2-user/data/topics/3708 853
@/home/ec2-user/data/topics/3681 854
@/home/ec2-user/data/topics/3581 855
@/home/ec2-user/data/topics/1079 856
@/home/ec2-user/data/topics/1289 857
@/home/ec2-user/data/topics/3492 858
@/home/ec2-user/data/topics/3754 859
@/home/ec2-user/data/topics/1653 860
@/home/ec2-user/data/topics/3974 861
@/home/ec2-user/data/topics/4304 862
@/home/ec2-user/data/topics/4679 863
三菱電機株式会社

@/home/ec2-user/data/topics/4552 864
@/home/ec2-user/data/topics/4419 864
@/home/ec2-user/data/topics/4980 865
@/home/ec2-user/data/topics/3451 866
@/home/ec2-user/data/topics/3409 867
@/home/ec2-user/data/topics/3465 868
@/home/ec2-user/data/topics/1110 869
@/home/ec2-user/data/topics/4518 870
@/home/ec2-user/data/topics/4047 871
@/home/ec2-user/data/topics/1536 872
@/home/ec2-user/data/topics/3506 873
@/home/ec2-user/data/topics/4562 874
@/home/ec2-user/data/topics/3469 875
@/home/ec2-user/data/topics/3592 876
@/home/ec2-user/data/topics/3873 877
@/home/ec2-user/data/topics/1754 878
@/home/ec2-user/data/topics/3820 879
@/home/ec2-user/data/topics/4880 880
@/home/ec2-user/data/topics/4663 881
@/home/ec2-user/data/topics/3774 882
@/home/ec2-user/data/topics/3609 883
@/home/ec2-user/data/topics/4041 884
@/home/ec2-user/data/topics/4181 885
@/home/ec2-user/data/topics/4220 886
@/home/ec2-user/data/topics/4305 887
@/home/ec2-user/data/topics/3856 888
@/home/ec2-user/data/topics/5032 889
@/home/ec2-user/data/topics/3412 890
@/home/ec2-user/data/topics/3666 891
@/home/ec2-user/data/topics/4221 892
@/home/ec2-user/data/topics/3747 893
@/home/ec2-user/data/topics/4133 894
@/home/ec2-user/data/topics/3800 895
@/home/ec2-user/data/topics/3841 896
@/home/ec2-user/data/topics/3397 897
@/home/ec2-user/data/topics/4235 898
@/home/ec2-user/data/topics/3453 899
@/home/ec2-user/data/topics/3616 900
@/home/ec2-user/data/topics/2146 901
@/home/ec2-user/data/topics/1738 902
@/home/ec2-user/data/topics/4834 903
@/home/ec2-user/data/topics/4076 904
@/home/ec2-user/data/topics/4282 905
@/home/ec2-user/data/topics/3921 906
@/home/ec2-user/data/topics/4233 907
@/home/ec2-user/data/topics/4514 908
@/home/ec2-user/data/topics/3490 909
@/home/ec2-user/data/topics/3493 910
@/home/ec2-user/data/topics/3595 911
@/home/ec2-user/data/topics/3612 912
@/home/ec2-user/data/topics/1792 913
@/home/ec2-user/data/topics/1872 914
@/home/ec2-user/data/topics/4614 915
@/home/ec2-user/data/topics/3466 916
@/home/ec2-user/data/topics/1220 917
@/home/ec2-user/data/topics/3963 918
@/home/ec2-user/data/topics/4149 919
@/home/ec2-user/data/topics/5033 920
住友ゴム工業株式会社

@/home/ec2-user/data/topics/2007 921
@/home/ec2-user/data/topics/4406 921
@/home/ec2-user/data/topics/4597 922
@/home/ec2-user/data/topics/4048 923
@/home/ec2-user/data/topics/4568 924
@/home/ec2-user/data/topics/1758 925
@/home/ec2-user/data/topics/1114 926
セイコーエプソン株式会社

@/home/ec2-user/data/topics/3361 927
@/home/ec2-user/data/topics/3589 927
@/home/ec2-user/data/topics/1890 928
@/home/ec2-user/data/topics/3887 929
@/home/ec2-user/data/topics/3819 930
@/home/ec2-user/data/topics/3985 931
@/home/ec2-user/data/topics/2165 932
@/home/ec2-user/data/topics/1423 933
@/home/ec2-user/data/topics/4719 934
@/home/ec2-user/data/topics/3910 935
@/home/ec2-user/data/topics/1343 936
@/home/ec2-user/data/topics/4022 937
@/home/ec2-user/data/topics/3476 938
@/home/ec2-user/data/topics/3505 939
@/home/ec2-user/data/topics/4109 940
@/home/ec2-user/data/topics/4801 941
@/home/ec2-user/data/topics/4802 942
@/home/ec2-user/data/topics/4585 943
@/home/ec2-user/data/topics/4386 944
@/home/ec2-user/data/topics/1484 945
@/home/ec2-user/data/topics/2078 946
@/home/ec2-user/data/topics/1641 947
@/home/ec2-user/data/topics/1378 948
@/home/ec2-user/data/topics/1938 949
@/home/ec2-user/data/topics/4454 950
@/home/ec2-user/data/topics/4605 951
株式会社三共

@/home/ec2-user/data/topics/1377 952
@/home/ec2-user/data/topics/4374 952
@/home/ec2-user/data/topics/1665 953
@/home/ec2-user/data/topics/1648 954
@/home/ec2-user/data/topics/2123 955
@/home/ec2-user/data/topics/1189 956
@/home/ec2-user/data/topics/2060 957
@/home/ec2-user/data/topics/1086 958
@/home/ec2-user/data/topics/4868 959
沖電気工業株式会社

@/home/ec2-user/data/topics/1188 960
@/home/ec2-user/data/topics/3964 960
@/home/ec2-user/data/topics/3433 961
@/home/ec2-user/data/topics/3690 962
@/home/ec2-user/data/topics/1531 963
@/home/ec2-user/data/topics/3764 964
@/home/ec2-user/data/topics/4575 965
@/home/ec2-user/data/topics/3457 966
@/home/ec2-user/data/topics/4299 967
@/home/ec2-user/data/topics/3395 968
@/home/ec2-user/data/topics/4693 969
@/home/ec2-user/data/topics/4308 970
@/home/ec2-user/data/topics/3571 971
@/home/ec2-user/data/topics/3621 972
株式会社三星

@/home/ec2-user/data/topics/3942 973
@/home/ec2-user/data/topics/2108 973
@/home/ec2-user/data/topics/2198 974
@/home/ec2-user/data/topics/1260 975
@/home/ec2-user/data/topics/1733 976
@/home/ec2-user/data/topics/1728 977
日本ビクター株式会社

@/home/ec2-user/data/topics/4056 978
@/home/ec2-user/data/topics/3620 978
@/home/ec2-user/data/topics/3603 979
@/home/ec2-user/data/topics/1389 980
@/home/ec2-user/data/topics/4123 981
@/home/ec2-user/data/topics/1823 982
@/home/ec2-user/data/topics/1440 983
@/home/ec2-user/data/topics/1520 984
@/home/ec2-user/data/topics/3939 985
@/home/ec2-user/data/topics/3882 986
@/home/ec2-user/data/topics/4672 987
花王株式会社

@/home/ec2-user/data/topics/4445 988
@/home/ec2-user/data/topics/1196 988
@/home/ec2-user/data/topics/4287 989
@/home/ec2-user/data/topics/4211 990
@/home/ec2-user/data/topics/3812 991
@/home/ec2-user/data/topics/1767 992
@/home/ec2-user/data/topics/1022 993
@/home/ec2-user/data/topics/2214 994
@/home/ec2-user/data/topics/3999 995
@/home/ec2-user/data/topics/3884 996
@/home/ec2-user/data/topics/4249 997
@/home/ec2-user/data/topics/3753 998
@/home/ec2-user/data/topics/4827 999
三田工業株式会社

@/home/ec2-user/data/topics/2155 1000
@/home/ec2-user/data/topics/1766 1000
@/home/ec2-user/data/topics/1034 1001
@/home/ec2-user/data/topics/1033 1002
@/home/ec2-user/data/topics/1269 1003
@/home/ec2-user/data/topics/3842 1004
@/home/ec2-user/data/topics/3923 1005
@/home/ec2-user/data/topics/3604 1006
@/home/ec2-user/data/topics/2136 1007
豊丸産業株式会社

@/home/ec2-user/data/topics/1588 1008
@/home/ec2-user/data/topics/1914 1008
@/home/ec2-user/data/topics/3672 1009
@/home/ec2-user/data/topics/1284 1010
@/home/ec2-user/data/topics/1097 1011
@/home/ec2-user/data/topics/1138 1012
@/home/ec2-user/data/topics/1401 1013
@/home/ec2-user/data/topics/1713 1014
@/home/ec2-user/data/topics/1353 1015
@/home/ec2-user/data/topics/2169 1016
@/home/ec2-user/data/topics/1726 1017
@/home/ec2-user/data/topics/1677 1018
@/home/ec2-user/data/topics/4847 1019
@/home/ec2-user/data/topics/1126 1020
@/home/ec2-user/data/topics/2011 1021
鐘紡株式会社

@/home/ec2-user/data/topics/1054 1022
@/home/ec2-user/data/topics/1367 1022
@/home/ec2-user/data/topics/1886 1023
@/home/ec2-user/data/topics/2185 1024
@/home/ec2-user/data/topics/3560 1025
@/home/ec2-user/data/topics/1842 1026
@/home/ec2-user/data/topics/2223 1027
@/home/ec2-user/data/topics/1178 1028
@/home/ec2-user/data/topics/3566 1029
@/home/ec2-user/data/topics/1870 1030
@/home/ec2-user/data/topics/1901 1031
@/home/ec2-user/data/topics/4195 1032
@/home/ec2-user/data/topics/2034 1033
@/home/ec2-user/data/topics/1304 1034
@/home/ec2-user/data/topics/3551 1035
@/home/ec2-user/data/topics/3634 1036
株式会社デンソー

@/home/ec2-user/data/topics/4675 1037
@/home/ec2-user/data/topics/4046 1037
@/home/ec2-user/data/topics/4024 1038
@/home/ec2-user/data/topics/4164 1039
@/home/ec2-user/data/topics/4498 1040
@/home/ec2-user/data/topics/4656 1041
@/home/ec2-user/data/topics/3710 1042
@/home/ec2-user/data/topics/1855 1043
@/home/ec2-user/data/topics/3406 1044
@/home/ec2-user/data/topics/4622 1045
@/home/ec2-user/data/topics/4483 1046
@/home/ec2-user/data/topics/4423 1047
@/home/ec2-user/data/topics/3480 1048
@/home/ec2-user/data/topics/1028 1049
@/home/ec2-user/data/topics/4805 1050
@/home/ec2-user/data/topics/4840 1051
@/home/ec2-user/data/topics/3421 1052
富士写真フイルム株式会社

@/home/ec2-user/data/topics/3918 1053
@/home/ec2-user/data/topics/3857 1053
@/home/ec2-user/data/topics/1662 1054
@/home/ec2-user/data/topics/1603 1055
@/home/ec2-user/data/topics/3447 1056
@/home/ec2-user/data/topics/3911 1057
@/home/ec2-user/data/topics/3354 1058
@/home/ec2-user/data/topics/4962 1059
@/home/ec2-user/data/topics/1244 1060
@/home/ec2-user/data/topics/1570 1061
@/home/ec2-user/data/topics/2134 1062
京セラ株式会社

@/home/ec2-user/data/topics/4513 1063
@/home/ec2-user/data/topics/4901 1063
@/home/ec2-user/data/topics/3593 1064
@/home/ec2-user/data/topics/1741 1065
@/home/ec2-user/data/topics/3741 1066
@/home/ec2-user/data/topics/3615 1067
@/home/ec2-user/data/topics/1913 1068
@/home/ec2-user/data/topics/1485 1069
@/home/ec2-user/data/topics/3869 1070
@/home/ec2-user/data/topics/4340 1071
@/home/ec2-user/data/topics/4031 1072
@/home/ec2-user/data/topics/1708 1073
イビデン株式会社

@/home/ec2-user/data/topics/1770 1074
@/home/ec2-user/data/topics/1315 1074
@/home/ec2-user/data/topics/1682 1075
@/home/ec2-user/data/topics/3814 1076
@/home/ec2-user/data/topics/1336 1077
@/home/ec2-user/data/topics/2033 1078
@/home/ec2-user/data/topics/1952 1079
株式会社東芝

@/home/ec2-user/data/topics/4631 1080
@/home/ec2-user/data/topics/3890 1080
@/home/ec2-user/data/topics/3795 1081
@/home/ec2-user/data/topics/3948 1082
@/home/ec2-user/data/topics/3688 1083
@/home/ec2-user/data/topics/4302 1084
@/home/ec2-user/data/topics/3683 1085
@/home/ec2-user/data/topics/3716 1086
@/home/ec2-user/data/topics/3618 1087
@/home/ec2-user/data/topics/1756 1088
@/home/ec2-user/data/topics/4863 1089
@/home/ec2-user/data/topics/4057 1090
@/home/ec2-user/data/topics/4336 1091
@/home/ec2-user/data/topics/4881 1092
@/home/ec2-user/data/topics/4381 1093
@/home/ec2-user/data/topics/3732 1094
@/home/ec2-user/data/topics/1997 1095
@/home/ec2-user/data/topics/3542 1096
@/home/ec2-user/data/topics/4172 1097
@/home/ec2-user/data/topics/3834 1098
@/home/ec2-user/data/topics/4096 1099
@/home/ec2-user/data/topics/4935 1100
@/home/ec2-user/data/topics/4509 1101
@/home/ec2-user/data/topics/4009 1102
@/home/ec2-user/data/topics/1132 1103
@/home/ec2-user/data/topics/2241 1104
@/home/ec2-user/data/topics/4535 1105
@/home/ec2-user/data/topics/4089 1106
@/home/ec2-user/data/topics/4566 1107
@/home/ec2-user/data/topics/1757 1108
@/home/ec2-user/data/topics/3990 1109
@/home/ec2-user/data/topics/3780 1110
@/home/ec2-user/data/topics/1819 1111
@/home/ec2-user/data/topics/4361 1112
@/home/ec2-user/data/topics/4594 1113
@/home/ec2-user/data/topics/3363 1114
@/home/ec2-user/data/topics/3351 1115
@/home/ec2-user/data/topics/4197 1116
@/home/ec2-user/data/topics/1205 1117
@/home/ec2-user/data/topics/1332 1118
@/home/ec2-user/data/topics/4140 1119
@/home/ec2-user/data/topics/3851 1120
@/home/ec2-user/data/topics/4292 1121
@/home/ec2-user/data/topics/3352 1122
@/home/ec2-user/data/topics/4165 1123
@/home/ec2-user/data/topics/1090 1124
@/home/ec2-user/data/topics/4755 1125
@/home/ec2-user/data/topics/3380 1126
@/home/ec2-user/data/topics/1585 1127
@/home/ec2-user/data/topics/3881 1128
@/home/ec2-user/data/topics/3462 1129
@/home/ec2-user/data/topics/4183 1130
@/home/ec2-user/data/topics/3689 1131
@/home/ec2-user/data/topics/4751 1132
@/home/ec2-user/data/topics/3360 1133
@/home/ec2-user/data/topics/4842 1134
@/home/ec2-user/data/topics/3598 1135
@/home/ec2-user/data/topics/4912 1136
@/home/ec2-user/data/topics/3734 1137
@/home/ec2-user/data/topics/3988 1138
@/home/ec2-user/data/topics/4623 1139
ヤマハ株式会社

@/home/ec2-user/data/topics/4954 1140
@/home/ec2-user/data/topics/4084 1140
@/home/ec2-user/data/topics/1443 1141
@/home/ec2-user/data/topics/4177 1142
@/home/ec2-user/data/topics/4045 1143
@/home/ec2-user/data/topics/4010 1144
@/home/ec2-user/data/topics/4145 1145
@/home/ec2-user/data/topics/1911 1146
@/home/ec2-user/data/topics/1676 1147
@/home/ec2-user/data/topics/4919 1148
@/home/ec2-user/data/topics/3972 1149
@/home/ec2-user/data/topics/1720 1150
@/home/ec2-user/data/topics/4125 1151
東洋紡績株式会社

@/home/ec2-user/data/topics/4284 1152
@/home/ec2-user/data/topics/4362 1152
@/home/ec2-user/data/topics/1029 1153
@/home/ec2-user/data/topics/3769 1154
@/home/ec2-user/data/topics/1613 1155
@/home/ec2-user/data/topics/4366 1156
三菱化学株式会社

@/home/ec2-user/data/topics/3638 1157
@/home/ec2-user/data/topics/3513 1157
@/home/ec2-user/data/topics/1699 1158
@/home/ec2-user/data/topics/1902 1159
@/home/ec2-user/data/topics/3458 1160
@/home/ec2-user/data/topics/1197 1161
カシオ計算機株式会社

@/home/ec2-user/data/topics/1047 1162
@/home/ec2-user/data/topics/1368 1162
@/home/ec2-user/data/topics/2180 1163
@/home/ec2-user/data/topics/1235 1164
@/home/ec2-user/data/topics/1794 1165
@/home/ec2-user/data/topics/3391 1166
@/home/ec2-user/data/topics/1535 1167
@/home/ec2-user/data/topics/2237 1168
コナミ株式会社

@/home/ec2-user/data/topics/1672 1169
@/home/ec2-user/data/topics/4681 1169
@/home/ec2-user/data/topics/2100 1170
@/home/ec2-user/data/topics/4602 1171
@/home/ec2-user/data/topics/1621 1172
@/home/ec2-user/data/topics/5015 1173
@/home/ec2-user/data/topics/2151 1174
@/home/ec2-user/data/topics/1302 1175
大日本スクリーン製造株式会社

@/home/ec2-user/data/topics/2209 1176
@/home/ec2-user/data/topics/2172 1176
@/home/ec2-user/data/topics/1779 1177
@/home/ec2-user/data/topics/3742 1178
@/home/ec2-user/data/topics/1608 1179
@/home/ec2-user/data/topics/1173 1180
@/home/ec2-user/data/topics/1130 1181
オムロン株式会社

@/home/ec2-user/data/topics/3863 1182
@/home/ec2-user/data/topics/3594 1182
@/home/ec2-user/data/topics/1151 1183
@/home/ec2-user/data/topics/1067 1184
@/home/ec2-user/data/topics/2096 1185
@/home/ec2-user/data/topics/4771 1186
@/home/ec2-user/data/topics/3748 1187
@/home/ec2-user/data/topics/1933 1188
@/home/ec2-user/data/topics/1841 1189
@/home/ec2-user/data/topics/1135 1190
@/home/ec2-user/data/topics/1657 1191
@/home/ec2-user/data/topics/1579 1192
@/home/ec2-user/data/topics/1533 1193
@/home/ec2-user/data/topics/3597 1194
@/home/ec2-user/data/topics/3700 1195
株式会社日立製作所

@/home/ec2-user/data/topics/2239 1196
@/home/ec2-user/data/topics/1880 1196
@/home/ec2-user/data/topics/1463 1197
@/home/ec2-user/data/topics/4559 1198
@/home/ec2-user/data/topics/5029 1199
@/home/ec2-user/data/topics/4420 1200
@/home/ec2-user/data/topics/3779 1201
@/home/ec2-user/data/topics/3599 1202
@/home/ec2-user/data/topics/3432 1203
@/home/ec2-user/data/topics/3488 1204
@/home/ec2-user/data/topics/4621 1205
@/home/ec2-user/data/topics/3439 1206
@/home/ec2-user/data/topics/1105 1207
@/home/ec2-user/data/topics/1825 1208
@/home/ec2-user/data/topics/4830 1209
@/home/ec2-user/data/topics/1247 1210
@/home/ec2-user/data/topics/4493 1211
@/home/ec2-user/data/topics/4122 1212
@/home/ec2-user/data/topics/3822 1213
@/home/ec2-user/data/topics/3350 1214
@/home/ec2-user/data/topics/4547 1215
@/home/ec2-user/data/topics/1487 1216
@/home/ec2-user/data/topics/3993 1217
@/home/ec2-user/data/topics/1296 1218
@/home/ec2-user/data/topics/1562 1219
@/home/ec2-user/data/topics/4489 1220
@/home/ec2-user/data/topics/4799 1221
@/home/ec2-user/data/topics/3471 1222
@/home/ec2-user/data/topics/1693 1223
@/home/ec2-user/data/topics/3524 1224
@/home/ec2-user/data/topics/3965 1225
@/home/ec2-user/data/topics/4402 1226
@/home/ec2-user/data/topics/1278 1227
@/home/ec2-user/data/topics/1651 1228
@/home/ec2-user/data/topics/3648 1229
@/home/ec2-user/data/topics/3659 1230
@/home/ec2-user/data/topics/3691 1231
@/home/ec2-user/data/topics/3570 1232
@/home/ec2-user/data/topics/1640 1233
@/home/ec2-user/data/topics/4545 1234
@/home/ec2-user/data/topics/3772 1235
@/home/ec2-user/data/topics/2019 1236
@/home/ec2-user/data/topics/3588 1237
@/home/ec2-user/data/topics/3968 1238
@/home/ec2-user/data/topics/4551 1239
@/home/ec2-user/data/topics/4058 1240
@/home/ec2-user/data/topics/1082 1241
@/home/ec2-user/data/topics/2184 1242
@/home/ec2-user/data/topics/1987 1243
@/home/ec2-user/data/topics/1340 1244
@/home/ec2-user/data/topics/1833 1245
@/home/ec2-user/data/topics/1072 1246
@/home/ec2-user/data/topics/3706 1247
@/home/ec2-user/data/topics/4401 1248
@/home/ec2-user/data/topics/4166 1249
@/home/ec2-user/data/topics/2081 1250
@/home/ec2-user/data/topics/3973 1251
@/home/ec2-user/data/topics/4990 1252
@/home/ec2-user/data/topics/3384 1253
@/home/ec2-user/data/topics/3994 1254
@/home/ec2-user/data/topics/3440 1255
@/home/ec2-user/data/topics/5030 1256
@/home/ec2-user/data/topics/1826 1257
@/home/ec2-user/data/topics/1882 1258
@/home/ec2-user/data/topics/3531 1259
@/home/ec2-user/data/topics/4040 1260
@/home/ec2-user/data/topics/1249 1261
@/home/ec2-user/data/topics/1501 1262
@/home/ec2-user/data/topics/3461 1263
@/home/ec2-user/data/topics/1667 1264
@/home/ec2-user/data/topics/4943 1265
@/home/ec2-user/data/topics/3665 1266
@/home/ec2-user/data/topics/3596 1267
@/home/ec2-user/data/topics/1334 1268
凸版印刷株式会社

@/home/ec2-user/data/topics/1091 1269
@/home/ec2-user/data/topics/3526 1269
@/home/ec2-user/data/topics/1765 1270
@/home/ec2-user/data/topics/4874 1271
@/home/ec2-user/data/topics/3500 1272
@/home/ec2-user/data/topics/1977 1273
@/home/ec2-user/data/topics/3624 1274
株式会社ノーリツ

@/home/ec2-user/data/topics/4206 1275
@/home/ec2-user/data/topics/1290 1275
@/home/ec2-user/data/topics/2116 1276
@/home/ec2-user/data/topics/1598 1277
@/home/ec2-user/data/topics/4354 1278
@/home/ec2-user/data/topics/1618 1279
@/home/ec2-user/data/topics/4776 1280
@/home/ec2-user/data/topics/1760 1281
川崎重工業株式会社

@/home/ec2-user/data/topics/4866 1282
@/home/ec2-user/data/topics/4572 1282
@/home/ec2-user/data/topics/5025 1283
@/home/ec2-user/data/topics/1172 1284
@/home/ec2-user/data/topics/4944 1285
@/home/ec2-user/data/topics/1162 1286
@/home/ec2-user/data/topics/4793 1287
@/home/ec2-user/data/topics/4756 1288
ティーディーケイ株式会社

@/home/ec2-user/data/topics/3909 1289
@/home/ec2-user/data/topics/4619 1289
@/home/ec2-user/data/topics/1129 1290
@/home/ec2-user/data/topics/1409 1291
@/home/ec2-user/data/topics/2210 1292
@/home/ec2-user/data/topics/1510 1293
@/home/ec2-user/data/topics/3798 1294
@/home/ec2-user/data/topics/3792 1295
@/home/ec2-user/data/topics/2202 1296
京セラミタ株式会社

@/home/ec2-user/data/topics/4564 1297
@/home/ec2-user/data/topics/4973 1297
@/home/ec2-user/data/topics/2141 1298
@/home/ec2-user/data/topics/1032 1299
@/home/ec2-user/data/topics/4985 1300
@/home/ec2-user/data/topics/1930 1301
@/home/ec2-user/data/topics/4174 1302
株式会社クボタ

@/home/ec2-user/data/topics/3854 1303
@/home/ec2-user/data/topics/4379 1303
@/home/ec2-user/data/topics/1734 1304
@/home/ec2-user/data/topics/4251 1305
@/home/ec2-user/data/topics/1012 1306
@/home/ec2-user/data/topics/1448 1307
@/home/ec2-user/data/topics/1280 1308
@/home/ec2-user/data/topics/3823 1309
@/home/ec2-user/data/topics/4745 1310
@/home/ec2-user/data/topics/3919 1311
シャープ株式会社

@/home/ec2-user/data/topics/1174 1312
@/home/ec2-user/data/topics/4252 1312
@/home/ec2-user/data/topics/3606 1313
@/home/ec2-user/data/topics/1396 1314
@/home/ec2-user/data/topics/4230 1315
@/home/ec2-user/data/topics/4127 1316
@/home/ec2-user/data/topics/4717 1317
@/home/ec2-user/data/topics/3760 1318
@/home/ec2-user/data/topics/4430 1319
@/home/ec2-user/data/topics/1419 1320
@/home/ec2-user/data/topics/4683 1321
@/home/ec2-user/data/topics/2087 1322
@/home/ec2-user/data/topics/3649 1323
@/home/ec2-user/data/topics/1318 1324
@/home/ec2-user/data/topics/3698 1325
@/home/ec2-user/data/topics/4861 1326
@/home/ec2-user/data/topics/4245 1327
@/home/ec2-user/data/topics/3452 1328
@/home/ec2-user/data/topics/3832 1329
@/home/ec2-user/data/topics/4256 1330
@/home/ec2-user/data/topics/3858 1331
@/home/ec2-user/data/topics/1349 1332
@/home/ec2-user/data/topics/1685 1333
@/home/ec2-user/data/topics/3537 1334
@/home/ec2-user/data/topics/1258 1335
@/home/ec2-user/data/topics/4124 1336
@/home/ec2-user/data/topics/3813 1337
@/home/ec2-user/data/topics/3777 1338
@/home/ec2-user/data/topics/3793 1339
@/home/ec2-user/data/topics/3610 1340
@/home/ec2-user/data/topics/1840 1341
@/home/ec2-user/data/topics/3762 1342
@/home/ec2-user/data/topics/4152 1343
@/home/ec2-user/data/topics/1970 1344
@/home/ec2-user/data/topics/2084 1345
@/home/ec2-user/data/topics/3966 1346
@/home/ec2-user/data/topics/4005 1347
@/home/ec2-user/data/topics/4648 1348
@/home/ec2-user/data/topics/1965 1349
@/home/ec2-user/data/topics/4349 1350
@/home/ec2-user/data/topics/1431 1351
@/home/ec2-user/data/topics/3941 1352
@/home/ec2-user/data/topics/2020 1353
@/home/ec2-user/data/topics/4516 1354
@/home/ec2-user/data/topics/3855 1355
@/home/ec2-user/data/topics/3871 1356
@/home/ec2-user/data/topics/1288 1357
@/home/ec2-user/data/topics/4214 1358
@/home/ec2-user/data/topics/3578 1359
@/home/ec2-user/data/topics/3981 1360
@/home/ec2-user/data/topics/4105 1361
@/home/ec2-user/data/topics/4519 1362
@/home/ec2-user/data/topics/3678 1363
@/home/ec2-user/data/topics/4103 1364
@/home/ec2-user/data/topics/4323 1365
@/home/ec2-user/data/topics/4583 1366
@/home/ec2-user/data/topics/4113 1367
@/home/ec2-user/data/topics/3978 1368
@/home/ec2-user/data/topics/1563 1369
@/home/ec2-user/data/topics/3422 1370
@/home/ec2-user/data/topics/4782 1371
@/home/ec2-user/data/topics/4469 1372
@/home/ec2-user/data/topics/4095 1373
@/home/ec2-user/data/topics/4691 1374
@/home/ec2-user/data/topics/1154 1375
@/home/ec2-user/data/topics/4744 1376
@/home/ec2-user/data/topics/1384 1377
@/home/ec2-user/data/topics/4263 1378
@/home/ec2-user/data/topics/3450 1379
@/home/ec2-user/data/topics/3957 1380
@/home/ec2-user/data/topics/4173 1381
@/home/ec2-user/data/topics/3679 1382
@/home/ec2-user/data/topics/1209 1383
@/home/ec2-user/data/topics/2118 1384
@/home/ec2-user/data/topics/3673 1385
@/home/ec2-user/data/topics/1804 1386
@/home/ec2-user/data/topics/4228 1387
@/home/ec2-user/data/topics/3895 1388
@/home/ec2-user/data/topics/1561 1389
@/home/ec2-user/data/topics/3776 1390
@/home/ec2-user/data/topics/4019 1391
日本輸送機株式会社

@/home/ec2-user/data/topics/2065 1392
@/home/ec2-user/data/topics/1940 1392
@/home/ec2-user/data/topics/2221 1393
@/home/ec2-user/data/topics/1191 1394
@/home/ec2-user/data/topics/3573 1395
@/home/ec2-user/data/topics/1456 1396
@/home/ec2-user/data/topics/1108 1397
@/home/ec2-user/data/topics/1493 1398
東京エレクトロン株式会社

@/home/ec2-user/data/topics/4002 1399
@/home/ec2-user/data/topics/4053 1399
@/home/ec2-user/data/topics/4702 1400
@/home/ec2-user/data/topics/1736 1401
@/home/ec2-user/data/topics/4906 1402
@/home/ec2-user/data/topics/1508 1403
@/home/ec2-user/data/topics/3947 1404
@/home/ec2-user/data/topics/1800 1405
@/home/ec2-user/data/topics/4023 1406
@/home/ec2-user/data/topics/4618 1407
@/home/ec2-user/data/topics/4345 1408
@/home/ec2-user/data/topics/1263 1409
株式会社村田製作所

@/home/ec2-user/data/topics/3885 1410
@/home/ec2-user/data/topics/4432 1410
@/home/ec2-user/data/topics/4378 1411
@/home/ec2-user/data/topics/3697 1412
@/home/ec2-user/data/topics/4325 1413
@/home/ec2-user/data/topics/4271 1414
@/home/ec2-user/data/topics/1374 1415
@/home/ec2-user/data/topics/3482 1416
@/home/ec2-user/data/topics/4703 1417
@/home/ec2-user/data/topics/4795 1418
@/home/ec2-user/data/topics/4042 1419
@/home/ec2-user/data/topics/4163 1420
@/home/ec2-user/data/topics/1411 1421
@/home/ec2-user/data/topics/4070 1422
@/home/ec2-user/data/topics/4417 1423
@/home/ec2-user/data/topics/2229 1424
@/home/ec2-user/data/topics/3435 1425
日本電信電話株式会社

@/home/ec2-user/data/topics/4146 1426
@/home/ec2-user/data/topics/4836 1426
@/home/ec2-user/data/topics/3811 1427
@/home/ec2-user/data/topics/4335 1428
@/home/ec2-user/data/topics/1556 1429
@/home/ec2-user/data/topics/3928 1430
@/home/ec2-user/data/topics/3509 1431
@/home/ec2-user/data/topics/4087 1432
@/home/ec2-user/data/topics/3927 1433
@/home/ec2-user/data/topics/4505 1434
@/home/ec2-user/data/topics/4443 1435
@/home/ec2-user/data/topics/1229 1436
@/home/ec2-user/data/topics/4870 1437
@/home/ec2-user/data/topics/3568 1438
@/home/ec2-user/data/topics/4121 1439
@/home/ec2-user/data/topics/4511 1440
@/home/ec2-user/data/topics/1809 1441
@/home/ec2-user/data/topics/3824 1442
@/home/ec2-user/data/topics/1042 1443
@/home/ec2-user/data/topics/4114 1444
@/home/ec2-user/data/topics/3521 1445
@/home/ec2-user/data/topics/4916 1446
@/home/ec2-user/data/topics/1230 1447
@/home/ec2-user/data/topics/4208 1448
@/home/ec2-user/data/topics/4925 1449
@/home/ec2-user/data/topics/3641 1450
@/home/ec2-user/data/topics/4865 1451
@/home/ec2-user/data/topics/3894 1452
@/home/ec2-user/data/topics/3536 1453
@/home/ec2-user/data/topics/4175 1454
@/home/ec2-user/data/topics/3425 1455
@/home/ec2-user/data/topics/1934 1456
@/home/ec2-user/data/topics/4232 1457
@/home/ec2-user/data/topics/2017 1458
@/home/ec2-user/data/topics/3915 1459
@/home/ec2-user/data/topics/4115 1460
@/home/ec2-user/data/topics/1408 1461
@/home/ec2-user/data/topics/1787 1462
@/home/ec2-user/data/topics/4792 1463
@/home/ec2-user/data/topics/3785 1464
@/home/ec2-user/data/topics/4118 1465
@/home/ec2-user/data/topics/4664 1466
@/home/ec2-user/data/topics/4952 1467
@/home/ec2-user/data/topics/3650 1468
@/home/ec2-user/data/topics/4488 1469
@/home/ec2-user/data/topics/4964 1470
@/home/ec2-user/data/topics/2130 1471
@/home/ec2-user/data/topics/4104 1472
@/home/ec2-user/data/topics/3586 1473
@/home/ec2-user/data/topics/3359 1474
@/home/ec2-user/data/topics/3544 1475
@/home/ec2-user/data/topics/4131 1476
@/home/ec2-user/data/topics/4560 1477
@/home/ec2-user/data/topics/4025 1478
@/home/ec2-user/data/topics/3552 1479
@/home/ec2-user/data/topics/4965 1480
日本鋼管株式会社

@/home/ec2-user/data/topics/2095 1481
@/home/ec2-user/data/topics/1690 1481
@/home/ec2-user/data/topics/4161 1482
@/home/ec2-user/data/topics/4455 1483
@/home/ec2-user/data/topics/1404 1484
@/home/ec2-user/data/topics/3572 1485
@/home/ec2-user/data/topics/4289 1486
株式会社神戸製鋼所

@/home/ec2-user/data/topics/3674 1487
@/home/ec2-user/data/topics/2064 1487
@/home/ec2-user/data/topics/3475 1488
@/home/ec2-user/data/topics/3902 1489
@/home/ec2-user/data/topics/4949 1490
@/home/ec2-user/data/topics/1465 1491
@/home/ec2-user/data/topics/3632 1492
株式会社ケンウッド

@/home/ec2-user/data/topics/4467 1493
@/home/ec2-user/data/topics/3839 1493
@/home/ec2-user/data/topics/1896 1494
@/home/ec2-user/data/topics/3977 1495
@/home/ec2-user/data/topics/1698 1496
@/home/ec2-user/data/topics/1345 1497
@/home/ec2-user/data/topics/3794 1498
@/home/ec2-user/data/topics/4038 1499
@/home/ec2-user/data/topics/1241 1500
@/home/ec2-user/data/topics/1617 1501
@/home/ec2-user/data/topics/4050 1502
@/home/ec2-user/data/topics/1186 1503
@/home/ec2-user/data/topics/3878 1504
@/home/ec2-user/data/topics/1424 1505
@/home/ec2-user/data/topics/3969 1506
@/home/ec2-user/data/topics/3463 1507
@/home/ec2-user/data/topics/2036 1508
@/home/ec2-user/data/topics/4167 1509
@/home/ec2-user/data/topics/1115 1510
@/home/ec2-user/data/topics/3801 1511
@/home/ec2-user/data/topics/2163 1512
東陶機器株式会社

@/home/ec2-user/data/topics/3821 1513
@/home/ec2-user/data/topics/1692 1513
@/home/ec2-user/data/topics/1626 1514
@/home/ec2-user/data/topics/1735 1515
@/home/ec2-user/data/topics/3583 1516
@/home/ec2-user/data/topics/2135 1517
本田技研工業株式会社

@/home/ec2-user/data/topics/1822 1518
@/home/ec2-user/data/topics/4783 1518
@/home/ec2-user/data/topics/1444 1519
@/home/ec2-user/data/topics/2000 1520
@/home/ec2-user/data/topics/1818 1521
@/home/ec2-user/data/topics/1215 1522
@/home/ec2-user/data/topics/1605 1523
@/home/ec2-user/data/topics/4199 1524
@/home/ec2-user/data/topics/1266 1525
@/home/ec2-user/data/topics/4888 1526
@/home/ec2-user/data/topics/4331 1527
@/home/ec2-user/data/topics/4132 1528
@/home/ec2-user/data/topics/5026 1529
@/home/ec2-user/data/topics/3685 1530
@/home/ec2-user/data/topics/4033 1531
@/home/ec2-user/data/topics/1226 1532
@/home/ec2-user/data/topics/2016 1533
@/home/ec2-user/data/topics/4375 1534
@/home/ec2-user/data/topics/1143 1535
新日本製鐵株式会社

@/home/ec2-user/data/topics/3368 1536
@/home/ec2-user/data/topics/4472 1536
@/home/ec2-user/data/topics/3861 1537
@/home/ec2-user/data/topics/3899 1538
@/home/ec2-user/data/topics/5008 1539
@/home/ec2-user/data/topics/3663 1540
松下電工株式会社

@/home/ec2-user/data/topics/3511 1541
@/home/ec2-user/data/topics/4083 1541
@/home/ec2-user/data/topics/1311 1542
@/home/ec2-user/data/topics/3651 1543
@/home/ec2-user/data/topics/4317 1544
@/home/ec2-user/data/topics/4029 1545
@/home/ec2-user/data/topics/3778 1546
@/home/ec2-user/data/topics/1251 1547
@/home/ec2-user/data/topics/4592 1548
@/home/ec2-user/data/topics/3835 1549
@/home/ec2-user/data/topics/1011 1550
@/home/ec2-user/data/topics/4012 1551
@/home/ec2-user/data/topics/3670 1552
@/home/ec2-user/data/topics/1803 1553
@/home/ec2-user/data/topics/2045 1554
@/home/ec2-user/data/topics/3565 1555
@/home/ec2-user/data/topics/3549 1556
@/home/ec2-user/data/topics/3379 1557
@/home/ec2-user/data/topics/4450 1558
@/home/ec2-user/data/topics/4347 1559
@/home/ec2-user/data/topics/3932 1560
@/home/ec2-user/data/topics/4094 1561
usernum: 72
hit: 542
simhit: 1133
simmax: 0.6921286903
simmin: 0.0
simavg: 0.205359174083
dlmax: 0.122748512634
dlmin: 0.00892230983899
dlavg: 0.0338569921887
mthit: 628
mthls: 182
srp: 218.735
total: 1562
hit/total: 0.346991037132
simhit/total: 0.725352112676
mthit/(total+usernum): 0.384332925337
mthls/(total+usernum): 0.111383108935
srp/(total+usernum): 0.0446215830273
srp20/(total+usernum): 0.0152386780906
srp100/(total+usernum): 0.0276172990616
srp500/(total+usernum): 0.0388808649531

2016-12-21 09:13:04.029425
