2016-12-22 08:46:14.138659

topic-folder:/home/ec2-user/data/topics/
cl-file:/home/ec2-user/git/tfidf/result-new/b2-1.txt
cl-floder:/home/ec2-user/data/lsaclass/
zipf:0.1
stype[0(tfidf)/1(tfidf2)/2(lsa)/3(lda)]:2
dtype[<0(diff*rand)/0(diff)/1(same)/>=2(diff*same)]:0
output-floder:/home/ec2-user/git/userquery/result-new

三菱マテリアル株式会社

@/home/ec2-user/data/topics/3520 0
@/home/ec2-user/data/topics/3470 0
@/home/ec2-user/data/topics/3866 1
@/home/ec2-user/data/topics/1638 2
@/home/ec2-user/data/topics/3630 3
@/home/ec2-user/data/topics/1085 4
@/home/ec2-user/data/topics/2093 5
@/home/ec2-user/data/topics/3546 6
日本精機株式会社

@/home/ec2-user/data/topics/4709 7
@/home/ec2-user/data/topics/4907 7
@/home/ec2-user/data/topics/4690 8
@/home/ec2-user/data/topics/1398 9
@/home/ec2-user/data/topics/4875 10
@/home/ec2-user/data/topics/4972 11
コニカ株式会社

@/home/ec2-user/data/topics/3370 12
@/home/ec2-user/data/topics/3431 12
@/home/ec2-user/data/topics/3418 13
@/home/ec2-user/data/topics/2162 14
@/home/ec2-user/data/topics/1946 15
@/home/ec2-user/data/topics/3533 16
@/home/ec2-user/data/topics/3426 17
@/home/ec2-user/data/topics/3414 18
@/home/ec2-user/data/topics/3486 19
@/home/ec2-user/data/topics/3419 20
@/home/ec2-user/data/topics/3357 21
埼玉日本電気株式会社

@/home/ec2-user/data/topics/4998 22
@/home/ec2-user/data/topics/4242 22
@/home/ec2-user/data/topics/4496 23
@/home/ec2-user/data/topics/1512 24
@/home/ec2-user/data/topics/5010 25
@/home/ec2-user/data/topics/4468 26
@/home/ec2-user/data/topics/1620 27
@/home/ec2-user/data/topics/4283 28
@/home/ec2-user/data/topics/4279 29
アルプス電気株式会社

@/home/ec2-user/data/topics/2012 30
@/home/ec2-user/data/topics/1253 30
@/home/ec2-user/data/topics/2089 31
@/home/ec2-user/data/topics/1434 32
@/home/ec2-user/data/topics/3429 33
@/home/ec2-user/data/topics/3582 34
@/home/ec2-user/data/topics/4791 35
三菱重工業株式会社

@/home/ec2-user/data/topics/3529 36
@/home/ec2-user/data/topics/3503 36
@/home/ec2-user/data/topics/3944 37
@/home/ec2-user/data/topics/4412 38
@/home/ec2-user/data/topics/3637 39
@/home/ec2-user/data/topics/3591 40
@/home/ec2-user/data/topics/4882 41
@/home/ec2-user/data/topics/4862 42
@/home/ec2-user/data/topics/4563 43
@/home/ec2-user/data/topics/5022 44
@/home/ec2-user/data/topics/4687 45
@/home/ec2-user/data/topics/3833 46
村田機械株式会社

@/home/ec2-user/data/topics/3528 47
@/home/ec2-user/data/topics/4441 47
@/home/ec2-user/data/topics/3740 48
@/home/ec2-user/data/topics/4556 49
@/home/ec2-user/data/topics/4565 50
@/home/ec2-user/data/topics/4645 51
@/home/ec2-user/data/topics/4941 52
@/home/ec2-user/data/topics/4746 53
@/home/ec2-user/data/topics/1511 54
@/home/ec2-user/data/topics/4596 55
@/home/ec2-user/data/topics/4570 56
@/home/ec2-user/data/topics/5000 57
@/home/ec2-user/data/topics/1074 58
@/home/ec2-user/data/topics/1293 59
@/home/ec2-user/data/topics/4835 60
@/home/ec2-user/data/topics/1607 61
@/home/ec2-user/data/topics/4638 62
川崎製鉄株式会社

@/home/ec2-user/data/topics/4615 63
@/home/ec2-user/data/topics/3413 63
@/home/ec2-user/data/topics/3611 64
@/home/ec2-user/data/topics/3553 65
@/home/ec2-user/data/topics/3532 66
@/home/ec2-user/data/topics/3483 67
@/home/ec2-user/data/topics/1459 68
@/home/ec2-user/data/topics/1037 69
@/home/ec2-user/data/topics/3929 70
ダイキン工業株式会社

@/home/ec2-user/data/topics/4515 71
@/home/ec2-user/data/topics/4734 71
@/home/ec2-user/data/topics/1565 72
@/home/ec2-user/data/topics/1600 73
@/home/ec2-user/data/topics/4858 74
@/home/ec2-user/data/topics/3888 75
@/home/ec2-user/data/topics/4753 76
@/home/ec2-user/data/topics/4701 77
@/home/ec2-user/data/topics/4367 78
@/home/ec2-user/data/topics/4845 79
@/home/ec2-user/data/topics/4400 80
三菱自動車工業株式会社

@/home/ec2-user/data/topics/1816 81
@/home/ec2-user/data/topics/3940 81
@/home/ec2-user/data/topics/2101 82
@/home/ec2-user/data/topics/3815 83
@/home/ec2-user/data/topics/4189 84
@/home/ec2-user/data/topics/3502 85
@/home/ec2-user/data/topics/1428 86
@/home/ec2-user/data/topics/1527 87
日産自動車株式会社

@/home/ec2-user/data/topics/4074 88
@/home/ec2-user/data/topics/3936 88
@/home/ec2-user/data/topics/4982 89
@/home/ec2-user/data/topics/3677 90
@/home/ec2-user/data/topics/3489 91
@/home/ec2-user/data/topics/3645 92
@/home/ec2-user/data/topics/3712 93
@/home/ec2-user/data/topics/3829 94
@/home/ec2-user/data/topics/3723 95
@/home/ec2-user/data/topics/3501 96
@/home/ec2-user/data/topics/3497 97
トヨタ自動車株式会社

@/home/ec2-user/data/topics/3671 98
@/home/ec2-user/data/topics/4346 98
@/home/ec2-user/data/topics/3758 99
@/home/ec2-user/data/topics/4658 100
@/home/ec2-user/data/topics/1551 101
@/home/ec2-user/data/topics/4647 102
@/home/ec2-user/data/topics/3725 103
@/home/ec2-user/data/topics/2218 104
@/home/ec2-user/data/topics/3587 105
@/home/ec2-user/data/topics/4064 106
@/home/ec2-user/data/topics/3699 107
@/home/ec2-user/data/topics/2111 108
@/home/ec2-user/data/topics/3783 109
@/home/ec2-user/data/topics/4008 110
@/home/ec2-user/data/topics/4426 111
@/home/ec2-user/data/topics/4543 112
@/home/ec2-user/data/topics/3356 113
@/home/ec2-user/data/topics/3481 114
@/home/ec2-user/data/topics/4920 115
@/home/ec2-user/data/topics/1494 116
@/home/ec2-user/data/topics/4617 117
@/home/ec2-user/data/topics/3943 118
@/home/ec2-user/data/topics/3731 119
@/home/ec2-user/data/topics/4633 120
@/home/ec2-user/data/topics/4767 121
@/home/ec2-user/data/topics/4144 122
@/home/ec2-user/data/topics/3405 123
@/home/ec2-user/data/topics/4298 124
@/home/ec2-user/data/topics/4030 125
オリンパス光学工業株式会社

@/home/ec2-user/data/topics/1155 126
@/home/ec2-user/data/topics/4878 126
@/home/ec2-user/data/topics/1981 127
@/home/ec2-user/data/topics/4013 128
@/home/ec2-user/data/topics/1835 129
@/home/ec2-user/data/topics/5006 130
@/home/ec2-user/data/topics/2026 131
@/home/ec2-user/data/topics/1586 132
@/home/ec2-user/data/topics/4007 133
@/home/ec2-user/data/topics/1107 134
@/home/ec2-user/data/topics/1869 135
@/home/ec2-user/data/topics/1739 136
ブラザー工業株式会社

@/home/ec2-user/data/topics/1300 137
@/home/ec2-user/data/topics/1636 137
@/home/ec2-user/data/topics/1076 138
@/home/ec2-user/data/topics/1906 139
@/home/ec2-user/data/topics/3613 140
@/home/ec2-user/data/topics/3686 141
@/home/ec2-user/data/topics/3507 142
@/home/ec2-user/data/topics/1697 143
@/home/ec2-user/data/topics/3789 144
@/home/ec2-user/data/topics/1164 145
@/home/ec2-user/data/topics/2086 146
@/home/ec2-user/data/topics/3477 147
@/home/ec2-user/data/topics/1183 148
@/home/ec2-user/data/topics/2085 149
@/home/ec2-user/data/topics/4548 150
富士通株式会社

@/home/ec2-user/data/topics/3428 151
@/home/ec2-user/data/topics/3846 151
@/home/ec2-user/data/topics/3749 152
@/home/ec2-user/data/topics/1123 153
@/home/ec2-user/data/topics/3381 154
@/home/ec2-user/data/topics/3751 155
@/home/ec2-user/data/topics/1998 156
@/home/ec2-user/data/topics/3799 157
@/home/ec2-user/data/topics/1264 158
@/home/ec2-user/data/topics/2227 159
@/home/ec2-user/data/topics/3636 160
@/home/ec2-user/data/topics/3962 161
@/home/ec2-user/data/topics/3765 162
@/home/ec2-user/data/topics/1874 163
@/home/ec2-user/data/topics/2215 164
@/home/ec2-user/data/topics/3538 165
@/home/ec2-user/data/topics/2216 166
@/home/ec2-user/data/topics/3399 167
@/home/ec2-user/data/topics/3850 168
@/home/ec2-user/data/topics/3460 169
@/home/ec2-user/data/topics/3802 170
@/home/ec2-user/data/topics/1271 171
@/home/ec2-user/data/topics/3870 172
@/home/ec2-user/data/topics/5004 173
@/home/ec2-user/data/topics/1609 174
@/home/ec2-user/data/topics/3400 175
@/home/ec2-user/data/topics/3912 176
@/home/ec2-user/data/topics/4191 177
@/home/ec2-user/data/topics/3862 178
@/home/ec2-user/data/topics/3883 179
@/home/ec2-user/data/topics/3970 180
@/home/ec2-user/data/topics/1547 181
静岡日本電気株式会社

@/home/ec2-user/data/topics/4531 182
@/home/ec2-user/data/topics/4507 182
@/home/ec2-user/data/topics/4326 183
@/home/ec2-user/data/topics/4365 184
@/home/ec2-user/data/topics/4250 185
@/home/ec2-user/data/topics/4314 186
住友重機械工業株式会社

@/home/ec2-user/data/topics/4854 187
@/home/ec2-user/data/topics/1553 187
@/home/ec2-user/data/topics/2039 188
@/home/ec2-user/data/topics/1900 189
@/home/ec2-user/data/topics/1505 190
@/home/ec2-user/data/topics/1373 191
@/home/ec2-user/data/topics/3952 192
@/home/ec2-user/data/topics/1019 193
@/home/ec2-user/data/topics/3868 194
大日本印刷株式会社

@/home/ec2-user/data/topics/1262 195
@/home/ec2-user/data/topics/3569 195
@/home/ec2-user/data/topics/1099 196
@/home/ec2-user/data/topics/3388 197
@/home/ec2-user/data/topics/1145 198
@/home/ec2-user/data/topics/1564 199
日本電気株式会社

@/home/ec2-user/data/topics/4725 200
@/home/ec2-user/data/topics/4530 200
@/home/ec2-user/data/topics/1764 201
@/home/ec2-user/data/topics/1122 202
@/home/ec2-user/data/topics/4142 203
@/home/ec2-user/data/topics/4162 204
@/home/ec2-user/data/topics/4446 205
@/home/ec2-user/data/topics/4281 206
@/home/ec2-user/data/topics/1116 207
@/home/ec2-user/data/topics/1724 208
@/home/ec2-user/data/topics/4243 209
@/home/ec2-user/data/topics/4236 210
@/home/ec2-user/data/topics/4775 211
@/home/ec2-user/data/topics/1624 212
@/home/ec2-user/data/topics/1661 213
@/home/ec2-user/data/topics/4254 214
@/home/ec2-user/data/topics/2041 215
@/home/ec2-user/data/topics/1281 216
@/home/ec2-user/data/topics/4425 217
@/home/ec2-user/data/topics/1867 218
@/home/ec2-user/data/topics/5034 219
@/home/ec2-user/data/topics/4342 220
@/home/ec2-user/data/topics/1016 221
@/home/ec2-user/data/topics/4134 222
@/home/ec2-user/data/topics/1052 223
@/home/ec2-user/data/topics/4315 224
@/home/ec2-user/data/topics/1923 225
@/home/ec2-user/data/topics/4238 226
@/home/ec2-user/data/topics/1557 227
@/home/ec2-user/data/topics/4138 228
@/home/ec2-user/data/topics/4598 229
@/home/ec2-user/data/topics/4359 230
@/home/ec2-user/data/topics/4192 231
@/home/ec2-user/data/topics/4153 232
@/home/ec2-user/data/topics/4116 233
@/home/ec2-user/data/topics/4718 234
@/home/ec2-user/data/topics/4613 235
@/home/ec2-user/data/topics/1362 236
@/home/ec2-user/data/topics/4319 237
@/home/ec2-user/data/topics/2031 238
@/home/ec2-user/data/topics/1326 239
@/home/ec2-user/data/topics/4209 240
@/home/ec2-user/data/topics/4477 241
@/home/ec2-user/data/topics/1486 242
@/home/ec2-user/data/topics/3886 243
@/home/ec2-user/data/topics/4549 244
@/home/ec2-user/data/topics/4158 245
@/home/ec2-user/data/topics/4659 246
@/home/ec2-user/data/topics/4876 247
@/home/ec2-user/data/topics/4742 248
@/home/ec2-user/data/topics/4651 249
@/home/ec2-user/data/topics/2088 250
@/home/ec2-user/data/topics/4081 251
@/home/ec2-user/data/topics/2022 252
@/home/ec2-user/data/topics/4352 253
@/home/ec2-user/data/topics/4460 254
@/home/ec2-user/data/topics/1101 255
@/home/ec2-user/data/topics/1044 256
@/home/ec2-user/data/topics/4360 257
@/home/ec2-user/data/topics/2144 258
@/home/ec2-user/data/topics/4926 259
@/home/ec2-user/data/topics/1973 260
@/home/ec2-user/data/topics/3853 261
@/home/ec2-user/data/topics/4490 262
@/home/ec2-user/data/topics/4275 263
@/home/ec2-user/data/topics/1948 264
@/home/ec2-user/data/topics/3865 265
@/home/ec2-user/data/topics/4063 266
@/home/ec2-user/data/topics/1100 267
@/home/ec2-user/data/topics/4120 268
@/home/ec2-user/data/topics/3724 269
@/home/ec2-user/data/topics/4168 270
@/home/ec2-user/data/topics/4257 271
@/home/ec2-user/data/topics/4603 272
@/home/ec2-user/data/topics/3897 273
@/home/ec2-user/data/topics/4442 274
@/home/ec2-user/data/topics/1199 275
@/home/ec2-user/data/topics/4561 276
@/home/ec2-user/data/topics/1364 277
@/home/ec2-user/data/topics/1852 278
@/home/ec2-user/data/topics/1360 279
@/home/ec2-user/data/topics/4824 280
@/home/ec2-user/data/topics/4300 281
@/home/ec2-user/data/topics/1383 282
@/home/ec2-user/data/topics/4398 283
@/home/ec2-user/data/topics/4318 284
@/home/ec2-user/data/topics/1078 285
@/home/ec2-user/data/topics/4578 286
@/home/ec2-user/data/topics/4313 287
@/home/ec2-user/data/topics/2119 288
@/home/ec2-user/data/topics/4609 289
@/home/ec2-user/data/topics/4427 290
@/home/ec2-user/data/topics/1928 291
@/home/ec2-user/data/topics/1791 292
@/home/ec2-user/data/topics/4129 293
@/home/ec2-user/data/topics/4288 294
@/home/ec2-user/data/topics/4749 295
@/home/ec2-user/data/topics/4389 296
@/home/ec2-user/data/topics/4227 297
@/home/ec2-user/data/topics/4434 298
@/home/ec2-user/data/topics/4310 299
@/home/ec2-user/data/topics/4185 300
@/home/ec2-user/data/topics/4440 301
@/home/ec2-user/data/topics/4433 302
@/home/ec2-user/data/topics/4657 303
@/home/ec2-user/data/topics/3971 304
@/home/ec2-user/data/topics/4240 305
@/home/ec2-user/data/topics/4071 306
@/home/ec2-user/data/topics/1112 307
@/home/ec2-user/data/topics/3766 308
@/home/ec2-user/data/topics/4338 309
@/home/ec2-user/data/topics/4770 310
@/home/ec2-user/data/topics/4244 311
@/home/ec2-user/data/topics/3875 312
@/home/ec2-user/data/topics/4062 313
@/home/ec2-user/data/topics/1879 314
@/home/ec2-user/data/topics/4666 315
@/home/ec2-user/data/topics/1710 316
@/home/ec2-user/data/topics/4320 317
@/home/ec2-user/data/topics/4429 318
@/home/ec2-user/data/topics/1844 319
@/home/ec2-user/data/topics/4537 320
@/home/ec2-user/data/topics/4682 321
@/home/ec2-user/data/topics/4764 322
@/home/ec2-user/data/topics/1523 323
@/home/ec2-user/data/topics/4137 324
@/home/ec2-user/data/topics/4634 325
@/home/ec2-user/data/topics/1567 326
@/home/ec2-user/data/topics/4093 327
@/home/ec2-user/data/topics/4728 328
@/home/ec2-user/data/topics/3938 329
@/home/ec2-user/data/topics/4696 330
@/home/ec2-user/data/topics/4119 331
@/home/ec2-user/data/topics/4486 332
@/home/ec2-user/data/topics/4721 333
@/home/ec2-user/data/topics/4276 334
@/home/ec2-user/data/topics/1634 335
@/home/ec2-user/data/topics/4902 336
@/home/ec2-user/data/topics/4171 337
@/home/ec2-user/data/topics/4414 338
@/home/ec2-user/data/topics/2150 339
@/home/ec2-user/data/topics/3729 340
@/home/ec2-user/data/topics/4689 341
@/home/ec2-user/data/topics/3954 342
@/home/ec2-user/data/topics/4246 343
@/home/ec2-user/data/topics/3744 344
@/home/ec2-user/data/topics/1457 345
@/home/ec2-user/data/topics/4892 346
@/home/ec2-user/data/topics/4785 347
@/home/ec2-user/data/topics/4665 348
@/home/ec2-user/data/topics/4017 349
@/home/ec2-user/data/topics/4216 350
@/home/ec2-user/data/topics/4485 351
@/home/ec2-user/data/topics/4816 352
@/home/ec2-user/data/topics/4278 353
@/home/ec2-user/data/topics/4850 354
@/home/ec2-user/data/topics/4808 355
@/home/ec2-user/data/topics/4267 356
@/home/ec2-user/data/topics/4258 357
@/home/ec2-user/data/topics/4272 358
@/home/ec2-user/data/topics/1783 359
@/home/ec2-user/data/topics/4699 360
@/home/ec2-user/data/topics/4003 361
@/home/ec2-user/data/topics/4273 362
@/home/ec2-user/data/topics/4750 363
@/home/ec2-user/data/topics/1500 364
@/home/ec2-user/data/topics/4708 365
@/home/ec2-user/data/topics/4595 366
@/home/ec2-user/data/topics/2127 367
@/home/ec2-user/data/topics/4877 368
@/home/ec2-user/data/topics/4371 369
@/home/ec2-user/data/topics/1815 370
@/home/ec2-user/data/topics/4646 371
@/home/ec2-user/data/topics/4204 372
@/home/ec2-user/data/topics/4536 373
@/home/ec2-user/data/topics/4097 374
@/home/ec2-user/data/topics/1937 375
@/home/ec2-user/data/topics/4247 376
@/home/ec2-user/data/topics/4388 377
@/home/ec2-user/data/topics/1464 378
@/home/ec2-user/data/topics/4584 379
@/home/ec2-user/data/topics/4643 380
@/home/ec2-user/data/topics/1773 381
@/home/ec2-user/data/topics/4390 382
@/home/ec2-user/data/topics/4533 383
@/home/ec2-user/data/topics/4404 384
@/home/ec2-user/data/topics/4393 385
@/home/ec2-user/data/topics/3956 386
@/home/ec2-user/data/topics/3995 387
@/home/ec2-user/data/topics/4480 388
@/home/ec2-user/data/topics/3767 389
@/home/ec2-user/data/topics/4207 390
@/home/ec2-user/data/topics/4418 391
@/home/ec2-user/data/topics/4644 392
@/home/ec2-user/data/topics/4838 393
@/home/ec2-user/data/topics/4082 394
@/home/ec2-user/data/topics/4458 395
@/home/ec2-user/data/topics/4759 396
@/home/ec2-user/data/topics/4196 397
@/home/ec2-user/data/topics/4128 398
@/home/ec2-user/data/topics/1891 399
@/home/ec2-user/data/topics/4309 400
@/home/ec2-user/data/topics/4260 401
@/home/ec2-user/data/topics/1595 402
@/home/ec2-user/data/topics/4447 403
@/home/ec2-user/data/topics/4532 404
@/home/ec2-user/data/topics/2166 405
@/home/ec2-user/data/topics/4154 406
@/home/ec2-user/data/topics/4100 407
@/home/ec2-user/data/topics/4092 408
@/home/ec2-user/data/topics/3896 409
@/home/ec2-user/data/topics/4779 410
@/home/ec2-user/data/topics/4650 411
@/home/ec2-user/data/topics/4626 412
@/home/ec2-user/data/topics/4760 413
@/home/ec2-user/data/topics/4940 414
@/home/ec2-user/data/topics/4186 415
@/home/ec2-user/data/topics/4497 416
@/home/ec2-user/data/topics/1612 417
@/home/ec2-user/data/topics/4343 418
松下電器産業株式会社

@/home/ec2-user/data/topics/4126 419
@/home/ec2-user/data/topics/2080 419
@/home/ec2-user/data/topics/4448 420
@/home/ec2-user/data/topics/5028 421
@/home/ec2-user/data/topics/3514 422
@/home/ec2-user/data/topics/3585 423
@/home/ec2-user/data/topics/4422 424
@/home/ec2-user/data/topics/3619 425
@/home/ec2-user/data/topics/3904 426
@/home/ec2-user/data/topics/4586 427
@/home/ec2-user/data/topics/1881 428
@/home/ec2-user/data/topics/4806 429
@/home/ec2-user/data/topics/4787 430
@/home/ec2-user/data/topics/4160 431
@/home/ec2-user/data/topics/1635 432
@/home/ec2-user/data/topics/4157 433
@/home/ec2-user/data/topics/4797 434
@/home/ec2-user/data/topics/1179 435
@/home/ec2-user/data/topics/4936 436
@/home/ec2-user/data/topics/1633 437
@/home/ec2-user/data/topics/1540 438
@/home/ec2-user/data/topics/4180 439
@/home/ec2-user/data/topics/4502 440
@/home/ec2-user/data/topics/3558 441
@/home/ec2-user/data/topics/1252 442
@/home/ec2-user/data/topics/4961 443
@/home/ec2-user/data/topics/1158 444
@/home/ec2-user/data/topics/2029 445
@/home/ec2-user/data/topics/4307 446
@/home/ec2-user/data/topics/4303 447
@/home/ec2-user/data/topics/4798 448
@/home/ec2-user/data/topics/1509 449
@/home/ec2-user/data/topics/1898 450
@/home/ec2-user/data/topics/4558 451
@/home/ec2-user/data/topics/2056 452
@/home/ec2-user/data/topics/1070 453
@/home/ec2-user/data/topics/4885 454
@/home/ec2-user/data/topics/3704 455
@/home/ec2-user/data/topics/2222 456
@/home/ec2-user/data/topics/1477 457
@/home/ec2-user/data/topics/3951 458
@/home/ec2-user/data/topics/4159 459
@/home/ec2-user/data/topics/3404 460
@/home/ec2-user/data/topics/2156 461
@/home/ec2-user/data/topics/4280 462
@/home/ec2-user/data/topics/4000 463
@/home/ec2-user/data/topics/3402 464
@/home/ec2-user/data/topics/2129 465
@/home/ec2-user/data/topics/1516 466
@/home/ec2-user/data/topics/4355 467
@/home/ec2-user/data/topics/1136 468
@/home/ec2-user/data/topics/3719 469
@/home/ec2-user/data/topics/4382 470
@/home/ec2-user/data/topics/1257 471
@/home/ec2-user/data/topics/1705 472
@/home/ec2-user/data/topics/1812 473
@/home/ec2-user/data/topics/4676 474
@/home/ec2-user/data/topics/4754 475
@/home/ec2-user/data/topics/1762 476
@/home/ec2-user/data/topics/4394 477
@/home/ec2-user/data/topics/4574 478
@/home/ec2-user/data/topics/4459 479
@/home/ec2-user/data/topics/3960 480
@/home/ec2-user/data/topics/4761 481
@/home/ec2-user/data/topics/3761 482
@/home/ec2-user/data/topics/1589 483
@/home/ec2-user/data/topics/4867 484
@/home/ec2-user/data/topics/1339 485
@/home/ec2-user/data/topics/3455 486
@/home/ec2-user/data/topics/4625 487
@/home/ec2-user/data/topics/4098 488
@/home/ec2-user/data/topics/1748 489
@/home/ec2-user/data/topics/3979 490
@/home/ec2-user/data/topics/4264 491
@/home/ec2-user/data/topics/4804 492
@/home/ec2-user/data/topics/4707 493
@/home/ec2-user/data/topics/3847 494
@/home/ec2-user/data/topics/4918 495
@/home/ec2-user/data/topics/5024 496
@/home/ec2-user/data/topics/4503 497
@/home/ec2-user/data/topics/3680 498
@/home/ec2-user/data/topics/1157 499
@/home/ec2-user/data/topics/3721 500
@/home/ec2-user/data/topics/1706 501
@/home/ec2-user/data/topics/4917 502
@/home/ec2-user/data/topics/3658 503
@/home/ec2-user/data/topics/4817 504
@/home/ec2-user/data/topics/1829 505
@/home/ec2-user/data/topics/3386 506
@/home/ec2-user/data/topics/3920 507
@/home/ec2-user/data/topics/4968 508
@/home/ec2-user/data/topics/4043 509
@/home/ec2-user/data/topics/4599 510
@/home/ec2-user/data/topics/4501 511
@/home/ec2-user/data/topics/4464 512
@/home/ec2-user/data/topics/3510 513
@/home/ec2-user/data/topics/4102 514
@/home/ec2-user/data/topics/3807 515
@/home/ec2-user/data/topics/4215 516
@/home/ec2-user/data/topics/4385 517
@/home/ec2-user/data/topics/3746 518
@/home/ec2-user/data/topics/3692 519
@/home/ec2-user/data/topics/4101 520
@/home/ec2-user/data/topics/2170 521
@/home/ec2-user/data/topics/1885 522
@/home/ec2-user/data/topics/4229 523
@/home/ec2-user/data/topics/3739 524
@/home/ec2-user/data/topics/3676 525
@/home/ec2-user/data/topics/4193 526
@/home/ec2-user/data/topics/4139 527
@/home/ec2-user/data/topics/4274 528
@/home/ec2-user/data/topics/1701 529
@/home/ec2-user/data/topics/3494 530
@/home/ec2-user/data/topics/4667 531
@/home/ec2-user/data/topics/1955 532
@/home/ec2-user/data/topics/1026 533
@/home/ec2-user/data/topics/4945 534
@/home/ec2-user/data/topics/4475 535
@/home/ec2-user/data/topics/3694 536
@/home/ec2-user/data/topics/3519 537
@/home/ec2-user/data/topics/4491 538
@/home/ec2-user/data/topics/4577 539
@/home/ec2-user/data/topics/1525 540
セイコーインスツルメンツ株式会社

@/home/ec2-user/data/topics/4088 541
@/home/ec2-user/data/topics/4997 541
@/home/ec2-user/data/topics/4151 542
@/home/ec2-user/data/topics/4203 543
@/home/ec2-user/data/topics/3626 544
@/home/ec2-user/data/topics/1707 545
@/home/ec2-user/data/topics/4036 546
@/home/ec2-user/data/topics/4190 547
@/home/ec2-user/data/topics/3825 548
ミノルタ株式会社

@/home/ec2-user/data/topics/4970 549
@/home/ec2-user/data/topics/1152 549
@/home/ec2-user/data/topics/3810 550
@/home/ec2-user/data/topics/3545 551
@/home/ec2-user/data/topics/2190 552
@/home/ec2-user/data/topics/4984 553
@/home/ec2-user/data/topics/4951 554
@/home/ec2-user/data/topics/4971 555
@/home/ec2-user/data/topics/4986 556
@/home/ec2-user/data/topics/3584 557
@/home/ec2-user/data/topics/4321 558
@/home/ec2-user/data/topics/4977 559
株式会社リコー

@/home/ec2-user/data/topics/1780 560
@/home/ec2-user/data/topics/3713 560
@/home/ec2-user/data/topics/2201 561
@/home/ec2-user/data/topics/3484 562
@/home/ec2-user/data/topics/3446 563
@/home/ec2-user/data/topics/3880 564
@/home/ec2-user/data/topics/1095 565
@/home/ec2-user/data/topics/1190 566
@/home/ec2-user/data/topics/4781 567
@/home/ec2-user/data/topics/3411 568
@/home/ec2-user/data/topics/2006 569
@/home/ec2-user/data/topics/3759 570
@/home/ec2-user/data/topics/2182 571
@/home/ec2-user/data/topics/1974 572
@/home/ec2-user/data/topics/3669 573
@/home/ec2-user/data/topics/3574 574
@/home/ec2-user/data/topics/3436 575
@/home/ec2-user/data/topics/3711 576
@/home/ec2-user/data/topics/3378 577
@/home/ec2-user/data/topics/3548 578
@/home/ec2-user/data/topics/1593 579
@/home/ec2-user/data/topics/3523 580
@/home/ec2-user/data/topics/1718 581
@/home/ec2-user/data/topics/3557 582
@/home/ec2-user/data/topics/1878 583
@/home/ec2-user/data/topics/1976 584
@/home/ec2-user/data/topics/1478 585
@/home/ec2-user/data/topics/2043 586
@/home/ec2-user/data/topics/1514 587
@/home/ec2-user/data/topics/1806 588
@/home/ec2-user/data/topics/2200 589
@/home/ec2-user/data/topics/3474 590
@/home/ec2-user/data/topics/1433 591
@/home/ec2-user/data/topics/4616 592
@/home/ec2-user/data/topics/1225 593
@/home/ec2-user/data/topics/1691 594
@/home/ec2-user/data/topics/3424 595
@/home/ec2-user/data/topics/1610 596
@/home/ec2-user/data/topics/1282 597
@/home/ec2-user/data/topics/1663 598
@/home/ec2-user/data/topics/1776 599
@/home/ec2-user/data/topics/1669 600
@/home/ec2-user/data/topics/3775 601
@/home/ec2-user/data/topics/2090 602
@/home/ec2-user/data/topics/2219 603
@/home/ec2-user/data/topics/3687 604
@/home/ec2-user/data/topics/1774 605
@/home/ec2-user/data/topics/1627 606
@/home/ec2-user/data/topics/1482 607
@/home/ec2-user/data/topics/3750 608
@/home/ec2-user/data/topics/3394 609
@/home/ec2-user/data/topics/3472 610
@/home/ec2-user/data/topics/3633 611
@/home/ec2-user/data/topics/1668 612
@/home/ec2-user/data/topics/1083 613
@/home/ec2-user/data/topics/3530 614
@/home/ec2-user/data/topics/1106 615
@/home/ec2-user/data/topics/4879 616
@/home/ec2-user/data/topics/3837 617
@/home/ec2-user/data/topics/3495 618
@/home/ec2-user/data/topics/1775 619
@/home/ec2-user/data/topics/4037 620
@/home/ec2-user/data/topics/2189 621
@/home/ec2-user/data/topics/3555 622
@/home/ec2-user/data/topics/4344 623
@/home/ec2-user/data/topics/1755 624
@/home/ec2-user/data/topics/1740 625
@/home/ec2-user/data/topics/1064 626
@/home/ec2-user/data/topics/4265 627
@/home/ec2-user/data/topics/1670 628
@/home/ec2-user/data/topics/1436 629
独立行政法人産業技術総合研究所

@/home/ec2-user/data/topics/4869 630
@/home/ec2-user/data/topics/4800 630
@/home/ec2-user/data/topics/1356 631
@/home/ec2-user/data/topics/4740 632
@/home/ec2-user/data/topics/4739 633
@/home/ec2-user/data/topics/4777 634
ソニー株式会社

@/home/ec2-user/data/topics/1298 635
@/home/ec2-user/data/topics/4351 635
@/home/ec2-user/data/topics/1967 636
@/home/ec2-user/data/topics/4184 637
@/home/ec2-user/data/topics/2037 638
@/home/ec2-user/data/topics/2052 639
@/home/ec2-user/data/topics/3456 640
@/home/ec2-user/data/topics/5027 641
@/home/ec2-user/data/topics/3872 642
@/home/ec2-user/data/topics/1954 643
@/home/ec2-user/data/topics/3975 644
@/home/ec2-user/data/topics/3392 645
@/home/ec2-user/data/topics/1147 646
@/home/ec2-user/data/topics/1926 647
@/home/ec2-user/data/topics/2105 648
@/home/ec2-user/data/topics/2059 649
@/home/ec2-user/data/topics/1380 650
@/home/ec2-user/data/topics/1059 651
@/home/ec2-user/data/topics/1836 652
@/home/ec2-user/data/topics/1291 653
@/home/ec2-user/data/topics/3924 654
@/home/ec2-user/data/topics/1892 655
@/home/ec2-user/data/topics/1471 656
@/home/ec2-user/data/topics/1397 657
@/home/ec2-user/data/topics/1102 658
@/home/ec2-user/data/topics/3401 659
@/home/ec2-user/data/topics/1218 660
@/home/ec2-user/data/topics/3955 661
@/home/ec2-user/data/topics/1873 662
@/home/ec2-user/data/topics/1686 663
@/home/ec2-user/data/topics/1912 664
@/home/ec2-user/data/topics/1884 665
@/home/ec2-user/data/topics/1749 666
@/home/ec2-user/data/topics/2094 667
@/home/ec2-user/data/topics/4224 668
@/home/ec2-user/data/topics/1426 669
@/home/ec2-user/data/topics/1491 670
@/home/ec2-user/data/topics/1435 671
@/home/ec2-user/data/topics/4219 672
@/home/ec2-user/data/topics/2048 673
@/home/ec2-user/data/topics/2075 674
@/home/ec2-user/data/topics/1778 675
@/home/ec2-user/data/topics/1414 676
@/home/ec2-user/data/topics/2058 677
@/home/ec2-user/data/topics/1679 678
@/home/ec2-user/data/topics/1602 679
@/home/ec2-user/data/topics/1233 680
富士ゼロックス株式会社

@/home/ec2-user/data/topics/3662 681
@/home/ec2-user/data/topics/3407 681
@/home/ec2-user/data/topics/3661 682
@/home/ec2-user/data/topics/5031 683
@/home/ec2-user/data/topics/3790 684
@/home/ec2-user/data/topics/4108 685
@/home/ec2-user/data/topics/3695 686
@/home/ec2-user/data/topics/3473 687
@/home/ec2-user/data/topics/3564 688
@/home/ec2-user/data/topics/3366 689
@/home/ec2-user/data/topics/3782 690
@/home/ec2-user/data/topics/1560 691
@/home/ec2-user/data/topics/3383 692
@/home/ec2-user/data/topics/3640 693
@/home/ec2-user/data/topics/1947 694
住友金属工業株式会社

@/home/ec2-user/data/topics/4182 695
@/home/ec2-user/data/topics/4991 695
@/home/ec2-user/data/topics/3826 696
@/home/ec2-user/data/topics/3577 697
@/home/ec2-user/data/topics/4534 698
@/home/ec2-user/data/topics/4021 699
@/home/ec2-user/data/topics/3655 700
@/home/ec2-user/data/topics/4733 701
@/home/ec2-user/data/topics/4295 702
@/home/ec2-user/data/topics/4322 703
@/home/ec2-user/data/topics/4661 704
@/home/ec2-user/data/topics/1268 705
日立電線株式会社

@/home/ec2-user/data/topics/1117 706
@/home/ec2-user/data/topics/1305 706
@/home/ec2-user/data/topics/4357 707
@/home/ec2-user/data/topics/4329 708
@/home/ec2-user/data/topics/1027 709
@/home/ec2-user/data/topics/3756 710
@/home/ec2-user/data/topics/1388 711
@/home/ec2-user/data/topics/4356 712
@/home/ec2-user/data/topics/3930 713
キヤノン株式会社

@/home/ec2-user/data/topics/4363 714
@/home/ec2-user/data/topics/3755 714
@/home/ec2-user/data/topics/1519 715
@/home/ec2-user/data/topics/1438 716
@/home/ec2-user/data/topics/4947 717
@/home/ec2-user/data/topics/1848 718
@/home/ec2-user/data/topics/3996 719
@/home/ec2-user/data/topics/1961 720
@/home/ec2-user/data/topics/1745 721
@/home/ec2-user/data/topics/3376 722
@/home/ec2-user/data/topics/3410 723
@/home/ec2-user/data/topics/3967 724
@/home/ec2-user/data/topics/1847 725
@/home/ec2-user/data/topics/2107 726
@/home/ec2-user/data/topics/1646 727
@/home/ec2-user/data/topics/1216 728
@/home/ec2-user/data/topics/3958 729
@/home/ec2-user/data/topics/4054 730
@/home/ec2-user/data/topics/3445 731
@/home/ec2-user/data/topics/1790 732
@/home/ec2-user/data/topics/2004 733
@/home/ec2-user/data/topics/2117 734
@/home/ec2-user/data/topics/4520 735
@/home/ec2-user/data/topics/1631 736
@/home/ec2-user/data/topics/1895 737
@/home/ec2-user/data/topics/2145 738
@/home/ec2-user/data/topics/1208 739
@/home/ec2-user/data/topics/4628 740
@/home/ec2-user/data/topics/4610 741
@/home/ec2-user/data/topics/1228 742
@/home/ec2-user/data/topics/3628 743
@/home/ec2-user/data/topics/4521 744
@/home/ec2-user/data/topics/3416 745
@/home/ec2-user/data/topics/4937 746
@/home/ec2-user/data/topics/1118 747
@/home/ec2-user/data/topics/1568 748
@/home/ec2-user/data/topics/3949 749
@/home/ec2-user/data/topics/3434 750
@/home/ec2-user/data/topics/1124 751
@/home/ec2-user/data/topics/3737 752
@/home/ec2-user/data/topics/1080 753
@/home/ec2-user/data/topics/3852 754
@/home/ec2-user/data/topics/3420 755
@/home/ec2-user/data/topics/1889 756
@/home/ec2-user/data/topics/1802 757
@/home/ec2-user/data/topics/3642 758
@/home/ec2-user/data/topics/4068 759
@/home/ec2-user/data/topics/3441 760
@/home/ec2-user/data/topics/3374 761
@/home/ec2-user/data/topics/2053 762
@/home/ec2-user/data/topics/3417 763
@/home/ec2-user/data/topics/2231 764
@/home/ec2-user/data/topics/3454 765
@/home/ec2-user/data/topics/3660 766
@/home/ec2-user/data/topics/4948 767
@/home/ec2-user/data/topics/1975 768
@/home/ec2-user/data/topics/3722 769
@/home/ec2-user/data/topics/1539 770
@/home/ec2-user/data/topics/1744 771
@/home/ec2-user/data/topics/2243 772
@/home/ec2-user/data/topics/3656 773
@/home/ec2-user/data/topics/4350 774
@/home/ec2-user/data/topics/3430 775
@/home/ec2-user/data/topics/3730 776
@/home/ec2-user/data/topics/4020 777
@/home/ec2-user/data/topics/3415 778
@/home/ec2-user/data/topics/1866 779
@/home/ec2-user/data/topics/3843 780
@/home/ec2-user/data/topics/3438 781
@/home/ec2-user/data/topics/1590 782
@/home/ec2-user/data/topics/1513 783
@/home/ec2-user/data/topics/1455 784
@/home/ec2-user/data/topics/3720 785
三洋電機株式会社

@/home/ec2-user/data/topics/1163 786
@/home/ec2-user/data/topics/4726 786
@/home/ec2-user/data/topics/4492 787
@/home/ec2-user/data/topics/1321 788
@/home/ec2-user/data/topics/2230 789
@/home/ec2-user/data/topics/3845 790
@/home/ec2-user/data/topics/3808 791
@/home/ec2-user/data/topics/3986 792
@/home/ec2-user/data/topics/4960 793
@/home/ec2-user/data/topics/3403 794
@/home/ec2-user/data/topics/3830 795
@/home/ec2-user/data/topics/1671 796
@/home/ec2-user/data/topics/2071 797
@/home/ec2-user/data/topics/4527 798
@/home/ec2-user/data/topics/2014 799
@/home/ec2-user/data/topics/4061 800
@/home/ec2-user/data/topics/4983 801
@/home/ec2-user/data/topics/4060 802
@/home/ec2-user/data/topics/3974 803
@/home/ec2-user/data/topics/1980 804
@/home/ec2-user/data/topics/4384 805
@/home/ec2-user/data/topics/3681 806
@/home/ec2-user/data/topics/1515 807
@/home/ec2-user/data/topics/4654 808
@/home/ec2-user/data/topics/3539 809
@/home/ec2-user/data/topics/4179 810
@/home/ec2-user/data/topics/1246 811
@/home/ec2-user/data/topics/2098 812
@/home/ec2-user/data/topics/3859 813
@/home/ec2-user/data/topics/4612 814
@/home/ec2-user/data/topics/4212 815
@/home/ec2-user/data/topics/4720 816
@/home/ec2-user/data/topics/3889 817
@/home/ec2-user/data/topics/3817 818
@/home/ec2-user/data/topics/1479 819
@/home/ec2-user/data/topics/1386 820
@/home/ec2-user/data/topics/5002 821
@/home/ec2-user/data/topics/3398 822
@/home/ec2-user/data/topics/1652 823
@/home/ec2-user/data/topics/4763 824
@/home/ec2-user/data/topics/3708 825
@/home/ec2-user/data/topics/4304 826
@/home/ec2-user/data/topics/4178 827
@/home/ec2-user/data/topics/2063 828
@/home/ec2-user/data/topics/1488 829
@/home/ec2-user/data/topics/4001 830
@/home/ec2-user/data/topics/3781 831
@/home/ec2-user/data/topics/4788 832
@/home/ec2-user/data/topics/3625 833
@/home/ec2-user/data/topics/3953 834
@/home/ec2-user/data/topics/4376 835
@/home/ec2-user/data/topics/4301 836
@/home/ec2-user/data/topics/3492 837
@/home/ec2-user/data/topics/4015 838
@/home/ec2-user/data/topics/5011 839
@/home/ec2-user/data/topics/4099 840
@/home/ec2-user/data/topics/4604 841
@/home/ec2-user/data/topics/1451 842
@/home/ec2-user/data/topics/1653 843
@/home/ec2-user/data/topics/3804 844
@/home/ec2-user/data/topics/1289 845
@/home/ec2-user/data/topics/3906 846
@/home/ec2-user/data/topics/4571 847
@/home/ec2-user/data/topics/4837 848
@/home/ec2-user/data/topics/4474 849
@/home/ec2-user/data/topics/4679 850
@/home/ec2-user/data/topics/3926 851
@/home/ec2-user/data/topics/4039 852
@/home/ec2-user/data/topics/1722 853
@/home/ec2-user/data/topics/2054 854
@/home/ec2-user/data/topics/3581 855
@/home/ec2-user/data/topics/2194 856
@/home/ec2-user/data/topics/4978 857
@/home/ec2-user/data/topics/4066 858
@/home/ec2-user/data/topics/4328 859
@/home/ec2-user/data/topics/4150 860
@/home/ec2-user/data/topics/3491 861
@/home/ec2-user/data/topics/1079 862
@/home/ec2-user/data/topics/3754 863
三菱電機株式会社

@/home/ec2-user/data/topics/1738 864
@/home/ec2-user/data/topics/3612 864
@/home/ec2-user/data/topics/4282 865
@/home/ec2-user/data/topics/3609 866
@/home/ec2-user/data/topics/1536 867
@/home/ec2-user/data/topics/4221 868
@/home/ec2-user/data/topics/3774 869
@/home/ec2-user/data/topics/1220 870
@/home/ec2-user/data/topics/3963 871
@/home/ec2-user/data/topics/2146 872
@/home/ec2-user/data/topics/4041 873
@/home/ec2-user/data/topics/3490 874
@/home/ec2-user/data/topics/3856 875
@/home/ec2-user/data/topics/3592 876
@/home/ec2-user/data/topics/1754 877
@/home/ec2-user/data/topics/3873 878
@/home/ec2-user/data/topics/3506 879
@/home/ec2-user/data/topics/4305 880
@/home/ec2-user/data/topics/1110 881
@/home/ec2-user/data/topics/4133 882
@/home/ec2-user/data/topics/3921 883
@/home/ec2-user/data/topics/3595 884
@/home/ec2-user/data/topics/3451 885
@/home/ec2-user/data/topics/4233 886
@/home/ec2-user/data/topics/4552 887
@/home/ec2-user/data/topics/3800 888
@/home/ec2-user/data/topics/4047 889
@/home/ec2-user/data/topics/4663 890
@/home/ec2-user/data/topics/3493 891
@/home/ec2-user/data/topics/4235 892
@/home/ec2-user/data/topics/3466 893
@/home/ec2-user/data/topics/3469 894
@/home/ec2-user/data/topics/4834 895
@/home/ec2-user/data/topics/4518 896
@/home/ec2-user/data/topics/3453 897
@/home/ec2-user/data/topics/1872 898
@/home/ec2-user/data/topics/4181 899
@/home/ec2-user/data/topics/5032 900
@/home/ec2-user/data/topics/4562 901
@/home/ec2-user/data/topics/3409 902
@/home/ec2-user/data/topics/3666 903
@/home/ec2-user/data/topics/5033 904
@/home/ec2-user/data/topics/3397 905
@/home/ec2-user/data/topics/3820 906
@/home/ec2-user/data/topics/4514 907
@/home/ec2-user/data/topics/4220 908
@/home/ec2-user/data/topics/4149 909
@/home/ec2-user/data/topics/4076 910
@/home/ec2-user/data/topics/3412 911
@/home/ec2-user/data/topics/3747 912
@/home/ec2-user/data/topics/3465 913
@/home/ec2-user/data/topics/4419 914
@/home/ec2-user/data/topics/1792 915
@/home/ec2-user/data/topics/3616 916
@/home/ec2-user/data/topics/4980 917
@/home/ec2-user/data/topics/3841 918
@/home/ec2-user/data/topics/4880 919
@/home/ec2-user/data/topics/4614 920
住友ゴム工業株式会社

@/home/ec2-user/data/topics/1114 921
@/home/ec2-user/data/topics/4048 921
@/home/ec2-user/data/topics/2007 922
@/home/ec2-user/data/topics/4568 923
@/home/ec2-user/data/topics/4597 924
@/home/ec2-user/data/topics/4406 925
@/home/ec2-user/data/topics/1758 926
セイコーエプソン株式会社

@/home/ec2-user/data/topics/4801 927
@/home/ec2-user/data/topics/3505 927
@/home/ec2-user/data/topics/1423 928
@/home/ec2-user/data/topics/4022 929
@/home/ec2-user/data/topics/2165 930
@/home/ec2-user/data/topics/3887 931
@/home/ec2-user/data/topics/4719 932
@/home/ec2-user/data/topics/4386 933
@/home/ec2-user/data/topics/1378 934
@/home/ec2-user/data/topics/1641 935
@/home/ec2-user/data/topics/1938 936
@/home/ec2-user/data/topics/1343 937
@/home/ec2-user/data/topics/3476 938
@/home/ec2-user/data/topics/4454 939
@/home/ec2-user/data/topics/3985 940
@/home/ec2-user/data/topics/3819 941
@/home/ec2-user/data/topics/1890 942
@/home/ec2-user/data/topics/4605 943
@/home/ec2-user/data/topics/3910 944
@/home/ec2-user/data/topics/3589 945
@/home/ec2-user/data/topics/4585 946
@/home/ec2-user/data/topics/3361 947
@/home/ec2-user/data/topics/1484 948
@/home/ec2-user/data/topics/4802 949
@/home/ec2-user/data/topics/4109 950
@/home/ec2-user/data/topics/2078 951
株式会社三共

@/home/ec2-user/data/topics/4374 952
@/home/ec2-user/data/topics/1086 952
@/home/ec2-user/data/topics/1189 953
@/home/ec2-user/data/topics/2060 954
@/home/ec2-user/data/topics/1648 955
@/home/ec2-user/data/topics/1377 956
@/home/ec2-user/data/topics/1665 957
@/home/ec2-user/data/topics/2123 958
@/home/ec2-user/data/topics/4868 959
沖電気工業株式会社

@/home/ec2-user/data/topics/1531 960
@/home/ec2-user/data/topics/3964 960
@/home/ec2-user/data/topics/3621 961
@/home/ec2-user/data/topics/4693 962
@/home/ec2-user/data/topics/3395 963
@/home/ec2-user/data/topics/3457 964
@/home/ec2-user/data/topics/3764 965
@/home/ec2-user/data/topics/3690 966
@/home/ec2-user/data/topics/4575 967
@/home/ec2-user/data/topics/4308 968
@/home/ec2-user/data/topics/3433 969
@/home/ec2-user/data/topics/3571 970
@/home/ec2-user/data/topics/1188 971
@/home/ec2-user/data/topics/4299 972
株式会社三星

@/home/ec2-user/data/topics/1733 973
@/home/ec2-user/data/topics/2198 973
@/home/ec2-user/data/topics/2108 974
@/home/ec2-user/data/topics/1260 975
@/home/ec2-user/data/topics/1728 976
@/home/ec2-user/data/topics/3942 977
日本ビクター株式会社

@/home/ec2-user/data/topics/1520 978
@/home/ec2-user/data/topics/1389 978
@/home/ec2-user/data/topics/3882 979
@/home/ec2-user/data/topics/4123 980
@/home/ec2-user/data/topics/3620 981
@/home/ec2-user/data/topics/3939 982
@/home/ec2-user/data/topics/3603 983
@/home/ec2-user/data/topics/4672 984
@/home/ec2-user/data/topics/1440 985
@/home/ec2-user/data/topics/1823 986
@/home/ec2-user/data/topics/4056 987
花王株式会社

@/home/ec2-user/data/topics/2214 988
@/home/ec2-user/data/topics/3812 988
@/home/ec2-user/data/topics/4211 989
@/home/ec2-user/data/topics/4445 990
@/home/ec2-user/data/topics/1022 991
@/home/ec2-user/data/topics/4827 992
@/home/ec2-user/data/topics/1767 993
@/home/ec2-user/data/topics/3753 994
@/home/ec2-user/data/topics/3884 995
@/home/ec2-user/data/topics/4287 996
@/home/ec2-user/data/topics/3999 997
@/home/ec2-user/data/topics/1196 998
@/home/ec2-user/data/topics/4249 999
三田工業株式会社

@/home/ec2-user/data/topics/2155 1000
@/home/ec2-user/data/topics/1766 1000
@/home/ec2-user/data/topics/3604 1001
@/home/ec2-user/data/topics/3842 1002
@/home/ec2-user/data/topics/1033 1003
@/home/ec2-user/data/topics/2136 1004
@/home/ec2-user/data/topics/1269 1005
@/home/ec2-user/data/topics/3923 1006
@/home/ec2-user/data/topics/1034 1007
豊丸産業株式会社

@/home/ec2-user/data/topics/1726 1008
@/home/ec2-user/data/topics/1713 1008
@/home/ec2-user/data/topics/1097 1009
@/home/ec2-user/data/topics/1126 1010
@/home/ec2-user/data/topics/1138 1011
@/home/ec2-user/data/topics/4847 1012
@/home/ec2-user/data/topics/1353 1013
@/home/ec2-user/data/topics/1677 1014
@/home/ec2-user/data/topics/1401 1015
@/home/ec2-user/data/topics/3672 1016
@/home/ec2-user/data/topics/2011 1017
@/home/ec2-user/data/topics/1588 1018
@/home/ec2-user/data/topics/2169 1019
@/home/ec2-user/data/topics/1284 1020
@/home/ec2-user/data/topics/1914 1021
鐘紡株式会社

@/home/ec2-user/data/topics/3566 1022
@/home/ec2-user/data/topics/3634 1022
@/home/ec2-user/data/topics/1367 1023
@/home/ec2-user/data/topics/1304 1024
@/home/ec2-user/data/topics/1886 1025
@/home/ec2-user/data/topics/1054 1026
@/home/ec2-user/data/topics/3551 1027
@/home/ec2-user/data/topics/2185 1028
@/home/ec2-user/data/topics/2223 1029
@/home/ec2-user/data/topics/1842 1030
@/home/ec2-user/data/topics/1901 1031
@/home/ec2-user/data/topics/2034 1032
@/home/ec2-user/data/topics/1870 1033
@/home/ec2-user/data/topics/1178 1034
@/home/ec2-user/data/topics/4195 1035
@/home/ec2-user/data/topics/3560 1036
株式会社デンソー

@/home/ec2-user/data/topics/4656 1037
@/home/ec2-user/data/topics/3480 1037
@/home/ec2-user/data/topics/1855 1038
@/home/ec2-user/data/topics/4024 1039
@/home/ec2-user/data/topics/3710 1040
@/home/ec2-user/data/topics/4840 1041
@/home/ec2-user/data/topics/4046 1042
@/home/ec2-user/data/topics/4423 1043
@/home/ec2-user/data/topics/4164 1044
@/home/ec2-user/data/topics/3421 1045
@/home/ec2-user/data/topics/1028 1046
@/home/ec2-user/data/topics/3406 1047
@/home/ec2-user/data/topics/4805 1048
@/home/ec2-user/data/topics/4483 1049
@/home/ec2-user/data/topics/4675 1050
@/home/ec2-user/data/topics/4498 1051
@/home/ec2-user/data/topics/4622 1052
富士写真フイルム株式会社

@/home/ec2-user/data/topics/3447 1053
@/home/ec2-user/data/topics/1244 1053
@/home/ec2-user/data/topics/3354 1054
@/home/ec2-user/data/topics/4962 1055
@/home/ec2-user/data/topics/3911 1056
@/home/ec2-user/data/topics/1662 1057
@/home/ec2-user/data/topics/3918 1058
@/home/ec2-user/data/topics/3857 1059
@/home/ec2-user/data/topics/2134 1060
@/home/ec2-user/data/topics/1603 1061
@/home/ec2-user/data/topics/1570 1062
京セラ株式会社

@/home/ec2-user/data/topics/3741 1063
@/home/ec2-user/data/topics/1708 1063
@/home/ec2-user/data/topics/1741 1064
@/home/ec2-user/data/topics/1485 1065
@/home/ec2-user/data/topics/3593 1066
@/home/ec2-user/data/topics/4513 1067
@/home/ec2-user/data/topics/3869 1068
@/home/ec2-user/data/topics/4031 1069
@/home/ec2-user/data/topics/3615 1070
@/home/ec2-user/data/topics/4340 1071
@/home/ec2-user/data/topics/1913 1072
@/home/ec2-user/data/topics/4901 1073
イビデン株式会社

@/home/ec2-user/data/topics/1770 1074
@/home/ec2-user/data/topics/1336 1074
@/home/ec2-user/data/topics/1952 1075
@/home/ec2-user/data/topics/1682 1076
@/home/ec2-user/data/topics/3814 1077
@/home/ec2-user/data/topics/1315 1078
@/home/ec2-user/data/topics/2033 1079
株式会社東芝

@/home/ec2-user/data/topics/3360 1080
@/home/ec2-user/data/topics/3380 1080
@/home/ec2-user/data/topics/1819 1081
@/home/ec2-user/data/topics/1205 1082
@/home/ec2-user/data/topics/4096 1083
@/home/ec2-user/data/topics/4302 1084
@/home/ec2-user/data/topics/4509 1085
@/home/ec2-user/data/topics/4631 1086
@/home/ec2-user/data/topics/3689 1087
@/home/ec2-user/data/topics/3988 1088
@/home/ec2-user/data/topics/4623 1089
@/home/ec2-user/data/topics/3948 1090
@/home/ec2-user/data/topics/4183 1091
@/home/ec2-user/data/topics/4535 1092
@/home/ec2-user/data/topics/3990 1093
@/home/ec2-user/data/topics/3834 1094
@/home/ec2-user/data/topics/3716 1095
@/home/ec2-user/data/topics/3732 1096
@/home/ec2-user/data/topics/3851 1097
@/home/ec2-user/data/topics/3462 1098
@/home/ec2-user/data/topics/3352 1099
@/home/ec2-user/data/topics/3363 1100
@/home/ec2-user/data/topics/4172 1101
@/home/ec2-user/data/topics/3618 1102
@/home/ec2-user/data/topics/1332 1103
@/home/ec2-user/data/topics/4755 1104
@/home/ec2-user/data/topics/3795 1105
@/home/ec2-user/data/topics/3881 1106
@/home/ec2-user/data/topics/4292 1107
@/home/ec2-user/data/topics/1132 1108
@/home/ec2-user/data/topics/4594 1109
@/home/ec2-user/data/topics/3351 1110
@/home/ec2-user/data/topics/4361 1111
@/home/ec2-user/data/topics/3688 1112
@/home/ec2-user/data/topics/3683 1113
@/home/ec2-user/data/topics/4881 1114
@/home/ec2-user/data/topics/4089 1115
@/home/ec2-user/data/topics/4566 1116
@/home/ec2-user/data/topics/1757 1117
@/home/ec2-user/data/topics/1585 1118
@/home/ec2-user/data/topics/1997 1119
@/home/ec2-user/data/topics/4751 1120
@/home/ec2-user/data/topics/4912 1121
@/home/ec2-user/data/topics/4009 1122
@/home/ec2-user/data/topics/2241 1123
@/home/ec2-user/data/topics/4197 1124
@/home/ec2-user/data/topics/3542 1125
@/home/ec2-user/data/topics/4842 1126
@/home/ec2-user/data/topics/3890 1127
@/home/ec2-user/data/topics/3734 1128
@/home/ec2-user/data/topics/3598 1129
@/home/ec2-user/data/topics/4140 1130
@/home/ec2-user/data/topics/1756 1131
@/home/ec2-user/data/topics/3780 1132
@/home/ec2-user/data/topics/4336 1133
@/home/ec2-user/data/topics/4381 1134
@/home/ec2-user/data/topics/4863 1135
@/home/ec2-user/data/topics/1090 1136
@/home/ec2-user/data/topics/4057 1137
@/home/ec2-user/data/topics/4935 1138
@/home/ec2-user/data/topics/4165 1139
ヤマハ株式会社

@/home/ec2-user/data/topics/1720 1140
@/home/ec2-user/data/topics/1443 1140
@/home/ec2-user/data/topics/4919 1141
@/home/ec2-user/data/topics/4045 1142
@/home/ec2-user/data/topics/1676 1143
@/home/ec2-user/data/topics/1911 1144
@/home/ec2-user/data/topics/4145 1145
@/home/ec2-user/data/topics/3972 1146
@/home/ec2-user/data/topics/4177 1147
@/home/ec2-user/data/topics/4010 1148
@/home/ec2-user/data/topics/4954 1149
@/home/ec2-user/data/topics/4084 1150
@/home/ec2-user/data/topics/4125 1151
東洋紡績株式会社

@/home/ec2-user/data/topics/3769 1152
@/home/ec2-user/data/topics/4362 1152
@/home/ec2-user/data/topics/4284 1153
@/home/ec2-user/data/topics/4366 1154
@/home/ec2-user/data/topics/1029 1155
@/home/ec2-user/data/topics/1613 1156
三菱化学株式会社

@/home/ec2-user/data/topics/3638 1157
@/home/ec2-user/data/topics/1902 1157
@/home/ec2-user/data/topics/3458 1158
@/home/ec2-user/data/topics/1699 1159
@/home/ec2-user/data/topics/1197 1160
@/home/ec2-user/data/topics/3513 1161
カシオ計算機株式会社

@/home/ec2-user/data/topics/1794 1162
@/home/ec2-user/data/topics/1047 1162
@/home/ec2-user/data/topics/1235 1163
@/home/ec2-user/data/topics/2180 1164
@/home/ec2-user/data/topics/2237 1165
@/home/ec2-user/data/topics/1368 1166
@/home/ec2-user/data/topics/1535 1167
@/home/ec2-user/data/topics/3391 1168
コナミ株式会社

@/home/ec2-user/data/topics/1672 1169
@/home/ec2-user/data/topics/2100 1169
@/home/ec2-user/data/topics/5015 1170
@/home/ec2-user/data/topics/4602 1171
@/home/ec2-user/data/topics/1302 1172
@/home/ec2-user/data/topics/4681 1173
@/home/ec2-user/data/topics/1621 1174
@/home/ec2-user/data/topics/2151 1175
大日本スクリーン製造株式会社

@/home/ec2-user/data/topics/1173 1176
@/home/ec2-user/data/topics/2172 1176
@/home/ec2-user/data/topics/1130 1177
@/home/ec2-user/data/topics/3742 1178
@/home/ec2-user/data/topics/2209 1179
@/home/ec2-user/data/topics/1608 1180
@/home/ec2-user/data/topics/1779 1181
オムロン株式会社

@/home/ec2-user/data/topics/3597 1182
@/home/ec2-user/data/topics/1933 1182
@/home/ec2-user/data/topics/1067 1183
@/home/ec2-user/data/topics/3748 1184
@/home/ec2-user/data/topics/1151 1185
@/home/ec2-user/data/topics/1657 1186
@/home/ec2-user/data/topics/1135 1187
@/home/ec2-user/data/topics/1579 1188
@/home/ec2-user/data/topics/4771 1189
@/home/ec2-user/data/topics/2096 1190
@/home/ec2-user/data/topics/1841 1191
@/home/ec2-user/data/topics/3863 1192
@/home/ec2-user/data/topics/3700 1193
@/home/ec2-user/data/topics/1533 1194
@/home/ec2-user/data/topics/3594 1195
株式会社日立製作所

@/home/ec2-user/data/topics/1247 1196
@/home/ec2-user/data/topics/4122 1196
@/home/ec2-user/data/topics/3439 1197
@/home/ec2-user/data/topics/2081 1198
@/home/ec2-user/data/topics/5030 1199
@/home/ec2-user/data/topics/1072 1200
@/home/ec2-user/data/topics/3648 1201
@/home/ec2-user/data/topics/4559 1202
@/home/ec2-user/data/topics/3570 1203
@/home/ec2-user/data/topics/1825 1204
@/home/ec2-user/data/topics/3588 1205
@/home/ec2-user/data/topics/1562 1206
@/home/ec2-user/data/topics/2019 1207
@/home/ec2-user/data/topics/1105 1208
@/home/ec2-user/data/topics/1082 1209
@/home/ec2-user/data/topics/4943 1210
@/home/ec2-user/data/topics/1487 1211
@/home/ec2-user/data/topics/3665 1212
@/home/ec2-user/data/topics/1693 1213
@/home/ec2-user/data/topics/2239 1214
@/home/ec2-user/data/topics/1651 1215
@/home/ec2-user/data/topics/1882 1216
@/home/ec2-user/data/topics/3471 1217
@/home/ec2-user/data/topics/3779 1218
@/home/ec2-user/data/topics/1334 1219
@/home/ec2-user/data/topics/3772 1220
@/home/ec2-user/data/topics/3965 1221
@/home/ec2-user/data/topics/3968 1222
@/home/ec2-user/data/topics/4401 1223
@/home/ec2-user/data/topics/3973 1224
@/home/ec2-user/data/topics/1340 1225
@/home/ec2-user/data/topics/1278 1226
@/home/ec2-user/data/topics/4990 1227
@/home/ec2-user/data/topics/3384 1228
@/home/ec2-user/data/topics/4799 1229
@/home/ec2-user/data/topics/3461 1230
@/home/ec2-user/data/topics/3599 1231
@/home/ec2-user/data/topics/3659 1232
@/home/ec2-user/data/topics/3993 1233
@/home/ec2-user/data/topics/3350 1234
@/home/ec2-user/data/topics/4420 1235
@/home/ec2-user/data/topics/3994 1236
@/home/ec2-user/data/topics/3432 1237
@/home/ec2-user/data/topics/1833 1238
@/home/ec2-user/data/topics/4402 1239
@/home/ec2-user/data/topics/2184 1240
@/home/ec2-user/data/topics/3691 1241
@/home/ec2-user/data/topics/3440 1242
@/home/ec2-user/data/topics/3596 1243
@/home/ec2-user/data/topics/4830 1244
@/home/ec2-user/data/topics/4166 1245
@/home/ec2-user/data/topics/1880 1246
@/home/ec2-user/data/topics/3822 1247
@/home/ec2-user/data/topics/1249 1248
@/home/ec2-user/data/topics/3706 1249
@/home/ec2-user/data/topics/1987 1250
@/home/ec2-user/data/topics/4545 1251
@/home/ec2-user/data/topics/4547 1252
@/home/ec2-user/data/topics/1463 1253
@/home/ec2-user/data/topics/1501 1254
@/home/ec2-user/data/topics/1667 1255
@/home/ec2-user/data/topics/1826 1256
@/home/ec2-user/data/topics/4493 1257
@/home/ec2-user/data/topics/4621 1258
@/home/ec2-user/data/topics/1296 1259
@/home/ec2-user/data/topics/3531 1260
@/home/ec2-user/data/topics/1640 1261
@/home/ec2-user/data/topics/5029 1262
@/home/ec2-user/data/topics/3488 1263
@/home/ec2-user/data/topics/3524 1264
@/home/ec2-user/data/topics/4551 1265
@/home/ec2-user/data/topics/4058 1266
@/home/ec2-user/data/topics/4040 1267
@/home/ec2-user/data/topics/4489 1268
凸版印刷株式会社

@/home/ec2-user/data/topics/1977 1269
@/home/ec2-user/data/topics/1765 1269
@/home/ec2-user/data/topics/3624 1270
@/home/ec2-user/data/topics/3526 1271
@/home/ec2-user/data/topics/1091 1272
@/home/ec2-user/data/topics/4874 1273
@/home/ec2-user/data/topics/3500 1274
株式会社ノーリツ

@/home/ec2-user/data/topics/1598 1275
@/home/ec2-user/data/topics/4206 1275
@/home/ec2-user/data/topics/1760 1276
@/home/ec2-user/data/topics/1618 1277
@/home/ec2-user/data/topics/4354 1278
@/home/ec2-user/data/topics/4776 1279
@/home/ec2-user/data/topics/2116 1280
@/home/ec2-user/data/topics/1290 1281
川崎重工業株式会社

@/home/ec2-user/data/topics/4944 1282
@/home/ec2-user/data/topics/4793 1282
@/home/ec2-user/data/topics/4756 1283
@/home/ec2-user/data/topics/5025 1284
@/home/ec2-user/data/topics/1172 1285
@/home/ec2-user/data/topics/1162 1286
@/home/ec2-user/data/topics/4866 1287
@/home/ec2-user/data/topics/4572 1288
ティーディーケイ株式会社

@/home/ec2-user/data/topics/3909 1289
@/home/ec2-user/data/topics/3798 1289
@/home/ec2-user/data/topics/2210 1290
@/home/ec2-user/data/topics/4619 1291
@/home/ec2-user/data/topics/1510 1292
@/home/ec2-user/data/topics/3792 1293
@/home/ec2-user/data/topics/1129 1294
@/home/ec2-user/data/topics/2202 1295
@/home/ec2-user/data/topics/1409 1296
京セラミタ株式会社

@/home/ec2-user/data/topics/1032 1297
@/home/ec2-user/data/topics/2141 1297
@/home/ec2-user/data/topics/4985 1298
@/home/ec2-user/data/topics/4174 1299
@/home/ec2-user/data/topics/4564 1300
@/home/ec2-user/data/topics/4973 1301
@/home/ec2-user/data/topics/1930 1302
株式会社クボタ

@/home/ec2-user/data/topics/4745 1303
@/home/ec2-user/data/topics/1012 1303
@/home/ec2-user/data/topics/3854 1304
@/home/ec2-user/data/topics/1448 1305
@/home/ec2-user/data/topics/3919 1306
@/home/ec2-user/data/topics/1734 1307
@/home/ec2-user/data/topics/1280 1308
@/home/ec2-user/data/topics/3823 1309
@/home/ec2-user/data/topics/4379 1310
@/home/ec2-user/data/topics/4251 1311
シャープ株式会社

@/home/ec2-user/data/topics/2084 1312
@/home/ec2-user/data/topics/3649 1312
@/home/ec2-user/data/topics/3981 1313
@/home/ec2-user/data/topics/4323 1314
@/home/ec2-user/data/topics/1561 1315
@/home/ec2-user/data/topics/2020 1316
@/home/ec2-user/data/topics/4583 1317
@/home/ec2-user/data/topics/3678 1318
@/home/ec2-user/data/topics/4113 1319
@/home/ec2-user/data/topics/3537 1320
@/home/ec2-user/data/topics/3813 1321
@/home/ec2-user/data/topics/4430 1322
@/home/ec2-user/data/topics/4103 1323
@/home/ec2-user/data/topics/4861 1324
@/home/ec2-user/data/topics/4005 1325
@/home/ec2-user/data/topics/4124 1326
@/home/ec2-user/data/topics/1174 1327
@/home/ec2-user/data/topics/4127 1328
@/home/ec2-user/data/topics/3776 1329
@/home/ec2-user/data/topics/4095 1330
@/home/ec2-user/data/topics/3855 1331
@/home/ec2-user/data/topics/1965 1332
@/home/ec2-user/data/topics/1258 1333
@/home/ec2-user/data/topics/4469 1334
@/home/ec2-user/data/topics/1384 1335
@/home/ec2-user/data/topics/3422 1336
@/home/ec2-user/data/topics/4519 1337
@/home/ec2-user/data/topics/1209 1338
@/home/ec2-user/data/topics/4019 1339
@/home/ec2-user/data/topics/3957 1340
@/home/ec2-user/data/topics/4228 1341
@/home/ec2-user/data/topics/1318 1342
@/home/ec2-user/data/topics/4230 1343
@/home/ec2-user/data/topics/1419 1344
@/home/ec2-user/data/topics/4349 1345
@/home/ec2-user/data/topics/4717 1346
@/home/ec2-user/data/topics/1431 1347
@/home/ec2-user/data/topics/1804 1348
@/home/ec2-user/data/topics/1685 1349
@/home/ec2-user/data/topics/3698 1350
@/home/ec2-user/data/topics/3871 1351
@/home/ec2-user/data/topics/4683 1352
@/home/ec2-user/data/topics/1288 1353
@/home/ec2-user/data/topics/4691 1354
@/home/ec2-user/data/topics/1563 1355
@/home/ec2-user/data/topics/3578 1356
@/home/ec2-user/data/topics/3858 1357
@/home/ec2-user/data/topics/1396 1358
@/home/ec2-user/data/topics/3777 1359
@/home/ec2-user/data/topics/3966 1360
@/home/ec2-user/data/topics/3450 1361
@/home/ec2-user/data/topics/3941 1362
@/home/ec2-user/data/topics/4252 1363
@/home/ec2-user/data/topics/4214 1364
@/home/ec2-user/data/topics/1154 1365
@/home/ec2-user/data/topics/2118 1366
@/home/ec2-user/data/topics/4173 1367
@/home/ec2-user/data/topics/3452 1368
@/home/ec2-user/data/topics/3610 1369
@/home/ec2-user/data/topics/3762 1370
@/home/ec2-user/data/topics/3760 1371
@/home/ec2-user/data/topics/4256 1372
@/home/ec2-user/data/topics/1840 1373
@/home/ec2-user/data/topics/3606 1374
@/home/ec2-user/data/topics/4245 1375
@/home/ec2-user/data/topics/4263 1376
@/home/ec2-user/data/topics/4516 1377
@/home/ec2-user/data/topics/1970 1378
@/home/ec2-user/data/topics/4782 1379
@/home/ec2-user/data/topics/3673 1380
@/home/ec2-user/data/topics/3832 1381
@/home/ec2-user/data/topics/4648 1382
@/home/ec2-user/data/topics/4105 1383
@/home/ec2-user/data/topics/3679 1384
@/home/ec2-user/data/topics/3793 1385
@/home/ec2-user/data/topics/3895 1386
@/home/ec2-user/data/topics/1349 1387
@/home/ec2-user/data/topics/3978 1388
@/home/ec2-user/data/topics/4152 1389
@/home/ec2-user/data/topics/2087 1390
@/home/ec2-user/data/topics/4744 1391
日本輸送機株式会社

@/home/ec2-user/data/topics/1108 1392
@/home/ec2-user/data/topics/1940 1392
@/home/ec2-user/data/topics/1456 1393
@/home/ec2-user/data/topics/3573 1394
@/home/ec2-user/data/topics/2221 1395
@/home/ec2-user/data/topics/2065 1396
@/home/ec2-user/data/topics/1493 1397
@/home/ec2-user/data/topics/1191 1398
東京エレクトロン株式会社

@/home/ec2-user/data/topics/4002 1399
@/home/ec2-user/data/topics/4702 1399
@/home/ec2-user/data/topics/4023 1400
@/home/ec2-user/data/topics/4345 1401
@/home/ec2-user/data/topics/4906 1402
@/home/ec2-user/data/topics/3947 1403
@/home/ec2-user/data/topics/1800 1404
@/home/ec2-user/data/topics/1263 1405
@/home/ec2-user/data/topics/1736 1406
@/home/ec2-user/data/topics/4618 1407
@/home/ec2-user/data/topics/1508 1408
@/home/ec2-user/data/topics/4053 1409
株式会社村田製作所

@/home/ec2-user/data/topics/4070 1410
@/home/ec2-user/data/topics/3885 1410
@/home/ec2-user/data/topics/4163 1411
@/home/ec2-user/data/topics/3482 1412
@/home/ec2-user/data/topics/4271 1413
@/home/ec2-user/data/topics/4378 1414
@/home/ec2-user/data/topics/3435 1415
@/home/ec2-user/data/topics/4432 1416
@/home/ec2-user/data/topics/4042 1417
@/home/ec2-user/data/topics/4417 1418
@/home/ec2-user/data/topics/4795 1419
@/home/ec2-user/data/topics/1411 1420
@/home/ec2-user/data/topics/1374 1421
@/home/ec2-user/data/topics/2229 1422
@/home/ec2-user/data/topics/4703 1423
@/home/ec2-user/data/topics/3697 1424
@/home/ec2-user/data/topics/4325 1425
日本電信電話株式会社

@/home/ec2-user/data/topics/1229 1426
@/home/ec2-user/data/topics/1042 1426
@/home/ec2-user/data/topics/4870 1427
@/home/ec2-user/data/topics/3552 1428
@/home/ec2-user/data/topics/3425 1429
@/home/ec2-user/data/topics/4208 1430
@/home/ec2-user/data/topics/3568 1431
@/home/ec2-user/data/topics/1934 1432
@/home/ec2-user/data/topics/2017 1433
@/home/ec2-user/data/topics/4488 1434
@/home/ec2-user/data/topics/1787 1435
@/home/ec2-user/data/topics/3811 1436
@/home/ec2-user/data/topics/4131 1437
@/home/ec2-user/data/topics/1408 1438
@/home/ec2-user/data/topics/3536 1439
@/home/ec2-user/data/topics/3894 1440
@/home/ec2-user/data/topics/3927 1441
@/home/ec2-user/data/topics/4916 1442
@/home/ec2-user/data/topics/1556 1443
@/home/ec2-user/data/topics/4443 1444
@/home/ec2-user/data/topics/4087 1445
@/home/ec2-user/data/topics/4836 1446
@/home/ec2-user/data/topics/4952 1447
@/home/ec2-user/data/topics/3785 1448
@/home/ec2-user/data/topics/4146 1449
@/home/ec2-user/data/topics/1230 1450
@/home/ec2-user/data/topics/4335 1451
@/home/ec2-user/data/topics/4115 1452
@/home/ec2-user/data/topics/4505 1453
@/home/ec2-user/data/topics/4121 1454
@/home/ec2-user/data/topics/4965 1455
@/home/ec2-user/data/topics/3521 1456
@/home/ec2-user/data/topics/4118 1457
@/home/ec2-user/data/topics/4792 1458
@/home/ec2-user/data/topics/4865 1459
@/home/ec2-user/data/topics/3586 1460
@/home/ec2-user/data/topics/4560 1461
@/home/ec2-user/data/topics/2130 1462
@/home/ec2-user/data/topics/4511 1463
@/home/ec2-user/data/topics/4232 1464
@/home/ec2-user/data/topics/3650 1465
@/home/ec2-user/data/topics/3509 1466
@/home/ec2-user/data/topics/3824 1467
@/home/ec2-user/data/topics/4114 1468
@/home/ec2-user/data/topics/1809 1469
@/home/ec2-user/data/topics/4025 1470
@/home/ec2-user/data/topics/3359 1471
@/home/ec2-user/data/topics/3544 1472
@/home/ec2-user/data/topics/3928 1473
@/home/ec2-user/data/topics/3641 1474
@/home/ec2-user/data/topics/4925 1475
@/home/ec2-user/data/topics/3915 1476
@/home/ec2-user/data/topics/4104 1477
@/home/ec2-user/data/topics/4664 1478
@/home/ec2-user/data/topics/4175 1479
@/home/ec2-user/data/topics/4964 1480
日本鋼管株式会社

@/home/ec2-user/data/topics/4455 1481
@/home/ec2-user/data/topics/4161 1481
@/home/ec2-user/data/topics/2095 1482
@/home/ec2-user/data/topics/1690 1483
@/home/ec2-user/data/topics/1404 1484
@/home/ec2-user/data/topics/3572 1485
@/home/ec2-user/data/topics/4289 1486
株式会社神戸製鋼所

@/home/ec2-user/data/topics/3674 1487
@/home/ec2-user/data/topics/2064 1487
@/home/ec2-user/data/topics/1465 1488
@/home/ec2-user/data/topics/3632 1489
@/home/ec2-user/data/topics/3902 1490
@/home/ec2-user/data/topics/3475 1491
@/home/ec2-user/data/topics/4949 1492
株式会社ケンウッド

@/home/ec2-user/data/topics/3969 1493
@/home/ec2-user/data/topics/3463 1493
@/home/ec2-user/data/topics/4050 1494
@/home/ec2-user/data/topics/1241 1495
@/home/ec2-user/data/topics/1698 1496
@/home/ec2-user/data/topics/4038 1497
@/home/ec2-user/data/topics/3801 1498
@/home/ec2-user/data/topics/1424 1499
@/home/ec2-user/data/topics/1345 1500
@/home/ec2-user/data/topics/1115 1501
@/home/ec2-user/data/topics/3839 1502
@/home/ec2-user/data/topics/1896 1503
@/home/ec2-user/data/topics/4467 1504
@/home/ec2-user/data/topics/3878 1505
@/home/ec2-user/data/topics/1617 1506
@/home/ec2-user/data/topics/2036 1507
@/home/ec2-user/data/topics/3794 1508
@/home/ec2-user/data/topics/1186 1509
@/home/ec2-user/data/topics/2163 1510
@/home/ec2-user/data/topics/4167 1511
@/home/ec2-user/data/topics/3977 1512
東陶機器株式会社

@/home/ec2-user/data/topics/1735 1513
@/home/ec2-user/data/topics/1692 1513
@/home/ec2-user/data/topics/3583 1514
@/home/ec2-user/data/topics/1626 1515
@/home/ec2-user/data/topics/3821 1516
@/home/ec2-user/data/topics/2135 1517
本田技研工業株式会社

@/home/ec2-user/data/topics/1266 1518
@/home/ec2-user/data/topics/5026 1518
@/home/ec2-user/data/topics/4888 1519
@/home/ec2-user/data/topics/1143 1520
@/home/ec2-user/data/topics/4033 1521
@/home/ec2-user/data/topics/3685 1522
@/home/ec2-user/data/topics/1215 1523
@/home/ec2-user/data/topics/4132 1524
@/home/ec2-user/data/topics/4199 1525
@/home/ec2-user/data/topics/1444 1526
@/home/ec2-user/data/topics/4331 1527
@/home/ec2-user/data/topics/1605 1528
@/home/ec2-user/data/topics/2016 1529
@/home/ec2-user/data/topics/2000 1530
@/home/ec2-user/data/topics/4375 1531
@/home/ec2-user/data/topics/4783 1532
@/home/ec2-user/data/topics/1818 1533
@/home/ec2-user/data/topics/1226 1534
@/home/ec2-user/data/topics/1822 1535
新日本製鐵株式会社

@/home/ec2-user/data/topics/3368 1536
@/home/ec2-user/data/topics/3899 1536
@/home/ec2-user/data/topics/4472 1537
@/home/ec2-user/data/topics/5008 1538
@/home/ec2-user/data/topics/3663 1539
@/home/ec2-user/data/topics/3861 1540
松下電工株式会社

@/home/ec2-user/data/topics/4592 1541
@/home/ec2-user/data/topics/3379 1541
@/home/ec2-user/data/topics/4347 1542
@/home/ec2-user/data/topics/4012 1543
@/home/ec2-user/data/topics/3932 1544
@/home/ec2-user/data/topics/4450 1545
@/home/ec2-user/data/topics/3670 1546
@/home/ec2-user/data/topics/3549 1547
@/home/ec2-user/data/topics/1011 1548
@/home/ec2-user/data/topics/3835 1549
@/home/ec2-user/data/topics/4083 1550
@/home/ec2-user/data/topics/3651 1551
@/home/ec2-user/data/topics/4029 1552
@/home/ec2-user/data/topics/1803 1553
@/home/ec2-user/data/topics/3565 1554
@/home/ec2-user/data/topics/3778 1555
@/home/ec2-user/data/topics/4317 1556
@/home/ec2-user/data/topics/4094 1557
@/home/ec2-user/data/topics/3511 1558
@/home/ec2-user/data/topics/1251 1559
@/home/ec2-user/data/topics/2045 1560
@/home/ec2-user/data/topics/1311 1561
usernum: 72
hit: 542
simhit: 1058
simmax: 0.623408487485
simmin: 0.0
simavg: 0.202319593842
dlmax: 0.124452300141
dlmin: 0.00845487568687
dlavg: 0.0332159581669
mthit: 460
mthls: 345
srp: 240.54
total: 1562
hit/total: 0.346991037132
simhit/total: 0.677336747759
mthit/(total+usernum): 0.281517747858
mthls/(total+usernum): 0.211138310894
srp/(total+usernum): 0.0490697674419
srp20/(total+usernum): 0.0136168910649
srp100/(total+usernum): 0.0283598531212
srp500/(total+usernum): 0.0424279885761

2016-12-22 13:10:32.221502
