2016-12-20 22:02:26.578521

topic-folder:/home/ec2-user/data/topics/
cl-file:/home/ec2-user/git/tfidf/result-new/b2-1.txt
cl-floder:/home/ec2-user/data/lsaclass/
zipf:0.1
stype[0(tfidf)/1(tfidf2)/2(lsa)/3(lda)]:2
dtype[<0(diff*rand)/0(diff)/1(same)/>=2(diff*same)]:-2
output-floder:/home/ec2-user/git/userquery/result-new

三菱マテリアル株式会社

@/home/ec2-user/data/topics/3630 0
@/home/ec2-user/data/topics/4201 0
@/home/ec2-user/data/topics/3470 0
@/home/ec2-user/data/topics/3520 1
@/home/ec2-user/data/topics/1640 2
@/home/ec2-user/data/topics/1638 2
@/home/ec2-user/data/topics/3546 3
@/home/ec2-user/data/topics/2093 4
@/home/ec2-user/data/topics/1085 5
@/home/ec2-user/data/topics/3866 6
日本精機株式会社

@/home/ec2-user/data/topics/4709 7
@/home/ec2-user/data/topics/4972 7
@/home/ec2-user/data/topics/3775 8
@/home/ec2-user/data/topics/4875 8
@/home/ec2-user/data/topics/4690 9
@/home/ec2-user/data/topics/4907 10
@/home/ec2-user/data/topics/1398 11
@/home/ec2-user/data/topics/1715 12
コニカ株式会社

@/home/ec2-user/data/topics/3419 12
@/home/ec2-user/data/topics/3533 12
@/home/ec2-user/data/topics/3370 13
@/home/ec2-user/data/topics/3426 14
@/home/ec2-user/data/topics/4049 15
@/home/ec2-user/data/topics/3486 15
@/home/ec2-user/data/topics/4321 16
@/home/ec2-user/data/topics/3414 16
@/home/ec2-user/data/topics/3431 17
@/home/ec2-user/data/topics/1946 18
@/home/ec2-user/data/topics/3418 19
@/home/ec2-user/data/topics/1409 20
@/home/ec2-user/data/topics/2162 20
@/home/ec2-user/data/topics/3357 21
埼玉日本電気株式会社

@/home/ec2-user/data/topics/4242 22
@/home/ec2-user/data/topics/4374 22
@/home/ec2-user/data/topics/1512 22
@/home/ec2-user/data/topics/1262 23
@/home/ec2-user/data/topics/4283 23
@/home/ec2-user/data/topics/4279 24
@/home/ec2-user/data/topics/4998 25
@/home/ec2-user/data/topics/1620 26
@/home/ec2-user/data/topics/4496 27
@/home/ec2-user/data/topics/4468 28
@/home/ec2-user/data/topics/5010 29
アルプス電気株式会社

@/home/ec2-user/data/topics/3429 30
@/home/ec2-user/data/topics/2012 30
@/home/ec2-user/data/topics/1253 31
@/home/ec2-user/data/topics/4791 32
@/home/ec2-user/data/topics/1434 33
@/home/ec2-user/data/topics/2089 34
@/home/ec2-user/data/topics/3582 35
@/home/ec2-user/data/topics/3604 36
@/home/ec2-user/data/topics/1088 36
三菱重工業株式会社

@/home/ec2-user/data/topics/4882 36
@/home/ec2-user/data/topics/3529 36
@/home/ec2-user/data/topics/5022 37
@/home/ec2-user/data/topics/3944 38
@/home/ec2-user/data/topics/3637 39
@/home/ec2-user/data/topics/3591 40
@/home/ec2-user/data/topics/2016 41
@/home/ec2-user/data/topics/4687 41
@/home/ec2-user/data/topics/3833 42
@/home/ec2-user/data/topics/4412 43
@/home/ec2-user/data/topics/4246 44
@/home/ec2-user/data/topics/4160 44
@/home/ec2-user/data/topics/4563 44
@/home/ec2-user/data/topics/3503 45
@/home/ec2-user/data/topics/4862 46
村田機械株式会社

@/home/ec2-user/data/topics/4570 47
@/home/ec2-user/data/topics/4835 47
@/home/ec2-user/data/topics/4941 48
@/home/ec2-user/data/topics/4565 49
@/home/ec2-user/data/topics/4067 50
@/home/ec2-user/data/topics/1511 50
@/home/ec2-user/data/topics/1293 51
@/home/ec2-user/data/topics/4865 52
@/home/ec2-user/data/topics/4746 52
@/home/ec2-user/data/topics/4596 53
@/home/ec2-user/data/topics/3528 54
@/home/ec2-user/data/topics/4556 55
@/home/ec2-user/data/topics/4722 56
@/home/ec2-user/data/topics/3524 56
@/home/ec2-user/data/topics/4638 56
@/home/ec2-user/data/topics/1074 57
@/home/ec2-user/data/topics/3740 58
@/home/ec2-user/data/topics/1607 59
@/home/ec2-user/data/topics/5000 60
@/home/ec2-user/data/topics/4645 61
@/home/ec2-user/data/topics/4441 62
川崎製鉄株式会社

@/home/ec2-user/data/topics/3532 63
@/home/ec2-user/data/topics/1037 63
@/home/ec2-user/data/topics/3413 64
@/home/ec2-user/data/topics/1459 65
@/home/ec2-user/data/topics/3611 66
@/home/ec2-user/data/topics/4672 67
@/home/ec2-user/data/topics/3553 67
@/home/ec2-user/data/topics/3483 68
@/home/ec2-user/data/topics/3929 69
@/home/ec2-user/data/topics/4589 70
@/home/ec2-user/data/topics/4615 70
ダイキン工業株式会社

@/home/ec2-user/data/topics/4701 71
@/home/ec2-user/data/topics/4858 71
@/home/ec2-user/data/topics/4753 72
@/home/ec2-user/data/topics/4734 73
@/home/ec2-user/data/topics/4400 74
@/home/ec2-user/data/topics/4367 75
@/home/ec2-user/data/topics/1179 76
@/home/ec2-user/data/topics/1624 76
@/home/ec2-user/data/topics/4515 76
@/home/ec2-user/data/topics/4509 77
@/home/ec2-user/data/topics/4845 77
@/home/ec2-user/data/topics/3888 78
@/home/ec2-user/data/topics/1600 79
@/home/ec2-user/data/topics/1565 80
三菱自動車工業株式会社

@/home/ec2-user/data/topics/3815 81
@/home/ec2-user/data/topics/1816 81
@/home/ec2-user/data/topics/3940 82
@/home/ec2-user/data/topics/3460 83
@/home/ec2-user/data/topics/1527 83
@/home/ec2-user/data/topics/3502 84
@/home/ec2-user/data/topics/2101 85
@/home/ec2-user/data/topics/1428 86
@/home/ec2-user/data/topics/4189 87
@/home/ec2-user/data/topics/4416 88
日産自動車株式会社

@/home/ec2-user/data/topics/4074 88
@/home/ec2-user/data/topics/3501 88
@/home/ec2-user/data/topics/3829 89
@/home/ec2-user/data/topics/3497 90
@/home/ec2-user/data/topics/1800 91
@/home/ec2-user/data/topics/3936 91
@/home/ec2-user/data/topics/4982 92
@/home/ec2-user/data/topics/3645 93
@/home/ec2-user/data/topics/4412 94
@/home/ec2-user/data/topics/3489 94
@/home/ec2-user/data/topics/3677 95
@/home/ec2-user/data/topics/3723 96
@/home/ec2-user/data/topics/3919 97
@/home/ec2-user/data/topics/3712 97
トヨタ自動車株式会社

@/home/ec2-user/data/topics/4807 98
@/home/ec2-user/data/topics/4346 98
@/home/ec2-user/data/topics/4064 99
@/home/ec2-user/data/topics/4144 100
@/home/ec2-user/data/topics/4008 101
@/home/ec2-user/data/topics/4658 102
@/home/ec2-user/data/topics/2141 103
@/home/ec2-user/data/topics/4647 103
@/home/ec2-user/data/topics/4543 104
@/home/ec2-user/data/topics/1628 105
@/home/ec2-user/data/topics/3783 105
@/home/ec2-user/data/topics/4426 106
@/home/ec2-user/data/topics/1979 107
@/home/ec2-user/data/topics/3671 107
@/home/ec2-user/data/topics/4617 108
@/home/ec2-user/data/topics/3758 109
@/home/ec2-user/data/topics/4298 110
@/home/ec2-user/data/topics/1494 111
@/home/ec2-user/data/topics/4767 112
@/home/ec2-user/data/topics/3587 113
@/home/ec2-user/data/topics/3699 114
@/home/ec2-user/data/topics/2111 115
@/home/ec2-user/data/topics/3943 116
@/home/ec2-user/data/topics/1335 117
@/home/ec2-user/data/topics/3405 117
@/home/ec2-user/data/topics/2218 118
@/home/ec2-user/data/topics/3731 119
@/home/ec2-user/data/topics/4633 120
@/home/ec2-user/data/topics/3481 121
@/home/ec2-user/data/topics/3356 122
@/home/ec2-user/data/topics/4030 123
@/home/ec2-user/data/topics/4920 124
@/home/ec2-user/data/topics/3878 125
@/home/ec2-user/data/topics/1551 125
@/home/ec2-user/data/topics/3725 126
オリンパス光学工業株式会社

@/home/ec2-user/data/topics/1586 127
@/home/ec2-user/data/topics/1981 127
@/home/ec2-user/data/topics/1869 128
@/home/ec2-user/data/topics/4878 129
@/home/ec2-user/data/topics/1155 130
@/home/ec2-user/data/topics/1107 131
@/home/ec2-user/data/topics/4873 132
@/home/ec2-user/data/topics/5024 132
@/home/ec2-user/data/topics/2026 132
@/home/ec2-user/data/topics/4013 133
@/home/ec2-user/data/topics/1835 134
@/home/ec2-user/data/topics/4007 135
@/home/ec2-user/data/topics/5006 136
@/home/ec2-user/data/topics/1103 137
@/home/ec2-user/data/topics/1739 137
ブラザー工業株式会社

@/home/ec2-user/data/topics/2086 138
@/home/ec2-user/data/topics/1300 138
@/home/ec2-user/data/topics/1697 139
@/home/ec2-user/data/topics/3789 140
@/home/ec2-user/data/topics/3507 141
@/home/ec2-user/data/topics/1124 142
@/home/ec2-user/data/topics/1906 142
@/home/ec2-user/data/topics/3686 143
@/home/ec2-user/data/topics/4079 144
@/home/ec2-user/data/topics/1183 144
@/home/ec2-user/data/topics/2085 145
@/home/ec2-user/data/topics/3477 146
@/home/ec2-user/data/topics/1164 147
@/home/ec2-user/data/topics/1076 148
@/home/ec2-user/data/topics/4548 149
@/home/ec2-user/data/topics/1788 150
@/home/ec2-user/data/topics/1636 150
@/home/ec2-user/data/topics/3613 151
富士通株式会社

@/home/ec2-user/data/topics/3538 152
@/home/ec2-user/data/topics/3850 152
@/home/ec2-user/data/topics/3400 153
@/home/ec2-user/data/topics/3659 154
@/home/ec2-user/data/topics/3912 154
@/home/ec2-user/data/topics/4191 155
@/home/ec2-user/data/topics/1665 156
@/home/ec2-user/data/topics/1547 156
@/home/ec2-user/data/topics/5004 157
@/home/ec2-user/data/topics/1874 158
@/home/ec2-user/data/topics/1271 159
@/home/ec2-user/data/topics/3378 160
@/home/ec2-user/data/topics/3399 160
@/home/ec2-user/data/topics/3883 161
@/home/ec2-user/data/topics/3846 162
@/home/ec2-user/data/topics/1123 163
@/home/ec2-user/data/topics/3870 164
@/home/ec2-user/data/topics/3799 165
@/home/ec2-user/data/topics/2216 166
@/home/ec2-user/data/topics/3751 167
@/home/ec2-user/data/topics/4624 168
@/home/ec2-user/data/topics/1264 168
@/home/ec2-user/data/topics/4816 169
@/home/ec2-user/data/topics/2227 169
@/home/ec2-user/data/topics/2215 170
@/home/ec2-user/data/topics/1609 171
@/home/ec2-user/data/topics/1998 172
@/home/ec2-user/data/topics/3428 173
@/home/ec2-user/data/topics/3962 174
@/home/ec2-user/data/topics/4453 175
@/home/ec2-user/data/topics/3862 175
@/home/ec2-user/data/topics/3970 176
@/home/ec2-user/data/topics/3765 177
@/home/ec2-user/data/topics/3636 178
@/home/ec2-user/data/topics/3381 179
@/home/ec2-user/data/topics/3802 180
@/home/ec2-user/data/topics/4260 181
@/home/ec2-user/data/topics/3749 181
@/home/ec2-user/data/topics/3460 182
静岡日本電気株式会社

@/home/ec2-user/data/topics/1874 183
@/home/ec2-user/data/topics/1053 183
@/home/ec2-user/data/topics/4326 183
@/home/ec2-user/data/topics/4250 184
@/home/ec2-user/data/topics/4531 185
@/home/ec2-user/data/topics/4314 186
@/home/ec2-user/data/topics/4507 187
@/home/ec2-user/data/topics/4365 188
住友重機械工業株式会社

@/home/ec2-user/data/topics/3868 189
@/home/ec2-user/data/topics/3952 189
@/home/ec2-user/data/topics/2039 190
@/home/ec2-user/data/topics/1373 191
@/home/ec2-user/data/topics/1900 192
@/home/ec2-user/data/topics/1019 193
@/home/ec2-user/data/topics/1553 194
@/home/ec2-user/data/topics/4037 195
@/home/ec2-user/data/topics/1505 195
@/home/ec2-user/data/topics/4056 196
@/home/ec2-user/data/topics/4854 196
大日本印刷株式会社

@/home/ec2-user/data/topics/3473 197
@/home/ec2-user/data/topics/1145 197
@/home/ec2-user/data/topics/3569 198
@/home/ec2-user/data/topics/2164 199
@/home/ec2-user/data/topics/1262 199
@/home/ec2-user/data/topics/1564 200
@/home/ec2-user/data/topics/3388 201
@/home/ec2-user/data/topics/1099 202
日本電気株式会社

@/home/ec2-user/data/topics/4300 203
@/home/ec2-user/data/topics/4137 203
@/home/ec2-user/data/topics/4440 204
@/home/ec2-user/data/topics/1815 205
@/home/ec2-user/data/topics/1052 206
@/home/ec2-user/data/topics/4757 207
@/home/ec2-user/data/topics/4216 207
@/home/ec2-user/data/topics/1500 208
@/home/ec2-user/data/topics/4750 209
@/home/ec2-user/data/topics/4186 210
@/home/ec2-user/data/topics/4185 211
@/home/ec2-user/data/topics/1716 212
@/home/ec2-user/data/topics/4278 212
@/home/ec2-user/data/topics/4360 213
@/home/ec2-user/data/topics/4120 214
@/home/ec2-user/data/topics/1364 215
@/home/ec2-user/data/topics/4012 216
@/home/ec2-user/data/topics/4578 216
@/home/ec2-user/data/topics/1380 217
@/home/ec2-user/data/topics/4273 217
@/home/ec2-user/data/topics/4689 218
@/home/ec2-user/data/topics/4134 219
@/home/ec2-user/data/topics/2150 220
@/home/ec2-user/data/topics/4100 221
@/home/ec2-user/data/topics/4097 222
@/home/ec2-user/data/topics/3938 223
@/home/ec2-user/data/topics/4320 224
@/home/ec2-user/data/topics/4138 225
@/home/ec2-user/data/topics/1824 226
@/home/ec2-user/data/topics/4926 226
@/home/ec2-user/data/topics/4017 227
@/home/ec2-user/data/topics/4398 228
@/home/ec2-user/data/topics/3410 229
@/home/ec2-user/data/topics/3964 229
@/home/ec2-user/data/topics/4459 229
@/home/ec2-user/data/topics/4204 229
@/home/ec2-user/data/topics/4258 230
@/home/ec2-user/data/topics/3897 231
@/home/ec2-user/data/topics/1595 232
@/home/ec2-user/data/topics/4433 233
@/home/ec2-user/data/topics/4393 234
@/home/ec2-user/data/topics/3564 235
@/home/ec2-user/data/topics/4414 235
@/home/ec2-user/data/topics/4892 236
@/home/ec2-user/data/topics/4180 237
@/home/ec2-user/data/topics/4659 237
@/home/ec2-user/data/topics/1362 238
@/home/ec2-user/data/topics/1710 239
@/home/ec2-user/data/topics/1612 240
@/home/ec2-user/data/topics/4276 241
@/home/ec2-user/data/topics/2041 242
@/home/ec2-user/data/topics/1783 243
@/home/ec2-user/data/topics/4319 244
@/home/ec2-user/data/topics/1701 245
@/home/ec2-user/data/topics/1383 245
@/home/ec2-user/data/topics/4227 246
@/home/ec2-user/data/topics/4281 247
@/home/ec2-user/data/topics/4168 248
@/home/ec2-user/data/topics/4447 249
@/home/ec2-user/data/topics/1326 250
@/home/ec2-user/data/topics/1486 251
@/home/ec2-user/data/topics/4003 252
@/home/ec2-user/data/topics/4371 253
@/home/ec2-user/data/topics/4808 254
@/home/ec2-user/data/topics/4119 255
@/home/ec2-user/data/topics/4696 256
@/home/ec2-user/data/topics/1724 257
@/home/ec2-user/data/topics/4425 258
@/home/ec2-user/data/topics/4071 259
@/home/ec2-user/data/topics/4902 260
@/home/ec2-user/data/topics/1016 261
@/home/ec2-user/data/topics/4486 262
@/home/ec2-user/data/topics/1464 263
@/home/ec2-user/data/topics/1116 264
@/home/ec2-user/data/topics/4243 265
@/home/ec2-user/data/topics/4309 266
@/home/ec2-user/data/topics/4446 267
@/home/ec2-user/data/topics/3689 268
@/home/ec2-user/data/topics/4721 268
@/home/ec2-user/data/topics/3956 269
@/home/ec2-user/data/topics/1923 270
@/home/ec2-user/data/topics/4561 271
@/home/ec2-user/data/topics/4093 272
@/home/ec2-user/data/topics/4626 273
@/home/ec2-user/data/topics/4651 274
@/home/ec2-user/data/topics/3729 275
@/home/ec2-user/data/topics/1100 276
@/home/ec2-user/data/topics/1948 277
@/home/ec2-user/data/topics/4603 278
@/home/ec2-user/data/topics/4666 279
@/home/ec2-user/data/topics/3865 280
@/home/ec2-user/data/topics/1183 281
@/home/ec2-user/data/topics/4116 281
@/home/ec2-user/data/topics/4477 282
@/home/ec2-user/data/topics/4759 283
@/home/ec2-user/data/topics/4418 284
@/home/ec2-user/data/topics/4725 285
@/home/ec2-user/data/topics/1122 286
@/home/ec2-user/data/topics/3896 287
@/home/ec2-user/data/topics/4272 288
@/home/ec2-user/data/topics/4338 289
@/home/ec2-user/data/topics/2031 290
@/home/ec2-user/data/topics/3766 291
@/home/ec2-user/data/topics/1101 292
@/home/ec2-user/data/topics/1685 293
@/home/ec2-user/data/topics/1879 293
@/home/ec2-user/data/topics/4876 294
@/home/ec2-user/data/topics/1867 295
@/home/ec2-user/data/topics/1928 296
@/home/ec2-user/data/topics/1624 297
@/home/ec2-user/data/topics/5024 298
@/home/ec2-user/data/topics/4643 298
@/home/ec2-user/data/topics/1973 299
@/home/ec2-user/data/topics/1044 300
@/home/ec2-user/data/topics/4246 301
@/home/ec2-user/data/topics/1634 302
@/home/ec2-user/data/topics/4764 303
@/home/ec2-user/data/topics/4584 304
@/home/ec2-user/data/topics/3971 305
@/home/ec2-user/data/topics/1523 306
@/home/ec2-user/data/topics/4718 307
@/home/ec2-user/data/topics/3954 308
@/home/ec2-user/data/topics/1078 309
@/home/ec2-user/data/topics/4613 310
@/home/ec2-user/data/topics/4142 311
@/home/ec2-user/data/topics/4254 312
@/home/ec2-user/data/topics/4240 313
@/home/ec2-user/data/topics/1539 314
@/home/ec2-user/data/topics/4310 314
@/home/ec2-user/data/topics/1661 315
@/home/ec2-user/data/topics/4063 316
@/home/ec2-user/data/topics/4082 317
@/home/ec2-user/data/topics/4530 318
@/home/ec2-user/data/topics/4260 319
@/home/ec2-user/data/topics/1891 320
@/home/ec2-user/data/topics/4775 321
@/home/ec2-user/data/topics/4128 322
@/home/ec2-user/data/topics/4162 323
@/home/ec2-user/data/topics/4129 324
@/home/ec2-user/data/topics/4458 325
@/home/ec2-user/data/topics/1852 326
@/home/ec2-user/data/topics/2088 327
@/home/ec2-user/data/topics/3448 328
@/home/ec2-user/data/topics/3995 328
@/home/ec2-user/data/topics/4154 329
@/home/ec2-user/data/topics/4236 330
@/home/ec2-user/data/topics/1040 331
@/home/ec2-user/data/topics/4081 331
@/home/ec2-user/data/topics/4429 332
@/home/ec2-user/data/topics/4192 333
@/home/ec2-user/data/topics/1666 334
@/home/ec2-user/data/topics/4779 334
@/home/ec2-user/data/topics/4742 335
@/home/ec2-user/data/topics/4533 336
@/home/ec2-user/data/topics/4998 337
@/home/ec2-user/data/topics/4877 337
@/home/ec2-user/data/topics/2022 338
@/home/ec2-user/data/topics/2144 339
@/home/ec2-user/data/topics/4940 340
@/home/ec2-user/data/topics/4838 341
@/home/ec2-user/data/topics/4434 342
@/home/ec2-user/data/topics/3515 343
@/home/ec2-user/data/topics/1937 343
@/home/ec2-user/data/topics/4424 344
@/home/ec2-user/data/topics/5034 344
@/home/ec2-user/data/topics/3744 345
@/home/ec2-user/data/topics/4497 346
@/home/ec2-user/data/topics/3767 347
@/home/ec2-user/data/topics/4352 348
@/home/ec2-user/data/topics/4646 349
@/home/ec2-user/data/topics/4749 350
@/home/ec2-user/data/topics/4699 351
@/home/ec2-user/data/topics/4158 352
@/home/ec2-user/data/topics/4488 353
@/home/ec2-user/data/topics/4850 353
@/home/ec2-user/data/topics/4873 354
@/home/ec2-user/data/topics/4728 354
@/home/ec2-user/data/topics/4238 355
@/home/ec2-user/data/topics/1567 356
@/home/ec2-user/data/topics/4549 357
@/home/ec2-user/data/topics/1360 358
@/home/ec2-user/data/topics/2119 359
@/home/ec2-user/data/topics/1764 360
@/home/ec2-user/data/topics/4442 361
@/home/ec2-user/data/topics/4427 362
@/home/ec2-user/data/topics/4537 363
@/home/ec2-user/data/topics/2127 364
@/home/ec2-user/data/topics/4288 365
@/home/ec2-user/data/topics/4342 366
@/home/ec2-user/data/topics/4171 367
@/home/ec2-user/data/topics/4275 368
@/home/ec2-user/data/topics/4770 369
@/home/ec2-user/data/topics/4388 370
@/home/ec2-user/data/topics/4480 371
@/home/ec2-user/data/topics/4682 372
@/home/ec2-user/data/topics/3377 373
@/home/ec2-user/data/topics/3795 373
@/home/ec2-user/data/topics/1805 373
@/home/ec2-user/data/topics/4490 373
@/home/ec2-user/data/topics/4810 374
@/home/ec2-user/data/topics/1112 374
@/home/ec2-user/data/topics/4075 375
@/home/ec2-user/data/topics/1199 375
@/home/ec2-user/data/topics/4257 376
@/home/ec2-user/data/topics/3875 377
@/home/ec2-user/data/topics/4595 378
@/home/ec2-user/data/topics/4644 379
@/home/ec2-user/data/topics/3719 380
@/home/ec2-user/data/topics/4209 380
@/home/ec2-user/data/topics/1557 381
@/home/ec2-user/data/topics/3866 382
@/home/ec2-user/data/topics/4390 382
@/home/ec2-user/data/topics/1773 383
@/home/ec2-user/data/topics/4092 384
@/home/ec2-user/data/topics/4760 385
@/home/ec2-user/data/topics/4404 386
@/home/ec2-user/data/topics/2166 387
@/home/ec2-user/data/topics/4785 388
@/home/ec2-user/data/topics/4559 389
@/home/ec2-user/data/topics/3712 389
@/home/ec2-user/data/topics/4343 389
@/home/ec2-user/data/topics/4598 390
@/home/ec2-user/data/topics/4485 391
@/home/ec2-user/data/topics/4609 392
@/home/ec2-user/data/topics/4244 393
@/home/ec2-user/data/topics/4345 394
@/home/ec2-user/data/topics/3853 394
@/home/ec2-user/data/topics/4942 395
@/home/ec2-user/data/topics/3454 395
@/home/ec2-user/data/topics/4536 395
@/home/ec2-user/data/topics/1281 396
@/home/ec2-user/data/topics/3724 397
@/home/ec2-user/data/topics/4313 398
@/home/ec2-user/data/topics/3903 399
@/home/ec2-user/data/topics/4153 399
@/home/ec2-user/data/topics/3628 400
@/home/ec2-user/data/topics/4708 400
@/home/ec2-user/data/topics/4460 401
@/home/ec2-user/data/topics/4315 402
@/home/ec2-user/data/topics/4650 403
@/home/ec2-user/data/topics/4196 404
@/home/ec2-user/data/topics/4359 405
@/home/ec2-user/data/topics/1457 406
@/home/ec2-user/data/topics/4816 407
@/home/ec2-user/data/topics/4318 408
@/home/ec2-user/data/topics/4165 409
@/home/ec2-user/data/topics/1791 409
@/home/ec2-user/data/topics/4532 410
@/home/ec2-user/data/topics/4062 411
@/home/ec2-user/data/topics/4657 412
@/home/ec2-user/data/topics/4267 413
@/home/ec2-user/data/topics/3625 414
@/home/ec2-user/data/topics/4247 414
@/home/ec2-user/data/topics/4074 415
@/home/ec2-user/data/topics/4824 415
@/home/ec2-user/data/topics/4389 416
@/home/ec2-user/data/topics/4665 417
@/home/ec2-user/data/topics/4207 418
@/home/ec2-user/data/topics/1844 419
@/home/ec2-user/data/topics/4542 420
@/home/ec2-user/data/topics/3886 420
@/home/ec2-user/data/topics/4634 421
@/home/ec2-user/data/topics/4622 422
@/home/ec2-user/data/topics/3967 422
松下電器産業株式会社

@/home/ec2-user/data/topics/4625 422
@/home/ec2-user/data/topics/3676 422
@/home/ec2-user/data/topics/1635 423
@/home/ec2-user/data/topics/1706 424
@/home/ec2-user/data/topics/3719 425
@/home/ec2-user/data/topics/3904 426
@/home/ec2-user/data/topics/3585 427
@/home/ec2-user/data/topics/3386 428
@/home/ec2-user/data/topics/4917 429
@/home/ec2-user/data/topics/2126 430
@/home/ec2-user/data/topics/1829 430
@/home/ec2-user/data/topics/3510 431
@/home/ec2-user/data/topics/4577 432
@/home/ec2-user/data/topics/2129 433
@/home/ec2-user/data/topics/4464 434
@/home/ec2-user/data/topics/1339 435
@/home/ec2-user/data/topics/4475 436
@/home/ec2-user/data/topics/1597 437
@/home/ec2-user/data/topics/1525 437
@/home/ec2-user/data/topics/4839 438
@/home/ec2-user/data/topics/1742 438
@/home/ec2-user/data/topics/4139 438
@/home/ec2-user/data/topics/4707 439
@/home/ec2-user/data/topics/1070 440
@/home/ec2-user/data/topics/4102 441
@/home/ec2-user/data/topics/4761 442
@/home/ec2-user/data/topics/3368 443
@/home/ec2-user/data/topics/4867 443
@/home/ec2-user/data/topics/2080 444
@/home/ec2-user/data/topics/1898 445
@/home/ec2-user/data/topics/4980 446
@/home/ec2-user/data/topics/4422 446
@/home/ec2-user/data/topics/2170 447
@/home/ec2-user/data/topics/4274 448
@/home/ec2-user/data/topics/2107 449
@/home/ec2-user/data/topics/3494 449
@/home/ec2-user/data/topics/4159 450
@/home/ec2-user/data/topics/4660 451
@/home/ec2-user/data/topics/1705 451
@/home/ec2-user/data/topics/3514 452
@/home/ec2-user/data/topics/3979 453
@/home/ec2-user/data/topics/3404 454
@/home/ec2-user/data/topics/3761 455
@/home/ec2-user/data/topics/2156 456
@/home/ec2-user/data/topics/3920 457
@/home/ec2-user/data/topics/2056 458
@/home/ec2-user/data/topics/5024 459
@/home/ec2-user/data/topics/1701 460
@/home/ec2-user/data/topics/4806 461
@/home/ec2-user/data/topics/4961 462
@/home/ec2-user/data/topics/4264 463
@/home/ec2-user/data/topics/1026 464
@/home/ec2-user/data/topics/4098 465
@/home/ec2-user/data/topics/1615 466
@/home/ec2-user/data/topics/4459 466
@/home/ec2-user/data/topics/4563 467
@/home/ec2-user/data/topics/4885 467
@/home/ec2-user/data/topics/1173 468
@/home/ec2-user/data/topics/4521 468
@/home/ec2-user/data/topics/3951 468
@/home/ec2-user/data/topics/1933 469
@/home/ec2-user/data/topics/4157 469
@/home/ec2-user/data/topics/4599 470
@/home/ec2-user/data/topics/4667 471
@/home/ec2-user/data/topics/2222 472
@/home/ec2-user/data/topics/4817 473
@/home/ec2-user/data/topics/4586 474
@/home/ec2-user/data/topics/4797 475
@/home/ec2-user/data/topics/4380 476
@/home/ec2-user/data/topics/3619 476
@/home/ec2-user/data/topics/4229 477
@/home/ec2-user/data/topics/3753 478
@/home/ec2-user/data/topics/4804 478
@/home/ec2-user/data/topics/3694 479
@/home/ec2-user/data/topics/1185 480
@/home/ec2-user/data/topics/3692 480
@/home/ec2-user/data/topics/4394 481
@/home/ec2-user/data/topics/1812 482
@/home/ec2-user/data/topics/1589 483
@/home/ec2-user/data/topics/1748 484
@/home/ec2-user/data/topics/4918 485
@/home/ec2-user/data/topics/4491 486
@/home/ec2-user/data/topics/3960 487
@/home/ec2-user/data/topics/4000 488
@/home/ec2-user/data/topics/4558 489
@/home/ec2-user/data/topics/3721 490
@/home/ec2-user/data/topics/4406 491
@/home/ec2-user/data/topics/4574 491
@/home/ec2-user/data/topics/1881 492
@/home/ec2-user/data/topics/1955 493
@/home/ec2-user/data/topics/3558 494
@/home/ec2-user/data/topics/4660 495
@/home/ec2-user/data/topics/2029 495
@/home/ec2-user/data/topics/1516 496
@/home/ec2-user/data/topics/1157 497
@/home/ec2-user/data/topics/4101 498
@/home/ec2-user/data/topics/1633 499
@/home/ec2-user/data/topics/4787 500
@/home/ec2-user/data/topics/4676 501
@/home/ec2-user/data/topics/4936 502
@/home/ec2-user/data/topics/1540 503
@/home/ec2-user/data/topics/1252 504
@/home/ec2-user/data/topics/3746 505
@/home/ec2-user/data/topics/4754 506
@/home/ec2-user/data/topics/3704 507
@/home/ec2-user/data/topics/3847 508
@/home/ec2-user/data/topics/3455 509
@/home/ec2-user/data/topics/3658 510
@/home/ec2-user/data/topics/4307 511
@/home/ec2-user/data/topics/5028 512
@/home/ec2-user/data/topics/2052 513
@/home/ec2-user/data/topics/1885 513
@/home/ec2-user/data/topics/4193 514
@/home/ec2-user/data/topics/1257 515
@/home/ec2-user/data/topics/4945 516
@/home/ec2-user/data/topics/4160 517
@/home/ec2-user/data/topics/4448 518
@/home/ec2-user/data/topics/3807 519
@/home/ec2-user/data/topics/4798 520
@/home/ec2-user/data/topics/4303 521
@/home/ec2-user/data/topics/4852 522
@/home/ec2-user/data/topics/3739 522
@/home/ec2-user/data/topics/4043 523
@/home/ec2-user/data/topics/4215 524
@/home/ec2-user/data/topics/4355 525
@/home/ec2-user/data/topics/4502 526
@/home/ec2-user/data/topics/1158 527
@/home/ec2-user/data/topics/4280 528
@/home/ec2-user/data/topics/1762 529
@/home/ec2-user/data/topics/2122 530
@/home/ec2-user/data/topics/1550 530
@/home/ec2-user/data/topics/4968 530
@/home/ec2-user/data/topics/3519 531
@/home/ec2-user/data/topics/4385 532
@/home/ec2-user/data/topics/1477 533
@/home/ec2-user/data/topics/1179 534
@/home/ec2-user/data/topics/1509 535
@/home/ec2-user/data/topics/1797 536
@/home/ec2-user/data/topics/3756 536
@/home/ec2-user/data/topics/1136 536
@/home/ec2-user/data/topics/3402 537
@/home/ec2-user/data/topics/4126 538
@/home/ec2-user/data/topics/4382 539
@/home/ec2-user/data/topics/1740 540
@/home/ec2-user/data/topics/4501 540
@/home/ec2-user/data/topics/4503 541
@/home/ec2-user/data/topics/3680 542
@/home/ec2-user/data/topics/4180 543
セイコーインスツルメンツ株式会社

@/home/ec2-user/data/topics/3626 544
@/home/ec2-user/data/topics/4036 544
@/home/ec2-user/data/topics/3825 545
@/home/ec2-user/data/topics/2017 546
@/home/ec2-user/data/topics/4203 546
@/home/ec2-user/data/topics/4190 547
@/home/ec2-user/data/topics/4997 548
@/home/ec2-user/data/topics/4917 549
@/home/ec2-user/data/topics/1707 549
@/home/ec2-user/data/topics/4151 550
@/home/ec2-user/data/topics/4088 551
ミノルタ株式会社

@/home/ec2-user/data/topics/4951 552
@/home/ec2-user/data/topics/1152 552
@/home/ec2-user/data/topics/4984 553
@/home/ec2-user/data/topics/4970 554
@/home/ec2-user/data/topics/3793 555
@/home/ec2-user/data/topics/4977 555
@/home/ec2-user/data/topics/1565 556
@/home/ec2-user/data/topics/3810 556
@/home/ec2-user/data/topics/3545 557
@/home/ec2-user/data/topics/4986 558
@/home/ec2-user/data/topics/2190 559
@/home/ec2-user/data/topics/3584 560
@/home/ec2-user/data/topics/4321 561
@/home/ec2-user/data/topics/4971 562
@/home/ec2-user/data/topics/1936 563
株式会社リコー

@/home/ec2-user/data/topics/1593 563
@/home/ec2-user/data/topics/1578 563
@/home/ec2-user/data/topics/1190 563
@/home/ec2-user/data/topics/4616 564
@/home/ec2-user/data/topics/1663 565
@/home/ec2-user/data/topics/1282 566
@/home/ec2-user/data/topics/1478 567
@/home/ec2-user/data/topics/1482 568
@/home/ec2-user/data/topics/1740 569
@/home/ec2-user/data/topics/1780 570
@/home/ec2-user/data/topics/3472 571
@/home/ec2-user/data/topics/3555 572
@/home/ec2-user/data/topics/3637 573
@/home/ec2-user/data/topics/4265 573
@/home/ec2-user/data/topics/4828 574
@/home/ec2-user/data/topics/4217 574
@/home/ec2-user/data/topics/4035 574
@/home/ec2-user/data/topics/2090 574
@/home/ec2-user/data/topics/3446 575
@/home/ec2-user/data/topics/1755 576
@/home/ec2-user/data/topics/4781 577
@/home/ec2-user/data/topics/1751 578
@/home/ec2-user/data/topics/3394 578
@/home/ec2-user/data/topics/2219 579
@/home/ec2-user/data/topics/1775 580
@/home/ec2-user/data/topics/1976 581
@/home/ec2-user/data/topics/3424 582
@/home/ec2-user/data/topics/3436 583
@/home/ec2-user/data/topics/1878 584
@/home/ec2-user/data/topics/4622 585
@/home/ec2-user/data/topics/1718 585
@/home/ec2-user/data/topics/3687 586
@/home/ec2-user/data/topics/2043 587
@/home/ec2-user/data/topics/1106 588
@/home/ec2-user/data/topics/1774 589
@/home/ec2-user/data/topics/2015 590
@/home/ec2-user/data/topics/1436 590
@/home/ec2-user/data/topics/4249 591
@/home/ec2-user/data/topics/1946 591
@/home/ec2-user/data/topics/2200 591
@/home/ec2-user/data/topics/1670 592
@/home/ec2-user/data/topics/3578 593
@/home/ec2-user/data/topics/3530 593
@/home/ec2-user/data/topics/3713 594
@/home/ec2-user/data/topics/2201 595
@/home/ec2-user/data/topics/1776 596
@/home/ec2-user/data/topics/1225 597
@/home/ec2-user/data/topics/3474 598
@/home/ec2-user/data/topics/3362 599
@/home/ec2-user/data/topics/3750 599
@/home/ec2-user/data/topics/4879 600
@/home/ec2-user/data/topics/3837 601
@/home/ec2-user/data/topics/2006 602
@/home/ec2-user/data/topics/1095 603
@/home/ec2-user/data/topics/3574 604
@/home/ec2-user/data/topics/3804 605
@/home/ec2-user/data/topics/3633 605
@/home/ec2-user/data/topics/3775 606
@/home/ec2-user/data/topics/1433 607
@/home/ec2-user/data/topics/3548 608
@/home/ec2-user/data/topics/3411 609
@/home/ec2-user/data/topics/4344 610
@/home/ec2-user/data/topics/2189 611
@/home/ec2-user/data/topics/1806 612
@/home/ec2-user/data/topics/1514 613
@/home/ec2-user/data/topics/4037 614
@/home/ec2-user/data/topics/1668 615
@/home/ec2-user/data/topics/3557 616
@/home/ec2-user/data/topics/3880 617
@/home/ec2-user/data/topics/3759 618
@/home/ec2-user/data/topics/3711 619
@/home/ec2-user/data/topics/3378 620
@/home/ec2-user/data/topics/3484 621
@/home/ec2-user/data/topics/3936 622
@/home/ec2-user/data/topics/3495 622
@/home/ec2-user/data/topics/1691 623
@/home/ec2-user/data/topics/1974 624
@/home/ec2-user/data/topics/1610 625
@/home/ec2-user/data/topics/4658 626
@/home/ec2-user/data/topics/1669 626
@/home/ec2-user/data/topics/2182 627
@/home/ec2-user/data/topics/3523 628
@/home/ec2-user/data/topics/1083 629
@/home/ec2-user/data/topics/1064 630
@/home/ec2-user/data/topics/1627 631
@/home/ec2-user/data/topics/3669 632
独立行政法人産業技術総合研究所

@/home/ec2-user/data/topics/4869 633
@/home/ec2-user/data/topics/4777 633
@/home/ec2-user/data/topics/4012 634
@/home/ec2-user/data/topics/4739 634
@/home/ec2-user/data/topics/4800 635
@/home/ec2-user/data/topics/1356 636
@/home/ec2-user/data/topics/3861 637
@/home/ec2-user/data/topics/4740 637
ソニー株式会社

@/home/ec2-user/data/topics/2031 638
@/home/ec2-user/data/topics/1926 638
@/home/ec2-user/data/topics/3401 639
@/home/ec2-user/data/topics/3406 640
@/home/ec2-user/data/topics/1102 640
@/home/ec2-user/data/topics/4063 641
@/home/ec2-user/data/topics/1912 641
@/home/ec2-user/data/topics/4224 642
@/home/ec2-user/data/topics/1147 643
@/home/ec2-user/data/topics/1491 644
@/home/ec2-user/data/topics/2037 645
@/home/ec2-user/data/topics/1397 646
@/home/ec2-user/data/topics/1471 647
@/home/ec2-user/data/topics/1892 648
@/home/ec2-user/data/topics/2094 649
@/home/ec2-user/data/topics/3872 650
@/home/ec2-user/data/topics/1967 651
@/home/ec2-user/data/topics/2059 652
@/home/ec2-user/data/topics/2105 653
@/home/ec2-user/data/topics/3959 654
@/home/ec2-user/data/topics/1380 654
@/home/ec2-user/data/topics/1435 655
@/home/ec2-user/data/topics/1059 656
@/home/ec2-user/data/topics/1291 657
@/home/ec2-user/data/topics/3975 658
@/home/ec2-user/data/topics/1426 659
@/home/ec2-user/data/topics/1836 660
@/home/ec2-user/data/topics/3456 661
@/home/ec2-user/data/topics/1954 662
@/home/ec2-user/data/topics/3924 663
@/home/ec2-user/data/topics/1873 664
@/home/ec2-user/data/topics/2052 665
@/home/ec2-user/data/topics/2075 666
@/home/ec2-user/data/topics/4351 667
@/home/ec2-user/data/topics/3955 668
@/home/ec2-user/data/topics/1298 669
@/home/ec2-user/data/topics/1602 670
@/home/ec2-user/data/topics/1778 671
@/home/ec2-user/data/topics/1518 672
@/home/ec2-user/data/topics/3392 672
@/home/ec2-user/data/topics/4495 673
@/home/ec2-user/data/topics/3633 673
@/home/ec2-user/data/topics/4219 673
@/home/ec2-user/data/topics/1679 674
@/home/ec2-user/data/topics/2058 675
@/home/ec2-user/data/topics/1749 676
@/home/ec2-user/data/topics/1686 677
@/home/ec2-user/data/topics/1233 678
@/home/ec2-user/data/topics/4278 679
@/home/ec2-user/data/topics/2133 679
@/home/ec2-user/data/topics/1414 679
@/home/ec2-user/data/topics/4184 680
@/home/ec2-user/data/topics/5027 681
@/home/ec2-user/data/topics/1884 682
@/home/ec2-user/data/topics/1218 683
@/home/ec2-user/data/topics/5024 684
@/home/ec2-user/data/topics/2048 684
富士ゼロックス株式会社

@/home/ec2-user/data/topics/5031 685
@/home/ec2-user/data/topics/3407 685
@/home/ec2-user/data/topics/1947 686
@/home/ec2-user/data/topics/3383 687
@/home/ec2-user/data/topics/3473 688
@/home/ec2-user/data/topics/4108 689
@/home/ec2-user/data/topics/3661 690
@/home/ec2-user/data/topics/3564 691
@/home/ec2-user/data/topics/3782 692
@/home/ec2-user/data/topics/1560 693
@/home/ec2-user/data/topics/3790 694
@/home/ec2-user/data/topics/3695 695
@/home/ec2-user/data/topics/3366 696
@/home/ec2-user/data/topics/4814 697
@/home/ec2-user/data/topics/1858 697
@/home/ec2-user/data/topics/1609 697
@/home/ec2-user/data/topics/3640 697
@/home/ec2-user/data/topics/3662 698
住友金属工業株式会社

@/home/ec2-user/data/topics/3826 699
@/home/ec2-user/data/topics/4534 699
@/home/ec2-user/data/topics/4021 700
@/home/ec2-user/data/topics/3655 701
@/home/ec2-user/data/topics/3577 702
@/home/ec2-user/data/topics/4733 703
@/home/ec2-user/data/topics/4295 704
@/home/ec2-user/data/topics/1313 705
@/home/ec2-user/data/topics/4661 705
@/home/ec2-user/data/topics/4182 706
@/home/ec2-user/data/topics/4991 707
@/home/ec2-user/data/topics/2182 708
@/home/ec2-user/data/topics/4322 708
@/home/ec2-user/data/topics/1268 709
@/home/ec2-user/data/topics/3548 710
日立電線株式会社

@/home/ec2-user/data/topics/1027 710
@/home/ec2-user/data/topics/1562 710
@/home/ec2-user/data/topics/2175 710
@/home/ec2-user/data/topics/4329 710
@/home/ec2-user/data/topics/3930 711
@/home/ec2-user/data/topics/3756 712
@/home/ec2-user/data/topics/1388 713
@/home/ec2-user/data/topics/4356 714
@/home/ec2-user/data/topics/1305 715
@/home/ec2-user/data/topics/1117 716
@/home/ec2-user/data/topics/4357 717
キヤノン株式会社

@/home/ec2-user/data/topics/4614 718
@/home/ec2-user/data/topics/1513 718
@/home/ec2-user/data/topics/2004 719
@/home/ec2-user/data/topics/1118 720
@/home/ec2-user/data/topics/1790 721
@/home/ec2-user/data/topics/2231 722
@/home/ec2-user/data/topics/1975 723
@/home/ec2-user/data/topics/1895 724
@/home/ec2-user/data/topics/2117 725
@/home/ec2-user/data/topics/4610 726
@/home/ec2-user/data/topics/4257 727
@/home/ec2-user/data/topics/3967 727
@/home/ec2-user/data/topics/1235 728
@/home/ec2-user/data/topics/1124 728
@/home/ec2-user/data/topics/3656 729
@/home/ec2-user/data/topics/3730 730
@/home/ec2-user/data/topics/4628 731
@/home/ec2-user/data/topics/4363 732
@/home/ec2-user/data/topics/1539 733
@/home/ec2-user/data/topics/1887 734
@/home/ec2-user/data/topics/3416 734
@/home/ec2-user/data/topics/3722 735
@/home/ec2-user/data/topics/1848 736
@/home/ec2-user/data/topics/1566 737
@/home/ec2-user/data/topics/3420 737
@/home/ec2-user/data/topics/4099 738
@/home/ec2-user/data/topics/1631 738
@/home/ec2-user/data/topics/4521 739
@/home/ec2-user/data/topics/1438 740
@/home/ec2-user/data/topics/3996 741
@/home/ec2-user/data/topics/4594 742
@/home/ec2-user/data/topics/1590 742
@/home/ec2-user/data/topics/4020 743
@/home/ec2-user/data/topics/1568 744
@/home/ec2-user/data/topics/3660 745
@/home/ec2-user/data/topics/3642 746
@/home/ec2-user/data/topics/3454 747
@/home/ec2-user/data/topics/4100 748
@/home/ec2-user/data/topics/3715 748
@/home/ec2-user/data/topics/2020 748
@/home/ec2-user/data/topics/1961 748
@/home/ec2-user/data/topics/2145 749
@/home/ec2-user/data/topics/1713 750
@/home/ec2-user/data/topics/1228 750
@/home/ec2-user/data/topics/3737 751
@/home/ec2-user/data/topics/3410 752
@/home/ec2-user/data/topics/3852 753
@/home/ec2-user/data/topics/4947 754
@/home/ec2-user/data/topics/4937 755
@/home/ec2-user/data/topics/3544 756
@/home/ec2-user/data/topics/3949 756
@/home/ec2-user/data/topics/1455 757
@/home/ec2-user/data/topics/3434 758
@/home/ec2-user/data/topics/4520 759
@/home/ec2-user/data/topics/3720 760
@/home/ec2-user/data/topics/1866 761
@/home/ec2-user/data/topics/1646 762
@/home/ec2-user/data/topics/3767 763
@/home/ec2-user/data/topics/3415 763
@/home/ec2-user/data/topics/1744 764
@/home/ec2-user/data/topics/4054 765
@/home/ec2-user/data/topics/3441 766
@/home/ec2-user/data/topics/1745 767
@/home/ec2-user/data/topics/2107 768
@/home/ec2-user/data/topics/3843 769
@/home/ec2-user/data/topics/3628 770
@/home/ec2-user/data/topics/3755 771
@/home/ec2-user/data/topics/1802 772
@/home/ec2-user/data/topics/1519 773
@/home/ec2-user/data/topics/4068 774
@/home/ec2-user/data/topics/3374 775
@/home/ec2-user/data/topics/1476 776
@/home/ec2-user/data/topics/3958 776
@/home/ec2-user/data/topics/3677 777
@/home/ec2-user/data/topics/4350 777
@/home/ec2-user/data/topics/3376 778
@/home/ec2-user/data/topics/1889 779
@/home/ec2-user/data/topics/3430 780
@/home/ec2-user/data/topics/3417 781
@/home/ec2-user/data/topics/3438 782
@/home/ec2-user/data/topics/1080 783
@/home/ec2-user/data/topics/1208 784
@/home/ec2-user/data/topics/4948 785
@/home/ec2-user/data/topics/1847 786
@/home/ec2-user/data/topics/3445 787
@/home/ec2-user/data/topics/1216 788
@/home/ec2-user/data/topics/2053 789
@/home/ec2-user/data/topics/2243 790
三洋電機株式会社

@/home/ec2-user/data/topics/4527 791
@/home/ec2-user/data/topics/4679 791
@/home/ec2-user/data/topics/1515 792
@/home/ec2-user/data/topics/1632 793
@/home/ec2-user/data/topics/4726 793
@/home/ec2-user/data/topics/3398 794
@/home/ec2-user/data/topics/1671 795
@/home/ec2-user/data/topics/3625 796
@/home/ec2-user/data/topics/3708 797
@/home/ec2-user/data/topics/4301 798
@/home/ec2-user/data/topics/1980 799
@/home/ec2-user/data/topics/1246 800
@/home/ec2-user/data/topics/4604 801
@/home/ec2-user/data/topics/3491 802
@/home/ec2-user/data/topics/4179 803
@/home/ec2-user/data/topics/2194 804
@/home/ec2-user/data/topics/4654 805
@/home/ec2-user/data/topics/4277 806
@/home/ec2-user/data/topics/3808 806
@/home/ec2-user/data/topics/3845 807
@/home/ec2-user/data/topics/2071 808
@/home/ec2-user/data/topics/3581 809
@/home/ec2-user/data/topics/4567 810
@/home/ec2-user/data/topics/3754 810
@/home/ec2-user/data/topics/4212 811
@/home/ec2-user/data/topics/4001 812
@/home/ec2-user/data/topics/3539 813
@/home/ec2-user/data/topics/3492 814
@/home/ec2-user/data/topics/4788 815
@/home/ec2-user/data/topics/1652 816
@/home/ec2-user/data/topics/1386 817
@/home/ec2-user/data/topics/4015 818
@/home/ec2-user/data/topics/1653 819
@/home/ec2-user/data/topics/1479 820
@/home/ec2-user/data/topics/3511 821
@/home/ec2-user/data/topics/4282 821
@/home/ec2-user/data/topics/4060 821
@/home/ec2-user/data/topics/4304 822
@/home/ec2-user/data/topics/1722 823
@/home/ec2-user/data/topics/3781 824
@/home/ec2-user/data/topics/4500 825
@/home/ec2-user/data/topics/3926 825
@/home/ec2-user/data/topics/1488 826
@/home/ec2-user/data/topics/1079 827
@/home/ec2-user/data/topics/4328 828
@/home/ec2-user/data/topics/4492 829
@/home/ec2-user/data/topics/4474 830
@/home/ec2-user/data/topics/1422 831
@/home/ec2-user/data/topics/4178 831
@/home/ec2-user/data/topics/4612 832
@/home/ec2-user/data/topics/2230 833
@/home/ec2-user/data/topics/3663 834
@/home/ec2-user/data/topics/3906 834
@/home/ec2-user/data/topics/3986 835
@/home/ec2-user/data/topics/4888 836
@/home/ec2-user/data/topics/5002 836
@/home/ec2-user/data/topics/4061 837
@/home/ec2-user/data/topics/3817 838
@/home/ec2-user/data/topics/1289 839
@/home/ec2-user/data/topics/1321 840
@/home/ec2-user/data/topics/2079 841
@/home/ec2-user/data/topics/3830 841
@/home/ec2-user/data/topics/4099 842
@/home/ec2-user/data/topics/4983 843
@/home/ec2-user/data/topics/3471 844
@/home/ec2-user/data/topics/4376 844
@/home/ec2-user/data/topics/4720 845
@/home/ec2-user/data/topics/1963 846
@/home/ec2-user/data/topics/3889 846
@/home/ec2-user/data/topics/1451 847
@/home/ec2-user/data/topics/4150 848
@/home/ec2-user/data/topics/3804 849
@/home/ec2-user/data/topics/1372 850
@/home/ec2-user/data/topics/1163 850
@/home/ec2-user/data/topics/4763 851
@/home/ec2-user/data/topics/3953 852
@/home/ec2-user/data/topics/3859 853
@/home/ec2-user/data/topics/3681 854
@/home/ec2-user/data/topics/3403 855
@/home/ec2-user/data/topics/4960 856
@/home/ec2-user/data/topics/4890 857
@/home/ec2-user/data/topics/4039 857
@/home/ec2-user/data/topics/5011 858
@/home/ec2-user/data/topics/4571 859
@/home/ec2-user/data/topics/3974 860
@/home/ec2-user/data/topics/2236 861
@/home/ec2-user/data/topics/2158 861
@/home/ec2-user/data/topics/2098 861
@/home/ec2-user/data/topics/4978 862
@/home/ec2-user/data/topics/2054 863
@/home/ec2-user/data/topics/4837 864
@/home/ec2-user/data/topics/2014 865
@/home/ec2-user/data/topics/4066 866
@/home/ec2-user/data/topics/2063 867
@/home/ec2-user/data/topics/4384 868
三菱電機株式会社

@/home/ec2-user/data/topics/3666 869
@/home/ec2-user/data/topics/4614 869
@/home/ec2-user/data/topics/1738 870
@/home/ec2-user/data/topics/3490 871
@/home/ec2-user/data/topics/3595 872
@/home/ec2-user/data/topics/5014 873
@/home/ec2-user/data/topics/1872 873
@/home/ec2-user/data/topics/4133 874
@/home/ec2-user/data/topics/3466 875
@/home/ec2-user/data/topics/1110 876
@/home/ec2-user/data/topics/1792 877
@/home/ec2-user/data/topics/3921 878
@/home/ec2-user/data/topics/4233 879
@/home/ec2-user/data/topics/3820 880
@/home/ec2-user/data/topics/1536 881
@/home/ec2-user/data/topics/4282 882
@/home/ec2-user/data/topics/3412 883
@/home/ec2-user/data/topics/4041 884
@/home/ec2-user/data/topics/1140 885
@/home/ec2-user/data/topics/3493 885
@/home/ec2-user/data/topics/3511 886
@/home/ec2-user/data/topics/3612 886
@/home/ec2-user/data/topics/4562 887
@/home/ec2-user/data/topics/4514 888
@/home/ec2-user/data/topics/3592 889
@/home/ec2-user/data/topics/2006 890
@/home/ec2-user/data/topics/4419 890
@/home/ec2-user/data/topics/4221 891
@/home/ec2-user/data/topics/3841 892
@/home/ec2-user/data/topics/3453 893
@/home/ec2-user/data/topics/4518 894
@/home/ec2-user/data/topics/1959 895
@/home/ec2-user/data/topics/3616 895
@/home/ec2-user/data/topics/4980 896
@/home/ec2-user/data/topics/1220 897
@/home/ec2-user/data/topics/3856 898
@/home/ec2-user/data/topics/4181 899
@/home/ec2-user/data/topics/4552 900
@/home/ec2-user/data/topics/1112 901
@/home/ec2-user/data/topics/4076 901
@/home/ec2-user/data/topics/4072 902
@/home/ec2-user/data/topics/3800 902
@/home/ec2-user/data/topics/4663 903
@/home/ec2-user/data/topics/4880 904
@/home/ec2-user/data/topics/4047 905
@/home/ec2-user/data/topics/5033 906
@/home/ec2-user/data/topics/3873 907
@/home/ec2-user/data/topics/3774 908
@/home/ec2-user/data/topics/4305 909
@/home/ec2-user/data/topics/3397 910
@/home/ec2-user/data/topics/4149 911
@/home/ec2-user/data/topics/4946 912
@/home/ec2-user/data/topics/3366 912
@/home/ec2-user/data/topics/3465 912
@/home/ec2-user/data/topics/3409 913
@/home/ec2-user/data/topics/4235 914
@/home/ec2-user/data/topics/1754 915
@/home/ec2-user/data/topics/5032 916
@/home/ec2-user/data/topics/3506 917
@/home/ec2-user/data/topics/3963 918
@/home/ec2-user/data/topics/4471 919
@/home/ec2-user/data/topics/3609 919
@/home/ec2-user/data/topics/4834 920
@/home/ec2-user/data/topics/2146 921
@/home/ec2-user/data/topics/4220 922
@/home/ec2-user/data/topics/4468 923
@/home/ec2-user/data/topics/3451 923
@/home/ec2-user/data/topics/3469 924
@/home/ec2-user/data/topics/3747 925
@/home/ec2-user/data/topics/4856 926
住友ゴム工業株式会社

@/home/ec2-user/data/topics/4406 926
@/home/ec2-user/data/topics/3792 926
@/home/ec2-user/data/topics/4048 926
@/home/ec2-user/data/topics/4597 927
@/home/ec2-user/data/topics/1814 928
@/home/ec2-user/data/topics/1758 928
@/home/ec2-user/data/topics/4568 929
@/home/ec2-user/data/topics/2007 930
@/home/ec2-user/data/topics/1114 931
セイコーエプソン株式会社

@/home/ec2-user/data/topics/3476 932
@/home/ec2-user/data/topics/1890 932
@/home/ec2-user/data/topics/2103 933
@/home/ec2-user/data/topics/4109 933
@/home/ec2-user/data/topics/3910 934
@/home/ec2-user/data/topics/4605 935
@/home/ec2-user/data/topics/4454 936
@/home/ec2-user/data/topics/3887 937
@/home/ec2-user/data/topics/4802 938
@/home/ec2-user/data/topics/4022 939
@/home/ec2-user/data/topics/2049 940
@/home/ec2-user/data/topics/4719 940
@/home/ec2-user/data/topics/3623 941
@/home/ec2-user/data/topics/3361 941
@/home/ec2-user/data/topics/1641 942
@/home/ec2-user/data/topics/1343 943
@/home/ec2-user/data/topics/2165 944
@/home/ec2-user/data/topics/3819 945
@/home/ec2-user/data/topics/4801 946
@/home/ec2-user/data/topics/1484 947
@/home/ec2-user/data/topics/4585 948
@/home/ec2-user/data/topics/3505 949
@/home/ec2-user/data/topics/1949 950
@/home/ec2-user/data/topics/4395 950
@/home/ec2-user/data/topics/2078 950
@/home/ec2-user/data/topics/1378 951
@/home/ec2-user/data/topics/3589 952
@/home/ec2-user/data/topics/4695 953
@/home/ec2-user/data/topics/1423 953
@/home/ec2-user/data/topics/1938 954
@/home/ec2-user/data/topics/4386 955
@/home/ec2-user/data/topics/3985 956
株式会社三共

@/home/ec2-user/data/topics/1086 957
@/home/ec2-user/data/topics/4374 957
@/home/ec2-user/data/topics/1152 958
@/home/ec2-user/data/topics/4868 958
@/home/ec2-user/data/topics/1648 959
@/home/ec2-user/data/topics/3616 960
@/home/ec2-user/data/topics/2123 960
@/home/ec2-user/data/topics/2060 961
@/home/ec2-user/data/topics/1189 962
@/home/ec2-user/data/topics/1665 963
@/home/ec2-user/data/topics/1377 964
沖電気工業株式会社

@/home/ec2-user/data/topics/1188 965
@/home/ec2-user/data/topics/1531 965
@/home/ec2-user/data/topics/4308 966
@/home/ec2-user/data/topics/3764 967
@/home/ec2-user/data/topics/1590 968
@/home/ec2-user/data/topics/4043 968
@/home/ec2-user/data/topics/3964 968
@/home/ec2-user/data/topics/4693 969
@/home/ec2-user/data/topics/3621 970
@/home/ec2-user/data/topics/3690 971
@/home/ec2-user/data/topics/3457 972
@/home/ec2-user/data/topics/3433 973
@/home/ec2-user/data/topics/4299 974
@/home/ec2-user/data/topics/3571 975
@/home/ec2-user/data/topics/3395 976
@/home/ec2-user/data/topics/3526 977
@/home/ec2-user/data/topics/4575 977
株式会社三星

@/home/ec2-user/data/topics/1733 978
@/home/ec2-user/data/topics/1260 978
@/home/ec2-user/data/topics/3808 979
@/home/ec2-user/data/topics/1728 979
@/home/ec2-user/data/topics/3368 980
@/home/ec2-user/data/topics/3942 980
@/home/ec2-user/data/topics/2108 981
@/home/ec2-user/data/topics/2198 982
日本ビクター株式会社

@/home/ec2-user/data/topics/1520 983
@/home/ec2-user/data/topics/1223 983
@/home/ec2-user/data/topics/3939 983
@/home/ec2-user/data/topics/1160 984
@/home/ec2-user/data/topics/4123 984
@/home/ec2-user/data/topics/3620 985
@/home/ec2-user/data/topics/4056 986
@/home/ec2-user/data/topics/1440 987
@/home/ec2-user/data/topics/1823 988
@/home/ec2-user/data/topics/4672 989
@/home/ec2-user/data/topics/3603 990
@/home/ec2-user/data/topics/2086 991
@/home/ec2-user/data/topics/3882 991
@/home/ec2-user/data/topics/1389 992
花王株式会社

@/home/ec2-user/data/topics/2214 993
@/home/ec2-user/data/topics/1196 993
@/home/ec2-user/data/topics/3753 994
@/home/ec2-user/data/topics/1118 995
@/home/ec2-user/data/topics/3884 995
@/home/ec2-user/data/topics/4167 996
@/home/ec2-user/data/topics/4287 996
@/home/ec2-user/data/topics/4249 997
@/home/ec2-user/data/topics/3999 998
@/home/ec2-user/data/topics/3812 999
@/home/ec2-user/data/topics/4827 1000
@/home/ec2-user/data/topics/1767 1001
@/home/ec2-user/data/topics/4445 1002
@/home/ec2-user/data/topics/1022 1003
@/home/ec2-user/data/topics/4578 1004
@/home/ec2-user/data/topics/4211 1004
三田工業株式会社

@/home/ec2-user/data/topics/3923 1005
@/home/ec2-user/data/topics/1269 1005
@/home/ec2-user/data/topics/1034 1006
@/home/ec2-user/data/topics/2136 1007
@/home/ec2-user/data/topics/4764 1008
@/home/ec2-user/data/topics/3842 1008
@/home/ec2-user/data/topics/3604 1009
@/home/ec2-user/data/topics/1033 1010
@/home/ec2-user/data/topics/1766 1011
@/home/ec2-user/data/topics/1710 1012
@/home/ec2-user/data/topics/2155 1012
豊丸産業株式会社

@/home/ec2-user/data/topics/4163 1013
@/home/ec2-user/data/topics/1401 1013
@/home/ec2-user/data/topics/4847 1014
@/home/ec2-user/data/topics/1097 1015
@/home/ec2-user/data/topics/1126 1016
@/home/ec2-user/data/topics/1677 1017
@/home/ec2-user/data/topics/1713 1018
@/home/ec2-user/data/topics/2011 1019
@/home/ec2-user/data/topics/2169 1020
@/home/ec2-user/data/topics/1284 1021
@/home/ec2-user/data/topics/1588 1022
@/home/ec2-user/data/topics/3672 1023
@/home/ec2-user/data/topics/4334 1024
@/home/ec2-user/data/topics/1138 1024
@/home/ec2-user/data/topics/1914 1025
@/home/ec2-user/data/topics/1353 1026
@/home/ec2-user/data/topics/1726 1027
@/home/ec2-user/data/topics/1804 1028
鐘紡株式会社

@/home/ec2-user/data/topics/1901 1028
@/home/ec2-user/data/topics/2223 1028
@/home/ec2-user/data/topics/1886 1029
@/home/ec2-user/data/topics/1367 1030
@/home/ec2-user/data/topics/1178 1031
@/home/ec2-user/data/topics/2034 1032
@/home/ec2-user/data/topics/2185 1033
@/home/ec2-user/data/topics/2165 1034
@/home/ec2-user/data/topics/1304 1034
@/home/ec2-user/data/topics/1070 1035
@/home/ec2-user/data/topics/1842 1035
@/home/ec2-user/data/topics/1272 1036
@/home/ec2-user/data/topics/3551 1036
@/home/ec2-user/data/topics/2015 1037
@/home/ec2-user/data/topics/1870 1037
@/home/ec2-user/data/topics/3566 1038
@/home/ec2-user/data/topics/3560 1039
@/home/ec2-user/data/topics/3634 1040
@/home/ec2-user/data/topics/1054 1041
@/home/ec2-user/data/topics/4195 1042
株式会社デンソー

@/home/ec2-user/data/topics/4622 1043
@/home/ec2-user/data/topics/4483 1043
@/home/ec2-user/data/topics/1689 1044
@/home/ec2-user/data/topics/3421 1044
@/home/ec2-user/data/topics/3710 1045
@/home/ec2-user/data/topics/4423 1046
@/home/ec2-user/data/topics/4164 1047
@/home/ec2-user/data/topics/3406 1048
@/home/ec2-user/data/topics/4498 1049
@/home/ec2-user/data/topics/1028 1050
@/home/ec2-user/data/topics/4675 1051
@/home/ec2-user/data/topics/4024 1052
@/home/ec2-user/data/topics/4805 1053
@/home/ec2-user/data/topics/1773 1054
@/home/ec2-user/data/topics/4046 1054
@/home/ec2-user/data/topics/2099 1055
@/home/ec2-user/data/topics/3480 1055
@/home/ec2-user/data/topics/4656 1056
@/home/ec2-user/data/topics/3515 1057
@/home/ec2-user/data/topics/4840 1057
@/home/ec2-user/data/topics/1855 1058
富士写真フイルム株式会社

@/home/ec2-user/data/topics/3447 1059
@/home/ec2-user/data/topics/3857 1059
@/home/ec2-user/data/topics/1570 1060
@/home/ec2-user/data/topics/1603 1061
@/home/ec2-user/data/topics/3918 1062
@/home/ec2-user/data/topics/2134 1063
@/home/ec2-user/data/topics/4264 1064
@/home/ec2-user/data/topics/3793 1064
@/home/ec2-user/data/topics/4962 1064
@/home/ec2-user/data/topics/1662 1065
@/home/ec2-user/data/topics/3520 1066
@/home/ec2-user/data/topics/1244 1066
@/home/ec2-user/data/topics/3911 1067
@/home/ec2-user/data/topics/3354 1068
京セラ株式会社

@/home/ec2-user/data/topics/1741 1069
@/home/ec2-user/data/topics/4327 1069
@/home/ec2-user/data/topics/4268 1069
@/home/ec2-user/data/topics/3741 1069
@/home/ec2-user/data/topics/4031 1070
@/home/ec2-user/data/topics/1708 1071
@/home/ec2-user/data/topics/2027 1072
@/home/ec2-user/data/topics/4901 1072
@/home/ec2-user/data/topics/3869 1073
@/home/ec2-user/data/topics/1485 1074
@/home/ec2-user/data/topics/4513 1075
@/home/ec2-user/data/topics/4340 1076
@/home/ec2-user/data/topics/3593 1077
@/home/ec2-user/data/topics/3615 1078
@/home/ec2-user/data/topics/1913 1079
イビデン株式会社

@/home/ec2-user/data/topics/1952 1080
@/home/ec2-user/data/topics/3814 1080
@/home/ec2-user/data/topics/1540 1081
@/home/ec2-user/data/topics/2033 1081
@/home/ec2-user/data/topics/1682 1082
@/home/ec2-user/data/topics/1770 1083
@/home/ec2-user/data/topics/1868 1084
@/home/ec2-user/data/topics/1315 1084
@/home/ec2-user/data/topics/1336 1085
株式会社東芝

@/home/ec2-user/data/topics/4535 1086
@/home/ec2-user/data/topics/4842 1086
@/home/ec2-user/data/topics/4935 1087
@/home/ec2-user/data/topics/3795 1088
@/home/ec2-user/data/topics/4049 1089
@/home/ec2-user/data/topics/4057 1089
@/home/ec2-user/data/topics/4336 1090
@/home/ec2-user/data/topics/3689 1091
@/home/ec2-user/data/topics/3461 1092
@/home/ec2-user/data/topics/3964 1092
@/home/ec2-user/data/topics/4009 1092
@/home/ec2-user/data/topics/3618 1093
@/home/ec2-user/data/topics/3363 1094
@/home/ec2-user/data/topics/4480 1095
@/home/ec2-user/data/topics/1405 1095
@/home/ec2-user/data/topics/3881 1095
@/home/ec2-user/data/topics/4183 1096
@/home/ec2-user/data/topics/4912 1097
@/home/ec2-user/data/topics/2241 1098
@/home/ec2-user/data/topics/4751 1099
@/home/ec2-user/data/topics/4165 1100
@/home/ec2-user/data/topics/3780 1101
@/home/ec2-user/data/topics/1205 1102
@/home/ec2-user/data/topics/3948 1103
@/home/ec2-user/data/topics/1332 1104
@/home/ec2-user/data/topics/1997 1105
@/home/ec2-user/data/topics/1800 1106
@/home/ec2-user/data/topics/3351 1106
@/home/ec2-user/data/topics/4172 1107
@/home/ec2-user/data/topics/3732 1108
@/home/ec2-user/data/topics/3360 1109
@/home/ec2-user/data/topics/3851 1110
@/home/ec2-user/data/topics/3990 1111
@/home/ec2-user/data/topics/1314 1112
@/home/ec2-user/data/topics/4666 1112
@/home/ec2-user/data/topics/3598 1112
@/home/ec2-user/data/topics/3988 1113
@/home/ec2-user/data/topics/4140 1114
@/home/ec2-user/data/topics/3462 1115
@/home/ec2-user/data/topics/1756 1116
@/home/ec2-user/data/topics/3415 1117
@/home/ec2-user/data/topics/4302 1117
@/home/ec2-user/data/topics/4631 1118
@/home/ec2-user/data/topics/3734 1119
@/home/ec2-user/data/topics/1090 1120
@/home/ec2-user/data/topics/4590 1121
@/home/ec2-user/data/topics/4566 1121
@/home/ec2-user/data/topics/4881 1122
@/home/ec2-user/data/topics/4292 1123
@/home/ec2-user/data/topics/3688 1124
@/home/ec2-user/data/topics/1819 1125
@/home/ec2-user/data/topics/4863 1126
@/home/ec2-user/data/topics/4509 1127
@/home/ec2-user/data/topics/4361 1128
@/home/ec2-user/data/topics/3480 1129
@/home/ec2-user/data/topics/4096 1129
@/home/ec2-user/data/topics/4623 1130
@/home/ec2-user/data/topics/3834 1131
@/home/ec2-user/data/topics/1338 1132
@/home/ec2-user/data/topics/1757 1132
@/home/ec2-user/data/topics/1132 1133
@/home/ec2-user/data/topics/3890 1134
@/home/ec2-user/data/topics/4089 1135
@/home/ec2-user/data/topics/1585 1136
@/home/ec2-user/data/topics/3716 1137
@/home/ec2-user/data/topics/3352 1138
@/home/ec2-user/data/topics/3380 1139
@/home/ec2-user/data/topics/4594 1140
@/home/ec2-user/data/topics/4755 1141
@/home/ec2-user/data/topics/3683 1142
@/home/ec2-user/data/topics/4381 1143
@/home/ec2-user/data/topics/4197 1144
@/home/ec2-user/data/topics/3542 1145
@/home/ec2-user/data/topics/4773 1146
ヤマハ株式会社

@/home/ec2-user/data/topics/4177 1146
@/home/ec2-user/data/topics/4010 1146
@/home/ec2-user/data/topics/4045 1147
@/home/ec2-user/data/topics/1431 1148
@/home/ec2-user/data/topics/1720 1148
@/home/ec2-user/data/topics/4154 1149
@/home/ec2-user/data/topics/1911 1149
@/home/ec2-user/data/topics/4145 1150
@/home/ec2-user/data/topics/1443 1151
@/home/ec2-user/data/topics/4919 1152
@/home/ec2-user/data/topics/1676 1153
@/home/ec2-user/data/topics/3972 1154
@/home/ec2-user/data/topics/4954 1155
@/home/ec2-user/data/topics/4235 1156
@/home/ec2-user/data/topics/4084 1156
@/home/ec2-user/data/topics/4125 1157
東洋紡績株式会社

@/home/ec2-user/data/topics/4284 1158
@/home/ec2-user/data/topics/4366 1158
@/home/ec2-user/data/topics/4460 1159
@/home/ec2-user/data/topics/1029 1159
@/home/ec2-user/data/topics/4362 1160
@/home/ec2-user/data/topics/3769 1161
@/home/ec2-user/data/topics/1613 1162
@/home/ec2-user/data/topics/2090 1163
三菱化学株式会社

@/home/ec2-user/data/topics/3638 1163
@/home/ec2-user/data/topics/1836 1163
@/home/ec2-user/data/topics/1389 1163
@/home/ec2-user/data/topics/1197 1163
@/home/ec2-user/data/topics/1699 1164
@/home/ec2-user/data/topics/3513 1165
@/home/ec2-user/data/topics/1902 1166
@/home/ec2-user/data/topics/3458 1167
カシオ計算機株式会社

@/home/ec2-user/data/topics/1368 1168
@/home/ec2-user/data/topics/4952 1168
@/home/ec2-user/data/topics/3391 1168
@/home/ec2-user/data/topics/1794 1169
@/home/ec2-user/data/topics/2180 1170
@/home/ec2-user/data/topics/4551 1171
@/home/ec2-user/data/topics/1235 1171
@/home/ec2-user/data/topics/2237 1172
@/home/ec2-user/data/topics/1535 1173
@/home/ec2-user/data/topics/1047 1174
コナミ株式会社

@/home/ec2-user/data/topics/4602 1175
@/home/ec2-user/data/topics/2151 1175
@/home/ec2-user/data/topics/1672 1176
@/home/ec2-user/data/topics/1621 1177
@/home/ec2-user/data/topics/1302 1178
@/home/ec2-user/data/topics/5015 1179
@/home/ec2-user/data/topics/4855 1180
@/home/ec2-user/data/topics/2100 1180
@/home/ec2-user/data/topics/4421 1181
@/home/ec2-user/data/topics/4681 1181
大日本スクリーン製造株式会社

@/home/ec2-user/data/topics/1173 1182
@/home/ec2-user/data/topics/1608 1182
@/home/ec2-user/data/topics/3742 1183
@/home/ec2-user/data/topics/1130 1184
@/home/ec2-user/data/topics/2172 1185
@/home/ec2-user/data/topics/1779 1186
@/home/ec2-user/data/topics/1658 1187
@/home/ec2-user/data/topics/3828 1187
@/home/ec2-user/data/topics/2209 1187
オムロン株式会社

@/home/ec2-user/data/topics/1067 1188
@/home/ec2-user/data/topics/4691 1188
@/home/ec2-user/data/topics/3700 1188
@/home/ec2-user/data/topics/1135 1189
@/home/ec2-user/data/topics/3594 1190
@/home/ec2-user/data/topics/2096 1191
@/home/ec2-user/data/topics/3597 1192
@/home/ec2-user/data/topics/1841 1193
@/home/ec2-user/data/topics/1093 1194
@/home/ec2-user/data/topics/1533 1194
@/home/ec2-user/data/topics/3863 1195
@/home/ec2-user/data/topics/1657 1196
@/home/ec2-user/data/topics/1304 1197
@/home/ec2-user/data/topics/1933 1197
@/home/ec2-user/data/topics/1151 1198
@/home/ec2-user/data/topics/3748 1199
@/home/ec2-user/data/topics/4771 1200
@/home/ec2-user/data/topics/1579 1201
株式会社日立製作所

@/home/ec2-user/data/topics/4830 1202
@/home/ec2-user/data/topics/3524 1202
@/home/ec2-user/data/topics/2239 1203
@/home/ec2-user/data/topics/4559 1204
@/home/ec2-user/data/topics/3665 1205
@/home/ec2-user/data/topics/1526 1206
@/home/ec2-user/data/topics/4166 1206
@/home/ec2-user/data/topics/1825 1207
@/home/ec2-user/data/topics/4122 1208
@/home/ec2-user/data/topics/3531 1209
@/home/ec2-user/data/topics/1882 1210
@/home/ec2-user/data/topics/1667 1211
@/home/ec2-user/data/topics/1826 1212
@/home/ec2-user/data/topics/3993 1213
@/home/ec2-user/data/topics/1105 1214
@/home/ec2-user/data/topics/1501 1215
@/home/ec2-user/data/topics/1833 1216
@/home/ec2-user/data/topics/4040 1217
@/home/ec2-user/data/topics/2184 1218
@/home/ec2-user/data/topics/3699 1219
@/home/ec2-user/data/topics/1651 1219
@/home/ec2-user/data/topics/3968 1220
@/home/ec2-user/data/topics/3570 1221
@/home/ec2-user/data/topics/1072 1222
@/home/ec2-user/data/topics/1849 1223
@/home/ec2-user/data/topics/1640 1223
@/home/ec2-user/data/topics/4058 1224
@/home/ec2-user/data/topics/4489 1225
@/home/ec2-user/data/topics/3350 1226
@/home/ec2-user/data/topics/3575 1227
@/home/ec2-user/data/topics/3648 1227
@/home/ec2-user/data/topics/4621 1228
@/home/ec2-user/data/topics/4547 1229
@/home/ec2-user/data/topics/3973 1230
@/home/ec2-user/data/topics/1082 1231
@/home/ec2-user/data/topics/1296 1232
@/home/ec2-user/data/topics/1562 1233
@/home/ec2-user/data/topics/3691 1234
@/home/ec2-user/data/topics/2044 1235
@/home/ec2-user/data/topics/1880 1235
@/home/ec2-user/data/topics/3659 1236
@/home/ec2-user/data/topics/4420 1237
@/home/ec2-user/data/topics/4493 1238
@/home/ec2-user/data/topics/4533 1239
@/home/ec2-user/data/topics/1987 1239
@/home/ec2-user/data/topics/5029 1240
@/home/ec2-user/data/topics/1464 1241
@/home/ec2-user/data/topics/1463 1241
@/home/ec2-user/data/topics/1487 1242
@/home/ec2-user/data/topics/1340 1243
@/home/ec2-user/data/topics/3965 1244
@/home/ec2-user/data/topics/4551 1245
@/home/ec2-user/data/topics/1653 1246
@/home/ec2-user/data/topics/4402 1246
@/home/ec2-user/data/topics/4943 1247
@/home/ec2-user/data/topics/2019 1248
@/home/ec2-user/data/topics/1247 1249
@/home/ec2-user/data/topics/5030 1250
@/home/ec2-user/data/topics/1334 1251
@/home/ec2-user/data/topics/3706 1252
@/home/ec2-user/data/topics/4990 1253
@/home/ec2-user/data/topics/1278 1254
@/home/ec2-user/data/topics/3779 1255
@/home/ec2-user/data/topics/4545 1256
@/home/ec2-user/data/topics/3488 1257
@/home/ec2-user/data/topics/3440 1258
@/home/ec2-user/data/topics/1809 1259
@/home/ec2-user/data/topics/3772 1259
@/home/ec2-user/data/topics/1841 1260
@/home/ec2-user/data/topics/1249 1260
@/home/ec2-user/data/topics/1693 1261
@/home/ec2-user/data/topics/4055 1262
@/home/ec2-user/data/topics/1256 1262
@/home/ec2-user/data/topics/3822 1262
@/home/ec2-user/data/topics/3471 1263
@/home/ec2-user/data/topics/4401 1264
@/home/ec2-user/data/topics/3588 1265
@/home/ec2-user/data/topics/3384 1266
@/home/ec2-user/data/topics/3599 1267
@/home/ec2-user/data/topics/3596 1268
@/home/ec2-user/data/topics/3432 1269
@/home/ec2-user/data/topics/2081 1270
@/home/ec2-user/data/topics/3439 1271
@/home/ec2-user/data/topics/3461 1272
@/home/ec2-user/data/topics/4799 1273
@/home/ec2-user/data/topics/4627 1274
@/home/ec2-user/data/topics/1866 1274
@/home/ec2-user/data/topics/3994 1274
@/home/ec2-user/data/topics/1992 1275
凸版印刷株式会社

@/home/ec2-user/data/topics/3500 1275
@/home/ec2-user/data/topics/3624 1275
@/home/ec2-user/data/topics/3873 1276
@/home/ec2-user/data/topics/1091 1276
@/home/ec2-user/data/topics/1977 1277
@/home/ec2-user/data/topics/3526 1278
@/home/ec2-user/data/topics/1765 1279
@/home/ec2-user/data/topics/3522 1280
@/home/ec2-user/data/topics/4874 1280
株式会社ノーリツ

@/home/ec2-user/data/topics/4776 1281
@/home/ec2-user/data/topics/2116 1281
@/home/ec2-user/data/topics/4354 1282
@/home/ec2-user/data/topics/1618 1283
@/home/ec2-user/data/topics/1290 1284
@/home/ec2-user/data/topics/3788 1285
@/home/ec2-user/data/topics/1760 1285
@/home/ec2-user/data/topics/1725 1286
@/home/ec2-user/data/topics/4206 1286
@/home/ec2-user/data/topics/1598 1287
川崎重工業株式会社

@/home/ec2-user/data/topics/4793 1288
@/home/ec2-user/data/topics/4548 1288
@/home/ec2-user/data/topics/4572 1288
@/home/ec2-user/data/topics/2113 1289
@/home/ec2-user/data/topics/1162 1289
@/home/ec2-user/data/topics/1172 1290
@/home/ec2-user/data/topics/4756 1291
@/home/ec2-user/data/topics/4944 1292
@/home/ec2-user/data/topics/5025 1293
@/home/ec2-user/data/topics/4866 1294
ティーディーケイ株式会社

@/home/ec2-user/data/topics/4619 1295
@/home/ec2-user/data/topics/2202 1295
@/home/ec2-user/data/topics/1409 1296
@/home/ec2-user/data/topics/3798 1297
@/home/ec2-user/data/topics/4400 1298
@/home/ec2-user/data/topics/3792 1298
@/home/ec2-user/data/topics/2210 1299
@/home/ec2-user/data/topics/1510 1300
@/home/ec2-user/data/topics/3909 1301
@/home/ec2-user/data/topics/1129 1302
@/home/ec2-user/data/topics/3395 1303
京セラミタ株式会社

@/home/ec2-user/data/topics/2141 1303
@/home/ec2-user/data/topics/4564 1303
@/home/ec2-user/data/topics/1089 1304
@/home/ec2-user/data/topics/4718 1304
@/home/ec2-user/data/topics/4174 1304
@/home/ec2-user/data/topics/4985 1305
@/home/ec2-user/data/topics/1930 1306
@/home/ec2-user/data/topics/1032 1307
@/home/ec2-user/data/topics/4973 1308
株式会社クボタ

@/home/ec2-user/data/topics/4878 1309
@/home/ec2-user/data/topics/3919 1309
@/home/ec2-user/data/topics/4251 1310
@/home/ec2-user/data/topics/3854 1311
@/home/ec2-user/data/topics/1280 1312
@/home/ec2-user/data/topics/1012 1313
@/home/ec2-user/data/topics/4379 1314
@/home/ec2-user/data/topics/3823 1315
@/home/ec2-user/data/topics/1734 1316
@/home/ec2-user/data/topics/4745 1317
@/home/ec2-user/data/topics/2170 1318
@/home/ec2-user/data/topics/1448 1318
シャープ株式会社

@/home/ec2-user/data/topics/3452 1319
@/home/ec2-user/data/topics/2084 1319
@/home/ec2-user/data/topics/3537 1320
@/home/ec2-user/data/topics/4430 1321
@/home/ec2-user/data/topics/4228 1322
@/home/ec2-user/data/topics/1970 1323
@/home/ec2-user/data/topics/1154 1324
@/home/ec2-user/data/topics/3966 1325
@/home/ec2-user/data/topics/4519 1326
@/home/ec2-user/data/topics/4744 1327
@/home/ec2-user/data/topics/3895 1328
@/home/ec2-user/data/topics/1209 1329
@/home/ec2-user/data/topics/4095 1330
@/home/ec2-user/data/topics/3978 1331
@/home/ec2-user/data/topics/3610 1332
@/home/ec2-user/data/topics/4683 1333
@/home/ec2-user/data/topics/2087 1334
@/home/ec2-user/data/topics/3832 1335
@/home/ec2-user/data/topics/3698 1336
@/home/ec2-user/data/topics/3855 1337
@/home/ec2-user/data/topics/4717 1338
@/home/ec2-user/data/topics/4019 1339
@/home/ec2-user/data/topics/1396 1340
@/home/ec2-user/data/topics/1419 1341
@/home/ec2-user/data/topics/1820 1342
@/home/ec2-user/data/topics/4124 1342
@/home/ec2-user/data/topics/3450 1343
@/home/ec2-user/data/topics/3606 1344
@/home/ec2-user/data/topics/1549 1345
@/home/ec2-user/data/topics/2118 1345
@/home/ec2-user/data/topics/3422 1346
@/home/ec2-user/data/topics/4861 1347
@/home/ec2-user/data/topics/4245 1348
@/home/ec2-user/data/topics/4037 1349
@/home/ec2-user/data/topics/2152 1349
@/home/ec2-user/data/topics/4105 1349
@/home/ec2-user/data/topics/1561 1350
@/home/ec2-user/data/topics/3941 1351
@/home/ec2-user/data/topics/3981 1352
@/home/ec2-user/data/topics/3813 1353
@/home/ec2-user/data/topics/4252 1354
@/home/ec2-user/data/topics/4469 1355
@/home/ec2-user/data/topics/1174 1356
@/home/ec2-user/data/topics/3678 1357
@/home/ec2-user/data/topics/3793 1358
@/home/ec2-user/data/topics/4127 1359
@/home/ec2-user/data/topics/3679 1360
@/home/ec2-user/data/topics/1790 1361
@/home/ec2-user/data/topics/4648 1361
@/home/ec2-user/data/topics/4214 1362
@/home/ec2-user/data/topics/4527 1363
@/home/ec2-user/data/topics/4583 1363
@/home/ec2-user/data/topics/4323 1364
@/home/ec2-user/data/topics/3762 1365
@/home/ec2-user/data/topics/1288 1366
@/home/ec2-user/data/topics/3673 1367
@/home/ec2-user/data/topics/1840 1368
@/home/ec2-user/data/topics/1431 1369
@/home/ec2-user/data/topics/3871 1370
@/home/ec2-user/data/topics/4152 1371
@/home/ec2-user/data/topics/1685 1372
@/home/ec2-user/data/topics/1311 1373
@/home/ec2-user/data/topics/2191 1373
@/home/ec2-user/data/topics/4263 1373
@/home/ec2-user/data/topics/4516 1374
@/home/ec2-user/data/topics/3858 1375
@/home/ec2-user/data/topics/3957 1376
@/home/ec2-user/data/topics/1318 1377
@/home/ec2-user/data/topics/4173 1378
@/home/ec2-user/data/topics/4939 1379
@/home/ec2-user/data/topics/3777 1379
@/home/ec2-user/data/topics/1490 1380
@/home/ec2-user/data/topics/3649 1380
@/home/ec2-user/data/topics/4005 1381
@/home/ec2-user/data/topics/3776 1382
@/home/ec2-user/data/topics/1349 1383
@/home/ec2-user/data/topics/1384 1384
@/home/ec2-user/data/topics/1314 1385
@/home/ec2-user/data/topics/1804 1385
@/home/ec2-user/data/topics/4913 1386
@/home/ec2-user/data/topics/4691 1386
@/home/ec2-user/data/topics/4113 1387
@/home/ec2-user/data/topics/1258 1388
@/home/ec2-user/data/topics/3760 1389
@/home/ec2-user/data/topics/1965 1390
@/home/ec2-user/data/topics/4203 1391
@/home/ec2-user/data/topics/4103 1391
@/home/ec2-user/data/topics/3578 1392
@/home/ec2-user/data/topics/4230 1393
@/home/ec2-user/data/topics/2020 1394
@/home/ec2-user/data/topics/3486 1395
@/home/ec2-user/data/topics/4782 1395
@/home/ec2-user/data/topics/3612 1396
@/home/ec2-user/data/topics/1933 1396
@/home/ec2-user/data/topics/4256 1396
@/home/ec2-user/data/topics/1563 1397
@/home/ec2-user/data/topics/3470 1398
@/home/ec2-user/data/topics/4349 1398
日本輸送機株式会社

@/home/ec2-user/data/topics/1108 1399
@/home/ec2-user/data/topics/1538 1399
@/home/ec2-user/data/topics/1191 1399
@/home/ec2-user/data/topics/2221 1400
@/home/ec2-user/data/topics/1493 1401
@/home/ec2-user/data/topics/1456 1402
@/home/ec2-user/data/topics/1940 1403
@/home/ec2-user/data/topics/3573 1404
@/home/ec2-user/data/topics/2065 1405
@/home/ec2-user/data/topics/1678 1406
東京エレクトロン株式会社

@/home/ec2-user/data/topics/3947 1406
@/home/ec2-user/data/topics/1736 1406
@/home/ec2-user/data/topics/3973 1407
@/home/ec2-user/data/topics/4053 1407
@/home/ec2-user/data/topics/1263 1408
@/home/ec2-user/data/topics/4002 1409
@/home/ec2-user/data/topics/1892 1410
@/home/ec2-user/data/topics/4702 1410
@/home/ec2-user/data/topics/1508 1411
@/home/ec2-user/data/topics/1800 1412
@/home/ec2-user/data/topics/4023 1413
@/home/ec2-user/data/topics/4618 1414
@/home/ec2-user/data/topics/4345 1415
@/home/ec2-user/data/topics/1895 1416
@/home/ec2-user/data/topics/4906 1416
株式会社村田製作所

@/home/ec2-user/data/topics/1895 1417
@/home/ec2-user/data/topics/1099 1417
@/home/ec2-user/data/topics/2229 1417
@/home/ec2-user/data/topics/4042 1418
@/home/ec2-user/data/topics/4378 1419
@/home/ec2-user/data/topics/4417 1420
@/home/ec2-user/data/topics/4492 1421
@/home/ec2-user/data/topics/3697 1421
@/home/ec2-user/data/topics/4070 1422
@/home/ec2-user/data/topics/1039 1423
@/home/ec2-user/data/topics/3885 1423
@/home/ec2-user/data/topics/4703 1424
@/home/ec2-user/data/topics/1411 1425
@/home/ec2-user/data/topics/1374 1426
@/home/ec2-user/data/topics/4163 1427
@/home/ec2-user/data/topics/4325 1428
@/home/ec2-user/data/topics/4432 1429
@/home/ec2-user/data/topics/3435 1430
@/home/ec2-user/data/topics/3482 1431
@/home/ec2-user/data/topics/4271 1432
@/home/ec2-user/data/topics/4795 1433
日本電信電話株式会社

@/home/ec2-user/data/topics/1934 1434
@/home/ec2-user/data/topics/2017 1434
@/home/ec2-user/data/topics/1230 1435
@/home/ec2-user/data/topics/3425 1436
@/home/ec2-user/data/topics/3915 1437
@/home/ec2-user/data/topics/4121 1438
@/home/ec2-user/data/topics/4870 1439
@/home/ec2-user/data/topics/4488 1440
@/home/ec2-user/data/topics/3359 1441
@/home/ec2-user/data/topics/4925 1442
@/home/ec2-user/data/topics/3641 1443
@/home/ec2-user/data/topics/3855 1444
@/home/ec2-user/data/topics/3509 1444
@/home/ec2-user/data/topics/4208 1445
@/home/ec2-user/data/topics/4964 1446
@/home/ec2-user/data/topics/3521 1447
@/home/ec2-user/data/topics/4146 1448
@/home/ec2-user/data/topics/3927 1449
@/home/ec2-user/data/topics/3811 1450
@/home/ec2-user/data/topics/1556 1451
@/home/ec2-user/data/topics/4366 1452
@/home/ec2-user/data/topics/3824 1452
@/home/ec2-user/data/topics/3928 1453
@/home/ec2-user/data/topics/4025 1454
@/home/ec2-user/data/topics/4664 1455
@/home/ec2-user/data/topics/1701 1456
@/home/ec2-user/data/topics/3544 1456
@/home/ec2-user/data/topics/1809 1457
@/home/ec2-user/data/topics/1408 1458
@/home/ec2-user/data/topics/3536 1459
@/home/ec2-user/data/topics/1650 1460
@/home/ec2-user/data/topics/3552 1460
@/home/ec2-user/data/topics/4175 1461
@/home/ec2-user/data/topics/4087 1462
@/home/ec2-user/data/topics/3799 1463
@/home/ec2-user/data/topics/4739 1463
@/home/ec2-user/data/topics/4443 1463
@/home/ec2-user/data/topics/4865 1464
@/home/ec2-user/data/topics/4104 1465
@/home/ec2-user/data/topics/4646 1466
@/home/ec2-user/data/topics/4662 1466
@/home/ec2-user/data/topics/2130 1466
@/home/ec2-user/data/topics/3650 1467
@/home/ec2-user/data/topics/4114 1468
@/home/ec2-user/data/topics/1042 1469
@/home/ec2-user/data/topics/3586 1470
@/home/ec2-user/data/topics/3894 1471
@/home/ec2-user/data/topics/4131 1472
@/home/ec2-user/data/topics/4952 1473
@/home/ec2-user/data/topics/3568 1474
@/home/ec2-user/data/topics/4836 1475
@/home/ec2-user/data/topics/4115 1476
@/home/ec2-user/data/topics/1414 1477
@/home/ec2-user/data/topics/4916 1477
@/home/ec2-user/data/topics/4232 1478
@/home/ec2-user/data/topics/1148 1479
@/home/ec2-user/data/topics/3785 1479
@/home/ec2-user/data/topics/4560 1480
@/home/ec2-user/data/topics/1787 1481
@/home/ec2-user/data/topics/4792 1482
@/home/ec2-user/data/topics/4965 1483
@/home/ec2-user/data/topics/1641 1484
@/home/ec2-user/data/topics/4505 1484
@/home/ec2-user/data/topics/4118 1485
@/home/ec2-user/data/topics/4511 1486
@/home/ec2-user/data/topics/4335 1487
@/home/ec2-user/data/topics/3633 1488
@/home/ec2-user/data/topics/1229 1488
日本鋼管株式会社

@/home/ec2-user/data/topics/4289 1489
@/home/ec2-user/data/topics/1690 1489
@/home/ec2-user/data/topics/3843 1490
@/home/ec2-user/data/topics/4161 1490
@/home/ec2-user/data/topics/4455 1491
@/home/ec2-user/data/topics/1404 1492
@/home/ec2-user/data/topics/2087 1493
@/home/ec2-user/data/topics/2095 1493
@/home/ec2-user/data/topics/3572 1494
株式会社神戸製鋼所

@/home/ec2-user/data/topics/3475 1495
@/home/ec2-user/data/topics/4949 1495
@/home/ec2-user/data/topics/1465 1496
@/home/ec2-user/data/topics/3902 1497
@/home/ec2-user/data/topics/3674 1498
@/home/ec2-user/data/topics/3632 1499
@/home/ec2-user/data/topics/4554 1500
@/home/ec2-user/data/topics/4368 1500
@/home/ec2-user/data/topics/2064 1500
株式会社ケンウッド

@/home/ec2-user/data/topics/2163 1501
@/home/ec2-user/data/topics/2036 1501
@/home/ec2-user/data/topics/1896 1502
@/home/ec2-user/data/topics/3969 1503
@/home/ec2-user/data/topics/3463 1504
@/home/ec2-user/data/topics/1923 1505
@/home/ec2-user/data/topics/4050 1505
@/home/ec2-user/data/topics/4167 1506
@/home/ec2-user/data/topics/4038 1507
@/home/ec2-user/data/topics/1698 1508
@/home/ec2-user/data/topics/3839 1509
@/home/ec2-user/data/topics/1345 1510
@/home/ec2-user/data/topics/2119 1511
@/home/ec2-user/data/topics/4467 1511
@/home/ec2-user/data/topics/4176 1512
@/home/ec2-user/data/topics/5030 1512
@/home/ec2-user/data/topics/1617 1512
@/home/ec2-user/data/topics/1186 1513
@/home/ec2-user/data/topics/1981 1514
@/home/ec2-user/data/topics/3801 1514
@/home/ec2-user/data/topics/1241 1515
@/home/ec2-user/data/topics/3794 1516
@/home/ec2-user/data/topics/1424 1517
@/home/ec2-user/data/topics/1115 1518
@/home/ec2-user/data/topics/3977 1519
@/home/ec2-user/data/topics/3878 1520
東陶機器株式会社

@/home/ec2-user/data/topics/1626 1521
@/home/ec2-user/data/topics/1147 1521
@/home/ec2-user/data/topics/1735 1521
@/home/ec2-user/data/topics/1692 1522
@/home/ec2-user/data/topics/2135 1523
@/home/ec2-user/data/topics/3821 1524
@/home/ec2-user/data/topics/3583 1525
@/home/ec2-user/data/topics/4656 1526
本田技研工業株式会社

@/home/ec2-user/data/topics/5026 1526
@/home/ec2-user/data/topics/3467 1526
@/home/ec2-user/data/topics/3685 1526
@/home/ec2-user/data/topics/4375 1527
@/home/ec2-user/data/topics/1818 1528
@/home/ec2-user/data/topics/4888 1529
@/home/ec2-user/data/topics/4033 1530
@/home/ec2-user/data/topics/4783 1531
@/home/ec2-user/data/topics/4697 1532
@/home/ec2-user/data/topics/4331 1532
@/home/ec2-user/data/topics/4199 1533
@/home/ec2-user/data/topics/1911 1534
@/home/ec2-user/data/topics/1226 1534
@/home/ec2-user/data/topics/1266 1535
@/home/ec2-user/data/topics/1215 1536
@/home/ec2-user/data/topics/4132 1537
@/home/ec2-user/data/topics/1143 1538
@/home/ec2-user/data/topics/1803 1539
@/home/ec2-user/data/topics/1605 1539
@/home/ec2-user/data/topics/2000 1540
@/home/ec2-user/data/topics/1444 1541
@/home/ec2-user/data/topics/2016 1542
@/home/ec2-user/data/topics/1822 1543
新日本製鐵株式会社

@/home/ec2-user/data/topics/4472 1544
@/home/ec2-user/data/topics/5008 1544
@/home/ec2-user/data/topics/4709 1545
@/home/ec2-user/data/topics/3663 1545
@/home/ec2-user/data/topics/3368 1546
@/home/ec2-user/data/topics/3899 1547
@/home/ec2-user/data/topics/3861 1548
@/home/ec2-user/data/topics/4491 1549
松下電工株式会社

@/home/ec2-user/data/topics/1251 1549
@/home/ec2-user/data/topics/4592 1549
@/home/ec2-user/data/topics/3651 1550
@/home/ec2-user/data/topics/3778 1551
@/home/ec2-user/data/topics/4094 1552
@/home/ec2-user/data/topics/4029 1553
@/home/ec2-user/data/topics/3835 1554
@/home/ec2-user/data/topics/1803 1555
@/home/ec2-user/data/topics/4347 1556
@/home/ec2-user/data/topics/3511 1557
@/home/ec2-user/data/topics/3549 1558
@/home/ec2-user/data/topics/3991 1559
@/home/ec2-user/data/topics/3932 1559
@/home/ec2-user/data/topics/3383 1560
@/home/ec2-user/data/topics/4450 1560
@/home/ec2-user/data/topics/3379 1561
@/home/ec2-user/data/topics/4637 1562
@/home/ec2-user/data/topics/1311 1562
@/home/ec2-user/data/topics/4900 1563
@/home/ec2-user/data/topics/4083 1563
@/home/ec2-user/data/topics/4012 1564
@/home/ec2-user/data/topics/4633 1565
@/home/ec2-user/data/topics/3565 1565
@/home/ec2-user/data/topics/2045 1566
@/home/ec2-user/data/topics/1011 1567
@/home/ec2-user/data/topics/3670 1568
@/home/ec2-user/data/topics/4317 1569
usernum: 72
hit: 517
simhit: 966
simmax: 0.607844877738
simmin: 0.0
simavg: 0.202028756226
dlmax: 0.113549241812
dlmin: 0.00890740030346
dlavg: 0.0338037304714
mthit: 460
mthls: 345
srp: 292.567
total: 1570
hit/total: 0.329299363057
simhit/total: 0.615286624204
mthit/(total+usernum): 0.280146163216
mthls/(total+usernum): 0.210109622412
srp/(total+usernum): 0.059392407633
srp20/(total+usernum): 0.0171843280552
srp100/(total+usernum): 0.0348213560698
srp500/(total+usernum): 0.0514859926918

2016-12-21 03:28:37.487400
