2016-12-22 01:33:12.783064

topic-folder:/home/ec2-user/data/topics/
cl-file:/home/ec2-user/git/tfidf/result-new/b2-3.txt
cl-floder:/home/ec2-user/data/lsaclass/
zipf:0.1
stype[0(tfidf)/1(tfidf2)/2(lsa)/3(lda)]:2
dtype[<0(diff*rand)/0(diff)/1(same)/>=2(diff*same)]:0
output-floder:/home/ec2-user/git/userquery/result-new

三菱マテリアル株式会社

@/home/ec2-user/data/topics/3520 0
@/home/ec2-user/data/topics/3630 0
@/home/ec2-user/data/topics/2093 1
@/home/ec2-user/data/topics/3470 2
@/home/ec2-user/data/topics/1085 3
@/home/ec2-user/data/topics/3866 4
@/home/ec2-user/data/topics/1638 5
@/home/ec2-user/data/topics/3546 6
日本精機株式会社

@/home/ec2-user/data/topics/4709 7
@/home/ec2-user/data/topics/4972 7
@/home/ec2-user/data/topics/4875 8
@/home/ec2-user/data/topics/4907 9
@/home/ec2-user/data/topics/4690 10
@/home/ec2-user/data/topics/1398 11
コニカ株式会社

@/home/ec2-user/data/topics/3486 12
@/home/ec2-user/data/topics/1946 12
@/home/ec2-user/data/topics/3357 13
@/home/ec2-user/data/topics/3419 14
@/home/ec2-user/data/topics/3533 15
@/home/ec2-user/data/topics/3414 16
@/home/ec2-user/data/topics/3370 17
@/home/ec2-user/data/topics/2162 18
@/home/ec2-user/data/topics/3426 19
@/home/ec2-user/data/topics/3418 20
@/home/ec2-user/data/topics/3431 21
埼玉日本電気株式会社

@/home/ec2-user/data/topics/1620 22
@/home/ec2-user/data/topics/4468 22
@/home/ec2-user/data/topics/1512 23
@/home/ec2-user/data/topics/4279 24
@/home/ec2-user/data/topics/5010 25
@/home/ec2-user/data/topics/4283 26
@/home/ec2-user/data/topics/4242 27
@/home/ec2-user/data/topics/4998 28
@/home/ec2-user/data/topics/4496 29
アルプス電気株式会社

@/home/ec2-user/data/topics/4791 30
@/home/ec2-user/data/topics/2089 30
@/home/ec2-user/data/topics/1434 31
@/home/ec2-user/data/topics/3582 32
@/home/ec2-user/data/topics/1253 33
@/home/ec2-user/data/topics/2012 34
@/home/ec2-user/data/topics/3429 35
三菱重工業株式会社

@/home/ec2-user/data/topics/3637 36
@/home/ec2-user/data/topics/4882 36
@/home/ec2-user/data/topics/5022 37
@/home/ec2-user/data/topics/3591 38
@/home/ec2-user/data/topics/3529 39
@/home/ec2-user/data/topics/3833 40
@/home/ec2-user/data/topics/3944 41
@/home/ec2-user/data/topics/4862 42
@/home/ec2-user/data/topics/4412 43
@/home/ec2-user/data/topics/4563 44
@/home/ec2-user/data/topics/4687 45
@/home/ec2-user/data/topics/3503 46
村田機械株式会社

@/home/ec2-user/data/topics/1074 47
@/home/ec2-user/data/topics/5000 47
@/home/ec2-user/data/topics/4746 48
@/home/ec2-user/data/topics/4570 49
@/home/ec2-user/data/topics/4645 50
@/home/ec2-user/data/topics/4941 51
@/home/ec2-user/data/topics/1293 52
@/home/ec2-user/data/topics/4596 53
@/home/ec2-user/data/topics/3528 54
@/home/ec2-user/data/topics/4441 55
@/home/ec2-user/data/topics/3740 56
@/home/ec2-user/data/topics/4565 57
@/home/ec2-user/data/topics/1511 58
@/home/ec2-user/data/topics/4556 59
@/home/ec2-user/data/topics/1607 60
@/home/ec2-user/data/topics/4835 61
@/home/ec2-user/data/topics/4638 62
川崎製鉄株式会社

@/home/ec2-user/data/topics/4615 63
@/home/ec2-user/data/topics/3532 63
@/home/ec2-user/data/topics/1459 64
@/home/ec2-user/data/topics/1037 65
@/home/ec2-user/data/topics/3611 66
@/home/ec2-user/data/topics/3929 67
@/home/ec2-user/data/topics/3553 68
@/home/ec2-user/data/topics/3413 69
@/home/ec2-user/data/topics/3483 70
ダイキン工業株式会社

@/home/ec2-user/data/topics/4753 71
@/home/ec2-user/data/topics/4734 71
@/home/ec2-user/data/topics/1565 72
@/home/ec2-user/data/topics/4858 73
@/home/ec2-user/data/topics/4701 74
@/home/ec2-user/data/topics/4367 75
@/home/ec2-user/data/topics/4845 76
@/home/ec2-user/data/topics/4400 77
@/home/ec2-user/data/topics/4515 78
@/home/ec2-user/data/topics/1600 79
@/home/ec2-user/data/topics/3888 80
三菱自動車工業株式会社

@/home/ec2-user/data/topics/3940 81
@/home/ec2-user/data/topics/1816 81
@/home/ec2-user/data/topics/2101 82
@/home/ec2-user/data/topics/4189 83
@/home/ec2-user/data/topics/3502 84
@/home/ec2-user/data/topics/1527 85
@/home/ec2-user/data/topics/1428 86
@/home/ec2-user/data/topics/3815 87
日産自動車株式会社

@/home/ec2-user/data/topics/3489 88
@/home/ec2-user/data/topics/4982 88
@/home/ec2-user/data/topics/3497 89
@/home/ec2-user/data/topics/3712 90
@/home/ec2-user/data/topics/3829 91
@/home/ec2-user/data/topics/3677 92
@/home/ec2-user/data/topics/3723 93
@/home/ec2-user/data/topics/4074 94
@/home/ec2-user/data/topics/3936 95
@/home/ec2-user/data/topics/3645 96
@/home/ec2-user/data/topics/3501 97
トヨタ自動車株式会社

@/home/ec2-user/data/topics/4008 98
@/home/ec2-user/data/topics/3783 98
@/home/ec2-user/data/topics/4298 99
@/home/ec2-user/data/topics/3731 100
@/home/ec2-user/data/topics/3356 101
@/home/ec2-user/data/topics/4633 102
@/home/ec2-user/data/topics/3699 103
@/home/ec2-user/data/topics/3481 104
@/home/ec2-user/data/topics/3405 105
@/home/ec2-user/data/topics/4426 106
@/home/ec2-user/data/topics/3725 107
@/home/ec2-user/data/topics/1494 108
@/home/ec2-user/data/topics/3671 109
@/home/ec2-user/data/topics/4030 110
@/home/ec2-user/data/topics/4647 111
@/home/ec2-user/data/topics/2111 112
@/home/ec2-user/data/topics/4543 113
@/home/ec2-user/data/topics/4144 114
@/home/ec2-user/data/topics/1551 115
@/home/ec2-user/data/topics/3587 116
@/home/ec2-user/data/topics/3943 117
@/home/ec2-user/data/topics/4658 118
@/home/ec2-user/data/topics/2218 119
@/home/ec2-user/data/topics/4346 120
@/home/ec2-user/data/topics/4064 121
@/home/ec2-user/data/topics/4920 122
@/home/ec2-user/data/topics/4767 123
@/home/ec2-user/data/topics/4617 124
@/home/ec2-user/data/topics/3758 125
オリンパス光学工業株式会社

@/home/ec2-user/data/topics/1586 126
@/home/ec2-user/data/topics/1155 126
@/home/ec2-user/data/topics/4013 127
@/home/ec2-user/data/topics/4007 128
@/home/ec2-user/data/topics/1835 129
@/home/ec2-user/data/topics/4878 130
@/home/ec2-user/data/topics/1981 131
@/home/ec2-user/data/topics/1869 132
@/home/ec2-user/data/topics/2026 133
@/home/ec2-user/data/topics/1739 134
@/home/ec2-user/data/topics/1107 135
@/home/ec2-user/data/topics/5006 136
ブラザー工業株式会社

@/home/ec2-user/data/topics/2086 137
@/home/ec2-user/data/topics/1164 137
@/home/ec2-user/data/topics/1906 138
@/home/ec2-user/data/topics/1183 139
@/home/ec2-user/data/topics/2085 140
@/home/ec2-user/data/topics/3686 141
@/home/ec2-user/data/topics/3789 142
@/home/ec2-user/data/topics/1076 143
@/home/ec2-user/data/topics/3507 144
@/home/ec2-user/data/topics/1636 145
@/home/ec2-user/data/topics/3613 146
@/home/ec2-user/data/topics/1300 147
@/home/ec2-user/data/topics/1697 148
@/home/ec2-user/data/topics/3477 149
@/home/ec2-user/data/topics/4548 150
富士通株式会社

@/home/ec2-user/data/topics/1874 151
@/home/ec2-user/data/topics/1264 151
@/home/ec2-user/data/topics/2216 152
@/home/ec2-user/data/topics/3883 153
@/home/ec2-user/data/topics/3850 154
@/home/ec2-user/data/topics/3381 155
@/home/ec2-user/data/topics/3538 156
@/home/ec2-user/data/topics/1123 157
@/home/ec2-user/data/topics/3751 158
@/home/ec2-user/data/topics/1609 159
@/home/ec2-user/data/topics/5004 160
@/home/ec2-user/data/topics/3846 161
@/home/ec2-user/data/topics/3870 162
@/home/ec2-user/data/topics/3636 163
@/home/ec2-user/data/topics/2215 164
@/home/ec2-user/data/topics/3428 165
@/home/ec2-user/data/topics/3802 166
@/home/ec2-user/data/topics/3912 167
@/home/ec2-user/data/topics/4191 168
@/home/ec2-user/data/topics/1547 169
@/home/ec2-user/data/topics/3400 170
@/home/ec2-user/data/topics/3970 171
@/home/ec2-user/data/topics/1998 172
@/home/ec2-user/data/topics/3765 173
@/home/ec2-user/data/topics/3399 174
@/home/ec2-user/data/topics/2227 175
@/home/ec2-user/data/topics/3749 176
@/home/ec2-user/data/topics/3799 177
@/home/ec2-user/data/topics/3862 178
@/home/ec2-user/data/topics/1271 179
@/home/ec2-user/data/topics/3460 180
@/home/ec2-user/data/topics/3962 181
静岡日本電気株式会社

@/home/ec2-user/data/topics/4250 182
@/home/ec2-user/data/topics/4507 182
@/home/ec2-user/data/topics/4326 183
@/home/ec2-user/data/topics/4531 184
@/home/ec2-user/data/topics/4314 185
@/home/ec2-user/data/topics/4365 186
住友重機械工業株式会社

@/home/ec2-user/data/topics/3952 187
@/home/ec2-user/data/topics/3868 187
@/home/ec2-user/data/topics/1019 188
@/home/ec2-user/data/topics/2039 189
@/home/ec2-user/data/topics/1553 190
@/home/ec2-user/data/topics/1505 191
@/home/ec2-user/data/topics/4854 192
@/home/ec2-user/data/topics/1900 193
@/home/ec2-user/data/topics/1373 194
大日本印刷株式会社

@/home/ec2-user/data/topics/3569 195
@/home/ec2-user/data/topics/1145 195
@/home/ec2-user/data/topics/1099 196
@/home/ec2-user/data/topics/1262 197
@/home/ec2-user/data/topics/3388 198
@/home/ec2-user/data/topics/1564 199
日本電気株式会社

@/home/ec2-user/data/topics/2119 200
@/home/ec2-user/data/topics/1457 200
@/home/ec2-user/data/topics/1948 201
@/home/ec2-user/data/topics/4204 202
@/home/ec2-user/data/topics/4257 203
@/home/ec2-user/data/topics/4278 204
@/home/ec2-user/data/topics/4276 205
@/home/ec2-user/data/topics/4100 206
@/home/ec2-user/data/topics/4427 207
@/home/ec2-user/data/topics/4246 208
@/home/ec2-user/data/topics/4281 209
@/home/ec2-user/data/topics/4609 210
@/home/ec2-user/data/topics/1928 211
@/home/ec2-user/data/topics/2166 212
@/home/ec2-user/data/topics/4643 213
@/home/ec2-user/data/topics/4258 214
@/home/ec2-user/data/topics/4186 215
@/home/ec2-user/data/topics/4092 216
@/home/ec2-user/data/topics/4536 217
@/home/ec2-user/data/topics/4824 218
@/home/ec2-user/data/topics/4659 219
@/home/ec2-user/data/topics/4682 220
@/home/ec2-user/data/topics/3897 221
@/home/ec2-user/data/topics/4288 222
@/home/ec2-user/data/topics/4532 223
@/home/ec2-user/data/topics/2127 224
@/home/ec2-user/data/topics/1791 225
@/home/ec2-user/data/topics/4119 226
@/home/ec2-user/data/topics/4718 227
@/home/ec2-user/data/topics/4404 228
@/home/ec2-user/data/topics/4313 229
@/home/ec2-user/data/topics/4447 230
@/home/ec2-user/data/topics/4272 231
@/home/ec2-user/data/topics/3853 232
@/home/ec2-user/data/topics/4485 233
@/home/ec2-user/data/topics/4227 234
@/home/ec2-user/data/topics/4651 235
@/home/ec2-user/data/topics/4128 236
@/home/ec2-user/data/topics/3971 237
@/home/ec2-user/data/topics/2031 238
@/home/ec2-user/data/topics/4342 239
@/home/ec2-user/data/topics/4940 240
@/home/ec2-user/data/topics/4490 241
@/home/ec2-user/data/topics/4644 242
@/home/ec2-user/data/topics/4770 243
@/home/ec2-user/data/topics/3724 244
@/home/ec2-user/data/topics/4486 245
@/home/ec2-user/data/topics/4764 246
@/home/ec2-user/data/topics/4275 247
@/home/ec2-user/data/topics/4665 248
@/home/ec2-user/data/topics/1661 249
@/home/ec2-user/data/topics/2144 250
@/home/ec2-user/data/topics/4725 251
@/home/ec2-user/data/topics/4533 252
@/home/ec2-user/data/topics/4414 253
@/home/ec2-user/data/topics/4626 254
@/home/ec2-user/data/topics/4359 255
@/home/ec2-user/data/topics/1973 256
@/home/ec2-user/data/topics/1281 257
@/home/ec2-user/data/topics/4760 258
@/home/ec2-user/data/topics/4247 259
@/home/ec2-user/data/topics/4338 260
@/home/ec2-user/data/topics/4750 261
@/home/ec2-user/data/topics/4742 262
@/home/ec2-user/data/topics/1464 263
@/home/ec2-user/data/topics/1101 264
@/home/ec2-user/data/topics/3744 265
@/home/ec2-user/data/topics/4207 266
@/home/ec2-user/data/topics/4300 267
@/home/ec2-user/data/topics/4530 268
@/home/ec2-user/data/topics/1326 269
@/home/ec2-user/data/topics/4779 270
@/home/ec2-user/data/topics/4273 271
@/home/ec2-user/data/topics/4216 272
@/home/ec2-user/data/topics/4162 273
@/home/ec2-user/data/topics/4134 274
@/home/ec2-user/data/topics/4657 275
@/home/ec2-user/data/topics/4549 276
@/home/ec2-user/data/topics/3956 277
@/home/ec2-user/data/topics/3995 278
@/home/ec2-user/data/topics/4388 279
@/home/ec2-user/data/topics/3729 280
@/home/ec2-user/data/topics/4838 281
@/home/ec2-user/data/topics/4236 282
@/home/ec2-user/data/topics/4433 283
@/home/ec2-user/data/topics/4561 284
@/home/ec2-user/data/topics/4689 285
@/home/ec2-user/data/topics/4003 286
@/home/ec2-user/data/topics/4320 287
@/home/ec2-user/data/topics/2088 288
@/home/ec2-user/data/topics/1112 289
@/home/ec2-user/data/topics/4082 290
@/home/ec2-user/data/topics/3865 291
@/home/ec2-user/data/topics/2022 292
@/home/ec2-user/data/topics/4446 293
@/home/ec2-user/data/topics/4699 294
@/home/ec2-user/data/topics/4429 295
@/home/ec2-user/data/topics/4775 296
@/home/ec2-user/data/topics/4352 297
@/home/ec2-user/data/topics/4244 298
@/home/ec2-user/data/topics/1557 299
@/home/ec2-user/data/topics/4708 300
@/home/ec2-user/data/topics/1116 301
@/home/ec2-user/data/topics/1360 302
@/home/ec2-user/data/topics/1773 303
@/home/ec2-user/data/topics/4243 304
@/home/ec2-user/data/topics/4240 305
@/home/ec2-user/data/topics/1624 306
@/home/ec2-user/data/topics/4154 307
@/home/ec2-user/data/topics/4017 308
@/home/ec2-user/data/topics/1486 309
@/home/ec2-user/data/topics/4062 310
@/home/ec2-user/data/topics/4097 311
@/home/ec2-user/data/topics/1044 312
@/home/ec2-user/data/topics/1764 313
@/home/ec2-user/data/topics/4196 314
@/home/ec2-user/data/topics/1383 315
@/home/ec2-user/data/topics/4434 316
@/home/ec2-user/data/topics/4238 317
@/home/ec2-user/data/topics/1724 318
@/home/ec2-user/data/topics/4393 319
@/home/ec2-user/data/topics/4093 320
@/home/ec2-user/data/topics/1867 321
@/home/ec2-user/data/topics/1016 322
@/home/ec2-user/data/topics/4360 323
@/home/ec2-user/data/topics/4634 324
@/home/ec2-user/data/topics/4584 325
@/home/ec2-user/data/topics/4598 326
@/home/ec2-user/data/topics/4171 327
@/home/ec2-user/data/topics/4192 328
@/home/ec2-user/data/topics/4209 329
@/home/ec2-user/data/topics/4343 330
@/home/ec2-user/data/topics/4759 331
@/home/ec2-user/data/topics/4721 332
@/home/ec2-user/data/topics/4116 333
@/home/ec2-user/data/topics/1567 334
@/home/ec2-user/data/topics/1891 335
@/home/ec2-user/data/topics/1199 336
@/home/ec2-user/data/topics/1852 337
@/home/ec2-user/data/topics/4319 338
@/home/ec2-user/data/topics/4808 339
@/home/ec2-user/data/topics/4260 340
@/home/ec2-user/data/topics/1923 341
@/home/ec2-user/data/topics/4728 342
@/home/ec2-user/data/topics/4877 343
@/home/ec2-user/data/topics/4168 344
@/home/ec2-user/data/topics/4613 345
@/home/ec2-user/data/topics/4595 346
@/home/ec2-user/data/topics/4666 347
@/home/ec2-user/data/topics/1844 348
@/home/ec2-user/data/topics/4850 349
@/home/ec2-user/data/topics/4749 350
@/home/ec2-user/data/topics/4310 351
@/home/ec2-user/data/topics/1937 352
@/home/ec2-user/data/topics/4390 353
@/home/ec2-user/data/topics/1523 354
@/home/ec2-user/data/topics/4696 355
@/home/ec2-user/data/topics/4442 356
@/home/ec2-user/data/topics/2150 357
@/home/ec2-user/data/topics/4458 358
@/home/ec2-user/data/topics/3954 359
@/home/ec2-user/data/topics/1100 360
@/home/ec2-user/data/topics/1634 361
@/home/ec2-user/data/topics/4497 362
@/home/ec2-user/data/topics/4425 363
@/home/ec2-user/data/topics/4926 364
@/home/ec2-user/data/topics/1078 365
@/home/ec2-user/data/topics/4440 366
@/home/ec2-user/data/topics/4071 367
@/home/ec2-user/data/topics/4371 368
@/home/ec2-user/data/topics/4646 369
@/home/ec2-user/data/topics/4254 370
@/home/ec2-user/data/topics/4876 371
@/home/ec2-user/data/topics/5034 372
@/home/ec2-user/data/topics/4578 373
@/home/ec2-user/data/topics/1500 374
@/home/ec2-user/data/topics/3875 375
@/home/ec2-user/data/topics/1052 376
@/home/ec2-user/data/topics/1122 377
@/home/ec2-user/data/topics/3767 378
@/home/ec2-user/data/topics/4816 379
@/home/ec2-user/data/topics/3896 380
@/home/ec2-user/data/topics/4398 381
@/home/ec2-user/data/topics/1815 382
@/home/ec2-user/data/topics/4267 383
@/home/ec2-user/data/topics/4480 384
@/home/ec2-user/data/topics/3766 385
@/home/ec2-user/data/topics/4418 386
@/home/ec2-user/data/topics/4081 387
@/home/ec2-user/data/topics/4142 388
@/home/ec2-user/data/topics/4318 389
@/home/ec2-user/data/topics/1710 390
@/home/ec2-user/data/topics/4138 391
@/home/ec2-user/data/topics/4477 392
@/home/ec2-user/data/topics/3938 393
@/home/ec2-user/data/topics/1362 394
@/home/ec2-user/data/topics/4389 395
@/home/ec2-user/data/topics/1595 396
@/home/ec2-user/data/topics/4137 397
@/home/ec2-user/data/topics/1879 398
@/home/ec2-user/data/topics/4185 399
@/home/ec2-user/data/topics/4785 400
@/home/ec2-user/data/topics/1783 401
@/home/ec2-user/data/topics/4892 402
@/home/ec2-user/data/topics/1364 403
@/home/ec2-user/data/topics/4902 404
@/home/ec2-user/data/topics/4315 405
@/home/ec2-user/data/topics/3886 406
@/home/ec2-user/data/topics/4603 407
@/home/ec2-user/data/topics/4129 408
@/home/ec2-user/data/topics/4309 409
@/home/ec2-user/data/topics/4537 410
@/home/ec2-user/data/topics/4460 411
@/home/ec2-user/data/topics/2041 412
@/home/ec2-user/data/topics/4158 413
@/home/ec2-user/data/topics/4153 414
@/home/ec2-user/data/topics/4063 415
@/home/ec2-user/data/topics/4650 416
@/home/ec2-user/data/topics/1612 417
@/home/ec2-user/data/topics/4120 418
松下電器産業株式会社

@/home/ec2-user/data/topics/4804 419
@/home/ec2-user/data/topics/1252 419
@/home/ec2-user/data/topics/2080 420
@/home/ec2-user/data/topics/4945 421
@/home/ec2-user/data/topics/4475 422
@/home/ec2-user/data/topics/3658 423
@/home/ec2-user/data/topics/2029 424
@/home/ec2-user/data/topics/4918 425
@/home/ec2-user/data/topics/3694 426
@/home/ec2-user/data/topics/3402 427
@/home/ec2-user/data/topics/4464 428
@/home/ec2-user/data/topics/3514 429
@/home/ec2-user/data/topics/3807 430
@/home/ec2-user/data/topics/3704 431
@/home/ec2-user/data/topics/3692 432
@/home/ec2-user/data/topics/4394 433
@/home/ec2-user/data/topics/2156 434
@/home/ec2-user/data/topics/4159 435
@/home/ec2-user/data/topics/4961 436
@/home/ec2-user/data/topics/3904 437
@/home/ec2-user/data/topics/4157 438
@/home/ec2-user/data/topics/3920 439
@/home/ec2-user/data/topics/1589 440
@/home/ec2-user/data/topics/3455 441
@/home/ec2-user/data/topics/4264 442
@/home/ec2-user/data/topics/4707 443
@/home/ec2-user/data/topics/3510 444
@/home/ec2-user/data/topics/1885 445
@/home/ec2-user/data/topics/4422 446
@/home/ec2-user/data/topics/1701 447
@/home/ec2-user/data/topics/3558 448
@/home/ec2-user/data/topics/3721 449
@/home/ec2-user/data/topics/1157 450
@/home/ec2-user/data/topics/4968 451
@/home/ec2-user/data/topics/4274 452
@/home/ec2-user/data/topics/3739 453
@/home/ec2-user/data/topics/4867 454
@/home/ec2-user/data/topics/4448 455
@/home/ec2-user/data/topics/1812 456
@/home/ec2-user/data/topics/4667 457
@/home/ec2-user/data/topics/4098 458
@/home/ec2-user/data/topics/2222 459
@/home/ec2-user/data/topics/3519 460
@/home/ec2-user/data/topics/4586 461
@/home/ec2-user/data/topics/4787 462
@/home/ec2-user/data/topics/4625 463
@/home/ec2-user/data/topics/4102 464
@/home/ec2-user/data/topics/1070 465
@/home/ec2-user/data/topics/4797 466
@/home/ec2-user/data/topics/5028 467
@/home/ec2-user/data/topics/4126 468
@/home/ec2-user/data/topics/4043 469
@/home/ec2-user/data/topics/3680 470
@/home/ec2-user/data/topics/3979 471
@/home/ec2-user/data/topics/3719 472
@/home/ec2-user/data/topics/4193 473
@/home/ec2-user/data/topics/3585 474
@/home/ec2-user/data/topics/1339 475
@/home/ec2-user/data/topics/4503 476
@/home/ec2-user/data/topics/4676 477
@/home/ec2-user/data/topics/4501 478
@/home/ec2-user/data/topics/4101 479
@/home/ec2-user/data/topics/4280 480
@/home/ec2-user/data/topics/3386 481
@/home/ec2-user/data/topics/1509 482
@/home/ec2-user/data/topics/4229 483
@/home/ec2-user/data/topics/4885 484
@/home/ec2-user/data/topics/4382 485
@/home/ec2-user/data/topics/3746 486
@/home/ec2-user/data/topics/4303 487
@/home/ec2-user/data/topics/3494 488
@/home/ec2-user/data/topics/4502 489
@/home/ec2-user/data/topics/3761 490
@/home/ec2-user/data/topics/3847 491
@/home/ec2-user/data/topics/3619 492
@/home/ec2-user/data/topics/1477 493
@/home/ec2-user/data/topics/1898 494
@/home/ec2-user/data/topics/4215 495
@/home/ec2-user/data/topics/1706 496
@/home/ec2-user/data/topics/4936 497
@/home/ec2-user/data/topics/4754 498
@/home/ec2-user/data/topics/4355 499
@/home/ec2-user/data/topics/3951 500
@/home/ec2-user/data/topics/4385 501
@/home/ec2-user/data/topics/4160 502
@/home/ec2-user/data/topics/4806 503
@/home/ec2-user/data/topics/1955 504
@/home/ec2-user/data/topics/1762 505
@/home/ec2-user/data/topics/4577 506
@/home/ec2-user/data/topics/4307 507
@/home/ec2-user/data/topics/4558 508
@/home/ec2-user/data/topics/1136 509
@/home/ec2-user/data/topics/2170 510
@/home/ec2-user/data/topics/3404 511
@/home/ec2-user/data/topics/1026 512
@/home/ec2-user/data/topics/4599 513
@/home/ec2-user/data/topics/3676 514
@/home/ec2-user/data/topics/1881 515
@/home/ec2-user/data/topics/1525 516
@/home/ec2-user/data/topics/1705 517
@/home/ec2-user/data/topics/1540 518
@/home/ec2-user/data/topics/2056 519
@/home/ec2-user/data/topics/4761 520
@/home/ec2-user/data/topics/2129 521
@/home/ec2-user/data/topics/1829 522
@/home/ec2-user/data/topics/4817 523
@/home/ec2-user/data/topics/1748 524
@/home/ec2-user/data/topics/1635 525
@/home/ec2-user/data/topics/4180 526
@/home/ec2-user/data/topics/1633 527
@/home/ec2-user/data/topics/1158 528
@/home/ec2-user/data/topics/4917 529
@/home/ec2-user/data/topics/4139 530
@/home/ec2-user/data/topics/4000 531
@/home/ec2-user/data/topics/4491 532
@/home/ec2-user/data/topics/5024 533
@/home/ec2-user/data/topics/4574 534
@/home/ec2-user/data/topics/1516 535
@/home/ec2-user/data/topics/1257 536
@/home/ec2-user/data/topics/1179 537
@/home/ec2-user/data/topics/3960 538
@/home/ec2-user/data/topics/4798 539
@/home/ec2-user/data/topics/4459 540
セイコーインスツルメンツ株式会社

@/home/ec2-user/data/topics/4036 541
@/home/ec2-user/data/topics/3626 541
@/home/ec2-user/data/topics/4151 542
@/home/ec2-user/data/topics/4088 543
@/home/ec2-user/data/topics/3825 544
@/home/ec2-user/data/topics/1707 545
@/home/ec2-user/data/topics/4203 546
@/home/ec2-user/data/topics/4190 547
@/home/ec2-user/data/topics/4997 548
ミノルタ株式会社

@/home/ec2-user/data/topics/4986 549
@/home/ec2-user/data/topics/2190 549
@/home/ec2-user/data/topics/4984 550
@/home/ec2-user/data/topics/3584 551
@/home/ec2-user/data/topics/1152 552
@/home/ec2-user/data/topics/4970 553
@/home/ec2-user/data/topics/3545 554
@/home/ec2-user/data/topics/4971 555
@/home/ec2-user/data/topics/4977 556
@/home/ec2-user/data/topics/3810 557
@/home/ec2-user/data/topics/4951 558
@/home/ec2-user/data/topics/4321 559
株式会社リコー

@/home/ec2-user/data/topics/4879 560
@/home/ec2-user/data/topics/3523 560
@/home/ec2-user/data/topics/3759 561
@/home/ec2-user/data/topics/4616 562
@/home/ec2-user/data/topics/1755 563
@/home/ec2-user/data/topics/3472 564
@/home/ec2-user/data/topics/1482 565
@/home/ec2-user/data/topics/1083 566
@/home/ec2-user/data/topics/1806 567
@/home/ec2-user/data/topics/1514 568
@/home/ec2-user/data/topics/1225 569
@/home/ec2-user/data/topics/1878 570
@/home/ec2-user/data/topics/1627 571
@/home/ec2-user/data/topics/4781 572
@/home/ec2-user/data/topics/2043 573
@/home/ec2-user/data/topics/1106 574
@/home/ec2-user/data/topics/3837 575
@/home/ec2-user/data/topics/1190 576
@/home/ec2-user/data/topics/3775 577
@/home/ec2-user/data/topics/1718 578
@/home/ec2-user/data/topics/3424 579
@/home/ec2-user/data/topics/1775 580
@/home/ec2-user/data/topics/1478 581
@/home/ec2-user/data/topics/3530 582
@/home/ec2-user/data/topics/2182 583
@/home/ec2-user/data/topics/1095 584
@/home/ec2-user/data/topics/1974 585
@/home/ec2-user/data/topics/3548 586
@/home/ec2-user/data/topics/3411 587
@/home/ec2-user/data/topics/1669 588
@/home/ec2-user/data/topics/3711 589
@/home/ec2-user/data/topics/3378 590
@/home/ec2-user/data/topics/3633 591
@/home/ec2-user/data/topics/1064 592
@/home/ec2-user/data/topics/3574 593
@/home/ec2-user/data/topics/1774 594
@/home/ec2-user/data/topics/1610 595
@/home/ec2-user/data/topics/1776 596
@/home/ec2-user/data/topics/3474 597
@/home/ec2-user/data/topics/3669 598
@/home/ec2-user/data/topics/4265 599
@/home/ec2-user/data/topics/3495 600
@/home/ec2-user/data/topics/1780 601
@/home/ec2-user/data/topics/1593 602
@/home/ec2-user/data/topics/3555 603
@/home/ec2-user/data/topics/3436 604
@/home/ec2-user/data/topics/1670 605
@/home/ec2-user/data/topics/4344 606
@/home/ec2-user/data/topics/1433 607
@/home/ec2-user/data/topics/3394 608
@/home/ec2-user/data/topics/1976 609
@/home/ec2-user/data/topics/3750 610
@/home/ec2-user/data/topics/1436 611
@/home/ec2-user/data/topics/3484 612
@/home/ec2-user/data/topics/4037 613
@/home/ec2-user/data/topics/2189 614
@/home/ec2-user/data/topics/2219 615
@/home/ec2-user/data/topics/1691 616
@/home/ec2-user/data/topics/2200 617
@/home/ec2-user/data/topics/3557 618
@/home/ec2-user/data/topics/1740 619
@/home/ec2-user/data/topics/3446 620
@/home/ec2-user/data/topics/1668 621
@/home/ec2-user/data/topics/2006 622
@/home/ec2-user/data/topics/3880 623
@/home/ec2-user/data/topics/3687 624
@/home/ec2-user/data/topics/2090 625
@/home/ec2-user/data/topics/1282 626
@/home/ec2-user/data/topics/2201 627
@/home/ec2-user/data/topics/1663 628
@/home/ec2-user/data/topics/3713 629
独立行政法人産業技術総合研究所

@/home/ec2-user/data/topics/4739 630
@/home/ec2-user/data/topics/4740 630
@/home/ec2-user/data/topics/4869 631
@/home/ec2-user/data/topics/4800 632
@/home/ec2-user/data/topics/1356 633
@/home/ec2-user/data/topics/4777 634
ソニー株式会社

@/home/ec2-user/data/topics/1491 635
@/home/ec2-user/data/topics/1435 635
@/home/ec2-user/data/topics/1102 636
@/home/ec2-user/data/topics/4184 637
@/home/ec2-user/data/topics/2048 638
@/home/ec2-user/data/topics/1778 639
@/home/ec2-user/data/topics/3872 640
@/home/ec2-user/data/topics/1836 641
@/home/ec2-user/data/topics/1147 642
@/home/ec2-user/data/topics/1967 643
@/home/ec2-user/data/topics/3924 644
@/home/ec2-user/data/topics/1602 645
@/home/ec2-user/data/topics/1892 646
@/home/ec2-user/data/topics/3975 647
@/home/ec2-user/data/topics/4351 648
@/home/ec2-user/data/topics/1218 649
@/home/ec2-user/data/topics/1679 650
@/home/ec2-user/data/topics/1291 651
@/home/ec2-user/data/topics/1298 652
@/home/ec2-user/data/topics/2037 653
@/home/ec2-user/data/topics/1954 654
@/home/ec2-user/data/topics/3456 655
@/home/ec2-user/data/topics/2105 656
@/home/ec2-user/data/topics/2052 657
@/home/ec2-user/data/topics/3955 658
@/home/ec2-user/data/topics/1059 659
@/home/ec2-user/data/topics/1686 660
@/home/ec2-user/data/topics/1884 661
@/home/ec2-user/data/topics/1380 662
@/home/ec2-user/data/topics/2075 663
@/home/ec2-user/data/topics/2059 664
@/home/ec2-user/data/topics/1873 665
@/home/ec2-user/data/topics/5027 666
@/home/ec2-user/data/topics/4219 667
@/home/ec2-user/data/topics/2058 668
@/home/ec2-user/data/topics/4224 669
@/home/ec2-user/data/topics/3401 670
@/home/ec2-user/data/topics/1749 671
@/home/ec2-user/data/topics/1397 672
@/home/ec2-user/data/topics/1414 673
@/home/ec2-user/data/topics/1926 674
@/home/ec2-user/data/topics/3392 675
@/home/ec2-user/data/topics/2094 676
@/home/ec2-user/data/topics/1912 677
@/home/ec2-user/data/topics/1471 678
@/home/ec2-user/data/topics/1426 679
@/home/ec2-user/data/topics/1233 680
富士ゼロックス株式会社

@/home/ec2-user/data/topics/3383 681
@/home/ec2-user/data/topics/4108 681
@/home/ec2-user/data/topics/3661 682
@/home/ec2-user/data/topics/1947 683
@/home/ec2-user/data/topics/3640 684
@/home/ec2-user/data/topics/3407 685
@/home/ec2-user/data/topics/3662 686
@/home/ec2-user/data/topics/3695 687
@/home/ec2-user/data/topics/1560 688
@/home/ec2-user/data/topics/5031 689
@/home/ec2-user/data/topics/3782 690
@/home/ec2-user/data/topics/3473 691
@/home/ec2-user/data/topics/3564 692
@/home/ec2-user/data/topics/3790 693
@/home/ec2-user/data/topics/3366 694
住友金属工業株式会社

@/home/ec2-user/data/topics/1268 695
@/home/ec2-user/data/topics/4991 695
@/home/ec2-user/data/topics/4733 696
@/home/ec2-user/data/topics/4322 697
@/home/ec2-user/data/topics/3826 698
@/home/ec2-user/data/topics/4534 699
@/home/ec2-user/data/topics/4182 700
@/home/ec2-user/data/topics/3577 701
@/home/ec2-user/data/topics/4295 702
@/home/ec2-user/data/topics/3655 703
@/home/ec2-user/data/topics/4021 704
@/home/ec2-user/data/topics/4661 705
日立電線株式会社

@/home/ec2-user/data/topics/1388 706
@/home/ec2-user/data/topics/4329 706
@/home/ec2-user/data/topics/1117 707
@/home/ec2-user/data/topics/3756 708
@/home/ec2-user/data/topics/3930 709
@/home/ec2-user/data/topics/1027 710
@/home/ec2-user/data/topics/4356 711
@/home/ec2-user/data/topics/1305 712
@/home/ec2-user/data/topics/4357 713
キヤノン株式会社

@/home/ec2-user/data/topics/1848 714
@/home/ec2-user/data/topics/4020 714
@/home/ec2-user/data/topics/1216 715
@/home/ec2-user/data/topics/4947 716
@/home/ec2-user/data/topics/4628 717
@/home/ec2-user/data/topics/3376 718
@/home/ec2-user/data/topics/1975 719
@/home/ec2-user/data/topics/1124 720
@/home/ec2-user/data/topics/1790 721
@/home/ec2-user/data/topics/2053 722
@/home/ec2-user/data/topics/3755 723
@/home/ec2-user/data/topics/1895 724
@/home/ec2-user/data/topics/4520 725
@/home/ec2-user/data/topics/3445 726
@/home/ec2-user/data/topics/1889 727
@/home/ec2-user/data/topics/1646 728
@/home/ec2-user/data/topics/4363 729
@/home/ec2-user/data/topics/4948 730
@/home/ec2-user/data/topics/1631 731
@/home/ec2-user/data/topics/3967 732
@/home/ec2-user/data/topics/1847 733
@/home/ec2-user/data/topics/3416 734
@/home/ec2-user/data/topics/4068 735
@/home/ec2-user/data/topics/1118 736
@/home/ec2-user/data/topics/3660 737
@/home/ec2-user/data/topics/4610 738
@/home/ec2-user/data/topics/1568 739
@/home/ec2-user/data/topics/1513 740
@/home/ec2-user/data/topics/1744 741
@/home/ec2-user/data/topics/1539 742
@/home/ec2-user/data/topics/1208 743
@/home/ec2-user/data/topics/1802 744
@/home/ec2-user/data/topics/3843 745
@/home/ec2-user/data/topics/1866 746
@/home/ec2-user/data/topics/1455 747
@/home/ec2-user/data/topics/2117 748
@/home/ec2-user/data/topics/3730 749
@/home/ec2-user/data/topics/2243 750
@/home/ec2-user/data/topics/3417 751
@/home/ec2-user/data/topics/3949 752
@/home/ec2-user/data/topics/2004 753
@/home/ec2-user/data/topics/1961 754
@/home/ec2-user/data/topics/3454 755
@/home/ec2-user/data/topics/3420 756
@/home/ec2-user/data/topics/3410 757
@/home/ec2-user/data/topics/3720 758
@/home/ec2-user/data/topics/4350 759
@/home/ec2-user/data/topics/3441 760
@/home/ec2-user/data/topics/4054 761
@/home/ec2-user/data/topics/4937 762
@/home/ec2-user/data/topics/3374 763
@/home/ec2-user/data/topics/3628 764
@/home/ec2-user/data/topics/4521 765
@/home/ec2-user/data/topics/2107 766
@/home/ec2-user/data/topics/1519 767
@/home/ec2-user/data/topics/1590 768
@/home/ec2-user/data/topics/1080 769
@/home/ec2-user/data/topics/3430 770
@/home/ec2-user/data/topics/3642 771
@/home/ec2-user/data/topics/2145 772
@/home/ec2-user/data/topics/1228 773
@/home/ec2-user/data/topics/3958 774
@/home/ec2-user/data/topics/1745 775
@/home/ec2-user/data/topics/3722 776
@/home/ec2-user/data/topics/3434 777
@/home/ec2-user/data/topics/3852 778
@/home/ec2-user/data/topics/1438 779
@/home/ec2-user/data/topics/3656 780
@/home/ec2-user/data/topics/3996 781
@/home/ec2-user/data/topics/3737 782
@/home/ec2-user/data/topics/3415 783
@/home/ec2-user/data/topics/3438 784
@/home/ec2-user/data/topics/2231 785
三洋電機株式会社

@/home/ec2-user/data/topics/1515 786
@/home/ec2-user/data/topics/4763 786
@/home/ec2-user/data/topics/1652 787
@/home/ec2-user/data/topics/4060 788
@/home/ec2-user/data/topics/1079 789
@/home/ec2-user/data/topics/2014 790
@/home/ec2-user/data/topics/2063 791
@/home/ec2-user/data/topics/4178 792
@/home/ec2-user/data/topics/1289 793
@/home/ec2-user/data/topics/3491 794
@/home/ec2-user/data/topics/1479 795
@/home/ec2-user/data/topics/3708 796
@/home/ec2-user/data/topics/5002 797
@/home/ec2-user/data/topics/3804 798
@/home/ec2-user/data/topics/2230 799
@/home/ec2-user/data/topics/4492 800
@/home/ec2-user/data/topics/3845 801
@/home/ec2-user/data/topics/3808 802
@/home/ec2-user/data/topics/4099 803
@/home/ec2-user/data/topics/3581 804
@/home/ec2-user/data/topics/3403 805
@/home/ec2-user/data/topics/4571 806
@/home/ec2-user/data/topics/3926 807
@/home/ec2-user/data/topics/4978 808
@/home/ec2-user/data/topics/1722 809
@/home/ec2-user/data/topics/4015 810
@/home/ec2-user/data/topics/4066 811
@/home/ec2-user/data/topics/3625 812
@/home/ec2-user/data/topics/4837 813
@/home/ec2-user/data/topics/1386 814
@/home/ec2-user/data/topics/3889 815
@/home/ec2-user/data/topics/1321 816
@/home/ec2-user/data/topics/4527 817
@/home/ec2-user/data/topics/4061 818
@/home/ec2-user/data/topics/1980 819
@/home/ec2-user/data/topics/4212 820
@/home/ec2-user/data/topics/1488 821
@/home/ec2-user/data/topics/4150 822
@/home/ec2-user/data/topics/1163 823
@/home/ec2-user/data/topics/4039 824
@/home/ec2-user/data/topics/3830 825
@/home/ec2-user/data/topics/4179 826
@/home/ec2-user/data/topics/3859 827
@/home/ec2-user/data/topics/3953 828
@/home/ec2-user/data/topics/4328 829
@/home/ec2-user/data/topics/3906 830
@/home/ec2-user/data/topics/1246 831
@/home/ec2-user/data/topics/4983 832
@/home/ec2-user/data/topics/4304 833
@/home/ec2-user/data/topics/3754 834
@/home/ec2-user/data/topics/3986 835
@/home/ec2-user/data/topics/4001 836
@/home/ec2-user/data/topics/3539 837
@/home/ec2-user/data/topics/2054 838
@/home/ec2-user/data/topics/3398 839
@/home/ec2-user/data/topics/4726 840
@/home/ec2-user/data/topics/3492 841
@/home/ec2-user/data/topics/4384 842
@/home/ec2-user/data/topics/2098 843
@/home/ec2-user/data/topics/4788 844
@/home/ec2-user/data/topics/4720 845
@/home/ec2-user/data/topics/3781 846
@/home/ec2-user/data/topics/1653 847
@/home/ec2-user/data/topics/4604 848
@/home/ec2-user/data/topics/2194 849
@/home/ec2-user/data/topics/4376 850
@/home/ec2-user/data/topics/4301 851
@/home/ec2-user/data/topics/4654 852
@/home/ec2-user/data/topics/3974 853
@/home/ec2-user/data/topics/4474 854
@/home/ec2-user/data/topics/5011 855
@/home/ec2-user/data/topics/1451 856
@/home/ec2-user/data/topics/3681 857
@/home/ec2-user/data/topics/4612 858
@/home/ec2-user/data/topics/1671 859
@/home/ec2-user/data/topics/2071 860
@/home/ec2-user/data/topics/3817 861
@/home/ec2-user/data/topics/4960 862
@/home/ec2-user/data/topics/4679 863
三菱電機株式会社

@/home/ec2-user/data/topics/3506 864
@/home/ec2-user/data/topics/3490 864
@/home/ec2-user/data/topics/4282 865
@/home/ec2-user/data/topics/4047 866
@/home/ec2-user/data/topics/3963 867
@/home/ec2-user/data/topics/3774 868
@/home/ec2-user/data/topics/4235 869
@/home/ec2-user/data/topics/4663 870
@/home/ec2-user/data/topics/4518 871
@/home/ec2-user/data/topics/3451 872
@/home/ec2-user/data/topics/3465 873
@/home/ec2-user/data/topics/4233 874
@/home/ec2-user/data/topics/4076 875
@/home/ec2-user/data/topics/4305 876
@/home/ec2-user/data/topics/3921 877
@/home/ec2-user/data/topics/4133 878
@/home/ec2-user/data/topics/4514 879
@/home/ec2-user/data/topics/3493 880
@/home/ec2-user/data/topics/3466 881
@/home/ec2-user/data/topics/4149 882
@/home/ec2-user/data/topics/2146 883
@/home/ec2-user/data/topics/1220 884
@/home/ec2-user/data/topics/3841 885
@/home/ec2-user/data/topics/4614 886
@/home/ec2-user/data/topics/4552 887
@/home/ec2-user/data/topics/3592 888
@/home/ec2-user/data/topics/1792 889
@/home/ec2-user/data/topics/3609 890
@/home/ec2-user/data/topics/3856 891
@/home/ec2-user/data/topics/3409 892
@/home/ec2-user/data/topics/1872 893
@/home/ec2-user/data/topics/3873 894
@/home/ec2-user/data/topics/4834 895
@/home/ec2-user/data/topics/4041 896
@/home/ec2-user/data/topics/4181 897
@/home/ec2-user/data/topics/3412 898
@/home/ec2-user/data/topics/4880 899
@/home/ec2-user/data/topics/4980 900
@/home/ec2-user/data/topics/4220 901
@/home/ec2-user/data/topics/3397 902
@/home/ec2-user/data/topics/1738 903
@/home/ec2-user/data/topics/1110 904
@/home/ec2-user/data/topics/3747 905
@/home/ec2-user/data/topics/3595 906
@/home/ec2-user/data/topics/4562 907
@/home/ec2-user/data/topics/5033 908
@/home/ec2-user/data/topics/3820 909
@/home/ec2-user/data/topics/3453 910
@/home/ec2-user/data/topics/3469 911
@/home/ec2-user/data/topics/3666 912
@/home/ec2-user/data/topics/5032 913
@/home/ec2-user/data/topics/3616 914
@/home/ec2-user/data/topics/3612 915
@/home/ec2-user/data/topics/3800 916
@/home/ec2-user/data/topics/1536 917
@/home/ec2-user/data/topics/1754 918
@/home/ec2-user/data/topics/4221 919
@/home/ec2-user/data/topics/4419 920
住友ゴム工業株式会社

@/home/ec2-user/data/topics/4568 921
@/home/ec2-user/data/topics/4048 921
@/home/ec2-user/data/topics/4597 922
@/home/ec2-user/data/topics/2007 923
@/home/ec2-user/data/topics/1758 924
@/home/ec2-user/data/topics/1114 925
@/home/ec2-user/data/topics/4406 926
セイコーエプソン株式会社

@/home/ec2-user/data/topics/1641 927
@/home/ec2-user/data/topics/1484 927
@/home/ec2-user/data/topics/4801 928
@/home/ec2-user/data/topics/3505 929
@/home/ec2-user/data/topics/4386 930
@/home/ec2-user/data/topics/3819 931
@/home/ec2-user/data/topics/3985 932
@/home/ec2-user/data/topics/3361 933
@/home/ec2-user/data/topics/1343 934
@/home/ec2-user/data/topics/3887 935
@/home/ec2-user/data/topics/1890 936
@/home/ec2-user/data/topics/4022 937
@/home/ec2-user/data/topics/4605 938
@/home/ec2-user/data/topics/4719 939
@/home/ec2-user/data/topics/2165 940
@/home/ec2-user/data/topics/3476 941
@/home/ec2-user/data/topics/1938 942
@/home/ec2-user/data/topics/2078 943
@/home/ec2-user/data/topics/1378 944
@/home/ec2-user/data/topics/4585 945
@/home/ec2-user/data/topics/1423 946
@/home/ec2-user/data/topics/4802 947
@/home/ec2-user/data/topics/3589 948
@/home/ec2-user/data/topics/3910 949
@/home/ec2-user/data/topics/4454 950
@/home/ec2-user/data/topics/4109 951
株式会社三共

@/home/ec2-user/data/topics/1648 952
@/home/ec2-user/data/topics/2060 952
@/home/ec2-user/data/topics/1086 953
@/home/ec2-user/data/topics/1189 954
@/home/ec2-user/data/topics/1665 955
@/home/ec2-user/data/topics/4374 956
@/home/ec2-user/data/topics/4868 957
@/home/ec2-user/data/topics/1377 958
@/home/ec2-user/data/topics/2123 959
沖電気工業株式会社

@/home/ec2-user/data/topics/4299 960
@/home/ec2-user/data/topics/3690 960
@/home/ec2-user/data/topics/3395 961
@/home/ec2-user/data/topics/3457 962
@/home/ec2-user/data/topics/3964 963
@/home/ec2-user/data/topics/4693 964
@/home/ec2-user/data/topics/4308 965
@/home/ec2-user/data/topics/3571 966
@/home/ec2-user/data/topics/1531 967
@/home/ec2-user/data/topics/3433 968
@/home/ec2-user/data/topics/3764 969
@/home/ec2-user/data/topics/3621 970
@/home/ec2-user/data/topics/1188 971
@/home/ec2-user/data/topics/4575 972
株式会社三星

@/home/ec2-user/data/topics/2198 973
@/home/ec2-user/data/topics/3942 973
@/home/ec2-user/data/topics/1260 974
@/home/ec2-user/data/topics/1728 975
@/home/ec2-user/data/topics/2108 976
@/home/ec2-user/data/topics/1733 977
日本ビクター株式会社

@/home/ec2-user/data/topics/3620 978
@/home/ec2-user/data/topics/3603 978
@/home/ec2-user/data/topics/1389 979
@/home/ec2-user/data/topics/4672 980
@/home/ec2-user/data/topics/4123 981
@/home/ec2-user/data/topics/4056 982
@/home/ec2-user/data/topics/1520 983
@/home/ec2-user/data/topics/1823 984
@/home/ec2-user/data/topics/3882 985
@/home/ec2-user/data/topics/1440 986
@/home/ec2-user/data/topics/3939 987
花王株式会社

@/home/ec2-user/data/topics/4249 988
@/home/ec2-user/data/topics/1022 988
@/home/ec2-user/data/topics/4445 989
@/home/ec2-user/data/topics/4287 990
@/home/ec2-user/data/topics/1196 991
@/home/ec2-user/data/topics/4827 992
@/home/ec2-user/data/topics/3884 993
@/home/ec2-user/data/topics/2214 994
@/home/ec2-user/data/topics/3812 995
@/home/ec2-user/data/topics/3999 996
@/home/ec2-user/data/topics/1767 997
@/home/ec2-user/data/topics/4211 998
@/home/ec2-user/data/topics/3753 999
三田工業株式会社

@/home/ec2-user/data/topics/3923 1000
@/home/ec2-user/data/topics/3604 1000
@/home/ec2-user/data/topics/1766 1001
@/home/ec2-user/data/topics/2155 1002
@/home/ec2-user/data/topics/1269 1003
@/home/ec2-user/data/topics/2136 1004
@/home/ec2-user/data/topics/1034 1005
@/home/ec2-user/data/topics/1033 1006
@/home/ec2-user/data/topics/3842 1007
豊丸産業株式会社

@/home/ec2-user/data/topics/1284 1008
@/home/ec2-user/data/topics/1677 1008
@/home/ec2-user/data/topics/4847 1009
@/home/ec2-user/data/topics/1097 1010
@/home/ec2-user/data/topics/1914 1011
@/home/ec2-user/data/topics/1401 1012
@/home/ec2-user/data/topics/1713 1013
@/home/ec2-user/data/topics/1726 1014
@/home/ec2-user/data/topics/1138 1015
@/home/ec2-user/data/topics/1588 1016
@/home/ec2-user/data/topics/1353 1017
@/home/ec2-user/data/topics/2011 1018
@/home/ec2-user/data/topics/2169 1019
@/home/ec2-user/data/topics/1126 1020
@/home/ec2-user/data/topics/3672 1021
鐘紡株式会社

@/home/ec2-user/data/topics/3566 1022
@/home/ec2-user/data/topics/3560 1022
@/home/ec2-user/data/topics/1842 1023
@/home/ec2-user/data/topics/3634 1024
@/home/ec2-user/data/topics/1886 1025
@/home/ec2-user/data/topics/1304 1026
@/home/ec2-user/data/topics/3551 1027
@/home/ec2-user/data/topics/1901 1028
@/home/ec2-user/data/topics/1870 1029
@/home/ec2-user/data/topics/2034 1030
@/home/ec2-user/data/topics/1054 1031
@/home/ec2-user/data/topics/2185 1032
@/home/ec2-user/data/topics/1367 1033
@/home/ec2-user/data/topics/2223 1034
@/home/ec2-user/data/topics/4195 1035
@/home/ec2-user/data/topics/1178 1036
株式会社デンソー

@/home/ec2-user/data/topics/4656 1037
@/home/ec2-user/data/topics/1028 1037
@/home/ec2-user/data/topics/4483 1038
@/home/ec2-user/data/topics/4423 1039
@/home/ec2-user/data/topics/3421 1040
@/home/ec2-user/data/topics/4024 1041
@/home/ec2-user/data/topics/4498 1042
@/home/ec2-user/data/topics/3710 1043
@/home/ec2-user/data/topics/4805 1044
@/home/ec2-user/data/topics/1855 1045
@/home/ec2-user/data/topics/4675 1046
@/home/ec2-user/data/topics/4046 1047
@/home/ec2-user/data/topics/4164 1048
@/home/ec2-user/data/topics/3480 1049
@/home/ec2-user/data/topics/4622 1050
@/home/ec2-user/data/topics/3406 1051
@/home/ec2-user/data/topics/4840 1052
富士写真フイルム株式会社

@/home/ec2-user/data/topics/3447 1053
@/home/ec2-user/data/topics/3354 1053
@/home/ec2-user/data/topics/1603 1054
@/home/ec2-user/data/topics/1570 1055
@/home/ec2-user/data/topics/3911 1056
@/home/ec2-user/data/topics/2134 1057
@/home/ec2-user/data/topics/1662 1058
@/home/ec2-user/data/topics/3857 1059
@/home/ec2-user/data/topics/3918 1060
@/home/ec2-user/data/topics/1244 1061
@/home/ec2-user/data/topics/4962 1062
京セラ株式会社

@/home/ec2-user/data/topics/1708 1063
@/home/ec2-user/data/topics/1913 1063
@/home/ec2-user/data/topics/1485 1064
@/home/ec2-user/data/topics/3593 1065
@/home/ec2-user/data/topics/4901 1066
@/home/ec2-user/data/topics/3741 1067
@/home/ec2-user/data/topics/4031 1068
@/home/ec2-user/data/topics/1741 1069
@/home/ec2-user/data/topics/3615 1070
@/home/ec2-user/data/topics/4513 1071
@/home/ec2-user/data/topics/3869 1072
@/home/ec2-user/data/topics/4340 1073
イビデン株式会社

@/home/ec2-user/data/topics/1336 1074
@/home/ec2-user/data/topics/1952 1074
@/home/ec2-user/data/topics/1682 1075
@/home/ec2-user/data/topics/3814 1076
@/home/ec2-user/data/topics/1770 1077
@/home/ec2-user/data/topics/1315 1078
@/home/ec2-user/data/topics/2033 1079
株式会社東芝

@/home/ec2-user/data/topics/3360 1080
@/home/ec2-user/data/topics/4881 1080
@/home/ec2-user/data/topics/4751 1081
@/home/ec2-user/data/topics/3618 1082
@/home/ec2-user/data/topics/3683 1083
@/home/ec2-user/data/topics/3598 1084
@/home/ec2-user/data/topics/4165 1085
@/home/ec2-user/data/topics/1205 1086
@/home/ec2-user/data/topics/4361 1087
@/home/ec2-user/data/topics/3851 1088
@/home/ec2-user/data/topics/4197 1089
@/home/ec2-user/data/topics/4057 1090
@/home/ec2-user/data/topics/4009 1091
@/home/ec2-user/data/topics/1132 1092
@/home/ec2-user/data/topics/1090 1093
@/home/ec2-user/data/topics/4631 1094
@/home/ec2-user/data/topics/3881 1095
@/home/ec2-user/data/topics/3689 1096
@/home/ec2-user/data/topics/3734 1097
@/home/ec2-user/data/topics/3462 1098
@/home/ec2-user/data/topics/3795 1099
@/home/ec2-user/data/topics/3542 1100
@/home/ec2-user/data/topics/4089 1101
@/home/ec2-user/data/topics/4623 1102
@/home/ec2-user/data/topics/1757 1103
@/home/ec2-user/data/topics/3380 1104
@/home/ec2-user/data/topics/3363 1105
@/home/ec2-user/data/topics/1332 1106
@/home/ec2-user/data/topics/4302 1107
@/home/ec2-user/data/topics/3834 1108
@/home/ec2-user/data/topics/4594 1109
@/home/ec2-user/data/topics/3732 1110
@/home/ec2-user/data/topics/4755 1111
@/home/ec2-user/data/topics/3890 1112
@/home/ec2-user/data/topics/4935 1113
@/home/ec2-user/data/topics/1585 1114
@/home/ec2-user/data/topics/3948 1115
@/home/ec2-user/data/topics/4172 1116
@/home/ec2-user/data/topics/4140 1117
@/home/ec2-user/data/topics/3352 1118
@/home/ec2-user/data/topics/4842 1119
@/home/ec2-user/data/topics/4292 1120
@/home/ec2-user/data/topics/4183 1121
@/home/ec2-user/data/topics/3990 1122
@/home/ec2-user/data/topics/4912 1123
@/home/ec2-user/data/topics/3988 1124
@/home/ec2-user/data/topics/3716 1125
@/home/ec2-user/data/topics/4096 1126
@/home/ec2-user/data/topics/4509 1127
@/home/ec2-user/data/topics/4381 1128
@/home/ec2-user/data/topics/3351 1129
@/home/ec2-user/data/topics/3688 1130
@/home/ec2-user/data/topics/4535 1131
@/home/ec2-user/data/topics/4566 1132
@/home/ec2-user/data/topics/4336 1133
@/home/ec2-user/data/topics/4863 1134
@/home/ec2-user/data/topics/1997 1135
@/home/ec2-user/data/topics/3780 1136
@/home/ec2-user/data/topics/1756 1137
@/home/ec2-user/data/topics/1819 1138
@/home/ec2-user/data/topics/2241 1139
ヤマハ株式会社

@/home/ec2-user/data/topics/4045 1140
@/home/ec2-user/data/topics/1911 1140
@/home/ec2-user/data/topics/1720 1141
@/home/ec2-user/data/topics/4145 1142
@/home/ec2-user/data/topics/1676 1143
@/home/ec2-user/data/topics/4125 1144
@/home/ec2-user/data/topics/4010 1145
@/home/ec2-user/data/topics/4084 1146
@/home/ec2-user/data/topics/4954 1147
@/home/ec2-user/data/topics/4919 1148
@/home/ec2-user/data/topics/4177 1149
@/home/ec2-user/data/topics/1443 1150
@/home/ec2-user/data/topics/3972 1151
東洋紡績株式会社

@/home/ec2-user/data/topics/1029 1152
@/home/ec2-user/data/topics/4284 1152
@/home/ec2-user/data/topics/1613 1153
@/home/ec2-user/data/topics/4366 1154
@/home/ec2-user/data/topics/4362 1155
@/home/ec2-user/data/topics/3769 1156
三菱化学株式会社

@/home/ec2-user/data/topics/1902 1157
@/home/ec2-user/data/topics/1197 1157
@/home/ec2-user/data/topics/3638 1158
@/home/ec2-user/data/topics/1699 1159
@/home/ec2-user/data/topics/3458 1160
@/home/ec2-user/data/topics/3513 1161
カシオ計算機株式会社

@/home/ec2-user/data/topics/1047 1162
@/home/ec2-user/data/topics/1368 1162
@/home/ec2-user/data/topics/1535 1163
@/home/ec2-user/data/topics/1794 1164
@/home/ec2-user/data/topics/3391 1165
@/home/ec2-user/data/topics/1235 1166
@/home/ec2-user/data/topics/2180 1167
@/home/ec2-user/data/topics/2237 1168
コナミ株式会社

@/home/ec2-user/data/topics/4681 1169
@/home/ec2-user/data/topics/1672 1169
@/home/ec2-user/data/topics/2151 1170
@/home/ec2-user/data/topics/5015 1171
@/home/ec2-user/data/topics/1302 1172
@/home/ec2-user/data/topics/1621 1173
@/home/ec2-user/data/topics/2100 1174
@/home/ec2-user/data/topics/4602 1175
大日本スクリーン製造株式会社

@/home/ec2-user/data/topics/1608 1176
@/home/ec2-user/data/topics/3742 1176
@/home/ec2-user/data/topics/1779 1177
@/home/ec2-user/data/topics/1130 1178
@/home/ec2-user/data/topics/2209 1179
@/home/ec2-user/data/topics/1173 1180
@/home/ec2-user/data/topics/2172 1181
オムロン株式会社

@/home/ec2-user/data/topics/1135 1182
@/home/ec2-user/data/topics/1841 1182
@/home/ec2-user/data/topics/3863 1183
@/home/ec2-user/data/topics/1657 1184
@/home/ec2-user/data/topics/1933 1185
@/home/ec2-user/data/topics/4771 1186
@/home/ec2-user/data/topics/3597 1187
@/home/ec2-user/data/topics/3748 1188
@/home/ec2-user/data/topics/1151 1189
@/home/ec2-user/data/topics/1579 1190
@/home/ec2-user/data/topics/1533 1191
@/home/ec2-user/data/topics/3594 1192
@/home/ec2-user/data/topics/1067 1193
@/home/ec2-user/data/topics/2096 1194
@/home/ec2-user/data/topics/3700 1195
株式会社日立製作所

@/home/ec2-user/data/topics/3659 1196
@/home/ec2-user/data/topics/3488 1196
@/home/ec2-user/data/topics/1826 1197
@/home/ec2-user/data/topics/1501 1198
@/home/ec2-user/data/topics/4402 1199
@/home/ec2-user/data/topics/4401 1200
@/home/ec2-user/data/topics/1249 1201
@/home/ec2-user/data/topics/1651 1202
@/home/ec2-user/data/topics/4621 1203
@/home/ec2-user/data/topics/3384 1204
@/home/ec2-user/data/topics/1882 1205
@/home/ec2-user/data/topics/1693 1206
@/home/ec2-user/data/topics/4990 1207
@/home/ec2-user/data/topics/3570 1208
@/home/ec2-user/data/topics/3993 1209
@/home/ec2-user/data/topics/3665 1210
@/home/ec2-user/data/topics/3822 1211
@/home/ec2-user/data/topics/5029 1212
@/home/ec2-user/data/topics/5030 1213
@/home/ec2-user/data/topics/1082 1214
@/home/ec2-user/data/topics/4493 1215
@/home/ec2-user/data/topics/4943 1216
@/home/ec2-user/data/topics/2239 1217
@/home/ec2-user/data/topics/4489 1218
@/home/ec2-user/data/topics/1334 1219
@/home/ec2-user/data/topics/3772 1220
@/home/ec2-user/data/topics/1463 1221
@/home/ec2-user/data/topics/1296 1222
@/home/ec2-user/data/topics/1640 1223
@/home/ec2-user/data/topics/3524 1224
@/home/ec2-user/data/topics/3648 1225
@/home/ec2-user/data/topics/4559 1226
@/home/ec2-user/data/topics/1825 1227
@/home/ec2-user/data/topics/1562 1228
@/home/ec2-user/data/topics/4799 1229
@/home/ec2-user/data/topics/3968 1230
@/home/ec2-user/data/topics/3461 1231
@/home/ec2-user/data/topics/4551 1232
@/home/ec2-user/data/topics/3596 1233
@/home/ec2-user/data/topics/4547 1234
@/home/ec2-user/data/topics/1278 1235
@/home/ec2-user/data/topics/2184 1236
@/home/ec2-user/data/topics/2019 1237
@/home/ec2-user/data/topics/1987 1238
@/home/ec2-user/data/topics/3994 1239
@/home/ec2-user/data/topics/3706 1240
@/home/ec2-user/data/topics/3588 1241
@/home/ec2-user/data/topics/2081 1242
@/home/ec2-user/data/topics/4040 1243
@/home/ec2-user/data/topics/1667 1244
@/home/ec2-user/data/topics/3973 1245
@/home/ec2-user/data/topics/4830 1246
@/home/ec2-user/data/topics/3599 1247
@/home/ec2-user/data/topics/4166 1248
@/home/ec2-user/data/topics/4545 1249
@/home/ec2-user/data/topics/1880 1250
@/home/ec2-user/data/topics/1487 1251
@/home/ec2-user/data/topics/1105 1252
@/home/ec2-user/data/topics/1340 1253
@/home/ec2-user/data/topics/3350 1254
@/home/ec2-user/data/topics/4058 1255
@/home/ec2-user/data/topics/3471 1256
@/home/ec2-user/data/topics/3439 1257
@/home/ec2-user/data/topics/1833 1258
@/home/ec2-user/data/topics/3965 1259
@/home/ec2-user/data/topics/3531 1260
@/home/ec2-user/data/topics/1072 1261
@/home/ec2-user/data/topics/3440 1262
@/home/ec2-user/data/topics/3691 1263
@/home/ec2-user/data/topics/4122 1264
@/home/ec2-user/data/topics/1247 1265
@/home/ec2-user/data/topics/4420 1266
@/home/ec2-user/data/topics/3779 1267
@/home/ec2-user/data/topics/3432 1268
凸版印刷株式会社

@/home/ec2-user/data/topics/1091 1269
@/home/ec2-user/data/topics/3526 1269
@/home/ec2-user/data/topics/4874 1270
@/home/ec2-user/data/topics/3500 1271
@/home/ec2-user/data/topics/1765 1272
@/home/ec2-user/data/topics/1977 1273
@/home/ec2-user/data/topics/3624 1274
株式会社ノーリツ

@/home/ec2-user/data/topics/4776 1275
@/home/ec2-user/data/topics/1290 1275
@/home/ec2-user/data/topics/1618 1276
@/home/ec2-user/data/topics/2116 1277
@/home/ec2-user/data/topics/1598 1278
@/home/ec2-user/data/topics/4354 1279
@/home/ec2-user/data/topics/1760 1280
@/home/ec2-user/data/topics/4206 1281
川崎重工業株式会社

@/home/ec2-user/data/topics/4572 1282
@/home/ec2-user/data/topics/1172 1282
@/home/ec2-user/data/topics/4793 1283
@/home/ec2-user/data/topics/4866 1284
@/home/ec2-user/data/topics/4756 1285
@/home/ec2-user/data/topics/1162 1286
@/home/ec2-user/data/topics/5025 1287
@/home/ec2-user/data/topics/4944 1288
ティーディーケイ株式会社

@/home/ec2-user/data/topics/1409 1289
@/home/ec2-user/data/topics/2202 1289
@/home/ec2-user/data/topics/2210 1290
@/home/ec2-user/data/topics/3798 1291
@/home/ec2-user/data/topics/3909 1292
@/home/ec2-user/data/topics/1129 1293
@/home/ec2-user/data/topics/1510 1294
@/home/ec2-user/data/topics/3792 1295
@/home/ec2-user/data/topics/4619 1296
京セラミタ株式会社

@/home/ec2-user/data/topics/4564 1297
@/home/ec2-user/data/topics/2141 1297
@/home/ec2-user/data/topics/4985 1298
@/home/ec2-user/data/topics/4973 1299
@/home/ec2-user/data/topics/1930 1300
@/home/ec2-user/data/topics/4174 1301
@/home/ec2-user/data/topics/1032 1302
株式会社クボタ

@/home/ec2-user/data/topics/4745 1303
@/home/ec2-user/data/topics/3854 1303
@/home/ec2-user/data/topics/1280 1304
@/home/ec2-user/data/topics/4379 1305
@/home/ec2-user/data/topics/4251 1306
@/home/ec2-user/data/topics/1012 1307
@/home/ec2-user/data/topics/1448 1308
@/home/ec2-user/data/topics/3823 1309
@/home/ec2-user/data/topics/1734 1310
@/home/ec2-user/data/topics/3919 1311
シャープ株式会社

@/home/ec2-user/data/topics/4124 1312
@/home/ec2-user/data/topics/3871 1312
@/home/ec2-user/data/topics/3966 1313
@/home/ec2-user/data/topics/1970 1314
@/home/ec2-user/data/topics/4245 1315
@/home/ec2-user/data/topics/4782 1316
@/home/ec2-user/data/topics/3832 1317
@/home/ec2-user/data/topics/1209 1318
@/home/ec2-user/data/topics/1384 1319
@/home/ec2-user/data/topics/4469 1320
@/home/ec2-user/data/topics/4214 1321
@/home/ec2-user/data/topics/4095 1322
@/home/ec2-user/data/topics/1288 1323
@/home/ec2-user/data/topics/1804 1324
@/home/ec2-user/data/topics/4583 1325
@/home/ec2-user/data/topics/3452 1326
@/home/ec2-user/data/topics/4861 1327
@/home/ec2-user/data/topics/3978 1328
@/home/ec2-user/data/topics/1561 1329
@/home/ec2-user/data/topics/4113 1330
@/home/ec2-user/data/topics/1174 1331
@/home/ec2-user/data/topics/1349 1332
@/home/ec2-user/data/topics/1965 1333
@/home/ec2-user/data/topics/4103 1334
@/home/ec2-user/data/topics/1431 1335
@/home/ec2-user/data/topics/3673 1336
@/home/ec2-user/data/topics/4152 1337
@/home/ec2-user/data/topics/3649 1338
@/home/ec2-user/data/topics/3813 1339
@/home/ec2-user/data/topics/1258 1340
@/home/ec2-user/data/topics/4173 1341
@/home/ec2-user/data/topics/3777 1342
@/home/ec2-user/data/topics/3698 1343
@/home/ec2-user/data/topics/3895 1344
@/home/ec2-user/data/topics/3678 1345
@/home/ec2-user/data/topics/3981 1346
@/home/ec2-user/data/topics/4230 1347
@/home/ec2-user/data/topics/4263 1348
@/home/ec2-user/data/topics/4252 1349
@/home/ec2-user/data/topics/4516 1350
@/home/ec2-user/data/topics/2118 1351
@/home/ec2-user/data/topics/1685 1352
@/home/ec2-user/data/topics/4323 1353
@/home/ec2-user/data/topics/3957 1354
@/home/ec2-user/data/topics/3762 1355
@/home/ec2-user/data/topics/3793 1356
@/home/ec2-user/data/topics/1154 1357
@/home/ec2-user/data/topics/3679 1358
@/home/ec2-user/data/topics/4228 1359
@/home/ec2-user/data/topics/4683 1360
@/home/ec2-user/data/topics/4256 1361
@/home/ec2-user/data/topics/4019 1362
@/home/ec2-user/data/topics/3941 1363
@/home/ec2-user/data/topics/2020 1364
@/home/ec2-user/data/topics/4519 1365
@/home/ec2-user/data/topics/1563 1366
@/home/ec2-user/data/topics/1840 1367
@/home/ec2-user/data/topics/3422 1368
@/home/ec2-user/data/topics/2087 1369
@/home/ec2-user/data/topics/1318 1370
@/home/ec2-user/data/topics/4717 1371
@/home/ec2-user/data/topics/4005 1372
@/home/ec2-user/data/topics/4127 1373
@/home/ec2-user/data/topics/3450 1374
@/home/ec2-user/data/topics/3760 1375
@/home/ec2-user/data/topics/1419 1376
@/home/ec2-user/data/topics/1396 1377
@/home/ec2-user/data/topics/4691 1378
@/home/ec2-user/data/topics/4430 1379
@/home/ec2-user/data/topics/3578 1380
@/home/ec2-user/data/topics/3855 1381
@/home/ec2-user/data/topics/4349 1382
@/home/ec2-user/data/topics/3606 1383
@/home/ec2-user/data/topics/4648 1384
@/home/ec2-user/data/topics/4744 1385
@/home/ec2-user/data/topics/4105 1386
@/home/ec2-user/data/topics/3537 1387
@/home/ec2-user/data/topics/3858 1388
@/home/ec2-user/data/topics/3776 1389
@/home/ec2-user/data/topics/3610 1390
@/home/ec2-user/data/topics/2084 1391
日本輸送機株式会社

@/home/ec2-user/data/topics/1940 1392
@/home/ec2-user/data/topics/3573 1392
@/home/ec2-user/data/topics/1108 1393
@/home/ec2-user/data/topics/2221 1394
@/home/ec2-user/data/topics/1493 1395
@/home/ec2-user/data/topics/2065 1396
@/home/ec2-user/data/topics/1191 1397
@/home/ec2-user/data/topics/1456 1398
東京エレクトロン株式会社

@/home/ec2-user/data/topics/1263 1399
@/home/ec2-user/data/topics/4702 1399
@/home/ec2-user/data/topics/4053 1400
@/home/ec2-user/data/topics/4345 1401
@/home/ec2-user/data/topics/4618 1402
@/home/ec2-user/data/topics/3947 1403
@/home/ec2-user/data/topics/1800 1404
@/home/ec2-user/data/topics/4023 1405
@/home/ec2-user/data/topics/1508 1406
@/home/ec2-user/data/topics/1736 1407
@/home/ec2-user/data/topics/4906 1408
@/home/ec2-user/data/topics/4002 1409
株式会社村田製作所

@/home/ec2-user/data/topics/4271 1410
@/home/ec2-user/data/topics/4417 1410
@/home/ec2-user/data/topics/4070 1411
@/home/ec2-user/data/topics/3482 1412
@/home/ec2-user/data/topics/1411 1413
@/home/ec2-user/data/topics/4325 1414
@/home/ec2-user/data/topics/4163 1415
@/home/ec2-user/data/topics/4432 1416
@/home/ec2-user/data/topics/4042 1417
@/home/ec2-user/data/topics/3885 1418
@/home/ec2-user/data/topics/3435 1419
@/home/ec2-user/data/topics/4378 1420
@/home/ec2-user/data/topics/2229 1421
@/home/ec2-user/data/topics/1374 1422
@/home/ec2-user/data/topics/3697 1423
@/home/ec2-user/data/topics/4795 1424
@/home/ec2-user/data/topics/4703 1425
日本電信電話株式会社

@/home/ec2-user/data/topics/4925 1426
@/home/ec2-user/data/topics/3359 1426
@/home/ec2-user/data/topics/4560 1427
@/home/ec2-user/data/topics/4087 1428
@/home/ec2-user/data/topics/4870 1429
@/home/ec2-user/data/topics/3586 1430
@/home/ec2-user/data/topics/3425 1431
@/home/ec2-user/data/topics/1809 1432
@/home/ec2-user/data/topics/4664 1433
@/home/ec2-user/data/topics/4115 1434
@/home/ec2-user/data/topics/4505 1435
@/home/ec2-user/data/topics/1229 1436
@/home/ec2-user/data/topics/2017 1437
@/home/ec2-user/data/topics/4104 1438
@/home/ec2-user/data/topics/3928 1439
@/home/ec2-user/data/topics/4335 1440
@/home/ec2-user/data/topics/1408 1441
@/home/ec2-user/data/topics/4025 1442
@/home/ec2-user/data/topics/2130 1443
@/home/ec2-user/data/topics/3915 1444
@/home/ec2-user/data/topics/3811 1445
@/home/ec2-user/data/topics/4232 1446
@/home/ec2-user/data/topics/4208 1447
@/home/ec2-user/data/topics/3568 1448
@/home/ec2-user/data/topics/4114 1449
@/home/ec2-user/data/topics/4511 1450
@/home/ec2-user/data/topics/4952 1451
@/home/ec2-user/data/topics/1787 1452
@/home/ec2-user/data/topics/3824 1453
@/home/ec2-user/data/topics/3650 1454
@/home/ec2-user/data/topics/4146 1455
@/home/ec2-user/data/topics/1230 1456
@/home/ec2-user/data/topics/3544 1457
@/home/ec2-user/data/topics/4836 1458
@/home/ec2-user/data/topics/4131 1459
@/home/ec2-user/data/topics/1556 1460
@/home/ec2-user/data/topics/4121 1461
@/home/ec2-user/data/topics/4175 1462
@/home/ec2-user/data/topics/4916 1463
@/home/ec2-user/data/topics/4488 1464
@/home/ec2-user/data/topics/3509 1465
@/home/ec2-user/data/topics/4964 1466
@/home/ec2-user/data/topics/1934 1467
@/home/ec2-user/data/topics/4965 1468
@/home/ec2-user/data/topics/3927 1469
@/home/ec2-user/data/topics/3641 1470
@/home/ec2-user/data/topics/4865 1471
@/home/ec2-user/data/topics/1042 1472
@/home/ec2-user/data/topics/3552 1473
@/home/ec2-user/data/topics/4443 1474
@/home/ec2-user/data/topics/4118 1475
@/home/ec2-user/data/topics/3521 1476
@/home/ec2-user/data/topics/3894 1477
@/home/ec2-user/data/topics/4792 1478
@/home/ec2-user/data/topics/3785 1479
@/home/ec2-user/data/topics/3536 1480
日本鋼管株式会社

@/home/ec2-user/data/topics/1404 1481
@/home/ec2-user/data/topics/2095 1481
@/home/ec2-user/data/topics/4455 1482
@/home/ec2-user/data/topics/4161 1483
@/home/ec2-user/data/topics/1690 1484
@/home/ec2-user/data/topics/4289 1485
@/home/ec2-user/data/topics/3572 1486
株式会社神戸製鋼所

@/home/ec2-user/data/topics/1465 1487
@/home/ec2-user/data/topics/3475 1487
@/home/ec2-user/data/topics/3632 1488
@/home/ec2-user/data/topics/2064 1489
@/home/ec2-user/data/topics/4949 1490
@/home/ec2-user/data/topics/3902 1491
@/home/ec2-user/data/topics/3674 1492
株式会社ケンウッド

@/home/ec2-user/data/topics/3463 1493
@/home/ec2-user/data/topics/2036 1493
@/home/ec2-user/data/topics/4167 1494
@/home/ec2-user/data/topics/3878 1495
@/home/ec2-user/data/topics/1345 1496
@/home/ec2-user/data/topics/3794 1497
@/home/ec2-user/data/topics/3801 1498
@/home/ec2-user/data/topics/1241 1499
@/home/ec2-user/data/topics/1698 1500
@/home/ec2-user/data/topics/1186 1501
@/home/ec2-user/data/topics/4050 1502
@/home/ec2-user/data/topics/2163 1503
@/home/ec2-user/data/topics/4467 1504
@/home/ec2-user/data/topics/3969 1505
@/home/ec2-user/data/topics/1896 1506
@/home/ec2-user/data/topics/3977 1507
@/home/ec2-user/data/topics/3839 1508
@/home/ec2-user/data/topics/1424 1509
@/home/ec2-user/data/topics/4038 1510
@/home/ec2-user/data/topics/1617 1511
@/home/ec2-user/data/topics/1115 1512
東陶機器株式会社

@/home/ec2-user/data/topics/1626 1513
@/home/ec2-user/data/topics/3583 1513
@/home/ec2-user/data/topics/1692 1514
@/home/ec2-user/data/topics/2135 1515
@/home/ec2-user/data/topics/3821 1516
@/home/ec2-user/data/topics/1735 1517
本田技研工業株式会社

@/home/ec2-user/data/topics/1818 1518
@/home/ec2-user/data/topics/4033 1518
@/home/ec2-user/data/topics/3685 1519
@/home/ec2-user/data/topics/4331 1520
@/home/ec2-user/data/topics/1822 1521
@/home/ec2-user/data/topics/2016 1522
@/home/ec2-user/data/topics/1266 1523
@/home/ec2-user/data/topics/1226 1524
@/home/ec2-user/data/topics/1143 1525
@/home/ec2-user/data/topics/4132 1526
@/home/ec2-user/data/topics/1605 1527
@/home/ec2-user/data/topics/4375 1528
@/home/ec2-user/data/topics/5026 1529
@/home/ec2-user/data/topics/2000 1530
@/home/ec2-user/data/topics/4888 1531
@/home/ec2-user/data/topics/4199 1532
@/home/ec2-user/data/topics/1215 1533
@/home/ec2-user/data/topics/1444 1534
@/home/ec2-user/data/topics/4783 1535
新日本製鐵株式会社

@/home/ec2-user/data/topics/3368 1536
@/home/ec2-user/data/topics/3861 1536
@/home/ec2-user/data/topics/3899 1537
@/home/ec2-user/data/topics/5008 1538
@/home/ec2-user/data/topics/3663 1539
@/home/ec2-user/data/topics/4472 1540
松下電工株式会社

@/home/ec2-user/data/topics/3549 1541
@/home/ec2-user/data/topics/4094 1541
@/home/ec2-user/data/topics/3670 1542
@/home/ec2-user/data/topics/4347 1543
@/home/ec2-user/data/topics/1311 1544
@/home/ec2-user/data/topics/4317 1545
@/home/ec2-user/data/topics/3565 1546
@/home/ec2-user/data/topics/3651 1547
@/home/ec2-user/data/topics/3511 1548
@/home/ec2-user/data/topics/3835 1549
@/home/ec2-user/data/topics/1011 1550
@/home/ec2-user/data/topics/3379 1551
@/home/ec2-user/data/topics/3932 1552
@/home/ec2-user/data/topics/2045 1553
@/home/ec2-user/data/topics/1251 1554
@/home/ec2-user/data/topics/4450 1555
@/home/ec2-user/data/topics/4029 1556
@/home/ec2-user/data/topics/3778 1557
@/home/ec2-user/data/topics/4012 1558
@/home/ec2-user/data/topics/4592 1559
@/home/ec2-user/data/topics/1803 1560
@/home/ec2-user/data/topics/4083 1561
usernum: 72
hit: 509
simhit: 1124
simmax: 0.791663642747
simmin: 0.0
simavg: 0.204446531466
dlmax: 0.144437037881
dlmin: 0.0071544156055
dlavg: 0.0340958143538
mthit: 624
mthls: 181
srp: 218.735
total: 1562
hit/total: 0.325864276569
simhit/total: 0.719590268886
mthit/(total+usernum): 0.38188494492
mthls/(total+usernum): 0.110771113831
srp/(total+usernum): 0.0446215830273
srp20/(total+usernum): 0.0152386780906
srp100/(total+usernum): 0.0276172990616
srp500/(total+usernum): 0.0388808649531

2016-12-22 05:38:54.379097
