2016-12-14 14:13:48.433712

topic-folder:/home/ec2-user/data/topics/
cl-file:/home/ec2-user/git/tfidf/result-new/b2-3.txt
cl-floder:/home/ec2-user/data/lsaclass/
zipf:0.5
stype[0(tfidf)/1(tfidf2)/2(lsa)/3(lda)]:2
dtype[0(diff)/1(same)]:0
output-floder:/home/ec2-user/git/userquery/result-new

三菱マテリアル株式会社

@/home/ec2-user/data/topics/1085 0
@/home/ec2-user/data/topics/3470 0
@/home/ec2-user/data/topics/3520 1
@/home/ec2-user/data/topics/1638 2
@/home/ec2-user/data/topics/3546 3
@/home/ec2-user/data/topics/3630 4
@/home/ec2-user/data/topics/3866 5
@/home/ec2-user/data/topics/2093 6
日本精機株式会社

@/home/ec2-user/data/topics/4875 7
@/home/ec2-user/data/topics/4690 7
@/home/ec2-user/data/topics/4907 8
@/home/ec2-user/data/topics/4709 9
@/home/ec2-user/data/topics/1398 10
@/home/ec2-user/data/topics/4972 11
コニカ株式会社

@/home/ec2-user/data/topics/3414 12
@/home/ec2-user/data/topics/3431 12
@/home/ec2-user/data/topics/1946 13
@/home/ec2-user/data/topics/3533 14
@/home/ec2-user/data/topics/3426 15
@/home/ec2-user/data/topics/3357 16
@/home/ec2-user/data/topics/3419 17
@/home/ec2-user/data/topics/3486 18
@/home/ec2-user/data/topics/3370 19
@/home/ec2-user/data/topics/3418 20
@/home/ec2-user/data/topics/2162 21
埼玉日本電気株式会社

@/home/ec2-user/data/topics/5010 22
@/home/ec2-user/data/topics/4283 22
@/home/ec2-user/data/topics/1620 23
@/home/ec2-user/data/topics/4279 24
@/home/ec2-user/data/topics/4242 25
@/home/ec2-user/data/topics/4496 26
@/home/ec2-user/data/topics/4468 27
@/home/ec2-user/data/topics/4998 28
@/home/ec2-user/data/topics/1512 29
アルプス電気株式会社

@/home/ec2-user/data/topics/3429 30
@/home/ec2-user/data/topics/1434 30
@/home/ec2-user/data/topics/2089 31
@/home/ec2-user/data/topics/3582 32
@/home/ec2-user/data/topics/1253 33
@/home/ec2-user/data/topics/4791 34
@/home/ec2-user/data/topics/2012 35
三菱重工業株式会社

@/home/ec2-user/data/topics/4687 36
@/home/ec2-user/data/topics/3591 36
@/home/ec2-user/data/topics/3503 37
@/home/ec2-user/data/topics/3833 38
@/home/ec2-user/data/topics/3637 39
@/home/ec2-user/data/topics/4882 40
@/home/ec2-user/data/topics/5022 41
@/home/ec2-user/data/topics/3944 42
@/home/ec2-user/data/topics/4412 43
@/home/ec2-user/data/topics/4563 44
@/home/ec2-user/data/topics/4862 45
@/home/ec2-user/data/topics/3529 46
村田機械株式会社

@/home/ec2-user/data/topics/5000 47
@/home/ec2-user/data/topics/4941 47
@/home/ec2-user/data/topics/1074 48
@/home/ec2-user/data/topics/4835 49
@/home/ec2-user/data/topics/4746 50
@/home/ec2-user/data/topics/3740 51
@/home/ec2-user/data/topics/4645 52
@/home/ec2-user/data/topics/4570 53
@/home/ec2-user/data/topics/4441 54
@/home/ec2-user/data/topics/4596 55
@/home/ec2-user/data/topics/1607 56
@/home/ec2-user/data/topics/4565 57
@/home/ec2-user/data/topics/4556 58
@/home/ec2-user/data/topics/1293 59
@/home/ec2-user/data/topics/4638 60
@/home/ec2-user/data/topics/1511 61
@/home/ec2-user/data/topics/3528 62
川崎製鉄株式会社

@/home/ec2-user/data/topics/3611 63
@/home/ec2-user/data/topics/3553 63
@/home/ec2-user/data/topics/3483 64
@/home/ec2-user/data/topics/3929 65
@/home/ec2-user/data/topics/1459 66
@/home/ec2-user/data/topics/3532 67
@/home/ec2-user/data/topics/3413 68
@/home/ec2-user/data/topics/4615 69
@/home/ec2-user/data/topics/1037 70
ダイキン工業株式会社

@/home/ec2-user/data/topics/4367 71
@/home/ec2-user/data/topics/4734 71
@/home/ec2-user/data/topics/4701 72
@/home/ec2-user/data/topics/1600 73
@/home/ec2-user/data/topics/4753 74
@/home/ec2-user/data/topics/4400 75
@/home/ec2-user/data/topics/3888 76
@/home/ec2-user/data/topics/4515 77
@/home/ec2-user/data/topics/4858 78
@/home/ec2-user/data/topics/4845 79
@/home/ec2-user/data/topics/1565 80
三菱自動車工業株式会社

@/home/ec2-user/data/topics/4189 81
@/home/ec2-user/data/topics/1816 81
@/home/ec2-user/data/topics/3815 82
@/home/ec2-user/data/topics/3940 83
@/home/ec2-user/data/topics/1428 84
@/home/ec2-user/data/topics/3502 85
@/home/ec2-user/data/topics/1527 86
@/home/ec2-user/data/topics/2101 87
日産自動車株式会社

@/home/ec2-user/data/topics/3489 88
@/home/ec2-user/data/topics/3712 88
@/home/ec2-user/data/topics/3501 89
@/home/ec2-user/data/topics/3936 90
@/home/ec2-user/data/topics/3829 91
@/home/ec2-user/data/topics/4982 92
@/home/ec2-user/data/topics/3497 93
@/home/ec2-user/data/topics/4074 94
@/home/ec2-user/data/topics/3645 95
@/home/ec2-user/data/topics/3677 96
@/home/ec2-user/data/topics/3723 97
トヨタ自動車株式会社

@/home/ec2-user/data/topics/3758 98
@/home/ec2-user/data/topics/3943 98
@/home/ec2-user/data/topics/4633 99
@/home/ec2-user/data/topics/4767 100
@/home/ec2-user/data/topics/4346 101
@/home/ec2-user/data/topics/3671 102
@/home/ec2-user/data/topics/4658 103
@/home/ec2-user/data/topics/4617 104
@/home/ec2-user/data/topics/4008 105
@/home/ec2-user/data/topics/3699 106
@/home/ec2-user/data/topics/4920 107
@/home/ec2-user/data/topics/4064 108
@/home/ec2-user/data/topics/4144 109
@/home/ec2-user/data/topics/3731 110
@/home/ec2-user/data/topics/2111 111
@/home/ec2-user/data/topics/3587 112
@/home/ec2-user/data/topics/3481 113
@/home/ec2-user/data/topics/4030 114
@/home/ec2-user/data/topics/3356 115
@/home/ec2-user/data/topics/3405 116
@/home/ec2-user/data/topics/3725 117
@/home/ec2-user/data/topics/4543 118
@/home/ec2-user/data/topics/1551 119
@/home/ec2-user/data/topics/3783 120
@/home/ec2-user/data/topics/4298 121
@/home/ec2-user/data/topics/2218 122
@/home/ec2-user/data/topics/4426 123
@/home/ec2-user/data/topics/4647 124
@/home/ec2-user/data/topics/1494 125
オリンパス光学工業株式会社

@/home/ec2-user/data/topics/1739 126
@/home/ec2-user/data/topics/5006 126
@/home/ec2-user/data/topics/1981 127
@/home/ec2-user/data/topics/4013 128
@/home/ec2-user/data/topics/1155 129
@/home/ec2-user/data/topics/1835 130
@/home/ec2-user/data/topics/1586 131
@/home/ec2-user/data/topics/4878 132
@/home/ec2-user/data/topics/4007 133
@/home/ec2-user/data/topics/1107 134
@/home/ec2-user/data/topics/2026 135
@/home/ec2-user/data/topics/1869 136
ブラザー工業株式会社

@/home/ec2-user/data/topics/1164 137
@/home/ec2-user/data/topics/3477 137
@/home/ec2-user/data/topics/1300 138
@/home/ec2-user/data/topics/1636 139
@/home/ec2-user/data/topics/1697 140
@/home/ec2-user/data/topics/1076 141
@/home/ec2-user/data/topics/3789 142
@/home/ec2-user/data/topics/2086 143
@/home/ec2-user/data/topics/1183 144
@/home/ec2-user/data/topics/3507 145
@/home/ec2-user/data/topics/4548 146
@/home/ec2-user/data/topics/3613 147
@/home/ec2-user/data/topics/3686 148
@/home/ec2-user/data/topics/1906 149
@/home/ec2-user/data/topics/2085 150
富士通株式会社

@/home/ec2-user/data/topics/3751 151
@/home/ec2-user/data/topics/3862 151
@/home/ec2-user/data/topics/1123 152
@/home/ec2-user/data/topics/1264 153
@/home/ec2-user/data/topics/1874 154
@/home/ec2-user/data/topics/3538 155
@/home/ec2-user/data/topics/3765 156
