2016-12-09 18:44:47.944214
topic-folder:/home/ec2-user/data/topics/
cl-file:/home/ec2-user/git/tfidf/result-new/b1-all.txt
cl-floder:/home/ec2-user/data/classinfo/
zipf:0.6
stype[0(tfidf)/1(tfidf2)/2(lsa)/3(lda)]:1
dtype[0(diff)/1(same)]:0
output-floder:/home/ec2-user/git/userquery/result-new

三菱マテリアル株式会社

@/home/ec2-user/data/topics/1085
@/home/ec2-user/data/topics/3470
@/home/ec2-user/data/topics/3520
@/home/ec2-user/data/topics/1638
@/home/ec2-user/data/topics/3546
@/home/ec2-user/data/topics/3630
@/home/ec2-user/data/topics/3866
@/home/ec2-user/data/topics/2093
日本精機株式会社

@/home/ec2-user/data/topics/4875
@/home/ec2-user/data/topics/4690
@/home/ec2-user/data/topics/4907
@/home/ec2-user/data/topics/4709
@/home/ec2-user/data/topics/1398
@/home/ec2-user/data/topics/4972
コニカ株式会社

@/home/ec2-user/data/topics/3414
@/home/ec2-user/data/topics/3431
@/home/ec2-user/data/topics/1946
@/home/ec2-user/data/topics/3533
@/home/ec2-user/data/topics/3426
@/home/ec2-user/data/topics/3357
@/home/ec2-user/data/topics/3419
@/home/ec2-user/data/topics/3486
@/home/ec2-user/data/topics/3370
@/home/ec2-user/data/topics/3418
@/home/ec2-user/data/topics/2162
埼玉日本電気株式会社

@/home/ec2-user/data/topics/5010
@/home/ec2-user/data/topics/4283
@/home/ec2-user/data/topics/1620
@/home/ec2-user/data/topics/4279
@/home/ec2-user/data/topics/4242
@/home/ec2-user/data/topics/4496
@/home/ec2-user/data/topics/4468
@/home/ec2-user/data/topics/4998
@/home/ec2-user/data/topics/1512
アルプス電気株式会社

@/home/ec2-user/data/topics/3429
@/home/ec2-user/data/topics/1434
@/home/ec2-user/data/topics/2089
@/home/ec2-user/data/topics/3582
@/home/ec2-user/data/topics/1253
@/home/ec2-user/data/topics/4791
@/home/ec2-user/data/topics/2012
三菱重工業株式会社

@/home/ec2-user/data/topics/4687
@/home/ec2-user/data/topics/3591
@/home/ec2-user/data/topics/3503
@/home/ec2-user/data/topics/3833
@/home/ec2-user/data/topics/3637
@/home/ec2-user/data/topics/4882
@/home/ec2-user/data/topics/5022
@/home/ec2-user/data/topics/3944
@/home/ec2-user/data/topics/4412
@/home/ec2-user/data/topics/4563
@/home/ec2-user/data/topics/4862
@/home/ec2-user/data/topics/3529
村田機械株式会社

@/home/ec2-user/data/topics/5000
@/home/ec2-user/data/topics/4941
@/home/ec2-user/data/topics/1074
@/home/ec2-user/data/topics/4835
@/home/ec2-user/data/topics/4746
@/home/ec2-user/data/topics/3740
@/home/ec2-user/data/topics/4645
@/home/ec2-user/data/topics/4570
@/home/ec2-user/data/topics/4441
@/home/ec2-user/data/topics/4596
@/home/ec2-user/data/topics/1607
@/home/ec2-user/data/topics/4565
@/home/ec2-user/data/topics/4556
@/home/ec2-user/data/topics/1293
@/home/ec2-user/data/topics/4638
@/home/ec2-user/data/topics/1511
@/home/ec2-user/data/topics/3528
川崎製鉄株式会社

@/home/ec2-user/data/topics/3611
@/home/ec2-user/data/topics/3553
@/home/ec2-user/data/topics/3483
@/home/ec2-user/data/topics/3929
@/home/ec2-user/data/topics/1459
@/home/ec2-user/data/topics/3532
@/home/ec2-user/data/topics/3413
@/home/ec2-user/data/topics/4615
@/home/ec2-user/data/topics/1037
ダイキン工業株式会社

@/home/ec2-user/data/topics/4367
@/home/ec2-user/data/topics/4734
@/home/ec2-user/data/topics/4701
@/home/ec2-user/data/topics/1600
@/home/ec2-user/data/topics/4753
@/home/ec2-user/data/topics/4400
@/home/ec2-user/data/topics/3888
@/home/ec2-user/data/topics/4515
@/home/ec2-user/data/topics/4858
@/home/ec2-user/data/topics/4845
@/home/ec2-user/data/topics/1565
三菱自動車工業株式会社

@/home/ec2-user/data/topics/4189
@/home/ec2-user/data/topics/1816
@/home/ec2-user/data/topics/3815
@/home/ec2-user/data/topics/3940
@/home/ec2-user/data/topics/1428
@/home/ec2-user/data/topics/3502
@/home/ec2-user/data/topics/1527
@/home/ec2-user/data/topics/2101
日産自動車株式会社

@/home/ec2-user/data/topics/3489
@/home/ec2-user/data/topics/3712
@/home/ec2-user/data/topics/3501
@/home/ec2-user/data/topics/3936
@/home/ec2-user/data/topics/3829
@/home/ec2-user/data/topics/4982
@/home/ec2-user/data/topics/3497
@/home/ec2-user/data/topics/4074
@/home/ec2-user/data/topics/3645
@/home/ec2-user/data/topics/3677
@/home/ec2-user/data/topics/3723
トヨタ自動車株式会社

@/home/ec2-user/data/topics/3758
@/home/ec2-user/data/topics/3943
@/home/ec2-user/data/topics/4633
@/home/ec2-user/data/topics/4767
@/home/ec2-user/data/topics/4346
@/home/ec2-user/data/topics/3671
@/home/ec2-user/data/topics/4658
@/home/ec2-user/data/topics/4617
@/home/ec2-user/data/topics/4008
@/home/ec2-user/data/topics/3699
@/home/ec2-user/data/topics/4920
@/home/ec2-user/data/topics/4064
@/home/ec2-user/data/topics/4144
@/home/ec2-user/data/topics/3731
@/home/ec2-user/data/topics/2111
@/home/ec2-user/data/topics/3587
@/home/ec2-user/data/topics/3481
@/home/ec2-user/data/topics/4030
@/home/ec2-user/data/topics/3356
@/home/ec2-user/data/topics/3405
@/home/ec2-user/data/topics/3725
@/home/ec2-user/data/topics/4543
@/home/ec2-user/data/topics/1551
@/home/ec2-user/data/topics/3783
@/home/ec2-user/data/topics/4298
@/home/ec2-user/data/topics/2218
@/home/ec2-user/data/topics/4426
@/home/ec2-user/data/topics/4647
@/home/ec2-user/data/topics/1494
オリンパス光学工業株式会社

@/home/ec2-user/data/topics/1739
@/home/ec2-user/data/topics/5006
@/home/ec2-user/data/topics/1981
@/home/ec2-user/data/topics/4013
@/home/ec2-user/data/topics/1155
@/home/ec2-user/data/topics/1835
@/home/ec2-user/data/topics/1586
@/home/ec2-user/data/topics/4878
@/home/ec2-user/data/topics/4007
@/home/ec2-user/data/topics/1107
@/home/ec2-user/data/topics/2026
@/home/ec2-user/data/topics/1869
ブラザー工業株式会社

@/home/ec2-user/data/topics/1164
@/home/ec2-user/data/topics/3477
@/home/ec2-user/data/topics/1300
@/home/ec2-user/data/topics/1636
@/home/ec2-user/data/topics/1697
@/home/ec2-user/data/topics/1076
@/home/ec2-user/data/topics/3789
@/home/ec2-user/data/topics/2086
@/home/ec2-user/data/topics/1183
@/home/ec2-user/data/topics/3507
@/home/ec2-user/data/topics/4548
@/home/ec2-user/data/topics/3613
@/home/ec2-user/data/topics/3686
@/home/ec2-user/data/topics/1906
@/home/ec2-user/data/topics/2085
富士通株式会社

@/home/ec2-user/data/topics/3751
@/home/ec2-user/data/topics/3862
@/home/ec2-user/data/topics/1123
@/home/ec2-user/data/topics/1264
@/home/ec2-user/data/topics/1874
@/home/ec2-user/data/topics/3538
@/home/ec2-user/data/topics/3765
@/home/ec2-user/data/topics/1547
@/home/ec2-user/data/topics/3799
@/home/ec2-user/data/topics/3381
@/home/ec2-user/data/topics/2227
@/home/ec2-user/data/topics/5004
@/home/ec2-user/data/topics/3970
@/home/ec2-user/data/topics/3850
@/home/ec2-user/data/topics/3636
@/home/ec2-user/data/topics/3912
@/home/ec2-user/data/topics/3749
@/home/ec2-user/data/topics/3870
@/home/ec2-user/data/topics/1271
@/home/ec2-user/data/topics/4191
@/home/ec2-user/data/topics/3400
@/home/ec2-user/data/topics/3883
@/home/ec2-user/data/topics/3802
@/home/ec2-user/data/topics/1609
@/home/ec2-user/data/topics/3428
@/home/ec2-user/data/topics/2216
@/home/ec2-user/data/topics/2215
@/home/ec2-user/data/topics/3460
@/home/ec2-user/data/topics/3399
@/home/ec2-user/data/topics/1998
@/home/ec2-user/data/topics/3962
@/home/ec2-user/data/topics/3846
静岡日本電気株式会社

@/home/ec2-user/data/topics/4365
@/home/ec2-user/data/topics/4314
@/home/ec2-user/data/topics/4250
@/home/ec2-user/data/topics/4531
@/home/ec2-user/data/topics/4326
@/home/ec2-user/data/topics/4507
住友重機械工業株式会社

@/home/ec2-user/data/topics/1553
@/home/ec2-user/data/topics/3868
@/home/ec2-user/data/topics/3952
@/home/ec2-user/data/topics/1373
@/home/ec2-user/data/topics/1900
@/home/ec2-user/data/topics/1019
@/home/ec2-user/data/topics/1505
@/home/ec2-user/data/topics/4854
@/home/ec2-user/data/topics/2039
大日本印刷株式会社

@/home/ec2-user/data/topics/1145
@/home/ec2-user/data/topics/1262
@/home/ec2-user/data/topics/3569
@/home/ec2-user/data/topics/1099
@/home/ec2-user/data/topics/3388
@/home/ec2-user/data/topics/1564
日本電気株式会社

@/home/ec2-user/data/topics/4300
@/home/ec2-user/data/topics/1867
@/home/ec2-user/data/topics/4309
@/home/ec2-user/data/topics/1783
@/home/ec2-user/data/topics/4578
@/home/ec2-user/data/topics/4785
@/home/ec2-user/data/topics/4227
@/home/ec2-user/data/topics/4477
@/home/ec2-user/data/topics/1948
@/home/ec2-user/data/topics/4388
@/home/ec2-user/data/topics/4595
@/home/ec2-user/data/topics/1078
@/home/ec2-user/data/topics/4902
@/home/ec2-user/data/topics/4142
@/home/ec2-user/data/topics/2150
@/home/ec2-user/data/topics/3853
@/home/ec2-user/data/topics/1464
@/home/ec2-user/data/topics/3995
@/home/ec2-user/data/topics/4134
@/home/ec2-user/data/topics/3938
@/home/ec2-user/data/topics/3766
@/home/ec2-user/data/topics/3767
@/home/ec2-user/data/topics/1791
@/home/ec2-user/data/topics/4490
@/home/ec2-user/data/topics/4561
@/home/ec2-user/data/topics/4238
@/home/ec2-user/data/topics/4236
@/home/ec2-user/data/topics/4171
@/home/ec2-user/data/topics/4138
@/home/ec2-user/data/topics/4877
@/home/ec2-user/data/topics/4876
@/home/ec2-user/data/topics/1557
@/home/ec2-user/data/topics/4100
@/home/ec2-user/data/topics/4404
@/home/ec2-user/data/topics/4643
@/home/ec2-user/data/topics/4646
@/home/ec2-user/data/topics/4644
@/home/ec2-user/data/topics/4137
@/home/ec2-user/data/topics/4485
@/home/ec2-user/data/topics/4486
@/home/ec2-user/data/topics/2144
@/home/ec2-user/data/topics/4480
@/home/ec2-user/data/topics/2022
@/home/ec2-user/data/topics/1661
@/home/ec2-user/data/topics/1383
@/home/ec2-user/data/topics/4093
@/home/ec2-user/data/topics/1326
@/home/ec2-user/data/topics/4414
@/home/ec2-user/data/topics/4092
@/home/ec2-user/data/topics/4320
@/home/ec2-user/data/topics/1122
@/home/ec2-user/data/topics/4657
