2016-12-21 21:26:34.629056

topic-folder:/home/ec2-user/data/topics/
cl-file:/home/ec2-user/git/tfidf/result-new/b2-3.txt
cl-floder:/home/ec2-user/data/lsaclass/
zipf:0.1
stype[0(tfidf)/1(tfidf2)/2(lsa)/3(lda)]:2
dtype[<0(diff*rand)/0(diff)/1(same)/>=2(diff*same)]:0
output-floder:/home/ec2-user/git/userquery/result-new

三菱マテリアル株式会社

@/home/ec2-user/data/topics/3470 0
@/home/ec2-user/data/topics/3630 0
@/home/ec2-user/data/topics/1638 1
@/home/ec2-user/data/topics/3520 2
@/home/ec2-user/data/topics/3546 3
@/home/ec2-user/data/topics/3866 4
@/home/ec2-user/data/topics/2093 5
@/home/ec2-user/data/topics/1085 6
日本精機株式会社

@/home/ec2-user/data/topics/4972 7
@/home/ec2-user/data/topics/1398 7
@/home/ec2-user/data/topics/4709 8
@/home/ec2-user/data/topics/4690 9
@/home/ec2-user/data/topics/4907 10
@/home/ec2-user/data/topics/4875 11
コニカ株式会社

@/home/ec2-user/data/topics/3419 12
@/home/ec2-user/data/topics/3426 12
@/home/ec2-user/data/topics/3414 13
@/home/ec2-user/data/topics/3357 14
@/home/ec2-user/data/topics/3486 15
@/home/ec2-user/data/topics/3370 16
@/home/ec2-user/data/topics/3431 17
@/home/ec2-user/data/topics/3533 18
@/home/ec2-user/data/topics/1946 19
@/home/ec2-user/data/topics/2162 20
@/home/ec2-user/data/topics/3418 21
埼玉日本電気株式会社

@/home/ec2-user/data/topics/4283 22
@/home/ec2-user/data/topics/4279 22
@/home/ec2-user/data/topics/1620 23
@/home/ec2-user/data/topics/4468 24
@/home/ec2-user/data/topics/4998 25
@/home/ec2-user/data/topics/4242 26
@/home/ec2-user/data/topics/4496 27
@/home/ec2-user/data/topics/5010 28
@/home/ec2-user/data/topics/1512 29
アルプス電気株式会社

@/home/ec2-user/data/topics/2012 30
@/home/ec2-user/data/topics/2089 30
@/home/ec2-user/data/topics/1253 31
@/home/ec2-user/data/topics/4791 32
@/home/ec2-user/data/topics/3429 33
@/home/ec2-user/data/topics/3582 34
@/home/ec2-user/data/topics/1434 35
三菱重工業株式会社

@/home/ec2-user/data/topics/3591 36
@/home/ec2-user/data/topics/4882 36
@/home/ec2-user/data/topics/4563 37
@/home/ec2-user/data/topics/3833 38
@/home/ec2-user/data/topics/3944 39
@/home/ec2-user/data/topics/4687 40
@/home/ec2-user/data/topics/4862 41
@/home/ec2-user/data/topics/3503 42
@/home/ec2-user/data/topics/5022 43
@/home/ec2-user/data/topics/3529 44
@/home/ec2-user/data/topics/3637 45
@/home/ec2-user/data/topics/4412 46
村田機械株式会社

@/home/ec2-user/data/topics/4941 47
@/home/ec2-user/data/topics/3740 47
@/home/ec2-user/data/topics/1074 48
@/home/ec2-user/data/topics/1607 49
@/home/ec2-user/data/topics/4746 50
@/home/ec2-user/data/topics/4565 51
@/home/ec2-user/data/topics/3528 52
@/home/ec2-user/data/topics/1293 53
@/home/ec2-user/data/topics/4645 54
@/home/ec2-user/data/topics/4835 55
@/home/ec2-user/data/topics/4638 56
@/home/ec2-user/data/topics/4556 57
@/home/ec2-user/data/topics/4596 58
@/home/ec2-user/data/topics/5000 59
@/home/ec2-user/data/topics/4570 60
@/home/ec2-user/data/topics/1511 61
@/home/ec2-user/data/topics/4441 62
川崎製鉄株式会社

@/home/ec2-user/data/topics/1037 63
@/home/ec2-user/data/topics/3929 63
@/home/ec2-user/data/topics/3553 64
@/home/ec2-user/data/topics/4615 65
@/home/ec2-user/data/topics/3483 66
@/home/ec2-user/data/topics/3611 67
@/home/ec2-user/data/topics/3532 68
@/home/ec2-user/data/topics/3413 69
@/home/ec2-user/data/topics/1459 70
ダイキン工業株式会社

@/home/ec2-user/data/topics/1600 71
@/home/ec2-user/data/topics/1565 71
@/home/ec2-user/data/topics/4845 72
@/home/ec2-user/data/topics/4515 73
@/home/ec2-user/data/topics/4367 74
@/home/ec2-user/data/topics/4734 75
@/home/ec2-user/data/topics/4858 76
@/home/ec2-user/data/topics/4400 77
@/home/ec2-user/data/topics/3888 78
@/home/ec2-user/data/topics/4701 79
@/home/ec2-user/data/topics/4753 80
三菱自動車工業株式会社

@/home/ec2-user/data/topics/1527 81
@/home/ec2-user/data/topics/2101 81
@/home/ec2-user/data/topics/3502 82
@/home/ec2-user/data/topics/3815 83
@/home/ec2-user/data/topics/1816 84
@/home/ec2-user/data/topics/4189 85
@/home/ec2-user/data/topics/1428 86
@/home/ec2-user/data/topics/3940 87
日産自動車株式会社

@/home/ec2-user/data/topics/3723 88
@/home/ec2-user/data/topics/3829 88
@/home/ec2-user/data/topics/3501 89
@/home/ec2-user/data/topics/3489 90
@/home/ec2-user/data/topics/3645 91
@/home/ec2-user/data/topics/3677 92
@/home/ec2-user/data/topics/3497 93
@/home/ec2-user/data/topics/4982 94
@/home/ec2-user/data/topics/4074 95
@/home/ec2-user/data/topics/3936 96
@/home/ec2-user/data/topics/3712 97
トヨタ自動車株式会社

@/home/ec2-user/data/topics/3783 98
@/home/ec2-user/data/topics/4633 98
@/home/ec2-user/data/topics/4767 99
@/home/ec2-user/data/topics/4064 100
@/home/ec2-user/data/topics/3758 101
@/home/ec2-user/data/topics/3481 102
@/home/ec2-user/data/topics/2111 103
@/home/ec2-user/data/topics/4008 104
@/home/ec2-user/data/topics/3356 105
@/home/ec2-user/data/topics/1494 106
@/home/ec2-user/data/topics/3671 107
@/home/ec2-user/data/topics/3731 108
@/home/ec2-user/data/topics/4647 109
@/home/ec2-user/data/topics/3725 110
@/home/ec2-user/data/topics/1551 111
@/home/ec2-user/data/topics/2218 112
@/home/ec2-user/data/topics/4144 113
@/home/ec2-user/data/topics/3699 114
@/home/ec2-user/data/topics/4030 115
@/home/ec2-user/data/topics/3405 116
@/home/ec2-user/data/topics/4346 117
@/home/ec2-user/data/topics/4920 118
@/home/ec2-user/data/topics/3943 119
@/home/ec2-user/data/topics/4543 120
@/home/ec2-user/data/topics/4298 121
@/home/ec2-user/data/topics/4658 122
@/home/ec2-user/data/topics/4617 123
@/home/ec2-user/data/topics/3587 124
@/home/ec2-user/data/topics/4426 125
オリンパス光学工業株式会社

@/home/ec2-user/data/topics/1981 126
@/home/ec2-user/data/topics/2026 126
@/home/ec2-user/data/topics/1869 127
@/home/ec2-user/data/topics/1107 128
@/home/ec2-user/data/topics/4013 129
@/home/ec2-user/data/topics/1739 130
@/home/ec2-user/data/topics/1155 131
@/home/ec2-user/data/topics/1835 132
@/home/ec2-user/data/topics/4007 133
@/home/ec2-user/data/topics/5006 134
@/home/ec2-user/data/topics/4878 135
@/home/ec2-user/data/topics/1586 136
ブラザー工業株式会社

@/home/ec2-user/data/topics/2086 137
@/home/ec2-user/data/topics/1300 137
@/home/ec2-user/data/topics/1697 138
@/home/ec2-user/data/topics/3507 139
@/home/ec2-user/data/topics/2085 140
@/home/ec2-user/data/topics/3613 141
@/home/ec2-user/data/topics/1183 142
@/home/ec2-user/data/topics/1164 143
@/home/ec2-user/data/topics/4548 144
@/home/ec2-user/data/topics/1636 145
@/home/ec2-user/data/topics/1906 146
@/home/ec2-user/data/topics/3477 147
@/home/ec2-user/data/topics/3686 148
@/home/ec2-user/data/topics/1076 149
@/home/ec2-user/data/topics/3789 150
富士通株式会社

@/home/ec2-user/data/topics/3399 151
@/home/ec2-user/data/topics/3883 151
@/home/ec2-user/data/topics/3962 152
@/home/ec2-user/data/topics/1998 153
@/home/ec2-user/data/topics/4191 154
@/home/ec2-user/data/topics/3862 155
@/home/ec2-user/data/topics/1271 156
@/home/ec2-user/data/topics/3802 157
@/home/ec2-user/data/topics/3428 158
@/home/ec2-user/data/topics/2215 159
@/home/ec2-user/data/topics/3850 160
@/home/ec2-user/data/topics/1609 161
@/home/ec2-user/data/topics/3765 162
@/home/ec2-user/data/topics/3460 163
@/home/ec2-user/data/topics/1874 164
@/home/ec2-user/data/topics/3846 165
@/home/ec2-user/data/topics/3870 166
@/home/ec2-user/data/topics/3749 167
@/home/ec2-user/data/topics/2227 168
@/home/ec2-user/data/topics/3381 169
@/home/ec2-user/data/topics/3538 170
@/home/ec2-user/data/topics/1264 171
@/home/ec2-user/data/topics/3970 172
@/home/ec2-user/data/topics/1547 173
@/home/ec2-user/data/topics/3751 174
@/home/ec2-user/data/topics/3636 175
@/home/ec2-user/data/topics/5004 176
@/home/ec2-user/data/topics/1123 177
@/home/ec2-user/data/topics/3400 178
@/home/ec2-user/data/topics/3912 179
@/home/ec2-user/data/topics/2216 180
@/home/ec2-user/data/topics/3799 181
静岡日本電気株式会社

@/home/ec2-user/data/topics/4314 182
@/home/ec2-user/data/topics/4365 182
@/home/ec2-user/data/topics/4531 183
@/home/ec2-user/data/topics/4507 184
@/home/ec2-user/data/topics/4250 185
@/home/ec2-user/data/topics/4326 186
住友重機械工業株式会社

@/home/ec2-user/data/topics/3952 187
@/home/ec2-user/data/topics/3868 187
@/home/ec2-user/data/topics/1553 188
@/home/ec2-user/data/topics/4854 189
@/home/ec2-user/data/topics/1900 190
@/home/ec2-user/data/topics/2039 191
@/home/ec2-user/data/topics/1373 192
@/home/ec2-user/data/topics/1019 193
@/home/ec2-user/data/topics/1505 194
大日本印刷株式会社

@/home/ec2-user/data/topics/1564 195
@/home/ec2-user/data/topics/3388 195
@/home/ec2-user/data/topics/3569 196
@/home/ec2-user/data/topics/1099 197
@/home/ec2-user/data/topics/1262 198
@/home/ec2-user/data/topics/1145 199
日本電気株式会社

@/home/ec2-user/data/topics/4119 200
@/home/ec2-user/data/topics/3956 200
@/home/ec2-user/data/topics/4092 201
@/home/ec2-user/data/topics/1464 202
@/home/ec2-user/data/topics/1383 203
@/home/ec2-user/data/topics/4244 204
@/home/ec2-user/data/topics/1362 205
@/home/ec2-user/data/topics/4137 206
@/home/ec2-user/data/topics/4721 207
@/home/ec2-user/data/topics/1016 208
@/home/ec2-user/data/topics/4742 209
@/home/ec2-user/data/topics/4689 210
@/home/ec2-user/data/topics/4718 211
@/home/ec2-user/data/topics/4824 212
@/home/ec2-user/data/topics/1624 213
@/home/ec2-user/data/topics/4634 214
@/home/ec2-user/data/topics/3767 215
@/home/ec2-user/data/topics/4659 216
@/home/ec2-user/data/topics/1101 217
@/home/ec2-user/data/topics/1815 218
@/home/ec2-user/data/topics/1764 219
@/home/ec2-user/data/topics/3766 220
@/home/ec2-user/data/topics/4359 221
@/home/ec2-user/data/topics/4246 222
@/home/ec2-user/data/topics/1634 223
@/home/ec2-user/data/topics/1852 224
@/home/ec2-user/data/topics/4902 225
@/home/ec2-user/data/topics/4320 226
@/home/ec2-user/data/topics/4185 227
@/home/ec2-user/data/topics/4315 228
@/home/ec2-user/data/topics/3954 229
@/home/ec2-user/data/topics/4398 230
@/home/ec2-user/data/topics/4319 231
@/home/ec2-user/data/topics/4485 232
@/home/ec2-user/data/topics/4595 233
@/home/ec2-user/data/topics/4603 234
@/home/ec2-user/data/topics/4116 235
@/home/ec2-user/data/topics/4153 236
@/home/ec2-user/data/topics/1486 237
@/home/ec2-user/data/topics/1523 238
@/home/ec2-user/data/topics/3896 239
@/home/ec2-user/data/topics/3995 240
@/home/ec2-user/data/topics/1724 241
@/home/ec2-user/data/topics/4093 242
@/home/ec2-user/data/topics/1595 243
@/home/ec2-user/data/topics/4154 244
@/home/ec2-user/data/topics/4260 245
@/home/ec2-user/data/topics/4434 246
@/home/ec2-user/data/topics/4162 247
@/home/ec2-user/data/topics/4749 248
@/home/ec2-user/data/topics/4142 249
@/home/ec2-user/data/topics/4643 250
@/home/ec2-user/data/topics/4429 251
@/home/ec2-user/data/topics/1044 252
@/home/ec2-user/data/topics/1661 253
@/home/ec2-user/data/topics/4276 254
@/home/ec2-user/data/topics/4650 255
@/home/ec2-user/data/topics/4785 256
@/home/ec2-user/data/topics/1973 257
@/home/ec2-user/data/topics/4838 258
@/home/ec2-user/data/topics/2088 259
@/home/ec2-user/data/topics/4651 260
@/home/ec2-user/data/topics/4425 261
@/home/ec2-user/data/topics/4216 262
@/home/ec2-user/data/topics/3853 263
@/home/ec2-user/data/topics/4192 264
@/home/ec2-user/data/topics/1773 265
@/home/ec2-user/data/topics/2150 266
@/home/ec2-user/data/topics/4352 267
@/home/ec2-user/data/topics/1923 268
@/home/ec2-user/data/topics/4371 269
@/home/ec2-user/data/topics/4313 270
@/home/ec2-user/data/topics/4816 271
@/home/ec2-user/data/topics/3744 272
@/home/ec2-user/data/topics/4850 273
@/home/ec2-user/data/topics/4533 274
@/home/ec2-user/data/topics/4186 275
@/home/ec2-user/data/topics/1326 276
@/home/ec2-user/data/topics/4427 277
@/home/ec2-user/data/topics/4288 278
@/home/ec2-user/data/topics/4258 279
@/home/ec2-user/data/topics/4071 280
@/home/ec2-user/data/topics/1122 281
@/home/ec2-user/data/topics/4281 282
@/home/ec2-user/data/topics/4278 283
@/home/ec2-user/data/topics/1891 284
@/home/ec2-user/data/topics/4460 285
@/home/ec2-user/data/topics/4273 286
@/home/ec2-user/data/topics/3724 287
@/home/ec2-user/data/topics/1360 288
@/home/ec2-user/data/topics/4537 289
@/home/ec2-user/data/topics/2022 290
@/home/ec2-user/data/topics/4393 291
@/home/ec2-user/data/topics/4158 292
@/home/ec2-user/data/topics/4725 293
@/home/ec2-user/data/topics/4063 294
@/home/ec2-user/data/topics/4257 295
@/home/ec2-user/data/topics/4447 296
@/home/ec2-user/data/topics/1557 297
@/home/ec2-user/data/topics/4561 298
@/home/ec2-user/data/topics/4318 299
@/home/ec2-user/data/topics/4100 300
@/home/ec2-user/data/topics/4486 301
@/home/ec2-user/data/topics/4204 302
@/home/ec2-user/data/topics/4613 303
@/home/ec2-user/data/topics/4728 304
@/home/ec2-user/data/topics/4390 305
@/home/ec2-user/data/topics/4609 306
@/home/ec2-user/data/topics/4770 307
@/home/ec2-user/data/topics/4760 308
@/home/ec2-user/data/topics/2041 309
@/home/ec2-user/data/topics/4418 310
@/home/ec2-user/data/topics/4764 311
@/home/ec2-user/data/topics/4196 312
@/home/ec2-user/data/topics/4129 313
@/home/ec2-user/data/topics/4666 314
@/home/ec2-user/data/topics/1612 315
@/home/ec2-user/data/topics/4750 316
@/home/ec2-user/data/topics/4708 317
@/home/ec2-user/data/topics/4877 318
@/home/ec2-user/data/topics/1791 319
@/home/ec2-user/data/topics/4699 320
@/home/ec2-user/data/topics/4247 321
@/home/ec2-user/data/topics/4171 322
@/home/ec2-user/data/topics/1710 323
@/home/ec2-user/data/topics/4775 324
@/home/ec2-user/data/topics/4360 325
@/home/ec2-user/data/topics/2144 326
@/home/ec2-user/data/topics/4300 327
@/home/ec2-user/data/topics/1457 328
@/home/ec2-user/data/topics/4808 329
@/home/ec2-user/data/topics/2031 330
@/home/ec2-user/data/topics/4442 331
@/home/ec2-user/data/topics/4759 332
@/home/ec2-user/data/topics/4343 333
@/home/ec2-user/data/topics/3875 334
@/home/ec2-user/data/topics/4081 335
@/home/ec2-user/data/topics/4227 336
@/home/ec2-user/data/topics/4062 337
@/home/ec2-user/data/topics/4003 338
@/home/ec2-user/data/topics/4646 339
@/home/ec2-user/data/topics/2127 340
@/home/ec2-user/data/topics/4168 341
@/home/ec2-user/data/topics/1112 342
@/home/ec2-user/data/topics/4275 343
@/home/ec2-user/data/topics/4017 344
@/home/ec2-user/data/topics/4682 345
@/home/ec2-user/data/topics/4549 346
@/home/ec2-user/data/topics/4236 347
@/home/ec2-user/data/topics/4876 348
@/home/ec2-user/data/topics/4532 349
@/home/ec2-user/data/topics/4530 350
@/home/ec2-user/data/topics/3729 351
@/home/ec2-user/data/topics/4440 352
@/home/ec2-user/data/topics/4657 353
@/home/ec2-user/data/topics/4926 354
@/home/ec2-user/data/topics/4578 355
@/home/ec2-user/data/topics/3865 356
@/home/ec2-user/data/topics/1052 357
@/home/ec2-user/data/topics/1500 358
@/home/ec2-user/data/topics/4477 359
@/home/ec2-user/data/topics/4209 360
@/home/ec2-user/data/topics/2166 361
@/home/ec2-user/data/topics/4128 362
@/home/ec2-user/data/topics/4779 363
@/home/ec2-user/data/topics/4584 364
@/home/ec2-user/data/topics/4272 365
@/home/ec2-user/data/topics/4480 366
@/home/ec2-user/data/topics/4254 367
@/home/ec2-user/data/topics/4497 368
@/home/ec2-user/data/topics/2119 369
@/home/ec2-user/data/topics/1567 370
@/home/ec2-user/data/topics/3897 371
@/home/ec2-user/data/topics/4138 372
@/home/ec2-user/data/topics/4665 373
@/home/ec2-user/data/topics/4458 374
@/home/ec2-user/data/topics/3971 375
@/home/ec2-user/data/topics/4940 376
@/home/ec2-user/data/topics/4097 377
@/home/ec2-user/data/topics/4338 378
@/home/ec2-user/data/topics/1281 379
@/home/ec2-user/data/topics/3938 380
@/home/ec2-user/data/topics/4389 381
@/home/ec2-user/data/topics/4433 382
@/home/ec2-user/data/topics/4892 383
@/home/ec2-user/data/topics/4120 384
@/home/ec2-user/data/topics/5034 385
@/home/ec2-user/data/topics/3886 386
@/home/ec2-user/data/topics/1937 387
@/home/ec2-user/data/topics/4626 388
@/home/ec2-user/data/topics/1867 389
@/home/ec2-user/data/topics/4388 390
@/home/ec2-user/data/topics/1783 391
@/home/ec2-user/data/topics/4238 392
@/home/ec2-user/data/topics/4414 393
@/home/ec2-user/data/topics/4536 394
@/home/ec2-user/data/topics/4598 395
@/home/ec2-user/data/topics/1116 396
@/home/ec2-user/data/topics/4309 397
@/home/ec2-user/data/topics/4243 398
@/home/ec2-user/data/topics/4490 399
@/home/ec2-user/data/topics/1100 400
@/home/ec2-user/data/topics/1844 401
@/home/ec2-user/data/topics/4644 402
@/home/ec2-user/data/topics/4404 403
@/home/ec2-user/data/topics/4240 404
@/home/ec2-user/data/topics/1364 405
@/home/ec2-user/data/topics/1948 406
@/home/ec2-user/data/topics/4082 407
@/home/ec2-user/data/topics/4207 408
@/home/ec2-user/data/topics/4446 409
@/home/ec2-user/data/topics/1078 410
@/home/ec2-user/data/topics/1199 411
@/home/ec2-user/data/topics/4134 412
@/home/ec2-user/data/topics/4267 413
@/home/ec2-user/data/topics/4342 414
@/home/ec2-user/data/topics/4696 415
@/home/ec2-user/data/topics/1928 416
@/home/ec2-user/data/topics/1879 417
@/home/ec2-user/data/topics/4310 418
松下電器産業株式会社

@/home/ec2-user/data/topics/3558 419
@/home/ec2-user/data/topics/3676 419
@/home/ec2-user/data/topics/3692 420
@/home/ec2-user/data/topics/4274 421
@/home/ec2-user/data/topics/3979 422
@/home/ec2-user/data/topics/4502 423
@/home/ec2-user/data/topics/3739 424
@/home/ec2-user/data/topics/1477 425
@/home/ec2-user/data/topics/4586 426
@/home/ec2-user/data/topics/3951 427
@/home/ec2-user/data/topics/4475 428
@/home/ec2-user/data/topics/3680 429
@/home/ec2-user/data/topics/4945 430
@/home/ec2-user/data/topics/1705 431
@/home/ec2-user/data/topics/4307 432
@/home/ec2-user/data/topics/1762 433
@/home/ec2-user/data/topics/4817 434
@/home/ec2-user/data/topics/2056 435
@/home/ec2-user/data/topics/2029 436
@/home/ec2-user/data/topics/4754 437
@/home/ec2-user/data/topics/4139 438
@/home/ec2-user/data/topics/4160 439
@/home/ec2-user/data/topics/4787 440
@/home/ec2-user/data/topics/1829 441
@/home/ec2-user/data/topics/4459 442
@/home/ec2-user/data/topics/4264 443
@/home/ec2-user/data/topics/1070 444
@/home/ec2-user/data/topics/4215 445
@/home/ec2-user/data/topics/4667 446
@/home/ec2-user/data/topics/1898 447
@/home/ec2-user/data/topics/4936 448
@/home/ec2-user/data/topics/5024 449
@/home/ec2-user/data/topics/3510 450
@/home/ec2-user/data/topics/1179 451
@/home/ec2-user/data/topics/3746 452
@/home/ec2-user/data/topics/4961 453
@/home/ec2-user/data/topics/4797 454
@/home/ec2-user/data/topics/4355 455
@/home/ec2-user/data/topics/3694 456
@/home/ec2-user/data/topics/4193 457
@/home/ec2-user/data/topics/2156 458
@/home/ec2-user/data/topics/4101 459
@/home/ec2-user/data/topics/3514 460
@/home/ec2-user/data/topics/3402 461
@/home/ec2-user/data/topics/4159 462
@/home/ec2-user/data/topics/1157 463
@/home/ec2-user/data/topics/3619 464
@/home/ec2-user/data/topics/3807 465
@/home/ec2-user/data/topics/4000 466
@/home/ec2-user/data/topics/1525 467
@/home/ec2-user/data/topics/4448 468
@/home/ec2-user/data/topics/4043 469
@/home/ec2-user/data/topics/4761 470
@/home/ec2-user/data/topics/4577 471
@/home/ec2-user/data/topics/4501 472
@/home/ec2-user/data/topics/1509 473
@/home/ec2-user/data/topics/3455 474
@/home/ec2-user/data/topics/3719 475
@/home/ec2-user/data/topics/4385 476
@/home/ec2-user/data/topics/4464 477
@/home/ec2-user/data/topics/3704 478
@/home/ec2-user/data/topics/3920 479
@/home/ec2-user/data/topics/4098 480
@/home/ec2-user/data/topics/1706 481
@/home/ec2-user/data/topics/1748 482
@/home/ec2-user/data/topics/4229 483
@/home/ec2-user/data/topics/1955 484
@/home/ec2-user/data/topics/3761 485
@/home/ec2-user/data/topics/3404 486
@/home/ec2-user/data/topics/3585 487
@/home/ec2-user/data/topics/4303 488
@/home/ec2-user/data/topics/3847 489
@/home/ec2-user/data/topics/4102 490
@/home/ec2-user/data/topics/2170 491
@/home/ec2-user/data/topics/2129 492
@/home/ec2-user/data/topics/4676 493
@/home/ec2-user/data/topics/4599 494
@/home/ec2-user/data/topics/1881 495
@/home/ec2-user/data/topics/3519 496
@/home/ec2-user/data/topics/4574 497
@/home/ec2-user/data/topics/4918 498
@/home/ec2-user/data/topics/1257 499
@/home/ec2-user/data/topics/3904 500
@/home/ec2-user/data/topics/1701 501
@/home/ec2-user/data/topics/1885 502
@/home/ec2-user/data/topics/3494 503
@/home/ec2-user/data/topics/4503 504
@/home/ec2-user/data/topics/3386 505
@/home/ec2-user/data/topics/4180 506
@/home/ec2-user/data/topics/2080 507
@/home/ec2-user/data/topics/4885 508
@/home/ec2-user/data/topics/1589 509
@/home/ec2-user/data/topics/4558 510
@/home/ec2-user/data/topics/3658 511
@/home/ec2-user/data/topics/4157 512
@/home/ec2-user/data/topics/4491 513
@/home/ec2-user/data/topics/3960 514
@/home/ec2-user/data/topics/1339 515
@/home/ec2-user/data/topics/1158 516
@/home/ec2-user/data/topics/4625 517
@/home/ec2-user/data/topics/4126 518
@/home/ec2-user/data/topics/4968 519
@/home/ec2-user/data/topics/4394 520
@/home/ec2-user/data/topics/1633 521
@/home/ec2-user/data/topics/1516 522
@/home/ec2-user/data/topics/4280 523
@/home/ec2-user/data/topics/4806 524
@/home/ec2-user/data/topics/4707 525
@/home/ec2-user/data/topics/4867 526
@/home/ec2-user/data/topics/4917 527
@/home/ec2-user/data/topics/1252 528
@/home/ec2-user/data/topics/1812 529
@/home/ec2-user/data/topics/3721 530
@/home/ec2-user/data/topics/2222 531
@/home/ec2-user/data/topics/1540 532
@/home/ec2-user/data/topics/1635 533
@/home/ec2-user/data/topics/4798 534
@/home/ec2-user/data/topics/5028 535
@/home/ec2-user/data/topics/1136 536
@/home/ec2-user/data/topics/4382 537
@/home/ec2-user/data/topics/4804 538
@/home/ec2-user/data/topics/1026 539
@/home/ec2-user/data/topics/4422 540
セイコーインスツルメンツ株式会社

@/home/ec2-user/data/topics/4036 541
@/home/ec2-user/data/topics/4203 541
@/home/ec2-user/data/topics/4088 542
@/home/ec2-user/data/topics/4997 543
@/home/ec2-user/data/topics/3825 544
@/home/ec2-user/data/topics/1707 545
@/home/ec2-user/data/topics/4190 546
@/home/ec2-user/data/topics/4151 547
@/home/ec2-user/data/topics/3626 548
ミノルタ株式会社

@/home/ec2-user/data/topics/3545 549
@/home/ec2-user/data/topics/4951 549
@/home/ec2-user/data/topics/4971 550
@/home/ec2-user/data/topics/4970 551
@/home/ec2-user/data/topics/4986 552
@/home/ec2-user/data/topics/3584 553
@/home/ec2-user/data/topics/4977 554
@/home/ec2-user/data/topics/2190 555
@/home/ec2-user/data/topics/4984 556
@/home/ec2-user/data/topics/3810 557
@/home/ec2-user/data/topics/4321 558
@/home/ec2-user/data/topics/1152 559
株式会社リコー

@/home/ec2-user/data/topics/1593 560
@/home/ec2-user/data/topics/3424 560
@/home/ec2-user/data/topics/1106 561
@/home/ec2-user/data/topics/3555 562
@/home/ec2-user/data/topics/2201 563
@/home/ec2-user/data/topics/3880 564
@/home/ec2-user/data/topics/1668 565
@/home/ec2-user/data/topics/4344 566
@/home/ec2-user/data/topics/1691 567
@/home/ec2-user/data/topics/1095 568
@/home/ec2-user/data/topics/3837 569
@/home/ec2-user/data/topics/3687 570
@/home/ec2-user/data/topics/1514 571
@/home/ec2-user/data/topics/1718 572
@/home/ec2-user/data/topics/2182 573
@/home/ec2-user/data/topics/3713 574
@/home/ec2-user/data/topics/3484 575
@/home/ec2-user/data/topics/2219 576
@/home/ec2-user/data/topics/1669 577
@/home/ec2-user/data/topics/2006 578
@/home/ec2-user/data/topics/4265 579
@/home/ec2-user/data/topics/3523 580
@/home/ec2-user/data/topics/1974 581
@/home/ec2-user/data/topics/2043 582
@/home/ec2-user/data/topics/1083 583
@/home/ec2-user/data/topics/1776 584
@/home/ec2-user/data/topics/3436 585
@/home/ec2-user/data/topics/3759 586
@/home/ec2-user/data/topics/1806 587
@/home/ec2-user/data/topics/4616 588
@/home/ec2-user/data/topics/3548 589
@/home/ec2-user/data/topics/1627 590
@/home/ec2-user/data/topics/1282 591
@/home/ec2-user/data/topics/1190 592
@/home/ec2-user/data/topics/3411 593
@/home/ec2-user/data/topics/1670 594
@/home/ec2-user/data/topics/1780 595
@/home/ec2-user/data/topics/4781 596
@/home/ec2-user/data/topics/3775 597
@/home/ec2-user/data/topics/1225 598
@/home/ec2-user/data/topics/1976 599
@/home/ec2-user/data/topics/3557 600
@/home/ec2-user/data/topics/1433 601
@/home/ec2-user/data/topics/2090 602
@/home/ec2-user/data/topics/1774 603
@/home/ec2-user/data/topics/3474 604
@/home/ec2-user/data/topics/1064 605
@/home/ec2-user/data/topics/1610 606
@/home/ec2-user/data/topics/3495 607
@/home/ec2-user/data/topics/1775 608
@/home/ec2-user/data/topics/2200 609
@/home/ec2-user/data/topics/1740 610
@/home/ec2-user/data/topics/1482 611
@/home/ec2-user/data/topics/1878 612
@/home/ec2-user/data/topics/3530 613
@/home/ec2-user/data/topics/1436 614
@/home/ec2-user/data/topics/3446 615
@/home/ec2-user/data/topics/4879 616
@/home/ec2-user/data/topics/3633 617
@/home/ec2-user/data/topics/3574 618
@/home/ec2-user/data/topics/1663 619
@/home/ec2-user/data/topics/1478 620
@/home/ec2-user/data/topics/3472 621
@/home/ec2-user/data/topics/3750 622
@/home/ec2-user/data/topics/3669 623
@/home/ec2-user/data/topics/3711 624
@/home/ec2-user/data/topics/2189 625
@/home/ec2-user/data/topics/1755 626
@/home/ec2-user/data/topics/3378 627
@/home/ec2-user/data/topics/4037 628
@/home/ec2-user/data/topics/3394 629
独立行政法人産業技術総合研究所

@/home/ec2-user/data/topics/4800 630
@/home/ec2-user/data/topics/4740 630
@/home/ec2-user/data/topics/4739 631
@/home/ec2-user/data/topics/4777 632
@/home/ec2-user/data/topics/4869 633
@/home/ec2-user/data/topics/1356 634
ソニー株式会社

@/home/ec2-user/data/topics/1926 635
@/home/ec2-user/data/topics/3975 635
@/home/ec2-user/data/topics/2052 636
@/home/ec2-user/data/topics/1912 637
@/home/ec2-user/data/topics/3955 638
@/home/ec2-user/data/topics/1873 639
@/home/ec2-user/data/topics/2037 640
@/home/ec2-user/data/topics/1147 641
@/home/ec2-user/data/topics/1218 642
@/home/ec2-user/data/topics/3872 643
@/home/ec2-user/data/topics/2075 644
@/home/ec2-user/data/topics/2105 645
@/home/ec2-user/data/topics/5027 646
@/home/ec2-user/data/topics/1233 647
@/home/ec2-user/data/topics/1967 648
@/home/ec2-user/data/topics/2094 649
@/home/ec2-user/data/topics/1892 650
@/home/ec2-user/data/topics/1298 651
@/home/ec2-user/data/topics/1778 652
@/home/ec2-user/data/topics/2059 653
@/home/ec2-user/data/topics/3924 654
@/home/ec2-user/data/topics/4219 655
@/home/ec2-user/data/topics/4351 656
@/home/ec2-user/data/topics/1426 657
@/home/ec2-user/data/topics/1954 658
@/home/ec2-user/data/topics/1679 659
@/home/ec2-user/data/topics/4224 660
@/home/ec2-user/data/topics/1414 661
@/home/ec2-user/data/topics/1836 662
@/home/ec2-user/data/topics/1884 663
@/home/ec2-user/data/topics/1471 664
@/home/ec2-user/data/topics/1602 665
@/home/ec2-user/data/topics/1291 666
@/home/ec2-user/data/topics/1397 667
@/home/ec2-user/data/topics/1749 668
@/home/ec2-user/data/topics/1102 669
@/home/ec2-user/data/topics/1380 670
@/home/ec2-user/data/topics/2048 671
@/home/ec2-user/data/topics/1059 672
@/home/ec2-user/data/topics/3456 673
@/home/ec2-user/data/topics/1435 674
@/home/ec2-user/data/topics/4184 675
@/home/ec2-user/data/topics/1491 676
@/home/ec2-user/data/topics/3401 677
@/home/ec2-user/data/topics/2058 678
@/home/ec2-user/data/topics/3392 679
@/home/ec2-user/data/topics/1686 680
富士ゼロックス株式会社

@/home/ec2-user/data/topics/4108 681
@/home/ec2-user/data/topics/3695 681
@/home/ec2-user/data/topics/3782 682
@/home/ec2-user/data/topics/3473 683
@/home/ec2-user/data/topics/3790 684
@/home/ec2-user/data/topics/3662 685
@/home/ec2-user/data/topics/3564 686
@/home/ec2-user/data/topics/3640 687
@/home/ec2-user/data/topics/1947 688
@/home/ec2-user/data/topics/1560 689
@/home/ec2-user/data/topics/5031 690
@/home/ec2-user/data/topics/3383 691
@/home/ec2-user/data/topics/3366 692
@/home/ec2-user/data/topics/3661 693
@/home/ec2-user/data/topics/3407 694
住友金属工業株式会社

@/home/ec2-user/data/topics/4322 695
@/home/ec2-user/data/topics/3826 695
@/home/ec2-user/data/topics/1268 696
@/home/ec2-user/data/topics/3577 697
@/home/ec2-user/data/topics/4534 698
@/home/ec2-user/data/topics/4295 699
@/home/ec2-user/data/topics/4182 700
@/home/ec2-user/data/topics/4991 701
@/home/ec2-user/data/topics/3655 702
@/home/ec2-user/data/topics/4733 703
@/home/ec2-user/data/topics/4021 704
@/home/ec2-user/data/topics/4661 705
日立電線株式会社

@/home/ec2-user/data/topics/1305 706
@/home/ec2-user/data/topics/4356 706
@/home/ec2-user/data/topics/4329 707
@/home/ec2-user/data/topics/3756 708
@/home/ec2-user/data/topics/1027 709
@/home/ec2-user/data/topics/1117 710
@/home/ec2-user/data/topics/3930 711
@/home/ec2-user/data/topics/1388 712
@/home/ec2-user/data/topics/4357 713
キヤノン株式会社

@/home/ec2-user/data/topics/4937 714
@/home/ec2-user/data/topics/4610 714
@/home/ec2-user/data/topics/4054 715
@/home/ec2-user/data/topics/3967 716
@/home/ec2-user/data/topics/3642 717
@/home/ec2-user/data/topics/1118 718
@/home/ec2-user/data/topics/3441 719
@/home/ec2-user/data/topics/1848 720
@/home/ec2-user/data/topics/3417 721
@/home/ec2-user/data/topics/3949 722
@/home/ec2-user/data/topics/3410 723
@/home/ec2-user/data/topics/1438 724
@/home/ec2-user/data/topics/1745 725
@/home/ec2-user/data/topics/3420 726
@/home/ec2-user/data/topics/3852 727
@/home/ec2-user/data/topics/1802 728
@/home/ec2-user/data/topics/1216 729
@/home/ec2-user/data/topics/4521 730
@/home/ec2-user/data/topics/2117 731
@/home/ec2-user/data/topics/3438 732
@/home/ec2-user/data/topics/3430 733
@/home/ec2-user/data/topics/1590 734
@/home/ec2-user/data/topics/3958 735
@/home/ec2-user/data/topics/2243 736
@/home/ec2-user/data/topics/3434 737
@/home/ec2-user/data/topics/2231 738
@/home/ec2-user/data/topics/3720 739
@/home/ec2-user/data/topics/3416 740
@/home/ec2-user/data/topics/3722 741
@/home/ec2-user/data/topics/3454 742
@/home/ec2-user/data/topics/3730 743
@/home/ec2-user/data/topics/1513 744
@/home/ec2-user/data/topics/1847 745
@/home/ec2-user/data/topics/3374 746
@/home/ec2-user/data/topics/4947 747
@/home/ec2-user/data/topics/3376 748
@/home/ec2-user/data/topics/2053 749
@/home/ec2-user/data/topics/4628 750
@/home/ec2-user/data/topics/1080 751
@/home/ec2-user/data/topics/1208 752
@/home/ec2-user/data/topics/2004 753
@/home/ec2-user/data/topics/3415 754
@/home/ec2-user/data/topics/3843 755
@/home/ec2-user/data/topics/1866 756
@/home/ec2-user/data/topics/4020 757
@/home/ec2-user/data/topics/1124 758
@/home/ec2-user/data/topics/1646 759
@/home/ec2-user/data/topics/1961 760
@/home/ec2-user/data/topics/1744 761
@/home/ec2-user/data/topics/3660 762
@/home/ec2-user/data/topics/3445 763
@/home/ec2-user/data/topics/1228 764
@/home/ec2-user/data/topics/3996 765
@/home/ec2-user/data/topics/1539 766
@/home/ec2-user/data/topics/4948 767
@/home/ec2-user/data/topics/1895 768
@/home/ec2-user/data/topics/1519 769
@/home/ec2-user/data/topics/1631 770
@/home/ec2-user/data/topics/3656 771
@/home/ec2-user/data/topics/1975 772
@/home/ec2-user/data/topics/3755 773
@/home/ec2-user/data/topics/3628 774
@/home/ec2-user/data/topics/1568 775
@/home/ec2-user/data/topics/1889 776
@/home/ec2-user/data/topics/4350 777
@/home/ec2-user/data/topics/4520 778
@/home/ec2-user/data/topics/2145 779
@/home/ec2-user/data/topics/1455 780
@/home/ec2-user/data/topics/2107 781
@/home/ec2-user/data/topics/3737 782
@/home/ec2-user/data/topics/1790 783
@/home/ec2-user/data/topics/4363 784
@/home/ec2-user/data/topics/4068 785
三洋電機株式会社

@/home/ec2-user/data/topics/4763 786
@/home/ec2-user/data/topics/1722 786
@/home/ec2-user/data/topics/3681 787
@/home/ec2-user/data/topics/4001 788
@/home/ec2-user/data/topics/3781 789
@/home/ec2-user/data/topics/1980 790
@/home/ec2-user/data/topics/4015 791
@/home/ec2-user/data/topics/5002 792
@/home/ec2-user/data/topics/3926 793
@/home/ec2-user/data/topics/2063 794
@/home/ec2-user/data/topics/4060 795
@/home/ec2-user/data/topics/1515 796
@/home/ec2-user/data/topics/3845 797
@/home/ec2-user/data/topics/3403 798
@/home/ec2-user/data/topics/4720 799
@/home/ec2-user/data/topics/4837 800
@/home/ec2-user/data/topics/3889 801
@/home/ec2-user/data/topics/4654 802
@/home/ec2-user/data/topics/4492 803
@/home/ec2-user/data/topics/3808 804
@/home/ec2-user/data/topics/3581 805
@/home/ec2-user/data/topics/4178 806
@/home/ec2-user/data/topics/4150 807
@/home/ec2-user/data/topics/1451 808
@/home/ec2-user/data/topics/1289 809
@/home/ec2-user/data/topics/4376 810
@/home/ec2-user/data/topics/4384 811
@/home/ec2-user/data/topics/4612 812
@/home/ec2-user/data/topics/4301 813
@/home/ec2-user/data/topics/1246 814
@/home/ec2-user/data/topics/1652 815
@/home/ec2-user/data/topics/4983 816
@/home/ec2-user/data/topics/2098 817
@/home/ec2-user/data/topics/4212 818
@/home/ec2-user/data/topics/4788 819
@/home/ec2-user/data/topics/4527 820
@/home/ec2-user/data/topics/5011 821
@/home/ec2-user/data/topics/3398 822
@/home/ec2-user/data/topics/1386 823
@/home/ec2-user/data/topics/4474 824
@/home/ec2-user/data/topics/1488 825
@/home/ec2-user/data/topics/3986 826
@/home/ec2-user/data/topics/4179 827
@/home/ec2-user/data/topics/2230 828
@/home/ec2-user/data/topics/4066 829
@/home/ec2-user/data/topics/4099 830
@/home/ec2-user/data/topics/3754 831
@/home/ec2-user/data/topics/3817 832
@/home/ec2-user/data/topics/4960 833
@/home/ec2-user/data/topics/1653 834
@/home/ec2-user/data/topics/1479 835
@/home/ec2-user/data/topics/2054 836
@/home/ec2-user/data/topics/3830 837
@/home/ec2-user/data/topics/4978 838
@/home/ec2-user/data/topics/1321 839
@/home/ec2-user/data/topics/4304 840
@/home/ec2-user/data/topics/4328 841
@/home/ec2-user/data/topics/3539 842
@/home/ec2-user/data/topics/4061 843
@/home/ec2-user/data/topics/4679 844
@/home/ec2-user/data/topics/4571 845
@/home/ec2-user/data/topics/2194 846
@/home/ec2-user/data/topics/2014 847
@/home/ec2-user/data/topics/2071 848
@/home/ec2-user/data/topics/3974 849
@/home/ec2-user/data/topics/3953 850
@/home/ec2-user/data/topics/3492 851
@/home/ec2-user/data/topics/3625 852
@/home/ec2-user/data/topics/4039 853
@/home/ec2-user/data/topics/1079 854
@/home/ec2-user/data/topics/3491 855
@/home/ec2-user/data/topics/4726 856
@/home/ec2-user/data/topics/3708 857
@/home/ec2-user/data/topics/3859 858
@/home/ec2-user/data/topics/3804 859
@/home/ec2-user/data/topics/4604 860
@/home/ec2-user/data/topics/1163 861
@/home/ec2-user/data/topics/3906 862
@/home/ec2-user/data/topics/1671 863
三菱電機株式会社

@/home/ec2-user/data/topics/3409 864
@/home/ec2-user/data/topics/3841 864
@/home/ec2-user/data/topics/5032 865
@/home/ec2-user/data/topics/3774 866
@/home/ec2-user/data/topics/4282 867
@/home/ec2-user/data/topics/3612 868
@/home/ec2-user/data/topics/3963 869
@/home/ec2-user/data/topics/3490 870
@/home/ec2-user/data/topics/4514 871
@/home/ec2-user/data/topics/3592 872
@/home/ec2-user/data/topics/4133 873
@/home/ec2-user/data/topics/4880 874
@/home/ec2-user/data/topics/4220 875
@/home/ec2-user/data/topics/4149 876
@/home/ec2-user/data/topics/4047 877
@/home/ec2-user/data/topics/1536 878
@/home/ec2-user/data/topics/4221 879
@/home/ec2-user/data/topics/4041 880
@/home/ec2-user/data/topics/3493 881
@/home/ec2-user/data/topics/3921 882
@/home/ec2-user/data/topics/4305 883
@/home/ec2-user/data/topics/3800 884
@/home/ec2-user/data/topics/4181 885
@/home/ec2-user/data/topics/4076 886
@/home/ec2-user/data/topics/4233 887
@/home/ec2-user/data/topics/3609 888
@/home/ec2-user/data/topics/1754 889
@/home/ec2-user/data/topics/4235 890
@/home/ec2-user/data/topics/3506 891
@/home/ec2-user/data/topics/1220 892
@/home/ec2-user/data/topics/4518 893
@/home/ec2-user/data/topics/3412 894
@/home/ec2-user/data/topics/3466 895
@/home/ec2-user/data/topics/4614 896
@/home/ec2-user/data/topics/3856 897
@/home/ec2-user/data/topics/4980 898
@/home/ec2-user/data/topics/3747 899
@/home/ec2-user/data/topics/4834 900
@/home/ec2-user/data/topics/3666 901
@/home/ec2-user/data/topics/3465 902
@/home/ec2-user/data/topics/3820 903
@/home/ec2-user/data/topics/1110 904
@/home/ec2-user/data/topics/3397 905
@/home/ec2-user/data/topics/3616 906
@/home/ec2-user/data/topics/1872 907
@/home/ec2-user/data/topics/4663 908
@/home/ec2-user/data/topics/4552 909
@/home/ec2-user/data/topics/1738 910
@/home/ec2-user/data/topics/3873 911
@/home/ec2-user/data/topics/5033 912
@/home/ec2-user/data/topics/3595 913
@/home/ec2-user/data/topics/4562 914
@/home/ec2-user/data/topics/1792 915
@/home/ec2-user/data/topics/3451 916
@/home/ec2-user/data/topics/2146 917
@/home/ec2-user/data/topics/3469 918
@/home/ec2-user/data/topics/4419 919
@/home/ec2-user/data/topics/3453 920
住友ゴム工業株式会社

@/home/ec2-user/data/topics/4568 921
@/home/ec2-user/data/topics/4048 921
@/home/ec2-user/data/topics/1758 922
@/home/ec2-user/data/topics/4597 923
@/home/ec2-user/data/topics/2007 924
@/home/ec2-user/data/topics/1114 925
@/home/ec2-user/data/topics/4406 926
セイコーエプソン株式会社

@/home/ec2-user/data/topics/3505 927
@/home/ec2-user/data/topics/1423 927
@/home/ec2-user/data/topics/1378 928
@/home/ec2-user/data/topics/4719 929
@/home/ec2-user/data/topics/2078 930
@/home/ec2-user/data/topics/2165 931
@/home/ec2-user/data/topics/3476 932
@/home/ec2-user/data/topics/1484 933
@/home/ec2-user/data/topics/4585 934
@/home/ec2-user/data/topics/4454 935
@/home/ec2-user/data/topics/3985 936
@/home/ec2-user/data/topics/4386 937
@/home/ec2-user/data/topics/1890 938
@/home/ec2-user/data/topics/3819 939
@/home/ec2-user/data/topics/1343 940
@/home/ec2-user/data/topics/4801 941
@/home/ec2-user/data/topics/4802 942
@/home/ec2-user/data/topics/4109 943
@/home/ec2-user/data/topics/3910 944
@/home/ec2-user/data/topics/3589 945
@/home/ec2-user/data/topics/3887 946
@/home/ec2-user/data/topics/4605 947
@/home/ec2-user/data/topics/3361 948
@/home/ec2-user/data/topics/1938 949
@/home/ec2-user/data/topics/4022 950
@/home/ec2-user/data/topics/1641 951
株式会社三共

@/home/ec2-user/data/topics/1086 952
@/home/ec2-user/data/topics/4868 952
@/home/ec2-user/data/topics/2060 953
@/home/ec2-user/data/topics/1189 954
@/home/ec2-user/data/topics/1665 955
@/home/ec2-user/data/topics/2123 956
@/home/ec2-user/data/topics/4374 957
@/home/ec2-user/data/topics/1377 958
@/home/ec2-user/data/topics/1648 959
沖電気工業株式会社

@/home/ec2-user/data/topics/3395 960
@/home/ec2-user/data/topics/3621 960
@/home/ec2-user/data/topics/3457 961
@/home/ec2-user/data/topics/3433 962
@/home/ec2-user/data/topics/3690 963
@/home/ec2-user/data/topics/3764 964
@/home/ec2-user/data/topics/4299 965
@/home/ec2-user/data/topics/4308 966
@/home/ec2-user/data/topics/1531 967
@/home/ec2-user/data/topics/3571 968
@/home/ec2-user/data/topics/4693 969
@/home/ec2-user/data/topics/3964 970
@/home/ec2-user/data/topics/4575 971
@/home/ec2-user/data/topics/1188 972
株式会社三星

@/home/ec2-user/data/topics/1260 973
@/home/ec2-user/data/topics/2198 973
@/home/ec2-user/data/topics/1728 974
@/home/ec2-user/data/topics/3942 975
@/home/ec2-user/data/topics/2108 976
@/home/ec2-user/data/topics/1733 977
日本ビクター株式会社

@/home/ec2-user/data/topics/1389 978
@/home/ec2-user/data/topics/3620 978
@/home/ec2-user/data/topics/3882 979
@/home/ec2-user/data/topics/1520 980
@/home/ec2-user/data/topics/3939 981
@/home/ec2-user/data/topics/1440 982
@/home/ec2-user/data/topics/3603 983
@/home/ec2-user/data/topics/4672 984
@/home/ec2-user/data/topics/1823 985
@/home/ec2-user/data/topics/4056 986
@/home/ec2-user/data/topics/4123 987
花王株式会社

@/home/ec2-user/data/topics/2214 988
@/home/ec2-user/data/topics/3753 988
@/home/ec2-user/data/topics/1196 989
@/home/ec2-user/data/topics/4249 990
@/home/ec2-user/data/topics/1022 991
@/home/ec2-user/data/topics/3999 992
@/home/ec2-user/data/topics/3812 993
@/home/ec2-user/data/topics/4287 994
@/home/ec2-user/data/topics/4827 995
@/home/ec2-user/data/topics/3884 996
@/home/ec2-user/data/topics/4445 997
@/home/ec2-user/data/topics/4211 998
@/home/ec2-user/data/topics/1767 999
三田工業株式会社

@/home/ec2-user/data/topics/3604 1000
@/home/ec2-user/data/topics/1034 1000
@/home/ec2-user/data/topics/2136 1001
@/home/ec2-user/data/topics/2155 1002
@/home/ec2-user/data/topics/1033 1003
@/home/ec2-user/data/topics/3923 1004
@/home/ec2-user/data/topics/3842 1005
@/home/ec2-user/data/topics/1766 1006
@/home/ec2-user/data/topics/1269 1007
豊丸産業株式会社

@/home/ec2-user/data/topics/1284 1008
@/home/ec2-user/data/topics/1401 1008
@/home/ec2-user/data/topics/4847 1009
@/home/ec2-user/data/topics/2169 1010
@/home/ec2-user/data/topics/1353 1011
@/home/ec2-user/data/topics/1713 1012
@/home/ec2-user/data/topics/1138 1013
@/home/ec2-user/data/topics/3672 1014
@/home/ec2-user/data/topics/1588 1015
@/home/ec2-user/data/topics/1914 1016
@/home/ec2-user/data/topics/1097 1017
@/home/ec2-user/data/topics/1726 1018
@/home/ec2-user/data/topics/1126 1019
@/home/ec2-user/data/topics/2011 1020
@/home/ec2-user/data/topics/1677 1021
鐘紡株式会社

@/home/ec2-user/data/topics/1901 1022
@/home/ec2-user/data/topics/1304 1022
@/home/ec2-user/data/topics/2034 1023
@/home/ec2-user/data/topics/1886 1024
@/home/ec2-user/data/topics/3551 1025
@/home/ec2-user/data/topics/2185 1026
@/home/ec2-user/data/topics/1842 1027
@/home/ec2-user/data/topics/1054 1028
@/home/ec2-user/data/topics/2223 1029
@/home/ec2-user/data/topics/3560 1030
@/home/ec2-user/data/topics/3634 1031
@/home/ec2-user/data/topics/1870 1032
@/home/ec2-user/data/topics/1178 1033
@/home/ec2-user/data/topics/1367 1034
@/home/ec2-user/data/topics/3566 1035
@/home/ec2-user/data/topics/4195 1036
株式会社デンソー

@/home/ec2-user/data/topics/4805 1037
@/home/ec2-user/data/topics/4046 1037
@/home/ec2-user/data/topics/1028 1038
@/home/ec2-user/data/topics/4675 1039
@/home/ec2-user/data/topics/4164 1040
@/home/ec2-user/data/topics/3421 1041
@/home/ec2-user/data/topics/4423 1042
@/home/ec2-user/data/topics/3710 1043
@/home/ec2-user/data/topics/1855 1044
@/home/ec2-user/data/topics/4024 1045
@/home/ec2-user/data/topics/4622 1046
@/home/ec2-user/data/topics/4656 1047
@/home/ec2-user/data/topics/4483 1048
@/home/ec2-user/data/topics/4498 1049
@/home/ec2-user/data/topics/3480 1050
@/home/ec2-user/data/topics/4840 1051
@/home/ec2-user/data/topics/3406 1052
富士写真フイルム株式会社

@/home/ec2-user/data/topics/3447 1053
@/home/ec2-user/data/topics/3354 1053
@/home/ec2-user/data/topics/1244 1054
@/home/ec2-user/data/topics/2134 1055
@/home/ec2-user/data/topics/3918 1056
@/home/ec2-user/data/topics/3911 1057
@/home/ec2-user/data/topics/1570 1058
@/home/ec2-user/data/topics/4962 1059
@/home/ec2-user/data/topics/1662 1060
@/home/ec2-user/data/topics/1603 1061
@/home/ec2-user/data/topics/3857 1062
京セラ株式会社

@/home/ec2-user/data/topics/1485 1063
@/home/ec2-user/data/topics/1741 1063
@/home/ec2-user/data/topics/4513 1064
@/home/ec2-user/data/topics/4031 1065
@/home/ec2-user/data/topics/3593 1066
@/home/ec2-user/data/topics/3615 1067
@/home/ec2-user/data/topics/4340 1068
@/home/ec2-user/data/topics/4901 1069
@/home/ec2-user/data/topics/3741 1070
@/home/ec2-user/data/topics/3869 1071
@/home/ec2-user/data/topics/1913 1072
@/home/ec2-user/data/topics/1708 1073
イビデン株式会社

@/home/ec2-user/data/topics/1336 1074
@/home/ec2-user/data/topics/1952 1074
@/home/ec2-user/data/topics/1770 1075
@/home/ec2-user/data/topics/1682 1076
@/home/ec2-user/data/topics/1315 1077
@/home/ec2-user/data/topics/3814 1078
@/home/ec2-user/data/topics/2033 1079
株式会社東芝

@/home/ec2-user/data/topics/4096 1080
@/home/ec2-user/data/topics/3351 1080
@/home/ec2-user/data/topics/4183 1081
@/home/ec2-user/data/topics/1132 1082
@/home/ec2-user/data/topics/4842 1083
@/home/ec2-user/data/topics/4057 1084
@/home/ec2-user/data/topics/4935 1085
@/home/ec2-user/data/topics/1757 1086
@/home/ec2-user/data/topics/3352 1087
@/home/ec2-user/data/topics/3988 1088
@/home/ec2-user/data/topics/1205 1089
@/home/ec2-user/data/topics/4535 1090
@/home/ec2-user/data/topics/3462 1091
@/home/ec2-user/data/topics/4863 1092
@/home/ec2-user/data/topics/1332 1093
@/home/ec2-user/data/topics/3734 1094
@/home/ec2-user/data/topics/4509 1095
@/home/ec2-user/data/topics/4755 1096
@/home/ec2-user/data/topics/4912 1097
@/home/ec2-user/data/topics/4566 1098
@/home/ec2-user/data/topics/2241 1099
@/home/ec2-user/data/topics/3716 1100
@/home/ec2-user/data/topics/1756 1101
@/home/ec2-user/data/topics/3360 1102
@/home/ec2-user/data/topics/4336 1103
@/home/ec2-user/data/topics/4381 1104
@/home/ec2-user/data/topics/4631 1105
@/home/ec2-user/data/topics/3598 1106
@/home/ec2-user/data/topics/4089 1107
@/home/ec2-user/data/topics/3851 1108
@/home/ec2-user/data/topics/3990 1109
@/home/ec2-user/data/topics/3890 1110
@/home/ec2-user/data/topics/4881 1111
@/home/ec2-user/data/topics/3881 1112
@/home/ec2-user/data/topics/4197 1113
@/home/ec2-user/data/topics/4594 1114
@/home/ec2-user/data/topics/4361 1115
@/home/ec2-user/data/topics/1090 1116
@/home/ec2-user/data/topics/1997 1117
@/home/ec2-user/data/topics/3380 1118
@/home/ec2-user/data/topics/3795 1119
@/home/ec2-user/data/topics/4302 1120
@/home/ec2-user/data/topics/4292 1121
@/home/ec2-user/data/topics/3363 1122
@/home/ec2-user/data/topics/3688 1123
@/home/ec2-user/data/topics/3542 1124
@/home/ec2-user/data/topics/3618 1125
@/home/ec2-user/data/topics/3689 1126
@/home/ec2-user/data/topics/3948 1127
@/home/ec2-user/data/topics/3732 1128
@/home/ec2-user/data/topics/4172 1129
@/home/ec2-user/data/topics/1819 1130
@/home/ec2-user/data/topics/3780 1131
@/home/ec2-user/data/topics/4140 1132
@/home/ec2-user/data/topics/4623 1133
@/home/ec2-user/data/topics/4751 1134
@/home/ec2-user/data/topics/3683 1135
@/home/ec2-user/data/topics/4165 1136
@/home/ec2-user/data/topics/4009 1137
@/home/ec2-user/data/topics/3834 1138
@/home/ec2-user/data/topics/1585 1139
ヤマハ株式会社

@/home/ec2-user/data/topics/4177 1140
@/home/ec2-user/data/topics/4125 1140
@/home/ec2-user/data/topics/4919 1141
@/home/ec2-user/data/topics/4045 1142
@/home/ec2-user/data/topics/3972 1143
@/home/ec2-user/data/topics/1443 1144
@/home/ec2-user/data/topics/4084 1145
@/home/ec2-user/data/topics/4954 1146
@/home/ec2-user/data/topics/1676 1147
@/home/ec2-user/data/topics/1911 1148
@/home/ec2-user/data/topics/4010 1149
@/home/ec2-user/data/topics/4145 1150
@/home/ec2-user/data/topics/1720 1151
東洋紡績株式会社

@/home/ec2-user/data/topics/3769 1152
@/home/ec2-user/data/topics/4362 1152
@/home/ec2-user/data/topics/4284 1153
@/home/ec2-user/data/topics/1613 1154
@/home/ec2-user/data/topics/1029 1155
@/home/ec2-user/data/topics/4366 1156
三菱化学株式会社

@/home/ec2-user/data/topics/1197 1157
@/home/ec2-user/data/topics/3458 1157
@/home/ec2-user/data/topics/3513 1158
@/home/ec2-user/data/topics/1699 1159
@/home/ec2-user/data/topics/1902 1160
@/home/ec2-user/data/topics/3638 1161
カシオ計算機株式会社

@/home/ec2-user/data/topics/1368 1162
@/home/ec2-user/data/topics/2180 1162
@/home/ec2-user/data/topics/3391 1163
@/home/ec2-user/data/topics/1535 1164
@/home/ec2-user/data/topics/2237 1165
@/home/ec2-user/data/topics/1794 1166
@/home/ec2-user/data/topics/1235 1167
@/home/ec2-user/data/topics/1047 1168
コナミ株式会社

@/home/ec2-user/data/topics/4602 1169
@/home/ec2-user/data/topics/1672 1169
@/home/ec2-user/data/topics/5015 1170
@/home/ec2-user/data/topics/1621 1171
@/home/ec2-user/data/topics/1302 1172
@/home/ec2-user/data/topics/4681 1173
@/home/ec2-user/data/topics/2151 1174
@/home/ec2-user/data/topics/2100 1175
大日本スクリーン製造株式会社

@/home/ec2-user/data/topics/1779 1176
@/home/ec2-user/data/topics/1173 1176
@/home/ec2-user/data/topics/1130 1177
@/home/ec2-user/data/topics/3742 1178
@/home/ec2-user/data/topics/1608 1179
@/home/ec2-user/data/topics/2209 1180
@/home/ec2-user/data/topics/2172 1181
オムロン株式会社

@/home/ec2-user/data/topics/2096 1182
@/home/ec2-user/data/topics/3748 1182
@/home/ec2-user/data/topics/1067 1183
@/home/ec2-user/data/topics/1533 1184
@/home/ec2-user/data/topics/1841 1185
@/home/ec2-user/data/topics/1579 1186
@/home/ec2-user/data/topics/1933 1187
@/home/ec2-user/data/topics/4771 1188
@/home/ec2-user/data/topics/3863 1189
@/home/ec2-user/data/topics/3594 1190
@/home/ec2-user/data/topics/1151 1191
@/home/ec2-user/data/topics/3700 1192
@/home/ec2-user/data/topics/3597 1193
@/home/ec2-user/data/topics/1657 1194
@/home/ec2-user/data/topics/1135 1195
株式会社日立製作所

@/home/ec2-user/data/topics/1334 1196
@/home/ec2-user/data/topics/3691 1196
@/home/ec2-user/data/topics/3659 1197
@/home/ec2-user/data/topics/4489 1198
@/home/ec2-user/data/topics/3994 1199
@/home/ec2-user/data/topics/1247 1200
@/home/ec2-user/data/topics/2081 1201
@/home/ec2-user/data/topics/4040 1202
@/home/ec2-user/data/topics/1651 1203
@/home/ec2-user/data/topics/4799 1204
@/home/ec2-user/data/topics/4402 1205
@/home/ec2-user/data/topics/4830 1206
@/home/ec2-user/data/topics/1105 1207
@/home/ec2-user/data/topics/3471 1208
@/home/ec2-user/data/topics/3973 1209
@/home/ec2-user/data/topics/2184 1210
@/home/ec2-user/data/topics/1296 1211
@/home/ec2-user/data/topics/1826 1212
@/home/ec2-user/data/topics/4420 1213
@/home/ec2-user/data/topics/1278 1214
@/home/ec2-user/data/topics/3488 1215
@/home/ec2-user/data/topics/1562 1216
@/home/ec2-user/data/topics/2019 1217
@/home/ec2-user/data/topics/3588 1218
@/home/ec2-user/data/topics/1882 1219
@/home/ec2-user/data/topics/3439 1220
@/home/ec2-user/data/topics/1825 1221
@/home/ec2-user/data/topics/3350 1222
@/home/ec2-user/data/topics/1249 1223
@/home/ec2-user/data/topics/1340 1224
@/home/ec2-user/data/topics/3779 1225
@/home/ec2-user/data/topics/4943 1226
@/home/ec2-user/data/topics/3461 1227
@/home/ec2-user/data/topics/3596 1228
@/home/ec2-user/data/topics/1987 1229
@/home/ec2-user/data/topics/4551 1230
@/home/ec2-user/data/topics/1667 1231
@/home/ec2-user/data/topics/1072 1232
@/home/ec2-user/data/topics/3531 1233
@/home/ec2-user/data/topics/4547 1234
@/home/ec2-user/data/topics/3599 1235
@/home/ec2-user/data/topics/3384 1236
@/home/ec2-user/data/topics/2239 1237
@/home/ec2-user/data/topics/3993 1238
@/home/ec2-user/data/topics/3706 1239
@/home/ec2-user/data/topics/3570 1240
@/home/ec2-user/data/topics/5029 1241
@/home/ec2-user/data/topics/1501 1242
@/home/ec2-user/data/topics/3822 1243
@/home/ec2-user/data/topics/4621 1244
@/home/ec2-user/data/topics/1082 1245
@/home/ec2-user/data/topics/4493 1246
@/home/ec2-user/data/topics/3665 1247
@/home/ec2-user/data/topics/1693 1248
@/home/ec2-user/data/topics/4166 1249
@/home/ec2-user/data/topics/1880 1250
@/home/ec2-user/data/topics/1640 1251
@/home/ec2-user/data/topics/4559 1252
@/home/ec2-user/data/topics/3968 1253
@/home/ec2-user/data/topics/3524 1254
@/home/ec2-user/data/topics/3648 1255
@/home/ec2-user/data/topics/5030 1256
@/home/ec2-user/data/topics/4401 1257
@/home/ec2-user/data/topics/3772 1258
@/home/ec2-user/data/topics/1487 1259
@/home/ec2-user/data/topics/1833 1260
@/home/ec2-user/data/topics/3432 1261
@/home/ec2-user/data/topics/4545 1262
@/home/ec2-user/data/topics/4058 1263
@/home/ec2-user/data/topics/4122 1264
@/home/ec2-user/data/topics/4990 1265
@/home/ec2-user/data/topics/3965 1266
@/home/ec2-user/data/topics/3440 1267
@/home/ec2-user/data/topics/1463 1268
凸版印刷株式会社

@/home/ec2-user/data/topics/4874 1269
@/home/ec2-user/data/topics/3624 1269
@/home/ec2-user/data/topics/1091 1270
@/home/ec2-user/data/topics/3526 1271
@/home/ec2-user/data/topics/1765 1272
@/home/ec2-user/data/topics/1977 1273
@/home/ec2-user/data/topics/3500 1274
株式会社ノーリツ

@/home/ec2-user/data/topics/1618 1275
@/home/ec2-user/data/topics/2116 1275
@/home/ec2-user/data/topics/1290 1276
@/home/ec2-user/data/topics/1760 1277
@/home/ec2-user/data/topics/4206 1278
@/home/ec2-user/data/topics/4776 1279
@/home/ec2-user/data/topics/1598 1280
@/home/ec2-user/data/topics/4354 1281
川崎重工業株式会社

@/home/ec2-user/data/topics/4793 1282
@/home/ec2-user/data/topics/4756 1282
@/home/ec2-user/data/topics/1172 1283
@/home/ec2-user/data/topics/4572 1284
@/home/ec2-user/data/topics/4944 1285
@/home/ec2-user/data/topics/4866 1286
@/home/ec2-user/data/topics/5025 1287
@/home/ec2-user/data/topics/1162 1288
ティーディーケイ株式会社

@/home/ec2-user/data/topics/2202 1289
@/home/ec2-user/data/topics/1510 1289
@/home/ec2-user/data/topics/3792 1290
@/home/ec2-user/data/topics/3798 1291
@/home/ec2-user/data/topics/2210 1292
@/home/ec2-user/data/topics/1409 1293
@/home/ec2-user/data/topics/3909 1294
@/home/ec2-user/data/topics/4619 1295
@/home/ec2-user/data/topics/1129 1296
京セラミタ株式会社

@/home/ec2-user/data/topics/4174 1297
@/home/ec2-user/data/topics/4973 1297
@/home/ec2-user/data/topics/1032 1298
@/home/ec2-user/data/topics/4985 1299
@/home/ec2-user/data/topics/2141 1300
@/home/ec2-user/data/topics/1930 1301
@/home/ec2-user/data/topics/4564 1302
株式会社クボタ

@/home/ec2-user/data/topics/1734 1303
@/home/ec2-user/data/topics/3919 1303
@/home/ec2-user/data/topics/1012 1304
@/home/ec2-user/data/topics/1280 1305
@/home/ec2-user/data/topics/4745 1306
@/home/ec2-user/data/topics/3854 1307
@/home/ec2-user/data/topics/3823 1308
@/home/ec2-user/data/topics/1448 1309
@/home/ec2-user/data/topics/4251 1310
@/home/ec2-user/data/topics/4379 1311
シャープ株式会社

@/home/ec2-user/data/topics/1840 1312
@/home/ec2-user/data/topics/2087 1312
@/home/ec2-user/data/topics/4230 1313
@/home/ec2-user/data/topics/1561 1314
@/home/ec2-user/data/topics/3422 1315
@/home/ec2-user/data/topics/1209 1316
@/home/ec2-user/data/topics/1318 1317
@/home/ec2-user/data/topics/3858 1318
@/home/ec2-user/data/topics/1174 1319
@/home/ec2-user/data/topics/3941 1320
@/home/ec2-user/data/topics/1384 1321
@/home/ec2-user/data/topics/2118 1322
@/home/ec2-user/data/topics/3981 1323
@/home/ec2-user/data/topics/4095 1324
@/home/ec2-user/data/topics/1563 1325
@/home/ec2-user/data/topics/3698 1326
@/home/ec2-user/data/topics/2084 1327
@/home/ec2-user/data/topics/3776 1328
@/home/ec2-user/data/topics/4744 1329
@/home/ec2-user/data/topics/4323 1330
@/home/ec2-user/data/topics/1154 1331
@/home/ec2-user/data/topics/3832 1332
@/home/ec2-user/data/topics/3678 1333
@/home/ec2-user/data/topics/1970 1334
@/home/ec2-user/data/topics/1965 1335
@/home/ec2-user/data/topics/4430 1336
@/home/ec2-user/data/topics/3452 1337
@/home/ec2-user/data/topics/4019 1338
@/home/ec2-user/data/topics/4245 1339
@/home/ec2-user/data/topics/4516 1340
@/home/ec2-user/data/topics/4113 1341
@/home/ec2-user/data/topics/4256 1342
@/home/ec2-user/data/topics/3578 1343
@/home/ec2-user/data/topics/4173 1344
@/home/ec2-user/data/topics/4469 1345
@/home/ec2-user/data/topics/3871 1346
@/home/ec2-user/data/topics/3957 1347
@/home/ec2-user/data/topics/4263 1348
@/home/ec2-user/data/topics/3679 1349
@/home/ec2-user/data/topics/1419 1350
@/home/ec2-user/data/topics/1431 1351
@/home/ec2-user/data/topics/4349 1352
@/home/ec2-user/data/topics/4648 1353
@/home/ec2-user/data/topics/4583 1354
@/home/ec2-user/data/topics/4214 1355
@/home/ec2-user/data/topics/4691 1356
@/home/ec2-user/data/topics/3855 1357
@/home/ec2-user/data/topics/1685 1358
@/home/ec2-user/data/topics/1349 1359
@/home/ec2-user/data/topics/3537 1360
@/home/ec2-user/data/topics/4005 1361
@/home/ec2-user/data/topics/4252 1362
@/home/ec2-user/data/topics/4861 1363
@/home/ec2-user/data/topics/3610 1364
@/home/ec2-user/data/topics/4782 1365
@/home/ec2-user/data/topics/4105 1366
@/home/ec2-user/data/topics/3777 1367
@/home/ec2-user/data/topics/1258 1368
@/home/ec2-user/data/topics/3649 1369
@/home/ec2-user/data/topics/3762 1370
@/home/ec2-user/data/topics/3793 1371
@/home/ec2-user/data/topics/4152 1372
@/home/ec2-user/data/topics/4519 1373
@/home/ec2-user/data/topics/3895 1374
@/home/ec2-user/data/topics/3978 1375
@/home/ec2-user/data/topics/4228 1376
@/home/ec2-user/data/topics/3813 1377
@/home/ec2-user/data/topics/3673 1378
@/home/ec2-user/data/topics/1396 1379
@/home/ec2-user/data/topics/3606 1380
@/home/ec2-user/data/topics/4103 1381
@/home/ec2-user/data/topics/2020 1382
@/home/ec2-user/data/topics/1288 1383
@/home/ec2-user/data/topics/4124 1384
@/home/ec2-user/data/topics/1804 1385
@/home/ec2-user/data/topics/4717 1386
@/home/ec2-user/data/topics/4683 1387
@/home/ec2-user/data/topics/3450 1388
@/home/ec2-user/data/topics/3966 1389
@/home/ec2-user/data/topics/3760 1390
@/home/ec2-user/data/topics/4127 1391
日本輸送機株式会社

@/home/ec2-user/data/topics/1108 1392
@/home/ec2-user/data/topics/1940 1392
@/home/ec2-user/data/topics/3573 1393
@/home/ec2-user/data/topics/2065 1394
@/home/ec2-user/data/topics/1493 1395
@/home/ec2-user/data/topics/2221 1396
@/home/ec2-user/data/topics/1191 1397
@/home/ec2-user/data/topics/1456 1398
東京エレクトロン株式会社

@/home/ec2-user/data/topics/4345 1399
@/home/ec2-user/data/topics/1736 1399
@/home/ec2-user/data/topics/4618 1400
@/home/ec2-user/data/topics/1263 1401
@/home/ec2-user/data/topics/3947 1402
@/home/ec2-user/data/topics/1508 1403
@/home/ec2-user/data/topics/4002 1404
@/home/ec2-user/data/topics/1800 1405
@/home/ec2-user/data/topics/4023 1406
@/home/ec2-user/data/topics/4053 1407
@/home/ec2-user/data/topics/4906 1408
@/home/ec2-user/data/topics/4702 1409
株式会社村田製作所

@/home/ec2-user/data/topics/4432 1410
@/home/ec2-user/data/topics/1411 1410
@/home/ec2-user/data/topics/3435 1411
@/home/ec2-user/data/topics/4795 1412
@/home/ec2-user/data/topics/4042 1413
@/home/ec2-user/data/topics/4378 1414
@/home/ec2-user/data/topics/2229 1415
@/home/ec2-user/data/topics/4703 1416
@/home/ec2-user/data/topics/4417 1417
@/home/ec2-user/data/topics/4325 1418
@/home/ec2-user/data/topics/4163 1419
@/home/ec2-user/data/topics/4271 1420
@/home/ec2-user/data/topics/1374 1421
@/home/ec2-user/data/topics/4070 1422
@/home/ec2-user/data/topics/3482 1423
@/home/ec2-user/data/topics/3885 1424
@/home/ec2-user/data/topics/3697 1425
日本電信電話株式会社

@/home/ec2-user/data/topics/4511 1426
@/home/ec2-user/data/topics/4175 1426
@/home/ec2-user/data/topics/4025 1427
@/home/ec2-user/data/topics/3785 1428
@/home/ec2-user/data/topics/4952 1429
@/home/ec2-user/data/topics/2130 1430
@/home/ec2-user/data/topics/4925 1431
@/home/ec2-user/data/topics/4118 1432
@/home/ec2-user/data/topics/3927 1433
@/home/ec2-user/data/topics/3568 1434
@/home/ec2-user/data/topics/4664 1435
@/home/ec2-user/data/topics/4865 1436
@/home/ec2-user/data/topics/1230 1437
@/home/ec2-user/data/topics/1809 1438
@/home/ec2-user/data/topics/1408 1439
@/home/ec2-user/data/topics/3536 1440
@/home/ec2-user/data/topics/3824 1441
@/home/ec2-user/data/topics/4792 1442
@/home/ec2-user/data/topics/3894 1443
@/home/ec2-user/data/topics/4087 1444
@/home/ec2-user/data/topics/2017 1445
@/home/ec2-user/data/topics/4104 1446
@/home/ec2-user/data/topics/4488 1447
@/home/ec2-user/data/topics/1787 1448
@/home/ec2-user/data/topics/3915 1449
@/home/ec2-user/data/topics/4965 1450
@/home/ec2-user/data/topics/4916 1451
@/home/ec2-user/data/topics/4232 1452
@/home/ec2-user/data/topics/3641 1453
@/home/ec2-user/data/topics/4505 1454
@/home/ec2-user/data/topics/3425 1455
@/home/ec2-user/data/topics/4115 1456
@/home/ec2-user/data/topics/3544 1457
@/home/ec2-user/data/topics/4114 1458
@/home/ec2-user/data/topics/1934 1459
@/home/ec2-user/data/topics/3586 1460
@/home/ec2-user/data/topics/4121 1461
@/home/ec2-user/data/topics/4560 1462
@/home/ec2-user/data/topics/3650 1463
@/home/ec2-user/data/topics/4335 1464
@/home/ec2-user/data/topics/3359 1465
@/home/ec2-user/data/topics/3811 1466
@/home/ec2-user/data/topics/1556 1467
@/home/ec2-user/data/topics/4964 1468
@/home/ec2-user/data/topics/3521 1469
@/home/ec2-user/data/topics/3509 1470
@/home/ec2-user/data/topics/1229 1471
@/home/ec2-user/data/topics/4131 1472
@/home/ec2-user/data/topics/3928 1473
@/home/ec2-user/data/topics/4208 1474
@/home/ec2-user/data/topics/4836 1475
@/home/ec2-user/data/topics/4870 1476
@/home/ec2-user/data/topics/4443 1477
@/home/ec2-user/data/topics/4146 1478
@/home/ec2-user/data/topics/3552 1479
@/home/ec2-user/data/topics/1042 1480
日本鋼管株式会社

@/home/ec2-user/data/topics/1690 1481
@/home/ec2-user/data/topics/4161 1481
@/home/ec2-user/data/topics/2095 1482
@/home/ec2-user/data/topics/4455 1483
@/home/ec2-user/data/topics/4289 1484
@/home/ec2-user/data/topics/1404 1485
@/home/ec2-user/data/topics/3572 1486
株式会社神戸製鋼所

@/home/ec2-user/data/topics/4949 1487
@/home/ec2-user/data/topics/3475 1487
@/home/ec2-user/data/topics/3632 1488
@/home/ec2-user/data/topics/3902 1489
@/home/ec2-user/data/topics/1465 1490
@/home/ec2-user/data/topics/2064 1491
@/home/ec2-user/data/topics/3674 1492
株式会社ケンウッド

@/home/ec2-user/data/topics/4038 1493
@/home/ec2-user/data/topics/1186 1493
@/home/ec2-user/data/topics/1424 1494
@/home/ec2-user/data/topics/4467 1495
@/home/ec2-user/data/topics/3801 1496
@/home/ec2-user/data/topics/4050 1497
@/home/ec2-user/data/topics/3463 1498
@/home/ec2-user/data/topics/1896 1499
@/home/ec2-user/data/topics/1617 1500
@/home/ec2-user/data/topics/3878 1501
@/home/ec2-user/data/topics/2036 1502
@/home/ec2-user/data/topics/3969 1503
@/home/ec2-user/data/topics/1115 1504
@/home/ec2-user/data/topics/1698 1505
@/home/ec2-user/data/topics/1241 1506
@/home/ec2-user/data/topics/1345 1507
@/home/ec2-user/data/topics/2163 1508
@/home/ec2-user/data/topics/4167 1509
@/home/ec2-user/data/topics/3839 1510
@/home/ec2-user/data/topics/3794 1511
@/home/ec2-user/data/topics/3977 1512
東陶機器株式会社

@/home/ec2-user/data/topics/2135 1513
@/home/ec2-user/data/topics/3583 1513
@/home/ec2-user/data/topics/1692 1514
@/home/ec2-user/data/topics/1626 1515
@/home/ec2-user/data/topics/3821 1516
@/home/ec2-user/data/topics/1735 1517
本田技研工業株式会社

@/home/ec2-user/data/topics/4132 1518
@/home/ec2-user/data/topics/4375 1518
@/home/ec2-user/data/topics/1143 1519
@/home/ec2-user/data/topics/1444 1520
@/home/ec2-user/data/topics/1605 1521
@/home/ec2-user/data/topics/4199 1522
@/home/ec2-user/data/topics/5026 1523
@/home/ec2-user/data/topics/1266 1524
@/home/ec2-user/data/topics/1818 1525
@/home/ec2-user/data/topics/4033 1526
@/home/ec2-user/data/topics/4783 1527
@/home/ec2-user/data/topics/4888 1528
@/home/ec2-user/data/topics/1822 1529
@/home/ec2-user/data/topics/3685 1530
@/home/ec2-user/data/topics/1215 1531
@/home/ec2-user/data/topics/2016 1532
@/home/ec2-user/data/topics/1226 1533
@/home/ec2-user/data/topics/2000 1534
@/home/ec2-user/data/topics/4331 1535
新日本製鐵株式会社

@/home/ec2-user/data/topics/3663 1536
@/home/ec2-user/data/topics/3899 1536
@/home/ec2-user/data/topics/3861 1537
@/home/ec2-user/data/topics/5008 1538
@/home/ec2-user/data/topics/3368 1539
@/home/ec2-user/data/topics/4472 1540
松下電工株式会社

@/home/ec2-user/data/topics/3670 1541
@/home/ec2-user/data/topics/4012 1541
@/home/ec2-user/data/topics/1251 1542
@/home/ec2-user/data/topics/4450 1543
@/home/ec2-user/data/topics/4347 1544
@/home/ec2-user/data/topics/2045 1545
@/home/ec2-user/data/topics/4029 1546
@/home/ec2-user/data/topics/4094 1547
@/home/ec2-user/data/topics/4592 1548
@/home/ec2-user/data/topics/3932 1549
@/home/ec2-user/data/topics/1311 1550
@/home/ec2-user/data/topics/1803 1551
@/home/ec2-user/data/topics/3379 1552
@/home/ec2-user/data/topics/3835 1553
@/home/ec2-user/data/topics/4317 1554
@/home/ec2-user/data/topics/3565 1555
@/home/ec2-user/data/topics/3778 1556
@/home/ec2-user/data/topics/3511 1557
@/home/ec2-user/data/topics/3549 1558
@/home/ec2-user/data/topics/3651 1559
@/home/ec2-user/data/topics/4083 1560
@/home/ec2-user/data/topics/1011 1561
usernum: 72
hit: 514
simhit: 1120
simmax: 0.675264489019
simmin: 0.0
simavg: 0.203525272053
dlmax: 0.143849607289
dlmin: 0.00726408561703
dlavg: 0.0341521547401
mthit: 623
mthls: 179
srp: 218.735
total: 1562
hit/total: 0.329065300896
simhit/total: 0.717029449424
mthit/(total+usernum): 0.381272949816
mthls/(total+usernum): 0.109547123623
srp/(total+usernum): 0.0446215830273
srp20/(total+usernum): 0.0152386780906
srp100/(total+usernum): 0.0276172990616
srp500/(total+usernum): 0.0388808649531

2016-12-22 01:33:10.063919
