2016-12-20 16:39:40.942782

topic-folder:/home/ec2-user/data/topics/
cl-file:/home/ec2-user/git/tfidf/result-new/b2-3.txt
cl-floder:/home/ec2-user/data/lsaclass/
zipf:0.1
stype[0(tfidf)/1(tfidf2)/2(lsa)/3(lda)]:2
dtype[<0(diff*rand)/0(diff)/1(same)/>=2(diff*same)]:-5
output-floder:/home/ec2-user/git/userquery/result-new

三菱マテリアル株式会社

@/home/ec2-user/data/topics/3546 0
@/home/ec2-user/data/topics/2093 0
@/home/ec2-user/data/topics/3470 1
@/home/ec2-user/data/topics/3525 2
@/home/ec2-user/data/topics/3866 2
@/home/ec2-user/data/topics/1638 3
@/home/ec2-user/data/topics/3630 4
@/home/ec2-user/data/topics/3612 5
@/home/ec2-user/data/topics/1085 5
@/home/ec2-user/data/topics/3520 6
@/home/ec2-user/data/topics/3466 7
@/home/ec2-user/data/topics/3657 7
日本精機株式会社

@/home/ec2-user/data/topics/4526 7
@/home/ec2-user/data/topics/4709 7
@/home/ec2-user/data/topics/4690 8
@/home/ec2-user/data/topics/4166 9
@/home/ec2-user/data/topics/1398 9
@/home/ec2-user/data/topics/4907 10
@/home/ec2-user/data/topics/4875 11
@/home/ec2-user/data/topics/4038 12
@/home/ec2-user/data/topics/4972 12
コニカ株式会社

@/home/ec2-user/data/topics/4960 13
@/home/ec2-user/data/topics/4742 13
@/home/ec2-user/data/topics/3857 13
@/home/ec2-user/data/topics/3357 13
@/home/ec2-user/data/topics/3419 14
@/home/ec2-user/data/topics/3540 15
@/home/ec2-user/data/topics/3418 15
@/home/ec2-user/data/topics/3426 16
@/home/ec2-user/data/topics/3497 17
@/home/ec2-user/data/topics/2162 17
@/home/ec2-user/data/topics/3414 18
@/home/ec2-user/data/topics/3431 19
@/home/ec2-user/data/topics/3486 20
@/home/ec2-user/data/topics/3370 21
@/home/ec2-user/data/topics/3533 22
@/home/ec2-user/data/topics/3668 23
@/home/ec2-user/data/topics/1946 23
埼玉日本電気株式会社

@/home/ec2-user/data/topics/5010 24
@/home/ec2-user/data/topics/4279 24
@/home/ec2-user/data/topics/4283 25
@/home/ec2-user/data/topics/3538 26
@/home/ec2-user/data/topics/4998 26
@/home/ec2-user/data/topics/1512 27
@/home/ec2-user/data/topics/1041 28
@/home/ec2-user/data/topics/1268 28
@/home/ec2-user/data/topics/4314 28
@/home/ec2-user/data/topics/4496 28
@/home/ec2-user/data/topics/4242 29
@/home/ec2-user/data/topics/4468 30
@/home/ec2-user/data/topics/1620 31
@/home/ec2-user/data/topics/1681 32
アルプス電気株式会社

@/home/ec2-user/data/topics/1899 32
@/home/ec2-user/data/topics/3902 32
@/home/ec2-user/data/topics/3582 32
@/home/ec2-user/data/topics/1434 33
@/home/ec2-user/data/topics/2089 34
@/home/ec2-user/data/topics/4791 35
@/home/ec2-user/data/topics/1360 36
@/home/ec2-user/data/topics/1778 36
@/home/ec2-user/data/topics/1253 36
@/home/ec2-user/data/topics/2012 37
@/home/ec2-user/data/topics/3429 38
三菱重工業株式会社

@/home/ec2-user/data/topics/3653 39
@/home/ec2-user/data/topics/4772 39
@/home/ec2-user/data/topics/3833 39
@/home/ec2-user/data/topics/3637 40
@/home/ec2-user/data/topics/4412 41
@/home/ec2-user/data/topics/4862 42
@/home/ec2-user/data/topics/4882 43
@/home/ec2-user/data/topics/5022 44
@/home/ec2-user/data/topics/3944 45
@/home/ec2-user/data/topics/3392 46
@/home/ec2-user/data/topics/1093 46
@/home/ec2-user/data/topics/4394 46
@/home/ec2-user/data/topics/3529 46
@/home/ec2-user/data/topics/3503 47
@/home/ec2-user/data/topics/3591 48
@/home/ec2-user/data/topics/4687 49
@/home/ec2-user/data/topics/4563 50
@/home/ec2-user/data/topics/3997 51
村田機械株式会社

@/home/ec2-user/data/topics/4570 51
@/home/ec2-user/data/topics/4441 51
@/home/ec2-user/data/topics/1607 52
@/home/ec2-user/data/topics/4565 53
@/home/ec2-user/data/topics/4746 54
@/home/ec2-user/data/topics/1293 55
@/home/ec2-user/data/topics/5000 56
@/home/ec2-user/data/topics/4153 57
@/home/ec2-user/data/topics/3528 57
@/home/ec2-user/data/topics/4941 58
@/home/ec2-user/data/topics/3490 59
@/home/ec2-user/data/topics/1074 59
@/home/ec2-user/data/topics/3740 60
@/home/ec2-user/data/topics/4835 61
@/home/ec2-user/data/topics/2072 62
@/home/ec2-user/data/topics/2221 62
@/home/ec2-user/data/topics/4638 62
@/home/ec2-user/data/topics/1961 63
@/home/ec2-user/data/topics/2229 63
@/home/ec2-user/data/topics/1308 63
@/home/ec2-user/data/topics/4596 63
@/home/ec2-user/data/topics/1402 64
@/home/ec2-user/data/topics/4645 64
@/home/ec2-user/data/topics/1511 65
@/home/ec2-user/data/topics/4556 66
@/home/ec2-user/data/topics/4759 67
川崎製鉄株式会社

@/home/ec2-user/data/topics/1037 67
@/home/ec2-user/data/topics/3611 67
@/home/ec2-user/data/topics/3483 68
@/home/ec2-user/data/topics/4397 69
@/home/ec2-user/data/topics/1246 69
@/home/ec2-user/data/topics/4615 69
@/home/ec2-user/data/topics/3553 70
@/home/ec2-user/data/topics/1459 71
@/home/ec2-user/data/topics/1591 72
@/home/ec2-user/data/topics/3532 72
@/home/ec2-user/data/topics/1994 73
@/home/ec2-user/data/topics/3929 73
@/home/ec2-user/data/topics/3413 74
@/home/ec2-user/data/topics/1626 75
ダイキン工業株式会社

@/home/ec2-user/data/topics/1274 75
@/home/ec2-user/data/topics/1600 75
@/home/ec2-user/data/topics/4734 76
@/home/ec2-user/data/topics/4845 77
@/home/ec2-user/data/topics/4084 78
@/home/ec2-user/data/topics/4753 78
@/home/ec2-user/data/topics/4858 79
@/home/ec2-user/data/topics/4515 80
@/home/ec2-user/data/topics/1592 81
@/home/ec2-user/data/topics/4400 81
@/home/ec2-user/data/topics/3888 82
@/home/ec2-user/data/topics/4367 83
@/home/ec2-user/data/topics/2027 84
@/home/ec2-user/data/topics/2136 84
@/home/ec2-user/data/topics/4701 84
@/home/ec2-user/data/topics/3605 85
@/home/ec2-user/data/topics/1565 85
三菱自動車工業株式会社

@/home/ec2-user/data/topics/3815 86
@/home/ec2-user/data/topics/4189 86
@/home/ec2-user/data/topics/1816 87
@/home/ec2-user/data/topics/1428 88
@/home/ec2-user/data/topics/3940 89
@/home/ec2-user/data/topics/1898 90
@/home/ec2-user/data/topics/4511 90
@/home/ec2-user/data/topics/3439 90
@/home/ec2-user/data/topics/1527 90
@/home/ec2-user/data/topics/3502 91
@/home/ec2-user/data/topics/2101 92
@/home/ec2-user/data/topics/4483 93
日産自動車株式会社

@/home/ec2-user/data/topics/3712 93
@/home/ec2-user/data/topics/4288 93
@/home/ec2-user/data/topics/3497 93
@/home/ec2-user/data/topics/3829 94
@/home/ec2-user/data/topics/1504 95
@/home/ec2-user/data/topics/1875 95
@/home/ec2-user/data/topics/3501 95
@/home/ec2-user/data/topics/3936 96
@/home/ec2-user/data/topics/3489 97
@/home/ec2-user/data/topics/3677 98
@/home/ec2-user/data/topics/4392 99
@/home/ec2-user/data/topics/4982 99
@/home/ec2-user/data/topics/3723 100
@/home/ec2-user/data/topics/2141 101
@/home/ec2-user/data/topics/3645 101
@/home/ec2-user/data/topics/4074 102
@/home/ec2-user/data/topics/4530 103
トヨタ自動車株式会社

@/home/ec2-user/data/topics/3783 103
@/home/ec2-user/data/topics/4346 103
@/home/ec2-user/data/topics/3758 104
@/home/ec2-user/data/topics/4082 105
@/home/ec2-user/data/topics/1929 105
@/home/ec2-user/data/topics/4633 105
@/home/ec2-user/data/topics/3725 106
@/home/ec2-user/data/topics/3458 107
@/home/ec2-user/data/topics/1535 107
@/home/ec2-user/data/topics/3731 107
@/home/ec2-user/data/topics/3762 108
@/home/ec2-user/data/topics/1551 108
@/home/ec2-user/data/topics/4617 109
@/home/ec2-user/data/topics/4523 110
@/home/ec2-user/data/topics/3699 110
@/home/ec2-user/data/topics/4144 111
@/home/ec2-user/data/topics/1509 112
@/home/ec2-user/data/topics/4767 112
@/home/ec2-user/data/topics/4298 113
@/home/ec2-user/data/topics/4008 114
@/home/ec2-user/data/topics/4658 115
@/home/ec2-user/data/topics/4920 116
@/home/ec2-user/data/topics/4426 117
@/home/ec2-user/data/topics/3997 118
@/home/ec2-user/data/topics/1494 118
@/home/ec2-user/data/topics/3356 119
@/home/ec2-user/data/topics/4030 120
@/home/ec2-user/data/topics/4064 121
@/home/ec2-user/data/topics/2111 122
@/home/ec2-user/data/topics/3587 123
@/home/ec2-user/data/topics/3481 124
@/home/ec2-user/data/topics/3405 125
@/home/ec2-user/data/topics/4543 126
@/home/ec2-user/data/topics/3943 127
@/home/ec2-user/data/topics/1564 128
@/home/ec2-user/data/topics/4376 128
@/home/ec2-user/data/topics/4480 128
@/home/ec2-user/data/topics/2013 128
@/home/ec2-user/data/topics/4647 128
@/home/ec2-user/data/topics/3671 129
@/home/ec2-user/data/topics/4828 130
@/home/ec2-user/data/topics/2218 130
@/home/ec2-user/data/topics/4073 131
@/home/ec2-user/data/topics/3593 131
オリンパス光学工業株式会社

@/home/ec2-user/data/topics/1835 131
@/home/ec2-user/data/topics/2026 131
@/home/ec2-user/data/topics/4365 132
@/home/ec2-user/data/topics/4013 132
@/home/ec2-user/data/topics/1107 133
@/home/ec2-user/data/topics/1155 134
@/home/ec2-user/data/topics/1422 135
@/home/ec2-user/data/topics/4878 135
@/home/ec2-user/data/topics/1151 136
@/home/ec2-user/data/topics/1981 136
@/home/ec2-user/data/topics/2041 137
@/home/ec2-user/data/topics/5006 137
@/home/ec2-user/data/topics/1739 138
@/home/ec2-user/data/topics/3673 139
@/home/ec2-user/data/topics/1869 139
@/home/ec2-user/data/topics/1586 140
@/home/ec2-user/data/topics/4007 141
@/home/ec2-user/data/topics/1371 142
ブラザー工業株式会社

@/home/ec2-user/data/topics/4548 142
@/home/ec2-user/data/topics/1300 142
@/home/ec2-user/data/topics/2085 143
@/home/ec2-user/data/topics/3477 144
@/home/ec2-user/data/topics/3664 145
@/home/ec2-user/data/topics/1076 145
@/home/ec2-user/data/topics/4161 146
@/home/ec2-user/data/topics/3507 146
@/home/ec2-user/data/topics/1639 147
@/home/ec2-user/data/topics/1164 147
@/home/ec2-user/data/topics/1636 148
@/home/ec2-user/data/topics/4428 149
@/home/ec2-user/data/topics/1183 149
@/home/ec2-user/data/topics/3686 150
@/home/ec2-user/data/topics/1906 151
@/home/ec2-user/data/topics/4547 152
@/home/ec2-user/data/topics/1697 152
@/home/ec2-user/data/topics/4773 153
@/home/ec2-user/data/topics/3789 153
@/home/ec2-user/data/topics/2086 154
@/home/ec2-user/data/topics/1409 155
@/home/ec2-user/data/topics/3613 155
@/home/ec2-user/data/topics/4420 156
富士通株式会社

@/home/ec2-user/data/topics/3883 156
@/home/ec2-user/data/topics/2227 156
@/home/ec2-user/data/topics/1874 157
@/home/ec2-user/data/topics/3381 158
@/home/ec2-user/data/topics/3569 159
@/home/ec2-user/data/topics/4662 159
@/home/ec2-user/data/topics/4466 159
@/home/ec2-user/data/topics/2216 159
@/home/ec2-user/data/topics/3970 160
@/home/ec2-user/data/topics/3962 161
@/home/ec2-user/data/topics/1609 162
@/home/ec2-user/data/topics/3775 163
@/home/ec2-user/data/topics/1123 163
@/home/ec2-user/data/topics/3912 164
@/home/ec2-user/data/topics/3487 165
@/home/ec2-user/data/topics/3846 165
@/home/ec2-user/data/topics/3460 166
@/home/ec2-user/data/topics/3870 167
@/home/ec2-user/data/topics/1264 168
@/home/ec2-user/data/topics/1271 169
@/home/ec2-user/data/topics/3428 170
@/home/ec2-user/data/topics/4830 171
@/home/ec2-user/data/topics/1078 171
@/home/ec2-user/data/topics/3787 171
@/home/ec2-user/data/topics/3399 171
@/home/ec2-user/data/topics/3765 172
@/home/ec2-user/data/topics/3850 173
@/home/ec2-user/data/topics/3500 174
@/home/ec2-user/data/topics/3799 174
@/home/ec2-user/data/topics/5004 175
@/home/ec2-user/data/topics/4145 176
@/home/ec2-user/data/topics/3538 176
@/home/ec2-user/data/topics/3636 177
@/home/ec2-user/data/topics/3862 178
@/home/ec2-user/data/topics/1330 179
@/home/ec2-user/data/topics/4614 179
@/home/ec2-user/data/topics/1998 179
@/home/ec2-user/data/topics/1276 180
@/home/ec2-user/data/topics/1547 180
@/home/ec2-user/data/topics/1331 181
@/home/ec2-user/data/topics/3400 181
@/home/ec2-user/data/topics/3802 182
@/home/ec2-user/data/topics/2215 183
@/home/ec2-user/data/topics/4191 184
@/home/ec2-user/data/topics/1851 185
@/home/ec2-user/data/topics/1300 185
@/home/ec2-user/data/topics/3751 185
@/home/ec2-user/data/topics/3749 186
静岡日本電気株式会社

@/home/ec2-user/data/topics/1559 187
@/home/ec2-user/data/topics/1137 187
@/home/ec2-user/data/topics/1503 187
@/home/ec2-user/data/topics/4531 187
@/home/ec2-user/data/topics/4314 188
@/home/ec2-user/data/topics/4326 189
@/home/ec2-user/data/topics/4507 190
@/home/ec2-user/data/topics/4365 191
@/home/ec2-user/data/topics/4250 192
住友重機械工業株式会社

@/home/ec2-user/data/topics/1373 193
@/home/ec2-user/data/topics/3952 193
@/home/ec2-user/data/topics/2039 194
@/home/ec2-user/data/topics/1800 195
@/home/ec2-user/data/topics/1505 195
@/home/ec2-user/data/topics/4840 196
@/home/ec2-user/data/topics/3512 196
@/home/ec2-user/data/topics/4854 196
@/home/ec2-user/data/topics/1553 197
@/home/ec2-user/data/topics/1019 198
@/home/ec2-user/data/topics/1900 199
@/home/ec2-user/data/topics/4744 200
@/home/ec2-user/data/topics/3868 200
@/home/ec2-user/data/topics/2178 201
大日本印刷株式会社

@/home/ec2-user/data/topics/1533 201
@/home/ec2-user/data/topics/1145 201
@/home/ec2-user/data/topics/1262 202
@/home/ec2-user/data/topics/1099 203
@/home/ec2-user/data/topics/1564 204
@/home/ec2-user/data/topics/2164 205
@/home/ec2-user/data/topics/3569 205
@/home/ec2-user/data/topics/1831 206
@/home/ec2-user/data/topics/3388 206
日本電気株式会社

@/home/ec2-user/data/topics/4935 207
@/home/ec2-user/data/topics/3865 207
@/home/ec2-user/data/topics/1773 208
@/home/ec2-user/data/topics/1973 209
@/home/ec2-user/data/topics/4288 210
@/home/ec2-user/data/topics/1360 211
@/home/ec2-user/data/topics/1520 212
@/home/ec2-user/data/topics/4211 212
@/home/ec2-user/data/topics/1267 212
@/home/ec2-user/data/topics/1844 212
@/home/ec2-user/data/topics/5034 213
@/home/ec2-user/data/topics/4192 214
@/home/ec2-user/data/topics/4171 215
@/home/ec2-user/data/topics/1891 216
@/home/ec2-user/data/topics/4699 217
@/home/ec2-user/data/topics/1722 218
@/home/ec2-user/data/topics/4447 218
@/home/ec2-user/data/topics/4389 219
@/home/ec2-user/data/topics/1557 220
@/home/ec2-user/data/topics/3537 221
@/home/ec2-user/data/topics/4838 221
@/home/ec2-user/data/topics/1710 222
@/home/ec2-user/data/topics/4081 223
@/home/ec2-user/data/topics/1101 224
@/home/ec2-user/data/topics/4062 225
@/home/ec2-user/data/topics/4318 226
@/home/ec2-user/data/topics/4433 227
@/home/ec2-user/data/topics/4490 228
@/home/ec2-user/data/topics/4771 229
@/home/ec2-user/data/topics/4561 229
@/home/ec2-user/data/topics/4128 230
@/home/ec2-user/data/topics/2100 231
@/home/ec2-user/data/topics/1928 231
@/home/ec2-user/data/topics/1852 232
@/home/ec2-user/data/topics/1110 233
@/home/ec2-user/data/topics/4320 233
@/home/ec2-user/data/topics/4876 234
@/home/ec2-user/data/topics/4236 235
@/home/ec2-user/data/topics/4310 236
@/home/ec2-user/data/topics/4721 237
@/home/ec2-user/data/topics/3577 238
@/home/ec2-user/data/topics/1661 238
@/home/ec2-user/data/topics/4913 239
@/home/ec2-user/data/topics/2050 239
@/home/ec2-user/data/topics/1061 239
@/home/ec2-user/data/topics/4902 239
@/home/ec2-user/data/topics/4275 240
@/home/ec2-user/data/topics/4404 241
@/home/ec2-user/data/topics/4317 242
@/home/ec2-user/data/topics/4125 242
@/home/ec2-user/data/topics/4142 242
@/home/ec2-user/data/topics/4682 243
@/home/ec2-user/data/topics/1923 244
@/home/ec2-user/data/topics/4749 245
@/home/ec2-user/data/topics/4626 246
@/home/ec2-user/data/topics/4100 247
@/home/ec2-user/data/topics/4530 248
@/home/ec2-user/data/topics/2119 249
@/home/ec2-user/data/topics/1122 250
@/home/ec2-user/data/topics/4854 251
@/home/ec2-user/data/topics/1100 251
@/home/ec2-user/data/topics/4584 252
@/home/ec2-user/data/topics/2031 253
@/home/ec2-user/data/topics/1362 254
@/home/ec2-user/data/topics/3446 255
@/home/ec2-user/data/topics/4035 255
@/home/ec2-user/data/topics/1636 255
@/home/ec2-user/data/topics/3766 255
@/home/ec2-user/data/topics/4414 256
@/home/ec2-user/data/topics/4247 257
@/home/ec2-user/data/topics/4760 258
@/home/ec2-user/data/topics/4779 259
@/home/ec2-user/data/topics/1176 260
@/home/ec2-user/data/topics/2076 260
@/home/ec2-user/data/topics/1624 260
@/home/ec2-user/data/topics/4481 261
@/home/ec2-user/data/topics/4728 261
@/home/ec2-user/data/topics/4119 262
@/home/ec2-user/data/topics/4689 263
@/home/ec2-user/data/topics/4696 264
@/home/ec2-user/data/topics/1815 265
@/home/ec2-user/data/topics/4725 266
@/home/ec2-user/data/topics/1986 267
@/home/ec2-user/data/topics/4877 267
@/home/ec2-user/data/topics/2150 268
@/home/ec2-user/data/topics/4446 269
@/home/ec2-user/data/topics/4436 270
@/home/ec2-user/data/topics/4071 270
@/home/ec2-user/data/topics/1326 271
@/home/ec2-user/data/topics/4313 272
@/home/ec2-user/data/topics/1345 273
@/home/ec2-user/data/topics/1471 273
@/home/ec2-user/data/topics/2144 273
@/home/ec2-user/data/topics/4598 274
@/home/ec2-user/data/topics/1822 275
@/home/ec2-user/data/topics/1078 275
@/home/ec2-user/data/topics/1492 276
@/home/ec2-user/data/topics/4319 276
@/home/ec2-user/data/topics/4388 277
@/home/ec2-user/data/topics/4427 278
@/home/ec2-user/data/topics/1186 279
@/home/ec2-user/data/topics/1932 279
@/home/ec2-user/data/topics/4595 279
@/home/ec2-user/data/topics/4410 280
@/home/ec2-user/data/topics/1724 280
@/home/ec2-user/data/topics/4549 281
@/home/ec2-user/data/topics/3916 282
@/home/ec2-user/data/topics/3383 282
@/home/ec2-user/data/topics/1796 282
@/home/ec2-user/data/topics/1383 282
@/home/ec2-user/data/topics/1449 283
@/home/ec2-user/data/topics/1900 283
@/home/ec2-user/data/topics/1567 283
@/home/ec2-user/data/topics/1894 284
@/home/ec2-user/data/topics/4659 284
@/home/ec2-user/data/topics/4153 285
@/home/ec2-user/data/topics/2135 286
@/home/ec2-user/data/topics/1252 286
@/home/ec2-user/data/topics/3731 286
@/home/ec2-user/data/topics/4646 286
@/home/ec2-user/data/topics/4254 287
@/home/ec2-user/data/topics/1523 288
@/home/ec2-user/data/topics/4315 289
@/home/ec2-user/data/topics/3803 290
@/home/ec2-user/data/topics/1486 290
@/home/ec2-user/data/topics/1898 291
@/home/ec2-user/data/topics/1879 291
@/home/ec2-user/data/topics/4665 292
@/home/ec2-user/data/topics/1634 293
@/home/ec2-user/data/topics/4425 294
@/home/ec2-user/data/topics/1500 295
@/home/ec2-user/data/topics/1623 296
@/home/ec2-user/data/topics/4092 296
@/home/ec2-user/data/topics/4398 297
@/home/ec2-user/data/topics/4813 298
@/home/ec2-user/data/topics/4610 298
@/home/ec2-user/data/topics/4300 298
@/home/ec2-user/data/topics/4003 299
@/home/ec2-user/data/topics/2127 300
@/home/ec2-user/data/topics/4120 301
@/home/ec2-user/data/topics/4458 302
@/home/ec2-user/data/topics/4134 303
@/home/ec2-user/data/topics/3744 304
@/home/ec2-user/data/topics/3724 305
@/home/ec2-user/data/topics/4243 306
@/home/ec2-user/data/topics/4940 307
@/home/ec2-user/data/topics/3790 308
@/home/ec2-user/data/topics/3718 308
@/home/ec2-user/data/topics/4159 308
@/home/ec2-user/data/topics/1364 308
@/home/ec2-user/data/topics/3729 309
@/home/ec2-user/data/topics/4185 310
@/home/ec2-user/data/topics/1595 311
@/home/ec2-user/data/topics/4260 312
@/home/ec2-user/data/topics/4536 313
@/home/ec2-user/data/topics/4651 314
@/home/ec2-user/data/topics/4209 315
@/home/ec2-user/data/topics/4816 316
@/home/ec2-user/data/topics/4501 317
@/home/ec2-user/data/topics/4477 317
@/home/ec2-user/data/topics/4497 318
@/home/ec2-user/data/topics/4445 319
@/home/ec2-user/data/topics/3767 319
@/home/ec2-user/data/topics/1913 320
@/home/ec2-user/data/topics/4785 320
@/home/ec2-user/data/topics/4750 321
@/home/ec2-user/data/topics/4486 322
@/home/ec2-user/data/topics/3798 323
@/home/ec2-user/data/topics/3709 323
@/home/ec2-user/data/topics/4393 323
@/home/ec2-user/data/topics/4911 324
@/home/ec2-user/data/topics/1044 324
@/home/ec2-user/data/topics/1783 325
@/home/ec2-user/data/topics/1948 326
@/home/ec2-user/data/topics/4850 327
@/home/ec2-user/data/topics/4390 328
@/home/ec2-user/data/topics/4537 329
@/home/ec2-user/data/topics/4666 330
@/home/ec2-user/data/topics/1464 331
@/home/ec2-user/data/topics/1301 332
@/home/ec2-user/data/topics/4116 332
@/home/ec2-user/data/topics/1764 333
@/home/ec2-user/data/topics/1712 334
@/home/ec2-user/data/topics/4852 334
@/home/ec2-user/data/topics/1054 334
@/home/ec2-user/data/topics/2064 334
@/home/ec2-user/data/topics/4926 334
@/home/ec2-user/data/topics/1851 335
@/home/ec2-user/data/topics/1457 335
@/home/ec2-user/data/topics/1436 336
@/home/ec2-user/data/topics/3352 336
@/home/ec2-user/data/topics/4338 336
@/home/ec2-user/data/topics/4777 337
@/home/ec2-user/data/topics/4770 337
@/home/ec2-user/data/topics/1612 338
@/home/ec2-user/data/topics/1447 339
@/home/ec2-user/data/topics/4097 339
@/home/ec2-user/data/topics/3897 340
@/home/ec2-user/data/topics/1668 341
@/home/ec2-user/data/topics/1516 341
@/home/ec2-user/data/topics/4093 341
@/home/ec2-user/data/topics/4352 342
@/home/ec2-user/data/topics/4281 343
@/home/ec2-user/data/topics/2022 344
@/home/ec2-user/data/topics/2033 345
@/home/ec2-user/data/topics/4196 345
@/home/ec2-user/data/topics/3971 346
@/home/ec2-user/data/topics/4129 347
@/home/ec2-user/data/topics/4257 348
@/home/ec2-user/data/topics/1116 349
@/home/ec2-user/data/topics/3896 350
@/home/ec2-user/data/topics/4460 351
@/home/ec2-user/data/topics/4017 352
@/home/ec2-user/data/topics/1112 353
@/home/ec2-user/data/topics/3868 354
@/home/ec2-user/data/topics/4207 354
@/home/ec2-user/data/topics/3953 355
@/home/ec2-user/data/topics/1809 355
@/home/ec2-user/data/topics/4272 355
@/home/ec2-user/data/topics/4155 356
@/home/ec2-user/data/topics/3576 356
@/home/ec2-user/data/topics/3355 356
@/home/ec2-user/data/topics/2078 356
@/home/ec2-user/data/topics/4824 356
@/home/ec2-user/data/topics/1381 357
@/home/ec2-user/data/topics/4369 357
@/home/ec2-user/data/topics/3913 357
@/home/ec2-user/data/topics/3841 357
@/home/ec2-user/data/topics/4399 357
@/home/ec2-user/data/topics/1196 357
@/home/ec2-user/data/topics/2041 357
@/home/ec2-user/data/topics/1016 358
@/home/ec2-user/data/topics/3501 359
@/home/ec2-user/data/topics/4244 359
@/home/ec2-user/data/topics/4831 360
@/home/ec2-user/data/topics/3948 360
@/home/ec2-user/data/topics/4808 360
@/home/ec2-user/data/topics/4603 361
@/home/ec2-user/data/topics/4276 362
@/home/ec2-user/data/topics/4738 363
@/home/ec2-user/data/topics/4759 363
@/home/ec2-user/data/topics/4578 364
@/home/ec2-user/data/topics/4279 365
@/home/ec2-user/data/topics/2217 365
@/home/ec2-user/data/topics/4082 365
@/home/ec2-user/data/topics/4657 366
@/home/ec2-user/data/topics/2088 367
@/home/ec2-user/data/topics/4532 368
@/home/ec2-user/data/topics/4442 369
@/home/ec2-user/data/topics/3439 370
@/home/ec2-user/data/topics/1365 370
@/home/ec2-user/data/topics/4246 370
@/home/ec2-user/data/topics/1089 371
@/home/ec2-user/data/topics/1452 371
@/home/ec2-user/data/topics/4742 371
@/home/ec2-user/data/topics/4240 372
@/home/ec2-user/data/topics/4385 373
@/home/ec2-user/data/topics/1937 373
@/home/ec2-user/data/topics/4892 374
@/home/ec2-user/data/topics/4898 375
@/home/ec2-user/data/topics/3995 375
@/home/ec2-user/data/topics/4138 376
@/home/ec2-user/data/topics/1518 377
@/home/ec2-user/data/topics/4238 377
@/home/ec2-user/data/topics/3886 378
@/home/ec2-user/data/topics/4168 379
@/home/ec2-user/data/topics/3561 380
@/home/ec2-user/data/topics/4359 380
@/home/ec2-user/data/topics/3664 381
@/home/ec2-user/data/topics/4063 381
@/home/ec2-user/data/topics/4186 382
@/home/ec2-user/data/topics/4438 383
@/home/ec2-user/data/topics/4158 383
@/home/ec2-user/data/topics/4709 384
@/home/ec2-user/data/topics/4216 384
@/home/ec2-user/data/topics/4342 385
@/home/ec2-user/data/topics/4775 386
@/home/ec2-user/data/topics/4117 387
@/home/ec2-user/data/topics/3400 387
@/home/ec2-user/data/topics/4162 387
@/home/ec2-user/data/topics/1052 388
@/home/ec2-user/data/topics/4643 389
@/home/ec2-user/data/topics/4360 390
@/home/ec2-user/data/topics/1867 391
@/home/ec2-user/data/topics/4371 392
@/home/ec2-user/data/topics/4204 393
@/home/ec2-user/data/topics/3610 394
@/home/ec2-user/data/topics/4764 394
@/home/ec2-user/data/topics/4644 395
@/home/ec2-user/data/topics/4267 396
@/home/ec2-user/data/topics/3954 397
@/home/ec2-user/data/topics/4227 398
@/home/ec2-user/data/topics/4154 399
@/home/ec2-user/data/topics/1359 400
@/home/ec2-user/data/topics/1791 400
@/home/ec2-user/data/topics/4278 401
@/home/ec2-user/data/topics/1281 402
@/home/ec2-user/data/topics/4708 403
@/home/ec2-user/data/topics/4609 404
@/home/ec2-user/data/topics/4056 405
@/home/ec2-user/data/topics/4181 405
@/home/ec2-user/data/topics/4634 405
@/home/ec2-user/data/topics/2187 406
@/home/ec2-user/data/topics/4309 406
@/home/ec2-user/data/topics/3956 407
@/home/ec2-user/data/topics/1535 408
@/home/ec2-user/data/topics/4440 408
@/home/ec2-user/data/topics/1613 409
@/home/ec2-user/data/topics/2102 409
@/home/ec2-user/data/topics/4613 409
@/home/ec2-user/data/topics/4533 410
@/home/ec2-user/data/topics/3853 411
@/home/ec2-user/data/topics/4988 412
@/home/ec2-user/data/topics/4273 412
@/home/ec2-user/data/topics/4418 413
@/home/ec2-user/data/topics/4343 414
@/home/ec2-user/data/topics/4429 415
@/home/ec2-user/data/topics/4258 416
@/home/ec2-user/data/topics/4925 417
@/home/ec2-user/data/topics/4137 417
@/home/ec2-user/data/topics/3938 418
@/home/ec2-user/data/topics/4718 419
@/home/ec2-user/data/topics/4434 420
@/home/ec2-user/data/topics/1199 421
@/home/ec2-user/data/topics/4146 422
@/home/ec2-user/data/topics/2166 422
@/home/ec2-user/data/topics/3875 423
@/home/ec2-user/data/topics/4650 424
@/home/ec2-user/data/topics/4485 425
@/home/ec2-user/data/topics/4480 426
松下電器産業株式会社

@/home/ec2-user/data/topics/3904 427
@/home/ec2-user/data/topics/3402 427
@/home/ec2-user/data/topics/4193 428
@/home/ec2-user/data/topics/4761 429
@/home/ec2-user/data/topics/3960 430
@/home/ec2-user/data/topics/1240 431
@/home/ec2-user/data/topics/3694 431
@/home/ec2-user/data/topics/3979 432
@/home/ec2-user/data/topics/1955 433
@/home/ec2-user/data/topics/1229 434
@/home/ec2-user/data/topics/5024 434
@/home/ec2-user/data/topics/3853 435
@/home/ec2-user/data/topics/4101 435
@/home/ec2-user/data/topics/3558 436
@/home/ec2-user/data/topics/1748 437
@/home/ec2-user/data/topics/3807 438
@/home/ec2-user/data/topics/4503 439
@/home/ec2-user/data/topics/4754 440
@/home/ec2-user/data/topics/2170 441
@/home/ec2-user/data/topics/4235 442
@/home/ec2-user/data/topics/4867 442
@/home/ec2-user/data/topics/4707 443
@/home/ec2-user/data/topics/1812 444
@/home/ec2-user/data/topics/3494 445
@/home/ec2-user/data/topics/4166 446
@/home/ec2-user/data/topics/4664 446
@/home/ec2-user/data/topics/3744 446
@/home/ec2-user/data/topics/4456 446
@/home/ec2-user/data/topics/2129 446
@/home/ec2-user/data/topics/1392 447
@/home/ec2-user/data/topics/3619 447
@/home/ec2-user/data/topics/3592 448
@/home/ec2-user/data/topics/1373 448
@/home/ec2-user/data/topics/2222 448
@/home/ec2-user/data/topics/1026 449
@/home/ec2-user/data/topics/4798 450
@/home/ec2-user/data/topics/1762 451
@/home/ec2-user/data/topics/1477 452
@/home/ec2-user/data/topics/4102 453
@/home/ec2-user/data/topics/3658 454
@/home/ec2-user/data/topics/4274 455
@/home/ec2-user/data/topics/1637 456
@/home/ec2-user/data/topics/2056 456
@/home/ec2-user/data/topics/4252 457
@/home/ec2-user/data/topics/3704 457
@/home/ec2-user/data/topics/4098 458
@/home/ec2-user/data/topics/4160 459
@/home/ec2-user/data/topics/1570 460
@/home/ec2-user/data/topics/4341 460
@/home/ec2-user/data/topics/4109 460
@/home/ec2-user/data/topics/4264 460
@/home/ec2-user/data/topics/4625 461
@/home/ec2-user/data/topics/4787 462
@/home/ec2-user/data/topics/4502 463
@/home/ec2-user/data/topics/4394 464
@/home/ec2-user/data/topics/3585 465
@/home/ec2-user/data/topics/4157 466
@/home/ec2-user/data/topics/3510 467
@/home/ec2-user/data/topics/4139 468
@/home/ec2-user/data/topics/1158 469
@/home/ec2-user/data/topics/1391 470
@/home/ec2-user/data/topics/4355 470
@/home/ec2-user/data/topics/4586 471
@/home/ec2-user/data/topics/4024 472
@/home/ec2-user/data/topics/1744 472
@/home/ec2-user/data/topics/4307 472
@/home/ec2-user/data/topics/4917 473
@/home/ec2-user/data/topics/1136 474
@/home/ec2-user/data/topics/1796 475
@/home/ec2-user/data/topics/4393 475
@/home/ec2-user/data/topics/3951 475
@/home/ec2-user/data/topics/3676 476
@/home/ec2-user/data/topics/2209 477
@/home/ec2-user/data/topics/1841 477
@/home/ec2-user/data/topics/1705 477
@/home/ec2-user/data/topics/4385 478
@/home/ec2-user/data/topics/4303 479
@/home/ec2-user/data/topics/4782 480
@/home/ec2-user/data/topics/4164 480
@/home/ec2-user/data/topics/4936 480
@/home/ec2-user/data/topics/4491 481
@/home/ec2-user/data/topics/1516 482
@/home/ec2-user/data/topics/3821 483
@/home/ec2-user/data/topics/3455 483
@/home/ec2-user/data/topics/4543 484
@/home/ec2-user/data/topics/4501 484
@/home/ec2-user/data/topics/5028 485
@/home/ec2-user/data/topics/4382 486
@/home/ec2-user/data/topics/4558 487
@/home/ec2-user/data/topics/4574 488
@/home/ec2-user/data/topics/3898 489
@/home/ec2-user/data/topics/4714 489
@/home/ec2-user/data/topics/1949 489
@/home/ec2-user/data/topics/4475 489
@/home/ec2-user/data/topics/1339 490
@/home/ec2-user/data/topics/3847 491
@/home/ec2-user/data/topics/1898 492
@/home/ec2-user/data/topics/4229 493
@/home/ec2-user/data/topics/1525 494
@/home/ec2-user/data/topics/4968 495
@/home/ec2-user/data/topics/4577 496
@/home/ec2-user/data/topics/4422 497
@/home/ec2-user/data/topics/1064 498
@/home/ec2-user/data/topics/1841 498
@/home/ec2-user/data/topics/3721 498
@/home/ec2-user/data/topics/1956 499
@/home/ec2-user/data/topics/4280 499
@/home/ec2-user/data/topics/3519 500
@/home/ec2-user/data/topics/3761 501
@/home/ec2-user/data/topics/3386 502
@/home/ec2-user/data/topics/4945 503
@/home/ec2-user/data/topics/2029 504
@/home/ec2-user/data/topics/3746 505
@/home/ec2-user/data/topics/4466 506
@/home/ec2-user/data/topics/4528 506
@/home/ec2-user/data/topics/1701 506
@/home/ec2-user/data/topics/2011 507
@/home/ec2-user/data/topics/4459 507
@/home/ec2-user/data/topics/1179 508
@/home/ec2-user/data/topics/3623 509
@/home/ec2-user/data/topics/2208 509
@/home/ec2-user/data/topics/1157 509
@/home/ec2-user/data/topics/4522 510
@/home/ec2-user/data/topics/1848 510
@/home/ec2-user/data/topics/4599 510
@/home/ec2-user/data/topics/1829 511
@/home/ec2-user/data/topics/4676 512
@/home/ec2-user/data/topics/3404 513
@/home/ec2-user/data/topics/4937 514
@/home/ec2-user/data/topics/1271 514
@/home/ec2-user/data/topics/1709 514
@/home/ec2-user/data/topics/2156 514
@/home/ec2-user/data/topics/1885 515
@/home/ec2-user/data/topics/1633 516
@/home/ec2-user/data/topics/2209 517
@/home/ec2-user/data/topics/1881 517
@/home/ec2-user/data/topics/4180 518
@/home/ec2-user/data/topics/4448 519
@/home/ec2-user/data/topics/3514 520
@/home/ec2-user/data/topics/3920 521
@/home/ec2-user/data/topics/2080 522
@/home/ec2-user/data/topics/4464 523
@/home/ec2-user/data/topics/1465 524
@/home/ec2-user/data/topics/3479 524
@/home/ec2-user/data/topics/1061 524
@/home/ec2-user/data/topics/4961 524
@/home/ec2-user/data/topics/4000 525
@/home/ec2-user/data/topics/4804 526
@/home/ec2-user/data/topics/4037 527
@/home/ec2-user/data/topics/1540 527
@/home/ec2-user/data/topics/4797 528
@/home/ec2-user/data/topics/4033 529
@/home/ec2-user/data/topics/4918 529
@/home/ec2-user/data/topics/2200 530
@/home/ec2-user/data/topics/1635 530
@/home/ec2-user/data/topics/1257 531
@/home/ec2-user/data/topics/3739 532
@/home/ec2-user/data/topics/3978 533
@/home/ec2-user/data/topics/4133 533
@/home/ec2-user/data/topics/4667 533
@/home/ec2-user/data/topics/3439 534
@/home/ec2-user/data/topics/4200 534
@/home/ec2-user/data/topics/1589 534
@/home/ec2-user/data/topics/4885 535
@/home/ec2-user/data/topics/4806 536
@/home/ec2-user/data/topics/4704 537
@/home/ec2-user/data/topics/2116 537
@/home/ec2-user/data/topics/1818 537
@/home/ec2-user/data/topics/4817 537
@/home/ec2-user/data/topics/1528 538
@/home/ec2-user/data/topics/1509 538
@/home/ec2-user/data/topics/1070 539
@/home/ec2-user/data/topics/1416 540
@/home/ec2-user/data/topics/3692 540
@/home/ec2-user/data/topics/1252 541
@/home/ec2-user/data/topics/4733 542
@/home/ec2-user/data/topics/4215 542
@/home/ec2-user/data/topics/4126 543
@/home/ec2-user/data/topics/4419 544
@/home/ec2-user/data/topics/4043 544
@/home/ec2-user/data/topics/3719 545
@/home/ec2-user/data/topics/3680 546
@/home/ec2-user/data/topics/1706 547
@/home/ec2-user/data/topics/4159 548
@/home/ec2-user/data/topics/1777 549
セイコーインスツルメンツ株式会社

@/home/ec2-user/data/topics/4203 549
@/home/ec2-user/data/topics/4088 549
@/home/ec2-user/data/topics/1707 550
@/home/ec2-user/data/topics/4997 551
@/home/ec2-user/data/topics/4190 552
@/home/ec2-user/data/topics/4784 553
@/home/ec2-user/data/topics/3666 553
@/home/ec2-user/data/topics/4036 553
@/home/ec2-user/data/topics/1935 554
@/home/ec2-user/data/topics/1385 554
@/home/ec2-user/data/topics/1733 554
@/home/ec2-user/data/topics/3825 554
@/home/ec2-user/data/topics/4151 555
@/home/ec2-user/data/topics/3626 556
ミノルタ株式会社

@/home/ec2-user/data/topics/4986 557
@/home/ec2-user/data/topics/4971 557
@/home/ec2-user/data/topics/2190 558
@/home/ec2-user/data/topics/3584 559
@/home/ec2-user/data/topics/4996 560
@/home/ec2-user/data/topics/4984 560
@/home/ec2-user/data/topics/4970 561
@/home/ec2-user/data/topics/3904 562
@/home/ec2-user/data/topics/4103 562
@/home/ec2-user/data/topics/4977 562
@/home/ec2-user/data/topics/4795 563
@/home/ec2-user/data/topics/3545 563
@/home/ec2-user/data/topics/4857 564
@/home/ec2-user/data/topics/1152 564
@/home/ec2-user/data/topics/4321 565
@/home/ec2-user/data/topics/4951 566
@/home/ec2-user/data/topics/3840 567
@/home/ec2-user/data/topics/3810 567
株式会社リコー

@/home/ec2-user/data/topics/1768 568
@/home/ec2-user/data/topics/1658 568
@/home/ec2-user/data/topics/3424 568
@/home/ec2-user/data/topics/4265 569
@/home/ec2-user/data/topics/1755 570
@/home/ec2-user/data/topics/4037 571
@/home/ec2-user/data/topics/1299 572
@/home/ec2-user/data/topics/3713 572
@/home/ec2-user/data/topics/1064 573
@/home/ec2-user/data/topics/1976 574
@/home/ec2-user/data/topics/1776 575
@/home/ec2-user/data/topics/4863 576
@/home/ec2-user/data/topics/3557 576
@/home/ec2-user/data/topics/3484 577
@/home/ec2-user/data/topics/1085 578
@/home/ec2-user/data/topics/1806 578
@/home/ec2-user/data/topics/2039 579
@/home/ec2-user/data/topics/5004 579
@/home/ec2-user/data/topics/2238 579
@/home/ec2-user/data/topics/4879 579
@/home/ec2-user/data/topics/1663 580
@/home/ec2-user/data/topics/1669 581
@/home/ec2-user/data/topics/1878 582
@/home/ec2-user/data/topics/5022 583
@/home/ec2-user/data/topics/1190 583
@/home/ec2-user/data/topics/1718 584
@/home/ec2-user/data/topics/3911 585
@/home/ec2-user/data/topics/4358 585
@/home/ec2-user/data/topics/3495 585
@/home/ec2-user/data/topics/1282 586
@/home/ec2-user/data/topics/1938 587
@/home/ec2-user/data/topics/1436 587
@/home/ec2-user/data/topics/3474 588
@/home/ec2-user/data/topics/2189 589
@/home/ec2-user/data/topics/1670 590
@/home/ec2-user/data/topics/4272 591
@/home/ec2-user/data/topics/1158 591
@/home/ec2-user/data/topics/4214 591
@/home/ec2-user/data/topics/1691 591
@/home/ec2-user/data/topics/1083 592
@/home/ec2-user/data/topics/3635 593
@/home/ec2-user/data/topics/3446 593
@/home/ec2-user/data/topics/1780 594
@/home/ec2-user/data/topics/4616 595
@/home/ec2-user/data/topics/4426 596
@/home/ec2-user/data/topics/1679 596
@/home/ec2-user/data/topics/2006 596
@/home/ec2-user/data/topics/1668 597
@/home/ec2-user/data/topics/3378 598
@/home/ec2-user/data/topics/1482 599
@/home/ec2-user/data/topics/3683 600
@/home/ec2-user/data/topics/3750 600
@/home/ec2-user/data/topics/3394 601
@/home/ec2-user/data/topics/3555 602
@/home/ec2-user/data/topics/5030 603
@/home/ec2-user/data/topics/3687 603
@/home/ec2-user/data/topics/3530 604
@/home/ec2-user/data/topics/3411 605
@/home/ec2-user/data/topics/1514 606
@/home/ec2-user/data/topics/3436 607
@/home/ec2-user/data/topics/2182 608
@/home/ec2-user/data/topics/3669 609
@/home/ec2-user/data/topics/4326 610
@/home/ec2-user/data/topics/1433 610
@/home/ec2-user/data/topics/2090 611
@/home/ec2-user/data/topics/1106 612
@/home/ec2-user/data/topics/3574 613
@/home/ec2-user/data/topics/4344 614
@/home/ec2-user/data/topics/3548 615
@/home/ec2-user/data/topics/1478 616
@/home/ec2-user/data/topics/4138 617
@/home/ec2-user/data/topics/3775 617
@/home/ec2-user/data/topics/1610 618
@/home/ec2-user/data/topics/4329 619
@/home/ec2-user/data/topics/2043 619
@/home/ec2-user/data/topics/2200 620
@/home/ec2-user/data/topics/3954 621
@/home/ec2-user/data/topics/1095 621
@/home/ec2-user/data/topics/3711 622
@/home/ec2-user/data/topics/4647 623
@/home/ec2-user/data/topics/4429 623
@/home/ec2-user/data/topics/1519 623
@/home/ec2-user/data/topics/1974 623
@/home/ec2-user/data/topics/3837 624
@/home/ec2-user/data/topics/2219 625
@/home/ec2-user/data/topics/4781 626
@/home/ec2-user/data/topics/4458 627
@/home/ec2-user/data/topics/1774 627
@/home/ec2-user/data/topics/4158 628
@/home/ec2-user/data/topics/3880 628
@/home/ec2-user/data/topics/1338 629
@/home/ec2-user/data/topics/3998 629
@/home/ec2-user/data/topics/3841 629
@/home/ec2-user/data/topics/1775 629
@/home/ec2-user/data/topics/1593 630
@/home/ec2-user/data/topics/2201 631
@/home/ec2-user/data/topics/4795 632
@/home/ec2-user/data/topics/3445 632
@/home/ec2-user/data/topics/3519 632
@/home/ec2-user/data/topics/1225 632
@/home/ec2-user/data/topics/3523 633
@/home/ec2-user/data/topics/3633 634
@/home/ec2-user/data/topics/1740 635
@/home/ec2-user/data/topics/3744 636
@/home/ec2-user/data/topics/1627 636
@/home/ec2-user/data/topics/3759 637
@/home/ec2-user/data/topics/3472 638
独立行政法人産業技術総合研究所

@/home/ec2-user/data/topics/4869 639
@/home/ec2-user/data/topics/1356 639
@/home/ec2-user/data/topics/4777 640
@/home/ec2-user/data/topics/4740 641
@/home/ec2-user/data/topics/2213 642
@/home/ec2-user/data/topics/1506 642
@/home/ec2-user/data/topics/4739 642
@/home/ec2-user/data/topics/4099 643
@/home/ec2-user/data/topics/4800 643
ソニー株式会社

@/home/ec2-user/data/topics/1102 644
@/home/ec2-user/data/topics/4281 644
@/home/ec2-user/data/topics/3379 644
@/home/ec2-user/data/topics/4387 644
@/home/ec2-user/data/topics/1774 644
@/home/ec2-user/data/topics/3975 644
@/home/ec2-user/data/topics/1426 645
@/home/ec2-user/data/topics/4828 646
@/home/ec2-user/data/topics/1427 646
@/home/ec2-user/data/topics/2105 646
@/home/ec2-user/data/topics/2058 647
@/home/ec2-user/data/topics/1108 648
@/home/ec2-user/data/topics/1602 648
@/home/ec2-user/data/topics/1892 649
@/home/ec2-user/data/topics/3924 650
@/home/ec2-user/data/topics/1684 651
@/home/ec2-user/data/topics/1726 651
@/home/ec2-user/data/topics/3351 651
@/home/ec2-user/data/topics/1860 651
@/home/ec2-user/data/topics/3872 651
@/home/ec2-user/data/topics/1233 652
@/home/ec2-user/data/topics/1749 653
@/home/ec2-user/data/topics/1282 654
@/home/ec2-user/data/topics/2094 654
@/home/ec2-user/data/topics/1435 655
@/home/ec2-user/data/topics/2144 656
@/home/ec2-user/data/topics/2052 656
@/home/ec2-user/data/topics/4633 657
@/home/ec2-user/data/topics/1926 657
@/home/ec2-user/data/topics/1679 658
@/home/ec2-user/data/topics/1778 659
@/home/ec2-user/data/topics/1335 660
@/home/ec2-user/data/topics/1441 660
@/home/ec2-user/data/topics/3377 660
@/home/ec2-user/data/topics/1471 660
@/home/ec2-user/data/topics/4184 661
@/home/ec2-user/data/topics/1291 662
@/home/ec2-user/data/topics/1298 663
@/home/ec2-user/data/topics/4249 664
@/home/ec2-user/data/topics/1414 664
@/home/ec2-user/data/topics/1836 665
@/home/ec2-user/data/topics/1967 666
@/home/ec2-user/data/topics/1380 667
@/home/ec2-user/data/topics/1954 668
@/home/ec2-user/data/topics/1218 669
@/home/ec2-user/data/topics/3401 670
@/home/ec2-user/data/topics/2037 671
@/home/ec2-user/data/topics/1491 672
@/home/ec2-user/data/topics/1884 673
@/home/ec2-user/data/topics/1397 674
@/home/ec2-user/data/topics/2059 675
@/home/ec2-user/data/topics/1059 676
@/home/ec2-user/data/topics/1147 677
@/home/ec2-user/data/topics/4224 678
@/home/ec2-user/data/topics/4204 679
@/home/ec2-user/data/topics/3392 679
@/home/ec2-user/data/topics/1579 680
@/home/ec2-user/data/topics/1912 680
@/home/ec2-user/data/topics/3527 681
@/home/ec2-user/data/topics/1873 681
@/home/ec2-user/data/topics/1686 682
@/home/ec2-user/data/topics/1780 683
@/home/ec2-user/data/topics/2048 683
@/home/ec2-user/data/topics/5027 684
@/home/ec2-user/data/topics/4219 685
@/home/ec2-user/data/topics/3456 686
@/home/ec2-user/data/topics/3472 687
@/home/ec2-user/data/topics/3955 687
@/home/ec2-user/data/topics/4351 688
@/home/ec2-user/data/topics/4002 689
@/home/ec2-user/data/topics/2075 689
富士ゼロックス株式会社

@/home/ec2-user/data/topics/3661 690
@/home/ec2-user/data/topics/3407 690
@/home/ec2-user/data/topics/4013 691
@/home/ec2-user/data/topics/4637 691
@/home/ec2-user/data/topics/1947 691
@/home/ec2-user/data/topics/1560 692
@/home/ec2-user/data/topics/3695 693
@/home/ec2-user/data/topics/3640 694
@/home/ec2-user/data/topics/4108 695
@/home/ec2-user/data/topics/2131 696
@/home/ec2-user/data/topics/3383 696
@/home/ec2-user/data/topics/3564 697
@/home/ec2-user/data/topics/1221 698
@/home/ec2-user/data/topics/3473 698
@/home/ec2-user/data/topics/2214 699
@/home/ec2-user/data/topics/5031 699
@/home/ec2-user/data/topics/4237 700
@/home/ec2-user/data/topics/3782 700
@/home/ec2-user/data/topics/3366 701
@/home/ec2-user/data/topics/3662 702
@/home/ec2-user/data/topics/1608 703
@/home/ec2-user/data/topics/1019 703
@/home/ec2-user/data/topics/3790 703
住友金属工業株式会社

@/home/ec2-user/data/topics/3577 704
@/home/ec2-user/data/topics/3826 704
@/home/ec2-user/data/topics/4991 705
@/home/ec2-user/data/topics/1627 706
@/home/ec2-user/data/topics/4021 706
@/home/ec2-user/data/topics/4095 707
@/home/ec2-user/data/topics/4661 707
@/home/ec2-user/data/topics/1810 708
@/home/ec2-user/data/topics/4182 708
@/home/ec2-user/data/topics/1268 709
@/home/ec2-user/data/topics/4322 710
@/home/ec2-user/data/topics/4534 711
@/home/ec2-user/data/topics/3655 712
@/home/ec2-user/data/topics/4870 713
@/home/ec2-user/data/topics/1146 713
@/home/ec2-user/data/topics/4733 713
@/home/ec2-user/data/topics/4306 714
@/home/ec2-user/data/topics/4295 714
日立電線株式会社

@/home/ec2-user/data/topics/3545 715
@/home/ec2-user/data/topics/1305 715
@/home/ec2-user/data/topics/4216 716
@/home/ec2-user/data/topics/1027 716
@/home/ec2-user/data/topics/3756 717
@/home/ec2-user/data/topics/1388 718
@/home/ec2-user/data/topics/1117 719
@/home/ec2-user/data/topics/4329 720
@/home/ec2-user/data/topics/4042 721
@/home/ec2-user/data/topics/4826 721
@/home/ec2-user/data/topics/4357 721
@/home/ec2-user/data/topics/3981 722
@/home/ec2-user/data/topics/4356 722
@/home/ec2-user/data/topics/3930 723
キヤノン株式会社

@/home/ec2-user/data/topics/1455 724
@/home/ec2-user/data/topics/1895 724
@/home/ec2-user/data/topics/1510 725
@/home/ec2-user/data/topics/4947 725
@/home/ec2-user/data/topics/3967 726
@/home/ec2-user/data/topics/4762 727
@/home/ec2-user/data/topics/4521 727
@/home/ec2-user/data/topics/3949 728
@/home/ec2-user/data/topics/1475 729
@/home/ec2-user/data/topics/3835 729
@/home/ec2-user/data/topics/3417 729
@/home/ec2-user/data/topics/1438 730
@/home/ec2-user/data/topics/3950 731
@/home/ec2-user/data/topics/2004 731
@/home/ec2-user/data/topics/3628 732
@/home/ec2-user/data/topics/4520 733
@/home/ec2-user/data/topics/1568 734
@/home/ec2-user/data/topics/1590 735
@/home/ec2-user/data/topics/3730 736
@/home/ec2-user/data/topics/1080 737
@/home/ec2-user/data/topics/1744 738
@/home/ec2-user/data/topics/1208 739
@/home/ec2-user/data/topics/3737 740
@/home/ec2-user/data/topics/3374 741
@/home/ec2-user/data/topics/3445 742
@/home/ec2-user/data/topics/1802 743
@/home/ec2-user/data/topics/4937 744
@/home/ec2-user/data/topics/1631 745
@/home/ec2-user/data/topics/3642 746
@/home/ec2-user/data/topics/1513 747
@/home/ec2-user/data/topics/1961 748
@/home/ec2-user/data/topics/3660 749
@/home/ec2-user/data/topics/4054 750
@/home/ec2-user/data/topics/3438 751
@/home/ec2-user/data/topics/1790 752
@/home/ec2-user/data/topics/4363 753
@/home/ec2-user/data/topics/3430 754
@/home/ec2-user/data/topics/2015 755
@/home/ec2-user/data/topics/4217 755
@/home/ec2-user/data/topics/1145 755
@/home/ec2-user/data/topics/4679 755
@/home/ec2-user/data/topics/3852 755
@/home/ec2-user/data/topics/4153 756
@/home/ec2-user/data/topics/2107 756
@/home/ec2-user/data/topics/2145 757
@/home/ec2-user/data/topics/4350 758
@/home/ec2-user/data/topics/4477 759
@/home/ec2-user/data/topics/1110 759
@/home/ec2-user/data/topics/1848 759
@/home/ec2-user/data/topics/2243 760
@/home/ec2-user/data/topics/4628 761
@/home/ec2-user/data/topics/1646 762
@/home/ec2-user/data/topics/3420 763
@/home/ec2-user/data/topics/4114 764
@/home/ec2-user/data/topics/1975 764
@/home/ec2-user/data/topics/3454 765
@/home/ec2-user/data/topics/1124 766
@/home/ec2-user/data/topics/1118 767
@/home/ec2-user/data/topics/3441 768
@/home/ec2-user/data/topics/1103 769
@/home/ec2-user/data/topics/1182 769
@/home/ec2-user/data/topics/3532 769
@/home/ec2-user/data/topics/3958 769
@/home/ec2-user/data/topics/1745 770
@/home/ec2-user/data/topics/2231 771
@/home/ec2-user/data/topics/2101 772
@/home/ec2-user/data/topics/1866 772
@/home/ec2-user/data/topics/3434 773
@/home/ec2-user/data/topics/2117 774
@/home/ec2-user/data/topics/1889 775
@/home/ec2-user/data/topics/4545 776
@/home/ec2-user/data/topics/1228 776
@/home/ec2-user/data/topics/4158 777
@/home/ec2-user/data/topics/1175 777
@/home/ec2-user/data/topics/3720 777
@/home/ec2-user/data/topics/4406 778
@/home/ec2-user/data/topics/1686 778
@/home/ec2-user/data/topics/4312 778
@/home/ec2-user/data/topics/4128 778
@/home/ec2-user/data/topics/3656 778
@/home/ec2-user/data/topics/3684 779
@/home/ec2-user/data/topics/1315 779
@/home/ec2-user/data/topics/1519 779
@/home/ec2-user/data/topics/3410 780
@/home/ec2-user/data/topics/5016 781
@/home/ec2-user/data/topics/3376 781
@/home/ec2-user/data/topics/4610 782
@/home/ec2-user/data/topics/1371 783
@/home/ec2-user/data/topics/2171 783
@/home/ec2-user/data/topics/1847 783
@/home/ec2-user/data/topics/4068 784
@/home/ec2-user/data/topics/4948 785
@/home/ec2-user/data/topics/4172 786
@/home/ec2-user/data/topics/2111 786
@/home/ec2-user/data/topics/3722 786
@/home/ec2-user/data/topics/1892 787
@/home/ec2-user/data/topics/2053 787
@/home/ec2-user/data/topics/1539 788
@/home/ec2-user/data/topics/3416 789
@/home/ec2-user/data/topics/3843 790
@/home/ec2-user/data/topics/1216 791
@/home/ec2-user/data/topics/3428 792
@/home/ec2-user/data/topics/3415 792
@/home/ec2-user/data/topics/4087 793
@/home/ec2-user/data/topics/4020 793
@/home/ec2-user/data/topics/2097 794
@/home/ec2-user/data/topics/4490 794
@/home/ec2-user/data/topics/4306 794
@/home/ec2-user/data/topics/3996 794
@/home/ec2-user/data/topics/3755 795
三洋電機株式会社

@/home/ec2-user/data/topics/2205 796
@/home/ec2-user/data/topics/4204 796
@/home/ec2-user/data/topics/4019 796
@/home/ec2-user/data/topics/1246 796
@/home/ec2-user/data/topics/1130 797
@/home/ec2-user/data/topics/3487 797
@/home/ec2-user/data/topics/3708 797
@/home/ec2-user/data/topics/4255 798
@/home/ec2-user/data/topics/1652 798
@/home/ec2-user/data/topics/4356 799
@/home/ec2-user/data/topics/3449 799
@/home/ec2-user/data/topics/4099 799
@/home/ec2-user/data/topics/2071 800
@/home/ec2-user/data/topics/1515 801
@/home/ec2-user/data/topics/3906 802
@/home/ec2-user/data/topics/4060 803
@/home/ec2-user/data/topics/1684 804
@/home/ec2-user/data/topics/4178 804
@/home/ec2-user/data/topics/4654 805
@/home/ec2-user/data/topics/4015 806
@/home/ec2-user/data/topics/4211 807
@/home/ec2-user/data/topics/3681 807
@/home/ec2-user/data/topics/1653 808
@/home/ec2-user/data/topics/3817 809
@/home/ec2-user/data/topics/1321 810
@/home/ec2-user/data/topics/2230 811
@/home/ec2-user/data/topics/1479 812
@/home/ec2-user/data/topics/1980 813
@/home/ec2-user/data/topics/4304 814
@/home/ec2-user/data/topics/4527 815
@/home/ec2-user/data/topics/3539 816
@/home/ec2-user/data/topics/1348 817
@/home/ec2-user/data/topics/4604 817
@/home/ec2-user/data/topics/1823 818
@/home/ec2-user/data/topics/3839 818
@/home/ec2-user/data/topics/3859 818
@/home/ec2-user/data/topics/4212 819
@/home/ec2-user/data/topics/4474 820
@/home/ec2-user/data/topics/4703 821
@/home/ec2-user/data/topics/4978 821
@/home/ec2-user/data/topics/5011 822
@/home/ec2-user/data/topics/3953 823
@/home/ec2-user/data/topics/2054 824
@/home/ec2-user/data/topics/4788 825
@/home/ec2-user/data/topics/3403 826
@/home/ec2-user/data/topics/1671 827
@/home/ec2-user/data/topics/1625 828
@/home/ec2-user/data/topics/1488 828
@/home/ec2-user/data/topics/4066 829
@/home/ec2-user/data/topics/2014 830
@/home/ec2-user/data/topics/2194 831
@/home/ec2-user/data/topics/3398 832
@/home/ec2-user/data/topics/1177 833
@/home/ec2-user/data/topics/4001 833
@/home/ec2-user/data/topics/4804 834
@/home/ec2-user/data/topics/3830 834
@/home/ec2-user/data/topics/4744 835
@/home/ec2-user/data/topics/4264 835
@/home/ec2-user/data/topics/2063 835
@/home/ec2-user/data/topics/2098 836
@/home/ec2-user/data/topics/1943 837
@/home/ec2-user/data/topics/2087 837
@/home/ec2-user/data/topics/1674 837
@/home/ec2-user/data/topics/1628 837
@/home/ec2-user/data/topics/3491 837
@/home/ec2-user/data/topics/1999 838
@/home/ec2-user/data/topics/4960 838
@/home/ec2-user/data/topics/3581 839
@/home/ec2-user/data/topics/1415 840
@/home/ec2-user/data/topics/5008 840
@/home/ec2-user/data/topics/3808 840
@/home/ec2-user/data/topics/3851 841
@/home/ec2-user/data/topics/3974 841
@/home/ec2-user/data/topics/4497 842
@/home/ec2-user/data/topics/3986 842
@/home/ec2-user/data/topics/4376 843
@/home/ec2-user/data/topics/1163 844
@/home/ec2-user/data/topics/1289 845
@/home/ec2-user/data/topics/3926 846
@/home/ec2-user/data/topics/4787 847
@/home/ec2-user/data/topics/3804 847
@/home/ec2-user/data/topics/4061 848
@/home/ec2-user/data/topics/1723 849
@/home/ec2-user/data/topics/3781 849
@/home/ec2-user/data/topics/4039 850
@/home/ec2-user/data/topics/4467 851
@/home/ec2-user/data/topics/5026 851
@/home/ec2-user/data/topics/1628 851
@/home/ec2-user/data/topics/4983 851
@/home/ec2-user/data/topics/4763 852
@/home/ec2-user/data/topics/1386 853
@/home/ec2-user/data/topics/4371 854
@/home/ec2-user/data/topics/3625 854
@/home/ec2-user/data/topics/4720 855
@/home/ec2-user/data/topics/1722 856
@/home/ec2-user/data/topics/1079 857
@/home/ec2-user/data/topics/1903 858
@/home/ec2-user/data/topics/1451 858
@/home/ec2-user/data/topics/3889 859
@/home/ec2-user/data/topics/4384 860
@/home/ec2-user/data/topics/4150 861
@/home/ec2-user/data/topics/3944 862
@/home/ec2-user/data/topics/3860 862
@/home/ec2-user/data/topics/3976 862
@/home/ec2-user/data/topics/1847 862
@/home/ec2-user/data/topics/3845 862
@/home/ec2-user/data/topics/4571 863
@/home/ec2-user/data/topics/1464 864
@/home/ec2-user/data/topics/5002 864
@/home/ec2-user/data/topics/4179 865
@/home/ec2-user/data/topics/4726 866
@/home/ec2-user/data/topics/4492 867
@/home/ec2-user/data/topics/4679 868
@/home/ec2-user/data/topics/4837 869
@/home/ec2-user/data/topics/3492 870
@/home/ec2-user/data/topics/4612 871
@/home/ec2-user/data/topics/4328 872
@/home/ec2-user/data/topics/3754 873
@/home/ec2-user/data/topics/4301 874
三菱電機株式会社

@/home/ec2-user/data/topics/4880 875
@/home/ec2-user/data/topics/4041 875
@/home/ec2-user/data/topics/4123 876
@/home/ec2-user/data/topics/4076 876
@/home/ec2-user/data/topics/1536 877
@/home/ec2-user/data/topics/3466 878
@/home/ec2-user/data/topics/3490 879
@/home/ec2-user/data/topics/3451 880
@/home/ec2-user/data/topics/4165 881
@/home/ec2-user/data/topics/1422 881
@/home/ec2-user/data/topics/4749 881
@/home/ec2-user/data/topics/3367 881
@/home/ec2-user/data/topics/3609 881
@/home/ec2-user/data/topics/3800 882
@/home/ec2-user/data/topics/1754 883
@/home/ec2-user/data/topics/4032 884
@/home/ec2-user/data/topics/3453 884
@/home/ec2-user/data/topics/4282 885
@/home/ec2-user/data/topics/4221 886
@/home/ec2-user/data/topics/4614 887
@/home/ec2-user/data/topics/2088 888
@/home/ec2-user/data/topics/4538 888
@/home/ec2-user/data/topics/4518 888
@/home/ec2-user/data/topics/1096 889
@/home/ec2-user/data/topics/4305 889
@/home/ec2-user/data/topics/5033 890
@/home/ec2-user/data/topics/4552 891
@/home/ec2-user/data/topics/3873 892
@/home/ec2-user/data/topics/3747 893
@/home/ec2-user/data/topics/4143 894
@/home/ec2-user/data/topics/2068 894
@/home/ec2-user/data/topics/3864 894
@/home/ec2-user/data/topics/1738 894
@/home/ec2-user/data/topics/4908 895
@/home/ec2-user/data/topics/5032 895
@/home/ec2-user/data/topics/3595 896
@/home/ec2-user/data/topics/1870 897
@/home/ec2-user/data/topics/3644 897
@/home/ec2-user/data/topics/4724 897
@/home/ec2-user/data/topics/4133 897
@/home/ec2-user/data/topics/1792 898
@/home/ec2-user/data/topics/3820 899
@/home/ec2-user/data/topics/4663 900
@/home/ec2-user/data/topics/4980 901
@/home/ec2-user/data/topics/1220 902
@/home/ec2-user/data/topics/4181 903
@/home/ec2-user/data/topics/1708 904
@/home/ec2-user/data/topics/3493 904
@/home/ec2-user/data/topics/3768 905
@/home/ec2-user/data/topics/3506 905
@/home/ec2-user/data/topics/4235 906
@/home/ec2-user/data/topics/3412 907
@/home/ec2-user/data/topics/1505 908
@/home/ec2-user/data/topics/3612 908
@/home/ec2-user/data/topics/3592 909
@/home/ec2-user/data/topics/4220 910
@/home/ec2-user/data/topics/3856 911
@/home/ec2-user/data/topics/4834 912
@/home/ec2-user/data/topics/2146 913
@/home/ec2-user/data/topics/1872 914
@/home/ec2-user/data/topics/3409 915
@/home/ec2-user/data/topics/1110 916
@/home/ec2-user/data/topics/4897 917
@/home/ec2-user/data/topics/1577 917
@/home/ec2-user/data/topics/3469 917
@/home/ec2-user/data/topics/3582 918
@/home/ec2-user/data/topics/4570 918
@/home/ec2-user/data/topics/2078 918
@/home/ec2-user/data/topics/4901 918
@/home/ec2-user/data/topics/2160 918
@/home/ec2-user/data/topics/4233 918
@/home/ec2-user/data/topics/4419 919
@/home/ec2-user/data/topics/3841 920
@/home/ec2-user/data/topics/1253 921
@/home/ec2-user/data/topics/3465 921
@/home/ec2-user/data/topics/3963 922
@/home/ec2-user/data/topics/4562 923
@/home/ec2-user/data/topics/3666 924
@/home/ec2-user/data/topics/3616 925
@/home/ec2-user/data/topics/3397 926
@/home/ec2-user/data/topics/4514 927
@/home/ec2-user/data/topics/4149 928
@/home/ec2-user/data/topics/4963 929
@/home/ec2-user/data/topics/3921 929
@/home/ec2-user/data/topics/4047 930
@/home/ec2-user/data/topics/4171 931
@/home/ec2-user/data/topics/3774 931
住友ゴム工業株式会社

@/home/ec2-user/data/topics/4568 932
@/home/ec2-user/data/topics/1758 932
@/home/ec2-user/data/topics/1603 933
@/home/ec2-user/data/topics/4406 933
@/home/ec2-user/data/topics/2007 934
@/home/ec2-user/data/topics/2070 935
@/home/ec2-user/data/topics/1114 935
@/home/ec2-user/data/topics/4048 936
@/home/ec2-user/data/topics/1178 937
@/home/ec2-user/data/topics/4597 937
@/home/ec2-user/data/topics/4053 938
セイコーエプソン株式会社

@/home/ec2-user/data/topics/3513 938
@/home/ec2-user/data/topics/4454 938
@/home/ec2-user/data/topics/3887 939
@/home/ec2-user/data/topics/1658 940
@/home/ec2-user/data/topics/1378 940
@/home/ec2-user/data/topics/1484 941
@/home/ec2-user/data/topics/2078 942
@/home/ec2-user/data/topics/1938 943
@/home/ec2-user/data/topics/4386 944
@/home/ec2-user/data/topics/3819 945
@/home/ec2-user/data/topics/3910 946
@/home/ec2-user/data/topics/4977 947
@/home/ec2-user/data/topics/3497 947
@/home/ec2-user/data/topics/2165 947
@/home/ec2-user/data/topics/1619 948
@/home/ec2-user/data/topics/4585 948
@/home/ec2-user/data/topics/3916 949
@/home/ec2-user/data/topics/4109 949
@/home/ec2-user/data/topics/3505 950
@/home/ec2-user/data/topics/1268 951
@/home/ec2-user/data/topics/4719 951
@/home/ec2-user/data/topics/3924 952
@/home/ec2-user/data/topics/1423 952
@/home/ec2-user/data/topics/3589 953
@/home/ec2-user/data/topics/4022 954
@/home/ec2-user/data/topics/4024 955
@/home/ec2-user/data/topics/4801 955
@/home/ec2-user/data/topics/3985 956
@/home/ec2-user/data/topics/1641 957
@/home/ec2-user/data/topics/4978 958
@/home/ec2-user/data/topics/1793 958
@/home/ec2-user/data/topics/1806 958
@/home/ec2-user/data/topics/3476 958
@/home/ec2-user/data/topics/3361 959
@/home/ec2-user/data/topics/1272 960
@/home/ec2-user/data/topics/1343 960
@/home/ec2-user/data/topics/4605 961
@/home/ec2-user/data/topics/4802 962
@/home/ec2-user/data/topics/1890 963
株式会社三共

@/home/ec2-user/data/topics/4318 964
@/home/ec2-user/data/topics/1586 964
@/home/ec2-user/data/topics/4374 964
@/home/ec2-user/data/topics/1648 965
@/home/ec2-user/data/topics/1665 966
@/home/ec2-user/data/topics/2060 967
@/home/ec2-user/data/topics/1377 968
@/home/ec2-user/data/topics/4482 969
@/home/ec2-user/data/topics/1490 969
@/home/ec2-user/data/topics/1086 969
@/home/ec2-user/data/topics/4868 970
@/home/ec2-user/data/topics/1189 971
@/home/ec2-user/data/topics/3688 972
@/home/ec2-user/data/topics/2123 972
沖電気工業株式会社

@/home/ec2-user/data/topics/1598 973
@/home/ec2-user/data/topics/4308 973
@/home/ec2-user/data/topics/3357 974
@/home/ec2-user/data/topics/1144 974
@/home/ec2-user/data/topics/3964 974
@/home/ec2-user/data/topics/3457 975
@/home/ec2-user/data/topics/1188 976
@/home/ec2-user/data/topics/3621 977
@/home/ec2-user/data/topics/3764 978
@/home/ec2-user/data/topics/1439 979
@/home/ec2-user/data/topics/3395 979
@/home/ec2-user/data/topics/3609 980
@/home/ec2-user/data/topics/4299 980
@/home/ec2-user/data/topics/3433 981
@/home/ec2-user/data/topics/4575 982
@/home/ec2-user/data/topics/3571 983
@/home/ec2-user/data/topics/4693 984
@/home/ec2-user/data/topics/1531 985
@/home/ec2-user/data/topics/3690 986
@/home/ec2-user/data/topics/1063 987
@/home/ec2-user/data/topics/3779 987
株式会社三星

@/home/ec2-user/data/topics/2198 987
@/home/ec2-user/data/topics/2108 987
@/home/ec2-user/data/topics/1728 988
@/home/ec2-user/data/topics/4026 989
@/home/ec2-user/data/topics/1733 989
@/home/ec2-user/data/topics/1260 990
@/home/ec2-user/data/topics/1698 991
@/home/ec2-user/data/topics/3942 991
@/home/ec2-user/data/topics/4635 992
日本ビクター株式会社

@/home/ec2-user/data/topics/4280 992
@/home/ec2-user/data/topics/1823 992
@/home/ec2-user/data/topics/4234 993
@/home/ec2-user/data/topics/4672 993
@/home/ec2-user/data/topics/4056 994
@/home/ec2-user/data/topics/4195 995
@/home/ec2-user/data/topics/1389 995
@/home/ec2-user/data/topics/4359 996
@/home/ec2-user/data/topics/3620 996
@/home/ec2-user/data/topics/1143 997
@/home/ec2-user/data/topics/1440 997
@/home/ec2-user/data/topics/4123 998
@/home/ec2-user/data/topics/3365 999
@/home/ec2-user/data/topics/3939 999
@/home/ec2-user/data/topics/1520 1000
@/home/ec2-user/data/topics/3882 1001
@/home/ec2-user/data/topics/3603 1002
花王株式会社

@/home/ec2-user/data/topics/4895 1003
@/home/ec2-user/data/topics/1022 1003
@/home/ec2-user/data/topics/1196 1004
@/home/ec2-user/data/topics/3884 1005
@/home/ec2-user/data/topics/1976 1006
@/home/ec2-user/data/topics/4827 1006
@/home/ec2-user/data/topics/2214 1007
@/home/ec2-user/data/topics/2056 1008
@/home/ec2-user/data/topics/3860 1008
@/home/ec2-user/data/topics/3999 1008
@/home/ec2-user/data/topics/4445 1009
@/home/ec2-user/data/topics/1767 1010
@/home/ec2-user/data/topics/4287 1011
@/home/ec2-user/data/topics/4211 1012
@/home/ec2-user/data/topics/4156 1013
@/home/ec2-user/data/topics/3812 1013
@/home/ec2-user/data/topics/3753 1014
@/home/ec2-user/data/topics/4249 1015
@/home/ec2-user/data/topics/1094 1016
@/home/ec2-user/data/topics/3725 1016
三田工業株式会社

@/home/ec2-user/data/topics/1269 1016
@/home/ec2-user/data/topics/1136 1016
@/home/ec2-user/data/topics/4628 1016
@/home/ec2-user/data/topics/2155 1016
@/home/ec2-user/data/topics/3923 1017
@/home/ec2-user/data/topics/1766 1018
@/home/ec2-user/data/topics/1034 1019
@/home/ec2-user/data/topics/3883 1020
@/home/ec2-user/data/topics/3604 1020
@/home/ec2-user/data/topics/3998 1021
@/home/ec2-user/data/topics/1033 1021
@/home/ec2-user/data/topics/3842 1022
@/home/ec2-user/data/topics/3875 1023
@/home/ec2-user/data/topics/2136 1023
豊丸産業株式会社

@/home/ec2-user/data/topics/2169 1024
@/home/ec2-user/data/topics/1914 1024
@/home/ec2-user/data/topics/1353 1025
@/home/ec2-user/data/topics/1588 1026
@/home/ec2-user/data/topics/1713 1027
@/home/ec2-user/data/topics/4269 1028
@/home/ec2-user/data/topics/3672 1028
@/home/ec2-user/data/topics/1097 1029
@/home/ec2-user/data/topics/2011 1030
@/home/ec2-user/data/topics/1875 1031
@/home/ec2-user/data/topics/1942 1031
@/home/ec2-user/data/topics/1677 1031
@/home/ec2-user/data/topics/1284 1032
@/home/ec2-user/data/topics/1138 1033
@/home/ec2-user/data/topics/1104 1034
@/home/ec2-user/data/topics/1726 1034
@/home/ec2-user/data/topics/4847 1035
@/home/ec2-user/data/topics/3459 1036
@/home/ec2-user/data/topics/1401 1036
@/home/ec2-user/data/topics/3933 1037
@/home/ec2-user/data/topics/1855 1037
@/home/ec2-user/data/topics/2052 1037
@/home/ec2-user/data/topics/1126 1037
鐘紡株式会社

@/home/ec2-user/data/topics/1901 1038
@/home/ec2-user/data/topics/1842 1038
@/home/ec2-user/data/topics/3634 1039
@/home/ec2-user/data/topics/2223 1040
@/home/ec2-user/data/topics/3560 1041
@/home/ec2-user/data/topics/4672 1042
@/home/ec2-user/data/topics/1655 1042
@/home/ec2-user/data/topics/4195 1042
@/home/ec2-user/data/topics/1054 1043
@/home/ec2-user/data/topics/1870 1044
@/home/ec2-user/data/topics/1178 1045
@/home/ec2-user/data/topics/2185 1046
@/home/ec2-user/data/topics/1886 1047
@/home/ec2-user/data/topics/1367 1048
@/home/ec2-user/data/topics/1304 1049
@/home/ec2-user/data/topics/3551 1050
@/home/ec2-user/data/topics/4957 1051
@/home/ec2-user/data/topics/4011 1051
@/home/ec2-user/data/topics/1719 1051
@/home/ec2-user/data/topics/4681 1051
@/home/ec2-user/data/topics/3963 1051
@/home/ec2-user/data/topics/1159 1051
@/home/ec2-user/data/topics/2034 1051
@/home/ec2-user/data/topics/3566 1052
株式会社デンソー

@/home/ec2-user/data/topics/4656 1053
@/home/ec2-user/data/topics/4637 1053
@/home/ec2-user/data/topics/4423 1053
@/home/ec2-user/data/topics/3480 1054
@/home/ec2-user/data/topics/3406 1055
@/home/ec2-user/data/topics/1028 1056
@/home/ec2-user/data/topics/3762 1057
@/home/ec2-user/data/topics/4675 1057
@/home/ec2-user/data/topics/4622 1058
@/home/ec2-user/data/topics/4164 1059
@/home/ec2-user/data/topics/4840 1060
@/home/ec2-user/data/topics/4024 1061
@/home/ec2-user/data/topics/4805 1062
@/home/ec2-user/data/topics/1321 1063
@/home/ec2-user/data/topics/4065 1063
@/home/ec2-user/data/topics/3376 1063
@/home/ec2-user/data/topics/4362 1063
@/home/ec2-user/data/topics/4498 1063
@/home/ec2-user/data/topics/1079 1064
@/home/ec2-user/data/topics/4046 1064
@/home/ec2-user/data/topics/1506 1065
@/home/ec2-user/data/topics/4012 1065
@/home/ec2-user/data/topics/3421 1065
@/home/ec2-user/data/topics/4483 1066
@/home/ec2-user/data/topics/1855 1067
@/home/ec2-user/data/topics/3710 1068
富士写真フイルム株式会社

@/home/ec2-user/data/topics/3918 1069
@/home/ec2-user/data/topics/1972 1069
@/home/ec2-user/data/topics/3447 1069
@/home/ec2-user/data/topics/3354 1070
@/home/ec2-user/data/topics/1662 1071
@/home/ec2-user/data/topics/3857 1072
@/home/ec2-user/data/topics/1570 1073
@/home/ec2-user/data/topics/1244 1074
@/home/ec2-user/data/topics/3560 1075
@/home/ec2-user/data/topics/2134 1075
@/home/ec2-user/data/topics/1603 1076
@/home/ec2-user/data/topics/1270 1077
@/home/ec2-user/data/topics/3911 1077
@/home/ec2-user/data/topics/4124 1078
@/home/ec2-user/data/topics/4185 1078
@/home/ec2-user/data/topics/4962 1078
@/home/ec2-user/data/topics/3405 1079
京セラ株式会社

@/home/ec2-user/data/topics/4901 1079
@/home/ec2-user/data/topics/3741 1079
@/home/ec2-user/data/topics/4031 1080
@/home/ec2-user/data/topics/4711 1081
@/home/ec2-user/data/topics/3593 1081
@/home/ec2-user/data/topics/1913 1082
@/home/ec2-user/data/topics/4985 1083
@/home/ec2-user/data/topics/1485 1083
@/home/ec2-user/data/topics/3869 1084
@/home/ec2-user/data/topics/1243 1085
@/home/ec2-user/data/topics/1741 1085
@/home/ec2-user/data/topics/4856 1086
@/home/ec2-user/data/topics/3615 1086
@/home/ec2-user/data/topics/3417 1087
@/home/ec2-user/data/topics/4513 1087
@/home/ec2-user/data/topics/1514 1088
@/home/ec2-user/data/topics/4340 1088
@/home/ec2-user/data/topics/1708 1089
イビデン株式会社

@/home/ec2-user/data/topics/1682 1090
@/home/ec2-user/data/topics/1952 1090
@/home/ec2-user/data/topics/4914 1091
@/home/ec2-user/data/topics/3814 1091
@/home/ec2-user/data/topics/1315 1092
@/home/ec2-user/data/topics/4449 1093
@/home/ec2-user/data/topics/1914 1093
@/home/ec2-user/data/topics/1770 1093
@/home/ec2-user/data/topics/3383 1094
@/home/ec2-user/data/topics/1336 1094
@/home/ec2-user/data/topics/2033 1095
株式会社東芝

@/home/ec2-user/data/topics/4594 1096
@/home/ec2-user/data/topics/3360 1096
@/home/ec2-user/data/topics/4842 1097
@/home/ec2-user/data/topics/1205 1098
@/home/ec2-user/data/topics/4566 1099
@/home/ec2-user/data/topics/3734 1100
@/home/ec2-user/data/topics/1756 1101
@/home/ec2-user/data/topics/3618 1102
@/home/ec2-user/data/topics/4843 1103
@/home/ec2-user/data/topics/3442 1103
@/home/ec2-user/data/topics/4509 1103
@/home/ec2-user/data/topics/1056 1104
@/home/ec2-user/data/topics/3689 1104
@/home/ec2-user/data/topics/3688 1105
@/home/ec2-user/data/topics/4172 1106
@/home/ec2-user/data/topics/4009 1107
@/home/ec2-user/data/topics/3733 1108
@/home/ec2-user/data/topics/3683 1108
@/home/ec2-user/data/topics/1332 1109
@/home/ec2-user/data/topics/3716 1110
@/home/ec2-user/data/topics/4912 1111
@/home/ec2-user/data/topics/3948 1112
@/home/ec2-user/data/topics/4808 1113
@/home/ec2-user/data/topics/1465 1113
@/home/ec2-user/data/topics/4057 1113
@/home/ec2-user/data/topics/4165 1114
@/home/ec2-user/data/topics/5029 1115
@/home/ec2-user/data/topics/3988 1115
@/home/ec2-user/data/topics/4361 1116
@/home/ec2-user/data/topics/4197 1117
@/home/ec2-user/data/topics/4631 1118
@/home/ec2-user/data/topics/1090 1119
@/home/ec2-user/data/topics/4381 1120
@/home/ec2-user/data/topics/1757 1121
@/home/ec2-user/data/topics/3732 1122
@/home/ec2-user/data/topics/1180 1123
@/home/ec2-user/data/topics/1588 1123
@/home/ec2-user/data/topics/1533 1123
@/home/ec2-user/data/topics/3351 1123
@/home/ec2-user/data/topics/4623 1124
@/home/ec2-user/data/topics/4863 1125
@/home/ec2-user/data/topics/1132 1126
@/home/ec2-user/data/topics/4183 1127
@/home/ec2-user/data/topics/1057 1128
@/home/ec2-user/data/topics/1699 1128
@/home/ec2-user/data/topics/3462 1128
@/home/ec2-user/data/topics/2136 1129
@/home/ec2-user/data/topics/4302 1129
@/home/ec2-user/data/topics/3380 1130
@/home/ec2-user/data/topics/4476 1131
@/home/ec2-user/data/topics/4089 1131
@/home/ec2-user/data/topics/5032 1132
@/home/ec2-user/data/topics/4336 1132
@/home/ec2-user/data/topics/1819 1133
@/home/ec2-user/data/topics/1145 1134
@/home/ec2-user/data/topics/3542 1134
@/home/ec2-user/data/topics/4755 1135
@/home/ec2-user/data/topics/3834 1136
@/home/ec2-user/data/topics/3916 1137
@/home/ec2-user/data/topics/4734 1137
@/home/ec2-user/data/topics/3890 1137
@/home/ec2-user/data/topics/1997 1138
@/home/ec2-user/data/topics/3881 1139
@/home/ec2-user/data/topics/3352 1140
@/home/ec2-user/data/topics/3851 1141
@/home/ec2-user/data/topics/4953 1142
@/home/ec2-user/data/topics/3924 1142
@/home/ec2-user/data/topics/4096 1142
@/home/ec2-user/data/topics/4168 1143
@/home/ec2-user/data/topics/4292 1143
@/home/ec2-user/data/topics/1262 1144
@/home/ec2-user/data/topics/3363 1144
@/home/ec2-user/data/topics/2241 1145
@/home/ec2-user/data/topics/4935 1146
@/home/ec2-user/data/topics/1074 1147
@/home/ec2-user/data/topics/4535 1147
@/home/ec2-user/data/topics/1985 1148
@/home/ec2-user/data/topics/4881 1148
@/home/ec2-user/data/topics/2163 1149
@/home/ec2-user/data/topics/4798 1149
@/home/ec2-user/data/topics/2119 1149
@/home/ec2-user/data/topics/4140 1149
@/home/ec2-user/data/topics/3990 1150
@/home/ec2-user/data/topics/1345 1151
@/home/ec2-user/data/topics/4751 1151
@/home/ec2-user/data/topics/1585 1152
@/home/ec2-user/data/topics/3780 1153
@/home/ec2-user/data/topics/1269 1154
@/home/ec2-user/data/topics/2209 1154
@/home/ec2-user/data/topics/3598 1154
@/home/ec2-user/data/topics/4766 1155
@/home/ec2-user/data/topics/3795 1155
ヤマハ株式会社

@/home/ec2-user/data/topics/4014 1156
@/home/ec2-user/data/topics/4543 1156
@/home/ec2-user/data/topics/4755 1156
@/home/ec2-user/data/topics/4919 1156
@/home/ec2-user/data/topics/4038 1157
@/home/ec2-user/data/topics/1911 1157
@/home/ec2-user/data/topics/1443 1158
@/home/ec2-user/data/topics/3387 1159
@/home/ec2-user/data/topics/1676 1159
@/home/ec2-user/data/topics/4125 1160
@/home/ec2-user/data/topics/4045 1161
@/home/ec2-user/data/topics/4177 1162
@/home/ec2-user/data/topics/1692 1163
@/home/ec2-user/data/topics/4084 1163
@/home/ec2-user/data/topics/4145 1164
@/home/ec2-user/data/topics/1720 1165
@/home/ec2-user/data/topics/4010 1166
@/home/ec2-user/data/topics/3658 1167
@/home/ec2-user/data/topics/3972 1167
@/home/ec2-user/data/topics/4954 1168
東洋紡績株式会社

@/home/ec2-user/data/topics/1029 1169
@/home/ec2-user/data/topics/1613 1169
@/home/ec2-user/data/topics/3516 1170
@/home/ec2-user/data/topics/4366 1170
@/home/ec2-user/data/topics/4284 1171
@/home/ec2-user/data/topics/1614 1172
@/home/ec2-user/data/topics/3769 1172
@/home/ec2-user/data/topics/4362 1173
@/home/ec2-user/data/topics/1280 1174
三菱化学株式会社

@/home/ec2-user/data/topics/1699 1174
@/home/ec2-user/data/topics/3513 1174
@/home/ec2-user/data/topics/3638 1175
@/home/ec2-user/data/topics/1197 1176
@/home/ec2-user/data/topics/1868 1177
@/home/ec2-user/data/topics/4884 1177
@/home/ec2-user/data/topics/3458 1177
@/home/ec2-user/data/topics/3559 1178
@/home/ec2-user/data/topics/1902 1178
カシオ計算機株式会社

@/home/ec2-user/data/topics/1368 1179
@/home/ec2-user/data/topics/1646 1179
@/home/ec2-user/data/topics/1794 1179
@/home/ec2-user/data/topics/3456 1180
@/home/ec2-user/data/topics/4265 1180
@/home/ec2-user/data/topics/2237 1180
@/home/ec2-user/data/topics/2180 1181
@/home/ec2-user/data/topics/3391 1182
@/home/ec2-user/data/topics/1047 1183
@/home/ec2-user/data/topics/1535 1184
@/home/ec2-user/data/topics/1235 1185
@/home/ec2-user/data/topics/1589 1186
コナミ株式会社

@/home/ec2-user/data/topics/1302 1186
@/home/ec2-user/data/topics/2151 1186
@/home/ec2-user/data/topics/5019 1187
@/home/ec2-user/data/topics/2021 1187
@/home/ec2-user/data/topics/2100 1187
@/home/ec2-user/data/topics/1166 1188
@/home/ec2-user/data/topics/5015 1188
@/home/ec2-user/data/topics/1672 1189
@/home/ec2-user/data/topics/1621 1190
@/home/ec2-user/data/topics/3941 1191
@/home/ec2-user/data/topics/4602 1191
@/home/ec2-user/data/topics/4681 1192
大日本スクリーン製造株式会社

@/home/ec2-user/data/topics/2172 1193
@/home/ec2-user/data/topics/3944 1193
@/home/ec2-user/data/topics/3742 1193
@/home/ec2-user/data/topics/3367 1194
@/home/ec2-user/data/topics/4699 1194
@/home/ec2-user/data/topics/1130 1194
@/home/ec2-user/data/topics/1779 1195
@/home/ec2-user/data/topics/2058 1196
@/home/ec2-user/data/topics/1173 1196
@/home/ec2-user/data/topics/1608 1197
@/home/ec2-user/data/topics/2209 1198
オムロン株式会社

@/home/ec2-user/data/topics/3569 1199
@/home/ec2-user/data/topics/3736 1199
@/home/ec2-user/data/topics/2096 1199
@/home/ec2-user/data/topics/2090 1200
@/home/ec2-user/data/topics/3597 1200
@/home/ec2-user/data/topics/4042 1201
@/home/ec2-user/data/topics/3748 1201
@/home/ec2-user/data/topics/3863 1202
@/home/ec2-user/data/topics/4260 1203
@/home/ec2-user/data/topics/1933 1203
@/home/ec2-user/data/topics/1135 1204
@/home/ec2-user/data/topics/1067 1205
@/home/ec2-user/data/topics/3594 1206
@/home/ec2-user/data/topics/4201 1207
@/home/ec2-user/data/topics/1657 1207
@/home/ec2-user/data/topics/1151 1208
@/home/ec2-user/data/topics/3700 1209
@/home/ec2-user/data/topics/1533 1210
@/home/ec2-user/data/topics/1841 1211
@/home/ec2-user/data/topics/1579 1212
@/home/ec2-user/data/topics/3765 1213
@/home/ec2-user/data/topics/1364 1213
@/home/ec2-user/data/topics/4771 1213
株式会社日立製作所

@/home/ec2-user/data/topics/4426 1214
@/home/ec2-user/data/topics/1475 1214
@/home/ec2-user/data/topics/1496 1214
@/home/ec2-user/data/topics/4545 1214
@/home/ec2-user/data/topics/4166 1215
@/home/ec2-user/data/topics/3990 1216
@/home/ec2-user/data/topics/3588 1216
@/home/ec2-user/data/topics/4990 1217
@/home/ec2-user/data/topics/1247 1218
@/home/ec2-user/data/topics/1796 1219
@/home/ec2-user/data/topics/1987 1219
@/home/ec2-user/data/topics/4547 1220
@/home/ec2-user/data/topics/3471 1221
@/home/ec2-user/data/topics/5030 1222
@/home/ec2-user/data/topics/3706 1223
@/home/ec2-user/data/topics/4489 1224
@/home/ec2-user/data/topics/1868 1225
@/home/ec2-user/data/topics/1072 1225
@/home/ec2-user/data/topics/3512 1226
@/home/ec2-user/data/topics/1896 1226
@/home/ec2-user/data/topics/3973 1226
@/home/ec2-user/data/topics/3570 1227
@/home/ec2-user/data/topics/1626 1228
@/home/ec2-user/data/topics/4064 1228
@/home/ec2-user/data/topics/1693 1228
@/home/ec2-user/data/topics/4799 1229
@/home/ec2-user/data/topics/5029 1230
@/home/ec2-user/data/topics/4122 1231
@/home/ec2-user/data/topics/3596 1232
@/home/ec2-user/data/topics/3524 1233
@/home/ec2-user/data/topics/1296 1234
@/home/ec2-user/data/topics/2239 1235
@/home/ec2-user/data/topics/1501 1236
@/home/ec2-user/data/topics/3709 1237
@/home/ec2-user/data/topics/3822 1237
@/home/ec2-user/data/topics/4943 1238
@/home/ec2-user/data/topics/1278 1239
@/home/ec2-user/data/topics/5008 1240
@/home/ec2-user/data/topics/3461 1240
@/home/ec2-user/data/topics/4402 1241
@/home/ec2-user/data/topics/4040 1242
@/home/ec2-user/data/topics/4167 1243
@/home/ec2-user/data/topics/1901 1243
@/home/ec2-user/data/topics/4830 1243
@/home/ec2-user/data/topics/2186 1244
@/home/ec2-user/data/topics/4571 1244
@/home/ec2-user/data/topics/3993 1244
@/home/ec2-user/data/topics/4337 1245
@/home/ec2-user/data/topics/4227 1245
@/home/ec2-user/data/topics/4062 1245
@/home/ec2-user/data/topics/1833 1245
@/home/ec2-user/data/topics/3772 1246
@/home/ec2-user/data/topics/1028 1247
@/home/ec2-user/data/topics/4722 1247
@/home/ec2-user/data/topics/1249 1247
@/home/ec2-user/data/topics/1370 1248
@/home/ec2-user/data/topics/1651 1248
@/home/ec2-user/data/topics/2027 1249
@/home/ec2-user/data/topics/3691 1249
@/home/ec2-user/data/topics/3384 1250
@/home/ec2-user/data/topics/3665 1251
@/home/ec2-user/data/topics/1640 1252
@/home/ec2-user/data/topics/1880 1253
@/home/ec2-user/data/topics/2019 1254
@/home/ec2-user/data/topics/1463 1255
@/home/ec2-user/data/topics/4753 1256
@/home/ec2-user/data/topics/4229 1256
@/home/ec2-user/data/topics/4516 1256
@/home/ec2-user/data/topics/4493 1256
@/home/ec2-user/data/topics/3997 1257
@/home/ec2-user/data/topics/1477 1257
@/home/ec2-user/data/topics/3531 1257
@/home/ec2-user/data/topics/4621 1258
@/home/ec2-user/data/topics/3440 1259
@/home/ec2-user/data/topics/1691 1260
@/home/ec2-user/data/topics/1334 1260
@/home/ec2-user/data/topics/4559 1261
@/home/ec2-user/data/topics/3488 1262
@/home/ec2-user/data/topics/1600 1263
@/home/ec2-user/data/topics/3432 1263
@/home/ec2-user/data/topics/1926 1264
@/home/ec2-user/data/topics/3659 1264
@/home/ec2-user/data/topics/3779 1265
@/home/ec2-user/data/topics/1826 1266
@/home/ec2-user/data/topics/4551 1267
@/home/ec2-user/data/topics/2080 1268
@/home/ec2-user/data/topics/1487 1268
@/home/ec2-user/data/topics/4839 1269
@/home/ec2-user/data/topics/3599 1269
@/home/ec2-user/data/topics/1882 1270
@/home/ec2-user/data/topics/3410 1271
@/home/ec2-user/data/topics/4058 1271
@/home/ec2-user/data/topics/1105 1272
@/home/ec2-user/data/topics/3648 1273
@/home/ec2-user/data/topics/3689 1274
@/home/ec2-user/data/topics/1825 1274
@/home/ec2-user/data/topics/4401 1275
@/home/ec2-user/data/topics/1340 1276
@/home/ec2-user/data/topics/1055 1277
@/home/ec2-user/data/topics/3439 1277
@/home/ec2-user/data/topics/1667 1278
@/home/ec2-user/data/topics/1562 1279
@/home/ec2-user/data/topics/3968 1280
@/home/ec2-user/data/topics/3965 1281
@/home/ec2-user/data/topics/3994 1282
@/home/ec2-user/data/topics/2081 1283
@/home/ec2-user/data/topics/4420 1284
@/home/ec2-user/data/topics/4492 1285
@/home/ec2-user/data/topics/2184 1285
@/home/ec2-user/data/topics/3350 1286
@/home/ec2-user/data/topics/1082 1287
凸版印刷株式会社

@/home/ec2-user/data/topics/1363 1288
@/home/ec2-user/data/topics/1977 1288
@/home/ec2-user/data/topics/4292 1289
@/home/ec2-user/data/topics/3942 1289
@/home/ec2-user/data/topics/1091 1289
@/home/ec2-user/data/topics/4267 1290
@/home/ec2-user/data/topics/4874 1290
@/home/ec2-user/data/topics/3500 1291
@/home/ec2-user/data/topics/1765 1292
@/home/ec2-user/data/topics/3526 1293
@/home/ec2-user/data/topics/3624 1294
株式会社ノーリツ

@/home/ec2-user/data/topics/4354 1295
@/home/ec2-user/data/topics/4776 1295
@/home/ec2-user/data/topics/1586 1296
@/home/ec2-user/data/topics/1697 1296
@/home/ec2-user/data/topics/1290 1296
@/home/ec2-user/data/topics/4206 1297
@/home/ec2-user/data/topics/2041 1298
@/home/ec2-user/data/topics/2116 1298
@/home/ec2-user/data/topics/1760 1299
@/home/ec2-user/data/topics/1618 1300
@/home/ec2-user/data/topics/4205 1301
@/home/ec2-user/data/topics/1598 1301
川崎重工業株式会社

@/home/ec2-user/data/topics/4866 1302
@/home/ec2-user/data/topics/1172 1302
@/home/ec2-user/data/topics/5031 1303
@/home/ec2-user/data/topics/4756 1303
@/home/ec2-user/data/topics/4678 1304
@/home/ec2-user/data/topics/4944 1304
@/home/ec2-user/data/topics/4572 1305
@/home/ec2-user/data/topics/4793 1306
@/home/ec2-user/data/topics/5025 1307
@/home/ec2-user/data/topics/1162 1308
@/home/ec2-user/data/topics/3955 1309
@/home/ec2-user/data/topics/4150 1309
ティーディーケイ株式会社

@/home/ec2-user/data/topics/2202 1309
@/home/ec2-user/data/topics/1322 1309
@/home/ec2-user/data/topics/1510 1309
@/home/ec2-user/data/topics/3909 1310
@/home/ec2-user/data/topics/1669 1311
@/home/ec2-user/data/topics/3792 1311
@/home/ec2-user/data/topics/1409 1312
@/home/ec2-user/data/topics/1129 1313
@/home/ec2-user/data/topics/4619 1314
@/home/ec2-user/data/topics/4699 1315
@/home/ec2-user/data/topics/3798 1315
@/home/ec2-user/data/topics/1587 1316
@/home/ec2-user/data/topics/3973 1316
@/home/ec2-user/data/topics/2210 1316
京セラミタ株式会社

@/home/ec2-user/data/topics/3684 1317
@/home/ec2-user/data/topics/4127 1317
@/home/ec2-user/data/topics/1421 1317
@/home/ec2-user/data/topics/4491 1317
@/home/ec2-user/data/topics/2141 1317
@/home/ec2-user/data/topics/4985 1318
@/home/ec2-user/data/topics/4174 1319
@/home/ec2-user/data/topics/4564 1320
@/home/ec2-user/data/topics/1032 1321
@/home/ec2-user/data/topics/4973 1322
@/home/ec2-user/data/topics/1930 1323
株式会社クボタ

@/home/ec2-user/data/topics/1012 1324
@/home/ec2-user/data/topics/1734 1324
@/home/ec2-user/data/topics/3371 1325
@/home/ec2-user/data/topics/4745 1325
@/home/ec2-user/data/topics/4379 1326
@/home/ec2-user/data/topics/4470 1327
@/home/ec2-user/data/topics/3586 1327
@/home/ec2-user/data/topics/3433 1327
@/home/ec2-user/data/topics/1448 1327
@/home/ec2-user/data/topics/3919 1328
@/home/ec2-user/data/topics/4251 1329
@/home/ec2-user/data/topics/3854 1330
@/home/ec2-user/data/topics/3606 1331
@/home/ec2-user/data/topics/1280 1331
@/home/ec2-user/data/topics/3823 1332
シャープ株式会社

@/home/ec2-user/data/topics/2002 1333
@/home/ec2-user/data/topics/1355 1333
@/home/ec2-user/data/topics/4214 1333
@/home/ec2-user/data/topics/4019 1334
@/home/ec2-user/data/topics/4842 1335
@/home/ec2-user/data/topics/4683 1335
@/home/ec2-user/data/topics/3649 1336
@/home/ec2-user/data/topics/1685 1337
@/home/ec2-user/data/topics/4621 1338
@/home/ec2-user/data/topics/4152 1338
@/home/ec2-user/data/topics/3450 1339
@/home/ec2-user/data/topics/1840 1340
@/home/ec2-user/data/topics/3606 1341
@/home/ec2-user/data/topics/1526 1342
@/home/ec2-user/data/topics/4744 1342
@/home/ec2-user/data/topics/2118 1343
@/home/ec2-user/data/topics/3793 1344
@/home/ec2-user/data/topics/4256 1345
@/home/ec2-user/data/topics/3610 1346
@/home/ec2-user/data/topics/1419 1347
@/home/ec2-user/data/topics/3818 1348
@/home/ec2-user/data/topics/1154 1348
@/home/ec2-user/data/topics/3679 1349
@/home/ec2-user/data/topics/1396 1350
@/home/ec2-user/data/topics/1965 1351
@/home/ec2-user/data/topics/4174 1352
@/home/ec2-user/data/topics/4173 1352
@/home/ec2-user/data/topics/3698 1353
@/home/ec2-user/data/topics/2062 1354
@/home/ec2-user/data/topics/4252 1354
@/home/ec2-user/data/topics/3895 1355
@/home/ec2-user/data/topics/1563 1356
@/home/ec2-user/data/topics/4124 1357
@/home/ec2-user/data/topics/3678 1358
@/home/ec2-user/data/topics/4999 1359
@/home/ec2-user/data/topics/3871 1359
@/home/ec2-user/data/topics/4230 1360
@/home/ec2-user/data/topics/3858 1361
@/home/ec2-user/data/topics/3941 1362
@/home/ec2-user/data/topics/2020 1363
@/home/ec2-user/data/topics/4790 1364
@/home/ec2-user/data/topics/4717 1364
@/home/ec2-user/data/topics/1288 1365
@/home/ec2-user/data/topics/3762 1366
@/home/ec2-user/data/topics/1258 1367
@/home/ec2-user/data/topics/1349 1368
@/home/ec2-user/data/topics/3511 1369
@/home/ec2-user/data/topics/3981 1369
@/home/ec2-user/data/topics/1804 1370
@/home/ec2-user/data/topics/3813 1371
@/home/ec2-user/data/topics/3776 1372
@/home/ec2-user/data/topics/4005 1373
@/home/ec2-user/data/topics/3523 1374
@/home/ec2-user/data/topics/3966 1374
@/home/ec2-user/data/topics/4789 1375
@/home/ec2-user/data/topics/1079 1375
@/home/ec2-user/data/topics/4216 1375
@/home/ec2-user/data/topics/4103 1375
@/home/ec2-user/data/topics/4516 1376
@/home/ec2-user/data/topics/3422 1377
@/home/ec2-user/data/topics/4691 1378
@/home/ec2-user/data/topics/4695 1379
@/home/ec2-user/data/topics/4861 1379
@/home/ec2-user/data/topics/3777 1380
@/home/ec2-user/data/topics/1561 1381
@/home/ec2-user/data/topics/1209 1382
@/home/ec2-user/data/topics/3537 1383
@/home/ec2-user/data/topics/4825 1384
@/home/ec2-user/data/topics/3855 1384
@/home/ec2-user/data/topics/1431 1385
@/home/ec2-user/data/topics/1908 1386
@/home/ec2-user/data/topics/1318 1386
@/home/ec2-user/data/topics/4228 1387
@/home/ec2-user/data/topics/3561 1388
@/home/ec2-user/data/topics/1984 1388
@/home/ec2-user/data/topics/4782 1388
@/home/ec2-user/data/topics/1174 1389
@/home/ec2-user/data/topics/4349 1390
@/home/ec2-user/data/topics/3863 1391
@/home/ec2-user/data/topics/3872 1391
@/home/ec2-user/data/topics/4469 1391
@/home/ec2-user/data/topics/1263 1392
@/home/ec2-user/data/topics/4113 1392
@/home/ec2-user/data/topics/4351 1393
@/home/ec2-user/data/topics/4418 1393
@/home/ec2-user/data/topics/3957 1393
@/home/ec2-user/data/topics/4263 1394
@/home/ec2-user/data/topics/4519 1395
@/home/ec2-user/data/topics/3978 1396
@/home/ec2-user/data/topics/4105 1397
@/home/ec2-user/data/topics/4245 1398
@/home/ec2-user/data/topics/4407 1399
@/home/ec2-user/data/topics/2097 1399
@/home/ec2-user/data/topics/2124 1399
@/home/ec2-user/data/topics/4127 1399
@/home/ec2-user/data/topics/4095 1400
@/home/ec2-user/data/topics/4648 1401
@/home/ec2-user/data/topics/3550 1402
@/home/ec2-user/data/topics/2084 1402
@/home/ec2-user/data/topics/3909 1403
@/home/ec2-user/data/topics/4430 1403
@/home/ec2-user/data/topics/4249 1404
@/home/ec2-user/data/topics/4653 1404
@/home/ec2-user/data/topics/2087 1404
@/home/ec2-user/data/topics/4323 1405
@/home/ec2-user/data/topics/3578 1406
@/home/ec2-user/data/topics/3452 1407
@/home/ec2-user/data/topics/3673 1408
@/home/ec2-user/data/topics/4600 1409
@/home/ec2-user/data/topics/3809 1409
@/home/ec2-user/data/topics/4583 1409
@/home/ec2-user/data/topics/1621 1410
@/home/ec2-user/data/topics/4405 1410
@/home/ec2-user/data/topics/4814 1410
@/home/ec2-user/data/topics/4401 1410
@/home/ec2-user/data/topics/1892 1410
@/home/ec2-user/data/topics/1970 1410
@/home/ec2-user/data/topics/3760 1411
@/home/ec2-user/data/topics/1550 1412
@/home/ec2-user/data/topics/3832 1412
@/home/ec2-user/data/topics/1873 1413
@/home/ec2-user/data/topics/1384 1413
日本輸送機株式会社

@/home/ec2-user/data/topics/2242 1414
@/home/ec2-user/data/topics/1940 1414
@/home/ec2-user/data/topics/1456 1415
@/home/ec2-user/data/topics/3969 1416
@/home/ec2-user/data/topics/2065 1416
@/home/ec2-user/data/topics/1493 1417
@/home/ec2-user/data/topics/3766 1418
@/home/ec2-user/data/topics/3573 1418
@/home/ec2-user/data/topics/1108 1419
@/home/ec2-user/data/topics/2221 1420
@/home/ec2-user/data/topics/1191 1421
@/home/ec2-user/data/topics/4459 1422
東京エレクトロン株式会社

@/home/ec2-user/data/topics/4906 1422
@/home/ec2-user/data/topics/2238 1422
@/home/ec2-user/data/topics/4618 1422
@/home/ec2-user/data/topics/1972 1423
@/home/ec2-user/data/topics/1736 1423
@/home/ec2-user/data/topics/4002 1424
@/home/ec2-user/data/topics/1263 1425
@/home/ec2-user/data/topics/2008 1426
@/home/ec2-user/data/topics/1508 1426
@/home/ec2-user/data/topics/4345 1427
@/home/ec2-user/data/topics/3947 1428
@/home/ec2-user/data/topics/3776 1429
@/home/ec2-user/data/topics/4023 1429
@/home/ec2-user/data/topics/1487 1430
@/home/ec2-user/data/topics/4702 1430
@/home/ec2-user/data/topics/1800 1431
@/home/ec2-user/data/topics/1647 1432
@/home/ec2-user/data/topics/4053 1432
株式会社村田製作所

@/home/ec2-user/data/topics/3435 1433
@/home/ec2-user/data/topics/4432 1433
@/home/ec2-user/data/topics/4042 1434
@/home/ec2-user/data/topics/4795 1435
@/home/ec2-user/data/topics/4417 1436
@/home/ec2-user/data/topics/4703 1437
@/home/ec2-user/data/topics/4518 1438
@/home/ec2-user/data/topics/4832 1438
@/home/ec2-user/data/topics/3697 1438
@/home/ec2-user/data/topics/4677 1439
@/home/ec2-user/data/topics/4070 1439
@/home/ec2-user/data/topics/2238 1440
@/home/ec2-user/data/topics/2229 1440
@/home/ec2-user/data/topics/1374 1441
@/home/ec2-user/data/topics/4163 1442
@/home/ec2-user/data/topics/3885 1443
@/home/ec2-user/data/topics/4787 1444
@/home/ec2-user/data/topics/1411 1444
@/home/ec2-user/data/topics/4271 1445
@/home/ec2-user/data/topics/4448 1446
@/home/ec2-user/data/topics/4325 1446
@/home/ec2-user/data/topics/3482 1447
@/home/ec2-user/data/topics/5007 1448
@/home/ec2-user/data/topics/4378 1448
@/home/ec2-user/data/topics/4650 1449
@/home/ec2-user/data/topics/1933 1449
日本電信電話株式会社

@/home/ec2-user/data/topics/3586 1449
@/home/ec2-user/data/topics/4084 1449
@/home/ec2-user/data/topics/2017 1449
@/home/ec2-user/data/topics/1229 1450
@/home/ec2-user/data/topics/3650 1451
@/home/ec2-user/data/topics/4511 1452
@/home/ec2-user/data/topics/4522 1453
@/home/ec2-user/data/topics/4146 1453
@/home/ec2-user/data/topics/4087 1454
@/home/ec2-user/data/topics/4756 1455
@/home/ec2-user/data/topics/4250 1455
@/home/ec2-user/data/topics/4131 1455
@/home/ec2-user/data/topics/1042 1456
@/home/ec2-user/data/topics/3811 1457
@/home/ec2-user/data/topics/4025 1458
@/home/ec2-user/data/topics/3425 1459
@/home/ec2-user/data/topics/4505 1460
@/home/ec2-user/data/topics/4232 1461
@/home/ec2-user/data/topics/3928 1462
@/home/ec2-user/data/topics/1108 1463
@/home/ec2-user/data/topics/4115 1463
@/home/ec2-user/data/topics/1327 1464
@/home/ec2-user/data/topics/1836 1464
@/home/ec2-user/data/topics/3359 1464
@/home/ec2-user/data/topics/1065 1465
@/home/ec2-user/data/topics/4118 1465
@/home/ec2-user/data/topics/4857 1466
@/home/ec2-user/data/topics/4916 1466
@/home/ec2-user/data/topics/4801 1467
@/home/ec2-user/data/topics/4952 1467
@/home/ec2-user/data/topics/4865 1468
@/home/ec2-user/data/topics/3641 1469
@/home/ec2-user/data/topics/3870 1470
@/home/ec2-user/data/topics/1590 1470
@/home/ec2-user/data/topics/2019 1470
@/home/ec2-user/data/topics/4274 1470
@/home/ec2-user/data/topics/3927 1470
@/home/ec2-user/data/topics/1142 1471
@/home/ec2-user/data/topics/4492 1471
@/home/ec2-user/data/topics/1230 1471
@/home/ec2-user/data/topics/4222 1472
@/home/ec2-user/data/topics/3509 1472
@/home/ec2-user/data/topics/3521 1473
@/home/ec2-user/data/topics/4870 1474
@/home/ec2-user/data/topics/1809 1475
@/home/ec2-user/data/topics/4964 1476
@/home/ec2-user/data/topics/4208 1477
@/home/ec2-user/data/topics/4792 1478
@/home/ec2-user/data/topics/4998 1479
@/home/ec2-user/data/topics/4114 1479
@/home/ec2-user/data/topics/3536 1480
@/home/ec2-user/data/topics/3894 1481
@/home/ec2-user/data/topics/4121 1482
@/home/ec2-user/data/topics/3568 1483
@/home/ec2-user/data/topics/4488 1484
@/home/ec2-user/data/topics/3824 1485
@/home/ec2-user/data/topics/3915 1486
@/home/ec2-user/data/topics/4839 1487
@/home/ec2-user/data/topics/1408 1487
@/home/ec2-user/data/topics/1436 1488
@/home/ec2-user/data/topics/4965 1488
@/home/ec2-user/data/topics/4518 1489
@/home/ec2-user/data/topics/1377 1489
@/home/ec2-user/data/topics/3544 1489
@/home/ec2-user/data/topics/3655 1490
@/home/ec2-user/data/topics/3552 1490
@/home/ec2-user/data/topics/2130 1491
@/home/ec2-user/data/topics/4836 1492
@/home/ec2-user/data/topics/1556 1493
@/home/ec2-user/data/topics/4335 1494
@/home/ec2-user/data/topics/4925 1495
@/home/ec2-user/data/topics/1630 1496
@/home/ec2-user/data/topics/2181 1496
@/home/ec2-user/data/topics/1787 1496
@/home/ec2-user/data/topics/1934 1497
@/home/ec2-user/data/topics/4443 1498
@/home/ec2-user/data/topics/4664 1499
@/home/ec2-user/data/topics/4560 1500
@/home/ec2-user/data/topics/4175 1501
@/home/ec2-user/data/topics/1442 1502
@/home/ec2-user/data/topics/3785 1502
@/home/ec2-user/data/topics/3417 1503
@/home/ec2-user/data/topics/1532 1503
@/home/ec2-user/data/topics/4104 1503
日本鋼管株式会社

@/home/ec2-user/data/topics/3735 1504
@/home/ec2-user/data/topics/1404 1504
@/home/ec2-user/data/topics/4455 1505
@/home/ec2-user/data/topics/3572 1506
@/home/ec2-user/data/topics/1689 1507
@/home/ec2-user/data/topics/4289 1507
@/home/ec2-user/data/topics/3559 1508
@/home/ec2-user/data/topics/1690 1508
@/home/ec2-user/data/topics/4161 1509
@/home/ec2-user/data/topics/4817 1510
@/home/ec2-user/data/topics/2095 1510
株式会社神戸製鋼所

@/home/ec2-user/data/topics/3530 1511
@/home/ec2-user/data/topics/1532 1511
@/home/ec2-user/data/topics/1465 1511
@/home/ec2-user/data/topics/4553 1512
@/home/ec2-user/data/topics/4063 1512
@/home/ec2-user/data/topics/3475 1512
@/home/ec2-user/data/topics/3902 1513
@/home/ec2-user/data/topics/3674 1514
@/home/ec2-user/data/topics/4949 1515
@/home/ec2-user/data/topics/3632 1516
@/home/ec2-user/data/topics/2064 1517
株式会社ケンウッド

@/home/ec2-user/data/topics/1241 1518
@/home/ec2-user/data/topics/1345 1518
@/home/ec2-user/data/topics/4635 1519
@/home/ec2-user/data/topics/3463 1519
@/home/ec2-user/data/topics/4875 1520
@/home/ec2-user/data/topics/3969 1520
@/home/ec2-user/data/topics/3796 1521
@/home/ec2-user/data/topics/3925 1521
@/home/ec2-user/data/topics/1896 1521
@/home/ec2-user/data/topics/1402 1522
@/home/ec2-user/data/topics/1115 1522
@/home/ec2-user/data/topics/1617 1523
@/home/ec2-user/data/topics/2163 1524
@/home/ec2-user/data/topics/4050 1525
@/home/ec2-user/data/topics/4038 1526
@/home/ec2-user/data/topics/4167 1527
@/home/ec2-user/data/topics/3839 1528
@/home/ec2-user/data/topics/1186 1529
@/home/ec2-user/data/topics/3794 1530
@/home/ec2-user/data/topics/4918 1531
@/home/ec2-user/data/topics/4467 1531
@/home/ec2-user/data/topics/2105 1532
@/home/ec2-user/data/topics/1340 1532
@/home/ec2-user/data/topics/3878 1532
@/home/ec2-user/data/topics/3977 1533
@/home/ec2-user/data/topics/2036 1534
@/home/ec2-user/data/topics/4304 1535
@/home/ec2-user/data/topics/4588 1535
@/home/ec2-user/data/topics/3801 1535
@/home/ec2-user/data/topics/4853 1536
@/home/ec2-user/data/topics/1424 1536
@/home/ec2-user/data/topics/1698 1537
東陶機器株式会社

@/home/ec2-user/data/topics/4338 1538
@/home/ec2-user/data/topics/3583 1538
@/home/ec2-user/data/topics/1735 1539
@/home/ec2-user/data/topics/1626 1540
@/home/ec2-user/data/topics/4873 1541
@/home/ec2-user/data/topics/2135 1541
@/home/ec2-user/data/topics/3919 1542
@/home/ec2-user/data/topics/1692 1542
@/home/ec2-user/data/topics/3821 1543
本田技研工業株式会社

@/home/ec2-user/data/topics/3636 1544
@/home/ec2-user/data/topics/4375 1544
@/home/ec2-user/data/topics/2016 1545
@/home/ec2-user/data/topics/1143 1546
@/home/ec2-user/data/topics/3962 1547
@/home/ec2-user/data/topics/3653 1547
@/home/ec2-user/data/topics/4331 1547
@/home/ec2-user/data/topics/3388 1548
@/home/ec2-user/data/topics/1266 1548
@/home/ec2-user/data/topics/4199 1549
@/home/ec2-user/data/topics/3685 1550
@/home/ec2-user/data/topics/1215 1551
@/home/ec2-user/data/topics/2199 1552
@/home/ec2-user/data/topics/4132 1552
@/home/ec2-user/data/topics/5026 1553
@/home/ec2-user/data/topics/2000 1554
@/home/ec2-user/data/topics/1605 1555
@/home/ec2-user/data/topics/4783 1556
@/home/ec2-user/data/topics/1818 1557
@/home/ec2-user/data/topics/4888 1558
@/home/ec2-user/data/topics/4145 1559
@/home/ec2-user/data/topics/1822 1559
@/home/ec2-user/data/topics/4033 1560
@/home/ec2-user/data/topics/3399 1561
@/home/ec2-user/data/topics/1444 1561
@/home/ec2-user/data/topics/1401 1562
@/home/ec2-user/data/topics/3726 1562
@/home/ec2-user/data/topics/1136 1562
@/home/ec2-user/data/topics/1226 1562
新日本製鐵株式会社

@/home/ec2-user/data/topics/3861 1563
@/home/ec2-user/data/topics/4472 1563
@/home/ec2-user/data/topics/5008 1564
@/home/ec2-user/data/topics/3368 1565
@/home/ec2-user/data/topics/1928 1566
@/home/ec2-user/data/topics/3886 1566
@/home/ec2-user/data/topics/3663 1566
@/home/ec2-user/data/topics/3899 1567
@/home/ec2-user/data/topics/4815 1568
松下電工株式会社

@/home/ec2-user/data/topics/3511 1568
@/home/ec2-user/data/topics/3744 1568
@/home/ec2-user/data/topics/4450 1568
@/home/ec2-user/data/topics/1311 1569
@/home/ec2-user/data/topics/4083 1570
@/home/ec2-user/data/topics/3651 1571
@/home/ec2-user/data/topics/1011 1572
@/home/ec2-user/data/topics/1292 1573
@/home/ec2-user/data/topics/1606 1573
@/home/ec2-user/data/topics/1251 1573
@/home/ec2-user/data/topics/3418 1574
@/home/ec2-user/data/topics/4029 1574
@/home/ec2-user/data/topics/3778 1575
@/home/ec2-user/data/topics/3670 1576
@/home/ec2-user/data/topics/3549 1577
@/home/ec2-user/data/topics/4317 1578
@/home/ec2-user/data/topics/3915 1579
@/home/ec2-user/data/topics/3699 1579
@/home/ec2-user/data/topics/3929 1579
@/home/ec2-user/data/topics/1748 1579
@/home/ec2-user/data/topics/4347 1579
@/home/ec2-user/data/topics/4592 1580
@/home/ec2-user/data/topics/4270 1581
@/home/ec2-user/data/topics/4094 1581
@/home/ec2-user/data/topics/3835 1582
@/home/ec2-user/data/topics/2045 1583
@/home/ec2-user/data/topics/3379 1584
@/home/ec2-user/data/topics/3974 1585
@/home/ec2-user/data/topics/1803 1585
@/home/ec2-user/data/topics/3932 1586
@/home/ec2-user/data/topics/3565 1587
@/home/ec2-user/data/topics/1940 1588
@/home/ec2-user/data/topics/4012 1588
usernum: 72
hit: 477
simhit: 1127
simmax: 0.795984004876
simmin: 0.0
simavg: 0.209373202223
dlmax: 0.148588645991
dlmin: 0.00932109536795
dlavg: 0.0348541572363
mthit: 626
mthls: 182
srp: 326.472
total: 1589
hit/total: 0.300188797986
simhit/total: 0.709251101322
mthit/(total+usernum): 0.376881396749
mthls/(total+usernum): 0.109572546659
srp/(total+usernum): 0.0655171583383
srp20/(total+usernum): 0.0226871362633
srp100/(total+usernum): 0.0402709211318
srp500/(total+usernum): 0.0568854103953

2016-12-20 22:54:22.047189
