2016-12-02 10:23:10.352681
topic-folder:/home/ec2-user/data/topics/
cl-file:/home/ec2-user/git/tfidf/result-new/b2-0.txt
cl-floder:/home/ec2-user/data/lsaclass/
zipf:0.5
stype[0(tfidf)/1(tfidf2)/2(lsa)/3(lda)]:2
output-floder:/home/ec2-user/git/userquery/result-new

三菱マテリアル株式会社

@/home/ec2-user/data/topics/1085
@/home/ec2-user/data/topics/3470
@/home/ec2-user/data/topics/3520
@/home/ec2-user/data/topics/1638
@/home/ec2-user/data/topics/3546
@/home/ec2-user/data/topics/3630
@/home/ec2-user/data/topics/3866
@/home/ec2-user/data/topics/2093
日本精機株式会社

@/home/ec2-user/data/topics/4875
@/home/ec2-user/data/topics/4690
@/home/ec2-user/data/topics/4907
@/home/ec2-user/data/topics/4709
@/home/ec2-user/data/topics/1398
@/home/ec2-user/data/topics/4972
コニカ株式会社

@/home/ec2-user/data/topics/3414
@/home/ec2-user/data/topics/3431
@/home/ec2-user/data/topics/1946
@/home/ec2-user/data/topics/3533
@/home/ec2-user/data/topics/3426
@/home/ec2-user/data/topics/3357
@/home/ec2-user/data/topics/3419
@/home/ec2-user/data/topics/3486
@/home/ec2-user/data/topics/3370
@/home/ec2-user/data/topics/3418
@/home/ec2-user/data/topics/2162
埼玉日本電気株式会社

@/home/ec2-user/data/topics/5010
@/home/ec2-user/data/topics/4283
@/home/ec2-user/data/topics/1620
@/home/ec2-user/data/topics/4279
@/home/ec2-user/data/topics/4242
@/home/ec2-user/data/topics/4496
@/home/ec2-user/data/topics/4468
@/home/ec2-user/data/topics/4998
@/home/ec2-user/data/topics/1512
アルプス電気株式会社

@/home/ec2-user/data/topics/3429
@/home/ec2-user/data/topics/1434
@/home/ec2-user/data/topics/2089
@/home/ec2-user/data/topics/3582
@/home/ec2-user/data/topics/1253
@/home/ec2-user/data/topics/4791
@/home/ec2-user/data/topics/2012
三菱重工業株式会社

@/home/ec2-user/data/topics/4687
@/home/ec2-user/data/topics/3591
@/home/ec2-user/data/topics/3503
@/home/ec2-user/data/topics/3833
@/home/ec2-user/data/topics/3637
@/home/ec2-user/data/topics/4882
@/home/ec2-user/data/topics/5022
@/home/ec2-user/data/topics/3944
@/home/ec2-user/data/topics/4412
@/home/ec2-user/data/topics/4563
@/home/ec2-user/data/topics/4862
@/home/ec2-user/data/topics/3529
村田機械株式会社

@/home/ec2-user/data/topics/5000
@/home/ec2-user/data/topics/4941
@/home/ec2-user/data/topics/1074
@/home/ec2-user/data/topics/4835
@/home/ec2-user/data/topics/4746
@/home/ec2-user/data/topics/3740
@/home/ec2-user/data/topics/4645
@/home/ec2-user/data/topics/4570
@/home/ec2-user/data/topics/4441
@/home/ec2-user/data/topics/4596
@/home/ec2-user/data/topics/1607
@/home/ec2-user/data/topics/4565
@/home/ec2-user/data/topics/4556
@/home/ec2-user/data/topics/1293
@/home/ec2-user/data/topics/4638
@/home/ec2-user/data/topics/1511
@/home/ec2-user/data/topics/3528
川崎製鉄株式会社

@/home/ec2-user/data/topics/3611
@/home/ec2-user/data/topics/3553
@/home/ec2-user/data/topics/3483
@/home/ec2-user/data/topics/3929
@/home/ec2-user/data/topics/1459
@/home/ec2-user/data/topics/3532
@/home/ec2-user/data/topics/3413
@/home/ec2-user/data/topics/4615
@/home/ec2-user/data/topics/1037
ダイキン工業株式会社

@/home/ec2-user/data/topics/4367
@/home/ec2-user/data/topics/4734
@/home/ec2-user/data/topics/4701
@/home/ec2-user/data/topics/1600
@/home/ec2-user/data/topics/4753
@/home/ec2-user/data/topics/4400
@/home/ec2-user/data/topics/3888
@/home/ec2-user/data/topics/4515
@/home/ec2-user/data/topics/4858
@/home/ec2-user/data/topics/4845
@/home/ec2-user/data/topics/1565
三菱自動車工業株式会社

@/home/ec2-user/data/topics/4189
@/home/ec2-user/data/topics/1816
@/home/ec2-user/data/topics/3815
@/home/ec2-user/data/topics/3940
@/home/ec2-user/data/topics/1428
@/home/ec2-user/data/topics/3502
@/home/ec2-user/data/topics/1527
@/home/ec2-user/data/topics/2101
日産自動車株式会社

@/home/ec2-user/data/topics/3489
@/home/ec2-user/data/topics/3712
@/home/ec2-user/data/topics/3501
@/home/ec2-user/data/topics/3936
@/home/ec2-user/data/topics/3829
@/home/ec2-user/data/topics/4982
@/home/ec2-user/data/topics/3497
@/home/ec2-user/data/topics/4074
@/home/ec2-user/data/topics/3645
@/home/ec2-user/data/topics/3677
@/home/ec2-user/data/topics/3723
トヨタ自動車株式会社

@/home/ec2-user/data/topics/3758
@/home/ec2-user/data/topics/3943
@/home/ec2-user/data/topics/4633
@/home/ec2-user/data/topics/4767
@/home/ec2-user/data/topics/4346
@/home/ec2-user/data/topics/3671
@/home/ec2-user/data/topics/4658
@/home/ec2-user/data/topics/4617
@/home/ec2-user/data/topics/4008
@/home/ec2-user/data/topics/3699
@/home/ec2-user/data/topics/4920
@/home/ec2-user/data/topics/4064
@/home/ec2-user/data/topics/4144
@/home/ec2-user/data/topics/3731
@/home/ec2-user/data/topics/2111
@/home/ec2-user/data/topics/3587
@/home/ec2-user/data/topics/3481
@/home/ec2-user/data/topics/4030
@/home/ec2-user/data/topics/3356
@/home/ec2-user/data/topics/3405
@/home/ec2-user/data/topics/3725
@/home/ec2-user/data/topics/4543
@/home/ec2-user/data/topics/1551
@/home/ec2-user/data/topics/3783
@/home/ec2-user/data/topics/4298
@/home/ec2-user/data/topics/2218
@/home/ec2-user/data/topics/4426
@/home/ec2-user/data/topics/4647
@/home/ec2-user/data/topics/1494
オリンパス光学工業株式会社

@/home/ec2-user/data/topics/1739
@/home/ec2-user/data/topics/5006
@/home/ec2-user/data/topics/1981
@/home/ec2-user/data/topics/4013
@/home/ec2-user/data/topics/1155
@/home/ec2-user/data/topics/1835
@/home/ec2-user/data/topics/1586
@/home/ec2-user/data/topics/4878
@/home/ec2-user/data/topics/4007
