2016-12-03 06:27:32.389109
topic-folder:/home/ec2-user/data/topics/
cl-file:/home/ec2-user/git/tfidf/result-new/b2-0.txt
cl-floder:/home/ec2-user/data/lsaclass/
zipf:0.5
stype[0(tfidf)/1(tfidf2)/2(lsa)/3(lda)]:2
output-floder:/home/ec2-user/git/userquery/result-new

三菱マテリアル株式会社

@/home/ec2-user/data/topics/1085
@/home/ec2-user/data/topics/3470
@/home/ec2-user/data/topics/3520
@/home/ec2-user/data/topics/1638
@/home/ec2-user/data/topics/3546
@/home/ec2-user/data/topics/3630
@/home/ec2-user/data/topics/3866
@/home/ec2-user/data/topics/2093
日本精機株式会社

@/home/ec2-user/data/topics/4875
@/home/ec2-user/data/topics/4690
@/home/ec2-user/data/topics/4907
@/home/ec2-user/data/topics/4709
@/home/ec2-user/data/topics/1398
@/home/ec2-user/data/topics/4972
コニカ株式会社

@/home/ec2-user/data/topics/3414
@/home/ec2-user/data/topics/3431
@/home/ec2-user/data/topics/1946
@/home/ec2-user/data/topics/3533
@/home/ec2-user/data/topics/3426
@/home/ec2-user/data/topics/3357
@/home/ec2-user/data/topics/3419
@/home/ec2-user/data/topics/3486
@/home/ec2-user/data/topics/3370
@/home/ec2-user/data/topics/3418
@/home/ec2-user/data/topics/2162
埼玉日本電気株式会社

@/home/ec2-user/data/topics/5010
@/home/ec2-user/data/topics/4283
@/home/ec2-user/data/topics/1620
@/home/ec2-user/data/topics/4279
@/home/ec2-user/data/topics/4242
@/home/ec2-user/data/topics/4496
@/home/ec2-user/data/topics/4468
@/home/ec2-user/data/topics/4998
@/home/ec2-user/data/topics/1512
アルプス電気株式会社

@/home/ec2-user/data/topics/3429
@/home/ec2-user/data/topics/1434
@/home/ec2-user/data/topics/2089
@/home/ec2-user/data/topics/3582
@/home/ec2-user/data/topics/1253
@/home/ec2-user/data/topics/4791
@/home/ec2-user/data/topics/2012
三菱重工業株式会社

@/home/ec2-user/data/topics/4687
@/home/ec2-user/data/topics/3591
@/home/ec2-user/data/topics/3503
@/home/ec2-user/data/topics/3833
@/home/ec2-user/data/topics/3637
@/home/ec2-user/data/topics/4882
@/home/ec2-user/data/topics/5022
@/home/ec2-user/data/topics/3944
@/home/ec2-user/data/topics/4412
@/home/ec2-user/data/topics/4563
@/home/ec2-user/data/topics/4862
@/home/ec2-user/data/topics/3529
村田機械株式会社

@/home/ec2-user/data/topics/5000
@/home/ec2-user/data/topics/4941
@/home/ec2-user/data/topics/1074
@/home/ec2-user/data/topics/4835
@/home/ec2-user/data/topics/4746
@/home/ec2-user/data/topics/3740
@/home/ec2-user/data/topics/4645
@/home/ec2-user/data/topics/4570
@/home/ec2-user/data/topics/4441
@/home/ec2-user/data/topics/4596
@/home/ec2-user/data/topics/1607
@/home/ec2-user/data/topics/4565
@/home/ec2-user/data/topics/4556
@/home/ec2-user/data/topics/1293
@/home/ec2-user/data/topics/4638
@/home/ec2-user/data/topics/1511
@/home/ec2-user/data/topics/3528
川崎製鉄株式会社

@/home/ec2-user/data/topics/3611
@/home/ec2-user/data/topics/3553
@/home/ec2-user/data/topics/3483
@/home/ec2-user/data/topics/3929
@/home/ec2-user/data/topics/1459
@/home/ec2-user/data/topics/3532
@/home/ec2-user/data/topics/3413
@/home/ec2-user/data/topics/4615
@/home/ec2-user/data/topics/1037
ダイキン工業株式会社

@/home/ec2-user/data/topics/4367
@/home/ec2-user/data/topics/4734
@/home/ec2-user/data/topics/4701
@/home/ec2-user/data/topics/1600
@/home/ec2-user/data/topics/4753
@/home/ec2-user/data/topics/4400
@/home/ec2-user/data/topics/3888
@/home/ec2-user/data/topics/4515
@/home/ec2-user/data/topics/4858
@/home/ec2-user/data/topics/4845
@/home/ec2-user/data/topics/1565
三菱自動車工業株式会社

@/home/ec2-user/data/topics/4189
@/home/ec2-user/data/topics/1816
@/home/ec2-user/data/topics/3815
@/home/ec2-user/data/topics/3940
@/home/ec2-user/data/topics/1428
@/home/ec2-user/data/topics/3502
@/home/ec2-user/data/topics/1527
@/home/ec2-user/data/topics/2101
日産自動車株式会社

@/home/ec2-user/data/topics/3489
@/home/ec2-user/data/topics/3712
@/home/ec2-user/data/topics/3501
@/home/ec2-user/data/topics/3936
@/home/ec2-user/data/topics/3829
@/home/ec2-user/data/topics/4982
@/home/ec2-user/data/topics/3497
@/home/ec2-user/data/topics/4074
@/home/ec2-user/data/topics/3645
@/home/ec2-user/data/topics/3677
@/home/ec2-user/data/topics/3723
トヨタ自動車株式会社

@/home/ec2-user/data/topics/3758
@/home/ec2-user/data/topics/3943
@/home/ec2-user/data/topics/4633
@/home/ec2-user/data/topics/4767
@/home/ec2-user/data/topics/4346
@/home/ec2-user/data/topics/3671
@/home/ec2-user/data/topics/4658
@/home/ec2-user/data/topics/4617
@/home/ec2-user/data/topics/4008
@/home/ec2-user/data/topics/3699
@/home/ec2-user/data/topics/4920
@/home/ec2-user/data/topics/4064
@/home/ec2-user/data/topics/4144
@/home/ec2-user/data/topics/3731
@/home/ec2-user/data/topics/2111
@/home/ec2-user/data/topics/3587
@/home/ec2-user/data/topics/3481
@/home/ec2-user/data/topics/4030
@/home/ec2-user/data/topics/3356
@/home/ec2-user/data/topics/3405
@/home/ec2-user/data/topics/3725
@/home/ec2-user/data/topics/4543
@/home/ec2-user/data/topics/1551
@/home/ec2-user/data/topics/3783
@/home/ec2-user/data/topics/4298
@/home/ec2-user/data/topics/2218
@/home/ec2-user/data/topics/4426
@/home/ec2-user/data/topics/4647
@/home/ec2-user/data/topics/1494
オリンパス光学工業株式会社

@/home/ec2-user/data/topics/1739
@/home/ec2-user/data/topics/5006
@/home/ec2-user/data/topics/1981
@/home/ec2-user/data/topics/4013
@/home/ec2-user/data/topics/1155
@/home/ec2-user/data/topics/1835
@/home/ec2-user/data/topics/1586
@/home/ec2-user/data/topics/4878
@/home/ec2-user/data/topics/4007
@/home/ec2-user/data/topics/1107
@/home/ec2-user/data/topics/2026
@/home/ec2-user/data/topics/1869
ブラザー工業株式会社

@/home/ec2-user/data/topics/1164
@/home/ec2-user/data/topics/3477
@/home/ec2-user/data/topics/1300
@/home/ec2-user/data/topics/1636
@/home/ec2-user/data/topics/1697
@/home/ec2-user/data/topics/1076
@/home/ec2-user/data/topics/3789
@/home/ec2-user/data/topics/2086
@/home/ec2-user/data/topics/1183
@/home/ec2-user/data/topics/3507
@/home/ec2-user/data/topics/4548
@/home/ec2-user/data/topics/3613
@/home/ec2-user/data/topics/3686
@/home/ec2-user/data/topics/1906
@/home/ec2-user/data/topics/2085
富士通株式会社

@/home/ec2-user/data/topics/3751
@/home/ec2-user/data/topics/3862
@/home/ec2-user/data/topics/1123
@/home/ec2-user/data/topics/1264
@/home/ec2-user/data/topics/1874
@/home/ec2-user/data/topics/3538
@/home/ec2-user/data/topics/3765
@/home/ec2-user/data/topics/1547
@/home/ec2-user/data/topics/3799
@/home/ec2-user/data/topics/3381
@/home/ec2-user/data/topics/2227
@/home/ec2-user/data/topics/5004
@/home/ec2-user/data/topics/3970
@/home/ec2-user/data/topics/3850
@/home/ec2-user/data/topics/3636
@/home/ec2-user/data/topics/3912
@/home/ec2-user/data/topics/3749
@/home/ec2-user/data/topics/3870
@/home/ec2-user/data/topics/1271
@/home/ec2-user/data/topics/4191
@/home/ec2-user/data/topics/3400
@/home/ec2-user/data/topics/3883
@/home/ec2-user/data/topics/3802
@/home/ec2-user/data/topics/1609
@/home/ec2-user/data/topics/3428
@/home/ec2-user/data/topics/2216
@/home/ec2-user/data/topics/2215
@/home/ec2-user/data/topics/3460
@/home/ec2-user/data/topics/3399
@/home/ec2-user/data/topics/1998
@/home/ec2-user/data/topics/3962
@/home/ec2-user/data/topics/3846
静岡日本電気株式会社

@/home/ec2-user/data/topics/4365
@/home/ec2-user/data/topics/4314
@/home/ec2-user/data/topics/4250
@/home/ec2-user/data/topics/4531
@/home/ec2-user/data/topics/4326
@/home/ec2-user/data/topics/4507
住友重機械工業株式会社

@/home/ec2-user/data/topics/1553
@/home/ec2-user/data/topics/3868
@/home/ec2-user/data/topics/3952
@/home/ec2-user/data/topics/1373
@/home/ec2-user/data/topics/1900
@/home/ec2-user/data/topics/1019
@/home/ec2-user/data/topics/1505
@/home/ec2-user/data/topics/4854
@/home/ec2-user/data/topics/2039
大日本印刷株式会社

@/home/ec2-user/data/topics/1145
@/home/ec2-user/data/topics/1262
@/home/ec2-user/data/topics/3569
@/home/ec2-user/data/topics/1099
@/home/ec2-user/data/topics/3388
@/home/ec2-user/data/topics/1564
日本電気株式会社

@/home/ec2-user/data/topics/4300
@/home/ec2-user/data/topics/1867
@/home/ec2-user/data/topics/4309
@/home/ec2-user/data/topics/1783
@/home/ec2-user/data/topics/4578
@/home/ec2-user/data/topics/4785
@/home/ec2-user/data/topics/4227
@/home/ec2-user/data/topics/4477
@/home/ec2-user/data/topics/1948
@/home/ec2-user/data/topics/4388
@/home/ec2-user/data/topics/4595
@/home/ec2-user/data/topics/1078
@/home/ec2-user/data/topics/4902
@/home/ec2-user/data/topics/4142
@/home/ec2-user/data/topics/2150
@/home/ec2-user/data/topics/3853
@/home/ec2-user/data/topics/1464
@/home/ec2-user/data/topics/3995
@/home/ec2-user/data/topics/4134
@/home/ec2-user/data/topics/3938
@/home/ec2-user/data/topics/3766
@/home/ec2-user/data/topics/3767
@/home/ec2-user/data/topics/1791
@/home/ec2-user/data/topics/4490
@/home/ec2-user/data/topics/4561
@/home/ec2-user/data/topics/4238
@/home/ec2-user/data/topics/4236
@/home/ec2-user/data/topics/4171
@/home/ec2-user/data/topics/4138
@/home/ec2-user/data/topics/4877
@/home/ec2-user/data/topics/4876
@/home/ec2-user/data/topics/1557
@/home/ec2-user/data/topics/4100
@/home/ec2-user/data/topics/4404
@/home/ec2-user/data/topics/4643
@/home/ec2-user/data/topics/4646
@/home/ec2-user/data/topics/4644
@/home/ec2-user/data/topics/4137
@/home/ec2-user/data/topics/4485
@/home/ec2-user/data/topics/4486
@/home/ec2-user/data/topics/2144
@/home/ec2-user/data/topics/4480
@/home/ec2-user/data/topics/2022
@/home/ec2-user/data/topics/1661
@/home/ec2-user/data/topics/1383
@/home/ec2-user/data/topics/4093
@/home/ec2-user/data/topics/1326
@/home/ec2-user/data/topics/4414
@/home/ec2-user/data/topics/4092
@/home/ec2-user/data/topics/4320
@/home/ec2-user/data/topics/1122
@/home/ec2-user/data/topics/4657
@/home/ec2-user/data/topics/4209
@/home/ec2-user/data/topics/4651
@/home/ec2-user/data/topics/1486
@/home/ec2-user/data/topics/1928
@/home/ec2-user/data/topics/4659
@/home/ec2-user/data/topics/4207
@/home/ec2-user/data/topics/4204
@/home/ec2-user/data/topics/4129
@/home/ec2-user/data/topics/4281
@/home/ec2-user/data/topics/4728
@/home/ec2-user/data/topics/4418
@/home/ec2-user/data/topics/4808
@/home/ec2-user/data/topics/1852
@/home/ec2-user/data/topics/4120
@/home/ec2-user/data/topics/4721
@/home/ec2-user/data/topics/4497
@/home/ec2-user/data/topics/1457
@/home/ec2-user/data/topics/1523
@/home/ec2-user/data/topics/1016
@/home/ec2-user/data/topics/4216
@/home/ec2-user/data/topics/4446
@/home/ec2-user/data/topics/4128
@/home/ec2-user/data/topics/4196
@/home/ec2-user/data/topics/3744
@/home/ec2-user/data/topics/4192
@/home/ec2-user/data/topics/3956
@/home/ec2-user/data/topics/3954
@/home/ec2-user/data/topics/4116
@/home/ec2-user/data/topics/1937
@/home/ec2-user/data/topics/4359
@/home/ec2-user/data/topics/4626
@/home/ec2-user/data/topics/1973
@/home/ec2-user/data/topics/4352
@/home/ec2-user/data/topics/4119
@/home/ec2-user/data/topics/4759
@/home/ec2-user/data/topics/4429
@/home/ec2-user/data/topics/4816
@/home/ec2-user/data/topics/2041
@/home/ec2-user/data/topics/4750
@/home/ec2-user/data/topics/1724
@/home/ec2-user/data/topics/4427
@/home/ec2-user/data/topics/1844
@/home/ec2-user/data/topics/2166
@/home/ec2-user/data/topics/4609
@/home/ec2-user/data/topics/4536
@/home/ec2-user/data/topics/4260
@/home/ec2-user/data/topics/4267
@/home/ec2-user/data/topics/5034
@/home/ec2-user/data/topics/4185
@/home/ec2-user/data/topics/4186
@/home/ec2-user/data/topics/4718
@/home/ec2-user/data/topics/4434
@/home/ec2-user/data/topics/4389
@/home/ec2-user/data/topics/4433
@/home/ec2-user/data/topics/4634
@/home/ec2-user/data/topics/4708
@/home/ec2-user/data/topics/4343
@/home/ec2-user/data/topics/4342
@/home/ec2-user/data/topics/1879
@/home/ec2-user/data/topics/4062
@/home/ec2-user/data/topics/4063
@/home/ec2-user/data/topics/4749
@/home/ec2-user/data/topics/1634
@/home/ec2-user/data/topics/4940
@/home/ec2-user/data/topics/4742
@/home/ec2-user/data/topics/4824
@/home/ec2-user/data/topics/4537
@/home/ec2-user/data/topics/4530
@/home/ec2-user/data/topics/4532
@/home/ec2-user/data/topics/4533
@/home/ec2-user/data/topics/2119
@/home/ec2-user/data/topics/1500
@/home/ec2-user/data/topics/4892
@/home/ec2-user/data/topics/3896
@/home/ec2-user/data/topics/3897
@/home/ec2-user/data/topics/4273
@/home/ec2-user/data/topics/4272
@/home/ec2-user/data/topics/4276
@/home/ec2-user/data/topics/4275
@/home/ec2-user/data/topics/4278
@/home/ec2-user/data/topics/3875
@/home/ec2-user/data/topics/4338
@/home/ec2-user/data/topics/4440
@/home/ec2-user/data/topics/4442
@/home/ec2-user/data/topics/4775
@/home/ec2-user/data/topics/3729
@/home/ec2-user/data/topics/4770
@/home/ec2-user/data/topics/4447
@/home/ec2-user/data/topics/3724
@/home/ec2-user/data/topics/4371
@/home/ec2-user/data/topics/4603
@/home/ec2-user/data/topics/4779
@/home/ec2-user/data/topics/4838
@/home/ec2-user/data/topics/3886
@/home/ec2-user/data/topics/4682
@/home/ec2-user/data/topics/2127
@/home/ec2-user/data/topics/1624
@/home/ec2-user/data/topics/1773
@/home/ec2-user/data/topics/4071
@/home/ec2-user/data/topics/4689
@/home/ec2-user/data/topics/1923
@/home/ec2-user/data/topics/1100
@/home/ec2-user/data/topics/1101
@/home/ec2-user/data/topics/4666
@/home/ec2-user/data/topics/4650
@/home/ec2-user/data/topics/4081
@/home/ec2-user/data/topics/4082
@/home/ec2-user/data/topics/4360
@/home/ec2-user/data/topics/4246
@/home/ec2-user/data/topics/4247
@/home/ec2-user/data/topics/4244
@/home/ec2-user/data/topics/4243
@/home/ec2-user/data/topics/3865
@/home/ec2-user/data/topics/4760
@/home/ec2-user/data/topics/4764
@/home/ec2-user/data/topics/4613
@/home/ec2-user/data/topics/4425
@/home/ec2-user/data/topics/1891
@/home/ec2-user/data/topics/1199
@/home/ec2-user/data/topics/1815
@/home/ec2-user/data/topics/1052
@/home/ec2-user/data/topics/4458
@/home/ec2-user/data/topics/4162
@/home/ec2-user/data/topics/4240
@/home/ec2-user/data/topics/4696
@/home/ec2-user/data/topics/4699
@/home/ec2-user/data/topics/4003
@/home/ec2-user/data/topics/1612
@/home/ec2-user/data/topics/4168
@/home/ec2-user/data/topics/3971
@/home/ec2-user/data/topics/1112
@/home/ec2-user/data/topics/2031
@/home/ec2-user/data/topics/1116
@/home/ec2-user/data/topics/4598
@/home/ec2-user/data/topics/1567
@/home/ec2-user/data/topics/4310
@/home/ec2-user/data/topics/4258
@/home/ec2-user/data/topics/4313
@/home/ec2-user/data/topics/4097
@/home/ec2-user/data/topics/4315
@/home/ec2-user/data/topics/4318
@/home/ec2-user/data/topics/4319
@/home/ec2-user/data/topics/4254
@/home/ec2-user/data/topics/4257
@/home/ec2-user/data/topics/1710
@/home/ec2-user/data/topics/1595
@/home/ec2-user/data/topics/4460
@/home/ec2-user/data/topics/4926
@/home/ec2-user/data/topics/4398
@/home/ec2-user/data/topics/4153
@/home/ec2-user/data/topics/2088
@/home/ec2-user/data/topics/1281
@/home/ec2-user/data/topics/4154
@/home/ec2-user/data/topics/1044
@/home/ec2-user/data/topics/4390
@/home/ec2-user/data/topics/4665
@/home/ec2-user/data/topics/4158
@/home/ec2-user/data/topics/4393
@/home/ec2-user/data/topics/4017
@/home/ec2-user/data/topics/4725
@/home/ec2-user/data/topics/1364
@/home/ec2-user/data/topics/1362
@/home/ec2-user/data/topics/1360
@/home/ec2-user/data/topics/4584
@/home/ec2-user/data/topics/4549
@/home/ec2-user/data/topics/4288
@/home/ec2-user/data/topics/1764
@/home/ec2-user/data/topics/4850
松下電器産業株式会社

@/home/ec2-user/data/topics/4303
@/home/ec2-user/data/topics/3920
@/home/ec2-user/data/topics/4307
@/home/ec2-user/data/topics/3494
@/home/ec2-user/data/topics/3719
@/home/ec2-user/data/topics/4574
@/home/ec2-user/data/topics/4229
@/home/ec2-user/data/topics/4577
@/home/ec2-user/data/topics/4787
@/home/ec2-user/data/topics/4475
@/home/ec2-user/data/topics/4707
@/home/ec2-user/data/topics/1540
@/home/ec2-user/data/topics/1525
@/home/ec2-user/data/topics/4676
@/home/ec2-user/data/topics/1070
@/home/ec2-user/data/topics/3558
@/home/ec2-user/data/topics/2156
@/home/ec2-user/data/topics/4180
@/home/ec2-user/data/topics/4867
@/home/ec2-user/data/topics/3761
@/home/ec2-user/data/topics/1158
@/home/ec2-user/data/topics/4139
@/home/ec2-user/data/topics/1157
@/home/ec2-user/data/topics/4885
@/home/ec2-user/data/topics/1955
@/home/ec2-user/data/topics/3402
@/home/ec2-user/data/topics/3404
@/home/ec2-user/data/topics/1701
@/home/ec2-user/data/topics/1829
@/home/ec2-user/data/topics/1705
@/home/ec2-user/data/topics/1706
@/home/ec2-user/data/topics/3847
@/home/ec2-user/data/topics/3658
@/home/ec2-user/data/topics/4558
@/home/ec2-user/data/topics/3676
@/home/ec2-user/data/topics/3386
@/home/ec2-user/data/topics/4280
@/home/ec2-user/data/topics/4804
@/home/ec2-user/data/topics/4806
@/home/ec2-user/data/topics/4043
@/home/ec2-user/data/topics/4126
@/home/ec2-user/data/topics/1257
@/home/ec2-user/data/topics/2170
@/home/ec2-user/data/topics/1252
@/home/ec2-user/data/topics/4491
@/home/ec2-user/data/topics/4968
@/home/ec2-user/data/topics/4961
@/home/ec2-user/data/topics/4215
@/home/ec2-user/data/topics/1339
@/home/ec2-user/data/topics/3585
@/home/ec2-user/data/topics/3746
@/home/ec2-user/data/topics/3951
@/home/ec2-user/data/topics/1136
@/home/ec2-user/data/topics/4193
@/home/ec2-user/data/topics/1633
@/home/ec2-user/data/topics/4625
@/home/ec2-user/data/topics/4355
@/home/ec2-user/data/topics/4817
@/home/ec2-user/data/topics/4422
@/home/ec2-user/data/topics/2056
@/home/ec2-user/data/topics/4754
@/home/ec2-user/data/topics/4382
@/home/ec2-user/data/topics/4501
@/home/ec2-user/data/topics/4264
@/home/ec2-user/data/topics/3619
@/home/ec2-user/data/topics/3807
@/home/ec2-user/data/topics/4101
@/home/ec2-user/data/topics/4102
@/home/ec2-user/data/topics/4385
@/home/ec2-user/data/topics/4464
@/home/ec2-user/data/topics/4945
@/home/ec2-user/data/topics/3519
@/home/ec2-user/data/topics/1589
@/home/ec2-user/data/topics/1635
@/home/ec2-user/data/topics/3455
@/home/ec2-user/data/topics/3692
@/home/ec2-user/data/topics/3510
@/home/ec2-user/data/topics/3694
@/home/ec2-user/data/topics/3514
@/home/ec2-user/data/topics/1881
@/home/ec2-user/data/topics/1509
@/home/ec2-user/data/topics/5028
@/home/ec2-user/data/topics/4274
@/home/ec2-user/data/topics/5024
@/home/ec2-user/data/topics/4448
@/home/ec2-user/data/topics/3721
@/home/ec2-user/data/topics/1026
@/home/ec2-user/data/topics/4936
@/home/ec2-user/data/topics/3680
@/home/ec2-user/data/topics/1748
@/home/ec2-user/data/topics/3960
@/home/ec2-user/data/topics/1516
@/home/ec2-user/data/topics/2029
@/home/ec2-user/data/topics/3904
@/home/ec2-user/data/topics/4667
@/home/ec2-user/data/topics/4761
@/home/ec2-user/data/topics/1898
@/home/ec2-user/data/topics/3739
@/home/ec2-user/data/topics/4459
@/home/ec2-user/data/topics/1812
@/home/ec2-user/data/topics/4160
@/home/ec2-user/data/topics/4000
@/home/ec2-user/data/topics/2222
@/home/ec2-user/data/topics/3979
@/home/ec2-user/data/topics/4599
@/home/ec2-user/data/topics/4098
@/home/ec2-user/data/topics/1179
@/home/ec2-user/data/topics/4798
@/home/ec2-user/data/topics/4503
@/home/ec2-user/data/topics/4502
@/home/ec2-user/data/topics/1885
@/home/ec2-user/data/topics/4797
@/home/ec2-user/data/topics/3704
@/home/ec2-user/data/topics/4157
@/home/ec2-user/data/topics/4918
@/home/ec2-user/data/topics/2129
@/home/ec2-user/data/topics/4917
@/home/ec2-user/data/topics/2080
@/home/ec2-user/data/topics/4159
@/home/ec2-user/data/topics/4394
@/home/ec2-user/data/topics/1477
@/home/ec2-user/data/topics/1762
@/home/ec2-user/data/topics/4586
セイコーインスツルメンツ株式会社

@/home/ec2-user/data/topics/3825
@/home/ec2-user/data/topics/4151
@/home/ec2-user/data/topics/1707
@/home/ec2-user/data/topics/4088
@/home/ec2-user/data/topics/4190
@/home/ec2-user/data/topics/3626
@/home/ec2-user/data/topics/4997
@/home/ec2-user/data/topics/4036
@/home/ec2-user/data/topics/4203
ミノルタ株式会社

@/home/ec2-user/data/topics/3545
@/home/ec2-user/data/topics/3810
@/home/ec2-user/data/topics/4951
@/home/ec2-user/data/topics/3584
@/home/ec2-user/data/topics/4321
@/home/ec2-user/data/topics/1152
@/home/ec2-user/data/topics/2190
@/home/ec2-user/data/topics/4984
@/home/ec2-user/data/topics/4986
@/home/ec2-user/data/topics/4977
@/home/ec2-user/data/topics/4970
@/home/ec2-user/data/topics/4971
株式会社リコー

@/home/ec2-user/data/topics/3759
@/home/ec2-user/data/topics/1225
@/home/ec2-user/data/topics/3446
@/home/ec2-user/data/topics/1083
@/home/ec2-user/data/topics/4037
@/home/ec2-user/data/topics/3775
@/home/ec2-user/data/topics/1095
@/home/ec2-user/data/topics/1780
@/home/ec2-user/data/topics/3750
@/home/ec2-user/data/topics/3495
@/home/ec2-user/data/topics/3633
@/home/ec2-user/data/topics/4879
@/home/ec2-user/data/topics/3378
@/home/ec2-user/data/topics/1610
@/home/ec2-user/data/topics/1433
@/home/ec2-user/data/topics/3411
@/home/ec2-user/data/topics/3711
@/home/ec2-user/data/topics/4344
@/home/ec2-user/data/topics/1878
@/home/ec2-user/data/topics/4616
@/home/ec2-user/data/topics/3474
@/home/ec2-user/data/topics/2201
@/home/ec2-user/data/topics/3555
@/home/ec2-user/data/topics/1776
@/home/ec2-user/data/topics/3713
@/home/ec2-user/data/topics/3472
@/home/ec2-user/data/topics/1190
@/home/ec2-user/data/topics/1775
@/home/ec2-user/data/topics/1718
@/home/ec2-user/data/topics/3436
@/home/ec2-user/data/topics/3530
@/home/ec2-user/data/topics/3880
@/home/ec2-user/data/topics/2200
@/home/ec2-user/data/topics/4781
@/home/ec2-user/data/topics/1691
@/home/ec2-user/data/topics/1755
@/home/ec2-user/data/topics/1670
@/home/ec2-user/data/topics/3557
@/home/ec2-user/data/topics/3837
@/home/ec2-user/data/topics/1774
@/home/ec2-user/data/topics/1668
@/home/ec2-user/data/topics/3669
@/home/ec2-user/data/topics/1740
@/home/ec2-user/data/topics/3484
@/home/ec2-user/data/topics/2182
@/home/ec2-user/data/topics/3523
@/home/ec2-user/data/topics/1593
@/home/ec2-user/data/topics/1482
@/home/ec2-user/data/topics/3687
@/home/ec2-user/data/topics/2189
@/home/ec2-user/data/topics/3394
@/home/ec2-user/data/topics/1436
@/home/ec2-user/data/topics/1806
@/home/ec2-user/data/topics/1627
@/home/ec2-user/data/topics/2043
@/home/ec2-user/data/topics/1282
@/home/ec2-user/data/topics/1976
@/home/ec2-user/data/topics/2219
@/home/ec2-user/data/topics/1974
@/home/ec2-user/data/topics/3548
@/home/ec2-user/data/topics/1064
@/home/ec2-user/data/topics/3424
@/home/ec2-user/data/topics/1106
@/home/ec2-user/data/topics/2006
@/home/ec2-user/data/topics/1669
@/home/ec2-user/data/topics/3574
@/home/ec2-user/data/topics/1514
@/home/ec2-user/data/topics/1478
@/home/ec2-user/data/topics/4265
@/home/ec2-user/data/topics/1663
@/home/ec2-user/data/topics/2090
独立行政法人産業技術総合研究所

@/home/ec2-user/data/topics/4800
@/home/ec2-user/data/topics/4739
@/home/ec2-user/data/topics/4740
@/home/ec2-user/data/topics/1356
@/home/ec2-user/data/topics/4777
@/home/ec2-user/data/topics/4869
ソニー株式会社

@/home/ec2-user/data/topics/1147
@/home/ec2-user/data/topics/3924
@/home/ec2-user/data/topics/4184
@/home/ec2-user/data/topics/2094
@/home/ec2-user/data/topics/1873
@/home/ec2-user/data/topics/1926
@/home/ec2-user/data/topics/4224
@/home/ec2-user/data/topics/1892
@/home/ec2-user/data/topics/1912
@/home/ec2-user/data/topics/3456
@/home/ec2-user/data/topics/1426
@/home/ec2-user/data/topics/2059
@/home/ec2-user/data/topics/2058
@/home/ec2-user/data/topics/1967
@/home/ec2-user/data/topics/1778
@/home/ec2-user/data/topics/2037
@/home/ec2-user/data/topics/1298
@/home/ec2-user/data/topics/3975
@/home/ec2-user/data/topics/1679
@/home/ec2-user/data/topics/1397
@/home/ec2-user/data/topics/2052
@/home/ec2-user/data/topics/1291
@/home/ec2-user/data/topics/3872
@/home/ec2-user/data/topics/2075
@/home/ec2-user/data/topics/1233
@/home/ec2-user/data/topics/1218
@/home/ec2-user/data/topics/1686
@/home/ec2-user/data/topics/4219
@/home/ec2-user/data/topics/3955
@/home/ec2-user/data/topics/3401
@/home/ec2-user/data/topics/1954
@/home/ec2-user/data/topics/3392
@/home/ec2-user/data/topics/5027
@/home/ec2-user/data/topics/1836
@/home/ec2-user/data/topics/1884
@/home/ec2-user/data/topics/4351
@/home/ec2-user/data/topics/1435
@/home/ec2-user/data/topics/1491
@/home/ec2-user/data/topics/1414
@/home/ec2-user/data/topics/1602
@/home/ec2-user/data/topics/2048
@/home/ec2-user/data/topics/1471
@/home/ec2-user/data/topics/1102
@/home/ec2-user/data/topics/1749
@/home/ec2-user/data/topics/1059
@/home/ec2-user/data/topics/1380
@/home/ec2-user/data/topics/2105
富士ゼロックス株式会社

@/home/ec2-user/data/topics/3782
@/home/ec2-user/data/topics/3661
@/home/ec2-user/data/topics/3383
@/home/ec2-user/data/topics/3564
@/home/ec2-user/data/topics/3662
@/home/ec2-user/data/topics/3695
@/home/ec2-user/data/topics/3473
@/home/ec2-user/data/topics/3790
@/home/ec2-user/data/topics/1947
@/home/ec2-user/data/topics/3407
@/home/ec2-user/data/topics/1560
@/home/ec2-user/data/topics/4108
@/home/ec2-user/data/topics/5031
@/home/ec2-user/data/topics/3366
@/home/ec2-user/data/topics/3640
住友金属工業株式会社

@/home/ec2-user/data/topics/4733
@/home/ec2-user/data/topics/4182
@/home/ec2-user/data/topics/3826
@/home/ec2-user/data/topics/4534
@/home/ec2-user/data/topics/3577
@/home/ec2-user/data/topics/4322
@/home/ec2-user/data/topics/4661
@/home/ec2-user/data/topics/4295
@/home/ec2-user/data/topics/1268
@/home/ec2-user/data/topics/4991
@/home/ec2-user/data/topics/4021
@/home/ec2-user/data/topics/3655
日立電線株式会社

@/home/ec2-user/data/topics/4329
@/home/ec2-user/data/topics/1305
@/home/ec2-user/data/topics/1027
@/home/ec2-user/data/topics/3930
@/home/ec2-user/data/topics/3756
@/home/ec2-user/data/topics/1388
@/home/ec2-user/data/topics/1117
@/home/ec2-user/data/topics/4356
@/home/ec2-user/data/topics/4357
キヤノン株式会社

@/home/ec2-user/data/topics/3949
@/home/ec2-user/data/topics/3420
@/home/ec2-user/data/topics/3445
@/home/ec2-user/data/topics/4020
@/home/ec2-user/data/topics/4363
@/home/ec2-user/data/topics/1080
@/home/ec2-user/data/topics/1847
@/home/ec2-user/data/topics/1866
@/home/ec2-user/data/topics/3755
@/home/ec2-user/data/topics/4948
@/home/ec2-user/data/topics/3416
@/home/ec2-user/data/topics/3417
@/home/ec2-user/data/topics/3415
@/home/ec2-user/data/topics/1438
@/home/ec2-user/data/topics/3410
@/home/ec2-user/data/topics/1895
@/home/ec2-user/data/topics/3737
@/home/ec2-user/data/topics/4610
@/home/ec2-user/data/topics/3656
@/home/ec2-user/data/topics/3730
@/home/ec2-user/data/topics/3438
@/home/ec2-user/data/topics/1631
@/home/ec2-user/data/topics/2053
@/home/ec2-user/data/topics/3454
@/home/ec2-user/data/topics/3967
@/home/ec2-user/data/topics/3430
@/home/ec2-user/data/topics/3720
@/home/ec2-user/data/topics/4068
@/home/ec2-user/data/topics/3434
@/home/ec2-user/data/topics/1961
@/home/ec2-user/data/topics/1568
@/home/ec2-user/data/topics/3852
@/home/ec2-user/data/topics/2145
@/home/ec2-user/data/topics/1118
@/home/ec2-user/data/topics/2117
@/home/ec2-user/data/topics/3628
@/home/ec2-user/data/topics/3958
@/home/ec2-user/data/topics/1216
@/home/ec2-user/data/topics/3660
@/home/ec2-user/data/topics/1124
@/home/ec2-user/data/topics/1790
@/home/ec2-user/data/topics/4947
@/home/ec2-user/data/topics/1646
@/home/ec2-user/data/topics/1848
@/home/ec2-user/data/topics/1590
@/home/ec2-user/data/topics/1889
@/home/ec2-user/data/topics/3996
@/home/ec2-user/data/topics/4628
@/home/ec2-user/data/topics/1228
@/home/ec2-user/data/topics/4350
@/home/ec2-user/data/topics/3642
@/home/ec2-user/data/topics/3722
@/home/ec2-user/data/topics/4054
@/home/ec2-user/data/topics/1208
@/home/ec2-user/data/topics/1802
@/home/ec2-user/data/topics/4937
@/home/ec2-user/data/topics/2231
@/home/ec2-user/data/topics/3376
@/home/ec2-user/data/topics/1975
@/home/ec2-user/data/topics/3374
@/home/ec2-user/data/topics/3441
@/home/ec2-user/data/topics/4521
@/home/ec2-user/data/topics/4520
@/home/ec2-user/data/topics/1455
@/home/ec2-user/data/topics/3843
@/home/ec2-user/data/topics/1519
@/home/ec2-user/data/topics/1539
@/home/ec2-user/data/topics/2004
@/home/ec2-user/data/topics/1744
@/home/ec2-user/data/topics/1745
@/home/ec2-user/data/topics/2243
@/home/ec2-user/data/topics/2107
@/home/ec2-user/data/topics/1513
三洋電機株式会社

@/home/ec2-user/data/topics/5011
@/home/ec2-user/data/topics/4301
@/home/ec2-user/data/topics/1321
@/home/ec2-user/data/topics/3926
@/home/ec2-user/data/topics/3808
@/home/ec2-user/data/topics/1163
@/home/ec2-user/data/topics/4654
@/home/ec2-user/data/topics/3804
@/home/ec2-user/data/topics/3492
@/home/ec2-user/data/topics/3754
@/home/ec2-user/data/topics/3986
@/home/ec2-user/data/topics/3491
@/home/ec2-user/data/topics/4571
@/home/ec2-user/data/topics/4763
@/home/ec2-user/data/topics/3889
@/home/ec2-user/data/topics/2194
@/home/ec2-user/data/topics/4015
@/home/ec2-user/data/topics/4304
@/home/ec2-user/data/topics/4788
@/home/ec2-user/data/topics/3539
@/home/ec2-user/data/topics/4384
@/home/ec2-user/data/topics/3859
@/home/ec2-user/data/topics/1488
@/home/ec2-user/data/topics/4474
@/home/ec2-user/data/topics/3906
@/home/ec2-user/data/topics/1289
@/home/ec2-user/data/topics/4061
@/home/ec2-user/data/topics/4066
@/home/ec2-user/data/topics/2054
@/home/ec2-user/data/topics/1980
@/home/ec2-user/data/topics/1079
@/home/ec2-user/data/topics/4001
@/home/ec2-user/data/topics/3581
@/home/ec2-user/data/topics/4726
@/home/ec2-user/data/topics/3403
@/home/ec2-user/data/topics/4720
@/home/ec2-user/data/topics/1722
@/home/ec2-user/data/topics/2098
@/home/ec2-user/data/topics/3845
@/home/ec2-user/data/topics/4983
@/home/ec2-user/data/topics/2230
@/home/ec2-user/data/topics/4492
@/home/ec2-user/data/topics/1652
@/home/ec2-user/data/topics/2014
@/home/ec2-user/data/topics/2071
@/home/ec2-user/data/topics/1671
@/home/ec2-user/data/topics/3974
@/home/ec2-user/data/topics/5002
@/home/ec2-user/data/topics/3830
@/home/ec2-user/data/topics/3817
@/home/ec2-user/data/topics/4212
@/home/ec2-user/data/topics/3953
@/home/ec2-user/data/topics/4099
@/home/ec2-user/data/topics/3625
@/home/ec2-user/data/topics/4060
@/home/ec2-user/data/topics/3708
@/home/ec2-user/data/topics/1653
@/home/ec2-user/data/topics/4039
@/home/ec2-user/data/topics/4604
@/home/ec2-user/data/topics/4376
@/home/ec2-user/data/topics/4960
@/home/ec2-user/data/topics/4150
@/home/ec2-user/data/topics/3781
@/home/ec2-user/data/topics/4679
@/home/ec2-user/data/topics/4328
@/home/ec2-user/data/topics/4527
@/home/ec2-user/data/topics/3398
@/home/ec2-user/data/topics/3681
@/home/ec2-user/data/topics/4178
@/home/ec2-user/data/topics/4179
@/home/ec2-user/data/topics/4837
@/home/ec2-user/data/topics/4978
@/home/ec2-user/data/topics/1451
@/home/ec2-user/data/topics/1246
@/home/ec2-user/data/topics/1515
@/home/ec2-user/data/topics/1386
@/home/ec2-user/data/topics/2063
@/home/ec2-user/data/topics/4612
@/home/ec2-user/data/topics/1479
三菱電機株式会社

@/home/ec2-user/data/topics/4305
@/home/ec2-user/data/topics/3592
@/home/ec2-user/data/topics/3612
@/home/ec2-user/data/topics/3921
@/home/ec2-user/data/topics/3616
@/home/ec2-user/data/topics/3774
@/home/ec2-user/data/topics/4181
@/home/ec2-user/data/topics/5032
@/home/ec2-user/data/topics/5033
@/home/ec2-user/data/topics/3490
@/home/ec2-user/data/topics/3412
@/home/ec2-user/data/topics/3506
@/home/ec2-user/data/topics/4220
@/home/ec2-user/data/topics/4221
@/home/ec2-user/data/topics/2146
@/home/ec2-user/data/topics/4282
@/home/ec2-user/data/topics/1738
@/home/ec2-user/data/topics/4518
@/home/ec2-user/data/topics/4047
@/home/ec2-user/data/topics/4149
@/home/ec2-user/data/topics/4041
@/home/ec2-user/data/topics/4419
@/home/ec2-user/data/topics/1110
@/home/ec2-user/data/topics/4552
@/home/ec2-user/data/topics/1220
@/home/ec2-user/data/topics/4133
@/home/ec2-user/data/topics/4514
@/home/ec2-user/data/topics/4614
@/home/ec2-user/data/topics/3856
@/home/ec2-user/data/topics/4980
@/home/ec2-user/data/topics/3747
@/home/ec2-user/data/topics/1754
@/home/ec2-user/data/topics/3666
@/home/ec2-user/data/topics/3453
@/home/ec2-user/data/topics/4880
@/home/ec2-user/data/topics/1792
@/home/ec2-user/data/topics/3609
@/home/ec2-user/data/topics/3873
@/home/ec2-user/data/topics/3493
@/home/ec2-user/data/topics/4562
@/home/ec2-user/data/topics/3595
@/home/ec2-user/data/topics/3451
@/home/ec2-user/data/topics/3800
@/home/ec2-user/data/topics/3409
@/home/ec2-user/data/topics/4235
@/home/ec2-user/data/topics/4233
@/home/ec2-user/data/topics/3466
@/home/ec2-user/data/topics/3465
@/home/ec2-user/data/topics/3397
@/home/ec2-user/data/topics/4076
@/home/ec2-user/data/topics/4834
@/home/ec2-user/data/topics/3469
@/home/ec2-user/data/topics/4663
@/home/ec2-user/data/topics/3841
@/home/ec2-user/data/topics/1536
@/home/ec2-user/data/topics/3963
@/home/ec2-user/data/topics/1872
@/home/ec2-user/data/topics/3820
住友ゴム工業株式会社

@/home/ec2-user/data/topics/4406
@/home/ec2-user/data/topics/4048
@/home/ec2-user/data/topics/4597
@/home/ec2-user/data/topics/1758
@/home/ec2-user/data/topics/4568
@/home/ec2-user/data/topics/2007
@/home/ec2-user/data/topics/1114
セイコーエプソン株式会社

@/home/ec2-user/data/topics/1343
@/home/ec2-user/data/topics/1484
@/home/ec2-user/data/topics/3361
@/home/ec2-user/data/topics/4022
@/home/ec2-user/data/topics/4454
@/home/ec2-user/data/topics/4109
@/home/ec2-user/data/topics/1890
@/home/ec2-user/data/topics/4801
@/home/ec2-user/data/topics/1423
@/home/ec2-user/data/topics/1938
@/home/ec2-user/data/topics/4386
@/home/ec2-user/data/topics/2078
@/home/ec2-user/data/topics/1378
@/home/ec2-user/data/topics/3505
@/home/ec2-user/data/topics/3910
@/home/ec2-user/data/topics/3589
@/home/ec2-user/data/topics/3819
@/home/ec2-user/data/topics/3476
@/home/ec2-user/data/topics/4585
@/home/ec2-user/data/topics/4605
@/home/ec2-user/data/topics/3887
@/home/ec2-user/data/topics/1641
@/home/ec2-user/data/topics/4719
@/home/ec2-user/data/topics/4802
@/home/ec2-user/data/topics/2165
@/home/ec2-user/data/topics/3985
株式会社三共

@/home/ec2-user/data/topics/1086
@/home/ec2-user/data/topics/2123
@/home/ec2-user/data/topics/1189
@/home/ec2-user/data/topics/1648
@/home/ec2-user/data/topics/4868
@/home/ec2-user/data/topics/1377
@/home/ec2-user/data/topics/2060
@/home/ec2-user/data/topics/1665
@/home/ec2-user/data/topics/4374
沖電気工業株式会社

@/home/ec2-user/data/topics/3395
@/home/ec2-user/data/topics/4693
@/home/ec2-user/data/topics/4308
@/home/ec2-user/data/topics/3764
@/home/ec2-user/data/topics/3457
@/home/ec2-user/data/topics/1188
@/home/ec2-user/data/topics/3690
@/home/ec2-user/data/topics/3433
@/home/ec2-user/data/topics/3571
@/home/ec2-user/data/topics/3621
@/home/ec2-user/data/topics/3964
@/home/ec2-user/data/topics/4575
@/home/ec2-user/data/topics/1531
@/home/ec2-user/data/topics/4299
株式会社三星

@/home/ec2-user/data/topics/1728
@/home/ec2-user/data/topics/3942
@/home/ec2-user/data/topics/1260
@/home/ec2-user/data/topics/2108
@/home/ec2-user/data/topics/2198
@/home/ec2-user/data/topics/1733
日本ビクター株式会社

@/home/ec2-user/data/topics/3603
@/home/ec2-user/data/topics/4056
@/home/ec2-user/data/topics/3939
@/home/ec2-user/data/topics/3882
@/home/ec2-user/data/topics/4123
@/home/ec2-user/data/topics/3620
@/home/ec2-user/data/topics/4672
@/home/ec2-user/data/topics/1823
@/home/ec2-user/data/topics/1520
@/home/ec2-user/data/topics/1389
@/home/ec2-user/data/topics/1440
花王株式会社

@/home/ec2-user/data/topics/3812
@/home/ec2-user/data/topics/3884
@/home/ec2-user/data/topics/4211
@/home/ec2-user/data/topics/4287
@/home/ec2-user/data/topics/2214
@/home/ec2-user/data/topics/4827
@/home/ec2-user/data/topics/3753
@/home/ec2-user/data/topics/1022
@/home/ec2-user/data/topics/1196
@/home/ec2-user/data/topics/4249
@/home/ec2-user/data/topics/4445
@/home/ec2-user/data/topics/3999
@/home/ec2-user/data/topics/1767
三田工業株式会社

@/home/ec2-user/data/topics/2136
@/home/ec2-user/data/topics/3923
@/home/ec2-user/data/topics/1269
@/home/ec2-user/data/topics/3604
@/home/ec2-user/data/topics/2155
@/home/ec2-user/data/topics/3842
@/home/ec2-user/data/topics/1033
@/home/ec2-user/data/topics/1766
@/home/ec2-user/data/topics/1034
豊丸産業株式会社

@/home/ec2-user/data/topics/1713
@/home/ec2-user/data/topics/1677
@/home/ec2-user/data/topics/1588
@/home/ec2-user/data/topics/1138
@/home/ec2-user/data/topics/1284
@/home/ec2-user/data/topics/1726
@/home/ec2-user/data/topics/1126
@/home/ec2-user/data/topics/1353
@/home/ec2-user/data/topics/1097
@/home/ec2-user/data/topics/2169
@/home/ec2-user/data/topics/3672
@/home/ec2-user/data/topics/1401
@/home/ec2-user/data/topics/4847
@/home/ec2-user/data/topics/2011
@/home/ec2-user/data/topics/1914
鐘紡株式会社

@/home/ec2-user/data/topics/1304
@/home/ec2-user/data/topics/3560
@/home/ec2-user/data/topics/1054
@/home/ec2-user/data/topics/1870
@/home/ec2-user/data/topics/3551
@/home/ec2-user/data/topics/1842
@/home/ec2-user/data/topics/3634
@/home/ec2-user/data/topics/4195
@/home/ec2-user/data/topics/2223
@/home/ec2-user/data/topics/1178
@/home/ec2-user/data/topics/1367
@/home/ec2-user/data/topics/2034
@/home/ec2-user/data/topics/2185
@/home/ec2-user/data/topics/1886
@/home/ec2-user/data/topics/3566
@/home/ec2-user/data/topics/1901
株式会社デンソー

@/home/ec2-user/data/topics/1855
@/home/ec2-user/data/topics/4046
@/home/ec2-user/data/topics/4164
@/home/ec2-user/data/topics/3710
@/home/ec2-user/data/topics/3480
@/home/ec2-user/data/topics/4423
@/home/ec2-user/data/topics/4675
@/home/ec2-user/data/topics/3406
@/home/ec2-user/data/topics/4024
@/home/ec2-user/data/topics/1028
@/home/ec2-user/data/topics/4622
@/home/ec2-user/data/topics/4656
@/home/ec2-user/data/topics/4483
@/home/ec2-user/data/topics/4498
@/home/ec2-user/data/topics/4840
@/home/ec2-user/data/topics/3421
@/home/ec2-user/data/topics/4805
富士写真フイルム株式会社

@/home/ec2-user/data/topics/4962
@/home/ec2-user/data/topics/2134
@/home/ec2-user/data/topics/3911
@/home/ec2-user/data/topics/3354
@/home/ec2-user/data/topics/3447
@/home/ec2-user/data/topics/3918
@/home/ec2-user/data/topics/3857
@/home/ec2-user/data/topics/1244
@/home/ec2-user/data/topics/1570
@/home/ec2-user/data/topics/1603
@/home/ec2-user/data/topics/1662
京セラ株式会社

@/home/ec2-user/data/topics/3593
@/home/ec2-user/data/topics/3869
@/home/ec2-user/data/topics/3615
@/home/ec2-user/data/topics/4901
@/home/ec2-user/data/topics/4513
@/home/ec2-user/data/topics/3741
@/home/ec2-user/data/topics/4031
@/home/ec2-user/data/topics/1708
@/home/ec2-user/data/topics/1485
@/home/ec2-user/data/topics/1913
@/home/ec2-user/data/topics/1741
@/home/ec2-user/data/topics/4340
イビデン株式会社

@/home/ec2-user/data/topics/1315
@/home/ec2-user/data/topics/1770
@/home/ec2-user/data/topics/3814
@/home/ec2-user/data/topics/1336
@/home/ec2-user/data/topics/1682
@/home/ec2-user/data/topics/2033
@/home/ec2-user/data/topics/1952
株式会社東芝

@/home/ec2-user/data/topics/3948
@/home/ec2-user/data/topics/4302
@/home/ec2-user/data/topics/3716
@/home/ec2-user/data/topics/4361
@/home/ec2-user/data/topics/1205
@/home/ec2-user/data/topics/4089
@/home/ec2-user/data/topics/4183
@/home/ec2-user/data/topics/3598
@/home/ec2-user/data/topics/4140
@/home/ec2-user/data/topics/4631
@/home/ec2-user/data/topics/4172
@/home/ec2-user/data/topics/3734
@/home/ec2-user/data/topics/3732
@/home/ec2-user/data/topics/4009
@/home/ec2-user/data/topics/4165
@/home/ec2-user/data/topics/3380
@/home/ec2-user/data/topics/3795
@/home/ec2-user/data/topics/4535
@/home/ec2-user/data/topics/3462
@/home/ec2-user/data/topics/3360
@/home/ec2-user/data/topics/1819
@/home/ec2-user/data/topics/1585
@/home/ec2-user/data/topics/3618
@/home/ec2-user/data/topics/4594
@/home/ec2-user/data/topics/3851
@/home/ec2-user/data/topics/1757
@/home/ec2-user/data/topics/4863
@/home/ec2-user/data/topics/3890
@/home/ec2-user/data/topics/2241
@/home/ec2-user/data/topics/4842
@/home/ec2-user/data/topics/3990
@/home/ec2-user/data/topics/3834
@/home/ec2-user/data/topics/1756
@/home/ec2-user/data/topics/1090
@/home/ec2-user/data/topics/4096
@/home/ec2-user/data/topics/4336
@/home/ec2-user/data/topics/4197
@/home/ec2-user/data/topics/3780
@/home/ec2-user/data/topics/1332
@/home/ec2-user/data/topics/4623
@/home/ec2-user/data/topics/3351
@/home/ec2-user/data/topics/4566
@/home/ec2-user/data/topics/3352
@/home/ec2-user/data/topics/4509
@/home/ec2-user/data/topics/4935
@/home/ec2-user/data/topics/4057
@/home/ec2-user/data/topics/3689
@/home/ec2-user/data/topics/3688
@/home/ec2-user/data/topics/3881
@/home/ec2-user/data/topics/1997
@/home/ec2-user/data/topics/3542
@/home/ec2-user/data/topics/3683
@/home/ec2-user/data/topics/4751
@/home/ec2-user/data/topics/1132
@/home/ec2-user/data/topics/4912
@/home/ec2-user/data/topics/4755
@/home/ec2-user/data/topics/4292
@/home/ec2-user/data/topics/3363
@/home/ec2-user/data/topics/3988
@/home/ec2-user/data/topics/4881
@/home/ec2-user/data/topics/4381
ヤマハ株式会社

@/home/ec2-user/data/topics/4045
@/home/ec2-user/data/topics/4177
@/home/ec2-user/data/topics/4084
@/home/ec2-user/data/topics/4919
@/home/ec2-user/data/topics/4145
@/home/ec2-user/data/topics/4010
@/home/ec2-user/data/topics/1720
@/home/ec2-user/data/topics/3972
@/home/ec2-user/data/topics/1443
@/home/ec2-user/data/topics/4125
@/home/ec2-user/data/topics/1911
@/home/ec2-user/data/topics/1676
@/home/ec2-user/data/topics/4954
東洋紡績株式会社

@/home/ec2-user/data/topics/4366
@/home/ec2-user/data/topics/4284
@/home/ec2-user/data/topics/4362
@/home/ec2-user/data/topics/3769
@/home/ec2-user/data/topics/1029
@/home/ec2-user/data/topics/1613
三菱化学株式会社

@/home/ec2-user/data/topics/3638
@/home/ec2-user/data/topics/3513
@/home/ec2-user/data/topics/3458
@/home/ec2-user/data/topics/1197
@/home/ec2-user/data/topics/1902
@/home/ec2-user/data/topics/1699
カシオ計算機株式会社

@/home/ec2-user/data/topics/3391
@/home/ec2-user/data/topics/1235
@/home/ec2-user/data/topics/1047
@/home/ec2-user/data/topics/2237
@/home/ec2-user/data/topics/1794
@/home/ec2-user/data/topics/1535
@/home/ec2-user/data/topics/2180
@/home/ec2-user/data/topics/1368
コナミ株式会社

@/home/ec2-user/data/topics/1621
@/home/ec2-user/data/topics/5015
@/home/ec2-user/data/topics/1302
@/home/ec2-user/data/topics/4681
@/home/ec2-user/data/topics/2151
@/home/ec2-user/data/topics/2100
@/home/ec2-user/data/topics/4602
@/home/ec2-user/data/topics/1672
大日本スクリーン製造株式会社

@/home/ec2-user/data/topics/1608
@/home/ec2-user/data/topics/1173
@/home/ec2-user/data/topics/1779
@/home/ec2-user/data/topics/1130
@/home/ec2-user/data/topics/3742
@/home/ec2-user/data/topics/2172
@/home/ec2-user/data/topics/2209
オムロン株式会社

@/home/ec2-user/data/topics/3597
@/home/ec2-user/data/topics/3748
@/home/ec2-user/data/topics/3594
@/home/ec2-user/data/topics/3863
@/home/ec2-user/data/topics/1841
@/home/ec2-user/data/topics/1151
@/home/ec2-user/data/topics/1135
@/home/ec2-user/data/topics/1933
@/home/ec2-user/data/topics/1579
@/home/ec2-user/data/topics/2096
@/home/ec2-user/data/topics/1533
@/home/ec2-user/data/topics/1067
@/home/ec2-user/data/topics/4771
@/home/ec2-user/data/topics/3700
@/home/ec2-user/data/topics/1657
株式会社日立製作所

@/home/ec2-user/data/topics/3772
@/home/ec2-user/data/topics/2081
@/home/ec2-user/data/topics/3822
@/home/ec2-user/data/topics/1340
@/home/ec2-user/data/topics/3599
@/home/ec2-user/data/topics/1296
@/home/ec2-user/data/topics/5030
@/home/ec2-user/data/topics/4401
@/home/ec2-user/data/topics/3531
@/home/ec2-user/data/topics/1487
@/home/ec2-user/data/topics/3659
@/home/ec2-user/data/topics/4559
@/home/ec2-user/data/topics/3665
@/home/ec2-user/data/topics/1082
@/home/ec2-user/data/topics/1987
@/home/ec2-user/data/topics/3384
@/home/ec2-user/data/topics/4040
@/home/ec2-user/data/topics/3471
@/home/ec2-user/data/topics/4943
@/home/ec2-user/data/topics/4122
@/home/ec2-user/data/topics/3432
@/home/ec2-user/data/topics/1105
@/home/ec2-user/data/topics/1072
@/home/ec2-user/data/topics/3570
@/home/ec2-user/data/topics/5029
@/home/ec2-user/data/topics/3973
@/home/ec2-user/data/topics/1501
@/home/ec2-user/data/topics/3596
@/home/ec2-user/data/topics/1693
@/home/ec2-user/data/topics/2019
@/home/ec2-user/data/topics/1562
@/home/ec2-user/data/topics/3994
@/home/ec2-user/data/topics/3993
@/home/ec2-user/data/topics/3779
@/home/ec2-user/data/topics/3691
@/home/ec2-user/data/topics/1278
@/home/ec2-user/data/topics/3488
@/home/ec2-user/data/topics/4990
@/home/ec2-user/data/topics/3439
@/home/ec2-user/data/topics/3588
@/home/ec2-user/data/topics/1334
@/home/ec2-user/data/topics/3706
@/home/ec2-user/data/topics/4493
@/home/ec2-user/data/topics/4166
@/home/ec2-user/data/topics/1249
@/home/ec2-user/data/topics/3524
@/home/ec2-user/data/topics/3350
@/home/ec2-user/data/topics/3648
@/home/ec2-user/data/topics/4545
@/home/ec2-user/data/topics/1882
@/home/ec2-user/data/topics/4547
@/home/ec2-user/data/topics/1880
@/home/ec2-user/data/topics/2239
@/home/ec2-user/data/topics/1651
@/home/ec2-user/data/topics/1640
@/home/ec2-user/data/topics/3461
@/home/ec2-user/data/topics/4621
@/home/ec2-user/data/topics/1825
@/home/ec2-user/data/topics/4551
@/home/ec2-user/data/topics/4420
@/home/ec2-user/data/topics/1826
@/home/ec2-user/data/topics/3440
@/home/ec2-user/data/topics/4402
@/home/ec2-user/data/topics/4058
@/home/ec2-user/data/topics/2184
@/home/ec2-user/data/topics/3965
@/home/ec2-user/data/topics/1833
@/home/ec2-user/data/topics/1463
@/home/ec2-user/data/topics/1247
@/home/ec2-user/data/topics/4830
@/home/ec2-user/data/topics/1667
@/home/ec2-user/data/topics/4489
@/home/ec2-user/data/topics/3968
@/home/ec2-user/data/topics/4799
凸版印刷株式会社

@/home/ec2-user/data/topics/4874
@/home/ec2-user/data/topics/1091
@/home/ec2-user/data/topics/3500
@/home/ec2-user/data/topics/3624
@/home/ec2-user/data/topics/3526
@/home/ec2-user/data/topics/1977
@/home/ec2-user/data/topics/1765
株式会社ノーリツ

@/home/ec2-user/data/topics/1618
@/home/ec2-user/data/topics/4776
@/home/ec2-user/data/topics/1760
@/home/ec2-user/data/topics/4354
@/home/ec2-user/data/topics/1290
@/home/ec2-user/data/topics/4206
@/home/ec2-user/data/topics/1598
@/home/ec2-user/data/topics/2116
川崎重工業株式会社

@/home/ec2-user/data/topics/4944
@/home/ec2-user/data/topics/1172
@/home/ec2-user/data/topics/1162
@/home/ec2-user/data/topics/5025
@/home/ec2-user/data/topics/4756
@/home/ec2-user/data/topics/4572
@/home/ec2-user/data/topics/4866
@/home/ec2-user/data/topics/4793
ティーディーケイ株式会社

@/home/ec2-user/data/topics/1129
@/home/ec2-user/data/topics/2202
@/home/ec2-user/data/topics/2210
@/home/ec2-user/data/topics/3798
@/home/ec2-user/data/topics/3909
@/home/ec2-user/data/topics/3792
@/home/ec2-user/data/topics/4619
@/home/ec2-user/data/topics/1409
@/home/ec2-user/data/topics/1510
京セラミタ株式会社

@/home/ec2-user/data/topics/4174
@/home/ec2-user/data/topics/1930
@/home/ec2-user/data/topics/4985
@/home/ec2-user/data/topics/2141
@/home/ec2-user/data/topics/4564
@/home/ec2-user/data/topics/1032
@/home/ec2-user/data/topics/4973
株式会社クボタ

@/home/ec2-user/data/topics/3823
@/home/ec2-user/data/topics/1280
@/home/ec2-user/data/topics/4251
@/home/ec2-user/data/topics/1734
@/home/ec2-user/data/topics/3919
@/home/ec2-user/data/topics/3854
@/home/ec2-user/data/topics/4379
@/home/ec2-user/data/topics/4745
@/home/ec2-user/data/topics/1012
@/home/ec2-user/data/topics/1448
シャープ株式会社

@/home/ec2-user/data/topics/3610
@/home/ec2-user/data/topics/1349
@/home/ec2-user/data/topics/3777
@/home/ec2-user/data/topics/4263
@/home/ec2-user/data/topics/1209
@/home/ec2-user/data/topics/4349
@/home/ec2-user/data/topics/3813
@/home/ec2-user/data/topics/3941
@/home/ec2-user/data/topics/4323
@/home/ec2-user/data/topics/4245
@/home/ec2-user/data/topics/2087
@/home/ec2-user/data/topics/3452
@/home/ec2-user/data/topics/3978
@/home/ec2-user/data/topics/3678
@/home/ec2-user/data/topics/3679
@/home/ec2-user/data/topics/4105
@/home/ec2-user/data/topics/4430
@/home/ec2-user/data/topics/3537
@/home/ec2-user/data/topics/1840
@/home/ec2-user/data/topics/3673
@/home/ec2-user/data/topics/4124
@/home/ec2-user/data/topics/4782
@/home/ec2-user/data/topics/3776
@/home/ec2-user/data/topics/3698
@/home/ec2-user/data/topics/3450
@/home/ec2-user/data/topics/4519
@/home/ec2-user/data/topics/3832
@/home/ec2-user/data/topics/1965
@/home/ec2-user/data/topics/4173
@/home/ec2-user/data/topics/4127
@/home/ec2-user/data/topics/4005
@/home/ec2-user/data/topics/3793
@/home/ec2-user/data/topics/4744
@/home/ec2-user/data/topics/2118
@/home/ec2-user/data/topics/3855
@/home/ec2-user/data/topics/1154
@/home/ec2-user/data/topics/1561
@/home/ec2-user/data/topics/4861
@/home/ec2-user/data/topics/1258
@/home/ec2-user/data/topics/3895
@/home/ec2-user/data/topics/3760
@/home/ec2-user/data/topics/4214
@/home/ec2-user/data/topics/3762
@/home/ec2-user/data/topics/1174
@/home/ec2-user/data/topics/3606
@/home/ec2-user/data/topics/4095
@/home/ec2-user/data/topics/3871
@/home/ec2-user/data/topics/4252
@/home/ec2-user/data/topics/3957
@/home/ec2-user/data/topics/4019
@/home/ec2-user/data/topics/1318
@/home/ec2-user/data/topics/4717
@/home/ec2-user/data/topics/4113
@/home/ec2-user/data/topics/3649
@/home/ec2-user/data/topics/4469
@/home/ec2-user/data/topics/4256
@/home/ec2-user/data/topics/4230
@/home/ec2-user/data/topics/4152
@/home/ec2-user/data/topics/1563
@/home/ec2-user/data/topics/4648
@/home/ec2-user/data/topics/1804
@/home/ec2-user/data/topics/4683
@/home/ec2-user/data/topics/1431
@/home/ec2-user/data/topics/1396
@/home/ec2-user/data/topics/4103
@/home/ec2-user/data/topics/4516
@/home/ec2-user/data/topics/1288
@/home/ec2-user/data/topics/2084
@/home/ec2-user/data/topics/1970
@/home/ec2-user/data/topics/3966
@/home/ec2-user/data/topics/1419
@/home/ec2-user/data/topics/2020
@/home/ec2-user/data/topics/1685
@/home/ec2-user/data/topics/3858
@/home/ec2-user/data/topics/3422
@/home/ec2-user/data/topics/1384
@/home/ec2-user/data/topics/4228
@/home/ec2-user/data/topics/4691
@/home/ec2-user/data/topics/3578
@/home/ec2-user/data/topics/3981
@/home/ec2-user/data/topics/4583
日本輸送機株式会社

@/home/ec2-user/data/topics/1191
@/home/ec2-user/data/topics/1940
@/home/ec2-user/data/topics/3573
@/home/ec2-user/data/topics/2221
@/home/ec2-user/data/topics/1456
@/home/ec2-user/data/topics/1493
@/home/ec2-user/data/topics/2065
@/home/ec2-user/data/topics/1108
東京エレクトロン株式会社

@/home/ec2-user/data/topics/4053
@/home/ec2-user/data/topics/4702
@/home/ec2-user/data/topics/1800
@/home/ec2-user/data/topics/1263
@/home/ec2-user/data/topics/4002
@/home/ec2-user/data/topics/3947
@/home/ec2-user/data/topics/1736
@/home/ec2-user/data/topics/4618
@/home/ec2-user/data/topics/4023
@/home/ec2-user/data/topics/1508
@/home/ec2-user/data/topics/4906
@/home/ec2-user/data/topics/4345
株式会社村田製作所

@/home/ec2-user/data/topics/3885
@/home/ec2-user/data/topics/4271
@/home/ec2-user/data/topics/3482
@/home/ec2-user/data/topics/4163
@/home/ec2-user/data/topics/2229
@/home/ec2-user/data/topics/4042
@/home/ec2-user/data/topics/1411
@/home/ec2-user/data/topics/4417
@/home/ec2-user/data/topics/4070
@/home/ec2-user/data/topics/4432
@/home/ec2-user/data/topics/4325
@/home/ec2-user/data/topics/3435
@/home/ec2-user/data/topics/3697
@/home/ec2-user/data/topics/4378
@/home/ec2-user/data/topics/1374
@/home/ec2-user/data/topics/4795
@/home/ec2-user/data/topics/4703
日本電信電話株式会社

@/home/ec2-user/data/topics/3824
@/home/ec2-user/data/topics/3927
@/home/ec2-user/data/topics/4087
@/home/ec2-user/data/topics/3928
@/home/ec2-user/data/topics/1934
@/home/ec2-user/data/topics/1042
@/home/ec2-user/data/topics/1229
@/home/ec2-user/data/topics/1787
@/home/ec2-user/data/topics/3641
@/home/ec2-user/data/topics/4208
@/home/ec2-user/data/topics/4025
@/home/ec2-user/data/topics/4104
@/home/ec2-user/data/topics/3536
@/home/ec2-user/data/topics/3650
@/home/ec2-user/data/topics/3552
@/home/ec2-user/data/topics/2130
@/home/ec2-user/data/topics/1809
@/home/ec2-user/data/topics/4121
@/home/ec2-user/data/topics/4146
@/home/ec2-user/data/topics/1408
@/home/ec2-user/data/topics/4792
@/home/ec2-user/data/topics/4965
@/home/ec2-user/data/topics/2017
@/home/ec2-user/data/topics/4964
@/home/ec2-user/data/topics/3894
@/home/ec2-user/data/topics/4865
@/home/ec2-user/data/topics/3915
@/home/ec2-user/data/topics/3811
@/home/ec2-user/data/topics/1230
@/home/ec2-user/data/topics/3586
@/home/ec2-user/data/topics/3509
@/home/ec2-user/data/topics/4335
@/home/ec2-user/data/topics/4511
@/home/ec2-user/data/topics/4505
@/home/ec2-user/data/topics/4114
@/home/ec2-user/data/topics/4443
@/home/ec2-user/data/topics/3521
@/home/ec2-user/data/topics/3359
@/home/ec2-user/data/topics/4232
@/home/ec2-user/data/topics/4118
@/home/ec2-user/data/topics/4870
@/home/ec2-user/data/topics/3544
@/home/ec2-user/data/topics/4175
@/home/ec2-user/data/topics/4925
@/home/ec2-user/data/topics/1556
@/home/ec2-user/data/topics/4916
@/home/ec2-user/data/topics/4131
@/home/ec2-user/data/topics/3568
@/home/ec2-user/data/topics/3785
@/home/ec2-user/data/topics/3425
@/home/ec2-user/data/topics/4836
@/home/ec2-user/data/topics/4664
@/home/ec2-user/data/topics/4560
@/home/ec2-user/data/topics/4115
@/home/ec2-user/data/topics/4952
@/home/ec2-user/data/topics/4488
日本鋼管株式会社

@/home/ec2-user/data/topics/1690
@/home/ec2-user/data/topics/4161
@/home/ec2-user/data/topics/4289
@/home/ec2-user/data/topics/3572
@/home/ec2-user/data/topics/2095
@/home/ec2-user/data/topics/4455
@/home/ec2-user/data/topics/1404
株式会社神戸製鋼所

@/home/ec2-user/data/topics/3475
@/home/ec2-user/data/topics/3902
@/home/ec2-user/data/topics/4949
@/home/ec2-user/data/topics/3632
@/home/ec2-user/data/topics/1465
@/home/ec2-user/data/topics/2064
@/home/ec2-user/data/topics/3674
株式会社ケンウッド

@/home/ec2-user/data/topics/3878
@/home/ec2-user/data/topics/4167
@/home/ec2-user/data/topics/3463
@/home/ec2-user/data/topics/1424
@/home/ec2-user/data/topics/4050
@/home/ec2-user/data/topics/1186
@/home/ec2-user/data/topics/1617
@/home/ec2-user/data/topics/3801
@/home/ec2-user/data/topics/3839
@/home/ec2-user/data/topics/1345
@/home/ec2-user/data/topics/1241
@/home/ec2-user/data/topics/2036
@/home/ec2-user/data/topics/1115
@/home/ec2-user/data/topics/1698
@/home/ec2-user/data/topics/3977
@/home/ec2-user/data/topics/4038
@/home/ec2-user/data/topics/3794
@/home/ec2-user/data/topics/4467
@/home/ec2-user/data/topics/1896
@/home/ec2-user/data/topics/2163
@/home/ec2-user/data/topics/3969
東陶機器株式会社

@/home/ec2-user/data/topics/3583
@/home/ec2-user/data/topics/1626
@/home/ec2-user/data/topics/3821
@/home/ec2-user/data/topics/1735
@/home/ec2-user/data/topics/2135
@/home/ec2-user/data/topics/1692
本田技研工業株式会社

@/home/ec2-user/data/topics/4888
@/home/ec2-user/data/topics/1143
@/home/ec2-user/data/topics/1215
@/home/ec2-user/data/topics/1605
@/home/ec2-user/data/topics/4132
@/home/ec2-user/data/topics/4199
@/home/ec2-user/data/topics/1818
@/home/ec2-user/data/topics/1266
@/home/ec2-user/data/topics/3685
@/home/ec2-user/data/topics/1822
@/home/ec2-user/data/topics/5026
@/home/ec2-user/data/topics/4033
@/home/ec2-user/data/topics/1444
@/home/ec2-user/data/topics/1226
@/home/ec2-user/data/topics/2000
@/home/ec2-user/data/topics/4331
@/home/ec2-user/data/topics/2016
@/home/ec2-user/data/topics/4783
@/home/ec2-user/data/topics/4375
新日本製鐵株式会社

@/home/ec2-user/data/topics/3368
@/home/ec2-user/data/topics/3663
@/home/ec2-user/data/topics/3861
@/home/ec2-user/data/topics/5008
@/home/ec2-user/data/topics/3899
@/home/ec2-user/data/topics/4472
松下電工株式会社

@/home/ec2-user/data/topics/4083
@/home/ec2-user/data/topics/3778
@/home/ec2-user/data/topics/4450
@/home/ec2-user/data/topics/4347
@/home/ec2-user/data/topics/3670
@/home/ec2-user/data/topics/3651
@/home/ec2-user/data/topics/4029
@/home/ec2-user/data/topics/3511
@/home/ec2-user/data/topics/4317
@/home/ec2-user/data/topics/4592
@/home/ec2-user/data/topics/1251
@/home/ec2-user/data/topics/1011
@/home/ec2-user/data/topics/3835
@/home/ec2-user/data/topics/1311
@/home/ec2-user/data/topics/4094
@/home/ec2-user/data/topics/3932
@/home/ec2-user/data/topics/2045
@/home/ec2-user/data/topics/1803
@/home/ec2-user/data/topics/3379
@/home/ec2-user/data/topics/3565
@/home/ec2-user/data/topics/4012
@/home/ec2-user/data/topics/3549
usernum: 72
hit: 1386
mthit: 1132
mthls: 41
srp: 84.7
total: 1562
hit/total: 0.887323943662
mthit/(total+usernum): 0.692778457772
mthls/(total+usernum): 0.0250917992656
srp/(total+usernum): 0.0518359853121
