2016-12-21 17:23:39.053654

topic-folder:/home/ec2-user/data/topics/
cl-file:/home/ec2-user/git/tfidf/result-new/b2-3.txt
cl-floder:/home/ec2-user/data/lsaclass/
zipf:0.1
stype[0(tfidf)/1(tfidf2)/2(lsa)/3(lda)]:2
dtype[<0(diff*rand)/0(diff)/1(same)/>=2(diff*same)]:0
output-floder:/home/ec2-user/git/userquery/result-new

三菱マテリアル株式会社

@/home/ec2-user/data/topics/1638 0
@/home/ec2-user/data/topics/3546 0
@/home/ec2-user/data/topics/3520 1
@/home/ec2-user/data/topics/3630 2
@/home/ec2-user/data/topics/3866 3
@/home/ec2-user/data/topics/3470 4
@/home/ec2-user/data/topics/2093 5
@/home/ec2-user/data/topics/1085 6
日本精機株式会社

@/home/ec2-user/data/topics/1398 7
@/home/ec2-user/data/topics/4709 7
@/home/ec2-user/data/topics/4690 8
@/home/ec2-user/data/topics/4972 9
@/home/ec2-user/data/topics/4907 10
@/home/ec2-user/data/topics/4875 11
コニカ株式会社

@/home/ec2-user/data/topics/3486 12
@/home/ec2-user/data/topics/1946 12
@/home/ec2-user/data/topics/3419 13
@/home/ec2-user/data/topics/3414 14
@/home/ec2-user/data/topics/3431 15
@/home/ec2-user/data/topics/3370 16
@/home/ec2-user/data/topics/3357 17
@/home/ec2-user/data/topics/2162 18
@/home/ec2-user/data/topics/3426 19
@/home/ec2-user/data/topics/3418 20
@/home/ec2-user/data/topics/3533 21
埼玉日本電気株式会社

@/home/ec2-user/data/topics/1620 22
@/home/ec2-user/data/topics/4468 22
@/home/ec2-user/data/topics/4283 23
@/home/ec2-user/data/topics/4279 24
@/home/ec2-user/data/topics/5010 25
@/home/ec2-user/data/topics/4998 26
@/home/ec2-user/data/topics/4242 27
@/home/ec2-user/data/topics/4496 28
@/home/ec2-user/data/topics/1512 29
アルプス電気株式会社

@/home/ec2-user/data/topics/3582 30
@/home/ec2-user/data/topics/2012 30
@/home/ec2-user/data/topics/4791 31
@/home/ec2-user/data/topics/1253 32
@/home/ec2-user/data/topics/2089 33
@/home/ec2-user/data/topics/3429 34
@/home/ec2-user/data/topics/1434 35
三菱重工業株式会社

@/home/ec2-user/data/topics/3503 36
@/home/ec2-user/data/topics/3637 36
@/home/ec2-user/data/topics/3591 37
@/home/ec2-user/data/topics/4862 38
@/home/ec2-user/data/topics/4563 39
@/home/ec2-user/data/topics/5022 40
@/home/ec2-user/data/topics/3833 41
@/home/ec2-user/data/topics/3529 42
@/home/ec2-user/data/topics/3944 43
@/home/ec2-user/data/topics/4882 44
@/home/ec2-user/data/topics/4412 45
@/home/ec2-user/data/topics/4687 46
村田機械株式会社

@/home/ec2-user/data/topics/4441 47
@/home/ec2-user/data/topics/4596 47
@/home/ec2-user/data/topics/3740 48
@/home/ec2-user/data/topics/3528 49
@/home/ec2-user/data/topics/4570 50
@/home/ec2-user/data/topics/4638 51
@/home/ec2-user/data/topics/4941 52
@/home/ec2-user/data/topics/1074 53
@/home/ec2-user/data/topics/4556 54
@/home/ec2-user/data/topics/5000 55
@/home/ec2-user/data/topics/4746 56
@/home/ec2-user/data/topics/1511 57
@/home/ec2-user/data/topics/4565 58
@/home/ec2-user/data/topics/1607 59
@/home/ec2-user/data/topics/4835 60
@/home/ec2-user/data/topics/4645 61
@/home/ec2-user/data/topics/1293 62
川崎製鉄株式会社

@/home/ec2-user/data/topics/3553 63
@/home/ec2-user/data/topics/3413 63
@/home/ec2-user/data/topics/1459 64
@/home/ec2-user/data/topics/4615 65
@/home/ec2-user/data/topics/1037 66
@/home/ec2-user/data/topics/3483 67
@/home/ec2-user/data/topics/3532 68
@/home/ec2-user/data/topics/3611 69
@/home/ec2-user/data/topics/3929 70
ダイキン工業株式会社

@/home/ec2-user/data/topics/4734 71
@/home/ec2-user/data/topics/4367 71
@/home/ec2-user/data/topics/4858 72
@/home/ec2-user/data/topics/4515 73
@/home/ec2-user/data/topics/4845 74
@/home/ec2-user/data/topics/1600 75
@/home/ec2-user/data/topics/4400 76
@/home/ec2-user/data/topics/4701 77
@/home/ec2-user/data/topics/1565 78
@/home/ec2-user/data/topics/4753 79
@/home/ec2-user/data/topics/3888 80
三菱自動車工業株式会社

@/home/ec2-user/data/topics/2101 81
@/home/ec2-user/data/topics/1527 81
@/home/ec2-user/data/topics/1428 82
@/home/ec2-user/data/topics/4189 83
@/home/ec2-user/data/topics/3815 84
@/home/ec2-user/data/topics/3502 85
@/home/ec2-user/data/topics/1816 86
@/home/ec2-user/data/topics/3940 87
日産自動車株式会社

@/home/ec2-user/data/topics/3497 88
@/home/ec2-user/data/topics/3489 88
@/home/ec2-user/data/topics/3501 89
@/home/ec2-user/data/topics/3645 90
@/home/ec2-user/data/topics/3723 91
@/home/ec2-user/data/topics/3677 92
@/home/ec2-user/data/topics/3936 93
@/home/ec2-user/data/topics/4074 94
@/home/ec2-user/data/topics/3712 95
@/home/ec2-user/data/topics/3829 96
@/home/ec2-user/data/topics/4982 97
トヨタ自動車株式会社

@/home/ec2-user/data/topics/2218 98
@/home/ec2-user/data/topics/3725 98
@/home/ec2-user/data/topics/4064 99
@/home/ec2-user/data/topics/3356 100
@/home/ec2-user/data/topics/4617 101
@/home/ec2-user/data/topics/3671 102
@/home/ec2-user/data/topics/4144 103
@/home/ec2-user/data/topics/4647 104
@/home/ec2-user/data/topics/3481 105
@/home/ec2-user/data/topics/3405 106
@/home/ec2-user/data/topics/4920 107
@/home/ec2-user/data/topics/4346 108
@/home/ec2-user/data/topics/3943 109
@/home/ec2-user/data/topics/1551 110
@/home/ec2-user/data/topics/4426 111
@/home/ec2-user/data/topics/1494 112
@/home/ec2-user/data/topics/3587 113
@/home/ec2-user/data/topics/3699 114
@/home/ec2-user/data/topics/4298 115
@/home/ec2-user/data/topics/3731 116
@/home/ec2-user/data/topics/4543 117
@/home/ec2-user/data/topics/4030 118
@/home/ec2-user/data/topics/2111 119
@/home/ec2-user/data/topics/3758 120
@/home/ec2-user/data/topics/4767 121
@/home/ec2-user/data/topics/3783 122
@/home/ec2-user/data/topics/4008 123
@/home/ec2-user/data/topics/4633 124
@/home/ec2-user/data/topics/4658 125
オリンパス光学工業株式会社

@/home/ec2-user/data/topics/1869 126
@/home/ec2-user/data/topics/1107 126
@/home/ec2-user/data/topics/1835 127
@/home/ec2-user/data/topics/1155 128
@/home/ec2-user/data/topics/1981 129
@/home/ec2-user/data/topics/1739 130
@/home/ec2-user/data/topics/1586 131
@/home/ec2-user/data/topics/4878 132
@/home/ec2-user/data/topics/4007 133
@/home/ec2-user/data/topics/4013 134
@/home/ec2-user/data/topics/2026 135
@/home/ec2-user/data/topics/5006 136
ブラザー工業株式会社

@/home/ec2-user/data/topics/1183 137
@/home/ec2-user/data/topics/1076 137
@/home/ec2-user/data/topics/2086 138
@/home/ec2-user/data/topics/3789 139
@/home/ec2-user/data/topics/4548 140
@/home/ec2-user/data/topics/3507 141
@/home/ec2-user/data/topics/1300 142
@/home/ec2-user/data/topics/1697 143
@/home/ec2-user/data/topics/3613 144
@/home/ec2-user/data/topics/2085 145
@/home/ec2-user/data/topics/1164 146
@/home/ec2-user/data/topics/1906 147
@/home/ec2-user/data/topics/3686 148
@/home/ec2-user/data/topics/3477 149
@/home/ec2-user/data/topics/1636 150
富士通株式会社

@/home/ec2-user/data/topics/3749 151
@/home/ec2-user/data/topics/3460 151
@/home/ec2-user/data/topics/1874 152
@/home/ec2-user/data/topics/1609 153
@/home/ec2-user/data/topics/3846 154
@/home/ec2-user/data/topics/3962 155
@/home/ec2-user/data/topics/3862 156
@/home/ec2-user/data/topics/1271 157
@/home/ec2-user/data/topics/3870 158
@/home/ec2-user/data/topics/3970 159
@/home/ec2-user/data/topics/3381 160
@/home/ec2-user/data/topics/3802 161
@/home/ec2-user/data/topics/3912 162
@/home/ec2-user/data/topics/2227 163
@/home/ec2-user/data/topics/4191 164
@/home/ec2-user/data/topics/1264 165
@/home/ec2-user/data/topics/3751 166
@/home/ec2-user/data/topics/2216 167
@/home/ec2-user/data/topics/3399 168
@/home/ec2-user/data/topics/1547 169
@/home/ec2-user/data/topics/1998 170
@/home/ec2-user/data/topics/3400 171
@/home/ec2-user/data/topics/3883 172
@/home/ec2-user/data/topics/1123 173
@/home/ec2-user/data/topics/2215 174
@/home/ec2-user/data/topics/3799 175
@/home/ec2-user/data/topics/3428 176
@/home/ec2-user/data/topics/3850 177
@/home/ec2-user/data/topics/5004 178
@/home/ec2-user/data/topics/3765 179
@/home/ec2-user/data/topics/3636 180
@/home/ec2-user/data/topics/3538 181
静岡日本電気株式会社

@/home/ec2-user/data/topics/4314 182
@/home/ec2-user/data/topics/4250 182
@/home/ec2-user/data/topics/4326 183
@/home/ec2-user/data/topics/4507 184
@/home/ec2-user/data/topics/4365 185
@/home/ec2-user/data/topics/4531 186
住友重機械工業株式会社

@/home/ec2-user/data/topics/1553 187
@/home/ec2-user/data/topics/1900 187
@/home/ec2-user/data/topics/1505 188
@/home/ec2-user/data/topics/1019 189
@/home/ec2-user/data/topics/1373 190
@/home/ec2-user/data/topics/4854 191
@/home/ec2-user/data/topics/3868 192
@/home/ec2-user/data/topics/2039 193
@/home/ec2-user/data/topics/3952 194
大日本印刷株式会社

@/home/ec2-user/data/topics/1262 195
@/home/ec2-user/data/topics/3388 195
@/home/ec2-user/data/topics/1145 196
@/home/ec2-user/data/topics/1564 197
@/home/ec2-user/data/topics/3569 198
@/home/ec2-user/data/topics/1099 199
日本電気株式会社

@/home/ec2-user/data/topics/4434 200
@/home/ec2-user/data/topics/4192 200
@/home/ec2-user/data/topics/4134 201
@/home/ec2-user/data/topics/1634 202
@/home/ec2-user/data/topics/4536 203
@/home/ec2-user/data/topics/1523 204
@/home/ec2-user/data/topics/4097 205
@/home/ec2-user/data/topics/1844 206
@/home/ec2-user/data/topics/1612 207
@/home/ec2-user/data/topics/2150 208
@/home/ec2-user/data/topics/4359 209
@/home/ec2-user/data/topics/4725 210
@/home/ec2-user/data/topics/1891 211
@/home/ec2-user/data/topics/3938 212
@/home/ec2-user/data/topics/4276 213
@/home/ec2-user/data/topics/4404 214
@/home/ec2-user/data/topics/4137 215
@/home/ec2-user/data/topics/4759 216
@/home/ec2-user/data/topics/1362 217
@/home/ec2-user/data/topics/3971 218
@/home/ec2-user/data/topics/4760 219
@/home/ec2-user/data/topics/4320 220
@/home/ec2-user/data/topics/4158 221
@/home/ec2-user/data/topics/4651 222
@/home/ec2-user/data/topics/4414 223
@/home/ec2-user/data/topics/2127 224
@/home/ec2-user/data/topics/1281 225
@/home/ec2-user/data/topics/4260 226
@/home/ec2-user/data/topics/1364 227
@/home/ec2-user/data/topics/1815 228
@/home/ec2-user/data/topics/4764 229
@/home/ec2-user/data/topics/4352 230
@/home/ec2-user/data/topics/4313 231
@/home/ec2-user/data/topics/4267 232
@/home/ec2-user/data/topics/1661 233
@/home/ec2-user/data/topics/4480 234
@/home/ec2-user/data/topics/2031 235
@/home/ec2-user/data/topics/4003 236
@/home/ec2-user/data/topics/4750 237
@/home/ec2-user/data/topics/4427 238
@/home/ec2-user/data/topics/1383 239
@/home/ec2-user/data/topics/4595 240
@/home/ec2-user/data/topics/4460 241
@/home/ec2-user/data/topics/4244 242
@/home/ec2-user/data/topics/1078 243
@/home/ec2-user/data/topics/2119 244
@/home/ec2-user/data/topics/4318 245
@/home/ec2-user/data/topics/3853 246
@/home/ec2-user/data/topics/4850 247
@/home/ec2-user/data/topics/4666 248
@/home/ec2-user/data/topics/1112 249
@/home/ec2-user/data/topics/4742 250
@/home/ec2-user/data/topics/4209 251
@/home/ec2-user/data/topics/4371 252
@/home/ec2-user/data/topics/2166 253
@/home/ec2-user/data/topics/4699 254
@/home/ec2-user/data/topics/4278 255
@/home/ec2-user/data/topics/1867 256
@/home/ec2-user/data/topics/4718 257
@/home/ec2-user/data/topics/4129 258
@/home/ec2-user/data/topics/4185 259
@/home/ec2-user/data/topics/1464 260
@/home/ec2-user/data/topics/1567 261
@/home/ec2-user/data/topics/4071 262
@/home/ec2-user/data/topics/4877 263
@/home/ec2-user/data/topics/4315 264
@/home/ec2-user/data/topics/4613 265
@/home/ec2-user/data/topics/4319 266
@/home/ec2-user/data/topics/4665 267
@/home/ec2-user/data/topics/4838 268
@/home/ec2-user/data/topics/3896 269
@/home/ec2-user/data/topics/4082 270
@/home/ec2-user/data/topics/4092 271
@/home/ec2-user/data/topics/4120 272
@/home/ec2-user/data/topics/4275 273
@/home/ec2-user/data/topics/4433 274
@/home/ec2-user/data/topics/4779 275
@/home/ec2-user/data/topics/4204 276
@/home/ec2-user/data/topics/4360 277
@/home/ec2-user/data/topics/1973 278
@/home/ec2-user/data/topics/1948 279
@/home/ec2-user/data/topics/4657 280
@/home/ec2-user/data/topics/4876 281
@/home/ec2-user/data/topics/4388 282
@/home/ec2-user/data/topics/4458 283
@/home/ec2-user/data/topics/4246 284
@/home/ec2-user/data/topics/4207 285
@/home/ec2-user/data/topics/4342 286
@/home/ec2-user/data/topics/4447 287
@/home/ec2-user/data/topics/4216 288
@/home/ec2-user/data/topics/4644 289
@/home/ec2-user/data/topics/4598 290
@/home/ec2-user/data/topics/4398 291
@/home/ec2-user/data/topics/4236 292
@/home/ec2-user/data/topics/1783 293
@/home/ec2-user/data/topics/1557 294
@/home/ec2-user/data/topics/4154 295
@/home/ec2-user/data/topics/4446 296
@/home/ec2-user/data/topics/4418 297
@/home/ec2-user/data/topics/4530 298
@/home/ec2-user/data/topics/3995 299
@/home/ec2-user/data/topics/4689 300
@/home/ec2-user/data/topics/1122 301
@/home/ec2-user/data/topics/4257 302
@/home/ec2-user/data/topics/4429 303
@/home/ec2-user/data/topics/4273 304
@/home/ec2-user/data/topics/1928 305
@/home/ec2-user/data/topics/4634 306
@/home/ec2-user/data/topics/1199 307
@/home/ec2-user/data/topics/4153 308
@/home/ec2-user/data/topics/1879 309
@/home/ec2-user/data/topics/4490 310
@/home/ec2-user/data/topics/4281 311
@/home/ec2-user/data/topics/4063 312
@/home/ec2-user/data/topics/4081 313
@/home/ec2-user/data/topics/4578 314
@/home/ec2-user/data/topics/1852 315
@/home/ec2-user/data/topics/1595 316
@/home/ec2-user/data/topics/4171 317
@/home/ec2-user/data/topics/1044 318
@/home/ec2-user/data/topics/4247 319
@/home/ec2-user/data/topics/4100 320
@/home/ec2-user/data/topics/4770 321
@/home/ec2-user/data/topics/3865 322
@/home/ec2-user/data/topics/1486 323
@/home/ec2-user/data/topics/4116 324
@/home/ec2-user/data/topics/1360 325
@/home/ec2-user/data/topics/4062 326
@/home/ec2-user/data/topics/4940 327
@/home/ec2-user/data/topics/2088 328
@/home/ec2-user/data/topics/4128 329
@/home/ec2-user/data/topics/1624 330
@/home/ec2-user/data/topics/4808 331
@/home/ec2-user/data/topics/4300 332
@/home/ec2-user/data/topics/4227 333
@/home/ec2-user/data/topics/4310 334
@/home/ec2-user/data/topics/4902 335
@/home/ec2-user/data/topics/4775 336
@/home/ec2-user/data/topics/1791 337
@/home/ec2-user/data/topics/3767 338
@/home/ec2-user/data/topics/4477 339
@/home/ec2-user/data/topics/4561 340
@/home/ec2-user/data/topics/4343 341
@/home/ec2-user/data/topics/4824 342
@/home/ec2-user/data/topics/4497 343
@/home/ec2-user/data/topics/3744 344
@/home/ec2-user/data/topics/4425 345
@/home/ec2-user/data/topics/1500 346
@/home/ec2-user/data/topics/4892 347
@/home/ec2-user/data/topics/4238 348
@/home/ec2-user/data/topics/4272 349
@/home/ec2-user/data/topics/4389 350
@/home/ec2-user/data/topics/4142 351
@/home/ec2-user/data/topics/4243 352
@/home/ec2-user/data/topics/4485 353
@/home/ec2-user/data/topics/1100 354
@/home/ec2-user/data/topics/4603 355
@/home/ec2-user/data/topics/4537 356
@/home/ec2-user/data/topics/4093 357
@/home/ec2-user/data/topics/4196 358
@/home/ec2-user/data/topics/1773 359
@/home/ec2-user/data/topics/1724 360
@/home/ec2-user/data/topics/4549 361
@/home/ec2-user/data/topics/4626 362
@/home/ec2-user/data/topics/4390 363
@/home/ec2-user/data/topics/3956 364
@/home/ec2-user/data/topics/4309 365
@/home/ec2-user/data/topics/4162 366
@/home/ec2-user/data/topics/1016 367
@/home/ec2-user/data/topics/4240 368
@/home/ec2-user/data/topics/4186 369
@/home/ec2-user/data/topics/1937 370
@/home/ec2-user/data/topics/2144 371
@/home/ec2-user/data/topics/4659 372
@/home/ec2-user/data/topics/3766 373
@/home/ec2-user/data/topics/3729 374
@/home/ec2-user/data/topics/3897 375
@/home/ec2-user/data/topics/4442 376
@/home/ec2-user/data/topics/3724 377
@/home/ec2-user/data/topics/4017 378
@/home/ec2-user/data/topics/4288 379
@/home/ec2-user/data/topics/1116 380
@/home/ec2-user/data/topics/1764 381
@/home/ec2-user/data/topics/4785 382
@/home/ec2-user/data/topics/4650 383
@/home/ec2-user/data/topics/4696 384
@/home/ec2-user/data/topics/4440 385
@/home/ec2-user/data/topics/4254 386
@/home/ec2-user/data/topics/3886 387
@/home/ec2-user/data/topics/4532 388
@/home/ec2-user/data/topics/1457 389
@/home/ec2-user/data/topics/4643 390
@/home/ec2-user/data/topics/4728 391
@/home/ec2-user/data/topics/4609 392
@/home/ec2-user/data/topics/4393 393
@/home/ec2-user/data/topics/1923 394
@/home/ec2-user/data/topics/3875 395
@/home/ec2-user/data/topics/4168 396
@/home/ec2-user/data/topics/3954 397
@/home/ec2-user/data/topics/4749 398
@/home/ec2-user/data/topics/2041 399
@/home/ec2-user/data/topics/1052 400
@/home/ec2-user/data/topics/1710 401
@/home/ec2-user/data/topics/4682 402
@/home/ec2-user/data/topics/4338 403
@/home/ec2-user/data/topics/4708 404
@/home/ec2-user/data/topics/4646 405
@/home/ec2-user/data/topics/4721 406
@/home/ec2-user/data/topics/4119 407
@/home/ec2-user/data/topics/4816 408
@/home/ec2-user/data/topics/5034 409
@/home/ec2-user/data/topics/4486 410
@/home/ec2-user/data/topics/1101 411
@/home/ec2-user/data/topics/4584 412
@/home/ec2-user/data/topics/1326 413
@/home/ec2-user/data/topics/4258 414
@/home/ec2-user/data/topics/4926 415
@/home/ec2-user/data/topics/4533 416
@/home/ec2-user/data/topics/2022 417
@/home/ec2-user/data/topics/4138 418
松下電器産業株式会社

@/home/ec2-user/data/topics/3619 419
@/home/ec2-user/data/topics/3904 419
@/home/ec2-user/data/topics/1158 420
@/home/ec2-user/data/topics/3951 421
@/home/ec2-user/data/topics/1885 422
@/home/ec2-user/data/topics/4102 423
@/home/ec2-user/data/topics/3558 424
@/home/ec2-user/data/topics/4676 425
@/home/ec2-user/data/topics/2080 426
@/home/ec2-user/data/topics/4422 427
@/home/ec2-user/data/topics/3510 428
@/home/ec2-user/data/topics/1589 429
@/home/ec2-user/data/topics/4193 430
@/home/ec2-user/data/topics/4229 431
@/home/ec2-user/data/topics/3585 432
@/home/ec2-user/data/topics/4464 433
@/home/ec2-user/data/topics/4160 434
@/home/ec2-user/data/topics/3807 435
@/home/ec2-user/data/topics/1955 436
@/home/ec2-user/data/topics/4503 437
@/home/ec2-user/data/topics/4280 438
@/home/ec2-user/data/topics/1898 439
@/home/ec2-user/data/topics/1633 440
@/home/ec2-user/data/topics/1179 441
@/home/ec2-user/data/topics/4502 442
@/home/ec2-user/data/topics/4945 443
@/home/ec2-user/data/topics/3960 444
@/home/ec2-user/data/topics/4599 445
@/home/ec2-user/data/topics/3719 446
@/home/ec2-user/data/topics/4574 447
@/home/ec2-user/data/topics/3404 448
@/home/ec2-user/data/topics/1252 449
@/home/ec2-user/data/topics/4806 450
@/home/ec2-user/data/topics/4707 451
@/home/ec2-user/data/topics/4303 452
@/home/ec2-user/data/topics/4787 453
@/home/ec2-user/data/topics/4382 454
@/home/ec2-user/data/topics/3455 455
@/home/ec2-user/data/topics/4264 456
@/home/ec2-user/data/topics/3514 457
@/home/ec2-user/data/topics/3680 458
@/home/ec2-user/data/topics/4180 459
@/home/ec2-user/data/topics/4000 460
@/home/ec2-user/data/topics/1635 461
@/home/ec2-user/data/topics/1136 462
@/home/ec2-user/data/topics/3979 463
@/home/ec2-user/data/topics/1070 464
@/home/ec2-user/data/topics/1257 465
@/home/ec2-user/data/topics/1881 466
@/home/ec2-user/data/topics/4558 467
@/home/ec2-user/data/topics/3746 468
@/home/ec2-user/data/topics/2170 469
@/home/ec2-user/data/topics/3692 470
@/home/ec2-user/data/topics/3739 471
@/home/ec2-user/data/topics/4625 472
@/home/ec2-user/data/topics/4918 473
@/home/ec2-user/data/topics/4961 474
@/home/ec2-user/data/topics/4586 475
@/home/ec2-user/data/topics/1829 476
@/home/ec2-user/data/topics/3658 477
@/home/ec2-user/data/topics/1706 478
@/home/ec2-user/data/topics/4385 479
@/home/ec2-user/data/topics/1701 480
@/home/ec2-user/data/topics/4804 481
@/home/ec2-user/data/topics/2129 482
@/home/ec2-user/data/topics/4355 483
@/home/ec2-user/data/topics/4917 484
@/home/ec2-user/data/topics/2156 485
@/home/ec2-user/data/topics/3494 486
@/home/ec2-user/data/topics/4215 487
@/home/ec2-user/data/topics/5024 488
@/home/ec2-user/data/topics/3519 489
@/home/ec2-user/data/topics/4394 490
@/home/ec2-user/data/topics/4157 491
@/home/ec2-user/data/topics/1762 492
@/home/ec2-user/data/topics/4101 493
@/home/ec2-user/data/topics/4475 494
@/home/ec2-user/data/topics/3721 495
@/home/ec2-user/data/topics/1477 496
@/home/ec2-user/data/topics/4274 497
@/home/ec2-user/data/topics/1705 498
@/home/ec2-user/data/topics/1339 499
@/home/ec2-user/data/topics/4126 500
@/home/ec2-user/data/topics/3704 501
@/home/ec2-user/data/topics/3761 502
@/home/ec2-user/data/topics/3402 503
@/home/ec2-user/data/topics/4761 504
@/home/ec2-user/data/topics/4797 505
@/home/ec2-user/data/topics/1509 506
@/home/ec2-user/data/topics/1516 507
@/home/ec2-user/data/topics/3676 508
@/home/ec2-user/data/topics/1540 509
@/home/ec2-user/data/topics/3920 510
@/home/ec2-user/data/topics/2029 511
@/home/ec2-user/data/topics/2056 512
@/home/ec2-user/data/topics/4885 513
@/home/ec2-user/data/topics/4936 514
@/home/ec2-user/data/topics/4577 515
@/home/ec2-user/data/topics/4798 516
@/home/ec2-user/data/topics/4159 517
@/home/ec2-user/data/topics/4448 518
@/home/ec2-user/data/topics/1748 519
@/home/ec2-user/data/topics/1525 520
@/home/ec2-user/data/topics/4867 521
@/home/ec2-user/data/topics/4491 522
@/home/ec2-user/data/topics/1812 523
@/home/ec2-user/data/topics/1157 524
@/home/ec2-user/data/topics/4043 525
@/home/ec2-user/data/topics/4459 526
@/home/ec2-user/data/topics/4501 527
@/home/ec2-user/data/topics/4098 528
@/home/ec2-user/data/topics/4968 529
@/home/ec2-user/data/topics/3386 530
@/home/ec2-user/data/topics/1026 531
@/home/ec2-user/data/topics/5028 532
@/home/ec2-user/data/topics/4667 533
@/home/ec2-user/data/topics/4307 534
@/home/ec2-user/data/topics/2222 535
@/home/ec2-user/data/topics/3847 536
@/home/ec2-user/data/topics/3694 537
@/home/ec2-user/data/topics/4754 538
@/home/ec2-user/data/topics/4817 539
@/home/ec2-user/data/topics/4139 540
セイコーインスツルメンツ株式会社

@/home/ec2-user/data/topics/4203 541
@/home/ec2-user/data/topics/4036 541
@/home/ec2-user/data/topics/3825 542
@/home/ec2-user/data/topics/4088 543
@/home/ec2-user/data/topics/4190 544
@/home/ec2-user/data/topics/4997 545
@/home/ec2-user/data/topics/3626 546
@/home/ec2-user/data/topics/1707 547
@/home/ec2-user/data/topics/4151 548
ミノルタ株式会社

@/home/ec2-user/data/topics/3545 549
@/home/ec2-user/data/topics/4321 549
@/home/ec2-user/data/topics/4971 550
@/home/ec2-user/data/topics/3810 551
@/home/ec2-user/data/topics/2190 552
@/home/ec2-user/data/topics/4970 553
@/home/ec2-user/data/topics/4977 554
@/home/ec2-user/data/topics/3584 555
@/home/ec2-user/data/topics/1152 556
@/home/ec2-user/data/topics/4951 557
@/home/ec2-user/data/topics/4986 558
@/home/ec2-user/data/topics/4984 559
株式会社リコー

@/home/ec2-user/data/topics/1806 560
@/home/ec2-user/data/topics/1282 560
@/home/ec2-user/data/topics/1095 561
@/home/ec2-user/data/topics/1775 562
@/home/ec2-user/data/topics/1478 563
@/home/ec2-user/data/topics/1740 564
@/home/ec2-user/data/topics/3530 565
@/home/ec2-user/data/topics/3880 566
@/home/ec2-user/data/topics/2201 567
@/home/ec2-user/data/topics/1433 568
@/home/ec2-user/data/topics/3557 569
@/home/ec2-user/data/topics/1514 570
@/home/ec2-user/data/topics/2189 571
@/home/ec2-user/data/topics/3548 572
@/home/ec2-user/data/topics/4037 573
@/home/ec2-user/data/topics/1774 574
@/home/ec2-user/data/topics/3436 575
@/home/ec2-user/data/topics/1670 576
@/home/ec2-user/data/topics/3759 577
@/home/ec2-user/data/topics/1718 578
@/home/ec2-user/data/topics/1974 579
@/home/ec2-user/data/topics/4344 580
@/home/ec2-user/data/topics/1780 581
@/home/ec2-user/data/topics/4879 582
@/home/ec2-user/data/topics/3378 583
@/home/ec2-user/data/topics/3687 584
@/home/ec2-user/data/topics/2006 585
@/home/ec2-user/data/topics/1878 586
@/home/ec2-user/data/topics/1755 587
@/home/ec2-user/data/topics/3574 588
@/home/ec2-user/data/topics/3633 589
@/home/ec2-user/data/topics/1663 590
@/home/ec2-user/data/topics/3495 591
@/home/ec2-user/data/topics/2182 592
@/home/ec2-user/data/topics/2200 593
@/home/ec2-user/data/topics/2043 594
@/home/ec2-user/data/topics/3669 595
@/home/ec2-user/data/topics/3750 596
@/home/ec2-user/data/topics/1482 597
@/home/ec2-user/data/topics/1610 598
@/home/ec2-user/data/topics/2090 599
@/home/ec2-user/data/topics/3555 600
@/home/ec2-user/data/topics/3837 601
@/home/ec2-user/data/topics/3394 602
@/home/ec2-user/data/topics/3474 603
@/home/ec2-user/data/topics/3424 604
@/home/ec2-user/data/topics/4265 605
@/home/ec2-user/data/topics/2219 606
@/home/ec2-user/data/topics/1083 607
@/home/ec2-user/data/topics/3713 608
@/home/ec2-user/data/topics/1668 609
@/home/ec2-user/data/topics/3711 610
@/home/ec2-user/data/topics/3523 611
@/home/ec2-user/data/topics/3411 612
@/home/ec2-user/data/topics/1627 613
@/home/ec2-user/data/topics/1225 614
@/home/ec2-user/data/topics/4616 615
@/home/ec2-user/data/topics/1691 616
@/home/ec2-user/data/topics/1776 617
@/home/ec2-user/data/topics/3446 618
@/home/ec2-user/data/topics/1106 619
@/home/ec2-user/data/topics/1593 620
@/home/ec2-user/data/topics/3472 621
@/home/ec2-user/data/topics/1190 622
@/home/ec2-user/data/topics/1436 623
@/home/ec2-user/data/topics/1976 624
@/home/ec2-user/data/topics/1669 625
@/home/ec2-user/data/topics/1064 626
@/home/ec2-user/data/topics/3775 627
@/home/ec2-user/data/topics/3484 628
@/home/ec2-user/data/topics/4781 629
独立行政法人産業技術総合研究所

@/home/ec2-user/data/topics/4869 630
@/home/ec2-user/data/topics/1356 630
@/home/ec2-user/data/topics/4739 631
@/home/ec2-user/data/topics/4800 632
@/home/ec2-user/data/topics/4777 633
@/home/ec2-user/data/topics/4740 634
ソニー株式会社

@/home/ec2-user/data/topics/3975 635
@/home/ec2-user/data/topics/2105 635
@/home/ec2-user/data/topics/1102 636
@/home/ec2-user/data/topics/1884 637
@/home/ec2-user/data/topics/4184 638
@/home/ec2-user/data/topics/1414 639
@/home/ec2-user/data/topics/5027 640
@/home/ec2-user/data/topics/3955 641
@/home/ec2-user/data/topics/1749 642
@/home/ec2-user/data/topics/1059 643
@/home/ec2-user/data/topics/2094 644
@/home/ec2-user/data/topics/1471 645
@/home/ec2-user/data/topics/3401 646
@/home/ec2-user/data/topics/1686 647
@/home/ec2-user/data/topics/1892 648
@/home/ec2-user/data/topics/1380 649
@/home/ec2-user/data/topics/1926 650
@/home/ec2-user/data/topics/4351 651
@/home/ec2-user/data/topics/1233 652
@/home/ec2-user/data/topics/2059 653
@/home/ec2-user/data/topics/3392 654
@/home/ec2-user/data/topics/1426 655
@/home/ec2-user/data/topics/1147 656
@/home/ec2-user/data/topics/2058 657
@/home/ec2-user/data/topics/4224 658
@/home/ec2-user/data/topics/1912 659
@/home/ec2-user/data/topics/1778 660
@/home/ec2-user/data/topics/1291 661
@/home/ec2-user/data/topics/3924 662
@/home/ec2-user/data/topics/1218 663
@/home/ec2-user/data/topics/3872 664
@/home/ec2-user/data/topics/1298 665
@/home/ec2-user/data/topics/2048 666
@/home/ec2-user/data/topics/1836 667
@/home/ec2-user/data/topics/2037 668
@/home/ec2-user/data/topics/1602 669
@/home/ec2-user/data/topics/1679 670
@/home/ec2-user/data/topics/2075 671
@/home/ec2-user/data/topics/1397 672
@/home/ec2-user/data/topics/1954 673
@/home/ec2-user/data/topics/1491 674
@/home/ec2-user/data/topics/4219 675
@/home/ec2-user/data/topics/1967 676
@/home/ec2-user/data/topics/1873 677
@/home/ec2-user/data/topics/1435 678
@/home/ec2-user/data/topics/2052 679
@/home/ec2-user/data/topics/3456 680
富士ゼロックス株式会社

@/home/ec2-user/data/topics/3564 681
@/home/ec2-user/data/topics/3366 681
@/home/ec2-user/data/topics/4108 682
@/home/ec2-user/data/topics/3790 683
@/home/ec2-user/data/topics/3383 684
@/home/ec2-user/data/topics/3473 685
@/home/ec2-user/data/topics/3695 686
@/home/ec2-user/data/topics/3782 687
@/home/ec2-user/data/topics/1560 688
@/home/ec2-user/data/topics/5031 689
@/home/ec2-user/data/topics/3661 690
@/home/ec2-user/data/topics/1947 691
@/home/ec2-user/data/topics/3662 692
@/home/ec2-user/data/topics/3640 693
@/home/ec2-user/data/topics/3407 694
住友金属工業株式会社

@/home/ec2-user/data/topics/4182 695
@/home/ec2-user/data/topics/4295 695
@/home/ec2-user/data/topics/3655 696
@/home/ec2-user/data/topics/4021 697
@/home/ec2-user/data/topics/4322 698
@/home/ec2-user/data/topics/3826 699
@/home/ec2-user/data/topics/1268 700
@/home/ec2-user/data/topics/4991 701
@/home/ec2-user/data/topics/4661 702
@/home/ec2-user/data/topics/3577 703
@/home/ec2-user/data/topics/4534 704
@/home/ec2-user/data/topics/4733 705
日立電線株式会社

@/home/ec2-user/data/topics/1117 706
@/home/ec2-user/data/topics/1027 706
@/home/ec2-user/data/topics/4329 707
@/home/ec2-user/data/topics/4357 708
@/home/ec2-user/data/topics/4356 709
@/home/ec2-user/data/topics/3930 710
@/home/ec2-user/data/topics/1388 711
@/home/ec2-user/data/topics/1305 712
@/home/ec2-user/data/topics/3756 713
キヤノン株式会社

@/home/ec2-user/data/topics/2231 714
@/home/ec2-user/data/topics/1744 714
@/home/ec2-user/data/topics/4520 715
@/home/ec2-user/data/topics/3376 716
@/home/ec2-user/data/topics/1975 717
@/home/ec2-user/data/topics/1790 718
@/home/ec2-user/data/topics/3410 719
@/home/ec2-user/data/topics/1124 720
@/home/ec2-user/data/topics/1568 721
@/home/ec2-user/data/topics/3374 722
@/home/ec2-user/data/topics/3755 723
@/home/ec2-user/data/topics/3438 724
@/home/ec2-user/data/topics/4363 725
@/home/ec2-user/data/topics/4947 726
@/home/ec2-user/data/topics/1631 727
@/home/ec2-user/data/topics/1228 728
@/home/ec2-user/data/topics/3434 729
@/home/ec2-user/data/topics/2053 730
@/home/ec2-user/data/topics/3441 731
@/home/ec2-user/data/topics/2117 732
@/home/ec2-user/data/topics/3967 733
@/home/ec2-user/data/topics/4937 734
@/home/ec2-user/data/topics/4068 735
@/home/ec2-user/data/topics/3996 736
@/home/ec2-user/data/topics/1539 737
@/home/ec2-user/data/topics/1455 738
@/home/ec2-user/data/topics/3445 739
@/home/ec2-user/data/topics/1866 740
@/home/ec2-user/data/topics/1745 741
@/home/ec2-user/data/topics/3628 742
@/home/ec2-user/data/topics/3454 743
@/home/ec2-user/data/topics/1118 744
@/home/ec2-user/data/topics/4054 745
@/home/ec2-user/data/topics/3720 746
@/home/ec2-user/data/topics/3417 747
@/home/ec2-user/data/topics/1590 748
@/home/ec2-user/data/topics/3656 749
@/home/ec2-user/data/topics/3722 750
@/home/ec2-user/data/topics/3737 751
@/home/ec2-user/data/topics/3852 752
@/home/ec2-user/data/topics/3843 753
@/home/ec2-user/data/topics/3730 754
@/home/ec2-user/data/topics/1208 755
@/home/ec2-user/data/topics/1895 756
@/home/ec2-user/data/topics/1848 757
@/home/ec2-user/data/topics/4610 758
@/home/ec2-user/data/topics/2145 759
@/home/ec2-user/data/topics/2243 760
@/home/ec2-user/data/topics/1438 761
@/home/ec2-user/data/topics/1216 762
@/home/ec2-user/data/topics/4948 763
@/home/ec2-user/data/topics/4628 764
@/home/ec2-user/data/topics/1847 765
@/home/ec2-user/data/topics/1519 766
@/home/ec2-user/data/topics/1889 767
@/home/ec2-user/data/topics/1513 768
@/home/ec2-user/data/topics/1646 769
@/home/ec2-user/data/topics/3416 770
@/home/ec2-user/data/topics/3949 771
@/home/ec2-user/data/topics/4020 772
@/home/ec2-user/data/topics/4521 773
@/home/ec2-user/data/topics/2004 774
@/home/ec2-user/data/topics/1802 775
@/home/ec2-user/data/topics/1961 776
@/home/ec2-user/data/topics/3415 777
@/home/ec2-user/data/topics/3642 778
@/home/ec2-user/data/topics/2107 779
@/home/ec2-user/data/topics/4350 780
@/home/ec2-user/data/topics/3660 781
@/home/ec2-user/data/topics/3420 782
@/home/ec2-user/data/topics/1080 783
@/home/ec2-user/data/topics/3958 784
@/home/ec2-user/data/topics/3430 785
三洋電機株式会社

@/home/ec2-user/data/topics/3808 786
@/home/ec2-user/data/topics/4376 786
@/home/ec2-user/data/topics/3974 787
@/home/ec2-user/data/topics/4384 788
@/home/ec2-user/data/topics/4178 789
@/home/ec2-user/data/topics/4978 790
@/home/ec2-user/data/topics/2071 791
@/home/ec2-user/data/topics/1653 792
@/home/ec2-user/data/topics/3817 793
@/home/ec2-user/data/topics/3492 794
@/home/ec2-user/data/topics/3859 795
@/home/ec2-user/data/topics/2063 796
@/home/ec2-user/data/topics/3986 797
@/home/ec2-user/data/topics/4066 798
@/home/ec2-user/data/topics/4720 799
@/home/ec2-user/data/topics/1289 800
@/home/ec2-user/data/topics/4983 801
@/home/ec2-user/data/topics/3926 802
@/home/ec2-user/data/topics/3581 803
@/home/ec2-user/data/topics/4001 804
@/home/ec2-user/data/topics/4304 805
@/home/ec2-user/data/topics/1722 806
@/home/ec2-user/data/topics/4788 807
@/home/ec2-user/data/topics/4527 808
@/home/ec2-user/data/topics/1246 809
@/home/ec2-user/data/topics/4039 810
@/home/ec2-user/data/topics/3398 811
@/home/ec2-user/data/topics/2194 812
@/home/ec2-user/data/topics/2098 813
@/home/ec2-user/data/topics/4061 814
@/home/ec2-user/data/topics/4015 815
@/home/ec2-user/data/topics/1652 816
@/home/ec2-user/data/topics/3754 817
@/home/ec2-user/data/topics/3781 818
@/home/ec2-user/data/topics/4150 819
@/home/ec2-user/data/topics/2230 820
@/home/ec2-user/data/topics/1488 821
@/home/ec2-user/data/topics/3625 822
@/home/ec2-user/data/topics/4060 823
@/home/ec2-user/data/topics/4604 824
@/home/ec2-user/data/topics/1515 825
@/home/ec2-user/data/topics/3681 826
@/home/ec2-user/data/topics/3804 827
@/home/ec2-user/data/topics/3889 828
@/home/ec2-user/data/topics/3830 829
@/home/ec2-user/data/topics/4960 830
@/home/ec2-user/data/topics/4212 831
@/home/ec2-user/data/topics/1163 832
@/home/ec2-user/data/topics/4492 833
@/home/ec2-user/data/topics/2054 834
@/home/ec2-user/data/topics/1479 835
@/home/ec2-user/data/topics/4099 836
@/home/ec2-user/data/topics/3539 837
@/home/ec2-user/data/topics/4301 838
@/home/ec2-user/data/topics/1079 839
@/home/ec2-user/data/topics/3845 840
@/home/ec2-user/data/topics/4679 841
@/home/ec2-user/data/topics/4837 842
@/home/ec2-user/data/topics/2014 843
@/home/ec2-user/data/topics/4179 844
@/home/ec2-user/data/topics/4571 845
@/home/ec2-user/data/topics/4763 846
@/home/ec2-user/data/topics/1980 847
@/home/ec2-user/data/topics/3906 848
@/home/ec2-user/data/topics/3491 849
@/home/ec2-user/data/topics/4654 850
@/home/ec2-user/data/topics/1386 851
@/home/ec2-user/data/topics/1321 852
@/home/ec2-user/data/topics/4474 853
@/home/ec2-user/data/topics/5002 854
@/home/ec2-user/data/topics/1451 855
@/home/ec2-user/data/topics/4612 856
@/home/ec2-user/data/topics/4328 857
@/home/ec2-user/data/topics/3403 858
@/home/ec2-user/data/topics/3953 859
@/home/ec2-user/data/topics/4726 860
@/home/ec2-user/data/topics/1671 861
@/home/ec2-user/data/topics/5011 862
@/home/ec2-user/data/topics/3708 863
三菱電機株式会社

@/home/ec2-user/data/topics/4047 864
@/home/ec2-user/data/topics/1536 864
@/home/ec2-user/data/topics/3841 865
@/home/ec2-user/data/topics/3856 866
@/home/ec2-user/data/topics/1872 867
@/home/ec2-user/data/topics/3592 868
@/home/ec2-user/data/topics/3595 869
@/home/ec2-user/data/topics/3466 870
@/home/ec2-user/data/topics/1110 871
@/home/ec2-user/data/topics/3412 872
@/home/ec2-user/data/topics/2146 873
@/home/ec2-user/data/topics/4076 874
@/home/ec2-user/data/topics/4614 875
@/home/ec2-user/data/topics/4518 876
@/home/ec2-user/data/topics/4220 877
@/home/ec2-user/data/topics/3747 878
@/home/ec2-user/data/topics/3409 879
@/home/ec2-user/data/topics/4282 880
@/home/ec2-user/data/topics/4552 881
@/home/ec2-user/data/topics/4880 882
@/home/ec2-user/data/topics/5033 883
@/home/ec2-user/data/topics/3609 884
@/home/ec2-user/data/topics/4419 885
@/home/ec2-user/data/topics/3453 886
@/home/ec2-user/data/topics/5032 887
@/home/ec2-user/data/topics/3873 888
@/home/ec2-user/data/topics/3820 889
@/home/ec2-user/data/topics/4562 890
@/home/ec2-user/data/topics/1738 891
@/home/ec2-user/data/topics/3506 892
@/home/ec2-user/data/topics/4233 893
@/home/ec2-user/data/topics/4149 894
@/home/ec2-user/data/topics/3465 895
@/home/ec2-user/data/topics/1754 896
@/home/ec2-user/data/topics/3397 897
@/home/ec2-user/data/topics/1792 898
@/home/ec2-user/data/topics/1220 899
@/home/ec2-user/data/topics/3666 900
@/home/ec2-user/data/topics/4221 901
@/home/ec2-user/data/topics/4980 902
@/home/ec2-user/data/topics/3612 903
@/home/ec2-user/data/topics/4834 904
@/home/ec2-user/data/topics/3616 905
@/home/ec2-user/data/topics/3774 906
@/home/ec2-user/data/topics/3963 907
@/home/ec2-user/data/topics/4041 908
@/home/ec2-user/data/topics/3469 909
@/home/ec2-user/data/topics/3451 910
@/home/ec2-user/data/topics/3921 911
@/home/ec2-user/data/topics/4133 912
@/home/ec2-user/data/topics/4235 913
@/home/ec2-user/data/topics/4181 914
@/home/ec2-user/data/topics/3493 915
@/home/ec2-user/data/topics/4305 916
@/home/ec2-user/data/topics/3490 917
@/home/ec2-user/data/topics/4514 918
@/home/ec2-user/data/topics/4663 919
@/home/ec2-user/data/topics/3800 920
住友ゴム工業株式会社

@/home/ec2-user/data/topics/2007 921
@/home/ec2-user/data/topics/1114 921
@/home/ec2-user/data/topics/4048 922
@/home/ec2-user/data/topics/4406 923
@/home/ec2-user/data/topics/4597 924
@/home/ec2-user/data/topics/1758 925
@/home/ec2-user/data/topics/4568 926
セイコーエプソン株式会社

@/home/ec2-user/data/topics/3985 927
@/home/ec2-user/data/topics/2078 927
@/home/ec2-user/data/topics/1484 928
@/home/ec2-user/data/topics/3887 929
@/home/ec2-user/data/topics/3476 930
@/home/ec2-user/data/topics/3505 931
@/home/ec2-user/data/topics/4109 932
@/home/ec2-user/data/topics/1938 933
@/home/ec2-user/data/topics/4022 934
@/home/ec2-user/data/topics/3361 935
@/home/ec2-user/data/topics/1423 936
@/home/ec2-user/data/topics/1378 937
@/home/ec2-user/data/topics/4801 938
@/home/ec2-user/data/topics/3819 939
@/home/ec2-user/data/topics/2165 940
@/home/ec2-user/data/topics/3910 941
@/home/ec2-user/data/topics/4454 942
@/home/ec2-user/data/topics/4605 943
@/home/ec2-user/data/topics/1890 944
@/home/ec2-user/data/topics/4585 945
@/home/ec2-user/data/topics/1641 946
@/home/ec2-user/data/topics/4386 947
@/home/ec2-user/data/topics/4719 948
@/home/ec2-user/data/topics/1343 949
@/home/ec2-user/data/topics/4802 950
@/home/ec2-user/data/topics/3589 951
株式会社三共

@/home/ec2-user/data/topics/4374 952
@/home/ec2-user/data/topics/2123 952
@/home/ec2-user/data/topics/4868 953
@/home/ec2-user/data/topics/1189 954
@/home/ec2-user/data/topics/2060 955
@/home/ec2-user/data/topics/1377 956
@/home/ec2-user/data/topics/1648 957
@/home/ec2-user/data/topics/1086 958
@/home/ec2-user/data/topics/1665 959
沖電気工業株式会社

@/home/ec2-user/data/topics/3764 960
@/home/ec2-user/data/topics/4299 960
@/home/ec2-user/data/topics/1188 961
@/home/ec2-user/data/topics/4575 962
@/home/ec2-user/data/topics/3571 963
@/home/ec2-user/data/topics/1531 964
@/home/ec2-user/data/topics/3433 965
@/home/ec2-user/data/topics/3395 966
@/home/ec2-user/data/topics/4693 967
@/home/ec2-user/data/topics/4308 968
@/home/ec2-user/data/topics/3964 969
@/home/ec2-user/data/topics/3690 970
@/home/ec2-user/data/topics/3621 971
@/home/ec2-user/data/topics/3457 972
株式会社三星

@/home/ec2-user/data/topics/2198 973
@/home/ec2-user/data/topics/3942 973
@/home/ec2-user/data/topics/1260 974
@/home/ec2-user/data/topics/1728 975
@/home/ec2-user/data/topics/2108 976
@/home/ec2-user/data/topics/1733 977
日本ビクター株式会社

@/home/ec2-user/data/topics/1389 978
@/home/ec2-user/data/topics/4056 978
@/home/ec2-user/data/topics/3939 979
@/home/ec2-user/data/topics/4123 980
@/home/ec2-user/data/topics/1440 981
@/home/ec2-user/data/topics/3603 982
@/home/ec2-user/data/topics/3882 983
@/home/ec2-user/data/topics/4672 984
@/home/ec2-user/data/topics/1520 985
@/home/ec2-user/data/topics/3620 986
@/home/ec2-user/data/topics/1823 987
花王株式会社

@/home/ec2-user/data/topics/4287 988
@/home/ec2-user/data/topics/4827 988
@/home/ec2-user/data/topics/1767 989
@/home/ec2-user/data/topics/2214 990
@/home/ec2-user/data/topics/4249 991
@/home/ec2-user/data/topics/1196 992
@/home/ec2-user/data/topics/3884 993
@/home/ec2-user/data/topics/3999 994
@/home/ec2-user/data/topics/4211 995
@/home/ec2-user/data/topics/3753 996
@/home/ec2-user/data/topics/1022 997
@/home/ec2-user/data/topics/3812 998
@/home/ec2-user/data/topics/4445 999
三田工業株式会社

@/home/ec2-user/data/topics/1034 1000
@/home/ec2-user/data/topics/1766 1000
@/home/ec2-user/data/topics/2136 1001
@/home/ec2-user/data/topics/3604 1002
@/home/ec2-user/data/topics/1269 1003
@/home/ec2-user/data/topics/3923 1004
@/home/ec2-user/data/topics/1033 1005
@/home/ec2-user/data/topics/3842 1006
@/home/ec2-user/data/topics/2155 1007
豊丸産業株式会社

@/home/ec2-user/data/topics/1097 1008
@/home/ec2-user/data/topics/2169 1008
@/home/ec2-user/data/topics/1284 1009
@/home/ec2-user/data/topics/1126 1010
@/home/ec2-user/data/topics/1588 1011
@/home/ec2-user/data/topics/3672 1012
@/home/ec2-user/data/topics/1713 1013
@/home/ec2-user/data/topics/2011 1014
@/home/ec2-user/data/topics/1138 1015
@/home/ec2-user/data/topics/1677 1016
@/home/ec2-user/data/topics/1401 1017
@/home/ec2-user/data/topics/4847 1018
@/home/ec2-user/data/topics/1726 1019
@/home/ec2-user/data/topics/1353 1020
@/home/ec2-user/data/topics/1914 1021
鐘紡株式会社

@/home/ec2-user/data/topics/1367 1022
@/home/ec2-user/data/topics/3566 1022
@/home/ec2-user/data/topics/4195 1023
@/home/ec2-user/data/topics/1870 1024
@/home/ec2-user/data/topics/1304 1025
@/home/ec2-user/data/topics/1901 1026
@/home/ec2-user/data/topics/1886 1027
@/home/ec2-user/data/topics/1842 1028
@/home/ec2-user/data/topics/1178 1029
@/home/ec2-user/data/topics/3560 1030
@/home/ec2-user/data/topics/2034 1031
@/home/ec2-user/data/topics/3634 1032
@/home/ec2-user/data/topics/2223 1033
@/home/ec2-user/data/topics/1054 1034
@/home/ec2-user/data/topics/2185 1035
@/home/ec2-user/data/topics/3551 1036
株式会社デンソー

@/home/ec2-user/data/topics/1028 1037
@/home/ec2-user/data/topics/4840 1037
@/home/ec2-user/data/topics/4805 1038
@/home/ec2-user/data/topics/3480 1039
@/home/ec2-user/data/topics/1855 1040
@/home/ec2-user/data/topics/4423 1041
@/home/ec2-user/data/topics/4483 1042
@/home/ec2-user/data/topics/3406 1043
@/home/ec2-user/data/topics/3710 1044
@/home/ec2-user/data/topics/4164 1045
@/home/ec2-user/data/topics/4656 1046
@/home/ec2-user/data/topics/4675 1047
@/home/ec2-user/data/topics/4622 1048
@/home/ec2-user/data/topics/3421 1049
@/home/ec2-user/data/topics/4024 1050
@/home/ec2-user/data/topics/4498 1051
@/home/ec2-user/data/topics/4046 1052
富士写真フイルム株式会社

@/home/ec2-user/data/topics/1603 1053
@/home/ec2-user/data/topics/4962 1053
@/home/ec2-user/data/topics/3857 1054
@/home/ec2-user/data/topics/1570 1055
@/home/ec2-user/data/topics/3354 1056
@/home/ec2-user/data/topics/3911 1057
@/home/ec2-user/data/topics/3918 1058
@/home/ec2-user/data/topics/1662 1059
@/home/ec2-user/data/topics/2134 1060
@/home/ec2-user/data/topics/1244 1061
@/home/ec2-user/data/topics/3447 1062
京セラ株式会社

@/home/ec2-user/data/topics/1485 1063
@/home/ec2-user/data/topics/4340 1063
@/home/ec2-user/data/topics/4901 1064
@/home/ec2-user/data/topics/3869 1065
@/home/ec2-user/data/topics/4031 1066
@/home/ec2-user/data/topics/3615 1067
@/home/ec2-user/data/topics/4513 1068
@/home/ec2-user/data/topics/1913 1069
@/home/ec2-user/data/topics/3741 1070
@/home/ec2-user/data/topics/3593 1071
@/home/ec2-user/data/topics/1708 1072
@/home/ec2-user/data/topics/1741 1073
イビデン株式会社

@/home/ec2-user/data/topics/1336 1074
@/home/ec2-user/data/topics/2033 1074
@/home/ec2-user/data/topics/1952 1075
@/home/ec2-user/data/topics/1315 1076
@/home/ec2-user/data/topics/1770 1077
@/home/ec2-user/data/topics/3814 1078
@/home/ec2-user/data/topics/1682 1079
株式会社東芝

@/home/ec2-user/data/topics/3618 1080
@/home/ec2-user/data/topics/4631 1080
@/home/ec2-user/data/topics/4751 1081
@/home/ec2-user/data/topics/3851 1082
@/home/ec2-user/data/topics/1819 1083
@/home/ec2-user/data/topics/4197 1084
@/home/ec2-user/data/topics/1757 1085
@/home/ec2-user/data/topics/1585 1086
@/home/ec2-user/data/topics/2241 1087
@/home/ec2-user/data/topics/4863 1088
@/home/ec2-user/data/topics/3734 1089
@/home/ec2-user/data/topics/3683 1090
@/home/ec2-user/data/topics/3890 1091
@/home/ec2-user/data/topics/4096 1092
@/home/ec2-user/data/topics/4755 1093
@/home/ec2-user/data/topics/4183 1094
@/home/ec2-user/data/topics/4009 1095
@/home/ec2-user/data/topics/4381 1096
@/home/ec2-user/data/topics/3990 1097
@/home/ec2-user/data/topics/3689 1098
@/home/ec2-user/data/topics/3834 1099
@/home/ec2-user/data/topics/1090 1100
@/home/ec2-user/data/topics/3352 1101
@/home/ec2-user/data/topics/1997 1102
@/home/ec2-user/data/topics/3542 1103
@/home/ec2-user/data/topics/3360 1104
@/home/ec2-user/data/topics/4172 1105
@/home/ec2-user/data/topics/3716 1106
@/home/ec2-user/data/topics/4361 1107
@/home/ec2-user/data/topics/3795 1108
@/home/ec2-user/data/topics/4165 1109
@/home/ec2-user/data/topics/4935 1110
@/home/ec2-user/data/topics/3363 1111
@/home/ec2-user/data/topics/3732 1112
@/home/ec2-user/data/topics/4842 1113
@/home/ec2-user/data/topics/3780 1114
@/home/ec2-user/data/topics/1205 1115
@/home/ec2-user/data/topics/4566 1116
@/home/ec2-user/data/topics/4594 1117
@/home/ec2-user/data/topics/4509 1118
@/home/ec2-user/data/topics/3598 1119
@/home/ec2-user/data/topics/3948 1120
@/home/ec2-user/data/topics/1132 1121
@/home/ec2-user/data/topics/3380 1122
@/home/ec2-user/data/topics/3688 1123
@/home/ec2-user/data/topics/3351 1124
@/home/ec2-user/data/topics/4057 1125
@/home/ec2-user/data/topics/3881 1126
@/home/ec2-user/data/topics/4535 1127
@/home/ec2-user/data/topics/3462 1128
@/home/ec2-user/data/topics/4912 1129
@/home/ec2-user/data/topics/4089 1130
@/home/ec2-user/data/topics/4292 1131
@/home/ec2-user/data/topics/3988 1132
@/home/ec2-user/data/topics/4140 1133
@/home/ec2-user/data/topics/4336 1134
@/home/ec2-user/data/topics/4881 1135
@/home/ec2-user/data/topics/1332 1136
@/home/ec2-user/data/topics/4302 1137
@/home/ec2-user/data/topics/1756 1138
@/home/ec2-user/data/topics/4623 1139
ヤマハ株式会社

@/home/ec2-user/data/topics/4084 1140
@/home/ec2-user/data/topics/4177 1140
@/home/ec2-user/data/topics/4125 1141
@/home/ec2-user/data/topics/4954 1142
@/home/ec2-user/data/topics/1676 1143
@/home/ec2-user/data/topics/4919 1144
@/home/ec2-user/data/topics/1443 1145
@/home/ec2-user/data/topics/4145 1146
@/home/ec2-user/data/topics/1720 1147
@/home/ec2-user/data/topics/4045 1148
@/home/ec2-user/data/topics/3972 1149
@/home/ec2-user/data/topics/1911 1150
@/home/ec2-user/data/topics/4010 1151
東洋紡績株式会社

@/home/ec2-user/data/topics/4284 1152
@/home/ec2-user/data/topics/1029 1152
@/home/ec2-user/data/topics/4366 1153
@/home/ec2-user/data/topics/3769 1154
@/home/ec2-user/data/topics/4362 1155
@/home/ec2-user/data/topics/1613 1156
三菱化学株式会社

@/home/ec2-user/data/topics/1197 1157
@/home/ec2-user/data/topics/3638 1157
@/home/ec2-user/data/topics/3513 1158
@/home/ec2-user/data/topics/1699 1159
@/home/ec2-user/data/topics/3458 1160
@/home/ec2-user/data/topics/1902 1161
カシオ計算機株式会社

@/home/ec2-user/data/topics/2237 1162
@/home/ec2-user/data/topics/1535 1162
@/home/ec2-user/data/topics/1235 1163
@/home/ec2-user/data/topics/3391 1164
@/home/ec2-user/data/topics/1047 1165
@/home/ec2-user/data/topics/1794 1166
@/home/ec2-user/data/topics/1368 1167
@/home/ec2-user/data/topics/2180 1168
コナミ株式会社

@/home/ec2-user/data/topics/1621 1169
@/home/ec2-user/data/topics/4681 1169
@/home/ec2-user/data/topics/4602 1170
@/home/ec2-user/data/topics/1302 1171
@/home/ec2-user/data/topics/5015 1172
@/home/ec2-user/data/topics/2100 1173
@/home/ec2-user/data/topics/1672 1174
@/home/ec2-user/data/topics/2151 1175
大日本スクリーン製造株式会社

@/home/ec2-user/data/topics/1130 1176
@/home/ec2-user/data/topics/2209 1176
@/home/ec2-user/data/topics/1173 1177
@/home/ec2-user/data/topics/3742 1178
@/home/ec2-user/data/topics/2172 1179
@/home/ec2-user/data/topics/1779 1180
@/home/ec2-user/data/topics/1608 1181
オムロン株式会社

@/home/ec2-user/data/topics/1151 1182
@/home/ec2-user/data/topics/3748 1182
@/home/ec2-user/data/topics/1067 1183
@/home/ec2-user/data/topics/1933 1184
@/home/ec2-user/data/topics/3597 1185
@/home/ec2-user/data/topics/1533 1186
@/home/ec2-user/data/topics/3863 1187
@/home/ec2-user/data/topics/1579 1188
@/home/ec2-user/data/topics/2096 1189
@/home/ec2-user/data/topics/3594 1190
@/home/ec2-user/data/topics/3700 1191
@/home/ec2-user/data/topics/4771 1192
@/home/ec2-user/data/topics/1841 1193
@/home/ec2-user/data/topics/1657 1194
@/home/ec2-user/data/topics/1135 1195
株式会社日立製作所

@/home/ec2-user/data/topics/3706 1196
@/home/ec2-user/data/topics/1833 1196
@/home/ec2-user/data/topics/3665 1197
@/home/ec2-user/data/topics/4547 1198
@/home/ec2-user/data/topics/2239 1199
@/home/ec2-user/data/topics/1340 1200
@/home/ec2-user/data/topics/3659 1201
@/home/ec2-user/data/topics/1082 1202
@/home/ec2-user/data/topics/3588 1203
@/home/ec2-user/data/topics/1105 1204
@/home/ec2-user/data/topics/4621 1205
@/home/ec2-user/data/topics/1463 1206
@/home/ec2-user/data/topics/4559 1207
@/home/ec2-user/data/topics/4058 1208
@/home/ec2-user/data/topics/3822 1209
@/home/ec2-user/data/topics/1334 1210
@/home/ec2-user/data/topics/1667 1211
@/home/ec2-user/data/topics/3350 1212
@/home/ec2-user/data/topics/2184 1213
@/home/ec2-user/data/topics/2081 1214
@/home/ec2-user/data/topics/4990 1215
@/home/ec2-user/data/topics/1651 1216
@/home/ec2-user/data/topics/3439 1217
@/home/ec2-user/data/topics/3461 1218
@/home/ec2-user/data/topics/1296 1219
@/home/ec2-user/data/topics/4551 1220
@/home/ec2-user/data/topics/4420 1221
@/home/ec2-user/data/topics/3432 1222
@/home/ec2-user/data/topics/2019 1223
@/home/ec2-user/data/topics/3648 1224
@/home/ec2-user/data/topics/3440 1225
@/home/ec2-user/data/topics/1562 1226
@/home/ec2-user/data/topics/5030 1227
@/home/ec2-user/data/topics/4830 1228
@/home/ec2-user/data/topics/3599 1229
@/home/ec2-user/data/topics/1247 1230
@/home/ec2-user/data/topics/4401 1231
@/home/ec2-user/data/topics/4799 1232
@/home/ec2-user/data/topics/1487 1233
@/home/ec2-user/data/topics/3531 1234
@/home/ec2-user/data/topics/4943 1235
@/home/ec2-user/data/topics/1072 1236
@/home/ec2-user/data/topics/1880 1237
@/home/ec2-user/data/topics/3973 1238
@/home/ec2-user/data/topics/4040 1239
@/home/ec2-user/data/topics/4545 1240
@/home/ec2-user/data/topics/5029 1241
@/home/ec2-user/data/topics/1882 1242
@/home/ec2-user/data/topics/1825 1243
@/home/ec2-user/data/topics/3968 1244
@/home/ec2-user/data/topics/3524 1245
@/home/ec2-user/data/topics/3570 1246
@/home/ec2-user/data/topics/3596 1247
@/home/ec2-user/data/topics/3488 1248
@/home/ec2-user/data/topics/4122 1249
@/home/ec2-user/data/topics/4402 1250
@/home/ec2-user/data/topics/1501 1251
@/home/ec2-user/data/topics/1640 1252
@/home/ec2-user/data/topics/4493 1253
@/home/ec2-user/data/topics/3691 1254
@/home/ec2-user/data/topics/3471 1255
@/home/ec2-user/data/topics/4489 1256
@/home/ec2-user/data/topics/3384 1257
@/home/ec2-user/data/topics/3779 1258
@/home/ec2-user/data/topics/1693 1259
@/home/ec2-user/data/topics/3994 1260
@/home/ec2-user/data/topics/3772 1261
@/home/ec2-user/data/topics/1278 1262
@/home/ec2-user/data/topics/1249 1263
@/home/ec2-user/data/topics/3965 1264
@/home/ec2-user/data/topics/1987 1265
@/home/ec2-user/data/topics/4166 1266
@/home/ec2-user/data/topics/1826 1267
@/home/ec2-user/data/topics/3993 1268
凸版印刷株式会社

@/home/ec2-user/data/topics/1765 1269
@/home/ec2-user/data/topics/3624 1269
@/home/ec2-user/data/topics/3500 1270
@/home/ec2-user/data/topics/1091 1271
@/home/ec2-user/data/topics/1977 1272
@/home/ec2-user/data/topics/4874 1273
@/home/ec2-user/data/topics/3526 1274
株式会社ノーリツ

@/home/ec2-user/data/topics/1618 1275
@/home/ec2-user/data/topics/4206 1275
@/home/ec2-user/data/topics/1760 1276
@/home/ec2-user/data/topics/4354 1277
@/home/ec2-user/data/topics/1290 1278
@/home/ec2-user/data/topics/1598 1279
@/home/ec2-user/data/topics/2116 1280
@/home/ec2-user/data/topics/4776 1281
川崎重工業株式会社

@/home/ec2-user/data/topics/4866 1282
@/home/ec2-user/data/topics/4793 1282
@/home/ec2-user/data/topics/1162 1283
@/home/ec2-user/data/topics/4756 1284
@/home/ec2-user/data/topics/4944 1285
@/home/ec2-user/data/topics/5025 1286
@/home/ec2-user/data/topics/1172 1287
@/home/ec2-user/data/topics/4572 1288
ティーディーケイ株式会社

@/home/ec2-user/data/topics/4619 1289
@/home/ec2-user/data/topics/1510 1289
@/home/ec2-user/data/topics/3792 1290
@/home/ec2-user/data/topics/2210 1291
@/home/ec2-user/data/topics/3909 1292
@/home/ec2-user/data/topics/1409 1293
@/home/ec2-user/data/topics/1129 1294
@/home/ec2-user/data/topics/2202 1295
@/home/ec2-user/data/topics/3798 1296
京セラミタ株式会社

@/home/ec2-user/data/topics/4174 1297
@/home/ec2-user/data/topics/1930 1297
@/home/ec2-user/data/topics/4985 1298
@/home/ec2-user/data/topics/4564 1299
@/home/ec2-user/data/topics/1032 1300
@/home/ec2-user/data/topics/2141 1301
@/home/ec2-user/data/topics/4973 1302
株式会社クボタ

@/home/ec2-user/data/topics/4745 1303
@/home/ec2-user/data/topics/1448 1303
@/home/ec2-user/data/topics/3919 1304
@/home/ec2-user/data/topics/1734 1305
@/home/ec2-user/data/topics/3823 1306
@/home/ec2-user/data/topics/3854 1307
@/home/ec2-user/data/topics/1012 1308
@/home/ec2-user/data/topics/1280 1309
@/home/ec2-user/data/topics/4251 1310
@/home/ec2-user/data/topics/4379 1311
シャープ株式会社

@/home/ec2-user/data/topics/4252 1312
@/home/ec2-user/data/topics/4691 1312
@/home/ec2-user/data/topics/3776 1313
@/home/ec2-user/data/topics/3452 1314
@/home/ec2-user/data/topics/4683 1315
@/home/ec2-user/data/topics/3760 1316
@/home/ec2-user/data/topics/3606 1317
@/home/ec2-user/data/topics/3858 1318
@/home/ec2-user/data/topics/4113 1319
@/home/ec2-user/data/topics/1396 1320
@/home/ec2-user/data/topics/3610 1321
@/home/ec2-user/data/topics/4583 1322
@/home/ec2-user/data/topics/3649 1323
@/home/ec2-user/data/topics/1174 1324
@/home/ec2-user/data/topics/3673 1325
@/home/ec2-user/data/topics/1561 1326
@/home/ec2-user/data/topics/2084 1327
@/home/ec2-user/data/topics/3855 1328
@/home/ec2-user/data/topics/3871 1329
@/home/ec2-user/data/topics/1804 1330
@/home/ec2-user/data/topics/3966 1331
@/home/ec2-user/data/topics/4430 1332
@/home/ec2-user/data/topics/3450 1333
@/home/ec2-user/data/topics/3777 1334
@/home/ec2-user/data/topics/4152 1335
@/home/ec2-user/data/topics/1288 1336
@/home/ec2-user/data/topics/4519 1337
@/home/ec2-user/data/topics/4228 1338
@/home/ec2-user/data/topics/3698 1339
@/home/ec2-user/data/topics/4005 1340
@/home/ec2-user/data/topics/3537 1341
@/home/ec2-user/data/topics/3578 1342
@/home/ec2-user/data/topics/4861 1343
@/home/ec2-user/data/topics/1563 1344
@/home/ec2-user/data/topics/1965 1345
@/home/ec2-user/data/topics/1970 1346
@/home/ec2-user/data/topics/4173 1347
@/home/ec2-user/data/topics/4256 1348
@/home/ec2-user/data/topics/4230 1349
@/home/ec2-user/data/topics/4127 1350
@/home/ec2-user/data/topics/3978 1351
@/home/ec2-user/data/topics/3679 1352
@/home/ec2-user/data/topics/4214 1353
@/home/ec2-user/data/topics/4648 1354
@/home/ec2-user/data/topics/2118 1355
@/home/ec2-user/data/topics/1840 1356
@/home/ec2-user/data/topics/4323 1357
@/home/ec2-user/data/topics/1154 1358
@/home/ec2-user/data/topics/3941 1359
@/home/ec2-user/data/topics/4744 1360
@/home/ec2-user/data/topics/4516 1361
@/home/ec2-user/data/topics/4103 1362
@/home/ec2-user/data/topics/3762 1363
@/home/ec2-user/data/topics/3422 1364
@/home/ec2-user/data/topics/1384 1365
@/home/ec2-user/data/topics/1318 1366
@/home/ec2-user/data/topics/1209 1367
@/home/ec2-user/data/topics/3813 1368
@/home/ec2-user/data/topics/4245 1369
@/home/ec2-user/data/topics/1419 1370
@/home/ec2-user/data/topics/4263 1371
@/home/ec2-user/data/topics/2020 1372
@/home/ec2-user/data/topics/1349 1373
@/home/ec2-user/data/topics/2087 1374
@/home/ec2-user/data/topics/3981 1375
@/home/ec2-user/data/topics/4469 1376
@/home/ec2-user/data/topics/3678 1377
@/home/ec2-user/data/topics/1685 1378
@/home/ec2-user/data/topics/3832 1379
@/home/ec2-user/data/topics/4349 1380
@/home/ec2-user/data/topics/4019 1381
@/home/ec2-user/data/topics/4782 1382
@/home/ec2-user/data/topics/3957 1383
@/home/ec2-user/data/topics/3895 1384
@/home/ec2-user/data/topics/1258 1385
@/home/ec2-user/data/topics/4717 1386
@/home/ec2-user/data/topics/4124 1387
@/home/ec2-user/data/topics/4105 1388
@/home/ec2-user/data/topics/3793 1389
@/home/ec2-user/data/topics/1431 1390
@/home/ec2-user/data/topics/4095 1391
日本輸送機株式会社

@/home/ec2-user/data/topics/1493 1392
@/home/ec2-user/data/topics/1940 1392
@/home/ec2-user/data/topics/3573 1393
@/home/ec2-user/data/topics/1456 1394
@/home/ec2-user/data/topics/1108 1395
@/home/ec2-user/data/topics/2221 1396
@/home/ec2-user/data/topics/1191 1397
@/home/ec2-user/data/topics/2065 1398
東京エレクトロン株式会社

@/home/ec2-user/data/topics/4053 1399
@/home/ec2-user/data/topics/1800 1399
@/home/ec2-user/data/topics/4023 1400
@/home/ec2-user/data/topics/4618 1401
@/home/ec2-user/data/topics/1736 1402
@/home/ec2-user/data/topics/3947 1403
@/home/ec2-user/data/topics/1263 1404
@/home/ec2-user/data/topics/4702 1405
@/home/ec2-user/data/topics/4345 1406
@/home/ec2-user/data/topics/1508 1407
@/home/ec2-user/data/topics/4906 1408
@/home/ec2-user/data/topics/4002 1409
株式会社村田製作所

@/home/ec2-user/data/topics/3482 1410
@/home/ec2-user/data/topics/4432 1410
@/home/ec2-user/data/topics/3435 1411
@/home/ec2-user/data/topics/4703 1412
@/home/ec2-user/data/topics/3885 1413
@/home/ec2-user/data/topics/1411 1414
@/home/ec2-user/data/topics/1374 1415
@/home/ec2-user/data/topics/4378 1416
@/home/ec2-user/data/topics/4325 1417
@/home/ec2-user/data/topics/4271 1418
@/home/ec2-user/data/topics/4070 1419
@/home/ec2-user/data/topics/2229 1420
@/home/ec2-user/data/topics/4163 1421
@/home/ec2-user/data/topics/4042 1422
@/home/ec2-user/data/topics/3697 1423
@/home/ec2-user/data/topics/4417 1424
@/home/ec2-user/data/topics/4795 1425
日本電信電話株式会社

@/home/ec2-user/data/topics/3928 1426
@/home/ec2-user/data/topics/3544 1426
@/home/ec2-user/data/topics/3509 1427
@/home/ec2-user/data/topics/4115 1428
@/home/ec2-user/data/topics/4560 1429
@/home/ec2-user/data/topics/4865 1430
@/home/ec2-user/data/topics/4964 1431
@/home/ec2-user/data/topics/1229 1432
@/home/ec2-user/data/topics/4925 1433
@/home/ec2-user/data/topics/4870 1434
@/home/ec2-user/data/topics/4104 1435
@/home/ec2-user/data/topics/4836 1436
@/home/ec2-user/data/topics/4025 1437
@/home/ec2-user/data/topics/4952 1438
@/home/ec2-user/data/topics/3785 1439
@/home/ec2-user/data/topics/1809 1440
@/home/ec2-user/data/topics/2017 1441
@/home/ec2-user/data/topics/4505 1442
@/home/ec2-user/data/topics/4087 1443
@/home/ec2-user/data/topics/3927 1444
@/home/ec2-user/data/topics/3552 1445
@/home/ec2-user/data/topics/3811 1446
@/home/ec2-user/data/topics/2130 1447
@/home/ec2-user/data/topics/4664 1448
@/home/ec2-user/data/topics/4121 1449
@/home/ec2-user/data/topics/1042 1450
@/home/ec2-user/data/topics/3894 1451
@/home/ec2-user/data/topics/4175 1452
@/home/ec2-user/data/topics/3915 1453
@/home/ec2-user/data/topics/3425 1454
@/home/ec2-user/data/topics/3568 1455
@/home/ec2-user/data/topics/3824 1456
@/home/ec2-user/data/topics/4443 1457
@/home/ec2-user/data/topics/1787 1458
@/home/ec2-user/data/topics/3650 1459
@/home/ec2-user/data/topics/3586 1460
@/home/ec2-user/data/topics/3536 1461
@/home/ec2-user/data/topics/4965 1462
@/home/ec2-user/data/topics/1408 1463
@/home/ec2-user/data/topics/4511 1464
@/home/ec2-user/data/topics/3521 1465
@/home/ec2-user/data/topics/4916 1466
@/home/ec2-user/data/topics/3641 1467
@/home/ec2-user/data/topics/4335 1468
@/home/ec2-user/data/topics/1934 1469
@/home/ec2-user/data/topics/4118 1470
@/home/ec2-user/data/topics/4232 1471
@/home/ec2-user/data/topics/4488 1472
@/home/ec2-user/data/topics/4792 1473
@/home/ec2-user/data/topics/1556 1474
@/home/ec2-user/data/topics/1230 1475
@/home/ec2-user/data/topics/3359 1476
@/home/ec2-user/data/topics/4114 1477
@/home/ec2-user/data/topics/4208 1478
@/home/ec2-user/data/topics/4131 1479
@/home/ec2-user/data/topics/4146 1480
日本鋼管株式会社

@/home/ec2-user/data/topics/1404 1481
@/home/ec2-user/data/topics/4455 1481
@/home/ec2-user/data/topics/2095 1482
@/home/ec2-user/data/topics/3572 1483
@/home/ec2-user/data/topics/1690 1484
@/home/ec2-user/data/topics/4289 1485
@/home/ec2-user/data/topics/4161 1486
株式会社神戸製鋼所

@/home/ec2-user/data/topics/3674 1487
@/home/ec2-user/data/topics/3632 1487
@/home/ec2-user/data/topics/4949 1488
@/home/ec2-user/data/topics/1465 1489
@/home/ec2-user/data/topics/3475 1490
@/home/ec2-user/data/topics/3902 1491
@/home/ec2-user/data/topics/2064 1492
株式会社ケンウッド

@/home/ec2-user/data/topics/1424 1493
@/home/ec2-user/data/topics/1617 1493
@/home/ec2-user/data/topics/2163 1494
@/home/ec2-user/data/topics/1186 1495
@/home/ec2-user/data/topics/1698 1496
@/home/ec2-user/data/topics/3794 1497
@/home/ec2-user/data/topics/3839 1498
@/home/ec2-user/data/topics/2036 1499
@/home/ec2-user/data/topics/3878 1500
@/home/ec2-user/data/topics/4467 1501
@/home/ec2-user/data/topics/1896 1502
@/home/ec2-user/data/topics/1345 1503
@/home/ec2-user/data/topics/1115 1504
@/home/ec2-user/data/topics/1241 1505
@/home/ec2-user/data/topics/4167 1506
@/home/ec2-user/data/topics/3977 1507
@/home/ec2-user/data/topics/3801 1508
@/home/ec2-user/data/topics/4050 1509
@/home/ec2-user/data/topics/4038 1510
@/home/ec2-user/data/topics/3969 1511
@/home/ec2-user/data/topics/3463 1512
東陶機器株式会社

@/home/ec2-user/data/topics/1626 1513
@/home/ec2-user/data/topics/1735 1513
@/home/ec2-user/data/topics/1692 1514
@/home/ec2-user/data/topics/3821 1515
@/home/ec2-user/data/topics/2135 1516
@/home/ec2-user/data/topics/3583 1517
本田技研工業株式会社

@/home/ec2-user/data/topics/4132 1518
@/home/ec2-user/data/topics/2016 1518
@/home/ec2-user/data/topics/1215 1519
@/home/ec2-user/data/topics/3685 1520
@/home/ec2-user/data/topics/5026 1521
@/home/ec2-user/data/topics/4888 1522
@/home/ec2-user/data/topics/2000 1523
@/home/ec2-user/data/topics/1818 1524
@/home/ec2-user/data/topics/4033 1525
@/home/ec2-user/data/topics/4331 1526
@/home/ec2-user/data/topics/4783 1527
@/home/ec2-user/data/topics/1226 1528
@/home/ec2-user/data/topics/1444 1529
@/home/ec2-user/data/topics/1822 1530
@/home/ec2-user/data/topics/1143 1531
@/home/ec2-user/data/topics/1605 1532
@/home/ec2-user/data/topics/4375 1533
@/home/ec2-user/data/topics/1266 1534
@/home/ec2-user/data/topics/4199 1535
新日本製鐵株式会社

@/home/ec2-user/data/topics/3899 1536
@/home/ec2-user/data/topics/5008 1536
@/home/ec2-user/data/topics/3368 1537
@/home/ec2-user/data/topics/3663 1538
@/home/ec2-user/data/topics/3861 1539
@/home/ec2-user/data/topics/4472 1540
松下電工株式会社

@/home/ec2-user/data/topics/3651 1541
@/home/ec2-user/data/topics/4029 1541
@/home/ec2-user/data/topics/1251 1542
@/home/ec2-user/data/topics/1803 1543
@/home/ec2-user/data/topics/4317 1544
@/home/ec2-user/data/topics/4083 1545
@/home/ec2-user/data/topics/2045 1546
@/home/ec2-user/data/topics/3511 1547
@/home/ec2-user/data/topics/4592 1548
@/home/ec2-user/data/topics/3565 1549
@/home/ec2-user/data/topics/3549 1550
@/home/ec2-user/data/topics/4094 1551
@/home/ec2-user/data/topics/3379 1552
@/home/ec2-user/data/topics/3670 1553
@/home/ec2-user/data/topics/1011 1554
@/home/ec2-user/data/topics/3778 1555
@/home/ec2-user/data/topics/4347 1556
@/home/ec2-user/data/topics/4450 1557
@/home/ec2-user/data/topics/3932 1558
@/home/ec2-user/data/topics/4012 1559
@/home/ec2-user/data/topics/3835 1560
@/home/ec2-user/data/topics/1311 1561
usernum: 72
hit: 541
simhit: 1109
simmax: 0.666666666667
simmin: 0.0
simavg: 0.202346124077
dlmax: 0.118126895816
dlmin: 0.00563870207954
dlavg: 0.0337774224931
mthit: 626
mthls: 182
srp: 218.735
total: 1562
hit/total: 0.346350832266
simhit/total: 0.709987195903
mthit/(total+usernum): 0.383108935129
mthls/(total+usernum): 0.111383108935
srp/(total+usernum): 0.0446215830273
srp20/(total+usernum): 0.0152386780906
srp100/(total+usernum): 0.0276172990616
srp500/(total+usernum): 0.0388808649531

2016-12-21 21:26:32.009405
