2016-12-20 22:54:24.107874

topic-folder:/home/ec2-user/data/topics/
cl-file:/home/ec2-user/git/tfidf/result-new/b2-3.txt
cl-floder:/home/ec2-user/data/lsaclass/
zipf:0.1
stype[0(tfidf)/1(tfidf2)/2(lsa)/3(lda)]:2
dtype[<0(diff*rand)/0(diff)/1(same)/>=2(diff*same)]:-5
output-floder:/home/ec2-user/git/userquery/result-new

三菱マテリアル株式会社

@/home/ec2-user/data/topics/1085 0
@/home/ec2-user/data/topics/3630 0
@/home/ec2-user/data/topics/3866 1
@/home/ec2-user/data/topics/3546 2
@/home/ec2-user/data/topics/4093 3
@/home/ec2-user/data/topics/1638 3
@/home/ec2-user/data/topics/2093 4
@/home/ec2-user/data/topics/3689 5
@/home/ec2-user/data/topics/2153 5
@/home/ec2-user/data/topics/3980 5
@/home/ec2-user/data/topics/3520 5
@/home/ec2-user/data/topics/3470 6
日本精機株式会社

@/home/ec2-user/data/topics/4907 7
@/home/ec2-user/data/topics/4281 7
@/home/ec2-user/data/topics/4972 7
@/home/ec2-user/data/topics/4690 8
@/home/ec2-user/data/topics/3541 9
@/home/ec2-user/data/topics/4709 9
@/home/ec2-user/data/topics/4875 10
@/home/ec2-user/data/topics/1398 11
@/home/ec2-user/data/topics/3900 12
コニカ株式会社

@/home/ec2-user/data/topics/3357 12
@/home/ec2-user/data/topics/3418 12
@/home/ec2-user/data/topics/3370 13
@/home/ec2-user/data/topics/3419 14
@/home/ec2-user/data/topics/1599 15
@/home/ec2-user/data/topics/3414 15
@/home/ec2-user/data/topics/3533 16
@/home/ec2-user/data/topics/2162 17
@/home/ec2-user/data/topics/2083 18
@/home/ec2-user/data/topics/1907 18
@/home/ec2-user/data/topics/3887 18
@/home/ec2-user/data/topics/3431 18
@/home/ec2-user/data/topics/3762 19
@/home/ec2-user/data/topics/3426 19
@/home/ec2-user/data/topics/2137 20
@/home/ec2-user/data/topics/3486 20
@/home/ec2-user/data/topics/1946 21
埼玉日本電気株式会社

@/home/ec2-user/data/topics/4496 22
@/home/ec2-user/data/topics/1512 22
@/home/ec2-user/data/topics/5010 23
@/home/ec2-user/data/topics/4279 24
@/home/ec2-user/data/topics/4283 25
@/home/ec2-user/data/topics/4998 26
@/home/ec2-user/data/topics/1195 27
@/home/ec2-user/data/topics/1852 27
@/home/ec2-user/data/topics/4468 27
@/home/ec2-user/data/topics/4423 28
@/home/ec2-user/data/topics/1620 28
@/home/ec2-user/data/topics/4242 29
@/home/ec2-user/data/topics/4238 30
@/home/ec2-user/data/topics/1403 30
アルプス電気株式会社

@/home/ec2-user/data/topics/1643 30
@/home/ec2-user/data/topics/1253 30
@/home/ec2-user/data/topics/2089 31
@/home/ec2-user/data/topics/4034 32
@/home/ec2-user/data/topics/1610 32
@/home/ec2-user/data/topics/4791 32
@/home/ec2-user/data/topics/2012 33
@/home/ec2-user/data/topics/1650 34
@/home/ec2-user/data/topics/3429 34
@/home/ec2-user/data/topics/1434 35
@/home/ec2-user/data/topics/3582 36
三菱重工業株式会社

@/home/ec2-user/data/topics/4412 37
@/home/ec2-user/data/topics/3944 37
@/home/ec2-user/data/topics/3833 38
@/home/ec2-user/data/topics/3637 39
@/home/ec2-user/data/topics/1527 40
@/home/ec2-user/data/topics/2039 40
@/home/ec2-user/data/topics/1302 40
@/home/ec2-user/data/topics/1322 40
@/home/ec2-user/data/topics/4563 40
@/home/ec2-user/data/topics/4882 41
@/home/ec2-user/data/topics/3591 42
@/home/ec2-user/data/topics/3529 43
@/home/ec2-user/data/topics/3503 44
@/home/ec2-user/data/topics/4687 45
@/home/ec2-user/data/topics/1143 46
@/home/ec2-user/data/topics/4862 46
@/home/ec2-user/data/topics/4580 47
@/home/ec2-user/data/topics/5022 47
村田機械株式会社

@/home/ec2-user/data/topics/4835 48
@/home/ec2-user/data/topics/3559 48
@/home/ec2-user/data/topics/3955 48
@/home/ec2-user/data/topics/4586 48
@/home/ec2-user/data/topics/4570 48
@/home/ec2-user/data/topics/4565 49
@/home/ec2-user/data/topics/1074 50
@/home/ec2-user/data/topics/4596 51
@/home/ec2-user/data/topics/1222 52
@/home/ec2-user/data/topics/1312 52
@/home/ec2-user/data/topics/3528 52
@/home/ec2-user/data/topics/3576 53
@/home/ec2-user/data/topics/4441 53
@/home/ec2-user/data/topics/4746 54
@/home/ec2-user/data/topics/1885 55
@/home/ec2-user/data/topics/4645 55
@/home/ec2-user/data/topics/1511 56
@/home/ec2-user/data/topics/1607 57
@/home/ec2-user/data/topics/4638 58
@/home/ec2-user/data/topics/1293 59
@/home/ec2-user/data/topics/3740 60
@/home/ec2-user/data/topics/4391 61
@/home/ec2-user/data/topics/4941 61
@/home/ec2-user/data/topics/4556 62
@/home/ec2-user/data/topics/3995 63
@/home/ec2-user/data/topics/5000 63
川崎製鉄株式会社

@/home/ec2-user/data/topics/3611 64
@/home/ec2-user/data/topics/1037 64
@/home/ec2-user/data/topics/2072 65
@/home/ec2-user/data/topics/3532 65
@/home/ec2-user/data/topics/3483 66
@/home/ec2-user/data/topics/3929 67
@/home/ec2-user/data/topics/1459 68
@/home/ec2-user/data/topics/3553 69
@/home/ec2-user/data/topics/1935 70
@/home/ec2-user/data/topics/3667 70
@/home/ec2-user/data/topics/3413 70
@/home/ec2-user/data/topics/1067 71
@/home/ec2-user/data/topics/4615 71
@/home/ec2-user/data/topics/3931 72
ダイキン工業株式会社

@/home/ec2-user/data/topics/4566 72
@/home/ec2-user/data/topics/4701 72
@/home/ec2-user/data/topics/3888 73
@/home/ec2-user/data/topics/4557 74
@/home/ec2-user/data/topics/4515 74
@/home/ec2-user/data/topics/4734 75
@/home/ec2-user/data/topics/4753 76
@/home/ec2-user/data/topics/4367 77
@/home/ec2-user/data/topics/4400 78
@/home/ec2-user/data/topics/1565 79
@/home/ec2-user/data/topics/4858 80
@/home/ec2-user/data/topics/1564 81
@/home/ec2-user/data/topics/1600 81
@/home/ec2-user/data/topics/4124 82
@/home/ec2-user/data/topics/4845 82
@/home/ec2-user/data/topics/3825 83
@/home/ec2-user/data/topics/3894 83
三菱自動車工業株式会社

@/home/ec2-user/data/topics/1816 83
@/home/ec2-user/data/topics/1527 83
@/home/ec2-user/data/topics/3815 84
@/home/ec2-user/data/topics/1428 85
@/home/ec2-user/data/topics/3502 86
@/home/ec2-user/data/topics/4682 87
@/home/ec2-user/data/topics/1866 87
@/home/ec2-user/data/topics/3940 87
@/home/ec2-user/data/topics/4189 88
@/home/ec2-user/data/topics/2101 89
@/home/ec2-user/data/topics/4694 90
@/home/ec2-user/data/topics/4516 90
日産自動車株式会社

@/home/ec2-user/data/topics/4074 90
@/home/ec2-user/data/topics/3501 90
@/home/ec2-user/data/topics/3645 91
@/home/ec2-user/data/topics/3829 92
@/home/ec2-user/data/topics/4931 93
@/home/ec2-user/data/topics/1714 93
@/home/ec2-user/data/topics/1195 93
@/home/ec2-user/data/topics/3497 93
@/home/ec2-user/data/topics/3489 94
@/home/ec2-user/data/topics/3677 95
@/home/ec2-user/data/topics/3712 96
@/home/ec2-user/data/topics/3736 97
@/home/ec2-user/data/topics/3723 97
@/home/ec2-user/data/topics/4982 98
@/home/ec2-user/data/topics/3936 99
@/home/ec2-user/data/topics/3565 100
@/home/ec2-user/data/topics/1808 100
トヨタ自動車株式会社

@/home/ec2-user/data/topics/4346 100
@/home/ec2-user/data/topics/4008 100
@/home/ec2-user/data/topics/5012 101
@/home/ec2-user/data/topics/4767 101
@/home/ec2-user/data/topics/2001 102
@/home/ec2-user/data/topics/3731 102
@/home/ec2-user/data/topics/2111 103
@/home/ec2-user/data/topics/3943 104
@/home/ec2-user/data/topics/2014 105
@/home/ec2-user/data/topics/4426 105
@/home/ec2-user/data/topics/4030 106
@/home/ec2-user/data/topics/4633 107
@/home/ec2-user/data/topics/1494 108
@/home/ec2-user/data/topics/1829 109
@/home/ec2-user/data/topics/3356 109
@/home/ec2-user/data/topics/3758 110
@/home/ec2-user/data/topics/4064 111
@/home/ec2-user/data/topics/4519 112
@/home/ec2-user/data/topics/4617 112
@/home/ec2-user/data/topics/1120 113
@/home/ec2-user/data/topics/3699 113
@/home/ec2-user/data/topics/3783 114
@/home/ec2-user/data/topics/1975 115
@/home/ec2-user/data/topics/4543 115
@/home/ec2-user/data/topics/4667 116
@/home/ec2-user/data/topics/4658 116
@/home/ec2-user/data/topics/1173 117
@/home/ec2-user/data/topics/4535 117
@/home/ec2-user/data/topics/3543 117
@/home/ec2-user/data/topics/4298 117
@/home/ec2-user/data/topics/4568 118
@/home/ec2-user/data/topics/2083 118
@/home/ec2-user/data/topics/4647 118
@/home/ec2-user/data/topics/2218 119
@/home/ec2-user/data/topics/4144 120
@/home/ec2-user/data/topics/3405 121
@/home/ec2-user/data/topics/3800 122
@/home/ec2-user/data/topics/3481 122
@/home/ec2-user/data/topics/3587 123
@/home/ec2-user/data/topics/3725 124
@/home/ec2-user/data/topics/4754 125
@/home/ec2-user/data/topics/4920 125
@/home/ec2-user/data/topics/1551 126
@/home/ec2-user/data/topics/3671 127
オリンパス光学工業株式会社

@/home/ec2-user/data/topics/1981 128
@/home/ec2-user/data/topics/1869 128
@/home/ec2-user/data/topics/2016 129
@/home/ec2-user/data/topics/1739 129
@/home/ec2-user/data/topics/1253 130
@/home/ec2-user/data/topics/1107 130
@/home/ec2-user/data/topics/4007 131
@/home/ec2-user/data/topics/5006 132
@/home/ec2-user/data/topics/1155 133
@/home/ec2-user/data/topics/3901 134
@/home/ec2-user/data/topics/4013 134
@/home/ec2-user/data/topics/2026 135
@/home/ec2-user/data/topics/1799 136
@/home/ec2-user/data/topics/1835 136
@/home/ec2-user/data/topics/3553 137
@/home/ec2-user/data/topics/3984 137
@/home/ec2-user/data/topics/4878 137
@/home/ec2-user/data/topics/1586 138
ブラザー工業株式会社

@/home/ec2-user/data/topics/4754 139
@/home/ec2-user/data/topics/4548 139
@/home/ec2-user/data/topics/3868 140
@/home/ec2-user/data/topics/1076 140
@/home/ec2-user/data/topics/1164 141
@/home/ec2-user/data/topics/3998 142
@/home/ec2-user/data/topics/1697 142
@/home/ec2-user/data/topics/1183 143
@/home/ec2-user/data/topics/3789 144
@/home/ec2-user/data/topics/4165 145
@/home/ec2-user/data/topics/3686 145
@/home/ec2-user/data/topics/3613 146
@/home/ec2-user/data/topics/4280 147
@/home/ec2-user/data/topics/1636 147
@/home/ec2-user/data/topics/3861 148
@/home/ec2-user/data/topics/3507 148
@/home/ec2-user/data/topics/1819 149
@/home/ec2-user/data/topics/2086 149
@/home/ec2-user/data/topics/1906 150
@/home/ec2-user/data/topics/1532 151
@/home/ec2-user/data/topics/1300 151
@/home/ec2-user/data/topics/2085 152
@/home/ec2-user/data/topics/3477 153
富士通株式会社

@/home/ec2-user/data/topics/3962 154
@/home/ec2-user/data/topics/1998 154
@/home/ec2-user/data/topics/2216 155
@/home/ec2-user/data/topics/3558 156
@/home/ec2-user/data/topics/4342 156
@/home/ec2-user/data/topics/1259 156
@/home/ec2-user/data/topics/3976 156
@/home/ec2-user/data/topics/4191 156
@/home/ec2-user/data/topics/3862 157
@/home/ec2-user/data/topics/4034 158
@/home/ec2-user/data/topics/1271 158
@/home/ec2-user/data/topics/3850 159
@/home/ec2-user/data/topics/1309 160
@/home/ec2-user/data/topics/1688 160
@/home/ec2-user/data/topics/3428 160
@/home/ec2-user/data/topics/1874 161
@/home/ec2-user/data/topics/1505 162
@/home/ec2-user/data/topics/3538 162
@/home/ec2-user/data/topics/4621 163
@/home/ec2-user/data/topics/1609 163
@/home/ec2-user/data/topics/3356 164
@/home/ec2-user/data/topics/3970 164
@/home/ec2-user/data/topics/3381 165
@/home/ec2-user/data/topics/4990 166
@/home/ec2-user/data/topics/5004 166
@/home/ec2-user/data/topics/4047 167
@/home/ec2-user/data/topics/3636 167
@/home/ec2-user/data/topics/3846 168
@/home/ec2-user/data/topics/1547 169
@/home/ec2-user/data/topics/4911 170
@/home/ec2-user/data/topics/3883 170
@/home/ec2-user/data/topics/4610 171
@/home/ec2-user/data/topics/2215 171
@/home/ec2-user/data/topics/1852 172
@/home/ec2-user/data/topics/3870 172
@/home/ec2-user/data/topics/3799 173
@/home/ec2-user/data/topics/3460 174
@/home/ec2-user/data/topics/3765 175
@/home/ec2-user/data/topics/3751 176
@/home/ec2-user/data/topics/3802 177
@/home/ec2-user/data/topics/1264 178
@/home/ec2-user/data/topics/3749 179
@/home/ec2-user/data/topics/3400 180
@/home/ec2-user/data/topics/1447 181
@/home/ec2-user/data/topics/2227 181
@/home/ec2-user/data/topics/1123 182
@/home/ec2-user/data/topics/3399 183
@/home/ec2-user/data/topics/3912 184
静岡日本電気株式会社

@/home/ec2-user/data/topics/4507 185
@/home/ec2-user/data/topics/4531 185
@/home/ec2-user/data/topics/4446 186
@/home/ec2-user/data/topics/4091 186
@/home/ec2-user/data/topics/4326 186
@/home/ec2-user/data/topics/4314 187
@/home/ec2-user/data/topics/4155 188
@/home/ec2-user/data/topics/4250 188
@/home/ec2-user/data/topics/4365 189
住友重機械工業株式会社

@/home/ec2-user/data/topics/4688 190
@/home/ec2-user/data/topics/1509 190
@/home/ec2-user/data/topics/3952 190
@/home/ec2-user/data/topics/1636 191
@/home/ec2-user/data/topics/2039 191
@/home/ec2-user/data/topics/1553 192
@/home/ec2-user/data/topics/1501 193
@/home/ec2-user/data/topics/1373 193
@/home/ec2-user/data/topics/1900 194
@/home/ec2-user/data/topics/3868 195
@/home/ec2-user/data/topics/1019 196
@/home/ec2-user/data/topics/4854 197
@/home/ec2-user/data/topics/1505 198
@/home/ec2-user/data/topics/3588 199
大日本印刷株式会社

@/home/ec2-user/data/topics/1575 199
@/home/ec2-user/data/topics/3569 199
@/home/ec2-user/data/topics/3388 200
@/home/ec2-user/data/topics/1145 201
@/home/ec2-user/data/topics/1099 202
@/home/ec2-user/data/topics/1564 203
@/home/ec2-user/data/topics/1262 204
@/home/ec2-user/data/topics/4137 205
@/home/ec2-user/data/topics/1063 205
日本電気株式会社

@/home/ec2-user/data/topics/4651 205
@/home/ec2-user/data/topics/3825 205
@/home/ec2-user/data/topics/4209 205
@/home/ec2-user/data/topics/4961 206
@/home/ec2-user/data/topics/3886 206
@/home/ec2-user/data/topics/4243 207
@/home/ec2-user/data/topics/4092 208
@/home/ec2-user/data/topics/1624 209
@/home/ec2-user/data/topics/4537 210
@/home/ec2-user/data/topics/4253 211
@/home/ec2-user/data/topics/1948 211
@/home/ec2-user/data/topics/2022 212
@/home/ec2-user/data/topics/4417 213
@/home/ec2-user/data/topics/4433 213
@/home/ec2-user/data/topics/4371 214
@/home/ec2-user/data/topics/2136 215
@/home/ec2-user/data/topics/4764 215
@/home/ec2-user/data/topics/1923 216
@/home/ec2-user/data/topics/1112 217
@/home/ec2-user/data/topics/4639 218
@/home/ec2-user/data/topics/4744 218
@/home/ec2-user/data/topics/4404 218
@/home/ec2-user/data/topics/4185 219
@/home/ec2-user/data/topics/1020 220
@/home/ec2-user/data/topics/4116 220
@/home/ec2-user/data/topics/1386 221
@/home/ec2-user/data/topics/4892 221
@/home/ec2-user/data/topics/3628 222
@/home/ec2-user/data/topics/3487 222
@/home/ec2-user/data/topics/3777 222
@/home/ec2-user/data/topics/4017 222
@/home/ec2-user/data/topics/3766 223
@/home/ec2-user/data/topics/4390 224
@/home/ec2-user/data/topics/3446 225
@/home/ec2-user/data/topics/4112 225
@/home/ec2-user/data/topics/4352 225
@/home/ec2-user/data/topics/3818 226
@/home/ec2-user/data/topics/4318 226
@/home/ec2-user/data/topics/1174 227
@/home/ec2-user/data/topics/1822 227
@/home/ec2-user/data/topics/4275 227
@/home/ec2-user/data/topics/4959 228
@/home/ec2-user/data/topics/4022 228
@/home/ec2-user/data/topics/1731 228
@/home/ec2-user/data/topics/1805 228
@/home/ec2-user/data/topics/3752 228
@/home/ec2-user/data/topics/1674 228
@/home/ec2-user/data/topics/3995 228
@/home/ec2-user/data/topics/4389 229
@/home/ec2-user/data/topics/4447 230
@/home/ec2-user/data/topics/1079 231
@/home/ec2-user/data/topics/2058 231
@/home/ec2-user/data/topics/4128 231
@/home/ec2-user/data/topics/4603 232
@/home/ec2-user/data/topics/3767 233
@/home/ec2-user/data/topics/4186 234
@/home/ec2-user/data/topics/4876 235
@/home/ec2-user/data/topics/4561 236
@/home/ec2-user/data/topics/4779 237
@/home/ec2-user/data/topics/4847 238
@/home/ec2-user/data/topics/4584 238
@/home/ec2-user/data/topics/4721 239
@/home/ec2-user/data/topics/1813 240
@/home/ec2-user/data/topics/4176 240
@/home/ec2-user/data/topics/4338 240
@/home/ec2-user/data/topics/3904 241
@/home/ec2-user/data/topics/3614 241
@/home/ec2-user/data/topics/3837 241
@/home/ec2-user/data/topics/1724 241
@/home/ec2-user/data/topics/1044 242
@/home/ec2-user/data/topics/3586 243
@/home/ec2-user/data/topics/1879 243
@/home/ec2-user/data/topics/1115 244
@/home/ec2-user/data/topics/4427 244
@/home/ec2-user/data/topics/4636 245
@/home/ec2-user/data/topics/3818 245
@/home/ec2-user/data/topics/2189 245
@/home/ec2-user/data/topics/4429 245
@/home/ec2-user/data/topics/1741 246
@/home/ec2-user/data/topics/4699 246
@/home/ec2-user/data/topics/3623 247
@/home/ec2-user/data/topics/4682 247
@/home/ec2-user/data/topics/2127 248
@/home/ec2-user/data/topics/3567 249
@/home/ec2-user/data/topics/4750 249
@/home/ec2-user/data/topics/1891 250
@/home/ec2-user/data/topics/3897 251
@/home/ec2-user/data/topics/2119 252
@/home/ec2-user/data/topics/3648 253
@/home/ec2-user/data/topics/1791 253
@/home/ec2-user/data/topics/4240 254
@/home/ec2-user/data/topics/4204 255
@/home/ec2-user/data/topics/3784 256
@/home/ec2-user/data/topics/1634 256
@/home/ec2-user/data/topics/4718 257
@/home/ec2-user/data/topics/4446 258
@/home/ec2-user/data/topics/4393 259
@/home/ec2-user/data/topics/4697 260
@/home/ec2-user/data/topics/4300 260
@/home/ec2-user/data/topics/4850 261
@/home/ec2-user/data/topics/4120 262
@/home/ec2-user/data/topics/2150 263
@/home/ec2-user/data/topics/3973 264
@/home/ec2-user/data/topics/1710 264
@/home/ec2-user/data/topics/4838 265
@/home/ec2-user/data/topics/4418 266
@/home/ec2-user/data/topics/1729 267
@/home/ec2-user/data/topics/4343 267
@/home/ec2-user/data/topics/4360 268
@/home/ec2-user/data/topics/1595 269
@/home/ec2-user/data/topics/4272 270
@/home/ec2-user/data/topics/1557 271
@/home/ec2-user/data/topics/4267 272
@/home/ec2-user/data/topics/3484 273
@/home/ec2-user/data/topics/1457 273
@/home/ec2-user/data/topics/4877 274
@/home/ec2-user/data/topics/4082 275
@/home/ec2-user/data/topics/4643 276
@/home/ec2-user/data/topics/4260 277
@/home/ec2-user/data/topics/4434 278
@/home/ec2-user/data/topics/4257 279
@/home/ec2-user/data/topics/4530 280
@/home/ec2-user/data/topics/2166 281
@/home/ec2-user/data/topics/4926 282
@/home/ec2-user/data/topics/1612 283
@/home/ec2-user/data/topics/4759 284
@/home/ec2-user/data/topics/1719 285
@/home/ec2-user/data/topics/4626 285
@/home/ec2-user/data/topics/4337 286
@/home/ec2-user/data/topics/2234 286
@/home/ec2-user/data/topics/3584 286
@/home/ec2-user/data/topics/1567 286
@/home/ec2-user/data/topics/4409 287
@/home/ec2-user/data/topics/4010 287
@/home/ec2-user/data/topics/3875 287
@/home/ec2-user/data/topics/4824 288
@/home/ec2-user/data/topics/2144 289
@/home/ec2-user/data/topics/3442 290
@/home/ec2-user/data/topics/1815 290
@/home/ec2-user/data/topics/4129 291
@/home/ec2-user/data/topics/4442 292
@/home/ec2-user/data/topics/1078 293
@/home/ec2-user/data/topics/4153 294
@/home/ec2-user/data/topics/2088 295
@/home/ec2-user/data/topics/4359 296
@/home/ec2-user/data/topics/4440 297
@/home/ec2-user/data/topics/1101 298
@/home/ec2-user/data/topics/4696 299
@/home/ec2-user/data/topics/1937 300
@/home/ec2-user/data/topics/4196 301
@/home/ec2-user/data/topics/4609 302
@/home/ec2-user/data/topics/1602 303
@/home/ec2-user/data/topics/3565 303
@/home/ec2-user/data/topics/1728 303
@/home/ec2-user/data/topics/1277 303
@/home/ec2-user/data/topics/3357 303
@/home/ec2-user/data/topics/4687 303
@/home/ec2-user/data/topics/4822 303
@/home/ec2-user/data/topics/4650 303
@/home/ec2-user/data/topics/3567 304
@/home/ec2-user/data/topics/2108 304
@/home/ec2-user/data/topics/4053 304
@/home/ec2-user/data/topics/4965 304
@/home/ec2-user/data/topics/3835 304
@/home/ec2-user/data/topics/1764 304
@/home/ec2-user/data/topics/4278 305
@/home/ec2-user/data/topics/1122 306
@/home/ec2-user/data/topics/4281 307
@/home/ec2-user/data/topics/4497 308
@/home/ec2-user/data/topics/1625 309
@/home/ec2-user/data/topics/4666 309
@/home/ec2-user/data/topics/1867 310
@/home/ec2-user/data/topics/4760 311
@/home/ec2-user/data/topics/1084 312
@/home/ec2-user/data/topics/1383 312
@/home/ec2-user/data/topics/3954 313
@/home/ec2-user/data/topics/4644 314
@/home/ec2-user/data/topics/1925 315
@/home/ec2-user/data/topics/4480 315
@/home/ec2-user/data/topics/1131 316
@/home/ec2-user/data/topics/1773 316
@/home/ec2-user/data/topics/1304 317
@/home/ec2-user/data/topics/4725 317
@/home/ec2-user/data/topics/4276 318
@/home/ec2-user/data/topics/1100 319
@/home/ec2-user/data/topics/4968 320
@/home/ec2-user/data/topics/4477 320
@/home/ec2-user/data/topics/1743 321
@/home/ec2-user/data/topics/1844 321
@/home/ec2-user/data/topics/1957 322
@/home/ec2-user/data/topics/4216 322
@/home/ec2-user/data/topics/4009 323
@/home/ec2-user/data/topics/1933 323
@/home/ec2-user/data/topics/4536 323
@/home/ec2-user/data/topics/3729 324
@/home/ec2-user/data/topics/4229 325
@/home/ec2-user/data/topics/4258 325
@/home/ec2-user/data/topics/4533 326
@/home/ec2-user/data/topics/4634 327
@/home/ec2-user/data/topics/3783 328
@/home/ec2-user/data/topics/3956 328
@/home/ec2-user/data/topics/4549 329
@/home/ec2-user/data/topics/1477 330
@/home/ec2-user/data/topics/5034 330
@/home/ec2-user/data/topics/4388 331
@/home/ec2-user/data/topics/4319 332
@/home/ec2-user/data/topics/4119 333
@/home/ec2-user/data/topics/1733 334
@/home/ec2-user/data/topics/4665 334
@/home/ec2-user/data/topics/4097 335
@/home/ec2-user/data/topics/1661 336
@/home/ec2-user/data/topics/1360 337
@/home/ec2-user/data/topics/1910 338
@/home/ec2-user/data/topics/1500 338
@/home/ec2-user/data/topics/4081 339
@/home/ec2-user/data/topics/4899 340
@/home/ec2-user/data/topics/3850 340
@/home/ec2-user/data/topics/4192 340
@/home/ec2-user/data/topics/4613 341
@/home/ec2-user/data/topics/3724 342
@/home/ec2-user/data/topics/3491 343
@/home/ec2-user/data/topics/1597 343
@/home/ec2-user/data/topics/4205 343
@/home/ec2-user/data/topics/1440 343
@/home/ec2-user/data/topics/1199 343
@/home/ec2-user/data/topics/4241 344
@/home/ec2-user/data/topics/1486 344
@/home/ec2-user/data/topics/4093 345
@/home/ec2-user/data/topics/4532 346
@/home/ec2-user/data/topics/3938 347
@/home/ec2-user/data/topics/4469 348
@/home/ec2-user/data/topics/4490 348
@/home/ec2-user/data/topics/2041 349
@/home/ec2-user/data/topics/4460 350
@/home/ec2-user/data/topics/4236 351
@/home/ec2-user/data/topics/4598 352
@/home/ec2-user/data/topics/4238 353
@/home/ec2-user/data/topics/4002 354
@/home/ec2-user/data/topics/4342 354
@/home/ec2-user/data/topics/4775 355
@/home/ec2-user/data/topics/4646 356
@/home/ec2-user/data/topics/4254 357
@/home/ec2-user/data/topics/4778 358
@/home/ec2-user/data/topics/4244 358
@/home/ec2-user/data/topics/1782 359
@/home/ec2-user/data/topics/1464 359
@/home/ec2-user/data/topics/4425 360
@/home/ec2-user/data/topics/4902 361
@/home/ec2-user/data/topics/4154 362
@/home/ec2-user/data/topics/4247 363
@/home/ec2-user/data/topics/3744 364
@/home/ec2-user/data/topics/4309 365
@/home/ec2-user/data/topics/1638 366
@/home/ec2-user/data/topics/4437 366
@/home/ec2-user/data/topics/4227 366
@/home/ec2-user/data/topics/2117 367
@/home/ec2-user/data/topics/4310 367
@/home/ec2-user/data/topics/3570 368
@/home/ec2-user/data/topics/3928 368
@/home/ec2-user/data/topics/4100 368
@/home/ec2-user/data/topics/1973 369
@/home/ec2-user/data/topics/1116 370
@/home/ec2-user/data/topics/4728 371
@/home/ec2-user/data/topics/4578 372
@/home/ec2-user/data/topics/4768 373
@/home/ec2-user/data/topics/4785 373
@/home/ec2-user/data/topics/4134 374
@/home/ec2-user/data/topics/1719 375
@/home/ec2-user/data/topics/2031 375
@/home/ec2-user/data/topics/1523 376
@/home/ec2-user/data/topics/4414 377
@/home/ec2-user/data/topics/1928 378
@/home/ec2-user/data/topics/4940 379
@/home/ec2-user/data/topics/4659 380
@/home/ec2-user/data/topics/4246 381
@/home/ec2-user/data/topics/4138 382
@/home/ec2-user/data/topics/1326 383
@/home/ec2-user/data/topics/1016 384
@/home/ec2-user/data/topics/4142 385
@/home/ec2-user/data/topics/3601 386
@/home/ec2-user/data/topics/4063 386
@/home/ec2-user/data/topics/4788 387
@/home/ec2-user/data/topics/4595 387
@/home/ec2-user/data/topics/4449 388
@/home/ec2-user/data/topics/4109 388
@/home/ec2-user/data/topics/4486 388
@/home/ec2-user/data/topics/4523 389
@/home/ec2-user/data/topics/4137 389
@/home/ec2-user/data/topics/4808 390
@/home/ec2-user/data/topics/4816 391
@/home/ec2-user/data/topics/3865 392
@/home/ec2-user/data/topics/1852 393
@/home/ec2-user/data/topics/4003 394
@/home/ec2-user/data/topics/4315 395
@/home/ec2-user/data/topics/3728 396
@/home/ec2-user/data/topics/4168 396
@/home/ec2-user/data/topics/4158 397
@/home/ec2-user/data/topics/3971 398
@/home/ec2-user/data/topics/4708 399
@/home/ec2-user/data/topics/4288 400
@/home/ec2-user/data/topics/1783 401
@/home/ec2-user/data/topics/3853 402
@/home/ec2-user/data/topics/4320 403
@/home/ec2-user/data/topics/4162 404
@/home/ec2-user/data/topics/1281 405
@/home/ec2-user/data/topics/4485 406
@/home/ec2-user/data/topics/4398 407
@/home/ec2-user/data/topics/4273 408
@/home/ec2-user/data/topics/4313 409
@/home/ec2-user/data/topics/4742 410
@/home/ec2-user/data/topics/1364 411
@/home/ec2-user/data/topics/1980 412
@/home/ec2-user/data/topics/1362 412
@/home/ec2-user/data/topics/4749 413
@/home/ec2-user/data/topics/4973 414
@/home/ec2-user/data/topics/4071 414
@/home/ec2-user/data/topics/1817 415
@/home/ec2-user/data/topics/3896 415
@/home/ec2-user/data/topics/1672 416
@/home/ec2-user/data/topics/3360 416
@/home/ec2-user/data/topics/1052 416
@/home/ec2-user/data/topics/4062 417
@/home/ec2-user/data/topics/4171 418
@/home/ec2-user/data/topics/1109 419
@/home/ec2-user/data/topics/4770 419
@/home/ec2-user/data/topics/4207 420
@/home/ec2-user/data/topics/3864 421
@/home/ec2-user/data/topics/4689 421
@/home/ec2-user/data/topics/4458 422
@/home/ec2-user/data/topics/4657 423
松下電器産業株式会社

@/home/ec2-user/data/topics/3519 424
@/home/ec2-user/data/topics/4099 424
@/home/ec2-user/data/topics/3979 424
@/home/ec2-user/data/topics/3755 425
@/home/ec2-user/data/topics/4011 425
@/home/ec2-user/data/topics/1968 425
@/home/ec2-user/data/topics/4098 425
@/home/ec2-user/data/topics/3920 426
@/home/ec2-user/data/topics/1157 427
@/home/ec2-user/data/topics/4804 428
@/home/ec2-user/data/topics/4961 429
@/home/ec2-user/data/topics/3914 430
@/home/ec2-user/data/topics/3586 430
@/home/ec2-user/data/topics/4385 430
@/home/ec2-user/data/topics/4382 431
@/home/ec2-user/data/topics/3904 432
@/home/ec2-user/data/topics/3402 433
@/home/ec2-user/data/topics/1481 434
@/home/ec2-user/data/topics/1762 434
@/home/ec2-user/data/topics/2128 435
@/home/ec2-user/data/topics/4918 435
@/home/ec2-user/data/topics/3531 436
@/home/ec2-user/data/topics/2029 436
@/home/ec2-user/data/topics/3761 437
@/home/ec2-user/data/topics/1633 438
@/home/ec2-user/data/topics/4577 439
@/home/ec2-user/data/topics/5005 440
@/home/ec2-user/data/topics/3721 440
@/home/ec2-user/data/topics/4676 441
@/home/ec2-user/data/topics/3510 442
@/home/ec2-user/data/topics/4856 443
@/home/ec2-user/data/topics/3881 443
@/home/ec2-user/data/topics/4422 443
@/home/ec2-user/data/topics/4787 444
@/home/ec2-user/data/topics/4712 445
@/home/ec2-user/data/topics/4307 445
@/home/ec2-user/data/topics/4060 446
@/home/ec2-user/data/topics/3538 446
@/home/ec2-user/data/topics/4813 446
@/home/ec2-user/data/topics/3386 446
@/home/ec2-user/data/topics/4630 447
@/home/ec2-user/data/topics/3845 447
@/home/ec2-user/data/topics/3719 447
@/home/ec2-user/data/topics/3676 448
@/home/ec2-user/data/topics/4761 449
@/home/ec2-user/data/topics/1885 450
@/home/ec2-user/data/topics/4872 451
@/home/ec2-user/data/topics/1567 451
@/home/ec2-user/data/topics/4063 451
@/home/ec2-user/data/topics/2048 451
@/home/ec2-user/data/topics/3951 451
@/home/ec2-user/data/topics/1026 452
@/home/ec2-user/data/topics/1179 453
@/home/ec2-user/data/topics/1477 454
@/home/ec2-user/data/topics/4796 455
@/home/ec2-user/data/topics/4080 455
@/home/ec2-user/data/topics/4101 455
@/home/ec2-user/data/topics/3807 456
@/home/ec2-user/data/topics/2222 457
@/home/ec2-user/data/topics/4139 458
@/home/ec2-user/data/topics/1509 459
@/home/ec2-user/data/topics/4043 460
@/home/ec2-user/data/topics/1812 461
@/home/ec2-user/data/topics/3372 462
@/home/ec2-user/data/topics/3585 462
@/home/ec2-user/data/topics/4102 463
@/home/ec2-user/data/topics/1775 464
@/home/ec2-user/data/topics/3507 464
@/home/ec2-user/data/topics/3558 464
@/home/ec2-user/data/topics/1881 465
@/home/ec2-user/data/topics/4157 466
@/home/ec2-user/data/topics/4407 467
@/home/ec2-user/data/topics/3514 467
@/home/ec2-user/data/topics/1748 468
@/home/ec2-user/data/topics/1898 469
@/home/ec2-user/data/topics/3686 470
@/home/ec2-user/data/topics/1083 470
@/home/ec2-user/data/topics/3808 470
@/home/ec2-user/data/topics/4945 470
@/home/ec2-user/data/topics/4817 471
@/home/ec2-user/data/topics/2170 472
@/home/ec2-user/data/topics/1062 473
@/home/ec2-user/data/topics/4149 473
@/home/ec2-user/data/topics/3494 473
@/home/ec2-user/data/topics/1136 474
@/home/ec2-user/data/topics/4239 475
@/home/ec2-user/data/topics/4558 475
@/home/ec2-user/data/topics/4491 476
@/home/ec2-user/data/topics/4280 477
@/home/ec2-user/data/topics/3404 478
@/home/ec2-user/data/topics/4503 479
@/home/ec2-user/data/topics/1348 480
@/home/ec2-user/data/topics/3847 480
@/home/ec2-user/data/topics/4798 481
@/home/ec2-user/data/topics/4504 482
@/home/ec2-user/data/topics/1105 482
@/home/ec2-user/data/topics/1257 482
@/home/ec2-user/data/topics/1706 483
@/home/ec2-user/data/topics/4264 484
@/home/ec2-user/data/topics/1589 485
@/home/ec2-user/data/topics/1042 486
@/home/ec2-user/data/topics/4464 486
@/home/ec2-user/data/topics/4806 487
@/home/ec2-user/data/topics/3658 488
@/home/ec2-user/data/topics/2129 489
@/home/ec2-user/data/topics/3786 490
@/home/ec2-user/data/topics/1635 490
@/home/ec2-user/data/topics/1516 491
@/home/ec2-user/data/topics/3583 492
@/home/ec2-user/data/topics/4159 492
@/home/ec2-user/data/topics/3680 493
@/home/ec2-user/data/topics/4628 494
@/home/ec2-user/data/topics/4502 494
@/home/ec2-user/data/topics/3836 495
@/home/ec2-user/data/topics/4870 495
@/home/ec2-user/data/topics/4229 495
@/home/ec2-user/data/topics/3739 496
@/home/ec2-user/data/topics/5028 497
@/home/ec2-user/data/topics/4215 498
@/home/ec2-user/data/topics/4126 499
@/home/ec2-user/data/topics/4885 500
@/home/ec2-user/data/topics/1640 501
@/home/ec2-user/data/topics/2219 501
@/home/ec2-user/data/topics/4519 501
@/home/ec2-user/data/topics/4682 501
@/home/ec2-user/data/topics/4799 501
@/home/ec2-user/data/topics/4160 501
@/home/ec2-user/data/topics/3746 502
@/home/ec2-user/data/topics/4574 503
@/home/ec2-user/data/topics/1454 504
@/home/ec2-user/data/topics/2116 504
@/home/ec2-user/data/topics/2056 504
@/home/ec2-user/data/topics/3604 505
@/home/ec2-user/data/topics/4586 505
@/home/ec2-user/data/topics/4892 506
@/home/ec2-user/data/topics/4917 506
@/home/ec2-user/data/topics/4625 507
@/home/ec2-user/data/topics/4754 508
@/home/ec2-user/data/topics/1525 509
@/home/ec2-user/data/topics/4968 510
@/home/ec2-user/data/topics/3455 511
@/home/ec2-user/data/topics/4707 512
@/home/ec2-user/data/topics/4867 513
@/home/ec2-user/data/topics/1540 514
@/home/ec2-user/data/topics/4667 515
@/home/ec2-user/data/topics/3704 516
@/home/ec2-user/data/topics/4000 517
@/home/ec2-user/data/topics/3619 518
@/home/ec2-user/data/topics/3684 519
@/home/ec2-user/data/topics/1070 519
@/home/ec2-user/data/topics/4475 520
@/home/ec2-user/data/topics/4797 521
@/home/ec2-user/data/topics/1280 522
@/home/ec2-user/data/topics/4303 522
@/home/ec2-user/data/topics/2156 523
@/home/ec2-user/data/topics/4180 524
@/home/ec2-user/data/topics/1829 525
@/home/ec2-user/data/topics/4402 526
@/home/ec2-user/data/topics/4501 526
@/home/ec2-user/data/topics/3960 527
@/home/ec2-user/data/topics/3694 528
@/home/ec2-user/data/topics/1252 529
@/home/ec2-user/data/topics/4936 530
@/home/ec2-user/data/topics/1158 531
@/home/ec2-user/data/topics/3692 532
@/home/ec2-user/data/topics/3360 533
@/home/ec2-user/data/topics/4599 533
@/home/ec2-user/data/topics/1705 534
@/home/ec2-user/data/topics/1113 535
@/home/ec2-user/data/topics/4193 535
@/home/ec2-user/data/topics/1955 536
@/home/ec2-user/data/topics/3710 537
@/home/ec2-user/data/topics/1841 537
@/home/ec2-user/data/topics/4448 537
@/home/ec2-user/data/topics/1339 538
@/home/ec2-user/data/topics/5024 539
@/home/ec2-user/data/topics/1701 540
@/home/ec2-user/data/topics/3498 541
@/home/ec2-user/data/topics/1628 541
@/home/ec2-user/data/topics/4394 541
@/home/ec2-user/data/topics/4459 542
@/home/ec2-user/data/topics/2191 543
@/home/ec2-user/data/topics/2080 543
@/home/ec2-user/data/topics/4355 544
@/home/ec2-user/data/topics/4274 545
セイコーインスツルメンツ株式会社

@/home/ec2-user/data/topics/1629 546
@/home/ec2-user/data/topics/3996 546
@/home/ec2-user/data/topics/4997 546
@/home/ec2-user/data/topics/4088 547
@/home/ec2-user/data/topics/1707 548
@/home/ec2-user/data/topics/3825 549
@/home/ec2-user/data/topics/3626 550
@/home/ec2-user/data/topics/3611 551
@/home/ec2-user/data/topics/4151 551
@/home/ec2-user/data/topics/1885 552
@/home/ec2-user/data/topics/4338 552
@/home/ec2-user/data/topics/4190 552
@/home/ec2-user/data/topics/4203 553
@/home/ec2-user/data/topics/4036 554
ミノルタ株式会社

@/home/ec2-user/data/topics/4984 555
@/home/ec2-user/data/topics/4970 555
@/home/ec2-user/data/topics/4977 556
@/home/ec2-user/data/topics/1191 557
@/home/ec2-user/data/topics/4951 557
@/home/ec2-user/data/topics/2120 558
@/home/ec2-user/data/topics/4141 558
@/home/ec2-user/data/topics/1152 558
@/home/ec2-user/data/topics/2190 559
@/home/ec2-user/data/topics/4913 560
@/home/ec2-user/data/topics/1923 560
@/home/ec2-user/data/topics/4321 560
@/home/ec2-user/data/topics/3584 561
@/home/ec2-user/data/topics/3810 562
@/home/ec2-user/data/topics/4971 563
@/home/ec2-user/data/topics/3786 564
@/home/ec2-user/data/topics/4986 564
@/home/ec2-user/data/topics/3545 565
株式会社リコー

@/home/ec2-user/data/topics/1478 566
@/home/ec2-user/data/topics/3891 566
@/home/ec2-user/data/topics/3394 566
@/home/ec2-user/data/topics/1378 567
@/home/ec2-user/data/topics/1775 567
@/home/ec2-user/data/topics/4018 568
@/home/ec2-user/data/topics/1776 568
@/home/ec2-user/data/topics/1740 569
@/home/ec2-user/data/topics/3574 570
@/home/ec2-user/data/topics/1190 571
@/home/ec2-user/data/topics/4344 572
@/home/ec2-user/data/topics/1669 573
@/home/ec2-user/data/topics/4322 574
@/home/ec2-user/data/topics/1718 574
@/home/ec2-user/data/topics/1878 575
@/home/ec2-user/data/topics/3411 576
@/home/ec2-user/data/topics/2189 577
@/home/ec2-user/data/topics/1668 578
@/home/ec2-user/data/topics/3378 579
@/home/ec2-user/data/topics/4114 580
@/home/ec2-user/data/topics/3624 580
@/home/ec2-user/data/topics/1331 580
@/home/ec2-user/data/topics/3474 580
@/home/ec2-user/data/topics/3687 581
@/home/ec2-user/data/topics/1774 582
@/home/ec2-user/data/topics/1436 583
@/home/ec2-user/data/topics/1482 584
@/home/ec2-user/data/topics/1785 585
@/home/ec2-user/data/topics/1167 585
@/home/ec2-user/data/topics/1225 585
@/home/ec2-user/data/topics/3633 586
@/home/ec2-user/data/topics/1562 587
@/home/ec2-user/data/topics/3472 587
@/home/ec2-user/data/topics/3365 588
@/home/ec2-user/data/topics/1282 588
@/home/ec2-user/data/topics/1433 589
@/home/ec2-user/data/topics/1571 590
@/home/ec2-user/data/topics/1095 590
@/home/ec2-user/data/topics/2090 591
@/home/ec2-user/data/topics/3499 592
@/home/ec2-user/data/topics/1064 592
@/home/ec2-user/data/topics/1976 593
@/home/ec2-user/data/topics/3775 594
@/home/ec2-user/data/topics/1593 595
@/home/ec2-user/data/topics/2043 596
@/home/ec2-user/data/topics/3555 597
@/home/ec2-user/data/topics/2200 598
@/home/ec2-user/data/topics/1129 599
@/home/ec2-user/data/topics/3548 599
@/home/ec2-user/data/topics/1800 600
@/home/ec2-user/data/topics/4924 600
@/home/ec2-user/data/topics/3523 600
@/home/ec2-user/data/topics/4198 601
@/home/ec2-user/data/topics/2006 601
@/home/ec2-user/data/topics/2201 602
@/home/ec2-user/data/topics/1176 603
@/home/ec2-user/data/topics/1610 603
@/home/ec2-user/data/topics/4265 604
@/home/ec2-user/data/topics/2182 605
@/home/ec2-user/data/topics/1096 606
@/home/ec2-user/data/topics/3713 606
@/home/ec2-user/data/topics/1454 607
@/home/ec2-user/data/topics/1974 607
@/home/ec2-user/data/topics/4566 608
@/home/ec2-user/data/topics/3750 608
@/home/ec2-user/data/topics/3424 609
@/home/ec2-user/data/topics/1663 610
@/home/ec2-user/data/topics/3759 611
@/home/ec2-user/data/topics/3951 612
@/home/ec2-user/data/topics/1806 612
@/home/ec2-user/data/topics/4781 613
@/home/ec2-user/data/topics/1509 614
@/home/ec2-user/data/topics/1083 614
@/home/ec2-user/data/topics/2219 615
@/home/ec2-user/data/topics/3708 616
@/home/ec2-user/data/topics/1691 616
@/home/ec2-user/data/topics/3557 617
@/home/ec2-user/data/topics/3880 618
@/home/ec2-user/data/topics/4925 619
@/home/ec2-user/data/topics/4037 619
@/home/ec2-user/data/topics/3837 620
@/home/ec2-user/data/topics/4844 621
@/home/ec2-user/data/topics/3802 621
@/home/ec2-user/data/topics/3585 621
@/home/ec2-user/data/topics/4674 621
@/home/ec2-user/data/topics/4616 621
@/home/ec2-user/data/topics/1755 622
@/home/ec2-user/data/topics/3630 623
@/home/ec2-user/data/topics/3446 623
@/home/ec2-user/data/topics/3530 624
@/home/ec2-user/data/topics/4565 625
@/home/ec2-user/data/topics/1106 625
@/home/ec2-user/data/topics/1514 626
@/home/ec2-user/data/topics/3711 627
@/home/ec2-user/data/topics/4879 628
@/home/ec2-user/data/topics/2199 629
@/home/ec2-user/data/topics/3484 629
@/home/ec2-user/data/topics/3495 630
@/home/ec2-user/data/topics/4758 631
@/home/ec2-user/data/topics/1627 631
@/home/ec2-user/data/topics/1670 632
@/home/ec2-user/data/topics/3669 633
@/home/ec2-user/data/topics/3436 634
@/home/ec2-user/data/topics/1780 635
@/home/ec2-user/data/topics/4416 636
@/home/ec2-user/data/topics/4560 636
@/home/ec2-user/data/topics/1512 636
独立行政法人産業技術総合研究所

@/home/ec2-user/data/topics/4777 636
@/home/ec2-user/data/topics/4392 636
@/home/ec2-user/data/topics/4740 636
@/home/ec2-user/data/topics/4869 637
@/home/ec2-user/data/topics/1356 638
@/home/ec2-user/data/topics/3611 639
@/home/ec2-user/data/topics/4739 639
@/home/ec2-user/data/topics/4800 640
@/home/ec2-user/data/topics/4021 641
ソニー株式会社

@/home/ec2-user/data/topics/4677 641
@/home/ec2-user/data/topics/1686 641
@/home/ec2-user/data/topics/4604 642
@/home/ec2-user/data/topics/1397 642
@/home/ec2-user/data/topics/1233 643
@/home/ec2-user/data/topics/1435 644
@/home/ec2-user/data/topics/4623 645
@/home/ec2-user/data/topics/2058 645
@/home/ec2-user/data/topics/1471 646
@/home/ec2-user/data/topics/1679 647
@/home/ec2-user/data/topics/1380 648
@/home/ec2-user/data/topics/4219 649
@/home/ec2-user/data/topics/3638 650
@/home/ec2-user/data/topics/3622 650
@/home/ec2-user/data/topics/1102 650
@/home/ec2-user/data/topics/2105 651
@/home/ec2-user/data/topics/4620 652
@/home/ec2-user/data/topics/1322 652
@/home/ec2-user/data/topics/1147 652
@/home/ec2-user/data/topics/3456 653
@/home/ec2-user/data/topics/3955 654
@/home/ec2-user/data/topics/4184 655
@/home/ec2-user/data/topics/1912 656
@/home/ec2-user/data/topics/3835 657
@/home/ec2-user/data/topics/1851 657
@/home/ec2-user/data/topics/1967 657
@/home/ec2-user/data/topics/2052 658
@/home/ec2-user/data/topics/4224 659
@/home/ec2-user/data/topics/1954 660
@/home/ec2-user/data/topics/3617 661
@/home/ec2-user/data/topics/1488 661
@/home/ec2-user/data/topics/1291 661
@/home/ec2-user/data/topics/2204 662
@/home/ec2-user/data/topics/1298 662
@/home/ec2-user/data/topics/1426 663
@/home/ec2-user/data/topics/1926 664
@/home/ec2-user/data/topics/1884 665
@/home/ec2-user/data/topics/1218 666
@/home/ec2-user/data/topics/1836 667
@/home/ec2-user/data/topics/4968 668
@/home/ec2-user/data/topics/3392 668
@/home/ec2-user/data/topics/4973 669
@/home/ec2-user/data/topics/4351 669
@/home/ec2-user/data/topics/2021 670
@/home/ec2-user/data/topics/4582 670
@/home/ec2-user/data/topics/5027 670
@/home/ec2-user/data/topics/1873 671
@/home/ec2-user/data/topics/1602 672
@/home/ec2-user/data/topics/1491 673
@/home/ec2-user/data/topics/2094 674
@/home/ec2-user/data/topics/3814 675
@/home/ec2-user/data/topics/2059 675
@/home/ec2-user/data/topics/1749 676
@/home/ec2-user/data/topics/3924 677
@/home/ec2-user/data/topics/1711 678
@/home/ec2-user/data/topics/4387 678
@/home/ec2-user/data/topics/1059 678
@/home/ec2-user/data/topics/2048 679
@/home/ec2-user/data/topics/4542 680
@/home/ec2-user/data/topics/2037 680
@/home/ec2-user/data/topics/1778 681
@/home/ec2-user/data/topics/4252 682
@/home/ec2-user/data/topics/2075 682
@/home/ec2-user/data/topics/3975 683
@/home/ec2-user/data/topics/1519 684
@/home/ec2-user/data/topics/3775 684
@/home/ec2-user/data/topics/4108 684
@/home/ec2-user/data/topics/1414 684
@/home/ec2-user/data/topics/3872 685
@/home/ec2-user/data/topics/3401 686
@/home/ec2-user/data/topics/1892 687
富士ゼロックス株式会社

@/home/ec2-user/data/topics/4821 688
@/home/ec2-user/data/topics/3407 688
@/home/ec2-user/data/topics/3473 689
@/home/ec2-user/data/topics/3695 690
@/home/ec2-user/data/topics/1588 691
@/home/ec2-user/data/topics/3661 691
@/home/ec2-user/data/topics/3790 692
@/home/ec2-user/data/topics/1360 693
@/home/ec2-user/data/topics/4108 693
@/home/ec2-user/data/topics/3564 694
@/home/ec2-user/data/topics/1579 695
@/home/ec2-user/data/topics/3383 695
@/home/ec2-user/data/topics/3366 696
@/home/ec2-user/data/topics/2040 697
@/home/ec2-user/data/topics/1947 697
@/home/ec2-user/data/topics/3662 698
@/home/ec2-user/data/topics/4867 699
@/home/ec2-user/data/topics/3782 699
@/home/ec2-user/data/topics/1560 700
@/home/ec2-user/data/topics/5031 701
@/home/ec2-user/data/topics/1183 702
@/home/ec2-user/data/topics/3640 702
@/home/ec2-user/data/topics/3947 703
住友金属工業株式会社

@/home/ec2-user/data/topics/4991 703
@/home/ec2-user/data/topics/4322 703
@/home/ec2-user/data/topics/3826 704
@/home/ec2-user/data/topics/4182 705
@/home/ec2-user/data/topics/4021 706
@/home/ec2-user/data/topics/4317 707
@/home/ec2-user/data/topics/4661 707
@/home/ec2-user/data/topics/3577 708
@/home/ec2-user/data/topics/3564 709
@/home/ec2-user/data/topics/4480 709
@/home/ec2-user/data/topics/4474 709
@/home/ec2-user/data/topics/4733 709
@/home/ec2-user/data/topics/1965 710
@/home/ec2-user/data/topics/4534 710
@/home/ec2-user/data/topics/4295 711
@/home/ec2-user/data/topics/3655 712
@/home/ec2-user/data/topics/1268 713
@/home/ec2-user/data/topics/2244 714
日立電線株式会社

@/home/ec2-user/data/topics/1127 714
@/home/ec2-user/data/topics/1388 714
@/home/ec2-user/data/topics/1305 715
@/home/ec2-user/data/topics/1470 716
@/home/ec2-user/data/topics/3873 716
@/home/ec2-user/data/topics/1117 716
@/home/ec2-user/data/topics/3930 717
@/home/ec2-user/data/topics/1155 718
@/home/ec2-user/data/topics/4180 718
@/home/ec2-user/data/topics/4357 718
@/home/ec2-user/data/topics/4356 719
@/home/ec2-user/data/topics/4329 720
@/home/ec2-user/data/topics/1027 721
@/home/ec2-user/data/topics/3756 722
キヤノン株式会社

@/home/ec2-user/data/topics/1455 723
@/home/ec2-user/data/topics/4350 723
@/home/ec2-user/data/topics/3730 724
@/home/ec2-user/data/topics/4090 725
@/home/ec2-user/data/topics/3374 725
@/home/ec2-user/data/topics/2107 726
@/home/ec2-user/data/topics/3967 727
@/home/ec2-user/data/topics/4054 728
@/home/ec2-user/data/topics/1758 729
@/home/ec2-user/data/topics/4521 729
@/home/ec2-user/data/topics/4520 730
@/home/ec2-user/data/topics/4674 731
@/home/ec2-user/data/topics/1320 731
@/home/ec2-user/data/topics/1228 731
@/home/ec2-user/data/topics/4610 732
@/home/ec2-user/data/topics/2059 733
@/home/ec2-user/data/topics/3376 733
@/home/ec2-user/data/topics/3737 734
@/home/ec2-user/data/topics/1090 735
@/home/ec2-user/data/topics/4988 735
@/home/ec2-user/data/topics/1866 735
@/home/ec2-user/data/topics/2145 736
@/home/ec2-user/data/topics/4488 737
@/home/ec2-user/data/topics/2174 737
@/home/ec2-user/data/topics/1790 737
@/home/ec2-user/data/topics/4612 738
@/home/ec2-user/data/topics/1643 738
@/home/ec2-user/data/topics/2004 738
@/home/ec2-user/data/topics/1852 739
@/home/ec2-user/data/topics/1216 739
@/home/ec2-user/data/topics/1752 740
@/home/ec2-user/data/topics/3438 740
@/home/ec2-user/data/topics/3720 741
@/home/ec2-user/data/topics/1539 742
@/home/ec2-user/data/topics/1188 743
@/home/ec2-user/data/topics/2243 743
@/home/ec2-user/data/topics/3434 744
@/home/ec2-user/data/topics/3575 745
@/home/ec2-user/data/topics/4948 745
@/home/ec2-user/data/topics/3454 746
@/home/ec2-user/data/topics/1847 747
@/home/ec2-user/data/topics/1227 748
@/home/ec2-user/data/topics/4776 748
@/home/ec2-user/data/topics/1124 748
@/home/ec2-user/data/topics/1118 749
@/home/ec2-user/data/topics/1392 750
@/home/ec2-user/data/topics/2053 750
@/home/ec2-user/data/topics/4454 751
@/home/ec2-user/data/topics/1159 751
@/home/ec2-user/data/topics/1080 751
@/home/ec2-user/data/topics/4947 752
@/home/ec2-user/data/topics/3572 753
@/home/ec2-user/data/topics/4088 753
@/home/ec2-user/data/topics/2231 753
@/home/ec2-user/data/topics/1848 754
@/home/ec2-user/data/topics/1646 755
@/home/ec2-user/data/topics/1438 756
@/home/ec2-user/data/topics/3660 757
@/home/ec2-user/data/topics/4425 758
@/home/ec2-user/data/topics/3533 758
@/home/ec2-user/data/topics/1590 758
@/home/ec2-user/data/topics/2117 759
@/home/ec2-user/data/topics/1222 760
@/home/ec2-user/data/topics/3445 760
@/home/ec2-user/data/topics/3642 761
@/home/ec2-user/data/topics/1744 762
@/home/ec2-user/data/topics/3527 763
@/home/ec2-user/data/topics/3722 763
@/home/ec2-user/data/topics/1393 764
@/home/ec2-user/data/topics/4628 764
@/home/ec2-user/data/topics/1568 765
@/home/ec2-user/data/topics/4363 766
@/home/ec2-user/data/topics/3755 767
@/home/ec2-user/data/topics/3628 768
@/home/ec2-user/data/topics/1208 769
@/home/ec2-user/data/topics/1519 770
@/home/ec2-user/data/topics/1151 771
@/home/ec2-user/data/topics/3656 771
@/home/ec2-user/data/topics/3852 772
@/home/ec2-user/data/topics/3819 773
@/home/ec2-user/data/topics/3949 773
@/home/ec2-user/data/topics/3416 774
@/home/ec2-user/data/topics/1514 775
@/home/ec2-user/data/topics/4020 775
@/home/ec2-user/data/topics/4068 776
@/home/ec2-user/data/topics/3410 777
@/home/ec2-user/data/topics/3430 778
@/home/ec2-user/data/topics/1745 779
@/home/ec2-user/data/topics/3420 780
@/home/ec2-user/data/topics/1765 781
@/home/ec2-user/data/topics/4937 781
@/home/ec2-user/data/topics/1802 782
@/home/ec2-user/data/topics/3487 783
@/home/ec2-user/data/topics/1961 783
@/home/ec2-user/data/topics/3415 784
@/home/ec2-user/data/topics/1895 785
@/home/ec2-user/data/topics/3441 786
@/home/ec2-user/data/topics/3417 787
@/home/ec2-user/data/topics/3859 788
@/home/ec2-user/data/topics/4717 788
@/home/ec2-user/data/topics/1513 788
@/home/ec2-user/data/topics/3996 789
@/home/ec2-user/data/topics/1889 790
@/home/ec2-user/data/topics/1814 791
@/home/ec2-user/data/topics/4704 791
@/home/ec2-user/data/topics/3843 791
@/home/ec2-user/data/topics/1975 792
@/home/ec2-user/data/topics/3559 793
@/home/ec2-user/data/topics/3958 793
@/home/ec2-user/data/topics/1631 794
三洋電機株式会社

@/home/ec2-user/data/topics/4604 795
@/home/ec2-user/data/topics/1488 795
@/home/ec2-user/data/topics/2097 796
@/home/ec2-user/data/topics/3906 796
@/home/ec2-user/data/topics/2014 797
@/home/ec2-user/data/topics/3708 798
@/home/ec2-user/data/topics/3403 799
@/home/ec2-user/data/topics/3974 800
@/home/ec2-user/data/topics/4001 801
@/home/ec2-user/data/topics/1980 802
@/home/ec2-user/data/topics/4978 803
@/home/ec2-user/data/topics/4150 804
@/home/ec2-user/data/topics/4304 805
@/home/ec2-user/data/topics/2217 806
@/home/ec2-user/data/topics/4719 806
@/home/ec2-user/data/topics/3607 806
@/home/ec2-user/data/topics/3953 806
@/home/ec2-user/data/topics/4529 807
@/home/ec2-user/data/topics/4240 807
@/home/ec2-user/data/topics/4099 807
@/home/ec2-user/data/topics/4983 808
@/home/ec2-user/data/topics/3817 809
@/home/ec2-user/data/topics/4179 810
@/home/ec2-user/data/topics/4372 811
@/home/ec2-user/data/topics/4345 811
@/home/ec2-user/data/topics/1386 811
@/home/ec2-user/data/topics/4061 812
@/home/ec2-user/data/topics/4023 813
@/home/ec2-user/data/topics/1451 813
@/home/ec2-user/data/topics/4301 814
@/home/ec2-user/data/topics/1968 815
@/home/ec2-user/data/topics/3830 815
@/home/ec2-user/data/topics/4015 816
@/home/ec2-user/data/topics/1653 817
@/home/ec2-user/data/topics/3768 818
@/home/ec2-user/data/topics/1055 818
@/home/ec2-user/data/topics/1289 818
@/home/ec2-user/data/topics/4474 819
@/home/ec2-user/data/topics/2071 820
@/home/ec2-user/data/topics/4171 821
@/home/ec2-user/data/topics/2124 821
@/home/ec2-user/data/topics/1664 821
@/home/ec2-user/data/topics/5011 821
@/home/ec2-user/data/topics/3754 822
@/home/ec2-user/data/topics/1494 823
@/home/ec2-user/data/topics/4527 823
@/home/ec2-user/data/topics/4960 824
@/home/ec2-user/data/topics/1479 825
@/home/ec2-user/data/topics/4612 826
@/home/ec2-user/data/topics/1234 827
@/home/ec2-user/data/topics/4328 827
@/home/ec2-user/data/topics/3570 828
@/home/ec2-user/data/topics/1652 828
@/home/ec2-user/data/topics/3889 829
@/home/ec2-user/data/topics/2194 830
@/home/ec2-user/data/topics/3781 831
@/home/ec2-user/data/topics/1246 832
@/home/ec2-user/data/topics/3859 833
@/home/ec2-user/data/topics/1470 834
@/home/ec2-user/data/topics/1163 834
@/home/ec2-user/data/topics/3581 835
@/home/ec2-user/data/topics/2098 836
@/home/ec2-user/data/topics/4178 837
@/home/ec2-user/data/topics/4652 838
@/home/ec2-user/data/topics/2063 838
@/home/ec2-user/data/topics/1586 839
@/home/ec2-user/data/topics/4376 839
@/home/ec2-user/data/topics/4726 840
@/home/ec2-user/data/topics/3845 841
@/home/ec2-user/data/topics/3491 842
@/home/ec2-user/data/topics/2019 843
@/home/ec2-user/data/topics/1515 843
@/home/ec2-user/data/topics/4384 844
@/home/ec2-user/data/topics/4821 845
@/home/ec2-user/data/topics/3681 845
@/home/ec2-user/data/topics/1446 846
@/home/ec2-user/data/topics/1722 846
@/home/ec2-user/data/topics/1294 847
@/home/ec2-user/data/topics/4698 847
@/home/ec2-user/data/topics/4568 847
@/home/ec2-user/data/topics/5002 847
@/home/ec2-user/data/topics/4976 848
@/home/ec2-user/data/topics/4222 848
@/home/ec2-user/data/topics/2054 848
@/home/ec2-user/data/topics/4492 849
@/home/ec2-user/data/topics/2230 850
@/home/ec2-user/data/topics/4654 851
@/home/ec2-user/data/topics/4066 852
@/home/ec2-user/data/topics/4763 853
@/home/ec2-user/data/topics/3808 854
@/home/ec2-user/data/topics/4201 855
@/home/ec2-user/data/topics/1205 855
@/home/ec2-user/data/topics/4060 855
@/home/ec2-user/data/topics/1463 856
@/home/ec2-user/data/topics/3625 856
@/home/ec2-user/data/topics/3804 857
@/home/ec2-user/data/topics/4073 858
@/home/ec2-user/data/topics/4679 858
@/home/ec2-user/data/topics/1671 859
@/home/ec2-user/data/topics/3926 860
@/home/ec2-user/data/topics/4039 861
@/home/ec2-user/data/topics/1851 862
@/home/ec2-user/data/topics/4003 862
@/home/ec2-user/data/topics/3539 862
@/home/ec2-user/data/topics/3492 863
@/home/ec2-user/data/topics/1858 864
@/home/ec2-user/data/topics/4540 864
@/home/ec2-user/data/topics/1842 864
@/home/ec2-user/data/topics/3986 864
@/home/ec2-user/data/topics/2094 865
@/home/ec2-user/data/topics/4837 865
@/home/ec2-user/data/topics/1321 866
@/home/ec2-user/data/topics/3398 867
@/home/ec2-user/data/topics/4788 868
@/home/ec2-user/data/topics/4212 869
@/home/ec2-user/data/topics/4720 870
@/home/ec2-user/data/topics/4571 871
@/home/ec2-user/data/topics/1243 872
@/home/ec2-user/data/topics/1079 872
三菱電機株式会社

@/home/ec2-user/data/topics/4220 873
@/home/ec2-user/data/topics/3841 873
@/home/ec2-user/data/topics/1220 874
@/home/ec2-user/data/topics/3469 875
@/home/ec2-user/data/topics/3506 876
@/home/ec2-user/data/topics/3800 877
@/home/ec2-user/data/topics/3612 878
@/home/ec2-user/data/topics/4663 879
@/home/ec2-user/data/topics/3397 880
@/home/ec2-user/data/topics/4834 881
@/home/ec2-user/data/topics/1074 882
@/home/ec2-user/data/topics/1960 882
@/home/ec2-user/data/topics/4305 882
@/home/ec2-user/data/topics/4181 883
@/home/ec2-user/data/topics/4047 884
@/home/ec2-user/data/topics/4514 885
@/home/ec2-user/data/topics/3856 886
@/home/ec2-user/data/topics/4149 887
@/home/ec2-user/data/topics/4847 888
@/home/ec2-user/data/topics/3921 888
@/home/ec2-user/data/topics/4231 889
@/home/ec2-user/data/topics/4562 889
@/home/ec2-user/data/topics/3412 890
@/home/ec2-user/data/topics/1872 891
@/home/ec2-user/data/topics/3676 892
@/home/ec2-user/data/topics/2239 892
@/home/ec2-user/data/topics/3616 892
@/home/ec2-user/data/topics/3409 893
@/home/ec2-user/data/topics/1792 894
@/home/ec2-user/data/topics/4570 895
@/home/ec2-user/data/topics/4552 895
@/home/ec2-user/data/topics/3666 896
@/home/ec2-user/data/topics/3493 897
@/home/ec2-user/data/topics/4664 898
@/home/ec2-user/data/topics/1355 898
@/home/ec2-user/data/topics/4076 898
@/home/ec2-user/data/topics/1929 899
@/home/ec2-user/data/topics/1083 899
@/home/ec2-user/data/topics/1650 899
@/home/ec2-user/data/topics/2146 899
@/home/ec2-user/data/topics/5033 900
@/home/ec2-user/data/topics/4916 901
@/home/ec2-user/data/topics/4614 901
@/home/ec2-user/data/topics/5032 902
@/home/ec2-user/data/topics/3465 903
@/home/ec2-user/data/topics/3677 904
@/home/ec2-user/data/topics/1110 904
@/home/ec2-user/data/topics/1062 905
@/home/ec2-user/data/topics/4658 905
@/home/ec2-user/data/topics/3747 905
@/home/ec2-user/data/topics/4438 906
@/home/ec2-user/data/topics/4957 906
@/home/ec2-user/data/topics/3462 906
@/home/ec2-user/data/topics/4522 906
@/home/ec2-user/data/topics/3854 906
@/home/ec2-user/data/topics/4041 906
@/home/ec2-user/data/topics/3820 907
@/home/ec2-user/data/topics/4518 908
@/home/ec2-user/data/topics/4282 909
@/home/ec2-user/data/topics/4187 910
@/home/ec2-user/data/topics/1216 910
@/home/ec2-user/data/topics/3873 910
@/home/ec2-user/data/topics/1362 911
@/home/ec2-user/data/topics/4880 911
@/home/ec2-user/data/topics/1679 912
@/home/ec2-user/data/topics/4235 912
@/home/ec2-user/data/topics/3963 913
@/home/ec2-user/data/topics/1754 914
@/home/ec2-user/data/topics/3490 915
@/home/ec2-user/data/topics/3609 916
@/home/ec2-user/data/topics/3466 917
@/home/ec2-user/data/topics/3454 918
@/home/ec2-user/data/topics/4980 918
@/home/ec2-user/data/topics/3595 919
@/home/ec2-user/data/topics/3453 920
@/home/ec2-user/data/topics/4745 921
@/home/ec2-user/data/topics/4221 921
@/home/ec2-user/data/topics/4419 922
@/home/ec2-user/data/topics/1738 923
@/home/ec2-user/data/topics/4233 924
@/home/ec2-user/data/topics/3451 925
@/home/ec2-user/data/topics/3774 926
@/home/ec2-user/data/topics/1536 927
@/home/ec2-user/data/topics/3738 928
@/home/ec2-user/data/topics/4133 928
@/home/ec2-user/data/topics/3592 929
@/home/ec2-user/data/topics/3728 930
住友ゴム工業株式会社

@/home/ec2-user/data/topics/4597 930
@/home/ec2-user/data/topics/4523 930
@/home/ec2-user/data/topics/2007 930
@/home/ec2-user/data/topics/3767 931
@/home/ec2-user/data/topics/1474 931
@/home/ec2-user/data/topics/4048 931
@/home/ec2-user/data/topics/4406 932
@/home/ec2-user/data/topics/4568 933
@/home/ec2-user/data/topics/1758 934
@/home/ec2-user/data/topics/1114 935
@/home/ec2-user/data/topics/4849 936
セイコーエプソン株式会社

@/home/ec2-user/data/topics/2078 936
@/home/ec2-user/data/topics/1343 936
@/home/ec2-user/data/topics/4605 937
@/home/ec2-user/data/topics/3476 938
@/home/ec2-user/data/topics/4386 939
@/home/ec2-user/data/topics/3361 940
@/home/ec2-user/data/topics/3985 941
@/home/ec2-user/data/topics/1378 942
@/home/ec2-user/data/topics/3639 943
@/home/ec2-user/data/topics/3505 943
@/home/ec2-user/data/topics/1641 944
@/home/ec2-user/data/topics/3887 945
@/home/ec2-user/data/topics/1152 946
@/home/ec2-user/data/topics/4927 946
@/home/ec2-user/data/topics/4572 946
@/home/ec2-user/data/topics/4454 946
@/home/ec2-user/data/topics/3794 947
@/home/ec2-user/data/topics/4109 947
@/home/ec2-user/data/topics/3589 948
@/home/ec2-user/data/topics/4022 949
@/home/ec2-user/data/topics/1890 950
@/home/ec2-user/data/topics/1423 951
@/home/ec2-user/data/topics/1938 952
@/home/ec2-user/data/topics/4231 953
@/home/ec2-user/data/topics/4042 953
@/home/ec2-user/data/topics/1484 953
@/home/ec2-user/data/topics/1541 954
@/home/ec2-user/data/topics/1099 954
@/home/ec2-user/data/topics/4400 954
@/home/ec2-user/data/topics/1642 954
@/home/ec2-user/data/topics/4719 954
@/home/ec2-user/data/topics/2165 955
@/home/ec2-user/data/topics/4802 956
@/home/ec2-user/data/topics/4245 957
@/home/ec2-user/data/topics/4585 957
@/home/ec2-user/data/topics/1131 958
@/home/ec2-user/data/topics/3910 958
@/home/ec2-user/data/topics/3819 959
@/home/ec2-user/data/topics/4801 960
株式会社三共

@/home/ec2-user/data/topics/1665 961
@/home/ec2-user/data/topics/2060 961
@/home/ec2-user/data/topics/1173 962
@/home/ec2-user/data/topics/4374 962
@/home/ec2-user/data/topics/4868 963
@/home/ec2-user/data/topics/3518 964
@/home/ec2-user/data/topics/1377 964
@/home/ec2-user/data/topics/1086 965
@/home/ec2-user/data/topics/1995 966
@/home/ec2-user/data/topics/4184 966
@/home/ec2-user/data/topics/1108 966
@/home/ec2-user/data/topics/2123 966
@/home/ec2-user/data/topics/1648 967
@/home/ec2-user/data/topics/1189 968
沖電気工業株式会社

@/home/ec2-user/data/topics/3395 969
@/home/ec2-user/data/topics/3690 969
@/home/ec2-user/data/topics/3446 970
@/home/ec2-user/data/topics/4575 970
@/home/ec2-user/data/topics/1188 971
@/home/ec2-user/data/topics/1270 972
@/home/ec2-user/data/topics/1329 972
@/home/ec2-user/data/topics/3621 972
@/home/ec2-user/data/topics/4693 973
@/home/ec2-user/data/topics/4308 974
@/home/ec2-user/data/topics/4299 975
@/home/ec2-user/data/topics/1743 976
@/home/ec2-user/data/topics/3964 976
@/home/ec2-user/data/topics/3431 977
@/home/ec2-user/data/topics/3764 977
@/home/ec2-user/data/topics/2228 978
@/home/ec2-user/data/topics/3571 978
@/home/ec2-user/data/topics/3433 979
@/home/ec2-user/data/topics/1531 980
@/home/ec2-user/data/topics/1189 981
@/home/ec2-user/data/topics/3457 981
株式会社三星

@/home/ec2-user/data/topics/4247 982
@/home/ec2-user/data/topics/2108 982
@/home/ec2-user/data/topics/1733 983
@/home/ec2-user/data/topics/1203 984
@/home/ec2-user/data/topics/1728 984
@/home/ec2-user/data/topics/1260 985
@/home/ec2-user/data/topics/1706 986
@/home/ec2-user/data/topics/2198 986
@/home/ec2-user/data/topics/3942 987
日本ビクター株式会社

@/home/ec2-user/data/topics/4672 988
@/home/ec2-user/data/topics/3920 988
@/home/ec2-user/data/topics/3489 988
@/home/ec2-user/data/topics/3572 988
@/home/ec2-user/data/topics/1893 988
@/home/ec2-user/data/topics/3603 988
@/home/ec2-user/data/topics/4214 989
@/home/ec2-user/data/topics/1389 989
@/home/ec2-user/data/topics/1520 990
@/home/ec2-user/data/topics/3939 991
@/home/ec2-user/data/topics/3620 992
@/home/ec2-user/data/topics/1823 993
@/home/ec2-user/data/topics/4123 994
@/home/ec2-user/data/topics/4056 995
@/home/ec2-user/data/topics/1440 996
@/home/ec2-user/data/topics/5026 997
@/home/ec2-user/data/topics/3882 997
花王株式会社

@/home/ec2-user/data/topics/4211 998
@/home/ec2-user/data/topics/4827 998
@/home/ec2-user/data/topics/3753 999
@/home/ec2-user/data/topics/3999 1000
@/home/ec2-user/data/topics/4287 1001
@/home/ec2-user/data/topics/1326 1002
@/home/ec2-user/data/topics/2214 1002
@/home/ec2-user/data/topics/1022 1003
@/home/ec2-user/data/topics/4073 1004
@/home/ec2-user/data/topics/3884 1004
@/home/ec2-user/data/topics/4692 1005
@/home/ec2-user/data/topics/4143 1005
@/home/ec2-user/data/topics/4249 1005
@/home/ec2-user/data/topics/3812 1006
@/home/ec2-user/data/topics/1615 1007
@/home/ec2-user/data/topics/4445 1007
@/home/ec2-user/data/topics/3485 1008
@/home/ec2-user/data/topics/1767 1008
@/home/ec2-user/data/topics/1196 1009
@/home/ec2-user/data/topics/3376 1010
三田工業株式会社

@/home/ec2-user/data/topics/1034 1010
@/home/ec2-user/data/topics/1766 1010
@/home/ec2-user/data/topics/4933 1011
@/home/ec2-user/data/topics/4554 1011
@/home/ec2-user/data/topics/3604 1011
@/home/ec2-user/data/topics/4578 1012
@/home/ec2-user/data/topics/3842 1012
@/home/ec2-user/data/topics/4591 1013
@/home/ec2-user/data/topics/2155 1013
@/home/ec2-user/data/topics/3923 1014
@/home/ec2-user/data/topics/1329 1015
@/home/ec2-user/data/topics/1269 1015
@/home/ec2-user/data/topics/2136 1016
@/home/ec2-user/data/topics/1033 1017
豊丸産業株式会社

@/home/ec2-user/data/topics/1126 1018
@/home/ec2-user/data/topics/1914 1018
@/home/ec2-user/data/topics/4847 1019
@/home/ec2-user/data/topics/1353 1020
@/home/ec2-user/data/topics/4533 1021
@/home/ec2-user/data/topics/1588 1021
@/home/ec2-user/data/topics/3794 1022
@/home/ec2-user/data/topics/1677 1022
@/home/ec2-user/data/topics/2169 1023
@/home/ec2-user/data/topics/1097 1024
@/home/ec2-user/data/topics/1401 1025
@/home/ec2-user/data/topics/1301 1026
@/home/ec2-user/data/topics/2011 1026
@/home/ec2-user/data/topics/1138 1027
@/home/ec2-user/data/topics/3582 1028
@/home/ec2-user/data/topics/1320 1028
@/home/ec2-user/data/topics/1713 1028
@/home/ec2-user/data/topics/1555 1029
@/home/ec2-user/data/topics/3672 1029
@/home/ec2-user/data/topics/1284 1030
@/home/ec2-user/data/topics/1726 1031
@/home/ec2-user/data/topics/1908 1032
@/home/ec2-user/data/topics/3594 1032
鐘紡株式会社

@/home/ec2-user/data/topics/4413 1032
@/home/ec2-user/data/topics/1949 1032
@/home/ec2-user/data/topics/2034 1032
@/home/ec2-user/data/topics/1886 1033
@/home/ec2-user/data/topics/3566 1034
@/home/ec2-user/data/topics/2223 1035
@/home/ec2-user/data/topics/1367 1036
@/home/ec2-user/data/topics/3524 1037
@/home/ec2-user/data/topics/1178 1037
@/home/ec2-user/data/topics/1870 1038
@/home/ec2-user/data/topics/1743 1039
@/home/ec2-user/data/topics/1901 1039
@/home/ec2-user/data/topics/3551 1040
@/home/ec2-user/data/topics/1054 1041
@/home/ec2-user/data/topics/2185 1042
@/home/ec2-user/data/topics/1842 1043
@/home/ec2-user/data/topics/4195 1044
@/home/ec2-user/data/topics/3634 1045
@/home/ec2-user/data/topics/4568 1046
@/home/ec2-user/data/topics/4940 1046
@/home/ec2-user/data/topics/3560 1046
@/home/ec2-user/data/topics/1304 1047
@/home/ec2-user/data/topics/1156 1048
@/home/ec2-user/data/topics/1408 1048
株式会社デンソー

@/home/ec2-user/data/topics/1028 1048
@/home/ec2-user/data/topics/3406 1048
@/home/ec2-user/data/topics/4840 1049
@/home/ec2-user/data/topics/4498 1050
@/home/ec2-user/data/topics/4495 1051
@/home/ec2-user/data/topics/1579 1051
@/home/ec2-user/data/topics/3480 1051
@/home/ec2-user/data/topics/4483 1052
@/home/ec2-user/data/topics/2058 1053
@/home/ec2-user/data/topics/1504 1053
@/home/ec2-user/data/topics/4423 1053
@/home/ec2-user/data/topics/4164 1054
@/home/ec2-user/data/topics/1427 1055
@/home/ec2-user/data/topics/4656 1055
@/home/ec2-user/data/topics/1855 1056
@/home/ec2-user/data/topics/4805 1057
@/home/ec2-user/data/topics/3421 1058
@/home/ec2-user/data/topics/4254 1059
@/home/ec2-user/data/topics/1293 1059
@/home/ec2-user/data/topics/4675 1059
@/home/ec2-user/data/topics/4046 1060
@/home/ec2-user/data/topics/3710 1061
@/home/ec2-user/data/topics/4024 1062
@/home/ec2-user/data/topics/4748 1063
@/home/ec2-user/data/topics/1919 1063
@/home/ec2-user/data/topics/4622 1063
富士写真フイルム株式会社

@/home/ec2-user/data/topics/1472 1064
@/home/ec2-user/data/topics/3911 1064
@/home/ec2-user/data/topics/1662 1065
@/home/ec2-user/data/topics/3447 1066
@/home/ec2-user/data/topics/3627 1067
@/home/ec2-user/data/topics/4962 1067
@/home/ec2-user/data/topics/4632 1068
@/home/ec2-user/data/topics/3918 1068
@/home/ec2-user/data/topics/1433 1069
@/home/ec2-user/data/topics/4074 1069
@/home/ec2-user/data/topics/1603 1069
@/home/ec2-user/data/topics/3354 1070
@/home/ec2-user/data/topics/2134 1071
@/home/ec2-user/data/topics/3857 1072
@/home/ec2-user/data/topics/1244 1073
@/home/ec2-user/data/topics/1570 1074
@/home/ec2-user/data/topics/1364 1075
京セラ株式会社

@/home/ec2-user/data/topics/4513 1075
@/home/ec2-user/data/topics/1913 1075
@/home/ec2-user/data/topics/1558 1076
@/home/ec2-user/data/topics/3615 1076
@/home/ec2-user/data/topics/3933 1077
@/home/ec2-user/data/topics/1708 1077
@/home/ec2-user/data/topics/4036 1078
@/home/ec2-user/data/topics/4344 1078
@/home/ec2-user/data/topics/1485 1078
@/home/ec2-user/data/topics/4901 1079
@/home/ec2-user/data/topics/3869 1080
@/home/ec2-user/data/topics/3593 1081
@/home/ec2-user/data/topics/4031 1082
@/home/ec2-user/data/topics/4340 1083
@/home/ec2-user/data/topics/1741 1084
@/home/ec2-user/data/topics/3741 1085
@/home/ec2-user/data/topics/4339 1086
@/home/ec2-user/data/topics/4499 1086
イビデン株式会社

@/home/ec2-user/data/topics/1336 1086
@/home/ec2-user/data/topics/1315 1086
@/home/ec2-user/data/topics/1770 1087
@/home/ec2-user/data/topics/3814 1088
@/home/ec2-user/data/topics/1952 1089
@/home/ec2-user/data/topics/2092 1090
@/home/ec2-user/data/topics/1682 1090
@/home/ec2-user/data/topics/2033 1091
@/home/ec2-user/data/topics/1376 1092
@/home/ec2-user/data/topics/4418 1092
@/home/ec2-user/data/topics/2028 1092
株式会社東芝

@/home/ec2-user/data/topics/1834 1092
@/home/ec2-user/data/topics/1819 1092
@/home/ec2-user/data/topics/4292 1093
@/home/ec2-user/data/topics/4881 1094
@/home/ec2-user/data/topics/4161 1095
@/home/ec2-user/data/topics/4631 1095
@/home/ec2-user/data/topics/4386 1096
@/home/ec2-user/data/topics/4246 1096
@/home/ec2-user/data/topics/4751 1096
@/home/ec2-user/data/topics/1997 1097
@/home/ec2-user/data/topics/1757 1098
@/home/ec2-user/data/topics/1090 1099
@/home/ec2-user/data/topics/3618 1100
@/home/ec2-user/data/topics/4049 1101
@/home/ec2-user/data/topics/4935 1101
@/home/ec2-user/data/topics/4715 1102
@/home/ec2-user/data/topics/4509 1102
@/home/ec2-user/data/topics/3988 1103
@/home/ec2-user/data/topics/4140 1104
@/home/ec2-user/data/topics/3990 1105
@/home/ec2-user/data/topics/4655 1106
@/home/ec2-user/data/topics/4842 1106
@/home/ec2-user/data/topics/3363 1107
@/home/ec2-user/data/topics/4860 1108
@/home/ec2-user/data/topics/3369 1108
@/home/ec2-user/data/topics/1393 1108
@/home/ec2-user/data/topics/1042 1108
@/home/ec2-user/data/topics/4566 1108
@/home/ec2-user/data/topics/1332 1109
@/home/ec2-user/data/topics/4165 1110
@/home/ec2-user/data/topics/3598 1111
@/home/ec2-user/data/topics/4361 1112
@/home/ec2-user/data/topics/3689 1113
@/home/ec2-user/data/topics/3780 1114
@/home/ec2-user/data/topics/1132 1115
@/home/ec2-user/data/topics/3728 1116
@/home/ec2-user/data/topics/4863 1116
@/home/ec2-user/data/topics/4585 1117
@/home/ec2-user/data/topics/1119 1117
@/home/ec2-user/data/topics/1104 1117
@/home/ec2-user/data/topics/3635 1117
@/home/ec2-user/data/topics/3683 1117
@/home/ec2-user/data/topics/4381 1118
@/home/ec2-user/data/topics/4302 1119
@/home/ec2-user/data/topics/1373 1120
@/home/ec2-user/data/topics/1716 1120
@/home/ec2-user/data/topics/1431 1120
@/home/ec2-user/data/topics/3444 1120
@/home/ec2-user/data/topics/3881 1120
@/home/ec2-user/data/topics/3360 1121
@/home/ec2-user/data/topics/3651 1122
@/home/ec2-user/data/topics/2241 1122
@/home/ec2-user/data/topics/1756 1123
@/home/ec2-user/data/topics/4594 1124
@/home/ec2-user/data/topics/1788 1125
@/home/ec2-user/data/topics/3795 1125
@/home/ec2-user/data/topics/4183 1126
@/home/ec2-user/data/topics/3351 1127
@/home/ec2-user/data/topics/1205 1128
@/home/ec2-user/data/topics/4089 1129
@/home/ec2-user/data/topics/4755 1130
@/home/ec2-user/data/topics/4607 1131
@/home/ec2-user/data/topics/4009 1131
@/home/ec2-user/data/topics/4912 1132
@/home/ec2-user/data/topics/1257 1133
@/home/ec2-user/data/topics/3948 1133
@/home/ec2-user/data/topics/3732 1134
@/home/ec2-user/data/topics/3380 1135
@/home/ec2-user/data/topics/3539 1136
@/home/ec2-user/data/topics/1585 1136
@/home/ec2-user/data/topics/4197 1137
@/home/ec2-user/data/topics/3688 1138
@/home/ec2-user/data/topics/4535 1139
@/home/ec2-user/data/topics/4603 1140
@/home/ec2-user/data/topics/3352 1140
@/home/ec2-user/data/topics/3525 1141
@/home/ec2-user/data/topics/3716 1141
@/home/ec2-user/data/topics/4172 1142
@/home/ec2-user/data/topics/3851 1143
@/home/ec2-user/data/topics/3749 1144
@/home/ec2-user/data/topics/3734 1144
@/home/ec2-user/data/topics/1055 1145
@/home/ec2-user/data/topics/4336 1145
@/home/ec2-user/data/topics/3462 1146
@/home/ec2-user/data/topics/4057 1147
@/home/ec2-user/data/topics/3890 1148
@/home/ec2-user/data/topics/3834 1149
@/home/ec2-user/data/topics/3542 1150
@/home/ec2-user/data/topics/1462 1151
@/home/ec2-user/data/topics/4096 1151
@/home/ec2-user/data/topics/2140 1152
@/home/ec2-user/data/topics/4623 1152
ヤマハ株式会社

@/home/ec2-user/data/topics/1676 1153
@/home/ec2-user/data/topics/1683 1153
@/home/ec2-user/data/topics/4045 1153
@/home/ec2-user/data/topics/1443 1154
@/home/ec2-user/data/topics/3790 1155
@/home/ec2-user/data/topics/3972 1155
@/home/ec2-user/data/topics/4954 1156
@/home/ec2-user/data/topics/3416 1157
@/home/ec2-user/data/topics/4125 1157
@/home/ec2-user/data/topics/4084 1158
@/home/ec2-user/data/topics/4145 1159
@/home/ec2-user/data/topics/4655 1160
@/home/ec2-user/data/topics/4919 1160
@/home/ec2-user/data/topics/1720 1161
@/home/ec2-user/data/topics/4468 1162
@/home/ec2-user/data/topics/4010 1162
@/home/ec2-user/data/topics/3892 1163
@/home/ec2-user/data/topics/4177 1163
@/home/ec2-user/data/topics/1911 1164
@/home/ec2-user/data/topics/2082 1165
東洋紡績株式会社

@/home/ec2-user/data/topics/1179 1165
@/home/ec2-user/data/topics/4284 1165
@/home/ec2-user/data/topics/4366 1166
@/home/ec2-user/data/topics/3933 1167
@/home/ec2-user/data/topics/4362 1167
@/home/ec2-user/data/topics/1424 1168
@/home/ec2-user/data/topics/3769 1168
@/home/ec2-user/data/topics/1613 1169
@/home/ec2-user/data/topics/1029 1170
三菱化学株式会社

@/home/ec2-user/data/topics/1902 1171
@/home/ec2-user/data/topics/3458 1171
@/home/ec2-user/data/topics/3638 1172
@/home/ec2-user/data/topics/1197 1173
@/home/ec2-user/data/topics/3585 1174
@/home/ec2-user/data/topics/2048 1174
@/home/ec2-user/data/topics/3513 1174
@/home/ec2-user/data/topics/4334 1175
@/home/ec2-user/data/topics/1699 1175
カシオ計算機株式会社

@/home/ec2-user/data/topics/1047 1176
@/home/ec2-user/data/topics/3391 1176
@/home/ec2-user/data/topics/1368 1177
@/home/ec2-user/data/topics/4621 1178
@/home/ec2-user/data/topics/1235 1178
@/home/ec2-user/data/topics/1107 1179
@/home/ec2-user/data/topics/2237 1179
@/home/ec2-user/data/topics/3543 1180
@/home/ec2-user/data/topics/4205 1180
@/home/ec2-user/data/topics/2180 1180
@/home/ec2-user/data/topics/1794 1181
@/home/ec2-user/data/topics/1535 1182
コナミ株式会社

@/home/ec2-user/data/topics/4602 1183
@/home/ec2-user/data/topics/3996 1183
@/home/ec2-user/data/topics/1621 1183
@/home/ec2-user/data/topics/4106 1184
@/home/ec2-user/data/topics/5015 1184
@/home/ec2-user/data/topics/2100 1185
@/home/ec2-user/data/topics/1258 1186
@/home/ec2-user/data/topics/2117 1186
@/home/ec2-user/data/topics/2151 1186
@/home/ec2-user/data/topics/4681 1187
@/home/ec2-user/data/topics/1672 1188
@/home/ec2-user/data/topics/1302 1189
大日本スクリーン製造株式会社

@/home/ec2-user/data/topics/1608 1190
@/home/ec2-user/data/topics/3742 1190
@/home/ec2-user/data/topics/2058 1191
@/home/ec2-user/data/topics/3703 1191
@/home/ec2-user/data/topics/2172 1191
@/home/ec2-user/data/topics/4842 1192
@/home/ec2-user/data/topics/1173 1192
@/home/ec2-user/data/topics/1779 1193
@/home/ec2-user/data/topics/1130 1194
@/home/ec2-user/data/topics/2209 1195
@/home/ec2-user/data/topics/2049 1196
オムロン株式会社

@/home/ec2-user/data/topics/1135 1196
@/home/ec2-user/data/topics/1151 1196
@/home/ec2-user/data/topics/4387 1197
@/home/ec2-user/data/topics/3597 1197
@/home/ec2-user/data/topics/2051 1198
@/home/ec2-user/data/topics/4771 1198
@/home/ec2-user/data/topics/4033 1199
@/home/ec2-user/data/topics/3663 1199
@/home/ec2-user/data/topics/1067 1199
@/home/ec2-user/data/topics/3700 1200
@/home/ec2-user/data/topics/3863 1201
@/home/ec2-user/data/topics/3594 1202
@/home/ec2-user/data/topics/1533 1203
@/home/ec2-user/data/topics/2096 1204
@/home/ec2-user/data/topics/4509 1205
@/home/ec2-user/data/topics/1657 1205
@/home/ec2-user/data/topics/3708 1206
@/home/ec2-user/data/topics/1579 1206
@/home/ec2-user/data/topics/1933 1207
@/home/ec2-user/data/topics/1841 1208
@/home/ec2-user/data/topics/2064 1209
@/home/ec2-user/data/topics/3748 1209
@/home/ec2-user/data/topics/4334 1210
株式会社日立製作所

@/home/ec2-user/data/topics/3648 1210
@/home/ec2-user/data/topics/3471 1210
@/home/ec2-user/data/topics/1987 1211
@/home/ec2-user/data/topics/1826 1212
@/home/ec2-user/data/topics/4493 1213
@/home/ec2-user/data/topics/4489 1214
@/home/ec2-user/data/topics/1880 1215
@/home/ec2-user/data/topics/3958 1216
@/home/ec2-user/data/topics/1629 1216
@/home/ec2-user/data/topics/3828 1216
@/home/ec2-user/data/topics/5030 1216
@/home/ec2-user/data/topics/1693 1217
@/home/ec2-user/data/topics/3861 1218
@/home/ec2-user/data/topics/4402 1218
@/home/ec2-user/data/topics/1957 1219
@/home/ec2-user/data/topics/1192 1219
@/home/ec2-user/data/topics/3706 1219
@/home/ec2-user/data/topics/1340 1220
@/home/ec2-user/data/topics/3599 1221
@/home/ec2-user/data/topics/1527 1222
@/home/ec2-user/data/topics/4207 1222
@/home/ec2-user/data/topics/3531 1222
@/home/ec2-user/data/topics/3461 1223
@/home/ec2-user/data/topics/2081 1224
@/home/ec2-user/data/topics/3366 1225
@/home/ec2-user/data/topics/1481 1225
@/home/ec2-user/data/topics/3771 1225
@/home/ec2-user/data/topics/1640 1225
@/home/ec2-user/data/topics/3691 1226
@/home/ec2-user/data/topics/1195 1227
@/home/ec2-user/data/topics/4547 1227
@/home/ec2-user/data/topics/1651 1228
@/home/ec2-user/data/topics/3440 1229
@/home/ec2-user/data/topics/4539 1230
@/home/ec2-user/data/topics/1833 1230
@/home/ec2-user/data/topics/2019 1231
@/home/ec2-user/data/topics/3576 1232
@/home/ec2-user/data/topics/5029 1232
@/home/ec2-user/data/topics/1088 1233
@/home/ec2-user/data/topics/1249 1233
@/home/ec2-user/data/topics/3350 1234
@/home/ec2-user/data/topics/4614 1235
@/home/ec2-user/data/topics/4830 1235
@/home/ec2-user/data/topics/1501 1236
@/home/ec2-user/data/topics/3659 1237
@/home/ec2-user/data/topics/4975 1238
@/home/ec2-user/data/topics/3994 1238
@/home/ec2-user/data/topics/4122 1239
@/home/ec2-user/data/topics/3965 1240
@/home/ec2-user/data/topics/3993 1241
@/home/ec2-user/data/topics/3768 1242
@/home/ec2-user/data/topics/4762 1242
@/home/ec2-user/data/topics/3810 1242
@/home/ec2-user/data/topics/3432 1242
@/home/ec2-user/data/topics/1334 1243
@/home/ec2-user/data/topics/1296 1244
@/home/ec2-user/data/topics/1082 1245
@/home/ec2-user/data/topics/3596 1246
@/home/ec2-user/data/topics/4990 1247
@/home/ec2-user/data/topics/4621 1248
@/home/ec2-user/data/topics/1105 1249
@/home/ec2-user/data/topics/1399 1250
@/home/ec2-user/data/topics/3435 1250
@/home/ec2-user/data/topics/1882 1250
@/home/ec2-user/data/topics/4040 1251
@/home/ec2-user/data/topics/1309 1252
@/home/ec2-user/data/topics/3779 1252
@/home/ec2-user/data/topics/3439 1253
@/home/ec2-user/data/topics/4551 1254
@/home/ec2-user/data/topics/3973 1255
@/home/ec2-user/data/topics/4487 1256
@/home/ec2-user/data/topics/3524 1256
@/home/ec2-user/data/topics/3772 1257
@/home/ec2-user/data/topics/2184 1258
@/home/ec2-user/data/topics/1825 1259
@/home/ec2-user/data/topics/3665 1260
@/home/ec2-user/data/topics/4799 1261
@/home/ec2-user/data/topics/1278 1262
@/home/ec2-user/data/topics/4166 1263
@/home/ec2-user/data/topics/3961 1264
@/home/ec2-user/data/topics/1667 1264
@/home/ec2-user/data/topics/1487 1265
@/home/ec2-user/data/topics/1072 1266
@/home/ec2-user/data/topics/1463 1267
@/home/ec2-user/data/topics/3822 1268
@/home/ec2-user/data/topics/1465 1269
@/home/ec2-user/data/topics/2239 1269
@/home/ec2-user/data/topics/3593 1270
@/home/ec2-user/data/topics/4420 1270
@/home/ec2-user/data/topics/4943 1271
@/home/ec2-user/data/topics/4401 1272
@/home/ec2-user/data/topics/3488 1273
@/home/ec2-user/data/topics/4038 1274
@/home/ec2-user/data/topics/4956 1274
@/home/ec2-user/data/topics/1953 1274
@/home/ec2-user/data/topics/1912 1274
@/home/ec2-user/data/topics/3588 1274
@/home/ec2-user/data/topics/4559 1275
@/home/ec2-user/data/topics/3384 1276
@/home/ec2-user/data/topics/3591 1277
@/home/ec2-user/data/topics/4689 1277
@/home/ec2-user/data/topics/3952 1277
@/home/ec2-user/data/topics/4545 1277
@/home/ec2-user/data/topics/1363 1278
@/home/ec2-user/data/topics/3968 1278
@/home/ec2-user/data/topics/3953 1279
@/home/ec2-user/data/topics/1247 1279
@/home/ec2-user/data/topics/3570 1280
@/home/ec2-user/data/topics/4868 1281
@/home/ec2-user/data/topics/4058 1281
@/home/ec2-user/data/topics/1562 1282
凸版印刷株式会社

@/home/ec2-user/data/topics/4977 1283
@/home/ec2-user/data/topics/3500 1283
@/home/ec2-user/data/topics/4874 1284
@/home/ec2-user/data/topics/4356 1285
@/home/ec2-user/data/topics/3526 1285
@/home/ec2-user/data/topics/1091 1286
@/home/ec2-user/data/topics/4945 1287
@/home/ec2-user/data/topics/2188 1287
@/home/ec2-user/data/topics/3624 1287
@/home/ec2-user/data/topics/1765 1288
@/home/ec2-user/data/topics/1977 1289
株式会社ノーリツ

@/home/ec2-user/data/topics/4431 1290
@/home/ec2-user/data/topics/4354 1290
@/home/ec2-user/data/topics/4206 1291
@/home/ec2-user/data/topics/4179 1292
@/home/ec2-user/data/topics/1598 1292
@/home/ec2-user/data/topics/3671 1293
@/home/ec2-user/data/topics/2116 1293
@/home/ec2-user/data/topics/4974 1294
@/home/ec2-user/data/topics/1290 1294
@/home/ec2-user/data/topics/1618 1295
@/home/ec2-user/data/topics/1760 1296
@/home/ec2-user/data/topics/4776 1297
川崎重工業株式会社

@/home/ec2-user/data/topics/4756 1298
@/home/ec2-user/data/topics/1172 1298
@/home/ec2-user/data/topics/4793 1299
@/home/ec2-user/data/topics/4572 1300
@/home/ec2-user/data/topics/4944 1301
@/home/ec2-user/data/topics/1162 1302
@/home/ec2-user/data/topics/4383 1303
@/home/ec2-user/data/topics/3559 1303
@/home/ec2-user/data/topics/5025 1303
@/home/ec2-user/data/topics/1233 1304
@/home/ec2-user/data/topics/4866 1304
@/home/ec2-user/data/topics/4651 1305
ティーディーケイ株式会社

@/home/ec2-user/data/topics/2202 1305
@/home/ec2-user/data/topics/1555 1305
@/home/ec2-user/data/topics/1510 1305
@/home/ec2-user/data/topics/3979 1306
@/home/ec2-user/data/topics/1129 1306
@/home/ec2-user/data/topics/3792 1307
@/home/ec2-user/data/topics/4002 1308
@/home/ec2-user/data/topics/3909 1308
@/home/ec2-user/data/topics/4619 1309
@/home/ec2-user/data/topics/3798 1310
@/home/ec2-user/data/topics/1409 1311
@/home/ec2-user/data/topics/3469 1312
@/home/ec2-user/data/topics/2210 1312
@/home/ec2-user/data/topics/1437 1313
京セラミタ株式会社

@/home/ec2-user/data/topics/4633 1313
@/home/ec2-user/data/topics/1930 1313
@/home/ec2-user/data/topics/2141 1314
@/home/ec2-user/data/topics/1032 1315
@/home/ec2-user/data/topics/4564 1316
@/home/ec2-user/data/topics/4985 1317
@/home/ec2-user/data/topics/4174 1318
@/home/ec2-user/data/topics/1053 1319
@/home/ec2-user/data/topics/4788 1319
@/home/ec2-user/data/topics/3975 1319
@/home/ec2-user/data/topics/4973 1319
株式会社クボタ

@/home/ec2-user/data/topics/1386 1320
@/home/ec2-user/data/topics/1448 1320
@/home/ec2-user/data/topics/1280 1321
@/home/ec2-user/data/topics/4745 1322
@/home/ec2-user/data/topics/3620 1323
@/home/ec2-user/data/topics/3823 1323
@/home/ec2-user/data/topics/3919 1324
@/home/ec2-user/data/topics/1806 1325
@/home/ec2-user/data/topics/4307 1325
@/home/ec2-user/data/topics/1012 1325
@/home/ec2-user/data/topics/3854 1326
@/home/ec2-user/data/topics/4653 1327
@/home/ec2-user/data/topics/1734 1327
@/home/ec2-user/data/topics/4379 1328
@/home/ec2-user/data/topics/4251 1329
シャープ株式会社

@/home/ec2-user/data/topics/4295 1330
@/home/ec2-user/data/topics/1970 1330
@/home/ec2-user/data/topics/4113 1331
@/home/ec2-user/data/topics/3678 1332
@/home/ec2-user/data/topics/4744 1333
@/home/ec2-user/data/topics/3402 1334
@/home/ec2-user/data/topics/4519 1334
@/home/ec2-user/data/topics/4861 1335
@/home/ec2-user/data/topics/1345 1336
@/home/ec2-user/data/topics/4782 1336
@/home/ec2-user/data/topics/1176 1337
@/home/ec2-user/data/topics/2228 1337
@/home/ec2-user/data/topics/2118 1337
@/home/ec2-user/data/topics/4245 1338
@/home/ec2-user/data/topics/4469 1339
@/home/ec2-user/data/topics/4317 1340
@/home/ec2-user/data/topics/3452 1340
@/home/ec2-user/data/topics/3832 1341
@/home/ec2-user/data/topics/4019 1342
@/home/ec2-user/data/topics/1685 1343
@/home/ec2-user/data/topics/4309 1344
@/home/ec2-user/data/topics/4230 1344
@/home/ec2-user/data/topics/2199 1345
@/home/ec2-user/data/topics/3546 1345
@/home/ec2-user/data/topics/3698 1345
@/home/ec2-user/data/topics/4717 1346
@/home/ec2-user/data/topics/1908 1347
@/home/ec2-user/data/topics/3941 1347
@/home/ec2-user/data/topics/4583 1348
@/home/ec2-user/data/topics/3981 1349
@/home/ec2-user/data/topics/1342 1350
@/home/ec2-user/data/topics/3813 1350
@/home/ec2-user/data/topics/3679 1351
@/home/ec2-user/data/topics/3777 1352
@/home/ec2-user/data/topics/3871 1353
@/home/ec2-user/data/topics/4714 1354
@/home/ec2-user/data/topics/1563 1354
@/home/ec2-user/data/topics/3673 1355
@/home/ec2-user/data/topics/3895 1356
@/home/ec2-user/data/topics/3978 1357
@/home/ec2-user/data/topics/1419 1358
@/home/ec2-user/data/topics/1174 1359
@/home/ec2-user/data/topics/4105 1360
@/home/ec2-user/data/topics/4228 1361
@/home/ec2-user/data/topics/4256 1362
@/home/ec2-user/data/topics/4691 1363
@/home/ec2-user/data/topics/4323 1364
@/home/ec2-user/data/topics/3352 1365
@/home/ec2-user/data/topics/4345 1365
@/home/ec2-user/data/topics/1463 1365
@/home/ec2-user/data/topics/3422 1365
@/home/ec2-user/data/topics/4124 1366
@/home/ec2-user/data/topics/1074 1367
@/home/ec2-user/data/topics/4103 1367
@/home/ec2-user/data/topics/1154 1368
@/home/ec2-user/data/topics/1564 1369
@/home/ec2-user/data/topics/3776 1369
@/home/ec2-user/data/topics/3537 1370
@/home/ec2-user/data/topics/4349 1371
@/home/ec2-user/data/topics/1494 1372
@/home/ec2-user/data/topics/1318 1372
@/home/ec2-user/data/topics/3786 1373
@/home/ec2-user/data/topics/3606 1373
@/home/ec2-user/data/topics/2020 1374
@/home/ec2-user/data/topics/1317 1375
@/home/ec2-user/data/topics/4430 1375
@/home/ec2-user/data/topics/3450 1376
@/home/ec2-user/data/topics/4648 1377
@/home/ec2-user/data/topics/1431 1378
@/home/ec2-user/data/topics/1965 1379
@/home/ec2-user/data/topics/3753 1380
@/home/ec2-user/data/topics/1288 1380
@/home/ec2-user/data/topics/1209 1381
@/home/ec2-user/data/topics/1804 1382
@/home/ec2-user/data/topics/3858 1383
@/home/ec2-user/data/topics/4214 1384
@/home/ec2-user/data/topics/3762 1385
@/home/ec2-user/data/topics/4005 1386
@/home/ec2-user/data/topics/3942 1387
@/home/ec2-user/data/topics/3966 1387
@/home/ec2-user/data/topics/1384 1388
@/home/ec2-user/data/topics/4516 1389
@/home/ec2-user/data/topics/4481 1390
@/home/ec2-user/data/topics/3649 1390
@/home/ec2-user/data/topics/1561 1391
@/home/ec2-user/data/topics/3854 1392
@/home/ec2-user/data/topics/3610 1392
@/home/ec2-user/data/topics/4484 1393
@/home/ec2-user/data/topics/1624 1393
@/home/ec2-user/data/topics/3855 1393
@/home/ec2-user/data/topics/4415 1394
@/home/ec2-user/data/topics/3760 1394
@/home/ec2-user/data/topics/1349 1395
@/home/ec2-user/data/topics/3957 1396
@/home/ec2-user/data/topics/4152 1397
@/home/ec2-user/data/topics/2084 1398
@/home/ec2-user/data/topics/1258 1399
@/home/ec2-user/data/topics/3521 1400
@/home/ec2-user/data/topics/1775 1400
@/home/ec2-user/data/topics/4962 1400
@/home/ec2-user/data/topics/3793 1400
@/home/ec2-user/data/topics/4263 1401
@/home/ec2-user/data/topics/1979 1402
@/home/ec2-user/data/topics/3591 1402
@/home/ec2-user/data/topics/2087 1402
@/home/ec2-user/data/topics/1396 1403
@/home/ec2-user/data/topics/4293 1404
@/home/ec2-user/data/topics/2014 1404
@/home/ec2-user/data/topics/3419 1404
@/home/ec2-user/data/topics/4252 1404
@/home/ec2-user/data/topics/4683 1405
@/home/ec2-user/data/topics/3578 1406
@/home/ec2-user/data/topics/4127 1407
@/home/ec2-user/data/topics/1840 1408
@/home/ec2-user/data/topics/1915 1409
@/home/ec2-user/data/topics/4173 1409
@/home/ec2-user/data/topics/4095 1410
@/home/ec2-user/data/topics/4238 1411
@/home/ec2-user/data/topics/1467 1411
@/home/ec2-user/data/topics/2082 1411
@/home/ec2-user/data/topics/4614 1411
@/home/ec2-user/data/topics/1860 1411
日本輸送機株式会社

@/home/ec2-user/data/topics/1493 1411
@/home/ec2-user/data/topics/2239 1411
@/home/ec2-user/data/topics/1456 1411
@/home/ec2-user/data/topics/2221 1412
@/home/ec2-user/data/topics/1191 1413
@/home/ec2-user/data/topics/3839 1414
@/home/ec2-user/data/topics/1514 1414
@/home/ec2-user/data/topics/1940 1414
@/home/ec2-user/data/topics/3469 1415
@/home/ec2-user/data/topics/1108 1415
@/home/ec2-user/data/topics/3573 1416
@/home/ec2-user/data/topics/2065 1417
東京エレクトロン株式会社

@/home/ec2-user/data/topics/1822 1418
@/home/ec2-user/data/topics/1800 1418
@/home/ec2-user/data/topics/4702 1419
@/home/ec2-user/data/topics/1263 1420
@/home/ec2-user/data/topics/1508 1421
@/home/ec2-user/data/topics/1312 1422
@/home/ec2-user/data/topics/2036 1422
@/home/ec2-user/data/topics/3947 1422
@/home/ec2-user/data/topics/4618 1423
@/home/ec2-user/data/topics/4023 1424
@/home/ec2-user/data/topics/1736 1425
@/home/ec2-user/data/topics/4906 1426
@/home/ec2-user/data/topics/4053 1427
@/home/ec2-user/data/topics/4345 1428
@/home/ec2-user/data/topics/1589 1429
@/home/ec2-user/data/topics/4760 1429
@/home/ec2-user/data/topics/3882 1429
@/home/ec2-user/data/topics/4002 1429
株式会社村田製作所

@/home/ec2-user/data/topics/1374 1430
@/home/ec2-user/data/topics/3887 1430
@/home/ec2-user/data/topics/3697 1430
@/home/ec2-user/data/topics/4417 1431
@/home/ec2-user/data/topics/1558 1432
@/home/ec2-user/data/topics/3885 1432
@/home/ec2-user/data/topics/4325 1433
@/home/ec2-user/data/topics/1411 1434
@/home/ec2-user/data/topics/4492 1435
@/home/ec2-user/data/topics/4795 1435
@/home/ec2-user/data/topics/4481 1436
@/home/ec2-user/data/topics/3435 1436
@/home/ec2-user/data/topics/4163 1437
@/home/ec2-user/data/topics/3583 1438
@/home/ec2-user/data/topics/1529 1438
@/home/ec2-user/data/topics/3422 1438
@/home/ec2-user/data/topics/4703 1438
@/home/ec2-user/data/topics/4271 1439
@/home/ec2-user/data/topics/4432 1440
@/home/ec2-user/data/topics/1461 1441
@/home/ec2-user/data/topics/4378 1441
@/home/ec2-user/data/topics/4042 1442
@/home/ec2-user/data/topics/2229 1443
@/home/ec2-user/data/topics/4070 1444
@/home/ec2-user/data/topics/3482 1445
@/home/ec2-user/data/topics/3525 1446
日本電信電話株式会社

@/home/ec2-user/data/topics/4553 1446
@/home/ec2-user/data/topics/1229 1446
@/home/ec2-user/data/topics/3644 1447
@/home/ec2-user/data/topics/2017 1447
@/home/ec2-user/data/topics/1042 1448
@/home/ec2-user/data/topics/1450 1449
@/home/ec2-user/data/topics/4208 1449
@/home/ec2-user/data/topics/3634 1450
@/home/ec2-user/data/topics/4241 1450
@/home/ec2-user/data/topics/4505 1450
@/home/ec2-user/data/topics/1787 1451
@/home/ec2-user/data/topics/3785 1452
@/home/ec2-user/data/topics/1669 1453
@/home/ec2-user/data/topics/4131 1453
@/home/ec2-user/data/topics/4118 1454
@/home/ec2-user/data/topics/4232 1455
@/home/ec2-user/data/topics/4025 1456
@/home/ec2-user/data/topics/4443 1457
@/home/ec2-user/data/topics/3928 1458
@/home/ec2-user/data/topics/1664 1459
@/home/ec2-user/data/topics/2103 1459
@/home/ec2-user/data/topics/4175 1459
@/home/ec2-user/data/topics/3641 1460
@/home/ec2-user/data/topics/2035 1461
@/home/ec2-user/data/topics/1950 1461
@/home/ec2-user/data/topics/4511 1461
@/home/ec2-user/data/topics/4104 1462
@/home/ec2-user/data/topics/4964 1463
@/home/ec2-user/data/topics/1088 1464
@/home/ec2-user/data/topics/4087 1464
@/home/ec2-user/data/topics/1934 1465
@/home/ec2-user/data/topics/1809 1466
@/home/ec2-user/data/topics/4488 1467
@/home/ec2-user/data/topics/4476 1468
@/home/ec2-user/data/topics/4916 1468
@/home/ec2-user/data/topics/4288 1469
@/home/ec2-user/data/topics/3524 1469
@/home/ec2-user/data/topics/3536 1469
@/home/ec2-user/data/topics/3650 1470
@/home/ec2-user/data/topics/3811 1471
@/home/ec2-user/data/topics/3824 1472
@/home/ec2-user/data/topics/3506 1473
@/home/ec2-user/data/topics/4836 1473
@/home/ec2-user/data/topics/3614 1474
@/home/ec2-user/data/topics/4121 1474
@/home/ec2-user/data/topics/2092 1475
@/home/ec2-user/data/topics/1284 1475
@/home/ec2-user/data/topics/4870 1475
@/home/ec2-user/data/topics/4146 1476
@/home/ec2-user/data/topics/2092 1477
@/home/ec2-user/data/topics/4734 1477
@/home/ec2-user/data/topics/1230 1477
@/home/ec2-user/data/topics/3517 1478
@/home/ec2-user/data/topics/4865 1478
@/home/ec2-user/data/topics/4114 1479
@/home/ec2-user/data/topics/3957 1480
@/home/ec2-user/data/topics/3915 1480
@/home/ec2-user/data/topics/4965 1481
@/home/ec2-user/data/topics/3927 1482
@/home/ec2-user/data/topics/3552 1483
@/home/ec2-user/data/topics/3568 1484
@/home/ec2-user/data/topics/4335 1485
@/home/ec2-user/data/topics/3509 1486
@/home/ec2-user/data/topics/2130 1487
@/home/ec2-user/data/topics/4664 1488
@/home/ec2-user/data/topics/1510 1489
@/home/ec2-user/data/topics/4115 1489
@/home/ec2-user/data/topics/1842 1490
@/home/ec2-user/data/topics/3359 1490
@/home/ec2-user/data/topics/3425 1491
@/home/ec2-user/data/topics/1196 1492
@/home/ec2-user/data/topics/4792 1492
@/home/ec2-user/data/topics/4560 1493
@/home/ec2-user/data/topics/4925 1494
@/home/ec2-user/data/topics/4952 1495
@/home/ec2-user/data/topics/1408 1496
@/home/ec2-user/data/topics/2066 1497
@/home/ec2-user/data/topics/3894 1497
@/home/ec2-user/data/topics/1556 1498
@/home/ec2-user/data/topics/3521 1499
@/home/ec2-user/data/topics/4176 1500
@/home/ec2-user/data/topics/3544 1500
@/home/ec2-user/data/topics/3586 1501
@/home/ec2-user/data/topics/3735 1502
日本鋼管株式会社

@/home/ec2-user/data/topics/4455 1502
@/home/ec2-user/data/topics/1688 1502
@/home/ec2-user/data/topics/2095 1502
@/home/ec2-user/data/topics/4827 1503
@/home/ec2-user/data/topics/4289 1503
@/home/ec2-user/data/topics/1404 1504
@/home/ec2-user/data/topics/3572 1505
@/home/ec2-user/data/topics/4838 1506
@/home/ec2-user/data/topics/1690 1506
@/home/ec2-user/data/topics/1482 1507
@/home/ec2-user/data/topics/4161 1507
株式会社神戸製鋼所

@/home/ec2-user/data/topics/3902 1508
@/home/ec2-user/data/topics/3475 1508
@/home/ec2-user/data/topics/3762 1509
@/home/ec2-user/data/topics/3632 1509
@/home/ec2-user/data/topics/1142 1510
@/home/ec2-user/data/topics/1651 1510
@/home/ec2-user/data/topics/4606 1510
@/home/ec2-user/data/topics/2064 1510
@/home/ec2-user/data/topics/4949 1511
@/home/ec2-user/data/topics/3674 1512
@/home/ec2-user/data/topics/1465 1513
株式会社ケンウッド

@/home/ec2-user/data/topics/4687 1514
@/home/ec2-user/data/topics/3463 1514
@/home/ec2-user/data/topics/1424 1515
@/home/ec2-user/data/topics/4038 1516
@/home/ec2-user/data/topics/1186 1517
@/home/ec2-user/data/topics/2036 1518
@/home/ec2-user/data/topics/2163 1519
@/home/ec2-user/data/topics/1218 1520
@/home/ec2-user/data/topics/3433 1520
@/home/ec2-user/data/topics/3794 1520
@/home/ec2-user/data/topics/1617 1521
@/home/ec2-user/data/topics/4167 1522
@/home/ec2-user/data/topics/1345 1523
@/home/ec2-user/data/topics/1185 1524
@/home/ec2-user/data/topics/1316 1524
@/home/ec2-user/data/topics/1312 1524
@/home/ec2-user/data/topics/3969 1524
@/home/ec2-user/data/topics/3839 1525
@/home/ec2-user/data/topics/3801 1526
@/home/ec2-user/data/topics/4050 1527
@/home/ec2-user/data/topics/1276 1528
@/home/ec2-user/data/topics/1979 1528
@/home/ec2-user/data/topics/4625 1528
@/home/ec2-user/data/topics/1241 1528
@/home/ec2-user/data/topics/4009 1529
@/home/ec2-user/data/topics/4467 1529
@/home/ec2-user/data/topics/3878 1530
@/home/ec2-user/data/topics/3977 1531
@/home/ec2-user/data/topics/3375 1532
@/home/ec2-user/data/topics/1115 1532
@/home/ec2-user/data/topics/1698 1533
@/home/ec2-user/data/topics/1896 1534
東陶機器株式会社

@/home/ec2-user/data/topics/2135 1535
@/home/ec2-user/data/topics/2220 1535
@/home/ec2-user/data/topics/2069 1535
@/home/ec2-user/data/topics/1626 1535
@/home/ec2-user/data/topics/1692 1536
@/home/ec2-user/data/topics/1017 1537
@/home/ec2-user/data/topics/3821 1537
@/home/ec2-user/data/topics/3583 1538
@/home/ec2-user/data/topics/1735 1539
本田技研工業株式会社

@/home/ec2-user/data/topics/1307 1540
@/home/ec2-user/data/topics/1215 1540
@/home/ec2-user/data/topics/5026 1541
@/home/ec2-user/data/topics/1822 1542
@/home/ec2-user/data/topics/1605 1543
@/home/ec2-user/data/topics/4783 1544
@/home/ec2-user/data/topics/1464 1545
@/home/ec2-user/data/topics/1818 1545
@/home/ec2-user/data/topics/4161 1546
@/home/ec2-user/data/topics/4132 1546
@/home/ec2-user/data/topics/1266 1547
@/home/ec2-user/data/topics/1226 1548
@/home/ec2-user/data/topics/4888 1549
@/home/ec2-user/data/topics/2000 1550
@/home/ec2-user/data/topics/4331 1551
@/home/ec2-user/data/topics/4199 1552
@/home/ec2-user/data/topics/1444 1553
@/home/ec2-user/data/topics/3953 1554
@/home/ec2-user/data/topics/1819 1554
@/home/ec2-user/data/topics/4650 1554
@/home/ec2-user/data/topics/4375 1554
@/home/ec2-user/data/topics/2188 1555
@/home/ec2-user/data/topics/2016 1555
@/home/ec2-user/data/topics/3685 1556
@/home/ec2-user/data/topics/1390 1557
@/home/ec2-user/data/topics/1143 1557
@/home/ec2-user/data/topics/4713 1558
@/home/ec2-user/data/topics/4033 1558
@/home/ec2-user/data/topics/4707 1559
新日本製鐵株式会社

@/home/ec2-user/data/topics/3368 1559
@/home/ec2-user/data/topics/3899 1559
@/home/ec2-user/data/topics/4472 1560
@/home/ec2-user/data/topics/4620 1561
@/home/ec2-user/data/topics/3663 1561
@/home/ec2-user/data/topics/3955 1562
@/home/ec2-user/data/topics/4035 1562
@/home/ec2-user/data/topics/5008 1562
@/home/ec2-user/data/topics/3861 1563
松下電工株式会社

@/home/ec2-user/data/topics/1248 1564
@/home/ec2-user/data/topics/3651 1564
@/home/ec2-user/data/topics/2045 1565
@/home/ec2-user/data/topics/4012 1566
@/home/ec2-user/data/topics/3384 1567
@/home/ec2-user/data/topics/1732 1567
@/home/ec2-user/data/topics/3565 1567
@/home/ec2-user/data/topics/1011 1568
@/home/ec2-user/data/topics/1803 1569
@/home/ec2-user/data/topics/4450 1570
@/home/ec2-user/data/topics/4446 1571
@/home/ec2-user/data/topics/4317 1571
@/home/ec2-user/data/topics/1843 1572
@/home/ec2-user/data/topics/4083 1572
@/home/ec2-user/data/topics/1251 1573
@/home/ec2-user/data/topics/4592 1574
@/home/ec2-user/data/topics/4548 1575
@/home/ec2-user/data/topics/3511 1575
@/home/ec2-user/data/topics/4029 1576
@/home/ec2-user/data/topics/1223 1577
@/home/ec2-user/data/topics/1618 1577
@/home/ec2-user/data/topics/3778 1577
@/home/ec2-user/data/topics/3670 1578
@/home/ec2-user/data/topics/3835 1579
@/home/ec2-user/data/topics/3932 1580
@/home/ec2-user/data/topics/4347 1581
@/home/ec2-user/data/topics/1581 1582
@/home/ec2-user/data/topics/3549 1582
@/home/ec2-user/data/topics/3379 1583
@/home/ec2-user/data/topics/1311 1584
@/home/ec2-user/data/topics/3580 1585
@/home/ec2-user/data/topics/4094 1585
@/home/ec2-user/data/topics/1278 1586
usernum: 72
hit: 499
simhit: 1117
simmax: 0.66483092835
simmin: 0.0
simavg: 0.207099873816
dlmax: 0.133422793169
dlmin: 0.0106716978749
dlavg: 0.0350540493602
mthit: 625
mthls: 182
srp: 333.331
total: 1586
hit/total: 0.314627994956
simhit/total: 0.704287515763
mthit/(total+usernum): 0.376960193004
mthls/(total+usernum): 0.109770808203
srp/(total+usernum): 0.0670146763168
srp20/(total+usernum): 0.022788500201
srp100/(total+usernum): 0.0415721753116
srp500/(total+usernum): 0.0583546441496

2016-12-21 05:08:06.089377
