2017-01-16 23:54:09.579775

topic-folder:/home/ec2-user/data/topics/
cl-file:rand5
cl-floder:/home/ec2-user/data/lsaclass/
zipf:0.3
stype[0(tfidf)/1(tfidf2)/2(lsa)/3(lda)]:2
dtype[<0(diff*rand)/0(diff)/1(same)/>=2(diff*same)]:1
atype[1(tfidf)/2(lsa)/3(lda)]:2
output-floder:/home/ec2-user/git/userquery/thesis

科研製薬株式会社

@/home/ec2-user/data/topics/1023 0
日本コロムビア株式会社

@/home/ec2-user/data/topics/1489 1
早木  靖法

@/home/ec2-user/data/topics/1729 2
有限会社  はっとり・メディカル・サービス

@/home/ec2-user/data/topics/1024 3
古谷  正美

@/home/ec2-user/data/topics/1689 4
株式会社ユー・ピー・シー

@/home/ec2-user/data/topics/1703 5
斉藤  清邦

@/home/ec2-user/data/topics/1727 6
三菱マテリアル株式会社

@/home/ec2-user/data/topics/3630 7
@/home/ec2-user/data/topics/1085 8
@/home/ec2-user/data/topics/3546 9
@/home/ec2-user/data/topics/3866 10
@/home/ec2-user/data/topics/2093 11
@/home/ec2-user/data/topics/1638 12
@/home/ec2-user/data/topics/3520 13
@/home/ec2-user/data/topics/3470 14
山本電気株式会社

@/home/ec2-user/data/topics/4444 15
株式会社屋根技術研究所

@/home/ec2-user/data/topics/2154 16
株式会社九州エレクトロニクスシステム

@/home/ec2-user/data/topics/1450 17
株式会社スーパーシリコン研究所

@/home/ec2-user/data/topics/1678 18
株式会社東陽テクニカ

@/home/ec2-user/data/topics/2220 19
日置電機株式会社

@/home/ec2-user/data/topics/2225 20
@/home/ec2-user/data/topics/1461 21
中松  義郎

@/home/ec2-user/data/topics/1057 22
三省電機株式会社

@/home/ec2-user/data/topics/3512 23
日立化成ポリマー株式会社

@/home/ec2-user/data/topics/1395 24
株式会社パイロット

@/home/ec2-user/data/topics/4435 25
住友ベークライト株式会社

@/home/ec2-user/data/topics/4223 26
@/home/ec2-user/data/topics/4198 27
@/home/ec2-user/data/topics/3728 28
愛知製鋼株式会社

@/home/ec2-user/data/topics/1492 29
日本電産シバウラ株式会社

@/home/ec2-user/data/topics/4716 30
株式会社富士通ゼネラル

@/home/ec2-user/data/topics/3365 31
@/home/ec2-user/data/topics/2102 32
@/home/ec2-user/data/topics/3448 33
株式会社イナックス

@/home/ec2-user/data/topics/1772 34
@/home/ec2-user/data/topics/2018 35
@/home/ec2-user/data/topics/1572 36
@/home/ec2-user/data/topics/1299 37
東光株式会社

@/home/ec2-user/data/topics/2149 38
@/home/ec2-user/data/topics/4091 39
@/home/ec2-user/data/topics/3984 40
株式会社平和

@/home/ec2-user/data/topics/1506 41
@/home/ec2-user/data/topics/4686 42
ダイソー株式会社

@/home/ec2-user/data/topics/2178 43
株式会社ジオクト

@/home/ec2-user/data/topics/1469 44
ジ−エス・メルコテック株式会社

@/home/ec2-user/data/topics/4724 45
株式会社三技協

@/home/ec2-user/data/topics/1597 46
黒木  月光

@/home/ec2-user/data/topics/1111 47
石▲崎▼  重道

@/home/ec2-user/data/topics/4752 48
森  偉明

@/home/ec2-user/data/topics/1053 49
浦項産業科学研究院長

@/home/ec2-user/data/topics/1035 50
東洋電装株式会社

@/home/ec2-user/data/topics/1742 51
株式会社ケーブイケー

@/home/ec2-user/data/topics/1788 52
@/home/ec2-user/data/topics/1121 53
防衛庁技術研究本部長

@/home/ec2-user/data/topics/1139 54
@/home/ec2-user/data/topics/4859 55
株式会社ミクニ

@/home/ec2-user/data/topics/2083 56
住友電装株式会社

@/home/ec2-user/data/topics/4170 57
@/home/ec2-user/data/topics/4415 58
@/home/ec2-user/data/topics/4635 59
@/home/ec2-user/data/topics/4407 60
@/home/ec2-user/data/topics/4268 61
ダイハツ工業株式会社

@/home/ec2-user/data/topics/1828 62
@/home/ec2-user/data/topics/4255 63
@/home/ec2-user/data/topics/1335 64
日本ゼオン株式会社

@/home/ec2-user/data/topics/3559 65
カナレ電気株式会社

@/home/ec2-user/data/topics/4028 66
株式会社コナミコンピュータエンタテインメント大阪

@/home/ec2-user/data/topics/1972 67
@/home/ec2-user/data/topics/1839 68
東レ株式会社

@/home/ec2-user/data/topics/1038 69
@/home/ec2-user/data/topics/3696 70
@/home/ec2-user/data/topics/1416 71
@/home/ec2-user/data/topics/4567 72
北海道大学長

@/home/ec2-user/data/topics/4950 73
山本  清和

@/home/ec2-user/data/topics/4832 74
雪印乳業株式会社

@/home/ec2-user/data/topics/1472 75
@/home/ec2-user/data/topics/1048 76
長坂  重吉

@/home/ec2-user/data/topics/1381 77
太田  仁彦

@/home/ec2-user/data/topics/1133 78
株式会社日本ソフト

@/home/ec2-user/data/topics/1907 79
@/home/ec2-user/data/topics/4606 80
グラフテック株式会社

@/home/ec2-user/data/topics/1673 81
愛知電熱株式会社

@/home/ec2-user/data/topics/3893 82
株式会社山武

@/home/ec2-user/data/topics/4848 83
@/home/ec2-user/data/topics/3787 84
株式会社イメ−ジパ−トナ−

@/home/ec2-user/data/topics/4915 85
株式会社デジタルパサージュ

@/home/ec2-user/data/topics/4694 86
高砂電器産業株式会社

@/home/ec2-user/data/topics/1207 87
日本精機株式会社

@/home/ec2-user/data/topics/4972 88
@/home/ec2-user/data/topics/4907 89
@/home/ec2-user/data/topics/1398 90
@/home/ec2-user/data/topics/4709 91
@/home/ec2-user/data/topics/4690 92
@/home/ec2-user/data/topics/4875 93
翼システム株式会社

@/home/ec2-user/data/topics/1089 94
@/home/ec2-user/data/topics/2233 95
三ツ星ベルト株式会社

@/home/ec2-user/data/topics/4169 96
中央電子株式会社

@/home/ec2-user/data/topics/4368 97
コニカ株式会社

@/home/ec2-user/data/topics/3486 98
@/home/ec2-user/data/topics/2162 99
@/home/ec2-user/data/topics/3419 100
@/home/ec2-user/data/topics/3370 101
@/home/ec2-user/data/topics/3414 102
@/home/ec2-user/data/topics/3426 103
@/home/ec2-user/data/topics/3533 104
@/home/ec2-user/data/topics/3357 105
@/home/ec2-user/data/topics/3418 106
@/home/ec2-user/data/topics/3431 107
@/home/ec2-user/data/topics/1946 108
ニチアス株式会社

@/home/ec2-user/data/topics/1655 109
セルポートシステムズ株式会社

@/home/ec2-user/data/topics/4738 110
水島臨海倉庫株式会社

@/home/ec2-user/data/topics/1449 111
インターナショナル・ビジネス・マシーンズ・コーポレーション

@/home/ec2-user/data/topics/4794 112
@/home/ec2-user/data/topics/1604 113
アイダエンジニアリング株式会社

@/home/ec2-user/data/topics/1983 114
@/home/ec2-user/data/topics/1753 115
小竹  勇治

@/home/ec2-user/data/topics/1104 116
東海旅客鉄道株式会社

@/home/ec2-user/data/topics/2003 117
日立プラント建設株式会社

@/home/ec2-user/data/topics/1447 118
@/home/ec2-user/data/topics/1719 119
@/home/ec2-user/data/topics/1222 120
ポーラ化成工業株式会社

@/home/ec2-user/data/topics/3736 121
三菱鉛筆株式会社

@/home/ec2-user/data/topics/1581 122
株式会社エフ・エー・アイ

@/home/ec2-user/data/topics/1922 123
株式会社オービック・ビジネス・コンサルタント

@/home/ec2-user/data/topics/1350 124
三井海上火災保険株式会社

@/home/ec2-user/data/topics/4479 125
内山  正巳

@/home/ec2-user/data/topics/1863 126
株式会社  川井商会

@/home/ec2-user/data/topics/4413 127
小橋工業株式会社

@/home/ec2-user/data/topics/4641 128
埼玉日本電気株式会社

@/home/ec2-user/data/topics/4998 129
@/home/ec2-user/data/topics/1512 130
@/home/ec2-user/data/topics/4496 131
@/home/ec2-user/data/topics/4283 132
@/home/ec2-user/data/topics/4279 133
@/home/ec2-user/data/topics/5010 134
@/home/ec2-user/data/topics/1620 135
@/home/ec2-user/data/topics/4468 136
@/home/ec2-user/data/topics/4242 137
ノリタケダイヤ株式会社

@/home/ec2-user/data/topics/4411 138
日本アビオニクス株式会社

@/home/ec2-user/data/topics/1860 139
株式会社日立メディコ

@/home/ec2-user/data/topics/1905 140
岩井  隆敏

@/home/ec2-user/data/topics/1537 141
株式会社大生機械

@/home/ec2-user/data/topics/1625 142
ノーリツ鋼機株式会社

@/home/ec2-user/data/topics/1312 143
株式会社ベルウッド

@/home/ec2-user/data/topics/1231 144
株式会社三州コンクリート工業

@/home/ec2-user/data/topics/1071 145
株式会社ウェッジ

@/home/ec2-user/data/topics/4652 146
船井電機株式会社

@/home/ec2-user/data/topics/4405 147
@/home/ec2-user/data/topics/3931 148
@/home/ec2-user/data/topics/4704 149
@/home/ec2-user/data/topics/2044 150
井関農機株式会社

@/home/ec2-user/data/topics/1496 151
@/home/ec2-user/data/topics/1137 152
@/home/ec2-user/data/topics/1442 153
三菱製紙株式会社

@/home/ec2-user/data/topics/3622 154
@/home/ec2-user/data/topics/1039 155
@/home/ec2-user/data/topics/3877 156
ホーヤ株式会社

@/home/ec2-user/data/topics/1075 157
@/home/ec2-user/data/topics/1187 158
@/home/ec2-user/data/topics/1417 159
西川  公一郎

@/home/ec2-user/data/topics/1446 160
アルパイン株式会社

@/home/ec2-user/data/topics/1768 161
@/home/ec2-user/data/topics/4130 162
ミハル通信株式会社

@/home/ec2-user/data/topics/1109 163
アルプス電気株式会社

@/home/ec2-user/data/topics/2089 164
@/home/ec2-user/data/topics/3582 165
@/home/ec2-user/data/topics/3429 166
@/home/ec2-user/data/topics/1253 167
@/home/ec2-user/data/topics/2012 168
@/home/ec2-user/data/topics/4791 169
@/home/ec2-user/data/topics/1434 170
笠井  良純

@/home/ec2-user/data/topics/1887 171
朝日印刷株式会社

@/home/ec2-user/data/topics/4956 172
斎藤  晃

@/home/ec2-user/data/topics/1795 173
アサヒビール株式会社

@/home/ec2-user/data/topics/4953 174
株式会社タイヨー製作所

@/home/ec2-user/data/topics/1709 175
アンリツ株式会社

@/home/ec2-user/data/topics/4107 176
松下通信工業株式会社

@/home/ec2-user/data/topics/3646 177
東芝電池株式会社

@/home/ec2-user/data/topics/3364 178
株式会社いすゞセラミックス研究所

@/home/ec2-user/data/topics/3478 179
東芝ホームテクノ株式会社

@/home/ec2-user/data/topics/4337 180
@/home/ec2-user/data/topics/3763 181
星光化学工業株式会社

@/home/ec2-user/data/topics/4465 182
株式会社セントラルユニ

@/home/ec2-user/data/topics/4580 183
三菱電線工業株式会社

@/home/ec2-user/data/topics/4680 184
@/home/ec2-user/data/topics/4333 185
シェンツェン  ミンガ  エンバイロメンタル  プロテクション  ヴィヒクル  カンパニー  リミティッド

@/home/ec2-user/data/topics/4849 186
日本精工株式会社

@/home/ec2-user/data/topics/1323 187
株式会社ウンノハウス

@/home/ec2-user/data/topics/1518 188
共立冷熱株式会社

@/home/ec2-user/data/topics/4778 189
有限会社アルテックスイマイデザイン

@/home/ec2-user/data/topics/1725 190
三菱重工業株式会社

@/home/ec2-user/data/topics/4412 191
@/home/ec2-user/data/topics/5022 192
@/home/ec2-user/data/topics/4862 193
@/home/ec2-user/data/topics/3591 194
@/home/ec2-user/data/topics/3944 195
@/home/ec2-user/data/topics/4882 196
@/home/ec2-user/data/topics/3529 197
@/home/ec2-user/data/topics/4687 198
@/home/ec2-user/data/topics/3503 199
@/home/ec2-user/data/topics/3637 200
@/home/ec2-user/data/topics/4563 201
@/home/ec2-user/data/topics/3833 202
東新住建株式会社

@/home/ec2-user/data/topics/1379 203
株式会社アルテクス

@/home/ec2-user/data/topics/1580 204
村田機械株式会社

@/home/ec2-user/data/topics/4596 205
@/home/ec2-user/data/topics/4570 206
@/home/ec2-user/data/topics/4565 207
@/home/ec2-user/data/topics/1607 208
@/home/ec2-user/data/topics/4941 209
@/home/ec2-user/data/topics/4638 210
@/home/ec2-user/data/topics/1511 211
@/home/ec2-user/data/topics/4556 212
@/home/ec2-user/data/topics/1074 213
@/home/ec2-user/data/topics/3740 214
@/home/ec2-user/data/topics/4746 215
@/home/ec2-user/data/topics/4441 216
@/home/ec2-user/data/topics/1293 217
@/home/ec2-user/data/topics/3528 218
@/home/ec2-user/data/topics/4645 219
@/home/ec2-user/data/topics/5000 220
@/home/ec2-user/data/topics/4835 221
安田金属工業株式会社

@/home/ec2-user/data/topics/4963 222
加賀コンポーネント株式会社

@/home/ec2-user/data/topics/2114 223
ジェイエスアール株式会社

@/home/ec2-user/data/topics/4955 224
@/home/ec2-user/data/topics/1999 225
川崎製鉄株式会社

@/home/ec2-user/data/topics/3553 226
@/home/ec2-user/data/topics/3929 227
@/home/ec2-user/data/topics/3413 228
@/home/ec2-user/data/topics/1459 229
@/home/ec2-user/data/topics/3611 230
@/home/ec2-user/data/topics/4615 231
@/home/ec2-user/data/topics/1037 232
@/home/ec2-user/data/topics/3483 233
@/home/ec2-user/data/topics/3532 234
セイコー精機株式会社

@/home/ec2-user/data/topics/4202 235
建設省建築研究所長

@/home/ec2-user/data/topics/3916 236
株式会社キムラ産業

@/home/ec2-user/data/topics/4294 237
マックストン株式会社

@/home/ec2-user/data/topics/1309 238
鹿児島日本電気株式会社

@/home/ec2-user/data/topics/4809 239
生方  清司

@/home/ec2-user/data/topics/1649 240
エヌイーシーネクサソリューションズ株式会社

@/home/ec2-user/data/topics/4668 241
光洋リンドバーグ株式会社

@/home/ec2-user/data/topics/1256 242
日産車体株式会社

@/home/ec2-user/data/topics/2193 243
東北ムネカタ株式会社

@/home/ec2-user/data/topics/4311 244
株式会社カクダイ

@/home/ec2-user/data/topics/1606 245
オリオン機械株式会社

@/home/ec2-user/data/topics/4766 246
株式会社日本アルミ

@/home/ec2-user/data/topics/1338 247
ダイキン工業株式会社

@/home/ec2-user/data/topics/4858 248
@/home/ec2-user/data/topics/4515 249
@/home/ec2-user/data/topics/4734 250
@/home/ec2-user/data/topics/4753 251
@/home/ec2-user/data/topics/4400 252
@/home/ec2-user/data/topics/4845 253
@/home/ec2-user/data/topics/4701 254
@/home/ec2-user/data/topics/4367 255
@/home/ec2-user/data/topics/3888 256
@/home/ec2-user/data/topics/1565 257
@/home/ec2-user/data/topics/1600 258
ムサシ化工株式会社

@/home/ec2-user/data/topics/3816 259
有限会社  御殿場ソフト開発

@/home/ec2-user/data/topics/2061 260
株式会社インディーソフト

@/home/ec2-user/data/topics/1532 261
扇精光株式会社

@/home/ec2-user/data/topics/4957 262
株式会社  ソーシン

@/home/ec2-user/data/topics/1081 263
帝都高速度交通営団

@/home/ec2-user/data/topics/3828 264
財団法人電気磁気材料研究所

@/home/ec2-user/data/topics/1953 265
岡野電線株式会社

@/home/ec2-user/data/topics/4748 266
フジカラー販売株式会社

@/home/ec2-user/data/topics/4476 267
三菱自動車工業株式会社

@/home/ec2-user/data/topics/2101 268
@/home/ec2-user/data/topics/3502 269
@/home/ec2-user/data/topics/3940 270
@/home/ec2-user/data/topics/4189 271
@/home/ec2-user/data/topics/1527 272
@/home/ec2-user/data/topics/1816 273
@/home/ec2-user/data/topics/3815 274
@/home/ec2-user/data/topics/1428 275
永山電子工業株式会社

@/home/ec2-user/data/topics/4976 276
太平洋貿易株式会社

@/home/ec2-user/data/topics/1656 277
株式会社アドバンテスト

@/home/ec2-user/data/topics/1498 278
株式会社トーキン

@/home/ec2-user/data/topics/1920 279
@/home/ec2-user/data/topics/1185 280
豊田合成株式会社

@/home/ec2-user/data/topics/3541 281
@/home/ec2-user/data/topics/3385 282
日本電気通信システム株式会社

@/home/ec2-user/data/topics/4729 283
@/home/ec2-user/data/topics/4487 284
株式会社イーノス

@/home/ec2-user/data/topics/1460 285
ナトコペイント株式会社

@/home/ec2-user/data/topics/2125 286
富士通カンタムデバイス株式会社

@/home/ec2-user/data/topics/4741 287
小島プレス工業株式会社

@/home/ec2-user/data/topics/4914 288
株式会社ジェック

@/home/ec2-user/data/topics/4898 289
石井工業株式会社

@/home/ec2-user/data/topics/1355 290
セイレイ工業株式会社

@/home/ec2-user/data/topics/1601 291
@/home/ec2-user/data/topics/1275 292
株式会社キャディックス

@/home/ec2-user/data/topics/1675 293
日本合成化学工業株式会社

@/home/ec2-user/data/topics/4642 294
株式会社エクシング

@/home/ec2-user/data/topics/3547 295
株式会社高尾

@/home/ec2-user/data/topics/1051 296
日産自動車株式会社

@/home/ec2-user/data/topics/3497 297
@/home/ec2-user/data/topics/4074 298
@/home/ec2-user/data/topics/3501 299
@/home/ec2-user/data/topics/3489 300
@/home/ec2-user/data/topics/3829 301
@/home/ec2-user/data/topics/3677 302
@/home/ec2-user/data/topics/3712 303
@/home/ec2-user/data/topics/4982 304
@/home/ec2-user/data/topics/3936 305
@/home/ec2-user/data/topics/3645 306
@/home/ec2-user/data/topics/3723 307
エイケン工業株式会社

@/home/ec2-user/data/topics/2152 308
株式会社コパル

@/home/ec2-user/data/topics/1181 309
菅  隆

@/home/ec2-user/data/topics/1763 310
トヨタ自動車株式会社

@/home/ec2-user/data/topics/4346 311
@/home/ec2-user/data/topics/4647 312
@/home/ec2-user/data/topics/1494 313
@/home/ec2-user/data/topics/2111 314
@/home/ec2-user/data/topics/3731 315
@/home/ec2-user/data/topics/4008 316
@/home/ec2-user/data/topics/4298 317
@/home/ec2-user/data/topics/4767 318
@/home/ec2-user/data/topics/3758 319
@/home/ec2-user/data/topics/4617 320
@/home/ec2-user/data/topics/4064 321
@/home/ec2-user/data/topics/3783 322
@/home/ec2-user/data/topics/4144 323
@/home/ec2-user/data/topics/1551 324
@/home/ec2-user/data/topics/4543 325
@/home/ec2-user/data/topics/4030 326
@/home/ec2-user/data/topics/3356 327
@/home/ec2-user/data/topics/4920 328
@/home/ec2-user/data/topics/3943 329
@/home/ec2-user/data/topics/3725 330
@/home/ec2-user/data/topics/4658 331
@/home/ec2-user/data/topics/3699 332
@/home/ec2-user/data/topics/3671 333
@/home/ec2-user/data/topics/4426 334
@/home/ec2-user/data/topics/3481 335
@/home/ec2-user/data/topics/2218 336
@/home/ec2-user/data/topics/3587 337
@/home/ec2-user/data/topics/3405 338
@/home/ec2-user/data/topics/4633 339
日本碍子株式会社

@/home/ec2-user/data/topics/3464 340
@/home/ec2-user/data/topics/3715 341
ニチテックス株式会社

@/home/ec2-user/data/topics/1462 342
住友不動産株式会社

@/home/ec2-user/data/topics/1530 343
オリンパス光学工業株式会社

@/home/ec2-user/data/topics/4013 344
@/home/ec2-user/data/topics/1586 345
@/home/ec2-user/data/topics/1155 346
@/home/ec2-user/data/topics/1869 347
@/home/ec2-user/data/topics/1835 348
@/home/ec2-user/data/topics/5006 349
@/home/ec2-user/data/topics/2026 350
@/home/ec2-user/data/topics/1981 351
@/home/ec2-user/data/topics/4878 352
@/home/ec2-user/data/topics/1739 353
@/home/ec2-user/data/topics/1107 354
@/home/ec2-user/data/topics/4007 355
九州電力株式会社

@/home/ec2-user/data/topics/3901 356
@/home/ec2-user/data/topics/1528 357
ブラザー工業株式会社

@/home/ec2-user/data/topics/3613 358
@/home/ec2-user/data/topics/2086 359
@/home/ec2-user/data/topics/2085 360
@/home/ec2-user/data/topics/3477 361
@/home/ec2-user/data/topics/1636 362
@/home/ec2-user/data/topics/3686 363
@/home/ec2-user/data/topics/1164 364
@/home/ec2-user/data/topics/1300 365
@/home/ec2-user/data/topics/4548 366
@/home/ec2-user/data/topics/1697 367
@/home/ec2-user/data/topics/1906 368
@/home/ec2-user/data/topics/1076 369
@/home/ec2-user/data/topics/3507 370
@/home/ec2-user/data/topics/1183 371
@/home/ec2-user/data/topics/3789 372
栄立電機株式会社

@/home/ec2-user/data/topics/4772 373
日立エーアイシー株式会社

@/home/ec2-user/data/topics/4670 374
@/home/ec2-user/data/topics/1474 375
株式会社藤商事

@/home/ec2-user/data/topics/4825 376
@/home/ec2-user/data/topics/4790 377
@/home/ec2-user/data/topics/1851 378
@/home/ec2-user/data/topics/1507 379
エヴァー  プロスペクト  インターナショナル  リミテッド

@/home/ec2-user/data/topics/1960 380
富士通株式会社

@/home/ec2-user/data/topics/3399 381
@/home/ec2-user/data/topics/1123 382
@/home/ec2-user/data/topics/3883 383
@/home/ec2-user/data/topics/3799 384
@/home/ec2-user/data/topics/4191 385
@/home/ec2-user/data/topics/1271 386
@/home/ec2-user/data/topics/1264 387
@/home/ec2-user/data/topics/2215 388
@/home/ec2-user/data/topics/3428 389
@/home/ec2-user/data/topics/1609 390
@/home/ec2-user/data/topics/2227 391
@/home/ec2-user/data/topics/3870 392
@/home/ec2-user/data/topics/3846 393
@/home/ec2-user/data/topics/3636 394
@/home/ec2-user/data/topics/3460 395
@/home/ec2-user/data/topics/2216 396
@/home/ec2-user/data/topics/3802 397
@/home/ec2-user/data/topics/3850 398
@/home/ec2-user/data/topics/5004 399
@/home/ec2-user/data/topics/1874 400
@/home/ec2-user/data/topics/3765 401
@/home/ec2-user/data/topics/3751 402
@/home/ec2-user/data/topics/3970 403
@/home/ec2-user/data/topics/1998 404
@/home/ec2-user/data/topics/3400 405
@/home/ec2-user/data/topics/3912 406
@/home/ec2-user/data/topics/3962 407
@/home/ec2-user/data/topics/3749 408
@/home/ec2-user/data/topics/3538 409
@/home/ec2-user/data/topics/3381 410
@/home/ec2-user/data/topics/1547 411
@/home/ec2-user/data/topics/3862 412
▲燦▼圓光電股▲分▼有限公司

@/home/ec2-user/data/topics/4730 413
静岡日本電気株式会社

@/home/ec2-user/data/topics/4507 414
@/home/ec2-user/data/topics/4326 415
@/home/ec2-user/data/topics/4531 416
@/home/ec2-user/data/topics/4365 417
@/home/ec2-user/data/topics/4250 418
@/home/ec2-user/data/topics/4314 419
強化土エンジニヤリング株式会社

@/home/ec2-user/data/topics/1036 420
@/home/ec2-user/data/topics/4894 421
@/home/ec2-user/data/topics/4813 422
住友重機械工業株式会社

@/home/ec2-user/data/topics/3952 423
@/home/ec2-user/data/topics/1553 424
@/home/ec2-user/data/topics/1900 425
@/home/ec2-user/data/topics/2039 426
@/home/ec2-user/data/topics/4854 427
@/home/ec2-user/data/topics/1019 428
@/home/ec2-user/data/topics/1505 429
@/home/ec2-user/data/topics/3868 430
@/home/ec2-user/data/topics/1373 431
学校法人日本医科大学

@/home/ec2-user/data/topics/1573 432
株式会社豊田自動織機製作所

@/home/ec2-user/data/topics/3684 433
@/home/ec2-user/data/topics/2186 434
株式会社東洋総合研究所

@/home/ec2-user/data/topics/4932 435
川添  信

@/home/ec2-user/data/topics/1777 436
日本テクノ・ラボ株式会社

@/home/ec2-user/data/topics/4588 437
棚橋  賢一

@/home/ec2-user/data/topics/4581 438
学校法人  慶應義塾

@/home/ec2-user/data/topics/1611 439
西部電機株式会社

@/home/ec2-user/data/topics/2187 440
ホクト産業株式会社

@/home/ec2-user/data/topics/1732 441
株式会社テラテック

@/home/ec2-user/data/topics/3522 442
新神戸電機株式会社

@/home/ec2-user/data/topics/3517 443
ジャストスキル  インコーポレイテッド

@/home/ec2-user/data/topics/1365 444
大日本印刷株式会社

@/home/ec2-user/data/topics/1262 445
@/home/ec2-user/data/topics/1564 446
@/home/ec2-user/data/topics/1099 447
@/home/ec2-user/data/topics/3569 448
@/home/ec2-user/data/topics/1145 449
@/home/ec2-user/data/topics/3388 450
株式会社堀場製作所

@/home/ec2-user/data/topics/1943 451
@/home/ec2-user/data/topics/3693 452
エヌエスケー・ワーナー株式会社

@/home/ec2-user/data/topics/1352 453
有限会社佐藤化成工業所

@/home/ec2-user/data/topics/1344 454
株式会社石垣

@/home/ec2-user/data/topics/1801 455
天野製薬株式会社

@/home/ec2-user/data/topics/1073 456
新キャタピラー三菱株式会社

@/home/ec2-user/data/topics/4067 457
@/home/ec2-user/data/topics/4391 458
@/home/ec2-user/data/topics/4291 459
株式会社アール・コミュニケーション

@/home/ec2-user/data/topics/2092 460
コクヨ株式会社

@/home/ec2-user/data/topics/1390 461
@/home/ec2-user/data/topics/3849 462
ドコモ・サービス関西株式会社

@/home/ec2-user/data/topics/4959 463
長谷川  雅之

@/home/ec2-user/data/topics/4839 464
山九株式会社

@/home/ec2-user/data/topics/4796 465
東燃株式会社

@/home/ec2-user/data/topics/3467 466
ミネベア株式会社

@/home/ec2-user/data/topics/4416 467
@/home/ec2-user/data/topics/1068 468
@/home/ec2-user/data/topics/2073 469
富士機械製造株式会社

@/home/ec2-user/data/topics/1988 470
河野  弘

@/home/ec2-user/data/topics/2013 471
日本電気株式会社

@/home/ec2-user/data/topics/4536 472
@/home/ec2-user/data/topics/4598 473
@/home/ec2-user/data/topics/4877 474
@/home/ec2-user/data/topics/1100 475
@/home/ec2-user/data/topics/4168 476
@/home/ec2-user/data/topics/4418 477
@/home/ec2-user/data/topics/1486 478
@/home/ec2-user/data/topics/4876 479
@/home/ec2-user/data/topics/1624 480
@/home/ec2-user/data/topics/1078 481
@/home/ec2-user/data/topics/4530 482
@/home/ec2-user/data/topics/4318 483
@/home/ec2-user/data/topics/3897 484
@/home/ec2-user/data/topics/4808 485
@/home/ec2-user/data/topics/4609 486
@/home/ec2-user/data/topics/4699 487
@/home/ec2-user/data/topics/4196 488
@/home/ec2-user/data/topics/4425 489
@/home/ec2-user/data/topics/4613 490
@/home/ec2-user/data/topics/4134 491
@/home/ec2-user/data/topics/1791 492
@/home/ec2-user/data/topics/4398 493
@/home/ec2-user/data/topics/4309 494
@/home/ec2-user/data/topics/4153 495
@/home/ec2-user/data/topics/4288 496
@/home/ec2-user/data/topics/4238 497
@/home/ec2-user/data/topics/4162 498
@/home/ec2-user/data/topics/4850 499
@/home/ec2-user/data/topics/1973 500
@/home/ec2-user/data/topics/4764 501
@/home/ec2-user/data/topics/1937 502
@/home/ec2-user/data/topics/4584 503
@/home/ec2-user/data/topics/4447 504
@/home/ec2-user/data/topics/4779 505
@/home/ec2-user/data/topics/1523 506
@/home/ec2-user/data/topics/4338 507
@/home/ec2-user/data/topics/4097 508
@/home/ec2-user/data/topics/4128 509
@/home/ec2-user/data/topics/4129 510
@/home/ec2-user/data/topics/4785 511
@/home/ec2-user/data/topics/4404 512
@/home/ec2-user/data/topics/3875 513
@/home/ec2-user/data/topics/4240 514
@/home/ec2-user/data/topics/4254 515
@/home/ec2-user/data/topics/4650 516
@/home/ec2-user/data/topics/4816 517
@/home/ec2-user/data/topics/4246 518
@/home/ec2-user/data/topics/4207 519
@/home/ec2-user/data/topics/4759 520
@/home/ec2-user/data/topics/4725 521
@/home/ec2-user/data/topics/3767 522
@/home/ec2-user/data/topics/1764 523
@/home/ec2-user/data/topics/4063 524
@/home/ec2-user/data/topics/4138 525
@/home/ec2-user/data/topics/4533 526
@/home/ec2-user/data/topics/4093 527
@/home/ec2-user/data/topics/3744 528
@/home/ec2-user/data/topics/1815 529
@/home/ec2-user/data/topics/4429 530
@/home/ec2-user/data/topics/4003 531
@/home/ec2-user/data/topics/4260 532
@/home/ec2-user/data/topics/4389 533
@/home/ec2-user/data/topics/4427 534
@/home/ec2-user/data/topics/4315 535
@/home/ec2-user/data/topics/3896 536
@/home/ec2-user/data/topics/2150 537
@/home/ec2-user/data/topics/2119 538
@/home/ec2-user/data/topics/4749 539
@/home/ec2-user/data/topics/4742 540
@/home/ec2-user/data/topics/4458 541
@/home/ec2-user/data/topics/4388 542
@/home/ec2-user/data/topics/3954 543
@/home/ec2-user/data/topics/4634 544
@/home/ec2-user/data/topics/4721 545
@/home/ec2-user/data/topics/4119 546
@/home/ec2-user/data/topics/4689 547
@/home/ec2-user/data/topics/4696 548
@/home/ec2-user/data/topics/2022 549
@/home/ec2-user/data/topics/1661 550
@/home/ec2-user/data/topics/1112 551
@/home/ec2-user/data/topics/4549 552
@/home/ec2-user/data/topics/4824 553
@/home/ec2-user/data/topics/4185 554
@/home/ec2-user/data/topics/4708 555
@/home/ec2-user/data/topics/4595 556
@/home/ec2-user/data/topics/1052 557
@/home/ec2-user/data/topics/4390 558
@/home/ec2-user/data/topics/1101 559
@/home/ec2-user/data/topics/3956 560
@/home/ec2-user/data/topics/4359 561
@/home/ec2-user/data/topics/4257 562
@/home/ec2-user/data/topics/3853 563
@/home/ec2-user/data/topics/2127 564
@/home/ec2-user/data/topics/1383 565
@/home/ec2-user/data/topics/1364 566
@/home/ec2-user/data/topics/4393 567
@/home/ec2-user/data/topics/3995 568
@/home/ec2-user/data/topics/4480 569
@/home/ec2-user/data/topics/1634 570
@/home/ec2-user/data/topics/1557 571
@/home/ec2-user/data/topics/1844 572
@/home/ec2-user/data/topics/1457 573
@/home/ec2-user/data/topics/4646 574
@/home/ec2-user/data/topics/4718 575
@/home/ec2-user/data/topics/4460 576
@/home/ec2-user/data/topics/2166 577
@/home/ec2-user/data/topics/3938 578
@/home/ec2-user/data/topics/3766 579
@/home/ec2-user/data/topics/1464 580
@/home/ec2-user/data/topics/4651 581
@/home/ec2-user/data/topics/4665 582
@/home/ec2-user/data/topics/1891 583
@/home/ec2-user/data/topics/4926 584
@/home/ec2-user/data/topics/4603 585
@/home/ec2-user/data/topics/4497 586
@/home/ec2-user/data/topics/1595 587
@/home/ec2-user/data/topics/2144 588
@/home/ec2-user/data/topics/4154 589
@/home/ec2-user/data/topics/4666 590
@/home/ec2-user/data/topics/4644 591
@/home/ec2-user/data/topics/1710 592
@/home/ec2-user/data/topics/1852 593
@/home/ec2-user/data/topics/1773 594
@/home/ec2-user/data/topics/4760 595
@/home/ec2-user/data/topics/1612 596
@/home/ec2-user/data/topics/4216 597
@/home/ec2-user/data/topics/4276 598
@/home/ec2-user/data/topics/4272 599
@/home/ec2-user/data/topics/4626 600
@/home/ec2-user/data/topics/1326 601
@/home/ec2-user/data/topics/4659 602
@/home/ec2-user/data/topics/4537 603
@/home/ec2-user/data/topics/4171 604
@/home/ec2-user/data/topics/1122 605
@/home/ec2-user/data/topics/1360 606
@/home/ec2-user/data/topics/4578 607
@/home/ec2-user/data/topics/4360 608
@/home/ec2-user/data/topics/3971 609
@/home/ec2-user/data/topics/1928 610
@/home/ec2-user/data/topics/4092 611
@/home/ec2-user/data/topics/4116 612
@/home/ec2-user/data/topics/4313 613
@/home/ec2-user/data/topics/4267 614
@/home/ec2-user/data/topics/4281 615
@/home/ec2-user/data/topics/4142 616
@/home/ec2-user/data/topics/2031 617
@/home/ec2-user/data/topics/4275 618
@/home/ec2-user/data/topics/3724 619
@/home/ec2-user/data/topics/4446 620
@/home/ec2-user/data/topics/1044 621
@/home/ec2-user/data/topics/4062 622
@/home/ec2-user/data/topics/4071 623
@/home/ec2-user/data/topics/1867 624
@/home/ec2-user/data/topics/4352 625
@/home/ec2-user/data/topics/4728 626
@/home/ec2-user/data/topics/4414 627
@/home/ec2-user/data/topics/4209 628
@/home/ec2-user/data/topics/1724 629
@/home/ec2-user/data/topics/4440 630
@/home/ec2-user/data/topics/4434 631
@/home/ec2-user/data/topics/4300 632
@/home/ec2-user/data/topics/4750 633
@/home/ec2-user/data/topics/1281 634
@/home/ec2-user/data/topics/2041 635
@/home/ec2-user/data/topics/4137 636
@/home/ec2-user/data/topics/1116 637
@/home/ec2-user/data/topics/3886 638
@/home/ec2-user/data/topics/4243 639
@/home/ec2-user/data/topics/4433 640
@/home/ec2-user/data/topics/1362 641
@/home/ec2-user/data/topics/4244 642
@/home/ec2-user/data/topics/4319 643
@/home/ec2-user/data/topics/4186 644
@/home/ec2-user/data/topics/4320 645
@/home/ec2-user/data/topics/4682 646
@/home/ec2-user/data/topics/4838 647
@/home/ec2-user/data/topics/4278 648
@/home/ec2-user/data/topics/4082 649
@/home/ec2-user/data/topics/4342 650
@/home/ec2-user/data/topics/4258 651
@/home/ec2-user/data/topics/4081 652
@/home/ec2-user/data/topics/4371 653
@/home/ec2-user/data/topics/4120 654
@/home/ec2-user/data/topics/4158 655
@/home/ec2-user/data/topics/4273 656
@/home/ec2-user/data/topics/4902 657
@/home/ec2-user/data/topics/3729 658
@/home/ec2-user/data/topics/4770 659
@/home/ec2-user/data/topics/4204 660
@/home/ec2-user/data/topics/4227 661
@/home/ec2-user/data/topics/4310 662
@/home/ec2-user/data/topics/4486 663
@/home/ec2-user/data/topics/5034 664
@/home/ec2-user/data/topics/4442 665
@/home/ec2-user/data/topics/4247 666
@/home/ec2-user/data/topics/1783 667
@/home/ec2-user/data/topics/1567 668
@/home/ec2-user/data/topics/4343 669
@/home/ec2-user/data/topics/1016 670
@/home/ec2-user/data/topics/4485 671
@/home/ec2-user/data/topics/1199 672
@/home/ec2-user/data/topics/1500 673
@/home/ec2-user/data/topics/4477 674
@/home/ec2-user/data/topics/4643 675
@/home/ec2-user/data/topics/4532 676
@/home/ec2-user/data/topics/4490 677
@/home/ec2-user/data/topics/4236 678
@/home/ec2-user/data/topics/1948 679
@/home/ec2-user/data/topics/1879 680
@/home/ec2-user/data/topics/4100 681
@/home/ec2-user/data/topics/4561 682
@/home/ec2-user/data/topics/4892 683
@/home/ec2-user/data/topics/3865 684
@/home/ec2-user/data/topics/4192 685
@/home/ec2-user/data/topics/4017 686
@/home/ec2-user/data/topics/4775 687
@/home/ec2-user/data/topics/2088 688
@/home/ec2-user/data/topics/4940 689
@/home/ec2-user/data/topics/4657 690
@/home/ec2-user/data/topics/1923 691
株式会社イーストアー

@/home/ec2-user/data/topics/1432 692
株式会社伸栄フェルメンテック

@/home/ec2-user/data/topics/4408 693
建部  司

@/home/ec2-user/data/topics/1838 694
株式会社小松製作所

@/home/ec2-user/data/topics/1370 695
@/home/ec2-user/data/topics/1936 696
株式会社エヌ・ティ・ティ・ドコモ

@/home/ec2-user/data/topics/1182 697
財団法人国際超電導産業技術研究センター

@/home/ec2-user/data/topics/3437 698
株式会社リオスコーポレーション

@/home/ec2-user/data/topics/5007 699
@/home/ec2-user/data/topics/4369 700
株式会社トップアート

@/home/ec2-user/data/topics/1529 701
恵和株式会社

@/home/ec2-user/data/topics/4377 702
三浦工業株式会社

@/home/ec2-user/data/topics/2027 703
@/home/ec2-user/data/topics/4332 704
株式会社ユニオン

@/home/ec2-user/data/topics/1932 705
イーアンドティー株式会社

@/home/ec2-user/data/topics/1394 706
株式会社コーセー

@/home/ec2-user/data/topics/3838 707
富士変速機株式会社

@/home/ec2-user/data/topics/1092 708
陳  銘堯

@/home/ec2-user/data/topics/4846 709
アイセロ化学株式会社

@/home/ec2-user/data/topics/4582 710
東芝トランスポートエンジニアリング株式会社

@/home/ec2-user/data/topics/4938 711
エヌオーケー株式会社

@/home/ec2-user/data/topics/1243 712
@/home/ec2-user/data/topics/1984 713
@/home/ec2-user/data/topics/1541 714
トッパン・フォームズ株式会社

@/home/ec2-user/data/topics/2143 715
株式会社サンエイヂ

@/home/ec2-user/data/topics/4828 716
マツダ株式会社

@/home/ec2-user/data/topics/1166 717
@/home/ec2-user/data/topics/1797 718
@/home/ec2-user/data/topics/4201 719
株式会社  アドテック

@/home/ec2-user/data/topics/4290 720
日本エルシス株式会社

@/home/ec2-user/data/topics/1781 721
金井  宏彰

@/home/ec2-user/data/topics/4285 722
住友金属鉱山株式会社

@/home/ec2-user/data/topics/3992 723
@/home/ec2-user/data/topics/3590 724
大同メタル工業株式会社

@/home/ec2-user/data/topics/2128 725
積水化学工業株式会社

@/home/ec2-user/data/topics/3644 726
株式会社電通テック

@/home/ec2-user/data/topics/1834 727
松下電子工業株式会社

@/home/ec2-user/data/topics/3818 728
ヨギ・コミュニケーションズ有限会社

@/home/ec2-user/data/topics/2139 729
城下  荘平

@/home/ec2-user/data/topics/1966 730
ハリソン東芝ライティング株式会社

@/home/ec2-user/data/topics/1700 731
@/home/ec2-user/data/topics/1969 732
株式会社岡村研究所

@/home/ec2-user/data/topics/4078 733
ブリヂストンスポーツ株式会社

@/home/ec2-user/data/topics/1958 734
株式会社アイメス

@/home/ec2-user/data/topics/4896 735
東亜医用電子株式会社

@/home/ec2-user/data/topics/1850 736
セントラル硝子株式会社

@/home/ec2-user/data/topics/4035 737
@/home/ec2-user/data/topics/1167 738
株式会社ノエビア

@/home/ec2-user/data/topics/1341 739
@/home/ec2-user/data/topics/4811 740
カギプロ・セキュリティ株式会社

@/home/ec2-user/data/topics/1994 741
株式会社フクハラ

@/home/ec2-user/data/topics/2235 742
@/home/ec2-user/data/topics/1717 743
株式会社第一興商

@/home/ec2-user/data/topics/4052 744
松下電送システム株式会社

@/home/ec2-user/data/topics/4523 745
@/home/ec2-user/data/topics/4886 746
国際電信電話株式会社

@/home/ec2-user/data/topics/3614 747
@/home/ec2-user/data/topics/1325 748
株式会社デジタル

@/home/ec2-user/data/topics/1674 749
@/home/ec2-user/data/topics/1276 750
@/home/ec2-user/data/topics/4629 751
ナショナル住宅産業株式会社

@/home/ec2-user/data/topics/4653 752
@/home/ec2-user/data/topics/1348 753
アスモ株式会社

@/home/ec2-user/data/topics/3752 754
株式会社イシダ

@/home/ec2-user/data/topics/1467 755
@/home/ec2-user/data/topics/2228 756
パイオニア株式会社

@/home/ec2-user/data/topics/1393 757
@/home/ec2-user/data/topics/1342 758
@/home/ec2-user/data/topics/4557 759
@/home/ec2-user/data/topics/3629 760
@/home/ec2-user/data/topics/1868 761
河添  康英

@/home/ec2-user/data/topics/1313 762
中國砂輪企業股▲ふぇん▼有限公司

@/home/ec2-user/data/topics/4822 763
株式会社不二ドライ

@/home/ec2-user/data/topics/1372 764
清水建設株式会社

@/home/ec2-user/data/topics/4470 765
@/home/ec2-user/data/topics/4910 766
畜産環境保全技術研究組合

@/home/ec2-user/data/topics/4187 767
山一電機株式会社

@/home/ec2-user/data/topics/3784 768
@/home/ec2-user/data/topics/1094 769
@/home/ec2-user/data/topics/4410 770
松下電器産業株式会社

@/home/ec2-user/data/topics/3558 771
@/home/ec2-user/data/topics/2056 772
@/home/ec2-user/data/topics/4303 773
@/home/ec2-user/data/topics/1701 774
@/home/ec2-user/data/topics/1252 775
@/home/ec2-user/data/topics/3951 776
@/home/ec2-user/data/topics/4459 777
@/home/ec2-user/data/topics/4193 778
@/home/ec2-user/data/topics/5028 779
@/home/ec2-user/data/topics/3519 780
@/home/ec2-user/data/topics/3920 781
@/home/ec2-user/data/topics/4159 782
@/home/ec2-user/data/topics/4817 783
@/home/ec2-user/data/topics/1748 784
@/home/ec2-user/data/topics/3807 785
@/home/ec2-user/data/topics/4586 786
@/home/ec2-user/data/topics/1339 787
@/home/ec2-user/data/topics/3960 788
@/home/ec2-user/data/topics/4264 789
@/home/ec2-user/data/topics/3386 790
@/home/ec2-user/data/topics/4945 791
@/home/ec2-user/data/topics/4667 792
@/home/ec2-user/data/topics/4961 793
@/home/ec2-user/data/topics/3510 794
@/home/ec2-user/data/topics/1540 795
@/home/ec2-user/data/topics/2029 796
@/home/ec2-user/data/topics/3694 797
@/home/ec2-user/data/topics/1179 798
@/home/ec2-user/data/topics/4157 799
@/home/ec2-user/data/topics/2170 800
@/home/ec2-user/data/topics/4599 801
@/home/ec2-user/data/topics/3404 802
@/home/ec2-user/data/topics/4098 803
@/home/ec2-user/data/topics/4280 804
@/home/ec2-user/data/topics/4806 805
@/home/ec2-user/data/topics/2129 806
@/home/ec2-user/data/topics/1885 807
@/home/ec2-user/data/topics/1955 808
@/home/ec2-user/data/topics/4577 809
@/home/ec2-user/data/topics/3721 810
@/home/ec2-user/data/topics/4102 811
@/home/ec2-user/data/topics/2222 812
@/home/ec2-user/data/topics/4754 813
@/home/ec2-user/data/topics/4307 814
@/home/ec2-user/data/topics/4761 815
@/home/ec2-user/data/topics/4917 816
@/home/ec2-user/data/topics/4867 817
@/home/ec2-user/data/topics/4355 818
@/home/ec2-user/data/topics/1633 819
@/home/ec2-user/data/topics/4885 820
@/home/ec2-user/data/topics/1635 821
@/home/ec2-user/data/topics/4968 822
@/home/ec2-user/data/topics/4574 823
@/home/ec2-user/data/topics/3455 824
@/home/ec2-user/data/topics/1898 825
@/home/ec2-user/data/topics/1070 826
@/home/ec2-user/data/topics/5024 827
@/home/ec2-user/data/topics/4503 828
@/home/ec2-user/data/topics/3847 829
@/home/ec2-user/data/topics/4558 830
@/home/ec2-user/data/topics/4918 831
@/home/ec2-user/data/topics/4475 832
@/home/ec2-user/data/topics/4676 833
@/home/ec2-user/data/topics/1516 834
@/home/ec2-user/data/topics/3904 835
@/home/ec2-user/data/topics/1762 836
@/home/ec2-user/data/topics/1509 837
@/home/ec2-user/data/topics/3719 838
@/home/ec2-user/data/topics/2156 839
@/home/ec2-user/data/topics/3402 840
@/home/ec2-user/data/topics/1136 841
@/home/ec2-user/data/topics/4491 842
@/home/ec2-user/data/topics/1158 843
@/home/ec2-user/data/topics/3514 844
@/home/ec2-user/data/topics/4422 845
@/home/ec2-user/data/topics/4139 846
@/home/ec2-user/data/topics/3746 847
@/home/ec2-user/data/topics/3692 848
@/home/ec2-user/data/topics/1812 849
@/home/ec2-user/data/topics/4787 850
@/home/ec2-user/data/topics/1525 851
@/home/ec2-user/data/topics/4798 852
@/home/ec2-user/data/topics/4394 853
@/home/ec2-user/data/topics/4043 854
@/home/ec2-user/data/topics/4000 855
@/home/ec2-user/data/topics/4101 856
@/home/ec2-user/data/topics/4126 857
@/home/ec2-user/data/topics/3739 858
@/home/ec2-user/data/topics/3676 859
@/home/ec2-user/data/topics/1829 860
@/home/ec2-user/data/topics/4160 861
@/home/ec2-user/data/topics/1026 862
@/home/ec2-user/data/topics/4502 863
@/home/ec2-user/data/topics/4215 864
@/home/ec2-user/data/topics/4180 865
@/home/ec2-user/data/topics/4448 866
@/home/ec2-user/data/topics/3979 867
@/home/ec2-user/data/topics/3761 868
@/home/ec2-user/data/topics/3619 869
@/home/ec2-user/data/topics/4707 870
@/home/ec2-user/data/topics/2080 871
@/home/ec2-user/data/topics/1706 872
@/home/ec2-user/data/topics/4382 873
@/home/ec2-user/data/topics/1589 874
@/home/ec2-user/data/topics/1257 875
@/home/ec2-user/data/topics/4936 876
@/home/ec2-user/data/topics/1705 877
@/home/ec2-user/data/topics/4501 878
@/home/ec2-user/data/topics/4464 879
@/home/ec2-user/data/topics/3494 880
@/home/ec2-user/data/topics/4797 881
@/home/ec2-user/data/topics/4625 882
@/home/ec2-user/data/topics/3704 883
@/home/ec2-user/data/topics/3658 884
@/home/ec2-user/data/topics/4274 885
@/home/ec2-user/data/topics/3680 886
@/home/ec2-user/data/topics/4385 887
@/home/ec2-user/data/topics/4229 888
@/home/ec2-user/data/topics/3585 889
@/home/ec2-user/data/topics/4804 890
@/home/ec2-user/data/topics/1477 891
@/home/ec2-user/data/topics/1157 892
@/home/ec2-user/data/topics/1881 893
サンユレック株式会社

@/home/ec2-user/data/topics/4573 894
財団法人工業技術研究院

@/home/ec2-user/data/topics/1273 895
@/home/ec2-user/data/topics/4457 896
セイコーインスツルメンツ株式会社

@/home/ec2-user/data/topics/3825 897
@/home/ec2-user/data/topics/3626 898
@/home/ec2-user/data/topics/1707 899
@/home/ec2-user/data/topics/4151 900
@/home/ec2-user/data/topics/4997 901
@/home/ec2-user/data/topics/4203 902
@/home/ec2-user/data/topics/4190 903
@/home/ec2-user/data/topics/4036 904
@/home/ec2-user/data/topics/4088 905
株式会社ピー・ジー・エム

@/home/ec2-user/data/topics/5009 906
国際電業株式会社

@/home/ec2-user/data/topics/1629 907
株式会社リック企画

@/home/ec2-user/data/topics/2057 908
日本合成ゴム株式会社

@/home/ec2-user/data/topics/1319 909
柊原  健明

@/home/ec2-user/data/topics/1259 910
原  静雄

@/home/ec2-user/data/topics/1695 911
中部電力株式会社

@/home/ec2-user/data/topics/3496 912
三喜ゴム株式会社

@/home/ec2-user/data/topics/1543 913
吉田  俊樹

@/home/ec2-user/data/topics/1490 914
ミノルタ株式会社

@/home/ec2-user/data/topics/4321 915
@/home/ec2-user/data/topics/4951 916
@/home/ec2-user/data/topics/4977 917
@/home/ec2-user/data/topics/3810 918
@/home/ec2-user/data/topics/4970 919
@/home/ec2-user/data/topics/3584 920
@/home/ec2-user/data/topics/4971 921
@/home/ec2-user/data/topics/4984 922
@/home/ec2-user/data/topics/1152 923
@/home/ec2-user/data/topics/2190 924
@/home/ec2-user/data/topics/4986 925
@/home/ec2-user/data/topics/3545 926
ユシロ化学工業株式会社

@/home/ec2-user/data/topics/1639 927
株式会社遠藤製作所

@/home/ec2-user/data/topics/1552 928
日本電気ホームエレクトロニクス株式会社

@/home/ec2-user/data/topics/1148 929
株式会社ホスピタルネット

@/home/ec2-user/data/topics/4600 930
日立電子サービス株式会社

@/home/ec2-user/data/topics/4895 931
@/home/ec2-user/data/topics/5018 932
株式会社イトーキクレビオ

@/home/ec2-user/data/topics/4424 933
日立化成工業株式会社

@/home/ec2-user/data/topics/3788 934
@/home/ec2-user/data/topics/4373 935
@/home/ec2-user/data/topics/3705 936
@/home/ec2-user/data/topics/1049 937
株式会社三井ハイテック

@/home/ec2-user/data/topics/1957 938
株式会社ティーティーティー

@/home/ec2-user/data/topics/3601 939
@/home/ec2-user/data/topics/1877 940
藤井  佳朗

@/home/ec2-user/data/topics/2005 941
株式会社ダイショウ

@/home/ec2-user/data/topics/2242 942
株式会社岩田良

@/home/ec2-user/data/topics/1924 943
リョービ株式会社

@/home/ec2-user/data/topics/3631 944
@/home/ec2-user/data/topics/4494 945
株式会社オリンピア

@/home/ec2-user/data/topics/4823 946
@/home/ec2-user/data/topics/4899 947
@/home/ec2-user/data/topics/4942 948
九州耐火煉瓦株式会社

@/home/ec2-user/data/topics/3449 949
株式会社リコー

@/home/ec2-user/data/topics/4781 950
@/home/ec2-user/data/topics/1691 951
@/home/ec2-user/data/topics/3484 952
@/home/ec2-user/data/topics/1775 953
@/home/ec2-user/data/topics/3495 954
@/home/ec2-user/data/topics/3687 955
@/home/ec2-user/data/topics/1740 956
@/home/ec2-user/data/topics/3523 957
@/home/ec2-user/data/topics/2189 958
@/home/ec2-user/data/topics/3713 959
@/home/ec2-user/data/topics/1190 960
@/home/ec2-user/data/topics/2182 961
@/home/ec2-user/data/topics/1774 962
@/home/ec2-user/data/topics/3759 963
@/home/ec2-user/data/topics/1776 964
@/home/ec2-user/data/topics/3446 965
@/home/ec2-user/data/topics/3574 966
@/home/ec2-user/data/topics/2200 967
@/home/ec2-user/data/topics/1083 968
@/home/ec2-user/data/topics/2043 969
@/home/ec2-user/data/topics/3394 970
@/home/ec2-user/data/topics/4265 971
@/home/ec2-user/data/topics/2006 972
@/home/ec2-user/data/topics/3750 973
@/home/ec2-user/data/topics/3557 974
@/home/ec2-user/data/topics/1514 975
@/home/ec2-user/data/topics/2201 976
@/home/ec2-user/data/topics/3711 977
@/home/ec2-user/data/topics/1436 978
@/home/ec2-user/data/topics/3472 979
@/home/ec2-user/data/topics/1718 980
@/home/ec2-user/data/topics/1976 981
@/home/ec2-user/data/topics/4344 982
@/home/ec2-user/data/topics/3669 983
@/home/ec2-user/data/topics/3411 984
@/home/ec2-user/data/topics/1780 985
@/home/ec2-user/data/topics/3548 986
@/home/ec2-user/data/topics/1669 987
@/home/ec2-user/data/topics/1627 988
@/home/ec2-user/data/topics/1663 989
@/home/ec2-user/data/topics/1878 990
@/home/ec2-user/data/topics/3530 991
@/home/ec2-user/data/topics/1668 992
@/home/ec2-user/data/topics/2090 993
@/home/ec2-user/data/topics/3880 994
@/home/ec2-user/data/topics/1593 995
@/home/ec2-user/data/topics/3436 996
@/home/ec2-user/data/topics/4037 997
@/home/ec2-user/data/topics/1478 998
@/home/ec2-user/data/topics/1095 999
@/home/ec2-user/data/topics/1225 1000
@/home/ec2-user/data/topics/1064 1001
@/home/ec2-user/data/topics/3424 1002
@/home/ec2-user/data/topics/1282 1003
@/home/ec2-user/data/topics/1433 1004
@/home/ec2-user/data/topics/3555 1005
@/home/ec2-user/data/topics/3837 1006
@/home/ec2-user/data/topics/4616 1007
@/home/ec2-user/data/topics/3378 1008
@/home/ec2-user/data/topics/4879 1009
@/home/ec2-user/data/topics/1610 1010
@/home/ec2-user/data/topics/1974 1011
@/home/ec2-user/data/topics/1482 1012
@/home/ec2-user/data/topics/1106 1013
@/home/ec2-user/data/topics/1670 1014
@/home/ec2-user/data/topics/1755 1015
@/home/ec2-user/data/topics/3775 1016
@/home/ec2-user/data/topics/3633 1017
@/home/ec2-user/data/topics/1806 1018
@/home/ec2-user/data/topics/2219 1019
@/home/ec2-user/data/topics/3474 1020
三井東圧化学株式会社

@/home/ec2-user/data/topics/3390 1021
株式会社アドビック

@/home/ec2-user/data/topics/1813 1022
東新  一三

@/home/ec2-user/data/topics/3717 1023
株式会社三愛

@/home/ec2-user/data/topics/1392 1024
ハイモ株式会社

@/home/ec2-user/data/topics/4449 1025
信越半導体株式会社

@/home/ec2-user/data/topics/1993 1026
@/home/ec2-user/data/topics/4324 1027
株式会社エヌ・ティ・ティ・データ

@/home/ec2-user/data/topics/4364 1028
@/home/ec2-user/data/topics/4143 1029
@/home/ec2-user/data/topics/3959 1030
@/home/ec2-user/data/topics/1236 1031
@/home/ec2-user/data/topics/1437 1032
株式会社佐藤精機

@/home/ec2-user/data/topics/1985 1033
財団法人石油産業活性化センター

@/home/ec2-user/data/topics/4576 1034
株式会社スター精機

@/home/ec2-user/data/topics/4969 1035
日野自動車工業株式会社

@/home/ec2-user/data/topics/1013 1036
@/home/ec2-user/data/topics/3664 1037
@/home/ec2-user/data/topics/2148 1038
郵政省通信総合研究所長

@/home/ec2-user/data/topics/4339 1039
東亜道路工業株式会社

@/home/ec2-user/data/topics/3900 1040
佰龍機械廠股▲ふん▼有限公司

@/home/ec2-user/data/topics/4921 1041
株式会社タムラ製作所

@/home/ec2-user/data/topics/5003 1042
独立行政法人産業技術総合研究所

@/home/ec2-user/data/topics/4777 1043
@/home/ec2-user/data/topics/4739 1044
@/home/ec2-user/data/topics/4740 1045
@/home/ec2-user/data/topics/1356 1046
@/home/ec2-user/data/topics/4869 1047
@/home/ec2-user/data/topics/4800 1048
日本車輌製造株式会社

@/home/ec2-user/data/topics/4821 1049
エスケー化研株式会社

@/home/ec2-user/data/topics/3771 1050
東日本電信電話株式会社

@/home/ec2-user/data/topics/4784 1051
株式会社アテックス

@/home/ec2-user/data/topics/1308 1052
エヌイーシーモバイリング株式会社

@/home/ec2-user/data/topics/4731 1053
株式会社イソワ

@/home/ec2-user/data/topics/3892 1054
株式会社エネット

@/home/ec2-user/data/topics/4992 1055
新日軽株式会社

@/home/ec2-user/data/topics/1270 1056
ソニー株式会社

@/home/ec2-user/data/topics/3975 1057
@/home/ec2-user/data/topics/3872 1058
@/home/ec2-user/data/topics/1602 1059
@/home/ec2-user/data/topics/1836 1060
@/home/ec2-user/data/topics/3924 1061
@/home/ec2-user/data/topics/2052 1062
@/home/ec2-user/data/topics/1884 1063
@/home/ec2-user/data/topics/1435 1064
@/home/ec2-user/data/topics/3955 1065
@/home/ec2-user/data/topics/1426 1066
@/home/ec2-user/data/topics/1967 1067
@/home/ec2-user/data/topics/1147 1068
@/home/ec2-user/data/topics/2058 1069
@/home/ec2-user/data/topics/1912 1070
@/home/ec2-user/data/topics/4224 1071
@/home/ec2-user/data/topics/1233 1072
@/home/ec2-user/data/topics/1102 1073
@/home/ec2-user/data/topics/1749 1074
@/home/ec2-user/data/topics/1926 1075
@/home/ec2-user/data/topics/1679 1076
@/home/ec2-user/data/topics/4184 1077
@/home/ec2-user/data/topics/2105 1078
@/home/ec2-user/data/topics/1380 1079
@/home/ec2-user/data/topics/1397 1080
@/home/ec2-user/data/topics/4351 1081
@/home/ec2-user/data/topics/2075 1082
@/home/ec2-user/data/topics/1686 1083
@/home/ec2-user/data/topics/1291 1084
@/home/ec2-user/data/topics/4219 1085
@/home/ec2-user/data/topics/1491 1086
@/home/ec2-user/data/topics/1218 1087
@/home/ec2-user/data/topics/1414 1088
@/home/ec2-user/data/topics/3401 1089
@/home/ec2-user/data/topics/1892 1090
@/home/ec2-user/data/topics/5027 1091
@/home/ec2-user/data/topics/1873 1092
@/home/ec2-user/data/topics/1471 1093
@/home/ec2-user/data/topics/1954 1094
@/home/ec2-user/data/topics/2037 1095
@/home/ec2-user/data/topics/2094 1096
@/home/ec2-user/data/topics/3392 1097
@/home/ec2-user/data/topics/3456 1098
@/home/ec2-user/data/topics/1298 1099
@/home/ec2-user/data/topics/2059 1100
@/home/ec2-user/data/topics/2048 1101
@/home/ec2-user/data/topics/1778 1102
@/home/ec2-user/data/topics/1059 1103
油谷重工株式会社

@/home/ec2-user/data/topics/1642 1104
有限会社みなみはし

@/home/ec2-user/data/topics/1169 1105
株式会社サンアロマ

@/home/ec2-user/data/topics/4873 1106
株式会社カンロファミリー

@/home/ec2-user/data/topics/2062 1107
株式会社日本触媒

@/home/ec2-user/data/topics/2074 1108
日本電装株式会社

@/home/ec2-user/data/topics/3367 1109
@/home/ec2-user/data/topics/1811 1110
@/home/ec2-user/data/topics/2195 1111
@/home/ec2-user/data/topics/2138 1112
滋賀県

@/home/ec2-user/data/topics/4931 1113
日東電工株式会社

@/home/ec2-user/data/topics/3387 1114
@/home/ec2-user/data/topics/3933 1115
松本  春男

@/home/ec2-user/data/topics/4908 1116
ジェイティエンジニアリング株式会社

@/home/ec2-user/data/topics/4630 1117
サンメディカル株式会社

@/home/ec2-user/data/topics/2040 1118
コーア株式会社

@/home/ec2-user/data/topics/1194 1119
関西熱化学株式会社

@/home/ec2-user/data/topics/3745 1120
大阪シーリング印刷株式会社

@/home/ec2-user/data/topics/2211 1121
富士ゼロックス株式会社

@/home/ec2-user/data/topics/3695 1122
@/home/ec2-user/data/topics/5031 1123
@/home/ec2-user/data/topics/3661 1124
@/home/ec2-user/data/topics/3473 1125
@/home/ec2-user/data/topics/1947 1126
@/home/ec2-user/data/topics/1560 1127
@/home/ec2-user/data/topics/3564 1128
@/home/ec2-user/data/topics/3790 1129
@/home/ec2-user/data/topics/3407 1130
@/home/ec2-user/data/topics/3782 1131
@/home/ec2-user/data/topics/3662 1132
@/home/ec2-user/data/topics/3366 1133
@/home/ec2-user/data/topics/3383 1134
@/home/ec2-user/data/topics/3640 1135
@/home/ec2-user/data/topics/4108 1136
住友金属工業株式会社

@/home/ec2-user/data/topics/4182 1137
@/home/ec2-user/data/topics/4661 1138
@/home/ec2-user/data/topics/3577 1139
@/home/ec2-user/data/topics/3655 1140
@/home/ec2-user/data/topics/4534 1141
@/home/ec2-user/data/topics/4322 1142
@/home/ec2-user/data/topics/4295 1143
@/home/ec2-user/data/topics/4733 1144
@/home/ec2-user/data/topics/4991 1145
@/home/ec2-user/data/topics/4021 1146
@/home/ec2-user/data/topics/1268 1147
@/home/ec2-user/data/topics/3826 1148
株式会社安永

@/home/ec2-user/data/topics/1548 1149
日本電気アイシーマイコンシステム株式会社

@/home/ec2-user/data/topics/4431 1150
富士通エフ・アイ・ピー株式会社

@/home/ec2-user/data/topics/3913 1151
株式会社オーバル

@/home/ec2-user/data/topics/1400 1152
岡本  秀毅

@/home/ec2-user/data/topics/2132 1153
日立電線株式会社

@/home/ec2-user/data/topics/1388 1154
@/home/ec2-user/data/topics/4329 1155
@/home/ec2-user/data/topics/3930 1156
@/home/ec2-user/data/topics/4356 1157
@/home/ec2-user/data/topics/4357 1158
@/home/ec2-user/data/topics/1305 1159
@/home/ec2-user/data/topics/3756 1160
@/home/ec2-user/data/topics/1117 1161
@/home/ec2-user/data/topics/1027 1162
行成  敏夫

@/home/ec2-user/data/topics/1968 1163
宮城日本電気株式会社

@/home/ec2-user/data/topics/4504 1164
日清紡績株式会社

@/home/ec2-user/data/topics/4176 1165
スカイアルミニウム株式会社

@/home/ec2-user/data/topics/1538 1166
@/home/ec2-user/data/topics/1141 1167
株式会社オプトウエア

@/home/ec2-user/data/topics/4855 1168
寺西  亮

@/home/ec2-user/data/topics/1771 1169
学校法人立命館

@/home/ec2-user/data/topics/3998 1170
株式会社吉野工業所

@/home/ec2-user/data/topics/1845 1171
九州三井アルミニウム工業株式会社

@/home/ec2-user/data/topics/1995 1172
ジーイー・メディカル・システムズ・グローバル・テクノロジー・カンパニー・エルエルシー

@/home/ec2-user/data/topics/4542 1173
@/home/ec2-user/data/topics/4913 1174
藤田  浩三

@/home/ec2-user/data/topics/1198 1175
株式会社明治機械製作所

@/home/ec2-user/data/topics/4334 1176
日本シイエムケイ株式会社

@/home/ec2-user/data/topics/4673 1177
川重冷熱工業株式会社

@/home/ec2-user/data/topics/1261 1178
オンキヨー株式会社

@/home/ec2-user/data/topics/1369 1179
笹山  伸也

@/home/ec2-user/data/topics/1989 1180
グローリー工業株式会社

@/home/ec2-user/data/topics/2023 1181
三菱樹脂株式会社

@/home/ec2-user/data/topics/1391 1182
寺町  博

@/home/ec2-user/data/topics/1949 1183
羽取  照夫

@/home/ec2-user/data/topics/2110 1184
株式会社初田製作所

@/home/ec2-user/data/topics/1502 1185
株式会社フジクラ

@/home/ec2-user/data/topics/2024 1186
@/home/ec2-user/data/topics/1944 1187
日本電気ソフトウェア株式会社

@/home/ec2-user/data/topics/4077 1188
ヤンマーディーゼル株式会社

@/home/ec2-user/data/topics/1899 1189
大阪ダイヤモンド工業株式会社

@/home/ec2-user/data/topics/1061 1190
@/home/ec2-user/data/topics/1979 1191
株式会社大林組

@/home/ec2-user/data/topics/1524 1192
@/home/ec2-user/data/topics/4463 1193
@/home/ec2-user/data/topics/3879 1194
キヤノン株式会社

@/home/ec2-user/data/topics/3438 1195
@/home/ec2-user/data/topics/3958 1196
@/home/ec2-user/data/topics/1895 1197
@/home/ec2-user/data/topics/3843 1198
@/home/ec2-user/data/topics/1228 1199
@/home/ec2-user/data/topics/4068 1200
@/home/ec2-user/data/topics/1539 1201
@/home/ec2-user/data/topics/2107 1202
@/home/ec2-user/data/topics/3660 1203
@/home/ec2-user/data/topics/3852 1204
@/home/ec2-user/data/topics/1118 1205
@/home/ec2-user/data/topics/3628 1206
@/home/ec2-user/data/topics/1568 1207
@/home/ec2-user/data/topics/3642 1208
@/home/ec2-user/data/topics/1790 1209
@/home/ec2-user/data/topics/4628 1210
@/home/ec2-user/data/topics/2004 1211
@/home/ec2-user/data/topics/3996 1212
@/home/ec2-user/data/topics/3722 1213
@/home/ec2-user/data/topics/3374 1214
@/home/ec2-user/data/topics/3454 1215
@/home/ec2-user/data/topics/3730 1216
@/home/ec2-user/data/topics/2145 1217
@/home/ec2-user/data/topics/3441 1218
@/home/ec2-user/data/topics/4020 1219
@/home/ec2-user/data/topics/1438 1220
@/home/ec2-user/data/topics/2231 1221
@/home/ec2-user/data/topics/3434 1222
@/home/ec2-user/data/topics/1889 1223
@/home/ec2-user/data/topics/1646 1224
@/home/ec2-user/data/topics/1519 1225
@/home/ec2-user/data/topics/1802 1226
@/home/ec2-user/data/topics/3415 1227
@/home/ec2-user/data/topics/1080 1228
@/home/ec2-user/data/topics/4521 1229
@/home/ec2-user/data/topics/1513 1230
@/home/ec2-user/data/topics/4610 1231
@/home/ec2-user/data/topics/1216 1232
@/home/ec2-user/data/topics/1866 1233
@/home/ec2-user/data/topics/4054 1234
@/home/ec2-user/data/topics/1455 1235
@/home/ec2-user/data/topics/3417 1236
@/home/ec2-user/data/topics/4350 1237
@/home/ec2-user/data/topics/1847 1238
@/home/ec2-user/data/topics/3755 1239
@/home/ec2-user/data/topics/1975 1240
@/home/ec2-user/data/topics/1848 1241
@/home/ec2-user/data/topics/3967 1242
@/home/ec2-user/data/topics/4363 1243
@/home/ec2-user/data/topics/1631 1244
@/home/ec2-user/data/topics/3430 1245
@/home/ec2-user/data/topics/1961 1246
@/home/ec2-user/data/topics/1208 1247
@/home/ec2-user/data/topics/2053 1248
@/home/ec2-user/data/topics/4948 1249
@/home/ec2-user/data/topics/3720 1250
@/home/ec2-user/data/topics/3410 1251
@/home/ec2-user/data/topics/1745 1252
@/home/ec2-user/data/topics/3737 1253
@/home/ec2-user/data/topics/3656 1254
@/home/ec2-user/data/topics/1590 1255
@/home/ec2-user/data/topics/3376 1256
@/home/ec2-user/data/topics/3445 1257
@/home/ec2-user/data/topics/4947 1258
@/home/ec2-user/data/topics/4937 1259
@/home/ec2-user/data/topics/1124 1260
@/home/ec2-user/data/topics/2243 1261
@/home/ec2-user/data/topics/4520 1262
@/home/ec2-user/data/topics/3420 1263
@/home/ec2-user/data/topics/1744 1264
@/home/ec2-user/data/topics/3416 1265
@/home/ec2-user/data/topics/3949 1266
@/home/ec2-user/data/topics/2117 1267
株式会社ヒラノテクシード

@/home/ec2-user/data/topics/4353 1268
住友特殊金属株式会社

@/home/ec2-user/data/topics/3525 1269
シー  ティー  エフ  システムズ  インコーポレーテッド

@/home/ec2-user/data/topics/1320 1270
三井石油化学工業株式会社

@/home/ec2-user/data/topics/3408 1271
松下冷機株式会社

@/home/ec2-user/data/topics/4713 1272
@/home/ec2-user/data/topics/1481 1273
@/home/ec2-user/data/topics/4248 1274
@/home/ec2-user/data/topics/4241 1275
日本オプロ株式会社

@/home/ec2-user/data/topics/4688 1276
株式会社エクォス・リサーチ

@/home/ec2-user/data/topics/1808 1277
株式会社新興製作所

@/home/ec2-user/data/topics/1871 1278
パク  チユル  フワン

@/home/ec2-user/data/topics/1712 1279
ガル  ナム  リー

@/home/ec2-user/data/topics/1015 1280
別所  孝

@/home/ec2-user/data/topics/1351 1281
東海ゴム工業株式会社

@/home/ec2-user/data/topics/4217 1282
@/home/ec2-user/data/topics/3605 1283
@/home/ec2-user/data/topics/1534 1284
@/home/ec2-user/data/topics/4841 1285
株式会社三洋物産

@/home/ec2-user/data/topics/1555 1286
@/home/ec2-user/data/topics/1303 1287
信越化学工業株式会社

@/home/ec2-user/data/topics/4700 1288
@/home/ec2-user/data/topics/3504 1289
@/home/ec2-user/data/topics/1040 1290
@/home/ec2-user/data/topics/3516 1291
ニッタン株式会社

@/home/ec2-user/data/topics/4018 1292
東洋ゴム工業株式会社

@/home/ec2-user/data/topics/1452 1293
トッパン・ムーア株式会社

@/home/ec2-user/data/topics/1203 1294
モレックス  インコーポレーテッド

@/home/ec2-user/data/topics/1055 1295
タング  ウォレス  ティー．ワイ．

@/home/ec2-user/data/topics/2104 1296
西日本電信電話株式会社

@/home/ec2-user/data/topics/4789 1297
和興エンジニアリング株式会社

@/home/ec2-user/data/topics/4205 1298
有限会社ハウガージャパン

@/home/ec2-user/data/topics/4818 1299
東洋インキ製造株式会社

@/home/ec2-user/data/topics/4735 1300
@/home/ec2-user/data/topics/1030 1301
国際技術開発株式会社

@/home/ec2-user/data/topics/1285 1302
株式会社ジャパンエナジー

@/home/ec2-user/data/topics/3468 1303
@/home/ec2-user/data/topics/4147 1304
@/home/ec2-user/data/topics/3617 1305
株式会社サムソン

@/home/ec2-user/data/topics/1204 1306
日本電波工業株式会社

@/home/ec2-user/data/topics/1192 1307
株式会社オーク製作所

@/home/ec2-user/data/topics/1050 1308
日本製紙株式会社

@/home/ec2-user/data/topics/4112 1309
@/home/ec2-user/data/topics/4253 1310
@/home/ec2-user/data/topics/4156 1311
日本高周波鋼業株式会社

@/home/ec2-user/data/topics/4620 1312
株式会社タイトー

@/home/ec2-user/data/topics/1127 1313
コレア  クムホ  ぺトロケミカル  シーオー  エルティーディー

@/home/ec2-user/data/topics/1025 1314
井上  明久

@/home/ec2-user/data/topics/4678 1315
キャナックス株式会社

@/home/ec2-user/data/topics/1830 1316
神鋼電機株式会社

@/home/ec2-user/data/topics/1430 1317
@/home/ec2-user/data/topics/1213 1318
青山  好高

@/home/ec2-user/data/topics/1170 1319
呂  宗▲斤▼

@/home/ec2-user/data/topics/1454 1320
大阪瓦斯株式会社

@/home/ec2-user/data/topics/1119 1321
@/home/ec2-user/data/topics/3922 1322
株式会社フォラックス

@/home/ec2-user/data/topics/4636 1323
西  讓治

@/home/ec2-user/data/topics/4660 1324
河村電器産業株式会社

@/home/ec2-user/data/topics/1084 1325
@/home/ec2-user/data/topics/1927 1326
株式会社  応用企画

@/home/ec2-user/data/topics/2066 1327
財団法人日本産業科学研究所

@/home/ec2-user/data/topics/1406 1328
株式会社安川電機

@/home/ec2-user/data/topics/1945 1329
株式会社エム・アール・システム研究所

@/home/ec2-user/data/topics/4452 1330
エヌイーシーマイクロシステム株式会社

@/home/ec2-user/data/topics/1088 1331
@/home/ec2-user/data/topics/4529 1332
@/home/ec2-user/data/topics/1986 1333
帝国通信工業株式会社

@/home/ec2-user/data/topics/2133 1334
株式会社ソニー・コンピュータエンタテインメント

@/home/ec2-user/data/topics/4069 1335
@/home/ec2-user/data/topics/4462 1336
@/home/ec2-user/data/topics/2015 1337
藤嶋  昭

@/home/ec2-user/data/topics/4966 1338
@/home/ec2-user/data/topics/4540 1339
株式会社島津製作所

@/home/ec2-user/data/topics/1212 1340
@/home/ec2-user/data/topics/1594 1341
@/home/ec2-user/data/topics/3358 1342
@/home/ec2-user/data/topics/1366 1343
@/home/ec2-user/data/topics/3647 1344
株式会社環境電磁技術研究所

@/home/ec2-user/data/topics/4632 1345
サミー株式会社

@/home/ec2-user/data/topics/1159 1346
@/home/ec2-user/data/topics/1915 1347
@/home/ec2-user/data/topics/1862 1348
@/home/ec2-user/data/topics/1546 1349
株式会社エース電研

@/home/ec2-user/data/topics/1140 1350
三洋電機株式会社

@/home/ec2-user/data/topics/1479 1351
@/home/ec2-user/data/topics/3625 1352
@/home/ec2-user/data/topics/3804 1353
@/home/ec2-user/data/topics/3539 1354
@/home/ec2-user/data/topics/4726 1355
@/home/ec2-user/data/topics/4837 1356
@/home/ec2-user/data/topics/4384 1357
@/home/ec2-user/data/topics/4179 1358
@/home/ec2-user/data/topics/3830 1359
@/home/ec2-user/data/topics/4099 1360
@/home/ec2-user/data/topics/3859 1361
@/home/ec2-user/data/topics/2054 1362
@/home/ec2-user/data/topics/4604 1363
@/home/ec2-user/data/topics/4178 1364
@/home/ec2-user/data/topics/1386 1365
@/home/ec2-user/data/topics/4612 1366
@/home/ec2-user/data/topics/1079 1367
@/home/ec2-user/data/topics/2230 1368
@/home/ec2-user/data/topics/5002 1369
@/home/ec2-user/data/topics/3986 1370
@/home/ec2-user/data/topics/4066 1371
@/home/ec2-user/data/topics/4492 1372
@/home/ec2-user/data/topics/3581 1373
@/home/ec2-user/data/topics/4060 1374
@/home/ec2-user/data/topics/5011 1375
@/home/ec2-user/data/topics/3845 1376
@/home/ec2-user/data/topics/1488 1377
@/home/ec2-user/data/topics/4571 1378
@/home/ec2-user/data/topics/1246 1379
@/home/ec2-user/data/topics/1652 1380
@/home/ec2-user/data/topics/4376 1381
@/home/ec2-user/data/topics/4474 1382
@/home/ec2-user/data/topics/2098 1383
@/home/ec2-user/data/topics/2071 1384
@/home/ec2-user/data/topics/4304 1385
@/home/ec2-user/data/topics/4328 1386
@/home/ec2-user/data/topics/3492 1387
@/home/ec2-user/data/topics/4978 1388
@/home/ec2-user/data/topics/4061 1389
@/home/ec2-user/data/topics/3781 1390
@/home/ec2-user/data/topics/1163 1391
@/home/ec2-user/data/topics/4679 1392
@/home/ec2-user/data/topics/1653 1393
@/home/ec2-user/data/topics/3906 1394
@/home/ec2-user/data/topics/1321 1395
@/home/ec2-user/data/topics/1289 1396
@/home/ec2-user/data/topics/3808 1397
@/home/ec2-user/data/topics/4720 1398
@/home/ec2-user/data/topics/1722 1399
@/home/ec2-user/data/topics/4983 1400
@/home/ec2-user/data/topics/3403 1401
@/home/ec2-user/data/topics/3926 1402
@/home/ec2-user/data/topics/3708 1403
@/home/ec2-user/data/topics/4960 1404
@/home/ec2-user/data/topics/4527 1405
@/home/ec2-user/data/topics/2194 1406
@/home/ec2-user/data/topics/3754 1407
@/home/ec2-user/data/topics/3953 1408
@/home/ec2-user/data/topics/1451 1409
@/home/ec2-user/data/topics/1980 1410
@/home/ec2-user/data/topics/4015 1411
@/home/ec2-user/data/topics/4301 1412
@/home/ec2-user/data/topics/1515 1413
@/home/ec2-user/data/topics/4212 1414
@/home/ec2-user/data/topics/2014 1415
@/home/ec2-user/data/topics/4001 1416
@/home/ec2-user/data/topics/4150 1417
@/home/ec2-user/data/topics/3889 1418
@/home/ec2-user/data/topics/3817 1419
@/home/ec2-user/data/topics/2063 1420
@/home/ec2-user/data/topics/3974 1421
@/home/ec2-user/data/topics/4039 1422
@/home/ec2-user/data/topics/3681 1423
@/home/ec2-user/data/topics/4788 1424
@/home/ec2-user/data/topics/4654 1425
@/home/ec2-user/data/topics/3491 1426
@/home/ec2-user/data/topics/4763 1427
@/home/ec2-user/data/topics/1671 1428
@/home/ec2-user/data/topics/3398 1429
東芝マイクロエレクトロニクス株式会社

@/home/ec2-user/data/topics/1354 1430
@/home/ec2-user/data/topics/3733 1431
丸一株式会社

@/home/ec2-user/data/topics/4815 1432
北海道

@/home/ec2-user/data/topics/1413 1433
高橋金物株式会社

@/home/ec2-user/data/topics/2213 1434
インターナショナル  フレーバー  アンド  フライグランス  インコーポレーテッド

@/home/ec2-user/data/topics/2010 1435
日本アンテナ株式会社

@/home/ec2-user/data/topics/4591 1436
有限会社日下レアメタル研究所

@/home/ec2-user/data/topics/1214 1437
独立行政法人  航空宇宙技術研究所

@/home/ec2-user/data/topics/4994 1438
大和製罐株式会社

@/home/ec2-user/data/topics/1592 1439
新潟日本電気株式会社

@/home/ec2-user/data/topics/4451 1440
三菱電機株式会社

@/home/ec2-user/data/topics/3469 1441
@/home/ec2-user/data/topics/1110 1442
@/home/ec2-user/data/topics/5033 1443
@/home/ec2-user/data/topics/4047 1444
@/home/ec2-user/data/topics/4514 1445
@/home/ec2-user/data/topics/3616 1446
@/home/ec2-user/data/topics/4980 1447
@/home/ec2-user/data/topics/4305 1448
@/home/ec2-user/data/topics/2146 1449
@/home/ec2-user/data/topics/4076 1450
@/home/ec2-user/data/topics/1754 1451
@/home/ec2-user/data/topics/4181 1452
@/home/ec2-user/data/topics/4282 1453
@/home/ec2-user/data/topics/4614 1454
@/home/ec2-user/data/topics/5032 1455
@/home/ec2-user/data/topics/3921 1456
@/home/ec2-user/data/topics/4880 1457
@/home/ec2-user/data/topics/3595 1458
@/home/ec2-user/data/topics/1220 1459
@/home/ec2-user/data/topics/3412 1460
@/home/ec2-user/data/topics/3747 1461
@/home/ec2-user/data/topics/4552 1462
@/home/ec2-user/data/topics/3820 1463
@/home/ec2-user/data/topics/4419 1464
@/home/ec2-user/data/topics/3493 1465
@/home/ec2-user/data/topics/1792 1466
@/home/ec2-user/data/topics/3397 1467
@/home/ec2-user/data/topics/3409 1468
@/home/ec2-user/data/topics/3609 1469
@/home/ec2-user/data/topics/1872 1470
@/home/ec2-user/data/topics/4149 1471
@/home/ec2-user/data/topics/4133 1472
@/home/ec2-user/data/topics/3465 1473
@/home/ec2-user/data/topics/3453 1474
@/home/ec2-user/data/topics/3592 1475
@/home/ec2-user/data/topics/3963 1476
@/home/ec2-user/data/topics/3800 1477
@/home/ec2-user/data/topics/4220 1478
@/home/ec2-user/data/topics/4233 1479
@/home/ec2-user/data/topics/4663 1480
@/home/ec2-user/data/topics/4221 1481
@/home/ec2-user/data/topics/4235 1482
@/home/ec2-user/data/topics/3466 1483
@/home/ec2-user/data/topics/3490 1484
@/home/ec2-user/data/topics/3873 1485
@/home/ec2-user/data/topics/1738 1486
@/home/ec2-user/data/topics/3856 1487
@/home/ec2-user/data/topics/4834 1488
@/home/ec2-user/data/topics/3666 1489
@/home/ec2-user/data/topics/3451 1490
@/home/ec2-user/data/topics/4041 1491
@/home/ec2-user/data/topics/4518 1492
@/home/ec2-user/data/topics/1536 1493
@/home/ec2-user/data/topics/3841 1494
@/home/ec2-user/data/topics/3774 1495
@/home/ec2-user/data/topics/3612 1496
@/home/ec2-user/data/topics/3506 1497
@/home/ec2-user/data/topics/4562 1498
ダイコク電機株式会社

@/home/ec2-user/data/topics/1131 1499
株式会社荏原製作所

@/home/ec2-user/data/topics/1956 1500
@/home/ec2-user/data/topics/1248 1501
@/home/ec2-user/data/topics/3355 1502
@/home/ec2-user/data/topics/1399 1503
大塚  幸喜

@/home/ec2-user/data/topics/4853 1504
香川  利光

@/home/ec2-user/data/topics/4711 1505
株式会社メイクソフトウェア

@/home/ec2-user/data/topics/1480 1506
聯華電子股▲ふん▼有限公司

@/home/ec2-user/data/topics/1978 1507
吉田  博哉

@/home/ec2-user/data/topics/1796 1508
山陽特殊製鋼株式会社

@/home/ec2-user/data/topics/1056 1509
株式会社ワイ・アール・ピー移動通信基盤技術研究所

@/home/ec2-user/data/topics/4553 1510
@/home/ec2-user/data/topics/4662 1511
株式会社コナミコンピュータエンタテインメントジャパン

@/home/ec2-user/data/topics/4934 1512
株式会社ファンケル

@/home/ec2-user/data/topics/4297 1513
株式会社ノリタケカンパニーリミテド

@/home/ec2-user/data/topics/3540 1514
京楽産業株式会社

@/home/ec2-user/data/topics/2124 1515
@/home/ec2-user/data/topics/4200 1516
@/home/ec2-user/data/topics/1526 1517
パイオニアビデオ株式会社

@/home/ec2-user/data/topics/1916 1518
バブコック日立株式会社

@/home/ec2-user/data/topics/1897 1519
ソニーケミカル株式会社

@/home/ec2-user/data/topics/4510 1520
山本  祐司

@/home/ec2-user/data/topics/1789 1521
有限会社粟野製材所

@/home/ec2-user/data/topics/1330 1522
日立建機株式会社

@/home/ec2-user/data/topics/1403 1523
サンケン電気株式会社

@/home/ec2-user/data/topics/2120 1524
@/home/ec2-user/data/topics/1542 1525
@/home/ec2-user/data/topics/3635 1526
株式会社ブレスト工業研究所

@/home/ec2-user/data/topics/5019 1527
タイガー魔法瓶株式会社

@/home/ec2-user/data/topics/4814 1528
@/home/ec2-user/data/topics/1752 1529
株式会社総研設計

@/home/ec2-user/data/topics/1371 1530
ボッシュ  ブレーキ  システム株式会社

@/home/ec2-user/data/topics/1849 1531
日本植生株式会社

@/home/ec2-user/data/topics/4590 1532
@/home/ec2-user/data/topics/1517 1533
菊水化学工業株式会社

@/home/ec2-user/data/topics/4327 1534
塚本  英樹

@/home/ec2-user/data/topics/1730 1535
土橋  弘之

@/home/ec2-user/data/topics/1904 1536
エフシーアイ  アジア  テクノロジー  ピーティーイー  リミテッド

@/home/ec2-user/data/topics/5014 1537
株式会社タケダ企画

@/home/ec2-user/data/topics/1702 1538
パイロットインキ株式会社

@/home/ec2-user/data/topics/3444 1539
住友ゴム工業株式会社

@/home/ec2-user/data/topics/1114 1540
@/home/ec2-user/data/topics/2007 1541
@/home/ec2-user/data/topics/4568 1542
@/home/ec2-user/data/topics/4048 1543
@/home/ec2-user/data/topics/4406 1544
@/home/ec2-user/data/topics/4597 1545
@/home/ec2-user/data/topics/1758 1546
ファナック株式会社

@/home/ec2-user/data/topics/4538 1547
@/home/ec2-user/data/topics/2121 1548
@/home/ec2-user/data/topics/5013 1549
財団法人鉄道総合技術研究所

@/home/ec2-user/data/topics/3718 1550
@/home/ec2-user/data/topics/3991 1551
@/home/ec2-user/data/topics/4237 1552
アテナ工業株式会社

@/home/ec2-user/data/topics/1654 1553
鈴野化成株式会社

@/home/ec2-user/data/topics/2167 1554
大同鋼板株式会社

@/home/ec2-user/data/topics/1193 1555
東芝エフエーシステムエンジニアリング株式会社

@/home/ec2-user/data/topics/4234 1556
株式会社ブリヂストン

@/home/ec2-user/data/topics/3905 1557
山本  達司

@/home/ec2-user/data/topics/1283 1558
林  道夫

@/home/ec2-user/data/topics/4927 1559
日本板硝子株式会社

@/home/ec2-user/data/topics/3369 1560
@/home/ec2-user/data/topics/5017 1561
@/home/ec2-user/data/topics/4517 1562
大蔵省印刷局長

@/home/ec2-user/data/topics/1807 1563
@/home/ec2-user/data/topics/1427 1564
日東精工株式会社

@/home/ec2-user/data/topics/2091 1565
興南化学工業株式会社

@/home/ec2-user/data/topics/4403 1566
埼玉樹脂工業株式会社

@/home/ec2-user/data/topics/1195 1567
アイシン・エィ・ダブリュ株式会社

@/home/ec2-user/data/topics/1096 1568
@/home/ec2-user/data/topics/3848 1569
@/home/ec2-user/data/topics/1939 1570
