2017-01-17 22:34:36.028161

topic-folder:/home/ec2-user/data/topics/
cl-file:rand
cl-floder:/home/ec2-user/data/ldaclass-64-2000-top1000/
zipf:0.2
stype[0(tfidf)/1(tfidf2)/2(lsa)/3(lda)]:3
dtype[<0(diff*rand)/0(diff)/1(same)/>=2(diff*same)]:1
atype[1(tfidf)/2(lsa)/3(lda)]:2
output-floder:thesis/

科研製薬株式会社

@/home/ec2-user/data/topics/1023 0
日本コロムビア株式会社

@/home/ec2-user/data/topics/1489 1
早木  靖法

@/home/ec2-user/data/topics/1729 2
有限会社  はっとり・メディカル・サービス

@/home/ec2-user/data/topics/1024 3
古谷  正美

@/home/ec2-user/data/topics/1689 4
株式会社ユー・ピー・シー

@/home/ec2-user/data/topics/1703 5
斉藤  清邦

@/home/ec2-user/data/topics/1727 6
三菱マテリアル株式会社

@/home/ec2-user/data/topics/3866 7
@/home/ec2-user/data/topics/1085 8
@/home/ec2-user/data/topics/3630 9
@/home/ec2-user/data/topics/3470 10
@/home/ec2-user/data/topics/3520 11
@/home/ec2-user/data/topics/3546 12
@/home/ec2-user/data/topics/2093 13
@/home/ec2-user/data/topics/1638 14
山本電気株式会社

@/home/ec2-user/data/topics/4444 15
株式会社屋根技術研究所

@/home/ec2-user/data/topics/2154 16
株式会社九州エレクトロニクスシステム

@/home/ec2-user/data/topics/1450 17
株式会社スーパーシリコン研究所

@/home/ec2-user/data/topics/1678 18
株式会社東陽テクニカ

@/home/ec2-user/data/topics/2220 19
日置電機株式会社

@/home/ec2-user/data/topics/2225 20
@/home/ec2-user/data/topics/1461 21
中松  義郎

@/home/ec2-user/data/topics/1057 22
三省電機株式会社

@/home/ec2-user/data/topics/3512 23
日立化成ポリマー株式会社

@/home/ec2-user/data/topics/1395 24
株式会社パイロット

@/home/ec2-user/data/topics/4435 25
住友ベークライト株式会社

@/home/ec2-user/data/topics/4223 26
@/home/ec2-user/data/topics/4198 27
@/home/ec2-user/data/topics/3728 28
愛知製鋼株式会社

@/home/ec2-user/data/topics/1492 29
日本電産シバウラ株式会社

@/home/ec2-user/data/topics/4716 30
株式会社富士通ゼネラル

@/home/ec2-user/data/topics/3365 31
@/home/ec2-user/data/topics/2102 32
@/home/ec2-user/data/topics/3448 33
株式会社イナックス

@/home/ec2-user/data/topics/1772 34
@/home/ec2-user/data/topics/2018 35
@/home/ec2-user/data/topics/1572 36
@/home/ec2-user/data/topics/1299 37
東光株式会社

@/home/ec2-user/data/topics/2149 38
@/home/ec2-user/data/topics/4091 39
@/home/ec2-user/data/topics/3984 40
株式会社平和

@/home/ec2-user/data/topics/1506 41
@/home/ec2-user/data/topics/4686 42
ダイソー株式会社

@/home/ec2-user/data/topics/2178 43
株式会社ジオクト

@/home/ec2-user/data/topics/1469 44
ジ−エス・メルコテック株式会社

@/home/ec2-user/data/topics/4724 45
株式会社三技協

@/home/ec2-user/data/topics/1597 46
黒木  月光

@/home/ec2-user/data/topics/1111 47
石▲崎▼  重道

@/home/ec2-user/data/topics/4752 48
森  偉明

@/home/ec2-user/data/topics/1053 49
浦項産業科学研究院長

@/home/ec2-user/data/topics/1035 50
東洋電装株式会社

@/home/ec2-user/data/topics/1742 51
株式会社ケーブイケー

@/home/ec2-user/data/topics/1788 52
@/home/ec2-user/data/topics/1121 53
防衛庁技術研究本部長

@/home/ec2-user/data/topics/1139 54
@/home/ec2-user/data/topics/4859 55
株式会社ミクニ

@/home/ec2-user/data/topics/2083 56
住友電装株式会社

@/home/ec2-user/data/topics/4170 57
@/home/ec2-user/data/topics/4415 58
@/home/ec2-user/data/topics/4635 59
@/home/ec2-user/data/topics/4407 60
@/home/ec2-user/data/topics/4268 61
ダイハツ工業株式会社

@/home/ec2-user/data/topics/1828 62
@/home/ec2-user/data/topics/4255 63
@/home/ec2-user/data/topics/1335 64
日本ゼオン株式会社

@/home/ec2-user/data/topics/3559 65
カナレ電気株式会社

@/home/ec2-user/data/topics/4028 66
株式会社コナミコンピュータエンタテインメント大阪

@/home/ec2-user/data/topics/1972 67
@/home/ec2-user/data/topics/1839 68
東レ株式会社

@/home/ec2-user/data/topics/1038 69
@/home/ec2-user/data/topics/3696 70
@/home/ec2-user/data/topics/1416 71
@/home/ec2-user/data/topics/4567 72
北海道大学長

@/home/ec2-user/data/topics/4950 73
山本  清和

@/home/ec2-user/data/topics/4832 74
雪印乳業株式会社

@/home/ec2-user/data/topics/1472 75
@/home/ec2-user/data/topics/1048 76
長坂  重吉

@/home/ec2-user/data/topics/1381 77
太田  仁彦

@/home/ec2-user/data/topics/1133 78
株式会社日本ソフト

@/home/ec2-user/data/topics/1907 79
@/home/ec2-user/data/topics/4606 80
グラフテック株式会社

@/home/ec2-user/data/topics/1673 81
愛知電熱株式会社

@/home/ec2-user/data/topics/3893 82
株式会社山武

@/home/ec2-user/data/topics/4848 83
@/home/ec2-user/data/topics/3787 84
株式会社イメ−ジパ−トナ−

@/home/ec2-user/data/topics/4915 85
株式会社デジタルパサージュ

@/home/ec2-user/data/topics/4694 86
高砂電器産業株式会社

@/home/ec2-user/data/topics/1207 87
日本精機株式会社

@/home/ec2-user/data/topics/4690 88
@/home/ec2-user/data/topics/4709 89
@/home/ec2-user/data/topics/4972 90
@/home/ec2-user/data/topics/4875 91
@/home/ec2-user/data/topics/4907 92
@/home/ec2-user/data/topics/1398 93
翼システム株式会社

@/home/ec2-user/data/topics/1089 94
@/home/ec2-user/data/topics/2233 95
三ツ星ベルト株式会社

@/home/ec2-user/data/topics/4169 96
中央電子株式会社

@/home/ec2-user/data/topics/4368 97
コニカ株式会社

@/home/ec2-user/data/topics/3357 98
@/home/ec2-user/data/topics/1946 99
@/home/ec2-user/data/topics/3486 100
@/home/ec2-user/data/topics/2162 101
@/home/ec2-user/data/topics/3418 102
@/home/ec2-user/data/topics/3370 103
@/home/ec2-user/data/topics/3419 104
@/home/ec2-user/data/topics/3431 105
@/home/ec2-user/data/topics/3426 106
@/home/ec2-user/data/topics/3414 107
@/home/ec2-user/data/topics/3533 108
ニチアス株式会社

@/home/ec2-user/data/topics/1655 109
セルポートシステムズ株式会社

@/home/ec2-user/data/topics/4738 110
水島臨海倉庫株式会社

@/home/ec2-user/data/topics/1449 111
インターナショナル・ビジネス・マシーンズ・コーポレーション

@/home/ec2-user/data/topics/4794 112
@/home/ec2-user/data/topics/1604 113
アイダエンジニアリング株式会社

@/home/ec2-user/data/topics/1983 114
@/home/ec2-user/data/topics/1753 115
小竹  勇治

@/home/ec2-user/data/topics/1104 116
東海旅客鉄道株式会社

@/home/ec2-user/data/topics/2003 117
日立プラント建設株式会社

@/home/ec2-user/data/topics/1447 118
@/home/ec2-user/data/topics/1719 119
@/home/ec2-user/data/topics/1222 120
ポーラ化成工業株式会社

@/home/ec2-user/data/topics/3736 121
三菱鉛筆株式会社

@/home/ec2-user/data/topics/1581 122
株式会社エフ・エー・アイ

@/home/ec2-user/data/topics/1922 123
株式会社オービック・ビジネス・コンサルタント

@/home/ec2-user/data/topics/1350 124
三井海上火災保険株式会社

@/home/ec2-user/data/topics/4479 125
内山  正巳

@/home/ec2-user/data/topics/1863 126
株式会社  川井商会

@/home/ec2-user/data/topics/4413 127
小橋工業株式会社

@/home/ec2-user/data/topics/4641 128
埼玉日本電気株式会社

@/home/ec2-user/data/topics/4998 129
@/home/ec2-user/data/topics/1620 130
@/home/ec2-user/data/topics/4242 131
@/home/ec2-user/data/topics/4279 132
@/home/ec2-user/data/topics/4468 133
@/home/ec2-user/data/topics/4283 134
@/home/ec2-user/data/topics/5010 135
@/home/ec2-user/data/topics/4496 136
@/home/ec2-user/data/topics/1512 137
ノリタケダイヤ株式会社

@/home/ec2-user/data/topics/4411 138
日本アビオニクス株式会社

@/home/ec2-user/data/topics/1860 139
株式会社日立メディコ

@/home/ec2-user/data/topics/1905 140
岩井  隆敏

@/home/ec2-user/data/topics/1537 141
株式会社大生機械

@/home/ec2-user/data/topics/1625 142
ノーリツ鋼機株式会社

@/home/ec2-user/data/topics/1312 143
株式会社ベルウッド

@/home/ec2-user/data/topics/1231 144
株式会社三州コンクリート工業

@/home/ec2-user/data/topics/1071 145
株式会社ウェッジ

@/home/ec2-user/data/topics/4652 146
船井電機株式会社

@/home/ec2-user/data/topics/4405 147
@/home/ec2-user/data/topics/3931 148
@/home/ec2-user/data/topics/4704 149
@/home/ec2-user/data/topics/2044 150
井関農機株式会社

@/home/ec2-user/data/topics/1496 151
@/home/ec2-user/data/topics/1137 152
@/home/ec2-user/data/topics/1442 153
三菱製紙株式会社

@/home/ec2-user/data/topics/3622 154
@/home/ec2-user/data/topics/1039 155
@/home/ec2-user/data/topics/3877 156
ホーヤ株式会社

@/home/ec2-user/data/topics/1075 157
@/home/ec2-user/data/topics/1187 158
@/home/ec2-user/data/topics/1417 159
西川  公一郎

@/home/ec2-user/data/topics/1446 160
アルパイン株式会社

@/home/ec2-user/data/topics/1768 161
@/home/ec2-user/data/topics/4130 162
ミハル通信株式会社

@/home/ec2-user/data/topics/1109 163
アルプス電気株式会社

@/home/ec2-user/data/topics/1253 164
@/home/ec2-user/data/topics/2012 165
@/home/ec2-user/data/topics/3429 166
@/home/ec2-user/data/topics/3582 167
@/home/ec2-user/data/topics/4791 168
@/home/ec2-user/data/topics/2089 169
@/home/ec2-user/data/topics/1434 170
笠井  良純

@/home/ec2-user/data/topics/1887 171
朝日印刷株式会社

@/home/ec2-user/data/topics/4956 172
斎藤  晃

@/home/ec2-user/data/topics/1795 173
アサヒビール株式会社

@/home/ec2-user/data/topics/4953 174
株式会社タイヨー製作所

@/home/ec2-user/data/topics/1709 175
アンリツ株式会社

@/home/ec2-user/data/topics/4107 176
松下通信工業株式会社

@/home/ec2-user/data/topics/3646 177
東芝電池株式会社

@/home/ec2-user/data/topics/3364 178
株式会社いすゞセラミックス研究所

@/home/ec2-user/data/topics/3478 179
東芝ホームテクノ株式会社

@/home/ec2-user/data/topics/4337 180
@/home/ec2-user/data/topics/3763 181
星光化学工業株式会社

@/home/ec2-user/data/topics/4465 182
株式会社セントラルユニ

@/home/ec2-user/data/topics/4580 183
三菱電線工業株式会社

@/home/ec2-user/data/topics/4680 184
@/home/ec2-user/data/topics/4333 185
シェンツェン  ミンガ  エンバイロメンタル  プロテクション  ヴィヒクル  カンパニー  リミティッド

@/home/ec2-user/data/topics/4849 186
日本精工株式会社

@/home/ec2-user/data/topics/1323 187
株式会社ウンノハウス

@/home/ec2-user/data/topics/1518 188
共立冷熱株式会社

@/home/ec2-user/data/topics/4778 189
有限会社アルテックスイマイデザイン

@/home/ec2-user/data/topics/1725 190
三菱重工業株式会社

@/home/ec2-user/data/topics/3637 191
@/home/ec2-user/data/topics/4882 192
@/home/ec2-user/data/topics/4687 193
@/home/ec2-user/data/topics/3529 194
@/home/ec2-user/data/topics/4563 195
@/home/ec2-user/data/topics/3503 196
@/home/ec2-user/data/topics/3833 197
@/home/ec2-user/data/topics/4862 198
@/home/ec2-user/data/topics/3591 199
@/home/ec2-user/data/topics/4412 200
@/home/ec2-user/data/topics/3944 201
@/home/ec2-user/data/topics/5022 202
東新住建株式会社

@/home/ec2-user/data/topics/1379 203
株式会社アルテクス

@/home/ec2-user/data/topics/1580 204
村田機械株式会社

@/home/ec2-user/data/topics/4556 205
@/home/ec2-user/data/topics/1074 206
@/home/ec2-user/data/topics/3528 207
@/home/ec2-user/data/topics/4638 208
@/home/ec2-user/data/topics/4441 209
@/home/ec2-user/data/topics/1607 210
@/home/ec2-user/data/topics/4565 211
@/home/ec2-user/data/topics/4596 212
@/home/ec2-user/data/topics/4645 213
@/home/ec2-user/data/topics/3740 214
@/home/ec2-user/data/topics/4835 215
@/home/ec2-user/data/topics/1511 216
@/home/ec2-user/data/topics/4746 217
@/home/ec2-user/data/topics/5000 218
@/home/ec2-user/data/topics/4570 219
@/home/ec2-user/data/topics/1293 220
@/home/ec2-user/data/topics/4941 221
安田金属工業株式会社

@/home/ec2-user/data/topics/4963 222
加賀コンポーネント株式会社

@/home/ec2-user/data/topics/2114 223
ジェイエスアール株式会社

@/home/ec2-user/data/topics/4955 224
@/home/ec2-user/data/topics/1999 225
川崎製鉄株式会社

@/home/ec2-user/data/topics/3532 226
@/home/ec2-user/data/topics/3553 227
@/home/ec2-user/data/topics/1459 228
@/home/ec2-user/data/topics/3483 229
@/home/ec2-user/data/topics/1037 230
@/home/ec2-user/data/topics/3413 231
@/home/ec2-user/data/topics/3611 232
@/home/ec2-user/data/topics/4615 233
@/home/ec2-user/data/topics/3929 234
セイコー精機株式会社

@/home/ec2-user/data/topics/4202 235
建設省建築研究所長

@/home/ec2-user/data/topics/3916 236
株式会社キムラ産業

@/home/ec2-user/data/topics/4294 237
マックストン株式会社

@/home/ec2-user/data/topics/1309 238
鹿児島日本電気株式会社

@/home/ec2-user/data/topics/4809 239
生方  清司

@/home/ec2-user/data/topics/1649 240
エヌイーシーネクサソリューションズ株式会社

@/home/ec2-user/data/topics/4668 241
光洋リンドバーグ株式会社

@/home/ec2-user/data/topics/1256 242
日産車体株式会社

@/home/ec2-user/data/topics/2193 243
東北ムネカタ株式会社

@/home/ec2-user/data/topics/4311 244
株式会社カクダイ

@/home/ec2-user/data/topics/1606 245
オリオン機械株式会社

@/home/ec2-user/data/topics/4766 246
株式会社日本アルミ

@/home/ec2-user/data/topics/1338 247
ダイキン工業株式会社

@/home/ec2-user/data/topics/1600 248
@/home/ec2-user/data/topics/4734 249
@/home/ec2-user/data/topics/4701 250
@/home/ec2-user/data/topics/4753 251
@/home/ec2-user/data/topics/3888 252
@/home/ec2-user/data/topics/4515 253
@/home/ec2-user/data/topics/1565 254
@/home/ec2-user/data/topics/4367 255
@/home/ec2-user/data/topics/4858 256
@/home/ec2-user/data/topics/4400 257
@/home/ec2-user/data/topics/4845 258
ムサシ化工株式会社

@/home/ec2-user/data/topics/3816 259
有限会社  御殿場ソフト開発

@/home/ec2-user/data/topics/2061 260
株式会社インディーソフト

@/home/ec2-user/data/topics/1532 261
扇精光株式会社

@/home/ec2-user/data/topics/4957 262
株式会社  ソーシン

@/home/ec2-user/data/topics/1081 263
帝都高速度交通営団

@/home/ec2-user/data/topics/3828 264
財団法人電気磁気材料研究所

@/home/ec2-user/data/topics/1953 265
岡野電線株式会社

@/home/ec2-user/data/topics/4748 266
フジカラー販売株式会社

@/home/ec2-user/data/topics/4476 267
三菱自動車工業株式会社

@/home/ec2-user/data/topics/3815 268
@/home/ec2-user/data/topics/1527 269
@/home/ec2-user/data/topics/4189 270
@/home/ec2-user/data/topics/2101 271
@/home/ec2-user/data/topics/1428 272
@/home/ec2-user/data/topics/3502 273
@/home/ec2-user/data/topics/1816 274
@/home/ec2-user/data/topics/3940 275
永山電子工業株式会社

@/home/ec2-user/data/topics/4976 276
太平洋貿易株式会社

@/home/ec2-user/data/topics/1656 277
株式会社アドバンテスト

@/home/ec2-user/data/topics/1498 278
株式会社トーキン

@/home/ec2-user/data/topics/1920 279
@/home/ec2-user/data/topics/1185 280
豊田合成株式会社

@/home/ec2-user/data/topics/3541 281
@/home/ec2-user/data/topics/3385 282
日本電気通信システム株式会社

@/home/ec2-user/data/topics/4729 283
@/home/ec2-user/data/topics/4487 284
株式会社イーノス

@/home/ec2-user/data/topics/1460 285
ナトコペイント株式会社

@/home/ec2-user/data/topics/2125 286
富士通カンタムデバイス株式会社

@/home/ec2-user/data/topics/4741 287
小島プレス工業株式会社

@/home/ec2-user/data/topics/4914 288
株式会社ジェック

@/home/ec2-user/data/topics/4898 289
石井工業株式会社

@/home/ec2-user/data/topics/1355 290
セイレイ工業株式会社

@/home/ec2-user/data/topics/1601 291
@/home/ec2-user/data/topics/1275 292
株式会社キャディックス

@/home/ec2-user/data/topics/1675 293
日本合成化学工業株式会社

@/home/ec2-user/data/topics/4642 294
株式会社エクシング

@/home/ec2-user/data/topics/3547 295
株式会社高尾

@/home/ec2-user/data/topics/1051 296
日産自動車株式会社

@/home/ec2-user/data/topics/3677 297
@/home/ec2-user/data/topics/4074 298
@/home/ec2-user/data/topics/3497 299
@/home/ec2-user/data/topics/3712 300
@/home/ec2-user/data/topics/3489 301
@/home/ec2-user/data/topics/3501 302
@/home/ec2-user/data/topics/3936 303
@/home/ec2-user/data/topics/3829 304
@/home/ec2-user/data/topics/3723 305
@/home/ec2-user/data/topics/3645 306
@/home/ec2-user/data/topics/4982 307
エイケン工業株式会社

@/home/ec2-user/data/topics/2152 308
株式会社コパル

@/home/ec2-user/data/topics/1181 309
菅  隆

@/home/ec2-user/data/topics/1763 310
トヨタ自動車株式会社

@/home/ec2-user/data/topics/2111 311
@/home/ec2-user/data/topics/3783 312
@/home/ec2-user/data/topics/4920 313
@/home/ec2-user/data/topics/4144 314
@/home/ec2-user/data/topics/4008 315
@/home/ec2-user/data/topics/4030 316
@/home/ec2-user/data/topics/3758 317
@/home/ec2-user/data/topics/1551 318
@/home/ec2-user/data/topics/3699 319
@/home/ec2-user/data/topics/3731 320
@/home/ec2-user/data/topics/3943 321
@/home/ec2-user/data/topics/4543 322
@/home/ec2-user/data/topics/4346 323
@/home/ec2-user/data/topics/3671 324
@/home/ec2-user/data/topics/3405 325
@/home/ec2-user/data/topics/3587 326
@/home/ec2-user/data/topics/3481 327
@/home/ec2-user/data/topics/4633 328
@/home/ec2-user/data/topics/3725 329
@/home/ec2-user/data/topics/2218 330
@/home/ec2-user/data/topics/4298 331
@/home/ec2-user/data/topics/3356 332
@/home/ec2-user/data/topics/4064 333
@/home/ec2-user/data/topics/1494 334
@/home/ec2-user/data/topics/4426 335
@/home/ec2-user/data/topics/4767 336
@/home/ec2-user/data/topics/4647 337
@/home/ec2-user/data/topics/4658 338
@/home/ec2-user/data/topics/4617 339
日本碍子株式会社

@/home/ec2-user/data/topics/3464 340
@/home/ec2-user/data/topics/3715 341
ニチテックス株式会社

@/home/ec2-user/data/topics/1462 342
住友不動産株式会社

@/home/ec2-user/data/topics/1530 343
オリンパス光学工業株式会社

@/home/ec2-user/data/topics/1155 344
@/home/ec2-user/data/topics/4013 345
@/home/ec2-user/data/topics/5006 346
@/home/ec2-user/data/topics/1835 347
@/home/ec2-user/data/topics/4878 348
@/home/ec2-user/data/topics/1739 349
@/home/ec2-user/data/topics/1586 350
@/home/ec2-user/data/topics/4007 351
@/home/ec2-user/data/topics/1981 352
@/home/ec2-user/data/topics/1869 353
@/home/ec2-user/data/topics/2026 354
@/home/ec2-user/data/topics/1107 355
九州電力株式会社

@/home/ec2-user/data/topics/3901 356
@/home/ec2-user/data/topics/1528 357
ブラザー工業株式会社

@/home/ec2-user/data/topics/3477 358
@/home/ec2-user/data/topics/3686 359
@/home/ec2-user/data/topics/1300 360
@/home/ec2-user/data/topics/2085 361
@/home/ec2-user/data/topics/1697 362
@/home/ec2-user/data/topics/3613 363
@/home/ec2-user/data/topics/1076 364
@/home/ec2-user/data/topics/3507 365
@/home/ec2-user/data/topics/1636 366
@/home/ec2-user/data/topics/1183 367
@/home/ec2-user/data/topics/1906 368
@/home/ec2-user/data/topics/3789 369
@/home/ec2-user/data/topics/2086 370
@/home/ec2-user/data/topics/1164 371
@/home/ec2-user/data/topics/4548 372
栄立電機株式会社

@/home/ec2-user/data/topics/4772 373
日立エーアイシー株式会社

@/home/ec2-user/data/topics/4670 374
@/home/ec2-user/data/topics/1474 375
株式会社藤商事

@/home/ec2-user/data/topics/4825 376
@/home/ec2-user/data/topics/4790 377
@/home/ec2-user/data/topics/1851 378
@/home/ec2-user/data/topics/1507 379
エヴァー  プロスペクト  インターナショナル  リミテッド

@/home/ec2-user/data/topics/1960 380
富士通株式会社

@/home/ec2-user/data/topics/3962 381
@/home/ec2-user/data/topics/3636 382
@/home/ec2-user/data/topics/1874 383
@/home/ec2-user/data/topics/3381 384
@/home/ec2-user/data/topics/1264 385
@/home/ec2-user/data/topics/3970 386
@/home/ec2-user/data/topics/3399 387
@/home/ec2-user/data/topics/4191 388
@/home/ec2-user/data/topics/3846 389
@/home/ec2-user/data/topics/3751 390
@/home/ec2-user/data/topics/3862 391
@/home/ec2-user/data/topics/3912 392
@/home/ec2-user/data/topics/5004 393
@/home/ec2-user/data/topics/1271 394
@/home/ec2-user/data/topics/3870 395
@/home/ec2-user/data/topics/3765 396
@/home/ec2-user/data/topics/3850 397
@/home/ec2-user/data/topics/3428 398
@/home/ec2-user/data/topics/1123 399
@/home/ec2-user/data/topics/2216 400
@/home/ec2-user/data/topics/1998 401
@/home/ec2-user/data/topics/2227 402
@/home/ec2-user/data/topics/3400 403
@/home/ec2-user/data/topics/3460 404
@/home/ec2-user/data/topics/3749 405
@/home/ec2-user/data/topics/1547 406
@/home/ec2-user/data/topics/3799 407
@/home/ec2-user/data/topics/1609 408
@/home/ec2-user/data/topics/2215 409
@/home/ec2-user/data/topics/3802 410
@/home/ec2-user/data/topics/3538 411
@/home/ec2-user/data/topics/3883 412
▲燦▼圓光電股▲分▼有限公司

@/home/ec2-user/data/topics/4730 413
静岡日本電気株式会社

@/home/ec2-user/data/topics/4314 414
@/home/ec2-user/data/topics/4250 415
@/home/ec2-user/data/topics/4365 416
@/home/ec2-user/data/topics/4507 417
@/home/ec2-user/data/topics/4326 418
@/home/ec2-user/data/topics/4531 419
強化土エンジニヤリング株式会社

@/home/ec2-user/data/topics/1036 420
@/home/ec2-user/data/topics/4894 421
@/home/ec2-user/data/topics/4813 422
住友重機械工業株式会社

@/home/ec2-user/data/topics/4854 423
@/home/ec2-user/data/topics/1373 424
@/home/ec2-user/data/topics/1553 425
@/home/ec2-user/data/topics/1019 426
@/home/ec2-user/data/topics/2039 427
@/home/ec2-user/data/topics/3868 428
@/home/ec2-user/data/topics/1505 429
@/home/ec2-user/data/topics/3952 430
@/home/ec2-user/data/topics/1900 431
学校法人日本医科大学

@/home/ec2-user/data/topics/1573 432
株式会社豊田自動織機製作所

@/home/ec2-user/data/topics/3684 433
@/home/ec2-user/data/topics/2186 434
株式会社東洋総合研究所

@/home/ec2-user/data/topics/4932 435
川添  信

@/home/ec2-user/data/topics/1777 436
日本テクノ・ラボ株式会社

@/home/ec2-user/data/topics/4588 437
棚橋  賢一

@/home/ec2-user/data/topics/4581 438
学校法人  慶應義塾

@/home/ec2-user/data/topics/1611 439
西部電機株式会社

@/home/ec2-user/data/topics/2187 440
ホクト産業株式会社

@/home/ec2-user/data/topics/1732 441
株式会社テラテック

@/home/ec2-user/data/topics/3522 442
新神戸電機株式会社

@/home/ec2-user/data/topics/3517 443
ジャストスキル  インコーポレイテッド

@/home/ec2-user/data/topics/1365 444
大日本印刷株式会社

@/home/ec2-user/data/topics/1564 445
@/home/ec2-user/data/topics/1262 446
@/home/ec2-user/data/topics/1145 447
@/home/ec2-user/data/topics/1099 448
@/home/ec2-user/data/topics/3388 449
@/home/ec2-user/data/topics/3569 450
株式会社堀場製作所

@/home/ec2-user/data/topics/1943 451
@/home/ec2-user/data/topics/3693 452
エヌエスケー・ワーナー株式会社

@/home/ec2-user/data/topics/1352 453
有限会社佐藤化成工業所

@/home/ec2-user/data/topics/1344 454
株式会社石垣

@/home/ec2-user/data/topics/1801 455
天野製薬株式会社

@/home/ec2-user/data/topics/1073 456
新キャタピラー三菱株式会社

@/home/ec2-user/data/topics/4067 457
@/home/ec2-user/data/topics/4391 458
@/home/ec2-user/data/topics/4291 459
株式会社アール・コミュニケーション

@/home/ec2-user/data/topics/2092 460
コクヨ株式会社

@/home/ec2-user/data/topics/1390 461
@/home/ec2-user/data/topics/3849 462
ドコモ・サービス関西株式会社

@/home/ec2-user/data/topics/4959 463
長谷川  雅之

@/home/ec2-user/data/topics/4839 464
山九株式会社

@/home/ec2-user/data/topics/4796 465
東燃株式会社

@/home/ec2-user/data/topics/3467 466
ミネベア株式会社

@/home/ec2-user/data/topics/4416 467
@/home/ec2-user/data/topics/1068 468
@/home/ec2-user/data/topics/2073 469
富士機械製造株式会社

@/home/ec2-user/data/topics/1988 470
河野  弘

@/home/ec2-user/data/topics/2013 471
日本電気株式会社

@/home/ec2-user/data/topics/4371 472
@/home/ec2-user/data/topics/4486 473
@/home/ec2-user/data/topics/4532 474
@/home/ec2-user/data/topics/1016 475
@/home/ec2-user/data/topics/4447 476
@/home/ec2-user/data/topics/4120 477
@/home/ec2-user/data/topics/4598 478
@/home/ec2-user/data/topics/4240 479
@/home/ec2-user/data/topics/4315 480
@/home/ec2-user/data/topics/4071 481
@/home/ec2-user/data/topics/4429 482
@/home/ec2-user/data/topics/4267 483
@/home/ec2-user/data/topics/4578 484
@/home/ec2-user/data/topics/4657 485
@/home/ec2-user/data/topics/4892 486
@/home/ec2-user/data/topics/4427 487
@/home/ec2-user/data/topics/4433 488
@/home/ec2-user/data/topics/4343 489
@/home/ec2-user/data/topics/4003 490
@/home/ec2-user/data/topics/3954 491
@/home/ec2-user/data/topics/3897 492
@/home/ec2-user/data/topics/1867 493
@/home/ec2-user/data/topics/4082 494
@/home/ec2-user/data/topics/3875 495
@/home/ec2-user/data/topics/1112 496
@/home/ec2-user/data/topics/1122 497
@/home/ec2-user/data/topics/4785 498
@/home/ec2-user/data/topics/4393 499
@/home/ec2-user/data/topics/1923 500
@/home/ec2-user/data/topics/4480 501
@/home/ec2-user/data/topics/4442 502
@/home/ec2-user/data/topics/4017 503
@/home/ec2-user/data/topics/4216 504
@/home/ec2-user/data/topics/1783 505
@/home/ec2-user/data/topics/4626 506
@/home/ec2-user/data/topics/4725 507
@/home/ec2-user/data/topics/4300 508
@/home/ec2-user/data/topics/1791 509
@/home/ec2-user/data/topics/4877 510
@/home/ec2-user/data/topics/4338 511
@/home/ec2-user/data/topics/4485 512
@/home/ec2-user/data/topics/4273 513
@/home/ec2-user/data/topics/1937 514
@/home/ec2-user/data/topics/4666 515
@/home/ec2-user/data/topics/1464 516
@/home/ec2-user/data/topics/4458 517
@/home/ec2-user/data/topics/4561 518
@/home/ec2-user/data/topics/1486 519
@/home/ec2-user/data/topics/3729 520
@/home/ec2-user/data/topics/4926 521
@/home/ec2-user/data/topics/3724 522
@/home/ec2-user/data/topics/4243 523
@/home/ec2-user/data/topics/4824 524
@/home/ec2-user/data/topics/4537 525
@/home/ec2-user/data/topics/1116 526
@/home/ec2-user/data/topics/4238 527
@/home/ec2-user/data/topics/3766 528
@/home/ec2-user/data/topics/4227 529
@/home/ec2-user/data/topics/4158 530
@/home/ec2-user/data/topics/4092 531
@/home/ec2-user/data/topics/1052 532
@/home/ec2-user/data/topics/4816 533
@/home/ec2-user/data/topics/4665 534
@/home/ec2-user/data/topics/4808 535
@/home/ec2-user/data/topics/1844 536
@/home/ec2-user/data/topics/4204 537
@/home/ec2-user/data/topics/1360 538
@/home/ec2-user/data/topics/4595 539
@/home/ec2-user/data/topics/4838 540
@/home/ec2-user/data/topics/4186 541
@/home/ec2-user/data/topics/4313 542
@/home/ec2-user/data/topics/1852 543
@/home/ec2-user/data/topics/1101 544
@/home/ec2-user/data/topics/4425 545
@/home/ec2-user/data/topics/4281 546
@/home/ec2-user/data/topics/4116 547
@/home/ec2-user/data/topics/4536 548
@/home/ec2-user/data/topics/4497 549
@/home/ec2-user/data/topics/4390 550
@/home/ec2-user/data/topics/4137 551
@/home/ec2-user/data/topics/4162 552
@/home/ec2-user/data/topics/4260 553
@/home/ec2-user/data/topics/4257 554
@/home/ec2-user/data/topics/1724 555
@/home/ec2-user/data/topics/4171 556
@/home/ec2-user/data/topics/4185 557
@/home/ec2-user/data/topics/4718 558
@/home/ec2-user/data/topics/1891 559
@/home/ec2-user/data/topics/4696 560
@/home/ec2-user/data/topics/4138 561
@/home/ec2-user/data/topics/3865 562
@/home/ec2-user/data/topics/4603 563
@/home/ec2-user/data/topics/4742 564
@/home/ec2-user/data/topics/4134 565
@/home/ec2-user/data/topics/4760 566
@/home/ec2-user/data/topics/2144 567
@/home/ec2-user/data/topics/4613 568
@/home/ec2-user/data/topics/1199 569
@/home/ec2-user/data/topics/1362 570
@/home/ec2-user/data/topics/1326 571
@/home/ec2-user/data/topics/3995 572
@/home/ec2-user/data/topics/4646 573
@/home/ec2-user/data/topics/4246 574
@/home/ec2-user/data/topics/1523 575
@/home/ec2-user/data/topics/2119 576
@/home/ec2-user/data/topics/1500 577
@/home/ec2-user/data/topics/4460 578
@/home/ec2-user/data/topics/4272 579
@/home/ec2-user/data/topics/1764 580
@/home/ec2-user/data/topics/4342 581
@/home/ec2-user/data/topics/1661 582
@/home/ec2-user/data/topics/4699 583
@/home/ec2-user/data/topics/4062 584
@/home/ec2-user/data/topics/4779 585
@/home/ec2-user/data/topics/1624 586
@/home/ec2-user/data/topics/4258 587
@/home/ec2-user/data/topics/4236 588
@/home/ec2-user/data/topics/4319 589
@/home/ec2-user/data/topics/4318 590
@/home/ec2-user/data/topics/2088 591
@/home/ec2-user/data/topics/3886 592
@/home/ec2-user/data/topics/4359 593
@/home/ec2-user/data/topics/2127 594
@/home/ec2-user/data/topics/4708 595
@/home/ec2-user/data/topics/4770 596
@/home/ec2-user/data/topics/4446 597
@/home/ec2-user/data/topics/4530 598
@/home/ec2-user/data/topics/2031 599
@/home/ec2-user/data/topics/3744 600
@/home/ec2-user/data/topics/4634 601
@/home/ec2-user/data/topics/4309 602
@/home/ec2-user/data/topics/4750 603
@/home/ec2-user/data/topics/4650 604
@/home/ec2-user/data/topics/1773 605
@/home/ec2-user/data/topics/2150 606
@/home/ec2-user/data/topics/4119 607
@/home/ec2-user/data/topics/4352 608
@/home/ec2-user/data/topics/4644 609
@/home/ec2-user/data/topics/2022 610
@/home/ec2-user/data/topics/4533 611
@/home/ec2-user/data/topics/4876 612
@/home/ec2-user/data/topics/4643 613
@/home/ec2-user/data/topics/4902 614
@/home/ec2-user/data/topics/1457 615
@/home/ec2-user/data/topics/4254 616
@/home/ec2-user/data/topics/1973 617
@/home/ec2-user/data/topics/4659 618
@/home/ec2-user/data/topics/4609 619
@/home/ec2-user/data/topics/1557 620
@/home/ec2-user/data/topics/1078 621
@/home/ec2-user/data/topics/1612 622
@/home/ec2-user/data/topics/4100 623
@/home/ec2-user/data/topics/4764 624
@/home/ec2-user/data/topics/4153 625
@/home/ec2-user/data/topics/4440 626
@/home/ec2-user/data/topics/4288 627
@/home/ec2-user/data/topics/2041 628
@/home/ec2-user/data/topics/4404 629
@/home/ec2-user/data/topics/4275 630
@/home/ec2-user/data/topics/4689 631
@/home/ec2-user/data/topics/4196 632
@/home/ec2-user/data/topics/4154 633
@/home/ec2-user/data/topics/4490 634
@/home/ec2-user/data/topics/4389 635
@/home/ec2-user/data/topics/4097 636
@/home/ec2-user/data/topics/1879 637
@/home/ec2-user/data/topics/4320 638
@/home/ec2-user/data/topics/4418 639
@/home/ec2-user/data/topics/3896 640
@/home/ec2-user/data/topics/1567 641
@/home/ec2-user/data/topics/4775 642
@/home/ec2-user/data/topics/4276 643
@/home/ec2-user/data/topics/3767 644
@/home/ec2-user/data/topics/4940 645
@/home/ec2-user/data/topics/1634 646
@/home/ec2-user/data/topics/4759 647
@/home/ec2-user/data/topics/4063 648
@/home/ec2-user/data/topics/4388 649
@/home/ec2-user/data/topics/4477 650
@/home/ec2-user/data/topics/4549 651
@/home/ec2-user/data/topics/1364 652
@/home/ec2-user/data/topics/4434 653
@/home/ec2-user/data/topics/4850 654
@/home/ec2-user/data/topics/4093 655
@/home/ec2-user/data/topics/4721 656
@/home/ec2-user/data/topics/4414 657
@/home/ec2-user/data/topics/4584 658
@/home/ec2-user/data/topics/4728 659
@/home/ec2-user/data/topics/3938 660
@/home/ec2-user/data/topics/3971 661
@/home/ec2-user/data/topics/4209 662
@/home/ec2-user/data/topics/4310 663
@/home/ec2-user/data/topics/4360 664
@/home/ec2-user/data/topics/4142 665
@/home/ec2-user/data/topics/1044 666
@/home/ec2-user/data/topics/1948 667
@/home/ec2-user/data/topics/4128 668
@/home/ec2-user/data/topics/4244 669
@/home/ec2-user/data/topics/1100 670
@/home/ec2-user/data/topics/1710 671
@/home/ec2-user/data/topics/1928 672
@/home/ec2-user/data/topics/1815 673
@/home/ec2-user/data/topics/4651 674
@/home/ec2-user/data/topics/4682 675
@/home/ec2-user/data/topics/4749 676
@/home/ec2-user/data/topics/4129 677
@/home/ec2-user/data/topics/1383 678
@/home/ec2-user/data/topics/1281 679
@/home/ec2-user/data/topics/4278 680
@/home/ec2-user/data/topics/4192 681
@/home/ec2-user/data/topics/2166 682
@/home/ec2-user/data/topics/4081 683
@/home/ec2-user/data/topics/4247 684
@/home/ec2-user/data/topics/4168 685
@/home/ec2-user/data/topics/4398 686
@/home/ec2-user/data/topics/3956 687
@/home/ec2-user/data/topics/3853 688
@/home/ec2-user/data/topics/1595 689
@/home/ec2-user/data/topics/5034 690
@/home/ec2-user/data/topics/4207 691
株式会社イーストアー

@/home/ec2-user/data/topics/1432 692
株式会社伸栄フェルメンテック

@/home/ec2-user/data/topics/4408 693
建部  司

@/home/ec2-user/data/topics/1838 694
株式会社小松製作所

@/home/ec2-user/data/topics/1370 695
@/home/ec2-user/data/topics/1936 696
株式会社エヌ・ティ・ティ・ドコモ

@/home/ec2-user/data/topics/1182 697
財団法人国際超電導産業技術研究センター

@/home/ec2-user/data/topics/3437 698
株式会社リオスコーポレーション

@/home/ec2-user/data/topics/5007 699
@/home/ec2-user/data/topics/4369 700
株式会社トップアート

@/home/ec2-user/data/topics/1529 701
恵和株式会社

@/home/ec2-user/data/topics/4377 702
三浦工業株式会社

@/home/ec2-user/data/topics/2027 703
@/home/ec2-user/data/topics/4332 704
株式会社ユニオン

@/home/ec2-user/data/topics/1932 705
イーアンドティー株式会社

@/home/ec2-user/data/topics/1394 706
株式会社コーセー

@/home/ec2-user/data/topics/3838 707
富士変速機株式会社

@/home/ec2-user/data/topics/1092 708
陳  銘堯

@/home/ec2-user/data/topics/4846 709
アイセロ化学株式会社

@/home/ec2-user/data/topics/4582 710
東芝トランスポートエンジニアリング株式会社

@/home/ec2-user/data/topics/4938 711
エヌオーケー株式会社

@/home/ec2-user/data/topics/1243 712
@/home/ec2-user/data/topics/1984 713
@/home/ec2-user/data/topics/1541 714
トッパン・フォームズ株式会社

@/home/ec2-user/data/topics/2143 715
株式会社サンエイヂ

@/home/ec2-user/data/topics/4828 716
マツダ株式会社

@/home/ec2-user/data/topics/1166 717
@/home/ec2-user/data/topics/1797 718
@/home/ec2-user/data/topics/4201 719
株式会社  アドテック

@/home/ec2-user/data/topics/4290 720
日本エルシス株式会社

@/home/ec2-user/data/topics/1781 721
金井  宏彰

@/home/ec2-user/data/topics/4285 722
住友金属鉱山株式会社

@/home/ec2-user/data/topics/3992 723
@/home/ec2-user/data/topics/3590 724
大同メタル工業株式会社

@/home/ec2-user/data/topics/2128 725
積水化学工業株式会社

@/home/ec2-user/data/topics/3644 726
株式会社電通テック

@/home/ec2-user/data/topics/1834 727
松下電子工業株式会社

@/home/ec2-user/data/topics/3818 728
ヨギ・コミュニケーションズ有限会社

@/home/ec2-user/data/topics/2139 729
城下  荘平

@/home/ec2-user/data/topics/1966 730
ハリソン東芝ライティング株式会社

@/home/ec2-user/data/topics/1700 731
@/home/ec2-user/data/topics/1969 732
株式会社岡村研究所

@/home/ec2-user/data/topics/4078 733
ブリヂストンスポーツ株式会社

@/home/ec2-user/data/topics/1958 734
株式会社アイメス

@/home/ec2-user/data/topics/4896 735
東亜医用電子株式会社

@/home/ec2-user/data/topics/1850 736
セントラル硝子株式会社

@/home/ec2-user/data/topics/4035 737
@/home/ec2-user/data/topics/1167 738
株式会社ノエビア

@/home/ec2-user/data/topics/1341 739
@/home/ec2-user/data/topics/4811 740
カギプロ・セキュリティ株式会社

@/home/ec2-user/data/topics/1994 741
株式会社フクハラ

@/home/ec2-user/data/topics/2235 742
@/home/ec2-user/data/topics/1717 743
株式会社第一興商

@/home/ec2-user/data/topics/4052 744
松下電送システム株式会社

@/home/ec2-user/data/topics/4523 745
@/home/ec2-user/data/topics/4886 746
国際電信電話株式会社

@/home/ec2-user/data/topics/3614 747
@/home/ec2-user/data/topics/1325 748
株式会社デジタル

@/home/ec2-user/data/topics/1674 749
@/home/ec2-user/data/topics/1276 750
@/home/ec2-user/data/topics/4629 751
ナショナル住宅産業株式会社

@/home/ec2-user/data/topics/4653 752
@/home/ec2-user/data/topics/1348 753
アスモ株式会社

@/home/ec2-user/data/topics/3752 754
株式会社イシダ

@/home/ec2-user/data/topics/1467 755
@/home/ec2-user/data/topics/2228 756
パイオニア株式会社

@/home/ec2-user/data/topics/1393 757
@/home/ec2-user/data/topics/1342 758
@/home/ec2-user/data/topics/4557 759
@/home/ec2-user/data/topics/3629 760
@/home/ec2-user/data/topics/1868 761
河添  康英

@/home/ec2-user/data/topics/1313 762
中國砂輪企業股▲ふぇん▼有限公司

@/home/ec2-user/data/topics/4822 763
株式会社不二ドライ

@/home/ec2-user/data/topics/1372 764
清水建設株式会社

@/home/ec2-user/data/topics/4470 765
@/home/ec2-user/data/topics/4910 766
畜産環境保全技術研究組合

@/home/ec2-user/data/topics/4187 767
山一電機株式会社

@/home/ec2-user/data/topics/3784 768
@/home/ec2-user/data/topics/1094 769
@/home/ec2-user/data/topics/4410 770
松下電器産業株式会社

@/home/ec2-user/data/topics/3680 771
@/home/ec2-user/data/topics/2080 772
@/home/ec2-user/data/topics/3979 773
@/home/ec2-user/data/topics/3558 774
@/home/ec2-user/data/topics/4139 775
@/home/ec2-user/data/topics/3904 776
@/home/ec2-user/data/topics/1509 777
@/home/ec2-user/data/topics/4280 778
@/home/ec2-user/data/topics/3694 779
@/home/ec2-user/data/topics/1516 780
@/home/ec2-user/data/topics/3585 781
@/home/ec2-user/data/topics/5024 782
@/home/ec2-user/data/topics/3519 783
@/home/ec2-user/data/topics/4798 784
@/home/ec2-user/data/topics/3402 785
@/home/ec2-user/data/topics/3386 786
@/home/ec2-user/data/topics/4558 787
@/home/ec2-user/data/topics/3721 788
@/home/ec2-user/data/topics/3455 789
@/home/ec2-user/data/topics/1885 790
@/home/ec2-user/data/topics/2222 791
@/home/ec2-user/data/topics/4102 792
@/home/ec2-user/data/topics/4936 793
@/home/ec2-user/data/topics/3719 794
@/home/ec2-user/data/topics/4502 795
@/home/ec2-user/data/topics/4303 796
@/home/ec2-user/data/topics/4098 797
@/home/ec2-user/data/topics/3692 798
@/home/ec2-user/data/topics/4797 799
@/home/ec2-user/data/topics/3847 800
@/home/ec2-user/data/topics/4885 801
@/home/ec2-user/data/topics/1477 802
@/home/ec2-user/data/topics/4503 803
@/home/ec2-user/data/topics/1179 804
@/home/ec2-user/data/topics/1158 805
@/home/ec2-user/data/topics/4157 806
@/home/ec2-user/data/topics/1157 807
@/home/ec2-user/data/topics/2056 808
@/home/ec2-user/data/topics/3619 809
@/home/ec2-user/data/topics/4761 810
@/home/ec2-user/data/topics/1706 811
@/home/ec2-user/data/topics/4867 812
@/home/ec2-user/data/topics/3514 813
@/home/ec2-user/data/topics/3658 814
@/home/ec2-user/data/topics/4043 815
@/home/ec2-user/data/topics/4159 816
@/home/ec2-user/data/topics/4817 817
@/home/ec2-user/data/topics/1635 818
@/home/ec2-user/data/topics/1701 819
@/home/ec2-user/data/topics/4968 820
@/home/ec2-user/data/topics/4586 821
@/home/ec2-user/data/topics/4804 822
@/home/ec2-user/data/topics/1026 823
@/home/ec2-user/data/topics/4180 824
@/home/ec2-user/data/topics/4215 825
@/home/ec2-user/data/topics/1705 826
@/home/ec2-user/data/topics/3704 827
@/home/ec2-user/data/topics/4422 828
@/home/ec2-user/data/topics/4464 829
@/home/ec2-user/data/topics/4918 830
@/home/ec2-user/data/topics/4307 831
@/home/ec2-user/data/topics/4274 832
@/home/ec2-user/data/topics/1540 833
@/home/ec2-user/data/topics/4599 834
@/home/ec2-user/data/topics/3739 835
@/home/ec2-user/data/topics/3807 836
@/home/ec2-user/data/topics/4577 837
@/home/ec2-user/data/topics/4459 838
@/home/ec2-user/data/topics/3951 839
@/home/ec2-user/data/topics/1955 840
@/home/ec2-user/data/topics/1339 841
@/home/ec2-user/data/topics/1748 842
@/home/ec2-user/data/topics/4101 843
@/home/ec2-user/data/topics/4229 844
@/home/ec2-user/data/topics/3960 845
@/home/ec2-user/data/topics/4126 846
@/home/ec2-user/data/topics/4806 847
@/home/ec2-user/data/topics/4917 848
@/home/ec2-user/data/topics/1257 849
@/home/ec2-user/data/topics/3404 850
@/home/ec2-user/data/topics/4355 851
@/home/ec2-user/data/topics/4574 852
@/home/ec2-user/data/topics/1898 853
@/home/ec2-user/data/topics/4945 854
@/home/ec2-user/data/topics/1829 855
@/home/ec2-user/data/topics/4385 856
@/home/ec2-user/data/topics/1252 857
@/home/ec2-user/data/topics/4264 858
@/home/ec2-user/data/topics/2156 859
@/home/ec2-user/data/topics/4491 860
@/home/ec2-user/data/topics/3920 861
@/home/ec2-user/data/topics/3494 862
@/home/ec2-user/data/topics/1070 863
@/home/ec2-user/data/topics/2170 864
@/home/ec2-user/data/topics/4667 865
@/home/ec2-user/data/topics/1525 866
@/home/ec2-user/data/topics/4625 867
@/home/ec2-user/data/topics/4193 868
@/home/ec2-user/data/topics/4382 869
@/home/ec2-user/data/topics/4000 870
@/home/ec2-user/data/topics/1589 871
@/home/ec2-user/data/topics/4707 872
@/home/ec2-user/data/topics/1762 873
@/home/ec2-user/data/topics/4961 874
@/home/ec2-user/data/topics/3510 875
@/home/ec2-user/data/topics/3676 876
@/home/ec2-user/data/topics/4754 877
@/home/ec2-user/data/topics/2129 878
@/home/ec2-user/data/topics/2029 879
@/home/ec2-user/data/topics/1881 880
@/home/ec2-user/data/topics/4394 881
@/home/ec2-user/data/topics/4676 882
@/home/ec2-user/data/topics/1812 883
@/home/ec2-user/data/topics/3761 884
@/home/ec2-user/data/topics/3746 885
@/home/ec2-user/data/topics/1136 886
@/home/ec2-user/data/topics/4448 887
@/home/ec2-user/data/topics/4501 888
@/home/ec2-user/data/topics/4160 889
@/home/ec2-user/data/topics/4787 890
@/home/ec2-user/data/topics/1633 891
@/home/ec2-user/data/topics/4475 892
