2017-01-17 15:25:28.027213

topic-folder:/home/ec2-user/data/topics/
cl-file:rand7
cl-floder:/home/ec2-user/data/lsaclass/
zipf:0.2
stype[0(tfidf)/1(tfidf2)/2(lsa)/3(lda)]:2
dtype[<0(diff*rand)/0(diff)/1(same)/>=2(diff*same)]:1
output-floder:thesis/

三菱マテリアル株式会社

@/home/ec2-user/data/topics/1638 0
@/home/ec2-user/data/topics/3470 0
@/home/ec2-user/data/topics/3630 1
@/home/ec2-user/data/topics/1085 2
@/home/ec2-user/data/topics/2093 3
@/home/ec2-user/data/topics/3520 4
@/home/ec2-user/data/topics/3546 5
@/home/ec2-user/data/topics/3866 6
日本精機株式会社

@/home/ec2-user/data/topics/4907 7
@/home/ec2-user/data/topics/4972 7
@/home/ec2-user/data/topics/4709 8
@/home/ec2-user/data/topics/4875 9
@/home/ec2-user/data/topics/1398 10
@/home/ec2-user/data/topics/4690 11
コニカ株式会社

@/home/ec2-user/data/topics/2162 12
@/home/ec2-user/data/topics/3414 12
@/home/ec2-user/data/topics/3357 13
@/home/ec2-user/data/topics/3426 14
@/home/ec2-user/data/topics/3418 15
@/home/ec2-user/data/topics/3431 16
@/home/ec2-user/data/topics/1946 17
@/home/ec2-user/data/topics/3419 18
@/home/ec2-user/data/topics/3370 19
@/home/ec2-user/data/topics/3533 20
@/home/ec2-user/data/topics/3486 21
埼玉日本電気株式会社

@/home/ec2-user/data/topics/5010 22
@/home/ec2-user/data/topics/1512 22
@/home/ec2-user/data/topics/1620 23
@/home/ec2-user/data/topics/4242 24
@/home/ec2-user/data/topics/4283 25
@/home/ec2-user/data/topics/4998 26
@/home/ec2-user/data/topics/4279 27
@/home/ec2-user/data/topics/4468 28
@/home/ec2-user/data/topics/4496 29
アルプス電気株式会社

@/home/ec2-user/data/topics/2089 30
@/home/ec2-user/data/topics/1434 30
@/home/ec2-user/data/topics/3582 31
@/home/ec2-user/data/topics/1253 32
@/home/ec2-user/data/topics/4791 33
@/home/ec2-user/data/topics/3429 34
@/home/ec2-user/data/topics/2012 35
三菱重工業株式会社

@/home/ec2-user/data/topics/3637 36
@/home/ec2-user/data/topics/4687 36
@/home/ec2-user/data/topics/3833 37
@/home/ec2-user/data/topics/3591 38
@/home/ec2-user/data/topics/3944 39
@/home/ec2-user/data/topics/4862 40
@/home/ec2-user/data/topics/3503 41
@/home/ec2-user/data/topics/4563 42
@/home/ec2-user/data/topics/4412 43
@/home/ec2-user/data/topics/5022 44
@/home/ec2-user/data/topics/4882 45
@/home/ec2-user/data/topics/3529 46
村田機械株式会社

@/home/ec2-user/data/topics/3528 47
@/home/ec2-user/data/topics/5000 47
@/home/ec2-user/data/topics/3740 48
@/home/ec2-user/data/topics/4556 49
@/home/ec2-user/data/topics/1293 50
@/home/ec2-user/data/topics/4638 51
@/home/ec2-user/data/topics/4835 52
@/home/ec2-user/data/topics/1607 53
@/home/ec2-user/data/topics/4565 54
@/home/ec2-user/data/topics/4596 55
@/home/ec2-user/data/topics/4645 56
@/home/ec2-user/data/topics/1511 57
@/home/ec2-user/data/topics/1074 58
@/home/ec2-user/data/topics/4941 59
@/home/ec2-user/data/topics/4441 60
@/home/ec2-user/data/topics/4570 61
@/home/ec2-user/data/topics/4746 62
川崎製鉄株式会社

@/home/ec2-user/data/topics/4615 63
@/home/ec2-user/data/topics/3553 63
@/home/ec2-user/data/topics/3929 64
@/home/ec2-user/data/topics/1459 65
@/home/ec2-user/data/topics/1037 66
@/home/ec2-user/data/topics/3611 67
@/home/ec2-user/data/topics/3532 68
@/home/ec2-user/data/topics/3483 69
@/home/ec2-user/data/topics/3413 70
ダイキン工業株式会社

@/home/ec2-user/data/topics/1600 71
@/home/ec2-user/data/topics/4753 71
@/home/ec2-user/data/topics/1565 72
@/home/ec2-user/data/topics/4515 73
@/home/ec2-user/data/topics/4400 74
@/home/ec2-user/data/topics/4858 75
@/home/ec2-user/data/topics/3888 76
@/home/ec2-user/data/topics/4367 77
@/home/ec2-user/data/topics/4701 78
@/home/ec2-user/data/topics/4734 79
@/home/ec2-user/data/topics/4845 80
三菱自動車工業株式会社

@/home/ec2-user/data/topics/1428 81
@/home/ec2-user/data/topics/1816 81
@/home/ec2-user/data/topics/1527 82
@/home/ec2-user/data/topics/4189 83
@/home/ec2-user/data/topics/2101 84
@/home/ec2-user/data/topics/3940 85
@/home/ec2-user/data/topics/3815 86
@/home/ec2-user/data/topics/3502 87
日産自動車株式会社

@/home/ec2-user/data/topics/3936 88
@/home/ec2-user/data/topics/3723 88
@/home/ec2-user/data/topics/3489 89
@/home/ec2-user/data/topics/3497 90
@/home/ec2-user/data/topics/3712 91
@/home/ec2-user/data/topics/3829 92
@/home/ec2-user/data/topics/3645 93
@/home/ec2-user/data/topics/3501 94
@/home/ec2-user/data/topics/3677 95
@/home/ec2-user/data/topics/4074 96
@/home/ec2-user/data/topics/4982 97
トヨタ自動車株式会社

@/home/ec2-user/data/topics/3671 98
@/home/ec2-user/data/topics/4617 98
@/home/ec2-user/data/topics/3405 99
@/home/ec2-user/data/topics/4064 100
@/home/ec2-user/data/topics/4298 101
@/home/ec2-user/data/topics/4426 102
@/home/ec2-user/data/topics/3758 103
@/home/ec2-user/data/topics/4647 104
@/home/ec2-user/data/topics/4633 105
@/home/ec2-user/data/topics/1494 106
@/home/ec2-user/data/topics/4144 107
@/home/ec2-user/data/topics/4543 108
@/home/ec2-user/data/topics/3943 109
@/home/ec2-user/data/topics/2111 110
@/home/ec2-user/data/topics/3481 111
@/home/ec2-user/data/topics/3725 112
@/home/ec2-user/data/topics/4346 113
@/home/ec2-user/data/topics/4920 114
@/home/ec2-user/data/topics/4030 115
@/home/ec2-user/data/topics/3699 116
@/home/ec2-user/data/topics/3731 117
@/home/ec2-user/data/topics/4008 118
@/home/ec2-user/data/topics/1551 119
@/home/ec2-user/data/topics/4767 120
@/home/ec2-user/data/topics/2218 121
@/home/ec2-user/data/topics/3356 122
@/home/ec2-user/data/topics/4658 123
@/home/ec2-user/data/topics/3587 124
@/home/ec2-user/data/topics/3783 125
オリンパス光学工業株式会社

@/home/ec2-user/data/topics/1739 126
@/home/ec2-user/data/topics/1981 126
@/home/ec2-user/data/topics/1107 127
@/home/ec2-user/data/topics/1155 128
@/home/ec2-user/data/topics/1586 129
@/home/ec2-user/data/topics/2026 130
@/home/ec2-user/data/topics/4007 131
@/home/ec2-user/data/topics/4878 132
@/home/ec2-user/data/topics/5006 133
@/home/ec2-user/data/topics/4013 134
@/home/ec2-user/data/topics/1869 135
@/home/ec2-user/data/topics/1835 136
ブラザー工業株式会社

@/home/ec2-user/data/topics/2085 137
@/home/ec2-user/data/topics/4548 137
@/home/ec2-user/data/topics/1076 138
@/home/ec2-user/data/topics/1697 139
@/home/ec2-user/data/topics/1636 140
@/home/ec2-user/data/topics/1906 141
@/home/ec2-user/data/topics/1300 142
@/home/ec2-user/data/topics/3507 143
@/home/ec2-user/data/topics/3789 144
@/home/ec2-user/data/topics/3477 145
@/home/ec2-user/data/topics/1164 146
@/home/ec2-user/data/topics/2086 147
@/home/ec2-user/data/topics/3686 148
@/home/ec2-user/data/topics/3613 149
@/home/ec2-user/data/topics/1183 150
富士通株式会社

@/home/ec2-user/data/topics/3970 151
@/home/ec2-user/data/topics/3962 151
@/home/ec2-user/data/topics/3381 152
@/home/ec2-user/data/topics/3883 153
@/home/ec2-user/data/topics/1271 154
@/home/ec2-user/data/topics/3636 155
@/home/ec2-user/data/topics/3802 156
@/home/ec2-user/data/topics/3460 157
@/home/ec2-user/data/topics/1874 158
@/home/ec2-user/data/topics/1264 159
@/home/ec2-user/data/topics/3538 160
@/home/ec2-user/data/topics/3850 161
@/home/ec2-user/data/topics/3799 162
@/home/ec2-user/data/topics/3749 163
@/home/ec2-user/data/topics/3400 164
@/home/ec2-user/data/topics/3862 165
@/home/ec2-user/data/topics/2215 166
@/home/ec2-user/data/topics/4191 167
@/home/ec2-user/data/topics/2216 168
@/home/ec2-user/data/topics/1123 169
@/home/ec2-user/data/topics/1547 170
@/home/ec2-user/data/topics/3765 171
@/home/ec2-user/data/topics/3428 172
@/home/ec2-user/data/topics/3846 173
@/home/ec2-user/data/topics/3912 174
@/home/ec2-user/data/topics/3751 175
@/home/ec2-user/data/topics/3870 176
@/home/ec2-user/data/topics/1609 177
@/home/ec2-user/data/topics/1998 178
@/home/ec2-user/data/topics/2227 179
@/home/ec2-user/data/topics/5004 180
@/home/ec2-user/data/topics/3399 181
静岡日本電気株式会社

@/home/ec2-user/data/topics/4326 182
@/home/ec2-user/data/topics/4314 182
@/home/ec2-user/data/topics/4507 183
@/home/ec2-user/data/topics/4365 184
@/home/ec2-user/data/topics/4250 185
@/home/ec2-user/data/topics/4531 186
住友重機械工業株式会社

@/home/ec2-user/data/topics/1553 187
@/home/ec2-user/data/topics/4854 187
@/home/ec2-user/data/topics/1373 188
@/home/ec2-user/data/topics/2039 189
@/home/ec2-user/data/topics/3868 190
@/home/ec2-user/data/topics/1505 191
@/home/ec2-user/data/topics/1900 192
@/home/ec2-user/data/topics/3952 193
@/home/ec2-user/data/topics/1019 194
大日本印刷株式会社

@/home/ec2-user/data/topics/1564 195
@/home/ec2-user/data/topics/1262 195
@/home/ec2-user/data/topics/3569 196
@/home/ec2-user/data/topics/1099 197
@/home/ec2-user/data/topics/3388 198
@/home/ec2-user/data/topics/1145 199
日本電気株式会社

@/home/ec2-user/data/topics/4209 200
@/home/ec2-user/data/topics/4759 200
@/home/ec2-user/data/topics/4458 201
@/home/ec2-user/data/topics/4404 202
@/home/ec2-user/data/topics/1891 203
@/home/ec2-user/data/topics/4138 204
@/home/ec2-user/data/topics/4185 205
@/home/ec2-user/data/topics/4682 206
@/home/ec2-user/data/topics/1783 207
@/home/ec2-user/data/topics/1557 208
@/home/ec2-user/data/topics/4398 209
@/home/ec2-user/data/topics/4490 210
@/home/ec2-user/data/topics/4425 211
@/home/ec2-user/data/topics/4808 212
@/home/ec2-user/data/topics/4699 213
@/home/ec2-user/data/topics/4116 214
@/home/ec2-user/data/topics/4137 215
@/home/ec2-user/data/topics/4142 216
@/home/ec2-user/data/topics/4275 217
@/home/ec2-user/data/topics/4081 218
@/home/ec2-user/data/topics/1326 219
@/home/ec2-user/data/topics/1101 220
@/home/ec2-user/data/topics/4359 221
@/home/ec2-user/data/topics/2127 222
@/home/ec2-user/data/topics/3954 223
@/home/ec2-user/data/topics/3886 224
@/home/ec2-user/data/topics/1867 225
@/home/ec2-user/data/topics/4659 226
@/home/ec2-user/data/topics/4595 227
@/home/ec2-user/data/topics/4497 228
@/home/ec2-user/data/topics/4186 229
@/home/ec2-user/data/topics/4442 230
@/home/ec2-user/data/topics/1710 231
@/home/ec2-user/data/topics/4300 232
@/home/ec2-user/data/topics/4071 233
@/home/ec2-user/data/topics/1112 234
@/home/ec2-user/data/topics/4725 235
@/home/ec2-user/data/topics/1937 236
@/home/ec2-user/data/topics/4708 237
@/home/ec2-user/data/topics/1100 238
@/home/ec2-user/data/topics/4902 239
@/home/ec2-user/data/topics/1773 240
@/home/ec2-user/data/topics/1624 241
@/home/ec2-user/data/topics/4876 242
@/home/ec2-user/data/topics/3766 243
@/home/ec2-user/data/topics/1724 244
@/home/ec2-user/data/topics/4877 245
@/home/ec2-user/data/topics/4689 246
@/home/ec2-user/data/topics/3938 247
@/home/ec2-user/data/topics/2150 248
@/home/ec2-user/data/topics/2088 249
@/home/ec2-user/data/topics/1362 250
@/home/ec2-user/data/topics/3875 251
@/home/ec2-user/data/topics/4288 252
@/home/ec2-user/data/topics/3995 253
@/home/ec2-user/data/topics/1661 254
@/home/ec2-user/data/topics/1923 255
@/home/ec2-user/data/topics/2144 256
@/home/ec2-user/data/topics/4598 257
@/home/ec2-user/data/topics/1791 258
@/home/ec2-user/data/topics/4207 259
@/home/ec2-user/data/topics/4281 260
@/home/ec2-user/data/topics/4390 261
@/home/ec2-user/data/topics/1199 262
@/home/ec2-user/data/topics/4533 263
@/home/ec2-user/data/topics/4244 264
@/home/ec2-user/data/topics/2031 265
@/home/ec2-user/data/topics/4062 266
@/home/ec2-user/data/topics/4634 267
@/home/ec2-user/data/topics/4549 268
@/home/ec2-user/data/topics/4389 269
@/home/ec2-user/data/topics/4120 270
@/home/ec2-user/data/topics/4537 271
@/home/ec2-user/data/topics/1948 272
@/home/ec2-user/data/topics/4129 273
@/home/ec2-user/data/topics/4651 274
@/home/ec2-user/data/topics/2022 275
@/home/ec2-user/data/topics/4764 276
@/home/ec2-user/data/topics/4477 277
@/home/ec2-user/data/topics/4276 278
@/home/ec2-user/data/topics/4360 279
@/home/ec2-user/data/topics/1052 280
@/home/ec2-user/data/topics/4775 281
@/home/ec2-user/data/topics/1364 282
@/home/ec2-user/data/topics/4134 283
@/home/ec2-user/data/topics/4063 284
@/home/ec2-user/data/topics/4168 285
@/home/ec2-user/data/topics/4153 286
@/home/ec2-user/data/topics/2041 287
@/home/ec2-user/data/topics/1078 288
@/home/ec2-user/data/topics/4485 289
@/home/ec2-user/data/topics/4313 290
@/home/ec2-user/data/topics/4260 291
@/home/ec2-user/data/topics/4128 292
@/home/ec2-user/data/topics/3956 293
@/home/ec2-user/data/topics/4162 294
@/home/ec2-user/data/topics/4530 295
@/home/ec2-user/data/topics/1122 296
@/home/ec2-user/data/topics/4082 297
@/home/ec2-user/data/topics/4434 298
@/home/ec2-user/data/topics/4770 299
@/home/ec2-user/data/topics/4816 300
@/home/ec2-user/data/topics/4278 301
@/home/ec2-user/data/topics/4718 302
@/home/ec2-user/data/topics/1464 303
@/home/ec2-user/data/topics/1567 304
@/home/ec2-user/data/topics/4838 305
@/home/ec2-user/data/topics/4343 306
@/home/ec2-user/data/topics/1612 307
@/home/ec2-user/data/topics/4310 308
@/home/ec2-user/data/topics/1852 309
@/home/ec2-user/data/topics/4613 310
@/home/ec2-user/data/topics/4338 311
@/home/ec2-user/data/topics/4650 312
@/home/ec2-user/data/topics/1486 313
@/home/ec2-user/data/topics/4154 314
@/home/ec2-user/data/topics/4427 315
@/home/ec2-user/data/topics/1928 316
@/home/ec2-user/data/topics/1844 317
@/home/ec2-user/data/topics/4257 318
@/home/ec2-user/data/topics/4246 319
@/home/ec2-user/data/topics/4267 320
@/home/ec2-user/data/topics/3724 321
@/home/ec2-user/data/topics/4536 322
@/home/ec2-user/data/topics/4320 323
@/home/ec2-user/data/topics/4315 324
@/home/ec2-user/data/topics/1973 325
@/home/ec2-user/data/topics/4892 326
@/home/ec2-user/data/topics/3853 327
@/home/ec2-user/data/topics/4850 328
@/home/ec2-user/data/topics/5034 329
@/home/ec2-user/data/topics/4486 330
@/home/ec2-user/data/topics/4254 331
@/home/ec2-user/data/topics/4785 332
@/home/ec2-user/data/topics/4446 333
@/home/ec2-user/data/topics/4760 334
@/home/ec2-user/data/topics/3865 335
@/home/ec2-user/data/topics/1016 336
@/home/ec2-user/data/topics/4092 337
@/home/ec2-user/data/topics/1500 338
@/home/ec2-user/data/topics/4696 339
@/home/ec2-user/data/topics/4216 340
@/home/ec2-user/data/topics/4418 341
@/home/ec2-user/data/topics/2119 342
@/home/ec2-user/data/topics/4342 343
@/home/ec2-user/data/topics/4603 344
@/home/ec2-user/data/topics/4666 345
@/home/ec2-user/data/topics/4779 346
@/home/ec2-user/data/topics/3729 347
@/home/ec2-user/data/topics/4750 348
@/home/ec2-user/data/topics/4433 349
@/home/ec2-user/data/topics/4742 350
@/home/ec2-user/data/topics/4352 351
@/home/ec2-user/data/topics/4393 352
@/home/ec2-user/data/topics/1595 353
@/home/ec2-user/data/topics/4728 354
@/home/ec2-user/data/topics/4273 355
@/home/ec2-user/data/topics/4238 356
@/home/ec2-user/data/topics/3896 357
@/home/ec2-user/data/topics/4626 358
@/home/ec2-user/data/topics/4247 359
@/home/ec2-user/data/topics/4243 360
@/home/ec2-user/data/topics/3744 361
@/home/ec2-user/data/topics/4584 362
@/home/ec2-user/data/topics/1764 363
@/home/ec2-user/data/topics/1044 364
@/home/ec2-user/data/topics/4017 365
@/home/ec2-user/data/topics/4003 366
@/home/ec2-user/data/topics/4240 367
@/home/ec2-user/data/topics/4480 368
@/home/ec2-user/data/topics/4318 369
@/home/ec2-user/data/topics/4093 370
@/home/ec2-user/data/topics/4643 371
@/home/ec2-user/data/topics/4665 372
@/home/ec2-user/data/topics/4749 373
@/home/ec2-user/data/topics/4171 374
@/home/ec2-user/data/topics/3897 375
@/home/ec2-user/data/topics/4388 376
@/home/ec2-user/data/topics/4236 377
@/home/ec2-user/data/topics/4657 378
@/home/ec2-user/data/topics/4646 379
@/home/ec2-user/data/topics/4192 380
@/home/ec2-user/data/topics/1281 381
@/home/ec2-user/data/topics/4532 382
@/home/ec2-user/data/topics/2166 383
@/home/ec2-user/data/topics/4196 384
@/home/ec2-user/data/topics/4429 385
@/home/ec2-user/data/topics/4100 386
@/home/ec2-user/data/topics/4414 387
@/home/ec2-user/data/topics/4119 388
@/home/ec2-user/data/topics/3767 389
@/home/ec2-user/data/topics/4258 390
@/home/ec2-user/data/topics/4721 391
@/home/ec2-user/data/topics/1383 392
@/home/ec2-user/data/topics/1360 393
@/home/ec2-user/data/topics/4309 394
@/home/ec2-user/data/topics/4272 395
@/home/ec2-user/data/topics/4319 396
@/home/ec2-user/data/topics/4561 397
@/home/ec2-user/data/topics/4824 398
@/home/ec2-user/data/topics/1815 399
@/home/ec2-user/data/topics/4926 400
@/home/ec2-user/data/topics/3971 401
@/home/ec2-user/data/topics/4609 402
@/home/ec2-user/data/topics/1634 403
@/home/ec2-user/data/topics/1523 404
@/home/ec2-user/data/topics/4578 405
@/home/ec2-user/data/topics/4440 406
@/home/ec2-user/data/topics/4158 407
@/home/ec2-user/data/topics/4447 408
@/home/ec2-user/data/topics/4204 409
@/home/ec2-user/data/topics/4644 410
@/home/ec2-user/data/topics/1116 411
@/home/ec2-user/data/topics/4227 412
@/home/ec2-user/data/topics/1879 413
@/home/ec2-user/data/topics/4940 414
@/home/ec2-user/data/topics/1457 415
@/home/ec2-user/data/topics/4371 416
@/home/ec2-user/data/topics/4460 417
@/home/ec2-user/data/topics/4097 418
松下電器産業株式会社

@/home/ec2-user/data/topics/4961 419
@/home/ec2-user/data/topics/4867 419
@/home/ec2-user/data/topics/3979 420
@/home/ec2-user/data/topics/4394 421
@/home/ec2-user/data/topics/4574 422
@/home/ec2-user/data/topics/4625 423
@/home/ec2-user/data/topics/4215 424
@/home/ec2-user/data/topics/4229 425
@/home/ec2-user/data/topics/3739 426
@/home/ec2-user/data/topics/1701 427
@/home/ec2-user/data/topics/1706 428
@/home/ec2-user/data/topics/3680 429
@/home/ec2-user/data/topics/3494 430
@/home/ec2-user/data/topics/3386 431
@/home/ec2-user/data/topics/1635 432
@/home/ec2-user/data/topics/4126 433
@/home/ec2-user/data/topics/4101 434
@/home/ec2-user/data/topics/1252 435
@/home/ec2-user/data/topics/1477 436
@/home/ec2-user/data/topics/4502 437
@/home/ec2-user/data/topics/3519 438
@/home/ec2-user/data/topics/2080 439
@/home/ec2-user/data/topics/2170 440
@/home/ec2-user/data/topics/3658 441
@/home/ec2-user/data/topics/4577 442
@/home/ec2-user/data/topics/1509 443
@/home/ec2-user/data/topics/1136 444
@/home/ec2-user/data/topics/1762 445
@/home/ec2-user/data/topics/3746 446
@/home/ec2-user/data/topics/4159 447
@/home/ec2-user/data/topics/4422 448
@/home/ec2-user/data/topics/1516 449
@/home/ec2-user/data/topics/3510 450
@/home/ec2-user/data/topics/4280 451
@/home/ec2-user/data/topics/4501 452
@/home/ec2-user/data/topics/4599 453
@/home/ec2-user/data/topics/1955 454
@/home/ec2-user/data/topics/1829 455
@/home/ec2-user/data/topics/4448 456
@/home/ec2-user/data/topics/1257 457
@/home/ec2-user/data/topics/4355 458
@/home/ec2-user/data/topics/4193 459
@/home/ec2-user/data/topics/4707 460
@/home/ec2-user/data/topics/4945 461
@/home/ec2-user/data/topics/1885 462
@/home/ec2-user/data/topics/1339 463
@/home/ec2-user/data/topics/4885 464
@/home/ec2-user/data/topics/1812 465
@/home/ec2-user/data/topics/4918 466
@/home/ec2-user/data/topics/2129 467
@/home/ec2-user/data/topics/3704 468
@/home/ec2-user/data/topics/5024 469
@/home/ec2-user/data/topics/4139 470
@/home/ec2-user/data/topics/2056 471
@/home/ec2-user/data/topics/3676 472
@/home/ec2-user/data/topics/1026 473
@/home/ec2-user/data/topics/4475 474
@/home/ec2-user/data/topics/4382 475
@/home/ec2-user/data/topics/3719 476
@/home/ec2-user/data/topics/4798 477
@/home/ec2-user/data/topics/1540 478
@/home/ec2-user/data/topics/4586 479
@/home/ec2-user/data/topics/4667 480
@/home/ec2-user/data/topics/4491 481
@/home/ec2-user/data/topics/3585 482
@/home/ec2-user/data/topics/1525 483
@/home/ec2-user/data/topics/4817 484
@/home/ec2-user/data/topics/4917 485
@/home/ec2-user/data/topics/4968 486
@/home/ec2-user/data/topics/1633 487
@/home/ec2-user/data/topics/4464 488
@/home/ec2-user/data/topics/3619 489
@/home/ec2-user/data/topics/4754 490
@/home/ec2-user/data/topics/4797 491
@/home/ec2-user/data/topics/4274 492
@/home/ec2-user/data/topics/5028 493
@/home/ec2-user/data/topics/4459 494
@/home/ec2-user/data/topics/4098 495
@/home/ec2-user/data/topics/3404 496
@/home/ec2-user/data/topics/4761 497
@/home/ec2-user/data/topics/4264 498
@/home/ec2-user/data/topics/3721 499
@/home/ec2-user/data/topics/4157 500
@/home/ec2-user/data/topics/4787 501
@/home/ec2-user/data/topics/4307 502
@/home/ec2-user/data/topics/1898 503
@/home/ec2-user/data/topics/4303 504
@/home/ec2-user/data/topics/4804 505
@/home/ec2-user/data/topics/3692 506
@/home/ec2-user/data/topics/1589 507
@/home/ec2-user/data/topics/4180 508
@/home/ec2-user/data/topics/3514 509
@/home/ec2-user/data/topics/3807 510
@/home/ec2-user/data/topics/4936 511
@/home/ec2-user/data/topics/1705 512
@/home/ec2-user/data/topics/3761 513
@/home/ec2-user/data/topics/4160 514
@/home/ec2-user/data/topics/4806 515
@/home/ec2-user/data/topics/4102 516
@/home/ec2-user/data/topics/1179 517
@/home/ec2-user/data/topics/3558 518
@/home/ec2-user/data/topics/1157 519
@/home/ec2-user/data/topics/2222 520
@/home/ec2-user/data/topics/4558 521
@/home/ec2-user/data/topics/4043 522
@/home/ec2-user/data/topics/3904 523
@/home/ec2-user/data/topics/1881 524
@/home/ec2-user/data/topics/3847 525
@/home/ec2-user/data/topics/4676 526
@/home/ec2-user/data/topics/3951 527
@/home/ec2-user/data/topics/2156 528
@/home/ec2-user/data/topics/3960 529
@/home/ec2-user/data/topics/4000 530
@/home/ec2-user/data/topics/1748 531
@/home/ec2-user/data/topics/3455 532
@/home/ec2-user/data/topics/1158 533
@/home/ec2-user/data/topics/3920 534
@/home/ec2-user/data/topics/4503 535
@/home/ec2-user/data/topics/1070 536
@/home/ec2-user/data/topics/4385 537
@/home/ec2-user/data/topics/3694 538
@/home/ec2-user/data/topics/3402 539
@/home/ec2-user/data/topics/2029 540
セイコーインスツルメンツ株式会社

@/home/ec2-user/data/topics/4203 541
@/home/ec2-user/data/topics/3626 541
@/home/ec2-user/data/topics/4036 542
@/home/ec2-user/data/topics/4151 543
@/home/ec2-user/data/topics/4997 544
@/home/ec2-user/data/topics/4088 545
@/home/ec2-user/data/topics/3825 546
@/home/ec2-user/data/topics/1707 547
@/home/ec2-user/data/topics/4190 548
ミノルタ株式会社

@/home/ec2-user/data/topics/4321 549
@/home/ec2-user/data/topics/3545 549
@/home/ec2-user/data/topics/4984 550
@/home/ec2-user/data/topics/4986 551
@/home/ec2-user/data/topics/3584 552
@/home/ec2-user/data/topics/4970 553
@/home/ec2-user/data/topics/3810 554
@/home/ec2-user/data/topics/4971 555
@/home/ec2-user/data/topics/4977 556
@/home/ec2-user/data/topics/4951 557
@/home/ec2-user/data/topics/2190 558
@/home/ec2-user/data/topics/1152 559
株式会社リコー

@/home/ec2-user/data/topics/1691 560
@/home/ec2-user/data/topics/1478 560
@/home/ec2-user/data/topics/1593 561
@/home/ec2-user/data/topics/2006 562
@/home/ec2-user/data/topics/3424 563
@/home/ec2-user/data/topics/3750 564
@/home/ec2-user/data/topics/3474 565
@/home/ec2-user/data/topics/1482 566
@/home/ec2-user/data/topics/1775 567
@/home/ec2-user/data/topics/3775 568
@/home/ec2-user/data/topics/4616 569
@/home/ec2-user/data/topics/3711 570
@/home/ec2-user/data/topics/2043 571
@/home/ec2-user/data/topics/2090 572
@/home/ec2-user/data/topics/1610 573
@/home/ec2-user/data/topics/3669 574
@/home/ec2-user/data/topics/2200 575
@/home/ec2-user/data/topics/1718 576
@/home/ec2-user/data/topics/1806 577
@/home/ec2-user/data/topics/3436 578
@/home/ec2-user/data/topics/3557 579
@/home/ec2-user/data/topics/3837 580
@/home/ec2-user/data/topics/3880 581
@/home/ec2-user/data/topics/1436 582
@/home/ec2-user/data/topics/4781 583
@/home/ec2-user/data/topics/3394 584
@/home/ec2-user/data/topics/3523 585
@/home/ec2-user/data/topics/2219 586
@/home/ec2-user/data/topics/1083 587
@/home/ec2-user/data/topics/3411 588
@/home/ec2-user/data/topics/3687 589
@/home/ec2-user/data/topics/3378 590
@/home/ec2-user/data/topics/1974 591
@/home/ec2-user/data/topics/1780 592
@/home/ec2-user/data/topics/1878 593
@/home/ec2-user/data/topics/1755 594
@/home/ec2-user/data/topics/1627 595
@/home/ec2-user/data/topics/1433 596
@/home/ec2-user/data/topics/1663 597
@/home/ec2-user/data/topics/3530 598
@/home/ec2-user/data/topics/3713 599
@/home/ec2-user/data/topics/1095 600
@/home/ec2-user/data/topics/1514 601
@/home/ec2-user/data/topics/1106 602
@/home/ec2-user/data/topics/1669 603
@/home/ec2-user/data/topics/2182 604
@/home/ec2-user/data/topics/3759 605
@/home/ec2-user/data/topics/1740 606
@/home/ec2-user/data/topics/1976 607
@/home/ec2-user/data/topics/3548 608
@/home/ec2-user/data/topics/1225 609
@/home/ec2-user/data/topics/1282 610
@/home/ec2-user/data/topics/1190 611
@/home/ec2-user/data/topics/3484 612
@/home/ec2-user/data/topics/3472 613
@/home/ec2-user/data/topics/4265 614
@/home/ec2-user/data/topics/1064 615
@/home/ec2-user/data/topics/3555 616
@/home/ec2-user/data/topics/1774 617
@/home/ec2-user/data/topics/4344 618
@/home/ec2-user/data/topics/1670 619
@/home/ec2-user/data/topics/3633 620
@/home/ec2-user/data/topics/3446 621
@/home/ec2-user/data/topics/2201 622
@/home/ec2-user/data/topics/3495 623
@/home/ec2-user/data/topics/2189 624
@/home/ec2-user/data/topics/4037 625
@/home/ec2-user/data/topics/1668 626
@/home/ec2-user/data/topics/4879 627
@/home/ec2-user/data/topics/3574 628
@/home/ec2-user/data/topics/1776 629
独立行政法人産業技術総合研究所

@/home/ec2-user/data/topics/4777 630
@/home/ec2-user/data/topics/4740 630
@/home/ec2-user/data/topics/4739 631
@/home/ec2-user/data/topics/4800 632
@/home/ec2-user/data/topics/4869 633
@/home/ec2-user/data/topics/1356 634
ソニー株式会社

@/home/ec2-user/data/topics/1102 635
@/home/ec2-user/data/topics/1059 635
@/home/ec2-user/data/topics/4351 636
@/home/ec2-user/data/topics/1380 637
@/home/ec2-user/data/topics/2048 638
@/home/ec2-user/data/topics/2037 639
@/home/ec2-user/data/topics/1426 640
@/home/ec2-user/data/topics/3955 641
@/home/ec2-user/data/topics/1686 642
@/home/ec2-user/data/topics/1602 643
@/home/ec2-user/data/topics/1749 644
@/home/ec2-user/data/topics/1954 645
@/home/ec2-user/data/topics/3872 646
@/home/ec2-user/data/topics/2075 647
@/home/ec2-user/data/topics/1435 648
@/home/ec2-user/data/topics/1218 649
@/home/ec2-user/data/topics/3975 650
@/home/ec2-user/data/topics/4219 651
@/home/ec2-user/data/topics/2052 652
@/home/ec2-user/data/topics/1884 653
@/home/ec2-user/data/topics/1967 654
@/home/ec2-user/data/topics/1491 655
@/home/ec2-user/data/topics/1397 656
@/home/ec2-user/data/topics/1912 657
@/home/ec2-user/data/topics/1892 658
@/home/ec2-user/data/topics/1778 659
@/home/ec2-user/data/topics/2058 660
@/home/ec2-user/data/topics/1836 661
@/home/ec2-user/data/topics/1233 662
@/home/ec2-user/data/topics/5027 663
@/home/ec2-user/data/topics/1414 664
@/home/ec2-user/data/topics/1873 665
@/home/ec2-user/data/topics/1298 666
@/home/ec2-user/data/topics/1926 667
@/home/ec2-user/data/topics/3924 668
@/home/ec2-user/data/topics/3392 669
@/home/ec2-user/data/topics/3401 670
@/home/ec2-user/data/topics/1147 671
@/home/ec2-user/data/topics/2105 672
@/home/ec2-user/data/topics/1291 673
@/home/ec2-user/data/topics/2059 674
@/home/ec2-user/data/topics/4184 675
@/home/ec2-user/data/topics/1471 676
@/home/ec2-user/data/topics/3456 677
@/home/ec2-user/data/topics/1679 678
@/home/ec2-user/data/topics/4224 679
@/home/ec2-user/data/topics/2094 680
富士ゼロックス株式会社

@/home/ec2-user/data/topics/3473 681
@/home/ec2-user/data/topics/3407 681
@/home/ec2-user/data/topics/3695 682
@/home/ec2-user/data/topics/4108 683
@/home/ec2-user/data/topics/3661 684
@/home/ec2-user/data/topics/1947 685
@/home/ec2-user/data/topics/3366 686
@/home/ec2-user/data/topics/3790 687
@/home/ec2-user/data/topics/3662 688
@/home/ec2-user/data/topics/3564 689
@/home/ec2-user/data/topics/3782 690
@/home/ec2-user/data/topics/1560 691
@/home/ec2-user/data/topics/5031 692
@/home/ec2-user/data/topics/3640 693
@/home/ec2-user/data/topics/3383 694
住友金属工業株式会社

@/home/ec2-user/data/topics/1268 695
@/home/ec2-user/data/topics/4661 695
@/home/ec2-user/data/topics/4021 696
@/home/ec2-user/data/topics/3655 697
@/home/ec2-user/data/topics/4182 698
@/home/ec2-user/data/topics/3826 699
@/home/ec2-user/data/topics/4733 700
@/home/ec2-user/data/topics/3577 701
@/home/ec2-user/data/topics/4534 702
@/home/ec2-user/data/topics/4295 703
@/home/ec2-user/data/topics/4322 704
@/home/ec2-user/data/topics/4991 705
日立電線株式会社

@/home/ec2-user/data/topics/1027 706
@/home/ec2-user/data/topics/3930 706
@/home/ec2-user/data/topics/1388 707
@/home/ec2-user/data/topics/1117 708
@/home/ec2-user/data/topics/4357 709
@/home/ec2-user/data/topics/1305 710
@/home/ec2-user/data/topics/3756 711
@/home/ec2-user/data/topics/4329 712
@/home/ec2-user/data/topics/4356 713
キヤノン株式会社

@/home/ec2-user/data/topics/3949 714
@/home/ec2-user/data/topics/1646 714
@/home/ec2-user/data/topics/1118 715
@/home/ec2-user/data/topics/1539 716
@/home/ec2-user/data/topics/1961 717
@/home/ec2-user/data/topics/3417 718
@/home/ec2-user/data/topics/1216 719
@/home/ec2-user/data/topics/3843 720
@/home/ec2-user/data/topics/3737 721
@/home/ec2-user/data/topics/1889 722
@/home/ec2-user/data/topics/4610 723
@/home/ec2-user/data/topics/4948 724
@/home/ec2-user/data/topics/1513 725
@/home/ec2-user/data/topics/1847 726
@/home/ec2-user/data/topics/4350 727
@/home/ec2-user/data/topics/3958 728
@/home/ec2-user/data/topics/3415 729
@/home/ec2-user/data/topics/3720 730
@/home/ec2-user/data/topics/3967 731
@/home/ec2-user/data/topics/1080 732
@/home/ec2-user/data/topics/3445 733
@/home/ec2-user/data/topics/3628 734
@/home/ec2-user/data/topics/1590 735
@/home/ec2-user/data/topics/1438 736
@/home/ec2-user/data/topics/2243 737
@/home/ec2-user/data/topics/1866 738
@/home/ec2-user/data/topics/3642 739
@/home/ec2-user/data/topics/3852 740
@/home/ec2-user/data/topics/3420 741
@/home/ec2-user/data/topics/1228 742
@/home/ec2-user/data/topics/4520 743
@/home/ec2-user/data/topics/1848 744
@/home/ec2-user/data/topics/4628 745
@/home/ec2-user/data/topics/2053 746
@/home/ec2-user/data/topics/4521 747
@/home/ec2-user/data/topics/1744 748
@/home/ec2-user/data/topics/4363 749
@/home/ec2-user/data/topics/3416 750
@/home/ec2-user/data/topics/1975 751
@/home/ec2-user/data/topics/3722 752
@/home/ec2-user/data/topics/1631 753
@/home/ec2-user/data/topics/3441 754
@/home/ec2-user/data/topics/3374 755
@/home/ec2-user/data/topics/4020 756
@/home/ec2-user/data/topics/4937 757
@/home/ec2-user/data/topics/3996 758
@/home/ec2-user/data/topics/3410 759
@/home/ec2-user/data/topics/3434 760
@/home/ec2-user/data/topics/2231 761
@/home/ec2-user/data/topics/4068 762
@/home/ec2-user/data/topics/4054 763
@/home/ec2-user/data/topics/3438 764
@/home/ec2-user/data/topics/1790 765
@/home/ec2-user/data/topics/2117 766
@/home/ec2-user/data/topics/2145 767
@/home/ec2-user/data/topics/3454 768
@/home/ec2-user/data/topics/3755 769
@/home/ec2-user/data/topics/1519 770
@/home/ec2-user/data/topics/1568 771
@/home/ec2-user/data/topics/1455 772
@/home/ec2-user/data/topics/1208 773
@/home/ec2-user/data/topics/3656 774
@/home/ec2-user/data/topics/2004 775
@/home/ec2-user/data/topics/1745 776
@/home/ec2-user/data/topics/4947 777
@/home/ec2-user/data/topics/3660 778
@/home/ec2-user/data/topics/3430 779
@/home/ec2-user/data/topics/1895 780
@/home/ec2-user/data/topics/3730 781
@/home/ec2-user/data/topics/1802 782
@/home/ec2-user/data/topics/3376 783
@/home/ec2-user/data/topics/2107 784
@/home/ec2-user/data/topics/1124 785
三洋電機株式会社

@/home/ec2-user/data/topics/4212 786
@/home/ec2-user/data/topics/1671 786
@/home/ec2-user/data/topics/4179 787
@/home/ec2-user/data/topics/1246 788
@/home/ec2-user/data/topics/1980 789
@/home/ec2-user/data/topics/4679 790
@/home/ec2-user/data/topics/4960 791
@/home/ec2-user/data/topics/1479 792
@/home/ec2-user/data/topics/3492 793
@/home/ec2-user/data/topics/1289 794
@/home/ec2-user/data/topics/4039 795
@/home/ec2-user/data/topics/3491 796
@/home/ec2-user/data/topics/1079 797
@/home/ec2-user/data/topics/4384 798
@/home/ec2-user/data/topics/4060 799
@/home/ec2-user/data/topics/4720 800
@/home/ec2-user/data/topics/1386 801
@/home/ec2-user/data/topics/4304 802
@/home/ec2-user/data/topics/2071 803
@/home/ec2-user/data/topics/1515 804
@/home/ec2-user/data/topics/5002 805
@/home/ec2-user/data/topics/3754 806
@/home/ec2-user/data/topics/3906 807
@/home/ec2-user/data/topics/4571 808
@/home/ec2-user/data/topics/2014 809
@/home/ec2-user/data/topics/4983 810
@/home/ec2-user/data/topics/3681 811
@/home/ec2-user/data/topics/3781 812
@/home/ec2-user/data/topics/4763 813
@/home/ec2-user/data/topics/4978 814
@/home/ec2-user/data/topics/4150 815
@/home/ec2-user/data/topics/4001 816
@/home/ec2-user/data/topics/2230 817
@/home/ec2-user/data/topics/4492 818
@/home/ec2-user/data/topics/1652 819
@/home/ec2-user/data/topics/4099 820
@/home/ec2-user/data/topics/3974 821
@/home/ec2-user/data/topics/4301 822
@/home/ec2-user/data/topics/3808 823
@/home/ec2-user/data/topics/3398 824
@/home/ec2-user/data/topics/3539 825
@/home/ec2-user/data/topics/4654 826
@/home/ec2-user/data/topics/3581 827
@/home/ec2-user/data/topics/2063 828
@/home/ec2-user/data/topics/3845 829
@/home/ec2-user/data/topics/4788 830
@/home/ec2-user/data/topics/3804 831
@/home/ec2-user/data/topics/3625 832
@/home/ec2-user/data/topics/3403 833
@/home/ec2-user/data/topics/1451 834
@/home/ec2-user/data/topics/3830 835
@/home/ec2-user/data/topics/3926 836
@/home/ec2-user/data/topics/4612 837
@/home/ec2-user/data/topics/2194 838
@/home/ec2-user/data/topics/1488 839
@/home/ec2-user/data/topics/5011 840
@/home/ec2-user/data/topics/4178 841
@/home/ec2-user/data/topics/2054 842
@/home/ec2-user/data/topics/3859 843
@/home/ec2-user/data/topics/4837 844
@/home/ec2-user/data/topics/4376 845
@/home/ec2-user/data/topics/1653 846
@/home/ec2-user/data/topics/4061 847
@/home/ec2-user/data/topics/4015 848
@/home/ec2-user/data/topics/4527 849
@/home/ec2-user/data/topics/4474 850
@/home/ec2-user/data/topics/4604 851
@/home/ec2-user/data/topics/1722 852
@/home/ec2-user/data/topics/4066 853
@/home/ec2-user/data/topics/3817 854
@/home/ec2-user/data/topics/3708 855
@/home/ec2-user/data/topics/3986 856
@/home/ec2-user/data/topics/4328 857
@/home/ec2-user/data/topics/2098 858
@/home/ec2-user/data/topics/3953 859
@/home/ec2-user/data/topics/4726 860
@/home/ec2-user/data/topics/3889 861
@/home/ec2-user/data/topics/1321 862
@/home/ec2-user/data/topics/1163 863
三菱電機株式会社

@/home/ec2-user/data/topics/3409 864
@/home/ec2-user/data/topics/4181 864
@/home/ec2-user/data/topics/3466 865
@/home/ec2-user/data/topics/2146 866
@/home/ec2-user/data/topics/1754 867
@/home/ec2-user/data/topics/3592 868
@/home/ec2-user/data/topics/5033 869
@/home/ec2-user/data/topics/1792 870
@/home/ec2-user/data/topics/4047 871
@/home/ec2-user/data/topics/4880 872
@/home/ec2-user/data/topics/4663 873
@/home/ec2-user/data/topics/3666 874
@/home/ec2-user/data/topics/3453 875
@/home/ec2-user/data/topics/3612 876
@/home/ec2-user/data/topics/3921 877
@/home/ec2-user/data/topics/4614 878
@/home/ec2-user/data/topics/3616 879
@/home/ec2-user/data/topics/3506 880
@/home/ec2-user/data/topics/4980 881
@/home/ec2-user/data/topics/4834 882
@/home/ec2-user/data/topics/3493 883
@/home/ec2-user/data/topics/4419 884
@/home/ec2-user/data/topics/3469 885
@/home/ec2-user/data/topics/4041 886
@/home/ec2-user/data/topics/3856 887
@/home/ec2-user/data/topics/3820 888
@/home/ec2-user/data/topics/4282 889
@/home/ec2-user/data/topics/1872 890
@/home/ec2-user/data/topics/4076 891
@/home/ec2-user/data/topics/4518 892
@/home/ec2-user/data/topics/4562 893
@/home/ec2-user/data/topics/3774 894
@/home/ec2-user/data/topics/4149 895
@/home/ec2-user/data/topics/3490 896
@/home/ec2-user/data/topics/1110 897
@/home/ec2-user/data/topics/4552 898
@/home/ec2-user/data/topics/1220 899
@/home/ec2-user/data/topics/3397 900
@/home/ec2-user/data/topics/4514 901
@/home/ec2-user/data/topics/3800 902
@/home/ec2-user/data/topics/4221 903
@/home/ec2-user/data/topics/5032 904
@/home/ec2-user/data/topics/4305 905
@/home/ec2-user/data/topics/3412 906
@/home/ec2-user/data/topics/3451 907
@/home/ec2-user/data/topics/3841 908
@/home/ec2-user/data/topics/3747 909
@/home/ec2-user/data/topics/1738 910
@/home/ec2-user/data/topics/4235 911
@/home/ec2-user/data/topics/3609 912
@/home/ec2-user/data/topics/4133 913
@/home/ec2-user/data/topics/3595 914
@/home/ec2-user/data/topics/3963 915
@/home/ec2-user/data/topics/4233 916
@/home/ec2-user/data/topics/3465 917
@/home/ec2-user/data/topics/1536 918
@/home/ec2-user/data/topics/4220 919
@/home/ec2-user/data/topics/3873 920
住友ゴム工業株式会社

@/home/ec2-user/data/topics/1114 921
@/home/ec2-user/data/topics/4568 921
@/home/ec2-user/data/topics/4048 922
@/home/ec2-user/data/topics/4406 923
@/home/ec2-user/data/topics/1758 924
@/home/ec2-user/data/topics/2007 925
@/home/ec2-user/data/topics/4597 926
セイコーエプソン株式会社

@/home/ec2-user/data/topics/1484 927
@/home/ec2-user/data/topics/1938 927
@/home/ec2-user/data/topics/4801 928
@/home/ec2-user/data/topics/4386 929
@/home/ec2-user/data/topics/4454 930
@/home/ec2-user/data/topics/4109 931
@/home/ec2-user/data/topics/3589 932
@/home/ec2-user/data/topics/1378 933
@/home/ec2-user/data/topics/3361 934
@/home/ec2-user/data/topics/1343 935
@/home/ec2-user/data/topics/4605 936
@/home/ec2-user/data/topics/1423 937
@/home/ec2-user/data/topics/3985 938
@/home/ec2-user/data/topics/1641 939
@/home/ec2-user/data/topics/3910 940
@/home/ec2-user/data/topics/1890 941
@/home/ec2-user/data/topics/2078 942
@/home/ec2-user/data/topics/3819 943
@/home/ec2-user/data/topics/4802 944
@/home/ec2-user/data/topics/4585 945
@/home/ec2-user/data/topics/4022 946
@/home/ec2-user/data/topics/2165 947
@/home/ec2-user/data/topics/3476 948
@/home/ec2-user/data/topics/4719 949
@/home/ec2-user/data/topics/3505 950
@/home/ec2-user/data/topics/3887 951
株式会社三共

@/home/ec2-user/data/topics/1377 952
@/home/ec2-user/data/topics/1665 952
@/home/ec2-user/data/topics/4374 953
@/home/ec2-user/data/topics/1086 954
@/home/ec2-user/data/topics/1648 955
@/home/ec2-user/data/topics/1189 956
@/home/ec2-user/data/topics/2060 957
@/home/ec2-user/data/topics/4868 958
@/home/ec2-user/data/topics/2123 959
沖電気工業株式会社

@/home/ec2-user/data/topics/3964 960
@/home/ec2-user/data/topics/3433 960
@/home/ec2-user/data/topics/4308 961
@/home/ec2-user/data/topics/3457 962
@/home/ec2-user/data/topics/3571 963
@/home/ec2-user/data/topics/4299 964
@/home/ec2-user/data/topics/3621 965
@/home/ec2-user/data/topics/4575 966
@/home/ec2-user/data/topics/1188 967
@/home/ec2-user/data/topics/3395 968
@/home/ec2-user/data/topics/3764 969
@/home/ec2-user/data/topics/1531 970
@/home/ec2-user/data/topics/4693 971
@/home/ec2-user/data/topics/3690 972
株式会社三星

@/home/ec2-user/data/topics/2198 973
@/home/ec2-user/data/topics/1260 973
@/home/ec2-user/data/topics/2108 974
@/home/ec2-user/data/topics/3942 975
@/home/ec2-user/data/topics/1728 976
@/home/ec2-user/data/topics/1733 977
日本ビクター株式会社

@/home/ec2-user/data/topics/1440 978
@/home/ec2-user/data/topics/3620 978
@/home/ec2-user/data/topics/4672 979
@/home/ec2-user/data/topics/3882 980
@/home/ec2-user/data/topics/3603 981
@/home/ec2-user/data/topics/1823 982
@/home/ec2-user/data/topics/1389 983
@/home/ec2-user/data/topics/4123 984
@/home/ec2-user/data/topics/3939 985
@/home/ec2-user/data/topics/1520 986
@/home/ec2-user/data/topics/4056 987
花王株式会社

@/home/ec2-user/data/topics/4827 988
@/home/ec2-user/data/topics/1196 988
@/home/ec2-user/data/topics/4445 989
@/home/ec2-user/data/topics/4211 990
@/home/ec2-user/data/topics/3884 991
@/home/ec2-user/data/topics/1767 992
@/home/ec2-user/data/topics/1022 993
@/home/ec2-user/data/topics/2214 994
@/home/ec2-user/data/topics/3999 995
@/home/ec2-user/data/topics/3753 996
@/home/ec2-user/data/topics/3812 997
@/home/ec2-user/data/topics/4287 998
@/home/ec2-user/data/topics/4249 999
三田工業株式会社

@/home/ec2-user/data/topics/3923 1000
@/home/ec2-user/data/topics/1766 1000
@/home/ec2-user/data/topics/1034 1001
@/home/ec2-user/data/topics/3842 1002
@/home/ec2-user/data/topics/1033 1003
@/home/ec2-user/data/topics/2155 1004
@/home/ec2-user/data/topics/2136 1005
@/home/ec2-user/data/topics/3604 1006
@/home/ec2-user/data/topics/1269 1007
豊丸産業株式会社

@/home/ec2-user/data/topics/1138 1008
@/home/ec2-user/data/topics/1726 1008
@/home/ec2-user/data/topics/4847 1009
@/home/ec2-user/data/topics/1588 1010
@/home/ec2-user/data/topics/2169 1011
@/home/ec2-user/data/topics/1677 1012
@/home/ec2-user/data/topics/1713 1013
@/home/ec2-user/data/topics/2011 1014
@/home/ec2-user/data/topics/1097 1015
@/home/ec2-user/data/topics/1353 1016
@/home/ec2-user/data/topics/1914 1017
@/home/ec2-user/data/topics/3672 1018
@/home/ec2-user/data/topics/1126 1019
@/home/ec2-user/data/topics/1284 1020
@/home/ec2-user/data/topics/1401 1021
鐘紡株式会社

@/home/ec2-user/data/topics/2223 1022
@/home/ec2-user/data/topics/1054 1022
@/home/ec2-user/data/topics/3634 1023
@/home/ec2-user/data/topics/1367 1024
@/home/ec2-user/data/topics/1304 1025
@/home/ec2-user/data/topics/2034 1026
@/home/ec2-user/data/topics/1178 1027
@/home/ec2-user/data/topics/1901 1028
@/home/ec2-user/data/topics/1842 1029
@/home/ec2-user/data/topics/3551 1030
@/home/ec2-user/data/topics/3566 1031
@/home/ec2-user/data/topics/4195 1032
@/home/ec2-user/data/topics/3560 1033
@/home/ec2-user/data/topics/1870 1034
@/home/ec2-user/data/topics/1886 1035
@/home/ec2-user/data/topics/2185 1036
株式会社デンソー

@/home/ec2-user/data/topics/4046 1037
@/home/ec2-user/data/topics/3710 1037
@/home/ec2-user/data/topics/1028 1038
@/home/ec2-user/data/topics/4024 1039
@/home/ec2-user/data/topics/3406 1040
@/home/ec2-user/data/topics/4675 1041
@/home/ec2-user/data/topics/4840 1042
@/home/ec2-user/data/topics/4483 1043
@/home/ec2-user/data/topics/4805 1044
@/home/ec2-user/data/topics/4622 1045
@/home/ec2-user/data/topics/3421 1046
@/home/ec2-user/data/topics/4498 1047
@/home/ec2-user/data/topics/4423 1048
@/home/ec2-user/data/topics/4656 1049
@/home/ec2-user/data/topics/4164 1050
@/home/ec2-user/data/topics/3480 1051
@/home/ec2-user/data/topics/1855 1052
富士写真フイルム株式会社

@/home/ec2-user/data/topics/1662 1053
@/home/ec2-user/data/topics/1244 1053
@/home/ec2-user/data/topics/3911 1054
@/home/ec2-user/data/topics/3447 1055
@/home/ec2-user/data/topics/1570 1056
@/home/ec2-user/data/topics/4962 1057
@/home/ec2-user/data/topics/2134 1058
@/home/ec2-user/data/topics/3354 1059
@/home/ec2-user/data/topics/1603 1060
@/home/ec2-user/data/topics/3918 1061
@/home/ec2-user/data/topics/3857 1062
京セラ株式会社

@/home/ec2-user/data/topics/3869 1063
@/home/ec2-user/data/topics/4513 1063
@/home/ec2-user/data/topics/3593 1064
@/home/ec2-user/data/topics/1485 1065
@/home/ec2-user/data/topics/1741 1066
@/home/ec2-user/data/topics/3741 1067
@/home/ec2-user/data/topics/4901 1068
@/home/ec2-user/data/topics/3615 1069
@/home/ec2-user/data/topics/1913 1070
@/home/ec2-user/data/topics/1708 1071
@/home/ec2-user/data/topics/4031 1072
@/home/ec2-user/data/topics/4340 1073
イビデン株式会社

@/home/ec2-user/data/topics/1682 1074
@/home/ec2-user/data/topics/1315 1074
@/home/ec2-user/data/topics/1952 1075
@/home/ec2-user/data/topics/1770 1076
@/home/ec2-user/data/topics/3814 1077
@/home/ec2-user/data/topics/2033 1078
@/home/ec2-user/data/topics/1336 1079
株式会社東芝

@/home/ec2-user/data/topics/4172 1080
@/home/ec2-user/data/topics/4140 1080
@/home/ec2-user/data/topics/1819 1081
@/home/ec2-user/data/topics/4755 1082
@/home/ec2-user/data/topics/3795 1083
@/home/ec2-user/data/topics/4935 1084
@/home/ec2-user/data/topics/3689 1085
@/home/ec2-user/data/topics/4336 1086
@/home/ec2-user/data/topics/3780 1087
@/home/ec2-user/data/topics/4751 1088
@/home/ec2-user/data/topics/3732 1089
@/home/ec2-user/data/topics/3618 1090
@/home/ec2-user/data/topics/3598 1091
@/home/ec2-user/data/topics/3542 1092
@/home/ec2-user/data/topics/3683 1093
@/home/ec2-user/data/topics/4089 1094
@/home/ec2-user/data/topics/1756 1095
@/home/ec2-user/data/topics/3462 1096
@/home/ec2-user/data/topics/4566 1097
@/home/ec2-user/data/topics/4381 1098
@/home/ec2-user/data/topics/4197 1099
@/home/ec2-user/data/topics/3948 1100
@/home/ec2-user/data/topics/4302 1101
@/home/ec2-user/data/topics/4057 1102
@/home/ec2-user/data/topics/1132 1103
@/home/ec2-user/data/topics/1997 1104
@/home/ec2-user/data/topics/4535 1105
@/home/ec2-user/data/topics/4292 1106
@/home/ec2-user/data/topics/4631 1107
@/home/ec2-user/data/topics/3360 1108
@/home/ec2-user/data/topics/1332 1109
@/home/ec2-user/data/topics/4842 1110
@/home/ec2-user/data/topics/3352 1111
@/home/ec2-user/data/topics/2241 1112
@/home/ec2-user/data/topics/3734 1113
@/home/ec2-user/data/topics/4183 1114
@/home/ec2-user/data/topics/3380 1115
@/home/ec2-user/data/topics/3890 1116
@/home/ec2-user/data/topics/4009 1117
@/home/ec2-user/data/topics/3716 1118
@/home/ec2-user/data/topics/1585 1119
@/home/ec2-user/data/topics/4623 1120
@/home/ec2-user/data/topics/4165 1121
@/home/ec2-user/data/topics/4863 1122
@/home/ec2-user/data/topics/1090 1123
@/home/ec2-user/data/topics/3688 1124
@/home/ec2-user/data/topics/4509 1125
@/home/ec2-user/data/topics/3363 1126
@/home/ec2-user/data/topics/4594 1127
@/home/ec2-user/data/topics/3351 1128
@/home/ec2-user/data/topics/3834 1129
@/home/ec2-user/data/topics/3988 1130
@/home/ec2-user/data/topics/3851 1131
@/home/ec2-user/data/topics/4912 1132
@/home/ec2-user/data/topics/4361 1133
@/home/ec2-user/data/topics/4881 1134
@/home/ec2-user/data/topics/1757 1135
@/home/ec2-user/data/topics/4096 1136
@/home/ec2-user/data/topics/3881 1137
@/home/ec2-user/data/topics/1205 1138
@/home/ec2-user/data/topics/3990 1139
ヤマハ株式会社

@/home/ec2-user/data/topics/4954 1140
@/home/ec2-user/data/topics/4084 1140
@/home/ec2-user/data/topics/1911 1141
@/home/ec2-user/data/topics/4125 1142
@/home/ec2-user/data/topics/4177 1143
@/home/ec2-user/data/topics/4010 1144
@/home/ec2-user/data/topics/4045 1145
@/home/ec2-user/data/topics/4919 1146
@/home/ec2-user/data/topics/1443 1147
@/home/ec2-user/data/topics/4145 1148
@/home/ec2-user/data/topics/1720 1149
@/home/ec2-user/data/topics/3972 1150
@/home/ec2-user/data/topics/1676 1151
東洋紡績株式会社

@/home/ec2-user/data/topics/1613 1152
@/home/ec2-user/data/topics/1029 1152
@/home/ec2-user/data/topics/4366 1153
@/home/ec2-user/data/topics/4362 1154
@/home/ec2-user/data/topics/3769 1155
@/home/ec2-user/data/topics/4284 1156
三菱化学株式会社

@/home/ec2-user/data/topics/1902 1157
@/home/ec2-user/data/topics/3513 1157
@/home/ec2-user/data/topics/1197 1158
@/home/ec2-user/data/topics/3458 1159
@/home/ec2-user/data/topics/3638 1160
@/home/ec2-user/data/topics/1699 1161
カシオ計算機株式会社

@/home/ec2-user/data/topics/2237 1162
@/home/ec2-user/data/topics/1535 1162
@/home/ec2-user/data/topics/1368 1163
@/home/ec2-user/data/topics/3391 1164
@/home/ec2-user/data/topics/1794 1165
@/home/ec2-user/data/topics/1235 1166
@/home/ec2-user/data/topics/2180 1167
@/home/ec2-user/data/topics/1047 1168
コナミ株式会社

@/home/ec2-user/data/topics/1302 1169
@/home/ec2-user/data/topics/1621 1169
@/home/ec2-user/data/topics/2151 1170
@/home/ec2-user/data/topics/1672 1171
@/home/ec2-user/data/topics/5015 1172
@/home/ec2-user/data/topics/4681 1173
@/home/ec2-user/data/topics/4602 1174
@/home/ec2-user/data/topics/2100 1175
大日本スクリーン製造株式会社

@/home/ec2-user/data/topics/2172 1176
@/home/ec2-user/data/topics/1608 1176
@/home/ec2-user/data/topics/1779 1177
@/home/ec2-user/data/topics/1130 1178
@/home/ec2-user/data/topics/1173 1179
@/home/ec2-user/data/topics/2209 1180
@/home/ec2-user/data/topics/3742 1181
オムロン株式会社

@/home/ec2-user/data/topics/3748 1182
@/home/ec2-user/data/topics/1579 1182
@/home/ec2-user/data/topics/1841 1183
@/home/ec2-user/data/topics/1533 1184
@/home/ec2-user/data/topics/3597 1185
@/home/ec2-user/data/topics/1933 1186
@/home/ec2-user/data/topics/2096 1187
@/home/ec2-user/data/topics/3863 1188
@/home/ec2-user/data/topics/1067 1189
@/home/ec2-user/data/topics/3594 1190
@/home/ec2-user/data/topics/4771 1191
@/home/ec2-user/data/topics/1657 1192
@/home/ec2-user/data/topics/3700 1193
@/home/ec2-user/data/topics/1151 1194
@/home/ec2-user/data/topics/1135 1195
株式会社日立製作所

@/home/ec2-user/data/topics/1082 1196
@/home/ec2-user/data/topics/4040 1196
@/home/ec2-user/data/topics/1667 1197
@/home/ec2-user/data/topics/4166 1198
@/home/ec2-user/data/topics/3965 1199
@/home/ec2-user/data/topics/3822 1200
@/home/ec2-user/data/topics/3993 1201
@/home/ec2-user/data/topics/3588 1202
@/home/ec2-user/data/topics/4621 1203
@/home/ec2-user/data/topics/3439 1204
@/home/ec2-user/data/topics/1249 1205
@/home/ec2-user/data/topics/3384 1206
@/home/ec2-user/data/topics/3432 1207
@/home/ec2-user/data/topics/1247 1208
@/home/ec2-user/data/topics/3706 1209
@/home/ec2-user/data/topics/1072 1210
@/home/ec2-user/data/topics/1640 1211
@/home/ec2-user/data/topics/1833 1212
@/home/ec2-user/data/topics/3659 1213
@/home/ec2-user/data/topics/1105 1214
@/home/ec2-user/data/topics/4990 1215
@/home/ec2-user/data/topics/3531 1216
@/home/ec2-user/data/topics/3665 1217
@/home/ec2-user/data/topics/2019 1218
@/home/ec2-user/data/topics/1340 1219
@/home/ec2-user/data/topics/3471 1220
@/home/ec2-user/data/topics/3596 1221
@/home/ec2-user/data/topics/4420 1222
@/home/ec2-user/data/topics/1880 1223
@/home/ec2-user/data/topics/1501 1224
@/home/ec2-user/data/topics/2239 1225
@/home/ec2-user/data/topics/4401 1226
@/home/ec2-user/data/topics/3994 1227
@/home/ec2-user/data/topics/4547 1228
@/home/ec2-user/data/topics/2081 1229
@/home/ec2-user/data/topics/2184 1230
@/home/ec2-user/data/topics/4122 1231
@/home/ec2-user/data/topics/3772 1232
@/home/ec2-user/data/topics/1825 1233
@/home/ec2-user/data/topics/1487 1234
@/home/ec2-user/data/topics/4493 1235
@/home/ec2-user/data/topics/4943 1236
@/home/ec2-user/data/topics/4402 1237
@/home/ec2-user/data/topics/5030 1238
@/home/ec2-user/data/topics/4551 1239
@/home/ec2-user/data/topics/3524 1240
@/home/ec2-user/data/topics/1987 1241
@/home/ec2-user/data/topics/1278 1242
@/home/ec2-user/data/topics/1296 1243
@/home/ec2-user/data/topics/3779 1244
@/home/ec2-user/data/topics/1651 1245
@/home/ec2-user/data/topics/4489 1246
@/home/ec2-user/data/topics/1693 1247
@/home/ec2-user/data/topics/4545 1248
@/home/ec2-user/data/topics/3461 1249
@/home/ec2-user/data/topics/3350 1250
@/home/ec2-user/data/topics/1463 1251
@/home/ec2-user/data/topics/3691 1252
@/home/ec2-user/data/topics/3968 1253
@/home/ec2-user/data/topics/4058 1254
@/home/ec2-user/data/topics/3599 1255
@/home/ec2-user/data/topics/4830 1256
@/home/ec2-user/data/topics/4559 1257
@/home/ec2-user/data/topics/3488 1258
@/home/ec2-user/data/topics/3973 1259
@/home/ec2-user/data/topics/1334 1260
@/home/ec2-user/data/topics/3648 1261
@/home/ec2-user/data/topics/1826 1262
@/home/ec2-user/data/topics/4799 1263
@/home/ec2-user/data/topics/3570 1264
@/home/ec2-user/data/topics/5029 1265
@/home/ec2-user/data/topics/3440 1266
@/home/ec2-user/data/topics/1882 1267
@/home/ec2-user/data/topics/1562 1268
凸版印刷株式会社

@/home/ec2-user/data/topics/4874 1269
@/home/ec2-user/data/topics/3624 1269
@/home/ec2-user/data/topics/3500 1270
@/home/ec2-user/data/topics/1977 1271
@/home/ec2-user/data/topics/3526 1272
@/home/ec2-user/data/topics/1765 1273
@/home/ec2-user/data/topics/1091 1274
株式会社ノーリツ

@/home/ec2-user/data/topics/1598 1275
@/home/ec2-user/data/topics/4776 1275
@/home/ec2-user/data/topics/1618 1276
@/home/ec2-user/data/topics/1760 1277
@/home/ec2-user/data/topics/2116 1278
@/home/ec2-user/data/topics/4206 1279
@/home/ec2-user/data/topics/1290 1280
@/home/ec2-user/data/topics/4354 1281
川崎重工業株式会社

@/home/ec2-user/data/topics/4866 1282
@/home/ec2-user/data/topics/4793 1282
@/home/ec2-user/data/topics/5025 1283
@/home/ec2-user/data/topics/1172 1284
@/home/ec2-user/data/topics/4944 1285
@/home/ec2-user/data/topics/4572 1286
@/home/ec2-user/data/topics/4756 1287
@/home/ec2-user/data/topics/1162 1288
ティーディーケイ株式会社

@/home/ec2-user/data/topics/4619 1289
@/home/ec2-user/data/topics/1129 1289
@/home/ec2-user/data/topics/1409 1290
@/home/ec2-user/data/topics/3792 1291
@/home/ec2-user/data/topics/3798 1292
@/home/ec2-user/data/topics/2210 1293
@/home/ec2-user/data/topics/2202 1294
@/home/ec2-user/data/topics/3909 1295
@/home/ec2-user/data/topics/1510 1296
京セラミタ株式会社

@/home/ec2-user/data/topics/1032 1297
@/home/ec2-user/data/topics/4564 1297
@/home/ec2-user/data/topics/1930 1298
@/home/ec2-user/data/topics/4973 1299
@/home/ec2-user/data/topics/2141 1300
@/home/ec2-user/data/topics/4174 1301
@/home/ec2-user/data/topics/4985 1302
株式会社クボタ

@/home/ec2-user/data/topics/1448 1303
@/home/ec2-user/data/topics/4379 1303
@/home/ec2-user/data/topics/4745 1304
@/home/ec2-user/data/topics/4251 1305
@/home/ec2-user/data/topics/1734 1306
@/home/ec2-user/data/topics/3854 1307
@/home/ec2-user/data/topics/1012 1308
@/home/ec2-user/data/topics/3823 1309
@/home/ec2-user/data/topics/1280 1310
@/home/ec2-user/data/topics/3919 1311
シャープ株式会社

@/home/ec2-user/data/topics/3537 1312
@/home/ec2-user/data/topics/2087 1312
@/home/ec2-user/data/topics/2084 1313
@/home/ec2-user/data/topics/2118 1314
@/home/ec2-user/data/topics/3760 1315
@/home/ec2-user/data/topics/4230 1316
@/home/ec2-user/data/topics/3776 1317
@/home/ec2-user/data/topics/3578 1318
@/home/ec2-user/data/topics/1965 1319
@/home/ec2-user/data/topics/3813 1320
@/home/ec2-user/data/topics/2020 1321
@/home/ec2-user/data/topics/4124 1322
@/home/ec2-user/data/topics/4744 1323
@/home/ec2-user/data/topics/4861 1324
@/home/ec2-user/data/topics/3610 1325
@/home/ec2-user/data/topics/3649 1326
@/home/ec2-user/data/topics/4103 1327
@/home/ec2-user/data/topics/3777 1328
@/home/ec2-user/data/topics/3978 1329
@/home/ec2-user/data/topics/4245 1330
@/home/ec2-user/data/topics/4005 1331
@/home/ec2-user/data/topics/1563 1332
@/home/ec2-user/data/topics/3762 1333
@/home/ec2-user/data/topics/3678 1334
@/home/ec2-user/data/topics/1258 1335
@/home/ec2-user/data/topics/3698 1336
@/home/ec2-user/data/topics/1685 1337
@/home/ec2-user/data/topics/1970 1338
@/home/ec2-user/data/topics/3941 1339
@/home/ec2-user/data/topics/4349 1340
@/home/ec2-user/data/topics/4782 1341
@/home/ec2-user/data/topics/1288 1342
@/home/ec2-user/data/topics/3606 1343
@/home/ec2-user/data/topics/1840 1344
@/home/ec2-user/data/topics/1396 1345
@/home/ec2-user/data/topics/4173 1346
@/home/ec2-user/data/topics/4583 1347
@/home/ec2-user/data/topics/4105 1348
@/home/ec2-user/data/topics/4019 1349
@/home/ec2-user/data/topics/3966 1350
@/home/ec2-user/data/topics/4648 1351
@/home/ec2-user/data/topics/3858 1352
@/home/ec2-user/data/topics/1561 1353
@/home/ec2-user/data/topics/4683 1354
@/home/ec2-user/data/topics/3981 1355
@/home/ec2-user/data/topics/1318 1356
@/home/ec2-user/data/topics/4469 1357
@/home/ec2-user/data/topics/3452 1358
@/home/ec2-user/data/topics/3957 1359
@/home/ec2-user/data/topics/4252 1360
@/home/ec2-user/data/topics/4717 1361
@/home/ec2-user/data/topics/4214 1362
@/home/ec2-user/data/topics/4256 1363
@/home/ec2-user/data/topics/4516 1364
@/home/ec2-user/data/topics/1154 1365
@/home/ec2-user/data/topics/3871 1366
@/home/ec2-user/data/topics/4323 1367
@/home/ec2-user/data/topics/3450 1368
@/home/ec2-user/data/topics/1804 1369
@/home/ec2-user/data/topics/3855 1370
@/home/ec2-user/data/topics/1419 1371
@/home/ec2-user/data/topics/3793 1372
@/home/ec2-user/data/topics/4127 1373
@/home/ec2-user/data/topics/1384 1374
@/home/ec2-user/data/topics/4113 1375
@/home/ec2-user/data/topics/4095 1376
@/home/ec2-user/data/topics/1431 1377
@/home/ec2-user/data/topics/4519 1378
@/home/ec2-user/data/topics/1349 1379
@/home/ec2-user/data/topics/3679 1380
@/home/ec2-user/data/topics/1209 1381
@/home/ec2-user/data/topics/1174 1382
@/home/ec2-user/data/topics/4152 1383
@/home/ec2-user/data/topics/3832 1384
@/home/ec2-user/data/topics/4228 1385
@/home/ec2-user/data/topics/3422 1386
@/home/ec2-user/data/topics/4691 1387
@/home/ec2-user/data/topics/4263 1388
@/home/ec2-user/data/topics/3673 1389
@/home/ec2-user/data/topics/3895 1390
@/home/ec2-user/data/topics/4430 1391
日本輸送機株式会社

@/home/ec2-user/data/topics/1191 1392
@/home/ec2-user/data/topics/1108 1392
@/home/ec2-user/data/topics/3573 1393
@/home/ec2-user/data/topics/1940 1394
@/home/ec2-user/data/topics/2221 1395
@/home/ec2-user/data/topics/2065 1396
@/home/ec2-user/data/topics/1493 1397
@/home/ec2-user/data/topics/1456 1398
東京エレクトロン株式会社

@/home/ec2-user/data/topics/1508 1399
@/home/ec2-user/data/topics/4618 1399
@/home/ec2-user/data/topics/1263 1400
@/home/ec2-user/data/topics/1736 1401
@/home/ec2-user/data/topics/4002 1402
@/home/ec2-user/data/topics/3947 1403
@/home/ec2-user/data/topics/4345 1404
@/home/ec2-user/data/topics/4906 1405
@/home/ec2-user/data/topics/4053 1406
@/home/ec2-user/data/topics/4023 1407
@/home/ec2-user/data/topics/1800 1408
@/home/ec2-user/data/topics/4702 1409
株式会社村田製作所

@/home/ec2-user/data/topics/1374 1410
@/home/ec2-user/data/topics/4795 1410
@/home/ec2-user/data/topics/4325 1411
@/home/ec2-user/data/topics/3885 1412
@/home/ec2-user/data/topics/2229 1413
@/home/ec2-user/data/topics/4163 1414
@/home/ec2-user/data/topics/4271 1415
@/home/ec2-user/data/topics/3697 1416
@/home/ec2-user/data/topics/4417 1417
@/home/ec2-user/data/topics/3435 1418
@/home/ec2-user/data/topics/4378 1419
@/home/ec2-user/data/topics/1411 1420
@/home/ec2-user/data/topics/4432 1421
@/home/ec2-user/data/topics/4070 1422
@/home/ec2-user/data/topics/4703 1423
@/home/ec2-user/data/topics/3482 1424
@/home/ec2-user/data/topics/4042 1425
日本電信電話株式会社

@/home/ec2-user/data/topics/4121 1426
@/home/ec2-user/data/topics/3650 1426
@/home/ec2-user/data/topics/4025 1427
@/home/ec2-user/data/topics/3509 1428
@/home/ec2-user/data/topics/4118 1429
@/home/ec2-user/data/topics/3641 1430
@/home/ec2-user/data/topics/1934 1431
@/home/ec2-user/data/topics/1809 1432
@/home/ec2-user/data/topics/4664 1433
@/home/ec2-user/data/topics/4965 1434
@/home/ec2-user/data/topics/4505 1435
@/home/ec2-user/data/topics/4792 1436
@/home/ec2-user/data/topics/3586 1437
@/home/ec2-user/data/topics/4952 1438
@/home/ec2-user/data/topics/4335 1439
@/home/ec2-user/data/topics/3425 1440
@/home/ec2-user/data/topics/4175 1441
@/home/ec2-user/data/topics/1230 1442
@/home/ec2-user/data/topics/4087 1443
@/home/ec2-user/data/topics/3359 1444
@/home/ec2-user/data/topics/3811 1445
@/home/ec2-user/data/topics/1042 1446
@/home/ec2-user/data/topics/4865 1447
@/home/ec2-user/data/topics/1229 1448
@/home/ec2-user/data/topics/4208 1449
@/home/ec2-user/data/topics/1408 1450
@/home/ec2-user/data/topics/3894 1451
@/home/ec2-user/data/topics/3915 1452
@/home/ec2-user/data/topics/4131 1453
@/home/ec2-user/data/topics/4114 1454
@/home/ec2-user/data/topics/4925 1455
@/home/ec2-user/data/topics/2130 1456
@/home/ec2-user/data/topics/1556 1457
@/home/ec2-user/data/topics/3568 1458
@/home/ec2-user/data/topics/3927 1459
@/home/ec2-user/data/topics/3928 1460
@/home/ec2-user/data/topics/4488 1461
@/home/ec2-user/data/topics/4115 1462
@/home/ec2-user/data/topics/4146 1463
@/home/ec2-user/data/topics/4443 1464
@/home/ec2-user/data/topics/3521 1465
@/home/ec2-user/data/topics/3824 1466
@/home/ec2-user/data/topics/4964 1467
@/home/ec2-user/data/topics/3552 1468
@/home/ec2-user/data/topics/2017 1469
@/home/ec2-user/data/topics/4916 1470
@/home/ec2-user/data/topics/3544 1471
@/home/ec2-user/data/topics/3785 1472
@/home/ec2-user/data/topics/4104 1473
@/home/ec2-user/data/topics/3536 1474
@/home/ec2-user/data/topics/4232 1475
@/home/ec2-user/data/topics/4836 1476
@/home/ec2-user/data/topics/4870 1477
@/home/ec2-user/data/topics/4560 1478
@/home/ec2-user/data/topics/4511 1479
@/home/ec2-user/data/topics/1787 1480
日本鋼管株式会社

@/home/ec2-user/data/topics/4289 1481
@/home/ec2-user/data/topics/1690 1481
@/home/ec2-user/data/topics/4161 1482
@/home/ec2-user/data/topics/3572 1483
@/home/ec2-user/data/topics/2095 1484
@/home/ec2-user/data/topics/1404 1485
@/home/ec2-user/data/topics/4455 1486
株式会社神戸製鋼所

@/home/ec2-user/data/topics/3902 1487
@/home/ec2-user/data/topics/3475 1487
@/home/ec2-user/data/topics/3632 1488
@/home/ec2-user/data/topics/3674 1489
@/home/ec2-user/data/topics/4949 1490
@/home/ec2-user/data/topics/1465 1491
@/home/ec2-user/data/topics/2064 1492
株式会社ケンウッド

@/home/ec2-user/data/topics/3878 1493
@/home/ec2-user/data/topics/3463 1493
@/home/ec2-user/data/topics/1241 1494
@/home/ec2-user/data/topics/1345 1495
@/home/ec2-user/data/topics/1424 1496
@/home/ec2-user/data/topics/3801 1497
@/home/ec2-user/data/topics/4050 1498
@/home/ec2-user/data/topics/1896 1499
@/home/ec2-user/data/topics/1698 1500
@/home/ec2-user/data/topics/2036 1501
@/home/ec2-user/data/topics/2163 1502
@/home/ec2-user/data/topics/3839 1503
@/home/ec2-user/data/topics/4038 1504
@/home/ec2-user/data/topics/3977 1505
@/home/ec2-user/data/topics/3794 1506
@/home/ec2-user/data/topics/4167 1507
@/home/ec2-user/data/topics/3969 1508
@/home/ec2-user/data/topics/4467 1509
@/home/ec2-user/data/topics/1186 1510
@/home/ec2-user/data/topics/1115 1511
@/home/ec2-user/data/topics/1617 1512
東陶機器株式会社

@/home/ec2-user/data/topics/1735 1513
@/home/ec2-user/data/topics/1626 1513
@/home/ec2-user/data/topics/3583 1514
@/home/ec2-user/data/topics/1692 1515
@/home/ec2-user/data/topics/3821 1516
@/home/ec2-user/data/topics/2135 1517
本田技研工業株式会社

@/home/ec2-user/data/topics/1215 1518
@/home/ec2-user/data/topics/4033 1518
@/home/ec2-user/data/topics/4888 1519
@/home/ec2-user/data/topics/2016 1520
@/home/ec2-user/data/topics/4331 1521
@/home/ec2-user/data/topics/4375 1522
@/home/ec2-user/data/topics/4132 1523
@/home/ec2-user/data/topics/4199 1524
@/home/ec2-user/data/topics/4783 1525
@/home/ec2-user/data/topics/1605 1526
@/home/ec2-user/data/topics/1444 1527
@/home/ec2-user/data/topics/1226 1528
@/home/ec2-user/data/topics/3685 1529
@/home/ec2-user/data/topics/1143 1530
@/home/ec2-user/data/topics/1266 1531
@/home/ec2-user/data/topics/1822 1532
@/home/ec2-user/data/topics/1818 1533
@/home/ec2-user/data/topics/5026 1534
@/home/ec2-user/data/topics/2000 1535
新日本製鐵株式会社

@/home/ec2-user/data/topics/4472 1536
@/home/ec2-user/data/topics/3899 1536
@/home/ec2-user/data/topics/3663 1537
@/home/ec2-user/data/topics/3368 1538
@/home/ec2-user/data/topics/5008 1539
@/home/ec2-user/data/topics/3861 1540
松下電工株式会社

@/home/ec2-user/data/topics/4317 1541
@/home/ec2-user/data/topics/4083 1541
@/home/ec2-user/data/topics/4347 1542
@/home/ec2-user/data/topics/3932 1543
@/home/ec2-user/data/topics/4029 1544
@/home/ec2-user/data/topics/1311 1545
@/home/ec2-user/data/topics/1011 1546
@/home/ec2-user/data/topics/3835 1547
@/home/ec2-user/data/topics/3565 1548
@/home/ec2-user/data/topics/4450 1549
@/home/ec2-user/data/topics/4012 1550
@/home/ec2-user/data/topics/4592 1551
@/home/ec2-user/data/topics/4094 1552
@/home/ec2-user/data/topics/3379 1553
@/home/ec2-user/data/topics/2045 1554
@/home/ec2-user/data/topics/1251 1555
@/home/ec2-user/data/topics/3651 1556
@/home/ec2-user/data/topics/3511 1557
@/home/ec2-user/data/topics/3549 1558
@/home/ec2-user/data/topics/1803 1559
@/home/ec2-user/data/topics/3670 1560
@/home/ec2-user/data/topics/3778 1561
usernum: 72
simhit: 889
simmax: 0.621516117333
simmin: 0.0
simavg: 0.233760843518
total: 1562
simhit/total: 0.56914212548

2017-01-17 16:06:54.549231
