2017-01-17 16:10:11.116488

topic-folder:/home/ec2-user/data/topics/
cl-file:../tfidf/result-new/b1-all.txt
cl-floder:/home/ec2-user/data/classinfo/
zipf:0.2
stype[0(tfidf)/1(tfidf2)/2(lsa)/3(lda)]:1
dtype[<0(diff*rand)/0(diff)/1(same)/>=2(diff*same)]:0
output-floder:thesis/

三菱マテリアル株式会社

@/home/ec2-user/data/topics/2093 0
@/home/ec2-user/data/topics/3520 0
@/home/ec2-user/data/topics/3546 1
@/home/ec2-user/data/topics/1638 2
@/home/ec2-user/data/topics/3630 3
@/home/ec2-user/data/topics/3470 4
@/home/ec2-user/data/topics/3866 5
@/home/ec2-user/data/topics/1085 6
日本精機株式会社

@/home/ec2-user/data/topics/4972 7
@/home/ec2-user/data/topics/4709 7
@/home/ec2-user/data/topics/4907 8
@/home/ec2-user/data/topics/4875 9
@/home/ec2-user/data/topics/1398 10
@/home/ec2-user/data/topics/4690 11
コニカ株式会社

@/home/ec2-user/data/topics/1946 12
@/home/ec2-user/data/topics/3426 12
@/home/ec2-user/data/topics/3533 13
@/home/ec2-user/data/topics/3419 14
@/home/ec2-user/data/topics/3418 15
@/home/ec2-user/data/topics/3414 16
@/home/ec2-user/data/topics/2162 17
@/home/ec2-user/data/topics/3370 18
@/home/ec2-user/data/topics/3486 19
@/home/ec2-user/data/topics/3357 20
@/home/ec2-user/data/topics/3431 21
埼玉日本電気株式会社

@/home/ec2-user/data/topics/4283 22
@/home/ec2-user/data/topics/4242 22
@/home/ec2-user/data/topics/4998 23
@/home/ec2-user/data/topics/4279 24
@/home/ec2-user/data/topics/5010 25
@/home/ec2-user/data/topics/1512 26
@/home/ec2-user/data/topics/4468 27
@/home/ec2-user/data/topics/1620 28
@/home/ec2-user/data/topics/4496 29
アルプス電気株式会社

@/home/ec2-user/data/topics/2089 30
@/home/ec2-user/data/topics/3582 30
@/home/ec2-user/data/topics/1434 31
@/home/ec2-user/data/topics/3429 32
@/home/ec2-user/data/topics/1253 33
@/home/ec2-user/data/topics/4791 34
@/home/ec2-user/data/topics/2012 35
三菱重工業株式会社

@/home/ec2-user/data/topics/3833 36
@/home/ec2-user/data/topics/4412 36
@/home/ec2-user/data/topics/4563 37
@/home/ec2-user/data/topics/3637 38
@/home/ec2-user/data/topics/3944 39
@/home/ec2-user/data/topics/4687 40
@/home/ec2-user/data/topics/3529 41
@/home/ec2-user/data/topics/3503 42
@/home/ec2-user/data/topics/4862 43
@/home/ec2-user/data/topics/5022 44
@/home/ec2-user/data/topics/4882 45
@/home/ec2-user/data/topics/3591 46
村田機械株式会社

@/home/ec2-user/data/topics/1607 47
@/home/ec2-user/data/topics/3740 47
@/home/ec2-user/data/topics/4941 48
@/home/ec2-user/data/topics/4835 49
@/home/ec2-user/data/topics/4638 50
@/home/ec2-user/data/topics/1511 51
@/home/ec2-user/data/topics/4645 52
@/home/ec2-user/data/topics/3528 53
@/home/ec2-user/data/topics/4556 54
@/home/ec2-user/data/topics/4570 55
@/home/ec2-user/data/topics/4746 56
@/home/ec2-user/data/topics/4441 57
@/home/ec2-user/data/topics/1293 58
@/home/ec2-user/data/topics/4596 59
@/home/ec2-user/data/topics/5000 60
@/home/ec2-user/data/topics/1074 61
@/home/ec2-user/data/topics/4565 62
川崎製鉄株式会社

@/home/ec2-user/data/topics/3413 63
@/home/ec2-user/data/topics/3929 63
@/home/ec2-user/data/topics/3483 64
@/home/ec2-user/data/topics/3553 65
@/home/ec2-user/data/topics/1459 66
@/home/ec2-user/data/topics/4615 67
@/home/ec2-user/data/topics/1037 68
@/home/ec2-user/data/topics/3611 69
@/home/ec2-user/data/topics/3532 70
ダイキン工業株式会社

@/home/ec2-user/data/topics/4858 71
@/home/ec2-user/data/topics/4367 71
@/home/ec2-user/data/topics/1600 72
@/home/ec2-user/data/topics/4753 73
@/home/ec2-user/data/topics/4400 74
@/home/ec2-user/data/topics/3888 75
@/home/ec2-user/data/topics/4845 76
@/home/ec2-user/data/topics/1565 77
@/home/ec2-user/data/topics/4515 78
@/home/ec2-user/data/topics/4734 79
@/home/ec2-user/data/topics/4701 80
三菱自動車工業株式会社

@/home/ec2-user/data/topics/3502 81
@/home/ec2-user/data/topics/1816 81
@/home/ec2-user/data/topics/1527 82
@/home/ec2-user/data/topics/1428 83
@/home/ec2-user/data/topics/4189 84
@/home/ec2-user/data/topics/2101 85
@/home/ec2-user/data/topics/3940 86
@/home/ec2-user/data/topics/3815 87
日産自動車株式会社

@/home/ec2-user/data/topics/3501 88
@/home/ec2-user/data/topics/4074 88
@/home/ec2-user/data/topics/3677 89
@/home/ec2-user/data/topics/3723 90
@/home/ec2-user/data/topics/3645 91
@/home/ec2-user/data/topics/3712 92
@/home/ec2-user/data/topics/3497 93
@/home/ec2-user/data/topics/4982 94
@/home/ec2-user/data/topics/3489 95
@/home/ec2-user/data/topics/3829 96
@/home/ec2-user/data/topics/3936 97
トヨタ自動車株式会社

@/home/ec2-user/data/topics/3671 98
@/home/ec2-user/data/topics/3356 98
@/home/ec2-user/data/topics/3699 99
@/home/ec2-user/data/topics/4008 100
@/home/ec2-user/data/topics/4658 101
@/home/ec2-user/data/topics/3725 102
@/home/ec2-user/data/topics/1494 103
@/home/ec2-user/data/topics/3405 104
@/home/ec2-user/data/topics/3481 105
@/home/ec2-user/data/topics/4543 106
@/home/ec2-user/data/topics/4030 107
@/home/ec2-user/data/topics/3783 108
@/home/ec2-user/data/topics/4346 109
@/home/ec2-user/data/topics/4144 110
@/home/ec2-user/data/topics/4426 111
@/home/ec2-user/data/topics/4617 112
@/home/ec2-user/data/topics/4633 113
@/home/ec2-user/data/topics/2218 114
@/home/ec2-user/data/topics/4064 115
@/home/ec2-user/data/topics/4298 116
@/home/ec2-user/data/topics/3731 117
@/home/ec2-user/data/topics/3587 118
@/home/ec2-user/data/topics/1551 119
@/home/ec2-user/data/topics/3943 120
@/home/ec2-user/data/topics/4767 121
@/home/ec2-user/data/topics/4920 122
@/home/ec2-user/data/topics/4647 123
@/home/ec2-user/data/topics/3758 124
@/home/ec2-user/data/topics/2111 125
オリンパス光学工業株式会社

@/home/ec2-user/data/topics/2026 126
@/home/ec2-user/data/topics/1155 126
@/home/ec2-user/data/topics/4013 127
@/home/ec2-user/data/topics/4878 128
@/home/ec2-user/data/topics/1739 129
@/home/ec2-user/data/topics/5006 130
@/home/ec2-user/data/topics/4007 131
@/home/ec2-user/data/topics/1981 132
@/home/ec2-user/data/topics/1835 133
@/home/ec2-user/data/topics/1107 134
@/home/ec2-user/data/topics/1586 135
@/home/ec2-user/data/topics/1869 136
ブラザー工業株式会社

@/home/ec2-user/data/topics/1697 137
@/home/ec2-user/data/topics/1183 137
@/home/ec2-user/data/topics/1164 138
@/home/ec2-user/data/topics/2086 139
@/home/ec2-user/data/topics/3477 140
@/home/ec2-user/data/topics/1906 141
@/home/ec2-user/data/topics/1636 142
@/home/ec2-user/data/topics/3613 143
@/home/ec2-user/data/topics/4548 144
@/home/ec2-user/data/topics/3789 145
@/home/ec2-user/data/topics/3507 146
@/home/ec2-user/data/topics/2085 147
@/home/ec2-user/data/topics/1076 148
@/home/ec2-user/data/topics/1300 149
@/home/ec2-user/data/topics/3686 150
富士通株式会社

@/home/ec2-user/data/topics/3381 151
@/home/ec2-user/data/topics/3428 151
@/home/ec2-user/data/topics/3970 152
@/home/ec2-user/data/topics/3846 153
@/home/ec2-user/data/topics/1123 154
@/home/ec2-user/data/topics/3538 155
@/home/ec2-user/data/topics/3802 156
@/home/ec2-user/data/topics/3962 157
@/home/ec2-user/data/topics/3850 158
@/home/ec2-user/data/topics/2227 159
@/home/ec2-user/data/topics/1609 160
@/home/ec2-user/data/topics/3883 161
@/home/ec2-user/data/topics/3912 162
@/home/ec2-user/data/topics/3870 163
@/home/ec2-user/data/topics/2216 164
@/home/ec2-user/data/topics/1264 165
@/home/ec2-user/data/topics/2215 166
@/home/ec2-user/data/topics/1271 167
@/home/ec2-user/data/topics/1998 168
@/home/ec2-user/data/topics/3862 169
@/home/ec2-user/data/topics/3749 170
@/home/ec2-user/data/topics/5004 171
@/home/ec2-user/data/topics/3399 172
@/home/ec2-user/data/topics/3460 173
@/home/ec2-user/data/topics/3636 174
@/home/ec2-user/data/topics/3765 175
@/home/ec2-user/data/topics/3799 176
@/home/ec2-user/data/topics/3400 177
@/home/ec2-user/data/topics/1874 178
@/home/ec2-user/data/topics/1547 179
@/home/ec2-user/data/topics/4191 180
@/home/ec2-user/data/topics/3751 181
静岡日本電気株式会社

@/home/ec2-user/data/topics/4250 182
@/home/ec2-user/data/topics/4365 182
@/home/ec2-user/data/topics/4531 183
@/home/ec2-user/data/topics/4314 184
@/home/ec2-user/data/topics/4507 185
@/home/ec2-user/data/topics/4326 186
住友重機械工業株式会社

@/home/ec2-user/data/topics/3952 187
@/home/ec2-user/data/topics/1373 187
@/home/ec2-user/data/topics/1553 188
@/home/ec2-user/data/topics/1505 189
@/home/ec2-user/data/topics/1900 190
@/home/ec2-user/data/topics/2039 191
@/home/ec2-user/data/topics/1019 192
@/home/ec2-user/data/topics/3868 193
@/home/ec2-user/data/topics/4854 194
大日本印刷株式会社

@/home/ec2-user/data/topics/3388 195
@/home/ec2-user/data/topics/1564 195
@/home/ec2-user/data/topics/1099 196
@/home/ec2-user/data/topics/3569 197
@/home/ec2-user/data/topics/1262 198
@/home/ec2-user/data/topics/1145 199
日本電気株式会社

@/home/ec2-user/data/topics/4646 200
@/home/ec2-user/data/topics/4659 200
@/home/ec2-user/data/topics/4082 201
@/home/ec2-user/data/topics/4342 202
@/home/ec2-user/data/topics/4100 203
@/home/ec2-user/data/topics/1078 204
@/home/ec2-user/data/topics/1948 205
@/home/ec2-user/data/topics/4162 206
@/home/ec2-user/data/topics/4838 207
@/home/ec2-user/data/topics/4154 208
@/home/ec2-user/data/topics/4447 209
@/home/ec2-user/data/topics/1879 210
@/home/ec2-user/data/topics/4137 211
@/home/ec2-user/data/topics/4116 212
@/home/ec2-user/data/topics/4485 213
@/home/ec2-user/data/topics/4134 214
@/home/ec2-user/data/topics/1928 215
@/home/ec2-user/data/topics/1122 216
@/home/ec2-user/data/topics/4192 217
@/home/ec2-user/data/topics/3956 218
@/home/ec2-user/data/topics/4458 219
@/home/ec2-user/data/topics/1362 220
@/home/ec2-user/data/topics/4243 221
@/home/ec2-user/data/topics/4204 222
@/home/ec2-user/data/topics/4770 223
@/home/ec2-user/data/topics/4650 224
@/home/ec2-user/data/topics/4549 225
@/home/ec2-user/data/topics/4643 226
@/home/ec2-user/data/topics/4168 227
@/home/ec2-user/data/topics/4153 228
@/home/ec2-user/data/topics/4309 229
@/home/ec2-user/data/topics/1937 230
@/home/ec2-user/data/topics/4404 231
@/home/ec2-user/data/topics/1815 232
@/home/ec2-user/data/topics/4536 233
@/home/ec2-user/data/topics/4062 234
@/home/ec2-user/data/topics/4477 235
@/home/ec2-user/data/topics/1852 236
@/home/ec2-user/data/topics/3744 237
@/home/ec2-user/data/topics/3995 238
@/home/ec2-user/data/topics/4238 239
@/home/ec2-user/data/topics/3897 240
@/home/ec2-user/data/topics/4260 241
@/home/ec2-user/data/topics/4725 242
@/home/ec2-user/data/topics/4258 243
@/home/ec2-user/data/topics/4480 244
@/home/ec2-user/data/topics/4603 245
@/home/ec2-user/data/topics/3954 246
@/home/ec2-user/data/topics/4389 247
@/home/ec2-user/data/topics/3724 248
@/home/ec2-user/data/topics/4533 249
@/home/ec2-user/data/topics/3767 250
@/home/ec2-user/data/topics/4281 251
@/home/ec2-user/data/topics/4185 252
@/home/ec2-user/data/topics/4343 253
@/home/ec2-user/data/topics/4272 254
@/home/ec2-user/data/topics/5034 255
@/home/ec2-user/data/topics/1486 256
@/home/ec2-user/data/topics/4320 257
@/home/ec2-user/data/topics/4142 258
@/home/ec2-user/data/topics/4902 259
@/home/ec2-user/data/topics/4196 260
@/home/ec2-user/data/topics/3971 261
@/home/ec2-user/data/topics/4300 262
@/home/ec2-user/data/topics/4288 263
@/home/ec2-user/data/topics/2144 264
@/home/ec2-user/data/topics/4398 265
@/home/ec2-user/data/topics/4940 266
@/home/ec2-user/data/topics/4760 267
@/home/ec2-user/data/topics/4634 268
@/home/ec2-user/data/topics/1281 269
@/home/ec2-user/data/topics/4718 270
@/home/ec2-user/data/topics/4665 271
@/home/ec2-user/data/topics/3875 272
@/home/ec2-user/data/topics/4808 273
@/home/ec2-user/data/topics/4310 274
@/home/ec2-user/data/topics/4427 275
@/home/ec2-user/data/topics/3886 276
@/home/ec2-user/data/topics/4926 277
@/home/ec2-user/data/topics/4414 278
@/home/ec2-user/data/topics/4418 279
@/home/ec2-user/data/topics/4227 280
@/home/ec2-user/data/topics/3938 281
@/home/ec2-user/data/topics/1523 282
@/home/ec2-user/data/topics/1326 283
@/home/ec2-user/data/topics/2041 284
@/home/ec2-user/data/topics/4644 285
@/home/ec2-user/data/topics/4092 286
@/home/ec2-user/data/topics/4530 287
@/home/ec2-user/data/topics/4578 288
@/home/ec2-user/data/topics/4497 289
@/home/ec2-user/data/topics/1595 290
@/home/ec2-user/data/topics/1891 291
@/home/ec2-user/data/topics/1464 292
@/home/ec2-user/data/topics/4759 293
@/home/ec2-user/data/topics/4063 294
@/home/ec2-user/data/topics/4537 295
@/home/ec2-user/data/topics/1101 296
@/home/ec2-user/data/topics/1557 297
@/home/ec2-user/data/topics/4236 298
@/home/ec2-user/data/topics/4442 299
@/home/ec2-user/data/topics/4216 300
@/home/ec2-user/data/topics/4275 301
@/home/ec2-user/data/topics/4390 302
@/home/ec2-user/data/topics/4824 303
@/home/ec2-user/data/topics/1016 304
@/home/ec2-user/data/topics/4240 305
@/home/ec2-user/data/topics/4207 306
@/home/ec2-user/data/topics/3865 307
@/home/ec2-user/data/topics/4626 308
@/home/ec2-user/data/topics/4393 309
@/home/ec2-user/data/topics/4129 310
@/home/ec2-user/data/topics/4276 311
@/home/ec2-user/data/topics/3766 312
@/home/ec2-user/data/topics/4775 313
@/home/ec2-user/data/topics/4352 314
@/home/ec2-user/data/topics/4097 315
@/home/ec2-user/data/topics/2119 316
@/home/ec2-user/data/topics/1052 317
@/home/ec2-user/data/topics/4609 318
@/home/ec2-user/data/topics/4460 319
@/home/ec2-user/data/topics/1764 320
@/home/ec2-user/data/topics/4186 321
@/home/ec2-user/data/topics/4486 322
@/home/ec2-user/data/topics/3896 323
@/home/ec2-user/data/topics/4158 324
@/home/ec2-user/data/topics/4257 325
@/home/ec2-user/data/topics/4093 326
@/home/ec2-user/data/topics/1383 327
@/home/ec2-user/data/topics/4081 328
@/home/ec2-user/data/topics/1867 329
@/home/ec2-user/data/topics/4319 330
@/home/ec2-user/data/topics/4119 331
@/home/ec2-user/data/topics/4595 332
@/home/ec2-user/data/topics/4254 333
@/home/ec2-user/data/topics/4446 334
@/home/ec2-user/data/topics/4584 335
@/home/ec2-user/data/topics/4721 336
@/home/ec2-user/data/topics/4764 337
@/home/ec2-user/data/topics/4360 338
@/home/ec2-user/data/topics/4017 339
@/home/ec2-user/data/topics/4071 340
@/home/ec2-user/data/topics/4561 341
@/home/ec2-user/data/topics/1773 342
@/home/ec2-user/data/topics/4682 343
@/home/ec2-user/data/topics/4689 344
@/home/ec2-user/data/topics/4816 345
@/home/ec2-user/data/topics/1500 346
@/home/ec2-user/data/topics/4876 347
@/home/ec2-user/data/topics/1100 348
@/home/ec2-user/data/topics/4892 349
@/home/ec2-user/data/topics/4666 350
@/home/ec2-user/data/topics/4699 351
@/home/ec2-user/data/topics/4388 352
@/home/ec2-user/data/topics/1634 353
@/home/ec2-user/data/topics/4171 354
@/home/ec2-user/data/topics/4779 355
@/home/ec2-user/data/topics/1710 356
@/home/ec2-user/data/topics/4651 357
@/home/ec2-user/data/topics/4532 358
@/home/ec2-user/data/topics/4273 359
@/home/ec2-user/data/topics/4278 360
@/home/ec2-user/data/topics/4728 361
@/home/ec2-user/data/topics/2127 362
@/home/ec2-user/data/topics/3853 363
@/home/ec2-user/data/topics/4434 364
@/home/ec2-user/data/topics/1360 365
@/home/ec2-user/data/topics/1783 366
@/home/ec2-user/data/topics/4490 367
@/home/ec2-user/data/topics/1661 368
@/home/ec2-user/data/topics/1923 369
@/home/ec2-user/data/topics/4877 370
@/home/ec2-user/data/topics/4338 371
@/home/ec2-user/data/topics/4598 372
@/home/ec2-user/data/topics/3729 373
@/home/ec2-user/data/topics/4696 374
@/home/ec2-user/data/topics/2150 375
@/home/ec2-user/data/topics/4315 376
@/home/ec2-user/data/topics/1199 377
@/home/ec2-user/data/topics/4708 378
@/home/ec2-user/data/topics/4313 379
@/home/ec2-user/data/topics/1116 380
@/home/ec2-user/data/topics/4850 381
@/home/ec2-user/data/topics/4440 382
@/home/ec2-user/data/topics/4209 383
@/home/ec2-user/data/topics/4246 384
@/home/ec2-user/data/topics/4425 385
@/home/ec2-user/data/topics/2088 386
@/home/ec2-user/data/topics/1724 387
@/home/ec2-user/data/topics/4371 388
@/home/ec2-user/data/topics/1044 389
@/home/ec2-user/data/topics/4359 390
@/home/ec2-user/data/topics/1612 391
@/home/ec2-user/data/topics/4120 392
@/home/ec2-user/data/topics/2022 393
@/home/ec2-user/data/topics/1112 394
@/home/ec2-user/data/topics/4267 395
@/home/ec2-user/data/topics/4750 396
@/home/ec2-user/data/topics/4429 397
@/home/ec2-user/data/topics/1457 398
@/home/ec2-user/data/topics/4613 399
@/home/ec2-user/data/topics/4128 400
@/home/ec2-user/data/topics/4244 401
@/home/ec2-user/data/topics/1973 402
@/home/ec2-user/data/topics/4003 403
@/home/ec2-user/data/topics/4785 404
@/home/ec2-user/data/topics/4749 405
@/home/ec2-user/data/topics/4433 406
@/home/ec2-user/data/topics/1844 407
@/home/ec2-user/data/topics/1624 408
@/home/ec2-user/data/topics/4742 409
@/home/ec2-user/data/topics/1364 410
@/home/ec2-user/data/topics/2031 411
@/home/ec2-user/data/topics/1567 412
@/home/ec2-user/data/topics/2166 413
@/home/ec2-user/data/topics/4247 414
@/home/ec2-user/data/topics/4318 415
@/home/ec2-user/data/topics/4657 416
@/home/ec2-user/data/topics/1791 417
@/home/ec2-user/data/topics/4138 418
松下電器産業株式会社

@/home/ec2-user/data/topics/4917 419
@/home/ec2-user/data/topics/4558 419
@/home/ec2-user/data/topics/3619 420
@/home/ec2-user/data/topics/1955 421
@/home/ec2-user/data/topics/4215 422
@/home/ec2-user/data/topics/4867 423
@/home/ec2-user/data/topics/1812 424
@/home/ec2-user/data/topics/1477 425
@/home/ec2-user/data/topics/4817 426
@/home/ec2-user/data/topics/3680 427
@/home/ec2-user/data/topics/4577 428
@/home/ec2-user/data/topics/4754 429
@/home/ec2-user/data/topics/1509 430
@/home/ec2-user/data/topics/3761 431
@/home/ec2-user/data/topics/2129 432
@/home/ec2-user/data/topics/4936 433
@/home/ec2-user/data/topics/4385 434
@/home/ec2-user/data/topics/1705 435
@/home/ec2-user/data/topics/4918 436
@/home/ec2-user/data/topics/3514 437
@/home/ec2-user/data/topics/1252 438
@/home/ec2-user/data/topics/4382 439
@/home/ec2-user/data/topics/4098 440
@/home/ec2-user/data/topics/1157 441
@/home/ec2-user/data/topics/4303 442
@/home/ec2-user/data/topics/1706 443
@/home/ec2-user/data/topics/3402 444
@/home/ec2-user/data/topics/4599 445
@/home/ec2-user/data/topics/3676 446
@/home/ec2-user/data/topics/3704 447
@/home/ec2-user/data/topics/3510 448
@/home/ec2-user/data/topics/4761 449
@/home/ec2-user/data/topics/2222 450
@/home/ec2-user/data/topics/1179 451
@/home/ec2-user/data/topics/4229 452
@/home/ec2-user/data/topics/2170 453
@/home/ec2-user/data/topics/4193 454
@/home/ec2-user/data/topics/4806 455
@/home/ec2-user/data/topics/3920 456
@/home/ec2-user/data/topics/5028 457
@/home/ec2-user/data/topics/4502 458
@/home/ec2-user/data/topics/3951 459
@/home/ec2-user/data/topics/4000 460
@/home/ec2-user/data/topics/4157 461
@/home/ec2-user/data/topics/4159 462
@/home/ec2-user/data/topics/1525 463
@/home/ec2-user/data/topics/4448 464
@/home/ec2-user/data/topics/4797 465
@/home/ec2-user/data/topics/4667 466
@/home/ec2-user/data/topics/3721 467
@/home/ec2-user/data/topics/4503 468
@/home/ec2-user/data/topics/4475 469
@/home/ec2-user/data/topics/4307 470
@/home/ec2-user/data/topics/3519 471
@/home/ec2-user/data/topics/2080 472
@/home/ec2-user/data/topics/4101 473
@/home/ec2-user/data/topics/3719 474
@/home/ec2-user/data/topics/4961 475
@/home/ec2-user/data/topics/4491 476
@/home/ec2-user/data/topics/3585 477
@/home/ec2-user/data/topics/4574 478
@/home/ec2-user/data/topics/5024 479
@/home/ec2-user/data/topics/4787 480
@/home/ec2-user/data/topics/1026 481
@/home/ec2-user/data/topics/3904 482
@/home/ec2-user/data/topics/3979 483
@/home/ec2-user/data/topics/3386 484
@/home/ec2-user/data/topics/4102 485
@/home/ec2-user/data/topics/1829 486
@/home/ec2-user/data/topics/4501 487
@/home/ec2-user/data/topics/1589 488
@/home/ec2-user/data/topics/4798 489
@/home/ec2-user/data/topics/2056 490
@/home/ec2-user/data/topics/4464 491
@/home/ec2-user/data/topics/3404 492
@/home/ec2-user/data/topics/4160 493
@/home/ec2-user/data/topics/1540 494
@/home/ec2-user/data/topics/3694 495
@/home/ec2-user/data/topics/4280 496
@/home/ec2-user/data/topics/3847 497
@/home/ec2-user/data/topics/1701 498
@/home/ec2-user/data/topics/3746 499
@/home/ec2-user/data/topics/3960 500
@/home/ec2-user/data/topics/4586 501
@/home/ec2-user/data/topics/1762 502
@/home/ec2-user/data/topics/1136 503
@/home/ec2-user/data/topics/4274 504
@/home/ec2-user/data/topics/3807 505
@/home/ec2-user/data/topics/4139 506
@/home/ec2-user/data/topics/1339 507
@/home/ec2-user/data/topics/3739 508
@/home/ec2-user/data/topics/4707 509
@/home/ec2-user/data/topics/1257 510
@/home/ec2-user/data/topics/1748 511
@/home/ec2-user/data/topics/4968 512
@/home/ec2-user/data/topics/4126 513
@/home/ec2-user/data/topics/3558 514
@/home/ec2-user/data/topics/4355 515
@/home/ec2-user/data/topics/2029 516
@/home/ec2-user/data/topics/4459 517
@/home/ec2-user/data/topics/4043 518
@/home/ec2-user/data/topics/4625 519
@/home/ec2-user/data/topics/4394 520
@/home/ec2-user/data/topics/4264 521
@/home/ec2-user/data/topics/3455 522
@/home/ec2-user/data/topics/1635 523
@/home/ec2-user/data/topics/3692 524
@/home/ec2-user/data/topics/1885 525
@/home/ec2-user/data/topics/4885 526
@/home/ec2-user/data/topics/3494 527
@/home/ec2-user/data/topics/4676 528
@/home/ec2-user/data/topics/4180 529
@/home/ec2-user/data/topics/4804 530
@/home/ec2-user/data/topics/1516 531
@/home/ec2-user/data/topics/1633 532
@/home/ec2-user/data/topics/4945 533
@/home/ec2-user/data/topics/1070 534
@/home/ec2-user/data/topics/3658 535
@/home/ec2-user/data/topics/1158 536
@/home/ec2-user/data/topics/4422 537
@/home/ec2-user/data/topics/2156 538
@/home/ec2-user/data/topics/1881 539
@/home/ec2-user/data/topics/1898 540
セイコーインスツルメンツ株式会社

@/home/ec2-user/data/topics/4190 541
@/home/ec2-user/data/topics/4203 541
@/home/ec2-user/data/topics/3626 542
@/home/ec2-user/data/topics/4088 543
@/home/ec2-user/data/topics/4997 544
@/home/ec2-user/data/topics/1707 545
@/home/ec2-user/data/topics/3825 546
@/home/ec2-user/data/topics/4151 547
@/home/ec2-user/data/topics/4036 548
ミノルタ株式会社

@/home/ec2-user/data/topics/1152 549
@/home/ec2-user/data/topics/2190 549
@/home/ec2-user/data/topics/4321 550
@/home/ec2-user/data/topics/4970 551
@/home/ec2-user/data/topics/4971 552
@/home/ec2-user/data/topics/3584 553
@/home/ec2-user/data/topics/4984 554
@/home/ec2-user/data/topics/3545 555
@/home/ec2-user/data/topics/4977 556
@/home/ec2-user/data/topics/3810 557
@/home/ec2-user/data/topics/4986 558
@/home/ec2-user/data/topics/4951 559
株式会社リコー

@/home/ec2-user/data/topics/3424 560
@/home/ec2-user/data/topics/3436 560
@/home/ec2-user/data/topics/3880 561
@/home/ec2-user/data/topics/1064 562
@/home/ec2-user/data/topics/3775 563
@/home/ec2-user/data/topics/3394 564
@/home/ec2-user/data/topics/1976 565
@/home/ec2-user/data/topics/3523 566
@/home/ec2-user/data/topics/1514 567
@/home/ec2-user/data/topics/2189 568
@/home/ec2-user/data/topics/3411 569
@/home/ec2-user/data/topics/3474 570
@/home/ec2-user/data/topics/3378 571
@/home/ec2-user/data/topics/1670 572
@/home/ec2-user/data/topics/3837 573
@/home/ec2-user/data/topics/1755 574
@/home/ec2-user/data/topics/3555 575
@/home/ec2-user/data/topics/3669 576
@/home/ec2-user/data/topics/1610 577
@/home/ec2-user/data/topics/1740 578
@/home/ec2-user/data/topics/1878 579
@/home/ec2-user/data/topics/4879 580
@/home/ec2-user/data/topics/1190 581
@/home/ec2-user/data/topics/1095 582
@/home/ec2-user/data/topics/1106 583
@/home/ec2-user/data/topics/3548 584
@/home/ec2-user/data/topics/1436 585
@/home/ec2-user/data/topics/1775 586
@/home/ec2-user/data/topics/3530 587
@/home/ec2-user/data/topics/4344 588
@/home/ec2-user/data/topics/1718 589
@/home/ec2-user/data/topics/1282 590
@/home/ec2-user/data/topics/1776 591
@/home/ec2-user/data/topics/1780 592
@/home/ec2-user/data/topics/3574 593
@/home/ec2-user/data/topics/1806 594
@/home/ec2-user/data/topics/4037 595
@/home/ec2-user/data/topics/1593 596
@/home/ec2-user/data/topics/2006 597
@/home/ec2-user/data/topics/4781 598
@/home/ec2-user/data/topics/3472 599
@/home/ec2-user/data/topics/1627 600
@/home/ec2-user/data/topics/3446 601
@/home/ec2-user/data/topics/1225 602
@/home/ec2-user/data/topics/3687 603
@/home/ec2-user/data/topics/3750 604
@/home/ec2-user/data/topics/1691 605
@/home/ec2-user/data/topics/1669 606
@/home/ec2-user/data/topics/4265 607
@/home/ec2-user/data/topics/3484 608
@/home/ec2-user/data/topics/1478 609
@/home/ec2-user/data/topics/1774 610
@/home/ec2-user/data/topics/1433 611
@/home/ec2-user/data/topics/2182 612
@/home/ec2-user/data/topics/2219 613
@/home/ec2-user/data/topics/2201 614
@/home/ec2-user/data/topics/2200 615
@/home/ec2-user/data/topics/2090 616
@/home/ec2-user/data/topics/3495 617
@/home/ec2-user/data/topics/1083 618
@/home/ec2-user/data/topics/3713 619
@/home/ec2-user/data/topics/3759 620
@/home/ec2-user/data/topics/3711 621
@/home/ec2-user/data/topics/1668 622
@/home/ec2-user/data/topics/4616 623
@/home/ec2-user/data/topics/2043 624
@/home/ec2-user/data/topics/1482 625
@/home/ec2-user/data/topics/3557 626
@/home/ec2-user/data/topics/3633 627
@/home/ec2-user/data/topics/1974 628
@/home/ec2-user/data/topics/1663 629
独立行政法人産業技術総合研究所

@/home/ec2-user/data/topics/1356 630
@/home/ec2-user/data/topics/4740 630
@/home/ec2-user/data/topics/4800 631
@/home/ec2-user/data/topics/4777 632
@/home/ec2-user/data/topics/4869 633
@/home/ec2-user/data/topics/4739 634
ソニー株式会社

@/home/ec2-user/data/topics/1912 635
@/home/ec2-user/data/topics/3456 635
@/home/ec2-user/data/topics/3392 636
@/home/ec2-user/data/topics/1147 637
@/home/ec2-user/data/topics/1686 638
@/home/ec2-user/data/topics/1892 639
@/home/ec2-user/data/topics/1291 640
@/home/ec2-user/data/topics/1426 641
@/home/ec2-user/data/topics/1380 642
@/home/ec2-user/data/topics/3401 643
@/home/ec2-user/data/topics/4219 644
@/home/ec2-user/data/topics/5027 645
@/home/ec2-user/data/topics/1435 646
@/home/ec2-user/data/topics/2058 647
@/home/ec2-user/data/topics/2105 648
@/home/ec2-user/data/topics/2048 649
@/home/ec2-user/data/topics/2037 650
@/home/ec2-user/data/topics/2094 651
@/home/ec2-user/data/topics/1679 652
@/home/ec2-user/data/topics/1954 653
@/home/ec2-user/data/topics/1414 654
@/home/ec2-user/data/topics/4184 655
@/home/ec2-user/data/topics/3975 656
@/home/ec2-user/data/topics/1926 657
@/home/ec2-user/data/topics/1233 658
@/home/ec2-user/data/topics/1491 659
@/home/ec2-user/data/topics/1884 660
@/home/ec2-user/data/topics/1749 661
@/home/ec2-user/data/topics/1778 662
@/home/ec2-user/data/topics/1471 663
@/home/ec2-user/data/topics/2059 664
@/home/ec2-user/data/topics/3955 665
@/home/ec2-user/data/topics/4224 666
@/home/ec2-user/data/topics/1218 667
@/home/ec2-user/data/topics/1836 668
@/home/ec2-user/data/topics/2052 669
@/home/ec2-user/data/topics/1298 670
@/home/ec2-user/data/topics/4351 671
@/home/ec2-user/data/topics/3872 672
@/home/ec2-user/data/topics/1967 673
@/home/ec2-user/data/topics/1602 674
@/home/ec2-user/data/topics/1873 675
@/home/ec2-user/data/topics/1059 676
@/home/ec2-user/data/topics/1102 677
@/home/ec2-user/data/topics/1397 678
@/home/ec2-user/data/topics/3924 679
@/home/ec2-user/data/topics/2075 680
富士ゼロックス株式会社

@/home/ec2-user/data/topics/5031 681
@/home/ec2-user/data/topics/4108 681
@/home/ec2-user/data/topics/3782 682
@/home/ec2-user/data/topics/3383 683
@/home/ec2-user/data/topics/1560 684
@/home/ec2-user/data/topics/3407 685
@/home/ec2-user/data/topics/3366 686
@/home/ec2-user/data/topics/3790 687
@/home/ec2-user/data/topics/3473 688
@/home/ec2-user/data/topics/1947 689
@/home/ec2-user/data/topics/3661 690
@/home/ec2-user/data/topics/3695 691
@/home/ec2-user/data/topics/3564 692
@/home/ec2-user/data/topics/3662 693
@/home/ec2-user/data/topics/3640 694
住友金属工業株式会社

@/home/ec2-user/data/topics/1268 695
@/home/ec2-user/data/topics/4182 695
@/home/ec2-user/data/topics/3655 696
@/home/ec2-user/data/topics/4534 697
@/home/ec2-user/data/topics/4021 698
@/home/ec2-user/data/topics/3826 699
@/home/ec2-user/data/topics/4322 700
@/home/ec2-user/data/topics/4295 701
@/home/ec2-user/data/topics/4661 702
@/home/ec2-user/data/topics/4733 703
@/home/ec2-user/data/topics/3577 704
@/home/ec2-user/data/topics/4991 705
日立電線株式会社

@/home/ec2-user/data/topics/1305 706
@/home/ec2-user/data/topics/4329 706
@/home/ec2-user/data/topics/1027 707
@/home/ec2-user/data/topics/4357 708
@/home/ec2-user/data/topics/1117 709
@/home/ec2-user/data/topics/4356 710
@/home/ec2-user/data/topics/3756 711
@/home/ec2-user/data/topics/3930 712
@/home/ec2-user/data/topics/1388 713
キヤノン株式会社

@/home/ec2-user/data/topics/1790 714
@/home/ec2-user/data/topics/1216 714
@/home/ec2-user/data/topics/3374 715
@/home/ec2-user/data/topics/3410 716
@/home/ec2-user/data/topics/1975 717
@/home/ec2-user/data/topics/3852 718
@/home/ec2-user/data/topics/3642 719
@/home/ec2-user/data/topics/4054 720
@/home/ec2-user/data/topics/1646 721
@/home/ec2-user/data/topics/3376 722
@/home/ec2-user/data/topics/1802 723
@/home/ec2-user/data/topics/2231 724
@/home/ec2-user/data/topics/1961 725
@/home/ec2-user/data/topics/3454 726
@/home/ec2-user/data/topics/3656 727
@/home/ec2-user/data/topics/3996 728
@/home/ec2-user/data/topics/3434 729
@/home/ec2-user/data/topics/1744 730
@/home/ec2-user/data/topics/1118 731
@/home/ec2-user/data/topics/1208 732
@/home/ec2-user/data/topics/1228 733
@/home/ec2-user/data/topics/3730 734
@/home/ec2-user/data/topics/3416 735
@/home/ec2-user/data/topics/4520 736
@/home/ec2-user/data/topics/3755 737
@/home/ec2-user/data/topics/1889 738
@/home/ec2-user/data/topics/3843 739
@/home/ec2-user/data/topics/4363 740
@/home/ec2-user/data/topics/3415 741
@/home/ec2-user/data/topics/4350 742
@/home/ec2-user/data/topics/3737 743
@/home/ec2-user/data/topics/2107 744
@/home/ec2-user/data/topics/1455 745
@/home/ec2-user/data/topics/1513 746
@/home/ec2-user/data/topics/1568 747
@/home/ec2-user/data/topics/4947 748
@/home/ec2-user/data/topics/3958 749
@/home/ec2-user/data/topics/2145 750
@/home/ec2-user/data/topics/1519 751
@/home/ec2-user/data/topics/1631 752
@/home/ec2-user/data/topics/2053 753
@/home/ec2-user/data/topics/2004 754
@/home/ec2-user/data/topics/4521 755
@/home/ec2-user/data/topics/3967 756
@/home/ec2-user/data/topics/3660 757
@/home/ec2-user/data/topics/1895 758
@/home/ec2-user/data/topics/3720 759
@/home/ec2-user/data/topics/4948 760
@/home/ec2-user/data/topics/4020 761
@/home/ec2-user/data/topics/1124 762
@/home/ec2-user/data/topics/1438 763
@/home/ec2-user/data/topics/1745 764
@/home/ec2-user/data/topics/1866 765
@/home/ec2-user/data/topics/4068 766
@/home/ec2-user/data/topics/1539 767
@/home/ec2-user/data/topics/1590 768
@/home/ec2-user/data/topics/4937 769
@/home/ec2-user/data/topics/3628 770
@/home/ec2-user/data/topics/1847 771
@/home/ec2-user/data/topics/3949 772
@/home/ec2-user/data/topics/2243 773
@/home/ec2-user/data/topics/3430 774
@/home/ec2-user/data/topics/1080 775
@/home/ec2-user/data/topics/3445 776
@/home/ec2-user/data/topics/4610 777
@/home/ec2-user/data/topics/3441 778
@/home/ec2-user/data/topics/2117 779
@/home/ec2-user/data/topics/4628 780
@/home/ec2-user/data/topics/1848 781
@/home/ec2-user/data/topics/3417 782
@/home/ec2-user/data/topics/3420 783
@/home/ec2-user/data/topics/3438 784
@/home/ec2-user/data/topics/3722 785
三洋電機株式会社

@/home/ec2-user/data/topics/3974 786
@/home/ec2-user/data/topics/4726 786
@/home/ec2-user/data/topics/3804 787
@/home/ec2-user/data/topics/4301 788
@/home/ec2-user/data/topics/4060 789
@/home/ec2-user/data/topics/4039 790
@/home/ec2-user/data/topics/1653 791
@/home/ec2-user/data/topics/3539 792
@/home/ec2-user/data/topics/4788 793
@/home/ec2-user/data/topics/4604 794
@/home/ec2-user/data/topics/3681 795
@/home/ec2-user/data/topics/4679 796
@/home/ec2-user/data/topics/4099 797
@/home/ec2-user/data/topics/4179 798
@/home/ec2-user/data/topics/1479 799
@/home/ec2-user/data/topics/2071 800
@/home/ec2-user/data/topics/4654 801
@/home/ec2-user/data/topics/4015 802
@/home/ec2-user/data/topics/3581 803
@/home/ec2-user/data/topics/5002 804
@/home/ec2-user/data/topics/4571 805
@/home/ec2-user/data/topics/2054 806
@/home/ec2-user/data/topics/2230 807
@/home/ec2-user/data/topics/4376 808
@/home/ec2-user/data/topics/3625 809
@/home/ec2-user/data/topics/4066 810
@/home/ec2-user/data/topics/3708 811
@/home/ec2-user/data/topics/2194 812
@/home/ec2-user/data/topics/3817 813
@/home/ec2-user/data/topics/3845 814
@/home/ec2-user/data/topics/4960 815
@/home/ec2-user/data/topics/1163 816
@/home/ec2-user/data/topics/1079 817
@/home/ec2-user/data/topics/4492 818
@/home/ec2-user/data/topics/4527 819
@/home/ec2-user/data/topics/3986 820
@/home/ec2-user/data/topics/2014 821
@/home/ec2-user/data/topics/4384 822
@/home/ec2-user/data/topics/1671 823
@/home/ec2-user/data/topics/1515 824
@/home/ec2-user/data/topics/2098 825
@/home/ec2-user/data/topics/4001 826
@/home/ec2-user/data/topics/1980 827
@/home/ec2-user/data/topics/3926 828
@/home/ec2-user/data/topics/5011 829
@/home/ec2-user/data/topics/1488 830
@/home/ec2-user/data/topics/4837 831
@/home/ec2-user/data/topics/1722 832
@/home/ec2-user/data/topics/3906 833
@/home/ec2-user/data/topics/1386 834
@/home/ec2-user/data/topics/4178 835
@/home/ec2-user/data/topics/4150 836
@/home/ec2-user/data/topics/3403 837
@/home/ec2-user/data/topics/4212 838
@/home/ec2-user/data/topics/4763 839
@/home/ec2-user/data/topics/4612 840
@/home/ec2-user/data/topics/3953 841
@/home/ec2-user/data/topics/3781 842
@/home/ec2-user/data/topics/4978 843
@/home/ec2-user/data/topics/3491 844
@/home/ec2-user/data/topics/3492 845
@/home/ec2-user/data/topics/4328 846
@/home/ec2-user/data/topics/3889 847
@/home/ec2-user/data/topics/2063 848
@/home/ec2-user/data/topics/1321 849
@/home/ec2-user/data/topics/4304 850
@/home/ec2-user/data/topics/3859 851
@/home/ec2-user/data/topics/1289 852
@/home/ec2-user/data/topics/1652 853
@/home/ec2-user/data/topics/3754 854
@/home/ec2-user/data/topics/4061 855
@/home/ec2-user/data/topics/3830 856
@/home/ec2-user/data/topics/4474 857
@/home/ec2-user/data/topics/4983 858
@/home/ec2-user/data/topics/1246 859
@/home/ec2-user/data/topics/1451 860
@/home/ec2-user/data/topics/4720 861
@/home/ec2-user/data/topics/3398 862
@/home/ec2-user/data/topics/3808 863
三菱電機株式会社

@/home/ec2-user/data/topics/1872 864
@/home/ec2-user/data/topics/2146 864
@/home/ec2-user/data/topics/1738 865
@/home/ec2-user/data/topics/4149 866
@/home/ec2-user/data/topics/4880 867
@/home/ec2-user/data/topics/4663 868
@/home/ec2-user/data/topics/3921 869
@/home/ec2-user/data/topics/3873 870
@/home/ec2-user/data/topics/4076 871
@/home/ec2-user/data/topics/3506 872
@/home/ec2-user/data/topics/4282 873
@/home/ec2-user/data/topics/3841 874
@/home/ec2-user/data/topics/3800 875
@/home/ec2-user/data/topics/3490 876
@/home/ec2-user/data/topics/3493 877
@/home/ec2-user/data/topics/1110 878
@/home/ec2-user/data/topics/4181 879
@/home/ec2-user/data/topics/3666 880
@/home/ec2-user/data/topics/3451 881
@/home/ec2-user/data/topics/1536 882
@/home/ec2-user/data/topics/4233 883
@/home/ec2-user/data/topics/4041 884
@/home/ec2-user/data/topics/3595 885
@/home/ec2-user/data/topics/4305 886
@/home/ec2-user/data/topics/4614 887
@/home/ec2-user/data/topics/3469 888
@/home/ec2-user/data/topics/5033 889
@/home/ec2-user/data/topics/4834 890
@/home/ec2-user/data/topics/4514 891
@/home/ec2-user/data/topics/3592 892
@/home/ec2-user/data/topics/1220 893
@/home/ec2-user/data/topics/3453 894
@/home/ec2-user/data/topics/3612 895
@/home/ec2-user/data/topics/3856 896
@/home/ec2-user/data/topics/3747 897
@/home/ec2-user/data/topics/4419 898
@/home/ec2-user/data/topics/3820 899
@/home/ec2-user/data/topics/3466 900
@/home/ec2-user/data/topics/3774 901
@/home/ec2-user/data/topics/3465 902
@/home/ec2-user/data/topics/4221 903
@/home/ec2-user/data/topics/3409 904
@/home/ec2-user/data/topics/4047 905
@/home/ec2-user/data/topics/3616 906
@/home/ec2-user/data/topics/1754 907
@/home/ec2-user/data/topics/3412 908
@/home/ec2-user/data/topics/5032 909
@/home/ec2-user/data/topics/4562 910
@/home/ec2-user/data/topics/4235 911
@/home/ec2-user/data/topics/4518 912
@/home/ec2-user/data/topics/4552 913
@/home/ec2-user/data/topics/3397 914
@/home/ec2-user/data/topics/4980 915
@/home/ec2-user/data/topics/4220 916
@/home/ec2-user/data/topics/3963 917
@/home/ec2-user/data/topics/1792 918
@/home/ec2-user/data/topics/4133 919
@/home/ec2-user/data/topics/3609 920
住友ゴム工業株式会社

@/home/ec2-user/data/topics/1114 921
@/home/ec2-user/data/topics/4048 921
@/home/ec2-user/data/topics/1758 922
@/home/ec2-user/data/topics/4597 923
@/home/ec2-user/data/topics/4406 924
@/home/ec2-user/data/topics/2007 925
@/home/ec2-user/data/topics/4568 926
セイコーエプソン株式会社

@/home/ec2-user/data/topics/4585 927
@/home/ec2-user/data/topics/1938 927
@/home/ec2-user/data/topics/3819 928
@/home/ec2-user/data/topics/2165 929
@/home/ec2-user/data/topics/4605 930
@/home/ec2-user/data/topics/4801 931
@/home/ec2-user/data/topics/3361 932
@/home/ec2-user/data/topics/3505 933
@/home/ec2-user/data/topics/1423 934
@/home/ec2-user/data/topics/1890 935
@/home/ec2-user/data/topics/2078 936
@/home/ec2-user/data/topics/4802 937
@/home/ec2-user/data/topics/4386 938
@/home/ec2-user/data/topics/4109 939
@/home/ec2-user/data/topics/3589 940
@/home/ec2-user/data/topics/4022 941
@/home/ec2-user/data/topics/3985 942
@/home/ec2-user/data/topics/4719 943
@/home/ec2-user/data/topics/1484 944
@/home/ec2-user/data/topics/3887 945
@/home/ec2-user/data/topics/1378 946
@/home/ec2-user/data/topics/4454 947
@/home/ec2-user/data/topics/1641 948
@/home/ec2-user/data/topics/3910 949
@/home/ec2-user/data/topics/1343 950
@/home/ec2-user/data/topics/3476 951
株式会社三共

@/home/ec2-user/data/topics/1665 952
@/home/ec2-user/data/topics/4374 952
@/home/ec2-user/data/topics/1189 953
@/home/ec2-user/data/topics/1086 954
@/home/ec2-user/data/topics/1377 955
@/home/ec2-user/data/topics/2123 956
@/home/ec2-user/data/topics/2060 957
@/home/ec2-user/data/topics/1648 958
@/home/ec2-user/data/topics/4868 959
沖電気工業株式会社

@/home/ec2-user/data/topics/3690 960
@/home/ec2-user/data/topics/3395 960
@/home/ec2-user/data/topics/3964 961
@/home/ec2-user/data/topics/4299 962
@/home/ec2-user/data/topics/1188 963
@/home/ec2-user/data/topics/3621 964
@/home/ec2-user/data/topics/3571 965
@/home/ec2-user/data/topics/3433 966
@/home/ec2-user/data/topics/1531 967
@/home/ec2-user/data/topics/3764 968
@/home/ec2-user/data/topics/4693 969
@/home/ec2-user/data/topics/3457 970
@/home/ec2-user/data/topics/4308 971
@/home/ec2-user/data/topics/4575 972
株式会社三星

@/home/ec2-user/data/topics/1728 973
@/home/ec2-user/data/topics/1733 973
@/home/ec2-user/data/topics/2198 974
@/home/ec2-user/data/topics/2108 975
@/home/ec2-user/data/topics/1260 976
@/home/ec2-user/data/topics/3942 977
日本ビクター株式会社

@/home/ec2-user/data/topics/4056 978
@/home/ec2-user/data/topics/3620 978
@/home/ec2-user/data/topics/4672 979
@/home/ec2-user/data/topics/1440 980
@/home/ec2-user/data/topics/1823 981
@/home/ec2-user/data/topics/3939 982
@/home/ec2-user/data/topics/4123 983
@/home/ec2-user/data/topics/1520 984
@/home/ec2-user/data/topics/1389 985
@/home/ec2-user/data/topics/3603 986
@/home/ec2-user/data/topics/3882 987
花王株式会社

@/home/ec2-user/data/topics/4211 988
@/home/ec2-user/data/topics/3753 988
@/home/ec2-user/data/topics/4445 989
@/home/ec2-user/data/topics/4249 990
@/home/ec2-user/data/topics/3999 991
@/home/ec2-user/data/topics/3884 992
@/home/ec2-user/data/topics/3812 993
@/home/ec2-user/data/topics/4287 994
@/home/ec2-user/data/topics/2214 995
@/home/ec2-user/data/topics/1767 996
@/home/ec2-user/data/topics/1196 997
@/home/ec2-user/data/topics/4827 998
@/home/ec2-user/data/topics/1022 999
三田工業株式会社

@/home/ec2-user/data/topics/3842 1000
@/home/ec2-user/data/topics/3923 1000
@/home/ec2-user/data/topics/2155 1001
@/home/ec2-user/data/topics/1269 1002
@/home/ec2-user/data/topics/1034 1003
@/home/ec2-user/data/topics/3604 1004
@/home/ec2-user/data/topics/2136 1005
@/home/ec2-user/data/topics/1766 1006
@/home/ec2-user/data/topics/1033 1007
豊丸産業株式会社

@/home/ec2-user/data/topics/1914 1008
@/home/ec2-user/data/topics/4847 1008
@/home/ec2-user/data/topics/2169 1009
@/home/ec2-user/data/topics/1726 1010
@/home/ec2-user/data/topics/1353 1011
@/home/ec2-user/data/topics/1138 1012
@/home/ec2-user/data/topics/1677 1013
@/home/ec2-user/data/topics/1126 1014
@/home/ec2-user/data/topics/1284 1015
@/home/ec2-user/data/topics/1097 1016
@/home/ec2-user/data/topics/3672 1017
@/home/ec2-user/data/topics/1713 1018
@/home/ec2-user/data/topics/1401 1019
@/home/ec2-user/data/topics/2011 1020
@/home/ec2-user/data/topics/1588 1021
鐘紡株式会社

@/home/ec2-user/data/topics/1901 1022
@/home/ec2-user/data/topics/1178 1022
@/home/ec2-user/data/topics/4195 1023
@/home/ec2-user/data/topics/2034 1024
@/home/ec2-user/data/topics/1886 1025
@/home/ec2-user/data/topics/1054 1026
@/home/ec2-user/data/topics/3634 1027
@/home/ec2-user/data/topics/1304 1028
@/home/ec2-user/data/topics/2185 1029
@/home/ec2-user/data/topics/1367 1030
@/home/ec2-user/data/topics/2223 1031
@/home/ec2-user/data/topics/3566 1032
@/home/ec2-user/data/topics/3551 1033
@/home/ec2-user/data/topics/1870 1034
@/home/ec2-user/data/topics/1842 1035
@/home/ec2-user/data/topics/3560 1036
株式会社デンソー

@/home/ec2-user/data/topics/4675 1037
@/home/ec2-user/data/topics/4423 1037
@/home/ec2-user/data/topics/4164 1038
@/home/ec2-user/data/topics/4046 1039
@/home/ec2-user/data/topics/3710 1040
@/home/ec2-user/data/topics/4483 1041
@/home/ec2-user/data/topics/4656 1042
@/home/ec2-user/data/topics/3421 1043
@/home/ec2-user/data/topics/4498 1044
@/home/ec2-user/data/topics/1028 1045
@/home/ec2-user/data/topics/1855 1046
@/home/ec2-user/data/topics/3480 1047
@/home/ec2-user/data/topics/4805 1048
@/home/ec2-user/data/topics/4840 1049
@/home/ec2-user/data/topics/4622 1050
@/home/ec2-user/data/topics/4024 1051
@/home/ec2-user/data/topics/3406 1052
富士写真フイルム株式会社

@/home/ec2-user/data/topics/1570 1053
@/home/ec2-user/data/topics/1603 1053
@/home/ec2-user/data/topics/3447 1054
@/home/ec2-user/data/topics/3911 1055
@/home/ec2-user/data/topics/2134 1056
@/home/ec2-user/data/topics/1662 1057
@/home/ec2-user/data/topics/3857 1058
@/home/ec2-user/data/topics/4962 1059
@/home/ec2-user/data/topics/3918 1060
@/home/ec2-user/data/topics/1244 1061
@/home/ec2-user/data/topics/3354 1062
京セラ株式会社

@/home/ec2-user/data/topics/4340 1063
@/home/ec2-user/data/topics/3741 1063
@/home/ec2-user/data/topics/3869 1064
@/home/ec2-user/data/topics/1485 1065
@/home/ec2-user/data/topics/4513 1066
@/home/ec2-user/data/topics/4901 1067
@/home/ec2-user/data/topics/1913 1068
@/home/ec2-user/data/topics/1741 1069
@/home/ec2-user/data/topics/4031 1070
@/home/ec2-user/data/topics/1708 1071
@/home/ec2-user/data/topics/3615 1072
@/home/ec2-user/data/topics/3593 1073
イビデン株式会社

@/home/ec2-user/data/topics/1336 1074
@/home/ec2-user/data/topics/1682 1074
@/home/ec2-user/data/topics/2033 1075
@/home/ec2-user/data/topics/1315 1076
@/home/ec2-user/data/topics/1770 1077
@/home/ec2-user/data/topics/1952 1078
@/home/ec2-user/data/topics/3814 1079
株式会社東芝

@/home/ec2-user/data/topics/2241 1080
@/home/ec2-user/data/topics/4172 1080
@/home/ec2-user/data/topics/4755 1081
@/home/ec2-user/data/topics/3734 1082
@/home/ec2-user/data/topics/4935 1083
@/home/ec2-user/data/topics/4089 1084
@/home/ec2-user/data/topics/1819 1085
@/home/ec2-user/data/topics/4623 1086
@/home/ec2-user/data/topics/4057 1087
@/home/ec2-user/data/topics/3360 1088
@/home/ec2-user/data/topics/4165 1089
@/home/ec2-user/data/topics/3683 1090
@/home/ec2-user/data/topics/3834 1091
@/home/ec2-user/data/topics/4302 1092
@/home/ec2-user/data/topics/4292 1093
@/home/ec2-user/data/topics/1585 1094
@/home/ec2-user/data/topics/1132 1095
@/home/ec2-user/data/topics/3948 1096
@/home/ec2-user/data/topics/4009 1097
@/home/ec2-user/data/topics/4912 1098
@/home/ec2-user/data/topics/3988 1099
@/home/ec2-user/data/topics/3462 1100
@/home/ec2-user/data/topics/3780 1101
@/home/ec2-user/data/topics/4566 1102
@/home/ec2-user/data/topics/3352 1103
@/home/ec2-user/data/topics/1997 1104
@/home/ec2-user/data/topics/4096 1105
@/home/ec2-user/data/topics/4881 1106
@/home/ec2-user/data/topics/3851 1107
@/home/ec2-user/data/topics/4594 1108
@/home/ec2-user/data/topics/4336 1109
@/home/ec2-user/data/topics/4361 1110
@/home/ec2-user/data/topics/4842 1111
@/home/ec2-user/data/topics/3618 1112
@/home/ec2-user/data/topics/3542 1113
@/home/ec2-user/data/topics/4631 1114
@/home/ec2-user/data/topics/4140 1115
@/home/ec2-user/data/topics/3363 1116
@/home/ec2-user/data/topics/3688 1117
@/home/ec2-user/data/topics/4197 1118
@/home/ec2-user/data/topics/3732 1119
@/home/ec2-user/data/topics/3881 1120
@/home/ec2-user/data/topics/3598 1121
@/home/ec2-user/data/topics/3716 1122
@/home/ec2-user/data/topics/1090 1123
@/home/ec2-user/data/topics/1332 1124
@/home/ec2-user/data/topics/4509 1125
@/home/ec2-user/data/topics/4751 1126
@/home/ec2-user/data/topics/1205 1127
@/home/ec2-user/data/topics/4535 1128
@/home/ec2-user/data/topics/3380 1129
@/home/ec2-user/data/topics/1757 1130
@/home/ec2-user/data/topics/1756 1131
@/home/ec2-user/data/topics/4381 1132
@/home/ec2-user/data/topics/3890 1133
@/home/ec2-user/data/topics/3990 1134
@/home/ec2-user/data/topics/4183 1135
@/home/ec2-user/data/topics/3689 1136
@/home/ec2-user/data/topics/4863 1137
@/home/ec2-user/data/topics/3351 1138
@/home/ec2-user/data/topics/3795 1139
ヤマハ株式会社

@/home/ec2-user/data/topics/1443 1140
@/home/ec2-user/data/topics/1720 1140
@/home/ec2-user/data/topics/4125 1141
@/home/ec2-user/data/topics/4919 1142
@/home/ec2-user/data/topics/1911 1143
@/home/ec2-user/data/topics/4145 1144
@/home/ec2-user/data/topics/3972 1145
@/home/ec2-user/data/topics/4954 1146
@/home/ec2-user/data/topics/4084 1147
@/home/ec2-user/data/topics/4177 1148
@/home/ec2-user/data/topics/4010 1149
@/home/ec2-user/data/topics/4045 1150
@/home/ec2-user/data/topics/1676 1151
東洋紡績株式会社

@/home/ec2-user/data/topics/4366 1152
@/home/ec2-user/data/topics/4284 1152
@/home/ec2-user/data/topics/1613 1153
@/home/ec2-user/data/topics/3769 1154
@/home/ec2-user/data/topics/4362 1155
@/home/ec2-user/data/topics/1029 1156
三菱化学株式会社

@/home/ec2-user/data/topics/3513 1157
@/home/ec2-user/data/topics/1197 1157
@/home/ec2-user/data/topics/1902 1158
@/home/ec2-user/data/topics/3638 1159
@/home/ec2-user/data/topics/1699 1160
@/home/ec2-user/data/topics/3458 1161
カシオ計算機株式会社

@/home/ec2-user/data/topics/1794 1162
@/home/ec2-user/data/topics/1047 1162
@/home/ec2-user/data/topics/1535 1163
@/home/ec2-user/data/topics/1368 1164
@/home/ec2-user/data/topics/2237 1165
@/home/ec2-user/data/topics/3391 1166
@/home/ec2-user/data/topics/1235 1167
@/home/ec2-user/data/topics/2180 1168
コナミ株式会社

@/home/ec2-user/data/topics/2151 1169
@/home/ec2-user/data/topics/4681 1169
@/home/ec2-user/data/topics/1672 1170
@/home/ec2-user/data/topics/2100 1171
@/home/ec2-user/data/topics/1302 1172
@/home/ec2-user/data/topics/4602 1173
@/home/ec2-user/data/topics/5015 1174
@/home/ec2-user/data/topics/1621 1175
大日本スクリーン製造株式会社

@/home/ec2-user/data/topics/1173 1176
@/home/ec2-user/data/topics/1608 1176
@/home/ec2-user/data/topics/1779 1177
@/home/ec2-user/data/topics/2172 1178
@/home/ec2-user/data/topics/3742 1179
@/home/ec2-user/data/topics/1130 1180
@/home/ec2-user/data/topics/2209 1181
オムロン株式会社

@/home/ec2-user/data/topics/3748 1182
@/home/ec2-user/data/topics/1657 1182
@/home/ec2-user/data/topics/1533 1183
@/home/ec2-user/data/topics/1933 1184
@/home/ec2-user/data/topics/1151 1185
@/home/ec2-user/data/topics/3863 1186
@/home/ec2-user/data/topics/3597 1187
@/home/ec2-user/data/topics/4771 1188
@/home/ec2-user/data/topics/3700 1189
@/home/ec2-user/data/topics/1067 1190
@/home/ec2-user/data/topics/1135 1191
@/home/ec2-user/data/topics/2096 1192
@/home/ec2-user/data/topics/1579 1193
@/home/ec2-user/data/topics/1841 1194
@/home/ec2-user/data/topics/3594 1195
株式会社日立製作所

@/home/ec2-user/data/topics/1247 1196
@/home/ec2-user/data/topics/1880 1196
@/home/ec2-user/data/topics/3599 1197
@/home/ec2-user/data/topics/3772 1198
@/home/ec2-user/data/topics/4799 1199
@/home/ec2-user/data/topics/2239 1200
@/home/ec2-user/data/topics/4545 1201
@/home/ec2-user/data/topics/3439 1202
@/home/ec2-user/data/topics/1278 1203
@/home/ec2-user/data/topics/1640 1204
@/home/ec2-user/data/topics/3531 1205
@/home/ec2-user/data/topics/1249 1206
@/home/ec2-user/data/topics/5029 1207
@/home/ec2-user/data/topics/3596 1208
@/home/ec2-user/data/topics/3822 1209
@/home/ec2-user/data/topics/3350 1210
@/home/ec2-user/data/topics/3570 1211
@/home/ec2-user/data/topics/4830 1212
@/home/ec2-user/data/topics/3779 1213
@/home/ec2-user/data/topics/1667 1214
@/home/ec2-user/data/topics/5030 1215
@/home/ec2-user/data/topics/1833 1216
@/home/ec2-user/data/topics/1826 1217
@/home/ec2-user/data/topics/3471 1218
@/home/ec2-user/data/topics/1501 1219
@/home/ec2-user/data/topics/4551 1220
@/home/ec2-user/data/topics/1693 1221
@/home/ec2-user/data/topics/4401 1222
@/home/ec2-user/data/topics/3691 1223
@/home/ec2-user/data/topics/4493 1224
@/home/ec2-user/data/topics/3968 1225
@/home/ec2-user/data/topics/3665 1226
@/home/ec2-user/data/topics/1562 1227
@/home/ec2-user/data/topics/4420 1228
@/home/ec2-user/data/topics/3993 1229
@/home/ec2-user/data/topics/3524 1230
@/home/ec2-user/data/topics/1463 1231
@/home/ec2-user/data/topics/4943 1232
@/home/ec2-user/data/topics/3432 1233
@/home/ec2-user/data/topics/1487 1234
@/home/ec2-user/data/topics/3965 1235
@/home/ec2-user/data/topics/1987 1236
@/home/ec2-user/data/topics/3706 1237
@/home/ec2-user/data/topics/1651 1238
@/home/ec2-user/data/topics/4990 1239
@/home/ec2-user/data/topics/4621 1240
@/home/ec2-user/data/topics/1825 1241
@/home/ec2-user/data/topics/3384 1242
@/home/ec2-user/data/topics/3973 1243
@/home/ec2-user/data/topics/1072 1244
@/home/ec2-user/data/topics/3488 1245
@/home/ec2-user/data/topics/4122 1246
@/home/ec2-user/data/topics/3588 1247
@/home/ec2-user/data/topics/1334 1248
@/home/ec2-user/data/topics/3440 1249
@/home/ec2-user/data/topics/4058 1250
@/home/ec2-user/data/topics/2184 1251
@/home/ec2-user/data/topics/1082 1252
@/home/ec2-user/data/topics/3659 1253
@/home/ec2-user/data/topics/1340 1254
@/home/ec2-user/data/topics/4166 1255
@/home/ec2-user/data/topics/4402 1256
@/home/ec2-user/data/topics/2081 1257
@/home/ec2-user/data/topics/1296 1258
@/home/ec2-user/data/topics/4559 1259
@/home/ec2-user/data/topics/4489 1260
@/home/ec2-user/data/topics/4547 1261
@/home/ec2-user/data/topics/3994 1262
@/home/ec2-user/data/topics/3648 1263
@/home/ec2-user/data/topics/3461 1264
@/home/ec2-user/data/topics/2019 1265
@/home/ec2-user/data/topics/1882 1266
@/home/ec2-user/data/topics/1105 1267
@/home/ec2-user/data/topics/4040 1268
凸版印刷株式会社

@/home/ec2-user/data/topics/4874 1269
@/home/ec2-user/data/topics/1091 1269
@/home/ec2-user/data/topics/1977 1270
@/home/ec2-user/data/topics/3500 1271
@/home/ec2-user/data/topics/3624 1272
@/home/ec2-user/data/topics/1765 1273
@/home/ec2-user/data/topics/3526 1274
株式会社ノーリツ

@/home/ec2-user/data/topics/1760 1275
@/home/ec2-user/data/topics/4776 1275
@/home/ec2-user/data/topics/1598 1276
@/home/ec2-user/data/topics/1290 1277
@/home/ec2-user/data/topics/4206 1278
@/home/ec2-user/data/topics/4354 1279
@/home/ec2-user/data/topics/1618 1280
@/home/ec2-user/data/topics/2116 1281
川崎重工業株式会社

@/home/ec2-user/data/topics/1172 1282
@/home/ec2-user/data/topics/4572 1282
@/home/ec2-user/data/topics/4944 1283
@/home/ec2-user/data/topics/4793 1284
@/home/ec2-user/data/topics/5025 1285
@/home/ec2-user/data/topics/4866 1286
@/home/ec2-user/data/topics/1162 1287
@/home/ec2-user/data/topics/4756 1288
ティーディーケイ株式会社

@/home/ec2-user/data/topics/2202 1289
@/home/ec2-user/data/topics/3909 1289
@/home/ec2-user/data/topics/3792 1290
@/home/ec2-user/data/topics/1510 1291
@/home/ec2-user/data/topics/4619 1292
@/home/ec2-user/data/topics/2210 1293
@/home/ec2-user/data/topics/3798 1294
@/home/ec2-user/data/topics/1129 1295
@/home/ec2-user/data/topics/1409 1296
京セラミタ株式会社

@/home/ec2-user/data/topics/4564 1297
@/home/ec2-user/data/topics/1930 1297
@/home/ec2-user/data/topics/2141 1298
@/home/ec2-user/data/topics/4985 1299
@/home/ec2-user/data/topics/4174 1300
@/home/ec2-user/data/topics/4973 1301
@/home/ec2-user/data/topics/1032 1302
株式会社クボタ

@/home/ec2-user/data/topics/4251 1303
@/home/ec2-user/data/topics/1012 1303
@/home/ec2-user/data/topics/3854 1304
@/home/ec2-user/data/topics/4745 1305
@/home/ec2-user/data/topics/1734 1306
@/home/ec2-user/data/topics/1448 1307
@/home/ec2-user/data/topics/3919 1308
@/home/ec2-user/data/topics/4379 1309
@/home/ec2-user/data/topics/1280 1310
@/home/ec2-user/data/topics/3823 1311
シャープ株式会社

@/home/ec2-user/data/topics/4683 1312
@/home/ec2-user/data/topics/3760 1312
@/home/ec2-user/data/topics/3673 1313
@/home/ec2-user/data/topics/4861 1314
@/home/ec2-user/data/topics/1431 1315
@/home/ec2-user/data/topics/1349 1316
@/home/ec2-user/data/topics/3793 1317
@/home/ec2-user/data/topics/3606 1318
@/home/ec2-user/data/topics/4256 1319
@/home/ec2-user/data/topics/3679 1320
@/home/ec2-user/data/topics/4127 1321
@/home/ec2-user/data/topics/3832 1322
@/home/ec2-user/data/topics/1384 1323
@/home/ec2-user/data/topics/1396 1324
@/home/ec2-user/data/topics/4019 1325
@/home/ec2-user/data/topics/1258 1326
@/home/ec2-user/data/topics/1209 1327
@/home/ec2-user/data/topics/3978 1328
@/home/ec2-user/data/topics/3941 1329
@/home/ec2-user/data/topics/1561 1330
@/home/ec2-user/data/topics/2087 1331
@/home/ec2-user/data/topics/4252 1332
@/home/ec2-user/data/topics/4691 1333
@/home/ec2-user/data/topics/1840 1334
@/home/ec2-user/data/topics/4214 1335
@/home/ec2-user/data/topics/4103 1336
@/home/ec2-user/data/topics/3762 1337
@/home/ec2-user/data/topics/3422 1338
@/home/ec2-user/data/topics/1804 1339
@/home/ec2-user/data/topics/3698 1340
@/home/ec2-user/data/topics/4263 1341
@/home/ec2-user/data/topics/1154 1342
@/home/ec2-user/data/topics/3452 1343
@/home/ec2-user/data/topics/1288 1344
@/home/ec2-user/data/topics/3957 1345
@/home/ec2-user/data/topics/3777 1346
@/home/ec2-user/data/topics/3610 1347
@/home/ec2-user/data/topics/4648 1348
@/home/ec2-user/data/topics/3966 1349
@/home/ec2-user/data/topics/4430 1350
@/home/ec2-user/data/topics/1970 1351
@/home/ec2-user/data/topics/3895 1352
@/home/ec2-user/data/topics/4583 1353
@/home/ec2-user/data/topics/3776 1354
@/home/ec2-user/data/topics/3649 1355
@/home/ec2-user/data/topics/4152 1356
@/home/ec2-user/data/topics/3537 1357
@/home/ec2-user/data/topics/4245 1358
@/home/ec2-user/data/topics/2118 1359
@/home/ec2-user/data/topics/1965 1360
@/home/ec2-user/data/topics/3813 1361
@/home/ec2-user/data/topics/1685 1362
@/home/ec2-user/data/topics/3981 1363
@/home/ec2-user/data/topics/3871 1364
@/home/ec2-user/data/topics/1419 1365
@/home/ec2-user/data/topics/4173 1366
@/home/ec2-user/data/topics/4469 1367
@/home/ec2-user/data/topics/3858 1368
@/home/ec2-user/data/topics/4516 1369
@/home/ec2-user/data/topics/4230 1370
@/home/ec2-user/data/topics/4095 1371
@/home/ec2-user/data/topics/3678 1372
@/home/ec2-user/data/topics/4744 1373
@/home/ec2-user/data/topics/3450 1374
@/home/ec2-user/data/topics/4228 1375
@/home/ec2-user/data/topics/1563 1376
@/home/ec2-user/data/topics/4717 1377
@/home/ec2-user/data/topics/4105 1378
@/home/ec2-user/data/topics/1318 1379
@/home/ec2-user/data/topics/4349 1380
@/home/ec2-user/data/topics/3855 1381
@/home/ec2-user/data/topics/3578 1382
@/home/ec2-user/data/topics/4005 1383
@/home/ec2-user/data/topics/2020 1384
@/home/ec2-user/data/topics/4323 1385
@/home/ec2-user/data/topics/4782 1386
@/home/ec2-user/data/topics/1174 1387
@/home/ec2-user/data/topics/4124 1388
@/home/ec2-user/data/topics/4519 1389
@/home/ec2-user/data/topics/2084 1390
@/home/ec2-user/data/topics/4113 1391
日本輸送機株式会社

@/home/ec2-user/data/topics/3573 1392
@/home/ec2-user/data/topics/2221 1392
@/home/ec2-user/data/topics/1493 1393
@/home/ec2-user/data/topics/2065 1394
@/home/ec2-user/data/topics/1940 1395
@/home/ec2-user/data/topics/1191 1396
@/home/ec2-user/data/topics/1456 1397
@/home/ec2-user/data/topics/1108 1398
東京エレクトロン株式会社

@/home/ec2-user/data/topics/1508 1399
@/home/ec2-user/data/topics/4702 1399
@/home/ec2-user/data/topics/4906 1400
@/home/ec2-user/data/topics/4002 1401
@/home/ec2-user/data/topics/4023 1402
@/home/ec2-user/data/topics/4345 1403
@/home/ec2-user/data/topics/1800 1404
@/home/ec2-user/data/topics/1736 1405
@/home/ec2-user/data/topics/4618 1406
@/home/ec2-user/data/topics/4053 1407
@/home/ec2-user/data/topics/1263 1408
@/home/ec2-user/data/topics/3947 1409
株式会社村田製作所

@/home/ec2-user/data/topics/2229 1410
@/home/ec2-user/data/topics/3482 1410
@/home/ec2-user/data/topics/3885 1411
@/home/ec2-user/data/topics/4042 1412
@/home/ec2-user/data/topics/4163 1413
@/home/ec2-user/data/topics/4070 1414
@/home/ec2-user/data/topics/4703 1415
@/home/ec2-user/data/topics/3435 1416
@/home/ec2-user/data/topics/4378 1417
@/home/ec2-user/data/topics/4432 1418
@/home/ec2-user/data/topics/1374 1419
@/home/ec2-user/data/topics/1411 1420
@/home/ec2-user/data/topics/4325 1421
@/home/ec2-user/data/topics/3697 1422
@/home/ec2-user/data/topics/4795 1423
@/home/ec2-user/data/topics/4271 1424
@/home/ec2-user/data/topics/4417 1425
日本電信電話株式会社

@/home/ec2-user/data/topics/2130 1426
@/home/ec2-user/data/topics/4925 1426
@/home/ec2-user/data/topics/3650 1427
@/home/ec2-user/data/topics/4118 1428
@/home/ec2-user/data/topics/4836 1429
@/home/ec2-user/data/topics/1230 1430
@/home/ec2-user/data/topics/4115 1431
@/home/ec2-user/data/topics/3927 1432
@/home/ec2-user/data/topics/4952 1433
@/home/ec2-user/data/topics/4511 1434
@/home/ec2-user/data/topics/3928 1435
@/home/ec2-user/data/topics/4025 1436
@/home/ec2-user/data/topics/4104 1437
@/home/ec2-user/data/topics/3568 1438
@/home/ec2-user/data/topics/1809 1439
@/home/ec2-user/data/topics/4087 1440
@/home/ec2-user/data/topics/3811 1441
@/home/ec2-user/data/topics/4208 1442
@/home/ec2-user/data/topics/3509 1443
@/home/ec2-user/data/topics/4865 1444
@/home/ec2-user/data/topics/3824 1445
@/home/ec2-user/data/topics/3521 1446
@/home/ec2-user/data/topics/3915 1447
@/home/ec2-user/data/topics/1229 1448
@/home/ec2-user/data/topics/3425 1449
@/home/ec2-user/data/topics/4965 1450
@/home/ec2-user/data/topics/4488 1451
@/home/ec2-user/data/topics/3785 1452
@/home/ec2-user/data/topics/4175 1453
@/home/ec2-user/data/topics/4964 1454
@/home/ec2-user/data/topics/4146 1455
@/home/ec2-user/data/topics/3536 1456
@/home/ec2-user/data/topics/4792 1457
@/home/ec2-user/data/topics/3641 1458
@/home/ec2-user/data/topics/4131 1459
@/home/ec2-user/data/topics/3544 1460
@/home/ec2-user/data/topics/4232 1461
@/home/ec2-user/data/topics/4114 1462
@/home/ec2-user/data/topics/1556 1463
@/home/ec2-user/data/topics/3586 1464
@/home/ec2-user/data/topics/4443 1465
@/home/ec2-user/data/topics/3894 1466
@/home/ec2-user/data/topics/1042 1467
@/home/ec2-user/data/topics/4870 1468
@/home/ec2-user/data/topics/4335 1469
@/home/ec2-user/data/topics/3552 1470
@/home/ec2-user/data/topics/1934 1471
@/home/ec2-user/data/topics/4560 1472
@/home/ec2-user/data/topics/4664 1473
@/home/ec2-user/data/topics/4121 1474
@/home/ec2-user/data/topics/1787 1475
@/home/ec2-user/data/topics/2017 1476
@/home/ec2-user/data/topics/3359 1477
@/home/ec2-user/data/topics/4916 1478
@/home/ec2-user/data/topics/4505 1479
@/home/ec2-user/data/topics/1408 1480
日本鋼管株式会社

@/home/ec2-user/data/topics/1690 1481
@/home/ec2-user/data/topics/3572 1481
@/home/ec2-user/data/topics/4289 1482
@/home/ec2-user/data/topics/2095 1483
@/home/ec2-user/data/topics/4455 1484
@/home/ec2-user/data/topics/4161 1485
@/home/ec2-user/data/topics/1404 1486
株式会社神戸製鋼所

@/home/ec2-user/data/topics/3674 1487
@/home/ec2-user/data/topics/3902 1487
@/home/ec2-user/data/topics/1465 1488
@/home/ec2-user/data/topics/4949 1489
@/home/ec2-user/data/topics/2064 1490
@/home/ec2-user/data/topics/3475 1491
@/home/ec2-user/data/topics/3632 1492
株式会社ケンウッド

@/home/ec2-user/data/topics/1698 1493
@/home/ec2-user/data/topics/1617 1493
@/home/ec2-user/data/topics/3463 1494
@/home/ec2-user/data/topics/3969 1495
@/home/ec2-user/data/topics/3794 1496
@/home/ec2-user/data/topics/3977 1497
@/home/ec2-user/data/topics/1424 1498
@/home/ec2-user/data/topics/1896 1499
@/home/ec2-user/data/topics/4038 1500
@/home/ec2-user/data/topics/3878 1501
@/home/ec2-user/data/topics/1115 1502
@/home/ec2-user/data/topics/1241 1503
@/home/ec2-user/data/topics/4050 1504
@/home/ec2-user/data/topics/1345 1505
@/home/ec2-user/data/topics/2163 1506
@/home/ec2-user/data/topics/4167 1507
@/home/ec2-user/data/topics/3801 1508
@/home/ec2-user/data/topics/3839 1509
@/home/ec2-user/data/topics/1186 1510
@/home/ec2-user/data/topics/2036 1511
@/home/ec2-user/data/topics/4467 1512
東陶機器株式会社

@/home/ec2-user/data/topics/1626 1513
@/home/ec2-user/data/topics/1692 1513
@/home/ec2-user/data/topics/1735 1514
@/home/ec2-user/data/topics/2135 1515
@/home/ec2-user/data/topics/3821 1516
@/home/ec2-user/data/topics/3583 1517
本田技研工業株式会社

@/home/ec2-user/data/topics/1226 1518
@/home/ec2-user/data/topics/1143 1518
@/home/ec2-user/data/topics/2000 1519
@/home/ec2-user/data/topics/4331 1520
@/home/ec2-user/data/topics/1818 1521
@/home/ec2-user/data/topics/2016 1522
@/home/ec2-user/data/topics/4199 1523
@/home/ec2-user/data/topics/5026 1524
@/home/ec2-user/data/topics/1215 1525
@/home/ec2-user/data/topics/1822 1526
@/home/ec2-user/data/topics/4783 1527
@/home/ec2-user/data/topics/1605 1528
@/home/ec2-user/data/topics/4375 1529
@/home/ec2-user/data/topics/4132 1530
@/home/ec2-user/data/topics/4033 1531
@/home/ec2-user/data/topics/1266 1532
@/home/ec2-user/data/topics/4888 1533
@/home/ec2-user/data/topics/3685 1534
@/home/ec2-user/data/topics/1444 1535
新日本製鐵株式会社

@/home/ec2-user/data/topics/3861 1536
@/home/ec2-user/data/topics/3368 1536
@/home/ec2-user/data/topics/5008 1537
@/home/ec2-user/data/topics/3663 1538
@/home/ec2-user/data/topics/4472 1539
@/home/ec2-user/data/topics/3899 1540
松下電工株式会社

@/home/ec2-user/data/topics/4083 1541
@/home/ec2-user/data/topics/1311 1541
@/home/ec2-user/data/topics/2045 1542
@/home/ec2-user/data/topics/3565 1543
@/home/ec2-user/data/topics/4029 1544
@/home/ec2-user/data/topics/3670 1545
@/home/ec2-user/data/topics/3778 1546
@/home/ec2-user/data/topics/4347 1547
@/home/ec2-user/data/topics/1803 1548
@/home/ec2-user/data/topics/4592 1549
@/home/ec2-user/data/topics/3651 1550
@/home/ec2-user/data/topics/4094 1551
@/home/ec2-user/data/topics/3835 1552
@/home/ec2-user/data/topics/4450 1553
@/home/ec2-user/data/topics/1251 1554
@/home/ec2-user/data/topics/4012 1555
@/home/ec2-user/data/topics/3932 1556
@/home/ec2-user/data/topics/3379 1557
@/home/ec2-user/data/topics/1011 1558
@/home/ec2-user/data/topics/3511 1559
@/home/ec2-user/data/topics/4317 1560
@/home/ec2-user/data/topics/3549 1561
usernum: 72
simhit: 813
simmax: 0.600894522944
simmin: 0.0
simavg: 0.196413852457
total: 1562
simhit/total: 0.520486555698

2017-01-17 16:46:14.704048
