2017-01-17 15:25:03.437689

topic-folder:/home/ec2-user/data/topics/
cl-file:rand6
cl-floder:/home/ec2-user/data/ldaclass-64-2000-top1000/
zipf:0.2
stype[0(tfidf)/1(tfidf2)/2(lsa)/3(lda)]:3
dtype[<0(diff*rand)/0(diff)/1(same)/>=2(diff*same)]:1
output-floder:thesis/

三菱マテリアル株式会社

@/home/ec2-user/data/topics/2093 0
@/home/ec2-user/data/topics/3866 0
@/home/ec2-user/data/topics/3546 1
@/home/ec2-user/data/topics/3630 2
@/home/ec2-user/data/topics/3520 3
@/home/ec2-user/data/topics/1085 4
@/home/ec2-user/data/topics/3470 5
@/home/ec2-user/data/topics/1638 6
日本精機株式会社

@/home/ec2-user/data/topics/4907 7
@/home/ec2-user/data/topics/4709 7
@/home/ec2-user/data/topics/4690 8
@/home/ec2-user/data/topics/1398 9
@/home/ec2-user/data/topics/4972 10
@/home/ec2-user/data/topics/4875 11
コニカ株式会社

@/home/ec2-user/data/topics/1946 12
@/home/ec2-user/data/topics/3419 12
@/home/ec2-user/data/topics/3418 13
@/home/ec2-user/data/topics/3431 14
@/home/ec2-user/data/topics/3533 15
@/home/ec2-user/data/topics/2162 16
@/home/ec2-user/data/topics/3414 17
@/home/ec2-user/data/topics/3370 18
@/home/ec2-user/data/topics/3426 19
@/home/ec2-user/data/topics/3486 20
@/home/ec2-user/data/topics/3357 21
埼玉日本電気株式会社

@/home/ec2-user/data/topics/4283 22
@/home/ec2-user/data/topics/1620 22
@/home/ec2-user/data/topics/4242 23
@/home/ec2-user/data/topics/1512 24
@/home/ec2-user/data/topics/4496 25
@/home/ec2-user/data/topics/4998 26
@/home/ec2-user/data/topics/4468 27
@/home/ec2-user/data/topics/5010 28
@/home/ec2-user/data/topics/4279 29
アルプス電気株式会社

@/home/ec2-user/data/topics/3582 30
@/home/ec2-user/data/topics/2012 30
@/home/ec2-user/data/topics/4791 31
@/home/ec2-user/data/topics/3429 32
@/home/ec2-user/data/topics/1434 33
@/home/ec2-user/data/topics/1253 34
@/home/ec2-user/data/topics/2089 35
三菱重工業株式会社

@/home/ec2-user/data/topics/3833 36
@/home/ec2-user/data/topics/4882 36
@/home/ec2-user/data/topics/3503 37
@/home/ec2-user/data/topics/5022 38
@/home/ec2-user/data/topics/3637 39
@/home/ec2-user/data/topics/3591 40
@/home/ec2-user/data/topics/4862 41
@/home/ec2-user/data/topics/4687 42
@/home/ec2-user/data/topics/4563 43
@/home/ec2-user/data/topics/4412 44
@/home/ec2-user/data/topics/3529 45
@/home/ec2-user/data/topics/3944 46
村田機械株式会社

@/home/ec2-user/data/topics/4556 47
@/home/ec2-user/data/topics/3528 47
@/home/ec2-user/data/topics/4645 48
@/home/ec2-user/data/topics/5000 49
@/home/ec2-user/data/topics/4596 50
@/home/ec2-user/data/topics/4941 51
@/home/ec2-user/data/topics/1074 52
@/home/ec2-user/data/topics/1511 53
@/home/ec2-user/data/topics/4570 54
@/home/ec2-user/data/topics/1607 55
@/home/ec2-user/data/topics/4638 56
@/home/ec2-user/data/topics/4835 57
@/home/ec2-user/data/topics/4565 58
@/home/ec2-user/data/topics/3740 59
@/home/ec2-user/data/topics/4441 60
@/home/ec2-user/data/topics/1293 61
@/home/ec2-user/data/topics/4746 62
川崎製鉄株式会社

@/home/ec2-user/data/topics/3929 63
@/home/ec2-user/data/topics/1037 63
@/home/ec2-user/data/topics/4615 64
@/home/ec2-user/data/topics/3483 65
@/home/ec2-user/data/topics/3532 66
@/home/ec2-user/data/topics/3413 67
@/home/ec2-user/data/topics/1459 68
@/home/ec2-user/data/topics/3611 69
@/home/ec2-user/data/topics/3553 70
ダイキン工業株式会社

@/home/ec2-user/data/topics/4515 71
@/home/ec2-user/data/topics/1565 71
@/home/ec2-user/data/topics/4858 72
@/home/ec2-user/data/topics/4753 73
@/home/ec2-user/data/topics/4701 74
@/home/ec2-user/data/topics/4734 75
@/home/ec2-user/data/topics/3888 76
@/home/ec2-user/data/topics/1600 77
@/home/ec2-user/data/topics/4367 78
@/home/ec2-user/data/topics/4845 79
@/home/ec2-user/data/topics/4400 80
三菱自動車工業株式会社

@/home/ec2-user/data/topics/1428 81
@/home/ec2-user/data/topics/2101 81
@/home/ec2-user/data/topics/3502 82
@/home/ec2-user/data/topics/3940 83
@/home/ec2-user/data/topics/4189 84
@/home/ec2-user/data/topics/1527 85
@/home/ec2-user/data/topics/1816 86
@/home/ec2-user/data/topics/3815 87
日産自動車株式会社

@/home/ec2-user/data/topics/3501 88
@/home/ec2-user/data/topics/3829 88
@/home/ec2-user/data/topics/3677 89
@/home/ec2-user/data/topics/4982 90
@/home/ec2-user/data/topics/3936 91
@/home/ec2-user/data/topics/3723 92
@/home/ec2-user/data/topics/4074 93
@/home/ec2-user/data/topics/3712 94
@/home/ec2-user/data/topics/3489 95
@/home/ec2-user/data/topics/3645 96
@/home/ec2-user/data/topics/3497 97
トヨタ自動車株式会社

@/home/ec2-user/data/topics/3481 98
@/home/ec2-user/data/topics/3671 98
@/home/ec2-user/data/topics/4617 99
@/home/ec2-user/data/topics/4064 100
@/home/ec2-user/data/topics/1551 101
@/home/ec2-user/data/topics/4030 102
@/home/ec2-user/data/topics/2218 103
@/home/ec2-user/data/topics/3731 104
@/home/ec2-user/data/topics/4426 105
@/home/ec2-user/data/topics/4298 106
@/home/ec2-user/data/topics/4144 107
@/home/ec2-user/data/topics/4767 108
@/home/ec2-user/data/topics/4647 109
@/home/ec2-user/data/topics/4008 110
@/home/ec2-user/data/topics/1494 111
@/home/ec2-user/data/topics/4543 112
@/home/ec2-user/data/topics/3725 113
@/home/ec2-user/data/topics/4658 114
@/home/ec2-user/data/topics/4633 115
@/home/ec2-user/data/topics/4346 116
@/home/ec2-user/data/topics/3758 117
@/home/ec2-user/data/topics/3783 118
@/home/ec2-user/data/topics/3405 119
@/home/ec2-user/data/topics/4920 120
@/home/ec2-user/data/topics/3699 121
@/home/ec2-user/data/topics/3587 122
@/home/ec2-user/data/topics/3943 123
@/home/ec2-user/data/topics/3356 124
@/home/ec2-user/data/topics/2111 125
オリンパス光学工業株式会社

@/home/ec2-user/data/topics/4878 126
@/home/ec2-user/data/topics/1739 126
@/home/ec2-user/data/topics/4013 127
@/home/ec2-user/data/topics/5006 128
@/home/ec2-user/data/topics/1586 129
@/home/ec2-user/data/topics/1835 130
@/home/ec2-user/data/topics/1107 131
@/home/ec2-user/data/topics/1981 132
@/home/ec2-user/data/topics/1869 133
@/home/ec2-user/data/topics/2026 134
@/home/ec2-user/data/topics/1155 135
@/home/ec2-user/data/topics/4007 136
ブラザー工業株式会社

@/home/ec2-user/data/topics/2085 137
@/home/ec2-user/data/topics/1636 137
@/home/ec2-user/data/topics/1183 138
@/home/ec2-user/data/topics/1076 139
@/home/ec2-user/data/topics/3477 140
@/home/ec2-user/data/topics/3613 141
@/home/ec2-user/data/topics/1300 142
@/home/ec2-user/data/topics/3789 143
@/home/ec2-user/data/topics/4548 144
@/home/ec2-user/data/topics/1697 145
@/home/ec2-user/data/topics/3686 146
@/home/ec2-user/data/topics/1906 147
@/home/ec2-user/data/topics/3507 148
@/home/ec2-user/data/topics/1164 149
@/home/ec2-user/data/topics/2086 150
富士通株式会社

@/home/ec2-user/data/topics/3799 151
@/home/ec2-user/data/topics/4191 151
@/home/ec2-user/data/topics/3749 152
@/home/ec2-user/data/topics/3400 153
@/home/ec2-user/data/topics/3636 154
@/home/ec2-user/data/topics/2215 155
@/home/ec2-user/data/topics/3970 156
@/home/ec2-user/data/topics/3850 157
@/home/ec2-user/data/topics/3428 158
@/home/ec2-user/data/topics/5004 159
@/home/ec2-user/data/topics/1547 160
@/home/ec2-user/data/topics/3870 161
@/home/ec2-user/data/topics/3765 162
@/home/ec2-user/data/topics/2216 163
@/home/ec2-user/data/topics/3962 164
@/home/ec2-user/data/topics/3399 165
@/home/ec2-user/data/topics/3862 166
@/home/ec2-user/data/topics/3751 167
@/home/ec2-user/data/topics/2227 168
@/home/ec2-user/data/topics/1123 169
@/home/ec2-user/data/topics/3538 170
@/home/ec2-user/data/topics/3460 171
@/home/ec2-user/data/topics/1609 172
@/home/ec2-user/data/topics/3883 173
@/home/ec2-user/data/topics/1874 174
@/home/ec2-user/data/topics/1998 175
@/home/ec2-user/data/topics/1264 176
@/home/ec2-user/data/topics/3802 177
@/home/ec2-user/data/topics/3381 178
@/home/ec2-user/data/topics/1271 179
@/home/ec2-user/data/topics/3846 180
@/home/ec2-user/data/topics/3912 181
静岡日本電気株式会社

@/home/ec2-user/data/topics/4314 182
@/home/ec2-user/data/topics/4507 182
@/home/ec2-user/data/topics/4326 183
@/home/ec2-user/data/topics/4531 184
@/home/ec2-user/data/topics/4250 185
@/home/ec2-user/data/topics/4365 186
住友重機械工業株式会社

@/home/ec2-user/data/topics/3868 187
@/home/ec2-user/data/topics/1900 187
@/home/ec2-user/data/topics/2039 188
@/home/ec2-user/data/topics/1019 189
@/home/ec2-user/data/topics/3952 190
@/home/ec2-user/data/topics/1505 191
@/home/ec2-user/data/topics/1373 192
@/home/ec2-user/data/topics/1553 193
@/home/ec2-user/data/topics/4854 194
大日本印刷株式会社

@/home/ec2-user/data/topics/1145 195
@/home/ec2-user/data/topics/3388 195
@/home/ec2-user/data/topics/1564 196
@/home/ec2-user/data/topics/1262 197
@/home/ec2-user/data/topics/3569 198
@/home/ec2-user/data/topics/1099 199
日本電気株式会社

@/home/ec2-user/data/topics/4319 200
@/home/ec2-user/data/topics/3956 200
@/home/ec2-user/data/topics/4486 201
@/home/ec2-user/data/topics/4584 202
@/home/ec2-user/data/topics/4359 203
@/home/ec2-user/data/topics/4764 204
@/home/ec2-user/data/topics/4278 205
@/home/ec2-user/data/topics/2022 206
@/home/ec2-user/data/topics/4257 207
@/home/ec2-user/data/topics/4267 208
@/home/ec2-user/data/topics/2119 209
@/home/ec2-user/data/topics/4116 210
@/home/ec2-user/data/topics/1567 211
@/home/ec2-user/data/topics/4537 212
@/home/ec2-user/data/topics/4689 213
@/home/ec2-user/data/topics/1923 214
@/home/ec2-user/data/topics/4272 215
@/home/ec2-user/data/topics/3995 216
@/home/ec2-user/data/topics/4273 217
@/home/ec2-user/data/topics/4665 218
@/home/ec2-user/data/topics/4447 219
@/home/ec2-user/data/topics/4275 220
@/home/ec2-user/data/topics/1815 221
@/home/ec2-user/data/topics/1661 222
@/home/ec2-user/data/topics/4433 223
@/home/ec2-user/data/topics/1500 224
@/home/ec2-user/data/topics/4158 225
@/home/ec2-user/data/topics/1464 226
@/home/ec2-user/data/topics/3897 227
@/home/ec2-user/data/topics/4490 228
@/home/ec2-user/data/topics/4388 229
@/home/ec2-user/data/topics/4651 230
@/home/ec2-user/data/topics/1764 231
@/home/ec2-user/data/topics/4750 232
@/home/ec2-user/data/topics/4460 233
@/home/ec2-user/data/topics/1937 234
@/home/ec2-user/data/topics/4650 235
@/home/ec2-user/data/topics/1634 236
@/home/ec2-user/data/topics/4659 237
@/home/ec2-user/data/topics/3767 238
@/home/ec2-user/data/topics/4785 239
@/home/ec2-user/data/topics/1891 240
@/home/ec2-user/data/topics/4477 241
@/home/ec2-user/data/topics/1199 242
@/home/ec2-user/data/topics/4260 243
@/home/ec2-user/data/topics/4342 244
@/home/ec2-user/data/topics/4549 245
@/home/ec2-user/data/topics/4003 246
@/home/ec2-user/data/topics/3724 247
@/home/ec2-user/data/topics/1844 248
@/home/ec2-user/data/topics/4093 249
@/home/ec2-user/data/topics/4236 250
@/home/ec2-user/data/topics/4393 251
@/home/ec2-user/data/topics/4877 252
@/home/ec2-user/data/topics/2031 253
@/home/ec2-user/data/topics/1122 254
@/home/ec2-user/data/topics/3865 255
@/home/ec2-user/data/topics/4258 256
@/home/ec2-user/data/topics/4162 257
@/home/ec2-user/data/topics/1724 258
@/home/ec2-user/data/topics/4626 259
@/home/ec2-user/data/topics/4137 260
@/home/ec2-user/data/topics/4532 261
@/home/ec2-user/data/topics/2144 262
@/home/ec2-user/data/topics/4082 263
@/home/ec2-user/data/topics/4442 264
@/home/ec2-user/data/topics/4168 265
@/home/ec2-user/data/topics/1100 266
@/home/ec2-user/data/topics/4595 267
@/home/ec2-user/data/topics/4561 268
@/home/ec2-user/data/topics/4138 269
@/home/ec2-user/data/topics/4497 270
@/home/ec2-user/data/topics/4578 271
@/home/ec2-user/data/topics/1044 272
@/home/ec2-user/data/topics/1364 273
@/home/ec2-user/data/topics/4371 274
@/home/ec2-user/data/topics/1281 275
@/home/ec2-user/data/topics/3938 276
@/home/ec2-user/data/topics/4816 277
@/home/ec2-user/data/topics/4142 278
@/home/ec2-user/data/topics/1928 279
@/home/ec2-user/data/topics/4418 280
@/home/ec2-user/data/topics/1879 281
@/home/ec2-user/data/topics/4480 282
@/home/ec2-user/data/topics/4240 283
@/home/ec2-user/data/topics/4313 284
@/home/ec2-user/data/topics/1624 285
@/home/ec2-user/data/topics/4119 286
@/home/ec2-user/data/topics/3954 287
@/home/ec2-user/data/topics/4216 288
@/home/ec2-user/data/topics/4427 289
@/home/ec2-user/data/topics/4343 290
@/home/ec2-user/data/topics/4186 291
@/home/ec2-user/data/topics/4171 292
@/home/ec2-user/data/topics/1557 293
@/home/ec2-user/data/topics/4097 294
@/home/ec2-user/data/topics/1852 295
@/home/ec2-user/data/topics/1948 296
@/home/ec2-user/data/topics/4398 297
@/home/ec2-user/data/topics/1486 298
@/home/ec2-user/data/topics/1016 299
@/home/ec2-user/data/topics/4742 300
@/home/ec2-user/data/topics/4533 301
@/home/ec2-user/data/topics/2088 302
@/home/ec2-user/data/topics/4352 303
@/home/ec2-user/data/topics/4824 304
@/home/ec2-user/data/topics/4281 305
@/home/ec2-user/data/topics/1457 306
@/home/ec2-user/data/topics/4288 307
@/home/ec2-user/data/topics/4613 308
@/home/ec2-user/data/topics/1362 309
@/home/ec2-user/data/topics/4244 310
@/home/ec2-user/data/topics/4309 311
@/home/ec2-user/data/topics/4598 312
@/home/ec2-user/data/topics/4128 313
@/home/ec2-user/data/topics/5034 314
@/home/ec2-user/data/topics/1116 315
@/home/ec2-user/data/topics/4759 316
@/home/ec2-user/data/topics/2041 317
@/home/ec2-user/data/topics/4404 318
@/home/ec2-user/data/topics/4315 319
@/home/ec2-user/data/topics/1973 320
@/home/ec2-user/data/topics/4209 321
@/home/ec2-user/data/topics/3886 322
@/home/ec2-user/data/topics/4390 323
@/home/ec2-user/data/topics/4699 324
@/home/ec2-user/data/topics/4644 325
@/home/ec2-user/data/topics/1523 326
@/home/ec2-user/data/topics/1783 327
@/home/ec2-user/data/topics/4926 328
@/home/ec2-user/data/topics/4134 329
@/home/ec2-user/data/topics/4643 330
@/home/ec2-user/data/topics/2166 331
@/home/ec2-user/data/topics/4749 332
@/home/ec2-user/data/topics/4100 333
@/home/ec2-user/data/topics/4154 334
@/home/ec2-user/data/topics/4310 335
@/home/ec2-user/data/topics/1383 336
@/home/ec2-user/data/topics/4204 337
@/home/ec2-user/data/topics/4892 338
@/home/ec2-user/data/topics/4760 339
@/home/ec2-user/data/topics/4247 340
@/home/ec2-user/data/topics/4320 341
@/home/ec2-user/data/topics/4062 342
@/home/ec2-user/data/topics/4775 343
@/home/ec2-user/data/topics/4725 344
@/home/ec2-user/data/topics/1101 345
@/home/ec2-user/data/topics/4708 346
@/home/ec2-user/data/topics/4485 347
@/home/ec2-user/data/topics/4254 348
@/home/ec2-user/data/topics/4682 349
@/home/ec2-user/data/topics/1360 350
@/home/ec2-user/data/topics/4838 351
@/home/ec2-user/data/topics/3875 352
@/home/ec2-user/data/topics/4196 353
@/home/ec2-user/data/topics/4246 354
@/home/ec2-user/data/topics/1773 355
@/home/ec2-user/data/topics/4300 356
@/home/ec2-user/data/topics/4081 357
@/home/ec2-user/data/topics/3744 358
@/home/ec2-user/data/topics/1710 359
@/home/ec2-user/data/topics/4902 360
@/home/ec2-user/data/topics/4458 361
@/home/ec2-user/data/topics/1867 362
@/home/ec2-user/data/topics/4425 363
@/home/ec2-user/data/topics/4129 364
@/home/ec2-user/data/topics/4634 365
@/home/ec2-user/data/topics/4718 366
@/home/ec2-user/data/topics/3853 367
@/home/ec2-user/data/topics/4808 368
@/home/ec2-user/data/topics/4657 369
@/home/ec2-user/data/topics/4728 370
@/home/ec2-user/data/topics/4536 371
@/home/ec2-user/data/topics/1078 372
@/home/ec2-user/data/topics/4192 373
@/home/ec2-user/data/topics/4414 374
@/home/ec2-user/data/topics/3766 375
@/home/ec2-user/data/topics/4227 376
@/home/ec2-user/data/topics/1112 377
@/home/ec2-user/data/topics/4876 378
@/home/ec2-user/data/topics/4696 379
@/home/ec2-user/data/topics/4440 380
@/home/ec2-user/data/topics/2127 381
@/home/ec2-user/data/topics/1612 382
@/home/ec2-user/data/topics/4185 383
@/home/ec2-user/data/topics/4017 384
@/home/ec2-user/data/topics/4207 385
@/home/ec2-user/data/topics/4850 386
@/home/ec2-user/data/topics/4770 387
@/home/ec2-user/data/topics/4092 388
@/home/ec2-user/data/topics/4276 389
@/home/ec2-user/data/topics/4530 390
@/home/ec2-user/data/topics/4721 391
@/home/ec2-user/data/topics/4446 392
@/home/ec2-user/data/topics/4238 393
@/home/ec2-user/data/topics/4318 394
@/home/ec2-user/data/topics/1326 395
@/home/ec2-user/data/topics/1791 396
@/home/ec2-user/data/topics/4360 397
@/home/ec2-user/data/topics/4940 398
@/home/ec2-user/data/topics/2150 399
@/home/ec2-user/data/topics/4779 400
@/home/ec2-user/data/topics/1052 401
@/home/ec2-user/data/topics/4646 402
@/home/ec2-user/data/topics/4243 403
@/home/ec2-user/data/topics/4153 404
@/home/ec2-user/data/topics/4071 405
@/home/ec2-user/data/topics/3729 406
@/home/ec2-user/data/topics/4666 407
@/home/ec2-user/data/topics/4603 408
@/home/ec2-user/data/topics/1595 409
@/home/ec2-user/data/topics/4389 410
@/home/ec2-user/data/topics/3896 411
@/home/ec2-user/data/topics/4434 412
@/home/ec2-user/data/topics/4429 413
@/home/ec2-user/data/topics/4063 414
@/home/ec2-user/data/topics/4120 415
@/home/ec2-user/data/topics/4338 416
@/home/ec2-user/data/topics/3971 417
@/home/ec2-user/data/topics/4609 418
松下電器産業株式会社

@/home/ec2-user/data/topics/4558 419
@/home/ec2-user/data/topics/4382 419
@/home/ec2-user/data/topics/3904 420
@/home/ec2-user/data/topics/3680 421
@/home/ec2-user/data/topics/1635 422
@/home/ec2-user/data/topics/4126 423
@/home/ec2-user/data/topics/1026 424
@/home/ec2-user/data/topics/4101 425
@/home/ec2-user/data/topics/1762 426
@/home/ec2-user/data/topics/4459 427
@/home/ec2-user/data/topics/4448 428
@/home/ec2-user/data/topics/4098 429
@/home/ec2-user/data/topics/4586 430
@/home/ec2-user/data/topics/3402 431
@/home/ec2-user/data/topics/4885 432
@/home/ec2-user/data/topics/4797 433
@/home/ec2-user/data/topics/3519 434
@/home/ec2-user/data/topics/1748 435
@/home/ec2-user/data/topics/2129 436
@/home/ec2-user/data/topics/2170 437
@/home/ec2-user/data/topics/4804 438
@/home/ec2-user/data/topics/4577 439
@/home/ec2-user/data/topics/4502 440
@/home/ec2-user/data/topics/4157 441
@/home/ec2-user/data/topics/3558 442
@/home/ec2-user/data/topics/4303 443
@/home/ec2-user/data/topics/2156 444
@/home/ec2-user/data/topics/4798 445
@/home/ec2-user/data/topics/4806 446
@/home/ec2-user/data/topics/4676 447
@/home/ec2-user/data/topics/4945 448
@/home/ec2-user/data/topics/4867 449
@/home/ec2-user/data/topics/1955 450
@/home/ec2-user/data/topics/4215 451
@/home/ec2-user/data/topics/1812 452
@/home/ec2-user/data/topics/3658 453
@/home/ec2-user/data/topics/4355 454
@/home/ec2-user/data/topics/3920 455
@/home/ec2-user/data/topics/3692 456
@/home/ec2-user/data/topics/1881 457
@/home/ec2-user/data/topics/4761 458
@/home/ec2-user/data/topics/2080 459
@/home/ec2-user/data/topics/4264 460
@/home/ec2-user/data/topics/4394 461
@/home/ec2-user/data/topics/1157 462
@/home/ec2-user/data/topics/3847 463
@/home/ec2-user/data/topics/4503 464
@/home/ec2-user/data/topics/3386 465
@/home/ec2-user/data/topics/3960 466
@/home/ec2-user/data/topics/1477 467
@/home/ec2-user/data/topics/3510 468
@/home/ec2-user/data/topics/4422 469
@/home/ec2-user/data/topics/1589 470
@/home/ec2-user/data/topics/1070 471
@/home/ec2-user/data/topics/3721 472
@/home/ec2-user/data/topics/4787 473
@/home/ec2-user/data/topics/4917 474
@/home/ec2-user/data/topics/3951 475
@/home/ec2-user/data/topics/1339 476
@/home/ec2-user/data/topics/4574 477
@/home/ec2-user/data/topics/1525 478
@/home/ec2-user/data/topics/4280 479
@/home/ec2-user/data/topics/1136 480
@/home/ec2-user/data/topics/4491 481
@/home/ec2-user/data/topics/4193 482
@/home/ec2-user/data/topics/4000 483
@/home/ec2-user/data/topics/1885 484
@/home/ec2-user/data/topics/4043 485
@/home/ec2-user/data/topics/3739 486
@/home/ec2-user/data/topics/4385 487
@/home/ec2-user/data/topics/2029 488
@/home/ec2-user/data/topics/4599 489
@/home/ec2-user/data/topics/1252 490
@/home/ec2-user/data/topics/4274 491
@/home/ec2-user/data/topics/4707 492
@/home/ec2-user/data/topics/4229 493
@/home/ec2-user/data/topics/4961 494
@/home/ec2-user/data/topics/3676 495
@/home/ec2-user/data/topics/5028 496
@/home/ec2-user/data/topics/1898 497
@/home/ec2-user/data/topics/2056 498
@/home/ec2-user/data/topics/1829 499
@/home/ec2-user/data/topics/1179 500
@/home/ec2-user/data/topics/3585 501
@/home/ec2-user/data/topics/1257 502
@/home/ec2-user/data/topics/3761 503
@/home/ec2-user/data/topics/4102 504
@/home/ec2-user/data/topics/1706 505
@/home/ec2-user/data/topics/4464 506
@/home/ec2-user/data/topics/4307 507
@/home/ec2-user/data/topics/1705 508
@/home/ec2-user/data/topics/3979 509
@/home/ec2-user/data/topics/3404 510
@/home/ec2-user/data/topics/4159 511
@/home/ec2-user/data/topics/4817 512
@/home/ec2-user/data/topics/4501 513
@/home/ec2-user/data/topics/1633 514
@/home/ec2-user/data/topics/1701 515
@/home/ec2-user/data/topics/4918 516
@/home/ec2-user/data/topics/4475 517
@/home/ec2-user/data/topics/5024 518
@/home/ec2-user/data/topics/4936 519
@/home/ec2-user/data/topics/4139 520
@/home/ec2-user/data/topics/4160 521
@/home/ec2-user/data/topics/4625 522
@/home/ec2-user/data/topics/3704 523
@/home/ec2-user/data/topics/3494 524
@/home/ec2-user/data/topics/1516 525
@/home/ec2-user/data/topics/4754 526
@/home/ec2-user/data/topics/3514 527
@/home/ec2-user/data/topics/2222 528
@/home/ec2-user/data/topics/3694 529
@/home/ec2-user/data/topics/3455 530
@/home/ec2-user/data/topics/3746 531
@/home/ec2-user/data/topics/4968 532
@/home/ec2-user/data/topics/1540 533
@/home/ec2-user/data/topics/4667 534
@/home/ec2-user/data/topics/1158 535
@/home/ec2-user/data/topics/3807 536
@/home/ec2-user/data/topics/3619 537
@/home/ec2-user/data/topics/4180 538
@/home/ec2-user/data/topics/1509 539
@/home/ec2-user/data/topics/3719 540
セイコーインスツルメンツ株式会社

@/home/ec2-user/data/topics/4190 541
@/home/ec2-user/data/topics/1707 541
@/home/ec2-user/data/topics/4997 542
@/home/ec2-user/data/topics/3825 543
@/home/ec2-user/data/topics/4203 544
@/home/ec2-user/data/topics/4088 545
@/home/ec2-user/data/topics/3626 546
@/home/ec2-user/data/topics/4151 547
@/home/ec2-user/data/topics/4036 548
ミノルタ株式会社

@/home/ec2-user/data/topics/4971 549
@/home/ec2-user/data/topics/4970 549
@/home/ec2-user/data/topics/4951 550
@/home/ec2-user/data/topics/3810 551
@/home/ec2-user/data/topics/2190 552
@/home/ec2-user/data/topics/4986 553
@/home/ec2-user/data/topics/1152 554
@/home/ec2-user/data/topics/4321 555
@/home/ec2-user/data/topics/3545 556
@/home/ec2-user/data/topics/4984 557
@/home/ec2-user/data/topics/4977 558
@/home/ec2-user/data/topics/3584 559
株式会社リコー

@/home/ec2-user/data/topics/1095 560
@/home/ec2-user/data/topics/1668 560
@/home/ec2-user/data/topics/4781 561
@/home/ec2-user/data/topics/3411 562
@/home/ec2-user/data/topics/3837 563
@/home/ec2-user/data/topics/3495 564
@/home/ec2-user/data/topics/1514 565
@/home/ec2-user/data/topics/3436 566
@/home/ec2-user/data/topics/1780 567
@/home/ec2-user/data/topics/3711 568
@/home/ec2-user/data/topics/1774 569
@/home/ec2-user/data/topics/3548 570
@/home/ec2-user/data/topics/1691 571
@/home/ec2-user/data/topics/4879 572
@/home/ec2-user/data/topics/3574 573
@/home/ec2-user/data/topics/1593 574
@/home/ec2-user/data/topics/1718 575
@/home/ec2-user/data/topics/3669 576
@/home/ec2-user/data/topics/1064 577
@/home/ec2-user/data/topics/3394 578
@/home/ec2-user/data/topics/3633 579
@/home/ec2-user/data/topics/4344 580
@/home/ec2-user/data/topics/1740 581
@/home/ec2-user/data/topics/1610 582
@/home/ec2-user/data/topics/1669 583
@/home/ec2-user/data/topics/1663 584
@/home/ec2-user/data/topics/2200 585
@/home/ec2-user/data/topics/3484 586
@/home/ec2-user/data/topics/1478 587
@/home/ec2-user/data/topics/2006 588
@/home/ec2-user/data/topics/3446 589
@/home/ec2-user/data/topics/4037 590
@/home/ec2-user/data/topics/1776 591
@/home/ec2-user/data/topics/2043 592
@/home/ec2-user/data/topics/3759 593
@/home/ec2-user/data/topics/3713 594
@/home/ec2-user/data/topics/2090 595
@/home/ec2-user/data/topics/1878 596
@/home/ec2-user/data/topics/1225 597
@/home/ec2-user/data/topics/3687 598
@/home/ec2-user/data/topics/4616 599
@/home/ec2-user/data/topics/1436 600
@/home/ec2-user/data/topics/3530 601
@/home/ec2-user/data/topics/3880 602
@/home/ec2-user/data/topics/3775 603
@/home/ec2-user/data/topics/4265 604
@/home/ec2-user/data/topics/1433 605
@/home/ec2-user/data/topics/2189 606
@/home/ec2-user/data/topics/1627 607
@/home/ec2-user/data/topics/3557 608
@/home/ec2-user/data/topics/2182 609
@/home/ec2-user/data/topics/2219 610
@/home/ec2-user/data/topics/1190 611
@/home/ec2-user/data/topics/3750 612
@/home/ec2-user/data/topics/1106 613
@/home/ec2-user/data/topics/3555 614
@/home/ec2-user/data/topics/3472 615
@/home/ec2-user/data/topics/3424 616
@/home/ec2-user/data/topics/1282 617
@/home/ec2-user/data/topics/1670 618
@/home/ec2-user/data/topics/2201 619
@/home/ec2-user/data/topics/1083 620
@/home/ec2-user/data/topics/1482 621
@/home/ec2-user/data/topics/1974 622
@/home/ec2-user/data/topics/1775 623
@/home/ec2-user/data/topics/3523 624
@/home/ec2-user/data/topics/3474 625
@/home/ec2-user/data/topics/1806 626
@/home/ec2-user/data/topics/3378 627
@/home/ec2-user/data/topics/1976 628
@/home/ec2-user/data/topics/1755 629
独立行政法人産業技術総合研究所

@/home/ec2-user/data/topics/4739 630
@/home/ec2-user/data/topics/4777 630
@/home/ec2-user/data/topics/4869 631
@/home/ec2-user/data/topics/4740 632
@/home/ec2-user/data/topics/1356 633
@/home/ec2-user/data/topics/4800 634
ソニー株式会社

@/home/ec2-user/data/topics/1218 635
@/home/ec2-user/data/topics/1147 635
@/home/ec2-user/data/topics/1291 636
@/home/ec2-user/data/topics/1892 637
@/home/ec2-user/data/topics/3456 638
@/home/ec2-user/data/topics/1426 639
@/home/ec2-user/data/topics/1414 640
@/home/ec2-user/data/topics/1059 641
@/home/ec2-user/data/topics/1873 642
@/home/ec2-user/data/topics/1102 643
@/home/ec2-user/data/topics/2058 644
@/home/ec2-user/data/topics/1679 645
@/home/ec2-user/data/topics/1884 646
@/home/ec2-user/data/topics/4224 647
@/home/ec2-user/data/topics/2037 648
@/home/ec2-user/data/topics/1233 649
@/home/ec2-user/data/topics/2075 650
@/home/ec2-user/data/topics/1686 651
@/home/ec2-user/data/topics/2059 652
@/home/ec2-user/data/topics/1435 653
@/home/ec2-user/data/topics/2052 654
@/home/ec2-user/data/topics/3955 655
@/home/ec2-user/data/topics/4184 656
@/home/ec2-user/data/topics/2094 657
@/home/ec2-user/data/topics/1380 658
@/home/ec2-user/data/topics/4219 659
@/home/ec2-user/data/topics/3924 660
@/home/ec2-user/data/topics/1954 661
@/home/ec2-user/data/topics/1778 662
@/home/ec2-user/data/topics/3392 663
@/home/ec2-user/data/topics/1491 664
@/home/ec2-user/data/topics/3975 665
@/home/ec2-user/data/topics/1602 666
@/home/ec2-user/data/topics/4351 667
@/home/ec2-user/data/topics/1298 668
@/home/ec2-user/data/topics/3401 669
@/home/ec2-user/data/topics/1749 670
@/home/ec2-user/data/topics/1912 671
@/home/ec2-user/data/topics/5027 672
@/home/ec2-user/data/topics/1471 673
@/home/ec2-user/data/topics/1836 674
@/home/ec2-user/data/topics/1397 675
@/home/ec2-user/data/topics/3872 676
@/home/ec2-user/data/topics/2048 677
@/home/ec2-user/data/topics/1926 678
@/home/ec2-user/data/topics/1967 679
@/home/ec2-user/data/topics/2105 680
富士ゼロックス株式会社

@/home/ec2-user/data/topics/3564 681
@/home/ec2-user/data/topics/3661 681
@/home/ec2-user/data/topics/3695 682
@/home/ec2-user/data/topics/1560 683
@/home/ec2-user/data/topics/3640 684
@/home/ec2-user/data/topics/3366 685
@/home/ec2-user/data/topics/3383 686
@/home/ec2-user/data/topics/3782 687
@/home/ec2-user/data/topics/3473 688
@/home/ec2-user/data/topics/1947 689
@/home/ec2-user/data/topics/3662 690
@/home/ec2-user/data/topics/3790 691
@/home/ec2-user/data/topics/4108 692
@/home/ec2-user/data/topics/5031 693
@/home/ec2-user/data/topics/3407 694
住友金属工業株式会社

@/home/ec2-user/data/topics/4661 695
@/home/ec2-user/data/topics/4021 695
@/home/ec2-user/data/topics/4295 696
@/home/ec2-user/data/topics/4322 697
@/home/ec2-user/data/topics/4182 698
@/home/ec2-user/data/topics/4733 699
@/home/ec2-user/data/topics/4534 700
@/home/ec2-user/data/topics/1268 701
@/home/ec2-user/data/topics/4991 702
@/home/ec2-user/data/topics/3826 703
@/home/ec2-user/data/topics/3655 704
@/home/ec2-user/data/topics/3577 705
日立電線株式会社

@/home/ec2-user/data/topics/1027 706
@/home/ec2-user/data/topics/1388 706
@/home/ec2-user/data/topics/4357 707
@/home/ec2-user/data/topics/4329 708
@/home/ec2-user/data/topics/4356 709
@/home/ec2-user/data/topics/3930 710
@/home/ec2-user/data/topics/3756 711
@/home/ec2-user/data/topics/1305 712
@/home/ec2-user/data/topics/1117 713
キヤノン株式会社

@/home/ec2-user/data/topics/3967 714
@/home/ec2-user/data/topics/1848 714
@/home/ec2-user/data/topics/4020 715
@/home/ec2-user/data/topics/2145 716
@/home/ec2-user/data/topics/4947 717
@/home/ec2-user/data/topics/3642 718
@/home/ec2-user/data/topics/3374 719
@/home/ec2-user/data/topics/3949 720
@/home/ec2-user/data/topics/3438 721
@/home/ec2-user/data/topics/1568 722
@/home/ec2-user/data/topics/1519 723
@/home/ec2-user/data/topics/3628 724
@/home/ec2-user/data/topics/2231 725
@/home/ec2-user/data/topics/1895 726
@/home/ec2-user/data/topics/4937 727
@/home/ec2-user/data/topics/4521 728
@/home/ec2-user/data/topics/4520 729
@/home/ec2-user/data/topics/1847 730
@/home/ec2-user/data/topics/1631 731
@/home/ec2-user/data/topics/1590 732
@/home/ec2-user/data/topics/3430 733
@/home/ec2-user/data/topics/2004 734
@/home/ec2-user/data/topics/1889 735
@/home/ec2-user/data/topics/3722 736
@/home/ec2-user/data/topics/1539 737
@/home/ec2-user/data/topics/1438 738
@/home/ec2-user/data/topics/3996 739
@/home/ec2-user/data/topics/3454 740
@/home/ec2-user/data/topics/3852 741
@/home/ec2-user/data/topics/3737 742
@/home/ec2-user/data/topics/3730 743
@/home/ec2-user/data/topics/3441 744
@/home/ec2-user/data/topics/1866 745
@/home/ec2-user/data/topics/1228 746
@/home/ec2-user/data/topics/1975 747
@/home/ec2-user/data/topics/4363 748
@/home/ec2-user/data/topics/3445 749
@/home/ec2-user/data/topics/4068 750
@/home/ec2-user/data/topics/2243 751
@/home/ec2-user/data/topics/3420 752
@/home/ec2-user/data/topics/3755 753
@/home/ec2-user/data/topics/1802 754
@/home/ec2-user/data/topics/1216 755
@/home/ec2-user/data/topics/4948 756
@/home/ec2-user/data/topics/1513 757
@/home/ec2-user/data/topics/3410 758
@/home/ec2-user/data/topics/3417 759
@/home/ec2-user/data/topics/1080 760
@/home/ec2-user/data/topics/1961 761
@/home/ec2-user/data/topics/2117 762
@/home/ec2-user/data/topics/4350 763
@/home/ec2-user/data/topics/3434 764
@/home/ec2-user/data/topics/3843 765
@/home/ec2-user/data/topics/3376 766
@/home/ec2-user/data/topics/2053 767
@/home/ec2-user/data/topics/3416 768
@/home/ec2-user/data/topics/1745 769
@/home/ec2-user/data/topics/1646 770
@/home/ec2-user/data/topics/3656 771
@/home/ec2-user/data/topics/1118 772
@/home/ec2-user/data/topics/4628 773
@/home/ec2-user/data/topics/3958 774
@/home/ec2-user/data/topics/3660 775
@/home/ec2-user/data/topics/2107 776
@/home/ec2-user/data/topics/1744 777
@/home/ec2-user/data/topics/4054 778
@/home/ec2-user/data/topics/1455 779
@/home/ec2-user/data/topics/1790 780
@/home/ec2-user/data/topics/1208 781
@/home/ec2-user/data/topics/4610 782
@/home/ec2-user/data/topics/3720 783
@/home/ec2-user/data/topics/3415 784
@/home/ec2-user/data/topics/1124 785
三洋電機株式会社

@/home/ec2-user/data/topics/1980 786
@/home/ec2-user/data/topics/3403 786
@/home/ec2-user/data/topics/3681 787
@/home/ec2-user/data/topics/4099 788
@/home/ec2-user/data/topics/4679 789
@/home/ec2-user/data/topics/1163 790
@/home/ec2-user/data/topics/3491 791
@/home/ec2-user/data/topics/1653 792
@/home/ec2-user/data/topics/3845 793
@/home/ec2-user/data/topics/4384 794
@/home/ec2-user/data/topics/4304 795
@/home/ec2-user/data/topics/2054 796
@/home/ec2-user/data/topics/1289 797
@/home/ec2-user/data/topics/3492 798
@/home/ec2-user/data/topics/2230 799
@/home/ec2-user/data/topics/4150 800
@/home/ec2-user/data/topics/4301 801
@/home/ec2-user/data/topics/4061 802
@/home/ec2-user/data/topics/3817 803
@/home/ec2-user/data/topics/1479 804
@/home/ec2-user/data/topics/4179 805
@/home/ec2-user/data/topics/3808 806
@/home/ec2-user/data/topics/3889 807
@/home/ec2-user/data/topics/4654 808
@/home/ec2-user/data/topics/3926 809
@/home/ec2-user/data/topics/3539 810
@/home/ec2-user/data/topics/4983 811
@/home/ec2-user/data/topics/4060 812
@/home/ec2-user/data/topics/3398 813
@/home/ec2-user/data/topics/4604 814
@/home/ec2-user/data/topics/5011 815
@/home/ec2-user/data/topics/4978 816
@/home/ec2-user/data/topics/3708 817
@/home/ec2-user/data/topics/1515 818
@/home/ec2-user/data/topics/1079 819
@/home/ec2-user/data/topics/3953 820
@/home/ec2-user/data/topics/3974 821
@/home/ec2-user/data/topics/4788 822
@/home/ec2-user/data/topics/4212 823
@/home/ec2-user/data/topics/4066 824
@/home/ec2-user/data/topics/4960 825
@/home/ec2-user/data/topics/4720 826
@/home/ec2-user/data/topics/4726 827
@/home/ec2-user/data/topics/4001 828
@/home/ec2-user/data/topics/4763 829
@/home/ec2-user/data/topics/3804 830
@/home/ec2-user/data/topics/1488 831
@/home/ec2-user/data/topics/4039 832
@/home/ec2-user/data/topics/2014 833
@/home/ec2-user/data/topics/4474 834
@/home/ec2-user/data/topics/3859 835
@/home/ec2-user/data/topics/4376 836
@/home/ec2-user/data/topics/1722 837
@/home/ec2-user/data/topics/4612 838
@/home/ec2-user/data/topics/4015 839
@/home/ec2-user/data/topics/3625 840
@/home/ec2-user/data/topics/4571 841
@/home/ec2-user/data/topics/3906 842
@/home/ec2-user/data/topics/4178 843
@/home/ec2-user/data/topics/4492 844
@/home/ec2-user/data/topics/1386 845
@/home/ec2-user/data/topics/5002 846
@/home/ec2-user/data/topics/1671 847
@/home/ec2-user/data/topics/4837 848
@/home/ec2-user/data/topics/1451 849
@/home/ec2-user/data/topics/2098 850
@/home/ec2-user/data/topics/1321 851
@/home/ec2-user/data/topics/2071 852
@/home/ec2-user/data/topics/2063 853
@/home/ec2-user/data/topics/2194 854
@/home/ec2-user/data/topics/4328 855
@/home/ec2-user/data/topics/4527 856
@/home/ec2-user/data/topics/3830 857
@/home/ec2-user/data/topics/1652 858
@/home/ec2-user/data/topics/3581 859
@/home/ec2-user/data/topics/1246 860
@/home/ec2-user/data/topics/3986 861
@/home/ec2-user/data/topics/3754 862
@/home/ec2-user/data/topics/3781 863
三菱電機株式会社

@/home/ec2-user/data/topics/3609 864
@/home/ec2-user/data/topics/4076 864
@/home/ec2-user/data/topics/3397 865
@/home/ec2-user/data/topics/4834 866
@/home/ec2-user/data/topics/3856 867
@/home/ec2-user/data/topics/3493 868
@/home/ec2-user/data/topics/4419 869
@/home/ec2-user/data/topics/3412 870
@/home/ec2-user/data/topics/4282 871
@/home/ec2-user/data/topics/4518 872
@/home/ec2-user/data/topics/4514 873
@/home/ec2-user/data/topics/2146 874
@/home/ec2-user/data/topics/4562 875
@/home/ec2-user/data/topics/4220 876
@/home/ec2-user/data/topics/4552 877
@/home/ec2-user/data/topics/3595 878
@/home/ec2-user/data/topics/1738 879
@/home/ec2-user/data/topics/3465 880
@/home/ec2-user/data/topics/4880 881
@/home/ec2-user/data/topics/3592 882
@/home/ec2-user/data/topics/3453 883
@/home/ec2-user/data/topics/1220 884
@/home/ec2-user/data/topics/4980 885
@/home/ec2-user/data/topics/3747 886
@/home/ec2-user/data/topics/3616 887
@/home/ec2-user/data/topics/3774 888
@/home/ec2-user/data/topics/3469 889
@/home/ec2-user/data/topics/1792 890
@/home/ec2-user/data/topics/4235 891
@/home/ec2-user/data/topics/4233 892
@/home/ec2-user/data/topics/3820 893
@/home/ec2-user/data/topics/4614 894
@/home/ec2-user/data/topics/4133 895
@/home/ec2-user/data/topics/5033 896
@/home/ec2-user/data/topics/3466 897
@/home/ec2-user/data/topics/3800 898
@/home/ec2-user/data/topics/3963 899
@/home/ec2-user/data/topics/1536 900
@/home/ec2-user/data/topics/3873 901
@/home/ec2-user/data/topics/4305 902
@/home/ec2-user/data/topics/1110 903
@/home/ec2-user/data/topics/3451 904
@/home/ec2-user/data/topics/5032 905
@/home/ec2-user/data/topics/4041 906
@/home/ec2-user/data/topics/4663 907
@/home/ec2-user/data/topics/4221 908
@/home/ec2-user/data/topics/4047 909
@/home/ec2-user/data/topics/3666 910
@/home/ec2-user/data/topics/3841 911
@/home/ec2-user/data/topics/3612 912
@/home/ec2-user/data/topics/4181 913
@/home/ec2-user/data/topics/3409 914
@/home/ec2-user/data/topics/4149 915
@/home/ec2-user/data/topics/3506 916
@/home/ec2-user/data/topics/1872 917
@/home/ec2-user/data/topics/1754 918
@/home/ec2-user/data/topics/3490 919
@/home/ec2-user/data/topics/3921 920
住友ゴム工業株式会社

@/home/ec2-user/data/topics/4568 921
@/home/ec2-user/data/topics/2007 921
@/home/ec2-user/data/topics/1758 922
@/home/ec2-user/data/topics/4048 923
@/home/ec2-user/data/topics/1114 924
@/home/ec2-user/data/topics/4406 925
@/home/ec2-user/data/topics/4597 926
セイコーエプソン株式会社

@/home/ec2-user/data/topics/1423 927
@/home/ec2-user/data/topics/1641 927
@/home/ec2-user/data/topics/3985 928
@/home/ec2-user/data/topics/3476 929
@/home/ec2-user/data/topics/4022 930
@/home/ec2-user/data/topics/2165 931
@/home/ec2-user/data/topics/1890 932
@/home/ec2-user/data/topics/1938 933
@/home/ec2-user/data/topics/3887 934
@/home/ec2-user/data/topics/3505 935
@/home/ec2-user/data/topics/1484 936
@/home/ec2-user/data/topics/3910 937
@/home/ec2-user/data/topics/4454 938
@/home/ec2-user/data/topics/4802 939
@/home/ec2-user/data/topics/3361 940
@/home/ec2-user/data/topics/4719 941
@/home/ec2-user/data/topics/4801 942
@/home/ec2-user/data/topics/2078 943
@/home/ec2-user/data/topics/4386 944
@/home/ec2-user/data/topics/3589 945
@/home/ec2-user/data/topics/1378 946
@/home/ec2-user/data/topics/4585 947
@/home/ec2-user/data/topics/4605 948
@/home/ec2-user/data/topics/3819 949
@/home/ec2-user/data/topics/4109 950
@/home/ec2-user/data/topics/1343 951
株式会社三共

@/home/ec2-user/data/topics/2060 952
@/home/ec2-user/data/topics/4868 952
@/home/ec2-user/data/topics/1665 953
@/home/ec2-user/data/topics/4374 954
@/home/ec2-user/data/topics/1377 955
@/home/ec2-user/data/topics/2123 956
@/home/ec2-user/data/topics/1086 957
@/home/ec2-user/data/topics/1648 958
@/home/ec2-user/data/topics/1189 959
沖電気工業株式会社

@/home/ec2-user/data/topics/3395 960
@/home/ec2-user/data/topics/3964 960
@/home/ec2-user/data/topics/3433 961
@/home/ec2-user/data/topics/3764 962
@/home/ec2-user/data/topics/3621 963
@/home/ec2-user/data/topics/3690 964
@/home/ec2-user/data/topics/1188 965
@/home/ec2-user/data/topics/1531 966
@/home/ec2-user/data/topics/4693 967
@/home/ec2-user/data/topics/3457 968
@/home/ec2-user/data/topics/4575 969
@/home/ec2-user/data/topics/4308 970
@/home/ec2-user/data/topics/4299 971
@/home/ec2-user/data/topics/3571 972
株式会社三星

@/home/ec2-user/data/topics/1733 973
@/home/ec2-user/data/topics/1260 973
@/home/ec2-user/data/topics/2198 974
@/home/ec2-user/data/topics/3942 975
@/home/ec2-user/data/topics/2108 976
@/home/ec2-user/data/topics/1728 977
日本ビクター株式会社

@/home/ec2-user/data/topics/1823 978
@/home/ec2-user/data/topics/1520 978
@/home/ec2-user/data/topics/4672 979
@/home/ec2-user/data/topics/3939 980
@/home/ec2-user/data/topics/1389 981
@/home/ec2-user/data/topics/4056 982
@/home/ec2-user/data/topics/4123 983
@/home/ec2-user/data/topics/3603 984
@/home/ec2-user/data/topics/3882 985
@/home/ec2-user/data/topics/3620 986
@/home/ec2-user/data/topics/1440 987
花王株式会社

@/home/ec2-user/data/topics/3884 988
@/home/ec2-user/data/topics/4827 988
@/home/ec2-user/data/topics/1196 989
@/home/ec2-user/data/topics/2214 990
@/home/ec2-user/data/topics/1022 991
@/home/ec2-user/data/topics/4249 992
@/home/ec2-user/data/topics/4445 993
@/home/ec2-user/data/topics/3812 994
@/home/ec2-user/data/topics/3753 995
@/home/ec2-user/data/topics/4287 996
@/home/ec2-user/data/topics/3999 997
@/home/ec2-user/data/topics/1767 998
@/home/ec2-user/data/topics/4211 999
三田工業株式会社

@/home/ec2-user/data/topics/3923 1000
@/home/ec2-user/data/topics/1766 1000
@/home/ec2-user/data/topics/1269 1001
@/home/ec2-user/data/topics/2136 1002
@/home/ec2-user/data/topics/3842 1003
@/home/ec2-user/data/topics/1033 1004
@/home/ec2-user/data/topics/1034 1005
@/home/ec2-user/data/topics/2155 1006
@/home/ec2-user/data/topics/3604 1007
豊丸産業株式会社

@/home/ec2-user/data/topics/3672 1008
@/home/ec2-user/data/topics/1097 1008
@/home/ec2-user/data/topics/2169 1009
@/home/ec2-user/data/topics/1353 1010
@/home/ec2-user/data/topics/1677 1011
@/home/ec2-user/data/topics/1726 1012
@/home/ec2-user/data/topics/1284 1013
@/home/ec2-user/data/topics/1713 1014
@/home/ec2-user/data/topics/4847 1015
@/home/ec2-user/data/topics/2011 1016
@/home/ec2-user/data/topics/1588 1017
@/home/ec2-user/data/topics/1914 1018
@/home/ec2-user/data/topics/1126 1019
@/home/ec2-user/data/topics/1138 1020
@/home/ec2-user/data/topics/1401 1021
鐘紡株式会社

@/home/ec2-user/data/topics/2034 1022
@/home/ec2-user/data/topics/1901 1022
@/home/ec2-user/data/topics/2223 1023
@/home/ec2-user/data/topics/1886 1024
@/home/ec2-user/data/topics/1178 1025
@/home/ec2-user/data/topics/1367 1026
@/home/ec2-user/data/topics/3551 1027
@/home/ec2-user/data/topics/3566 1028
@/home/ec2-user/data/topics/1054 1029
@/home/ec2-user/data/topics/1304 1030
@/home/ec2-user/data/topics/2185 1031
@/home/ec2-user/data/topics/3634 1032
@/home/ec2-user/data/topics/1842 1033
@/home/ec2-user/data/topics/4195 1034
@/home/ec2-user/data/topics/1870 1035
@/home/ec2-user/data/topics/3560 1036
株式会社デンソー

@/home/ec2-user/data/topics/3480 1037
@/home/ec2-user/data/topics/4675 1037
@/home/ec2-user/data/topics/4164 1038
@/home/ec2-user/data/topics/4423 1039
@/home/ec2-user/data/topics/3406 1040
@/home/ec2-user/data/topics/1855 1041
@/home/ec2-user/data/topics/3710 1042
@/home/ec2-user/data/topics/4483 1043
@/home/ec2-user/data/topics/4840 1044
@/home/ec2-user/data/topics/4622 1045
@/home/ec2-user/data/topics/4656 1046
@/home/ec2-user/data/topics/4805 1047
@/home/ec2-user/data/topics/4024 1048
@/home/ec2-user/data/topics/1028 1049
@/home/ec2-user/data/topics/4498 1050
@/home/ec2-user/data/topics/4046 1051
@/home/ec2-user/data/topics/3421 1052
富士写真フイルム株式会社

@/home/ec2-user/data/topics/2134 1053
@/home/ec2-user/data/topics/3911 1053
@/home/ec2-user/data/topics/3857 1054
@/home/ec2-user/data/topics/3354 1055
@/home/ec2-user/data/topics/4962 1056
@/home/ec2-user/data/topics/1603 1057
@/home/ec2-user/data/topics/3918 1058
@/home/ec2-user/data/topics/1570 1059
@/home/ec2-user/data/topics/1244 1060
@/home/ec2-user/data/topics/3447 1061
@/home/ec2-user/data/topics/1662 1062
京セラ株式会社

@/home/ec2-user/data/topics/1741 1063
@/home/ec2-user/data/topics/3593 1063
@/home/ec2-user/data/topics/1485 1064
@/home/ec2-user/data/topics/3741 1065
@/home/ec2-user/data/topics/1708 1066
@/home/ec2-user/data/topics/4031 1067
@/home/ec2-user/data/topics/4513 1068
@/home/ec2-user/data/topics/3869 1069
@/home/ec2-user/data/topics/3615 1070
@/home/ec2-user/data/topics/1913 1071
@/home/ec2-user/data/topics/4901 1072
@/home/ec2-user/data/topics/4340 1073
イビデン株式会社

@/home/ec2-user/data/topics/1336 1074
@/home/ec2-user/data/topics/2033 1074
@/home/ec2-user/data/topics/3814 1075
@/home/ec2-user/data/topics/1315 1076
@/home/ec2-user/data/topics/1770 1077
@/home/ec2-user/data/topics/1952 1078
@/home/ec2-user/data/topics/1682 1079
株式会社東芝

@/home/ec2-user/data/topics/4751 1080
@/home/ec2-user/data/topics/4009 1080
@/home/ec2-user/data/topics/1997 1081
@/home/ec2-user/data/topics/3462 1082
@/home/ec2-user/data/topics/4292 1083
@/home/ec2-user/data/topics/4183 1084
@/home/ec2-user/data/topics/4361 1085
@/home/ec2-user/data/topics/3851 1086
@/home/ec2-user/data/topics/4509 1087
@/home/ec2-user/data/topics/4140 1088
@/home/ec2-user/data/topics/4881 1089
@/home/ec2-user/data/topics/3351 1090
@/home/ec2-user/data/topics/4912 1091
@/home/ec2-user/data/topics/4535 1092
@/home/ec2-user/data/topics/3618 1093
@/home/ec2-user/data/topics/4172 1094
@/home/ec2-user/data/topics/4197 1095
@/home/ec2-user/data/topics/2241 1096
@/home/ec2-user/data/topics/3689 1097
@/home/ec2-user/data/topics/4935 1098
@/home/ec2-user/data/topics/3688 1099
@/home/ec2-user/data/topics/3834 1100
@/home/ec2-user/data/topics/4623 1101
@/home/ec2-user/data/topics/4057 1102
@/home/ec2-user/data/topics/1757 1103
@/home/ec2-user/data/topics/3732 1104
@/home/ec2-user/data/topics/4842 1105
@/home/ec2-user/data/topics/4863 1106
@/home/ec2-user/data/topics/1205 1107
@/home/ec2-user/data/topics/4566 1108
@/home/ec2-user/data/topics/3363 1109
@/home/ec2-user/data/topics/1090 1110
@/home/ec2-user/data/topics/1585 1111
@/home/ec2-user/data/topics/3683 1112
@/home/ec2-user/data/topics/3380 1113
@/home/ec2-user/data/topics/3890 1114
@/home/ec2-user/data/topics/3948 1115
@/home/ec2-user/data/topics/3734 1116
@/home/ec2-user/data/topics/4302 1117
@/home/ec2-user/data/topics/4096 1118
@/home/ec2-user/data/topics/3542 1119
@/home/ec2-user/data/topics/3360 1120
@/home/ec2-user/data/topics/3716 1121
@/home/ec2-user/data/topics/3988 1122
@/home/ec2-user/data/topics/3990 1123
@/home/ec2-user/data/topics/4594 1124
@/home/ec2-user/data/topics/4165 1125
@/home/ec2-user/data/topics/1819 1126
@/home/ec2-user/data/topics/4755 1127
@/home/ec2-user/data/topics/3352 1128
@/home/ec2-user/data/topics/4089 1129
@/home/ec2-user/data/topics/1332 1130
@/home/ec2-user/data/topics/3881 1131
@/home/ec2-user/data/topics/4381 1132
@/home/ec2-user/data/topics/4336 1133
@/home/ec2-user/data/topics/3598 1134
@/home/ec2-user/data/topics/3780 1135
@/home/ec2-user/data/topics/1132 1136
@/home/ec2-user/data/topics/3795 1137
@/home/ec2-user/data/topics/1756 1138
@/home/ec2-user/data/topics/4631 1139
ヤマハ株式会社

@/home/ec2-user/data/topics/3972 1140
@/home/ec2-user/data/topics/1911 1140
@/home/ec2-user/data/topics/4954 1141
@/home/ec2-user/data/topics/1443 1142
@/home/ec2-user/data/topics/4045 1143
@/home/ec2-user/data/topics/4919 1144
@/home/ec2-user/data/topics/4125 1145
@/home/ec2-user/data/topics/1676 1146
@/home/ec2-user/data/topics/1720 1147
@/home/ec2-user/data/topics/4145 1148
@/home/ec2-user/data/topics/4177 1149
@/home/ec2-user/data/topics/4084 1150
@/home/ec2-user/data/topics/4010 1151
東洋紡績株式会社

@/home/ec2-user/data/topics/1613 1152
@/home/ec2-user/data/topics/1029 1152
@/home/ec2-user/data/topics/4366 1153
@/home/ec2-user/data/topics/4362 1154
@/home/ec2-user/data/topics/4284 1155
@/home/ec2-user/data/topics/3769 1156
三菱化学株式会社

@/home/ec2-user/data/topics/3513 1157
@/home/ec2-user/data/topics/1699 1157
@/home/ec2-user/data/topics/1197 1158
@/home/ec2-user/data/topics/1902 1159
@/home/ec2-user/data/topics/3458 1160
@/home/ec2-user/data/topics/3638 1161
カシオ計算機株式会社

@/home/ec2-user/data/topics/1235 1162
@/home/ec2-user/data/topics/1368 1162
@/home/ec2-user/data/topics/1047 1163
@/home/ec2-user/data/topics/1535 1164
@/home/ec2-user/data/topics/1794 1165
@/home/ec2-user/data/topics/3391 1166
@/home/ec2-user/data/topics/2237 1167
@/home/ec2-user/data/topics/2180 1168
コナミ株式会社

@/home/ec2-user/data/topics/1302 1169
@/home/ec2-user/data/topics/1621 1169
@/home/ec2-user/data/topics/1672 1170
@/home/ec2-user/data/topics/4602 1171
@/home/ec2-user/data/topics/2100 1172
@/home/ec2-user/data/topics/2151 1173
@/home/ec2-user/data/topics/5015 1174
@/home/ec2-user/data/topics/4681 1175
大日本スクリーン製造株式会社

@/home/ec2-user/data/topics/1608 1176
@/home/ec2-user/data/topics/2172 1176
@/home/ec2-user/data/topics/1130 1177
@/home/ec2-user/data/topics/3742 1178
@/home/ec2-user/data/topics/1779 1179
@/home/ec2-user/data/topics/1173 1180
@/home/ec2-user/data/topics/2209 1181
オムロン株式会社

@/home/ec2-user/data/topics/1135 1182
@/home/ec2-user/data/topics/3597 1182
@/home/ec2-user/data/topics/1533 1183
@/home/ec2-user/data/topics/3863 1184
@/home/ec2-user/data/topics/2096 1185
@/home/ec2-user/data/topics/1579 1186
@/home/ec2-user/data/topics/3700 1187
@/home/ec2-user/data/topics/1067 1188
@/home/ec2-user/data/topics/3748 1189
@/home/ec2-user/data/topics/1841 1190
@/home/ec2-user/data/topics/4771 1191
@/home/ec2-user/data/topics/1151 1192
@/home/ec2-user/data/topics/1933 1193
@/home/ec2-user/data/topics/1657 1194
@/home/ec2-user/data/topics/3594 1195
株式会社日立製作所

@/home/ec2-user/data/topics/3968 1196
@/home/ec2-user/data/topics/3531 1196
@/home/ec2-user/data/topics/3570 1197
@/home/ec2-user/data/topics/4547 1198
@/home/ec2-user/data/topics/4545 1199
@/home/ec2-user/data/topics/1463 1200
@/home/ec2-user/data/topics/1667 1201
@/home/ec2-user/data/topics/4559 1202
@/home/ec2-user/data/topics/1825 1203
@/home/ec2-user/data/topics/3706 1204
@/home/ec2-user/data/topics/2019 1205
@/home/ec2-user/data/topics/3488 1206
@/home/ec2-user/data/topics/1072 1207
@/home/ec2-user/data/topics/3439 1208
@/home/ec2-user/data/topics/3432 1209
@/home/ec2-user/data/topics/4402 1210
@/home/ec2-user/data/topics/3965 1211
@/home/ec2-user/data/topics/4943 1212
@/home/ec2-user/data/topics/4420 1213
@/home/ec2-user/data/topics/2184 1214
@/home/ec2-user/data/topics/3596 1215
@/home/ec2-user/data/topics/4830 1216
@/home/ec2-user/data/topics/3822 1217
@/home/ec2-user/data/topics/1334 1218
@/home/ec2-user/data/topics/3588 1219
@/home/ec2-user/data/topics/5029 1220
@/home/ec2-user/data/topics/1105 1221
@/home/ec2-user/data/topics/3648 1222
@/home/ec2-user/data/topics/3384 1223
@/home/ec2-user/data/topics/4990 1224
@/home/ec2-user/data/topics/4799 1225
@/home/ec2-user/data/topics/4040 1226
@/home/ec2-user/data/topics/4489 1227
@/home/ec2-user/data/topics/3440 1228
@/home/ec2-user/data/topics/1987 1229
@/home/ec2-user/data/topics/3524 1230
@/home/ec2-user/data/topics/4166 1231
@/home/ec2-user/data/topics/1247 1232
@/home/ec2-user/data/topics/3779 1233
@/home/ec2-user/data/topics/3973 1234
@/home/ec2-user/data/topics/4401 1235
@/home/ec2-user/data/topics/4058 1236
@/home/ec2-user/data/topics/2239 1237
@/home/ec2-user/data/topics/4621 1238
@/home/ec2-user/data/topics/3691 1239
@/home/ec2-user/data/topics/1833 1240
@/home/ec2-user/data/topics/1082 1241
@/home/ec2-user/data/topics/1249 1242
@/home/ec2-user/data/topics/2081 1243
@/home/ec2-user/data/topics/3471 1244
@/home/ec2-user/data/topics/3665 1245
@/home/ec2-user/data/topics/4493 1246
@/home/ec2-user/data/topics/3994 1247
@/home/ec2-user/data/topics/3461 1248
@/home/ec2-user/data/topics/1640 1249
@/home/ec2-user/data/topics/4551 1250
@/home/ec2-user/data/topics/5030 1251
@/home/ec2-user/data/topics/4122 1252
@/home/ec2-user/data/topics/3993 1253
@/home/ec2-user/data/topics/1651 1254
@/home/ec2-user/data/topics/1693 1255
@/home/ec2-user/data/topics/1278 1256
@/home/ec2-user/data/topics/3350 1257
@/home/ec2-user/data/topics/1562 1258
@/home/ec2-user/data/topics/1826 1259
@/home/ec2-user/data/topics/3772 1260
@/home/ec2-user/data/topics/3599 1261
@/home/ec2-user/data/topics/1882 1262
@/home/ec2-user/data/topics/1340 1263
@/home/ec2-user/data/topics/1296 1264
@/home/ec2-user/data/topics/1880 1265
@/home/ec2-user/data/topics/1487 1266
@/home/ec2-user/data/topics/1501 1267
@/home/ec2-user/data/topics/3659 1268
凸版印刷株式会社

@/home/ec2-user/data/topics/3624 1269
@/home/ec2-user/data/topics/1977 1269
@/home/ec2-user/data/topics/4874 1270
@/home/ec2-user/data/topics/3526 1271
@/home/ec2-user/data/topics/1091 1272
@/home/ec2-user/data/topics/1765 1273
@/home/ec2-user/data/topics/3500 1274
株式会社ノーリツ

@/home/ec2-user/data/topics/4776 1275
@/home/ec2-user/data/topics/1760 1275
@/home/ec2-user/data/topics/1618 1276
@/home/ec2-user/data/topics/2116 1277
@/home/ec2-user/data/topics/4206 1278
@/home/ec2-user/data/topics/1598 1279
@/home/ec2-user/data/topics/1290 1280
@/home/ec2-user/data/topics/4354 1281
川崎重工業株式会社

@/home/ec2-user/data/topics/4793 1282
@/home/ec2-user/data/topics/4572 1282
@/home/ec2-user/data/topics/1172 1283
@/home/ec2-user/data/topics/4944 1284
@/home/ec2-user/data/topics/1162 1285
@/home/ec2-user/data/topics/4866 1286
@/home/ec2-user/data/topics/4756 1287
@/home/ec2-user/data/topics/5025 1288
ティーディーケイ株式会社

@/home/ec2-user/data/topics/3909 1289
@/home/ec2-user/data/topics/1409 1289
@/home/ec2-user/data/topics/2210 1290
@/home/ec2-user/data/topics/1129 1291
@/home/ec2-user/data/topics/3792 1292
@/home/ec2-user/data/topics/3798 1293
@/home/ec2-user/data/topics/2202 1294
@/home/ec2-user/data/topics/4619 1295
@/home/ec2-user/data/topics/1510 1296
京セラミタ株式会社

@/home/ec2-user/data/topics/4973 1297
@/home/ec2-user/data/topics/2141 1297
@/home/ec2-user/data/topics/4174 1298
@/home/ec2-user/data/topics/1930 1299
@/home/ec2-user/data/topics/4564 1300
@/home/ec2-user/data/topics/1032 1301
@/home/ec2-user/data/topics/4985 1302
株式会社クボタ

@/home/ec2-user/data/topics/1448 1303
@/home/ec2-user/data/topics/1012 1303
@/home/ec2-user/data/topics/3919 1304
@/home/ec2-user/data/topics/3854 1305
@/home/ec2-user/data/topics/4379 1306
@/home/ec2-user/data/topics/1280 1307
@/home/ec2-user/data/topics/3823 1308
@/home/ec2-user/data/topics/1734 1309
@/home/ec2-user/data/topics/4251 1310
@/home/ec2-user/data/topics/4745 1311
シャープ株式会社

@/home/ec2-user/data/topics/4230 1312
@/home/ec2-user/data/topics/1384 1312
@/home/ec2-user/data/topics/4744 1313
@/home/ec2-user/data/topics/4349 1314
@/home/ec2-user/data/topics/4683 1315
@/home/ec2-user/data/topics/3832 1316
@/home/ec2-user/data/topics/1804 1317
@/home/ec2-user/data/topics/4519 1318
@/home/ec2-user/data/topics/1685 1319
@/home/ec2-user/data/topics/1258 1320
@/home/ec2-user/data/topics/4095 1321
@/home/ec2-user/data/topics/3762 1322
@/home/ec2-user/data/topics/1431 1323
@/home/ec2-user/data/topics/1349 1324
@/home/ec2-user/data/topics/3978 1325
@/home/ec2-user/data/topics/4245 1326
@/home/ec2-user/data/topics/3649 1327
@/home/ec2-user/data/topics/4256 1328
@/home/ec2-user/data/topics/1419 1329
@/home/ec2-user/data/topics/3679 1330
@/home/ec2-user/data/topics/3957 1331
@/home/ec2-user/data/topics/4469 1332
@/home/ec2-user/data/topics/3855 1333
@/home/ec2-user/data/topics/3678 1334
@/home/ec2-user/data/topics/4152 1335
@/home/ec2-user/data/topics/3966 1336
@/home/ec2-user/data/topics/2118 1337
@/home/ec2-user/data/topics/2084 1338
@/home/ec2-user/data/topics/1174 1339
@/home/ec2-user/data/topics/1209 1340
@/home/ec2-user/data/topics/3941 1341
@/home/ec2-user/data/topics/4113 1342
@/home/ec2-user/data/topics/4252 1343
@/home/ec2-user/data/topics/4173 1344
@/home/ec2-user/data/topics/3793 1345
@/home/ec2-user/data/topics/4430 1346
@/home/ec2-user/data/topics/1563 1347
@/home/ec2-user/data/topics/4105 1348
@/home/ec2-user/data/topics/1970 1349
@/home/ec2-user/data/topics/1840 1350
@/home/ec2-user/data/topics/3698 1351
@/home/ec2-user/data/topics/4861 1352
@/home/ec2-user/data/topics/4228 1353
@/home/ec2-user/data/topics/3610 1354
@/home/ec2-user/data/topics/1965 1355
@/home/ec2-user/data/topics/3813 1356
@/home/ec2-user/data/topics/1396 1357
@/home/ec2-user/data/topics/4648 1358
@/home/ec2-user/data/topics/4516 1359
@/home/ec2-user/data/topics/4323 1360
@/home/ec2-user/data/topics/4019 1361
@/home/ec2-user/data/topics/3776 1362
@/home/ec2-user/data/topics/4691 1363
@/home/ec2-user/data/topics/4214 1364
@/home/ec2-user/data/topics/3981 1365
@/home/ec2-user/data/topics/2020 1366
@/home/ec2-user/data/topics/4005 1367
@/home/ec2-user/data/topics/3452 1368
@/home/ec2-user/data/topics/1561 1369
@/home/ec2-user/data/topics/4782 1370
@/home/ec2-user/data/topics/3760 1371
@/home/ec2-user/data/topics/3895 1372
@/home/ec2-user/data/topics/4263 1373
@/home/ec2-user/data/topics/3777 1374
@/home/ec2-user/data/topics/3871 1375
@/home/ec2-user/data/topics/1288 1376
@/home/ec2-user/data/topics/3606 1377
@/home/ec2-user/data/topics/4103 1378
@/home/ec2-user/data/topics/4124 1379
@/home/ec2-user/data/topics/4127 1380
@/home/ec2-user/data/topics/2087 1381
@/home/ec2-user/data/topics/3673 1382
@/home/ec2-user/data/topics/3537 1383
@/home/ec2-user/data/topics/3858 1384
@/home/ec2-user/data/topics/3450 1385
@/home/ec2-user/data/topics/1318 1386
@/home/ec2-user/data/topics/4717 1387
@/home/ec2-user/data/topics/4583 1388
@/home/ec2-user/data/topics/3578 1389
@/home/ec2-user/data/topics/1154 1390
@/home/ec2-user/data/topics/3422 1391
日本輸送機株式会社

@/home/ec2-user/data/topics/2221 1392
@/home/ec2-user/data/topics/2065 1392
@/home/ec2-user/data/topics/1191 1393
@/home/ec2-user/data/topics/1456 1394
@/home/ec2-user/data/topics/1940 1395
@/home/ec2-user/data/topics/1493 1396
@/home/ec2-user/data/topics/3573 1397
@/home/ec2-user/data/topics/1108 1398
東京エレクトロン株式会社

@/home/ec2-user/data/topics/1508 1399
@/home/ec2-user/data/topics/1263 1399
@/home/ec2-user/data/topics/3947 1400
@/home/ec2-user/data/topics/4702 1401
@/home/ec2-user/data/topics/1800 1402
@/home/ec2-user/data/topics/4002 1403
@/home/ec2-user/data/topics/4053 1404
@/home/ec2-user/data/topics/4618 1405
@/home/ec2-user/data/topics/4906 1406
@/home/ec2-user/data/topics/1736 1407
@/home/ec2-user/data/topics/4023 1408
@/home/ec2-user/data/topics/4345 1409
株式会社村田製作所

@/home/ec2-user/data/topics/4070 1410
@/home/ec2-user/data/topics/3482 1410
@/home/ec2-user/data/topics/3435 1411
@/home/ec2-user/data/topics/2229 1412
@/home/ec2-user/data/topics/3885 1413
@/home/ec2-user/data/topics/4795 1414
@/home/ec2-user/data/topics/4417 1415
@/home/ec2-user/data/topics/4378 1416
@/home/ec2-user/data/topics/4703 1417
@/home/ec2-user/data/topics/1411 1418
@/home/ec2-user/data/topics/4325 1419
@/home/ec2-user/data/topics/4271 1420
@/home/ec2-user/data/topics/4432 1421
@/home/ec2-user/data/topics/3697 1422
@/home/ec2-user/data/topics/4042 1423
@/home/ec2-user/data/topics/1374 1424
@/home/ec2-user/data/topics/4163 1425
日本電信電話株式会社

@/home/ec2-user/data/topics/4232 1426
@/home/ec2-user/data/topics/3641 1426
@/home/ec2-user/data/topics/4131 1427
@/home/ec2-user/data/topics/4087 1428
@/home/ec2-user/data/topics/3785 1429
@/home/ec2-user/data/topics/4836 1430
@/home/ec2-user/data/topics/4208 1431
@/home/ec2-user/data/topics/1042 1432
@/home/ec2-user/data/topics/1230 1433
@/home/ec2-user/data/topics/3928 1434
@/home/ec2-user/data/topics/4335 1435
@/home/ec2-user/data/topics/3650 1436
@/home/ec2-user/data/topics/4925 1437
@/home/ec2-user/data/topics/3359 1438
@/home/ec2-user/data/topics/4560 1439
@/home/ec2-user/data/topics/3521 1440
@/home/ec2-user/data/topics/4488 1441
@/home/ec2-user/data/topics/3586 1442
@/home/ec2-user/data/topics/4964 1443
@/home/ec2-user/data/topics/3552 1444
@/home/ec2-user/data/topics/2130 1445
@/home/ec2-user/data/topics/3568 1446
@/home/ec2-user/data/topics/4118 1447
@/home/ec2-user/data/topics/4952 1448
@/home/ec2-user/data/topics/4104 1449
@/home/ec2-user/data/topics/4175 1450
@/home/ec2-user/data/topics/4916 1451
@/home/ec2-user/data/topics/4511 1452
@/home/ec2-user/data/topics/3824 1453
@/home/ec2-user/data/topics/3544 1454
@/home/ec2-user/data/topics/1787 1455
@/home/ec2-user/data/topics/3425 1456
@/home/ec2-user/data/topics/4146 1457
@/home/ec2-user/data/topics/3536 1458
@/home/ec2-user/data/topics/1229 1459
@/home/ec2-user/data/topics/3509 1460
@/home/ec2-user/data/topics/4870 1461
@/home/ec2-user/data/topics/4965 1462
@/home/ec2-user/data/topics/4121 1463
@/home/ec2-user/data/topics/4865 1464
@/home/ec2-user/data/topics/4115 1465
@/home/ec2-user/data/topics/4664 1466
@/home/ec2-user/data/topics/3915 1467
@/home/ec2-user/data/topics/3894 1468
@/home/ec2-user/data/topics/4025 1469
@/home/ec2-user/data/topics/4505 1470
@/home/ec2-user/data/topics/4443 1471
@/home/ec2-user/data/topics/2017 1472
@/home/ec2-user/data/topics/1809 1473
@/home/ec2-user/data/topics/1408 1474
@/home/ec2-user/data/topics/3927 1475
@/home/ec2-user/data/topics/4792 1476
@/home/ec2-user/data/topics/1556 1477
@/home/ec2-user/data/topics/3811 1478
@/home/ec2-user/data/topics/4114 1479
@/home/ec2-user/data/topics/1934 1480
日本鋼管株式会社

@/home/ec2-user/data/topics/1404 1481
@/home/ec2-user/data/topics/2095 1481
@/home/ec2-user/data/topics/4161 1482
@/home/ec2-user/data/topics/1690 1483
@/home/ec2-user/data/topics/3572 1484
@/home/ec2-user/data/topics/4455 1485
@/home/ec2-user/data/topics/4289 1486
株式会社神戸製鋼所

@/home/ec2-user/data/topics/2064 1487
@/home/ec2-user/data/topics/3902 1487
@/home/ec2-user/data/topics/3674 1488
@/home/ec2-user/data/topics/3475 1489
@/home/ec2-user/data/topics/3632 1490
@/home/ec2-user/data/topics/1465 1491
@/home/ec2-user/data/topics/4949 1492
株式会社ケンウッド

@/home/ec2-user/data/topics/1186 1493
@/home/ec2-user/data/topics/1896 1493
@/home/ec2-user/data/topics/3801 1494
@/home/ec2-user/data/topics/3794 1495
@/home/ec2-user/data/topics/3463 1496
@/home/ec2-user/data/topics/2163 1497
@/home/ec2-user/data/topics/3977 1498
@/home/ec2-user/data/topics/3969 1499
@/home/ec2-user/data/topics/1698 1500
@/home/ec2-user/data/topics/1617 1501
@/home/ec2-user/data/topics/3839 1502
@/home/ec2-user/data/topics/2036 1503
@/home/ec2-user/data/topics/1115 1504
@/home/ec2-user/data/topics/4038 1505
@/home/ec2-user/data/topics/4467 1506
@/home/ec2-user/data/topics/4050 1507
@/home/ec2-user/data/topics/1424 1508
@/home/ec2-user/data/topics/4167 1509
@/home/ec2-user/data/topics/3878 1510
@/home/ec2-user/data/topics/1241 1511
@/home/ec2-user/data/topics/1345 1512
東陶機器株式会社

@/home/ec2-user/data/topics/2135 1513
@/home/ec2-user/data/topics/1626 1513
@/home/ec2-user/data/topics/1692 1514
@/home/ec2-user/data/topics/1735 1515
@/home/ec2-user/data/topics/3583 1516
@/home/ec2-user/data/topics/3821 1517
本田技研工業株式会社

@/home/ec2-user/data/topics/1818 1518
@/home/ec2-user/data/topics/4783 1518
@/home/ec2-user/data/topics/1226 1519
@/home/ec2-user/data/topics/4033 1520
@/home/ec2-user/data/topics/1143 1521
@/home/ec2-user/data/topics/1444 1522
@/home/ec2-user/data/topics/4199 1523
@/home/ec2-user/data/topics/2016 1524
@/home/ec2-user/data/topics/4375 1525
@/home/ec2-user/data/topics/4331 1526
@/home/ec2-user/data/topics/3685 1527
@/home/ec2-user/data/topics/2000 1528
@/home/ec2-user/data/topics/1605 1529
@/home/ec2-user/data/topics/1215 1530
@/home/ec2-user/data/topics/1266 1531
@/home/ec2-user/data/topics/5026 1532
@/home/ec2-user/data/topics/4888 1533
@/home/ec2-user/data/topics/1822 1534
@/home/ec2-user/data/topics/4132 1535
新日本製鐵株式会社

@/home/ec2-user/data/topics/3663 1536
@/home/ec2-user/data/topics/4472 1536
@/home/ec2-user/data/topics/3899 1537
@/home/ec2-user/data/topics/5008 1538
@/home/ec2-user/data/topics/3368 1539
@/home/ec2-user/data/topics/3861 1540
松下電工株式会社

@/home/ec2-user/data/topics/1803 1541
@/home/ec2-user/data/topics/3511 1541
@/home/ec2-user/data/topics/4029 1542
@/home/ec2-user/data/topics/1311 1543
@/home/ec2-user/data/topics/4450 1544
@/home/ec2-user/data/topics/3932 1545
@/home/ec2-user/data/topics/3379 1546
@/home/ec2-user/data/topics/2045 1547
@/home/ec2-user/data/topics/4592 1548
@/home/ec2-user/data/topics/3549 1549
@/home/ec2-user/data/topics/4012 1550
@/home/ec2-user/data/topics/3778 1551
@/home/ec2-user/data/topics/4347 1552
@/home/ec2-user/data/topics/1011 1553
@/home/ec2-user/data/topics/4083 1554
@/home/ec2-user/data/topics/4317 1555
@/home/ec2-user/data/topics/3565 1556
@/home/ec2-user/data/topics/3835 1557
@/home/ec2-user/data/topics/4094 1558
@/home/ec2-user/data/topics/3651 1559
@/home/ec2-user/data/topics/3670 1560
@/home/ec2-user/data/topics/1251 1561
usernum: 72
simhit: 1152
simmax: 0.579532274492
simmin: 0.0
simavg: 0.21231148846
total: 1562
simhit/total: 0.737516005122

2017-01-17 15:45:56.476005
