2017-01-17 15:25:15.056024

topic-folder:/home/ec2-user/data/topics/
cl-file:rand
cl-floder:/home/ec2-user/data/lsaclass/
zipf:0.2
stype[0(tfidf)/1(tfidf2)/2(lsa)/3(lda)]:2
dtype[<0(diff*rand)/0(diff)/1(same)/>=2(diff*same)]:1
output-floder:thesis/

三菱マテリアル株式会社

@/home/ec2-user/data/topics/3546 0
@/home/ec2-user/data/topics/3630 0
@/home/ec2-user/data/topics/3866 1
@/home/ec2-user/data/topics/3520 2
@/home/ec2-user/data/topics/2093 3
@/home/ec2-user/data/topics/1638 4
@/home/ec2-user/data/topics/3470 5
@/home/ec2-user/data/topics/1085 6
日本精機株式会社

@/home/ec2-user/data/topics/4907 7
@/home/ec2-user/data/topics/4709 7
@/home/ec2-user/data/topics/4972 8
@/home/ec2-user/data/topics/4690 9
@/home/ec2-user/data/topics/4875 10
@/home/ec2-user/data/topics/1398 11
コニカ株式会社

@/home/ec2-user/data/topics/3486 12
@/home/ec2-user/data/topics/3431 12
@/home/ec2-user/data/topics/2162 13
@/home/ec2-user/data/topics/3357 14
@/home/ec2-user/data/topics/3370 15
@/home/ec2-user/data/topics/1946 16
@/home/ec2-user/data/topics/3418 17
@/home/ec2-user/data/topics/3414 18
@/home/ec2-user/data/topics/3533 19
@/home/ec2-user/data/topics/3426 20
@/home/ec2-user/data/topics/3419 21
埼玉日本電気株式会社

@/home/ec2-user/data/topics/5010 22
@/home/ec2-user/data/topics/4279 22
@/home/ec2-user/data/topics/1512 23
@/home/ec2-user/data/topics/4242 24
@/home/ec2-user/data/topics/4283 25
@/home/ec2-user/data/topics/4496 26
@/home/ec2-user/data/topics/1620 27
@/home/ec2-user/data/topics/4998 28
@/home/ec2-user/data/topics/4468 29
アルプス電気株式会社

@/home/ec2-user/data/topics/1434 30
@/home/ec2-user/data/topics/2012 30
@/home/ec2-user/data/topics/2089 31
@/home/ec2-user/data/topics/3582 32
@/home/ec2-user/data/topics/1253 33
@/home/ec2-user/data/topics/4791 34
@/home/ec2-user/data/topics/3429 35
三菱重工業株式会社

@/home/ec2-user/data/topics/3529 36
@/home/ec2-user/data/topics/5022 36
@/home/ec2-user/data/topics/3637 37
@/home/ec2-user/data/topics/4882 38
@/home/ec2-user/data/topics/4687 39
@/home/ec2-user/data/topics/4412 40
@/home/ec2-user/data/topics/3944 41
@/home/ec2-user/data/topics/4862 42
@/home/ec2-user/data/topics/3503 43
@/home/ec2-user/data/topics/3833 44
@/home/ec2-user/data/topics/4563 45
@/home/ec2-user/data/topics/3591 46
村田機械株式会社

@/home/ec2-user/data/topics/4596 47
@/home/ec2-user/data/topics/1074 47
@/home/ec2-user/data/topics/4441 48
@/home/ec2-user/data/topics/3528 49
@/home/ec2-user/data/topics/4645 50
@/home/ec2-user/data/topics/1607 51
@/home/ec2-user/data/topics/4638 52
@/home/ec2-user/data/topics/4941 53
@/home/ec2-user/data/topics/4565 54
@/home/ec2-user/data/topics/1293 55
@/home/ec2-user/data/topics/3740 56
@/home/ec2-user/data/topics/4746 57
@/home/ec2-user/data/topics/1511 58
@/home/ec2-user/data/topics/4835 59
@/home/ec2-user/data/topics/4570 60
@/home/ec2-user/data/topics/5000 61
@/home/ec2-user/data/topics/4556 62
川崎製鉄株式会社

@/home/ec2-user/data/topics/3413 63
@/home/ec2-user/data/topics/1037 63
@/home/ec2-user/data/topics/3532 64
@/home/ec2-user/data/topics/4615 65
@/home/ec2-user/data/topics/1459 66
@/home/ec2-user/data/topics/3553 67
@/home/ec2-user/data/topics/3929 68
@/home/ec2-user/data/topics/3611 69
@/home/ec2-user/data/topics/3483 70
ダイキン工業株式会社

@/home/ec2-user/data/topics/4400 71
@/home/ec2-user/data/topics/4515 71
@/home/ec2-user/data/topics/3888 72
@/home/ec2-user/data/topics/4734 73
@/home/ec2-user/data/topics/4858 74
@/home/ec2-user/data/topics/1565 75
@/home/ec2-user/data/topics/1600 76
@/home/ec2-user/data/topics/4845 77
@/home/ec2-user/data/topics/4701 78
@/home/ec2-user/data/topics/4367 79
@/home/ec2-user/data/topics/4753 80
三菱自動車工業株式会社

@/home/ec2-user/data/topics/1527 81
@/home/ec2-user/data/topics/3940 81
@/home/ec2-user/data/topics/3815 82
@/home/ec2-user/data/topics/1428 83
@/home/ec2-user/data/topics/2101 84
@/home/ec2-user/data/topics/4189 85
@/home/ec2-user/data/topics/3502 86
@/home/ec2-user/data/topics/1816 87
日産自動車株式会社

@/home/ec2-user/data/topics/4982 88
@/home/ec2-user/data/topics/3489 88
@/home/ec2-user/data/topics/4074 89
@/home/ec2-user/data/topics/3936 90
@/home/ec2-user/data/topics/3497 91
@/home/ec2-user/data/topics/3501 92
@/home/ec2-user/data/topics/3677 93
@/home/ec2-user/data/topics/3723 94
@/home/ec2-user/data/topics/3712 95
@/home/ec2-user/data/topics/3645 96
@/home/ec2-user/data/topics/3829 97
トヨタ自動車株式会社

@/home/ec2-user/data/topics/3783 98
@/home/ec2-user/data/topics/3699 98
@/home/ec2-user/data/topics/3943 99
@/home/ec2-user/data/topics/4030 100
@/home/ec2-user/data/topics/4008 101
@/home/ec2-user/data/topics/4426 102
@/home/ec2-user/data/topics/3731 103
@/home/ec2-user/data/topics/3725 104
@/home/ec2-user/data/topics/3758 105
@/home/ec2-user/data/topics/3587 106
@/home/ec2-user/data/topics/4647 107
@/home/ec2-user/data/topics/2111 108
@/home/ec2-user/data/topics/2218 109
@/home/ec2-user/data/topics/3671 110
@/home/ec2-user/data/topics/4144 111
@/home/ec2-user/data/topics/4767 112
@/home/ec2-user/data/topics/4543 113
@/home/ec2-user/data/topics/4346 114
@/home/ec2-user/data/topics/4617 115
@/home/ec2-user/data/topics/4658 116
@/home/ec2-user/data/topics/4064 117
@/home/ec2-user/data/topics/1494 118
@/home/ec2-user/data/topics/3405 119
@/home/ec2-user/data/topics/3356 120
@/home/ec2-user/data/topics/3481 121
@/home/ec2-user/data/topics/4298 122
@/home/ec2-user/data/topics/1551 123
@/home/ec2-user/data/topics/4920 124
@/home/ec2-user/data/topics/4633 125
オリンパス光学工業株式会社

@/home/ec2-user/data/topics/1739 126
@/home/ec2-user/data/topics/1586 126
@/home/ec2-user/data/topics/2026 127
@/home/ec2-user/data/topics/1835 128
@/home/ec2-user/data/topics/1869 129
@/home/ec2-user/data/topics/4007 130
@/home/ec2-user/data/topics/5006 131
@/home/ec2-user/data/topics/1107 132
@/home/ec2-user/data/topics/4013 133
@/home/ec2-user/data/topics/4878 134
@/home/ec2-user/data/topics/1981 135
@/home/ec2-user/data/topics/1155 136
ブラザー工業株式会社

@/home/ec2-user/data/topics/3789 137
@/home/ec2-user/data/topics/3686 137
@/home/ec2-user/data/topics/1076 138
@/home/ec2-user/data/topics/1183 139
@/home/ec2-user/data/topics/1300 140
@/home/ec2-user/data/topics/3613 141
@/home/ec2-user/data/topics/4548 142
@/home/ec2-user/data/topics/1906 143
@/home/ec2-user/data/topics/2085 144
@/home/ec2-user/data/topics/1697 145
@/home/ec2-user/data/topics/2086 146
@/home/ec2-user/data/topics/3477 147
@/home/ec2-user/data/topics/3507 148
@/home/ec2-user/data/topics/1636 149
@/home/ec2-user/data/topics/1164 150
富士通株式会社

@/home/ec2-user/data/topics/3399 151
@/home/ec2-user/data/topics/3400 151
@/home/ec2-user/data/topics/3749 152
@/home/ec2-user/data/topics/2215 153
@/home/ec2-user/data/topics/2227 154
@/home/ec2-user/data/topics/3799 155
@/home/ec2-user/data/topics/3428 156
@/home/ec2-user/data/topics/3751 157
@/home/ec2-user/data/topics/3862 158
@/home/ec2-user/data/topics/1547 159
@/home/ec2-user/data/topics/3381 160
@/home/ec2-user/data/topics/3870 161
@/home/ec2-user/data/topics/3765 162
@/home/ec2-user/data/topics/1998 163
@/home/ec2-user/data/topics/3460 164
@/home/ec2-user/data/topics/3802 165
@/home/ec2-user/data/topics/1264 166
@/home/ec2-user/data/topics/3846 167
@/home/ec2-user/data/topics/2216 168
@/home/ec2-user/data/topics/5004 169
@/home/ec2-user/data/topics/3850 170
@/home/ec2-user/data/topics/3912 171
@/home/ec2-user/data/topics/3962 172
@/home/ec2-user/data/topics/1271 173
@/home/ec2-user/data/topics/4191 174
@/home/ec2-user/data/topics/3538 175
@/home/ec2-user/data/topics/3970 176
@/home/ec2-user/data/topics/1609 177
@/home/ec2-user/data/topics/3636 178
@/home/ec2-user/data/topics/1123 179
@/home/ec2-user/data/topics/1874 180
@/home/ec2-user/data/topics/3883 181
静岡日本電気株式会社

@/home/ec2-user/data/topics/4365 182
@/home/ec2-user/data/topics/4531 182
@/home/ec2-user/data/topics/4507 183
@/home/ec2-user/data/topics/4314 184
@/home/ec2-user/data/topics/4250 185
@/home/ec2-user/data/topics/4326 186
住友重機械工業株式会社

@/home/ec2-user/data/topics/1019 187
@/home/ec2-user/data/topics/3868 187
@/home/ec2-user/data/topics/2039 188
@/home/ec2-user/data/topics/1373 189
@/home/ec2-user/data/topics/1553 190
@/home/ec2-user/data/topics/3952 191
@/home/ec2-user/data/topics/1505 192
@/home/ec2-user/data/topics/4854 193
@/home/ec2-user/data/topics/1900 194
大日本印刷株式会社

@/home/ec2-user/data/topics/3569 195
@/home/ec2-user/data/topics/3388 195
@/home/ec2-user/data/topics/1145 196
@/home/ec2-user/data/topics/1099 197
@/home/ec2-user/data/topics/1564 198
@/home/ec2-user/data/topics/1262 199
日本電気株式会社

@/home/ec2-user/data/topics/4785 200
@/home/ec2-user/data/topics/4440 200
@/home/ec2-user/data/topics/4665 201
@/home/ec2-user/data/topics/4434 202
@/home/ec2-user/data/topics/1773 203
@/home/ec2-user/data/topics/1360 204
@/home/ec2-user/data/topics/4682 205
@/home/ec2-user/data/topics/4760 206
@/home/ec2-user/data/topics/4309 207
@/home/ec2-user/data/topics/4742 208
@/home/ec2-user/data/topics/4137 209
@/home/ec2-user/data/topics/4429 210
@/home/ec2-user/data/topics/1612 211
@/home/ec2-user/data/topics/4196 212
@/home/ec2-user/data/topics/1937 213
@/home/ec2-user/data/topics/1783 214
@/home/ec2-user/data/topics/4418 215
@/home/ec2-user/data/topics/4561 216
@/home/ec2-user/data/topics/5034 217
@/home/ec2-user/data/topics/4081 218
@/home/ec2-user/data/topics/4779 219
@/home/ec2-user/data/topics/4281 220
@/home/ec2-user/data/topics/3954 221
@/home/ec2-user/data/topics/1764 222
@/home/ec2-user/data/topics/4338 223
@/home/ec2-user/data/topics/4485 224
@/home/ec2-user/data/topics/4699 225
@/home/ec2-user/data/topics/4216 226
@/home/ec2-user/data/topics/4116 227
@/home/ec2-user/data/topics/4238 228
@/home/ec2-user/data/topics/4646 229
@/home/ec2-user/data/topics/4129 230
@/home/ec2-user/data/topics/4272 231
@/home/ec2-user/data/topics/3729 232
@/home/ec2-user/data/topics/4808 233
@/home/ec2-user/data/topics/4389 234
@/home/ec2-user/data/topics/4603 235
@/home/ec2-user/data/topics/4446 236
@/home/ec2-user/data/topics/4902 237
@/home/ec2-user/data/topics/1044 238
@/home/ec2-user/data/topics/2166 239
@/home/ec2-user/data/topics/4258 240
@/home/ec2-user/data/topics/1052 241
@/home/ec2-user/data/topics/4128 242
@/home/ec2-user/data/topics/1928 243
@/home/ec2-user/data/topics/4168 244
@/home/ec2-user/data/topics/1973 245
@/home/ec2-user/data/topics/4063 246
@/home/ec2-user/data/topics/3767 247
@/home/ec2-user/data/topics/4892 248
@/home/ec2-user/data/topics/4276 249
@/home/ec2-user/data/topics/4209 250
@/home/ec2-user/data/topics/1867 251
@/home/ec2-user/data/topics/4352 252
@/home/ec2-user/data/topics/4643 253
@/home/ec2-user/data/topics/1464 254
@/home/ec2-user/data/topics/4926 255
@/home/ec2-user/data/topics/4549 256
@/home/ec2-user/data/topics/4275 257
@/home/ec2-user/data/topics/4082 258
@/home/ec2-user/data/topics/4390 259
@/home/ec2-user/data/topics/4342 260
@/home/ec2-user/data/topics/4243 261
@/home/ec2-user/data/topics/4097 262
@/home/ec2-user/data/topics/4278 263
@/home/ec2-user/data/topics/4877 264
@/home/ec2-user/data/topics/1557 265
@/home/ec2-user/data/topics/1879 266
@/home/ec2-user/data/topics/2041 267
@/home/ec2-user/data/topics/4153 268
@/home/ec2-user/data/topics/3853 269
@/home/ec2-user/data/topics/4138 270
@/home/ec2-user/data/topics/2119 271
@/home/ec2-user/data/topics/4775 272
@/home/ec2-user/data/topics/4770 273
@/home/ec2-user/data/topics/4246 274
@/home/ec2-user/data/topics/4310 275
@/home/ec2-user/data/topics/4254 276
@/home/ec2-user/data/topics/3971 277
@/home/ec2-user/data/topics/4240 278
@/home/ec2-user/data/topics/4320 279
@/home/ec2-user/data/topics/4584 280
@/home/ec2-user/data/topics/1016 281
@/home/ec2-user/data/topics/4533 282
@/home/ec2-user/data/topics/1710 283
@/home/ec2-user/data/topics/1199 284
@/home/ec2-user/data/topics/4657 285
@/home/ec2-user/data/topics/3875 286
@/home/ec2-user/data/topics/1383 287
@/home/ec2-user/data/topics/4371 288
@/home/ec2-user/data/topics/4838 289
@/home/ec2-user/data/topics/1567 290
@/home/ec2-user/data/topics/1815 291
@/home/ec2-user/data/topics/4288 292
@/home/ec2-user/data/topics/4634 293
@/home/ec2-user/data/topics/4360 294
@/home/ec2-user/data/topics/4062 295
@/home/ec2-user/data/topics/1891 296
@/home/ec2-user/data/topics/3896 297
@/home/ec2-user/data/topics/1281 298
@/home/ec2-user/data/topics/4142 299
@/home/ec2-user/data/topics/4718 300
@/home/ec2-user/data/topics/4414 301
@/home/ec2-user/data/topics/4644 302
@/home/ec2-user/data/topics/4247 303
@/home/ec2-user/data/topics/4595 304
@/home/ec2-user/data/topics/4433 305
@/home/ec2-user/data/topics/4158 306
@/home/ec2-user/data/topics/3956 307
@/home/ec2-user/data/topics/4750 308
@/home/ec2-user/data/topics/4185 309
@/home/ec2-user/data/topics/4824 310
@/home/ec2-user/data/topics/2022 311
@/home/ec2-user/data/topics/1486 312
@/home/ec2-user/data/topics/4244 313
@/home/ec2-user/data/topics/4477 314
@/home/ec2-user/data/topics/4728 315
@/home/ec2-user/data/topics/1364 316
@/home/ec2-user/data/topics/4536 317
@/home/ec2-user/data/topics/4486 318
@/home/ec2-user/data/topics/4530 319
@/home/ec2-user/data/topics/2150 320
@/home/ec2-user/data/topics/4359 321
@/home/ec2-user/data/topics/3766 322
@/home/ec2-user/data/topics/4721 323
@/home/ec2-user/data/topics/1634 324
@/home/ec2-user/data/topics/4017 325
@/home/ec2-user/data/topics/1122 326
@/home/ec2-user/data/topics/4207 327
@/home/ec2-user/data/topics/1852 328
@/home/ec2-user/data/topics/1923 329
@/home/ec2-user/data/topics/4134 330
@/home/ec2-user/data/topics/3886 331
@/home/ec2-user/data/topics/4388 332
@/home/ec2-user/data/topics/4651 333
@/home/ec2-user/data/topics/4696 334
@/home/ec2-user/data/topics/4186 335
@/home/ec2-user/data/topics/1362 336
@/home/ec2-user/data/topics/4460 337
@/home/ec2-user/data/topics/1100 338
@/home/ec2-user/data/topics/2088 339
@/home/ec2-user/data/topics/1326 340
@/home/ec2-user/data/topics/1724 341
@/home/ec2-user/data/topics/4427 342
@/home/ec2-user/data/topics/4257 343
@/home/ec2-user/data/topics/1595 344
@/home/ec2-user/data/topics/4343 345
@/home/ec2-user/data/topics/4447 346
@/home/ec2-user/data/topics/3995 347
@/home/ec2-user/data/topics/4816 348
@/home/ec2-user/data/topics/4578 349
@/home/ec2-user/data/topics/3865 350
@/home/ec2-user/data/topics/3938 351
@/home/ec2-user/data/topics/4689 352
@/home/ec2-user/data/topics/1101 353
@/home/ec2-user/data/topics/4260 354
@/home/ec2-user/data/topics/3897 355
@/home/ec2-user/data/topics/4537 356
@/home/ec2-user/data/topics/4598 357
@/home/ec2-user/data/topics/4708 358
@/home/ec2-user/data/topics/4725 359
@/home/ec2-user/data/topics/1948 360
@/home/ec2-user/data/topics/4393 361
@/home/ec2-user/data/topics/4315 362
@/home/ec2-user/data/topics/4236 363
@/home/ec2-user/data/topics/4162 364
@/home/ec2-user/data/topics/4876 365
@/home/ec2-user/data/topics/4318 366
@/home/ec2-user/data/topics/4940 367
@/home/ec2-user/data/topics/1116 368
@/home/ec2-user/data/topics/4300 369
@/home/ec2-user/data/topics/4659 370
@/home/ec2-user/data/topics/1661 371
@/home/ec2-user/data/topics/4650 372
@/home/ec2-user/data/topics/4092 373
@/home/ec2-user/data/topics/4119 374
@/home/ec2-user/data/topics/4764 375
@/home/ec2-user/data/topics/4204 376
@/home/ec2-user/data/topics/4609 377
@/home/ec2-user/data/topics/4850 378
@/home/ec2-user/data/topics/4398 379
@/home/ec2-user/data/topics/4626 380
@/home/ec2-user/data/topics/1457 381
@/home/ec2-user/data/topics/4267 382
@/home/ec2-user/data/topics/4154 383
@/home/ec2-user/data/topics/4759 384
@/home/ec2-user/data/topics/4100 385
@/home/ec2-user/data/topics/4749 386
@/home/ec2-user/data/topics/4497 387
@/home/ec2-user/data/topics/1791 388
@/home/ec2-user/data/topics/1624 389
@/home/ec2-user/data/topics/4425 390
@/home/ec2-user/data/topics/4273 391
@/home/ec2-user/data/topics/4442 392
@/home/ec2-user/data/topics/3744 393
@/home/ec2-user/data/topics/4666 394
@/home/ec2-user/data/topics/2127 395
@/home/ec2-user/data/topics/1500 396
@/home/ec2-user/data/topics/4319 397
@/home/ec2-user/data/topics/1844 398
@/home/ec2-user/data/topics/4490 399
@/home/ec2-user/data/topics/4071 400
@/home/ec2-user/data/topics/4093 401
@/home/ec2-user/data/topics/4532 402
@/home/ec2-user/data/topics/4480 403
@/home/ec2-user/data/topics/3724 404
@/home/ec2-user/data/topics/2031 405
@/home/ec2-user/data/topics/4613 406
@/home/ec2-user/data/topics/1078 407
@/home/ec2-user/data/topics/4227 408
@/home/ec2-user/data/topics/4120 409
@/home/ec2-user/data/topics/1112 410
@/home/ec2-user/data/topics/4192 411
@/home/ec2-user/data/topics/4003 412
@/home/ec2-user/data/topics/2144 413
@/home/ec2-user/data/topics/1523 414
@/home/ec2-user/data/topics/4171 415
@/home/ec2-user/data/topics/4313 416
@/home/ec2-user/data/topics/4458 417
@/home/ec2-user/data/topics/4404 418
松下電器産業株式会社

@/home/ec2-user/data/topics/4558 419
@/home/ec2-user/data/topics/2129 419
@/home/ec2-user/data/topics/1257 420
@/home/ec2-user/data/topics/4098 421
@/home/ec2-user/data/topics/2080 422
@/home/ec2-user/data/topics/4139 423
@/home/ec2-user/data/topics/3510 424
@/home/ec2-user/data/topics/2170 425
@/home/ec2-user/data/topics/1701 426
@/home/ec2-user/data/topics/1026 427
@/home/ec2-user/data/topics/1252 428
@/home/ec2-user/data/topics/1158 429
@/home/ec2-user/data/topics/1525 430
@/home/ec2-user/data/topics/4817 431
@/home/ec2-user/data/topics/3680 432
@/home/ec2-user/data/topics/3739 433
@/home/ec2-user/data/topics/3807 434
@/home/ec2-user/data/topics/4264 435
@/home/ec2-user/data/topics/4586 436
@/home/ec2-user/data/topics/4787 437
@/home/ec2-user/data/topics/5028 438
@/home/ec2-user/data/topics/4502 439
@/home/ec2-user/data/topics/4918 440
@/home/ec2-user/data/topics/4667 441
@/home/ec2-user/data/topics/3746 442
@/home/ec2-user/data/topics/4501 443
@/home/ec2-user/data/topics/4797 444
@/home/ec2-user/data/topics/4491 445
@/home/ec2-user/data/topics/4160 446
@/home/ec2-user/data/topics/3719 447
@/home/ec2-user/data/topics/1898 448
@/home/ec2-user/data/topics/3694 449
@/home/ec2-user/data/topics/4806 450
@/home/ec2-user/data/topics/4798 451
@/home/ec2-user/data/topics/4885 452
@/home/ec2-user/data/topics/4475 453
@/home/ec2-user/data/topics/4126 454
@/home/ec2-user/data/topics/4000 455
@/home/ec2-user/data/topics/4101 456
@/home/ec2-user/data/topics/1509 457
@/home/ec2-user/data/topics/4503 458
@/home/ec2-user/data/topics/4193 459
@/home/ec2-user/data/topics/2029 460
@/home/ec2-user/data/topics/3558 461
@/home/ec2-user/data/topics/4385 462
@/home/ec2-user/data/topics/4303 463
@/home/ec2-user/data/topics/3386 464
@/home/ec2-user/data/topics/1136 465
@/home/ec2-user/data/topics/1705 466
@/home/ec2-user/data/topics/3619 467
@/home/ec2-user/data/topics/3721 468
@/home/ec2-user/data/topics/1633 469
@/home/ec2-user/data/topics/4804 470
@/home/ec2-user/data/topics/4159 471
@/home/ec2-user/data/topics/4229 472
@/home/ec2-user/data/topics/4917 473
@/home/ec2-user/data/topics/3704 474
@/home/ec2-user/data/topics/1955 475
@/home/ec2-user/data/topics/4422 476
@/home/ec2-user/data/topics/5024 477
@/home/ec2-user/data/topics/4936 478
@/home/ec2-user/data/topics/4459 479
@/home/ec2-user/data/topics/3847 480
@/home/ec2-user/data/topics/1339 481
@/home/ec2-user/data/topics/4945 482
@/home/ec2-user/data/topics/4961 483
@/home/ec2-user/data/topics/3676 484
@/home/ec2-user/data/topics/4599 485
@/home/ec2-user/data/topics/4448 486
@/home/ec2-user/data/topics/4382 487
@/home/ec2-user/data/topics/1516 488
@/home/ec2-user/data/topics/1829 489
@/home/ec2-user/data/topics/3904 490
@/home/ec2-user/data/topics/4394 491
@/home/ec2-user/data/topics/4577 492
@/home/ec2-user/data/topics/1885 493
@/home/ec2-user/data/topics/4102 494
@/home/ec2-user/data/topics/4754 495
@/home/ec2-user/data/topics/4180 496
@/home/ec2-user/data/topics/3455 497
@/home/ec2-user/data/topics/3585 498
@/home/ec2-user/data/topics/1706 499
@/home/ec2-user/data/topics/3402 500
@/home/ec2-user/data/topics/1748 501
@/home/ec2-user/data/topics/1762 502
@/home/ec2-user/data/topics/3494 503
@/home/ec2-user/data/topics/4355 504
@/home/ec2-user/data/topics/4464 505
@/home/ec2-user/data/topics/2222 506
@/home/ec2-user/data/topics/3514 507
@/home/ec2-user/data/topics/1589 508
@/home/ec2-user/data/topics/3692 509
@/home/ec2-user/data/topics/1477 510
@/home/ec2-user/data/topics/2056 511
@/home/ec2-user/data/topics/3979 512
@/home/ec2-user/data/topics/4676 513
@/home/ec2-user/data/topics/3920 514
@/home/ec2-user/data/topics/4707 515
@/home/ec2-user/data/topics/1540 516
@/home/ec2-user/data/topics/1179 517
@/home/ec2-user/data/topics/4307 518
@/home/ec2-user/data/topics/3658 519
@/home/ec2-user/data/topics/4157 520
@/home/ec2-user/data/topics/4867 521
@/home/ec2-user/data/topics/1070 522
@/home/ec2-user/data/topics/3404 523
@/home/ec2-user/data/topics/4215 524
@/home/ec2-user/data/topics/1157 525
@/home/ec2-user/data/topics/2156 526
@/home/ec2-user/data/topics/4574 527
@/home/ec2-user/data/topics/1635 528
@/home/ec2-user/data/topics/4274 529
@/home/ec2-user/data/topics/4625 530
@/home/ec2-user/data/topics/4968 531
@/home/ec2-user/data/topics/3761 532
@/home/ec2-user/data/topics/4043 533
@/home/ec2-user/data/topics/3519 534
@/home/ec2-user/data/topics/4280 535
@/home/ec2-user/data/topics/3951 536
@/home/ec2-user/data/topics/1812 537
@/home/ec2-user/data/topics/1881 538
@/home/ec2-user/data/topics/4761 539
@/home/ec2-user/data/topics/3960 540
セイコーインスツルメンツ株式会社

@/home/ec2-user/data/topics/4088 541
@/home/ec2-user/data/topics/4036 541
@/home/ec2-user/data/topics/4203 542
@/home/ec2-user/data/topics/4997 543
@/home/ec2-user/data/topics/4190 544
@/home/ec2-user/data/topics/1707 545
@/home/ec2-user/data/topics/3825 546
@/home/ec2-user/data/topics/4151 547
@/home/ec2-user/data/topics/3626 548
ミノルタ株式会社

@/home/ec2-user/data/topics/2190 549
@/home/ec2-user/data/topics/1152 549
@/home/ec2-user/data/topics/4986 550
@/home/ec2-user/data/topics/4977 551
@/home/ec2-user/data/topics/3584 552
@/home/ec2-user/data/topics/4984 553
@/home/ec2-user/data/topics/3810 554
@/home/ec2-user/data/topics/3545 555
@/home/ec2-user/data/topics/4951 556
@/home/ec2-user/data/topics/4970 557
@/home/ec2-user/data/topics/4321 558
@/home/ec2-user/data/topics/4971 559
株式会社リコー

@/home/ec2-user/data/topics/4781 560
@/home/ec2-user/data/topics/4616 560
@/home/ec2-user/data/topics/1718 561
@/home/ec2-user/data/topics/3446 562
@/home/ec2-user/data/topics/4344 563
@/home/ec2-user/data/topics/1593 564
@/home/ec2-user/data/topics/3669 565
@/home/ec2-user/data/topics/1083 566
@/home/ec2-user/data/topics/3711 567
@/home/ec2-user/data/topics/3530 568
@/home/ec2-user/data/topics/3523 569
@/home/ec2-user/data/topics/1775 570
@/home/ec2-user/data/topics/3750 571
@/home/ec2-user/data/topics/4265 572
@/home/ec2-user/data/topics/1627 573
@/home/ec2-user/data/topics/3474 574
@/home/ec2-user/data/topics/3713 575
@/home/ec2-user/data/topics/1691 576
@/home/ec2-user/data/topics/1668 577
@/home/ec2-user/data/topics/3495 578
@/home/ec2-user/data/topics/3436 579
@/home/ec2-user/data/topics/1436 580
@/home/ec2-user/data/topics/1064 581
@/home/ec2-user/data/topics/3880 582
@/home/ec2-user/data/topics/2189 583
@/home/ec2-user/data/topics/1106 584
@/home/ec2-user/data/topics/3555 585
@/home/ec2-user/data/topics/1974 586
@/home/ec2-user/data/topics/1095 587
@/home/ec2-user/data/topics/2201 588
@/home/ec2-user/data/topics/3484 589
@/home/ec2-user/data/topics/1190 590
@/home/ec2-user/data/topics/2182 591
@/home/ec2-user/data/topics/4879 592
@/home/ec2-user/data/topics/1225 593
@/home/ec2-user/data/topics/3574 594
@/home/ec2-user/data/topics/3759 595
@/home/ec2-user/data/topics/2090 596
@/home/ec2-user/data/topics/1878 597
@/home/ec2-user/data/topics/1670 598
@/home/ec2-user/data/topics/3411 599
@/home/ec2-user/data/topics/1976 600
@/home/ec2-user/data/topics/3557 601
@/home/ec2-user/data/topics/1755 602
@/home/ec2-user/data/topics/1780 603
@/home/ec2-user/data/topics/1776 604
@/home/ec2-user/data/topics/3378 605
@/home/ec2-user/data/topics/3548 606
@/home/ec2-user/data/topics/1478 607
@/home/ec2-user/data/topics/3394 608
@/home/ec2-user/data/topics/1806 609
@/home/ec2-user/data/topics/3775 610
@/home/ec2-user/data/topics/1514 611
@/home/ec2-user/data/topics/1740 612
@/home/ec2-user/data/topics/2219 613
@/home/ec2-user/data/topics/1663 614
@/home/ec2-user/data/topics/4037 615
@/home/ec2-user/data/topics/1669 616
@/home/ec2-user/data/topics/1774 617
@/home/ec2-user/data/topics/2200 618
@/home/ec2-user/data/topics/3687 619
@/home/ec2-user/data/topics/1433 620
@/home/ec2-user/data/topics/3633 621
@/home/ec2-user/data/topics/1610 622
@/home/ec2-user/data/topics/3472 623
@/home/ec2-user/data/topics/3424 624
@/home/ec2-user/data/topics/1482 625
@/home/ec2-user/data/topics/1282 626
@/home/ec2-user/data/topics/2006 627
@/home/ec2-user/data/topics/2043 628
@/home/ec2-user/data/topics/3837 629
独立行政法人産業技術総合研究所

@/home/ec2-user/data/topics/4800 630
@/home/ec2-user/data/topics/4739 630
@/home/ec2-user/data/topics/4869 631
@/home/ec2-user/data/topics/1356 632
@/home/ec2-user/data/topics/4777 633
@/home/ec2-user/data/topics/4740 634
ソニー株式会社

@/home/ec2-user/data/topics/1291 635
@/home/ec2-user/data/topics/1435 635
@/home/ec2-user/data/topics/2037 636
@/home/ec2-user/data/topics/1147 637
@/home/ec2-user/data/topics/4224 638
@/home/ec2-user/data/topics/2058 639
@/home/ec2-user/data/topics/1491 640
@/home/ec2-user/data/topics/1059 641
@/home/ec2-user/data/topics/2105 642
@/home/ec2-user/data/topics/1926 643
@/home/ec2-user/data/topics/1414 644
@/home/ec2-user/data/topics/3392 645
@/home/ec2-user/data/topics/1679 646
@/home/ec2-user/data/topics/5027 647
@/home/ec2-user/data/topics/1233 648
@/home/ec2-user/data/topics/3872 649
@/home/ec2-user/data/topics/1471 650
@/home/ec2-user/data/topics/1102 651
@/home/ec2-user/data/topics/1873 652
@/home/ec2-user/data/topics/2075 653
@/home/ec2-user/data/topics/1218 654
@/home/ec2-user/data/topics/1836 655
@/home/ec2-user/data/topics/4184 656
@/home/ec2-user/data/topics/1686 657
@/home/ec2-user/data/topics/3955 658
@/home/ec2-user/data/topics/2052 659
@/home/ec2-user/data/topics/3975 660
@/home/ec2-user/data/topics/1954 661
@/home/ec2-user/data/topics/1967 662
@/home/ec2-user/data/topics/1380 663
@/home/ec2-user/data/topics/1892 664
@/home/ec2-user/data/topics/1426 665
@/home/ec2-user/data/topics/4219 666
@/home/ec2-user/data/topics/1778 667
@/home/ec2-user/data/topics/3456 668
@/home/ec2-user/data/topics/3401 669
@/home/ec2-user/data/topics/1298 670
@/home/ec2-user/data/topics/1749 671
@/home/ec2-user/data/topics/3924 672
@/home/ec2-user/data/topics/1912 673
@/home/ec2-user/data/topics/1602 674
@/home/ec2-user/data/topics/2059 675
@/home/ec2-user/data/topics/1397 676
@/home/ec2-user/data/topics/2094 677
@/home/ec2-user/data/topics/2048 678
@/home/ec2-user/data/topics/4351 679
@/home/ec2-user/data/topics/1884 680
富士ゼロックス株式会社

@/home/ec2-user/data/topics/3407 681
@/home/ec2-user/data/topics/3564 681
@/home/ec2-user/data/topics/1560 682
@/home/ec2-user/data/topics/3473 683
@/home/ec2-user/data/topics/3383 684
@/home/ec2-user/data/topics/3366 685
@/home/ec2-user/data/topics/5031 686
@/home/ec2-user/data/topics/3661 687
@/home/ec2-user/data/topics/3640 688
@/home/ec2-user/data/topics/3695 689
@/home/ec2-user/data/topics/3782 690
@/home/ec2-user/data/topics/1947 691
@/home/ec2-user/data/topics/3790 692
@/home/ec2-user/data/topics/3662 693
@/home/ec2-user/data/topics/4108 694
住友金属工業株式会社

@/home/ec2-user/data/topics/4322 695
@/home/ec2-user/data/topics/4991 695
@/home/ec2-user/data/topics/4021 696
@/home/ec2-user/data/topics/1268 697
@/home/ec2-user/data/topics/4661 698
@/home/ec2-user/data/topics/3826 699
@/home/ec2-user/data/topics/4182 700
@/home/ec2-user/data/topics/4295 701
@/home/ec2-user/data/topics/4733 702
@/home/ec2-user/data/topics/4534 703
@/home/ec2-user/data/topics/3655 704
@/home/ec2-user/data/topics/3577 705
日立電線株式会社

@/home/ec2-user/data/topics/1117 706
@/home/ec2-user/data/topics/1305 706
@/home/ec2-user/data/topics/4329 707
@/home/ec2-user/data/topics/4356 708
@/home/ec2-user/data/topics/3930 709
@/home/ec2-user/data/topics/1027 710
@/home/ec2-user/data/topics/3756 711
@/home/ec2-user/data/topics/1388 712
@/home/ec2-user/data/topics/4357 713
キヤノン株式会社

@/home/ec2-user/data/topics/3737 714
@/home/ec2-user/data/topics/1228 714
@/home/ec2-user/data/topics/3445 715
@/home/ec2-user/data/topics/1848 716
@/home/ec2-user/data/topics/3722 717
@/home/ec2-user/data/topics/3376 718
@/home/ec2-user/data/topics/3656 719
@/home/ec2-user/data/topics/2243 720
@/home/ec2-user/data/topics/2053 721
@/home/ec2-user/data/topics/1124 722
@/home/ec2-user/data/topics/4937 723
@/home/ec2-user/data/topics/3430 724
@/home/ec2-user/data/topics/3958 725
@/home/ec2-user/data/topics/3642 726
@/home/ec2-user/data/topics/1631 727
@/home/ec2-user/data/topics/3755 728
@/home/ec2-user/data/topics/4947 729
@/home/ec2-user/data/topics/1208 730
@/home/ec2-user/data/topics/4521 731
@/home/ec2-user/data/topics/1802 732
@/home/ec2-user/data/topics/3852 733
@/home/ec2-user/data/topics/4363 734
@/home/ec2-user/data/topics/3438 735
@/home/ec2-user/data/topics/1745 736
@/home/ec2-user/data/topics/4520 737
@/home/ec2-user/data/topics/4068 738
@/home/ec2-user/data/topics/1080 739
@/home/ec2-user/data/topics/1438 740
@/home/ec2-user/data/topics/3416 741
@/home/ec2-user/data/topics/1568 742
@/home/ec2-user/data/topics/3996 743
@/home/ec2-user/data/topics/3420 744
@/home/ec2-user/data/topics/1590 745
@/home/ec2-user/data/topics/3720 746
@/home/ec2-user/data/topics/3660 747
@/home/ec2-user/data/topics/3967 748
@/home/ec2-user/data/topics/4350 749
@/home/ec2-user/data/topics/3434 750
@/home/ec2-user/data/topics/4610 751
@/home/ec2-user/data/topics/3730 752
@/home/ec2-user/data/topics/1790 753
@/home/ec2-user/data/topics/1539 754
@/home/ec2-user/data/topics/4628 755
@/home/ec2-user/data/topics/1216 756
@/home/ec2-user/data/topics/4054 757
@/home/ec2-user/data/topics/3410 758
@/home/ec2-user/data/topics/2231 759
@/home/ec2-user/data/topics/2107 760
@/home/ec2-user/data/topics/3417 761
@/home/ec2-user/data/topics/1646 762
@/home/ec2-user/data/topics/1961 763
@/home/ec2-user/data/topics/1975 764
@/home/ec2-user/data/topics/2145 765
@/home/ec2-user/data/topics/4948 766
@/home/ec2-user/data/topics/1744 767
@/home/ec2-user/data/topics/1866 768
@/home/ec2-user/data/topics/1895 769
@/home/ec2-user/data/topics/1519 770
@/home/ec2-user/data/topics/3374 771
@/home/ec2-user/data/topics/3628 772
@/home/ec2-user/data/topics/4020 773
@/home/ec2-user/data/topics/3843 774
@/home/ec2-user/data/topics/3441 775
@/home/ec2-user/data/topics/3454 776
@/home/ec2-user/data/topics/1847 777
@/home/ec2-user/data/topics/2004 778
@/home/ec2-user/data/topics/1889 779
@/home/ec2-user/data/topics/2117 780
@/home/ec2-user/data/topics/3415 781
@/home/ec2-user/data/topics/3949 782
@/home/ec2-user/data/topics/1513 783
@/home/ec2-user/data/topics/1455 784
@/home/ec2-user/data/topics/1118 785
三洋電機株式会社

@/home/ec2-user/data/topics/3681 786
@/home/ec2-user/data/topics/1515 786
@/home/ec2-user/data/topics/4179 787
@/home/ec2-user/data/topics/3845 788
@/home/ec2-user/data/topics/4612 789
@/home/ec2-user/data/topics/4983 790
@/home/ec2-user/data/topics/3808 791
@/home/ec2-user/data/topics/4474 792
@/home/ec2-user/data/topics/3953 793
@/home/ec2-user/data/topics/5011 794
@/home/ec2-user/data/topics/4978 795
@/home/ec2-user/data/topics/4304 796
@/home/ec2-user/data/topics/4604 797
@/home/ec2-user/data/topics/3539 798
@/home/ec2-user/data/topics/1671 799
@/home/ec2-user/data/topics/4099 800
@/home/ec2-user/data/topics/3830 801
@/home/ec2-user/data/topics/4492 802
@/home/ec2-user/data/topics/3398 803
@/home/ec2-user/data/topics/4178 804
@/home/ec2-user/data/topics/4571 805
@/home/ec2-user/data/topics/3906 806
@/home/ec2-user/data/topics/4726 807
@/home/ec2-user/data/topics/1653 808
@/home/ec2-user/data/topics/3581 809
@/home/ec2-user/data/topics/2194 810
@/home/ec2-user/data/topics/4679 811
@/home/ec2-user/data/topics/4837 812
@/home/ec2-user/data/topics/1652 813
@/home/ec2-user/data/topics/4061 814
@/home/ec2-user/data/topics/2071 815
@/home/ec2-user/data/topics/3817 816
@/home/ec2-user/data/topics/3708 817
@/home/ec2-user/data/topics/2054 818
@/home/ec2-user/data/topics/4720 819
@/home/ec2-user/data/topics/3492 820
@/home/ec2-user/data/topics/1079 821
@/home/ec2-user/data/topics/1479 822
@/home/ec2-user/data/topics/1289 823
@/home/ec2-user/data/topics/2014 824
@/home/ec2-user/data/topics/4788 825
@/home/ec2-user/data/topics/1321 826
@/home/ec2-user/data/topics/2098 827
@/home/ec2-user/data/topics/1980 828
@/home/ec2-user/data/topics/4060 829
@/home/ec2-user/data/topics/3754 830
@/home/ec2-user/data/topics/4328 831
@/home/ec2-user/data/topics/4301 832
@/home/ec2-user/data/topics/4376 833
@/home/ec2-user/data/topics/1451 834
@/home/ec2-user/data/topics/4150 835
@/home/ec2-user/data/topics/1386 836
@/home/ec2-user/data/topics/1488 837
@/home/ec2-user/data/topics/1246 838
@/home/ec2-user/data/topics/3491 839
@/home/ec2-user/data/topics/3974 840
@/home/ec2-user/data/topics/1722 841
@/home/ec2-user/data/topics/4039 842
@/home/ec2-user/data/topics/4654 843
@/home/ec2-user/data/topics/4001 844
@/home/ec2-user/data/topics/4384 845
@/home/ec2-user/data/topics/2063 846
@/home/ec2-user/data/topics/4763 847
@/home/ec2-user/data/topics/3403 848
@/home/ec2-user/data/topics/3625 849
@/home/ec2-user/data/topics/3986 850
@/home/ec2-user/data/topics/3804 851
@/home/ec2-user/data/topics/3859 852
@/home/ec2-user/data/topics/3926 853
@/home/ec2-user/data/topics/4212 854
@/home/ec2-user/data/topics/3781 855
@/home/ec2-user/data/topics/1163 856
@/home/ec2-user/data/topics/4015 857
@/home/ec2-user/data/topics/5002 858
@/home/ec2-user/data/topics/4527 859
@/home/ec2-user/data/topics/3889 860
@/home/ec2-user/data/topics/4066 861
@/home/ec2-user/data/topics/2230 862
@/home/ec2-user/data/topics/4960 863
三菱電機株式会社

@/home/ec2-user/data/topics/1754 864
@/home/ec2-user/data/topics/4221 864
@/home/ec2-user/data/topics/4149 865
@/home/ec2-user/data/topics/3412 866
@/home/ec2-user/data/topics/1872 867
@/home/ec2-user/data/topics/4220 868
@/home/ec2-user/data/topics/2146 869
@/home/ec2-user/data/topics/4076 870
@/home/ec2-user/data/topics/4514 871
@/home/ec2-user/data/topics/4880 872
@/home/ec2-user/data/topics/4552 873
@/home/ec2-user/data/topics/3820 874
@/home/ec2-user/data/topics/4233 875
@/home/ec2-user/data/topics/3873 876
@/home/ec2-user/data/topics/4419 877
@/home/ec2-user/data/topics/5032 878
@/home/ec2-user/data/topics/3592 879
@/home/ec2-user/data/topics/4614 880
@/home/ec2-user/data/topics/3747 881
@/home/ec2-user/data/topics/1536 882
@/home/ec2-user/data/topics/4235 883
@/home/ec2-user/data/topics/3397 884
@/home/ec2-user/data/topics/4834 885
@/home/ec2-user/data/topics/3466 886
@/home/ec2-user/data/topics/4047 887
@/home/ec2-user/data/topics/4305 888
@/home/ec2-user/data/topics/1220 889
@/home/ec2-user/data/topics/3409 890
@/home/ec2-user/data/topics/1110 891
@/home/ec2-user/data/topics/4518 892
@/home/ec2-user/data/topics/4663 893
@/home/ec2-user/data/topics/3609 894
@/home/ec2-user/data/topics/3451 895
@/home/ec2-user/data/topics/5033 896
@/home/ec2-user/data/topics/3616 897
@/home/ec2-user/data/topics/3453 898
@/home/ec2-user/data/topics/4980 899
@/home/ec2-user/data/topics/1792 900
@/home/ec2-user/data/topics/3856 901
@/home/ec2-user/data/topics/4181 902
@/home/ec2-user/data/topics/3774 903
@/home/ec2-user/data/topics/4282 904
@/home/ec2-user/data/topics/1738 905
@/home/ec2-user/data/topics/3963 906
@/home/ec2-user/data/topics/3469 907
@/home/ec2-user/data/topics/3666 908
@/home/ec2-user/data/topics/4133 909
@/home/ec2-user/data/topics/3841 910
@/home/ec2-user/data/topics/3506 911
@/home/ec2-user/data/topics/3800 912
@/home/ec2-user/data/topics/3493 913
@/home/ec2-user/data/topics/3490 914
@/home/ec2-user/data/topics/3612 915
@/home/ec2-user/data/topics/4041 916
@/home/ec2-user/data/topics/3595 917
@/home/ec2-user/data/topics/3465 918
@/home/ec2-user/data/topics/3921 919
@/home/ec2-user/data/topics/4562 920
住友ゴム工業株式会社

@/home/ec2-user/data/topics/4568 921
@/home/ec2-user/data/topics/4048 921
@/home/ec2-user/data/topics/2007 922
@/home/ec2-user/data/topics/4406 923
@/home/ec2-user/data/topics/1114 924
@/home/ec2-user/data/topics/1758 925
@/home/ec2-user/data/topics/4597 926
セイコーエプソン株式会社

@/home/ec2-user/data/topics/3985 927
@/home/ec2-user/data/topics/4801 927
@/home/ec2-user/data/topics/4719 928
@/home/ec2-user/data/topics/3505 929
@/home/ec2-user/data/topics/4022 930
@/home/ec2-user/data/topics/3910 931
@/home/ec2-user/data/topics/1343 932
@/home/ec2-user/data/topics/4585 933
@/home/ec2-user/data/topics/1378 934
@/home/ec2-user/data/topics/4386 935
@/home/ec2-user/data/topics/4454 936
@/home/ec2-user/data/topics/3887 937
@/home/ec2-user/data/topics/2078 938
@/home/ec2-user/data/topics/3589 939
@/home/ec2-user/data/topics/1423 940
@/home/ec2-user/data/topics/3819 941
@/home/ec2-user/data/topics/4109 942
@/home/ec2-user/data/topics/4605 943
@/home/ec2-user/data/topics/2165 944
@/home/ec2-user/data/topics/4802 945
@/home/ec2-user/data/topics/3361 946
@/home/ec2-user/data/topics/1484 947
@/home/ec2-user/data/topics/1641 948
@/home/ec2-user/data/topics/1890 949
@/home/ec2-user/data/topics/1938 950
@/home/ec2-user/data/topics/3476 951
株式会社三共

@/home/ec2-user/data/topics/1086 952
@/home/ec2-user/data/topics/1377 952
@/home/ec2-user/data/topics/2060 953
@/home/ec2-user/data/topics/4868 954
@/home/ec2-user/data/topics/2123 955
@/home/ec2-user/data/topics/1648 956
@/home/ec2-user/data/topics/1665 957
@/home/ec2-user/data/topics/4374 958
@/home/ec2-user/data/topics/1189 959
沖電気工業株式会社

@/home/ec2-user/data/topics/3433 960
@/home/ec2-user/data/topics/4575 960
@/home/ec2-user/data/topics/4693 961
@/home/ec2-user/data/topics/4299 962
@/home/ec2-user/data/topics/3764 963
@/home/ec2-user/data/topics/1188 964
@/home/ec2-user/data/topics/3690 965
@/home/ec2-user/data/topics/3964 966
@/home/ec2-user/data/topics/3457 967
@/home/ec2-user/data/topics/3395 968
@/home/ec2-user/data/topics/3571 969
@/home/ec2-user/data/topics/1531 970
@/home/ec2-user/data/topics/4308 971
@/home/ec2-user/data/topics/3621 972
株式会社三星

@/home/ec2-user/data/topics/2198 973
@/home/ec2-user/data/topics/1733 973
@/home/ec2-user/data/topics/1260 974
@/home/ec2-user/data/topics/2108 975
@/home/ec2-user/data/topics/1728 976
@/home/ec2-user/data/topics/3942 977
日本ビクター株式会社

@/home/ec2-user/data/topics/3620 978
@/home/ec2-user/data/topics/3939 978
@/home/ec2-user/data/topics/3603 979
@/home/ec2-user/data/topics/4056 980
@/home/ec2-user/data/topics/4672 981
@/home/ec2-user/data/topics/4123 982
@/home/ec2-user/data/topics/1520 983
@/home/ec2-user/data/topics/1823 984
@/home/ec2-user/data/topics/1440 985
@/home/ec2-user/data/topics/3882 986
@/home/ec2-user/data/topics/1389 987
花王株式会社

@/home/ec2-user/data/topics/4249 988
@/home/ec2-user/data/topics/3753 988
@/home/ec2-user/data/topics/3999 989
@/home/ec2-user/data/topics/1767 990
@/home/ec2-user/data/topics/1022 991
@/home/ec2-user/data/topics/4287 992
@/home/ec2-user/data/topics/1196 993
@/home/ec2-user/data/topics/4211 994
@/home/ec2-user/data/topics/4445 995
@/home/ec2-user/data/topics/4827 996
@/home/ec2-user/data/topics/3884 997
@/home/ec2-user/data/topics/2214 998
@/home/ec2-user/data/topics/3812 999
三田工業株式会社

@/home/ec2-user/data/topics/3923 1000
@/home/ec2-user/data/topics/3604 1000
@/home/ec2-user/data/topics/1269 1001
@/home/ec2-user/data/topics/2136 1002
@/home/ec2-user/data/topics/1033 1003
@/home/ec2-user/data/topics/1034 1004
@/home/ec2-user/data/topics/3842 1005
@/home/ec2-user/data/topics/2155 1006
@/home/ec2-user/data/topics/1766 1007
豊丸産業株式会社

@/home/ec2-user/data/topics/1353 1008
@/home/ec2-user/data/topics/1284 1008
@/home/ec2-user/data/topics/1138 1009
@/home/ec2-user/data/topics/1914 1010
@/home/ec2-user/data/topics/2169 1011
@/home/ec2-user/data/topics/1126 1012
@/home/ec2-user/data/topics/1588 1013
@/home/ec2-user/data/topics/2011 1014
@/home/ec2-user/data/topics/1677 1015
@/home/ec2-user/data/topics/1726 1016
@/home/ec2-user/data/topics/1097 1017
@/home/ec2-user/data/topics/1713 1018
@/home/ec2-user/data/topics/3672 1019
@/home/ec2-user/data/topics/1401 1020
@/home/ec2-user/data/topics/4847 1021
鐘紡株式会社

@/home/ec2-user/data/topics/1178 1022
@/home/ec2-user/data/topics/4195 1022
@/home/ec2-user/data/topics/2223 1023
@/home/ec2-user/data/topics/3634 1024
@/home/ec2-user/data/topics/3566 1025
@/home/ec2-user/data/topics/1901 1026
@/home/ec2-user/data/topics/1304 1027
@/home/ec2-user/data/topics/2185 1028
@/home/ec2-user/data/topics/3560 1029
@/home/ec2-user/data/topics/1054 1030
@/home/ec2-user/data/topics/1367 1031
@/home/ec2-user/data/topics/1870 1032
@/home/ec2-user/data/topics/3551 1033
@/home/ec2-user/data/topics/1886 1034
@/home/ec2-user/data/topics/2034 1035
@/home/ec2-user/data/topics/1842 1036
株式会社デンソー

@/home/ec2-user/data/topics/4840 1037
@/home/ec2-user/data/topics/1855 1037
@/home/ec2-user/data/topics/4024 1038
@/home/ec2-user/data/topics/3480 1039
@/home/ec2-user/data/topics/4046 1040
@/home/ec2-user/data/topics/4622 1041
@/home/ec2-user/data/topics/3406 1042
@/home/ec2-user/data/topics/3710 1043
@/home/ec2-user/data/topics/4656 1044
@/home/ec2-user/data/topics/4498 1045
@/home/ec2-user/data/topics/4805 1046
@/home/ec2-user/data/topics/4164 1047
@/home/ec2-user/data/topics/1028 1048
@/home/ec2-user/data/topics/4423 1049
@/home/ec2-user/data/topics/3421 1050
@/home/ec2-user/data/topics/4675 1051
@/home/ec2-user/data/topics/4483 1052
富士写真フイルム株式会社

@/home/ec2-user/data/topics/3354 1053
@/home/ec2-user/data/topics/3911 1053
@/home/ec2-user/data/topics/3918 1054
@/home/ec2-user/data/topics/4962 1055
@/home/ec2-user/data/topics/3857 1056
@/home/ec2-user/data/topics/1662 1057
@/home/ec2-user/data/topics/1244 1058
@/home/ec2-user/data/topics/2134 1059
@/home/ec2-user/data/topics/1570 1060
@/home/ec2-user/data/topics/3447 1061
@/home/ec2-user/data/topics/1603 1062
京セラ株式会社

@/home/ec2-user/data/topics/3741 1063
@/home/ec2-user/data/topics/3593 1063
@/home/ec2-user/data/topics/4901 1064
@/home/ec2-user/data/topics/1485 1065
@/home/ec2-user/data/topics/1913 1066
@/home/ec2-user/data/topics/3615 1067
@/home/ec2-user/data/topics/4513 1068
@/home/ec2-user/data/topics/1708 1069
@/home/ec2-user/data/topics/3869 1070
@/home/ec2-user/data/topics/4031 1071
@/home/ec2-user/data/topics/1741 1072
@/home/ec2-user/data/topics/4340 1073
イビデン株式会社

@/home/ec2-user/data/topics/1682 1074
@/home/ec2-user/data/topics/1952 1074
@/home/ec2-user/data/topics/3814 1075
@/home/ec2-user/data/topics/2033 1076
@/home/ec2-user/data/topics/1770 1077
@/home/ec2-user/data/topics/1315 1078
@/home/ec2-user/data/topics/1336 1079
株式会社東芝

@/home/ec2-user/data/topics/1090 1080
@/home/ec2-user/data/topics/3948 1080
@/home/ec2-user/data/topics/4381 1081
@/home/ec2-user/data/topics/4089 1082
@/home/ec2-user/data/topics/4197 1083
@/home/ec2-user/data/topics/4535 1084
@/home/ec2-user/data/topics/4881 1085
@/home/ec2-user/data/topics/4140 1086
@/home/ec2-user/data/topics/3688 1087
@/home/ec2-user/data/topics/4292 1088
@/home/ec2-user/data/topics/4631 1089
@/home/ec2-user/data/topics/4096 1090
@/home/ec2-user/data/topics/4361 1091
@/home/ec2-user/data/topics/4912 1092
@/home/ec2-user/data/topics/1997 1093
@/home/ec2-user/data/topics/4863 1094
@/home/ec2-user/data/topics/3360 1095
@/home/ec2-user/data/topics/4623 1096
@/home/ec2-user/data/topics/3988 1097
@/home/ec2-user/data/topics/3732 1098
@/home/ec2-user/data/topics/1756 1099
@/home/ec2-user/data/topics/4935 1100
@/home/ec2-user/data/topics/4566 1101
@/home/ec2-user/data/topics/1332 1102
@/home/ec2-user/data/topics/4751 1103
@/home/ec2-user/data/topics/3716 1104
@/home/ec2-user/data/topics/3462 1105
@/home/ec2-user/data/topics/3351 1106
@/home/ec2-user/data/topics/3689 1107
@/home/ec2-user/data/topics/3780 1108
@/home/ec2-user/data/topics/3990 1109
@/home/ec2-user/data/topics/3734 1110
@/home/ec2-user/data/topics/3683 1111
@/home/ec2-user/data/topics/3352 1112
@/home/ec2-user/data/topics/3380 1113
@/home/ec2-user/data/topics/4183 1114
@/home/ec2-user/data/topics/1819 1115
@/home/ec2-user/data/topics/4165 1116
@/home/ec2-user/data/topics/4057 1117
@/home/ec2-user/data/topics/3890 1118
@/home/ec2-user/data/topics/4594 1119
@/home/ec2-user/data/topics/3795 1120
@/home/ec2-user/data/topics/4336 1121
@/home/ec2-user/data/topics/3542 1122
@/home/ec2-user/data/topics/4509 1123
@/home/ec2-user/data/topics/1132 1124
@/home/ec2-user/data/topics/4172 1125
@/home/ec2-user/data/topics/3618 1126
@/home/ec2-user/data/topics/1205 1127
@/home/ec2-user/data/topics/3851 1128
@/home/ec2-user/data/topics/4302 1129
@/home/ec2-user/data/topics/3881 1130
@/home/ec2-user/data/topics/2241 1131
@/home/ec2-user/data/topics/3598 1132
@/home/ec2-user/data/topics/3834 1133
@/home/ec2-user/data/topics/4009 1134
@/home/ec2-user/data/topics/1585 1135
@/home/ec2-user/data/topics/1757 1136
@/home/ec2-user/data/topics/4842 1137
@/home/ec2-user/data/topics/3363 1138
@/home/ec2-user/data/topics/4755 1139
ヤマハ株式会社

@/home/ec2-user/data/topics/1911 1140
@/home/ec2-user/data/topics/4010 1140
@/home/ec2-user/data/topics/1676 1141
@/home/ec2-user/data/topics/4084 1142
@/home/ec2-user/data/topics/1720 1143
@/home/ec2-user/data/topics/4125 1144
@/home/ec2-user/data/topics/4177 1145
@/home/ec2-user/data/topics/4145 1146
@/home/ec2-user/data/topics/4919 1147
@/home/ec2-user/data/topics/4045 1148
@/home/ec2-user/data/topics/1443 1149
@/home/ec2-user/data/topics/4954 1150
@/home/ec2-user/data/topics/3972 1151
東洋紡績株式会社

@/home/ec2-user/data/topics/4366 1152
@/home/ec2-user/data/topics/1613 1152
@/home/ec2-user/data/topics/4362 1153
@/home/ec2-user/data/topics/1029 1154
@/home/ec2-user/data/topics/3769 1155
@/home/ec2-user/data/topics/4284 1156
三菱化学株式会社

@/home/ec2-user/data/topics/3638 1157
@/home/ec2-user/data/topics/1699 1157
@/home/ec2-user/data/topics/3513 1158
@/home/ec2-user/data/topics/1197 1159
@/home/ec2-user/data/topics/3458 1160
@/home/ec2-user/data/topics/1902 1161
カシオ計算機株式会社

@/home/ec2-user/data/topics/1368 1162
@/home/ec2-user/data/topics/1235 1162
@/home/ec2-user/data/topics/1047 1163
@/home/ec2-user/data/topics/2237 1164
@/home/ec2-user/data/topics/3391 1165
@/home/ec2-user/data/topics/2180 1166
@/home/ec2-user/data/topics/1794 1167
@/home/ec2-user/data/topics/1535 1168
コナミ株式会社

@/home/ec2-user/data/topics/2151 1169
@/home/ec2-user/data/topics/2100 1169
@/home/ec2-user/data/topics/4681 1170
@/home/ec2-user/data/topics/1302 1171
@/home/ec2-user/data/topics/1672 1172
@/home/ec2-user/data/topics/4602 1173
@/home/ec2-user/data/topics/5015 1174
@/home/ec2-user/data/topics/1621 1175
大日本スクリーン製造株式会社

@/home/ec2-user/data/topics/1173 1176
@/home/ec2-user/data/topics/2209 1176
@/home/ec2-user/data/topics/1608 1177
@/home/ec2-user/data/topics/2172 1178
@/home/ec2-user/data/topics/3742 1179
@/home/ec2-user/data/topics/1779 1180
@/home/ec2-user/data/topics/1130 1181
オムロン株式会社

@/home/ec2-user/data/topics/1657 1182
@/home/ec2-user/data/topics/2096 1182
@/home/ec2-user/data/topics/3863 1183
@/home/ec2-user/data/topics/1067 1184
@/home/ec2-user/data/topics/3700 1185
@/home/ec2-user/data/topics/1533 1186
@/home/ec2-user/data/topics/1135 1187
@/home/ec2-user/data/topics/3748 1188
@/home/ec2-user/data/topics/1151 1189
@/home/ec2-user/data/topics/4771 1190
@/home/ec2-user/data/topics/1933 1191
@/home/ec2-user/data/topics/3597 1192
@/home/ec2-user/data/topics/3594 1193
@/home/ec2-user/data/topics/1579 1194
@/home/ec2-user/data/topics/1841 1195
株式会社日立製作所

@/home/ec2-user/data/topics/3659 1196
@/home/ec2-user/data/topics/5030 1196
@/home/ec2-user/data/topics/1651 1197
@/home/ec2-user/data/topics/1693 1198
@/home/ec2-user/data/topics/1340 1199
@/home/ec2-user/data/topics/3384 1200
@/home/ec2-user/data/topics/1640 1201
@/home/ec2-user/data/topics/3965 1202
@/home/ec2-user/data/topics/3471 1203
@/home/ec2-user/data/topics/1880 1204
@/home/ec2-user/data/topics/4401 1205
@/home/ec2-user/data/topics/4040 1206
@/home/ec2-user/data/topics/1987 1207
@/home/ec2-user/data/topics/1501 1208
@/home/ec2-user/data/topics/3531 1209
@/home/ec2-user/data/topics/4990 1210
@/home/ec2-user/data/topics/3432 1211
@/home/ec2-user/data/topics/4402 1212
@/home/ec2-user/data/topics/4551 1213
@/home/ec2-user/data/topics/3973 1214
@/home/ec2-user/data/topics/1463 1215
@/home/ec2-user/data/topics/4547 1216
@/home/ec2-user/data/topics/2019 1217
@/home/ec2-user/data/topics/1296 1218
@/home/ec2-user/data/topics/3648 1219
@/home/ec2-user/data/topics/1826 1220
@/home/ec2-user/data/topics/4799 1221
@/home/ec2-user/data/topics/1247 1222
@/home/ec2-user/data/topics/3599 1223
@/home/ec2-user/data/topics/3439 1224
@/home/ec2-user/data/topics/4122 1225
@/home/ec2-user/data/topics/1334 1226
@/home/ec2-user/data/topics/3968 1227
@/home/ec2-user/data/topics/3994 1228
@/home/ec2-user/data/topics/1825 1229
@/home/ec2-user/data/topics/2184 1230
@/home/ec2-user/data/topics/4621 1231
@/home/ec2-user/data/topics/1833 1232
@/home/ec2-user/data/topics/4489 1233
@/home/ec2-user/data/topics/3596 1234
@/home/ec2-user/data/topics/3779 1235
@/home/ec2-user/data/topics/3570 1236
@/home/ec2-user/data/topics/4166 1237
@/home/ec2-user/data/topics/4943 1238
@/home/ec2-user/data/topics/3488 1239
@/home/ec2-user/data/topics/1072 1240
@/home/ec2-user/data/topics/5029 1241
@/home/ec2-user/data/topics/3772 1242
@/home/ec2-user/data/topics/3993 1243
@/home/ec2-user/data/topics/3706 1244
@/home/ec2-user/data/topics/4493 1245
@/home/ec2-user/data/topics/1667 1246
@/home/ec2-user/data/topics/1105 1247
@/home/ec2-user/data/topics/1082 1248
@/home/ec2-user/data/topics/3665 1249
@/home/ec2-user/data/topics/2239 1250
@/home/ec2-user/data/topics/1249 1251
@/home/ec2-user/data/topics/3461 1252
@/home/ec2-user/data/topics/4058 1253
@/home/ec2-user/data/topics/3524 1254
@/home/ec2-user/data/topics/4830 1255
@/home/ec2-user/data/topics/1562 1256
@/home/ec2-user/data/topics/1882 1257
@/home/ec2-user/data/topics/4420 1258
@/home/ec2-user/data/topics/1487 1259
@/home/ec2-user/data/topics/3588 1260
@/home/ec2-user/data/topics/3691 1261
@/home/ec2-user/data/topics/4559 1262
@/home/ec2-user/data/topics/3440 1263
@/home/ec2-user/data/topics/1278 1264
@/home/ec2-user/data/topics/4545 1265
@/home/ec2-user/data/topics/3350 1266
@/home/ec2-user/data/topics/2081 1267
@/home/ec2-user/data/topics/3822 1268
凸版印刷株式会社

@/home/ec2-user/data/topics/1091 1269
@/home/ec2-user/data/topics/4874 1269
@/home/ec2-user/data/topics/3526 1270
@/home/ec2-user/data/topics/3500 1271
@/home/ec2-user/data/topics/1765 1272
@/home/ec2-user/data/topics/3624 1273
@/home/ec2-user/data/topics/1977 1274
株式会社ノーリツ

@/home/ec2-user/data/topics/1760 1275
@/home/ec2-user/data/topics/2116 1275
@/home/ec2-user/data/topics/4776 1276
@/home/ec2-user/data/topics/1290 1277
@/home/ec2-user/data/topics/4354 1278
@/home/ec2-user/data/topics/1618 1279
@/home/ec2-user/data/topics/1598 1280
@/home/ec2-user/data/topics/4206 1281
川崎重工業株式会社

@/home/ec2-user/data/topics/5025 1282
@/home/ec2-user/data/topics/4793 1282
@/home/ec2-user/data/topics/4756 1283
@/home/ec2-user/data/topics/4572 1284
@/home/ec2-user/data/topics/4944 1285
@/home/ec2-user/data/topics/1172 1286
@/home/ec2-user/data/topics/1162 1287
@/home/ec2-user/data/topics/4866 1288
ティーディーケイ株式会社

@/home/ec2-user/data/topics/2210 1289
@/home/ec2-user/data/topics/1129 1289
@/home/ec2-user/data/topics/4619 1290
@/home/ec2-user/data/topics/3909 1291
@/home/ec2-user/data/topics/1510 1292
@/home/ec2-user/data/topics/1409 1293
@/home/ec2-user/data/topics/3792 1294
@/home/ec2-user/data/topics/3798 1295
@/home/ec2-user/data/topics/2202 1296
京セラミタ株式会社

@/home/ec2-user/data/topics/4985 1297
@/home/ec2-user/data/topics/2141 1297
@/home/ec2-user/data/topics/4174 1298
@/home/ec2-user/data/topics/1930 1299
@/home/ec2-user/data/topics/4973 1300
@/home/ec2-user/data/topics/1032 1301
@/home/ec2-user/data/topics/4564 1302
株式会社クボタ

@/home/ec2-user/data/topics/3854 1303
@/home/ec2-user/data/topics/4745 1303
@/home/ec2-user/data/topics/1012 1304
@/home/ec2-user/data/topics/1734 1305
@/home/ec2-user/data/topics/3919 1306
@/home/ec2-user/data/topics/3823 1307
@/home/ec2-user/data/topics/4251 1308
@/home/ec2-user/data/topics/4379 1309
@/home/ec2-user/data/topics/1448 1310
@/home/ec2-user/data/topics/1280 1311
シャープ株式会社

@/home/ec2-user/data/topics/4648 1312
@/home/ec2-user/data/topics/1209 1312
@/home/ec2-user/data/topics/4105 1313
@/home/ec2-user/data/topics/4519 1314
@/home/ec2-user/data/topics/3649 1315
@/home/ec2-user/data/topics/4256 1316
@/home/ec2-user/data/topics/3422 1317
@/home/ec2-user/data/topics/3606 1318
@/home/ec2-user/data/topics/4019 1319
@/home/ec2-user/data/topics/1154 1320
@/home/ec2-user/data/topics/4744 1321
@/home/ec2-user/data/topics/4113 1322
@/home/ec2-user/data/topics/3679 1323
@/home/ec2-user/data/topics/1384 1324
@/home/ec2-user/data/topics/3793 1325
@/home/ec2-user/data/topics/4516 1326
@/home/ec2-user/data/topics/3813 1327
@/home/ec2-user/data/topics/4127 1328
@/home/ec2-user/data/topics/4228 1329
@/home/ec2-user/data/topics/1419 1330
@/home/ec2-user/data/topics/1685 1331
@/home/ec2-user/data/topics/2020 1332
@/home/ec2-user/data/topics/4124 1333
@/home/ec2-user/data/topics/3777 1334
@/home/ec2-user/data/topics/4430 1335
@/home/ec2-user/data/topics/3895 1336
@/home/ec2-user/data/topics/4583 1337
@/home/ec2-user/data/topics/4349 1338
@/home/ec2-user/data/topics/1840 1339
@/home/ec2-user/data/topics/1174 1340
@/home/ec2-user/data/topics/3832 1341
@/home/ec2-user/data/topics/3762 1342
@/home/ec2-user/data/topics/3957 1343
@/home/ec2-user/data/topics/3966 1344
@/home/ec2-user/data/topics/4263 1345
@/home/ec2-user/data/topics/2118 1346
@/home/ec2-user/data/topics/3673 1347
@/home/ec2-user/data/topics/3855 1348
@/home/ec2-user/data/topics/4095 1349
@/home/ec2-user/data/topics/3776 1350
@/home/ec2-user/data/topics/2084 1351
@/home/ec2-user/data/topics/1970 1352
@/home/ec2-user/data/topics/4861 1353
@/home/ec2-user/data/topics/1965 1354
@/home/ec2-user/data/topics/4469 1355
@/home/ec2-user/data/topics/3678 1356
@/home/ec2-user/data/topics/4323 1357
@/home/ec2-user/data/topics/3978 1358
@/home/ec2-user/data/topics/3981 1359
@/home/ec2-user/data/topics/1563 1360
@/home/ec2-user/data/topics/1349 1361
@/home/ec2-user/data/topics/2087 1362
@/home/ec2-user/data/topics/4782 1363
@/home/ec2-user/data/topics/4173 1364
@/home/ec2-user/data/topics/4103 1365
@/home/ec2-user/data/topics/3698 1366
@/home/ec2-user/data/topics/3871 1367
@/home/ec2-user/data/topics/3450 1368
@/home/ec2-user/data/topics/4214 1369
@/home/ec2-user/data/topics/4230 1370
@/home/ec2-user/data/topics/1396 1371
@/home/ec2-user/data/topics/4005 1372
@/home/ec2-user/data/topics/3537 1373
@/home/ec2-user/data/topics/1431 1374
@/home/ec2-user/data/topics/4683 1375
@/home/ec2-user/data/topics/4717 1376
@/home/ec2-user/data/topics/3578 1377
@/home/ec2-user/data/topics/3760 1378
@/home/ec2-user/data/topics/3941 1379
@/home/ec2-user/data/topics/3452 1380
@/home/ec2-user/data/topics/1318 1381
@/home/ec2-user/data/topics/3610 1382
@/home/ec2-user/data/topics/4245 1383
@/home/ec2-user/data/topics/4691 1384
@/home/ec2-user/data/topics/1804 1385
@/home/ec2-user/data/topics/1288 1386
@/home/ec2-user/data/topics/1258 1387
@/home/ec2-user/data/topics/3858 1388
@/home/ec2-user/data/topics/4252 1389
@/home/ec2-user/data/topics/1561 1390
@/home/ec2-user/data/topics/4152 1391
日本輸送機株式会社

@/home/ec2-user/data/topics/2221 1392
@/home/ec2-user/data/topics/1940 1392
@/home/ec2-user/data/topics/1191 1393
@/home/ec2-user/data/topics/2065 1394
@/home/ec2-user/data/topics/1108 1395
@/home/ec2-user/data/topics/3573 1396
@/home/ec2-user/data/topics/1456 1397
@/home/ec2-user/data/topics/1493 1398
東京エレクトロン株式会社

@/home/ec2-user/data/topics/4345 1399
@/home/ec2-user/data/topics/4023 1399
@/home/ec2-user/data/topics/4053 1400
@/home/ec2-user/data/topics/1263 1401
@/home/ec2-user/data/topics/4906 1402
@/home/ec2-user/data/topics/1508 1403
@/home/ec2-user/data/topics/4618 1404
@/home/ec2-user/data/topics/4002 1405
@/home/ec2-user/data/topics/1800 1406
@/home/ec2-user/data/topics/4702 1407
@/home/ec2-user/data/topics/1736 1408
@/home/ec2-user/data/topics/3947 1409
株式会社村田製作所

@/home/ec2-user/data/topics/2229 1410
@/home/ec2-user/data/topics/3697 1410
@/home/ec2-user/data/topics/4271 1411
@/home/ec2-user/data/topics/4795 1412
@/home/ec2-user/data/topics/4703 1413
@/home/ec2-user/data/topics/1374 1414
@/home/ec2-user/data/topics/4417 1415
@/home/ec2-user/data/topics/3435 1416
@/home/ec2-user/data/topics/4042 1417
@/home/ec2-user/data/topics/4070 1418
@/home/ec2-user/data/topics/1411 1419
@/home/ec2-user/data/topics/4432 1420
@/home/ec2-user/data/topics/4163 1421
@/home/ec2-user/data/topics/3482 1422
@/home/ec2-user/data/topics/4325 1423
@/home/ec2-user/data/topics/3885 1424
@/home/ec2-user/data/topics/4378 1425
日本電信電話株式会社

@/home/ec2-user/data/topics/4952 1426
@/home/ec2-user/data/topics/3650 1426
@/home/ec2-user/data/topics/4925 1427
@/home/ec2-user/data/topics/4121 1428
@/home/ec2-user/data/topics/3568 1429
@/home/ec2-user/data/topics/3359 1430
@/home/ec2-user/data/topics/3552 1431
@/home/ec2-user/data/topics/3811 1432
@/home/ec2-user/data/topics/4836 1433
@/home/ec2-user/data/topics/4208 1434
@/home/ec2-user/data/topics/4335 1435
@/home/ec2-user/data/topics/1408 1436
@/home/ec2-user/data/topics/4232 1437
@/home/ec2-user/data/topics/4488 1438
@/home/ec2-user/data/topics/4146 1439
@/home/ec2-user/data/topics/4115 1440
@/home/ec2-user/data/topics/2130 1441
@/home/ec2-user/data/topics/4870 1442
@/home/ec2-user/data/topics/4511 1443
@/home/ec2-user/data/topics/4087 1444
@/home/ec2-user/data/topics/4964 1445
@/home/ec2-user/data/topics/4114 1446
@/home/ec2-user/data/topics/1229 1447
@/home/ec2-user/data/topics/1230 1448
@/home/ec2-user/data/topics/1556 1449
@/home/ec2-user/data/topics/4131 1450
@/home/ec2-user/data/topics/3544 1451
@/home/ec2-user/data/topics/3536 1452
@/home/ec2-user/data/topics/1042 1453
@/home/ec2-user/data/topics/3425 1454
@/home/ec2-user/data/topics/1934 1455
@/home/ec2-user/data/topics/4664 1456
@/home/ec2-user/data/topics/3586 1457
@/home/ec2-user/data/topics/3928 1458
@/home/ec2-user/data/topics/4916 1459
@/home/ec2-user/data/topics/4505 1460
@/home/ec2-user/data/topics/3915 1461
@/home/ec2-user/data/topics/3785 1462
@/home/ec2-user/data/topics/2017 1463
@/home/ec2-user/data/topics/4792 1464
@/home/ec2-user/data/topics/4965 1465
@/home/ec2-user/data/topics/3824 1466
@/home/ec2-user/data/topics/3641 1467
@/home/ec2-user/data/topics/4025 1468
@/home/ec2-user/data/topics/4118 1469
@/home/ec2-user/data/topics/4175 1470
@/home/ec2-user/data/topics/4443 1471
@/home/ec2-user/data/topics/1809 1472
@/home/ec2-user/data/topics/4560 1473
@/home/ec2-user/data/topics/4865 1474
@/home/ec2-user/data/topics/3521 1475
@/home/ec2-user/data/topics/3927 1476
@/home/ec2-user/data/topics/3894 1477
@/home/ec2-user/data/topics/3509 1478
@/home/ec2-user/data/topics/4104 1479
@/home/ec2-user/data/topics/1787 1480
日本鋼管株式会社

@/home/ec2-user/data/topics/2095 1481
@/home/ec2-user/data/topics/1404 1481
@/home/ec2-user/data/topics/4289 1482
@/home/ec2-user/data/topics/4161 1483
@/home/ec2-user/data/topics/3572 1484
@/home/ec2-user/data/topics/1690 1485
@/home/ec2-user/data/topics/4455 1486
株式会社神戸製鋼所

@/home/ec2-user/data/topics/3674 1487
@/home/ec2-user/data/topics/1465 1487
@/home/ec2-user/data/topics/3632 1488
@/home/ec2-user/data/topics/2064 1489
@/home/ec2-user/data/topics/4949 1490
@/home/ec2-user/data/topics/3475 1491
@/home/ec2-user/data/topics/3902 1492
株式会社ケンウッド

@/home/ec2-user/data/topics/1617 1493
@/home/ec2-user/data/topics/1896 1493
@/home/ec2-user/data/topics/1186 1494
@/home/ec2-user/data/topics/3839 1495
@/home/ec2-user/data/topics/3977 1496
@/home/ec2-user/data/topics/2036 1497
@/home/ec2-user/data/topics/3969 1498
@/home/ec2-user/data/topics/4167 1499
@/home/ec2-user/data/topics/2163 1500
@/home/ec2-user/data/topics/3463 1501
@/home/ec2-user/data/topics/1698 1502
@/home/ec2-user/data/topics/3794 1503
@/home/ec2-user/data/topics/1424 1504
@/home/ec2-user/data/topics/4467 1505
@/home/ec2-user/data/topics/1345 1506
@/home/ec2-user/data/topics/1241 1507
@/home/ec2-user/data/topics/3801 1508
@/home/ec2-user/data/topics/4038 1509
@/home/ec2-user/data/topics/4050 1510
@/home/ec2-user/data/topics/3878 1511
@/home/ec2-user/data/topics/1115 1512
東陶機器株式会社

@/home/ec2-user/data/topics/1626 1513
@/home/ec2-user/data/topics/1735 1513
@/home/ec2-user/data/topics/3821 1514
@/home/ec2-user/data/topics/1692 1515
@/home/ec2-user/data/topics/2135 1516
@/home/ec2-user/data/topics/3583 1517
本田技研工業株式会社

@/home/ec2-user/data/topics/5026 1518
@/home/ec2-user/data/topics/1226 1518
@/home/ec2-user/data/topics/4199 1519
@/home/ec2-user/data/topics/1266 1520
@/home/ec2-user/data/topics/4888 1521
@/home/ec2-user/data/topics/3685 1522
@/home/ec2-user/data/topics/1215 1523
@/home/ec2-user/data/topics/2000 1524
@/home/ec2-user/data/topics/1143 1525
@/home/ec2-user/data/topics/1444 1526
@/home/ec2-user/data/topics/4783 1527
@/home/ec2-user/data/topics/1605 1528
@/home/ec2-user/data/topics/4375 1529
@/home/ec2-user/data/topics/4033 1530
@/home/ec2-user/data/topics/4132 1531
@/home/ec2-user/data/topics/1822 1532
@/home/ec2-user/data/topics/2016 1533
@/home/ec2-user/data/topics/4331 1534
@/home/ec2-user/data/topics/1818 1535
新日本製鐵株式会社

@/home/ec2-user/data/topics/3861 1536
@/home/ec2-user/data/topics/3899 1536
@/home/ec2-user/data/topics/5008 1537
@/home/ec2-user/data/topics/3368 1538
@/home/ec2-user/data/topics/3663 1539
@/home/ec2-user/data/topics/4472 1540
松下電工株式会社

@/home/ec2-user/data/topics/3835 1541
@/home/ec2-user/data/topics/3511 1541
@/home/ec2-user/data/topics/1251 1542
@/home/ec2-user/data/topics/3670 1543
@/home/ec2-user/data/topics/4029 1544
@/home/ec2-user/data/topics/1803 1545
@/home/ec2-user/data/topics/4347 1546
@/home/ec2-user/data/topics/3932 1547
@/home/ec2-user/data/topics/3651 1548
@/home/ec2-user/data/topics/4012 1549
@/home/ec2-user/data/topics/4094 1550
@/home/ec2-user/data/topics/3778 1551
@/home/ec2-user/data/topics/1011 1552
@/home/ec2-user/data/topics/4083 1553
@/home/ec2-user/data/topics/4450 1554
@/home/ec2-user/data/topics/2045 1555
@/home/ec2-user/data/topics/3549 1556
@/home/ec2-user/data/topics/3379 1557
@/home/ec2-user/data/topics/1311 1558
@/home/ec2-user/data/topics/3565 1559
@/home/ec2-user/data/topics/4592 1560
@/home/ec2-user/data/topics/4317 1561
usernum: 72
simhit: 917
simmax: 0.675889964906
simmin: 0.0
simavg: 0.241529060737
total: 1562
simhit/total: 0.587067861716

2017-01-17 15:38:05.907352
