2017-01-17 15:25:07.425735

topic-folder:/home/ec2-user/data/topics/
cl-file:rand7
cl-floder:/home/ec2-user/data/ldaclass-64-2000-top1000/
zipf:0.2
stype[0(tfidf)/1(tfidf2)/2(lsa)/3(lda)]:3
dtype[<0(diff*rand)/0(diff)/1(same)/>=2(diff*same)]:1
output-floder:thesis/

三菱マテリアル株式会社

@/home/ec2-user/data/topics/2093 0
@/home/ec2-user/data/topics/3470 0
@/home/ec2-user/data/topics/3866 1
@/home/ec2-user/data/topics/3546 2
@/home/ec2-user/data/topics/1638 3
@/home/ec2-user/data/topics/1085 4
@/home/ec2-user/data/topics/3630 5
@/home/ec2-user/data/topics/3520 6
日本精機株式会社

@/home/ec2-user/data/topics/4972 7
@/home/ec2-user/data/topics/4690 7
@/home/ec2-user/data/topics/4709 8
@/home/ec2-user/data/topics/4875 9
@/home/ec2-user/data/topics/1398 10
@/home/ec2-user/data/topics/4907 11
コニカ株式会社

@/home/ec2-user/data/topics/3357 12
@/home/ec2-user/data/topics/3370 12
@/home/ec2-user/data/topics/1946 13
@/home/ec2-user/data/topics/3533 14
@/home/ec2-user/data/topics/3419 15
@/home/ec2-user/data/topics/2162 16
@/home/ec2-user/data/topics/3431 17
@/home/ec2-user/data/topics/3486 18
@/home/ec2-user/data/topics/3426 19
@/home/ec2-user/data/topics/3414 20
@/home/ec2-user/data/topics/3418 21
埼玉日本電気株式会社

@/home/ec2-user/data/topics/1512 22
@/home/ec2-user/data/topics/4242 22
@/home/ec2-user/data/topics/4998 23
@/home/ec2-user/data/topics/4496 24
@/home/ec2-user/data/topics/4279 25
@/home/ec2-user/data/topics/4468 26
@/home/ec2-user/data/topics/1620 27
@/home/ec2-user/data/topics/4283 28
@/home/ec2-user/data/topics/5010 29
アルプス電気株式会社

@/home/ec2-user/data/topics/1434 30
@/home/ec2-user/data/topics/3429 30
@/home/ec2-user/data/topics/4791 31
@/home/ec2-user/data/topics/2012 32
@/home/ec2-user/data/topics/2089 33
@/home/ec2-user/data/topics/3582 34
@/home/ec2-user/data/topics/1253 35
三菱重工業株式会社

@/home/ec2-user/data/topics/3529 36
@/home/ec2-user/data/topics/3944 36
@/home/ec2-user/data/topics/4412 37
@/home/ec2-user/data/topics/3637 38
@/home/ec2-user/data/topics/4882 39
@/home/ec2-user/data/topics/3833 40
@/home/ec2-user/data/topics/3591 41
@/home/ec2-user/data/topics/3503 42
@/home/ec2-user/data/topics/4687 43
@/home/ec2-user/data/topics/5022 44
@/home/ec2-user/data/topics/4563 45
@/home/ec2-user/data/topics/4862 46
村田機械株式会社

@/home/ec2-user/data/topics/4565 47
@/home/ec2-user/data/topics/4835 47
@/home/ec2-user/data/topics/4746 48
@/home/ec2-user/data/topics/4441 49
@/home/ec2-user/data/topics/4570 50
@/home/ec2-user/data/topics/1293 51
@/home/ec2-user/data/topics/3528 52
@/home/ec2-user/data/topics/4556 53
@/home/ec2-user/data/topics/1607 54
@/home/ec2-user/data/topics/1074 55
@/home/ec2-user/data/topics/4596 56
@/home/ec2-user/data/topics/4638 57
@/home/ec2-user/data/topics/4645 58
@/home/ec2-user/data/topics/1511 59
@/home/ec2-user/data/topics/5000 60
@/home/ec2-user/data/topics/3740 61
@/home/ec2-user/data/topics/4941 62
川崎製鉄株式会社

@/home/ec2-user/data/topics/1037 63
@/home/ec2-user/data/topics/3532 63
@/home/ec2-user/data/topics/4615 64
@/home/ec2-user/data/topics/3553 65
@/home/ec2-user/data/topics/3413 66
@/home/ec2-user/data/topics/3611 67
@/home/ec2-user/data/topics/3483 68
@/home/ec2-user/data/topics/1459 69
@/home/ec2-user/data/topics/3929 70
ダイキン工業株式会社

@/home/ec2-user/data/topics/4734 71
@/home/ec2-user/data/topics/4400 71
@/home/ec2-user/data/topics/4845 72
@/home/ec2-user/data/topics/3888 73
@/home/ec2-user/data/topics/4753 74
@/home/ec2-user/data/topics/4858 75
@/home/ec2-user/data/topics/4701 76
@/home/ec2-user/data/topics/4515 77
@/home/ec2-user/data/topics/1600 78
@/home/ec2-user/data/topics/1565 79
@/home/ec2-user/data/topics/4367 80
三菱自動車工業株式会社

@/home/ec2-user/data/topics/3815 81
@/home/ec2-user/data/topics/3502 81
@/home/ec2-user/data/topics/1527 82
@/home/ec2-user/data/topics/2101 83
@/home/ec2-user/data/topics/1428 84
@/home/ec2-user/data/topics/4189 85
@/home/ec2-user/data/topics/3940 86
@/home/ec2-user/data/topics/1816 87
日産自動車株式会社

@/home/ec2-user/data/topics/3723 88
@/home/ec2-user/data/topics/3489 88
@/home/ec2-user/data/topics/3829 89
@/home/ec2-user/data/topics/4074 90
@/home/ec2-user/data/topics/3501 91
@/home/ec2-user/data/topics/3712 92
@/home/ec2-user/data/topics/3936 93
@/home/ec2-user/data/topics/3677 94
@/home/ec2-user/data/topics/3645 95
@/home/ec2-user/data/topics/3497 96
@/home/ec2-user/data/topics/4982 97
トヨタ自動車株式会社

@/home/ec2-user/data/topics/3731 98
@/home/ec2-user/data/topics/3481 98
@/home/ec2-user/data/topics/3405 99
@/home/ec2-user/data/topics/2218 100
@/home/ec2-user/data/topics/4008 101
@/home/ec2-user/data/topics/4617 102
@/home/ec2-user/data/topics/3758 103
@/home/ec2-user/data/topics/2111 104
@/home/ec2-user/data/topics/3725 105
@/home/ec2-user/data/topics/3356 106
@/home/ec2-user/data/topics/4346 107
@/home/ec2-user/data/topics/3943 108
@/home/ec2-user/data/topics/4144 109
@/home/ec2-user/data/topics/1494 110
@/home/ec2-user/data/topics/4064 111
@/home/ec2-user/data/topics/1551 112
@/home/ec2-user/data/topics/4647 113
@/home/ec2-user/data/topics/4426 114
@/home/ec2-user/data/topics/3699 115
@/home/ec2-user/data/topics/3587 116
@/home/ec2-user/data/topics/3783 117
@/home/ec2-user/data/topics/3671 118
@/home/ec2-user/data/topics/4633 119
@/home/ec2-user/data/topics/4543 120
@/home/ec2-user/data/topics/4030 121
@/home/ec2-user/data/topics/4658 122
@/home/ec2-user/data/topics/4298 123
@/home/ec2-user/data/topics/4767 124
@/home/ec2-user/data/topics/4920 125
オリンパス光学工業株式会社

@/home/ec2-user/data/topics/1739 126
@/home/ec2-user/data/topics/1981 126
@/home/ec2-user/data/topics/5006 127
@/home/ec2-user/data/topics/1107 128
@/home/ec2-user/data/topics/1869 129
@/home/ec2-user/data/topics/2026 130
@/home/ec2-user/data/topics/1835 131
@/home/ec2-user/data/topics/4013 132
@/home/ec2-user/data/topics/4007 133
@/home/ec2-user/data/topics/1586 134
@/home/ec2-user/data/topics/1155 135
@/home/ec2-user/data/topics/4878 136
ブラザー工業株式会社

@/home/ec2-user/data/topics/3686 137
@/home/ec2-user/data/topics/3613 137
@/home/ec2-user/data/topics/1300 138
@/home/ec2-user/data/topics/1076 139
@/home/ec2-user/data/topics/1906 140
@/home/ec2-user/data/topics/4548 141
@/home/ec2-user/data/topics/1636 142
@/home/ec2-user/data/topics/2086 143
@/home/ec2-user/data/topics/3789 144
@/home/ec2-user/data/topics/3477 145
@/home/ec2-user/data/topics/1697 146
@/home/ec2-user/data/topics/1183 147
@/home/ec2-user/data/topics/3507 148
@/home/ec2-user/data/topics/2085 149
@/home/ec2-user/data/topics/1164 150
富士通株式会社

@/home/ec2-user/data/topics/3751 151
@/home/ec2-user/data/topics/3970 151
@/home/ec2-user/data/topics/1609 152
@/home/ec2-user/data/topics/3883 153
@/home/ec2-user/data/topics/3799 154
@/home/ec2-user/data/topics/3400 155
@/home/ec2-user/data/topics/2215 156
@/home/ec2-user/data/topics/3912 157
@/home/ec2-user/data/topics/2227 158
@/home/ec2-user/data/topics/1874 159
@/home/ec2-user/data/topics/3850 160
@/home/ec2-user/data/topics/1123 161
@/home/ec2-user/data/topics/3399 162
@/home/ec2-user/data/topics/5004 163
@/home/ec2-user/data/topics/3846 164
@/home/ec2-user/data/topics/3428 165
@/home/ec2-user/data/topics/3749 166
@/home/ec2-user/data/topics/3862 167
@/home/ec2-user/data/topics/1998 168
@/home/ec2-user/data/topics/2216 169
@/home/ec2-user/data/topics/3460 170
@/home/ec2-user/data/topics/3870 171
@/home/ec2-user/data/topics/3636 172
@/home/ec2-user/data/topics/1547 173
@/home/ec2-user/data/topics/3381 174
@/home/ec2-user/data/topics/3962 175
@/home/ec2-user/data/topics/1264 176
@/home/ec2-user/data/topics/3538 177
@/home/ec2-user/data/topics/1271 178
@/home/ec2-user/data/topics/4191 179
@/home/ec2-user/data/topics/3802 180
@/home/ec2-user/data/topics/3765 181
静岡日本電気株式会社

@/home/ec2-user/data/topics/4326 182
@/home/ec2-user/data/topics/4507 182
@/home/ec2-user/data/topics/4365 183
@/home/ec2-user/data/topics/4250 184
@/home/ec2-user/data/topics/4314 185
@/home/ec2-user/data/topics/4531 186
住友重機械工業株式会社

@/home/ec2-user/data/topics/3952 187
@/home/ec2-user/data/topics/1505 187
@/home/ec2-user/data/topics/1373 188
@/home/ec2-user/data/topics/3868 189
@/home/ec2-user/data/topics/1019 190
@/home/ec2-user/data/topics/4854 191
@/home/ec2-user/data/topics/1900 192
@/home/ec2-user/data/topics/2039 193
@/home/ec2-user/data/topics/1553 194
大日本印刷株式会社

@/home/ec2-user/data/topics/3388 195
@/home/ec2-user/data/topics/1564 195
@/home/ec2-user/data/topics/1099 196
@/home/ec2-user/data/topics/1262 197
@/home/ec2-user/data/topics/1145 198
@/home/ec2-user/data/topics/3569 199
日本電気株式会社

@/home/ec2-user/data/topics/1595 200
@/home/ec2-user/data/topics/4134 200
@/home/ec2-user/data/topics/4764 201
@/home/ec2-user/data/topics/4414 202
@/home/ec2-user/data/topics/4398 203
@/home/ec2-user/data/topics/4458 204
@/home/ec2-user/data/topics/4092 205
@/home/ec2-user/data/topics/1783 206
@/home/ec2-user/data/topics/4278 207
@/home/ec2-user/data/topics/4728 208
@/home/ec2-user/data/topics/3938 209
@/home/ec2-user/data/topics/4657 210
@/home/ec2-user/data/topics/1567 211
@/home/ec2-user/data/topics/2166 212
@/home/ec2-user/data/topics/4260 213
@/home/ec2-user/data/topics/4319 214
@/home/ec2-user/data/topics/3724 215
@/home/ec2-user/data/topics/1710 216
@/home/ec2-user/data/topics/4062 217
@/home/ec2-user/data/topics/3767 218
@/home/ec2-user/data/topics/4313 219
@/home/ec2-user/data/topics/4063 220
@/home/ec2-user/data/topics/4153 221
@/home/ec2-user/data/topics/4442 222
@/home/ec2-user/data/topics/1724 223
@/home/ec2-user/data/topics/4247 224
@/home/ec2-user/data/topics/1764 225
@/home/ec2-user/data/topics/4876 226
@/home/ec2-user/data/topics/4644 227
@/home/ec2-user/data/topics/4258 228
@/home/ec2-user/data/topics/4477 229
@/home/ec2-user/data/topics/4708 230
@/home/ec2-user/data/topics/4595 231
@/home/ec2-user/data/topics/4699 232
@/home/ec2-user/data/topics/4447 233
@/home/ec2-user/data/topics/4318 234
@/home/ec2-user/data/topics/4770 235
@/home/ec2-user/data/topics/4429 236
@/home/ec2-user/data/topics/3875 237
@/home/ec2-user/data/topics/1112 238
@/home/ec2-user/data/topics/4120 239
@/home/ec2-user/data/topics/1486 240
@/home/ec2-user/data/topics/3954 241
@/home/ec2-user/data/topics/1661 242
@/home/ec2-user/data/topics/4434 243
@/home/ec2-user/data/topics/1791 244
@/home/ec2-user/data/topics/4359 245
@/home/ec2-user/data/topics/4343 246
@/home/ec2-user/data/topics/4138 247
@/home/ec2-user/data/topics/4427 248
@/home/ec2-user/data/topics/3886 249
@/home/ec2-user/data/topics/4100 250
@/home/ec2-user/data/topics/1844 251
@/home/ec2-user/data/topics/3766 252
@/home/ec2-user/data/topics/4315 253
@/home/ec2-user/data/topics/4272 254
@/home/ec2-user/data/topics/4646 255
@/home/ec2-user/data/topics/4390 256
@/home/ec2-user/data/topics/4240 257
@/home/ec2-user/data/topics/4533 258
@/home/ec2-user/data/topics/4750 259
@/home/ec2-user/data/topics/4244 260
@/home/ec2-user/data/topics/1867 261
@/home/ec2-user/data/topics/1815 262
@/home/ec2-user/data/topics/4696 263
@/home/ec2-user/data/topics/4497 264
@/home/ec2-user/data/topics/4598 265
@/home/ec2-user/data/topics/4643 266
@/home/ec2-user/data/topics/4775 267
@/home/ec2-user/data/topics/4204 268
@/home/ec2-user/data/topics/1928 269
@/home/ec2-user/data/topics/1044 270
@/home/ec2-user/data/topics/2041 271
@/home/ec2-user/data/topics/1116 272
@/home/ec2-user/data/topics/4371 273
@/home/ec2-user/data/topics/4081 274
@/home/ec2-user/data/topics/4718 275
@/home/ec2-user/data/topics/3897 276
@/home/ec2-user/data/topics/4634 277
@/home/ec2-user/data/topics/4940 278
@/home/ec2-user/data/topics/1557 279
@/home/ec2-user/data/topics/1281 280
@/home/ec2-user/data/topics/4785 281
@/home/ec2-user/data/topics/4257 282
@/home/ec2-user/data/topics/1937 283
@/home/ec2-user/data/topics/1923 284
@/home/ec2-user/data/topics/4389 285
@/home/ec2-user/data/topics/1464 286
@/home/ec2-user/data/topics/3744 287
@/home/ec2-user/data/topics/1122 288
@/home/ec2-user/data/topics/3995 289
@/home/ec2-user/data/topics/4760 290
@/home/ec2-user/data/topics/4665 291
@/home/ec2-user/data/topics/4017 292
@/home/ec2-user/data/topics/2150 293
@/home/ec2-user/data/topics/5034 294
@/home/ec2-user/data/topics/4530 295
@/home/ec2-user/data/topics/1457 296
@/home/ec2-user/data/topics/4243 297
@/home/ec2-user/data/topics/4162 298
@/home/ec2-user/data/topics/4097 299
@/home/ec2-user/data/topics/4254 300
@/home/ec2-user/data/topics/4626 301
@/home/ec2-user/data/topics/1500 302
@/home/ec2-user/data/topics/4446 303
@/home/ec2-user/data/topics/3956 304
@/home/ec2-user/data/topics/4082 305
@/home/ec2-user/data/topics/4877 306
@/home/ec2-user/data/topics/4561 307
@/home/ec2-user/data/topics/4158 308
@/home/ec2-user/data/topics/4320 309
@/home/ec2-user/data/topics/4850 310
@/home/ec2-user/data/topics/1199 311
@/home/ec2-user/data/topics/4584 312
@/home/ec2-user/data/topics/4142 313
@/home/ec2-user/data/topics/1100 314
@/home/ec2-user/data/topics/4485 315
@/home/ec2-user/data/topics/1634 316
@/home/ec2-user/data/topics/4288 317
@/home/ec2-user/data/topics/4433 318
@/home/ec2-user/data/topics/4267 319
@/home/ec2-user/data/topics/1383 320
@/home/ec2-user/data/topics/4071 321
@/home/ec2-user/data/topics/4549 322
@/home/ec2-user/data/topics/4388 323
@/home/ec2-user/data/topics/3729 324
@/home/ec2-user/data/topics/2127 325
@/home/ec2-user/data/topics/4650 326
@/home/ec2-user/data/topics/4281 327
@/home/ec2-user/data/topics/4404 328
@/home/ec2-user/data/topics/4119 329
@/home/ec2-user/data/topics/4360 330
@/home/ec2-user/data/topics/4537 331
@/home/ec2-user/data/topics/4209 332
@/home/ec2-user/data/topics/1612 333
@/home/ec2-user/data/topics/1879 334
@/home/ec2-user/data/topics/4532 335
@/home/ec2-user/data/topics/4246 336
@/home/ec2-user/data/topics/1326 337
@/home/ec2-user/data/topics/1078 338
@/home/ec2-user/data/topics/1773 339
@/home/ec2-user/data/topics/4129 340
@/home/ec2-user/data/topics/4342 341
@/home/ec2-user/data/topics/3896 342
@/home/ec2-user/data/topics/4216 343
@/home/ec2-user/data/topics/4137 344
@/home/ec2-user/data/topics/2088 345
@/home/ec2-user/data/topics/4309 346
@/home/ec2-user/data/topics/4425 347
@/home/ec2-user/data/topics/4300 348
@/home/ec2-user/data/topics/4666 349
@/home/ec2-user/data/topics/4003 350
@/home/ec2-user/data/topics/4418 351
@/home/ec2-user/data/topics/1973 352
@/home/ec2-user/data/topics/4578 353
@/home/ec2-user/data/topics/4659 354
@/home/ec2-user/data/topics/2119 355
@/home/ec2-user/data/topics/4393 356
@/home/ec2-user/data/topics/1101 357
@/home/ec2-user/data/topics/4154 358
@/home/ec2-user/data/topics/1852 359
@/home/ec2-user/data/topics/4171 360
@/home/ec2-user/data/topics/4275 361
@/home/ec2-user/data/topics/3971 362
@/home/ec2-user/data/topics/4490 363
@/home/ec2-user/data/topics/4779 364
@/home/ec2-user/data/topics/2031 365
@/home/ec2-user/data/topics/4536 366
@/home/ec2-user/data/topics/4276 367
@/home/ec2-user/data/topics/4273 368
@/home/ec2-user/data/topics/4902 369
@/home/ec2-user/data/topics/1523 370
@/home/ec2-user/data/topics/4651 371
@/home/ec2-user/data/topics/4310 372
@/home/ec2-user/data/topics/4721 373
@/home/ec2-user/data/topics/1948 374
@/home/ec2-user/data/topics/3865 375
@/home/ec2-user/data/topics/1362 376
@/home/ec2-user/data/topics/4759 377
@/home/ec2-user/data/topics/4838 378
@/home/ec2-user/data/topics/4168 379
@/home/ec2-user/data/topics/4116 380
@/home/ec2-user/data/topics/2022 381
@/home/ec2-user/data/topics/4227 382
@/home/ec2-user/data/topics/4440 383
@/home/ec2-user/data/topics/4460 384
@/home/ec2-user/data/topics/4238 385
@/home/ec2-user/data/topics/4603 386
@/home/ec2-user/data/topics/4613 387
@/home/ec2-user/data/topics/4486 388
@/home/ec2-user/data/topics/3853 389
@/home/ec2-user/data/topics/4128 390
@/home/ec2-user/data/topics/4725 391
@/home/ec2-user/data/topics/4926 392
@/home/ec2-user/data/topics/4742 393
@/home/ec2-user/data/topics/1052 394
@/home/ec2-user/data/topics/4196 395
@/home/ec2-user/data/topics/1360 396
@/home/ec2-user/data/topics/1891 397
@/home/ec2-user/data/topics/4186 398
@/home/ec2-user/data/topics/4816 399
@/home/ec2-user/data/topics/4192 400
@/home/ec2-user/data/topics/1016 401
@/home/ec2-user/data/topics/4808 402
@/home/ec2-user/data/topics/4207 403
@/home/ec2-user/data/topics/4185 404
@/home/ec2-user/data/topics/4352 405
@/home/ec2-user/data/topics/4338 406
@/home/ec2-user/data/topics/4480 407
@/home/ec2-user/data/topics/4093 408
@/home/ec2-user/data/topics/2144 409
@/home/ec2-user/data/topics/4892 410
@/home/ec2-user/data/topics/4609 411
@/home/ec2-user/data/topics/4824 412
@/home/ec2-user/data/topics/4682 413
@/home/ec2-user/data/topics/4236 414
@/home/ec2-user/data/topics/1624 415
@/home/ec2-user/data/topics/4749 416
@/home/ec2-user/data/topics/4689 417
@/home/ec2-user/data/topics/1364 418
松下電器産業株式会社

@/home/ec2-user/data/topics/4355 419
@/home/ec2-user/data/topics/3704 419
@/home/ec2-user/data/topics/3721 420
@/home/ec2-user/data/topics/3585 421
@/home/ec2-user/data/topics/4797 422
@/home/ec2-user/data/topics/3676 423
@/home/ec2-user/data/topics/4917 424
@/home/ec2-user/data/topics/1477 425
@/home/ec2-user/data/topics/1706 426
@/home/ec2-user/data/topics/1540 427
@/home/ec2-user/data/topics/1701 428
@/home/ec2-user/data/topics/1157 429
@/home/ec2-user/data/topics/1705 430
@/home/ec2-user/data/topics/4502 431
@/home/ec2-user/data/topics/4126 432
@/home/ec2-user/data/topics/1516 433
@/home/ec2-user/data/topics/2056 434
@/home/ec2-user/data/topics/3951 435
@/home/ec2-user/data/topics/2080 436
@/home/ec2-user/data/topics/4574 437
@/home/ec2-user/data/topics/4918 438
@/home/ec2-user/data/topics/2156 439
@/home/ec2-user/data/topics/4101 440
@/home/ec2-user/data/topics/4043 441
@/home/ec2-user/data/topics/1026 442
@/home/ec2-user/data/topics/4558 443
@/home/ec2-user/data/topics/3761 444
@/home/ec2-user/data/topics/4180 445
@/home/ec2-user/data/topics/1252 446
@/home/ec2-user/data/topics/4382 447
@/home/ec2-user/data/topics/4961 448
@/home/ec2-user/data/topics/1633 449
@/home/ec2-user/data/topics/1635 450
@/home/ec2-user/data/topics/4501 451
@/home/ec2-user/data/topics/1070 452
@/home/ec2-user/data/topics/1158 453
@/home/ec2-user/data/topics/4098 454
@/home/ec2-user/data/topics/1509 455
@/home/ec2-user/data/topics/4787 456
@/home/ec2-user/data/topics/3455 457
@/home/ec2-user/data/topics/4707 458
@/home/ec2-user/data/topics/3807 459
@/home/ec2-user/data/topics/4264 460
@/home/ec2-user/data/topics/4804 461
@/home/ec2-user/data/topics/3514 462
@/home/ec2-user/data/topics/3510 463
@/home/ec2-user/data/topics/4307 464
@/home/ec2-user/data/topics/4459 465
@/home/ec2-user/data/topics/2129 466
@/home/ec2-user/data/topics/4754 467
@/home/ec2-user/data/topics/4475 468
@/home/ec2-user/data/topics/4159 469
@/home/ec2-user/data/topics/3404 470
@/home/ec2-user/data/topics/4229 471
@/home/ec2-user/data/topics/4385 472
@/home/ec2-user/data/topics/3386 473
@/home/ec2-user/data/topics/4667 474
@/home/ec2-user/data/topics/4274 475
@/home/ec2-user/data/topics/4215 476
@/home/ec2-user/data/topics/3402 477
@/home/ec2-user/data/topics/1812 478
@/home/ec2-user/data/topics/4280 479
@/home/ec2-user/data/topics/1257 480
@/home/ec2-user/data/topics/1955 481
@/home/ec2-user/data/topics/4676 482
@/home/ec2-user/data/topics/3904 483
@/home/ec2-user/data/topics/4798 484
@/home/ec2-user/data/topics/1762 485
@/home/ec2-user/data/topics/2170 486
@/home/ec2-user/data/topics/3739 487
@/home/ec2-user/data/topics/3658 488
@/home/ec2-user/data/topics/4491 489
@/home/ec2-user/data/topics/1829 490
@/home/ec2-user/data/topics/2029 491
@/home/ec2-user/data/topics/1136 492
@/home/ec2-user/data/topics/4102 493
@/home/ec2-user/data/topics/4806 494
@/home/ec2-user/data/topics/4761 495
@/home/ec2-user/data/topics/3692 496
@/home/ec2-user/data/topics/5028 497
@/home/ec2-user/data/topics/4139 498
@/home/ec2-user/data/topics/1339 499
@/home/ec2-user/data/topics/5024 500
@/home/ec2-user/data/topics/4503 501
@/home/ec2-user/data/topics/4867 502
@/home/ec2-user/data/topics/1589 503
@/home/ec2-user/data/topics/3960 504
@/home/ec2-user/data/topics/3719 505
@/home/ec2-user/data/topics/1898 506
@/home/ec2-user/data/topics/3680 507
@/home/ec2-user/data/topics/4885 508
@/home/ec2-user/data/topics/4160 509
@/home/ec2-user/data/topics/3558 510
@/home/ec2-user/data/topics/4577 511
@/home/ec2-user/data/topics/4000 512
@/home/ec2-user/data/topics/1525 513
@/home/ec2-user/data/topics/4193 514
@/home/ec2-user/data/topics/4599 515
@/home/ec2-user/data/topics/3746 516
@/home/ec2-user/data/topics/4968 517
@/home/ec2-user/data/topics/2222 518
@/home/ec2-user/data/topics/4817 519
@/home/ec2-user/data/topics/3920 520
@/home/ec2-user/data/topics/3694 521
@/home/ec2-user/data/topics/4936 522
@/home/ec2-user/data/topics/1179 523
@/home/ec2-user/data/topics/3847 524
@/home/ec2-user/data/topics/4303 525
@/home/ec2-user/data/topics/4448 526
@/home/ec2-user/data/topics/4945 527
@/home/ec2-user/data/topics/1881 528
@/home/ec2-user/data/topics/4422 529
@/home/ec2-user/data/topics/1885 530
@/home/ec2-user/data/topics/1748 531
@/home/ec2-user/data/topics/3619 532
@/home/ec2-user/data/topics/3494 533
@/home/ec2-user/data/topics/3519 534
@/home/ec2-user/data/topics/4464 535
@/home/ec2-user/data/topics/4394 536
@/home/ec2-user/data/topics/4586 537
@/home/ec2-user/data/topics/4157 538
@/home/ec2-user/data/topics/3979 539
@/home/ec2-user/data/topics/4625 540
セイコーインスツルメンツ株式会社

@/home/ec2-user/data/topics/4997 541
@/home/ec2-user/data/topics/4190 541
@/home/ec2-user/data/topics/4036 542
@/home/ec2-user/data/topics/4151 543
@/home/ec2-user/data/topics/4088 544
@/home/ec2-user/data/topics/4203 545
@/home/ec2-user/data/topics/3626 546
@/home/ec2-user/data/topics/1707 547
@/home/ec2-user/data/topics/3825 548
ミノルタ株式会社

@/home/ec2-user/data/topics/4971 549
@/home/ec2-user/data/topics/4986 549
@/home/ec2-user/data/topics/4977 550
@/home/ec2-user/data/topics/3545 551
@/home/ec2-user/data/topics/4321 552
@/home/ec2-user/data/topics/4970 553
@/home/ec2-user/data/topics/3584 554
@/home/ec2-user/data/topics/4951 555
@/home/ec2-user/data/topics/1152 556
@/home/ec2-user/data/topics/3810 557
@/home/ec2-user/data/topics/4984 558
@/home/ec2-user/data/topics/2190 559
株式会社リコー

@/home/ec2-user/data/topics/1974 560
@/home/ec2-user/data/topics/1514 560
@/home/ec2-user/data/topics/3446 561
@/home/ec2-user/data/topics/1668 562
@/home/ec2-user/data/topics/3557 563
@/home/ec2-user/data/topics/4037 564
@/home/ec2-user/data/topics/2219 565
@/home/ec2-user/data/topics/3378 566
@/home/ec2-user/data/topics/1670 567
@/home/ec2-user/data/topics/3523 568
@/home/ec2-user/data/topics/4781 569
@/home/ec2-user/data/topics/3633 570
@/home/ec2-user/data/topics/3775 571
@/home/ec2-user/data/topics/1064 572
@/home/ec2-user/data/topics/3880 573
@/home/ec2-user/data/topics/2201 574
@/home/ec2-user/data/topics/1095 575
@/home/ec2-user/data/topics/2090 576
@/home/ec2-user/data/topics/1482 577
@/home/ec2-user/data/topics/2043 578
@/home/ec2-user/data/topics/3472 579
@/home/ec2-user/data/topics/1190 580
@/home/ec2-user/data/topics/2189 581
@/home/ec2-user/data/topics/1776 582
@/home/ec2-user/data/topics/3411 583
@/home/ec2-user/data/topics/1780 584
@/home/ec2-user/data/topics/2182 585
@/home/ec2-user/data/topics/1718 586
@/home/ec2-user/data/topics/1775 587
@/home/ec2-user/data/topics/1593 588
@/home/ec2-user/data/topics/1774 589
@/home/ec2-user/data/topics/1282 590
@/home/ec2-user/data/topics/4616 591
@/home/ec2-user/data/topics/1478 592
@/home/ec2-user/data/topics/1806 593
@/home/ec2-user/data/topics/1627 594
@/home/ec2-user/data/topics/3750 595
@/home/ec2-user/data/topics/4879 596
@/home/ec2-user/data/topics/3484 597
@/home/ec2-user/data/topics/3424 598
@/home/ec2-user/data/topics/1976 599
@/home/ec2-user/data/topics/3687 600
@/home/ec2-user/data/topics/1433 601
@/home/ec2-user/data/topics/3548 602
@/home/ec2-user/data/topics/1669 603
@/home/ec2-user/data/topics/4344 604
@/home/ec2-user/data/topics/1610 605
@/home/ec2-user/data/topics/2200 606
@/home/ec2-user/data/topics/3713 607
@/home/ec2-user/data/topics/3555 608
@/home/ec2-user/data/topics/3436 609
@/home/ec2-user/data/topics/2006 610
@/home/ec2-user/data/topics/3394 611
@/home/ec2-user/data/topics/3711 612
@/home/ec2-user/data/topics/1436 613
@/home/ec2-user/data/topics/1740 614
@/home/ec2-user/data/topics/1083 615
@/home/ec2-user/data/topics/3530 616
@/home/ec2-user/data/topics/1755 617
@/home/ec2-user/data/topics/3495 618
@/home/ec2-user/data/topics/1878 619
@/home/ec2-user/data/topics/3474 620
@/home/ec2-user/data/topics/4265 621
@/home/ec2-user/data/topics/3669 622
@/home/ec2-user/data/topics/3759 623
@/home/ec2-user/data/topics/1225 624
@/home/ec2-user/data/topics/1663 625
@/home/ec2-user/data/topics/1691 626
@/home/ec2-user/data/topics/3574 627
@/home/ec2-user/data/topics/1106 628
@/home/ec2-user/data/topics/3837 629
独立行政法人産業技術総合研究所

@/home/ec2-user/data/topics/4740 630
@/home/ec2-user/data/topics/4777 630
@/home/ec2-user/data/topics/4739 631
@/home/ec2-user/data/topics/4800 632
@/home/ec2-user/data/topics/1356 633
@/home/ec2-user/data/topics/4869 634
ソニー株式会社

@/home/ec2-user/data/topics/1380 635
@/home/ec2-user/data/topics/1414 635
@/home/ec2-user/data/topics/3872 636
@/home/ec2-user/data/topics/2048 637
@/home/ec2-user/data/topics/3401 638
@/home/ec2-user/data/topics/2052 639
@/home/ec2-user/data/topics/1471 640
@/home/ec2-user/data/topics/3924 641
@/home/ec2-user/data/topics/3955 642
@/home/ec2-user/data/topics/1491 643
@/home/ec2-user/data/topics/2075 644
@/home/ec2-user/data/topics/2105 645
@/home/ec2-user/data/topics/1602 646
@/home/ec2-user/data/topics/1426 647
@/home/ec2-user/data/topics/1926 648
@/home/ec2-user/data/topics/1218 649
@/home/ec2-user/data/topics/1298 650
@/home/ec2-user/data/topics/3975 651
@/home/ec2-user/data/topics/1892 652
@/home/ec2-user/data/topics/4184 653
@/home/ec2-user/data/topics/1233 654
@/home/ec2-user/data/topics/3456 655
@/home/ec2-user/data/topics/1967 656
@/home/ec2-user/data/topics/4224 657
@/home/ec2-user/data/topics/1679 658
@/home/ec2-user/data/topics/4351 659
@/home/ec2-user/data/topics/1954 660
@/home/ec2-user/data/topics/1686 661
@/home/ec2-user/data/topics/1147 662
@/home/ec2-user/data/topics/1749 663
@/home/ec2-user/data/topics/2059 664
@/home/ec2-user/data/topics/2058 665
@/home/ec2-user/data/topics/1102 666
@/home/ec2-user/data/topics/4219 667
@/home/ec2-user/data/topics/1912 668
@/home/ec2-user/data/topics/1778 669
@/home/ec2-user/data/topics/1873 670
@/home/ec2-user/data/topics/2094 671
@/home/ec2-user/data/topics/1059 672
@/home/ec2-user/data/topics/1291 673
@/home/ec2-user/data/topics/1435 674
@/home/ec2-user/data/topics/1397 675
@/home/ec2-user/data/topics/2037 676
@/home/ec2-user/data/topics/5027 677
@/home/ec2-user/data/topics/3392 678
@/home/ec2-user/data/topics/1836 679
@/home/ec2-user/data/topics/1884 680
富士ゼロックス株式会社

@/home/ec2-user/data/topics/5031 681
@/home/ec2-user/data/topics/3366 681
@/home/ec2-user/data/topics/3473 682
@/home/ec2-user/data/topics/3661 683
@/home/ec2-user/data/topics/3695 684
@/home/ec2-user/data/topics/1947 685
@/home/ec2-user/data/topics/3383 686
@/home/ec2-user/data/topics/3407 687
@/home/ec2-user/data/topics/4108 688
@/home/ec2-user/data/topics/3640 689
@/home/ec2-user/data/topics/1560 690
@/home/ec2-user/data/topics/3782 691
@/home/ec2-user/data/topics/3790 692
@/home/ec2-user/data/topics/3662 693
@/home/ec2-user/data/topics/3564 694
住友金属工業株式会社

@/home/ec2-user/data/topics/4733 695
@/home/ec2-user/data/topics/4991 695
@/home/ec2-user/data/topics/4295 696
@/home/ec2-user/data/topics/1268 697
@/home/ec2-user/data/topics/3655 698
@/home/ec2-user/data/topics/4182 699
@/home/ec2-user/data/topics/4021 700
@/home/ec2-user/data/topics/4661 701
@/home/ec2-user/data/topics/3577 702
@/home/ec2-user/data/topics/3826 703
@/home/ec2-user/data/topics/4534 704
@/home/ec2-user/data/topics/4322 705
日立電線株式会社

@/home/ec2-user/data/topics/1027 706
@/home/ec2-user/data/topics/4329 706
@/home/ec2-user/data/topics/1388 707
@/home/ec2-user/data/topics/4357 708
@/home/ec2-user/data/topics/3756 709
@/home/ec2-user/data/topics/3930 710
@/home/ec2-user/data/topics/1305 711
@/home/ec2-user/data/topics/4356 712
@/home/ec2-user/data/topics/1117 713
キヤノン株式会社

@/home/ec2-user/data/topics/2107 714
@/home/ec2-user/data/topics/1646 714
@/home/ec2-user/data/topics/4947 715
@/home/ec2-user/data/topics/3415 716
@/home/ec2-user/data/topics/4020 717
@/home/ec2-user/data/topics/3628 718
@/home/ec2-user/data/topics/2053 719
@/home/ec2-user/data/topics/3949 720
@/home/ec2-user/data/topics/3843 721
@/home/ec2-user/data/topics/3445 722
@/home/ec2-user/data/topics/3755 723
@/home/ec2-user/data/topics/1790 724
@/home/ec2-user/data/topics/1802 725
@/home/ec2-user/data/topics/2243 726
@/home/ec2-user/data/topics/1568 727
@/home/ec2-user/data/topics/2231 728
@/home/ec2-user/data/topics/3720 729
@/home/ec2-user/data/topics/3420 730
@/home/ec2-user/data/topics/1513 731
@/home/ec2-user/data/topics/1216 732
@/home/ec2-user/data/topics/3454 733
@/home/ec2-user/data/topics/4054 734
@/home/ec2-user/data/topics/3430 735
@/home/ec2-user/data/topics/1961 736
@/home/ec2-user/data/topics/1895 737
@/home/ec2-user/data/topics/3441 738
@/home/ec2-user/data/topics/4521 739
@/home/ec2-user/data/topics/3722 740
@/home/ec2-user/data/topics/4628 741
@/home/ec2-user/data/topics/3737 742
@/home/ec2-user/data/topics/1080 743
@/home/ec2-user/data/topics/4363 744
@/home/ec2-user/data/topics/1438 745
@/home/ec2-user/data/topics/3996 746
@/home/ec2-user/data/topics/2004 747
@/home/ec2-user/data/topics/3730 748
@/home/ec2-user/data/topics/3642 749
@/home/ec2-user/data/topics/2117 750
@/home/ec2-user/data/topics/1590 751
@/home/ec2-user/data/topics/4520 752
@/home/ec2-user/data/topics/3410 753
@/home/ec2-user/data/topics/1866 754
@/home/ec2-user/data/topics/1455 755
@/home/ec2-user/data/topics/1847 756
@/home/ec2-user/data/topics/3852 757
@/home/ec2-user/data/topics/1539 758
@/home/ec2-user/data/topics/1208 759
@/home/ec2-user/data/topics/1745 760
@/home/ec2-user/data/topics/1889 761
@/home/ec2-user/data/topics/3958 762
@/home/ec2-user/data/topics/3374 763
@/home/ec2-user/data/topics/4068 764
@/home/ec2-user/data/topics/3434 765
@/home/ec2-user/data/topics/2145 766
@/home/ec2-user/data/topics/3438 767
@/home/ec2-user/data/topics/1631 768
@/home/ec2-user/data/topics/1519 769
@/home/ec2-user/data/topics/1124 770
@/home/ec2-user/data/topics/3416 771
@/home/ec2-user/data/topics/3967 772
@/home/ec2-user/data/topics/1228 773
@/home/ec2-user/data/topics/4937 774
@/home/ec2-user/data/topics/1975 775
@/home/ec2-user/data/topics/1848 776
@/home/ec2-user/data/topics/4610 777
@/home/ec2-user/data/topics/3417 778
@/home/ec2-user/data/topics/3660 779
@/home/ec2-user/data/topics/4948 780
@/home/ec2-user/data/topics/4350 781
@/home/ec2-user/data/topics/1118 782
@/home/ec2-user/data/topics/3656 783
@/home/ec2-user/data/topics/1744 784
@/home/ec2-user/data/topics/3376 785
三洋電機株式会社

@/home/ec2-user/data/topics/3754 786
@/home/ec2-user/data/topics/1289 786
@/home/ec2-user/data/topics/3845 787
@/home/ec2-user/data/topics/4178 788
@/home/ec2-user/data/topics/1722 789
@/home/ec2-user/data/topics/4001 790
@/home/ec2-user/data/topics/1488 791
@/home/ec2-user/data/topics/4726 792
@/home/ec2-user/data/topics/4066 793
@/home/ec2-user/data/topics/4612 794
@/home/ec2-user/data/topics/1671 795
@/home/ec2-user/data/topics/4384 796
@/home/ec2-user/data/topics/3398 797
@/home/ec2-user/data/topics/4179 798
@/home/ec2-user/data/topics/2071 799
@/home/ec2-user/data/topics/4376 800
@/home/ec2-user/data/topics/3804 801
@/home/ec2-user/data/topics/4654 802
@/home/ec2-user/data/topics/4978 803
@/home/ec2-user/data/topics/4492 804
@/home/ec2-user/data/topics/4679 805
@/home/ec2-user/data/topics/4150 806
@/home/ec2-user/data/topics/1653 807
@/home/ec2-user/data/topics/3808 808
@/home/ec2-user/data/topics/3539 809
@/home/ec2-user/data/topics/3889 810
@/home/ec2-user/data/topics/4061 811
@/home/ec2-user/data/topics/1515 812
@/home/ec2-user/data/topics/4983 813
@/home/ec2-user/data/topics/2063 814
@/home/ec2-user/data/topics/4304 815
@/home/ec2-user/data/topics/4060 816
@/home/ec2-user/data/topics/4788 817
@/home/ec2-user/data/topics/4328 818
@/home/ec2-user/data/topics/5011 819
@/home/ec2-user/data/topics/4212 820
@/home/ec2-user/data/topics/4604 821
@/home/ec2-user/data/topics/4301 822
@/home/ec2-user/data/topics/1321 823
@/home/ec2-user/data/topics/1246 824
@/home/ec2-user/data/topics/4571 825
@/home/ec2-user/data/topics/3781 826
@/home/ec2-user/data/topics/2098 827
@/home/ec2-user/data/topics/3817 828
@/home/ec2-user/data/topics/3492 829
@/home/ec2-user/data/topics/2014 830
@/home/ec2-user/data/topics/3708 831
@/home/ec2-user/data/topics/3906 832
@/home/ec2-user/data/topics/1479 833
@/home/ec2-user/data/topics/4015 834
@/home/ec2-user/data/topics/1451 835
@/home/ec2-user/data/topics/4099 836
@/home/ec2-user/data/topics/5002 837
@/home/ec2-user/data/topics/4837 838
@/home/ec2-user/data/topics/3581 839
@/home/ec2-user/data/topics/3491 840
@/home/ec2-user/data/topics/3403 841
@/home/ec2-user/data/topics/4763 842
@/home/ec2-user/data/topics/4960 843
@/home/ec2-user/data/topics/1980 844
@/home/ec2-user/data/topics/3681 845
@/home/ec2-user/data/topics/3926 846
@/home/ec2-user/data/topics/2230 847
@/home/ec2-user/data/topics/4527 848
@/home/ec2-user/data/topics/3625 849
@/home/ec2-user/data/topics/3859 850
@/home/ec2-user/data/topics/2194 851
@/home/ec2-user/data/topics/1163 852
@/home/ec2-user/data/topics/3830 853
@/home/ec2-user/data/topics/3986 854
@/home/ec2-user/data/topics/4720 855
@/home/ec2-user/data/topics/1079 856
@/home/ec2-user/data/topics/4474 857
@/home/ec2-user/data/topics/1652 858
@/home/ec2-user/data/topics/4039 859
@/home/ec2-user/data/topics/1386 860
@/home/ec2-user/data/topics/3974 861
@/home/ec2-user/data/topics/2054 862
@/home/ec2-user/data/topics/3953 863
三菱電機株式会社

@/home/ec2-user/data/topics/3921 864
@/home/ec2-user/data/topics/3451 864
@/home/ec2-user/data/topics/3612 865
@/home/ec2-user/data/topics/5033 866
@/home/ec2-user/data/topics/3747 867
@/home/ec2-user/data/topics/3666 868
@/home/ec2-user/data/topics/1738 869
@/home/ec2-user/data/topics/4221 870
@/home/ec2-user/data/topics/3493 871
@/home/ec2-user/data/topics/4419 872
@/home/ec2-user/data/topics/4041 873
@/home/ec2-user/data/topics/5032 874
@/home/ec2-user/data/topics/3856 875
@/home/ec2-user/data/topics/4552 876
@/home/ec2-user/data/topics/3592 877
@/home/ec2-user/data/topics/4663 878
@/home/ec2-user/data/topics/1536 879
@/home/ec2-user/data/topics/1872 880
@/home/ec2-user/data/topics/4076 881
@/home/ec2-user/data/topics/4514 882
@/home/ec2-user/data/topics/4305 883
@/home/ec2-user/data/topics/4133 884
@/home/ec2-user/data/topics/3873 885
@/home/ec2-user/data/topics/3800 886
@/home/ec2-user/data/topics/1754 887
@/home/ec2-user/data/topics/1110 888
@/home/ec2-user/data/topics/4614 889
@/home/ec2-user/data/topics/3465 890
@/home/ec2-user/data/topics/3490 891
@/home/ec2-user/data/topics/3412 892
@/home/ec2-user/data/topics/2146 893
@/home/ec2-user/data/topics/3820 894
@/home/ec2-user/data/topics/3963 895
@/home/ec2-user/data/topics/3469 896
@/home/ec2-user/data/topics/3397 897
@/home/ec2-user/data/topics/3616 898
@/home/ec2-user/data/topics/4562 899
@/home/ec2-user/data/topics/3453 900
@/home/ec2-user/data/topics/4149 901
@/home/ec2-user/data/topics/4880 902
@/home/ec2-user/data/topics/4181 903
@/home/ec2-user/data/topics/3774 904
@/home/ec2-user/data/topics/4233 905
@/home/ec2-user/data/topics/4518 906
@/home/ec2-user/data/topics/1792 907
@/home/ec2-user/data/topics/4220 908
@/home/ec2-user/data/topics/4834 909
@/home/ec2-user/data/topics/4235 910
@/home/ec2-user/data/topics/3466 911
@/home/ec2-user/data/topics/3506 912
@/home/ec2-user/data/topics/3609 913
@/home/ec2-user/data/topics/3595 914
@/home/ec2-user/data/topics/3841 915
@/home/ec2-user/data/topics/1220 916
@/home/ec2-user/data/topics/4980 917
@/home/ec2-user/data/topics/3409 918
@/home/ec2-user/data/topics/4047 919
@/home/ec2-user/data/topics/4282 920
住友ゴム工業株式会社

@/home/ec2-user/data/topics/4597 921
@/home/ec2-user/data/topics/4568 921
@/home/ec2-user/data/topics/4406 922
@/home/ec2-user/data/topics/1758 923
@/home/ec2-user/data/topics/2007 924
@/home/ec2-user/data/topics/1114 925
@/home/ec2-user/data/topics/4048 926
セイコーエプソン株式会社

@/home/ec2-user/data/topics/1641 927
@/home/ec2-user/data/topics/4802 927
@/home/ec2-user/data/topics/4109 928
@/home/ec2-user/data/topics/4454 929
@/home/ec2-user/data/topics/4585 930
@/home/ec2-user/data/topics/4719 931
@/home/ec2-user/data/topics/2165 932
@/home/ec2-user/data/topics/4605 933
@/home/ec2-user/data/topics/3819 934
@/home/ec2-user/data/topics/1938 935
@/home/ec2-user/data/topics/2078 936
@/home/ec2-user/data/topics/1484 937
@/home/ec2-user/data/topics/4386 938
@/home/ec2-user/data/topics/3910 939
@/home/ec2-user/data/topics/3887 940
@/home/ec2-user/data/topics/4801 941
@/home/ec2-user/data/topics/1890 942
@/home/ec2-user/data/topics/3361 943
@/home/ec2-user/data/topics/3476 944
@/home/ec2-user/data/topics/1423 945
@/home/ec2-user/data/topics/3985 946
@/home/ec2-user/data/topics/1343 947
@/home/ec2-user/data/topics/3589 948
@/home/ec2-user/data/topics/3505 949
@/home/ec2-user/data/topics/4022 950
@/home/ec2-user/data/topics/1378 951
株式会社三共

@/home/ec2-user/data/topics/4868 952
@/home/ec2-user/data/topics/1189 952
@/home/ec2-user/data/topics/1648 953
@/home/ec2-user/data/topics/1377 954
@/home/ec2-user/data/topics/4374 955
@/home/ec2-user/data/topics/2123 956
@/home/ec2-user/data/topics/2060 957
@/home/ec2-user/data/topics/1665 958
@/home/ec2-user/data/topics/1086 959
沖電気工業株式会社

@/home/ec2-user/data/topics/3964 960
@/home/ec2-user/data/topics/3690 960
@/home/ec2-user/data/topics/3395 961
@/home/ec2-user/data/topics/3764 962
@/home/ec2-user/data/topics/1531 963
@/home/ec2-user/data/topics/4575 964
@/home/ec2-user/data/topics/3571 965
@/home/ec2-user/data/topics/3433 966
@/home/ec2-user/data/topics/4299 967
@/home/ec2-user/data/topics/3621 968
@/home/ec2-user/data/topics/4693 969
@/home/ec2-user/data/topics/3457 970
@/home/ec2-user/data/topics/1188 971
@/home/ec2-user/data/topics/4308 972
株式会社三星

@/home/ec2-user/data/topics/1728 973
@/home/ec2-user/data/topics/1733 973
@/home/ec2-user/data/topics/2108 974
@/home/ec2-user/data/topics/3942 975
@/home/ec2-user/data/topics/1260 976
@/home/ec2-user/data/topics/2198 977
日本ビクター株式会社

@/home/ec2-user/data/topics/3882 978
@/home/ec2-user/data/topics/1440 978
@/home/ec2-user/data/topics/3939 979
@/home/ec2-user/data/topics/1389 980
@/home/ec2-user/data/topics/3620 981
@/home/ec2-user/data/topics/4056 982
@/home/ec2-user/data/topics/1520 983
@/home/ec2-user/data/topics/1823 984
@/home/ec2-user/data/topics/3603 985
@/home/ec2-user/data/topics/4123 986
@/home/ec2-user/data/topics/4672 987
花王株式会社

@/home/ec2-user/data/topics/3812 988
@/home/ec2-user/data/topics/3884 988
@/home/ec2-user/data/topics/4249 989
@/home/ec2-user/data/topics/1767 990
@/home/ec2-user/data/topics/4211 991
@/home/ec2-user/data/topics/4287 992
@/home/ec2-user/data/topics/3753 993
@/home/ec2-user/data/topics/4827 994
@/home/ec2-user/data/topics/2214 995
@/home/ec2-user/data/topics/1196 996
@/home/ec2-user/data/topics/4445 997
@/home/ec2-user/data/topics/1022 998
@/home/ec2-user/data/topics/3999 999
三田工業株式会社

@/home/ec2-user/data/topics/3842 1000
@/home/ec2-user/data/topics/3923 1000
@/home/ec2-user/data/topics/2136 1001
@/home/ec2-user/data/topics/1033 1002
@/home/ec2-user/data/topics/3604 1003
@/home/ec2-user/data/topics/1766 1004
@/home/ec2-user/data/topics/1034 1005
@/home/ec2-user/data/topics/2155 1006
@/home/ec2-user/data/topics/1269 1007
豊丸産業株式会社

@/home/ec2-user/data/topics/1097 1008
@/home/ec2-user/data/topics/1588 1008
@/home/ec2-user/data/topics/1284 1009
@/home/ec2-user/data/topics/4847 1010
@/home/ec2-user/data/topics/1126 1011
@/home/ec2-user/data/topics/1353 1012
@/home/ec2-user/data/topics/2011 1013
@/home/ec2-user/data/topics/1914 1014
@/home/ec2-user/data/topics/1677 1015
@/home/ec2-user/data/topics/2169 1016
@/home/ec2-user/data/topics/1401 1017
@/home/ec2-user/data/topics/1138 1018
@/home/ec2-user/data/topics/1726 1019
@/home/ec2-user/data/topics/1713 1020
@/home/ec2-user/data/topics/3672 1021
鐘紡株式会社

@/home/ec2-user/data/topics/1367 1022
@/home/ec2-user/data/topics/2223 1022
@/home/ec2-user/data/topics/3560 1023
@/home/ec2-user/data/topics/1842 1024
@/home/ec2-user/data/topics/1870 1025
@/home/ec2-user/data/topics/1178 1026
@/home/ec2-user/data/topics/3551 1027
@/home/ec2-user/data/topics/1886 1028
@/home/ec2-user/data/topics/3634 1029
@/home/ec2-user/data/topics/1304 1030
@/home/ec2-user/data/topics/1901 1031
@/home/ec2-user/data/topics/4195 1032
@/home/ec2-user/data/topics/3566 1033
@/home/ec2-user/data/topics/2185 1034
@/home/ec2-user/data/topics/2034 1035
@/home/ec2-user/data/topics/1054 1036
株式会社デンソー

@/home/ec2-user/data/topics/4805 1037
@/home/ec2-user/data/topics/4656 1037
@/home/ec2-user/data/topics/3406 1038
@/home/ec2-user/data/topics/4024 1039
@/home/ec2-user/data/topics/3421 1040
@/home/ec2-user/data/topics/4622 1041
@/home/ec2-user/data/topics/4164 1042
@/home/ec2-user/data/topics/4046 1043
@/home/ec2-user/data/topics/1028 1044
@/home/ec2-user/data/topics/4423 1045
@/home/ec2-user/data/topics/4483 1046
@/home/ec2-user/data/topics/1855 1047
@/home/ec2-user/data/topics/4840 1048
@/home/ec2-user/data/topics/4498 1049
@/home/ec2-user/data/topics/3710 1050
@/home/ec2-user/data/topics/4675 1051
@/home/ec2-user/data/topics/3480 1052
富士写真フイルム株式会社

@/home/ec2-user/data/topics/4962 1053
@/home/ec2-user/data/topics/3354 1053
@/home/ec2-user/data/topics/1603 1054
@/home/ec2-user/data/topics/1662 1055
@/home/ec2-user/data/topics/1244 1056
@/home/ec2-user/data/topics/3911 1057
@/home/ec2-user/data/topics/3857 1058
@/home/ec2-user/data/topics/2134 1059
@/home/ec2-user/data/topics/3447 1060
@/home/ec2-user/data/topics/3918 1061
@/home/ec2-user/data/topics/1570 1062
京セラ株式会社

@/home/ec2-user/data/topics/3741 1063
@/home/ec2-user/data/topics/1708 1063
@/home/ec2-user/data/topics/3615 1064
@/home/ec2-user/data/topics/4340 1065
@/home/ec2-user/data/topics/3593 1066
@/home/ec2-user/data/topics/1741 1067
@/home/ec2-user/data/topics/3869 1068
@/home/ec2-user/data/topics/1485 1069
@/home/ec2-user/data/topics/4513 1070
@/home/ec2-user/data/topics/4031 1071
@/home/ec2-user/data/topics/1913 1072
@/home/ec2-user/data/topics/4901 1073
イビデン株式会社

@/home/ec2-user/data/topics/1682 1074
@/home/ec2-user/data/topics/3814 1074
@/home/ec2-user/data/topics/1770 1075
@/home/ec2-user/data/topics/1315 1076
@/home/ec2-user/data/topics/1952 1077
@/home/ec2-user/data/topics/2033 1078
@/home/ec2-user/data/topics/1336 1079
株式会社東芝

@/home/ec2-user/data/topics/3351 1080
@/home/ec2-user/data/topics/3990 1080
@/home/ec2-user/data/topics/3734 1081
@/home/ec2-user/data/topics/3683 1082
@/home/ec2-user/data/topics/4336 1083
@/home/ec2-user/data/topics/4183 1084
@/home/ec2-user/data/topics/1756 1085
@/home/ec2-user/data/topics/4292 1086
@/home/ec2-user/data/topics/4755 1087
@/home/ec2-user/data/topics/3618 1088
@/home/ec2-user/data/topics/1819 1089
@/home/ec2-user/data/topics/4361 1090
@/home/ec2-user/data/topics/4381 1091
@/home/ec2-user/data/topics/4863 1092
@/home/ec2-user/data/topics/3834 1093
@/home/ec2-user/data/topics/2241 1094
@/home/ec2-user/data/topics/4172 1095
@/home/ec2-user/data/topics/4302 1096
@/home/ec2-user/data/topics/4566 1097
@/home/ec2-user/data/topics/4842 1098
@/home/ec2-user/data/topics/1757 1099
@/home/ec2-user/data/topics/1090 1100
@/home/ec2-user/data/topics/3795 1101
@/home/ec2-user/data/topics/3881 1102
@/home/ec2-user/data/topics/4631 1103
@/home/ec2-user/data/topics/4535 1104
@/home/ec2-user/data/topics/4096 1105
@/home/ec2-user/data/topics/3851 1106
@/home/ec2-user/data/topics/4140 1107
@/home/ec2-user/data/topics/4089 1108
@/home/ec2-user/data/topics/4165 1109
@/home/ec2-user/data/topics/3688 1110
@/home/ec2-user/data/topics/3363 1111
@/home/ec2-user/data/topics/3716 1112
@/home/ec2-user/data/topics/1132 1113
@/home/ec2-user/data/topics/3948 1114
@/home/ec2-user/data/topics/3352 1115
@/home/ec2-user/data/topics/4881 1116
@/home/ec2-user/data/topics/3890 1117
@/home/ec2-user/data/topics/3542 1118
@/home/ec2-user/data/topics/1585 1119
@/home/ec2-user/data/topics/1332 1120
@/home/ec2-user/data/topics/4197 1121
@/home/ec2-user/data/topics/3988 1122
@/home/ec2-user/data/topics/1997 1123
@/home/ec2-user/data/topics/3380 1124
@/home/ec2-user/data/topics/4935 1125
@/home/ec2-user/data/topics/4623 1126
@/home/ec2-user/data/topics/1205 1127
@/home/ec2-user/data/topics/4057 1128
@/home/ec2-user/data/topics/4912 1129
@/home/ec2-user/data/topics/3462 1130
@/home/ec2-user/data/topics/3780 1131
@/home/ec2-user/data/topics/4009 1132
@/home/ec2-user/data/topics/4509 1133
@/home/ec2-user/data/topics/3360 1134
@/home/ec2-user/data/topics/4751 1135
@/home/ec2-user/data/topics/3732 1136
@/home/ec2-user/data/topics/4594 1137
@/home/ec2-user/data/topics/3689 1138
@/home/ec2-user/data/topics/3598 1139
ヤマハ株式会社

@/home/ec2-user/data/topics/4045 1140
@/home/ec2-user/data/topics/4010 1140
@/home/ec2-user/data/topics/1443 1141
@/home/ec2-user/data/topics/4954 1142
@/home/ec2-user/data/topics/3972 1143
@/home/ec2-user/data/topics/1720 1144
@/home/ec2-user/data/topics/4145 1145
@/home/ec2-user/data/topics/4125 1146
@/home/ec2-user/data/topics/4177 1147
@/home/ec2-user/data/topics/4084 1148
@/home/ec2-user/data/topics/1911 1149
@/home/ec2-user/data/topics/1676 1150
@/home/ec2-user/data/topics/4919 1151
東洋紡績株式会社

@/home/ec2-user/data/topics/4366 1152
@/home/ec2-user/data/topics/1029 1152
@/home/ec2-user/data/topics/3769 1153
@/home/ec2-user/data/topics/4362 1154
@/home/ec2-user/data/topics/4284 1155
@/home/ec2-user/data/topics/1613 1156
三菱化学株式会社

@/home/ec2-user/data/topics/1699 1157
@/home/ec2-user/data/topics/1902 1157
@/home/ec2-user/data/topics/3513 1158
@/home/ec2-user/data/topics/3638 1159
@/home/ec2-user/data/topics/3458 1160
@/home/ec2-user/data/topics/1197 1161
カシオ計算機株式会社

@/home/ec2-user/data/topics/1794 1162
@/home/ec2-user/data/topics/1235 1162
@/home/ec2-user/data/topics/3391 1163
@/home/ec2-user/data/topics/1368 1164
@/home/ec2-user/data/topics/2180 1165
@/home/ec2-user/data/topics/2237 1166
@/home/ec2-user/data/topics/1535 1167
@/home/ec2-user/data/topics/1047 1168
コナミ株式会社

@/home/ec2-user/data/topics/5015 1169
@/home/ec2-user/data/topics/1302 1169
@/home/ec2-user/data/topics/2151 1170
@/home/ec2-user/data/topics/4681 1171
@/home/ec2-user/data/topics/1672 1172
@/home/ec2-user/data/topics/4602 1173
@/home/ec2-user/data/topics/2100 1174
@/home/ec2-user/data/topics/1621 1175
大日本スクリーン製造株式会社

@/home/ec2-user/data/topics/1608 1176
@/home/ec2-user/data/topics/1779 1176
@/home/ec2-user/data/topics/2172 1177
@/home/ec2-user/data/topics/2209 1178
@/home/ec2-user/data/topics/1130 1179
@/home/ec2-user/data/topics/1173 1180
@/home/ec2-user/data/topics/3742 1181
オムロン株式会社

@/home/ec2-user/data/topics/3863 1182
@/home/ec2-user/data/topics/1579 1182
@/home/ec2-user/data/topics/1841 1183
@/home/ec2-user/data/topics/1151 1184
@/home/ec2-user/data/topics/1533 1185
@/home/ec2-user/data/topics/3700 1186
@/home/ec2-user/data/topics/4771 1187
@/home/ec2-user/data/topics/1933 1188
@/home/ec2-user/data/topics/1135 1189
@/home/ec2-user/data/topics/3594 1190
@/home/ec2-user/data/topics/3748 1191
@/home/ec2-user/data/topics/3597 1192
@/home/ec2-user/data/topics/1657 1193
@/home/ec2-user/data/topics/1067 1194
@/home/ec2-user/data/topics/2096 1195
株式会社日立製作所

@/home/ec2-user/data/topics/4166 1196
@/home/ec2-user/data/topics/3772 1196
@/home/ec2-user/data/topics/1640 1197
@/home/ec2-user/data/topics/3706 1198
@/home/ec2-user/data/topics/3993 1199
@/home/ec2-user/data/topics/1667 1200
@/home/ec2-user/data/topics/5029 1201
@/home/ec2-user/data/topics/3596 1202
@/home/ec2-user/data/topics/4401 1203
@/home/ec2-user/data/topics/1072 1204
@/home/ec2-user/data/topics/3570 1205
@/home/ec2-user/data/topics/2239 1206
@/home/ec2-user/data/topics/3531 1207
@/home/ec2-user/data/topics/1833 1208
@/home/ec2-user/data/topics/1463 1209
@/home/ec2-user/data/topics/1562 1210
@/home/ec2-user/data/topics/4990 1211
@/home/ec2-user/data/topics/3488 1212
@/home/ec2-user/data/topics/1105 1213
@/home/ec2-user/data/topics/3659 1214
@/home/ec2-user/data/topics/3440 1215
@/home/ec2-user/data/topics/1334 1216
@/home/ec2-user/data/topics/3665 1217
@/home/ec2-user/data/topics/1651 1218
@/home/ec2-user/data/topics/3779 1219
@/home/ec2-user/data/topics/5030 1220
@/home/ec2-user/data/topics/4551 1221
@/home/ec2-user/data/topics/1880 1222
@/home/ec2-user/data/topics/4830 1223
@/home/ec2-user/data/topics/3994 1224
@/home/ec2-user/data/topics/1249 1225
@/home/ec2-user/data/topics/3691 1226
@/home/ec2-user/data/topics/1987 1227
@/home/ec2-user/data/topics/1826 1228
@/home/ec2-user/data/topics/1501 1229
@/home/ec2-user/data/topics/3648 1230
@/home/ec2-user/data/topics/1340 1231
@/home/ec2-user/data/topics/3439 1232
@/home/ec2-user/data/topics/4402 1233
@/home/ec2-user/data/topics/1247 1234
@/home/ec2-user/data/topics/3973 1235
@/home/ec2-user/data/topics/1825 1236
@/home/ec2-user/data/topics/4489 1237
@/home/ec2-user/data/topics/4058 1238
@/home/ec2-user/data/topics/3968 1239
@/home/ec2-user/data/topics/1487 1240
@/home/ec2-user/data/topics/2019 1241
@/home/ec2-user/data/topics/2081 1242
@/home/ec2-user/data/topics/1693 1243
@/home/ec2-user/data/topics/3384 1244
@/home/ec2-user/data/topics/4545 1245
@/home/ec2-user/data/topics/1278 1246
@/home/ec2-user/data/topics/3471 1247
@/home/ec2-user/data/topics/4493 1248
@/home/ec2-user/data/topics/1082 1249
@/home/ec2-user/data/topics/2184 1250
@/home/ec2-user/data/topics/4621 1251
@/home/ec2-user/data/topics/1882 1252
@/home/ec2-user/data/topics/4943 1253
@/home/ec2-user/data/topics/3822 1254
@/home/ec2-user/data/topics/4122 1255
@/home/ec2-user/data/topics/3350 1256
@/home/ec2-user/data/topics/1296 1257
@/home/ec2-user/data/topics/3965 1258
@/home/ec2-user/data/topics/4799 1259
@/home/ec2-user/data/topics/3588 1260
@/home/ec2-user/data/topics/3599 1261
@/home/ec2-user/data/topics/3524 1262
@/home/ec2-user/data/topics/4040 1263
@/home/ec2-user/data/topics/4559 1264
@/home/ec2-user/data/topics/4420 1265
@/home/ec2-user/data/topics/3432 1266
@/home/ec2-user/data/topics/3461 1267
@/home/ec2-user/data/topics/4547 1268
凸版印刷株式会社

@/home/ec2-user/data/topics/3500 1269
@/home/ec2-user/data/topics/3526 1269
@/home/ec2-user/data/topics/1765 1270
@/home/ec2-user/data/topics/1091 1271
@/home/ec2-user/data/topics/3624 1272
@/home/ec2-user/data/topics/1977 1273
@/home/ec2-user/data/topics/4874 1274
株式会社ノーリツ

@/home/ec2-user/data/topics/4354 1275
@/home/ec2-user/data/topics/1760 1275
@/home/ec2-user/data/topics/1598 1276
@/home/ec2-user/data/topics/1618 1277
@/home/ec2-user/data/topics/2116 1278
@/home/ec2-user/data/topics/4776 1279
@/home/ec2-user/data/topics/4206 1280
@/home/ec2-user/data/topics/1290 1281
川崎重工業株式会社

@/home/ec2-user/data/topics/4944 1282
@/home/ec2-user/data/topics/4572 1282
@/home/ec2-user/data/topics/1172 1283
@/home/ec2-user/data/topics/4756 1284
@/home/ec2-user/data/topics/4793 1285
@/home/ec2-user/data/topics/5025 1286
@/home/ec2-user/data/topics/4866 1287
@/home/ec2-user/data/topics/1162 1288
ティーディーケイ株式会社

@/home/ec2-user/data/topics/4619 1289
@/home/ec2-user/data/topics/3792 1289
@/home/ec2-user/data/topics/2202 1290
@/home/ec2-user/data/topics/1129 1291
@/home/ec2-user/data/topics/1510 1292
@/home/ec2-user/data/topics/3909 1293
@/home/ec2-user/data/topics/1409 1294
@/home/ec2-user/data/topics/3798 1295
@/home/ec2-user/data/topics/2210 1296
京セラミタ株式会社

@/home/ec2-user/data/topics/2141 1297
@/home/ec2-user/data/topics/1032 1297
@/home/ec2-user/data/topics/4564 1298
@/home/ec2-user/data/topics/4973 1299
@/home/ec2-user/data/topics/1930 1300
@/home/ec2-user/data/topics/4174 1301
@/home/ec2-user/data/topics/4985 1302
株式会社クボタ

@/home/ec2-user/data/topics/4251 1303
@/home/ec2-user/data/topics/1012 1303
@/home/ec2-user/data/topics/4379 1304
@/home/ec2-user/data/topics/1280 1305
@/home/ec2-user/data/topics/3823 1306
@/home/ec2-user/data/topics/1734 1307
@/home/ec2-user/data/topics/3919 1308
@/home/ec2-user/data/topics/3854 1309
@/home/ec2-user/data/topics/4745 1310
@/home/ec2-user/data/topics/1448 1311
シャープ株式会社

@/home/ec2-user/data/topics/4263 1312
@/home/ec2-user/data/topics/4516 1312
@/home/ec2-user/data/topics/1419 1313
@/home/ec2-user/data/topics/4691 1314
@/home/ec2-user/data/topics/1384 1315
@/home/ec2-user/data/topics/3578 1316
@/home/ec2-user/data/topics/4469 1317
@/home/ec2-user/data/topics/2087 1318
@/home/ec2-user/data/topics/1563 1319
@/home/ec2-user/data/topics/3762 1320
@/home/ec2-user/data/topics/1965 1321
@/home/ec2-user/data/topics/4744 1322
@/home/ec2-user/data/topics/4861 1323
@/home/ec2-user/data/topics/3422 1324
@/home/ec2-user/data/topics/4019 1325
@/home/ec2-user/data/topics/1258 1326
@/home/ec2-user/data/topics/4103 1327
@/home/ec2-user/data/topics/1840 1328
@/home/ec2-user/data/topics/3606 1329
@/home/ec2-user/data/topics/4252 1330
@/home/ec2-user/data/topics/4005 1331
@/home/ec2-user/data/topics/3813 1332
@/home/ec2-user/data/topics/4245 1333
@/home/ec2-user/data/topics/3649 1334
@/home/ec2-user/data/topics/4519 1335
@/home/ec2-user/data/topics/3871 1336
@/home/ec2-user/data/topics/3610 1337
@/home/ec2-user/data/topics/1174 1338
@/home/ec2-user/data/topics/4228 1339
@/home/ec2-user/data/topics/3679 1340
@/home/ec2-user/data/topics/2020 1341
@/home/ec2-user/data/topics/4105 1342
@/home/ec2-user/data/topics/4683 1343
@/home/ec2-user/data/topics/4256 1344
@/home/ec2-user/data/topics/4127 1345
@/home/ec2-user/data/topics/1561 1346
@/home/ec2-user/data/topics/1288 1347
@/home/ec2-user/data/topics/3855 1348
@/home/ec2-user/data/topics/4095 1349
@/home/ec2-user/data/topics/2084 1350
@/home/ec2-user/data/topics/1804 1351
@/home/ec2-user/data/topics/4124 1352
@/home/ec2-user/data/topics/3777 1353
@/home/ec2-user/data/topics/4717 1354
@/home/ec2-user/data/topics/1209 1355
@/home/ec2-user/data/topics/3698 1356
@/home/ec2-user/data/topics/1318 1357
@/home/ec2-user/data/topics/1154 1358
@/home/ec2-user/data/topics/4648 1359
@/home/ec2-user/data/topics/3895 1360
@/home/ec2-user/data/topics/3978 1361
@/home/ec2-user/data/topics/4214 1362
@/home/ec2-user/data/topics/3450 1363
@/home/ec2-user/data/topics/1431 1364
@/home/ec2-user/data/topics/4349 1365
@/home/ec2-user/data/topics/4113 1366
@/home/ec2-user/data/topics/3941 1367
@/home/ec2-user/data/topics/3966 1368
@/home/ec2-user/data/topics/4583 1369
@/home/ec2-user/data/topics/4173 1370
@/home/ec2-user/data/topics/1970 1371
@/home/ec2-user/data/topics/4323 1372
@/home/ec2-user/data/topics/3793 1373
@/home/ec2-user/data/topics/1349 1374
@/home/ec2-user/data/topics/2118 1375
@/home/ec2-user/data/topics/1396 1376
@/home/ec2-user/data/topics/4430 1377
@/home/ec2-user/data/topics/4152 1378
@/home/ec2-user/data/topics/4230 1379
@/home/ec2-user/data/topics/1685 1380
@/home/ec2-user/data/topics/4782 1381
@/home/ec2-user/data/topics/3760 1382
@/home/ec2-user/data/topics/3776 1383
@/home/ec2-user/data/topics/3957 1384
@/home/ec2-user/data/topics/3673 1385
@/home/ec2-user/data/topics/3452 1386
@/home/ec2-user/data/topics/3832 1387
@/home/ec2-user/data/topics/3981 1388
@/home/ec2-user/data/topics/3537 1389
@/home/ec2-user/data/topics/3858 1390
@/home/ec2-user/data/topics/3678 1391
日本輸送機株式会社

@/home/ec2-user/data/topics/1108 1392
@/home/ec2-user/data/topics/1456 1392
@/home/ec2-user/data/topics/1493 1393
@/home/ec2-user/data/topics/1191 1394
@/home/ec2-user/data/topics/2221 1395
@/home/ec2-user/data/topics/3573 1396
@/home/ec2-user/data/topics/2065 1397
@/home/ec2-user/data/topics/1940 1398
東京エレクトロン株式会社

@/home/ec2-user/data/topics/4023 1399
@/home/ec2-user/data/topics/1736 1399
@/home/ec2-user/data/topics/4002 1400
@/home/ec2-user/data/topics/4053 1401
@/home/ec2-user/data/topics/1263 1402
@/home/ec2-user/data/topics/1800 1403
@/home/ec2-user/data/topics/4702 1404
@/home/ec2-user/data/topics/4906 1405
@/home/ec2-user/data/topics/4345 1406
@/home/ec2-user/data/topics/1508 1407
@/home/ec2-user/data/topics/4618 1408
@/home/ec2-user/data/topics/3947 1409
株式会社村田製作所

@/home/ec2-user/data/topics/4703 1410
@/home/ec2-user/data/topics/4378 1410
@/home/ec2-user/data/topics/4163 1411
@/home/ec2-user/data/topics/3885 1412
@/home/ec2-user/data/topics/3435 1413
@/home/ec2-user/data/topics/4432 1414
@/home/ec2-user/data/topics/3482 1415
@/home/ec2-user/data/topics/4271 1416
@/home/ec2-user/data/topics/4417 1417
@/home/ec2-user/data/topics/1411 1418
@/home/ec2-user/data/topics/4042 1419
@/home/ec2-user/data/topics/4070 1420
@/home/ec2-user/data/topics/2229 1421
@/home/ec2-user/data/topics/1374 1422
@/home/ec2-user/data/topics/4795 1423
@/home/ec2-user/data/topics/4325 1424
@/home/ec2-user/data/topics/3697 1425
日本電信電話株式会社

@/home/ec2-user/data/topics/3568 1426
@/home/ec2-user/data/topics/3544 1426
@/home/ec2-user/data/topics/4121 1427
@/home/ec2-user/data/topics/4952 1428
@/home/ec2-user/data/topics/3536 1429
@/home/ec2-user/data/topics/3811 1430
@/home/ec2-user/data/topics/4916 1431
@/home/ec2-user/data/topics/4505 1432
@/home/ec2-user/data/topics/3785 1433
@/home/ec2-user/data/topics/1556 1434
@/home/ec2-user/data/topics/3521 1435
@/home/ec2-user/data/topics/4792 1436
@/home/ec2-user/data/topics/4560 1437
@/home/ec2-user/data/topics/4131 1438
@/home/ec2-user/data/topics/4232 1439
@/home/ec2-user/data/topics/3928 1440
@/home/ec2-user/data/topics/1230 1441
@/home/ec2-user/data/topics/4118 1442
@/home/ec2-user/data/topics/4025 1443
@/home/ec2-user/data/topics/4208 1444
@/home/ec2-user/data/topics/4175 1445
@/home/ec2-user/data/topics/4104 1446
@/home/ec2-user/data/topics/3552 1447
@/home/ec2-user/data/topics/4925 1448
@/home/ec2-user/data/topics/4335 1449
@/home/ec2-user/data/topics/4870 1450
@/home/ec2-user/data/topics/4146 1451
@/home/ec2-user/data/topics/4836 1452
@/home/ec2-user/data/topics/3650 1453
@/home/ec2-user/data/topics/2017 1454
@/home/ec2-user/data/topics/4488 1455
@/home/ec2-user/data/topics/3915 1456
@/home/ec2-user/data/topics/3509 1457
@/home/ec2-user/data/topics/1408 1458
@/home/ec2-user/data/topics/4443 1459
@/home/ec2-user/data/topics/3586 1460
@/home/ec2-user/data/topics/3894 1461
@/home/ec2-user/data/topics/4964 1462
@/home/ec2-user/data/topics/4114 1463
@/home/ec2-user/data/topics/4087 1464
@/home/ec2-user/data/topics/3641 1465
@/home/ec2-user/data/topics/1934 1466
@/home/ec2-user/data/topics/2130 1467
@/home/ec2-user/data/topics/1787 1468
@/home/ec2-user/data/topics/1042 1469
@/home/ec2-user/data/topics/3425 1470
@/home/ec2-user/data/topics/1229 1471
@/home/ec2-user/data/topics/4115 1472
@/home/ec2-user/data/topics/4664 1473
@/home/ec2-user/data/topics/1809 1474
@/home/ec2-user/data/topics/3927 1475
@/home/ec2-user/data/topics/4865 1476
@/home/ec2-user/data/topics/3359 1477
@/home/ec2-user/data/topics/4511 1478
@/home/ec2-user/data/topics/3824 1479
@/home/ec2-user/data/topics/4965 1480
日本鋼管株式会社

@/home/ec2-user/data/topics/4289 1481
@/home/ec2-user/data/topics/1690 1481
@/home/ec2-user/data/topics/4455 1482
@/home/ec2-user/data/topics/2095 1483
@/home/ec2-user/data/topics/1404 1484
@/home/ec2-user/data/topics/4161 1485
@/home/ec2-user/data/topics/3572 1486
株式会社神戸製鋼所

@/home/ec2-user/data/topics/1465 1487
@/home/ec2-user/data/topics/3674 1487
@/home/ec2-user/data/topics/3475 1488
@/home/ec2-user/data/topics/3902 1489
@/home/ec2-user/data/topics/3632 1490
@/home/ec2-user/data/topics/4949 1491
@/home/ec2-user/data/topics/2064 1492
株式会社ケンウッド

@/home/ec2-user/data/topics/1698 1493
@/home/ec2-user/data/topics/3801 1493
@/home/ec2-user/data/topics/2036 1494
@/home/ec2-user/data/topics/4467 1495
@/home/ec2-user/data/topics/3878 1496
@/home/ec2-user/data/topics/3969 1497
@/home/ec2-user/data/topics/3977 1498
@/home/ec2-user/data/topics/3463 1499
@/home/ec2-user/data/topics/1896 1500
@/home/ec2-user/data/topics/3794 1501
@/home/ec2-user/data/topics/3839 1502
@/home/ec2-user/data/topics/4050 1503
@/home/ec2-user/data/topics/2163 1504
@/home/ec2-user/data/topics/1241 1505
@/home/ec2-user/data/topics/1424 1506
@/home/ec2-user/data/topics/1345 1507
@/home/ec2-user/data/topics/1186 1508
@/home/ec2-user/data/topics/1115 1509
@/home/ec2-user/data/topics/1617 1510
@/home/ec2-user/data/topics/4167 1511
@/home/ec2-user/data/topics/4038 1512
東陶機器株式会社

@/home/ec2-user/data/topics/3821 1513
@/home/ec2-user/data/topics/2135 1513
@/home/ec2-user/data/topics/1692 1514
@/home/ec2-user/data/topics/1735 1515
@/home/ec2-user/data/topics/1626 1516
@/home/ec2-user/data/topics/3583 1517
本田技研工業株式会社

@/home/ec2-user/data/topics/1266 1518
@/home/ec2-user/data/topics/3685 1518
@/home/ec2-user/data/topics/1143 1519
@/home/ec2-user/data/topics/1444 1520
@/home/ec2-user/data/topics/1822 1521
@/home/ec2-user/data/topics/4331 1522
@/home/ec2-user/data/topics/4199 1523
@/home/ec2-user/data/topics/2016 1524
@/home/ec2-user/data/topics/4375 1525
@/home/ec2-user/data/topics/2000 1526
@/home/ec2-user/data/topics/1605 1527
@/home/ec2-user/data/topics/1226 1528
@/home/ec2-user/data/topics/1215 1529
@/home/ec2-user/data/topics/4033 1530
@/home/ec2-user/data/topics/1818 1531
@/home/ec2-user/data/topics/5026 1532
@/home/ec2-user/data/topics/4888 1533
@/home/ec2-user/data/topics/4132 1534
@/home/ec2-user/data/topics/4783 1535
新日本製鐵株式会社

@/home/ec2-user/data/topics/3368 1536
@/home/ec2-user/data/topics/5008 1536
@/home/ec2-user/data/topics/3899 1537
@/home/ec2-user/data/topics/4472 1538
@/home/ec2-user/data/topics/3861 1539
@/home/ec2-user/data/topics/3663 1540
松下電工株式会社

@/home/ec2-user/data/topics/4347 1541
@/home/ec2-user/data/topics/4029 1541
@/home/ec2-user/data/topics/3651 1542
@/home/ec2-user/data/topics/1011 1543
@/home/ec2-user/data/topics/4450 1544
@/home/ec2-user/data/topics/3670 1545
@/home/ec2-user/data/topics/3549 1546
@/home/ec2-user/data/topics/4094 1547
@/home/ec2-user/data/topics/3379 1548
@/home/ec2-user/data/topics/3932 1549
@/home/ec2-user/data/topics/4083 1550
@/home/ec2-user/data/topics/3835 1551
@/home/ec2-user/data/topics/2045 1552
@/home/ec2-user/data/topics/3511 1553
@/home/ec2-user/data/topics/4012 1554
@/home/ec2-user/data/topics/1803 1555
@/home/ec2-user/data/topics/1251 1556
@/home/ec2-user/data/topics/3565 1557
@/home/ec2-user/data/topics/4592 1558
@/home/ec2-user/data/topics/3778 1559
@/home/ec2-user/data/topics/1311 1560
@/home/ec2-user/data/topics/4317 1561
usernum: 72
simhit: 1169
simmax: 0.58033072235
simmin: 0.0
simavg: 0.213103517313
total: 1562
simhit/total: 0.748399487836

2017-01-17 15:57:03.038186
