2017-01-17 15:24:31.465682

topic-folder:/home/ec2-user/data/topics/
cl-file:rand
cl-floder:/home/ec2-user/data/ldaclass-64-2000-top1000/
zipf:0.2
stype[0(tfidf)/1(tfidf2)/2(lsa)/3(lda)]:3
dtype[<0(diff*rand)/0(diff)/1(same)/>=2(diff*same)]:1
output-floder:thesis/

三菱マテリアル株式会社

@/home/ec2-user/data/topics/3630 0
@/home/ec2-user/data/topics/1085 0
@/home/ec2-user/data/topics/1638 1
@/home/ec2-user/data/topics/3546 2
@/home/ec2-user/data/topics/3866 3
@/home/ec2-user/data/topics/2093 4
@/home/ec2-user/data/topics/3520 5
@/home/ec2-user/data/topics/3470 6
日本精機株式会社

@/home/ec2-user/data/topics/4972 7
@/home/ec2-user/data/topics/4907 7
@/home/ec2-user/data/topics/1398 8
@/home/ec2-user/data/topics/4875 9
@/home/ec2-user/data/topics/4709 10
@/home/ec2-user/data/topics/4690 11
コニカ株式会社

@/home/ec2-user/data/topics/3418 12
@/home/ec2-user/data/topics/3419 12
@/home/ec2-user/data/topics/3486 13
@/home/ec2-user/data/topics/3357 14
@/home/ec2-user/data/topics/3426 15
@/home/ec2-user/data/topics/3414 16
@/home/ec2-user/data/topics/1946 17
@/home/ec2-user/data/topics/3370 18
@/home/ec2-user/data/topics/3533 19
@/home/ec2-user/data/topics/2162 20
@/home/ec2-user/data/topics/3431 21
埼玉日本電気株式会社

@/home/ec2-user/data/topics/4279 22
@/home/ec2-user/data/topics/4496 22
@/home/ec2-user/data/topics/1620 23
@/home/ec2-user/data/topics/4283 24
@/home/ec2-user/data/topics/1512 25
@/home/ec2-user/data/topics/4242 26
@/home/ec2-user/data/topics/5010 27
@/home/ec2-user/data/topics/4468 28
@/home/ec2-user/data/topics/4998 29
アルプス電気株式会社

@/home/ec2-user/data/topics/4791 30
@/home/ec2-user/data/topics/1434 30
@/home/ec2-user/data/topics/2089 31
@/home/ec2-user/data/topics/1253 32
@/home/ec2-user/data/topics/3582 33
@/home/ec2-user/data/topics/2012 34
@/home/ec2-user/data/topics/3429 35
三菱重工業株式会社

@/home/ec2-user/data/topics/3591 36
@/home/ec2-user/data/topics/3833 36
@/home/ec2-user/data/topics/4882 37
@/home/ec2-user/data/topics/4862 38
@/home/ec2-user/data/topics/3529 39
@/home/ec2-user/data/topics/3637 40
@/home/ec2-user/data/topics/3944 41
@/home/ec2-user/data/topics/4412 42
@/home/ec2-user/data/topics/3503 43
@/home/ec2-user/data/topics/4563 44
@/home/ec2-user/data/topics/4687 45
@/home/ec2-user/data/topics/5022 46
村田機械株式会社

@/home/ec2-user/data/topics/1293 47
@/home/ec2-user/data/topics/4570 47
@/home/ec2-user/data/topics/4645 48
@/home/ec2-user/data/topics/4835 49
@/home/ec2-user/data/topics/4441 50
@/home/ec2-user/data/topics/5000 51
@/home/ec2-user/data/topics/3528 52
@/home/ec2-user/data/topics/4941 53
@/home/ec2-user/data/topics/4596 54
@/home/ec2-user/data/topics/3740 55
@/home/ec2-user/data/topics/1511 56
@/home/ec2-user/data/topics/4556 57
@/home/ec2-user/data/topics/4565 58
@/home/ec2-user/data/topics/4746 59
@/home/ec2-user/data/topics/1074 60
@/home/ec2-user/data/topics/1607 61
@/home/ec2-user/data/topics/4638 62
川崎製鉄株式会社

@/home/ec2-user/data/topics/3611 63
@/home/ec2-user/data/topics/3929 63
@/home/ec2-user/data/topics/3532 64
@/home/ec2-user/data/topics/1459 65
@/home/ec2-user/data/topics/3413 66
@/home/ec2-user/data/topics/3483 67
@/home/ec2-user/data/topics/3553 68
@/home/ec2-user/data/topics/1037 69
@/home/ec2-user/data/topics/4615 70
ダイキン工業株式会社

@/home/ec2-user/data/topics/4734 71
@/home/ec2-user/data/topics/4400 71
@/home/ec2-user/data/topics/1565 72
@/home/ec2-user/data/topics/4515 73
@/home/ec2-user/data/topics/4753 74
@/home/ec2-user/data/topics/4858 75
@/home/ec2-user/data/topics/1600 76
@/home/ec2-user/data/topics/4845 77
@/home/ec2-user/data/topics/4367 78
@/home/ec2-user/data/topics/3888 79
@/home/ec2-user/data/topics/4701 80
三菱自動車工業株式会社

@/home/ec2-user/data/topics/2101 81
@/home/ec2-user/data/topics/1527 81
@/home/ec2-user/data/topics/3815 82
@/home/ec2-user/data/topics/3502 83
@/home/ec2-user/data/topics/1816 84
@/home/ec2-user/data/topics/1428 85
@/home/ec2-user/data/topics/3940 86
@/home/ec2-user/data/topics/4189 87
日産自動車株式会社

@/home/ec2-user/data/topics/3712 88
@/home/ec2-user/data/topics/4074 88
@/home/ec2-user/data/topics/3497 89
@/home/ec2-user/data/topics/4982 90
@/home/ec2-user/data/topics/3829 91
@/home/ec2-user/data/topics/3645 92
@/home/ec2-user/data/topics/3677 93
@/home/ec2-user/data/topics/3723 94
@/home/ec2-user/data/topics/3489 95
@/home/ec2-user/data/topics/3501 96
@/home/ec2-user/data/topics/3936 97
トヨタ自動車株式会社

@/home/ec2-user/data/topics/4346 98
@/home/ec2-user/data/topics/2111 98
@/home/ec2-user/data/topics/3699 99
@/home/ec2-user/data/topics/3758 100
@/home/ec2-user/data/topics/4008 101
@/home/ec2-user/data/topics/4767 102
@/home/ec2-user/data/topics/4543 103
@/home/ec2-user/data/topics/4426 104
@/home/ec2-user/data/topics/3671 105
@/home/ec2-user/data/topics/4030 106
@/home/ec2-user/data/topics/4633 107
@/home/ec2-user/data/topics/3731 108
@/home/ec2-user/data/topics/2218 109
@/home/ec2-user/data/topics/3405 110
@/home/ec2-user/data/topics/4658 111
@/home/ec2-user/data/topics/1494 112
@/home/ec2-user/data/topics/4617 113
@/home/ec2-user/data/topics/3587 114
@/home/ec2-user/data/topics/3356 115
@/home/ec2-user/data/topics/4064 116
@/home/ec2-user/data/topics/4298 117
@/home/ec2-user/data/topics/4647 118
@/home/ec2-user/data/topics/3481 119
@/home/ec2-user/data/topics/1551 120
@/home/ec2-user/data/topics/3725 121
@/home/ec2-user/data/topics/4144 122
@/home/ec2-user/data/topics/3783 123
@/home/ec2-user/data/topics/4920 124
@/home/ec2-user/data/topics/3943 125
オリンパス光学工業株式会社

@/home/ec2-user/data/topics/1586 126
@/home/ec2-user/data/topics/1739 126
@/home/ec2-user/data/topics/1981 127
@/home/ec2-user/data/topics/1107 128
@/home/ec2-user/data/topics/1835 129
@/home/ec2-user/data/topics/4013 130
@/home/ec2-user/data/topics/5006 131
@/home/ec2-user/data/topics/4007 132
@/home/ec2-user/data/topics/2026 133
@/home/ec2-user/data/topics/1869 134
@/home/ec2-user/data/topics/1155 135
@/home/ec2-user/data/topics/4878 136
ブラザー工業株式会社

@/home/ec2-user/data/topics/3613 137
@/home/ec2-user/data/topics/1906 137
@/home/ec2-user/data/topics/1076 138
@/home/ec2-user/data/topics/3686 139
@/home/ec2-user/data/topics/3507 140
@/home/ec2-user/data/topics/1636 141
@/home/ec2-user/data/topics/1300 142
@/home/ec2-user/data/topics/3789 143
@/home/ec2-user/data/topics/2086 144
@/home/ec2-user/data/topics/1183 145
@/home/ec2-user/data/topics/2085 146
@/home/ec2-user/data/topics/4548 147
@/home/ec2-user/data/topics/1697 148
@/home/ec2-user/data/topics/1164 149
@/home/ec2-user/data/topics/3477 150
富士通株式会社

@/home/ec2-user/data/topics/4191 151
@/home/ec2-user/data/topics/3883 151
@/home/ec2-user/data/topics/5004 152
@/home/ec2-user/data/topics/3460 153
@/home/ec2-user/data/topics/1609 154
@/home/ec2-user/data/topics/3765 155
@/home/ec2-user/data/topics/3862 156
@/home/ec2-user/data/topics/3912 157
@/home/ec2-user/data/topics/3846 158
@/home/ec2-user/data/topics/3399 159
@/home/ec2-user/data/topics/3962 160
@/home/ec2-user/data/topics/3381 161
@/home/ec2-user/data/topics/3538 162
@/home/ec2-user/data/topics/3636 163
@/home/ec2-user/data/topics/3749 164
@/home/ec2-user/data/topics/1271 165
@/home/ec2-user/data/topics/3802 166
@/home/ec2-user/data/topics/1264 167
@/home/ec2-user/data/topics/2227 168
@/home/ec2-user/data/topics/3850 169
@/home/ec2-user/data/topics/3428 170
@/home/ec2-user/data/topics/3799 171
@/home/ec2-user/data/topics/1547 172
@/home/ec2-user/data/topics/2215 173
@/home/ec2-user/data/topics/2216 174
@/home/ec2-user/data/topics/3970 175
@/home/ec2-user/data/topics/1998 176
@/home/ec2-user/data/topics/3751 177
@/home/ec2-user/data/topics/1874 178
@/home/ec2-user/data/topics/1123 179
@/home/ec2-user/data/topics/3870 180
@/home/ec2-user/data/topics/3400 181
静岡日本電気株式会社

@/home/ec2-user/data/topics/4507 182
@/home/ec2-user/data/topics/4326 182
@/home/ec2-user/data/topics/4365 183
@/home/ec2-user/data/topics/4531 184
@/home/ec2-user/data/topics/4314 185
@/home/ec2-user/data/topics/4250 186
住友重機械工業株式会社

@/home/ec2-user/data/topics/3952 187
@/home/ec2-user/data/topics/1505 187
@/home/ec2-user/data/topics/1900 188
@/home/ec2-user/data/topics/4854 189
@/home/ec2-user/data/topics/3868 190
@/home/ec2-user/data/topics/1019 191
@/home/ec2-user/data/topics/1373 192
@/home/ec2-user/data/topics/2039 193
@/home/ec2-user/data/topics/1553 194
大日本印刷株式会社

@/home/ec2-user/data/topics/1099 195
@/home/ec2-user/data/topics/3569 195
@/home/ec2-user/data/topics/1564 196
@/home/ec2-user/data/topics/1145 197
@/home/ec2-user/data/topics/3388 198
@/home/ec2-user/data/topics/1262 199
日本電気株式会社

@/home/ec2-user/data/topics/4442 200
@/home/ec2-user/data/topics/4708 200
@/home/ec2-user/data/topics/4168 201
@/home/ec2-user/data/topics/4728 202
@/home/ec2-user/data/topics/4389 203
@/home/ec2-user/data/topics/4398 204
@/home/ec2-user/data/topics/4288 205
@/home/ec2-user/data/topics/1764 206
@/home/ec2-user/data/topics/4838 207
@/home/ec2-user/data/topics/4209 208
@/home/ec2-user/data/topics/4153 209
@/home/ec2-user/data/topics/4352 210
@/home/ec2-user/data/topics/1791 211
@/home/ec2-user/data/topics/4561 212
@/home/ec2-user/data/topics/4260 213
@/home/ec2-user/data/topics/4360 214
@/home/ec2-user/data/topics/4689 215
@/home/ec2-user/data/topics/4824 216
@/home/ec2-user/data/topics/1852 217
@/home/ec2-user/data/topics/3886 218
@/home/ec2-user/data/topics/4940 219
@/home/ec2-user/data/topics/1724 220
@/home/ec2-user/data/topics/4186 221
@/home/ec2-user/data/topics/1112 222
@/home/ec2-user/data/topics/4742 223
@/home/ec2-user/data/topics/1634 224
@/home/ec2-user/data/topics/4418 225
@/home/ec2-user/data/topics/4651 226
@/home/ec2-user/data/topics/4240 227
@/home/ec2-user/data/topics/4447 228
@/home/ec2-user/data/topics/3897 229
@/home/ec2-user/data/topics/4097 230
@/home/ec2-user/data/topics/4429 231
@/home/ec2-user/data/topics/4770 232
@/home/ec2-user/data/topics/4273 233
@/home/ec2-user/data/topics/4785 234
@/home/ec2-user/data/topics/1100 235
@/home/ec2-user/data/topics/4644 236
@/home/ec2-user/data/topics/1557 237
@/home/ec2-user/data/topics/1044 238
@/home/ec2-user/data/topics/1891 239
@/home/ec2-user/data/topics/2041 240
@/home/ec2-user/data/topics/4480 241
@/home/ec2-user/data/topics/4750 242
@/home/ec2-user/data/topics/4158 243
@/home/ec2-user/data/topics/4142 244
@/home/ec2-user/data/topics/4877 245
@/home/ec2-user/data/topics/4892 246
@/home/ec2-user/data/topics/4343 247
@/home/ec2-user/data/topics/4533 248
@/home/ec2-user/data/topics/1612 249
@/home/ec2-user/data/topics/4549 250
@/home/ec2-user/data/topics/4760 251
@/home/ec2-user/data/topics/2031 252
@/home/ec2-user/data/topics/4598 253
@/home/ec2-user/data/topics/4433 254
@/home/ec2-user/data/topics/3995 255
@/home/ec2-user/data/topics/4318 256
@/home/ec2-user/data/topics/4082 257
@/home/ec2-user/data/topics/4390 258
@/home/ec2-user/data/topics/4759 259
@/home/ec2-user/data/topics/1383 260
@/home/ec2-user/data/topics/4207 261
@/home/ec2-user/data/topics/4609 262
@/home/ec2-user/data/topics/4536 263
@/home/ec2-user/data/topics/4414 264
@/home/ec2-user/data/topics/4775 265
@/home/ec2-user/data/topics/4278 266
@/home/ec2-user/data/topics/1078 267
@/home/ec2-user/data/topics/4657 268
@/home/ec2-user/data/topics/1844 269
@/home/ec2-user/data/topics/4300 270
@/home/ec2-user/data/topics/4613 271
@/home/ec2-user/data/topics/4650 272
@/home/ec2-user/data/topics/1362 273
@/home/ec2-user/data/topics/4320 274
@/home/ec2-user/data/topics/4371 275
@/home/ec2-user/data/topics/1016 276
@/home/ec2-user/data/topics/4267 277
@/home/ec2-user/data/topics/2088 278
@/home/ec2-user/data/topics/3971 279
@/home/ec2-user/data/topics/1116 280
@/home/ec2-user/data/topics/4634 281
@/home/ec2-user/data/topics/4486 282
@/home/ec2-user/data/topics/4196 283
@/home/ec2-user/data/topics/1457 284
@/home/ec2-user/data/topics/1928 285
@/home/ec2-user/data/topics/4185 286
@/home/ec2-user/data/topics/4236 287
@/home/ec2-user/data/topics/4359 288
@/home/ec2-user/data/topics/2166 289
@/home/ec2-user/data/topics/4682 290
@/home/ec2-user/data/topics/4071 291
@/home/ec2-user/data/topics/1122 292
@/home/ec2-user/data/topics/4063 293
@/home/ec2-user/data/topics/4247 294
@/home/ec2-user/data/topics/1199 295
@/home/ec2-user/data/topics/4092 296
@/home/ec2-user/data/topics/4276 297
@/home/ec2-user/data/topics/3729 298
@/home/ec2-user/data/topics/4440 299
@/home/ec2-user/data/topics/4659 300
@/home/ec2-user/data/topics/4128 301
@/home/ec2-user/data/topics/2150 302
@/home/ec2-user/data/topics/4309 303
@/home/ec2-user/data/topics/4246 304
@/home/ec2-user/data/topics/4003 305
@/home/ec2-user/data/topics/4281 306
@/home/ec2-user/data/topics/1773 307
@/home/ec2-user/data/topics/3766 308
@/home/ec2-user/data/topics/1486 309
@/home/ec2-user/data/topics/2144 310
@/home/ec2-user/data/topics/4477 311
@/home/ec2-user/data/topics/3865 312
@/home/ec2-user/data/topics/1879 313
@/home/ec2-user/data/topics/4257 314
@/home/ec2-user/data/topics/3767 315
@/home/ec2-user/data/topics/4532 316
@/home/ec2-user/data/topics/4216 317
@/home/ec2-user/data/topics/1973 318
@/home/ec2-user/data/topics/4749 319
@/home/ec2-user/data/topics/1360 320
@/home/ec2-user/data/topics/4129 321
@/home/ec2-user/data/topics/4926 322
@/home/ec2-user/data/topics/4460 323
@/home/ec2-user/data/topics/4725 324
@/home/ec2-user/data/topics/4100 325
@/home/ec2-user/data/topics/4497 326
@/home/ec2-user/data/topics/4646 327
@/home/ec2-user/data/topics/4017 328
@/home/ec2-user/data/topics/1464 329
@/home/ec2-user/data/topics/3938 330
@/home/ec2-user/data/topics/4138 331
@/home/ec2-user/data/topics/4227 332
@/home/ec2-user/data/topics/4243 333
@/home/ec2-user/data/topics/4696 334
@/home/ec2-user/data/topics/4721 335
@/home/ec2-user/data/topics/3896 336
@/home/ec2-user/data/topics/1595 337
@/home/ec2-user/data/topics/4116 338
@/home/ec2-user/data/topics/4204 339
@/home/ec2-user/data/topics/1567 340
@/home/ec2-user/data/topics/3853 341
@/home/ec2-user/data/topics/4338 342
@/home/ec2-user/data/topics/4342 343
@/home/ec2-user/data/topics/4388 344
@/home/ec2-user/data/topics/4244 345
@/home/ec2-user/data/topics/2119 346
@/home/ec2-user/data/topics/4119 347
@/home/ec2-user/data/topics/4764 348
@/home/ec2-user/data/topics/1281 349
@/home/ec2-user/data/topics/1500 350
@/home/ec2-user/data/topics/3875 351
@/home/ec2-user/data/topics/4393 352
@/home/ec2-user/data/topics/1326 353
@/home/ec2-user/data/topics/1523 354
@/home/ec2-user/data/topics/1783 355
@/home/ec2-user/data/topics/4404 356
@/home/ec2-user/data/topics/3954 357
@/home/ec2-user/data/topics/4603 358
@/home/ec2-user/data/topics/4530 359
@/home/ec2-user/data/topics/4779 360
@/home/ec2-user/data/topics/4162 361
@/home/ec2-user/data/topics/1364 362
@/home/ec2-user/data/topics/4626 363
@/home/ec2-user/data/topics/4808 364
@/home/ec2-user/data/topics/1661 365
@/home/ec2-user/data/topics/1710 366
@/home/ec2-user/data/topics/1815 367
@/home/ec2-user/data/topics/4062 368
@/home/ec2-user/data/topics/4434 369
@/home/ec2-user/data/topics/1052 370
@/home/ec2-user/data/topics/4319 371
@/home/ec2-user/data/topics/4272 372
@/home/ec2-user/data/topics/4120 373
@/home/ec2-user/data/topics/1624 374
@/home/ec2-user/data/topics/4238 375
@/home/ec2-user/data/topics/4093 376
@/home/ec2-user/data/topics/4902 377
@/home/ec2-user/data/topics/3956 378
@/home/ec2-user/data/topics/4665 379
@/home/ec2-user/data/topics/4154 380
@/home/ec2-user/data/topics/4850 381
@/home/ec2-user/data/topics/4310 382
@/home/ec2-user/data/topics/4578 383
@/home/ec2-user/data/topics/4258 384
@/home/ec2-user/data/topics/4718 385
@/home/ec2-user/data/topics/1937 386
@/home/ec2-user/data/topics/4537 387
@/home/ec2-user/data/topics/4666 388
@/home/ec2-user/data/topics/4254 389
@/home/ec2-user/data/topics/1101 390
@/home/ec2-user/data/topics/1867 391
@/home/ec2-user/data/topics/4643 392
@/home/ec2-user/data/topics/3744 393
@/home/ec2-user/data/topics/4137 394
@/home/ec2-user/data/topics/4134 395
@/home/ec2-user/data/topics/4699 396
@/home/ec2-user/data/topics/4446 397
@/home/ec2-user/data/topics/2022 398
@/home/ec2-user/data/topics/4313 399
@/home/ec2-user/data/topics/4490 400
@/home/ec2-user/data/topics/4427 401
@/home/ec2-user/data/topics/4081 402
@/home/ec2-user/data/topics/5034 403
@/home/ec2-user/data/topics/3724 404
@/home/ec2-user/data/topics/4171 405
@/home/ec2-user/data/topics/4458 406
@/home/ec2-user/data/topics/4876 407
@/home/ec2-user/data/topics/4192 408
@/home/ec2-user/data/topics/4275 409
@/home/ec2-user/data/topics/4816 410
@/home/ec2-user/data/topics/4595 411
@/home/ec2-user/data/topics/1948 412
@/home/ec2-user/data/topics/4584 413
@/home/ec2-user/data/topics/4315 414
@/home/ec2-user/data/topics/4425 415
@/home/ec2-user/data/topics/4485 416
@/home/ec2-user/data/topics/2127 417
@/home/ec2-user/data/topics/1923 418
松下電器産業株式会社

@/home/ec2-user/data/topics/4101 419
@/home/ec2-user/data/topics/4754 419
@/home/ec2-user/data/topics/4274 420
@/home/ec2-user/data/topics/3510 421
@/home/ec2-user/data/topics/5024 422
@/home/ec2-user/data/topics/4502 423
@/home/ec2-user/data/topics/4804 424
@/home/ec2-user/data/topics/4625 425
@/home/ec2-user/data/topics/4000 426
@/home/ec2-user/data/topics/4945 427
@/home/ec2-user/data/topics/4577 428
@/home/ec2-user/data/topics/4043 429
@/home/ec2-user/data/topics/3761 430
@/home/ec2-user/data/topics/4229 431
@/home/ec2-user/data/topics/4160 432
@/home/ec2-user/data/topics/4936 433
@/home/ec2-user/data/topics/1070 434
@/home/ec2-user/data/topics/4797 435
@/home/ec2-user/data/topics/1540 436
@/home/ec2-user/data/topics/1525 437
@/home/ec2-user/data/topics/4676 438
@/home/ec2-user/data/topics/4667 439
@/home/ec2-user/data/topics/3455 440
@/home/ec2-user/data/topics/3920 441
@/home/ec2-user/data/topics/1157 442
@/home/ec2-user/data/topics/3619 443
@/home/ec2-user/data/topics/2222 444
@/home/ec2-user/data/topics/1706 445
@/home/ec2-user/data/topics/3519 446
@/home/ec2-user/data/topics/1257 447
@/home/ec2-user/data/topics/1026 448
@/home/ec2-user/data/topics/4139 449
@/home/ec2-user/data/topics/4798 450
@/home/ec2-user/data/topics/1701 451
@/home/ec2-user/data/topics/1748 452
@/home/ec2-user/data/topics/3807 453
@/home/ec2-user/data/topics/4817 454
@/home/ec2-user/data/topics/4193 455
@/home/ec2-user/data/topics/4761 456
@/home/ec2-user/data/topics/4968 457
@/home/ec2-user/data/topics/4303 458
@/home/ec2-user/data/topics/3658 459
@/home/ec2-user/data/topics/1705 460
@/home/ec2-user/data/topics/3704 461
@/home/ec2-user/data/topics/3904 462
@/home/ec2-user/data/topics/5028 463
@/home/ec2-user/data/topics/1179 464
@/home/ec2-user/data/topics/4787 465
@/home/ec2-user/data/topics/1829 466
@/home/ec2-user/data/topics/4464 467
@/home/ec2-user/data/topics/3558 468
@/home/ec2-user/data/topics/4501 469
@/home/ec2-user/data/topics/2080 470
@/home/ec2-user/data/topics/3847 471
@/home/ec2-user/data/topics/4707 472
@/home/ec2-user/data/topics/3739 473
@/home/ec2-user/data/topics/2156 474
@/home/ec2-user/data/topics/4448 475
@/home/ec2-user/data/topics/4917 476
@/home/ec2-user/data/topics/4307 477
@/home/ec2-user/data/topics/1509 478
@/home/ec2-user/data/topics/4503 479
@/home/ec2-user/data/topics/3680 480
@/home/ec2-user/data/topics/3951 481
@/home/ec2-user/data/topics/1516 482
@/home/ec2-user/data/topics/4586 483
@/home/ec2-user/data/topics/3404 484
@/home/ec2-user/data/topics/1955 485
@/home/ec2-user/data/topics/4422 486
@/home/ec2-user/data/topics/3721 487
@/home/ec2-user/data/topics/3494 488
@/home/ec2-user/data/topics/4180 489
@/home/ec2-user/data/topics/4215 490
@/home/ec2-user/data/topics/1762 491
@/home/ec2-user/data/topics/3386 492
@/home/ec2-user/data/topics/2029 493
@/home/ec2-user/data/topics/3979 494
@/home/ec2-user/data/topics/3719 495
@/home/ec2-user/data/topics/4806 496
@/home/ec2-user/data/topics/3676 497
@/home/ec2-user/data/topics/1477 498
@/home/ec2-user/data/topics/4599 499
@/home/ec2-user/data/topics/4574 500
@/home/ec2-user/data/topics/1812 501
@/home/ec2-user/data/topics/3402 502
@/home/ec2-user/data/topics/4098 503
@/home/ec2-user/data/topics/4394 504
@/home/ec2-user/data/topics/1633 505
@/home/ec2-user/data/topics/2170 506
@/home/ec2-user/data/topics/4126 507
@/home/ec2-user/data/topics/1339 508
@/home/ec2-user/data/topics/4558 509
@/home/ec2-user/data/topics/1252 510
@/home/ec2-user/data/topics/1635 511
@/home/ec2-user/data/topics/3960 512
@/home/ec2-user/data/topics/4918 513
@/home/ec2-user/data/topics/3514 514
@/home/ec2-user/data/topics/2056 515
@/home/ec2-user/data/topics/4385 516
@/home/ec2-user/data/topics/4280 517
@/home/ec2-user/data/topics/4475 518
@/home/ec2-user/data/topics/3692 519
@/home/ec2-user/data/topics/2129 520
@/home/ec2-user/data/topics/4961 521
@/home/ec2-user/data/topics/4264 522
@/home/ec2-user/data/topics/3694 523
@/home/ec2-user/data/topics/4867 524
@/home/ec2-user/data/topics/4157 525
@/home/ec2-user/data/topics/4885 526
@/home/ec2-user/data/topics/1589 527
@/home/ec2-user/data/topics/4491 528
@/home/ec2-user/data/topics/3746 529
@/home/ec2-user/data/topics/1136 530
@/home/ec2-user/data/topics/4102 531
@/home/ec2-user/data/topics/1881 532
@/home/ec2-user/data/topics/1158 533
@/home/ec2-user/data/topics/3585 534
@/home/ec2-user/data/topics/4459 535
@/home/ec2-user/data/topics/1885 536
@/home/ec2-user/data/topics/4355 537
@/home/ec2-user/data/topics/1898 538
@/home/ec2-user/data/topics/4382 539
@/home/ec2-user/data/topics/4159 540
セイコーインスツルメンツ株式会社

@/home/ec2-user/data/topics/4997 541
@/home/ec2-user/data/topics/3825 541
@/home/ec2-user/data/topics/4088 542
@/home/ec2-user/data/topics/3626 543
@/home/ec2-user/data/topics/4036 544
@/home/ec2-user/data/topics/1707 545
@/home/ec2-user/data/topics/4190 546
@/home/ec2-user/data/topics/4203 547
@/home/ec2-user/data/topics/4151 548
ミノルタ株式会社

@/home/ec2-user/data/topics/3584 549
@/home/ec2-user/data/topics/4971 549
@/home/ec2-user/data/topics/3545 550
@/home/ec2-user/data/topics/3810 551
@/home/ec2-user/data/topics/4986 552
@/home/ec2-user/data/topics/4951 553
@/home/ec2-user/data/topics/1152 554
@/home/ec2-user/data/topics/4984 555
@/home/ec2-user/data/topics/4970 556
@/home/ec2-user/data/topics/4321 557
@/home/ec2-user/data/topics/2190 558
@/home/ec2-user/data/topics/4977 559
株式会社リコー

@/home/ec2-user/data/topics/1593 560
@/home/ec2-user/data/topics/3523 560
@/home/ec2-user/data/topics/3474 561
@/home/ec2-user/data/topics/1974 562
@/home/ec2-user/data/topics/3574 563
@/home/ec2-user/data/topics/3424 564
@/home/ec2-user/data/topics/2090 565
@/home/ec2-user/data/topics/1482 566
@/home/ec2-user/data/topics/1190 567
@/home/ec2-user/data/topics/1775 568
@/home/ec2-user/data/topics/2219 569
@/home/ec2-user/data/topics/3669 570
@/home/ec2-user/data/topics/4616 571
@/home/ec2-user/data/topics/3484 572
@/home/ec2-user/data/topics/1718 573
@/home/ec2-user/data/topics/2006 574
@/home/ec2-user/data/topics/1095 575
@/home/ec2-user/data/topics/3411 576
@/home/ec2-user/data/topics/3750 577
@/home/ec2-user/data/topics/1436 578
@/home/ec2-user/data/topics/1740 579
@/home/ec2-user/data/topics/1776 580
@/home/ec2-user/data/topics/1669 581
@/home/ec2-user/data/topics/1225 582
@/home/ec2-user/data/topics/1064 583
@/home/ec2-user/data/topics/3436 584
@/home/ec2-user/data/topics/1668 585
@/home/ec2-user/data/topics/1663 586
@/home/ec2-user/data/topics/4781 587
@/home/ec2-user/data/topics/1106 588
@/home/ec2-user/data/topics/3837 589
@/home/ec2-user/data/topics/2189 590
@/home/ec2-user/data/topics/1691 591
@/home/ec2-user/data/topics/4879 592
@/home/ec2-user/data/topics/3759 593
@/home/ec2-user/data/topics/1806 594
@/home/ec2-user/data/topics/1976 595
@/home/ec2-user/data/topics/3530 596
@/home/ec2-user/data/topics/3378 597
@/home/ec2-user/data/topics/3880 598
@/home/ec2-user/data/topics/3711 599
@/home/ec2-user/data/topics/1670 600
@/home/ec2-user/data/topics/2200 601
@/home/ec2-user/data/topics/3687 602
@/home/ec2-user/data/topics/1433 603
@/home/ec2-user/data/topics/1774 604
@/home/ec2-user/data/topics/2201 605
@/home/ec2-user/data/topics/3775 606
@/home/ec2-user/data/topics/2182 607
@/home/ec2-user/data/topics/3394 608
@/home/ec2-user/data/topics/1514 609
@/home/ec2-user/data/topics/1282 610
@/home/ec2-user/data/topics/3555 611
@/home/ec2-user/data/topics/3548 612
@/home/ec2-user/data/topics/3446 613
@/home/ec2-user/data/topics/3713 614
@/home/ec2-user/data/topics/1478 615
@/home/ec2-user/data/topics/3495 616
@/home/ec2-user/data/topics/1083 617
@/home/ec2-user/data/topics/1780 618
@/home/ec2-user/data/topics/3557 619
@/home/ec2-user/data/topics/3633 620
@/home/ec2-user/data/topics/1878 621
@/home/ec2-user/data/topics/4265 622
@/home/ec2-user/data/topics/1627 623
@/home/ec2-user/data/topics/4037 624
@/home/ec2-user/data/topics/4344 625
@/home/ec2-user/data/topics/1755 626
@/home/ec2-user/data/topics/2043 627
@/home/ec2-user/data/topics/3472 628
@/home/ec2-user/data/topics/1610 629
独立行政法人産業技術総合研究所

@/home/ec2-user/data/topics/4740 630
@/home/ec2-user/data/topics/4739 630
@/home/ec2-user/data/topics/1356 631
@/home/ec2-user/data/topics/4800 632
@/home/ec2-user/data/topics/4777 633
@/home/ec2-user/data/topics/4869 634
ソニー株式会社

@/home/ec2-user/data/topics/2075 635
@/home/ec2-user/data/topics/2052 635
@/home/ec2-user/data/topics/1912 636
@/home/ec2-user/data/topics/1884 637
@/home/ec2-user/data/topics/1059 638
@/home/ec2-user/data/topics/2094 639
@/home/ec2-user/data/topics/1892 640
@/home/ec2-user/data/topics/2058 641
@/home/ec2-user/data/topics/1233 642
@/home/ec2-user/data/topics/1602 643
@/home/ec2-user/data/topics/1686 644
@/home/ec2-user/data/topics/3872 645
@/home/ec2-user/data/topics/1397 646
@/home/ec2-user/data/topics/1414 647
@/home/ec2-user/data/topics/1471 648
@/home/ec2-user/data/topics/5027 649
@/home/ec2-user/data/topics/4351 650
@/home/ec2-user/data/topics/1102 651
@/home/ec2-user/data/topics/3456 652
@/home/ec2-user/data/topics/1298 653
@/home/ec2-user/data/topics/1147 654
@/home/ec2-user/data/topics/1967 655
@/home/ec2-user/data/topics/1836 656
@/home/ec2-user/data/topics/3401 657
@/home/ec2-user/data/topics/1426 658
@/home/ec2-user/data/topics/1218 659
@/home/ec2-user/data/topics/2048 660
@/home/ec2-user/data/topics/3955 661
@/home/ec2-user/data/topics/1679 662
@/home/ec2-user/data/topics/4184 663
@/home/ec2-user/data/topics/1749 664
@/home/ec2-user/data/topics/3975 665
@/home/ec2-user/data/topics/4224 666
@/home/ec2-user/data/topics/2037 667
@/home/ec2-user/data/topics/1380 668
@/home/ec2-user/data/topics/2105 669
@/home/ec2-user/data/topics/1778 670
@/home/ec2-user/data/topics/1873 671
@/home/ec2-user/data/topics/1435 672
@/home/ec2-user/data/topics/4219 673
@/home/ec2-user/data/topics/1954 674
@/home/ec2-user/data/topics/1491 675
@/home/ec2-user/data/topics/1291 676
@/home/ec2-user/data/topics/2059 677
@/home/ec2-user/data/topics/1926 678
@/home/ec2-user/data/topics/3924 679
@/home/ec2-user/data/topics/3392 680
富士ゼロックス株式会社

@/home/ec2-user/data/topics/3782 681
@/home/ec2-user/data/topics/3790 681
@/home/ec2-user/data/topics/3662 682
@/home/ec2-user/data/topics/3640 683
@/home/ec2-user/data/topics/5031 684
@/home/ec2-user/data/topics/3564 685
@/home/ec2-user/data/topics/3366 686
@/home/ec2-user/data/topics/4108 687
@/home/ec2-user/data/topics/1947 688
@/home/ec2-user/data/topics/3695 689
@/home/ec2-user/data/topics/3473 690
@/home/ec2-user/data/topics/3407 691
@/home/ec2-user/data/topics/1560 692
@/home/ec2-user/data/topics/3383 693
@/home/ec2-user/data/topics/3661 694
住友金属工業株式会社

@/home/ec2-user/data/topics/4182 695
@/home/ec2-user/data/topics/1268 695
@/home/ec2-user/data/topics/4295 696
@/home/ec2-user/data/topics/4021 697
@/home/ec2-user/data/topics/3655 698
@/home/ec2-user/data/topics/3826 699
@/home/ec2-user/data/topics/4322 700
@/home/ec2-user/data/topics/3577 701
@/home/ec2-user/data/topics/4991 702
@/home/ec2-user/data/topics/4661 703
@/home/ec2-user/data/topics/4534 704
@/home/ec2-user/data/topics/4733 705
日立電線株式会社

@/home/ec2-user/data/topics/4357 706
@/home/ec2-user/data/topics/4356 706
@/home/ec2-user/data/topics/4329 707
@/home/ec2-user/data/topics/1027 708
@/home/ec2-user/data/topics/3930 709
@/home/ec2-user/data/topics/1305 710
@/home/ec2-user/data/topics/1117 711
@/home/ec2-user/data/topics/3756 712
@/home/ec2-user/data/topics/1388 713
キヤノン株式会社

@/home/ec2-user/data/topics/1961 714
@/home/ec2-user/data/topics/4363 714
@/home/ec2-user/data/topics/1889 715
@/home/ec2-user/data/topics/4610 716
@/home/ec2-user/data/topics/3445 717
@/home/ec2-user/data/topics/1455 718
@/home/ec2-user/data/topics/1847 719
@/home/ec2-user/data/topics/4020 720
@/home/ec2-user/data/topics/1124 721
@/home/ec2-user/data/topics/1438 722
@/home/ec2-user/data/topics/2107 723
@/home/ec2-user/data/topics/3441 724
@/home/ec2-user/data/topics/1513 725
@/home/ec2-user/data/topics/1631 726
@/home/ec2-user/data/topics/3642 727
@/home/ec2-user/data/topics/1744 728
@/home/ec2-user/data/topics/4068 729
@/home/ec2-user/data/topics/1228 730
@/home/ec2-user/data/topics/3755 731
@/home/ec2-user/data/topics/2053 732
@/home/ec2-user/data/topics/3430 733
@/home/ec2-user/data/topics/3720 734
@/home/ec2-user/data/topics/4350 735
@/home/ec2-user/data/topics/1568 736
@/home/ec2-user/data/topics/1118 737
@/home/ec2-user/data/topics/3996 738
@/home/ec2-user/data/topics/1646 739
@/home/ec2-user/data/topics/1895 740
@/home/ec2-user/data/topics/3967 741
@/home/ec2-user/data/topics/1208 742
@/home/ec2-user/data/topics/3415 743
@/home/ec2-user/data/topics/1539 744
@/home/ec2-user/data/topics/1745 745
@/home/ec2-user/data/topics/3454 746
@/home/ec2-user/data/topics/1216 747
@/home/ec2-user/data/topics/4948 748
@/home/ec2-user/data/topics/3852 749
@/home/ec2-user/data/topics/3438 750
@/home/ec2-user/data/topics/1080 751
@/home/ec2-user/data/topics/3722 752
@/home/ec2-user/data/topics/1975 753
@/home/ec2-user/data/topics/1802 754
@/home/ec2-user/data/topics/3730 755
@/home/ec2-user/data/topics/3410 756
@/home/ec2-user/data/topics/2117 757
@/home/ec2-user/data/topics/2243 758
@/home/ec2-user/data/topics/3737 759
@/home/ec2-user/data/topics/1848 760
@/home/ec2-user/data/topics/2231 761
@/home/ec2-user/data/topics/3843 762
@/home/ec2-user/data/topics/2145 763
@/home/ec2-user/data/topics/1790 764
@/home/ec2-user/data/topics/3434 765
@/home/ec2-user/data/topics/3376 766
@/home/ec2-user/data/topics/2004 767
@/home/ec2-user/data/topics/4947 768
@/home/ec2-user/data/topics/4628 769
@/home/ec2-user/data/topics/3420 770
@/home/ec2-user/data/topics/3628 771
@/home/ec2-user/data/topics/3949 772
@/home/ec2-user/data/topics/3958 773
@/home/ec2-user/data/topics/3374 774
@/home/ec2-user/data/topics/1590 775
@/home/ec2-user/data/topics/3417 776
@/home/ec2-user/data/topics/4937 777
@/home/ec2-user/data/topics/1866 778
@/home/ec2-user/data/topics/4054 779
@/home/ec2-user/data/topics/1519 780
@/home/ec2-user/data/topics/3656 781
@/home/ec2-user/data/topics/4521 782
@/home/ec2-user/data/topics/3416 783
@/home/ec2-user/data/topics/4520 784
@/home/ec2-user/data/topics/3660 785
三洋電機株式会社

@/home/ec2-user/data/topics/4527 786
@/home/ec2-user/data/topics/2194 786
@/home/ec2-user/data/topics/4384 787
@/home/ec2-user/data/topics/1479 788
@/home/ec2-user/data/topics/3953 789
@/home/ec2-user/data/topics/4474 790
@/home/ec2-user/data/topics/1163 791
@/home/ec2-user/data/topics/4178 792
@/home/ec2-user/data/topics/4376 793
@/home/ec2-user/data/topics/4726 794
@/home/ec2-user/data/topics/4061 795
@/home/ec2-user/data/topics/3491 796
@/home/ec2-user/data/topics/4001 797
@/home/ec2-user/data/topics/4679 798
@/home/ec2-user/data/topics/3889 799
@/home/ec2-user/data/topics/2098 800
@/home/ec2-user/data/topics/4983 801
@/home/ec2-user/data/topics/2063 802
@/home/ec2-user/data/topics/3581 803
@/home/ec2-user/data/topics/4039 804
@/home/ec2-user/data/topics/3781 805
@/home/ec2-user/data/topics/2230 806
@/home/ec2-user/data/topics/1386 807
@/home/ec2-user/data/topics/3681 808
@/home/ec2-user/data/topics/4150 809
@/home/ec2-user/data/topics/3708 810
@/home/ec2-user/data/topics/1079 811
@/home/ec2-user/data/topics/1246 812
@/home/ec2-user/data/topics/3926 813
@/home/ec2-user/data/topics/4720 814
@/home/ec2-user/data/topics/4304 815
@/home/ec2-user/data/topics/3804 816
@/home/ec2-user/data/topics/4837 817
@/home/ec2-user/data/topics/1289 818
@/home/ec2-user/data/topics/4179 819
@/home/ec2-user/data/topics/2071 820
@/home/ec2-user/data/topics/1980 821
@/home/ec2-user/data/topics/3539 822
@/home/ec2-user/data/topics/4066 823
@/home/ec2-user/data/topics/3492 824
@/home/ec2-user/data/topics/3398 825
@/home/ec2-user/data/topics/2014 826
@/home/ec2-user/data/topics/3625 827
@/home/ec2-user/data/topics/4654 828
@/home/ec2-user/data/topics/1515 829
@/home/ec2-user/data/topics/3403 830
@/home/ec2-user/data/topics/4301 831
@/home/ec2-user/data/topics/1722 832
@/home/ec2-user/data/topics/4978 833
@/home/ec2-user/data/topics/1321 834
@/home/ec2-user/data/topics/1488 835
@/home/ec2-user/data/topics/4328 836
@/home/ec2-user/data/topics/4763 837
@/home/ec2-user/data/topics/4960 838
@/home/ec2-user/data/topics/5002 839
@/home/ec2-user/data/topics/3974 840
@/home/ec2-user/data/topics/4612 841
@/home/ec2-user/data/topics/4099 842
@/home/ec2-user/data/topics/1671 843
@/home/ec2-user/data/topics/3986 844
@/home/ec2-user/data/topics/1653 845
@/home/ec2-user/data/topics/3845 846
@/home/ec2-user/data/topics/3808 847
@/home/ec2-user/data/topics/4060 848
@/home/ec2-user/data/topics/4015 849
@/home/ec2-user/data/topics/4212 850
@/home/ec2-user/data/topics/1652 851
@/home/ec2-user/data/topics/4571 852
@/home/ec2-user/data/topics/4604 853
@/home/ec2-user/data/topics/4788 854
@/home/ec2-user/data/topics/3817 855
@/home/ec2-user/data/topics/3754 856
@/home/ec2-user/data/topics/5011 857
@/home/ec2-user/data/topics/3830 858
@/home/ec2-user/data/topics/1451 859
@/home/ec2-user/data/topics/4492 860
@/home/ec2-user/data/topics/3859 861
@/home/ec2-user/data/topics/2054 862
@/home/ec2-user/data/topics/3906 863
三菱電機株式会社

@/home/ec2-user/data/topics/4514 864
@/home/ec2-user/data/topics/1792 864
@/home/ec2-user/data/topics/4149 865
@/home/ec2-user/data/topics/3820 866
@/home/ec2-user/data/topics/4518 867
@/home/ec2-user/data/topics/4980 868
@/home/ec2-user/data/topics/4834 869
@/home/ec2-user/data/topics/3412 870
@/home/ec2-user/data/topics/1738 871
@/home/ec2-user/data/topics/3774 872
@/home/ec2-user/data/topics/3609 873
@/home/ec2-user/data/topics/4181 874
@/home/ec2-user/data/topics/4047 875
@/home/ec2-user/data/topics/3451 876
@/home/ec2-user/data/topics/3666 877
@/home/ec2-user/data/topics/4282 878
@/home/ec2-user/data/topics/3873 879
@/home/ec2-user/data/topics/4221 880
@/home/ec2-user/data/topics/3397 881
@/home/ec2-user/data/topics/4133 882
@/home/ec2-user/data/topics/4419 883
@/home/ec2-user/data/topics/3493 884
@/home/ec2-user/data/topics/3921 885
@/home/ec2-user/data/topics/3856 886
@/home/ec2-user/data/topics/3841 887
@/home/ec2-user/data/topics/3963 888
@/home/ec2-user/data/topics/3612 889
@/home/ec2-user/data/topics/5032 890
@/home/ec2-user/data/topics/3409 891
@/home/ec2-user/data/topics/1754 892
@/home/ec2-user/data/topics/4235 893
@/home/ec2-user/data/topics/2146 894
@/home/ec2-user/data/topics/3490 895
@/home/ec2-user/data/topics/3595 896
@/home/ec2-user/data/topics/4220 897
@/home/ec2-user/data/topics/4663 898
@/home/ec2-user/data/topics/1220 899
@/home/ec2-user/data/topics/1110 900
@/home/ec2-user/data/topics/4552 901
@/home/ec2-user/data/topics/4305 902
@/home/ec2-user/data/topics/3506 903
@/home/ec2-user/data/topics/4614 904
@/home/ec2-user/data/topics/4041 905
@/home/ec2-user/data/topics/3616 906
@/home/ec2-user/data/topics/4076 907
@/home/ec2-user/data/topics/3469 908
@/home/ec2-user/data/topics/3465 909
@/home/ec2-user/data/topics/3466 910
@/home/ec2-user/data/topics/1872 911
@/home/ec2-user/data/topics/5033 912
@/home/ec2-user/data/topics/4233 913
@/home/ec2-user/data/topics/3747 914
@/home/ec2-user/data/topics/3800 915
@/home/ec2-user/data/topics/3592 916
@/home/ec2-user/data/topics/4880 917
@/home/ec2-user/data/topics/3453 918
@/home/ec2-user/data/topics/4562 919
@/home/ec2-user/data/topics/1536 920
住友ゴム工業株式会社

@/home/ec2-user/data/topics/2007 921
@/home/ec2-user/data/topics/4406 921
@/home/ec2-user/data/topics/4568 922
@/home/ec2-user/data/topics/1758 923
@/home/ec2-user/data/topics/1114 924
@/home/ec2-user/data/topics/4048 925
@/home/ec2-user/data/topics/4597 926
セイコーエプソン株式会社

@/home/ec2-user/data/topics/3985 927
@/home/ec2-user/data/topics/1938 927
@/home/ec2-user/data/topics/1343 928
@/home/ec2-user/data/topics/3505 929
@/home/ec2-user/data/topics/2078 930
@/home/ec2-user/data/topics/3589 931
@/home/ec2-user/data/topics/2165 932
@/home/ec2-user/data/topics/4454 933
@/home/ec2-user/data/topics/3887 934
@/home/ec2-user/data/topics/1423 935
@/home/ec2-user/data/topics/4585 936
@/home/ec2-user/data/topics/4802 937
@/home/ec2-user/data/topics/3910 938
@/home/ec2-user/data/topics/4386 939
@/home/ec2-user/data/topics/4801 940
@/home/ec2-user/data/topics/4605 941
@/home/ec2-user/data/topics/3361 942
@/home/ec2-user/data/topics/4109 943
@/home/ec2-user/data/topics/1641 944
@/home/ec2-user/data/topics/1378 945
@/home/ec2-user/data/topics/3476 946
@/home/ec2-user/data/topics/1484 947
@/home/ec2-user/data/topics/4022 948
@/home/ec2-user/data/topics/3819 949
@/home/ec2-user/data/topics/4719 950
@/home/ec2-user/data/topics/1890 951
株式会社三共

@/home/ec2-user/data/topics/2123 952
@/home/ec2-user/data/topics/2060 952
@/home/ec2-user/data/topics/1189 953
@/home/ec2-user/data/topics/4374 954
@/home/ec2-user/data/topics/1086 955
@/home/ec2-user/data/topics/4868 956
@/home/ec2-user/data/topics/1665 957
@/home/ec2-user/data/topics/1377 958
@/home/ec2-user/data/topics/1648 959
沖電気工業株式会社

@/home/ec2-user/data/topics/3764 960
@/home/ec2-user/data/topics/3690 960
@/home/ec2-user/data/topics/4299 961
@/home/ec2-user/data/topics/3964 962
@/home/ec2-user/data/topics/3457 963
@/home/ec2-user/data/topics/1531 964
@/home/ec2-user/data/topics/3433 965
@/home/ec2-user/data/topics/4308 966
@/home/ec2-user/data/topics/3395 967
@/home/ec2-user/data/topics/4693 968
@/home/ec2-user/data/topics/4575 969
@/home/ec2-user/data/topics/3621 970
@/home/ec2-user/data/topics/1188 971
@/home/ec2-user/data/topics/3571 972
株式会社三星

@/home/ec2-user/data/topics/1728 973
@/home/ec2-user/data/topics/1260 973
@/home/ec2-user/data/topics/3942 974
@/home/ec2-user/data/topics/2198 975
@/home/ec2-user/data/topics/2108 976
@/home/ec2-user/data/topics/1733 977
日本ビクター株式会社

@/home/ec2-user/data/topics/3603 978
@/home/ec2-user/data/topics/1440 978
@/home/ec2-user/data/topics/4056 979
@/home/ec2-user/data/topics/3620 980
@/home/ec2-user/data/topics/3882 981
@/home/ec2-user/data/topics/1389 982
@/home/ec2-user/data/topics/4123 983
@/home/ec2-user/data/topics/3939 984
@/home/ec2-user/data/topics/4672 985
@/home/ec2-user/data/topics/1823 986
@/home/ec2-user/data/topics/1520 987
花王株式会社

@/home/ec2-user/data/topics/1767 988
@/home/ec2-user/data/topics/4445 988
@/home/ec2-user/data/topics/4211 989
@/home/ec2-user/data/topics/2214 990
@/home/ec2-user/data/topics/3884 991
@/home/ec2-user/data/topics/4249 992
@/home/ec2-user/data/topics/4287 993
@/home/ec2-user/data/topics/3812 994
@/home/ec2-user/data/topics/1196 995
@/home/ec2-user/data/topics/3999 996
@/home/ec2-user/data/topics/4827 997
@/home/ec2-user/data/topics/1022 998
@/home/ec2-user/data/topics/3753 999
三田工業株式会社

@/home/ec2-user/data/topics/3923 1000
@/home/ec2-user/data/topics/3842 1000
@/home/ec2-user/data/topics/1034 1001
@/home/ec2-user/data/topics/2155 1002
@/home/ec2-user/data/topics/2136 1003
@/home/ec2-user/data/topics/1766 1004
@/home/ec2-user/data/topics/1033 1005
@/home/ec2-user/data/topics/1269 1006
@/home/ec2-user/data/topics/3604 1007
豊丸産業株式会社

@/home/ec2-user/data/topics/1126 1008
@/home/ec2-user/data/topics/1677 1008
@/home/ec2-user/data/topics/1914 1009
@/home/ec2-user/data/topics/1097 1010
@/home/ec2-user/data/topics/1713 1011
@/home/ec2-user/data/topics/1284 1012
@/home/ec2-user/data/topics/1401 1013
@/home/ec2-user/data/topics/1353 1014
@/home/ec2-user/data/topics/2169 1015
@/home/ec2-user/data/topics/1138 1016
@/home/ec2-user/data/topics/4847 1017
@/home/ec2-user/data/topics/2011 1018
@/home/ec2-user/data/topics/3672 1019
@/home/ec2-user/data/topics/1726 1020
@/home/ec2-user/data/topics/1588 1021
鐘紡株式会社

@/home/ec2-user/data/topics/2223 1022
@/home/ec2-user/data/topics/1842 1022
@/home/ec2-user/data/topics/3560 1023
@/home/ec2-user/data/topics/3551 1024
@/home/ec2-user/data/topics/3634 1025
@/home/ec2-user/data/topics/1178 1026
@/home/ec2-user/data/topics/2185 1027
@/home/ec2-user/data/topics/1886 1028
@/home/ec2-user/data/topics/3566 1029
@/home/ec2-user/data/topics/1367 1030
@/home/ec2-user/data/topics/2034 1031
@/home/ec2-user/data/topics/4195 1032
@/home/ec2-user/data/topics/1304 1033
@/home/ec2-user/data/topics/1054 1034
@/home/ec2-user/data/topics/1901 1035
@/home/ec2-user/data/topics/1870 1036
株式会社デンソー

@/home/ec2-user/data/topics/3421 1037
@/home/ec2-user/data/topics/4675 1037
@/home/ec2-user/data/topics/3480 1038
@/home/ec2-user/data/topics/4656 1039
@/home/ec2-user/data/topics/4498 1040
@/home/ec2-user/data/topics/3406 1041
@/home/ec2-user/data/topics/4483 1042
@/home/ec2-user/data/topics/4805 1043
@/home/ec2-user/data/topics/1855 1044
@/home/ec2-user/data/topics/4164 1045
@/home/ec2-user/data/topics/3710 1046
@/home/ec2-user/data/topics/1028 1047
@/home/ec2-user/data/topics/4024 1048
@/home/ec2-user/data/topics/4046 1049
@/home/ec2-user/data/topics/4622 1050
@/home/ec2-user/data/topics/4423 1051
@/home/ec2-user/data/topics/4840 1052
富士写真フイルム株式会社

@/home/ec2-user/data/topics/3447 1053
@/home/ec2-user/data/topics/3857 1053
@/home/ec2-user/data/topics/3354 1054
@/home/ec2-user/data/topics/3911 1055
@/home/ec2-user/data/topics/1603 1056
@/home/ec2-user/data/topics/3918 1057
@/home/ec2-user/data/topics/1662 1058
@/home/ec2-user/data/topics/1244 1059
@/home/ec2-user/data/topics/1570 1060
@/home/ec2-user/data/topics/2134 1061
@/home/ec2-user/data/topics/4962 1062
京セラ株式会社

@/home/ec2-user/data/topics/4340 1063
@/home/ec2-user/data/topics/4031 1063
@/home/ec2-user/data/topics/3741 1064
@/home/ec2-user/data/topics/1741 1065
@/home/ec2-user/data/topics/4901 1066
@/home/ec2-user/data/topics/1485 1067
@/home/ec2-user/data/topics/1913 1068
@/home/ec2-user/data/topics/3615 1069
@/home/ec2-user/data/topics/1708 1070
@/home/ec2-user/data/topics/3593 1071
@/home/ec2-user/data/topics/4513 1072
@/home/ec2-user/data/topics/3869 1073
イビデン株式会社

@/home/ec2-user/data/topics/1336 1074
@/home/ec2-user/data/topics/1315 1074
@/home/ec2-user/data/topics/1952 1075
@/home/ec2-user/data/topics/2033 1076
@/home/ec2-user/data/topics/1682 1077
@/home/ec2-user/data/topics/1770 1078
@/home/ec2-user/data/topics/3814 1079
株式会社東芝

@/home/ec2-user/data/topics/3948 1080
@/home/ec2-user/data/topics/4881 1080
@/home/ec2-user/data/topics/3795 1081
@/home/ec2-user/data/topics/4197 1082
@/home/ec2-user/data/topics/4912 1083
@/home/ec2-user/data/topics/1819 1084
@/home/ec2-user/data/topics/3851 1085
@/home/ec2-user/data/topics/4566 1086
@/home/ec2-user/data/topics/3683 1087
@/home/ec2-user/data/topics/3618 1088
@/home/ec2-user/data/topics/4096 1089
@/home/ec2-user/data/topics/3598 1090
@/home/ec2-user/data/topics/4165 1091
@/home/ec2-user/data/topics/4361 1092
@/home/ec2-user/data/topics/3351 1093
@/home/ec2-user/data/topics/4755 1094
@/home/ec2-user/data/topics/4009 1095
@/home/ec2-user/data/topics/4057 1096
@/home/ec2-user/data/topics/4183 1097
@/home/ec2-user/data/topics/4623 1098
@/home/ec2-user/data/topics/3352 1099
@/home/ec2-user/data/topics/4935 1100
@/home/ec2-user/data/topics/1332 1101
@/home/ec2-user/data/topics/3716 1102
@/home/ec2-user/data/topics/4089 1103
@/home/ec2-user/data/topics/4863 1104
@/home/ec2-user/data/topics/3542 1105
@/home/ec2-user/data/topics/3890 1106
@/home/ec2-user/data/topics/3780 1107
@/home/ec2-user/data/topics/1997 1108
@/home/ec2-user/data/topics/4594 1109
@/home/ec2-user/data/topics/3688 1110
@/home/ec2-user/data/topics/3689 1111
@/home/ec2-user/data/topics/3990 1112
@/home/ec2-user/data/topics/3881 1113
@/home/ec2-user/data/topics/3380 1114
@/home/ec2-user/data/topics/4509 1115
@/home/ec2-user/data/topics/1205 1116
@/home/ec2-user/data/topics/4631 1117
@/home/ec2-user/data/topics/2241 1118
@/home/ec2-user/data/topics/1090 1119
@/home/ec2-user/data/topics/4381 1120
@/home/ec2-user/data/topics/4842 1121
@/home/ec2-user/data/topics/3462 1122
@/home/ec2-user/data/topics/1585 1123
@/home/ec2-user/data/topics/4292 1124
@/home/ec2-user/data/topics/4751 1125
@/home/ec2-user/data/topics/3734 1126
@/home/ec2-user/data/topics/4172 1127
@/home/ec2-user/data/topics/3988 1128
@/home/ec2-user/data/topics/4535 1129
@/home/ec2-user/data/topics/1757 1130
@/home/ec2-user/data/topics/3834 1131
@/home/ec2-user/data/topics/1756 1132
@/home/ec2-user/data/topics/4140 1133
@/home/ec2-user/data/topics/4302 1134
@/home/ec2-user/data/topics/1132 1135
@/home/ec2-user/data/topics/3360 1136
@/home/ec2-user/data/topics/3732 1137
@/home/ec2-user/data/topics/3363 1138
@/home/ec2-user/data/topics/4336 1139
ヤマハ株式会社

@/home/ec2-user/data/topics/4145 1140
@/home/ec2-user/data/topics/4010 1140
@/home/ec2-user/data/topics/4177 1141
@/home/ec2-user/data/topics/4084 1142
@/home/ec2-user/data/topics/1720 1143
@/home/ec2-user/data/topics/1443 1144
@/home/ec2-user/data/topics/4919 1145
@/home/ec2-user/data/topics/3972 1146
@/home/ec2-user/data/topics/4045 1147
@/home/ec2-user/data/topics/4954 1148
@/home/ec2-user/data/topics/4125 1149
@/home/ec2-user/data/topics/1676 1150
@/home/ec2-user/data/topics/1911 1151
東洋紡績株式会社

@/home/ec2-user/data/topics/1613 1152
@/home/ec2-user/data/topics/4366 1152
@/home/ec2-user/data/topics/3769 1153
@/home/ec2-user/data/topics/4362 1154
@/home/ec2-user/data/topics/1029 1155
@/home/ec2-user/data/topics/4284 1156
三菱化学株式会社

@/home/ec2-user/data/topics/1902 1157
@/home/ec2-user/data/topics/1197 1157
@/home/ec2-user/data/topics/1699 1158
@/home/ec2-user/data/topics/3513 1159
@/home/ec2-user/data/topics/3638 1160
@/home/ec2-user/data/topics/3458 1161
カシオ計算機株式会社

@/home/ec2-user/data/topics/1368 1162
@/home/ec2-user/data/topics/1047 1162
@/home/ec2-user/data/topics/2237 1163
@/home/ec2-user/data/topics/1794 1164
@/home/ec2-user/data/topics/1535 1165
@/home/ec2-user/data/topics/1235 1166
@/home/ec2-user/data/topics/2180 1167
@/home/ec2-user/data/topics/3391 1168
コナミ株式会社

@/home/ec2-user/data/topics/1621 1169
@/home/ec2-user/data/topics/1302 1169
@/home/ec2-user/data/topics/1672 1170
@/home/ec2-user/data/topics/2151 1171
@/home/ec2-user/data/topics/2100 1172
@/home/ec2-user/data/topics/5015 1173
@/home/ec2-user/data/topics/4602 1174
@/home/ec2-user/data/topics/4681 1175
大日本スクリーン製造株式会社

@/home/ec2-user/data/topics/2209 1176
@/home/ec2-user/data/topics/3742 1176
@/home/ec2-user/data/topics/2172 1177
@/home/ec2-user/data/topics/1608 1178
@/home/ec2-user/data/topics/1130 1179
@/home/ec2-user/data/topics/1779 1180
@/home/ec2-user/data/topics/1173 1181
オムロン株式会社

@/home/ec2-user/data/topics/3748 1182
@/home/ec2-user/data/topics/1135 1182
@/home/ec2-user/data/topics/3700 1183
@/home/ec2-user/data/topics/1657 1184
@/home/ec2-user/data/topics/1533 1185
@/home/ec2-user/data/topics/3597 1186
@/home/ec2-user/data/topics/1579 1187
@/home/ec2-user/data/topics/3863 1188
@/home/ec2-user/data/topics/3594 1189
@/home/ec2-user/data/topics/1151 1190
@/home/ec2-user/data/topics/2096 1191
@/home/ec2-user/data/topics/1933 1192
@/home/ec2-user/data/topics/4771 1193
@/home/ec2-user/data/topics/1067 1194
@/home/ec2-user/data/topics/1841 1195
株式会社日立製作所

@/home/ec2-user/data/topics/1463 1196
@/home/ec2-user/data/topics/1833 1196
@/home/ec2-user/data/topics/3588 1197
@/home/ec2-user/data/topics/1249 1198
@/home/ec2-user/data/topics/3691 1199
@/home/ec2-user/data/topics/3659 1200
@/home/ec2-user/data/topics/3488 1201
@/home/ec2-user/data/topics/1278 1202
@/home/ec2-user/data/topics/3432 1203
@/home/ec2-user/data/topics/4058 1204
@/home/ec2-user/data/topics/3993 1205
@/home/ec2-user/data/topics/4621 1206
@/home/ec2-user/data/topics/4943 1207
@/home/ec2-user/data/topics/1880 1208
@/home/ec2-user/data/topics/1072 1209
@/home/ec2-user/data/topics/4547 1210
@/home/ec2-user/data/topics/1340 1211
@/home/ec2-user/data/topics/4545 1212
@/home/ec2-user/data/topics/3471 1213
@/home/ec2-user/data/topics/1247 1214
@/home/ec2-user/data/topics/3570 1215
@/home/ec2-user/data/topics/1501 1216
@/home/ec2-user/data/topics/3531 1217
@/home/ec2-user/data/topics/3599 1218
@/home/ec2-user/data/topics/4799 1219
@/home/ec2-user/data/topics/5030 1220
@/home/ec2-user/data/topics/1296 1221
@/home/ec2-user/data/topics/3439 1222
@/home/ec2-user/data/topics/4493 1223
@/home/ec2-user/data/topics/4489 1224
@/home/ec2-user/data/topics/1693 1225
@/home/ec2-user/data/topics/1987 1226
@/home/ec2-user/data/topics/1825 1227
@/home/ec2-user/data/topics/4166 1228
@/home/ec2-user/data/topics/3779 1229
@/home/ec2-user/data/topics/1334 1230
@/home/ec2-user/data/topics/3822 1231
@/home/ec2-user/data/topics/4420 1232
@/home/ec2-user/data/topics/3706 1233
@/home/ec2-user/data/topics/3596 1234
@/home/ec2-user/data/topics/2081 1235
@/home/ec2-user/data/topics/2184 1236
@/home/ec2-user/data/topics/1826 1237
@/home/ec2-user/data/topics/3648 1238
@/home/ec2-user/data/topics/3350 1239
@/home/ec2-user/data/topics/4559 1240
@/home/ec2-user/data/topics/3994 1241
@/home/ec2-user/data/topics/3968 1242
@/home/ec2-user/data/topics/2239 1243
@/home/ec2-user/data/topics/1651 1244
@/home/ec2-user/data/topics/1640 1245
@/home/ec2-user/data/topics/3440 1246
@/home/ec2-user/data/topics/3524 1247
@/home/ec2-user/data/topics/1562 1248
@/home/ec2-user/data/topics/4551 1249
@/home/ec2-user/data/topics/3665 1250
@/home/ec2-user/data/topics/4122 1251
@/home/ec2-user/data/topics/4402 1252
@/home/ec2-user/data/topics/5029 1253
@/home/ec2-user/data/topics/4040 1254
@/home/ec2-user/data/topics/4830 1255
@/home/ec2-user/data/topics/3461 1256
@/home/ec2-user/data/topics/1487 1257
@/home/ec2-user/data/topics/2019 1258
@/home/ec2-user/data/topics/3973 1259
@/home/ec2-user/data/topics/3384 1260
@/home/ec2-user/data/topics/1882 1261
@/home/ec2-user/data/topics/1667 1262
@/home/ec2-user/data/topics/1082 1263
@/home/ec2-user/data/topics/1105 1264
@/home/ec2-user/data/topics/4990 1265
@/home/ec2-user/data/topics/4401 1266
@/home/ec2-user/data/topics/3772 1267
@/home/ec2-user/data/topics/3965 1268
凸版印刷株式会社

@/home/ec2-user/data/topics/3526 1269
@/home/ec2-user/data/topics/1091 1269
@/home/ec2-user/data/topics/1765 1270
@/home/ec2-user/data/topics/3500 1271
@/home/ec2-user/data/topics/4874 1272
@/home/ec2-user/data/topics/1977 1273
@/home/ec2-user/data/topics/3624 1274
株式会社ノーリツ

@/home/ec2-user/data/topics/1598 1275
@/home/ec2-user/data/topics/2116 1275
@/home/ec2-user/data/topics/4206 1276
@/home/ec2-user/data/topics/4776 1277
@/home/ec2-user/data/topics/1760 1278
@/home/ec2-user/data/topics/1618 1279
@/home/ec2-user/data/topics/4354 1280
@/home/ec2-user/data/topics/1290 1281
川崎重工業株式会社

@/home/ec2-user/data/topics/4572 1282
@/home/ec2-user/data/topics/4944 1282
@/home/ec2-user/data/topics/4793 1283
@/home/ec2-user/data/topics/4866 1284
@/home/ec2-user/data/topics/1162 1285
@/home/ec2-user/data/topics/4756 1286
@/home/ec2-user/data/topics/1172 1287
@/home/ec2-user/data/topics/5025 1288
ティーディーケイ株式会社

@/home/ec2-user/data/topics/3798 1289
@/home/ec2-user/data/topics/3909 1289
@/home/ec2-user/data/topics/1129 1290
@/home/ec2-user/data/topics/1409 1291
@/home/ec2-user/data/topics/4619 1292
@/home/ec2-user/data/topics/3792 1293
@/home/ec2-user/data/topics/2210 1294
@/home/ec2-user/data/topics/1510 1295
@/home/ec2-user/data/topics/2202 1296
京セラミタ株式会社

@/home/ec2-user/data/topics/4174 1297
@/home/ec2-user/data/topics/4973 1297
@/home/ec2-user/data/topics/2141 1298
@/home/ec2-user/data/topics/4985 1299
@/home/ec2-user/data/topics/1032 1300
@/home/ec2-user/data/topics/4564 1301
@/home/ec2-user/data/topics/1930 1302
株式会社クボタ

@/home/ec2-user/data/topics/4251 1303
@/home/ec2-user/data/topics/1280 1303
@/home/ec2-user/data/topics/4379 1304
@/home/ec2-user/data/topics/1734 1305
@/home/ec2-user/data/topics/1448 1306
@/home/ec2-user/data/topics/4745 1307
@/home/ec2-user/data/topics/3919 1308
@/home/ec2-user/data/topics/1012 1309
@/home/ec2-user/data/topics/3854 1310
@/home/ec2-user/data/topics/3823 1311
シャープ株式会社

@/home/ec2-user/data/topics/1685 1312
@/home/ec2-user/data/topics/4103 1312
@/home/ec2-user/data/topics/3855 1313
@/home/ec2-user/data/topics/3793 1314
@/home/ec2-user/data/topics/1970 1315
@/home/ec2-user/data/topics/3832 1316
@/home/ec2-user/data/topics/1209 1317
@/home/ec2-user/data/topics/3450 1318
@/home/ec2-user/data/topics/1288 1319
@/home/ec2-user/data/topics/1431 1320
@/home/ec2-user/data/topics/3871 1321
@/home/ec2-user/data/topics/4019 1322
@/home/ec2-user/data/topics/4648 1323
@/home/ec2-user/data/topics/1965 1324
@/home/ec2-user/data/topics/4583 1325
@/home/ec2-user/data/topics/3813 1326
@/home/ec2-user/data/topics/3966 1327
@/home/ec2-user/data/topics/4263 1328
@/home/ec2-user/data/topics/3578 1329
@/home/ec2-user/data/topics/4323 1330
@/home/ec2-user/data/topics/3777 1331
@/home/ec2-user/data/topics/4691 1332
@/home/ec2-user/data/topics/1419 1333
@/home/ec2-user/data/topics/2087 1334
@/home/ec2-user/data/topics/4516 1335
@/home/ec2-user/data/topics/4152 1336
@/home/ec2-user/data/topics/2084 1337
@/home/ec2-user/data/topics/1154 1338
@/home/ec2-user/data/topics/4861 1339
@/home/ec2-user/data/topics/1174 1340
@/home/ec2-user/data/topics/3760 1341
@/home/ec2-user/data/topics/3537 1342
@/home/ec2-user/data/topics/1804 1343
@/home/ec2-user/data/topics/1318 1344
@/home/ec2-user/data/topics/3981 1345
@/home/ec2-user/data/topics/3941 1346
@/home/ec2-user/data/topics/4105 1347
@/home/ec2-user/data/topics/4683 1348
@/home/ec2-user/data/topics/4430 1349
@/home/ec2-user/data/topics/3452 1350
@/home/ec2-user/data/topics/3957 1351
@/home/ec2-user/data/topics/4095 1352
@/home/ec2-user/data/topics/4744 1353
@/home/ec2-user/data/topics/4782 1354
@/home/ec2-user/data/topics/4127 1355
@/home/ec2-user/data/topics/1258 1356
@/home/ec2-user/data/topics/1396 1357
@/home/ec2-user/data/topics/4113 1358
@/home/ec2-user/data/topics/3610 1359
@/home/ec2-user/data/topics/4230 1360
@/home/ec2-user/data/topics/3895 1361
@/home/ec2-user/data/topics/4519 1362
@/home/ec2-user/data/topics/3422 1363
@/home/ec2-user/data/topics/4005 1364
@/home/ec2-user/data/topics/3679 1365
@/home/ec2-user/data/topics/4124 1366
@/home/ec2-user/data/topics/3649 1367
@/home/ec2-user/data/topics/4228 1368
@/home/ec2-user/data/topics/2020 1369
@/home/ec2-user/data/topics/3776 1370
@/home/ec2-user/data/topics/4717 1371
@/home/ec2-user/data/topics/3978 1372
@/home/ec2-user/data/topics/4256 1373
@/home/ec2-user/data/topics/3698 1374
@/home/ec2-user/data/topics/3606 1375
@/home/ec2-user/data/topics/4214 1376
@/home/ec2-user/data/topics/1840 1377
@/home/ec2-user/data/topics/1384 1378
@/home/ec2-user/data/topics/4469 1379
@/home/ec2-user/data/topics/3858 1380
@/home/ec2-user/data/topics/1561 1381
@/home/ec2-user/data/topics/1349 1382
@/home/ec2-user/data/topics/1563 1383
@/home/ec2-user/data/topics/3678 1384
@/home/ec2-user/data/topics/4252 1385
@/home/ec2-user/data/topics/4173 1386
@/home/ec2-user/data/topics/4245 1387
@/home/ec2-user/data/topics/4349 1388
@/home/ec2-user/data/topics/3762 1389
@/home/ec2-user/data/topics/2118 1390
@/home/ec2-user/data/topics/3673 1391
日本輸送機株式会社

@/home/ec2-user/data/topics/1108 1392
@/home/ec2-user/data/topics/2221 1392
@/home/ec2-user/data/topics/1456 1393
@/home/ec2-user/data/topics/1191 1394
@/home/ec2-user/data/topics/1493 1395
@/home/ec2-user/data/topics/1940 1396
@/home/ec2-user/data/topics/3573 1397
@/home/ec2-user/data/topics/2065 1398
東京エレクトロン株式会社

@/home/ec2-user/data/topics/4345 1399
@/home/ec2-user/data/topics/1263 1399
@/home/ec2-user/data/topics/4023 1400
@/home/ec2-user/data/topics/1508 1401
@/home/ec2-user/data/topics/1736 1402
@/home/ec2-user/data/topics/1800 1403
@/home/ec2-user/data/topics/3947 1404
@/home/ec2-user/data/topics/4702 1405
@/home/ec2-user/data/topics/4002 1406
@/home/ec2-user/data/topics/4906 1407
@/home/ec2-user/data/topics/4053 1408
@/home/ec2-user/data/topics/4618 1409
株式会社村田製作所

@/home/ec2-user/data/topics/3697 1410
@/home/ec2-user/data/topics/2229 1410
@/home/ec2-user/data/topics/3482 1411
@/home/ec2-user/data/topics/4325 1412
@/home/ec2-user/data/topics/4417 1413
@/home/ec2-user/data/topics/1411 1414
@/home/ec2-user/data/topics/4432 1415
@/home/ec2-user/data/topics/4378 1416
@/home/ec2-user/data/topics/3435 1417
@/home/ec2-user/data/topics/1374 1418
@/home/ec2-user/data/topics/4703 1419
@/home/ec2-user/data/topics/4271 1420
@/home/ec2-user/data/topics/4070 1421
@/home/ec2-user/data/topics/4163 1422
@/home/ec2-user/data/topics/4795 1423
@/home/ec2-user/data/topics/3885 1424
@/home/ec2-user/data/topics/4042 1425
日本電信電話株式会社

@/home/ec2-user/data/topics/4792 1426
@/home/ec2-user/data/topics/3928 1426
@/home/ec2-user/data/topics/4443 1427
@/home/ec2-user/data/topics/3544 1428
@/home/ec2-user/data/topics/3824 1429
@/home/ec2-user/data/topics/3915 1430
@/home/ec2-user/data/topics/3536 1431
@/home/ec2-user/data/topics/1934 1432
@/home/ec2-user/data/topics/4121 1433
@/home/ec2-user/data/topics/3785 1434
@/home/ec2-user/data/topics/1042 1435
@/home/ec2-user/data/topics/4560 1436
@/home/ec2-user/data/topics/3586 1437
@/home/ec2-user/data/topics/2017 1438
@/home/ec2-user/data/topics/4232 1439
@/home/ec2-user/data/topics/4488 1440
@/home/ec2-user/data/topics/4208 1441
@/home/ec2-user/data/topics/1787 1442
@/home/ec2-user/data/topics/1229 1443
@/home/ec2-user/data/topics/4115 1444
@/home/ec2-user/data/topics/3359 1445
@/home/ec2-user/data/topics/4865 1446
@/home/ec2-user/data/topics/1809 1447
@/home/ec2-user/data/topics/1408 1448
@/home/ec2-user/data/topics/4952 1449
@/home/ec2-user/data/topics/3811 1450
@/home/ec2-user/data/topics/3568 1451
@/home/ec2-user/data/topics/4925 1452
@/home/ec2-user/data/topics/4146 1453
@/home/ec2-user/data/topics/4114 1454
@/home/ec2-user/data/topics/4118 1455
@/home/ec2-user/data/topics/4664 1456
@/home/ec2-user/data/topics/3552 1457
@/home/ec2-user/data/topics/4964 1458
@/home/ec2-user/data/topics/3641 1459
@/home/ec2-user/data/topics/1230 1460
@/home/ec2-user/data/topics/4335 1461
@/home/ec2-user/data/topics/3894 1462
@/home/ec2-user/data/topics/4870 1463
@/home/ec2-user/data/topics/3650 1464
@/home/ec2-user/data/topics/3521 1465
@/home/ec2-user/data/topics/4025 1466
@/home/ec2-user/data/topics/4505 1467
@/home/ec2-user/data/topics/4175 1468
@/home/ec2-user/data/topics/4511 1469
@/home/ec2-user/data/topics/1556 1470
@/home/ec2-user/data/topics/4104 1471
@/home/ec2-user/data/topics/3927 1472
@/home/ec2-user/data/topics/3425 1473
@/home/ec2-user/data/topics/4916 1474
@/home/ec2-user/data/topics/4836 1475
@/home/ec2-user/data/topics/2130 1476
@/home/ec2-user/data/topics/4965 1477
@/home/ec2-user/data/topics/3509 1478
@/home/ec2-user/data/topics/4087 1479
@/home/ec2-user/data/topics/4131 1480
日本鋼管株式会社

@/home/ec2-user/data/topics/1404 1481
@/home/ec2-user/data/topics/4455 1481
@/home/ec2-user/data/topics/1690 1482
@/home/ec2-user/data/topics/2095 1483
@/home/ec2-user/data/topics/4289 1484
@/home/ec2-user/data/topics/4161 1485
@/home/ec2-user/data/topics/3572 1486
株式会社神戸製鋼所

@/home/ec2-user/data/topics/4949 1487
@/home/ec2-user/data/topics/3902 1487
@/home/ec2-user/data/topics/3674 1488
@/home/ec2-user/data/topics/1465 1489
@/home/ec2-user/data/topics/2064 1490
@/home/ec2-user/data/topics/3475 1491
@/home/ec2-user/data/topics/3632 1492
株式会社ケンウッド

@/home/ec2-user/data/topics/4038 1493
@/home/ec2-user/data/topics/1186 1493
@/home/ec2-user/data/topics/3977 1494
@/home/ec2-user/data/topics/3839 1495
@/home/ec2-user/data/topics/1424 1496
@/home/ec2-user/data/topics/4167 1497
@/home/ec2-user/data/topics/3463 1498
@/home/ec2-user/data/topics/1115 1499
@/home/ec2-user/data/topics/1241 1500
@/home/ec2-user/data/topics/1617 1501
@/home/ec2-user/data/topics/4050 1502
@/home/ec2-user/data/topics/3878 1503
@/home/ec2-user/data/topics/3794 1504
@/home/ec2-user/data/topics/1896 1505
@/home/ec2-user/data/topics/4467 1506
@/home/ec2-user/data/topics/2163 1507
@/home/ec2-user/data/topics/1698 1508
@/home/ec2-user/data/topics/3801 1509
@/home/ec2-user/data/topics/3969 1510
@/home/ec2-user/data/topics/1345 1511
@/home/ec2-user/data/topics/2036 1512
東陶機器株式会社

@/home/ec2-user/data/topics/1692 1513
@/home/ec2-user/data/topics/1735 1513
@/home/ec2-user/data/topics/3821 1514
@/home/ec2-user/data/topics/2135 1515
@/home/ec2-user/data/topics/1626 1516
@/home/ec2-user/data/topics/3583 1517
本田技研工業株式会社

@/home/ec2-user/data/topics/2016 1518
@/home/ec2-user/data/topics/1215 1518
@/home/ec2-user/data/topics/4375 1519
@/home/ec2-user/data/topics/4033 1520
@/home/ec2-user/data/topics/1266 1521
@/home/ec2-user/data/topics/2000 1522
@/home/ec2-user/data/topics/4331 1523
@/home/ec2-user/data/topics/1226 1524
@/home/ec2-user/data/topics/1444 1525
@/home/ec2-user/data/topics/4132 1526
@/home/ec2-user/data/topics/4888 1527
@/home/ec2-user/data/topics/1818 1528
@/home/ec2-user/data/topics/3685 1529
@/home/ec2-user/data/topics/1143 1530
@/home/ec2-user/data/topics/5026 1531
@/home/ec2-user/data/topics/4783 1532
@/home/ec2-user/data/topics/4199 1533
@/home/ec2-user/data/topics/1605 1534
@/home/ec2-user/data/topics/1822 1535
新日本製鐵株式会社

@/home/ec2-user/data/topics/4472 1536
@/home/ec2-user/data/topics/3663 1536
@/home/ec2-user/data/topics/3368 1537
@/home/ec2-user/data/topics/3899 1538
@/home/ec2-user/data/topics/5008 1539
@/home/ec2-user/data/topics/3861 1540
松下電工株式会社

@/home/ec2-user/data/topics/1311 1541
@/home/ec2-user/data/topics/4083 1541
@/home/ec2-user/data/topics/1011 1542
@/home/ec2-user/data/topics/4012 1543
@/home/ec2-user/data/topics/1803 1544
@/home/ec2-user/data/topics/3549 1545
@/home/ec2-user/data/topics/4347 1546
@/home/ec2-user/data/topics/3778 1547
@/home/ec2-user/data/topics/4094 1548
@/home/ec2-user/data/topics/3835 1549
@/home/ec2-user/data/topics/2045 1550
@/home/ec2-user/data/topics/3651 1551
@/home/ec2-user/data/topics/3670 1552
@/home/ec2-user/data/topics/4029 1553
@/home/ec2-user/data/topics/3932 1554
@/home/ec2-user/data/topics/3565 1555
@/home/ec2-user/data/topics/3511 1556
@/home/ec2-user/data/topics/3379 1557
@/home/ec2-user/data/topics/4592 1558
@/home/ec2-user/data/topics/4317 1559
@/home/ec2-user/data/topics/1251 1560
@/home/ec2-user/data/topics/4450 1561
usernum: 72
simhit: 1117
simmax: 0.615384615385
simmin: 0.0
simavg: 0.220833022358
total: 1562
simhit/total: 0.715108834827

2017-01-17 15:28:40.173853
