2017-01-17 20:35:14.448939

topic-folder:/home/ec2-user/data/topics/
cl-file:rand7
cl-floder:/home/ec2-user/data/lsaclass/
zipf:0.2
stype[0(tfidf)/1(tfidf2)/2(lsa)/3(lda)]:2
dtype[0(diff/1(same))]:1
output-floder:thesis/

コニカ株式会社

@/home/ec2-user/data/topics/3414
@/home/ec2-user/data/topics/3431
@/home/ec2-user/data/topics/1946
@/home/ec2-user/data/topics/3533
@/home/ec2-user/data/topics/3426
@/home/ec2-user/data/topics/3357
@/home/ec2-user/data/topics/3419
@/home/ec2-user/data/topics/3486
@/home/ec2-user/data/topics/3370
@/home/ec2-user/data/topics/3418
@/home/ec2-user/data/topics/2162
現像
トナー
剤
該
着色
化
感光
粒子
写真
ハロゲン
体
銀
含有
材料
方法
以上
像
乳剤
平均
層
微粒子
量
処理
添加
性
樹脂
前記
物
工程
式
下記
静
帯電
中
以下
比
化合
側
キャリア
用
電荷
沃化
添
後
支持
チタン
径
重量
接触
潜
形成
酸化
画像
表面
成分
外
率
一般
ｐＨ
製造
真
重ね
関係
チオシアン
面積
係数
換算
単位
前
着
開き
近接
水
混合
部材
点
ポリマーラテックス
抵抗
自動
転移
摩擦
物理
比重
防止
逆流
カラー
水洗
熟成
スクイズ
バインダー
補充
当該
液
イオン化
綾
網
満足
有機
ローラ
篩
形状
供給
位置
機
表面積
磁性
投影
片面
系
フィン
ポリオ
ポリプロピレン
反転
荷電
酸
光
露光
下
一様
生成
且
疎水
膜
透過
一方
固定
ポテンシャル
型
間
面
化学
存在
２つ
平板
未満
空中
相
ガラス
搬送
目
一連
最大
分子
法
結
保護
制御
条件
合せ
内部
感
正
パラジウム
増
吸
コーティング
方式
対
度
電
レ
離
26.0909090909
26.0909090909
1.0
三菱重工業株式会社

@/home/ec2-user/data/topics/4687
@/home/ec2-user/data/topics/3591
@/home/ec2-user/data/topics/3503
@/home/ec2-user/data/topics/3833
@/home/ec2-user/data/topics/3637
@/home/ec2-user/data/topics/4882
@/home/ec2-user/data/topics/5022
@/home/ec2-user/data/topics/3944
@/home/ec2-user/data/topics/4412
@/home/ec2-user/data/topics/4563
@/home/ec2-user/data/topics/4862
@/home/ec2-user/data/topics/3529
装置
前記
該
ガス
用
電極
炉
溶融
基板
プラズマ
方法
物
形成
熱
型
導入
排出
側
化
室内
反応
気
容器
処理
検出
薄膜
イオン
性
設置
供給
系
固体
発生
照射
除去
光
膜
設
以下
表面
材
質
部
温度
路面
前述
製造
対向
状態
同じ
線
発振器
バー
導
後段
方向
放電
発振
レンガ
層
移送
合金
電流
成長
水
路
本体
入射
真空
送受
吸収
センサ
採取
判断
煤塵
結果
素子
電源
状
エジェクタ
排水
等
塩
舗装
上昇
膨張
トラップ
クリーニング
所定
晶
管
分析
放出
選択
後
内側
脱硫
相互
マンセル
耐熱
冷却
質量
作用
持
介
担
チャン
有害
試料
伝搬
フィルタ
セル
時
加熱
成
イオン化
有機
レーザー
耐火
通
均一
室
バグ
隙間
融点
水蒸気
連
材料
重量
除
溶存
平面
上記
種
モニタ
配
灰
複数
収束
スタンプ
光学
壁
給電
ジャケット
計測
流
触媒
受信
送信
これら
不純物
シリコン
組成
器
式
下記
燃料
生成
相
濃縮
付着
不可避
下流
周期
食
電池
梯子
間
収容
中
化学
間隔
直交
原料
カイト
飛行
酸化
際
ラ
基
置
軸
外側
グロー
高周波
時点
レーザ
完了
結晶
エネルギー
物質
励起
給水
法
廃棄
連続
診断
焼却炉
前段
ノズル
具備
ブス
内部
成分
微量
劣化
耐
分解
排ガス
時間
ブロック
残部
気体
分子
接地
塵
ペ
鋳造
集
部材
通過
音波
その後
液体
電力
支持
製
配置
電
終了
ロ
一定
電解
25.4166666667
25.4166666667
1.0
村田機械株式会社

@/home/ec2-user/data/topics/5000
@/home/ec2-user/data/topics/4941
@/home/ec2-user/data/topics/1074
@/home/ec2-user/data/topics/4835
@/home/ec2-user/data/topics/4746
@/home/ec2-user/data/topics/3740
@/home/ec2-user/data/topics/4645
@/home/ec2-user/data/topics/4570
@/home/ec2-user/data/topics/4441
@/home/ec2-user/data/topics/4596
@/home/ec2-user/data/topics/1607
@/home/ec2-user/data/topics/4565
@/home/ec2-user/data/topics/4556
@/home/ec2-user/data/topics/1293
@/home/ec2-user/data/topics/4638
@/home/ec2-user/data/topics/1511
@/home/ec2-user/data/topics/3528
装置
画像
通信
データ
制御
上記
前記
端末
回線
複数
とき
紙
検出
信号
格納
記録
受信
所定
送信
記憶
接続
ファクシミリ
側
供給
原稿
方法
可能
表示
形成
変換
該
部
転送
料金
呼
操作
計時
量
解像度
報知
選択
必要
モード
時
網
用紙
値
画
発
処理
先
電話
生成
設定
プリント
時間
電力
有効
直線
省
着信
送出
状態
運動
異常
機械
エラー
メモリ
サイズ
プレス
音声
要求
発生
メッセ
用
現在
ダイヤル
一方
ジ
切断
オフセット
タイマー
往復
ロール
代
残り
ローラ
付
システム
駆動
交換
テーブル
当該
使用
期間
実行
出力
キング
以下
内容
装着
開始
定額
残
ログ
分離
歩
カット
計数
後
変速
カセット
形状
応答
自在
外部
旨
否
業者
アナログ
機
送受信
相手
同時
倍
指示
ネットワーク
着脱
保持
ユニット
高
綴じ
黒
介在
各部
ステップ
解除
モータ
経過
全体
伝達
直接
候補
化
入力
型
毎
伝送
収容
調整
中
以内
補助
能力
主
オーバー
中継
消耗
対応
コンピュータ
回転
品
デジタル
参照
公衆
搬送
消費
給
タイム
最終
発注
蓄積
安価
同一
体系
作成
宛先
組
実現
回路
機能
倍率
加重
フレーム
それら
判定
情報
機構
変
イメージセンサ
有
20.0
20.0
1.0
ダイキン工業株式会社

@/home/ec2-user/data/topics/4367
@/home/ec2-user/data/topics/4734
@/home/ec2-user/data/topics/4701
@/home/ec2-user/data/topics/1600
@/home/ec2-user/data/topics/4753
@/home/ec2-user/data/topics/4400
@/home/ec2-user/data/topics/3888
@/home/ec2-user/data/topics/4515
@/home/ec2-user/data/topics/4858
@/home/ec2-user/data/topics/4845
@/home/ec2-user/data/topics/1565
上記
機
制御
接続
装置
圧縮
吐出
凝縮
量
運転
回路
値
冷媒
蒸発
空気
部
温度
調和
状態
前記
器
温
環状
複数
検出
時
機器
方法
所定
形成
該
設
以上
設定
突
ファン
循環
持
冷凍
側
送出
製造
担
ブッシュ
データ
体
室内
半径
付設
反応
マウス
方向
フェイス
変動
閉鎖
層
赤外線
部分
円柱
水
電力
固定
ヒートシンク
空間
ローラ
プロペラ
放熱
ピストン
筒
一方向
ワイヤレス
ヘキサフルオロプロペン
素子
区画
一対
前面
略
駆動
膨張
面
ヘキサフルオロプロパン
液
以下
内容
バリウム
防護
囲繞
連接
冷却
子
一部
低下
詰まり
全開
グリル
路
加熱
注水
後
線
回転子
状
巻
差
室
始め
形状
配管
算出
注入
格納
吸入
送受信
スイング
吸
接触
開口
定数
キャピラリ
硫酸
欠
次
送風
背面
電気
特性
指令
可能
向き
触媒
受信
経路
送信
延
除去
通風
湿度
モータ
弁
それ
シリンダ
下
源
熱
１つ
入力
暖房
部材
並
モジュール
間
ベル
ポンプ
水素
中
電
存在
サイクル
パネル
対応
容量
回転
ガス
リモコン
インター
相
書き込み
消費
外
活性炭
可変
風
他方
外周
電動
熱量
通電
結
成分
圧
パラジウム
床
移動
極
一体
吹
ガイド
挟
室外
不足
低圧
冷熱
判定
以外
ブレード
調
側面
フィン
実装
指示
有
24.2727272727
24.2727272727
1.0
日産自動車株式会社

@/home/ec2-user/data/topics/3489
@/home/ec2-user/data/topics/3712
@/home/ec2-user/data/topics/3501
@/home/ec2-user/data/topics/3936
@/home/ec2-user/data/topics/3829
@/home/ec2-user/data/topics/4982
@/home/ec2-user/data/topics/3497
@/home/ec2-user/data/topics/4074
@/home/ec2-user/data/topics/3645
@/home/ec2-user/data/topics/3677
@/home/ec2-user/data/topics/3723
装置
前記
制御
検出
所定
機
速度
発電
駆動
出力
時
値
可能
走行
型
配置
車両
方向
用
複数
モーター
運転
段
後
内燃
位置
形成
バッテリー
シリーズ
回転
電動
ハイブリッド
作動
車
とき
電力
自動車
源
情報
エンジン
変速
側
領域
近接
吸着
構造
炭化
順
レンジ
発生
復元
欠陥
係数
撮像
騒音
操作
検査
脈動
機関
フロー
レベル
加工
本体
発散
復帰
アルゴリズム
周波数
追従
センサ
展開
判断
光源
結果
ボールベアリング
面
変化
低減
量
実行
管
無線
決定
動作
開始
遮音
抑制
存在
域
能動
室内
内装
シフト
フィルタ
路
浄化
物体
車間
ドライブ
逆
塑性
上流
形状
供給
音
事態
否
荷重
加減
素材
触媒
吸
衝撃
化
照明
アクチュエータ
目標
電気
照射
直角
指令
給電
緊急
向き
通過
車載
該
当該
処理
モータ
弁
設定
式
外
維持
許容
過剰
ベアリング
先
入力
固定
適応
水素
中
以上
解除
調節
トルク
画像
門
受光
比
制限
回生
際
距離
表面
鋼
レース
搬送
目
車体
タイミング
ラスト
エアバッグ
材
明暗
連続
作用
一致
電圧
初期
排気
光
先行
パターン
部品
メタル
変更
相手
特定
推測
挙動
振動
それら
度
判定
通信
更新
ディジタル
原点
溝
継続
反射
24.6363636364
24.6363636364
1.0
トヨタ自動車株式会社

@/home/ec2-user/data/topics/3758
@/home/ec2-user/data/topics/3943
@/home/ec2-user/data/topics/4633
@/home/ec2-user/data/topics/4767
@/home/ec2-user/data/topics/4346
@/home/ec2-user/data/topics/3671
@/home/ec2-user/data/topics/4658
@/home/ec2-user/data/topics/4617
@/home/ec2-user/data/topics/4008
@/home/ec2-user/data/topics/3699
@/home/ec2-user/data/topics/4920
@/home/ec2-user/data/topics/4064
@/home/ec2-user/data/topics/4144
@/home/ec2-user/data/topics/3731
@/home/ec2-user/data/topics/2111
@/home/ec2-user/data/topics/3587
@/home/ec2-user/data/topics/3481
@/home/ec2-user/data/topics/4030
@/home/ec2-user/data/topics/3356
@/home/ec2-user/data/topics/3405
@/home/ec2-user/data/topics/3725
@/home/ec2-user/data/topics/4543
@/home/ec2-user/data/topics/1551
@/home/ec2-user/data/topics/3783
@/home/ec2-user/data/topics/4298
@/home/ec2-user/data/topics/2218
@/home/ec2-user/data/topics/4426
@/home/ec2-user/data/topics/4647
@/home/ec2-user/data/topics/1494
前記
装置
制御
所定
機関
検出
該
内燃
状態
燃料
複数
弁
機
経路
出力
間
浄化
触媒
排気
通路
動力
値
体
システム
記憶
伝達
供給
配置
駆動
判断
可能
移動
8.34482758621
28.4137931034
0.293689320388
オリンパス光学工業株式会社

@/home/ec2-user/data/topics/1739
@/home/ec2-user/data/topics/5006
@/home/ec2-user/data/topics/1981
@/home/ec2-user/data/topics/4013
@/home/ec2-user/data/topics/1155
@/home/ec2-user/data/topics/1835
@/home/ec2-user/data/topics/1586
@/home/ec2-user/data/topics/4878
@/home/ec2-user/data/topics/4007
@/home/ec2-user/data/topics/1107
@/home/ec2-user/data/topics/2026
@/home/ec2-user/data/topics/1869
前記
装置
可能
画像
情報
上記
具備
媒体
間
像
部
側
複数
当該
信号
記録
系
位置
領域
カメラ
レンズ
発生
方向
撮像
一方
部材
走査
鏡
所定
ファイル
動作
装着
視
先端
路
形状
電子
配置
状態
データ
保持
光学
取り扱い
形成
先
表示
被写体
変換
軸
結
継続
ピッチ
ワイヤ
連続
下位
客体
封
サイズ
自在
実質
フォーカス
ホスト
再生
撮影
曲面
アップ
プローブ
ロード
部分
中間
本体
アライメント
筒
検出
銀
結果
状
槽
観察
駆動
等
実行
管
自己
種類
移転
置
相互
腔
射出
形
子
釦
適合
入射
後
複写
性
案内
付加
通
略
管理
外部
磁界
格納
ラック
可
遮断
上位
フィルム
突出
ネットワーク
モニタ
充填
関連
対象
屈折
電気
形式
登録
物
開閉
印加
相対
カレント
うち
送信
力
容量
切り換え
該
処理
元
計
縞
演算
光
伝達
瞳
生成
手元
磁気
視認
入力
固定
属性
枚数
調整
面
中
以上
既
補助
具
主
分割
干渉
本来
対応
操作
測定
連動
回転
デジタル
距離
表面
板
洗浄
周囲
適用
消毒
レーザ
先細り
認識
一連
最終
ピント
レリーズ
変形
プリント
設置
制御
塩
負
止
下
錐
リレー
移動
中心
正
順序
群
特定
音波
露光
不足
振動
セット
ディレクトリ
判定
通信
終了
挿入
挿
シース
有
反射
24.75
24.75
1.0
ブラザー工業株式会社

@/home/ec2-user/data/topics/1164
@/home/ec2-user/data/topics/3477
@/home/ec2-user/data/topics/1300
@/home/ec2-user/data/topics/1636
@/home/ec2-user/data/topics/1697
@/home/ec2-user/data/topics/1076
@/home/ec2-user/data/topics/3789
@/home/ec2-user/data/topics/2086
@/home/ec2-user/data/topics/1183
@/home/ec2-user/data/topics/3507
@/home/ec2-user/data/topics/4548
@/home/ec2-user/data/topics/3613
@/home/ec2-user/data/topics/3686
@/home/ec2-user/data/topics/1906
@/home/ec2-user/data/topics/2085
前記
装置
データ
複数
可能
記憶
媒体
該
位置
作成
制御
方向
所定
状態
上記
移動
情報
プリンタ
分
ヘッド
印刷
供給
表示
送信
形成
処理
枠
とき
面
画像
配置
文書
イメージ
体
サイズ
ノズル
布
部分
トナー
反対
為
刺繍
支持
モード
パターン
縫製
種々
記録
指示
記号
インクジェット
模様
指令
印字
受信
文字
入力
固定
部材
際
設定
ディスプレイ
インク
中央
通信
側
書体
レイアウト
解除
接合
同様
カーソル
対向
担
チャンネル
重合
自在
地域
関連
周
導
向き
用
現在
ベース
不良
層
検査
補強
電極
帽子
製
加工
内接
規制
ローラ
自身
局
縮小
剤
部
検出
システム
間
曲
状
音楽
駆動
幅
等
フレーム
合成
現像
縫針
厚
実行
前後
無線
選択
板
内容
装着
開始
テキスト
他
詰まり
カラオケ
最適
断
路
液
後
左右
予測
仕様
案内
左
読出し
サーバ
絶縁
形状
接近
下部
領域
比較
相
アパチャ
フォント
右
込
接続
送受信
多数
ダミー
ミシン
バッファ
ベッド
着脱
両側
配
シート
保持
広告
携帯
エリア
格納
演奏
面積
相対
大幅
量
経路
支え
バック
片方向
周り
シリンダ
ページ
軸
弾性
１つ
接着
外部
設
区画
毎
流れ
編集
電
トレース
存在
流入
押
分割
直交
中継
針
対応
うち
チェック
ごと
単
次回
滴
若干
目
近傍
プリント
金属
連続
フォーマット
上部
展開
回
成分
内壁
性
動
持
書式
ブロック
上下動
磁性
倍率
各行
落ち
上位
通過
不足
キャラクタ
読
描画
終了
群
付近
ドット
噴射
源
湾曲
傾斜
流
25.6
25.6
1.0
富士通株式会社

@/home/ec2-user/data/topics/3751
@/home/ec2-user/data/topics/3862
@/home/ec2-user/data/topics/1123
@/home/ec2-user/data/topics/1264
@/home/ec2-user/data/topics/1874
@/home/ec2-user/data/topics/3538
@/home/ec2-user/data/topics/3765
@/home/ec2-user/data/topics/1547
@/home/ec2-user/data/topics/3799
@/home/ec2-user/data/topics/3381
@/home/ec2-user/data/topics/2227
@/home/ec2-user/data/topics/5004
@/home/ec2-user/data/topics/3970
@/home/ec2-user/data/topics/3850
@/home/ec2-user/data/topics/3636
@/home/ec2-user/data/topics/3912
@/home/ec2-user/data/topics/3749
@/home/ec2-user/data/topics/3870
@/home/ec2-user/data/topics/1271
@/home/ec2-user/data/topics/4191
@/home/ec2-user/data/topics/3400
@/home/ec2-user/data/topics/3883
@/home/ec2-user/data/topics/3802
@/home/ec2-user/data/topics/1609
@/home/ec2-user/data/topics/3428
@/home/ec2-user/data/topics/2216
@/home/ec2-user/data/topics/2215
@/home/ec2-user/data/topics/3460
@/home/ec2-user/data/topics/3399
@/home/ec2-user/data/topics/1998
@/home/ec2-user/data/topics/3962
@/home/ec2-user/data/topics/3846
前記
装置
複数
該
入力
データ
信号
処理
情報
部
出力
接続
制御
それぞれ
方法
対応
化
回路
具備
5.5625
23.8125
0.233595800525
日本電気株式会社

@/home/ec2-user/data/topics/4300
@/home/ec2-user/data/topics/1867
@/home/ec2-user/data/topics/4309
@/home/ec2-user/data/topics/1783
@/home/ec2-user/data/topics/4578
@/home/ec2-user/data/topics/4785
@/home/ec2-user/data/topics/4227
@/home/ec2-user/data/topics/4477
@/home/ec2-user/data/topics/1948
@/home/ec2-user/data/topics/4388
@/home/ec2-user/data/topics/4595
@/home/ec2-user/data/topics/1078
@/home/ec2-user/data/topics/4902
@/home/ec2-user/data/topics/4142
@/home/ec2-user/data/topics/2150
@/home/ec2-user/data/topics/3853
@/home/ec2-user/data/topics/1464
@/home/ec2-user/data/topics/3995
@/home/ec2-user/data/topics/4134
@/home/ec2-user/data/topics/3938
@/home/ec2-user/data/topics/3766
@/home/ec2-user/data/topics/3767
@/home/ec2-user/data/topics/1791
@/home/ec2-user/data/topics/4490
@/home/ec2-user/data/topics/4561
@/home/ec2-user/data/topics/4238
@/home/ec2-user/data/topics/4236
@/home/ec2-user/data/topics/4171
@/home/ec2-user/data/topics/4138
@/home/ec2-user/data/topics/4877
@/home/ec2-user/data/topics/4876
@/home/ec2-user/data/topics/1557
@/home/ec2-user/data/topics/4100
@/home/ec2-user/data/topics/4404
@/home/ec2-user/data/topics/4643
@/home/ec2-user/data/topics/4646
@/home/ec2-user/data/topics/4644
@/home/ec2-user/data/topics/4137
@/home/ec2-user/data/topics/4485
@/home/ec2-user/data/topics/4486
@/home/ec2-user/data/topics/2144
@/home/ec2-user/data/topics/4480
@/home/ec2-user/data/topics/2022
@/home/ec2-user/data/topics/1661
@/home/ec2-user/data/topics/1383
@/home/ec2-user/data/topics/4093
@/home/ec2-user/data/topics/1326
@/home/ec2-user/data/topics/4414
@/home/ec2-user/data/topics/4092
@/home/ec2-user/data/topics/4320
@/home/ec2-user/data/topics/1122
@/home/ec2-user/data/topics/4657
@/home/ec2-user/data/topics/4209
@/home/ec2-user/data/topics/4651
@/home/ec2-user/data/topics/1486
@/home/ec2-user/data/topics/1928
@/home/ec2-user/data/topics/4659
@/home/ec2-user/data/topics/4207
@/home/ec2-user/data/topics/4204
@/home/ec2-user/data/topics/4129
@/home/ec2-user/data/topics/4281
@/home/ec2-user/data/topics/4728
@/home/ec2-user/data/topics/4418
@/home/ec2-user/data/topics/4808
@/home/ec2-user/data/topics/1852
@/home/ec2-user/data/topics/4120
@/home/ec2-user/data/topics/4721
@/home/ec2-user/data/topics/4497
@/home/ec2-user/data/topics/1457
@/home/ec2-user/data/topics/1523
@/home/ec2-user/data/topics/1016
@/home/ec2-user/data/topics/4216
@/home/ec2-user/data/topics/4446
@/home/ec2-user/data/topics/4128
@/home/ec2-user/data/topics/4196
@/home/ec2-user/data/topics/3744
@/home/ec2-user/data/topics/4192
@/home/ec2-user/data/topics/3956
@/home/ec2-user/data/topics/3954
@/home/ec2-user/data/topics/4116
@/home/ec2-user/data/topics/1937
@/home/ec2-user/data/topics/4359
@/home/ec2-user/data/topics/4626
@/home/ec2-user/data/topics/1973
@/home/ec2-user/data/topics/4352
@/home/ec2-user/data/topics/4119
@/home/ec2-user/data/topics/4759
@/home/ec2-user/data/topics/4429
@/home/ec2-user/data/topics/4816
@/home/ec2-user/data/topics/2041
@/home/ec2-user/data/topics/4750
@/home/ec2-user/data/topics/1724
@/home/ec2-user/data/topics/4427
@/home/ec2-user/data/topics/1844
@/home/ec2-user/data/topics/2166
@/home/ec2-user/data/topics/4609
@/home/ec2-user/data/topics/4536
@/home/ec2-user/data/topics/4260
@/home/ec2-user/data/topics/4267
@/home/ec2-user/data/topics/5034
@/home/ec2-user/data/topics/4185
@/home/ec2-user/data/topics/4186
@/home/ec2-user/data/topics/4718
@/home/ec2-user/data/topics/4434
@/home/ec2-user/data/topics/4389
@/home/ec2-user/data/topics/4433
@/home/ec2-user/data/topics/4634
@/home/ec2-user/data/topics/4708
@/home/ec2-user/data/topics/4343
@/home/ec2-user/data/topics/4342
@/home/ec2-user/data/topics/1879
@/home/ec2-user/data/topics/4062
@/home/ec2-user/data/topics/4063
@/home/ec2-user/data/topics/4749
@/home/ec2-user/data/topics/1634
@/home/ec2-user/data/topics/4940
@/home/ec2-user/data/topics/4742
@/home/ec2-user/data/topics/4824
@/home/ec2-user/data/topics/4537
@/home/ec2-user/data/topics/4530
@/home/ec2-user/data/topics/4532
@/home/ec2-user/data/topics/4533
@/home/ec2-user/data/topics/2119
@/home/ec2-user/data/topics/1500
@/home/ec2-user/data/topics/4892
@/home/ec2-user/data/topics/3896
@/home/ec2-user/data/topics/3897
@/home/ec2-user/data/topics/4273
@/home/ec2-user/data/topics/4272
@/home/ec2-user/data/topics/4276
@/home/ec2-user/data/topics/4275
@/home/ec2-user/data/topics/4278
@/home/ec2-user/data/topics/3875
@/home/ec2-user/data/topics/4338
@/home/ec2-user/data/topics/4440
@/home/ec2-user/data/topics/4442
@/home/ec2-user/data/topics/4775
@/home/ec2-user/data/topics/3729
@/home/ec2-user/data/topics/4770
@/home/ec2-user/data/topics/4447
@/home/ec2-user/data/topics/3724
@/home/ec2-user/data/topics/4371
@/home/ec2-user/data/topics/4603
@/home/ec2-user/data/topics/4779
@/home/ec2-user/data/topics/4838
@/home/ec2-user/data/topics/3886
@/home/ec2-user/data/topics/4682
@/home/ec2-user/data/topics/2127
@/home/ec2-user/data/topics/1624
@/home/ec2-user/data/topics/1773
@/home/ec2-user/data/topics/4071
@/home/ec2-user/data/topics/4689
@/home/ec2-user/data/topics/1923
@/home/ec2-user/data/topics/1100
@/home/ec2-user/data/topics/1101
@/home/ec2-user/data/topics/4666
@/home/ec2-user/data/topics/4650
@/home/ec2-user/data/topics/4081
@/home/ec2-user/data/topics/4082
@/home/ec2-user/data/topics/4360
@/home/ec2-user/data/topics/4246
@/home/ec2-user/data/topics/4247
@/home/ec2-user/data/topics/4244
@/home/ec2-user/data/topics/4243
@/home/ec2-user/data/topics/3865
@/home/ec2-user/data/topics/4760
@/home/ec2-user/data/topics/4764
@/home/ec2-user/data/topics/4613
@/home/ec2-user/data/topics/4425
@/home/ec2-user/data/topics/1891
@/home/ec2-user/data/topics/1199
@/home/ec2-user/data/topics/1815
@/home/ec2-user/data/topics/1052
@/home/ec2-user/data/topics/4458
@/home/ec2-user/data/topics/4162
@/home/ec2-user/data/topics/4240
@/home/ec2-user/data/topics/4696
@/home/ec2-user/data/topics/4699
@/home/ec2-user/data/topics/4003
@/home/ec2-user/data/topics/1612
@/home/ec2-user/data/topics/4168
@/home/ec2-user/data/topics/3971
@/home/ec2-user/data/topics/1112
@/home/ec2-user/data/topics/2031
@/home/ec2-user/data/topics/1116
@/home/ec2-user/data/topics/4598
@/home/ec2-user/data/topics/1567
@/home/ec2-user/data/topics/4310
@/home/ec2-user/data/topics/4258
@/home/ec2-user/data/topics/4313
@/home/ec2-user/data/topics/4097
@/home/ec2-user/data/topics/4315
@/home/ec2-user/data/topics/4318
@/home/ec2-user/data/topics/4319
@/home/ec2-user/data/topics/4254
@/home/ec2-user/data/topics/4257
@/home/ec2-user/data/topics/1710
@/home/ec2-user/data/topics/1595
@/home/ec2-user/data/topics/4460
@/home/ec2-user/data/topics/4926
@/home/ec2-user/data/topics/4398
@/home/ec2-user/data/topics/4153
@/home/ec2-user/data/topics/2088
@/home/ec2-user/data/topics/1281
@/home/ec2-user/data/topics/4154
@/home/ec2-user/data/topics/1044
@/home/ec2-user/data/topics/4390
@/home/ec2-user/data/topics/4665
@/home/ec2-user/data/topics/4158
@/home/ec2-user/data/topics/4393
@/home/ec2-user/data/topics/4017
@/home/ec2-user/data/topics/4725
@/home/ec2-user/data/topics/1364
@/home/ec2-user/data/topics/1362
@/home/ec2-user/data/topics/1360
@/home/ec2-user/data/topics/4584
@/home/ec2-user/data/topics/4549
@/home/ec2-user/data/topics/4288
@/home/ec2-user/data/topics/1764
@/home/ec2-user/data/topics/4850
前記
装置
情報
システム
接続
複数
方法
入力
データ
出力
端末
受信
3.65454545455
26.3954545455
0.138453590494
松下電器産業株式会社

@/home/ec2-user/data/topics/4303
@/home/ec2-user/data/topics/3920
@/home/ec2-user/data/topics/4307
@/home/ec2-user/data/topics/3494
@/home/ec2-user/data/topics/3719
@/home/ec2-user/data/topics/4574
@/home/ec2-user/data/topics/4229
@/home/ec2-user/data/topics/4577
@/home/ec2-user/data/topics/4787
@/home/ec2-user/data/topics/4475
@/home/ec2-user/data/topics/4707
@/home/ec2-user/data/topics/1540
@/home/ec2-user/data/topics/1525
@/home/ec2-user/data/topics/4676
@/home/ec2-user/data/topics/1070
@/home/ec2-user/data/topics/3558
@/home/ec2-user/data/topics/2156
@/home/ec2-user/data/topics/4180
@/home/ec2-user/data/topics/4867
@/home/ec2-user/data/topics/3761
@/home/ec2-user/data/topics/1158
@/home/ec2-user/data/topics/4139
@/home/ec2-user/data/topics/1157
@/home/ec2-user/data/topics/4885
@/home/ec2-user/data/topics/1955
@/home/ec2-user/data/topics/3402
@/home/ec2-user/data/topics/3404
@/home/ec2-user/data/topics/1701
@/home/ec2-user/data/topics/1829
@/home/ec2-user/data/topics/1705
@/home/ec2-user/data/topics/1706
@/home/ec2-user/data/topics/3847
@/home/ec2-user/data/topics/3658
@/home/ec2-user/data/topics/4558
@/home/ec2-user/data/topics/3676
@/home/ec2-user/data/topics/3386
@/home/ec2-user/data/topics/4280
@/home/ec2-user/data/topics/4804
@/home/ec2-user/data/topics/4806
@/home/ec2-user/data/topics/4043
@/home/ec2-user/data/topics/4126
@/home/ec2-user/data/topics/1257
@/home/ec2-user/data/topics/2170
@/home/ec2-user/data/topics/1252
@/home/ec2-user/data/topics/4491
@/home/ec2-user/data/topics/4968
@/home/ec2-user/data/topics/4961
@/home/ec2-user/data/topics/4215
@/home/ec2-user/data/topics/1339
@/home/ec2-user/data/topics/3585
@/home/ec2-user/data/topics/3746
@/home/ec2-user/data/topics/3951
@/home/ec2-user/data/topics/1136
@/home/ec2-user/data/topics/4193
@/home/ec2-user/data/topics/1633
@/home/ec2-user/data/topics/4625
@/home/ec2-user/data/topics/4355
@/home/ec2-user/data/topics/4817
@/home/ec2-user/data/topics/4422
@/home/ec2-user/data/topics/2056
@/home/ec2-user/data/topics/4754
@/home/ec2-user/data/topics/4382
@/home/ec2-user/data/topics/4501
@/home/ec2-user/data/topics/4264
@/home/ec2-user/data/topics/3619
@/home/ec2-user/data/topics/3807
@/home/ec2-user/data/topics/4101
@/home/ec2-user/data/topics/4102
@/home/ec2-user/data/topics/4385
@/home/ec2-user/data/topics/4464
@/home/ec2-user/data/topics/4945
@/home/ec2-user/data/topics/3519
@/home/ec2-user/data/topics/1589
@/home/ec2-user/data/topics/1635
@/home/ec2-user/data/topics/3455
@/home/ec2-user/data/topics/3692
@/home/ec2-user/data/topics/3510
@/home/ec2-user/data/topics/3694
@/home/ec2-user/data/topics/3514
@/home/ec2-user/data/topics/1881
@/home/ec2-user/data/topics/1509
@/home/ec2-user/data/topics/5028
@/home/ec2-user/data/topics/4274
@/home/ec2-user/data/topics/5024
@/home/ec2-user/data/topics/4448
@/home/ec2-user/data/topics/3721
@/home/ec2-user/data/topics/1026
@/home/ec2-user/data/topics/4936
@/home/ec2-user/data/topics/3680
@/home/ec2-user/data/topics/1748
@/home/ec2-user/data/topics/3960
@/home/ec2-user/data/topics/1516
@/home/ec2-user/data/topics/2029
@/home/ec2-user/data/topics/3904
@/home/ec2-user/data/topics/4667
@/home/ec2-user/data/topics/4761
@/home/ec2-user/data/topics/1898
@/home/ec2-user/data/topics/3739
@/home/ec2-user/data/topics/4459
@/home/ec2-user/data/topics/1812
@/home/ec2-user/data/topics/4160
@/home/ec2-user/data/topics/4000
@/home/ec2-user/data/topics/2222
@/home/ec2-user/data/topics/3979
@/home/ec2-user/data/topics/4599
@/home/ec2-user/data/topics/4098
@/home/ec2-user/data/topics/1179
@/home/ec2-user/data/topics/4798
@/home/ec2-user/data/topics/4503
@/home/ec2-user/data/topics/4502
@/home/ec2-user/data/topics/1885
@/home/ec2-user/data/topics/4797
@/home/ec2-user/data/topics/3704
@/home/ec2-user/data/topics/4157
@/home/ec2-user/data/topics/4918
@/home/ec2-user/data/topics/2129
@/home/ec2-user/data/topics/4917
@/home/ec2-user/data/topics/2080
@/home/ec2-user/data/topics/4159
@/home/ec2-user/data/topics/4394
@/home/ec2-user/data/topics/1477
@/home/ec2-user/data/topics/1762
@/home/ec2-user/data/topics/4586
前記
装置
部
複数
信号
制御
形成
方法
情報
検出
出力
表示
データ
間
電極
基板
位置
接続
所定
具備
4.80487804878
28.081300813
0.1711059641
ミノルタ株式会社

@/home/ec2-user/data/topics/3545
@/home/ec2-user/data/topics/3810
@/home/ec2-user/data/topics/4951
@/home/ec2-user/data/topics/3584
@/home/ec2-user/data/topics/4321
@/home/ec2-user/data/topics/1152
@/home/ec2-user/data/topics/2190
@/home/ec2-user/data/topics/4984
@/home/ec2-user/data/topics/4986
@/home/ec2-user/data/topics/4977
@/home/ec2-user/data/topics/4970
@/home/ec2-user/data/topics/4971
前記
装置
画像
像
撮像
処理
側
方向
位置
データ
ネットワーク
複数
可能
式
制御
情報
領域
下流
対向
担
上記
横
体
レンズ
トナー
部材
規制
剤
被写体
合成
ボディ
現像
量
負
下方
取得
時間
性
状
状態
系
光学
使用
受信
所定
表示
間
際
うち
回転
デジタル
搬送
カメラ
光
持
移動
一般
した
厚み
密度
フォーカシング
ユニット
メモリ
関係
付き
ブラック
周
導
作成
フェイス
プレ
復元
撮影
感応
赤
間隔
点
部分
宛先
絞り
動画
組
空間
ローラ
補正
検出
他
素子
取出
出力
解析
セッティング
交換
書
手
電子
長手
静止
可視
選択
組合せ
板
含有
カーボン
上側
バインダー
開放
入射
それぞれ
後
物体
段数
満足
マグネット
着色
樹脂
上流
付与
上方
総合
供給
下部
否
台
材料
込
原稿
極性
群
倍
接触
開口
構造
底
屈折
磁束
壁
登録
ズームレンズ
印加
投影
インタフェース
ユーザ
パワー
送信
選定
ファームウェア
ステップ
荷電
該
右上
実行
側壁
管理
演算
設定
外
下記
デバイス
ごと
生成
変
一体化
帯電
入力
固定
連携
読取り
電池
電力
左側
面
以下
プログラム
右
存在
望遠
端末
データ通信
接続
タイミング
制限
バイアス
コンピュータ
距離
インター
メール
かつ
書き込み
消費
画素
条件
近傍
結
同一
装着
電圧
部
先
指
正
スリーブ
端
シェーディング
倍率
垂直
修正
磁性
消去
ジョブ
配置
電
ファイル
合わせ
所要
磁極
有
25.5
25.5
1.0
株式会社リコー

@/home/ec2-user/data/topics/3759
@/home/ec2-user/data/topics/1225
@/home/ec2-user/data/topics/3446
@/home/ec2-user/data/topics/1083
@/home/ec2-user/data/topics/4037
@/home/ec2-user/data/topics/3775
@/home/ec2-user/data/topics/1095
@/home/ec2-user/data/topics/1780
@/home/ec2-user/data/topics/3750
@/home/ec2-user/data/topics/3495
@/home/ec2-user/data/topics/3633
@/home/ec2-user/data/topics/4879
@/home/ec2-user/data/topics/3378
@/home/ec2-user/data/topics/1610
@/home/ec2-user/data/topics/1433
@/home/ec2-user/data/topics/3411
@/home/ec2-user/data/topics/3711
@/home/ec2-user/data/topics/4344
@/home/ec2-user/data/topics/1878
@/home/ec2-user/data/topics/4616
@/home/ec2-user/data/topics/3474
@/home/ec2-user/data/topics/2201
@/home/ec2-user/data/topics/3555
@/home/ec2-user/data/topics/1776
@/home/ec2-user/data/topics/3713
@/home/ec2-user/data/topics/3472
@/home/ec2-user/data/topics/1190
@/home/ec2-user/data/topics/1775
@/home/ec2-user/data/topics/1718
@/home/ec2-user/data/topics/3436
@/home/ec2-user/data/topics/3530
@/home/ec2-user/data/topics/3880
@/home/ec2-user/data/topics/2200
@/home/ec2-user/data/topics/4781
@/home/ec2-user/data/topics/1691
@/home/ec2-user/data/topics/1755
@/home/ec2-user/data/topics/1670
@/home/ec2-user/data/topics/3557
@/home/ec2-user/data/topics/3837
@/home/ec2-user/data/topics/1774
@/home/ec2-user/data/topics/1668
@/home/ec2-user/data/topics/3669
@/home/ec2-user/data/topics/1740
@/home/ec2-user/data/topics/3484
@/home/ec2-user/data/topics/2182
@/home/ec2-user/data/topics/3523
@/home/ec2-user/data/topics/1593
@/home/ec2-user/data/topics/1482
@/home/ec2-user/data/topics/3687
@/home/ec2-user/data/topics/2189
@/home/ec2-user/data/topics/3394
@/home/ec2-user/data/topics/1436
@/home/ec2-user/data/topics/1806
@/home/ec2-user/data/topics/1627
@/home/ec2-user/data/topics/2043
@/home/ec2-user/data/topics/1282
@/home/ec2-user/data/topics/1976
@/home/ec2-user/data/topics/2219
@/home/ec2-user/data/topics/1974
@/home/ec2-user/data/topics/3548
@/home/ec2-user/data/topics/1064
@/home/ec2-user/data/topics/3424
@/home/ec2-user/data/topics/1106
@/home/ec2-user/data/topics/2006
@/home/ec2-user/data/topics/1669
@/home/ec2-user/data/topics/3574
@/home/ec2-user/data/topics/1514
@/home/ec2-user/data/topics/1478
@/home/ec2-user/data/topics/4265
@/home/ec2-user/data/topics/1663
@/home/ec2-user/data/topics/2090
装置
前記
画像
形成
該
情報
部
制御
複数
記録
データ
上記
体
4.40845070423
26.9154929577
0.16378859236
ソニー株式会社

@/home/ec2-user/data/topics/1147
@/home/ec2-user/data/topics/3924
@/home/ec2-user/data/topics/4184
@/home/ec2-user/data/topics/2094
@/home/ec2-user/data/topics/1873
@/home/ec2-user/data/topics/1926
@/home/ec2-user/data/topics/4224
@/home/ec2-user/data/topics/1892
@/home/ec2-user/data/topics/1912
@/home/ec2-user/data/topics/3456
@/home/ec2-user/data/topics/1426
@/home/ec2-user/data/topics/2059
@/home/ec2-user/data/topics/2058
@/home/ec2-user/data/topics/1967
@/home/ec2-user/data/topics/1778
@/home/ec2-user/data/topics/2037
@/home/ec2-user/data/topics/1298
@/home/ec2-user/data/topics/3975
@/home/ec2-user/data/topics/1679
@/home/ec2-user/data/topics/1397
@/home/ec2-user/data/topics/2052
@/home/ec2-user/data/topics/1291
@/home/ec2-user/data/topics/3872
@/home/ec2-user/data/topics/2075
@/home/ec2-user/data/topics/1233
@/home/ec2-user/data/topics/1218
@/home/ec2-user/data/topics/1686
@/home/ec2-user/data/topics/4219
@/home/ec2-user/data/topics/3955
@/home/ec2-user/data/topics/3401
@/home/ec2-user/data/topics/1954
@/home/ec2-user/data/topics/3392
@/home/ec2-user/data/topics/5027
@/home/ec2-user/data/topics/1836
@/home/ec2-user/data/topics/1884
@/home/ec2-user/data/topics/4351
@/home/ec2-user/data/topics/1435
@/home/ec2-user/data/topics/1491
@/home/ec2-user/data/topics/1414
@/home/ec2-user/data/topics/1602
@/home/ec2-user/data/topics/2048
@/home/ec2-user/data/topics/1471
@/home/ec2-user/data/topics/1102
@/home/ec2-user/data/topics/1749
@/home/ec2-user/data/topics/1059
@/home/ec2-user/data/topics/1380
@/home/ec2-user/data/topics/2105
装置
上記
前記
制御
信号
表示
位置
画像
所定
形成
該
部
処理
用
記録
方法
可能
対応
間
面
状
入力
データ
再生
出力
供給
接続
物
領域
媒体
回路
基板
保持
複数
情報
側
体
結果
素子
選択
移動
化
光
一方
毎
パネル
部分
層
駆動
検出
設定
線
実行
軸
方向
電圧
量
時
性
端子
固定
撮像
電極
位置決め
事
検査
9.57446808511
24.2553191489
0.394736842105
富士ゼロックス株式会社

@/home/ec2-user/data/topics/3782
@/home/ec2-user/data/topics/3661
@/home/ec2-user/data/topics/3383
@/home/ec2-user/data/topics/3564
@/home/ec2-user/data/topics/3662
@/home/ec2-user/data/topics/3695
@/home/ec2-user/data/topics/3473
@/home/ec2-user/data/topics/3790
@/home/ec2-user/data/topics/1947
@/home/ec2-user/data/topics/3407
@/home/ec2-user/data/topics/1560
@/home/ec2-user/data/topics/4108
@/home/ec2-user/data/topics/5031
@/home/ec2-user/data/topics/3366
@/home/ec2-user/data/topics/3640
装置
前記
画像
該
形成
体
現像
制御
像
トナー
処理
入力
担
出力
転写
記録
方法
潜
中
持
１つ
具備
複数
可能
位置
静
記憶
接続
対応
表面
要求
領域
発生
用
電荷
剤
部
選択
含有
後
着色
応答
指示
状態
データ
工程
露光
変換
型
動作
蓄積
強度
色
粒子
転送
液体
ジョブ
電
文書
13.7333333333
25.2
0.544973544974
住友金属工業株式会社

@/home/ec2-user/data/topics/4733
@/home/ec2-user/data/topics/4182
@/home/ec2-user/data/topics/3826
@/home/ec2-user/data/topics/4534
@/home/ec2-user/data/topics/3577
@/home/ec2-user/data/topics/4322
@/home/ec2-user/data/topics/4661
@/home/ec2-user/data/topics/4295
@/home/ec2-user/data/topics/1268
@/home/ec2-user/data/topics/4991
@/home/ec2-user/data/topics/4021
@/home/ec2-user/data/topics/3655
以下
以上
含有
鋼板
合金
量
不純物
残部
不可避
材
方向
用
溶融
組成
質量
孔
めっき
径
方法
式
満足
化学
性
製造
前記
炉
素
ロール
スタンド
亜鉛
下記
供給
車両
摺
機
重量
化
複数
系
面
上記
形成
１つ
型
間
中
漬
圧延
表面
軸
皮膜
連続
結晶
動
粒
金属
元素
溶銑
対向
水平
雰囲気
パス
スライディング
平均
真
体
形式
線
関係
メッキ
自在
記号
シールド
周
ノズル
張力
独立
層
可変
横断
水
細
加工
混合
剛
焼鈍
輪
肉
ステンレス
ゲート
吸収
両端
装
剤
解体
一対
鉄道
略
円形
等
ライン
円
防止
成分
平行
使用
管
中央
運転
膨
箱
水溶液
鋼
支持
連接
分別
テン
直通
燐
時
吐出
線上
逆
粉末
蔵
サイト
水平面
辺
合計
形状
一体
インナー
注入
軸受
回収
流
硬化
群
片面
衝撃
長
状態
実質
両側
装置
一軸
スリップ
車輪
片
模様
高
ステ
浴
流量
可能
物
厚
けい
向き
台車
プレス
それぞれ
４つ
潤
露点
エネルギー
長方形
短
フェライト
安全
機能
法
鋼管
板
磁気
マル
度
溶鋼
電池
母
上下
水素
角
左右
密着
配合
際
組織
軌間
複合
ガス
相
中心
間隔
強度
転
爆発
粒子
分散
廃棄
鉱物
装着
角度
制御
化合
部
体積
対策
負
移動
極
梁
均一
スパングル
直径
底
変更
鋳造
吸
鋳型
ナイト
液体
粉
焼付
タンデム
配置
事前
スクラップ
溝
線路
廃車
有
27.5
27.5
1.0
キヤノン株式会社

@/home/ec2-user/data/topics/3949
@/home/ec2-user/data/topics/3420
@/home/ec2-user/data/topics/3445
@/home/ec2-user/data/topics/4020
@/home/ec2-user/data/topics/4363
@/home/ec2-user/data/topics/1080
@/home/ec2-user/data/topics/1847
@/home/ec2-user/data/topics/1866
@/home/ec2-user/data/topics/3755
@/home/ec2-user/data/topics/4948
@/home/ec2-user/data/topics/3416
@/home/ec2-user/data/topics/3417
@/home/ec2-user/data/topics/3415
@/home/ec2-user/data/topics/1438
@/home/ec2-user/data/topics/3410
@/home/ec2-user/data/topics/1895
@/home/ec2-user/data/topics/3737
@/home/ec2-user/data/topics/4610
@/home/ec2-user/data/topics/3656
@/home/ec2-user/data/topics/3730
@/home/ec2-user/data/topics/3438
@/home/ec2-user/data/topics/1631
@/home/ec2-user/data/topics/2053
@/home/ec2-user/data/topics/3454
@/home/ec2-user/data/topics/3967
@/home/ec2-user/data/topics/3430
@/home/ec2-user/data/topics/3720
@/home/ec2-user/data/topics/4068
@/home/ec2-user/data/topics/3434
@/home/ec2-user/data/topics/1961
@/home/ec2-user/data/topics/1568
@/home/ec2-user/data/topics/3852
@/home/ec2-user/data/topics/2145
@/home/ec2-user/data/topics/1118
@/home/ec2-user/data/topics/2117
@/home/ec2-user/data/topics/3628
@/home/ec2-user/data/topics/3958
@/home/ec2-user/data/topics/1216
@/home/ec2-user/data/topics/3660
@/home/ec2-user/data/topics/1124
@/home/ec2-user/data/topics/1790
@/home/ec2-user/data/topics/4947
@/home/ec2-user/data/topics/1646
@/home/ec2-user/data/topics/1848
@/home/ec2-user/data/topics/1590
@/home/ec2-user/data/topics/1889
@/home/ec2-user/data/topics/3996
@/home/ec2-user/data/topics/4628
@/home/ec2-user/data/topics/1228
@/home/ec2-user/data/topics/4350
@/home/ec2-user/data/topics/3642
@/home/ec2-user/data/topics/3722
@/home/ec2-user/data/topics/4054
@/home/ec2-user/data/topics/1208
@/home/ec2-user/data/topics/1802
@/home/ec2-user/data/topics/4937
@/home/ec2-user/data/topics/2231
@/home/ec2-user/data/topics/3376
@/home/ec2-user/data/topics/1975
@/home/ec2-user/data/topics/3374
@/home/ec2-user/data/topics/3441
@/home/ec2-user/data/topics/4521
@/home/ec2-user/data/topics/4520
@/home/ec2-user/data/topics/1455
@/home/ec2-user/data/topics/3843
@/home/ec2-user/data/topics/1519
@/home/ec2-user/data/topics/1539
@/home/ec2-user/data/topics/2004
@/home/ec2-user/data/topics/1744
@/home/ec2-user/data/topics/1745
@/home/ec2-user/data/topics/2243
@/home/ec2-user/data/topics/2107
@/home/ec2-user/data/topics/1513
装置
前記
該
画像
形成
体
情報
像
制御
部
出力
複数
4.3698630137
27.4520547945
0.159181636727
三洋電機株式会社

@/home/ec2-user/data/topics/5011
@/home/ec2-user/data/topics/4301
@/home/ec2-user/data/topics/1321
@/home/ec2-user/data/topics/3926
@/home/ec2-user/data/topics/3808
@/home/ec2-user/data/topics/1163
@/home/ec2-user/data/topics/4654
@/home/ec2-user/data/topics/3804
@/home/ec2-user/data/topics/3492
@/home/ec2-user/data/topics/3754
@/home/ec2-user/data/topics/3986
@/home/ec2-user/data/topics/3491
@/home/ec2-user/data/topics/4571
@/home/ec2-user/data/topics/4763
@/home/ec2-user/data/topics/3889
@/home/ec2-user/data/topics/2194
@/home/ec2-user/data/topics/4015
@/home/ec2-user/data/topics/4304
@/home/ec2-user/data/topics/4788
@/home/ec2-user/data/topics/3539
@/home/ec2-user/data/topics/4384
@/home/ec2-user/data/topics/3859
@/home/ec2-user/data/topics/1488
@/home/ec2-user/data/topics/4474
@/home/ec2-user/data/topics/3906
@/home/ec2-user/data/topics/1289
@/home/ec2-user/data/topics/4061
@/home/ec2-user/data/topics/4066
@/home/ec2-user/data/topics/2054
@/home/ec2-user/data/topics/1980
@/home/ec2-user/data/topics/1079
@/home/ec2-user/data/topics/4001
@/home/ec2-user/data/topics/3581
@/home/ec2-user/data/topics/4726
@/home/ec2-user/data/topics/3403
@/home/ec2-user/data/topics/4720
@/home/ec2-user/data/topics/1722
@/home/ec2-user/data/topics/2098
@/home/ec2-user/data/topics/3845
@/home/ec2-user/data/topics/4983
@/home/ec2-user/data/topics/2230
@/home/ec2-user/data/topics/4492
@/home/ec2-user/data/topics/1652
@/home/ec2-user/data/topics/2014
@/home/ec2-user/data/topics/2071
@/home/ec2-user/data/topics/1671
@/home/ec2-user/data/topics/3974
@/home/ec2-user/data/topics/5002
@/home/ec2-user/data/topics/3830
@/home/ec2-user/data/topics/3817
@/home/ec2-user/data/topics/4212
@/home/ec2-user/data/topics/3953
@/home/ec2-user/data/topics/4099
@/home/ec2-user/data/topics/3625
@/home/ec2-user/data/topics/4060
@/home/ec2-user/data/topics/3708
@/home/ec2-user/data/topics/1653
@/home/ec2-user/data/topics/4039
@/home/ec2-user/data/topics/4604
@/home/ec2-user/data/topics/4376
@/home/ec2-user/data/topics/4960
@/home/ec2-user/data/topics/4150
@/home/ec2-user/data/topics/3781
@/home/ec2-user/data/topics/4679
@/home/ec2-user/data/topics/4328
@/home/ec2-user/data/topics/4527
@/home/ec2-user/data/topics/3398
@/home/ec2-user/data/topics/3681
@/home/ec2-user/data/topics/4178
@/home/ec2-user/data/topics/4179
@/home/ec2-user/data/topics/4837
@/home/ec2-user/data/topics/4978
@/home/ec2-user/data/topics/1451
@/home/ec2-user/data/topics/1246
@/home/ec2-user/data/topics/1515
@/home/ec2-user/data/topics/1386
@/home/ec2-user/data/topics/2063
@/home/ec2-user/data/topics/4612
@/home/ec2-user/data/topics/1479
前記
装置
複数
情報
表示
検出
所定
データ
制御
該
記憶
回路
可能
選択
信号
部
処理
形成
機
方法
画像
入力
当該
5.01265822785
24.6962025316
0.202972834444
三菱電機株式会社

@/home/ec2-user/data/topics/4305
@/home/ec2-user/data/topics/3592
@/home/ec2-user/data/topics/3612
@/home/ec2-user/data/topics/3921
@/home/ec2-user/data/topics/3616
@/home/ec2-user/data/topics/3774
@/home/ec2-user/data/topics/4181
@/home/ec2-user/data/topics/5032
@/home/ec2-user/data/topics/5033
@/home/ec2-user/data/topics/3490
@/home/ec2-user/data/topics/3412
@/home/ec2-user/data/topics/3506
@/home/ec2-user/data/topics/4220
@/home/ec2-user/data/topics/4221
@/home/ec2-user/data/topics/2146
@/home/ec2-user/data/topics/4282
@/home/ec2-user/data/topics/1738
@/home/ec2-user/data/topics/4518
@/home/ec2-user/data/topics/4047
@/home/ec2-user/data/topics/4149
@/home/ec2-user/data/topics/4041
@/home/ec2-user/data/topics/4419
@/home/ec2-user/data/topics/1110
@/home/ec2-user/data/topics/4552
@/home/ec2-user/data/topics/1220
@/home/ec2-user/data/topics/4133
@/home/ec2-user/data/topics/4514
@/home/ec2-user/data/topics/4614
@/home/ec2-user/data/topics/3856
@/home/ec2-user/data/topics/4980
@/home/ec2-user/data/topics/3747
@/home/ec2-user/data/topics/1754
@/home/ec2-user/data/topics/3666
@/home/ec2-user/data/topics/3453
@/home/ec2-user/data/topics/4880
@/home/ec2-user/data/topics/1792
@/home/ec2-user/data/topics/3609
@/home/ec2-user/data/topics/3873
@/home/ec2-user/data/topics/3493
@/home/ec2-user/data/topics/4562
@/home/ec2-user/data/topics/3595
@/home/ec2-user/data/topics/3451
@/home/ec2-user/data/topics/3800
@/home/ec2-user/data/topics/3409
@/home/ec2-user/data/topics/4235
@/home/ec2-user/data/topics/4233
@/home/ec2-user/data/topics/3466
@/home/ec2-user/data/topics/3465
@/home/ec2-user/data/topics/3397
@/home/ec2-user/data/topics/4076
@/home/ec2-user/data/topics/4834
@/home/ec2-user/data/topics/3469
@/home/ec2-user/data/topics/4663
@/home/ec2-user/data/topics/3841
@/home/ec2-user/data/topics/1536
@/home/ec2-user/data/topics/3963
@/home/ec2-user/data/topics/1872
@/home/ec2-user/data/topics/3820
装置
上記
前記
複数
部
検出
出力
間
制御
所定
信号
接続
データ
位置
設定
送信
4.65517241379
29.2586206897
0.159104301709
セイコーエプソン株式会社

@/home/ec2-user/data/topics/1343
@/home/ec2-user/data/topics/1484
@/home/ec2-user/data/topics/3361
@/home/ec2-user/data/topics/4022
@/home/ec2-user/data/topics/4454
@/home/ec2-user/data/topics/4109
@/home/ec2-user/data/topics/1890
@/home/ec2-user/data/topics/4801
@/home/ec2-user/data/topics/1423
@/home/ec2-user/data/topics/1938
@/home/ec2-user/data/topics/4386
@/home/ec2-user/data/topics/2078
@/home/ec2-user/data/topics/1378
@/home/ec2-user/data/topics/3505
@/home/ec2-user/data/topics/3910
@/home/ec2-user/data/topics/3589
@/home/ec2-user/data/topics/3819
@/home/ec2-user/data/topics/3476
@/home/ec2-user/data/topics/4585
@/home/ec2-user/data/topics/4605
@/home/ec2-user/data/topics/3887
@/home/ec2-user/data/topics/1641
@/home/ec2-user/data/topics/4719
@/home/ec2-user/data/topics/4802
@/home/ec2-user/data/topics/2165
@/home/ec2-user/data/topics/3985
前記
装置
形成
データ
インク
部
記録
インクジェット
複数
印刷
開口
制御
ヘッド
該
対応
供給
画像
圧
位置
信号
式
ノズル
発生
駆動
媒体
半導体
基板
室
方法
部材
滴
電
情報
体
検出
接続
プリンタ
間
振動
電極
子
圧力
対向
プレート
ユニット
可能
持
吐出
素子
所定
選択
口
板
材
封
処理
工程
配置
動作
取得
形状
外部
設定
像
とき
領域
要素
路
幅
実行
装着
それぞれ
状態
搬送
宛先
移動
挟
指示
製造
列
ホスト
方向
用
トナー
吸収
判断
変化
出力
最適
化
生成
一方
設
面
中
以下
以上
うち
電圧
フレーム
エッチング
側面
側
収納
カラー
転写
一部
後
下部
否
連
濃度
フィルム
印加
流
アイランド
カートリッジ
層
保持
モード
感光
共通
記憶
入力
中間
事
抽出
17.3846153846
27.5
0.632167832168
沖電気工業株式会社

@/home/ec2-user/data/topics/3395
@/home/ec2-user/data/topics/4693
@/home/ec2-user/data/topics/4308
@/home/ec2-user/data/topics/3764
@/home/ec2-user/data/topics/3457
@/home/ec2-user/data/topics/1188
@/home/ec2-user/data/topics/3690
@/home/ec2-user/data/topics/3433
@/home/ec2-user/data/topics/3571
@/home/ec2-user/data/topics/3621
@/home/ec2-user/data/topics/3964
@/home/ec2-user/data/topics/4575
@/home/ec2-user/data/topics/1531
@/home/ec2-user/data/topics/4299
前記
装置
基板
該
出力
部
側
所定
基
半導体
生成
入力
膜
関係
発生
器
電気
システム
素子
処理
回路
当該
信号
基準
電子
方法
切替
構造
表示
形成
供給
間
配線
接続
対応
制御
電圧
式
性
付加
とき
実行
位相
型
情報
ワークステーション
ポリ
要求
変調
補正
テーブル
ドーパント
イメージ
いずれ
要素
設備
キーワード
記憶
数値
規則
ホール
記帳
監視
主成分
用
発光
係数
放射
一致
感応
騒音
操作
層
切り替え
変更
加工
連想
チャープ
腕
陰極
スロット
反対
ゲート
放熱
局
周波数
剤
検出
結果
電源
並列
認識
票
略
駆動
交換
ＤＣ
アルキル
文字数
低減
フレシキブル
インターフェース
組成
水素
集合
引き継ぎ
選択
放射線
フェノール
気流
内蔵
ループ
ドリフト
シフト
フィルタ
後
有機
逆
陽極
エステル
樹脂
付与
値
差
絶縁
管理
音
外部
輸送
橋
比較
価
層間
材料
プログラミング
機
表現
ハーフ
極性
凹
開口
突出
状態
データ
絡
モニタ
優先
対象
保持
炭素
複数
検索
弾性
特性
メチルフェニル
再送
力
物
受信
文字
パワー
送信
音波
ヒドロキシスチレン
トランジスタ
酸
スルホン
カード
ジフェニル
帳票
率
光
ビフェニル
マスク
接着
ボール
変換
透過
度
属性
受光
面
以下
位置
ジアミン
以上
集積
定義
漬
分割
半田
比
動作
バイアス
測定
音源
共振
設定
表面
両方
直列
トーン
差分
指向
カウント
ダクト
溶液
条件
近傍
機器
蔵
クラス
金属
連続
マッハツェンダ
波
窓
導通
各々
発信
物質
ファクシミリ
ブロッキング
データベース
オブジェクト
考慮
時間
転送
錯体
修正
境
吸
新旧
関数
配置
記入
挿入
補償
意図
初期
酸性
22.4285714286
22.4285714286
1.0
日本ビクター株式会社

@/home/ec2-user/data/topics/3603
@/home/ec2-user/data/topics/4056
@/home/ec2-user/data/topics/3939
@/home/ec2-user/data/topics/3882
@/home/ec2-user/data/topics/4123
@/home/ec2-user/data/topics/3620
@/home/ec2-user/data/topics/4672
@/home/ec2-user/data/topics/1823
@/home/ec2-user/data/topics/1520
@/home/ec2-user/data/topics/1389
@/home/ec2-user/data/topics/1440
前記
複数
情報
記録
装置
制御
領域
媒体
状
信号
表示
方法
形成
共通
記憶
入力
接続
光
金属
膜
液晶
用
層
電極
透明
対向
駆動
実行
面
選択
基板
クス
絶縁
印加
位置
画素
処理
間
中
配線
画像
分割
表面
リ
間隔
封入
マト
時間
機能
他
通信
反射
ピッチ
側
挿入
分
ディスク
ロード
エラー
メモリ
言語
イベント
フラックス
フォーカス
発生
フェイス
撮影
プロセッサ
撮像
家電
操作
保存
一方
合金
配列
リン
厚み
混合
空間
遮光
通知
筐
走査
吸収
電気
センサ
自動
銀
素子
兼用
解析
ピックアップ
連結
アクティブ
防止
ネットワーク
所定
インターフェース
出力
キング
種類
ポーリング
裏面
オート
構図
ディスクプレーヤ
開始
半導体
プログラム
回路
体
一部
リモートコントロール
適合
追尾
能動
多層
最適
それぞれ
成
可能
パターン
サーチ
性
ローカル
機器
上方
記述
回線
管理
融点
比較
機
ミニ
翻訳
開口
口
データ
ＬＡＮ
配
対象
保持
全部
光学
コンパクトディスク
射光
導
端子
使用
照射
トランジスタ
反転
パンチルト
方式
設定
態様
先
外
再生
インター
コントロール
１つ
外側
紛状
ビスマス
変換
設
交流
型
スイッチング
はんだ
電荷
電
以上
検出
計数
仮想
好適
定義
主
受光
記入
配合
対応
際
測定
力
距離
被写体
変位
書き込み
ペースト
内側
近傍
コイル
材
体内
波長
場面
結
導通
電流
像
電圧
供給
ズーム
埋設
ブロック
一体
フラッシュ
スイッチ
その後
粉
中央
配置
判定
スズ
終了
容量
以外
ステップ
直接
一定
プロトコル
判別
有
28.1818181818
28.1818181818
1.0
花王株式会社

@/home/ec2-user/data/topics/3812
@/home/ec2-user/data/topics/3884
@/home/ec2-user/data/topics/4211
@/home/ec2-user/data/topics/4287
@/home/ec2-user/data/topics/2214
@/home/ec2-user/data/topics/4827
@/home/ec2-user/data/topics/3753
@/home/ec2-user/data/topics/1022
@/home/ec2-user/data/topics/1196
@/home/ec2-user/data/topics/4249
@/home/ec2-user/data/topics/4445
@/home/ec2-user/data/topics/3999
@/home/ec2-user/data/topics/1767
物
含有
剤
組成
成分
活性
式
イオン
性
化
界面
中
用
化合
量
料
洗浄
重量
次
酸
型
水素
以上
分子
化粧
一般
製造
炭化
アルコール
過酸化水素
アルキル
基
アミ
分岐
有機
価
構造
該
族
以下
鎖
香料
炭素
染色
金属
塩
付加
方法
原子
毛髪
犠牲
誘導体
練
コンフリー
ゼオライト
桑
ローズマリー
吸着
生姜
体
加熱
油性
ホルム
導
カーボネート
芳香
アルカリ
層
ｐＨ
脂肪
シ
ケイ
水
製
ガ
透明
トナー
環状
溶融
温度
練物
皮
ロール
茵
陳
ランダム
類
他
オランダ
厚
処理
洗浄液
放出
ケタール
着色
芍薬
一種
何れ
冷却
冬
付帯
テロ
カミツレ
外観
槽
時
フッ素
液
イオン化
機能
漂白
脂
粉末
マスキング
アセタール
樹脂
美
自立
合計
オープン
連続
分離
融点
外用
染料
含
積層
造
機
袋
橙
順序
結合
フィルム
丁字
密度
白
置換
茶
アルカノールアミン
アルテア
キナ
装置
動物
混
オキシキノリン
可能
水系
工程
変性
低級
高分子
除去
黄
異臭
酸化
水切り
人参
下記
プロピレンオキサイド
葛根
熱
カルボニル
抽出
接着
松笠
ツケ
種類
電極
エチレンオキサイド
門
接続
比
ＬＢ
アルキルエーテル
ロート
ワックス
植物
着
澱粉
物質
濯ぎ
水酸基
結
同一
ゴン
アロエ
アルケニル
仙薬
高麗
条件
環
部
蒿
朴
傾向
ブロック
平均
ド
アルキルピロリドン
甘草
溶
麦
シモ
液体
モル
アルキレンカーボネート
電
ラ
カチオン
ン
粒
率
脱色
25.0
25.0
1.0
豊丸産業株式会社

@/home/ec2-user/data/topics/1713
@/home/ec2-user/data/topics/1677
@/home/ec2-user/data/topics/1588
@/home/ec2-user/data/topics/1138
@/home/ec2-user/data/topics/1284
@/home/ec2-user/data/topics/1726
@/home/ec2-user/data/topics/1126
@/home/ec2-user/data/topics/1353
@/home/ec2-user/data/topics/1097
@/home/ec2-user/data/topics/2169
@/home/ec2-user/data/topics/3672
@/home/ec2-user/data/topics/1401
@/home/ec2-user/data/topics/4847
@/home/ec2-user/data/topics/2011
@/home/ec2-user/data/topics/1914
機
遊技
前記
部
図柄
後
状態
表示
所定
生起
複数
可能
変動
特別
領域
球
停止
有利
時間
開始
パチンコ
装置
態様
確定
特定
側
入賞
通常
変化
報知
充足
信号
部材
条件
制御
終了
大当たり
用
価値
前
設
始動
それぞれ
不利
口
配
受信
発生
通過
送信
選定
縁
中
うち
可変
端
レール
一体
回数
とき
１つ
一部
ラウンド
添付
いずれ
取付
尺
体
自在
関連
方向
器
操作
一方
ゲーム
帯状
逆転
製
動画
透明
本体
長手
計測
決定
判断
該当
合成
可動
出現
使用
出力
種類
選択
裏面
内容
下方
方
結果
有無
路
当該
左右
脇
設置
込
付与
音
外部
算出
否
ステージ
システム
樹脂
種々
多数
位置
開口
データ
ネットワーク
サーバ
保持
前方
前後
開閉
空路
リーチ
係
形成
状況
下
別個
一斉
レンチキュラーレンズ
別々
枠
記憶
視認
補強
コマンド
以後
間
賞品
以下
検出
旨
接続
対応
際
コンピュータ
設定
板
アクション
時点
タイム
演出
早期
現出
同一
作動
発射
中空
止
ノーマル
排出
メイン
アドレス
頻度
それら
有効
当たり
飛
情報
確率
溝
25.2
25.2
1.0
鐘紡株式会社

@/home/ec2-user/data/topics/1304
@/home/ec2-user/data/topics/3560
@/home/ec2-user/data/topics/1054
@/home/ec2-user/data/topics/1870
@/home/ec2-user/data/topics/3551
@/home/ec2-user/data/topics/1842
@/home/ec2-user/data/topics/3634
@/home/ec2-user/data/topics/4195
@/home/ec2-user/data/topics/2223
@/home/ec2-user/data/topics/1178
@/home/ec2-user/data/topics/1367
@/home/ec2-user/data/topics/2034
@/home/ec2-user/data/topics/2185
@/home/ec2-user/data/topics/1886
@/home/ec2-user/data/topics/3566
@/home/ec2-user/data/topics/1901
物
含有
酸
以上
配合
料
組成
性
重量
化粧
基
鎖
剤
アミ
ポリエステル
樹脂
洗浄
化
式
炭素
金属
成分
分解
ジカルボン
重合
用
アルカリ
脂肪
ジオール
陰
イオン
混
活性
繊維
価
界面
エキス
エステル
表面
誘導体
族
中
化合
塩
収縮
一般
対
ポリ
養毛剤
水酸基
海苔
分
ゼオライト
織物
平均
高級
構造
タルク
ワックス
シート
主成分
湿式
アルコール
速度
加水
シアノグアニジン
リン
ジン
モノカルボン
押し出し
類
スクリュー
延伸
変化
系
媒体
量
糸
処理
繊
シラノール
選択
開始
残
抗菌
トリカルボン
体
レモン
添加
分岐
当該
フッ素
ニコチン
有機
径
変性
美
合計
差
リンゴ
酵素
ひび
連続
極性
基準
練
アンモニウム
長
硫酸
合成
白
実質
秒
アシル
カプセル
装置
米
シリコーン
酪
米糠
アルカノールアミド
ヒドロキシ
形成
緯糸
該
酸化
エチレングリコール
晶
頭髪
突起
固有
生成
疎水
抽出
アルキル
型
枝
カルボン
以下
化学
比率
共
せん断
比
原料
スルホン
回転
品
渣
精製
軸
溶性
肝臓
ペースト
配向
交
絡
粒子
分子
カルボキシル
皮膚
経糸
テレフタル
交互
油
粉砕
屈曲
ド
下記
甘草
群
土
フィラメント
中性
度
配置
乳酸
リ
有
カチオン
温度
流体
ポリマー
脂肪酸
率
ボトル
17.875
17.875
1.0
株式会社デンソー

@/home/ec2-user/data/topics/1855
@/home/ec2-user/data/topics/4046
@/home/ec2-user/data/topics/4164
@/home/ec2-user/data/topics/3710
@/home/ec2-user/data/topics/3480
@/home/ec2-user/data/topics/4423
@/home/ec2-user/data/topics/4675
@/home/ec2-user/data/topics/3406
@/home/ec2-user/data/topics/4024
@/home/ec2-user/data/topics/1028
@/home/ec2-user/data/topics/4622
@/home/ec2-user/data/topics/4656
@/home/ec2-user/data/topics/4483
@/home/ec2-user/data/topics/4498
@/home/ec2-user/data/topics/4840
@/home/ec2-user/data/topics/3421
@/home/ec2-user/data/topics/4805
前記
装置
用
制御
所定
複数
位置
記憶
車
車両
検出
当該
信号
通信
情報
発生
システム
認識
データ
方法
距離
走行
電話
接続
対応
際
うち
設定
角度
群
とき
判定
入力
体
単位
変更
アクセス
結果
駆動
出力
目的
運転
選択
時
後
可能
性
案内
機器
比較
機
変化
基準
表示
状態
対象
文字
給電
携帯
車載
量
経路
送信
形成
該
機能
生成
変換
間
以下
移動
存在
回転
蒸発
種類
音声
負
地
特定
エンジン
側
スキップ
要求
着信
色
確認
近接
下位
補正
階層
化
真
いずれ
室内
線
受話
成功
数値
ネットワーク
操作
必要
指定
関連
出発
自動
方向
到達
器
冷凍
緊急
優先
強制
機関
電極
準備
注入
条件
電子
線路
不一致
空調
周波数
局
補
追従
ナビゲーション
決定
有無
道路
該当
マーク
予備
充電
等
除
物理
前方
幅
吸着
処理
報知
要
液
好適
ケース
分布
判断
不能
テキスト
残
冷却
物体
始動
路面
通報
リンク
開放
故障
管内
列
セパレータ
予定
交差点
バイト
潜熱
リフレクタ
解析
値
一端
略
点
精度
事態
主
否
電気
導体
状
定数
開始
記号
コード
送風
パージ
吸気
系
辞書
特性
停止
圧
モータ
個別
導入
相関
物
計測
相対
圧力
工程
通過
力
タンク
イラスト
上位
キャニスタ
定義
ガス
エレメント
電機
弁
搭載
テンプレート
内燃
管
１つ
メール
圧縮
相手
無線
一方
周期
部材
毎
アンテナ
快適
配信
中
流量
符号
あたり
端末
燃料
通話
施設
記入
動作
湿度
ディスプレイ
両方
冷媒
容量
性質
乾燥
タイミング
高速
最終
電池
ハイブリッド
連続
診断
噴射
空気
一致
作動
発信
障害
状況
ＩＤ
持
パターン
極
先
製造
正
評価
語
回数
ガイド
水
パルス
その後
方式
振動
それら
度
マッチング
加味
挿入
以外
サイクル
通路
各種
電解
蓄電
自発
反射
26.4117647059
26.4117647059
1.0
富士写真フイルム株式会社

@/home/ec2-user/data/topics/4962
@/home/ec2-user/data/topics/2134
@/home/ec2-user/data/topics/3911
@/home/ec2-user/data/topics/3354
@/home/ec2-user/data/topics/3447
@/home/ec2-user/data/topics/3918
@/home/ec2-user/data/topics/3857
@/home/ec2-user/data/topics/1244
@/home/ec2-user/data/topics/1570
@/home/ec2-user/data/topics/1603
@/home/ec2-user/data/topics/1662
体
支持
材料
化
層
感光
光
ハロゲン
銀
カラー
含有
性
前記
該
以上
画像
ポリマー
シート
使用
量
方法
物
形成
中
一般
側
イエロー
重合
接着
両面
方向
用
素子
剤
現像
厚
処理
光学
マゼンタ
それぞれ
化合
値
信号
硬化
複数
上記
照射
所定
式
還元
露光
膜
変換
間
シアン
階
色
表面
受像
成分
とき
温度
調
写真
金属
直線
疎水
領域
対向
対
プリズム
乳剤
いずれ
尽
サイズ
チオシアン
ＳＯ
メタンチオスルフォン
緑
エポキシ
発生
面積
アリール
発光
赤
単位
ガラス
色相
カプセル
光熱
強化
状態
変更
溶剤
脂肪酸
ｐＨ
高級
角度
角
調度
紙
蛍光
酸素
輝
光源
出力
状
連結
変化
チン
組成
解像度
検出
組合せ
放射線
冷水
原紙
アミ
テロ
発色
試料
入射
アラルキル
極小
時
加熱
液
満足
有機
径
シアンカプラー
樹脂
レーザー
チオ
ブラック
微分
整数
種々
重量
アルキル
多数
熱転写
親水
濃度
接触
硫酸
実質
リットル
配
一つ
指定
界面
塩
ヘッド
強度
アル
ポリオ
向き
工程
画素
力
キレ
酸
転写
集束
下記
熱
アリーレン
抽出
架橋
青
透過
硬調
設
記録
並
窒素
水素
以下
種類
アラルキレン
パネル
受光
比
系
基
ガス
塗布
レ
条件
演算
マイクロ
プリント
ン
所望
カオ
同一
ビーム
アルケニル
印画
各々
主薬
像
粒子
環
転移
黒
感性
時間
平均
ド
多色
均一
ネガ
置換
順序
集
特定
モル
皮膜
それら
被覆
電
澱粉
有
カチオン
原子
アルキルケテンダイマー
フィン
反射
31.7272727273
31.7272727273
1.0
京セラ株式会社

@/home/ec2-user/data/topics/3593
@/home/ec2-user/data/topics/3869
@/home/ec2-user/data/topics/3615
@/home/ec2-user/data/topics/4901
@/home/ec2-user/data/topics/4513
@/home/ec2-user/data/topics/3741
@/home/ec2-user/data/topics/4031
@/home/ec2-user/data/topics/1708
@/home/ec2-user/data/topics/1485
@/home/ec2-user/data/topics/1913
@/home/ec2-user/data/topics/1741
@/home/ec2-user/data/topics/4340
前記
体
基板
層
複数
装置
形成
状
量
含有
値
用
間
以下
以上
表面
金属
部
結
磁気
メモリ
膜
導
ヘッド
局
電気
移動
ユニット
剤
回路
方
封
性
絶縁
積層
上面
感光
突出
介在
誘電
物
基体
器
光
固有
固定
配線
通信
画像
接続
未満
制御
外
導体
電
対
転写
接合
呈
リカ
状態
付属
自営
平均
いずれ
尺
炭化
経由
二色
液晶
のみ
鉄
ホスト
方向
タングステン
蓋
再生
持
樋
密度
チャック
着
珪素
具備
シ
電極
ゲスト
残留
透明
波路
トナー
本体
通知
モリブデン
抵抗
筒
両端
減算
検出
基地
システム
担
アルミニウム
容器
フィラー
アルキル
融
成分
使用
アモルファス
処理
異
垂直
光学
動作
基
一つ
貴金属
周辺
他方
一種
薄膜
クラッド
子
ファイバ
一部
部内
域
チタン
セラミック
多層
計数
加算
時
クリーニングブレード
成
後
カウンタ
部位
配列
有機
径
延伸
焼
記載
合計
添
回線
管理
表層
下部
交換
超過
色素
機
送受信
重量
ニオブ
新品
相手
凹
タスク
上記
方法
信号
ビス
ビジ
度
保持
系
ケース
際
事項
極性
可能
印加
相対
印字
測定
位置
一括
所定
カイラル
画素
送信
埋設
四角形
螺旋
除去
該
置
網
ブロック
設定
粉
電話機
率
表示
直接
静
帯電
これ
接着
記憶
一方
部材
母
収容
枚数
面
接
解除
角
無機物
アルミナ
２つ
ファイバカプラ
露出
算術
力
化
吸着
公衆
ガラス
同士
電位
添加
配向
ＣＰＵ
電波
材料
像
最大
絶対
水酸基
作用
占有
遊離
窒
サ
事
質
電圧
タンタル
体積
負
クロム
解放
導出
材
機能
部品
均一
接地
電話
カーボン
電子
酸化
一斉
中央
配置
収納
タ
止
温度
接触
マトリックス
情報
粒
粗
有
30.0
30.0
1.0
株式会社東芝

@/home/ec2-user/data/topics/3948
@/home/ec2-user/data/topics/4302
@/home/ec2-user/data/topics/3716
@/home/ec2-user/data/topics/4361
@/home/ec2-user/data/topics/1205
@/home/ec2-user/data/topics/4089
@/home/ec2-user/data/topics/4183
@/home/ec2-user/data/topics/3598
@/home/ec2-user/data/topics/4140
@/home/ec2-user/data/topics/4631
@/home/ec2-user/data/topics/4172
@/home/ec2-user/data/topics/3734
@/home/ec2-user/data/topics/3732
@/home/ec2-user/data/topics/4009
@/home/ec2-user/data/topics/4165
@/home/ec2-user/data/topics/3380
@/home/ec2-user/data/topics/3795
@/home/ec2-user/data/topics/4535
@/home/ec2-user/data/topics/3462
@/home/ec2-user/data/topics/3360
@/home/ec2-user/data/topics/1819
@/home/ec2-user/data/topics/1585
@/home/ec2-user/data/topics/3618
@/home/ec2-user/data/topics/4594
@/home/ec2-user/data/topics/3851
@/home/ec2-user/data/topics/1757
@/home/ec2-user/data/topics/4863
@/home/ec2-user/data/topics/3890
@/home/ec2-user/data/topics/2241
@/home/ec2-user/data/topics/4842
@/home/ec2-user/data/topics/3990
@/home/ec2-user/data/topics/3834
@/home/ec2-user/data/topics/1756
@/home/ec2-user/data/topics/1090
@/home/ec2-user/data/topics/4096
@/home/ec2-user/data/topics/4336
@/home/ec2-user/data/topics/4197
@/home/ec2-user/data/topics/3780
@/home/ec2-user/data/topics/1332
@/home/ec2-user/data/topics/4623
@/home/ec2-user/data/topics/3351
@/home/ec2-user/data/topics/4566
@/home/ec2-user/data/topics/3352
@/home/ec2-user/data/topics/4509
@/home/ec2-user/data/topics/4935
@/home/ec2-user/data/topics/4057
@/home/ec2-user/data/topics/3689
@/home/ec2-user/data/topics/3688
@/home/ec2-user/data/topics/3881
@/home/ec2-user/data/topics/1997
@/home/ec2-user/data/topics/3542
@/home/ec2-user/data/topics/3683
@/home/ec2-user/data/topics/4751
@/home/ec2-user/data/topics/1132
@/home/ec2-user/data/topics/4912
@/home/ec2-user/data/topics/4755
@/home/ec2-user/data/topics/4292
@/home/ec2-user/data/topics/3363
@/home/ec2-user/data/topics/3988
@/home/ec2-user/data/topics/4881
@/home/ec2-user/data/topics/4381
前記
装置
具備
形成
半導体
データ
情報
複数
部
制御
側
間
接続
層
出力
システム
領域
方法
素子
基板
5.09836065574
25.1475409836
0.202737940026
ヤマハ株式会社

@/home/ec2-user/data/topics/4045
@/home/ec2-user/data/topics/4177
@/home/ec2-user/data/topics/4084
@/home/ec2-user/data/topics/4919
@/home/ec2-user/data/topics/4145
@/home/ec2-user/data/topics/4010
@/home/ec2-user/data/topics/1720
@/home/ec2-user/data/topics/3972
@/home/ec2-user/data/topics/1443
@/home/ec2-user/data/topics/4125
@/home/ec2-user/data/topics/1911
@/home/ec2-user/data/topics/1676
@/home/ec2-user/data/topics/4954
前記
装置
出力
信号
データ
複数
再生
制御
情報
所定
検出
選択
波形
該
生成
記憶
中
対応
具備
カラオケ
結果
曲
それぞれ
供給
記録
演奏
表示
入力
設定
用
いずれ
パルス
指定
発生
変更
決定
処理
光ディスク
楽音
文字
時間
時
値
格納
状態
演算
１つ
とき
操作
所望
歌詞
読
ディジタル
位置
音符
内外
作曲
デモンストレーション
領域
対向
楽曲
化
横
桟
要素
体
メモリ
線
イベント
ピーク
時刻
数値
隣接
両面
最新
係数
速度
ピッチ
新た
単位
ライト
シーケンス
進行
映像
中間
混合
ディスク
前回
詞
有無
状
サンプル
累算
ボーカル
当該
ロケート
規定
厚
添
所
デコード
裏面
オーディオ
単一
楽器
子
今回
防音
存在
モード
シフト
量
品詞
夫
予測
辞典
付与
言葉
ＣＤ
応答
音階
どれ
外部
算出
否
ノード
増減
キー
パネル
補強
移調
電子
マイクロホン
接触
定数
コーダ
方法
ミキシング
ネットワーク
骨
優先
受信
グラフ
目標
検索
スタンプ
相対
切替
自動的
矯正
照射
順位
パワー
送信
複数個
態様
スポット
組み合わせ
光
維持
データブロック
録音
枠
圧縮
設
周期
属性
毎
間
遊離
骨組み
以下
比率
薄
符号
一時
旨
縦
ベース
方形
短冊
うち
表面
ごと
板
指示
書き込み
レーザ
レベル
着
タイム
タイミング
近傍
タイマ
介
セレクタ
連続
作成
一致
作詞
条件
トラック
交互
ホールド
直前
ブロック
付加
対面
転送
マルチ
修正
伸長
これら
パケット
メロディ
それら
位相
音声
レ
以上
サイクル
ボトム
音節
各々
クロック
有
26.9230769231
26.9230769231
1.0
オムロン株式会社

@/home/ec2-user/data/topics/3597
@/home/ec2-user/data/topics/3748
@/home/ec2-user/data/topics/3594
@/home/ec2-user/data/topics/3863
@/home/ec2-user/data/topics/1841
@/home/ec2-user/data/topics/1151
@/home/ec2-user/data/topics/1135
@/home/ec2-user/data/topics/1933
@/home/ec2-user/data/topics/1579
@/home/ec2-user/data/topics/2096
@/home/ec2-user/data/topics/1533
@/home/ec2-user/data/topics/1067
@/home/ec2-user/data/topics/4771
@/home/ec2-user/data/topics/3700
@/home/ec2-user/data/topics/1657
装置
前記
上記
とき
入力
情報
側
処理
機
位置
複数
表示
該
光
間
設定
制御
部
通信
データ
液晶
監視
速度
操作
層
具備
入射
システム
所定
判断
取得
基板
時
性
値
管理
外部
算出
否
対象
可能
構造
型
面
比較
端末
画像
表面
電流
内部
時間
判定
反射
バンド
受付
確認
近接
平面
ギャップ
入出
しき
接続
設備
封
時刻
発生
到達
器
現在
カウント
前
ＩＤ
発光
電極
逆転
製
注入
八角
透明
地点
取引
接点
部材
確立
送受
吸収
局
センサ
素子
状
駆動
保留
等
データベース
ライン
搬入
照合
コントローラ
平行
手
出力
親
報知
無線
運転
停止
動作
裏面
金
いずれ
活性
半導体
テナント
検知
薄膜
耐熱
形
子
体
収納
環境
有無
８つ
利用
セラミック
受渡し
それぞれ
端子
プログラマブル
一時
案内
樹脂
信号
差
印刷
回線
情報処理
散乱
もと
上面
ウィンド
記録
基準
額
指示
状態
方法
合計
受信
検索
弾性
携帯
光学
指令
搬出
パワー
圧力
通過
量
下面
送信
紙幣
保有
形成
固定
モータ
書
出射
車窓
上下
合成
媒体
撮影
抽出
被膜
取出し
透過
入金
毎
編集
調整
移動
角
出金
データ通信
パネル
平板
選択
対応
各位
系
被写体
シリコン
搬送
時点
剛性
着
本日
近傍
金口
連続
拡散
顧客
フォーマット
ディフューザ
指
下
機能
現金
側面
スイッチ
ベ
明細
ビット
支持
固有
配置
記入
金額
許容
口
20.7333333333
20.7333333333
1.0
株式会社日立製作所

@/home/ec2-user/data/topics/3772
@/home/ec2-user/data/topics/2081
@/home/ec2-user/data/topics/3822
@/home/ec2-user/data/topics/1340
@/home/ec2-user/data/topics/3599
@/home/ec2-user/data/topics/1296
@/home/ec2-user/data/topics/5030
@/home/ec2-user/data/topics/4401
@/home/ec2-user/data/topics/3531
@/home/ec2-user/data/topics/1487
@/home/ec2-user/data/topics/3659
@/home/ec2-user/data/topics/4559
@/home/ec2-user/data/topics/3665
@/home/ec2-user/data/topics/1082
@/home/ec2-user/data/topics/1987
@/home/ec2-user/data/topics/3384
@/home/ec2-user/data/topics/4040
@/home/ec2-user/data/topics/3471
@/home/ec2-user/data/topics/4943
@/home/ec2-user/data/topics/4122
@/home/ec2-user/data/topics/3432
@/home/ec2-user/data/topics/1105
@/home/ec2-user/data/topics/1072
@/home/ec2-user/data/topics/3570
@/home/ec2-user/data/topics/5029
@/home/ec2-user/data/topics/3973
@/home/ec2-user/data/topics/1501
@/home/ec2-user/data/topics/3596
@/home/ec2-user/data/topics/1693
@/home/ec2-user/data/topics/2019
@/home/ec2-user/data/topics/1562
@/home/ec2-user/data/topics/3994
@/home/ec2-user/data/topics/3993
@/home/ec2-user/data/topics/3779
@/home/ec2-user/data/topics/3691
@/home/ec2-user/data/topics/1278
@/home/ec2-user/data/topics/3488
@/home/ec2-user/data/topics/4990
@/home/ec2-user/data/topics/3439
@/home/ec2-user/data/topics/3588
@/home/ec2-user/data/topics/1334
@/home/ec2-user/data/topics/3706
@/home/ec2-user/data/topics/4493
@/home/ec2-user/data/topics/4166
@/home/ec2-user/data/topics/1249
@/home/ec2-user/data/topics/3524
@/home/ec2-user/data/topics/3350
@/home/ec2-user/data/topics/3648
@/home/ec2-user/data/topics/4545
@/home/ec2-user/data/topics/1882
@/home/ec2-user/data/topics/4547
@/home/ec2-user/data/topics/1880
@/home/ec2-user/data/topics/2239
@/home/ec2-user/data/topics/1651
@/home/ec2-user/data/topics/1640
@/home/ec2-user/data/topics/3461
@/home/ec2-user/data/topics/4621
@/home/ec2-user/data/topics/1825
@/home/ec2-user/data/topics/4551
@/home/ec2-user/data/topics/4420
@/home/ec2-user/data/topics/1826
@/home/ec2-user/data/topics/3440
@/home/ec2-user/data/topics/4402
@/home/ec2-user/data/topics/4058
@/home/ec2-user/data/topics/2184
@/home/ec2-user/data/topics/3965
@/home/ec2-user/data/topics/1833
@/home/ec2-user/data/topics/1463
@/home/ec2-user/data/topics/1247
@/home/ec2-user/data/topics/4830
@/home/ec2-user/data/topics/1667
@/home/ec2-user/data/topics/4489
@/home/ec2-user/data/topics/3968
@/home/ec2-user/data/topics/4799
前記
装置
該
制御
検出
接続
複数
方法
データ
部
情報
システム
信号
値
出力
以上
処理
間
表示
所定
領域
5.56756756757
30.2162162162
0.184257602862
シャープ株式会社

@/home/ec2-user/data/topics/3610
@/home/ec2-user/data/topics/1349
@/home/ec2-user/data/topics/3777
@/home/ec2-user/data/topics/4263
@/home/ec2-user/data/topics/1209
@/home/ec2-user/data/topics/4349
@/home/ec2-user/data/topics/3813
@/home/ec2-user/data/topics/3941
@/home/ec2-user/data/topics/4323
@/home/ec2-user/data/topics/4245
@/home/ec2-user/data/topics/2087
@/home/ec2-user/data/topics/3452
@/home/ec2-user/data/topics/3978
@/home/ec2-user/data/topics/3678
@/home/ec2-user/data/topics/3679
@/home/ec2-user/data/topics/4105
@/home/ec2-user/data/topics/4430
@/home/ec2-user/data/topics/3537
@/home/ec2-user/data/topics/1840
@/home/ec2-user/data/topics/3673
@/home/ec2-user/data/topics/4124
@/home/ec2-user/data/topics/4782
@/home/ec2-user/data/topics/3776
@/home/ec2-user/data/topics/3698
@/home/ec2-user/data/topics/3450
@/home/ec2-user/data/topics/4519
@/home/ec2-user/data/topics/3832
@/home/ec2-user/data/topics/1965
@/home/ec2-user/data/topics/4173
@/home/ec2-user/data/topics/4127
@/home/ec2-user/data/topics/4005
@/home/ec2-user/data/topics/3793
@/home/ec2-user/data/topics/4744
@/home/ec2-user/data/topics/2118
@/home/ec2-user/data/topics/3855
@/home/ec2-user/data/topics/1154
@/home/ec2-user/data/topics/1561
@/home/ec2-user/data/topics/4861
@/home/ec2-user/data/topics/1258
@/home/ec2-user/data/topics/3895
@/home/ec2-user/data/topics/3760
@/home/ec2-user/data/topics/4214
@/home/ec2-user/data/topics/3762
@/home/ec2-user/data/topics/1174
@/home/ec2-user/data/topics/3606
@/home/ec2-user/data/topics/4095
@/home/ec2-user/data/topics/3871
@/home/ec2-user/data/topics/4252
@/home/ec2-user/data/topics/3957
@/home/ec2-user/data/topics/4019
@/home/ec2-user/data/topics/1318
@/home/ec2-user/data/topics/4717
@/home/ec2-user/data/topics/4113
@/home/ec2-user/data/topics/3649
@/home/ec2-user/data/topics/4469
@/home/ec2-user/data/topics/4256
@/home/ec2-user/data/topics/4230
@/home/ec2-user/data/topics/4152
@/home/ec2-user/data/topics/1563
@/home/ec2-user/data/topics/4648
@/home/ec2-user/data/topics/1804
@/home/ec2-user/data/topics/4683
@/home/ec2-user/data/topics/1431
@/home/ec2-user/data/topics/1396
@/home/ec2-user/data/topics/4103
@/home/ec2-user/data/topics/4516
@/home/ec2-user/data/topics/1288
@/home/ec2-user/data/topics/2084
@/home/ec2-user/data/topics/1970
@/home/ec2-user/data/topics/3966
@/home/ec2-user/data/topics/1419
@/home/ec2-user/data/topics/2020
@/home/ec2-user/data/topics/1685
@/home/ec2-user/data/topics/3858
@/home/ec2-user/data/topics/3422
@/home/ec2-user/data/topics/1384
@/home/ec2-user/data/topics/4228
@/home/ec2-user/data/topics/4691
@/home/ec2-user/data/topics/3578
@/home/ec2-user/data/topics/3981
@/home/ec2-user/data/topics/4583
装置
前記
該
部
制御
形成
複数
間
画像
上記
信号
表示
入力
基板
情報
電極
データ
4.61728395062
26.049382716
0.177251184834
東京エレクトロン株式会社

@/home/ec2-user/data/topics/4053
@/home/ec2-user/data/topics/4702
@/home/ec2-user/data/topics/1800
@/home/ec2-user/data/topics/1263
@/home/ec2-user/data/topics/4002
@/home/ec2-user/data/topics/3947
@/home/ec2-user/data/topics/1736
@/home/ec2-user/data/topics/4618
@/home/ec2-user/data/topics/4023
@/home/ec2-user/data/topics/1508
@/home/ec2-user/data/topics/4906
@/home/ec2-user/data/topics/4345
処理
装置
間
前記
体
基板
搬送
部
具備
可能
上記
形成
機構
複数
所定
液
受け渡し
容器
搬入
塗布
供給
方法
位置
部材
ガス
制御
移動
状態
真空
システム
状
それぞれ
駆動
支持
路
加熱
部内
性
室
連
工程
配
保持
ユニット
排気
膜
設
設定
表面
電
温度
減圧
側
昇
要求
近接
解析
再開
対向
レジスト
テーブル
データ
周縁
要素
バンプ
関係
プレート
付設
反応
導
圧し
ホスト
貯留
プローブ
前
温
電極
フロー
属性
パタ
マス
位置決め
押
マトリックス
連結
等
フレーム
系
規定
検知
親
熱処理
前後
種類
停止
動作
活性
他
レジストパタ
冷却
子
収納
部位
低下
直前
ポインタ
室内
当該
後
パターン
現像
上方
損失
記載
通
予備
シングル
外部
交換
格納
台
上面
硬化
遮断
親水
濃度
出
介在
着脱
アーム
対象
コンタクタ
コントローラ
電気
弾性
特性
エリア
如く
導入
端子
搬出
アイテム
計測
圧力
構造
大気
通過
係
下面
基体
流量
該
ホット
親子
置
管状
下
維持
露光
マスク
熱
１つ
これ
記憶
溶媒
中央
路上
蒸気
面
オリフィス
周辺
センサー
リスト
定期
漬
主
際
投入
コンピュータ
実行
洗浄
済み
プログラム
時期
検査
該当
昇降
ン
所望
作成
電流
止
解釈
時間
アドレス
回数
とき
これら
機能
対
度
配置
一対
周囲
メンバー
27.6666666667
27.6666666667
1.0
株式会社村田製作所

@/home/ec2-user/data/topics/3885
@/home/ec2-user/data/topics/4271
@/home/ec2-user/data/topics/3482
@/home/ec2-user/data/topics/4163
@/home/ec2-user/data/topics/2229
@/home/ec2-user/data/topics/4042
@/home/ec2-user/data/topics/1411
@/home/ec2-user/data/topics/4417
@/home/ec2-user/data/topics/4070
@/home/ec2-user/data/topics/4432
@/home/ec2-user/data/topics/4325
@/home/ec2-user/data/topics/3435
@/home/ec2-user/data/topics/3697
@/home/ec2-user/data/topics/4378
@/home/ec2-user/data/topics/1374
@/home/ec2-user/data/topics/4795
@/home/ec2-user/data/topics/4703
前記
表面
電極
素子
体
形成
該
接続
側
検出
装置
型
部
電
方向
回路
基板
信号
上記
誘電
間
コイル
部品
共振
用
周波数
複数
圧
フィルタ
性
位置
結合
方法
配
導
端子
印加
設
アンテナ
以下
設定
具備
導体
通過
振動
配置
貫通
製造
別
一方
本体
センサ
状
駆動
接触
減衰
動作
含有
子
一部
セラミック
それぞれ
外部
材料
基準
一つ
弾性
給電
構造
工程
基体
帯域
１つ
固定
中
容量
デュプレクサ
直列
ジャイロ
波
電圧
材
搭載
結
導通
制御
内部
中心
磁性
電子
挿入
実装
一般
直線
接合
変調
領域
厚み
テーブル
取付
パルス
線
付き
隣接
シールド
発生
後段
主成分
湿式
器
換算
一致
間隔
電流
部分
モード
研磨
不透明
混合
元素
三角波
スルー
反対
線路
剪
抵抗
両端
うち
溝
電源
治
一対
略
幅
変化
剤
ホール
係
含浸
出力
熱処理
決定
波形
裏面
ノイズ
直流
薄膜
バインダー
孔
抑制
処理
域
分布
添加
分岐
量
起因
後
平滑
パターン
部位
合
極
巻
電界
焼
供給
断
比較
誘導
基本
搬送
コリオリ
重量
硬化
成形
トランス
定数
ワーク
引出し
受信
ケース
送信
物
相対
特定
エッジワイズ
とき
所定
下面
インダクダンス
力
延
除去
巻き
酸化
角速度
充填
共通
整流
式
フェライト
反転
口
直接
熱
箇所
板
接着
入力
交流
グランド
収容
スイッチング
調整
面
移動
上側
焼成
角
具
２つ
平板
加速度
切削
近隣
回転
置
軸
緩衝
両方
塗布
高周波
ペースト
近傍
複
金属
作用
放射
成分
焼物
下
粉砕
他方
主要
終端
二つ
部材
これら
爪
位相
コンデンサ
並列
凹
側面
許容
ブリッジ
率
有
26.5294117647
26.5294117647
1.0
日本電信電話株式会社

@/home/ec2-user/data/topics/3824
@/home/ec2-user/data/topics/3927
@/home/ec2-user/data/topics/4087
@/home/ec2-user/data/topics/3928
@/home/ec2-user/data/topics/1934
@/home/ec2-user/data/topics/1042
@/home/ec2-user/data/topics/1229
@/home/ec2-user/data/topics/1787
@/home/ec2-user/data/topics/3641
@/home/ec2-user/data/topics/4208
@/home/ec2-user/data/topics/4025
@/home/ec2-user/data/topics/4104
@/home/ec2-user/data/topics/3536
@/home/ec2-user/data/topics/3650
@/home/ec2-user/data/topics/3552
@/home/ec2-user/data/topics/2130
@/home/ec2-user/data/topics/1809
@/home/ec2-user/data/topics/4121
@/home/ec2-user/data/topics/4146
@/home/ec2-user/data/topics/1408
@/home/ec2-user/data/topics/4792
@/home/ec2-user/data/topics/4965
@/home/ec2-user/data/topics/2017
@/home/ec2-user/data/topics/4964
@/home/ec2-user/data/topics/3894
@/home/ec2-user/data/topics/4865
@/home/ec2-user/data/topics/3915
@/home/ec2-user/data/topics/3811
@/home/ec2-user/data/topics/1230
@/home/ec2-user/data/topics/3586
@/home/ec2-user/data/topics/3509
@/home/ec2-user/data/topics/4335
@/home/ec2-user/data/topics/4511
@/home/ec2-user/data/topics/4505
@/home/ec2-user/data/topics/4114
@/home/ec2-user/data/topics/4443
@/home/ec2-user/data/topics/3521
@/home/ec2-user/data/topics/3359
@/home/ec2-user/data/topics/4232
@/home/ec2-user/data/topics/4118
@/home/ec2-user/data/topics/4870
@/home/ec2-user/data/topics/3544
@/home/ec2-user/data/topics/4175
@/home/ec2-user/data/topics/4925
@/home/ec2-user/data/topics/1556
@/home/ec2-user/data/topics/4916
@/home/ec2-user/data/topics/4131
@/home/ec2-user/data/topics/3568
@/home/ec2-user/data/topics/3785
@/home/ec2-user/data/topics/3425
@/home/ec2-user/data/topics/4836
@/home/ec2-user/data/topics/4664
@/home/ec2-user/data/topics/4560
@/home/ec2-user/data/topics/4115
@/home/ec2-user/data/topics/4952
@/home/ec2-user/data/topics/4488
前記
装置
接続
方法
複数
信号
該
入力
情報
通信
光
システム
間
制御
データ
4.55357142857
29.6071428571
0.153799758745
株式会社ケンウッド

@/home/ec2-user/data/topics/3878
@/home/ec2-user/data/topics/4167
@/home/ec2-user/data/topics/3463
@/home/ec2-user/data/topics/1424
@/home/ec2-user/data/topics/4050
@/home/ec2-user/data/topics/1186
@/home/ec2-user/data/topics/1617
@/home/ec2-user/data/topics/3801
@/home/ec2-user/data/topics/3839
@/home/ec2-user/data/topics/1345
@/home/ec2-user/data/topics/1241
@/home/ec2-user/data/topics/2036
@/home/ec2-user/data/topics/1115
@/home/ec2-user/data/topics/1698
@/home/ec2-user/data/topics/3977
@/home/ec2-user/data/topics/4038
@/home/ec2-user/data/topics/3794
@/home/ec2-user/data/topics/4467
@/home/ec2-user/data/topics/1896
@/home/ec2-user/data/topics/2163
@/home/ec2-user/data/topics/3969
前記
装置
用
受信
表示
車載
データ
地図
所定
情報
制御
道路
出力
信号
位置
記憶
動作
ナビゲーション
検出
選択
画面
処理
対応
設定
移動
とき
通信
化
体
出発
方向
現在
呼
駆動
目的
内容
時
機
記録
可能
媒体
経路
該
電話
入力
機能
読み出し
端末
画像
接続
部
車
地
描画
領域
近く
ディスク
車両
音声
番組
別
起動
間欠
電子
通知
点
周波数
局
システム
ピックアップ
データベース
放送
無線
自動
再生
側
トラック
判別
具備
状態
外部
計算
発
方法
フォーカス
複数
前方
キー
送信
切り換え
走行
光
交通
間
一部
中
一時
主
参照
推奨
発信
探索
バンド
15.9047619048
25.4285714286
0.625468164794
本田技研工業株式会社

@/home/ec2-user/data/topics/4888
@/home/ec2-user/data/topics/1143
@/home/ec2-user/data/topics/1215
@/home/ec2-user/data/topics/1605
@/home/ec2-user/data/topics/4132
@/home/ec2-user/data/topics/4199
@/home/ec2-user/data/topics/1818
@/home/ec2-user/data/topics/1266
@/home/ec2-user/data/topics/3685
@/home/ec2-user/data/topics/1822
@/home/ec2-user/data/topics/5026
@/home/ec2-user/data/topics/4033
@/home/ec2-user/data/topics/1444
@/home/ec2-user/data/topics/1226
@/home/ec2-user/data/topics/2000
@/home/ec2-user/data/topics/4331
@/home/ec2-user/data/topics/2016
@/home/ec2-user/data/topics/4783
@/home/ec2-user/data/topics/4375
前記
制御
装置
検出
駆動
車両
エンジン
力
該
運転
モータ
時
所定
とき
値
出力
ハイブリッド
供給
燃料
機
停止
回転
走行
用
発生
量
式
作動
算出
状態
可能
作用
方向
センサ
決定
結果
信号
演算
補助
うち
部
一部
バッテリ
アシスト
速度
複数
設定
条件
対向
12.8421052632
30.7368421053
0.417808219178
松下電工株式会社

@/home/ec2-user/data/topics/4083
@/home/ec2-user/data/topics/3778
@/home/ec2-user/data/topics/4450
@/home/ec2-user/data/topics/4347
@/home/ec2-user/data/topics/3670
@/home/ec2-user/data/topics/3651
@/home/ec2-user/data/topics/4029
@/home/ec2-user/data/topics/3511
@/home/ec2-user/data/topics/4317
@/home/ec2-user/data/topics/4592
@/home/ec2-user/data/topics/1251
@/home/ec2-user/data/topics/1011
@/home/ec2-user/data/topics/3835
@/home/ec2-user/data/topics/1311
@/home/ec2-user/data/topics/4094
@/home/ec2-user/data/topics/3932
@/home/ec2-user/data/topics/2045
@/home/ec2-user/data/topics/1803
@/home/ec2-user/data/topics/3379
@/home/ec2-user/data/topics/3565
@/home/ec2-user/data/topics/4012
@/home/ec2-user/data/topics/3549
形成
用
複数
接続
装置
板
材
部
前記
配置
樹脂
器
上記
金属
成形
開口
充填
配線
硬化
制御
基
内部
エポキシ
半導体
箔
方法
該
表示
端
パターン
所定
信号
線
設
回転
剤
処理
物
蓋
層
状
駆動
上面
表面
要素
電源
回路
それぞれ
機器
凹
データ
設計
弾性
前後
画面
位置
防災
積層
ごみ
作用
作成
分解
点灯
電力
情報
側
製造
具備
素子
出力
選択
冷却
回線
口
対象
下面
その後
直接
膜
型
スイッチング
以下
電圧
床
組み合わせ
自在
間
組成
直流
含有
性
通
供給
延
塗布
一致
接合
状態
チップ
等
槽
形状
格納
片面
ランプ
接着
記憶
投入
力
高周波
とき
これら
段階
密閉
対向
設備
建築
関係
プレート
微生物
導入
警報
共用
火災
リセット
周波数
ワイヤレス
内面
ＤＦ
ＤＣ
ボディ
扉
使用
実行
所
ボックス
箱
主要
必須
センタリング
加熱
封
設置
レンツ
木質
精度
実
音
機
出
介在
次
骨格
停止
コンセント
可能
切替
表現
ビフェニル
電話
内層
枢
変換
一端
ロー
冷媒
枚数
ターゲット
ボンディング
端末
ポリイミド
軸
鏡面
乾燥
ファン
向上
データベース
動
時間
矩形
一体
雌
回数
程度
電
ドア
自動
一定
突出
生
施工
貫通
補正
基部
利用
体
画
方向
操作
着
部分
全面
製
支援
呼出
センサ
検出
判断
変化
誘導
運転
センサー
液状
内容
必要
多層
におい
促進
移動
ドライブ
上方
台
混入
化
構造
ブラウザ
一対
ＡＤ
スラブ
受信
生息
スライス
先
光
下記
これ
付着
一方
毎
被覆
調整
面
中
補助
具
成型
パネル
塗
塗装
区域
品
置
感知
法
温度
発信
ホン
成分
ＰＰ
コア
積載
建物
底
フレーム
輪郭
作図
寸法
化粧
コンデンサ
率
取り出し
不備
ワイヤ
送出
一部
直線
ヒンジ
拌
縁
付き
シート
両面
導
グループ
整流
ガラス
近接
加工
不具合
消灯
空間
基板
プラグ
薄板
始動
並列
前面
略
連動
はんだ
開始
燃
内蔵
収納
作業
マグネット
時
判別
後
平滑
合
無機
サーバ
インナー
下部
連
材料
重量
電子
所要
配
片
一つ
シリコーン
地上
端子
開閉
印加
圧力
触媒
リード
外面
ツール
電話機
軸受け
ピーク
ボール
固定
交流
白金
共同
ボード
画像
オーバー
負荷
露出
ディスプレイ
他方
合板
ＧＰ
シンボル
所望
連続
放電
断面
組
回
ベクトル
不揮発
屈曲
応力
電流
意見
水平
台座
メモリ
パルス
発生
圧し
全て
法規
コラボレーション
提供
電極
フロー
送受
装填
容器
交換
座標
種類
動作
段
システム
残
子
孔
開放
ＣＲ
左右
管理
外部
極性
接点
灯
電気
前方
四辺
支
攪
電線
照射
密着
経過
式
入力
羽根
造形
編集
薄
段差
配合
両者
同士
インターネット
プラン
全域
コイル
突
プリント
サイクル
ビーム
加
協調
化合
圧
止
警戒
機能
判定
床上
床下
周囲
三次元
コンタクト
簡易
プリプレグ
29.4090909091
29.4090909091
1.0
usernum: 39
hit: 658
total: 1308
hit/total: 0.503058103976

2017-01-17 20:42:10.429356
